{"type":"operationStart","subtype":"profile","data":{"_id":"eUJ3ylS0DnVKkYGw","timestamp":"2023-12-04T08:27:09.348Z","state":"queued","mode":"standard","creationDate":"2023-12-04T08:27:09.351Z","modificationDate":"2023-12-04T08:27:09.351Z","shortid":"zD0H7LY","$entitySet":"profiles"},"doDiffs":false,"timestamp":1701678429349,"id":"xyuwo3dyvpuxw5t","previousOperationId":null,"operationId":"nrr936006bcq298"}
{"type":"log","level":"info","message":"Render request 4 queued for execution and waiting for available worker","previousOperationId":"nrr936006bcq298","timestamp":1701678429351,"id":"doiq7hrwp8uue63"}
{"type":"operationStart","subtype":"render","name":"pp_index","previousOperationId":"nrr936006bcq298","timestamp":1701678429358,"id":"qmvno5m0jumcyp4","previousEventId":"xyuwo3dyvpuxw5t","operationId":"t60xnf3a35xmjtw"}
{"type":"log","timestamp":1701678429359,"level":"info","message":"Starting rendering request 4","meta":{"rootId":"09okihw3jxuq9mm","id":"09okihw3jxuq9mm"},"id":"kcy2125mw8u2jh8","previousOperationId":"t60xnf3a35xmjtw"}
{"type":"log","timestamp":1701678429359,"level":"info","message":"Rendering template { name: pp_index, recipe: chrome-pdf, engine: handlebars, preview: true }","meta":{"rootId":"09okihw3jxuq9mm","id":"09okihw3jxuq9mm"},"id":"12zr6lkd6r2ex1r","previousOperationId":"t60xnf3a35xmjtw"}
{"type":"log","timestamp":1701678429362,"level":"debug","message":"Adding sample data PH9LTzd4s","meta":{"rootId":"09okihw3jxuq9mm","id":"09okihw3jxuq9mm"},"id":"a65r1hsjzazx367","previousOperationId":"t60xnf3a35xmjtw"}
{"type":"log","timestamp":1701678429367,"level":"debug","message":"Base url not specified, skipping its injection.","meta":{"rootId":"09okihw3jxuq9mm","id":"09okihw3jxuq9mm"},"id":"4iwta2cmnkdl2k0","previousOperationId":"t60xnf3a35xmjtw"}
{"type":"operationStart","subtype":"engine","name":"handlebars","timestamp":1701678429368,"id":"85yelb2aa78d7s4","previousEventId":"qmvno5m0jumcyp4","operationId":"dcndh3xnxt8ekzs","previousOperationId":"t60xnf3a35xmjtw"}
{"type":"log","timestamp":1701678429368,"level":"debug","message":"Rendering engine handlebars","meta":{"rootId":"09okihw3jxuq9mm","id":"09okihw3jxuq9mm"},"id":"pieqx291k6qkl4u","previousOperationId":"dcndh3xnxt8ekzs"}
{"type":"operationEnd","operationId":"dcndh3xnxt8ekzs","timestamp":1701678429395,"id":"po0mwuuak94lzun","previousEventId":"85yelb2aa78d7s4","previousOperationId":"dcndh3xnxt8ekzs"}
{"type":"operationStart","subtype":"recipe","name":"chrome-pdf","timestamp":1701678429396,"id":"qn4cv8mzk7u81o0","previousEventId":"po0mwuuak94lzun","operationId":"rkkoygdvoz365ui","previousOperationId":"dcndh3xnxt8ekzs"}
{"type":"log","timestamp":1701678429397,"level":"debug","message":"Executing recipe chrome-pdf","meta":{"rootId":"09okihw3jxuq9mm","id":"09okihw3jxuq9mm"},"id":"h60kqj1kzvar09r","previousOperationId":"rkkoygdvoz365ui"}
{"type":"log","timestamp":1701678429398,"level":"debug","message":"Converting with chrome HeadlessChrome/117.0.5938.149 using chrome-pool strategy","meta":{"rootId":"09okihw3jxuq9mm","id":"09okihw3jxuq9mm"},"id":"9g83vcvsb77jqz2","previousOperationId":"rkkoygdvoz365ui"}
{"type":"log","timestamp":1701678429448,"level":"debug","message":"Page request: GET (document) file:///var/folders/dp/qk79pfcj0y1fmtkkl08m76rc0000gn/T/jsreport/autocleanup/909ada1c-7c1b-41b5-872d-c9a27c353e34-chrome-pdf.html","meta":{"rootId":"09okihw3jxuq9mm","id":"09okihw3jxuq9mm"},"id":"lxy7hfngqbd0xs1","previousOperationId":"rkkoygdvoz365ui"}
{"type":"log","timestamp":1701678429453,"level":"debug","message":"Page request finished: GET (document) 200 file:///var/folders/dp/qk79pfcj0y1fmtkkl08m76rc0000gn/T/jsreport/autocleanup/909ada1c-7c1b-41b5-872d-c9a27c353e34-chrome-pdf.html","meta":{"rootId":"09okihw3jxuq9mm","id":"09okihw3jxuq9mm"},"id":"dh18xslbay1y98f","previousOperationId":"rkkoygdvoz365ui"}
{"type":"log","timestamp":1701678429462,"level":"debug","message":"Running chrome with params {\"printBackground\":true,\"timeout\":59950,\"margin\":{}}","meta":{"rootId":"09okihw3jxuq9mm","id":"09okihw3jxuq9mm"},"id":"bxrxzin0c4zasog","previousOperationId":"rkkoygdvoz365ui"}
{"type":"operationEnd","operationId":"rkkoygdvoz365ui","timestamp":1701678429479,"id":"s2baofl2b8mwayi","previousEventId":"qn4cv8mzk7u81o0","previousOperationId":"rkkoygdvoz365ui"}
{"type":"log","timestamp":1701678429479,"level":"debug","message":"Skipping storing report.","meta":{"rootId":"09okihw3jxuq9mm","id":"09okihw3jxuq9mm"},"id":"n6r4pjbyxyw4box","previousOperationId":"rkkoygdvoz365ui"}
{"type":"log","timestamp":1701678429479,"level":"info","message":"Rendering request 4 finished in 131 ms","meta":{"rootId":"09okihw3jxuq9mm","id":"09okihw3jxuq9mm"},"id":"u86b8jewyb669kg","previousOperationId":"rkkoygdvoz365ui"}
{"type":"operationEnd","subtype":"render","operationId":"t60xnf3a35xmjtw","timestamp":1701678429479,"id":"wran441gwhvkn87","previousEventId":"s2baofl2b8mwayi","previousOperationId":"rkkoygdvoz365ui"}
{"type":"operationEnd","doDiffs":false,"previousEventId":"xyuwo3dyvpuxw5t","previousOperationId":"nrr936006bcq298","operationId":"nrr936006bcq298","timestamp":1701678429480,"id":"mmvtg76qdh7ntsf"}
