{"type":"operationStart","subtype":"profile","data":{"_id":"jgYVFziIhGws2TwY","timestamp":"2023-12-04T12:53:55.028Z","state":"queued","mode":"standard","creationDate":"2023-12-04T12:53:55.029Z","modificationDate":"2023-12-04T12:53:55.029Z","shortid":"z0DTYBE","$entitySet":"profiles"},"doDiffs":false,"timestamp":1701694435028,"id":"3bxhc0704oooet6","previousOperationId":null,"operationId":"3gen9iiklt57f24"}
{"type":"log","level":"info","message":"Render request 17 queued for execution and waiting for available worker","previousOperationId":"3gen9iiklt57f24","timestamp":1701694435029,"id":"8acggsrpmdw3svp"}
{"type":"operationStart","subtype":"render","name":"pp_index","previousOperationId":"3gen9iiklt57f24","timestamp":1701694435036,"id":"tkvnom6el5qa0eh","previousEventId":"3bxhc0704oooet6","operationId":"kqebfo8o2s8lt7h"}
{"type":"log","timestamp":1701694435036,"level":"info","message":"Starting rendering request 17","meta":{"rootId":"12ch5tt3iahvbo5","id":"12ch5tt3iahvbo5"},"id":"wxnyfwb15ftsdpr","previousOperationId":"kqebfo8o2s8lt7h"}
{"type":"log","timestamp":1701694435036,"level":"info","message":"Rendering template { name: pp_index, recipe: chrome-pdf, engine: handlebars, preview: true }","meta":{"rootId":"12ch5tt3iahvbo5","id":"12ch5tt3iahvbo5"},"id":"np3qeattw9cpymu","previousOperationId":"kqebfo8o2s8lt7h"}
{"type":"log","timestamp":1701694435037,"level":"debug","message":"Adding sample data PH9LTzd4s","meta":{"rootId":"12ch5tt3iahvbo5","id":"12ch5tt3iahvbo5"},"id":"9tdoikx9l11wboj","previousOperationId":"kqebfo8o2s8lt7h"}
{"type":"log","timestamp":1701694435043,"level":"debug","message":"Base url not specified, skipping its injection.","meta":{"rootId":"12ch5tt3iahvbo5","id":"12ch5tt3iahvbo5"},"id":"tuwb0e8soyalk8d","previousOperationId":"kqebfo8o2s8lt7h"}
{"type":"log","timestamp":1701694435044,"level":"debug","message":"Replaced assets [\"styles.css\"]","meta":{"rootId":"12ch5tt3iahvbo5","id":"12ch5tt3iahvbo5"},"id":"ox9xlwuw1pv0yay","previousOperationId":"kqebfo8o2s8lt7h"}
{"type":"operationStart","subtype":"engine","name":"handlebars","timestamp":1701694435044,"id":"rzs9lckpe2h0bh5","previousEventId":"tkvnom6el5qa0eh","operationId":"knwf9tmx4l03z3l","previousOperationId":"kqebfo8o2s8lt7h"}
{"type":"log","timestamp":1701694435044,"level":"debug","message":"Rendering engine handlebars","meta":{"rootId":"12ch5tt3iahvbo5","id":"12ch5tt3iahvbo5"},"id":"areiygch2ftm0to","previousOperationId":"knwf9tmx4l03z3l"}
{"type":"operationEnd","operationId":"knwf9tmx4l03z3l","timestamp":1701694435059,"id":"47dwp723gz5wmf8","previousEventId":"rzs9lckpe2h0bh5","previousOperationId":"knwf9tmx4l03z3l"}
{"type":"operationStart","subtype":"recipe","name":"chrome-pdf","timestamp":1701694435059,"id":"0at4l0tx82ogg42","previousEventId":"47dwp723gz5wmf8","operationId":"jg2xqqaypn8bjy1","previousOperationId":"knwf9tmx4l03z3l"}
{"type":"log","timestamp":1701694435059,"level":"debug","message":"Executing recipe chrome-pdf","meta":{"rootId":"12ch5tt3iahvbo5","id":"12ch5tt3iahvbo5"},"id":"z1i0jwsahhpxiyf","previousOperationId":"jg2xqqaypn8bjy1"}
{"type":"log","timestamp":1701694435060,"level":"debug","message":"Converting with chrome HeadlessChrome/117.0.5938.149 using chrome-pool strategy","meta":{"rootId":"12ch5tt3iahvbo5","id":"12ch5tt3iahvbo5"},"id":"g2654hm51rhu5fe","previousOperationId":"jg2xqqaypn8bjy1"}
{"type":"log","timestamp":1701694435103,"level":"debug","message":"Page request: GET (document) file:///var/folders/dp/qk79pfcj0y1fmtkkl08m76rc0000gn/T/jsreport/autocleanup/1a91e4dc-9653-4f8e-9647-57f3777a5301-chrome-pdf.html","meta":{"rootId":"12ch5tt3iahvbo5","id":"12ch5tt3iahvbo5"},"id":"2oc804618uhcuz1","previousOperationId":"jg2xqqaypn8bjy1"}
{"type":"log","timestamp":1701694435109,"level":"debug","message":"Page request finished: GET (document) 200 file:///var/folders/dp/qk79pfcj0y1fmtkkl08m76rc0000gn/T/jsreport/autocleanup/1a91e4dc-9653-4f8e-9647-57f3777a5301-chrome-pdf.html","meta":{"rootId":"12ch5tt3iahvbo5","id":"12ch5tt3iahvbo5"},"id":"67nxumgqcdf6izl","previousOperationId":"jg2xqqaypn8bjy1"}
{"type":"log","timestamp":1701694435116,"level":"debug","message":"Running chrome with params {\"printBackground\":true,\"width\":\"5.8cm\",\"height\":\"40cm\",\"timeout\":59968,\"margin\":{}}","meta":{"rootId":"12ch5tt3iahvbo5","id":"12ch5tt3iahvbo5"},"id":"guqay5n3edgr93l","previousOperationId":"jg2xqqaypn8bjy1"}
{"type":"operationEnd","operationId":"jg2xqqaypn8bjy1","timestamp":1701694435144,"id":"ys3vcnhwggndqt1","previousEventId":"0at4l0tx82ogg42","previousOperationId":"jg2xqqaypn8bjy1"}
{"type":"log","timestamp":1701694435144,"level":"debug","message":"Skipping storing report.","meta":{"rootId":"12ch5tt3iahvbo5","id":"12ch5tt3iahvbo5"},"id":"qv50dbf3f69f7uu","previousOperationId":"jg2xqqaypn8bjy1"}
{"type":"log","timestamp":1701694435144,"level":"info","message":"Rendering request 17 finished in 116 ms","meta":{"rootId":"12ch5tt3iahvbo5","id":"12ch5tt3iahvbo5"},"id":"tk56wqnv9lj608k","previousOperationId":"jg2xqqaypn8bjy1"}
{"type":"operationEnd","subtype":"render","operationId":"kqebfo8o2s8lt7h","timestamp":1701694435144,"id":"os8jk4j9cwllau4","previousEventId":"ys3vcnhwggndqt1","previousOperationId":"jg2xqqaypn8bjy1"}
{"type":"operationEnd","doDiffs":false,"previousEventId":"3bxhc0704oooet6","previousOperationId":"3gen9iiklt57f24","operationId":"3gen9iiklt57f24","timestamp":1701694435146,"id":"pvwa6afedlvi8s7"}
