{"type":"operationStart","subtype":"profile","data":{"_id":"i7QmKfWRAUydJ3Xp","timestamp":"2023-12-04T09:18:46.245Z","state":"queued","mode":"standard","creationDate":"2023-12-04T09:18:46.246Z","modificationDate":"2023-12-04T09:18:46.246Z","shortid":"CqBnh2S","$entitySet":"profiles"},"doDiffs":false,"timestamp":1701681526246,"id":"iswh1saboi7rlez","previousOperationId":null,"operationId":"ulp745v4fbsrktw"}
{"type":"log","level":"info","message":"Render request 48 queued for execution and waiting for available worker","previousOperationId":"ulp745v4fbsrktw","timestamp":1701681526246,"id":"7h7bk2mk2b5n8mu"}
{"type":"operationStart","subtype":"render","name":"pp_index","previousOperationId":"ulp745v4fbsrktw","timestamp":1701681526249,"id":"2rnn56tve4kk4tm","previousEventId":"iswh1saboi7rlez","operationId":"fxar30zpz3ydlie"}
{"type":"log","timestamp":1701681526250,"level":"info","message":"Starting rendering request 48","meta":{"rootId":"1erexo9wi5x6bmm","id":"1erexo9wi5x6bmm"},"id":"55zmjllvz4h24mo","previousOperationId":"fxar30zpz3ydlie"}
{"type":"log","timestamp":1701681526250,"level":"info","message":"Rendering template { name: pp_index, recipe: chrome-pdf, engine: handlebars, preview: true }","meta":{"rootId":"1erexo9wi5x6bmm","id":"1erexo9wi5x6bmm"},"id":"35ov4b2154gy902","previousOperationId":"fxar30zpz3ydlie"}
{"type":"log","timestamp":1701681526250,"level":"debug","message":"Inline data specified.","meta":{"rootId":"1erexo9wi5x6bmm","id":"1erexo9wi5x6bmm"},"id":"qyyi27403nsupou","previousOperationId":"fxar30zpz3ydlie"}
{"type":"log","timestamp":1701681526250,"level":"debug","message":"Base url not specified, skipping its injection.","meta":{"rootId":"1erexo9wi5x6bmm","id":"1erexo9wi5x6bmm"},"id":"tv659zlslwf6nlm","previousOperationId":"fxar30zpz3ydlie"}
{"type":"operationStart","subtype":"engine","name":"handlebars","timestamp":1701681526250,"id":"y32vcgxguwxkl7m","previousEventId":"2rnn56tve4kk4tm","operationId":"sy5rtbsqumuc7on","previousOperationId":"fxar30zpz3ydlie"}
{"type":"log","timestamp":1701681526250,"level":"debug","message":"Rendering engine handlebars","meta":{"rootId":"1erexo9wi5x6bmm","id":"1erexo9wi5x6bmm"},"id":"h9uww30tevg6d4h","previousOperationId":"sy5rtbsqumuc7on"}
{"type":"operationEnd","operationId":"sy5rtbsqumuc7on","timestamp":1701681526256,"id":"nmu1m9wxqaqkouy","previousEventId":"y32vcgxguwxkl7m","previousOperationId":"sy5rtbsqumuc7on"}
{"type":"operationStart","subtype":"recipe","name":"chrome-pdf","timestamp":1701681526256,"id":"ir4eyomyirnytj9","previousEventId":"nmu1m9wxqaqkouy","operationId":"iuf1fx7jr02y0u9","previousOperationId":"sy5rtbsqumuc7on"}
{"type":"log","timestamp":1701681526256,"level":"debug","message":"Executing recipe chrome-pdf","meta":{"rootId":"1erexo9wi5x6bmm","id":"1erexo9wi5x6bmm"},"id":"uvf1v48qd8zggsb","previousOperationId":"iuf1fx7jr02y0u9"}
{"type":"log","timestamp":1701681526257,"level":"debug","message":"Converting with chrome HeadlessChrome/117.0.5938.149 using chrome-pool strategy","meta":{"rootId":"1erexo9wi5x6bmm","id":"1erexo9wi5x6bmm"},"id":"38eg3le915t4re0","previousOperationId":"iuf1fx7jr02y0u9"}
{"type":"log","timestamp":1701681526298,"level":"debug","message":"Page request: GET (document) file:///var/folders/dp/qk79pfcj0y1fmtkkl08m76rc0000gn/T/jsreport/autocleanup/db6945a2-3c11-4db8-9208-e51af6d5461f-chrome-pdf.html","meta":{"rootId":"1erexo9wi5x6bmm","id":"1erexo9wi5x6bmm"},"id":"tx367rpjnopndt6","previousOperationId":"iuf1fx7jr02y0u9"}
{"type":"log","timestamp":1701681526302,"level":"debug","message":"Page request finished: GET (document) 200 file:///var/folders/dp/qk79pfcj0y1fmtkkl08m76rc0000gn/T/jsreport/autocleanup/db6945a2-3c11-4db8-9208-e51af6d5461f-chrome-pdf.html","meta":{"rootId":"1erexo9wi5x6bmm","id":"1erexo9wi5x6bmm"},"id":"7a7w63ucxvfyk90","previousOperationId":"iuf1fx7jr02y0u9"}
{"type":"log","timestamp":1701681526312,"level":"debug","message":"Running chrome with params {\"printBackground\":true,\"timeout\":59988,\"margin\":{}}","meta":{"rootId":"1erexo9wi5x6bmm","id":"1erexo9wi5x6bmm"},"id":"0s8dsax7fhz8mr4","previousOperationId":"iuf1fx7jr02y0u9"}
{"type":"operationEnd","operationId":"iuf1fx7jr02y0u9","timestamp":1701681526330,"id":"v60lvq1n33iht6k","previousEventId":"ir4eyomyirnytj9","previousOperationId":"iuf1fx7jr02y0u9"}
{"type":"log","timestamp":1701681526330,"level":"debug","message":"Skipping storing report.","meta":{"rootId":"1erexo9wi5x6bmm","id":"1erexo9wi5x6bmm"},"id":"ic1xag0ok92rduc","previousOperationId":"iuf1fx7jr02y0u9"}
{"type":"log","timestamp":1701681526330,"level":"info","message":"Rendering request 48 finished in 85 ms","meta":{"rootId":"1erexo9wi5x6bmm","id":"1erexo9wi5x6bmm"},"id":"mqn9haateuej2jx","previousOperationId":"iuf1fx7jr02y0u9"}
{"type":"operationEnd","subtype":"render","operationId":"fxar30zpz3ydlie","timestamp":1701681526330,"id":"hgmbc8bcg7wnbun","previousEventId":"v60lvq1n33iht6k","previousOperationId":"iuf1fx7jr02y0u9"}
{"type":"operationEnd","doDiffs":false,"previousEventId":"iswh1saboi7rlez","previousOperationId":"ulp745v4fbsrktw","operationId":"ulp745v4fbsrktw","timestamp":1701681526332,"id":"ru8dodbbq7hi0s6"}
