{"type":"operationStart","subtype":"profile","data":{"_id":"pyRSuPZ86qSaD9q1","timestamp":"2023-12-04T09:41:20.305Z","state":"queued","mode":"standard","creationDate":"2023-12-04T09:41:20.308Z","modificationDate":"2023-12-04T09:41:20.308Z","shortid":"f6xucoV","$entitySet":"profiles"},"doDiffs":false,"timestamp":1701682880307,"id":"1d7xatg1n3qglab","previousOperationId":null,"operationId":"xh719mzot98aoot"}
{"type":"log","level":"info","message":"Render request 58 queued for execution and waiting for available worker","previousOperationId":"xh719mzot98aoot","timestamp":1701682880307,"id":"bb7ldyo1r4ybbvl"}
{"type":"operationStart","subtype":"render","name":"pp_index","previousOperationId":"xh719mzot98aoot","timestamp":1701682880321,"id":"94kg1xkdlumbeex","previousEventId":"1d7xatg1n3qglab","operationId":"tifsrs0t7fty2u2"}
{"type":"log","timestamp":1701682880321,"level":"info","message":"Starting rendering request 58","meta":{"rootId":"1snqdsqoqqn1frd","id":"1snqdsqoqqn1frd"},"id":"vc8k0kfwfm33ldh","previousOperationId":"tifsrs0t7fty2u2"}
{"type":"log","timestamp":1701682880321,"level":"info","message":"Rendering template { name: pp_index, recipe: chrome-pdf, engine: handlebars, preview: true }","meta":{"rootId":"1snqdsqoqqn1frd","id":"1snqdsqoqqn1frd"},"id":"fra5cqgtothdqfc","previousOperationId":"tifsrs0t7fty2u2"}
{"type":"log","timestamp":1701682880322,"level":"debug","message":"Inline data specified.","meta":{"rootId":"1snqdsqoqqn1frd","id":"1snqdsqoqqn1frd"},"id":"a0vfawamubqasw8","previousOperationId":"tifsrs0t7fty2u2"}
{"type":"log","timestamp":1701682880323,"level":"debug","message":"Base url not specified, skipping its injection.","meta":{"rootId":"1snqdsqoqqn1frd","id":"1snqdsqoqqn1frd"},"id":"d6wrbouvckux9yq","previousOperationId":"tifsrs0t7fty2u2"}
{"type":"operationStart","subtype":"engine","name":"handlebars","timestamp":1701682880323,"id":"o8h9q3ora1k0e8e","previousEventId":"94kg1xkdlumbeex","operationId":"8mgcsifcwfqw59f","previousOperationId":"tifsrs0t7fty2u2"}
{"type":"log","timestamp":1701682880323,"level":"debug","message":"Rendering engine handlebars","meta":{"rootId":"1snqdsqoqqn1frd","id":"1snqdsqoqqn1frd"},"id":"dhiwze59bfrnew1","previousOperationId":"8mgcsifcwfqw59f"}
{"type":"operationEnd","operationId":"8mgcsifcwfqw59f","timestamp":1701682880332,"id":"9uz0qvv2xac38p7","previousEventId":"o8h9q3ora1k0e8e","previousOperationId":"8mgcsifcwfqw59f"}
{"type":"operationStart","subtype":"recipe","name":"chrome-pdf","timestamp":1701682880333,"id":"7gvdbmsg7bbu09g","previousEventId":"9uz0qvv2xac38p7","operationId":"4wk1cyf71l9ntc5","previousOperationId":"8mgcsifcwfqw59f"}
{"type":"log","timestamp":1701682880333,"level":"debug","message":"Executing recipe chrome-pdf","meta":{"rootId":"1snqdsqoqqn1frd","id":"1snqdsqoqqn1frd"},"id":"3v0pz79s63tjvm3","previousOperationId":"4wk1cyf71l9ntc5"}
{"type":"log","timestamp":1701682880334,"level":"debug","message":"Converting with chrome HeadlessChrome/117.0.5938.149 using chrome-pool strategy","meta":{"rootId":"1snqdsqoqqn1frd","id":"1snqdsqoqqn1frd"},"id":"86xb5eonu42cz2f","previousOperationId":"4wk1cyf71l9ntc5"}
{"type":"log","timestamp":1701682880387,"level":"debug","message":"Page request: GET (document) file:///var/folders/dp/qk79pfcj0y1fmtkkl08m76rc0000gn/T/jsreport/autocleanup/6e95abd8-15da-43e3-87d2-80bbbe644278-chrome-pdf.html","meta":{"rootId":"1snqdsqoqqn1frd","id":"1snqdsqoqqn1frd"},"id":"z56ei5poqcj18o7","previousOperationId":"4wk1cyf71l9ntc5"}
{"type":"log","timestamp":1701682880391,"level":"debug","message":"Page request finished: GET (document) 200 file:///var/folders/dp/qk79pfcj0y1fmtkkl08m76rc0000gn/T/jsreport/autocleanup/6e95abd8-15da-43e3-87d2-80bbbe644278-chrome-pdf.html","meta":{"rootId":"1snqdsqoqqn1frd","id":"1snqdsqoqqn1frd"},"id":"li5a3vcfalx6ljb","previousOperationId":"4wk1cyf71l9ntc5"}
{"type":"log","timestamp":1701682880399,"level":"debug","message":"Running chrome with params {\"printBackground\":true,\"timeout\":59971,\"margin\":{}}","meta":{"rootId":"1snqdsqoqqn1frd","id":"1snqdsqoqqn1frd"},"id":"uhj6z951hci1rzd","previousOperationId":"4wk1cyf71l9ntc5"}
{"type":"operationEnd","operationId":"4wk1cyf71l9ntc5","timestamp":1701682880421,"id":"r99vrg5z9e7py81","previousEventId":"7gvdbmsg7bbu09g","previousOperationId":"4wk1cyf71l9ntc5"}
{"type":"log","timestamp":1701682880421,"level":"debug","message":"Skipping storing report.","meta":{"rootId":"1snqdsqoqqn1frd","id":"1snqdsqoqqn1frd"},"id":"qn7nihbuce5esjp","previousOperationId":"4wk1cyf71l9ntc5"}
{"type":"log","timestamp":1701682880421,"level":"info","message":"Rendering request 58 finished in 117 ms","meta":{"rootId":"1snqdsqoqqn1frd","id":"1snqdsqoqqn1frd"},"id":"hwnle92xjw3scp6","previousOperationId":"4wk1cyf71l9ntc5"}
{"type":"operationEnd","subtype":"render","operationId":"tifsrs0t7fty2u2","timestamp":1701682880421,"id":"xydlwj0bwyyoth3","previousEventId":"r99vrg5z9e7py81","previousOperationId":"4wk1cyf71l9ntc5"}
{"type":"operationEnd","doDiffs":false,"previousEventId":"1d7xatg1n3qglab","previousOperationId":"xh719mzot98aoot","operationId":"xh719mzot98aoot","timestamp":1701682880422,"id":"azi91sm4rak8ih0"}
