{"type":"operationStart","subtype":"profile","data":{"_id":"wmbtr5E9XYkURURr","timestamp":"2023-12-05T08:21:45.027Z","state":"queued","mode":"standard","creationDate":"2023-12-05T08:21:45.029Z","modificationDate":"2023-12-05T08:21:45.029Z","shortid":"c-iqFMa","$entitySet":"profiles"},"doDiffs":false,"timestamp":1701764505029,"id":"qna4woq0vl28qwe","previousOperationId":null,"operationId":"zjmbhitf70pgv3m"}
{"type":"log","level":"info","message":"Render request 4 queued for execution and waiting for available worker","previousOperationId":"zjmbhitf70pgv3m","timestamp":1701764505029,"id":"wufpmiz7tukmlgb"}
{"type":"operationStart","subtype":"render","name":"pp_index","previousOperationId":"zjmbhitf70pgv3m","timestamp":1701764505036,"id":"fewzk29eoty3zm3","previousEventId":"qna4woq0vl28qwe","operationId":"u2hhudp6kaexhi2"}
{"type":"log","timestamp":1701764505036,"level":"info","message":"Starting rendering request 4","meta":{"rootId":"1tg6qcii3mb999g","id":"1tg6qcii3mb999g"},"id":"wrkoo6w1m4yda4z","previousOperationId":"u2hhudp6kaexhi2"}
{"type":"log","timestamp":1701764505036,"level":"info","message":"Rendering template { name: pp_index, recipe: chrome-pdf, engine: handlebars, preview: true }","meta":{"rootId":"1tg6qcii3mb999g","id":"1tg6qcii3mb999g"},"id":"zonw4zn25mn8ht9","previousOperationId":"u2hhudp6kaexhi2"}
{"type":"log","timestamp":1701764505038,"level":"debug","message":"Adding sample data PH9LTzd4s","meta":{"rootId":"1tg6qcii3mb999g","id":"1tg6qcii3mb999g"},"id":"jgcv8nnplnwo8kk","previousOperationId":"u2hhudp6kaexhi2"}
{"type":"log","timestamp":1701764505041,"level":"debug","message":"Base url not specified, skipping its injection.","meta":{"rootId":"1tg6qcii3mb999g","id":"1tg6qcii3mb999g"},"id":"2p9dg657mpyj4rl","previousOperationId":"u2hhudp6kaexhi2"}
{"type":"log","timestamp":1701764505044,"level":"debug","message":"Replaced assets [\"styles.css\"]","meta":{"rootId":"1tg6qcii3mb999g","id":"1tg6qcii3mb999g"},"id":"8xa75me4x4gi6ym","previousOperationId":"u2hhudp6kaexhi2"}
{"type":"operationStart","subtype":"engine","name":"handlebars","timestamp":1701764505044,"id":"0crbntvyvc1s3xe","previousEventId":"fewzk29eoty3zm3","operationId":"n6mllldcw6ogado","previousOperationId":"u2hhudp6kaexhi2"}
{"type":"log","timestamp":1701764505044,"level":"debug","message":"Rendering engine handlebars","meta":{"rootId":"1tg6qcii3mb999g","id":"1tg6qcii3mb999g"},"id":"bgm2j46bl6torc4","previousOperationId":"n6mllldcw6ogado"}
{"type":"operationEnd","operationId":"n6mllldcw6ogado","timestamp":1701764505065,"id":"hqsxh0f6ougjcwj","previousEventId":"0crbntvyvc1s3xe","previousOperationId":"n6mllldcw6ogado"}
{"type":"operationStart","subtype":"recipe","name":"chrome-pdf","timestamp":1701764505066,"id":"zgwcgrq3iiwidr8","previousEventId":"hqsxh0f6ougjcwj","operationId":"ekfyrxy0vtlinv0","previousOperationId":"n6mllldcw6ogado"}
{"type":"log","timestamp":1701764505066,"level":"debug","message":"Executing recipe chrome-pdf","meta":{"rootId":"1tg6qcii3mb999g","id":"1tg6qcii3mb999g"},"id":"33j32xhoy6dup6v","previousOperationId":"ekfyrxy0vtlinv0"}
{"type":"log","timestamp":1701764505068,"level":"debug","message":"Converting with chrome HeadlessChrome/117.0.5938.149 using chrome-pool strategy","meta":{"rootId":"1tg6qcii3mb999g","id":"1tg6qcii3mb999g"},"id":"oow8ge9m1y1psf9","previousOperationId":"ekfyrxy0vtlinv0"}
{"type":"log","timestamp":1701764505115,"level":"debug","message":"Page request: GET (document) file:///var/folders/dp/qk79pfcj0y1fmtkkl08m76rc0000gn/T/jsreport/autocleanup/8cfc0cc2-228e-420a-8b3a-a78ba3988df5-chrome-pdf.html","meta":{"rootId":"1tg6qcii3mb999g","id":"1tg6qcii3mb999g"},"id":"ovd0168sxym6cfh","previousOperationId":"ekfyrxy0vtlinv0"}
{"type":"log","timestamp":1701764505120,"level":"debug","message":"Page request finished: GET (document) 200 file:///var/folders/dp/qk79pfcj0y1fmtkkl08m76rc0000gn/T/jsreport/autocleanup/8cfc0cc2-228e-420a-8b3a-a78ba3988df5-chrome-pdf.html","meta":{"rootId":"1tg6qcii3mb999g","id":"1tg6qcii3mb999g"},"id":"1pyi9gp0tv1r90k","previousOperationId":"ekfyrxy0vtlinv0"}
{"type":"log","timestamp":1701764505131,"level":"debug","message":"Running chrome with params {\"printBackground\":true,\"width\":\"5.8cm\",\"height\":\"21cm\",\"timeout\":59960,\"margin\":{}}","meta":{"rootId":"1tg6qcii3mb999g","id":"1tg6qcii3mb999g"},"id":"h6sasq6vcyzdpul","previousOperationId":"ekfyrxy0vtlinv0"}
{"type":"operationEnd","operationId":"ekfyrxy0vtlinv0","timestamp":1701764505152,"id":"axet04cf4v7q2o7","previousEventId":"zgwcgrq3iiwidr8","previousOperationId":"ekfyrxy0vtlinv0"}
{"type":"log","timestamp":1701764505152,"level":"debug","message":"Skipping storing report.","meta":{"rootId":"1tg6qcii3mb999g","id":"1tg6qcii3mb999g"},"id":"jny9precozabp03","previousOperationId":"ekfyrxy0vtlinv0"}
{"type":"log","timestamp":1701764505152,"level":"info","message":"Rendering request 4 finished in 125 ms","meta":{"rootId":"1tg6qcii3mb999g","id":"1tg6qcii3mb999g"},"id":"4yr8abjzr8tp5of","previousOperationId":"ekfyrxy0vtlinv0"}
{"type":"operationEnd","subtype":"render","operationId":"u2hhudp6kaexhi2","timestamp":1701764505152,"id":"r9b3c9fo40jldvp","previousEventId":"axet04cf4v7q2o7","previousOperationId":"ekfyrxy0vtlinv0"}
{"type":"operationEnd","doDiffs":false,"previousEventId":"qna4woq0vl28qwe","previousOperationId":"zjmbhitf70pgv3m","operationId":"zjmbhitf70pgv3m","timestamp":1701764505154,"id":"nn0e7tqijj7p979"}
