{"type":"operationStart","subtype":"profile","data":{"_id":"SIuN3TSaAqzsTOyw","timestamp":"2023-12-04T12:49:08.899Z","state":"queued","mode":"standard","creationDate":"2023-12-04T12:49:08.905Z","modificationDate":"2023-12-04T12:49:08.905Z","shortid":"_x-EDsC","$entitySet":"profiles"},"doDiffs":false,"timestamp":1701694148904,"id":"i7ehkt7vvpxyoy9","previousOperationId":null,"operationId":"yovh0hoqkmbasji"}
{"type":"log","level":"info","message":"Render request 11 queued for execution and waiting for available worker","previousOperationId":"yovh0hoqkmbasji","timestamp":1701694148905,"id":"mm048c8jc6vj9ks"}
{"type":"operationStart","subtype":"render","name":"pp_index","previousOperationId":"yovh0hoqkmbasji","timestamp":1701694148926,"id":"d8jw5tcecwrg41u","previousEventId":"i7ehkt7vvpxyoy9","operationId":"3hs3n2mkvhwf7xm"}
{"type":"log","timestamp":1701694148926,"level":"info","message":"Starting rendering request 11","meta":{"rootId":"1ujy6puu6t6rga3","id":"1ujy6puu6t6rga3"},"id":"m6a2cpjms8bdim7","previousOperationId":"3hs3n2mkvhwf7xm"}
{"type":"log","timestamp":1701694148927,"level":"info","message":"Rendering template { name: pp_index, recipe: chrome-pdf, engine: handlebars, preview: true }","meta":{"rootId":"1ujy6puu6t6rga3","id":"1ujy6puu6t6rga3"},"id":"1o4o7qn27zsxulb","previousOperationId":"3hs3n2mkvhwf7xm"}
{"type":"log","timestamp":1701694148932,"level":"debug","message":"Adding sample data PH9LTzd4s","meta":{"rootId":"1ujy6puu6t6rga3","id":"1ujy6puu6t6rga3"},"id":"0aq6kznn53bky3s","previousOperationId":"3hs3n2mkvhwf7xm"}
{"type":"log","timestamp":1701694148935,"level":"debug","message":"Base url not specified, skipping its injection.","meta":{"rootId":"1ujy6puu6t6rga3","id":"1ujy6puu6t6rga3"},"id":"9c5mcxaki04jd8s","previousOperationId":"3hs3n2mkvhwf7xm"}
{"type":"log","timestamp":1701694148936,"level":"debug","message":"Replaced assets [\"styles.css\"]","meta":{"rootId":"1ujy6puu6t6rga3","id":"1ujy6puu6t6rga3"},"id":"7nqj4spzpvm9bu6","previousOperationId":"3hs3n2mkvhwf7xm"}
{"type":"operationStart","subtype":"engine","name":"handlebars","timestamp":1701694148936,"id":"omc5v0haivcsm29","previousEventId":"d8jw5tcecwrg41u","operationId":"c19wobtz6twqbw8","previousOperationId":"3hs3n2mkvhwf7xm"}
{"type":"log","timestamp":1701694148936,"level":"debug","message":"Rendering engine handlebars","meta":{"rootId":"1ujy6puu6t6rga3","id":"1ujy6puu6t6rga3"},"id":"gqpwh4lxbcxky3b","previousOperationId":"c19wobtz6twqbw8"}
{"type":"operationEnd","operationId":"c19wobtz6twqbw8","timestamp":1701694148941,"id":"nhf67aufqz7z8hd","previousEventId":"omc5v0haivcsm29","previousOperationId":"c19wobtz6twqbw8"}
{"type":"operationStart","subtype":"recipe","name":"chrome-pdf","timestamp":1701694148941,"id":"evknrm58ancpg26","previousEventId":"nhf67aufqz7z8hd","operationId":"9t2xmuh145oldqk","previousOperationId":"c19wobtz6twqbw8"}
{"type":"log","timestamp":1701694148941,"level":"debug","message":"Executing recipe chrome-pdf","meta":{"rootId":"1ujy6puu6t6rga3","id":"1ujy6puu6t6rga3"},"id":"mybez99tlb6kcu6","previousOperationId":"9t2xmuh145oldqk"}
{"type":"log","timestamp":1701694148943,"level":"debug","message":"Converting with chrome HeadlessChrome/117.0.5938.149 using chrome-pool strategy","meta":{"rootId":"1ujy6puu6t6rga3","id":"1ujy6puu6t6rga3"},"id":"sx7g0ezimkwu3ji","previousOperationId":"9t2xmuh145oldqk"}
{"type":"log","timestamp":1701694149000,"level":"debug","message":"Page request: GET (document) file:///var/folders/dp/qk79pfcj0y1fmtkkl08m76rc0000gn/T/jsreport/autocleanup/0dd8a5bd-d56f-452c-adf7-62ae372a8878-chrome-pdf.html","meta":{"rootId":"1ujy6puu6t6rga3","id":"1ujy6puu6t6rga3"},"id":"a6807fynepb8o0h","previousOperationId":"9t2xmuh145oldqk"}
{"type":"log","timestamp":1701694149005,"level":"debug","message":"Page request finished: GET (document) 200 file:///var/folders/dp/qk79pfcj0y1fmtkkl08m76rc0000gn/T/jsreport/autocleanup/0dd8a5bd-d56f-452c-adf7-62ae372a8878-chrome-pdf.html","meta":{"rootId":"1ujy6puu6t6rga3","id":"1ujy6puu6t6rga3"},"id":"rida3b7l5508ieg","previousOperationId":"9t2xmuh145oldqk"}
{"type":"log","timestamp":1701694149016,"level":"debug","message":"Running chrome with params {\"printBackground\":true,\"width\":\"5.8cm\",\"height\":\"40cm\",\"timeout\":59957,\"margin\":{}}","meta":{"rootId":"1ujy6puu6t6rga3","id":"1ujy6puu6t6rga3"},"id":"l979x3b2pb0pa6c","previousOperationId":"9t2xmuh145oldqk"}
{"type":"operationEnd","operationId":"9t2xmuh145oldqk","timestamp":1701694149039,"id":"b6dx53gy2i4rusm","previousEventId":"evknrm58ancpg26","previousOperationId":"9t2xmuh145oldqk"}
{"type":"log","timestamp":1701694149039,"level":"debug","message":"Skipping storing report.","meta":{"rootId":"1ujy6puu6t6rga3","id":"1ujy6puu6t6rga3"},"id":"97sd6v3rrwzm6qm","previousOperationId":"9t2xmuh145oldqk"}
{"type":"log","timestamp":1701694149039,"level":"info","message":"Rendering request 11 finished in 140 ms","meta":{"rootId":"1ujy6puu6t6rga3","id":"1ujy6puu6t6rga3"},"id":"00bgi23y30su6hs","previousOperationId":"9t2xmuh145oldqk"}
{"type":"operationEnd","subtype":"render","operationId":"3hs3n2mkvhwf7xm","timestamp":1701694149039,"id":"9vuyuq39jmv0dbp","previousEventId":"b6dx53gy2i4rusm","previousOperationId":"9t2xmuh145oldqk"}
{"type":"operationEnd","doDiffs":false,"previousEventId":"i7ehkt7vvpxyoy9","previousOperationId":"yovh0hoqkmbasji","operationId":"yovh0hoqkmbasji","timestamp":1701694149041,"id":"vsf2bbh2abbld58"}
