{"type":"operationStart","subtype":"profile","data":{"_id":"03U3c94JzTTOkbGE","timestamp":"2023-12-04T12:12:12.435Z","state":"queued","mode":"standard","creationDate":"2023-12-04T12:12:12.436Z","modificationDate":"2023-12-04T12:12:12.436Z","shortid":"Kv8EX_w","$entitySet":"profiles"},"doDiffs":false,"timestamp":1701691932436,"id":"nc7vm5cmxqc1hmf","previousOperationId":null,"operationId":"9ihdggub1ooedqw"}
{"type":"log","level":"info","message":"Render request 158 queued for execution and waiting for available worker","previousOperationId":"9ihdggub1ooedqw","timestamp":1701691932436,"id":"dtp1f1aklxro3au"}
{"type":"operationStart","subtype":"render","name":"pp_index","previousOperationId":"9ihdggub1ooedqw","timestamp":1701691932448,"id":"jx08jst1krhdqf7","previousEventId":"nc7vm5cmxqc1hmf","operationId":"53swt9lwnlnqw1a"}
{"type":"log","timestamp":1701691932449,"level":"info","message":"Starting rendering request 158","meta":{"rootId":"1wd3qa6gcv9xqal","id":"1wd3qa6gcv9xqal"},"id":"sedx3mjuoq6n9ya","previousOperationId":"53swt9lwnlnqw1a"}
{"type":"log","timestamp":1701691932449,"level":"info","message":"Rendering template { name: pp_index, recipe: chrome-pdf, engine: handlebars, preview: true }","meta":{"rootId":"1wd3qa6gcv9xqal","id":"1wd3qa6gcv9xqal"},"id":"p3qq8bdczllhmb5","previousOperationId":"53swt9lwnlnqw1a"}
{"type":"log","timestamp":1701691932451,"level":"debug","message":"Inline data specified.","meta":{"rootId":"1wd3qa6gcv9xqal","id":"1wd3qa6gcv9xqal"},"id":"htb8v9csuquv92h","previousOperationId":"53swt9lwnlnqw1a"}
{"type":"log","timestamp":1701691932452,"level":"debug","message":"Base url not specified, skipping its injection.","meta":{"rootId":"1wd3qa6gcv9xqal","id":"1wd3qa6gcv9xqal"},"id":"k4yhrc31ls1hpsp","previousOperationId":"53swt9lwnlnqw1a"}
{"type":"operationStart","subtype":"engine","name":"handlebars","timestamp":1701691932453,"id":"1do74z0lkemlvg7","previousEventId":"jx08jst1krhdqf7","operationId":"azq8i2x9l8gfatv","previousOperationId":"53swt9lwnlnqw1a"}
{"type":"log","timestamp":1701691932453,"level":"debug","message":"Rendering engine handlebars","meta":{"rootId":"1wd3qa6gcv9xqal","id":"1wd3qa6gcv9xqal"},"id":"o86ow81kpsz6iq3","previousOperationId":"azq8i2x9l8gfatv"}
{"type":"operationEnd","operationId":"azq8i2x9l8gfatv","timestamp":1701691932461,"id":"urf8ve6hsph5gds","previousEventId":"1do74z0lkemlvg7","previousOperationId":"azq8i2x9l8gfatv"}
{"type":"operationStart","subtype":"recipe","name":"chrome-pdf","timestamp":1701691932461,"id":"4g4ld2c3vw72saf","previousEventId":"urf8ve6hsph5gds","operationId":"qn1pnmy1ym6mkep","previousOperationId":"azq8i2x9l8gfatv"}
{"type":"log","timestamp":1701691932461,"level":"debug","message":"Executing recipe chrome-pdf","meta":{"rootId":"1wd3qa6gcv9xqal","id":"1wd3qa6gcv9xqal"},"id":"4q3ssiz6zi989tc","previousOperationId":"qn1pnmy1ym6mkep"}
{"type":"log","timestamp":1701691932463,"level":"debug","message":"Converting with chrome HeadlessChrome/117.0.5938.149 using chrome-pool strategy","meta":{"rootId":"1wd3qa6gcv9xqal","id":"1wd3qa6gcv9xqal"},"id":"c7z5jga4cy73kas","previousOperationId":"qn1pnmy1ym6mkep"}
{"type":"log","timestamp":1701691932517,"level":"debug","message":"Page request: GET (document) file:///var/folders/dp/qk79pfcj0y1fmtkkl08m76rc0000gn/T/jsreport/autocleanup/f37b1a7e-1891-477e-acd5-b8b578cfe660-chrome-pdf.html","meta":{"rootId":"1wd3qa6gcv9xqal","id":"1wd3qa6gcv9xqal"},"id":"kzku09zipsg6jrg","previousOperationId":"qn1pnmy1ym6mkep"}
{"type":"log","timestamp":1701691932522,"level":"debug","message":"Page request finished: GET (document) 200 file:///var/folders/dp/qk79pfcj0y1fmtkkl08m76rc0000gn/T/jsreport/autocleanup/f37b1a7e-1891-477e-acd5-b8b578cfe660-chrome-pdf.html","meta":{"rootId":"1wd3qa6gcv9xqal","id":"1wd3qa6gcv9xqal"},"id":"y92sa90cs7tts2j","previousOperationId":"qn1pnmy1ym6mkep"}
{"type":"log","timestamp":1701691932531,"level":"debug","message":"Running chrome with params {\"printBackground\":true,\"width\":\"5.8cm\",\"height\":\"35cm\",\"timeout\":59973,\"margin\":{}}","meta":{"rootId":"1wd3qa6gcv9xqal","id":"1wd3qa6gcv9xqal"},"id":"c4nxscbrickytdc","previousOperationId":"qn1pnmy1ym6mkep"}
{"type":"operationEnd","operationId":"qn1pnmy1ym6mkep","timestamp":1701691932561,"id":"5wmv2ip0klnhwa6","previousEventId":"4g4ld2c3vw72saf","previousOperationId":"qn1pnmy1ym6mkep"}
{"type":"log","timestamp":1701691932561,"level":"debug","message":"Skipping storing report.","meta":{"rootId":"1wd3qa6gcv9xqal","id":"1wd3qa6gcv9xqal"},"id":"kyz5gupepie4w45","previousOperationId":"qn1pnmy1ym6mkep"}
{"type":"log","timestamp":1701691932561,"level":"info","message":"Rendering request 158 finished in 126 ms","meta":{"rootId":"1wd3qa6gcv9xqal","id":"1wd3qa6gcv9xqal"},"id":"jmhzcaemufwl95c","previousOperationId":"qn1pnmy1ym6mkep"}
{"type":"operationEnd","subtype":"render","operationId":"53swt9lwnlnqw1a","timestamp":1701691932561,"id":"civ9j21drisu19l","previousEventId":"5wmv2ip0klnhwa6","previousOperationId":"qn1pnmy1ym6mkep"}
{"type":"operationEnd","doDiffs":false,"previousEventId":"nc7vm5cmxqc1hmf","previousOperationId":"9ihdggub1ooedqw","operationId":"9ihdggub1ooedqw","timestamp":1701691932563,"id":"a3l3yu7jajby1cm"}
