{"type":"operationStart","subtype":"profile","data":{"_id":"mIYVoNCqh4YL2tGj","timestamp":"2023-12-04T12:53:05.672Z","state":"queued","mode":"standard","creationDate":"2023-12-04T12:53:05.674Z","modificationDate":"2023-12-04T12:53:05.674Z","shortid":"SqIjjE0","$entitySet":"profiles"},"doDiffs":false,"timestamp":1701694385673,"id":"3cgxic6znfprg2x","previousOperationId":null,"operationId":"52ffpikahf6z6sq"}
{"type":"log","level":"info","message":"Render request 15 queued for execution and waiting for available worker","previousOperationId":"52ffpikahf6z6sq","timestamp":1701694385673,"id":"smvouvw4umcckrk"}
{"type":"operationStart","subtype":"render","name":"pp_index","previousOperationId":"52ffpikahf6z6sq","timestamp":1701694385685,"id":"ltlb1q735xt2bq0","previousEventId":"3cgxic6znfprg2x","operationId":"v8bah1m48jdwnhu"}
{"type":"log","timestamp":1701694385685,"level":"info","message":"Starting rendering request 15","meta":{"rootId":"2atsfa6tn79ksg7","id":"2atsfa6tn79ksg7"},"id":"950c14fvte9to5g","previousOperationId":"v8bah1m48jdwnhu"}
{"type":"log","timestamp":1701694385685,"level":"info","message":"Rendering template { name: pp_index, recipe: chrome-pdf, engine: handlebars, preview: true }","meta":{"rootId":"2atsfa6tn79ksg7","id":"2atsfa6tn79ksg7"},"id":"fl1b59gy5sbd44y","previousOperationId":"v8bah1m48jdwnhu"}
{"type":"log","timestamp":1701694385686,"level":"debug","message":"Adding sample data PH9LTzd4s","meta":{"rootId":"2atsfa6tn79ksg7","id":"2atsfa6tn79ksg7"},"id":"5tm99srhccwxeo6","previousOperationId":"v8bah1m48jdwnhu"}
{"type":"log","timestamp":1701694385688,"level":"debug","message":"Base url not specified, skipping its injection.","meta":{"rootId":"2atsfa6tn79ksg7","id":"2atsfa6tn79ksg7"},"id":"xrp0ry5g3rjiooo","previousOperationId":"v8bah1m48jdwnhu"}
{"type":"log","timestamp":1701694385690,"level":"debug","message":"Replaced assets [\"styles.css\"]","meta":{"rootId":"2atsfa6tn79ksg7","id":"2atsfa6tn79ksg7"},"id":"qoavtlv69p0tcm3","previousOperationId":"v8bah1m48jdwnhu"}
{"type":"operationStart","subtype":"engine","name":"handlebars","timestamp":1701694385690,"id":"x1xtyynaqbissa1","previousEventId":"ltlb1q735xt2bq0","operationId":"yzswlcn78hp8x4m","previousOperationId":"v8bah1m48jdwnhu"}
{"type":"log","timestamp":1701694385690,"level":"debug","message":"Rendering engine handlebars","meta":{"rootId":"2atsfa6tn79ksg7","id":"2atsfa6tn79ksg7"},"id":"8330ktjyic196z5","previousOperationId":"yzswlcn78hp8x4m"}
{"type":"operationEnd","operationId":"yzswlcn78hp8x4m","timestamp":1701694385703,"id":"u7k06jj5h7eqel8","previousEventId":"x1xtyynaqbissa1","previousOperationId":"yzswlcn78hp8x4m"}
{"type":"operationStart","subtype":"recipe","name":"chrome-pdf","timestamp":1701694385704,"id":"iac0p50yor8c327","previousEventId":"u7k06jj5h7eqel8","operationId":"1ajrhfcdve7d0na","previousOperationId":"yzswlcn78hp8x4m"}
{"type":"log","timestamp":1701694385704,"level":"debug","message":"Executing recipe chrome-pdf","meta":{"rootId":"2atsfa6tn79ksg7","id":"2atsfa6tn79ksg7"},"id":"imvpaeim87uxd7h","previousOperationId":"1ajrhfcdve7d0na"}
{"type":"log","timestamp":1701694385705,"level":"debug","message":"Converting with chrome HeadlessChrome/117.0.5938.149 using chrome-pool strategy","meta":{"rootId":"2atsfa6tn79ksg7","id":"2atsfa6tn79ksg7"},"id":"5o5uz7kr5z97uoe","previousOperationId":"1ajrhfcdve7d0na"}
{"type":"log","timestamp":1701694385753,"level":"debug","message":"Page request: GET (document) file:///var/folders/dp/qk79pfcj0y1fmtkkl08m76rc0000gn/T/jsreport/autocleanup/42c218cb-a880-40ae-aa1e-76ea58710b1d-chrome-pdf.html","meta":{"rootId":"2atsfa6tn79ksg7","id":"2atsfa6tn79ksg7"},"id":"flm5vdcnz8jaost","previousOperationId":"1ajrhfcdve7d0na"}
{"type":"log","timestamp":1701694385758,"level":"debug","message":"Page request finished: GET (document) 200 file:///var/folders/dp/qk79pfcj0y1fmtkkl08m76rc0000gn/T/jsreport/autocleanup/42c218cb-a880-40ae-aa1e-76ea58710b1d-chrome-pdf.html","meta":{"rootId":"2atsfa6tn79ksg7","id":"2atsfa6tn79ksg7"},"id":"17j6rbcsv6q49ll","previousOperationId":"1ajrhfcdve7d0na"}
{"type":"log","timestamp":1701694385769,"level":"debug","message":"Running chrome with params {\"printBackground\":true,\"width\":\"5.8cm\",\"height\":\"40cm\",\"timeout\":59967,\"margin\":{}}","meta":{"rootId":"2atsfa6tn79ksg7","id":"2atsfa6tn79ksg7"},"id":"gd1ps3516ng2dek","previousOperationId":"1ajrhfcdve7d0na"}
{"type":"operationEnd","operationId":"1ajrhfcdve7d0na","timestamp":1701694385793,"id":"oqaec8ckzniueo3","previousEventId":"iac0p50yor8c327","previousOperationId":"1ajrhfcdve7d0na"}
{"type":"log","timestamp":1701694385793,"level":"debug","message":"Skipping storing report.","meta":{"rootId":"2atsfa6tn79ksg7","id":"2atsfa6tn79ksg7"},"id":"489tvacbcjw76m4","previousOperationId":"1ajrhfcdve7d0na"}
{"type":"log","timestamp":1701694385793,"level":"info","message":"Rendering request 15 finished in 121 ms","meta":{"rootId":"2atsfa6tn79ksg7","id":"2atsfa6tn79ksg7"},"id":"6qlf545lqff59ij","previousOperationId":"1ajrhfcdve7d0na"}
{"type":"operationEnd","subtype":"render","operationId":"v8bah1m48jdwnhu","timestamp":1701694385793,"id":"ea39fg95ewvhr7f","previousEventId":"oqaec8ckzniueo3","previousOperationId":"1ajrhfcdve7d0na"}
{"type":"operationEnd","doDiffs":false,"previousEventId":"3cgxic6znfprg2x","previousOperationId":"52ffpikahf6z6sq","operationId":"52ffpikahf6z6sq","timestamp":1701694385794,"id":"h4zzxcqqm7k65fi"}
