{"type":"operationStart","subtype":"profile","data":{"_id":"3oX6932eWUcZ0YL6","timestamp":"2023-12-04T10:55:02.657Z","state":"queued","mode":"standard","creationDate":"2023-12-04T10:55:02.660Z","modificationDate":"2023-12-04T10:55:02.660Z","shortid":"sWJ0oQm","$entitySet":"profiles"},"doDiffs":false,"timestamp":1701687302659,"id":"a4eo9tmaa0g4rvh","previousOperationId":null,"operationId":"epyd5kutk21di16"}
{"type":"log","level":"info","message":"Render request 98 queued for execution and waiting for available worker","previousOperationId":"epyd5kutk21di16","timestamp":1701687302659,"id":"vt9v7pf4nwd93jw"}
{"type":"operationStart","subtype":"render","name":"pp_index","previousOperationId":"epyd5kutk21di16","timestamp":1701687302667,"id":"zto65rnjg1qpqsf","previousEventId":"a4eo9tmaa0g4rvh","operationId":"tm2u70hc5773a14"}
{"type":"log","timestamp":1701687302667,"level":"info","message":"Starting rendering request 98","meta":{"rootId":"2kt5xf8c28vwfqi","id":"2kt5xf8c28vwfqi"},"id":"2ytjrh3x8baxhis","previousOperationId":"tm2u70hc5773a14"}
{"type":"log","timestamp":1701687302667,"level":"info","message":"Rendering template { name: pp_index, recipe: chrome-pdf, engine: handlebars, preview: true }","meta":{"rootId":"2kt5xf8c28vwfqi","id":"2kt5xf8c28vwfqi"},"id":"synydmke4y0090w","previousOperationId":"tm2u70hc5773a14"}
{"type":"log","timestamp":1701687302668,"level":"debug","message":"Inline data specified.","meta":{"rootId":"2kt5xf8c28vwfqi","id":"2kt5xf8c28vwfqi"},"id":"qztvou08olv8wlm","previousOperationId":"tm2u70hc5773a14"}
{"type":"log","timestamp":1701687302669,"level":"debug","message":"Base url not specified, skipping its injection.","meta":{"rootId":"2kt5xf8c28vwfqi","id":"2kt5xf8c28vwfqi"},"id":"mdhuit2yk7ue0nt","previousOperationId":"tm2u70hc5773a14"}
{"type":"operationStart","subtype":"engine","name":"handlebars","timestamp":1701687302669,"id":"n4m76aeh9daosi9","previousEventId":"zto65rnjg1qpqsf","operationId":"3vfsotsda9jzvxy","previousOperationId":"tm2u70hc5773a14"}
{"type":"log","timestamp":1701687302669,"level":"debug","message":"Rendering engine handlebars","meta":{"rootId":"2kt5xf8c28vwfqi","id":"2kt5xf8c28vwfqi"},"id":"50n5b3iizawze6u","previousOperationId":"3vfsotsda9jzvxy"}
{"type":"operationEnd","operationId":"3vfsotsda9jzvxy","timestamp":1701687302677,"id":"ekjxapszfrn2xls","previousEventId":"n4m76aeh9daosi9","previousOperationId":"3vfsotsda9jzvxy"}
{"type":"operationStart","subtype":"recipe","name":"chrome-pdf","timestamp":1701687302677,"id":"adp56wo9n0kobma","previousEventId":"ekjxapszfrn2xls","operationId":"bb8ypg3sqcu6v7e","previousOperationId":"3vfsotsda9jzvxy"}
{"type":"log","timestamp":1701687302677,"level":"debug","message":"Executing recipe chrome-pdf","meta":{"rootId":"2kt5xf8c28vwfqi","id":"2kt5xf8c28vwfqi"},"id":"koaewgy07c3hksr","previousOperationId":"bb8ypg3sqcu6v7e"}
{"type":"log","timestamp":1701687302679,"level":"debug","message":"Converting with chrome HeadlessChrome/117.0.5938.149 using chrome-pool strategy","meta":{"rootId":"2kt5xf8c28vwfqi","id":"2kt5xf8c28vwfqi"},"id":"0d18z5xozrg5tf6","previousOperationId":"bb8ypg3sqcu6v7e"}
{"type":"log","timestamp":1701687302725,"level":"debug","message":"Page request: GET (document) file:///var/folders/dp/qk79pfcj0y1fmtkkl08m76rc0000gn/T/jsreport/autocleanup/d61023c4-392a-4c07-82d2-cd95f6ae0a48-chrome-pdf.html","meta":{"rootId":"2kt5xf8c28vwfqi","id":"2kt5xf8c28vwfqi"},"id":"8i209wx3vw98v73","previousOperationId":"bb8ypg3sqcu6v7e"}
{"type":"log","timestamp":1701687302731,"level":"debug","message":"Page request finished: GET (document) 200 file:///var/folders/dp/qk79pfcj0y1fmtkkl08m76rc0000gn/T/jsreport/autocleanup/d61023c4-392a-4c07-82d2-cd95f6ae0a48-chrome-pdf.html","meta":{"rootId":"2kt5xf8c28vwfqi","id":"2kt5xf8c28vwfqi"},"id":"bncojikc0iwlim7","previousOperationId":"bb8ypg3sqcu6v7e"}
{"type":"log","timestamp":1701687302743,"level":"debug","message":"Running chrome with params {\"printBackground\":true,\"width\":\"5.8cm\",\"height\":\"40cm\",\"timeout\":59979,\"margin\":{}}","meta":{"rootId":"2kt5xf8c28vwfqi","id":"2kt5xf8c28vwfqi"},"id":"3k5jak9ck5ixoat","previousOperationId":"bb8ypg3sqcu6v7e"}
{"type":"operationEnd","operationId":"bb8ypg3sqcu6v7e","timestamp":1701687302766,"id":"h4auznejme4nroi","previousEventId":"adp56wo9n0kobma","previousOperationId":"bb8ypg3sqcu6v7e"}
{"type":"log","timestamp":1701687302766,"level":"debug","message":"Skipping storing report.","meta":{"rootId":"2kt5xf8c28vwfqi","id":"2kt5xf8c28vwfqi"},"id":"jffql14k2lzye8h","previousOperationId":"bb8ypg3sqcu6v7e"}
{"type":"log","timestamp":1701687302766,"level":"info","message":"Rendering request 98 finished in 109 ms","meta":{"rootId":"2kt5xf8c28vwfqi","id":"2kt5xf8c28vwfqi"},"id":"aqswrwl3xsuqhvg","previousOperationId":"bb8ypg3sqcu6v7e"}
{"type":"operationEnd","subtype":"render","operationId":"tm2u70hc5773a14","timestamp":1701687302766,"id":"iyi16tec7x3ltca","previousEventId":"h4auznejme4nroi","previousOperationId":"bb8ypg3sqcu6v7e"}
{"type":"operationEnd","doDiffs":false,"previousEventId":"a4eo9tmaa0g4rvh","previousOperationId":"epyd5kutk21di16","operationId":"epyd5kutk21di16","timestamp":1701687302767,"id":"1d1f8pue89zag16"}
