{"type":"operationStart","subtype":"profile","data":{"_id":"ZB2J6nbyVYPclI18","timestamp":"2023-12-06T10:40:57.685Z","state":"queued","mode":"standard","creationDate":"2023-12-06T10:40:57.686Z","modificationDate":"2023-12-06T10:40:57.686Z","shortid":"x1KsVTN","$entitySet":"profiles"},"doDiffs":false,"timestamp":1701859257686,"id":"1nevpx2nxfoktyw","previousOperationId":null,"operationId":"gtlynmlch6pyn3k"}
{"type":"log","level":"info","message":"Render request 103 queued for execution and waiting for available worker","previousOperationId":"gtlynmlch6pyn3k","timestamp":1701859257686,"id":"xun3uhm4wg61ehe"}
{"type":"operationStart","subtype":"render","name":"pp_index","previousOperationId":"gtlynmlch6pyn3k","timestamp":1701859257700,"id":"8wg0fg6prw3kdl5","previousEventId":"1nevpx2nxfoktyw","operationId":"bzwx7uno13e8hmj"}
{"type":"log","timestamp":1701859257700,"level":"info","message":"Starting rendering request 103","meta":{"rootId":"2zw9mwd7qddcd0g","id":"2zw9mwd7qddcd0g"},"id":"y8cltbpjbjeubtp","previousOperationId":"bzwx7uno13e8hmj"}
{"type":"log","timestamp":1701859257700,"level":"info","message":"Rendering template { name: pp_index, recipe: chrome-pdf, engine: handlebars, preview: true }","meta":{"rootId":"2zw9mwd7qddcd0g","id":"2zw9mwd7qddcd0g"},"id":"vst3vt58zxdrmnk","previousOperationId":"bzwx7uno13e8hmj"}
{"type":"log","timestamp":1701859257700,"level":"debug","message":"Inline data specified.","meta":{"rootId":"2zw9mwd7qddcd0g","id":"2zw9mwd7qddcd0g"},"id":"vznq57mesbch4ju","previousOperationId":"bzwx7uno13e8hmj"}
{"type":"log","timestamp":1701859257701,"level":"debug","message":"Base url not specified, skipping its injection.","meta":{"rootId":"2zw9mwd7qddcd0g","id":"2zw9mwd7qddcd0g"},"id":"rx6r29vh3gpc77c","previousOperationId":"bzwx7uno13e8hmj"}
{"type":"log","timestamp":1701859257701,"level":"debug","message":"Replaced assets [\"styles.css\"]","meta":{"rootId":"2zw9mwd7qddcd0g","id":"2zw9mwd7qddcd0g"},"id":"xj17mfsffdueklq","previousOperationId":"bzwx7uno13e8hmj"}
{"type":"operationStart","subtype":"engine","name":"handlebars","timestamp":1701859257701,"id":"i68a6mvosegiccv","previousEventId":"8wg0fg6prw3kdl5","operationId":"hr5k374lojimd6o","previousOperationId":"bzwx7uno13e8hmj"}
{"type":"log","timestamp":1701859257701,"level":"debug","message":"Rendering engine handlebars","meta":{"rootId":"2zw9mwd7qddcd0g","id":"2zw9mwd7qddcd0g"},"id":"l22ep7wpz1yh2uh","previousOperationId":"hr5k374lojimd6o"}
{"type":"operationEnd","operationId":"hr5k374lojimd6o","timestamp":1701859257712,"id":"19xhm6hod23dftx","previousEventId":"i68a6mvosegiccv","previousOperationId":"hr5k374lojimd6o"}
{"type":"operationStart","subtype":"recipe","name":"chrome-pdf","timestamp":1701859257712,"id":"7qg8bozac5er7he","previousEventId":"19xhm6hod23dftx","operationId":"ihqonn2fe9unb0u","previousOperationId":"hr5k374lojimd6o"}
{"type":"log","timestamp":1701859257712,"level":"debug","message":"Executing recipe chrome-pdf","meta":{"rootId":"2zw9mwd7qddcd0g","id":"2zw9mwd7qddcd0g"},"id":"ohzjhfxpmu3aebq","previousOperationId":"ihqonn2fe9unb0u"}
{"type":"log","timestamp":1701859257714,"level":"debug","message":"Converting with chrome HeadlessChrome/117.0.5938.149 using chrome-pool strategy","meta":{"rootId":"2zw9mwd7qddcd0g","id":"2zw9mwd7qddcd0g"},"id":"24tb88rojbhkyrf","previousOperationId":"ihqonn2fe9unb0u"}
{"type":"log","timestamp":1701859257751,"level":"debug","message":"Page request: GET (document) file:///var/folders/dp/qk79pfcj0y1fmtkkl08m76rc0000gn/T/jsreport/autocleanup/6e49f033-126a-4e8e-bc8f-1543e963dac1-chrome-pdf.html","meta":{"rootId":"2zw9mwd7qddcd0g","id":"2zw9mwd7qddcd0g"},"id":"7cn41fik0p9ru1i","previousOperationId":"ihqonn2fe9unb0u"}
{"type":"log","timestamp":1701859257755,"level":"debug","message":"Page request finished: GET (document) 200 file:///var/folders/dp/qk79pfcj0y1fmtkkl08m76rc0000gn/T/jsreport/autocleanup/6e49f033-126a-4e8e-bc8f-1543e963dac1-chrome-pdf.html","meta":{"rootId":"2zw9mwd7qddcd0g","id":"2zw9mwd7qddcd0g"},"id":"jjp6gfyu52g4gj0","previousOperationId":"ihqonn2fe9unb0u"}
{"type":"log","timestamp":1701859257763,"level":"debug","message":"Running chrome with params {\"printBackground\":true,\"width\":\"68mm\",\"height\":\"45cm\",\"timeout\":59972,\"margin\":{}}","meta":{"rootId":"2zw9mwd7qddcd0g","id":"2zw9mwd7qddcd0g"},"id":"hajppc1kjn64i0w","previousOperationId":"ihqonn2fe9unb0u"}
{"type":"operationEnd","operationId":"ihqonn2fe9unb0u","timestamp":1701859257784,"id":"xtb1jo1sk2i5meu","previousEventId":"7qg8bozac5er7he","previousOperationId":"ihqonn2fe9unb0u"}
{"type":"log","timestamp":1701859257784,"level":"debug","message":"Skipping storing report.","meta":{"rootId":"2zw9mwd7qddcd0g","id":"2zw9mwd7qddcd0g"},"id":"6swrmhlztz1neku","previousOperationId":"ihqonn2fe9unb0u"}
{"type":"log","timestamp":1701859257784,"level":"info","message":"Rendering request 103 finished in 99 ms","meta":{"rootId":"2zw9mwd7qddcd0g","id":"2zw9mwd7qddcd0g"},"id":"dk4d2h9y72mwc2g","previousOperationId":"ihqonn2fe9unb0u"}
{"type":"operationEnd","subtype":"render","operationId":"bzwx7uno13e8hmj","timestamp":1701859257784,"id":"ooiyurjshk4tc0t","previousEventId":"xtb1jo1sk2i5meu","previousOperationId":"ihqonn2fe9unb0u"}
{"type":"operationEnd","doDiffs":false,"previousEventId":"1nevpx2nxfoktyw","previousOperationId":"gtlynmlch6pyn3k","operationId":"gtlynmlch6pyn3k","timestamp":1701859257785,"id":"2gcigfeh5sd43f2"}
