{"type":"operationStart","subtype":"profile","data":{"_id":"syyTgxyB4jOIr2tK","timestamp":"2023-12-01T14:05:58.993Z","state":"queued","mode":"standard","creationDate":"2023-12-01T14:05:58.994Z","modificationDate":"2023-12-01T14:05:58.994Z","shortid":"aU29ryK","$entitySet":"profiles"},"doDiffs":false,"timestamp":1701439558994,"id":"exyebdvauysuz95","previousOperationId":null,"operationId":"s1eix1othiqww2t"}
{"type":"log","level":"info","message":"Render request 2 queued for execution and waiting for available worker","previousOperationId":"s1eix1othiqww2t","timestamp":1701439558994,"id":"b955djv05lorred"}
{"type":"operationStart","subtype":"render","name":"pp_index","previousOperationId":"s1eix1othiqww2t","timestamp":1701439559004,"id":"v7d0akj9vfdw14l","previousEventId":"exyebdvauysuz95","operationId":"gnxqzr2hsltx10i"}
{"type":"log","timestamp":1701439559005,"level":"info","message":"Starting rendering request 2","meta":{"rootId":"34t6xc43p8aplmo","id":"34t6xc43p8aplmo"},"id":"p6ehlzohxios7rh","previousOperationId":"gnxqzr2hsltx10i"}
{"type":"log","timestamp":1701439559007,"level":"info","message":"Rendering template { name: pp_index, recipe: chrome-pdf, engine: handlebars, preview: true }","meta":{"rootId":"34t6xc43p8aplmo","id":"34t6xc43p8aplmo"},"id":"y6n0m1yqsico9i5","previousOperationId":"gnxqzr2hsltx10i"}
{"type":"log","timestamp":1701439559010,"level":"debug","message":"Inline data specified.","meta":{"rootId":"34t6xc43p8aplmo","id":"34t6xc43p8aplmo"},"id":"p8z3a9kjaylp01v","previousOperationId":"gnxqzr2hsltx10i"}
{"type":"log","timestamp":1701439559015,"level":"debug","message":"Base url not specified, skipping its injection.","meta":{"rootId":"34t6xc43p8aplmo","id":"34t6xc43p8aplmo"},"id":"xi4ggnitjzdsn8m","previousOperationId":"gnxqzr2hsltx10i"}
{"type":"operationStart","subtype":"engine","name":"handlebars","timestamp":1701439559016,"id":"t498dc7wi1xy25e","previousEventId":"v7d0akj9vfdw14l","operationId":"n4lbkf45pxjacxx","previousOperationId":"gnxqzr2hsltx10i"}
{"type":"log","timestamp":1701439559016,"level":"debug","message":"Rendering engine handlebars","meta":{"rootId":"34t6xc43p8aplmo","id":"34t6xc43p8aplmo"},"id":"dnmq73cndqgmmuo","previousOperationId":"n4lbkf45pxjacxx"}
{"type":"operationEnd","operationId":"n4lbkf45pxjacxx","timestamp":1701439559245,"id":"c9cdynkntxch4e5","previousEventId":"t498dc7wi1xy25e","previousOperationId":"n4lbkf45pxjacxx"}
{"type":"operationStart","subtype":"recipe","name":"chrome-pdf","timestamp":1701439559245,"id":"y6epa8drnwesver","previousEventId":"c9cdynkntxch4e5","operationId":"k4ez8w1syy42tq6","previousOperationId":"n4lbkf45pxjacxx"}
{"type":"log","timestamp":1701439559245,"level":"debug","message":"Executing recipe chrome-pdf","meta":{"rootId":"34t6xc43p8aplmo","id":"34t6xc43p8aplmo"},"id":"zk9xxpqtzekc5ry","previousOperationId":"k4ez8w1syy42tq6"}
{"type":"log","timestamp":1701439559400,"level":"debug","message":"Converting with chrome HeadlessChrome/117.0.5938.149 using chrome-pool strategy","meta":{"rootId":"34t6xc43p8aplmo","id":"34t6xc43p8aplmo"},"id":"ooh2l80osob5uyr","previousOperationId":"k4ez8w1syy42tq6"}
{"type":"log","timestamp":1701439559448,"level":"debug","message":"Page request: GET (document) file:///var/folders/dp/qk79pfcj0y1fmtkkl08m76rc0000gn/T/jsreport/autocleanup/93df89a1-91bc-46e9-a289-16e4a47560ff-chrome-pdf.html","meta":{"rootId":"34t6xc43p8aplmo","id":"34t6xc43p8aplmo"},"id":"4qzkxfloq8bei5t","previousOperationId":"k4ez8w1syy42tq6"}
{"type":"log","timestamp":1701439559453,"level":"debug","message":"Page request finished: GET (document) 200 file:///var/folders/dp/qk79pfcj0y1fmtkkl08m76rc0000gn/T/jsreport/autocleanup/93df89a1-91bc-46e9-a289-16e4a47560ff-chrome-pdf.html","meta":{"rootId":"34t6xc43p8aplmo","id":"34t6xc43p8aplmo"},"id":"37bkho7u6ntuaa3","previousOperationId":"k4ez8w1syy42tq6"}
{"type":"log","timestamp":1701439559458,"level":"debug","message":"Running chrome with params {\"printBackground\":true,\"timeout\":59746,\"margin\":{}}","meta":{"rootId":"34t6xc43p8aplmo","id":"34t6xc43p8aplmo"},"id":"206t1un934bw609","previousOperationId":"k4ez8w1syy42tq6"}
{"type":"operationEnd","operationId":"k4ez8w1syy42tq6","timestamp":1701439559473,"id":"aks3asuctwc4ugr","previousEventId":"y6epa8drnwesver","previousOperationId":"k4ez8w1syy42tq6"}
{"type":"log","timestamp":1701439559473,"level":"debug","message":"Skipping storing report.","meta":{"rootId":"34t6xc43p8aplmo","id":"34t6xc43p8aplmo"},"id":"l4rd8dfom5tt9xy","previousOperationId":"k4ez8w1syy42tq6"}
{"type":"log","timestamp":1701439559473,"level":"info","message":"Rendering request 2 finished in 480 ms","meta":{"rootId":"34t6xc43p8aplmo","id":"34t6xc43p8aplmo"},"id":"r1lq71hoaw8x2bo","previousOperationId":"k4ez8w1syy42tq6"}
{"type":"operationEnd","subtype":"render","operationId":"gnxqzr2hsltx10i","timestamp":1701439559473,"id":"44dig5q86tabfq9","previousEventId":"aks3asuctwc4ugr","previousOperationId":"k4ez8w1syy42tq6"}
{"type":"operationEnd","doDiffs":false,"previousEventId":"exyebdvauysuz95","previousOperationId":"s1eix1othiqww2t","operationId":"s1eix1othiqww2t","timestamp":1701439559475,"id":"yvvbsnlivjz2v8x"}
