{"type":"operationStart","subtype":"profile","data":{"_id":"SfpOxvTY4rvJOZBn","timestamp":"2023-12-04T08:56:44.030Z","state":"queued","mode":"standard","creationDate":"2023-12-04T08:56:44.033Z","modificationDate":"2023-12-04T08:56:44.033Z","shortid":"MBkrv9H","$entitySet":"profiles"},"doDiffs":false,"timestamp":1701680204032,"id":"ouqxrdmzb5tfghx","previousOperationId":null,"operationId":"x5xr8fc2dvao6s3"}
{"type":"log","level":"info","message":"Render request 22 queued for execution and waiting for available worker","previousOperationId":"x5xr8fc2dvao6s3","timestamp":1701680204032,"id":"wef524fs3duvihk"}
{"type":"operationStart","subtype":"render","name":"pp_index","previousOperationId":"x5xr8fc2dvao6s3","timestamp":1701680204042,"id":"0hhxpeb2v863t3d","previousEventId":"ouqxrdmzb5tfghx","operationId":"75dj7nk645o1x9u"}
{"type":"log","timestamp":1701680204042,"level":"info","message":"Starting rendering request 22","meta":{"rootId":"36qj2wjl1iahhev","id":"36qj2wjl1iahhev"},"id":"syatedwzvf9l841","previousOperationId":"75dj7nk645o1x9u"}
{"type":"log","timestamp":1701680204042,"level":"info","message":"Rendering template { name: pp_index, recipe: chrome-pdf, engine: handlebars, preview: true }","meta":{"rootId":"36qj2wjl1iahhev","id":"36qj2wjl1iahhev"},"id":"g4iommhodfaefxs","previousOperationId":"75dj7nk645o1x9u"}
{"type":"log","timestamp":1701680204043,"level":"debug","message":"Inline data specified.","meta":{"rootId":"36qj2wjl1iahhev","id":"36qj2wjl1iahhev"},"id":"pr6nsunr84sp3gl","previousOperationId":"75dj7nk645o1x9u"}
{"type":"log","timestamp":1701680204051,"level":"debug","message":"Base url not specified, skipping its injection.","meta":{"rootId":"36qj2wjl1iahhev","id":"36qj2wjl1iahhev"},"id":"fdwtacc88l1b38x","previousOperationId":"75dj7nk645o1x9u"}
{"type":"operationStart","subtype":"engine","name":"handlebars","timestamp":1701680204051,"id":"xw30kyvjc7pgrc3","previousEventId":"0hhxpeb2v863t3d","operationId":"fcpgwdyxa2oefqx","previousOperationId":"75dj7nk645o1x9u"}
{"type":"log","timestamp":1701680204051,"level":"debug","message":"Rendering engine handlebars","meta":{"rootId":"36qj2wjl1iahhev","id":"36qj2wjl1iahhev"},"id":"ljh6sagfh1jcd4s","previousOperationId":"fcpgwdyxa2oefqx"}
{"type":"operationEnd","operationId":"fcpgwdyxa2oefqx","timestamp":1701680204059,"id":"8qbgdby09kl8f9d","previousEventId":"xw30kyvjc7pgrc3","previousOperationId":"fcpgwdyxa2oefqx"}
{"type":"operationStart","subtype":"recipe","name":"chrome-pdf","timestamp":1701680204060,"id":"08cnlu8qbvll8n8","previousEventId":"8qbgdby09kl8f9d","operationId":"9v6j3sgis1s895u","previousOperationId":"fcpgwdyxa2oefqx"}
{"type":"log","timestamp":1701680204060,"level":"debug","message":"Executing recipe chrome-pdf","meta":{"rootId":"36qj2wjl1iahhev","id":"36qj2wjl1iahhev"},"id":"sjhv5hgft0p65ob","previousOperationId":"9v6j3sgis1s895u"}
{"type":"log","timestamp":1701680204062,"level":"debug","message":"Converting with chrome HeadlessChrome/117.0.5938.149 using chrome-pool strategy","meta":{"rootId":"36qj2wjl1iahhev","id":"36qj2wjl1iahhev"},"id":"og79lzic9dbp5y6","previousOperationId":"9v6j3sgis1s895u"}
{"type":"log","timestamp":1701680204114,"level":"debug","message":"Page request: GET (document) file:///var/folders/dp/qk79pfcj0y1fmtkkl08m76rc0000gn/T/jsreport/autocleanup/22357d46-0784-4684-a32f-f485b8c99aab-chrome-pdf.html","meta":{"rootId":"36qj2wjl1iahhev","id":"36qj2wjl1iahhev"},"id":"5q1rzz7dqtqchok","previousOperationId":"9v6j3sgis1s895u"}
{"type":"log","timestamp":1701680204119,"level":"debug","message":"Page request finished: GET (document) 200 file:///var/folders/dp/qk79pfcj0y1fmtkkl08m76rc0000gn/T/jsreport/autocleanup/22357d46-0784-4684-a32f-f485b8c99aab-chrome-pdf.html","meta":{"rootId":"36qj2wjl1iahhev","id":"36qj2wjl1iahhev"},"id":"ngpte4x58at98jy","previousOperationId":"9v6j3sgis1s895u"}
{"type":"log","timestamp":1701680204128,"level":"debug","message":"Running chrome with params {\"printBackground\":true,\"timeout\":59969,\"margin\":{}}","meta":{"rootId":"36qj2wjl1iahhev","id":"36qj2wjl1iahhev"},"id":"1vf4mk2u9mpw1xe","previousOperationId":"9v6j3sgis1s895u"}
{"type":"operationEnd","operationId":"9v6j3sgis1s895u","timestamp":1701680204148,"id":"6x2u0971il148x8","previousEventId":"08cnlu8qbvll8n8","previousOperationId":"9v6j3sgis1s895u"}
{"type":"log","timestamp":1701680204148,"level":"debug","message":"Skipping storing report.","meta":{"rootId":"36qj2wjl1iahhev","id":"36qj2wjl1iahhev"},"id":"purm16piie0s6ag","previousOperationId":"9v6j3sgis1s895u"}
{"type":"log","timestamp":1701680204148,"level":"info","message":"Rendering request 22 finished in 118 ms","meta":{"rootId":"36qj2wjl1iahhev","id":"36qj2wjl1iahhev"},"id":"0dgmt3ize7o7m54","previousOperationId":"9v6j3sgis1s895u"}
{"type":"operationEnd","subtype":"render","operationId":"75dj7nk645o1x9u","timestamp":1701680204148,"id":"pj67xzye961j0yy","previousEventId":"6x2u0971il148x8","previousOperationId":"9v6j3sgis1s895u"}
{"type":"operationEnd","doDiffs":false,"previousEventId":"ouqxrdmzb5tfghx","previousOperationId":"x5xr8fc2dvao6s3","operationId":"x5xr8fc2dvao6s3","timestamp":1701680204149,"id":"0ufclwz5aj4oznf"}
