{"type":"operationStart","subtype":"profile","data":{"_id":"QpJXHWIaXLZfkrjz","timestamp":"2023-12-04T10:04:06.237Z","state":"queued","mode":"standard","creationDate":"2023-12-04T10:04:06.239Z","modificationDate":"2023-12-04T10:04:06.239Z","shortid":"C1JQsyR","$entitySet":"profiles"},"doDiffs":false,"timestamp":1701684246237,"id":"68g69t0uuzjc2h1","previousOperationId":null,"operationId":"kn6jup0rcmgnsc1"}
{"type":"log","level":"info","message":"Render request 73 queued for execution and waiting for available worker","previousOperationId":"kn6jup0rcmgnsc1","timestamp":1701684246238,"id":"bcf333lkll525h7"}
{"type":"operationStart","subtype":"render","name":"pp_index","previousOperationId":"kn6jup0rcmgnsc1","timestamp":1701684246243,"id":"yd22da7vr4noq9v","previousEventId":"68g69t0uuzjc2h1","operationId":"dmayvvdz0m5saw3"}
{"type":"log","timestamp":1701684246243,"level":"info","message":"Starting rendering request 73","meta":{"rootId":"385zfmumfv0zii2","id":"385zfmumfv0zii2"},"id":"b71aoyz869lz6b6","previousOperationId":"dmayvvdz0m5saw3"}
{"type":"log","timestamp":1701684246243,"level":"info","message":"Rendering template { name: pp_index, recipe: chrome-pdf, engine: handlebars, preview: true }","meta":{"rootId":"385zfmumfv0zii2","id":"385zfmumfv0zii2"},"id":"0ntj9dr0ap7wqtr","previousOperationId":"dmayvvdz0m5saw3"}
{"type":"log","timestamp":1701684246243,"level":"debug","message":"Inline data specified.","meta":{"rootId":"385zfmumfv0zii2","id":"385zfmumfv0zii2"},"id":"4i5c6i69nx8rmfu","previousOperationId":"dmayvvdz0m5saw3"}
{"type":"log","timestamp":1701684246244,"level":"debug","message":"Base url not specified, skipping its injection.","meta":{"rootId":"385zfmumfv0zii2","id":"385zfmumfv0zii2"},"id":"gt2vxc5pdae8vxe","previousOperationId":"dmayvvdz0m5saw3"}
{"type":"operationStart","subtype":"engine","name":"handlebars","timestamp":1701684246244,"id":"iknuuxqdm1akjib","previousEventId":"yd22da7vr4noq9v","operationId":"9tccoi8oa1qojud","previousOperationId":"dmayvvdz0m5saw3"}
{"type":"log","timestamp":1701684246244,"level":"debug","message":"Rendering engine handlebars","meta":{"rootId":"385zfmumfv0zii2","id":"385zfmumfv0zii2"},"id":"5s2hgni01f8mv67","previousOperationId":"9tccoi8oa1qojud"}
{"type":"operationEnd","operationId":"9tccoi8oa1qojud","timestamp":1701684246251,"id":"xggv0cloj0d0d5d","previousEventId":"iknuuxqdm1akjib","previousOperationId":"9tccoi8oa1qojud"}
{"type":"operationStart","subtype":"recipe","name":"chrome-pdf","timestamp":1701684246251,"id":"lrmq2uj70ss0ovc","previousEventId":"xggv0cloj0d0d5d","operationId":"trc5aeuidz06v16","previousOperationId":"9tccoi8oa1qojud"}
{"type":"log","timestamp":1701684246251,"level":"debug","message":"Executing recipe chrome-pdf","meta":{"rootId":"385zfmumfv0zii2","id":"385zfmumfv0zii2"},"id":"ob8nj1ybted9m6z","previousOperationId":"trc5aeuidz06v16"}
{"type":"log","timestamp":1701684246253,"level":"debug","message":"Converting with chrome HeadlessChrome/117.0.5938.149 using chrome-pool strategy","meta":{"rootId":"385zfmumfv0zii2","id":"385zfmumfv0zii2"},"id":"k657n0pmrkn4r9t","previousOperationId":"trc5aeuidz06v16"}
{"type":"log","timestamp":1701684246308,"level":"debug","message":"Page request: GET (document) file:///var/folders/dp/qk79pfcj0y1fmtkkl08m76rc0000gn/T/jsreport/autocleanup/395b02d0-cfab-426b-a338-b3137ae08aba-chrome-pdf.html","meta":{"rootId":"385zfmumfv0zii2","id":"385zfmumfv0zii2"},"id":"bnypqzoeorstzmw","previousOperationId":"trc5aeuidz06v16"}
{"type":"log","timestamp":1701684246313,"level":"debug","message":"Page request finished: GET (document) 200 file:///var/folders/dp/qk79pfcj0y1fmtkkl08m76rc0000gn/T/jsreport/autocleanup/395b02d0-cfab-426b-a338-b3137ae08aba-chrome-pdf.html","meta":{"rootId":"385zfmumfv0zii2","id":"385zfmumfv0zii2"},"id":"acgltsx7c7z8u3i","previousOperationId":"trc5aeuidz06v16"}
{"type":"log","timestamp":1701684246323,"level":"debug","message":"Running chrome with params {\"printBackground\":true,\"width\":\"5.8cm\",\"timeout\":59985,\"margin\":{}}","meta":{"rootId":"385zfmumfv0zii2","id":"385zfmumfv0zii2"},"id":"ixtx82kj2q0ump2","previousOperationId":"trc5aeuidz06v16"}
{"type":"operationEnd","operationId":"trc5aeuidz06v16","timestamp":1701684246343,"id":"cf7ul5i32oles8v","previousEventId":"lrmq2uj70ss0ovc","previousOperationId":"trc5aeuidz06v16"}
{"type":"log","timestamp":1701684246343,"level":"debug","message":"Skipping storing report.","meta":{"rootId":"385zfmumfv0zii2","id":"385zfmumfv0zii2"},"id":"0jcu21vfd0b9gts","previousOperationId":"trc5aeuidz06v16"}
{"type":"log","timestamp":1701684246343,"level":"info","message":"Rendering request 73 finished in 106 ms","meta":{"rootId":"385zfmumfv0zii2","id":"385zfmumfv0zii2"},"id":"ehhso2aige6jjt7","previousOperationId":"trc5aeuidz06v16"}
{"type":"operationEnd","subtype":"render","operationId":"dmayvvdz0m5saw3","timestamp":1701684246343,"id":"f8p7vgsj5a1bcr9","previousEventId":"cf7ul5i32oles8v","previousOperationId":"trc5aeuidz06v16"}
{"type":"operationEnd","doDiffs":false,"previousEventId":"68g69t0uuzjc2h1","previousOperationId":"kn6jup0rcmgnsc1","operationId":"kn6jup0rcmgnsc1","timestamp":1701684246344,"id":"wq3v0xvy02hkihx"}
