{"type":"operationStart","subtype":"profile","data":{"_id":"F5LvXg2X7El3fOpP","timestamp":"2023-12-04T12:10:27.538Z","state":"queued","mode":"standard","creationDate":"2023-12-04T12:10:27.541Z","modificationDate":"2023-12-04T12:10:27.541Z","shortid":"fk5dtl_","$entitySet":"profiles"},"doDiffs":false,"timestamp":1701691827539,"id":"5x5hxk4s1zy9lw3","previousOperationId":null,"operationId":"185xintqtywmrb9"}
{"type":"log","level":"info","message":"Render request 155 queued for execution and waiting for available worker","previousOperationId":"185xintqtywmrb9","timestamp":1701691827539,"id":"6k00qqbpxhfuaq4"}
{"type":"operationStart","subtype":"render","name":"pp_index","previousOperationId":"185xintqtywmrb9","timestamp":1701691827553,"id":"lv9l4ldk2xuos2e","previousEventId":"5x5hxk4s1zy9lw3","operationId":"dv6mf409bqgl8df"}
{"type":"log","timestamp":1701691827553,"level":"info","message":"Starting rendering request 155","meta":{"rootId":"38mt8eq7idzrg00","id":"38mt8eq7idzrg00"},"id":"ezz4ai1c2pr2ycp","previousOperationId":"dv6mf409bqgl8df"}
{"type":"log","timestamp":1701691827553,"level":"info","message":"Rendering template { name: pp_index, recipe: chrome-pdf, engine: handlebars, preview: true }","meta":{"rootId":"38mt8eq7idzrg00","id":"38mt8eq7idzrg00"},"id":"41qhms57zt2g297","previousOperationId":"dv6mf409bqgl8df"}
{"type":"log","timestamp":1701691827554,"level":"debug","message":"Inline data specified.","meta":{"rootId":"38mt8eq7idzrg00","id":"38mt8eq7idzrg00"},"id":"awf0emjsmyma7su","previousOperationId":"dv6mf409bqgl8df"}
{"type":"log","timestamp":1701691827554,"level":"debug","message":"Base url not specified, skipping its injection.","meta":{"rootId":"38mt8eq7idzrg00","id":"38mt8eq7idzrg00"},"id":"p6ajsx903r4gbwv","previousOperationId":"dv6mf409bqgl8df"}
{"type":"operationStart","subtype":"engine","name":"handlebars","timestamp":1701691827555,"id":"0ub09l49snwpma1","previousEventId":"lv9l4ldk2xuos2e","operationId":"ioscao2h4pgbimm","previousOperationId":"dv6mf409bqgl8df"}
{"type":"log","timestamp":1701691827555,"level":"debug","message":"Rendering engine handlebars","meta":{"rootId":"38mt8eq7idzrg00","id":"38mt8eq7idzrg00"},"id":"nrfchde4yweemie","previousOperationId":"ioscao2h4pgbimm"}
{"type":"operationEnd","operationId":"ioscao2h4pgbimm","timestamp":1701691827567,"id":"ntm396nf804oj1g","previousEventId":"0ub09l49snwpma1","previousOperationId":"ioscao2h4pgbimm"}
{"type":"operationStart","subtype":"recipe","name":"chrome-pdf","timestamp":1701691827567,"id":"rfix6ea129ynnet","previousEventId":"ntm396nf804oj1g","operationId":"zn0thwe24s0fo4e","previousOperationId":"ioscao2h4pgbimm"}
{"type":"log","timestamp":1701691827567,"level":"debug","message":"Executing recipe chrome-pdf","meta":{"rootId":"38mt8eq7idzrg00","id":"38mt8eq7idzrg00"},"id":"afdnuogksffinyt","previousOperationId":"zn0thwe24s0fo4e"}
{"type":"log","timestamp":1701691827571,"level":"debug","message":"Converting with chrome HeadlessChrome/117.0.5938.149 using chrome-pool strategy","meta":{"rootId":"38mt8eq7idzrg00","id":"38mt8eq7idzrg00"},"id":"9kxip75jvnzlkyc","previousOperationId":"zn0thwe24s0fo4e"}
{"type":"log","timestamp":1701691827635,"level":"debug","message":"Page request: GET (document) file:///var/folders/dp/qk79pfcj0y1fmtkkl08m76rc0000gn/T/jsreport/autocleanup/d26e6924-cde4-4fe6-a2bf-eaddf9b9a8bc-chrome-pdf.html","meta":{"rootId":"38mt8eq7idzrg00","id":"38mt8eq7idzrg00"},"id":"qb4oammwt5wuo9u","previousOperationId":"zn0thwe24s0fo4e"}
{"type":"log","timestamp":1701691827641,"level":"debug","message":"Page request finished: GET (document) 200 file:///var/folders/dp/qk79pfcj0y1fmtkkl08m76rc0000gn/T/jsreport/autocleanup/d26e6924-cde4-4fe6-a2bf-eaddf9b9a8bc-chrome-pdf.html","meta":{"rootId":"38mt8eq7idzrg00","id":"38mt8eq7idzrg00"},"id":"7ibdi9ix5678ag9","previousOperationId":"zn0thwe24s0fo4e"}
{"type":"log","timestamp":1701691827649,"level":"debug","message":"Running chrome with params {\"printBackground\":true,\"width\":\"5.8cm\",\"height\":\"35cm\",\"timeout\":59968,\"margin\":{}}","meta":{"rootId":"38mt8eq7idzrg00","id":"38mt8eq7idzrg00"},"id":"21ulzvop49ikgm6","previousOperationId":"zn0thwe24s0fo4e"}
{"type":"operationEnd","operationId":"zn0thwe24s0fo4e","timestamp":1701691827679,"id":"hk7kk6si7198wxx","previousEventId":"rfix6ea129ynnet","previousOperationId":"zn0thwe24s0fo4e"}
{"type":"log","timestamp":1701691827680,"level":"debug","message":"Skipping storing report.","meta":{"rootId":"38mt8eq7idzrg00","id":"38mt8eq7idzrg00"},"id":"z75peis9km039cv","previousOperationId":"zn0thwe24s0fo4e"}
{"type":"log","timestamp":1701691827680,"level":"info","message":"Rendering request 155 finished in 142 ms","meta":{"rootId":"38mt8eq7idzrg00","id":"38mt8eq7idzrg00"},"id":"z7tpi9a5yncc7rm","previousOperationId":"zn0thwe24s0fo4e"}
{"type":"operationEnd","subtype":"render","operationId":"dv6mf409bqgl8df","timestamp":1701691827680,"id":"zagp6a41yfg9ciy","previousEventId":"hk7kk6si7198wxx","previousOperationId":"zn0thwe24s0fo4e"}
{"type":"operationEnd","doDiffs":false,"previousEventId":"5x5hxk4s1zy9lw3","previousOperationId":"185xintqtywmrb9","operationId":"185xintqtywmrb9","timestamp":1701691827681,"id":"rv4hc3atwuvwu9i"}
