{"type":"operationStart","subtype":"profile","data":{"_id":"zSSWnfsauzYxARAj","timestamp":"2023-12-05T08:27:07.167Z","state":"queued","mode":"standard","creationDate":"2023-12-05T08:27:07.168Z","modificationDate":"2023-12-05T08:27:07.168Z","shortid":"o2LxVEm","$entitySet":"profiles"},"doDiffs":false,"timestamp":1701764827168,"id":"u3p3xnz0vbg0k17","previousOperationId":null,"operationId":"7ok5s6ntjopqw2f"}
{"type":"log","level":"info","message":"Render request 24 queued for execution and waiting for available worker","previousOperationId":"7ok5s6ntjopqw2f","timestamp":1701764827168,"id":"jjn367vmjf2u4y6"}
{"type":"operationStart","subtype":"render","name":"pp_index","previousOperationId":"7ok5s6ntjopqw2f","timestamp":1701764827175,"id":"sx82wwny7he9kan","previousEventId":"u3p3xnz0vbg0k17","operationId":"yk1ckxk989t5iww"}
{"type":"log","timestamp":1701764827175,"level":"info","message":"Starting rendering request 24","meta":{"rootId":"3ae8jao9mdj5ez3","id":"3ae8jao9mdj5ez3"},"id":"g1htdwypfxvn532","previousOperationId":"yk1ckxk989t5iww"}
{"type":"log","timestamp":1701764827175,"level":"info","message":"Rendering template { name: pp_index, recipe: chrome-pdf, engine: handlebars, preview: true }","meta":{"rootId":"3ae8jao9mdj5ez3","id":"3ae8jao9mdj5ez3"},"id":"fcqi890vxqdcoij","previousOperationId":"yk1ckxk989t5iww"}
{"type":"log","timestamp":1701764827177,"level":"debug","message":"Adding sample data PH9LTzd4s","meta":{"rootId":"3ae8jao9mdj5ez3","id":"3ae8jao9mdj5ez3"},"id":"uz7shll4m5n2v34","previousOperationId":"yk1ckxk989t5iww"}
{"type":"log","timestamp":1701764827179,"level":"debug","message":"Base url not specified, skipping its injection.","meta":{"rootId":"3ae8jao9mdj5ez3","id":"3ae8jao9mdj5ez3"},"id":"gl42hyjiq2zmto2","previousOperationId":"yk1ckxk989t5iww"}
{"type":"log","timestamp":1701764827182,"level":"debug","message":"Replaced assets [\"styles.css\"]","meta":{"rootId":"3ae8jao9mdj5ez3","id":"3ae8jao9mdj5ez3"},"id":"z0scgy9wuml8o6g","previousOperationId":"yk1ckxk989t5iww"}
{"type":"operationStart","subtype":"engine","name":"handlebars","timestamp":1701764827182,"id":"kftfgcl16fpvqe7","previousEventId":"sx82wwny7he9kan","operationId":"fdudnramkbf5qli","previousOperationId":"yk1ckxk989t5iww"}
{"type":"log","timestamp":1701764827182,"level":"debug","message":"Rendering engine handlebars","meta":{"rootId":"3ae8jao9mdj5ez3","id":"3ae8jao9mdj5ez3"},"id":"eiv4lxrumh2y293","previousOperationId":"fdudnramkbf5qli"}
{"type":"operationEnd","operationId":"fdudnramkbf5qli","timestamp":1701764827205,"id":"9jawx2umusbnpbn","previousEventId":"kftfgcl16fpvqe7","previousOperationId":"fdudnramkbf5qli"}
{"type":"operationStart","subtype":"recipe","name":"chrome-pdf","timestamp":1701764827205,"id":"uj1an2qamsu6ai1","previousEventId":"9jawx2umusbnpbn","operationId":"4jpqaxa3eyj5bea","previousOperationId":"fdudnramkbf5qli"}
{"type":"log","timestamp":1701764827205,"level":"debug","message":"Executing recipe chrome-pdf","meta":{"rootId":"3ae8jao9mdj5ez3","id":"3ae8jao9mdj5ez3"},"id":"p7na4835o6vhov0","previousOperationId":"4jpqaxa3eyj5bea"}
{"type":"log","timestamp":1701764827207,"level":"debug","message":"Converting with chrome HeadlessChrome/117.0.5938.149 using chrome-pool strategy","meta":{"rootId":"3ae8jao9mdj5ez3","id":"3ae8jao9mdj5ez3"},"id":"u49t4cqvhvy0b4l","previousOperationId":"4jpqaxa3eyj5bea"}
{"type":"log","timestamp":1701764827262,"level":"debug","message":"Page request: GET (document) file:///var/folders/dp/qk79pfcj0y1fmtkkl08m76rc0000gn/T/jsreport/autocleanup/5fb045e7-1037-4564-a40e-c079ca27f643-chrome-pdf.html","meta":{"rootId":"3ae8jao9mdj5ez3","id":"3ae8jao9mdj5ez3"},"id":"4a0rf3265z4vhll","previousOperationId":"4jpqaxa3eyj5bea"}
{"type":"log","timestamp":1701764827267,"level":"debug","message":"Page request finished: GET (document) 200 file:///var/folders/dp/qk79pfcj0y1fmtkkl08m76rc0000gn/T/jsreport/autocleanup/5fb045e7-1037-4564-a40e-c079ca27f643-chrome-pdf.html","meta":{"rootId":"3ae8jao9mdj5ez3","id":"3ae8jao9mdj5ez3"},"id":"0x94kbm4we96i7n","previousOperationId":"4jpqaxa3eyj5bea"}
{"type":"log","timestamp":1701764827277,"level":"debug","message":"Running chrome with params {\"printBackground\":true,\"width\":\"5.8cm\",\"height\":\"21cm\",\"timeout\":59961,\"margin\":{}}","meta":{"rootId":"3ae8jao9mdj5ez3","id":"3ae8jao9mdj5ez3"},"id":"nsl27dge7qait8y","previousOperationId":"4jpqaxa3eyj5bea"}
{"type":"operationEnd","operationId":"4jpqaxa3eyj5bea","timestamp":1701764827298,"id":"20dvy9qjd8yw0rp","previousEventId":"uj1an2qamsu6ai1","previousOperationId":"4jpqaxa3eyj5bea"}
{"type":"log","timestamp":1701764827298,"level":"debug","message":"Skipping storing report.","meta":{"rootId":"3ae8jao9mdj5ez3","id":"3ae8jao9mdj5ez3"},"id":"6l4b9po5fzdiisi","previousOperationId":"4jpqaxa3eyj5bea"}
{"type":"log","timestamp":1701764827298,"level":"info","message":"Rendering request 24 finished in 131 ms","meta":{"rootId":"3ae8jao9mdj5ez3","id":"3ae8jao9mdj5ez3"},"id":"ag0zotudq4alevi","previousOperationId":"4jpqaxa3eyj5bea"}
{"type":"operationEnd","subtype":"render","operationId":"yk1ckxk989t5iww","timestamp":1701764827298,"id":"1s3hnkpfs9uuec4","previousEventId":"20dvy9qjd8yw0rp","previousOperationId":"4jpqaxa3eyj5bea"}
{"type":"operationEnd","doDiffs":false,"previousEventId":"u3p3xnz0vbg0k17","previousOperationId":"7ok5s6ntjopqw2f","operationId":"7ok5s6ntjopqw2f","timestamp":1701764827300,"id":"o22efltcdsxrabx"}
