{"type":"operationStart","subtype":"profile","data":{"_id":"Wvgk305Qv62zElFn","timestamp":"2023-12-04T09:24:37.880Z","state":"queued","mode":"standard","creationDate":"2023-12-04T09:24:37.882Z","modificationDate":"2023-12-04T09:24:37.882Z","shortid":"9Bpn5et","$entitySet":"profiles"},"doDiffs":false,"timestamp":1701681877881,"id":"8bs3tawtzgmktmh","previousOperationId":null,"operationId":"pjoladx4ehqmfpi"}
{"type":"log","level":"info","message":"Render request 49 queued for execution and waiting for available worker","previousOperationId":"pjoladx4ehqmfpi","timestamp":1701681877881,"id":"8oh6o3env9kme0a"}
{"type":"operationStart","subtype":"render","name":"pp_index","previousOperationId":"pjoladx4ehqmfpi","timestamp":1701681877888,"id":"6bdaabezuqdgtcm","previousEventId":"8bs3tawtzgmktmh","operationId":"8tnhmh795x936po"}
{"type":"log","timestamp":1701681877888,"level":"info","message":"Starting rendering request 49","meta":{"rootId":"3akspshhe4g42wa","id":"3akspshhe4g42wa"},"id":"5eoy14ui89cqtcf","previousOperationId":"8tnhmh795x936po"}
{"type":"log","timestamp":1701681877888,"level":"info","message":"Rendering template { name: pp_index, recipe: chrome-pdf, engine: handlebars, preview: true }","meta":{"rootId":"3akspshhe4g42wa","id":"3akspshhe4g42wa"},"id":"qwwgl95wyn4jdtd","previousOperationId":"8tnhmh795x936po"}
{"type":"log","timestamp":1701681877889,"level":"debug","message":"Inline data specified.","meta":{"rootId":"3akspshhe4g42wa","id":"3akspshhe4g42wa"},"id":"s0rc2oo2hcfckhb","previousOperationId":"8tnhmh795x936po"}
{"type":"log","timestamp":1701681877891,"level":"debug","message":"Base url not specified, skipping its injection.","meta":{"rootId":"3akspshhe4g42wa","id":"3akspshhe4g42wa"},"id":"hqb4zu38tu828es","previousOperationId":"8tnhmh795x936po"}
{"type":"operationStart","subtype":"engine","name":"handlebars","timestamp":1701681877891,"id":"85w32wwi1zhj66w","previousEventId":"6bdaabezuqdgtcm","operationId":"vz7cltsxke6mm3w","previousOperationId":"8tnhmh795x936po"}
{"type":"log","timestamp":1701681877891,"level":"debug","message":"Rendering engine handlebars","meta":{"rootId":"3akspshhe4g42wa","id":"3akspshhe4g42wa"},"id":"18fudad1zc99kbs","previousOperationId":"vz7cltsxke6mm3w"}
{"type":"operationEnd","operationId":"vz7cltsxke6mm3w","timestamp":1701681877905,"id":"upj5565z4cfrcxm","previousEventId":"85w32wwi1zhj66w","previousOperationId":"vz7cltsxke6mm3w"}
{"type":"operationStart","subtype":"recipe","name":"chrome-pdf","timestamp":1701681877905,"id":"ien27opdcsnfkdz","previousEventId":"upj5565z4cfrcxm","operationId":"f8epz8sznq3qoxg","previousOperationId":"vz7cltsxke6mm3w"}
{"type":"log","timestamp":1701681877905,"level":"debug","message":"Executing recipe chrome-pdf","meta":{"rootId":"3akspshhe4g42wa","id":"3akspshhe4g42wa"},"id":"58yyk4vyz63wu3e","previousOperationId":"f8epz8sznq3qoxg"}
{"type":"log","timestamp":1701681877906,"level":"debug","message":"Converting with chrome HeadlessChrome/117.0.5938.149 using chrome-pool strategy","meta":{"rootId":"3akspshhe4g42wa","id":"3akspshhe4g42wa"},"id":"iyty1ztdwbpqxvq","previousOperationId":"f8epz8sznq3qoxg"}
{"type":"log","timestamp":1701681877953,"level":"debug","message":"Page request: GET (document) file:///var/folders/dp/qk79pfcj0y1fmtkkl08m76rc0000gn/T/jsreport/autocleanup/8408f5be-2261-4c8a-9c8e-7acf25c8be88-chrome-pdf.html","meta":{"rootId":"3akspshhe4g42wa","id":"3akspshhe4g42wa"},"id":"pgxs6a1fs9ea5ij","previousOperationId":"f8epz8sznq3qoxg"}
{"type":"log","timestamp":1701681877958,"level":"debug","message":"Page request finished: GET (document) 200 file:///var/folders/dp/qk79pfcj0y1fmtkkl08m76rc0000gn/T/jsreport/autocleanup/8408f5be-2261-4c8a-9c8e-7acf25c8be88-chrome-pdf.html","meta":{"rootId":"3akspshhe4g42wa","id":"3akspshhe4g42wa"},"id":"3igx83iqgteayom","previousOperationId":"f8epz8sznq3qoxg"}
{"type":"log","timestamp":1701681877970,"level":"debug","message":"Running chrome with params {\"printBackground\":true,\"timeout\":59975,\"margin\":{}}","meta":{"rootId":"3akspshhe4g42wa","id":"3akspshhe4g42wa"},"id":"qzap9h0i97fc1gh","previousOperationId":"f8epz8sznq3qoxg"}
{"type":"operationEnd","operationId":"f8epz8sznq3qoxg","timestamp":1701681877988,"id":"ctetigr8b7d03z9","previousEventId":"ien27opdcsnfkdz","previousOperationId":"f8epz8sznq3qoxg"}
{"type":"log","timestamp":1701681877988,"level":"debug","message":"Skipping storing report.","meta":{"rootId":"3akspshhe4g42wa","id":"3akspshhe4g42wa"},"id":"s80283m4obz924p","previousOperationId":"f8epz8sznq3qoxg"}
{"type":"log","timestamp":1701681877988,"level":"info","message":"Rendering request 49 finished in 108 ms","meta":{"rootId":"3akspshhe4g42wa","id":"3akspshhe4g42wa"},"id":"fe0ss87xwt4bh47","previousOperationId":"f8epz8sznq3qoxg"}
{"type":"operationEnd","subtype":"render","operationId":"8tnhmh795x936po","timestamp":1701681877988,"id":"nx4sdidlbdhett1","previousEventId":"ctetigr8b7d03z9","previousOperationId":"f8epz8sznq3qoxg"}
{"type":"operationEnd","doDiffs":false,"previousEventId":"8bs3tawtzgmktmh","previousOperationId":"pjoladx4ehqmfpi","operationId":"pjoladx4ehqmfpi","timestamp":1701681877990,"id":"0cv0973y2k5w4f8"}
