{"type":"operationStart","subtype":"profile","data":{"_id":"8pwGUi3QI8zFjIZg","timestamp":"2023-12-04T10:05:22.592Z","state":"queued","mode":"standard","creationDate":"2023-12-04T10:05:22.593Z","modificationDate":"2023-12-04T10:05:22.593Z","shortid":"qoKkUxc","$entitySet":"profiles"},"doDiffs":false,"timestamp":1701684322592,"id":"ijpx13z7usqygy8","previousOperationId":null,"operationId":"17aqf5ck50icpdn"}
{"type":"log","level":"info","message":"Render request 75 queued for execution and waiting for available worker","previousOperationId":"17aqf5ck50icpdn","timestamp":1701684322592,"id":"t8yw9j490c8m7uu"}
{"type":"operationStart","subtype":"render","name":"pp_index","previousOperationId":"17aqf5ck50icpdn","timestamp":1701684322602,"id":"4ywrja9vwr5rjto","previousEventId":"ijpx13z7usqygy8","operationId":"o9tsszxe5nj21vr"}
{"type":"log","timestamp":1701684322602,"level":"info","message":"Starting rendering request 75","meta":{"rootId":"3wcx4ewvb1ttbuo","id":"3wcx4ewvb1ttbuo"},"id":"bnsrhadea590co3","previousOperationId":"o9tsszxe5nj21vr"}
{"type":"log","timestamp":1701684322602,"level":"info","message":"Rendering template { name: pp_index, recipe: chrome-pdf, engine: handlebars, preview: true }","meta":{"rootId":"3wcx4ewvb1ttbuo","id":"3wcx4ewvb1ttbuo"},"id":"hh7vrvnoahytvvc","previousOperationId":"o9tsszxe5nj21vr"}
{"type":"log","timestamp":1701684322602,"level":"debug","message":"Inline data specified.","meta":{"rootId":"3wcx4ewvb1ttbuo","id":"3wcx4ewvb1ttbuo"},"id":"hdzzpebq6e1rmiy","previousOperationId":"o9tsszxe5nj21vr"}
{"type":"log","timestamp":1701684322604,"level":"debug","message":"Base url not specified, skipping its injection.","meta":{"rootId":"3wcx4ewvb1ttbuo","id":"3wcx4ewvb1ttbuo"},"id":"58fim1gn99dfx0l","previousOperationId":"o9tsszxe5nj21vr"}
{"type":"operationStart","subtype":"engine","name":"handlebars","timestamp":1701684322604,"id":"c5su8x44o9igjfz","previousEventId":"4ywrja9vwr5rjto","operationId":"csk5xn8i9jfzgnq","previousOperationId":"o9tsszxe5nj21vr"}
{"type":"log","timestamp":1701684322604,"level":"debug","message":"Rendering engine handlebars","meta":{"rootId":"3wcx4ewvb1ttbuo","id":"3wcx4ewvb1ttbuo"},"id":"f0hsuitogsc3k4d","previousOperationId":"csk5xn8i9jfzgnq"}
{"type":"operationEnd","operationId":"csk5xn8i9jfzgnq","timestamp":1701684322615,"id":"n0vt9rbkc664l2i","previousEventId":"c5su8x44o9igjfz","previousOperationId":"csk5xn8i9jfzgnq"}
{"type":"operationStart","subtype":"recipe","name":"chrome-pdf","timestamp":1701684322615,"id":"a4zo7zxxvm542i6","previousEventId":"n0vt9rbkc664l2i","operationId":"l1f1jbhpcordnp1","previousOperationId":"csk5xn8i9jfzgnq"}
{"type":"log","timestamp":1701684322615,"level":"debug","message":"Executing recipe chrome-pdf","meta":{"rootId":"3wcx4ewvb1ttbuo","id":"3wcx4ewvb1ttbuo"},"id":"2lf5j1wqwdpf6m5","previousOperationId":"l1f1jbhpcordnp1"}
{"type":"log","timestamp":1701684322617,"level":"debug","message":"Converting with chrome HeadlessChrome/117.0.5938.149 using chrome-pool strategy","meta":{"rootId":"3wcx4ewvb1ttbuo","id":"3wcx4ewvb1ttbuo"},"id":"21ln4wg12g3hqlr","previousOperationId":"l1f1jbhpcordnp1"}
{"type":"log","timestamp":1701684322677,"level":"debug","message":"Page request: GET (document) file:///var/folders/dp/qk79pfcj0y1fmtkkl08m76rc0000gn/T/jsreport/autocleanup/ccf4a3e1-d0aa-4672-8b17-69482d4d79c5-chrome-pdf.html","meta":{"rootId":"3wcx4ewvb1ttbuo","id":"3wcx4ewvb1ttbuo"},"id":"sqdarjg1yf49bvo","previousOperationId":"l1f1jbhpcordnp1"}
{"type":"log","timestamp":1701684322684,"level":"debug","message":"Page request finished: GET (document) 200 file:///var/folders/dp/qk79pfcj0y1fmtkkl08m76rc0000gn/T/jsreport/autocleanup/ccf4a3e1-d0aa-4672-8b17-69482d4d79c5-chrome-pdf.html","meta":{"rootId":"3wcx4ewvb1ttbuo","id":"3wcx4ewvb1ttbuo"},"id":"yugov5cg99sa6dl","previousOperationId":"l1f1jbhpcordnp1"}
{"type":"log","timestamp":1701684322691,"level":"debug","message":"Running chrome with params {\"printBackground\":true,\"width\":\"5.8cm\",\"timeout\":59976,\"margin\":{}}","meta":{"rootId":"3wcx4ewvb1ttbuo","id":"3wcx4ewvb1ttbuo"},"id":"4tgv24ckli44xwo","previousOperationId":"l1f1jbhpcordnp1"}
{"type":"operationEnd","operationId":"l1f1jbhpcordnp1","timestamp":1701684322720,"id":"wzi7svn4c1h28mw","previousEventId":"a4zo7zxxvm542i6","previousOperationId":"l1f1jbhpcordnp1"}
{"type":"log","timestamp":1701684322720,"level":"debug","message":"Skipping storing report.","meta":{"rootId":"3wcx4ewvb1ttbuo","id":"3wcx4ewvb1ttbuo"},"id":"tr6hap7hwdsa2sr","previousOperationId":"l1f1jbhpcordnp1"}
{"type":"log","timestamp":1701684322720,"level":"info","message":"Rendering request 75 finished in 128 ms","meta":{"rootId":"3wcx4ewvb1ttbuo","id":"3wcx4ewvb1ttbuo"},"id":"ggohq82ya4p9rlj","previousOperationId":"l1f1jbhpcordnp1"}
{"type":"operationEnd","subtype":"render","operationId":"o9tsszxe5nj21vr","timestamp":1701684322720,"id":"i9oo9hpml86epw8","previousEventId":"wzi7svn4c1h28mw","previousOperationId":"l1f1jbhpcordnp1"}
{"type":"operationEnd","doDiffs":false,"previousEventId":"ijpx13z7usqygy8","previousOperationId":"17aqf5ck50icpdn","operationId":"17aqf5ck50icpdn","timestamp":1701684322721,"id":"8pgk2geb0kqzrfd"}
