{"type":"operationStart","subtype":"profile","data":{"_id":"uO3jO0hERd7OjIAi","timestamp":"2023-12-04T09:47:35.140Z","state":"queued","mode":"standard","creationDate":"2023-12-04T09:47:35.141Z","modificationDate":"2023-12-04T09:47:35.141Z","shortid":"BDBsLXY","$entitySet":"profiles"},"doDiffs":false,"timestamp":1701683255141,"id":"2r9feng1cn2qyyz","previousOperationId":null,"operationId":"5gnku3fassi7rva"}
{"type":"log","level":"info","message":"Render request 64 queued for execution and waiting for available worker","previousOperationId":"5gnku3fassi7rva","timestamp":1701683255141,"id":"chfbvwkbhyrn4fq"}
{"type":"operationStart","subtype":"render","name":"pp_index","previousOperationId":"5gnku3fassi7rva","timestamp":1701683255145,"id":"u0crbb11q1a8eij","previousEventId":"2r9feng1cn2qyyz","operationId":"873hpr78z287umc"}
{"type":"log","timestamp":1701683255145,"level":"info","message":"Starting rendering request 64","meta":{"rootId":"44r9c2pwcj2uzvu","id":"44r9c2pwcj2uzvu"},"id":"uv9rory9n15zjr8","previousOperationId":"873hpr78z287umc"}
{"type":"log","timestamp":1701683255145,"level":"info","message":"Rendering template { name: pp_index, recipe: chrome-pdf, engine: handlebars, preview: true }","meta":{"rootId":"44r9c2pwcj2uzvu","id":"44r9c2pwcj2uzvu"},"id":"pyqf99ufgxvo9jz","previousOperationId":"873hpr78z287umc"}
{"type":"log","timestamp":1701683255145,"level":"debug","message":"Inline data specified.","meta":{"rootId":"44r9c2pwcj2uzvu","id":"44r9c2pwcj2uzvu"},"id":"vge49ihca30pvbi","previousOperationId":"873hpr78z287umc"}
{"type":"log","timestamp":1701683255145,"level":"debug","message":"Base url not specified, skipping its injection.","meta":{"rootId":"44r9c2pwcj2uzvu","id":"44r9c2pwcj2uzvu"},"id":"bzi9basd9o30hap","previousOperationId":"873hpr78z287umc"}
{"type":"operationStart","subtype":"engine","name":"handlebars","timestamp":1701683255145,"id":"onov86tyiiknnq8","previousEventId":"u0crbb11q1a8eij","operationId":"ru4u6orggeb76y1","previousOperationId":"873hpr78z287umc"}
{"type":"log","timestamp":1701683255145,"level":"debug","message":"Rendering engine handlebars","meta":{"rootId":"44r9c2pwcj2uzvu","id":"44r9c2pwcj2uzvu"},"id":"wu4ihria9x81mwp","previousOperationId":"ru4u6orggeb76y1"}
{"type":"operationEnd","operationId":"ru4u6orggeb76y1","timestamp":1701683255152,"id":"jeji820vk4t8gtn","previousEventId":"onov86tyiiknnq8","previousOperationId":"ru4u6orggeb76y1"}
{"type":"operationStart","subtype":"recipe","name":"chrome-pdf","timestamp":1701683255152,"id":"gbmk6rsf89a1z20","previousEventId":"jeji820vk4t8gtn","operationId":"gqd6ijua5a5my75","previousOperationId":"ru4u6orggeb76y1"}
{"type":"log","timestamp":1701683255152,"level":"debug","message":"Executing recipe chrome-pdf","meta":{"rootId":"44r9c2pwcj2uzvu","id":"44r9c2pwcj2uzvu"},"id":"lzutee0ms049nqu","previousOperationId":"gqd6ijua5a5my75"}
{"type":"log","timestamp":1701683255153,"level":"debug","message":"Converting with chrome HeadlessChrome/117.0.5938.149 using chrome-pool strategy","meta":{"rootId":"44r9c2pwcj2uzvu","id":"44r9c2pwcj2uzvu"},"id":"jdvs33wilxeitlw","previousOperationId":"gqd6ijua5a5my75"}
{"type":"log","timestamp":1701683255192,"level":"debug","message":"Page request: GET (document) file:///var/folders/dp/qk79pfcj0y1fmtkkl08m76rc0000gn/T/jsreport/autocleanup/2dd4e637-3e2a-4498-bba3-20ddcfd7abcb-chrome-pdf.html","meta":{"rootId":"44r9c2pwcj2uzvu","id":"44r9c2pwcj2uzvu"},"id":"wpqv3itlg247iwe","previousOperationId":"gqd6ijua5a5my75"}
{"type":"log","timestamp":1701683255197,"level":"debug","message":"Page request finished: GET (document) 200 file:///var/folders/dp/qk79pfcj0y1fmtkkl08m76rc0000gn/T/jsreport/autocleanup/2dd4e637-3e2a-4498-bba3-20ddcfd7abcb-chrome-pdf.html","meta":{"rootId":"44r9c2pwcj2uzvu","id":"44r9c2pwcj2uzvu"},"id":"j61mz71rzf0idfp","previousOperationId":"gqd6ijua5a5my75"}
{"type":"log","timestamp":1701683255208,"level":"debug","message":"Running chrome with params {\"printBackground\":true,\"timeout\":59988,\"margin\":{}}","meta":{"rootId":"44r9c2pwcj2uzvu","id":"44r9c2pwcj2uzvu"},"id":"9es9yl8tn01w745","previousOperationId":"gqd6ijua5a5my75"}
{"type":"operationEnd","operationId":"gqd6ijua5a5my75","timestamp":1701683255226,"id":"2zwp8x0m0gr1yf4","previousEventId":"gbmk6rsf89a1z20","previousOperationId":"gqd6ijua5a5my75"}
{"type":"log","timestamp":1701683255226,"level":"debug","message":"Skipping storing report.","meta":{"rootId":"44r9c2pwcj2uzvu","id":"44r9c2pwcj2uzvu"},"id":"hz6hr0khgzz07vv","previousOperationId":"gqd6ijua5a5my75"}
{"type":"log","timestamp":1701683255227,"level":"info","message":"Rendering request 64 finished in 87 ms","meta":{"rootId":"44r9c2pwcj2uzvu","id":"44r9c2pwcj2uzvu"},"id":"kkqexs75h1nvsj7","previousOperationId":"gqd6ijua5a5my75"}
{"type":"operationEnd","subtype":"render","operationId":"873hpr78z287umc","timestamp":1701683255227,"id":"cpgmbqv1old8tb1","previousEventId":"2zwp8x0m0gr1yf4","previousOperationId":"gqd6ijua5a5my75"}
{"type":"operationEnd","doDiffs":false,"previousEventId":"2r9feng1cn2qyyz","previousOperationId":"5gnku3fassi7rva","operationId":"5gnku3fassi7rva","timestamp":1701683255228,"id":"635lhcroc92xaae"}
