{"type":"operationStart","subtype":"profile","data":{"_id":"9I27MKH5vzTsBoVY","timestamp":"2023-12-05T08:30:36.150Z","state":"queued","mode":"standard","creationDate":"2023-12-05T08:30:36.152Z","modificationDate":"2023-12-05T08:30:36.152Z","shortid":"R6JIeA5","$entitySet":"profiles"},"doDiffs":false,"timestamp":1701765036151,"id":"zi0bvh35m3il1sy","previousOperationId":null,"operationId":"ps6stk2siazr9me"}
{"type":"log","level":"info","message":"Render request 31 queued for execution and waiting for available worker","previousOperationId":"ps6stk2siazr9me","timestamp":1701765036151,"id":"h3zhawuxttgaddv"}
{"type":"operationStart","subtype":"render","name":"pp_index","previousOperationId":"ps6stk2siazr9me","timestamp":1701765036166,"id":"0s0qgef61inq1fh","previousEventId":"zi0bvh35m3il1sy","operationId":"is9pkjiuln02xut"}
{"type":"log","timestamp":1701765036166,"level":"info","message":"Starting rendering request 31","meta":{"rootId":"4rfuj2xe4ynt2qj","id":"4rfuj2xe4ynt2qj"},"id":"reonnyevkjieoho","previousOperationId":"is9pkjiuln02xut"}
{"type":"log","timestamp":1701765036166,"level":"info","message":"Rendering template { name: pp_index, recipe: chrome-pdf, engine: handlebars, preview: true }","meta":{"rootId":"4rfuj2xe4ynt2qj","id":"4rfuj2xe4ynt2qj"},"id":"gw6tib3ei3dthpb","previousOperationId":"is9pkjiuln02xut"}
{"type":"log","timestamp":1701765036167,"level":"debug","message":"Adding sample data PH9LTzd4s","meta":{"rootId":"4rfuj2xe4ynt2qj","id":"4rfuj2xe4ynt2qj"},"id":"k3j6562qlc0xoko","previousOperationId":"is9pkjiuln02xut"}
{"type":"log","timestamp":1701765036169,"level":"debug","message":"Base url not specified, skipping its injection.","meta":{"rootId":"4rfuj2xe4ynt2qj","id":"4rfuj2xe4ynt2qj"},"id":"3jy3z5or2ur760c","previousOperationId":"is9pkjiuln02xut"}
{"type":"log","timestamp":1701765036170,"level":"debug","message":"Replaced assets [\"styles.css\"]","meta":{"rootId":"4rfuj2xe4ynt2qj","id":"4rfuj2xe4ynt2qj"},"id":"o1hz22t6tlaa71w","previousOperationId":"is9pkjiuln02xut"}
{"type":"operationStart","subtype":"engine","name":"handlebars","timestamp":1701765036170,"id":"725ra4o7qajq15h","previousEventId":"0s0qgef61inq1fh","operationId":"7m6bm4cml4q1geu","previousOperationId":"is9pkjiuln02xut"}
{"type":"log","timestamp":1701765036170,"level":"debug","message":"Rendering engine handlebars","meta":{"rootId":"4rfuj2xe4ynt2qj","id":"4rfuj2xe4ynt2qj"},"id":"tukjr69k5yqcj7v","previousOperationId":"7m6bm4cml4q1geu"}
{"type":"operationEnd","operationId":"7m6bm4cml4q1geu","timestamp":1701765036188,"id":"dq30rlixm711bnh","previousEventId":"725ra4o7qajq15h","previousOperationId":"7m6bm4cml4q1geu"}
{"type":"operationStart","subtype":"recipe","name":"chrome-pdf","timestamp":1701765036189,"id":"7ho04vofq62axho","previousEventId":"dq30rlixm711bnh","operationId":"hhujb1z0bo2syco","previousOperationId":"7m6bm4cml4q1geu"}
{"type":"log","timestamp":1701765036189,"level":"debug","message":"Executing recipe chrome-pdf","meta":{"rootId":"4rfuj2xe4ynt2qj","id":"4rfuj2xe4ynt2qj"},"id":"4uit55i9u3vfcfo","previousOperationId":"hhujb1z0bo2syco"}
{"type":"log","timestamp":1701765036191,"level":"debug","message":"Converting with chrome HeadlessChrome/117.0.5938.149 using chrome-pool strategy","meta":{"rootId":"4rfuj2xe4ynt2qj","id":"4rfuj2xe4ynt2qj"},"id":"2lnwlsofepcnz8k","previousOperationId":"hhujb1z0bo2syco"}
{"type":"log","timestamp":1701765036237,"level":"debug","message":"Page request: GET (document) file:///var/folders/dp/qk79pfcj0y1fmtkkl08m76rc0000gn/T/jsreport/autocleanup/812a5985-95ee-49d6-abdc-8555a6715283-chrome-pdf.html","meta":{"rootId":"4rfuj2xe4ynt2qj","id":"4rfuj2xe4ynt2qj"},"id":"gezecoao3dy9tyi","previousOperationId":"hhujb1z0bo2syco"}
{"type":"log","timestamp":1701765036243,"level":"debug","message":"Page request finished: GET (document) 200 file:///var/folders/dp/qk79pfcj0y1fmtkkl08m76rc0000gn/T/jsreport/autocleanup/812a5985-95ee-49d6-abdc-8555a6715283-chrome-pdf.html","meta":{"rootId":"4rfuj2xe4ynt2qj","id":"4rfuj2xe4ynt2qj"},"id":"fez24syxn496jhr","previousOperationId":"hhujb1z0bo2syco"}
{"type":"log","timestamp":1701765036252,"level":"debug","message":"Running chrome with params {\"printBackground\":true,\"width\":\"5.8cm\",\"height\":\"21cm\",\"timeout\":59960,\"margin\":{}}","meta":{"rootId":"4rfuj2xe4ynt2qj","id":"4rfuj2xe4ynt2qj"},"id":"5sfhfbfemzaisgw","previousOperationId":"hhujb1z0bo2syco"}
{"type":"operationEnd","operationId":"hhujb1z0bo2syco","timestamp":1701765036274,"id":"fwc7ljm6x5evrnk","previousEventId":"7ho04vofq62axho","previousOperationId":"hhujb1z0bo2syco"}
{"type":"log","timestamp":1701765036275,"level":"debug","message":"Skipping storing report.","meta":{"rootId":"4rfuj2xe4ynt2qj","id":"4rfuj2xe4ynt2qj"},"id":"4p6f3pzfhmswome","previousOperationId":"hhujb1z0bo2syco"}
{"type":"log","timestamp":1701765036275,"level":"info","message":"Rendering request 31 finished in 125 ms","meta":{"rootId":"4rfuj2xe4ynt2qj","id":"4rfuj2xe4ynt2qj"},"id":"psffwt8y5u4xjew","previousOperationId":"hhujb1z0bo2syco"}
{"type":"operationEnd","subtype":"render","operationId":"is9pkjiuln02xut","timestamp":1701765036275,"id":"ipah4ubgunndkf0","previousEventId":"fwc7ljm6x5evrnk","previousOperationId":"hhujb1z0bo2syco"}
{"type":"operationEnd","doDiffs":false,"previousEventId":"zi0bvh35m3il1sy","previousOperationId":"ps6stk2siazr9me","operationId":"ps6stk2siazr9me","timestamp":1701765036276,"id":"pqg20zvvadr6xe1"}
