{"type":"operationStart","subtype":"profile","data":{"_id":"hFDHANN3zds88UIm","timestamp":"2023-12-06T10:30:43.143Z","state":"queued","mode":"standard","creationDate":"2023-12-06T10:30:43.145Z","modificationDate":"2023-12-06T10:30:43.145Z","shortid":"llmLp8S","$entitySet":"profiles"},"doDiffs":false,"timestamp":1701858643144,"id":"utl0vw3k95czhlm","previousOperationId":null,"operationId":"69o7g22h9it0kb0"}
{"type":"log","level":"info","message":"Render request 90 queued for execution and waiting for available worker","previousOperationId":"69o7g22h9it0kb0","timestamp":1701858643144,"id":"2yl5spm0v6f3p8u"}
{"type":"operationStart","subtype":"render","name":"pp_index","previousOperationId":"69o7g22h9it0kb0","timestamp":1701858643165,"id":"vcoexw685lkftq6","previousEventId":"utl0vw3k95czhlm","operationId":"vkqwvya17uy00c5"}
{"type":"log","timestamp":1701858643165,"level":"info","message":"Starting rendering request 90","meta":{"rootId":"4s0vn8wl9mju8kd","id":"4s0vn8wl9mju8kd"},"id":"4ss61snfcgcou89","previousOperationId":"vkqwvya17uy00c5"}
{"type":"log","timestamp":1701858643165,"level":"info","message":"Rendering template { name: pp_index, recipe: chrome-pdf, engine: handlebars, preview: true }","meta":{"rootId":"4s0vn8wl9mju8kd","id":"4s0vn8wl9mju8kd"},"id":"hv5tfgqxo95cv03","previousOperationId":"vkqwvya17uy00c5"}
{"type":"log","timestamp":1701858643166,"level":"debug","message":"Inline data specified.","meta":{"rootId":"4s0vn8wl9mju8kd","id":"4s0vn8wl9mju8kd"},"id":"klzbse6z3pfo6uk","previousOperationId":"vkqwvya17uy00c5"}
{"type":"log","timestamp":1701858643170,"level":"debug","message":"Base url not specified, skipping its injection.","meta":{"rootId":"4s0vn8wl9mju8kd","id":"4s0vn8wl9mju8kd"},"id":"w1diwigzad0x2h6","previousOperationId":"vkqwvya17uy00c5"}
{"type":"log","timestamp":1701858643170,"level":"debug","message":"Replaced assets [\"styles.css\"]","meta":{"rootId":"4s0vn8wl9mju8kd","id":"4s0vn8wl9mju8kd"},"id":"64c4cxe8e25i0ol","previousOperationId":"vkqwvya17uy00c5"}
{"type":"operationStart","subtype":"engine","name":"handlebars","timestamp":1701858643171,"id":"8gqowqz94w77uja","previousEventId":"vcoexw685lkftq6","operationId":"dr6w6xr6vkcpqm2","previousOperationId":"vkqwvya17uy00c5"}
{"type":"log","timestamp":1701858643171,"level":"debug","message":"Rendering engine handlebars","meta":{"rootId":"4s0vn8wl9mju8kd","id":"4s0vn8wl9mju8kd"},"id":"0qdj3k6u3jcro99","previousOperationId":"dr6w6xr6vkcpqm2"}
{"type":"operationEnd","operationId":"dr6w6xr6vkcpqm2","timestamp":1701858643188,"id":"jvehk3r01yl2v3k","previousEventId":"8gqowqz94w77uja","previousOperationId":"dr6w6xr6vkcpqm2"}
{"type":"operationStart","subtype":"recipe","name":"chrome-pdf","timestamp":1701858643188,"id":"f5hd95nsqp30ws1","previousEventId":"jvehk3r01yl2v3k","operationId":"17d8n1vrk3okaoq","previousOperationId":"dr6w6xr6vkcpqm2"}
{"type":"log","timestamp":1701858643188,"level":"debug","message":"Executing recipe chrome-pdf","meta":{"rootId":"4s0vn8wl9mju8kd","id":"4s0vn8wl9mju8kd"},"id":"23wou154q864k9k","previousOperationId":"17d8n1vrk3okaoq"}
{"type":"log","timestamp":1701858643190,"level":"debug","message":"Converting with chrome HeadlessChrome/117.0.5938.149 using chrome-pool strategy","meta":{"rootId":"4s0vn8wl9mju8kd","id":"4s0vn8wl9mju8kd"},"id":"we9vqf74v0ugj2i","previousOperationId":"17d8n1vrk3okaoq"}
{"type":"log","timestamp":1701858643235,"level":"debug","message":"Page request: GET (document) file:///var/folders/dp/qk79pfcj0y1fmtkkl08m76rc0000gn/T/jsreport/autocleanup/5b272d9b-2c06-4536-85e3-a8fe2fadcac2-chrome-pdf.html","meta":{"rootId":"4s0vn8wl9mju8kd","id":"4s0vn8wl9mju8kd"},"id":"wjb5ogd5snquk2j","previousOperationId":"17d8n1vrk3okaoq"}
{"type":"log","timestamp":1701858643239,"level":"debug","message":"Page request finished: GET (document) 200 file:///var/folders/dp/qk79pfcj0y1fmtkkl08m76rc0000gn/T/jsreport/autocleanup/5b272d9b-2c06-4536-85e3-a8fe2fadcac2-chrome-pdf.html","meta":{"rootId":"4s0vn8wl9mju8kd","id":"4s0vn8wl9mju8kd"},"id":"s87q9bru58bn0s4","previousOperationId":"17d8n1vrk3okaoq"}
{"type":"log","timestamp":1701858643249,"level":"debug","message":"Running chrome with params {\"printBackground\":true,\"width\":\"58mm\",\"height\":\"21cm\",\"timeout\":59954,\"margin\":{}}","meta":{"rootId":"4s0vn8wl9mju8kd","id":"4s0vn8wl9mju8kd"},"id":"rhsshdhvjvc5jdy","previousOperationId":"17d8n1vrk3okaoq"}
{"type":"operationEnd","operationId":"17d8n1vrk3okaoq","timestamp":1701858643269,"id":"alxplw6ctbm4w5s","previousEventId":"f5hd95nsqp30ws1","previousOperationId":"17d8n1vrk3okaoq"}
{"type":"log","timestamp":1701858643269,"level":"debug","message":"Skipping storing report.","meta":{"rootId":"4s0vn8wl9mju8kd","id":"4s0vn8wl9mju8kd"},"id":"8a51e9alcfmkckx","previousOperationId":"17d8n1vrk3okaoq"}
{"type":"log","timestamp":1701858643270,"level":"info","message":"Rendering request 90 finished in 127 ms","meta":{"rootId":"4s0vn8wl9mju8kd","id":"4s0vn8wl9mju8kd"},"id":"x7vzzc92ajytkgh","previousOperationId":"17d8n1vrk3okaoq"}
{"type":"operationEnd","subtype":"render","operationId":"vkqwvya17uy00c5","timestamp":1701858643270,"id":"1mo355j1uqncssz","previousEventId":"alxplw6ctbm4w5s","previousOperationId":"17d8n1vrk3okaoq"}
{"type":"operationEnd","doDiffs":false,"previousEventId":"utl0vw3k95czhlm","previousOperationId":"69o7g22h9it0kb0","operationId":"69o7g22h9it0kb0","timestamp":1701858643272,"id":"3fkj3sop9zbae33"}
