{"type":"operationStart","subtype":"profile","data":{"_id":"UwN8PRvntacGCQ65","timestamp":"2023-12-04T14:08:09.363Z","state":"queued","mode":"standard","creationDate":"2023-12-04T14:08:09.366Z","modificationDate":"2023-12-04T14:08:09.366Z","shortid":"nwrEdsJ","$entitySet":"profiles"},"doDiffs":false,"timestamp":1701698889365,"id":"fmbfnrgzyahyon8","previousOperationId":null,"operationId":"6li7sh2glr07o6u"}
{"type":"log","level":"info","message":"Render request 40 queued for execution and waiting for available worker","previousOperationId":"6li7sh2glr07o6u","timestamp":1701698889365,"id":"egt9i6wxwnvtqxq"}
{"type":"operationStart","subtype":"render","name":"pp_index","previousOperationId":"6li7sh2glr07o6u","timestamp":1701698889374,"id":"n4qrvn13thce4lm","previousEventId":"fmbfnrgzyahyon8","operationId":"otltc4yo03mca1g"}
{"type":"log","timestamp":1701698889374,"level":"info","message":"Starting rendering request 40","meta":{"rootId":"4sfs1ytkfk40wya","id":"4sfs1ytkfk40wya"},"id":"eqphvzvzdchel3f","previousOperationId":"otltc4yo03mca1g"}
{"type":"log","timestamp":1701698889374,"level":"info","message":"Rendering template { name: pp_index, recipe: chrome-pdf, engine: handlebars, preview: true }","meta":{"rootId":"4sfs1ytkfk40wya","id":"4sfs1ytkfk40wya"},"id":"0pooy84xm4eus1n","previousOperationId":"otltc4yo03mca1g"}
{"type":"log","timestamp":1701698889376,"level":"debug","message":"Adding sample data PH9LTzd4s","meta":{"rootId":"4sfs1ytkfk40wya","id":"4sfs1ytkfk40wya"},"id":"t4t0dprco0ti0mw","previousOperationId":"otltc4yo03mca1g"}
{"type":"log","timestamp":1701698889378,"level":"debug","message":"Base url not specified, skipping its injection.","meta":{"rootId":"4sfs1ytkfk40wya","id":"4sfs1ytkfk40wya"},"id":"rpdig25jn8wfz62","previousOperationId":"otltc4yo03mca1g"}
{"type":"log","timestamp":1701698889379,"level":"debug","message":"Replaced assets [\"styles.css\"]","meta":{"rootId":"4sfs1ytkfk40wya","id":"4sfs1ytkfk40wya"},"id":"3ppkas0iyh6la5d","previousOperationId":"otltc4yo03mca1g"}
{"type":"operationStart","subtype":"engine","name":"handlebars","timestamp":1701698889380,"id":"vgntaihas0394vv","previousEventId":"n4qrvn13thce4lm","operationId":"cbii807co8tyqh8","previousOperationId":"otltc4yo03mca1g"}
{"type":"log","timestamp":1701698889380,"level":"debug","message":"Rendering engine handlebars","meta":{"rootId":"4sfs1ytkfk40wya","id":"4sfs1ytkfk40wya"},"id":"4m9ageoopjlqcg3","previousOperationId":"cbii807co8tyqh8"}
{"type":"operationEnd","operationId":"cbii807co8tyqh8","timestamp":1701698889387,"id":"1dm1kwjetuxxw5c","previousEventId":"vgntaihas0394vv","previousOperationId":"cbii807co8tyqh8"}
{"type":"operationStart","subtype":"recipe","name":"chrome-pdf","timestamp":1701698889388,"id":"a991lzl4egdznax","previousEventId":"1dm1kwjetuxxw5c","operationId":"ekzqhb9jv7sqduz","previousOperationId":"cbii807co8tyqh8"}
{"type":"log","timestamp":1701698889388,"level":"debug","message":"Executing recipe chrome-pdf","meta":{"rootId":"4sfs1ytkfk40wya","id":"4sfs1ytkfk40wya"},"id":"7n7a4htalihrc6y","previousOperationId":"ekzqhb9jv7sqduz"}
{"type":"log","timestamp":1701698889389,"level":"debug","message":"Converting with chrome HeadlessChrome/117.0.5938.149 using chrome-pool strategy","meta":{"rootId":"4sfs1ytkfk40wya","id":"4sfs1ytkfk40wya"},"id":"x74x3h64pim2gw6","previousOperationId":"ekzqhb9jv7sqduz"}
{"type":"log","timestamp":1701698889444,"level":"debug","message":"Page request: GET (document) file:///var/folders/dp/qk79pfcj0y1fmtkkl08m76rc0000gn/T/jsreport/autocleanup/cdf5a6e8-c067-46ff-a2d5-e46cf006831e-chrome-pdf.html","meta":{"rootId":"4sfs1ytkfk40wya","id":"4sfs1ytkfk40wya"},"id":"n18z4uvxh5j1pg1","previousOperationId":"ekzqhb9jv7sqduz"}
{"type":"log","timestamp":1701698889448,"level":"debug","message":"Page request finished: GET (document) 200 file:///var/folders/dp/qk79pfcj0y1fmtkkl08m76rc0000gn/T/jsreport/autocleanup/cdf5a6e8-c067-46ff-a2d5-e46cf006831e-chrome-pdf.html","meta":{"rootId":"4sfs1ytkfk40wya","id":"4sfs1ytkfk40wya"},"id":"mprrnvnajcnhlra","previousOperationId":"ekzqhb9jv7sqduz"}
{"type":"log","timestamp":1701698889462,"level":"debug","message":"Running chrome with params {\"printBackground\":true,\"width\":\"5.8cm\",\"height\":\"40cm\",\"timeout\":59975,\"margin\":{}}","meta":{"rootId":"4sfs1ytkfk40wya","id":"4sfs1ytkfk40wya"},"id":"3i5kmz6uwrvdwqs","previousOperationId":"ekzqhb9jv7sqduz"}
{"type":"operationEnd","operationId":"ekzqhb9jv7sqduz","timestamp":1701698889495,"id":"2yhxvxc2ronc1kx","previousEventId":"a991lzl4egdznax","previousOperationId":"ekzqhb9jv7sqduz"}
{"type":"log","timestamp":1701698889495,"level":"debug","message":"Skipping storing report.","meta":{"rootId":"4sfs1ytkfk40wya","id":"4sfs1ytkfk40wya"},"id":"3qt7wjm94lpwdcx","previousOperationId":"ekzqhb9jv7sqduz"}
{"type":"log","timestamp":1701698889495,"level":"info","message":"Rendering request 40 finished in 132 ms","meta":{"rootId":"4sfs1ytkfk40wya","id":"4sfs1ytkfk40wya"},"id":"v88xeu8m922andj","previousOperationId":"ekzqhb9jv7sqduz"}
{"type":"operationEnd","subtype":"render","operationId":"otltc4yo03mca1g","timestamp":1701698889495,"id":"mb6kywwrhxc3ye4","previousEventId":"2yhxvxc2ronc1kx","previousOperationId":"ekzqhb9jv7sqduz"}
{"type":"operationEnd","doDiffs":false,"previousEventId":"fmbfnrgzyahyon8","previousOperationId":"6li7sh2glr07o6u","operationId":"6li7sh2glr07o6u","timestamp":1701698889496,"id":"yuiv49xn7q9rc6u"}
