{"type":"operationStart","subtype":"profile","data":{"_id":"85xRQpWt90iSefiB","timestamp":"2023-12-05T07:49:32.827Z","state":"queued","mode":"standard","creationDate":"2023-12-05T07:49:32.829Z","modificationDate":"2023-12-05T07:49:32.829Z","shortid":"kfbG7ge","$entitySet":"profiles"},"doDiffs":false,"timestamp":1701762572828,"id":"vjnvwurdcj5cxkz","previousOperationId":null,"operationId":"iino0v2daekobpn"}
{"type":"log","level":"info","message":"Render request 2 queued for execution and waiting for available worker","previousOperationId":"iino0v2daekobpn","timestamp":1701762572828,"id":"tb5ej07s2uugrjx"}
{"type":"operationStart","subtype":"render","name":"pp_index","previousOperationId":"iino0v2daekobpn","timestamp":1701762572840,"id":"5iatozva01t3vr3","previousEventId":"vjnvwurdcj5cxkz","operationId":"qiazmd2yfvf47ma"}
{"type":"log","timestamp":1701762572841,"level":"info","message":"Starting rendering request 2","meta":{"rootId":"50imrxlmr3mgjg6","id":"50imrxlmr3mgjg6"},"id":"p5q4ku0wagl3maf","previousOperationId":"qiazmd2yfvf47ma"}
{"type":"log","timestamp":1701762572842,"level":"info","message":"Rendering template { name: pp_index, recipe: chrome-pdf, engine: handlebars, preview: true }","meta":{"rootId":"50imrxlmr3mgjg6","id":"50imrxlmr3mgjg6"},"id":"m1o6jpnqf62q9el","previousOperationId":"qiazmd2yfvf47ma"}
{"type":"log","timestamp":1701762572850,"level":"debug","message":"Adding sample data PH9LTzd4s","meta":{"rootId":"50imrxlmr3mgjg6","id":"50imrxlmr3mgjg6"},"id":"7xmerbzb5d7gzri","previousOperationId":"qiazmd2yfvf47ma"}
{"type":"log","timestamp":1701762572851,"level":"debug","message":"Base url not specified, skipping its injection.","meta":{"rootId":"50imrxlmr3mgjg6","id":"50imrxlmr3mgjg6"},"id":"lu3jhqblfmm03kd","previousOperationId":"qiazmd2yfvf47ma"}
{"type":"log","timestamp":1701762572854,"level":"debug","message":"Replaced assets [\"styles.css\"]","meta":{"rootId":"50imrxlmr3mgjg6","id":"50imrxlmr3mgjg6"},"id":"k4jaamhq9p3fas5","previousOperationId":"qiazmd2yfvf47ma"}
{"type":"operationStart","subtype":"engine","name":"handlebars","timestamp":1701762572854,"id":"3dl3regy58ank3m","previousEventId":"5iatozva01t3vr3","operationId":"8gaomnca8a8t0gs","previousOperationId":"qiazmd2yfvf47ma"}
{"type":"log","timestamp":1701762572854,"level":"debug","message":"Rendering engine handlebars","meta":{"rootId":"50imrxlmr3mgjg6","id":"50imrxlmr3mgjg6"},"id":"i1z2n8kegny38tf","previousOperationId":"8gaomnca8a8t0gs"}
{"type":"operationEnd","operationId":"8gaomnca8a8t0gs","timestamp":1701762573080,"id":"2mufcmz1n6d6g6g","previousEventId":"3dl3regy58ank3m","previousOperationId":"8gaomnca8a8t0gs"}
{"type":"operationStart","subtype":"recipe","name":"chrome-pdf","timestamp":1701762573080,"id":"g10r7f51yzkfr9d","previousEventId":"2mufcmz1n6d6g6g","operationId":"169w2cqkgdxupkd","previousOperationId":"8gaomnca8a8t0gs"}
{"type":"log","timestamp":1701762573080,"level":"debug","message":"Executing recipe chrome-pdf","meta":{"rootId":"50imrxlmr3mgjg6","id":"50imrxlmr3mgjg6"},"id":"sou0tvu57y5io3x","previousOperationId":"169w2cqkgdxupkd"}
{"type":"log","timestamp":1701762573238,"level":"debug","message":"Converting with chrome HeadlessChrome/117.0.5938.149 using chrome-pool strategy","meta":{"rootId":"50imrxlmr3mgjg6","id":"50imrxlmr3mgjg6"},"id":"xksvbasn4cwp8dp","previousOperationId":"169w2cqkgdxupkd"}
{"type":"log","timestamp":1701762573289,"level":"debug","message":"Page request: GET (document) file:///var/folders/dp/qk79pfcj0y1fmtkkl08m76rc0000gn/T/jsreport/autocleanup/cdd79118-fdf5-4b5b-9f50-649ca86b2223-chrome-pdf.html","meta":{"rootId":"50imrxlmr3mgjg6","id":"50imrxlmr3mgjg6"},"id":"nvapsxkrlq6tupb","previousOperationId":"169w2cqkgdxupkd"}
{"type":"log","timestamp":1701762573294,"level":"debug","message":"Page request finished: GET (document) 200 file:///var/folders/dp/qk79pfcj0y1fmtkkl08m76rc0000gn/T/jsreport/autocleanup/cdd79118-fdf5-4b5b-9f50-649ca86b2223-chrome-pdf.html","meta":{"rootId":"50imrxlmr3mgjg6","id":"50imrxlmr3mgjg6"},"id":"alw02ze2ww8xb64","previousOperationId":"169w2cqkgdxupkd"}
{"type":"log","timestamp":1701762573301,"level":"debug","message":"Running chrome with params {\"printBackground\":true,\"width\":\"5.8cm\",\"height\":\"70cm\",\"timeout\":59743,\"margin\":{}}","meta":{"rootId":"50imrxlmr3mgjg6","id":"50imrxlmr3mgjg6"},"id":"lwl1l6esi4w0jos","previousOperationId":"169w2cqkgdxupkd"}
{"type":"operationEnd","operationId":"169w2cqkgdxupkd","timestamp":1701762573330,"id":"vbu1irb5z44itgx","previousEventId":"g10r7f51yzkfr9d","previousOperationId":"169w2cqkgdxupkd"}
{"type":"log","timestamp":1701762573331,"level":"debug","message":"Skipping storing report.","meta":{"rootId":"50imrxlmr3mgjg6","id":"50imrxlmr3mgjg6"},"id":"c8f7ej1je0orz54","previousOperationId":"169w2cqkgdxupkd"}
{"type":"log","timestamp":1701762573331,"level":"info","message":"Rendering request 2 finished in 504 ms","meta":{"rootId":"50imrxlmr3mgjg6","id":"50imrxlmr3mgjg6"},"id":"po9qqcki75n52vi","previousOperationId":"169w2cqkgdxupkd"}
{"type":"operationEnd","subtype":"render","operationId":"qiazmd2yfvf47ma","timestamp":1701762573331,"id":"c7w2eq9vkrz4ogz","previousEventId":"vbu1irb5z44itgx","previousOperationId":"169w2cqkgdxupkd"}
{"type":"operationEnd","doDiffs":false,"previousEventId":"vjnvwurdcj5cxkz","previousOperationId":"iino0v2daekobpn","operationId":"iino0v2daekobpn","timestamp":1701762573332,"id":"f7scn8i7obzy0sn"}
