{"type":"operationStart","subtype":"profile","data":{"_id":"ithWFogobNIuL2Ym","timestamp":"2023-12-04T14:09:15.225Z","state":"queued","mode":"standard","creationDate":"2023-12-04T14:09:15.228Z","modificationDate":"2023-12-04T14:09:15.228Z","shortid":"mwXGDqo","$entitySet":"profiles"},"doDiffs":false,"timestamp":1701698955226,"id":"axrojpf8ougv0ky","previousOperationId":null,"operationId":"mv3oalzc9fmn3v1"}
{"type":"log","level":"info","message":"Render request 43 queued for execution and waiting for available worker","previousOperationId":"mv3oalzc9fmn3v1","timestamp":1701698955227,"id":"z67515zcc3jb5g0"}
{"type":"operationStart","subtype":"render","name":"pp_index","previousOperationId":"mv3oalzc9fmn3v1","timestamp":1701698955234,"id":"8vyrid8467qz8no","previousEventId":"axrojpf8ougv0ky","operationId":"nxo24nnduqalf78"}
{"type":"log","timestamp":1701698955234,"level":"info","message":"Starting rendering request 43","meta":{"rootId":"554txn2ys6kqpaq","id":"554txn2ys6kqpaq"},"id":"kp3ogoswg9kfvl9","previousOperationId":"nxo24nnduqalf78"}
{"type":"log","timestamp":1701698955234,"level":"info","message":"Rendering template { name: pp_index, recipe: chrome-pdf, engine: handlebars, preview: true }","meta":{"rootId":"554txn2ys6kqpaq","id":"554txn2ys6kqpaq"},"id":"xuhze21ymjryn43","previousOperationId":"nxo24nnduqalf78"}
{"type":"log","timestamp":1701698955237,"level":"debug","message":"Adding sample data PH9LTzd4s","meta":{"rootId":"554txn2ys6kqpaq","id":"554txn2ys6kqpaq"},"id":"emy1mbegxsji4bg","previousOperationId":"nxo24nnduqalf78"}
{"type":"log","timestamp":1701698955239,"level":"debug","message":"Base url not specified, skipping its injection.","meta":{"rootId":"554txn2ys6kqpaq","id":"554txn2ys6kqpaq"},"id":"hfvy77sb7fl87v3","previousOperationId":"nxo24nnduqalf78"}
{"type":"log","timestamp":1701698955240,"level":"debug","message":"Replaced assets [\"styles.css\"]","meta":{"rootId":"554txn2ys6kqpaq","id":"554txn2ys6kqpaq"},"id":"xxh0c3dz2p5mb42","previousOperationId":"nxo24nnduqalf78"}
{"type":"operationStart","subtype":"engine","name":"handlebars","timestamp":1701698955240,"id":"2czijwmt4771ubl","previousEventId":"8vyrid8467qz8no","operationId":"21eepos764xxgl6","previousOperationId":"nxo24nnduqalf78"}
{"type":"log","timestamp":1701698955240,"level":"debug","message":"Rendering engine handlebars","meta":{"rootId":"554txn2ys6kqpaq","id":"554txn2ys6kqpaq"},"id":"3xbpcpsyvqvvwm5","previousOperationId":"21eepos764xxgl6"}
{"type":"operationEnd","operationId":"21eepos764xxgl6","timestamp":1701698955257,"id":"cfpt03cpr7vqryp","previousEventId":"2czijwmt4771ubl","previousOperationId":"21eepos764xxgl6"}
{"type":"operationStart","subtype":"recipe","name":"chrome-pdf","timestamp":1701698955257,"id":"4tsym6ru8mszz1z","previousEventId":"cfpt03cpr7vqryp","operationId":"s9zxqms3wcwaq0j","previousOperationId":"21eepos764xxgl6"}
{"type":"log","timestamp":1701698955257,"level":"debug","message":"Executing recipe chrome-pdf","meta":{"rootId":"554txn2ys6kqpaq","id":"554txn2ys6kqpaq"},"id":"u9qkptgu1am15yp","previousOperationId":"s9zxqms3wcwaq0j"}
{"type":"log","timestamp":1701698955258,"level":"debug","message":"Converting with chrome HeadlessChrome/117.0.5938.149 using chrome-pool strategy","meta":{"rootId":"554txn2ys6kqpaq","id":"554txn2ys6kqpaq"},"id":"ga50guf1xi12jfk","previousOperationId":"s9zxqms3wcwaq0j"}
{"type":"log","timestamp":1701698955309,"level":"debug","message":"Page request: GET (document) file:///var/folders/dp/qk79pfcj0y1fmtkkl08m76rc0000gn/T/jsreport/autocleanup/40afc0ae-ca23-40cb-a030-afeb84808b27-chrome-pdf.html","meta":{"rootId":"554txn2ys6kqpaq","id":"554txn2ys6kqpaq"},"id":"mh6d9la1tmo39nn","previousOperationId":"s9zxqms3wcwaq0j"}
{"type":"log","timestamp":1701698955314,"level":"debug","message":"Page request finished: GET (document) 200 file:///var/folders/dp/qk79pfcj0y1fmtkkl08m76rc0000gn/T/jsreport/autocleanup/40afc0ae-ca23-40cb-a030-afeb84808b27-chrome-pdf.html","meta":{"rootId":"554txn2ys6kqpaq","id":"554txn2ys6kqpaq"},"id":"brrmo2gyos3m78s","previousOperationId":"s9zxqms3wcwaq0j"}
{"type":"log","timestamp":1701698955325,"level":"debug","message":"Running chrome with params {\"printBackground\":true,\"width\":\"5.8cm\",\"height\":\"40cm\",\"timeout\":59967,\"margin\":{}}","meta":{"rootId":"554txn2ys6kqpaq","id":"554txn2ys6kqpaq"},"id":"619jmroj9c262ms","previousOperationId":"s9zxqms3wcwaq0j"}
{"type":"operationEnd","operationId":"s9zxqms3wcwaq0j","timestamp":1701698955351,"id":"j21xk45wxyvuokg","previousEventId":"4tsym6ru8mszz1z","previousOperationId":"s9zxqms3wcwaq0j"}
{"type":"log","timestamp":1701698955351,"level":"debug","message":"Skipping storing report.","meta":{"rootId":"554txn2ys6kqpaq","id":"554txn2ys6kqpaq"},"id":"t9ewr0id08mbj91","previousOperationId":"s9zxqms3wcwaq0j"}
{"type":"log","timestamp":1701698955351,"level":"info","message":"Rendering request 43 finished in 126 ms","meta":{"rootId":"554txn2ys6kqpaq","id":"554txn2ys6kqpaq"},"id":"w9dp15ujo5os533","previousOperationId":"s9zxqms3wcwaq0j"}
{"type":"operationEnd","subtype":"render","operationId":"nxo24nnduqalf78","timestamp":1701698955351,"id":"wtsr0webjinf10z","previousEventId":"j21xk45wxyvuokg","previousOperationId":"s9zxqms3wcwaq0j"}
{"type":"operationEnd","doDiffs":false,"previousEventId":"axrojpf8ougv0ky","previousOperationId":"mv3oalzc9fmn3v1","operationId":"mv3oalzc9fmn3v1","timestamp":1701698955352,"id":"r0p92nter55mdud"}
