{"type":"operationStart","subtype":"profile","data":{"_id":"tUIeDECmHgRUJ3vs","timestamp":"2023-12-04T08:53:38.423Z","state":"queued","mode":"standard","creationDate":"2023-12-04T08:53:38.426Z","modificationDate":"2023-12-04T08:53:38.426Z","shortid":"nY3QbRb","$entitySet":"profiles"},"doDiffs":false,"timestamp":1701680018424,"id":"ftn5r2fhpcsn9zg","previousOperationId":null,"operationId":"ypiq6j4wc5twl12"}
{"type":"log","level":"info","message":"Render request 19 queued for execution and waiting for available worker","previousOperationId":"ypiq6j4wc5twl12","timestamp":1701680018425,"id":"t6i9t6pzzd0wvf6"}
{"type":"operationStart","subtype":"render","name":"pp_index","previousOperationId":"ypiq6j4wc5twl12","timestamp":1701680018444,"id":"nh4ib47i3a1v5uc","previousEventId":"ftn5r2fhpcsn9zg","operationId":"1j32ptdb5bjsrx2"}
{"type":"log","timestamp":1701680018444,"level":"info","message":"Starting rendering request 19","meta":{"rootId":"5lmb3x76ikh6goc","id":"5lmb3x76ikh6goc"},"id":"lhacvevwa7f31pn","previousOperationId":"1j32ptdb5bjsrx2"}
{"type":"log","timestamp":1701680018445,"level":"info","message":"Rendering template { name: pp_index, recipe: chrome-pdf, engine: handlebars, preview: true }","meta":{"rootId":"5lmb3x76ikh6goc","id":"5lmb3x76ikh6goc"},"id":"pllaymaci6rcebg","previousOperationId":"1j32ptdb5bjsrx2"}
{"type":"log","timestamp":1701680018445,"level":"debug","message":"Inline data specified.","meta":{"rootId":"5lmb3x76ikh6goc","id":"5lmb3x76ikh6goc"},"id":"4qrgblbmewdwm6o","previousOperationId":"1j32ptdb5bjsrx2"}
{"type":"log","timestamp":1701680018446,"level":"debug","message":"Base url not specified, skipping its injection.","meta":{"rootId":"5lmb3x76ikh6goc","id":"5lmb3x76ikh6goc"},"id":"k1a35k4n7z2bzsy","previousOperationId":"1j32ptdb5bjsrx2"}
{"type":"operationStart","subtype":"engine","name":"handlebars","timestamp":1701680018446,"id":"8ow7pbuw2xj2bkr","previousEventId":"nh4ib47i3a1v5uc","operationId":"k40w0de3123fy4p","previousOperationId":"1j32ptdb5bjsrx2"}
{"type":"log","timestamp":1701680018446,"level":"debug","message":"Rendering engine handlebars","meta":{"rootId":"5lmb3x76ikh6goc","id":"5lmb3x76ikh6goc"},"id":"s8x2nobpfh1bpmj","previousOperationId":"k40w0de3123fy4p"}
{"type":"operationEnd","operationId":"k40w0de3123fy4p","timestamp":1701680018455,"id":"qxnmeytsn7d6huh","previousEventId":"8ow7pbuw2xj2bkr","previousOperationId":"k40w0de3123fy4p"}
{"type":"operationStart","subtype":"recipe","name":"chrome-pdf","timestamp":1701680018455,"id":"m4ks4u28j4wm5o5","previousEventId":"qxnmeytsn7d6huh","operationId":"o6lnsl5dwtej448","previousOperationId":"k40w0de3123fy4p"}
{"type":"log","timestamp":1701680018455,"level":"debug","message":"Executing recipe chrome-pdf","meta":{"rootId":"5lmb3x76ikh6goc","id":"5lmb3x76ikh6goc"},"id":"q2zdz31koca8z5r","previousOperationId":"o6lnsl5dwtej448"}
{"type":"log","timestamp":1701680018457,"level":"debug","message":"Converting with chrome HeadlessChrome/117.0.5938.149 using chrome-pool strategy","meta":{"rootId":"5lmb3x76ikh6goc","id":"5lmb3x76ikh6goc"},"id":"j5kcgsy7lvgclc3","previousOperationId":"o6lnsl5dwtej448"}
{"type":"log","timestamp":1701680018504,"level":"debug","message":"Page request: GET (document) file:///var/folders/dp/qk79pfcj0y1fmtkkl08m76rc0000gn/T/jsreport/autocleanup/2b664ecf-22eb-403a-a310-e14d317308b5-chrome-pdf.html","meta":{"rootId":"5lmb3x76ikh6goc","id":"5lmb3x76ikh6goc"},"id":"5k50wp2w6ts4eob","previousOperationId":"o6lnsl5dwtej448"}
{"type":"log","timestamp":1701680018510,"level":"debug","message":"Page request finished: GET (document) 200 file:///var/folders/dp/qk79pfcj0y1fmtkkl08m76rc0000gn/T/jsreport/autocleanup/2b664ecf-22eb-403a-a310-e14d317308b5-chrome-pdf.html","meta":{"rootId":"5lmb3x76ikh6goc","id":"5lmb3x76ikh6goc"},"id":"ic1xtn69prvxvta","previousOperationId":"o6lnsl5dwtej448"}
{"type":"log","timestamp":1701680018519,"level":"debug","message":"Running chrome with params {\"printBackground\":true,\"timeout\":59967,\"margin\":{}}","meta":{"rootId":"5lmb3x76ikh6goc","id":"5lmb3x76ikh6goc"},"id":"ikxfuyq9wxezodj","previousOperationId":"o6lnsl5dwtej448"}
{"type":"operationEnd","operationId":"o6lnsl5dwtej448","timestamp":1701680018539,"id":"h6ftdwozqybc1ak","previousEventId":"m4ks4u28j4wm5o5","previousOperationId":"o6lnsl5dwtej448"}
{"type":"log","timestamp":1701680018539,"level":"debug","message":"Skipping storing report.","meta":{"rootId":"5lmb3x76ikh6goc","id":"5lmb3x76ikh6goc"},"id":"aqn20c42532eqp3","previousOperationId":"o6lnsl5dwtej448"}
{"type":"log","timestamp":1701680018539,"level":"info","message":"Rendering request 19 finished in 116 ms","meta":{"rootId":"5lmb3x76ikh6goc","id":"5lmb3x76ikh6goc"},"id":"1mqa53558f32d0r","previousOperationId":"o6lnsl5dwtej448"}
{"type":"operationEnd","subtype":"render","operationId":"1j32ptdb5bjsrx2","timestamp":1701680018539,"id":"zx1bdvrz8lnph78","previousEventId":"h6ftdwozqybc1ak","previousOperationId":"o6lnsl5dwtej448"}
{"type":"operationEnd","doDiffs":false,"previousEventId":"ftn5r2fhpcsn9zg","previousOperationId":"ypiq6j4wc5twl12","operationId":"ypiq6j4wc5twl12","timestamp":1701680018541,"id":"fj2xex88xvmbp5k"}
