{"type":"operationStart","subtype":"profile","data":{"_id":"cvEh0mTIOt2o3Mo4","timestamp":"2023-12-05T07:50:05.859Z","state":"queued","mode":"standard","creationDate":"2023-12-05T07:50:05.860Z","modificationDate":"2023-12-05T07:50:05.860Z","shortid":"-ftexSt","$entitySet":"profiles"},"doDiffs":false,"timestamp":1701762605859,"id":"yfxll4kxpmxxfh9","previousOperationId":null,"operationId":"xf1jb44sbujx1w0"}
{"type":"log","level":"info","message":"Render request 3 queued for execution and waiting for available worker","previousOperationId":"xf1jb44sbujx1w0","timestamp":1701762605859,"id":"hy4iqfjpbc4auw9"}
{"type":"operationStart","subtype":"render","name":"pp_index","previousOperationId":"xf1jb44sbujx1w0","timestamp":1701762605869,"id":"g4rmt8f6jqyumrs","previousEventId":"yfxll4kxpmxxfh9","operationId":"p5o7g9btvlxc7am"}
{"type":"log","timestamp":1701762605869,"level":"info","message":"Starting rendering request 3","meta":{"rootId":"6jrvucz34os54jb","id":"6jrvucz34os54jb"},"id":"xqjyl0c5e5jjbbn","previousOperationId":"p5o7g9btvlxc7am"}
{"type":"log","timestamp":1701762605870,"level":"info","message":"Rendering template { name: pp_index, recipe: chrome-pdf, engine: handlebars, preview: true }","meta":{"rootId":"6jrvucz34os54jb","id":"6jrvucz34os54jb"},"id":"dtalgv6v5zfagwe","previousOperationId":"p5o7g9btvlxc7am"}
{"type":"log","timestamp":1701762605871,"level":"debug","message":"Adding sample data PH9LTzd4s","meta":{"rootId":"6jrvucz34os54jb","id":"6jrvucz34os54jb"},"id":"y17c2v8p7agn29r","previousOperationId":"p5o7g9btvlxc7am"}
{"type":"log","timestamp":1701762605875,"level":"debug","message":"Base url not specified, skipping its injection.","meta":{"rootId":"6jrvucz34os54jb","id":"6jrvucz34os54jb"},"id":"7ruyfseyo3bgoti","previousOperationId":"p5o7g9btvlxc7am"}
{"type":"log","timestamp":1701762605879,"level":"debug","message":"Replaced assets [\"styles.css\"]","meta":{"rootId":"6jrvucz34os54jb","id":"6jrvucz34os54jb"},"id":"4x8w36qvzd3tikk","previousOperationId":"p5o7g9btvlxc7am"}
{"type":"operationStart","subtype":"engine","name":"handlebars","timestamp":1701762605879,"id":"i5qop6z1bpoyayr","previousEventId":"g4rmt8f6jqyumrs","operationId":"zs1jfudk32e01dc","previousOperationId":"p5o7g9btvlxc7am"}
{"type":"log","timestamp":1701762605879,"level":"debug","message":"Rendering engine handlebars","meta":{"rootId":"6jrvucz34os54jb","id":"6jrvucz34os54jb"},"id":"29cuky7bwyp6zfc","previousOperationId":"zs1jfudk32e01dc"}
{"type":"operationEnd","operationId":"zs1jfudk32e01dc","timestamp":1701762605905,"id":"2fjiylwwxjeucfb","previousEventId":"i5qop6z1bpoyayr","previousOperationId":"zs1jfudk32e01dc"}
{"type":"operationStart","subtype":"recipe","name":"chrome-pdf","timestamp":1701762605905,"id":"7qf928bmejui4or","previousEventId":"2fjiylwwxjeucfb","operationId":"s63x7kgk6e6m0ry","previousOperationId":"zs1jfudk32e01dc"}
{"type":"log","timestamp":1701762605905,"level":"debug","message":"Executing recipe chrome-pdf","meta":{"rootId":"6jrvucz34os54jb","id":"6jrvucz34os54jb"},"id":"1bz0qqb1c4j6olp","previousOperationId":"s63x7kgk6e6m0ry"}
{"type":"log","timestamp":1701762605906,"level":"debug","message":"Converting with chrome HeadlessChrome/117.0.5938.149 using chrome-pool strategy","meta":{"rootId":"6jrvucz34os54jb","id":"6jrvucz34os54jb"},"id":"1osfc6daukl7to0","previousOperationId":"s63x7kgk6e6m0ry"}
{"type":"log","timestamp":1701762605957,"level":"debug","message":"Page request: GET (document) file:///var/folders/dp/qk79pfcj0y1fmtkkl08m76rc0000gn/T/jsreport/autocleanup/ee7ae514-f753-4fe6-a8fc-68c03160bc55-chrome-pdf.html","meta":{"rootId":"6jrvucz34os54jb","id":"6jrvucz34os54jb"},"id":"676gvw2n4k1j0zb","previousOperationId":"s63x7kgk6e6m0ry"}
{"type":"log","timestamp":1701762605962,"level":"debug","message":"Page request finished: GET (document) 200 file:///var/folders/dp/qk79pfcj0y1fmtkkl08m76rc0000gn/T/jsreport/autocleanup/ee7ae514-f753-4fe6-a8fc-68c03160bc55-chrome-pdf.html","meta":{"rootId":"6jrvucz34os54jb","id":"6jrvucz34os54jb"},"id":"vuqp9w9wu7ndnbu","previousOperationId":"s63x7kgk6e6m0ry"}
{"type":"log","timestamp":1701762605970,"level":"debug","message":"Running chrome with params {\"printBackground\":true,\"width\":\"5.8cm\",\"height\":\"21cm\",\"timeout\":59953,\"margin\":{}}","meta":{"rootId":"6jrvucz34os54jb","id":"6jrvucz34os54jb"},"id":"4nfd0ousayzo4o8","previousOperationId":"s63x7kgk6e6m0ry"}
{"type":"operationEnd","operationId":"s63x7kgk6e6m0ry","timestamp":1701762606002,"id":"rivuqy4p74zjwsz","previousEventId":"7qf928bmejui4or","previousOperationId":"s63x7kgk6e6m0ry"}
{"type":"log","timestamp":1701762606002,"level":"debug","message":"Skipping storing report.","meta":{"rootId":"6jrvucz34os54jb","id":"6jrvucz34os54jb"},"id":"jjmaq381baetlo9","previousOperationId":"s63x7kgk6e6m0ry"}
{"type":"log","timestamp":1701762606003,"level":"info","message":"Rendering request 3 finished in 144 ms","meta":{"rootId":"6jrvucz34os54jb","id":"6jrvucz34os54jb"},"id":"obmzif00n7zszj2","previousOperationId":"s63x7kgk6e6m0ry"}
{"type":"operationEnd","subtype":"render","operationId":"p5o7g9btvlxc7am","timestamp":1701762606003,"id":"pmw20q8iazxhwu7","previousEventId":"rivuqy4p74zjwsz","previousOperationId":"s63x7kgk6e6m0ry"}
{"type":"operationEnd","doDiffs":false,"previousEventId":"yfxll4kxpmxxfh9","previousOperationId":"xf1jb44sbujx1w0","operationId":"xf1jb44sbujx1w0","timestamp":1701762606004,"id":"9yqp5u04229jzgl"}
