{"type":"operationStart","subtype":"profile","data":{"_id":"NfIKrTMcArg5RO2m","timestamp":"2023-12-05T08:26:22.818Z","state":"queued","mode":"standard","creationDate":"2023-12-05T08:26:22.819Z","modificationDate":"2023-12-05T08:26:22.819Z","shortid":"uQUH3XD","$entitySet":"profiles"},"doDiffs":false,"timestamp":1701764782819,"id":"oi9lcdrrsfubahv","previousOperationId":null,"operationId":"y1qslwa5gjxxmyf"}
{"type":"log","level":"info","message":"Render request 22 queued for execution and waiting for available worker","previousOperationId":"y1qslwa5gjxxmyf","timestamp":1701764782819,"id":"8xio1mp9z5wkbxj"}
{"type":"operationStart","subtype":"render","name":"pp_index","previousOperationId":"y1qslwa5gjxxmyf","timestamp":1701764782828,"id":"kir20isna4q8vwj","previousEventId":"oi9lcdrrsfubahv","operationId":"3b68eqwb558y3tm"}
{"type":"log","timestamp":1701764782828,"level":"info","message":"Starting rendering request 22","meta":{"rootId":"6nototwkevoff1o","id":"6nototwkevoff1o"},"id":"46nrqb81j7v1ua1","previousOperationId":"3b68eqwb558y3tm"}
{"type":"log","timestamp":1701764782828,"level":"info","message":"Rendering template { name: pp_index, recipe: chrome-pdf, engine: handlebars, preview: true }","meta":{"rootId":"6nototwkevoff1o","id":"6nototwkevoff1o"},"id":"mkvvz2gcmqclq4j","previousOperationId":"3b68eqwb558y3tm"}
{"type":"log","timestamp":1701764782829,"level":"debug","message":"Adding sample data PH9LTzd4s","meta":{"rootId":"6nototwkevoff1o","id":"6nototwkevoff1o"},"id":"3c3qxlxp1p9y696","previousOperationId":"3b68eqwb558y3tm"}
{"type":"log","timestamp":1701764782832,"level":"debug","message":"Base url not specified, skipping its injection.","meta":{"rootId":"6nototwkevoff1o","id":"6nototwkevoff1o"},"id":"hnmsabgqht3h40u","previousOperationId":"3b68eqwb558y3tm"}
{"type":"log","timestamp":1701764782833,"level":"debug","message":"Replaced assets [\"styles.css\"]","meta":{"rootId":"6nototwkevoff1o","id":"6nototwkevoff1o"},"id":"ckocsf0lxi5wr74","previousOperationId":"3b68eqwb558y3tm"}
{"type":"operationStart","subtype":"engine","name":"handlebars","timestamp":1701764782833,"id":"phqclo9cw413kod","previousEventId":"kir20isna4q8vwj","operationId":"ex02gc69eiosxoz","previousOperationId":"3b68eqwb558y3tm"}
{"type":"log","timestamp":1701764782833,"level":"debug","message":"Rendering engine handlebars","meta":{"rootId":"6nototwkevoff1o","id":"6nototwkevoff1o"},"id":"piyk2xsmp9m8dty","previousOperationId":"ex02gc69eiosxoz"}
{"type":"operationEnd","operationId":"ex02gc69eiosxoz","timestamp":1701764782855,"id":"a88w0yb2cf6gw6l","previousEventId":"phqclo9cw413kod","previousOperationId":"ex02gc69eiosxoz"}
{"type":"operationStart","subtype":"recipe","name":"chrome-pdf","timestamp":1701764782856,"id":"3r6ui0wps1ycrwh","previousEventId":"a88w0yb2cf6gw6l","operationId":"r3info1vptafaym","previousOperationId":"ex02gc69eiosxoz"}
{"type":"log","timestamp":1701764782856,"level":"debug","message":"Executing recipe chrome-pdf","meta":{"rootId":"6nototwkevoff1o","id":"6nototwkevoff1o"},"id":"bi1hyyu0z6pkc3b","previousOperationId":"r3info1vptafaym"}
{"type":"log","timestamp":1701764782859,"level":"debug","message":"Converting with chrome HeadlessChrome/117.0.5938.149 using chrome-pool strategy","meta":{"rootId":"6nototwkevoff1o","id":"6nototwkevoff1o"},"id":"z6beixajw6fpsfl","previousOperationId":"r3info1vptafaym"}
{"type":"log","timestamp":1701764782913,"level":"debug","message":"Page request: GET (document) file:///var/folders/dp/qk79pfcj0y1fmtkkl08m76rc0000gn/T/jsreport/autocleanup/68baac65-6634-4eb6-9558-765b5ac0e372-chrome-pdf.html","meta":{"rootId":"6nototwkevoff1o","id":"6nototwkevoff1o"},"id":"a48rol4wmcx10ya","previousOperationId":"r3info1vptafaym"}
{"type":"log","timestamp":1701764782918,"level":"debug","message":"Page request finished: GET (document) 200 file:///var/folders/dp/qk79pfcj0y1fmtkkl08m76rc0000gn/T/jsreport/autocleanup/68baac65-6634-4eb6-9558-765b5ac0e372-chrome-pdf.html","meta":{"rootId":"6nototwkevoff1o","id":"6nototwkevoff1o"},"id":"p7tg4b8lrw96s5f","previousOperationId":"r3info1vptafaym"}
{"type":"log","timestamp":1701764782927,"level":"debug","message":"Running chrome with params {\"printBackground\":true,\"width\":\"5.8cm\",\"height\":\"21cm\",\"timeout\":59959,\"margin\":{}}","meta":{"rootId":"6nototwkevoff1o","id":"6nototwkevoff1o"},"id":"11579dkylo2l0c5","previousOperationId":"r3info1vptafaym"}
{"type":"operationEnd","operationId":"r3info1vptafaym","timestamp":1701764782946,"id":"cmt7es1i24vysxx","previousEventId":"3r6ui0wps1ycrwh","previousOperationId":"r3info1vptafaym"}
{"type":"log","timestamp":1701764782946,"level":"debug","message":"Skipping storing report.","meta":{"rootId":"6nototwkevoff1o","id":"6nototwkevoff1o"},"id":"d7ba9bwbn0joz8u","previousOperationId":"r3info1vptafaym"}
{"type":"log","timestamp":1701764782947,"level":"info","message":"Rendering request 22 finished in 128 ms","meta":{"rootId":"6nototwkevoff1o","id":"6nototwkevoff1o"},"id":"gcpqb1qyuqqgh75","previousOperationId":"r3info1vptafaym"}
{"type":"operationEnd","subtype":"render","operationId":"3b68eqwb558y3tm","timestamp":1701764782947,"id":"otc19fvj5vhdkej","previousEventId":"cmt7es1i24vysxx","previousOperationId":"r3info1vptafaym"}
{"type":"operationEnd","doDiffs":false,"previousEventId":"oi9lcdrrsfubahv","previousOperationId":"y1qslwa5gjxxmyf","operationId":"y1qslwa5gjxxmyf","timestamp":1701764782948,"id":"tazfzc4f6stv7lx"}
