{"type":"operationStart","subtype":"profile","data":{"_id":"24Wt9hMm4W47rb95","timestamp":"2023-12-04T12:05:28.215Z","state":"queued","mode":"standard","creationDate":"2023-12-04T12:05:28.216Z","modificationDate":"2023-12-04T12:05:28.216Z","shortid":"F8l5HEf","$entitySet":"profiles"},"doDiffs":false,"timestamp":1701691528215,"id":"mzjlqataovdh31h","previousOperationId":null,"operationId":"zjnzol9w8sx2f87"}
{"type":"log","level":"info","message":"Render request 152 queued for execution and waiting for available worker","previousOperationId":"zjnzol9w8sx2f87","timestamp":1701691528215,"id":"frla6qbedh3tcg2"}
{"type":"operationStart","subtype":"render","name":"pp_index","previousOperationId":"zjnzol9w8sx2f87","timestamp":1701691528226,"id":"0kcuuuy077um38n","previousEventId":"mzjlqataovdh31h","operationId":"81n47r9j4fhkcex"}
{"type":"log","timestamp":1701691528227,"level":"info","message":"Starting rendering request 152","meta":{"rootId":"6ufw4iyu0pwmw36","id":"6ufw4iyu0pwmw36"},"id":"z1f1lqgl08wt1z5","previousOperationId":"81n47r9j4fhkcex"}
{"type":"log","timestamp":1701691528227,"level":"info","message":"Rendering template { name: pp_index, recipe: chrome-pdf, engine: handlebars, preview: true }","meta":{"rootId":"6ufw4iyu0pwmw36","id":"6ufw4iyu0pwmw36"},"id":"ea2myj66zoekj4w","previousOperationId":"81n47r9j4fhkcex"}
{"type":"log","timestamp":1701691528227,"level":"debug","message":"Inline data specified.","meta":{"rootId":"6ufw4iyu0pwmw36","id":"6ufw4iyu0pwmw36"},"id":"e9jeklbuk8633zk","previousOperationId":"81n47r9j4fhkcex"}
{"type":"log","timestamp":1701691528229,"level":"debug","message":"Base url not specified, skipping its injection.","meta":{"rootId":"6ufw4iyu0pwmw36","id":"6ufw4iyu0pwmw36"},"id":"x5xfjabn46v6t3n","previousOperationId":"81n47r9j4fhkcex"}
{"type":"operationStart","subtype":"engine","name":"handlebars","timestamp":1701691528229,"id":"tpd2jh5azd7zjco","previousEventId":"0kcuuuy077um38n","operationId":"y9513yo8sgv5j3u","previousOperationId":"81n47r9j4fhkcex"}
{"type":"log","timestamp":1701691528230,"level":"debug","message":"Rendering engine handlebars","meta":{"rootId":"6ufw4iyu0pwmw36","id":"6ufw4iyu0pwmw36"},"id":"psuzjjswqo6cig3","previousOperationId":"y9513yo8sgv5j3u"}
{"type":"operationEnd","operationId":"y9513yo8sgv5j3u","timestamp":1701691528243,"id":"2l4xhugg3693vii","previousEventId":"tpd2jh5azd7zjco","previousOperationId":"y9513yo8sgv5j3u"}
{"type":"operationStart","subtype":"recipe","name":"chrome-pdf","timestamp":1701691528243,"id":"du1k8acle9n8nxu","previousEventId":"2l4xhugg3693vii","operationId":"za00qyvhdtobp38","previousOperationId":"y9513yo8sgv5j3u"}
{"type":"log","timestamp":1701691528243,"level":"debug","message":"Executing recipe chrome-pdf","meta":{"rootId":"6ufw4iyu0pwmw36","id":"6ufw4iyu0pwmw36"},"id":"s0uzl7lx7724c9g","previousOperationId":"za00qyvhdtobp38"}
{"type":"log","timestamp":1701691528245,"level":"debug","message":"Converting with chrome HeadlessChrome/117.0.5938.149 using chrome-pool strategy","meta":{"rootId":"6ufw4iyu0pwmw36","id":"6ufw4iyu0pwmw36"},"id":"s608i2ksgedr798","previousOperationId":"za00qyvhdtobp38"}
{"type":"log","timestamp":1701691528295,"level":"debug","message":"Page request: GET (document) file:///var/folders/dp/qk79pfcj0y1fmtkkl08m76rc0000gn/T/jsreport/autocleanup/c0f5425c-d933-4654-a86e-68b64ec45844-chrome-pdf.html","meta":{"rootId":"6ufw4iyu0pwmw36","id":"6ufw4iyu0pwmw36"},"id":"hod65i6ueyyk5xa","previousOperationId":"za00qyvhdtobp38"}
{"type":"log","timestamp":1701691528300,"level":"debug","message":"Page request finished: GET (document) 200 file:///var/folders/dp/qk79pfcj0y1fmtkkl08m76rc0000gn/T/jsreport/autocleanup/c0f5425c-d933-4654-a86e-68b64ec45844-chrome-pdf.html","meta":{"rootId":"6ufw4iyu0pwmw36","id":"6ufw4iyu0pwmw36"},"id":"2ef7ylyzlbn7x42","previousOperationId":"za00qyvhdtobp38"}
{"type":"log","timestamp":1701691528314,"level":"debug","message":"Running chrome with params {\"printBackground\":true,\"width\":\"5.8cm\",\"height\":\"35cm\",\"timeout\":59971,\"margin\":{}}","meta":{"rootId":"6ufw4iyu0pwmw36","id":"6ufw4iyu0pwmw36"},"id":"ej7z9sl9u0kbxrv","previousOperationId":"za00qyvhdtobp38"}
{"type":"operationEnd","operationId":"za00qyvhdtobp38","timestamp":1701691528340,"id":"uh5ytnv0zkk6z7e","previousEventId":"du1k8acle9n8nxu","previousOperationId":"za00qyvhdtobp38"}
{"type":"log","timestamp":1701691528340,"level":"debug","message":"Skipping storing report.","meta":{"rootId":"6ufw4iyu0pwmw36","id":"6ufw4iyu0pwmw36"},"id":"1n2a5awhi40p52m","previousOperationId":"za00qyvhdtobp38"}
{"type":"log","timestamp":1701691528340,"level":"info","message":"Rendering request 152 finished in 125 ms","meta":{"rootId":"6ufw4iyu0pwmw36","id":"6ufw4iyu0pwmw36"},"id":"qid7y7g7fu893lk","previousOperationId":"za00qyvhdtobp38"}
{"type":"operationEnd","subtype":"render","operationId":"81n47r9j4fhkcex","timestamp":1701691528340,"id":"zn5xt3icu9di8ve","previousEventId":"uh5ytnv0zkk6z7e","previousOperationId":"za00qyvhdtobp38"}
{"type":"operationEnd","doDiffs":false,"previousEventId":"mzjlqataovdh31h","previousOperationId":"zjnzol9w8sx2f87","operationId":"zjnzol9w8sx2f87","timestamp":1701691528341,"id":"709zpjbfkhft1h2"}
