{"type":"operationStart","subtype":"profile","data":{"_id":"Rgp2PE5rT3Vx8xob","timestamp":"2023-12-04T13:16:31.590Z","state":"queued","mode":"standard","creationDate":"2023-12-04T13:16:31.591Z","modificationDate":"2023-12-04T13:16:31.591Z","shortid":"FaD782d","$entitySet":"profiles"},"doDiffs":false,"timestamp":1701695791591,"id":"m0aoypaqx2om1sy","previousOperationId":null,"operationId":"vf0bcjctx6rmxew"}
{"type":"log","level":"info","message":"Render request 35 queued for execution and waiting for available worker","previousOperationId":"vf0bcjctx6rmxew","timestamp":1701695791591,"id":"fjbphr7k8tatowr"}
{"type":"operationStart","subtype":"render","name":"pp_index","previousOperationId":"vf0bcjctx6rmxew","timestamp":1701695791599,"id":"l392u05re1i6za3","previousEventId":"m0aoypaqx2om1sy","operationId":"trwy8x22gc1iuxf"}
{"type":"log","timestamp":1701695791599,"level":"info","message":"Starting rendering request 35","meta":{"rootId":"7accnmm9jd6r6ny","id":"7accnmm9jd6r6ny"},"id":"pt0x6u44a6udi0p","previousOperationId":"trwy8x22gc1iuxf"}
{"type":"log","timestamp":1701695791599,"level":"info","message":"Rendering template { name: pp_index, recipe: chrome-pdf, engine: handlebars, preview: true }","meta":{"rootId":"7accnmm9jd6r6ny","id":"7accnmm9jd6r6ny"},"id":"vkrlvcymh7hhhsp","previousOperationId":"trwy8x22gc1iuxf"}
{"type":"log","timestamp":1701695791600,"level":"debug","message":"Inline data specified.","meta":{"rootId":"7accnmm9jd6r6ny","id":"7accnmm9jd6r6ny"},"id":"fa9zct5cqpnrlhs","previousOperationId":"trwy8x22gc1iuxf"}
{"type":"log","timestamp":1701695791602,"level":"debug","message":"Base url not specified, skipping its injection.","meta":{"rootId":"7accnmm9jd6r6ny","id":"7accnmm9jd6r6ny"},"id":"2ggx07jzifk24e6","previousOperationId":"trwy8x22gc1iuxf"}
{"type":"log","timestamp":1701695791604,"level":"debug","message":"Replaced assets [\"styles.css\"]","meta":{"rootId":"7accnmm9jd6r6ny","id":"7accnmm9jd6r6ny"},"id":"jwvwqy6o0dxejia","previousOperationId":"trwy8x22gc1iuxf"}
{"type":"operationStart","subtype":"engine","name":"handlebars","timestamp":1701695791604,"id":"red3ojagg8yz257","previousEventId":"l392u05re1i6za3","operationId":"ysy10kk2uuclyqb","previousOperationId":"trwy8x22gc1iuxf"}
{"type":"log","timestamp":1701695791604,"level":"debug","message":"Rendering engine handlebars","meta":{"rootId":"7accnmm9jd6r6ny","id":"7accnmm9jd6r6ny"},"id":"q2lmv5lizlkt081","previousOperationId":"ysy10kk2uuclyqb"}
{"type":"operationEnd","operationId":"ysy10kk2uuclyqb","timestamp":1701695791624,"id":"5tm6wq95xofsrbb","previousEventId":"red3ojagg8yz257","previousOperationId":"ysy10kk2uuclyqb"}
{"type":"operationStart","subtype":"recipe","name":"chrome-pdf","timestamp":1701695791625,"id":"cx3pg75g5mkxji3","previousEventId":"5tm6wq95xofsrbb","operationId":"vsgj6gtbkrlhbwf","previousOperationId":"ysy10kk2uuclyqb"}
{"type":"log","timestamp":1701695791625,"level":"debug","message":"Executing recipe chrome-pdf","meta":{"rootId":"7accnmm9jd6r6ny","id":"7accnmm9jd6r6ny"},"id":"erd7x1h9lyyy6mq","previousOperationId":"vsgj6gtbkrlhbwf"}
{"type":"log","timestamp":1701695791626,"level":"debug","message":"Converting with chrome HeadlessChrome/117.0.5938.149 using chrome-pool strategy","meta":{"rootId":"7accnmm9jd6r6ny","id":"7accnmm9jd6r6ny"},"id":"gh21ejxt2da32q6","previousOperationId":"vsgj6gtbkrlhbwf"}
{"type":"log","timestamp":1701695791678,"level":"debug","message":"Page request: GET (document) file:///var/folders/dp/qk79pfcj0y1fmtkkl08m76rc0000gn/T/jsreport/autocleanup/d46c604e-8176-497c-b18a-0ca0819e3697-chrome-pdf.html","meta":{"rootId":"7accnmm9jd6r6ny","id":"7accnmm9jd6r6ny"},"id":"mtm5j9d1bvg7mjs","previousOperationId":"vsgj6gtbkrlhbwf"}
{"type":"log","timestamp":1701695791683,"level":"debug","message":"Page request finished: GET (document) 200 file:///var/folders/dp/qk79pfcj0y1fmtkkl08m76rc0000gn/T/jsreport/autocleanup/d46c604e-8176-497c-b18a-0ca0819e3697-chrome-pdf.html","meta":{"rootId":"7accnmm9jd6r6ny","id":"7accnmm9jd6r6ny"},"id":"tm9l7mqv7zup1so","previousOperationId":"vsgj6gtbkrlhbwf"}
{"type":"log","timestamp":1701695791694,"level":"debug","message":"Running chrome with params {\"printBackground\":true,\"width\":\"5.8cm\",\"height\":\"40cm\",\"timeout\":59964,\"margin\":{}}","meta":{"rootId":"7accnmm9jd6r6ny","id":"7accnmm9jd6r6ny"},"id":"exdirb6oy681uyr","previousOperationId":"vsgj6gtbkrlhbwf"}
{"type":"operationEnd","operationId":"vsgj6gtbkrlhbwf","timestamp":1701695791718,"id":"q1id6ublngjtgwu","previousEventId":"cx3pg75g5mkxji3","previousOperationId":"vsgj6gtbkrlhbwf"}
{"type":"log","timestamp":1701695791718,"level":"debug","message":"Skipping storing report.","meta":{"rootId":"7accnmm9jd6r6ny","id":"7accnmm9jd6r6ny"},"id":"bcu16wn5qk1mrdy","previousOperationId":"vsgj6gtbkrlhbwf"}
{"type":"log","timestamp":1701695791718,"level":"info","message":"Rendering request 35 finished in 128 ms","meta":{"rootId":"7accnmm9jd6r6ny","id":"7accnmm9jd6r6ny"},"id":"ghq7odlodw15g1a","previousOperationId":"vsgj6gtbkrlhbwf"}
{"type":"operationEnd","subtype":"render","operationId":"trwy8x22gc1iuxf","timestamp":1701695791718,"id":"owha52x7rclaml9","previousEventId":"q1id6ublngjtgwu","previousOperationId":"vsgj6gtbkrlhbwf"}
{"type":"operationEnd","doDiffs":false,"previousEventId":"m0aoypaqx2om1sy","previousOperationId":"vf0bcjctx6rmxew","operationId":"vf0bcjctx6rmxew","timestamp":1701695791720,"id":"qvku06wxgkqtqo0"}
