{"type":"operationStart","subtype":"profile","data":{"_id":"kPb91R49u9ZGQ4eX","timestamp":"2023-12-05T14:59:06.427Z","state":"queued","mode":"standard","creationDate":"2023-12-05T14:59:06.429Z","modificationDate":"2023-12-05T14:59:06.429Z","shortid":"k4MTvGW","$entitySet":"profiles"},"doDiffs":false,"timestamp":1701788346428,"id":"foo098ezwtej1yj","previousOperationId":null,"operationId":"9c8tzikdzu6rjic"}
{"type":"log","level":"info","message":"Render request 25 queued for execution and waiting for available worker","previousOperationId":"9c8tzikdzu6rjic","timestamp":1701788346428,"id":"d8usxtxiq5ee5e9"}
{"type":"operationStart","subtype":"render","name":"pp_index","previousOperationId":"9c8tzikdzu6rjic","timestamp":1701788346438,"id":"dztab5q8cnneced","previousEventId":"foo098ezwtej1yj","operationId":"3zla5uzsg3evrbh"}
{"type":"log","timestamp":1701788346438,"level":"info","message":"Starting rendering request 25","meta":{"rootId":"7b2ecxwt64dw04l","id":"7b2ecxwt64dw04l"},"id":"9rlzw5ji7h77gae","previousOperationId":"3zla5uzsg3evrbh"}
{"type":"log","timestamp":1701788346439,"level":"info","message":"Rendering template { name: pp_index, recipe: chrome-pdf, engine: handlebars, preview: true }","meta":{"rootId":"7b2ecxwt64dw04l","id":"7b2ecxwt64dw04l"},"id":"vwkoar5o2truxg8","previousOperationId":"3zla5uzsg3evrbh"}
{"type":"log","timestamp":1701788346439,"level":"debug","message":"Inline data specified.","meta":{"rootId":"7b2ecxwt64dw04l","id":"7b2ecxwt64dw04l"},"id":"mwr2fmdlknuomr4","previousOperationId":"3zla5uzsg3evrbh"}
{"type":"log","timestamp":1701788346441,"level":"debug","message":"Base url not specified, skipping its injection.","meta":{"rootId":"7b2ecxwt64dw04l","id":"7b2ecxwt64dw04l"},"id":"gtprqikd6dsarcs","previousOperationId":"3zla5uzsg3evrbh"}
{"type":"log","timestamp":1701788346449,"level":"debug","message":"Replaced assets [\"styles.css\"]","meta":{"rootId":"7b2ecxwt64dw04l","id":"7b2ecxwt64dw04l"},"id":"go5vvn4onoaomht","previousOperationId":"3zla5uzsg3evrbh"}
{"type":"operationStart","subtype":"engine","name":"handlebars","timestamp":1701788346449,"id":"55c9ws0d136p72k","previousEventId":"dztab5q8cnneced","operationId":"cjw6ltzp63h3i2y","previousOperationId":"3zla5uzsg3evrbh"}
{"type":"log","timestamp":1701788346449,"level":"debug","message":"Rendering engine handlebars","meta":{"rootId":"7b2ecxwt64dw04l","id":"7b2ecxwt64dw04l"},"id":"celldduq6cqm2fy","previousOperationId":"cjw6ltzp63h3i2y"}
{"type":"operationEnd","operationId":"cjw6ltzp63h3i2y","timestamp":1701788346472,"id":"es9dk4n9x0mc2ax","previousEventId":"55c9ws0d136p72k","previousOperationId":"cjw6ltzp63h3i2y"}
{"type":"operationStart","subtype":"recipe","name":"chrome-pdf","timestamp":1701788346473,"id":"aircq9279m79hpy","previousEventId":"es9dk4n9x0mc2ax","operationId":"5dkwczku5zq6jfm","previousOperationId":"cjw6ltzp63h3i2y"}
{"type":"log","timestamp":1701788346473,"level":"debug","message":"Executing recipe chrome-pdf","meta":{"rootId":"7b2ecxwt64dw04l","id":"7b2ecxwt64dw04l"},"id":"z58kz1o6dkcc18j","previousOperationId":"5dkwczku5zq6jfm"}
{"type":"log","timestamp":1701788346474,"level":"debug","message":"Converting with chrome HeadlessChrome/117.0.5938.149 using chrome-pool strategy","meta":{"rootId":"7b2ecxwt64dw04l","id":"7b2ecxwt64dw04l"},"id":"z7bjtzo0tfkzrpq","previousOperationId":"5dkwczku5zq6jfm"}
{"type":"log","timestamp":1701788346522,"level":"debug","message":"Page request: GET (document) file:///var/folders/dp/qk79pfcj0y1fmtkkl08m76rc0000gn/T/jsreport/autocleanup/2b2deb04-ed90-49c7-bc1b-7db779f868ad-chrome-pdf.html","meta":{"rootId":"7b2ecxwt64dw04l","id":"7b2ecxwt64dw04l"},"id":"nd5qum5m9g003xi","previousOperationId":"5dkwczku5zq6jfm"}
{"type":"log","timestamp":1701788346527,"level":"debug","message":"Page request finished: GET (document) 200 file:///var/folders/dp/qk79pfcj0y1fmtkkl08m76rc0000gn/T/jsreport/autocleanup/2b2deb04-ed90-49c7-bc1b-7db779f868ad-chrome-pdf.html","meta":{"rootId":"7b2ecxwt64dw04l","id":"7b2ecxwt64dw04l"},"id":"n1klnqw12o8zy51","previousOperationId":"5dkwczku5zq6jfm"}
{"type":"log","timestamp":1701788346537,"level":"debug","message":"Running chrome with params {\"printBackground\":true,\"width\":\"58mm\",\"height\":\"21cm\",\"timeout\":59954,\"margin\":{}}","meta":{"rootId":"7b2ecxwt64dw04l","id":"7b2ecxwt64dw04l"},"id":"t6q3y231qn3q8yc","previousOperationId":"5dkwczku5zq6jfm"}
{"type":"operationEnd","operationId":"5dkwczku5zq6jfm","timestamp":1701788346558,"id":"21gi7fbjz3xhpya","previousEventId":"aircq9279m79hpy","previousOperationId":"5dkwczku5zq6jfm"}
{"type":"log","timestamp":1701788346558,"level":"debug","message":"Skipping storing report.","meta":{"rootId":"7b2ecxwt64dw04l","id":"7b2ecxwt64dw04l"},"id":"b24ynl2bvpgpduc","previousOperationId":"5dkwczku5zq6jfm"}
{"type":"log","timestamp":1701788346558,"level":"info","message":"Rendering request 25 finished in 131 ms","meta":{"rootId":"7b2ecxwt64dw04l","id":"7b2ecxwt64dw04l"},"id":"1vbjttbrzp78iai","previousOperationId":"5dkwczku5zq6jfm"}
{"type":"operationEnd","subtype":"render","operationId":"3zla5uzsg3evrbh","timestamp":1701788346558,"id":"4albla41krfjhgl","previousEventId":"21gi7fbjz3xhpya","previousOperationId":"5dkwczku5zq6jfm"}
{"type":"operationEnd","doDiffs":false,"previousEventId":"foo098ezwtej1yj","previousOperationId":"9c8tzikdzu6rjic","operationId":"9c8tzikdzu6rjic","timestamp":1701788346559,"id":"ic6847hvbhl6p9s"}
