{"type":"operationStart","subtype":"profile","data":{"_id":"ILCIPLZq4TIwlQV7","timestamp":"2023-12-04T10:05:32.113Z","state":"queued","mode":"standard","creationDate":"2023-12-04T10:05:32.114Z","modificationDate":"2023-12-04T10:05:32.114Z","shortid":"AOS5KcF","$entitySet":"profiles"},"doDiffs":false,"timestamp":1701684332114,"id":"vhww5gzad1gl21r","previousOperationId":null,"operationId":"iwdw1by9tg66kk3"}
{"type":"log","level":"info","message":"Render request 76 queued for execution and waiting for available worker","previousOperationId":"iwdw1by9tg66kk3","timestamp":1701684332114,"id":"ptb5coj67ri389k"}
{"type":"operationStart","subtype":"render","name":"pp_index","previousOperationId":"iwdw1by9tg66kk3","timestamp":1701684332119,"id":"jtta1tppbcnwzg9","previousEventId":"vhww5gzad1gl21r","operationId":"0kekxvzzuakyx5f"}
{"type":"log","timestamp":1701684332119,"level":"info","message":"Starting rendering request 76","meta":{"rootId":"7csmnjqwconwo57","id":"7csmnjqwconwo57"},"id":"1yd3zj0fe14k7pl","previousOperationId":"0kekxvzzuakyx5f"}
{"type":"log","timestamp":1701684332120,"level":"info","message":"Rendering template { name: pp_index, recipe: chrome-pdf, engine: handlebars, preview: true }","meta":{"rootId":"7csmnjqwconwo57","id":"7csmnjqwconwo57"},"id":"a5kaut7ucnh7ywb","previousOperationId":"0kekxvzzuakyx5f"}
{"type":"log","timestamp":1701684332120,"level":"debug","message":"Inline data specified.","meta":{"rootId":"7csmnjqwconwo57","id":"7csmnjqwconwo57"},"id":"g424q7fjs0imrxa","previousOperationId":"0kekxvzzuakyx5f"}
{"type":"log","timestamp":1701684332121,"level":"debug","message":"Base url not specified, skipping its injection.","meta":{"rootId":"7csmnjqwconwo57","id":"7csmnjqwconwo57"},"id":"zdcxjs47oylx3cb","previousOperationId":"0kekxvzzuakyx5f"}
{"type":"operationStart","subtype":"engine","name":"handlebars","timestamp":1701684332121,"id":"xslzc3cpvn8tm33","previousEventId":"jtta1tppbcnwzg9","operationId":"q2hv8pr4ienqsb3","previousOperationId":"0kekxvzzuakyx5f"}
{"type":"log","timestamp":1701684332121,"level":"debug","message":"Rendering engine handlebars","meta":{"rootId":"7csmnjqwconwo57","id":"7csmnjqwconwo57"},"id":"hwc2lte0bcpu8uq","previousOperationId":"q2hv8pr4ienqsb3"}
{"type":"operationEnd","operationId":"q2hv8pr4ienqsb3","timestamp":1701684332141,"id":"zg4xgzxnkwae78q","previousEventId":"xslzc3cpvn8tm33","previousOperationId":"q2hv8pr4ienqsb3"}
{"type":"operationStart","subtype":"recipe","name":"chrome-pdf","timestamp":1701684332141,"id":"oicavyqfope5nna","previousEventId":"zg4xgzxnkwae78q","operationId":"0pu0piyom75c5vw","previousOperationId":"q2hv8pr4ienqsb3"}
{"type":"log","timestamp":1701684332141,"level":"debug","message":"Executing recipe chrome-pdf","meta":{"rootId":"7csmnjqwconwo57","id":"7csmnjqwconwo57"},"id":"yn9mso8mg07pf93","previousOperationId":"0pu0piyom75c5vw"}
{"type":"log","timestamp":1701684332142,"level":"debug","message":"Converting with chrome HeadlessChrome/117.0.5938.149 using chrome-pool strategy","meta":{"rootId":"7csmnjqwconwo57","id":"7csmnjqwconwo57"},"id":"s7azqoyn6xwl0o5","previousOperationId":"0pu0piyom75c5vw"}
{"type":"log","timestamp":1701684332188,"level":"debug","message":"Page request: GET (document) file:///var/folders/dp/qk79pfcj0y1fmtkkl08m76rc0000gn/T/jsreport/autocleanup/00126cae-e732-4ef8-b80b-cff7156f2b5a-chrome-pdf.html","meta":{"rootId":"7csmnjqwconwo57","id":"7csmnjqwconwo57"},"id":"23dk4uhzbux94uh","previousOperationId":"0pu0piyom75c5vw"}
{"type":"log","timestamp":1701684332194,"level":"debug","message":"Page request finished: GET (document) 200 file:///var/folders/dp/qk79pfcj0y1fmtkkl08m76rc0000gn/T/jsreport/autocleanup/00126cae-e732-4ef8-b80b-cff7156f2b5a-chrome-pdf.html","meta":{"rootId":"7csmnjqwconwo57","id":"7csmnjqwconwo57"},"id":"q5y9xsalch1vgn7","previousOperationId":"0pu0piyom75c5vw"}
{"type":"log","timestamp":1701684332206,"level":"debug","message":"Running chrome with params {\"printBackground\":true,\"width\":\"5.8cm\",\"timeout\":59972,\"margin\":{}}","meta":{"rootId":"7csmnjqwconwo57","id":"7csmnjqwconwo57"},"id":"41zsbvy1i2ff7ih","previousOperationId":"0pu0piyom75c5vw"}
{"type":"operationEnd","operationId":"0pu0piyom75c5vw","timestamp":1701684332227,"id":"raspk7aplq5gct7","previousEventId":"oicavyqfope5nna","previousOperationId":"0pu0piyom75c5vw"}
{"type":"log","timestamp":1701684332227,"level":"debug","message":"Skipping storing report.","meta":{"rootId":"7csmnjqwconwo57","id":"7csmnjqwconwo57"},"id":"coz7rejpmzocatd","previousOperationId":"0pu0piyom75c5vw"}
{"type":"log","timestamp":1701684332227,"level":"info","message":"Rendering request 76 finished in 114 ms","meta":{"rootId":"7csmnjqwconwo57","id":"7csmnjqwconwo57"},"id":"znbzdrmdublhjbp","previousOperationId":"0pu0piyom75c5vw"}
{"type":"operationEnd","subtype":"render","operationId":"0kekxvzzuakyx5f","timestamp":1701684332227,"id":"gqfxbm045ilgjte","previousEventId":"raspk7aplq5gct7","previousOperationId":"0pu0piyom75c5vw"}
{"type":"operationEnd","doDiffs":false,"previousEventId":"vhww5gzad1gl21r","previousOperationId":"iwdw1by9tg66kk3","operationId":"iwdw1by9tg66kk3","timestamp":1701684332228,"id":"mcy1dquw7y02ta0"}
