{"type":"operationStart","subtype":"profile","data":{"_id":"OzMbXYIFfKkCGsCb","timestamp":"2023-12-04T10:53:33.320Z","state":"queued","mode":"standard","creationDate":"2023-12-04T10:53:33.320Z","modificationDate":"2023-12-04T10:53:33.320Z","shortid":"Cme00pR","$entitySet":"profiles"},"doDiffs":false,"timestamp":1701687213320,"id":"k1txmcmusnujf99","previousOperationId":null,"operationId":"rtjp8ttrojtct8m"}
{"type":"log","level":"info","message":"Render request 93 queued for execution and waiting for available worker","previousOperationId":"rtjp8ttrojtct8m","timestamp":1701687213320,"id":"itjbgoxob0n4vpr"}
{"type":"operationStart","subtype":"render","name":"pp_index","previousOperationId":"rtjp8ttrojtct8m","timestamp":1701687213323,"id":"kpm82hscgwqwa71","previousEventId":"k1txmcmusnujf99","operationId":"jq3ss6a7urchwzq"}
{"type":"log","timestamp":1701687213323,"level":"info","message":"Starting rendering request 93","meta":{"rootId":"7ie4oawxyy7uoki","id":"7ie4oawxyy7uoki"},"id":"ypw8ct1m6xv6ew2","previousOperationId":"jq3ss6a7urchwzq"}
{"type":"log","timestamp":1701687213323,"level":"info","message":"Rendering template { name: pp_index, recipe: chrome-pdf, engine: handlebars, preview: true }","meta":{"rootId":"7ie4oawxyy7uoki","id":"7ie4oawxyy7uoki"},"id":"8inji4ic2g5jn8x","previousOperationId":"jq3ss6a7urchwzq"}
{"type":"log","timestamp":1701687213324,"level":"debug","message":"Inline data specified.","meta":{"rootId":"7ie4oawxyy7uoki","id":"7ie4oawxyy7uoki"},"id":"x363tt86rpkekh1","previousOperationId":"jq3ss6a7urchwzq"}
{"type":"log","timestamp":1701687213325,"level":"debug","message":"Base url not specified, skipping its injection.","meta":{"rootId":"7ie4oawxyy7uoki","id":"7ie4oawxyy7uoki"},"id":"58xk6w8es19xy53","previousOperationId":"jq3ss6a7urchwzq"}
{"type":"operationStart","subtype":"engine","name":"handlebars","timestamp":1701687213325,"id":"nzm0y8mgbhgbdrw","previousEventId":"kpm82hscgwqwa71","operationId":"wdryky0x0pyng2y","previousOperationId":"jq3ss6a7urchwzq"}
{"type":"log","timestamp":1701687213325,"level":"debug","message":"Rendering engine handlebars","meta":{"rootId":"7ie4oawxyy7uoki","id":"7ie4oawxyy7uoki"},"id":"4qvan2qa1cwvts9","previousOperationId":"wdryky0x0pyng2y"}
{"type":"operationEnd","operationId":"wdryky0x0pyng2y","timestamp":1701687213330,"id":"b2zlwzgpjxl2boe","previousEventId":"nzm0y8mgbhgbdrw","previousOperationId":"wdryky0x0pyng2y"}
{"type":"operationStart","subtype":"recipe","name":"chrome-pdf","timestamp":1701687213330,"id":"ucp839b1db3wyti","previousEventId":"b2zlwzgpjxl2boe","operationId":"y8n6ynftd8t08pw","previousOperationId":"wdryky0x0pyng2y"}
{"type":"log","timestamp":1701687213330,"level":"debug","message":"Executing recipe chrome-pdf","meta":{"rootId":"7ie4oawxyy7uoki","id":"7ie4oawxyy7uoki"},"id":"mcatete68ujpilq","previousOperationId":"y8n6ynftd8t08pw"}
{"type":"log","timestamp":1701687213331,"level":"debug","message":"Converting with chrome HeadlessChrome/117.0.5938.149 using chrome-pool strategy","meta":{"rootId":"7ie4oawxyy7uoki","id":"7ie4oawxyy7uoki"},"id":"xangt58tkk71rp1","previousOperationId":"y8n6ynftd8t08pw"}
{"type":"log","timestamp":1701687213371,"level":"debug","message":"Page request: GET (document) file:///var/folders/dp/qk79pfcj0y1fmtkkl08m76rc0000gn/T/jsreport/autocleanup/58aac868-c68a-4681-babd-bee0157eba8d-chrome-pdf.html","meta":{"rootId":"7ie4oawxyy7uoki","id":"7ie4oawxyy7uoki"},"id":"4teq3knm8h7ljkk","previousOperationId":"y8n6ynftd8t08pw"}
{"type":"log","timestamp":1701687213375,"level":"debug","message":"Page request finished: GET (document) 200 file:///var/folders/dp/qk79pfcj0y1fmtkkl08m76rc0000gn/T/jsreport/autocleanup/58aac868-c68a-4681-babd-bee0157eba8d-chrome-pdf.html","meta":{"rootId":"7ie4oawxyy7uoki","id":"7ie4oawxyy7uoki"},"id":"ulvvwg8ldmcteim","previousOperationId":"y8n6ynftd8t08pw"}
{"type":"log","timestamp":1701687213385,"level":"debug","message":"Running chrome with params {\"printBackground\":true,\"width\":\"5.8cm\",\"timeout\":59989,\"margin\":{}}","meta":{"rootId":"7ie4oawxyy7uoki","id":"7ie4oawxyy7uoki"},"id":"mjrcn0bxq54auvw","previousOperationId":"y8n6ynftd8t08pw"}
{"type":"operationEnd","operationId":"y8n6ynftd8t08pw","timestamp":1701687213414,"id":"c2cqu8o1htsnzv3","previousEventId":"ucp839b1db3wyti","previousOperationId":"y8n6ynftd8t08pw"}
{"type":"log","timestamp":1701687213414,"level":"debug","message":"Skipping storing report.","meta":{"rootId":"7ie4oawxyy7uoki","id":"7ie4oawxyy7uoki"},"id":"bg2itlama45nly9","previousOperationId":"y8n6ynftd8t08pw"}
{"type":"log","timestamp":1701687213414,"level":"info","message":"Rendering request 93 finished in 94 ms","meta":{"rootId":"7ie4oawxyy7uoki","id":"7ie4oawxyy7uoki"},"id":"f6tgfwpwoe8k8t9","previousOperationId":"y8n6ynftd8t08pw"}
{"type":"operationEnd","subtype":"render","operationId":"jq3ss6a7urchwzq","timestamp":1701687213414,"id":"jpuy28nvespgny0","previousEventId":"c2cqu8o1htsnzv3","previousOperationId":"y8n6ynftd8t08pw"}
{"type":"operationEnd","doDiffs":false,"previousEventId":"k1txmcmusnujf99","previousOperationId":"rtjp8ttrojtct8m","operationId":"rtjp8ttrojtct8m","timestamp":1701687213416,"id":"ifeoh0gam51g3gb"}
