{"type":"operationStart","subtype":"profile","data":{"_id":"lTBLPF4v2ysX4vwh","timestamp":"2023-12-05T08:19:45.446Z","state":"queued","mode":"standard","creationDate":"2023-12-05T08:19:45.448Z","modificationDate":"2023-12-05T08:19:45.448Z","shortid":"k0cSjRI","$entitySet":"profiles"},"doDiffs":false,"timestamp":1701764385446,"id":"j69v1gjzzd5nwd6","previousOperationId":null,"operationId":"kb9h9mlt601ktw4"}
{"type":"log","level":"info","message":"Render request 3 queued for execution and waiting for available worker","previousOperationId":"kb9h9mlt601ktw4","timestamp":1701764385447,"id":"a6wz79rfby4ztmb"}
{"type":"operationStart","subtype":"render","name":"pp_index","previousOperationId":"kb9h9mlt601ktw4","timestamp":1701764385457,"id":"cgqg2exc5hu06ph","previousEventId":"j69v1gjzzd5nwd6","operationId":"oplejyr8t3q7de0"}
{"type":"log","timestamp":1701764385457,"level":"info","message":"Starting rendering request 3","meta":{"rootId":"7igrmbk2gw2z3zu","id":"7igrmbk2gw2z3zu"},"id":"jrhi9dsz9ooqpr2","previousOperationId":"oplejyr8t3q7de0"}
{"type":"log","timestamp":1701764385457,"level":"info","message":"Rendering template { name: pp_index, recipe: chrome-pdf, engine: handlebars, preview: true }","meta":{"rootId":"7igrmbk2gw2z3zu","id":"7igrmbk2gw2z3zu"},"id":"3vyn3lot8paindp","previousOperationId":"oplejyr8t3q7de0"}
{"type":"log","timestamp":1701764385458,"level":"debug","message":"Adding sample data PH9LTzd4s","meta":{"rootId":"7igrmbk2gw2z3zu","id":"7igrmbk2gw2z3zu"},"id":"lhpfz22a1jgd5dt","previousOperationId":"oplejyr8t3q7de0"}
{"type":"log","timestamp":1701764385460,"level":"debug","message":"Base url not specified, skipping its injection.","meta":{"rootId":"7igrmbk2gw2z3zu","id":"7igrmbk2gw2z3zu"},"id":"e7clzsridvuqu38","previousOperationId":"oplejyr8t3q7de0"}
{"type":"log","timestamp":1701764385462,"level":"debug","message":"Replaced assets [\"styles.css\"]","meta":{"rootId":"7igrmbk2gw2z3zu","id":"7igrmbk2gw2z3zu"},"id":"s5pjj62kjkwp7nj","previousOperationId":"oplejyr8t3q7de0"}
{"type":"operationStart","subtype":"engine","name":"handlebars","timestamp":1701764385462,"id":"5x3l96hgfk125j9","previousEventId":"cgqg2exc5hu06ph","operationId":"ylvrmdjezfn1e3h","previousOperationId":"oplejyr8t3q7de0"}
{"type":"log","timestamp":1701764385462,"level":"debug","message":"Rendering engine handlebars","meta":{"rootId":"7igrmbk2gw2z3zu","id":"7igrmbk2gw2z3zu"},"id":"6j524ppy0v0shzx","previousOperationId":"ylvrmdjezfn1e3h"}
{"type":"operationEnd","operationId":"ylvrmdjezfn1e3h","timestamp":1701764385488,"id":"7c0ou8xjrygur2x","previousEventId":"5x3l96hgfk125j9","previousOperationId":"ylvrmdjezfn1e3h"}
{"type":"operationStart","subtype":"recipe","name":"chrome-pdf","timestamp":1701764385489,"id":"7o6smv3pnzm9em5","previousEventId":"7c0ou8xjrygur2x","operationId":"cr7mrrf231cdvqe","previousOperationId":"ylvrmdjezfn1e3h"}
{"type":"log","timestamp":1701764385489,"level":"debug","message":"Executing recipe chrome-pdf","meta":{"rootId":"7igrmbk2gw2z3zu","id":"7igrmbk2gw2z3zu"},"id":"r0wa2qrhcidzgbc","previousOperationId":"cr7mrrf231cdvqe"}
{"type":"log","timestamp":1701764385490,"level":"debug","message":"Converting with chrome HeadlessChrome/117.0.5938.149 using chrome-pool strategy","meta":{"rootId":"7igrmbk2gw2z3zu","id":"7igrmbk2gw2z3zu"},"id":"c0c64e7s9k462wp","previousOperationId":"cr7mrrf231cdvqe"}
{"type":"log","timestamp":1701764385535,"level":"debug","message":"Page request: GET (document) file:///var/folders/dp/qk79pfcj0y1fmtkkl08m76rc0000gn/T/jsreport/autocleanup/4ab2a131-2f36-4962-857a-c5ef1c1a3970-chrome-pdf.html","meta":{"rootId":"7igrmbk2gw2z3zu","id":"7igrmbk2gw2z3zu"},"id":"7u8mz2y1htlrgjf","previousOperationId":"cr7mrrf231cdvqe"}
{"type":"log","timestamp":1701764385540,"level":"debug","message":"Page request finished: GET (document) 200 file:///var/folders/dp/qk79pfcj0y1fmtkkl08m76rc0000gn/T/jsreport/autocleanup/4ab2a131-2f36-4962-857a-c5ef1c1a3970-chrome-pdf.html","meta":{"rootId":"7igrmbk2gw2z3zu","id":"7igrmbk2gw2z3zu"},"id":"qfqclxmvn2docbi","previousOperationId":"cr7mrrf231cdvqe"}
{"type":"log","timestamp":1701764385548,"level":"debug","message":"Running chrome with params {\"printBackground\":true,\"width\":\"5.8cm\",\"height\":\"21cm\",\"timeout\":59955,\"margin\":{}}","meta":{"rootId":"7igrmbk2gw2z3zu","id":"7igrmbk2gw2z3zu"},"id":"2e84770ror4gd91","previousOperationId":"cr7mrrf231cdvqe"}
{"type":"operationEnd","operationId":"cr7mrrf231cdvqe","timestamp":1701764385571,"id":"3gur9bua9benw9b","previousEventId":"7o6smv3pnzm9em5","previousOperationId":"cr7mrrf231cdvqe"}
{"type":"log","timestamp":1701764385571,"level":"debug","message":"Skipping storing report.","meta":{"rootId":"7igrmbk2gw2z3zu","id":"7igrmbk2gw2z3zu"},"id":"3zaf8eml7zvxfo6","previousOperationId":"cr7mrrf231cdvqe"}
{"type":"log","timestamp":1701764385571,"level":"info","message":"Rendering request 3 finished in 126 ms","meta":{"rootId":"7igrmbk2gw2z3zu","id":"7igrmbk2gw2z3zu"},"id":"b3afh4taial0ecs","previousOperationId":"cr7mrrf231cdvqe"}
{"type":"operationEnd","subtype":"render","operationId":"oplejyr8t3q7de0","timestamp":1701764385571,"id":"nyw3va9ckveke8o","previousEventId":"3gur9bua9benw9b","previousOperationId":"cr7mrrf231cdvqe"}
{"type":"operationEnd","doDiffs":false,"previousEventId":"j69v1gjzzd5nwd6","previousOperationId":"kb9h9mlt601ktw4","operationId":"kb9h9mlt601ktw4","timestamp":1701764385573,"id":"ek6807f0m4b2sl6"}
