{"type":"operationStart","subtype":"profile","data":{"_id":"E4yvx8GBKD7LYu9t","timestamp":"2023-12-05T14:46:50.327Z","state":"queued","mode":"standard","creationDate":"2023-12-05T14:46:50.328Z","modificationDate":"2023-12-05T14:46:50.328Z","shortid":"rfInRpm","$entitySet":"profiles"},"doDiffs":false,"timestamp":1701787610327,"id":"hnib9uugrbj61a7","previousOperationId":null,"operationId":"8r1zqgoypzyc1di"}
{"type":"log","level":"info","message":"Render request 18 queued for execution and waiting for available worker","previousOperationId":"8r1zqgoypzyc1di","timestamp":1701787610328,"id":"i94gaqh2u945z4i"}
{"type":"operationStart","subtype":"render","name":"pp_index","previousOperationId":"8r1zqgoypzyc1di","timestamp":1701787610344,"id":"xdp5yodieh9qiz1","previousEventId":"hnib9uugrbj61a7","operationId":"h0gq66pcsnijv3r"}
{"type":"log","timestamp":1701787610344,"level":"info","message":"Starting rendering request 18","meta":{"rootId":"7oaj9c838741wnq","id":"7oaj9c838741wnq"},"id":"eghuoglybq3a0t6","previousOperationId":"h0gq66pcsnijv3r"}
{"type":"log","timestamp":1701787610344,"level":"info","message":"Rendering template { name: pp_index, recipe: chrome-pdf, engine: handlebars, preview: true }","meta":{"rootId":"7oaj9c838741wnq","id":"7oaj9c838741wnq"},"id":"6e342ku82s3atnp","previousOperationId":"h0gq66pcsnijv3r"}
{"type":"log","timestamp":1701787610345,"level":"debug","message":"Inline data specified.","meta":{"rootId":"7oaj9c838741wnq","id":"7oaj9c838741wnq"},"id":"9zb68kz5w1oz0qr","previousOperationId":"h0gq66pcsnijv3r"}
{"type":"log","timestamp":1701787610348,"level":"debug","message":"Base url not specified, skipping its injection.","meta":{"rootId":"7oaj9c838741wnq","id":"7oaj9c838741wnq"},"id":"5dzd33aft2qut9x","previousOperationId":"h0gq66pcsnijv3r"}
{"type":"log","timestamp":1701787610350,"level":"debug","message":"Replaced assets [\"styles.css\"]","meta":{"rootId":"7oaj9c838741wnq","id":"7oaj9c838741wnq"},"id":"wdwv7vpnvt3bghx","previousOperationId":"h0gq66pcsnijv3r"}
{"type":"operationStart","subtype":"engine","name":"handlebars","timestamp":1701787610350,"id":"7q8veogacrg56te","previousEventId":"xdp5yodieh9qiz1","operationId":"bcbosq81dmkem8i","previousOperationId":"h0gq66pcsnijv3r"}
{"type":"log","timestamp":1701787610350,"level":"debug","message":"Rendering engine handlebars","meta":{"rootId":"7oaj9c838741wnq","id":"7oaj9c838741wnq"},"id":"09c78mus7d6e5jo","previousOperationId":"bcbosq81dmkem8i"}
{"type":"operationEnd","operationId":"bcbosq81dmkem8i","timestamp":1701787610363,"id":"1z148nd1mti79jx","previousEventId":"7q8veogacrg56te","previousOperationId":"bcbosq81dmkem8i"}
{"type":"operationStart","subtype":"recipe","name":"chrome-pdf","timestamp":1701787610363,"id":"il13ep3msbx0987","previousEventId":"1z148nd1mti79jx","operationId":"t5xi3koxl1x9vwd","previousOperationId":"bcbosq81dmkem8i"}
{"type":"log","timestamp":1701787610363,"level":"debug","message":"Executing recipe chrome-pdf","meta":{"rootId":"7oaj9c838741wnq","id":"7oaj9c838741wnq"},"id":"ld1v8ankhn7lnuu","previousOperationId":"t5xi3koxl1x9vwd"}
{"type":"log","timestamp":1701787610365,"level":"debug","message":"Converting with chrome HeadlessChrome/117.0.5938.149 using chrome-pool strategy","meta":{"rootId":"7oaj9c838741wnq","id":"7oaj9c838741wnq"},"id":"9hptska1xs9awmi","previousOperationId":"t5xi3koxl1x9vwd"}
{"type":"log","timestamp":1701787610411,"level":"debug","message":"Page request: GET (document) file:///var/folders/dp/qk79pfcj0y1fmtkkl08m76rc0000gn/T/jsreport/autocleanup/b4dc4ce7-a01c-4462-864d-cfa376ec1da8-chrome-pdf.html","meta":{"rootId":"7oaj9c838741wnq","id":"7oaj9c838741wnq"},"id":"9424fa0m2xe4owu","previousOperationId":"t5xi3koxl1x9vwd"}
{"type":"log","timestamp":1701787610416,"level":"debug","message":"Page request finished: GET (document) 200 file:///var/folders/dp/qk79pfcj0y1fmtkkl08m76rc0000gn/T/jsreport/autocleanup/b4dc4ce7-a01c-4462-864d-cfa376ec1da8-chrome-pdf.html","meta":{"rootId":"7oaj9c838741wnq","id":"7oaj9c838741wnq"},"id":"o0dtyfnv32wlbfe","previousOperationId":"t5xi3koxl1x9vwd"}
{"type":"log","timestamp":1701787610428,"level":"debug","message":"Running chrome with params {\"printBackground\":true,\"width\":\"58mm\",\"height\":\"21cm\",\"timeout\":59963,\"margin\":{}}","meta":{"rootId":"7oaj9c838741wnq","id":"7oaj9c838741wnq"},"id":"dpc5lxuf6yk6cqd","previousOperationId":"t5xi3koxl1x9vwd"}
{"type":"operationEnd","operationId":"t5xi3koxl1x9vwd","timestamp":1701787610446,"id":"wasjn3em4afofmk","previousEventId":"il13ep3msbx0987","previousOperationId":"t5xi3koxl1x9vwd"}
{"type":"log","timestamp":1701787610447,"level":"debug","message":"Skipping storing report.","meta":{"rootId":"7oaj9c838741wnq","id":"7oaj9c838741wnq"},"id":"spoadc47novglzf","previousOperationId":"t5xi3koxl1x9vwd"}
{"type":"log","timestamp":1701787610447,"level":"info","message":"Rendering request 18 finished in 120 ms","meta":{"rootId":"7oaj9c838741wnq","id":"7oaj9c838741wnq"},"id":"iydlogcybr1zujf","previousOperationId":"t5xi3koxl1x9vwd"}
{"type":"operationEnd","subtype":"render","operationId":"h0gq66pcsnijv3r","timestamp":1701787610447,"id":"65wbmcdelwdtu2b","previousEventId":"wasjn3em4afofmk","previousOperationId":"t5xi3koxl1x9vwd"}
{"type":"operationEnd","doDiffs":false,"previousEventId":"hnib9uugrbj61a7","previousOperationId":"8r1zqgoypzyc1di","operationId":"8r1zqgoypzyc1di","timestamp":1701787610448,"id":"s90t6jh79ts311c"}
