{"type":"operationStart","subtype":"profile","data":{"_id":"BsjnnbnpnlVMecyA","timestamp":"2023-12-04T10:03:07.331Z","state":"queued","mode":"standard","creationDate":"2023-12-04T10:03:07.333Z","modificationDate":"2023-12-04T10:03:07.333Z","shortid":"Fd7dy5f","$entitySet":"profiles"},"doDiffs":false,"timestamp":1701684187332,"id":"cy9nm6c48pljcun","previousOperationId":null,"operationId":"6ji0rhvx3wognk5"}
{"type":"log","level":"info","message":"Render request 72 queued for execution and waiting for available worker","previousOperationId":"6ji0rhvx3wognk5","timestamp":1701684187332,"id":"l20qkmuraxdz06w"}
{"type":"operationStart","subtype":"render","name":"pp_index","previousOperationId":"6ji0rhvx3wognk5","timestamp":1701684187338,"id":"kpeeom95his3db4","previousEventId":"cy9nm6c48pljcun","operationId":"poy9bttsvqj1zjf"}
{"type":"log","timestamp":1701684187338,"level":"info","message":"Starting rendering request 72","meta":{"rootId":"7qx2rwkgkfbp7ac","id":"7qx2rwkgkfbp7ac"},"id":"demmmotq8mvbrzh","previousOperationId":"poy9bttsvqj1zjf"}
{"type":"log","timestamp":1701684187338,"level":"info","message":"Rendering template { name: pp_index, recipe: chrome-pdf, engine: handlebars, preview: true }","meta":{"rootId":"7qx2rwkgkfbp7ac","id":"7qx2rwkgkfbp7ac"},"id":"eyodtqx81un48b8","previousOperationId":"poy9bttsvqj1zjf"}
{"type":"log","timestamp":1701684187339,"level":"debug","message":"Inline data specified.","meta":{"rootId":"7qx2rwkgkfbp7ac","id":"7qx2rwkgkfbp7ac"},"id":"zypyhoxtybr73x0","previousOperationId":"poy9bttsvqj1zjf"}
{"type":"log","timestamp":1701684187341,"level":"debug","message":"Base url not specified, skipping its injection.","meta":{"rootId":"7qx2rwkgkfbp7ac","id":"7qx2rwkgkfbp7ac"},"id":"973be8dybxva3r8","previousOperationId":"poy9bttsvqj1zjf"}
{"type":"operationStart","subtype":"engine","name":"handlebars","timestamp":1701684187341,"id":"nmh91474ne6pv1e","previousEventId":"kpeeom95his3db4","operationId":"m2v4tbolrs9cxg8","previousOperationId":"poy9bttsvqj1zjf"}
{"type":"log","timestamp":1701684187341,"level":"debug","message":"Rendering engine handlebars","meta":{"rootId":"7qx2rwkgkfbp7ac","id":"7qx2rwkgkfbp7ac"},"id":"ogbm3yvdo7r2oh2","previousOperationId":"m2v4tbolrs9cxg8"}
{"type":"operationEnd","operationId":"m2v4tbolrs9cxg8","timestamp":1701684187351,"id":"u8x4fdvhwieky6g","previousEventId":"nmh91474ne6pv1e","previousOperationId":"m2v4tbolrs9cxg8"}
{"type":"operationStart","subtype":"recipe","name":"chrome-pdf","timestamp":1701684187351,"id":"wqqqbfk9e5fiybx","previousEventId":"u8x4fdvhwieky6g","operationId":"6tzsfvqmq2gft8t","previousOperationId":"m2v4tbolrs9cxg8"}
{"type":"log","timestamp":1701684187351,"level":"debug","message":"Executing recipe chrome-pdf","meta":{"rootId":"7qx2rwkgkfbp7ac","id":"7qx2rwkgkfbp7ac"},"id":"4zswd4q3lnk03gv","previousOperationId":"6tzsfvqmq2gft8t"}
{"type":"log","timestamp":1701684187355,"level":"debug","message":"Converting with chrome HeadlessChrome/117.0.5938.149 using chrome-pool strategy","meta":{"rootId":"7qx2rwkgkfbp7ac","id":"7qx2rwkgkfbp7ac"},"id":"8roe92ucfc0hrnr","previousOperationId":"6tzsfvqmq2gft8t"}
{"type":"log","timestamp":1701684187407,"level":"debug","message":"Page request: GET (document) file:///var/folders/dp/qk79pfcj0y1fmtkkl08m76rc0000gn/T/jsreport/autocleanup/d1888a51-7a1d-4eae-9499-e0614b4beb20-chrome-pdf.html","meta":{"rootId":"7qx2rwkgkfbp7ac","id":"7qx2rwkgkfbp7ac"},"id":"w0dtk7e2530gm42","previousOperationId":"6tzsfvqmq2gft8t"}
{"type":"log","timestamp":1701684187412,"level":"debug","message":"Page request finished: GET (document) 200 file:///var/folders/dp/qk79pfcj0y1fmtkkl08m76rc0000gn/T/jsreport/autocleanup/d1888a51-7a1d-4eae-9499-e0614b4beb20-chrome-pdf.html","meta":{"rootId":"7qx2rwkgkfbp7ac","id":"7qx2rwkgkfbp7ac"},"id":"g22jgxsmaq0wfq4","previousOperationId":"6tzsfvqmq2gft8t"}
{"type":"log","timestamp":1701684187425,"level":"debug","message":"Running chrome with params {\"printBackground\":true,\"width\":\"5.8cm\",\"timeout\":59978,\"margin\":{}}","meta":{"rootId":"7qx2rwkgkfbp7ac","id":"7qx2rwkgkfbp7ac"},"id":"chu1z6f9v7v8y0i","previousOperationId":"6tzsfvqmq2gft8t"}
{"type":"operationEnd","operationId":"6tzsfvqmq2gft8t","timestamp":1701684187446,"id":"zbgxrosy0ugq7nw","previousEventId":"wqqqbfk9e5fiybx","previousOperationId":"6tzsfvqmq2gft8t"}
{"type":"log","timestamp":1701684187446,"level":"debug","message":"Skipping storing report.","meta":{"rootId":"7qx2rwkgkfbp7ac","id":"7qx2rwkgkfbp7ac"},"id":"k82oyp3udj67h25","previousOperationId":"6tzsfvqmq2gft8t"}
{"type":"log","timestamp":1701684187446,"level":"info","message":"Rendering request 72 finished in 115 ms","meta":{"rootId":"7qx2rwkgkfbp7ac","id":"7qx2rwkgkfbp7ac"},"id":"z14idiose5b3nqz","previousOperationId":"6tzsfvqmq2gft8t"}
{"type":"operationEnd","subtype":"render","operationId":"poy9bttsvqj1zjf","timestamp":1701684187446,"id":"1vhfb6bsuqf129y","previousEventId":"zbgxrosy0ugq7nw","previousOperationId":"6tzsfvqmq2gft8t"}
{"type":"operationEnd","doDiffs":false,"previousEventId":"cy9nm6c48pljcun","previousOperationId":"6ji0rhvx3wognk5","operationId":"6ji0rhvx3wognk5","timestamp":1701684187448,"id":"n9k52i3j25flucy"}
