{"type":"operationStart","subtype":"profile","data":{"_id":"PG5O3B1tJLbrbVWL","timestamp":"2023-12-06T10:41:36.565Z","state":"queued","mode":"standard","creationDate":"2023-12-06T10:41:36.569Z","modificationDate":"2023-12-06T10:41:36.569Z","shortid":"QXRiLAV","$entitySet":"profiles"},"doDiffs":false,"timestamp":1701859296568,"id":"qieeag1n3tshdqu","previousOperationId":null,"operationId":"1l8zi6joyehagpz"}
{"type":"log","level":"info","message":"Render request 104 queued for execution and waiting for available worker","previousOperationId":"1l8zi6joyehagpz","timestamp":1701859296568,"id":"hnky6d56rmwfj2t"}
{"type":"operationStart","subtype":"render","name":"pp_index","previousOperationId":"1l8zi6joyehagpz","timestamp":1701859296582,"id":"lkvbnkx4h4rk96u","previousEventId":"qieeag1n3tshdqu","operationId":"zpc33wq0ezb567q"}
{"type":"log","timestamp":1701859296582,"level":"info","message":"Starting rendering request 104","meta":{"rootId":"85r2i8nre06cacd","id":"85r2i8nre06cacd"},"id":"mxefe8kebbgrg57","previousOperationId":"zpc33wq0ezb567q"}
{"type":"log","timestamp":1701859296582,"level":"info","message":"Rendering template { name: pp_index, recipe: chrome-pdf, engine: handlebars, preview: true }","meta":{"rootId":"85r2i8nre06cacd","id":"85r2i8nre06cacd"},"id":"3kkogkc99j343xl","previousOperationId":"zpc33wq0ezb567q"}
{"type":"log","timestamp":1701859296582,"level":"debug","message":"Inline data specified.","meta":{"rootId":"85r2i8nre06cacd","id":"85r2i8nre06cacd"},"id":"83pwf38clbh5kpn","previousOperationId":"zpc33wq0ezb567q"}
{"type":"log","timestamp":1701859296584,"level":"debug","message":"Base url not specified, skipping its injection.","meta":{"rootId":"85r2i8nre06cacd","id":"85r2i8nre06cacd"},"id":"6r9hjq87456r15d","previousOperationId":"zpc33wq0ezb567q"}
{"type":"log","timestamp":1701859296586,"level":"debug","message":"Replaced assets [\"styles.css\"]","meta":{"rootId":"85r2i8nre06cacd","id":"85r2i8nre06cacd"},"id":"0tnsuy7qexh2h2q","previousOperationId":"zpc33wq0ezb567q"}
{"type":"operationStart","subtype":"engine","name":"handlebars","timestamp":1701859296586,"id":"xxcid6jdgpt85pl","previousEventId":"lkvbnkx4h4rk96u","operationId":"zoob7u5roai6v06","previousOperationId":"zpc33wq0ezb567q"}
{"type":"log","timestamp":1701859296586,"level":"debug","message":"Rendering engine handlebars","meta":{"rootId":"85r2i8nre06cacd","id":"85r2i8nre06cacd"},"id":"pbr14eub7bi7cqw","previousOperationId":"zoob7u5roai6v06"}
{"type":"operationEnd","operationId":"zoob7u5roai6v06","timestamp":1701859296598,"id":"6m696lyjwpmj2bo","previousEventId":"xxcid6jdgpt85pl","previousOperationId":"zoob7u5roai6v06"}
{"type":"operationStart","subtype":"recipe","name":"chrome-pdf","timestamp":1701859296599,"id":"34gnfkfx495vupy","previousEventId":"6m696lyjwpmj2bo","operationId":"z0yz15wrnla7siv","previousOperationId":"zoob7u5roai6v06"}
{"type":"log","timestamp":1701859296599,"level":"debug","message":"Executing recipe chrome-pdf","meta":{"rootId":"85r2i8nre06cacd","id":"85r2i8nre06cacd"},"id":"7yovv22u93ffbau","previousOperationId":"z0yz15wrnla7siv"}
{"type":"log","timestamp":1701859296600,"level":"debug","message":"Converting with chrome HeadlessChrome/117.0.5938.149 using chrome-pool strategy","meta":{"rootId":"85r2i8nre06cacd","id":"85r2i8nre06cacd"},"id":"qzn3njxuenuhyq3","previousOperationId":"z0yz15wrnla7siv"}
{"type":"log","timestamp":1701859296651,"level":"debug","message":"Page request: GET (document) file:///var/folders/dp/qk79pfcj0y1fmtkkl08m76rc0000gn/T/jsreport/autocleanup/ac853320-f00a-4042-8f63-549b0810522c-chrome-pdf.html","meta":{"rootId":"85r2i8nre06cacd","id":"85r2i8nre06cacd"},"id":"cftf60vl9hwhh36","previousOperationId":"z0yz15wrnla7siv"}
{"type":"log","timestamp":1701859296656,"level":"debug","message":"Page request finished: GET (document) 200 file:///var/folders/dp/qk79pfcj0y1fmtkkl08m76rc0000gn/T/jsreport/autocleanup/ac853320-f00a-4042-8f63-549b0810522c-chrome-pdf.html","meta":{"rootId":"85r2i8nre06cacd","id":"85r2i8nre06cacd"},"id":"ynvpu3r00f55lt1","previousOperationId":"z0yz15wrnla7siv"}
{"type":"log","timestamp":1701859296665,"level":"debug","message":"Running chrome with params {\"printBackground\":true,\"width\":\"68mm\",\"height\":\"45cm\",\"timeout\":59965,\"margin\":{}}","meta":{"rootId":"85r2i8nre06cacd","id":"85r2i8nre06cacd"},"id":"ze1xcgszqyc12s4","previousOperationId":"z0yz15wrnla7siv"}
{"type":"operationEnd","operationId":"z0yz15wrnla7siv","timestamp":1701859296685,"id":"jcuc9xed07qdsks","previousEventId":"34gnfkfx495vupy","previousOperationId":"z0yz15wrnla7siv"}
{"type":"log","timestamp":1701859296685,"level":"debug","message":"Skipping storing report.","meta":{"rootId":"85r2i8nre06cacd","id":"85r2i8nre06cacd"},"id":"os5vbput2mh2xzz","previousOperationId":"z0yz15wrnla7siv"}
{"type":"log","timestamp":1701859296685,"level":"info","message":"Rendering request 104 finished in 120 ms","meta":{"rootId":"85r2i8nre06cacd","id":"85r2i8nre06cacd"},"id":"j9zbfxok6r83094","previousOperationId":"z0yz15wrnla7siv"}
{"type":"operationEnd","subtype":"render","operationId":"zpc33wq0ezb567q","timestamp":1701859296685,"id":"8hfsy6l3ufbex2w","previousEventId":"jcuc9xed07qdsks","previousOperationId":"z0yz15wrnla7siv"}
{"type":"operationEnd","doDiffs":false,"previousEventId":"qieeag1n3tshdqu","previousOperationId":"1l8zi6joyehagpz","operationId":"1l8zi6joyehagpz","timestamp":1701859296686,"id":"79fqjqcpzm2qsu5"}
