{"type":"operationStart","subtype":"profile","data":{"_id":"SJBesbcNXVk1GU6a","timestamp":"2023-12-04T08:36:58.446Z","state":"queued","mode":"standard","creationDate":"2023-12-04T08:36:58.448Z","modificationDate":"2023-12-04T08:36:58.448Z","shortid":"0mZ1qt6","$entitySet":"profiles"},"doDiffs":false,"timestamp":1701679018447,"id":"q4k9t98s9xsszqa","previousOperationId":null,"operationId":"co7tp0bd2qv1mem"}
{"type":"log","level":"info","message":"Render request 9 queued for execution and waiting for available worker","previousOperationId":"co7tp0bd2qv1mem","timestamp":1701679018447,"id":"w4sr79ty717gxjk"}
{"type":"operationStart","subtype":"render","name":"pp_index","previousOperationId":"co7tp0bd2qv1mem","timestamp":1701679018456,"id":"owemwc08riarvxp","previousEventId":"q4k9t98s9xsszqa","operationId":"m8b5mzt2mqwhnnj"}
{"type":"log","timestamp":1701679018456,"level":"info","message":"Starting rendering request 9","meta":{"rootId":"8eskd3tgoao4k21","id":"8eskd3tgoao4k21"},"id":"7fspzz89euegxwh","previousOperationId":"m8b5mzt2mqwhnnj"}
{"type":"log","timestamp":1701679018457,"level":"info","message":"Rendering template { name: pp_index, recipe: chrome-pdf, engine: handlebars, preview: true }","meta":{"rootId":"8eskd3tgoao4k21","id":"8eskd3tgoao4k21"},"id":"z8pkgc9vbs1i4c5","previousOperationId":"m8b5mzt2mqwhnnj"}
{"type":"log","timestamp":1701679018464,"level":"debug","message":"Adding sample data PH9LTzd4s","meta":{"rootId":"8eskd3tgoao4k21","id":"8eskd3tgoao4k21"},"id":"a5mnt2j5l4f7qnr","previousOperationId":"m8b5mzt2mqwhnnj"}
{"type":"log","timestamp":1701679018467,"level":"debug","message":"Base url not specified, skipping its injection.","meta":{"rootId":"8eskd3tgoao4k21","id":"8eskd3tgoao4k21"},"id":"cyjaryx7kzu0cip","previousOperationId":"m8b5mzt2mqwhnnj"}
{"type":"operationStart","subtype":"engine","name":"handlebars","timestamp":1701679018467,"id":"6hlwuzmmn8ohhfz","previousEventId":"owemwc08riarvxp","operationId":"9fie8qu7cnbryac","previousOperationId":"m8b5mzt2mqwhnnj"}
{"type":"log","timestamp":1701679018467,"level":"debug","message":"Rendering engine handlebars","meta":{"rootId":"8eskd3tgoao4k21","id":"8eskd3tgoao4k21"},"id":"b7vwxy4fstj9csv","previousOperationId":"9fie8qu7cnbryac"}
{"type":"operationEnd","operationId":"9fie8qu7cnbryac","timestamp":1701679018474,"id":"tf2f8pc43dlzmu0","previousEventId":"6hlwuzmmn8ohhfz","previousOperationId":"9fie8qu7cnbryac"}
{"type":"operationStart","subtype":"recipe","name":"chrome-pdf","timestamp":1701679018474,"id":"mrbr9592d0dskok","previousEventId":"tf2f8pc43dlzmu0","operationId":"4fs6byhnzvgidai","previousOperationId":"9fie8qu7cnbryac"}
{"type":"log","timestamp":1701679018474,"level":"debug","message":"Executing recipe chrome-pdf","meta":{"rootId":"8eskd3tgoao4k21","id":"8eskd3tgoao4k21"},"id":"6kr2bijub0uyygx","previousOperationId":"4fs6byhnzvgidai"}
{"type":"log","timestamp":1701679018476,"level":"debug","message":"Converting with chrome HeadlessChrome/117.0.5938.149 using chrome-pool strategy","meta":{"rootId":"8eskd3tgoao4k21","id":"8eskd3tgoao4k21"},"id":"hz5x61mq056r13g","previousOperationId":"4fs6byhnzvgidai"}
{"type":"log","timestamp":1701679018523,"level":"debug","message":"Page request: GET (document) file:///var/folders/dp/qk79pfcj0y1fmtkkl08m76rc0000gn/T/jsreport/autocleanup/7c001d84-7ca6-4284-8a16-f8fea1360888-chrome-pdf.html","meta":{"rootId":"8eskd3tgoao4k21","id":"8eskd3tgoao4k21"},"id":"2tmcn6n453o322t","previousOperationId":"4fs6byhnzvgidai"}
{"type":"log","timestamp":1701679018527,"level":"debug","message":"Page request finished: GET (document) 200 file:///var/folders/dp/qk79pfcj0y1fmtkkl08m76rc0000gn/T/jsreport/autocleanup/7c001d84-7ca6-4284-8a16-f8fea1360888-chrome-pdf.html","meta":{"rootId":"8eskd3tgoao4k21","id":"8eskd3tgoao4k21"},"id":"pruksmzj3ubazo7","previousOperationId":"4fs6byhnzvgidai"}
{"type":"log","timestamp":1701679018538,"level":"debug","message":"Running chrome with params {\"printBackground\":true,\"timeout\":59971,\"margin\":{}}","meta":{"rootId":"8eskd3tgoao4k21","id":"8eskd3tgoao4k21"},"id":"ewwofd4yypga7qz","previousOperationId":"4fs6byhnzvgidai"}
{"type":"operationEnd","operationId":"4fs6byhnzvgidai","timestamp":1701679018553,"id":"w3tld3tr0jotcxg","previousEventId":"mrbr9592d0dskok","previousOperationId":"4fs6byhnzvgidai"}
{"type":"log","timestamp":1701679018554,"level":"debug","message":"Skipping storing report.","meta":{"rootId":"8eskd3tgoao4k21","id":"8eskd3tgoao4k21"},"id":"x52ein7yz18jhoy","previousOperationId":"4fs6byhnzvgidai"}
{"type":"log","timestamp":1701679018554,"level":"info","message":"Rendering request 9 finished in 108 ms","meta":{"rootId":"8eskd3tgoao4k21","id":"8eskd3tgoao4k21"},"id":"2j50jmn9l4pp25h","previousOperationId":"4fs6byhnzvgidai"}
{"type":"operationEnd","subtype":"render","operationId":"m8b5mzt2mqwhnnj","timestamp":1701679018554,"id":"qjvcxju49ozh6wl","previousEventId":"w3tld3tr0jotcxg","previousOperationId":"4fs6byhnzvgidai"}
{"type":"operationEnd","doDiffs":false,"previousEventId":"q4k9t98s9xsszqa","previousOperationId":"co7tp0bd2qv1mem","operationId":"co7tp0bd2qv1mem","timestamp":1701679018555,"id":"xxn92udbmrg8lkj"}
