{"type":"operationStart","subtype":"profile","data":{"_id":"NROppzB1HWgbZ5pu","timestamp":"2023-12-06T10:32:09.956Z","state":"queued","mode":"standard","creationDate":"2023-12-06T10:32:09.959Z","modificationDate":"2023-12-06T10:32:09.959Z","shortid":"GfGn-r8","$entitySet":"profiles"},"doDiffs":false,"timestamp":1701858729958,"id":"vi51pymiewp2vwx","previousOperationId":null,"operationId":"t34jc1xd4r9udt9"}
{"type":"log","level":"info","message":"Render request 92 queued for execution and waiting for available worker","previousOperationId":"t34jc1xd4r9udt9","timestamp":1701858729958,"id":"n376x8r4vlgejrf"}
{"type":"operationStart","subtype":"render","name":"pp_index","previousOperationId":"t34jc1xd4r9udt9","timestamp":1701858729967,"id":"79brcoerd6ox14e","previousEventId":"vi51pymiewp2vwx","operationId":"45r3y862nmpd3x8"}
{"type":"log","timestamp":1701858729967,"level":"info","message":"Starting rendering request 92","meta":{"rootId":"8t15z2qf0ks3lp3","id":"8t15z2qf0ks3lp3"},"id":"35offcikd21jt33","previousOperationId":"45r3y862nmpd3x8"}
{"type":"log","timestamp":1701858729967,"level":"info","message":"Rendering template { name: pp_index, recipe: chrome-pdf, engine: handlebars, preview: true }","meta":{"rootId":"8t15z2qf0ks3lp3","id":"8t15z2qf0ks3lp3"},"id":"10q3o3iauct724k","previousOperationId":"45r3y862nmpd3x8"}
{"type":"log","timestamp":1701858729968,"level":"debug","message":"Inline data specified.","meta":{"rootId":"8t15z2qf0ks3lp3","id":"8t15z2qf0ks3lp3"},"id":"hz91jqmdw77p2n3","previousOperationId":"45r3y862nmpd3x8"}
{"type":"log","timestamp":1701858729970,"level":"debug","message":"Base url not specified, skipping its injection.","meta":{"rootId":"8t15z2qf0ks3lp3","id":"8t15z2qf0ks3lp3"},"id":"lsaejkwpoy6sx9m","previousOperationId":"45r3y862nmpd3x8"}
{"type":"log","timestamp":1701858729971,"level":"debug","message":"Replaced assets [\"styles.css\"]","meta":{"rootId":"8t15z2qf0ks3lp3","id":"8t15z2qf0ks3lp3"},"id":"ln3xl0u2tmf3zxm","previousOperationId":"45r3y862nmpd3x8"}
{"type":"operationStart","subtype":"engine","name":"handlebars","timestamp":1701858729971,"id":"4wrn4qkdhr7u3vl","previousEventId":"79brcoerd6ox14e","operationId":"5sfvp70ximq5qkw","previousOperationId":"45r3y862nmpd3x8"}
{"type":"log","timestamp":1701858729971,"level":"debug","message":"Rendering engine handlebars","meta":{"rootId":"8t15z2qf0ks3lp3","id":"8t15z2qf0ks3lp3"},"id":"bvacazc0cmto5dp","previousOperationId":"5sfvp70ximq5qkw"}
{"type":"operationEnd","operationId":"5sfvp70ximq5qkw","timestamp":1701858729987,"id":"j8xwjg8sk86mlki","previousEventId":"4wrn4qkdhr7u3vl","previousOperationId":"5sfvp70ximq5qkw"}
{"type":"operationStart","subtype":"recipe","name":"chrome-pdf","timestamp":1701858729987,"id":"wzxc26stry3jyzu","previousEventId":"j8xwjg8sk86mlki","operationId":"wezoytyf9rr1y9i","previousOperationId":"5sfvp70ximq5qkw"}
{"type":"log","timestamp":1701858729987,"level":"debug","message":"Executing recipe chrome-pdf","meta":{"rootId":"8t15z2qf0ks3lp3","id":"8t15z2qf0ks3lp3"},"id":"nfuy8fkbyci7uh1","previousOperationId":"wezoytyf9rr1y9i"}
{"type":"log","timestamp":1701858729988,"level":"debug","message":"Converting with chrome HeadlessChrome/117.0.5938.149 using chrome-pool strategy","meta":{"rootId":"8t15z2qf0ks3lp3","id":"8t15z2qf0ks3lp3"},"id":"0dfxamu5n2ghqae","previousOperationId":"wezoytyf9rr1y9i"}
{"type":"log","timestamp":1701858730034,"level":"debug","message":"Page request: GET (document) file:///var/folders/dp/qk79pfcj0y1fmtkkl08m76rc0000gn/T/jsreport/autocleanup/3449d884-85d1-42fb-9e4b-d11ea6f50e34-chrome-pdf.html","meta":{"rootId":"8t15z2qf0ks3lp3","id":"8t15z2qf0ks3lp3"},"id":"z0wt39397mpqp4z","previousOperationId":"wezoytyf9rr1y9i"}
{"type":"log","timestamp":1701858730039,"level":"debug","message":"Page request finished: GET (document) 200 file:///var/folders/dp/qk79pfcj0y1fmtkkl08m76rc0000gn/T/jsreport/autocleanup/3449d884-85d1-42fb-9e4b-d11ea6f50e34-chrome-pdf.html","meta":{"rootId":"8t15z2qf0ks3lp3","id":"8t15z2qf0ks3lp3"},"id":"nvimyde37lspjei","previousOperationId":"wezoytyf9rr1y9i"}
{"type":"log","timestamp":1701858730051,"level":"debug","message":"Running chrome with params {\"printBackground\":true,\"width\":\"58mm\",\"height\":\"21cm\",\"timeout\":59968,\"margin\":{}}","meta":{"rootId":"8t15z2qf0ks3lp3","id":"8t15z2qf0ks3lp3"},"id":"s1uuaa4vflfrqcz","previousOperationId":"wezoytyf9rr1y9i"}
{"type":"operationEnd","operationId":"wezoytyf9rr1y9i","timestamp":1701858730070,"id":"c3ip24a0akn4pg9","previousEventId":"wzxc26stry3jyzu","previousOperationId":"wezoytyf9rr1y9i"}
{"type":"log","timestamp":1701858730070,"level":"debug","message":"Skipping storing report.","meta":{"rootId":"8t15z2qf0ks3lp3","id":"8t15z2qf0ks3lp3"},"id":"7ug6uggij14xk5y","previousOperationId":"wezoytyf9rr1y9i"}
{"type":"log","timestamp":1701858730070,"level":"info","message":"Rendering request 92 finished in 114 ms","meta":{"rootId":"8t15z2qf0ks3lp3","id":"8t15z2qf0ks3lp3"},"id":"4rct0cgsbex9sv4","previousOperationId":"wezoytyf9rr1y9i"}
{"type":"operationEnd","subtype":"render","operationId":"45r3y862nmpd3x8","timestamp":1701858730070,"id":"tq6prdnt5lyd7dk","previousEventId":"c3ip24a0akn4pg9","previousOperationId":"wezoytyf9rr1y9i"}
{"type":"operationEnd","doDiffs":false,"previousEventId":"vi51pymiewp2vwx","previousOperationId":"t34jc1xd4r9udt9","operationId":"t34jc1xd4r9udt9","timestamp":1701858730071,"id":"zdzq5cd090rjz4o"}
