{"type":"operationStart","subtype":"profile","data":{"_id":"PKNEVmcfdJOB6wYZ","timestamp":"2023-12-04T09:25:21.784Z","state":"queued","mode":"standard","creationDate":"2023-12-04T09:25:21.786Z","modificationDate":"2023-12-04T09:25:21.786Z","shortid":"98vHvwB","$entitySet":"profiles"},"doDiffs":false,"timestamp":1701681921785,"id":"l4qe3jiginmevie","previousOperationId":null,"operationId":"gi0jmsywjgp7w2d"}
{"type":"log","level":"info","message":"Render request 51 queued for execution and waiting for available worker","previousOperationId":"gi0jmsywjgp7w2d","timestamp":1701681921786,"id":"l2r238zzni1b42b"}
{"type":"operationStart","subtype":"render","name":"pp_index","previousOperationId":"gi0jmsywjgp7w2d","timestamp":1701681921794,"id":"1d2rzp6g3wzq9w9","previousEventId":"l4qe3jiginmevie","operationId":"9csiwkyv8uj9kyg"}
{"type":"log","timestamp":1701681921794,"level":"info","message":"Starting rendering request 51","meta":{"rootId":"8x7suqqnekna5vy","id":"8x7suqqnekna5vy"},"id":"l0yl7nmhl9bogga","previousOperationId":"9csiwkyv8uj9kyg"}
{"type":"log","timestamp":1701681921794,"level":"info","message":"Rendering template { name: pp_index, recipe: chrome-pdf, engine: handlebars, preview: true }","meta":{"rootId":"8x7suqqnekna5vy","id":"8x7suqqnekna5vy"},"id":"2x04fiqpotpdmy9","previousOperationId":"9csiwkyv8uj9kyg"}
{"type":"log","timestamp":1701681921795,"level":"debug","message":"Inline data specified.","meta":{"rootId":"8x7suqqnekna5vy","id":"8x7suqqnekna5vy"},"id":"dyajlsaskeagdxb","previousOperationId":"9csiwkyv8uj9kyg"}
{"type":"log","timestamp":1701681921797,"level":"debug","message":"Base url not specified, skipping its injection.","meta":{"rootId":"8x7suqqnekna5vy","id":"8x7suqqnekna5vy"},"id":"iw05ewhzqp76pkb","previousOperationId":"9csiwkyv8uj9kyg"}
{"type":"operationStart","subtype":"engine","name":"handlebars","timestamp":1701681921797,"id":"w3j0joa428u4t9s","previousEventId":"1d2rzp6g3wzq9w9","operationId":"6o5dv6krlhikmwh","previousOperationId":"9csiwkyv8uj9kyg"}
{"type":"log","timestamp":1701681921797,"level":"debug","message":"Rendering engine handlebars","meta":{"rootId":"8x7suqqnekna5vy","id":"8x7suqqnekna5vy"},"id":"jf4x9i1kfdqph6a","previousOperationId":"6o5dv6krlhikmwh"}
{"type":"operationEnd","operationId":"6o5dv6krlhikmwh","timestamp":1701681921811,"id":"3mcx21c4yad1spk","previousEventId":"w3j0joa428u4t9s","previousOperationId":"6o5dv6krlhikmwh"}
{"type":"operationStart","subtype":"recipe","name":"chrome-pdf","timestamp":1701681921812,"id":"vbctve8xqd31iax","previousEventId":"3mcx21c4yad1spk","operationId":"022miyqfvn72zli","previousOperationId":"6o5dv6krlhikmwh"}
{"type":"log","timestamp":1701681921812,"level":"debug","message":"Executing recipe chrome-pdf","meta":{"rootId":"8x7suqqnekna5vy","id":"8x7suqqnekna5vy"},"id":"58bpck6hheq2xyd","previousOperationId":"022miyqfvn72zli"}
{"type":"log","timestamp":1701681921813,"level":"debug","message":"Converting with chrome HeadlessChrome/117.0.5938.149 using chrome-pool strategy","meta":{"rootId":"8x7suqqnekna5vy","id":"8x7suqqnekna5vy"},"id":"4y4cndmbmluv1h1","previousOperationId":"022miyqfvn72zli"}
{"type":"log","timestamp":1701681921863,"level":"debug","message":"Page request: GET (document) file:///var/folders/dp/qk79pfcj0y1fmtkkl08m76rc0000gn/T/jsreport/autocleanup/1b201924-60a7-4774-ade5-6593bc499b0c-chrome-pdf.html","meta":{"rootId":"8x7suqqnekna5vy","id":"8x7suqqnekna5vy"},"id":"hq5twtmamc27vb1","previousOperationId":"022miyqfvn72zli"}
{"type":"log","timestamp":1701681921869,"level":"debug","message":"Page request finished: GET (document) 200 file:///var/folders/dp/qk79pfcj0y1fmtkkl08m76rc0000gn/T/jsreport/autocleanup/1b201924-60a7-4774-ade5-6593bc499b0c-chrome-pdf.html","meta":{"rootId":"8x7suqqnekna5vy","id":"8x7suqqnekna5vy"},"id":"jbzzx76h40vr03x","previousOperationId":"022miyqfvn72zli"}
{"type":"log","timestamp":1701681921880,"level":"debug","message":"Running chrome with params {\"printBackground\":true,\"timeout\":59972,\"margin\":{}}","meta":{"rootId":"8x7suqqnekna5vy","id":"8x7suqqnekna5vy"},"id":"2b1tl4n0eulxu3y","previousOperationId":"022miyqfvn72zli"}
{"type":"operationEnd","operationId":"022miyqfvn72zli","timestamp":1701681921898,"id":"n78hiy4ochrbto1","previousEventId":"vbctve8xqd31iax","previousOperationId":"022miyqfvn72zli"}
{"type":"log","timestamp":1701681921898,"level":"debug","message":"Skipping storing report.","meta":{"rootId":"8x7suqqnekna5vy","id":"8x7suqqnekna5vy"},"id":"fmpw548u3tznqt6","previousOperationId":"022miyqfvn72zli"}
{"type":"log","timestamp":1701681921898,"level":"info","message":"Rendering request 51 finished in 114 ms","meta":{"rootId":"8x7suqqnekna5vy","id":"8x7suqqnekna5vy"},"id":"4wn6pyf2bb2ct8o","previousOperationId":"022miyqfvn72zli"}
{"type":"operationEnd","subtype":"render","operationId":"9csiwkyv8uj9kyg","timestamp":1701681921898,"id":"gg8rvruye9ug3gi","previousEventId":"n78hiy4ochrbto1","previousOperationId":"022miyqfvn72zli"}
{"type":"operationEnd","doDiffs":false,"previousEventId":"l4qe3jiginmevie","previousOperationId":"gi0jmsywjgp7w2d","operationId":"gi0jmsywjgp7w2d","timestamp":1701681921900,"id":"0047uochq9sggdl"}
