{"type":"operationStart","subtype":"profile","data":{"_id":"DIn5j8pJ119TNIki","timestamp":"2023-12-06T11:35:20.295Z","state":"queued","mode":"standard","creationDate":"2023-12-06T11:35:20.298Z","modificationDate":"2023-12-06T11:35:20.298Z","shortid":"FDd0spA","$entitySet":"profiles"},"doDiffs":false,"timestamp":1701862520296,"id":"owselmngxvn0c9v","previousOperationId":null,"operationId":"19kwde4hbfnfeym"}
{"type":"log","level":"info","message":"Render request 121 queued for execution and waiting for available worker","previousOperationId":"19kwde4hbfnfeym","timestamp":1701862520296,"id":"shwdquw7litthvv"}
{"type":"operationStart","subtype":"render","name":"pp_index","previousOperationId":"19kwde4hbfnfeym","timestamp":1701862520314,"id":"rb1v8sr35ghqixl","previousEventId":"owselmngxvn0c9v","operationId":"4uuesqdqjyxjnnm"}
{"type":"log","timestamp":1701862520314,"level":"info","message":"Starting rendering request 121","meta":{"rootId":"925p6wwv0jq495z","id":"925p6wwv0jq495z"},"id":"u9mgeo4gte3kbqn","previousOperationId":"4uuesqdqjyxjnnm"}
{"type":"log","timestamp":1701862520315,"level":"info","message":"Rendering template { name: pp_index, recipe: chrome-pdf, engine: handlebars, preview: true }","meta":{"rootId":"925p6wwv0jq495z","id":"925p6wwv0jq495z"},"id":"4ylp4oll1imb1bt","previousOperationId":"4uuesqdqjyxjnnm"}
{"type":"log","timestamp":1701862520316,"level":"debug","message":"Inline data specified.","meta":{"rootId":"925p6wwv0jq495z","id":"925p6wwv0jq495z"},"id":"n6t0uxjzsp1t4gh","previousOperationId":"4uuesqdqjyxjnnm"}
{"type":"log","timestamp":1701862520316,"level":"debug","message":"Base url not specified, skipping its injection.","meta":{"rootId":"925p6wwv0jq495z","id":"925p6wwv0jq495z"},"id":"a8xj33vmfoy91p6","previousOperationId":"4uuesqdqjyxjnnm"}
{"type":"log","timestamp":1701862520317,"level":"debug","message":"Replaced assets [\"styles.css\"]","meta":{"rootId":"925p6wwv0jq495z","id":"925p6wwv0jq495z"},"id":"3dlruuc6shr7zyf","previousOperationId":"4uuesqdqjyxjnnm"}
{"type":"operationStart","subtype":"engine","name":"handlebars","timestamp":1701862520317,"id":"wenbj4zfno4mfat","previousEventId":"rb1v8sr35ghqixl","operationId":"n6zdizjra9ouywp","previousOperationId":"4uuesqdqjyxjnnm"}
{"type":"log","timestamp":1701862520317,"level":"debug","message":"Rendering engine handlebars","meta":{"rootId":"925p6wwv0jq495z","id":"925p6wwv0jq495z"},"id":"m0bhq05v1cox0n7","previousOperationId":"n6zdizjra9ouywp"}
{"type":"operationEnd","operationId":"n6zdizjra9ouywp","timestamp":1701862520324,"id":"us51me520re0fnw","previousEventId":"wenbj4zfno4mfat","previousOperationId":"n6zdizjra9ouywp"}
{"type":"operationStart","subtype":"recipe","name":"chrome-pdf","timestamp":1701862520324,"id":"dgtt7i0axp4jbtw","previousEventId":"us51me520re0fnw","operationId":"h6wikcjcapmzt5p","previousOperationId":"n6zdizjra9ouywp"}
{"type":"log","timestamp":1701862520324,"level":"debug","message":"Executing recipe chrome-pdf","meta":{"rootId":"925p6wwv0jq495z","id":"925p6wwv0jq495z"},"id":"zbb37w7iblstzn4","previousOperationId":"h6wikcjcapmzt5p"}
{"type":"log","timestamp":1701862520573,"level":"debug","message":"Converting with chrome HeadlessChrome/117.0.5938.149 using chrome-pool strategy","meta":{"rootId":"925p6wwv0jq495z","id":"925p6wwv0jq495z"},"id":"n7lzulshs1q34wq","previousOperationId":"h6wikcjcapmzt5p"}
{"type":"log","timestamp":1701862520618,"level":"debug","message":"Page request: GET (document) file:///var/folders/dp/qk79pfcj0y1fmtkkl08m76rc0000gn/T/jsreport/autocleanup/2c6b7aaf-704f-40f0-a2d8-9a6f29511abf-chrome-pdf.html","meta":{"rootId":"925p6wwv0jq495z","id":"925p6wwv0jq495z"},"id":"fi8rbn5i1qy0hud","previousOperationId":"h6wikcjcapmzt5p"}
{"type":"log","timestamp":1701862520624,"level":"debug","message":"Page request finished: GET (document) 200 file:///var/folders/dp/qk79pfcj0y1fmtkkl08m76rc0000gn/T/jsreport/autocleanup/2c6b7aaf-704f-40f0-a2d8-9a6f29511abf-chrome-pdf.html","meta":{"rootId":"925p6wwv0jq495z","id":"925p6wwv0jq495z"},"id":"nzjh7eyotglay7e","previousOperationId":"h6wikcjcapmzt5p"}
{"type":"log","timestamp":1701862520637,"level":"debug","message":"Running chrome with params {\"printBackground\":true,\"width\":\"68mm\",\"height\":\"45cm\",\"timeout\":59969,\"margin\":{}}","meta":{"rootId":"925p6wwv0jq495z","id":"925p6wwv0jq495z"},"id":"11z4pg2wzakwt0k","previousOperationId":"h6wikcjcapmzt5p"}
{"type":"operationEnd","operationId":"h6wikcjcapmzt5p","timestamp":1701862520658,"id":"m9pemdh9lcynjkn","previousEventId":"dgtt7i0axp4jbtw","previousOperationId":"h6wikcjcapmzt5p"}
{"type":"log","timestamp":1701862520658,"level":"debug","message":"Skipping storing report.","meta":{"rootId":"925p6wwv0jq495z","id":"925p6wwv0jq495z"},"id":"gepcaxs2bztbhbv","previousOperationId":"h6wikcjcapmzt5p"}
{"type":"log","timestamp":1701862520658,"level":"info","message":"Rendering request 121 finished in 364 ms","meta":{"rootId":"925p6wwv0jq495z","id":"925p6wwv0jq495z"},"id":"1evomi0eeldm4mt","previousOperationId":"h6wikcjcapmzt5p"}
{"type":"operationEnd","subtype":"render","operationId":"4uuesqdqjyxjnnm","timestamp":1701862520658,"id":"wgn7oky6mh13k6k","previousEventId":"m9pemdh9lcynjkn","previousOperationId":"h6wikcjcapmzt5p"}
{"type":"operationEnd","doDiffs":false,"previousEventId":"owselmngxvn0c9v","previousOperationId":"19kwde4hbfnfeym","operationId":"19kwde4hbfnfeym","timestamp":1701862520659,"id":"827uz1g7drbwbw3"}
