{"type":"operationStart","subtype":"profile","data":{"_id":"RdLUEbzHHSlK7WQF","timestamp":"2023-12-04T10:57:41.073Z","state":"queued","mode":"standard","creationDate":"2023-12-04T10:57:41.075Z","modificationDate":"2023-12-04T10:57:41.075Z","shortid":"Hc9AWyn","$entitySet":"profiles"},"doDiffs":false,"timestamp":1701687461074,"id":"ij7ja9ms6cb8sru","previousOperationId":null,"operationId":"r2u26yno3vy3q1f"}
{"type":"log","level":"info","message":"Render request 101 queued for execution and waiting for available worker","previousOperationId":"r2u26yno3vy3q1f","timestamp":1701687461074,"id":"gmn9lfobc7b22hg"}
{"type":"operationStart","subtype":"render","name":"pp_index","previousOperationId":"r2u26yno3vy3q1f","timestamp":1701687461087,"id":"5bhovbgych2uaj1","previousEventId":"ij7ja9ms6cb8sru","operationId":"k65gp1zyb27xsyt"}
{"type":"log","timestamp":1701687461087,"level":"info","message":"Starting rendering request 101","meta":{"rootId":"96br1w3meqjndyz","id":"96br1w3meqjndyz"},"id":"lkjfc90shtx81ay","previousOperationId":"k65gp1zyb27xsyt"}
{"type":"log","timestamp":1701687461087,"level":"info","message":"Rendering template { name: pp_index, recipe: chrome-pdf, engine: handlebars, preview: true }","meta":{"rootId":"96br1w3meqjndyz","id":"96br1w3meqjndyz"},"id":"t449j8pbh8q15gw","previousOperationId":"k65gp1zyb27xsyt"}
{"type":"log","timestamp":1701687461090,"level":"debug","message":"Inline data specified.","meta":{"rootId":"96br1w3meqjndyz","id":"96br1w3meqjndyz"},"id":"qyswymmz5iujsuf","previousOperationId":"k65gp1zyb27xsyt"}
{"type":"log","timestamp":1701687461093,"level":"debug","message":"Base url not specified, skipping its injection.","meta":{"rootId":"96br1w3meqjndyz","id":"96br1w3meqjndyz"},"id":"w1nsb4nu5dd4htg","previousOperationId":"k65gp1zyb27xsyt"}
{"type":"operationStart","subtype":"engine","name":"handlebars","timestamp":1701687461093,"id":"bgltu7n5byc7zzl","previousEventId":"5bhovbgych2uaj1","operationId":"bm5hy7b612mj7qy","previousOperationId":"k65gp1zyb27xsyt"}
{"type":"log","timestamp":1701687461093,"level":"debug","message":"Rendering engine handlebars","meta":{"rootId":"96br1w3meqjndyz","id":"96br1w3meqjndyz"},"id":"4ewc9a48no243pb","previousOperationId":"bm5hy7b612mj7qy"}
{"type":"operationEnd","operationId":"bm5hy7b612mj7qy","timestamp":1701687461101,"id":"j451psc6jlvfaye","previousEventId":"bgltu7n5byc7zzl","previousOperationId":"bm5hy7b612mj7qy"}
{"type":"operationStart","subtype":"recipe","name":"chrome-pdf","timestamp":1701687461102,"id":"4abq2f6ldfdbp5f","previousEventId":"j451psc6jlvfaye","operationId":"ppor05g23bgjbym","previousOperationId":"bm5hy7b612mj7qy"}
{"type":"log","timestamp":1701687461102,"level":"debug","message":"Executing recipe chrome-pdf","meta":{"rootId":"96br1w3meqjndyz","id":"96br1w3meqjndyz"},"id":"dpcl2ffy81gxzyq","previousOperationId":"ppor05g23bgjbym"}
{"type":"log","timestamp":1701687461104,"level":"debug","message":"Converting with chrome HeadlessChrome/117.0.5938.149 using chrome-pool strategy","meta":{"rootId":"96br1w3meqjndyz","id":"96br1w3meqjndyz"},"id":"u0e5cylgzorubwb","previousOperationId":"ppor05g23bgjbym"}
{"type":"log","timestamp":1701687461157,"level":"debug","message":"Page request: GET (document) file:///var/folders/dp/qk79pfcj0y1fmtkkl08m76rc0000gn/T/jsreport/autocleanup/1b2ba64f-3300-48fd-bd9d-0f22e46f33b6-chrome-pdf.html","meta":{"rootId":"96br1w3meqjndyz","id":"96br1w3meqjndyz"},"id":"7868j8w168y3kkb","previousOperationId":"ppor05g23bgjbym"}
{"type":"log","timestamp":1701687461161,"level":"debug","message":"Page request finished: GET (document) 200 file:///var/folders/dp/qk79pfcj0y1fmtkkl08m76rc0000gn/T/jsreport/autocleanup/1b2ba64f-3300-48fd-bd9d-0f22e46f33b6-chrome-pdf.html","meta":{"rootId":"96br1w3meqjndyz","id":"96br1w3meqjndyz"},"id":"ef0qw8uo9pfzfgr","previousOperationId":"ppor05g23bgjbym"}
{"type":"log","timestamp":1701687461174,"level":"debug","message":"Running chrome with params {\"printBackground\":true,\"width\":\"5.8cm\",\"height\":\"35cm\",\"timeout\":59969,\"margin\":{}}","meta":{"rootId":"96br1w3meqjndyz","id":"96br1w3meqjndyz"},"id":"44vn6nscfzckzme","previousOperationId":"ppor05g23bgjbym"}
{"type":"operationEnd","operationId":"ppor05g23bgjbym","timestamp":1701687461197,"id":"jpzhv0hoo0v00du","previousEventId":"4abq2f6ldfdbp5f","previousOperationId":"ppor05g23bgjbym"}
{"type":"log","timestamp":1701687461197,"level":"debug","message":"Skipping storing report.","meta":{"rootId":"96br1w3meqjndyz","id":"96br1w3meqjndyz"},"id":"fapaggme8d67xoc","previousOperationId":"ppor05g23bgjbym"}
{"type":"log","timestamp":1701687461197,"level":"info","message":"Rendering request 101 finished in 125 ms","meta":{"rootId":"96br1w3meqjndyz","id":"96br1w3meqjndyz"},"id":"fq78yazhpsr0mwa","previousOperationId":"ppor05g23bgjbym"}
{"type":"operationEnd","subtype":"render","operationId":"k65gp1zyb27xsyt","timestamp":1701687461197,"id":"i7infz9pkz4g9v0","previousEventId":"jpzhv0hoo0v00du","previousOperationId":"ppor05g23bgjbym"}
{"type":"operationEnd","doDiffs":false,"previousEventId":"ij7ja9ms6cb8sru","previousOperationId":"r2u26yno3vy3q1f","operationId":"r2u26yno3vy3q1f","timestamp":1701687461198,"id":"ym486llu2fx4ian"}
