{"type":"operationStart","subtype":"profile","data":{"_id":"e7H4MNAPcTNB1Ump","timestamp":"2023-12-05T08:22:42.171Z","state":"queued","mode":"standard","creationDate":"2023-12-05T08:22:42.172Z","modificationDate":"2023-12-05T08:22:42.172Z","shortid":"jJonEXA","$entitySet":"profiles"},"doDiffs":false,"timestamp":1701764562171,"id":"z9bp0umq1y7v7z1","previousOperationId":null,"operationId":"xmm6557ymus0lzh"}
{"type":"log","level":"info","message":"Render request 7 queued for execution and waiting for available worker","previousOperationId":"xmm6557ymus0lzh","timestamp":1701764562172,"id":"frbc5d66q6ii9in"}
{"type":"operationStart","subtype":"render","name":"pp_index","previousOperationId":"xmm6557ymus0lzh","timestamp":1701764562179,"id":"vvg9aajxojyiydj","previousEventId":"z9bp0umq1y7v7z1","operationId":"x70dvj716i7hq1e"}
{"type":"log","timestamp":1701764562179,"level":"info","message":"Starting rendering request 7","meta":{"rootId":"9vdo53wdzdkwip1","id":"9vdo53wdzdkwip1"},"id":"ru0gikpsyitwec2","previousOperationId":"x70dvj716i7hq1e"}
{"type":"log","timestamp":1701764562180,"level":"info","message":"Rendering template { name: pp_index, recipe: chrome-pdf, engine: handlebars, preview: true }","meta":{"rootId":"9vdo53wdzdkwip1","id":"9vdo53wdzdkwip1"},"id":"h536wvmnzbzw17j","previousOperationId":"x70dvj716i7hq1e"}
{"type":"log","timestamp":1701764562181,"level":"debug","message":"Adding sample data PH9LTzd4s","meta":{"rootId":"9vdo53wdzdkwip1","id":"9vdo53wdzdkwip1"},"id":"jjlucahpcgpdprh","previousOperationId":"x70dvj716i7hq1e"}
{"type":"log","timestamp":1701764562183,"level":"debug","message":"Base url not specified, skipping its injection.","meta":{"rootId":"9vdo53wdzdkwip1","id":"9vdo53wdzdkwip1"},"id":"lkzywl3ejyi3tsb","previousOperationId":"x70dvj716i7hq1e"}
{"type":"log","timestamp":1701764562184,"level":"debug","message":"Replaced assets [\"styles.css\"]","meta":{"rootId":"9vdo53wdzdkwip1","id":"9vdo53wdzdkwip1"},"id":"hnanr1puj38dus3","previousOperationId":"x70dvj716i7hq1e"}
{"type":"operationStart","subtype":"engine","name":"handlebars","timestamp":1701764562184,"id":"fsxvy3p0paa7lpl","previousEventId":"vvg9aajxojyiydj","operationId":"vbucb74x05z8gl2","previousOperationId":"x70dvj716i7hq1e"}
{"type":"log","timestamp":1701764562184,"level":"debug","message":"Rendering engine handlebars","meta":{"rootId":"9vdo53wdzdkwip1","id":"9vdo53wdzdkwip1"},"id":"r12ewbnla0pf6r1","previousOperationId":"vbucb74x05z8gl2"}
{"type":"operationEnd","operationId":"vbucb74x05z8gl2","timestamp":1701764562207,"id":"lyoqeym1oligy4y","previousEventId":"fsxvy3p0paa7lpl","previousOperationId":"vbucb74x05z8gl2"}
{"type":"operationStart","subtype":"recipe","name":"chrome-pdf","timestamp":1701764562207,"id":"tm8tuj3gjnhf0ep","previousEventId":"lyoqeym1oligy4y","operationId":"bini8wenq84btq5","previousOperationId":"vbucb74x05z8gl2"}
{"type":"log","timestamp":1701764562207,"level":"debug","message":"Executing recipe chrome-pdf","meta":{"rootId":"9vdo53wdzdkwip1","id":"9vdo53wdzdkwip1"},"id":"vxo6xkkz29k4jx3","previousOperationId":"bini8wenq84btq5"}
{"type":"log","timestamp":1701764562208,"level":"debug","message":"Converting with chrome HeadlessChrome/117.0.5938.149 using chrome-pool strategy","meta":{"rootId":"9vdo53wdzdkwip1","id":"9vdo53wdzdkwip1"},"id":"z73wxs8yal6oaaf","previousOperationId":"bini8wenq84btq5"}
{"type":"log","timestamp":1701764562256,"level":"debug","message":"Page request: GET (document) file:///var/folders/dp/qk79pfcj0y1fmtkkl08m76rc0000gn/T/jsreport/autocleanup/96625113-a22b-440a-8c09-25619b3d2f70-chrome-pdf.html","meta":{"rootId":"9vdo53wdzdkwip1","id":"9vdo53wdzdkwip1"},"id":"edzpazkbd3pekdb","previousOperationId":"bini8wenq84btq5"}
{"type":"log","timestamp":1701764562260,"level":"debug","message":"Page request finished: GET (document) 200 file:///var/folders/dp/qk79pfcj0y1fmtkkl08m76rc0000gn/T/jsreport/autocleanup/96625113-a22b-440a-8c09-25619b3d2f70-chrome-pdf.html","meta":{"rootId":"9vdo53wdzdkwip1","id":"9vdo53wdzdkwip1"},"id":"pothnhjyq4ztcw8","previousOperationId":"bini8wenq84btq5"}
{"type":"log","timestamp":1701764562271,"level":"debug","message":"Running chrome with params {\"printBackground\":true,\"width\":\"5.8cm\",\"height\":\"21cm\",\"timeout\":59963,\"margin\":{}}","meta":{"rootId":"9vdo53wdzdkwip1","id":"9vdo53wdzdkwip1"},"id":"f7qo65l26n7aqiw","previousOperationId":"bini8wenq84btq5"}
{"type":"operationEnd","operationId":"bini8wenq84btq5","timestamp":1701764562292,"id":"ptynjrbm48gj6c0","previousEventId":"tm8tuj3gjnhf0ep","previousOperationId":"bini8wenq84btq5"}
{"type":"log","timestamp":1701764562292,"level":"debug","message":"Skipping storing report.","meta":{"rootId":"9vdo53wdzdkwip1","id":"9vdo53wdzdkwip1"},"id":"7rbhow3imw30vqo","previousOperationId":"bini8wenq84btq5"}
{"type":"log","timestamp":1701764562292,"level":"info","message":"Rendering request 7 finished in 121 ms","meta":{"rootId":"9vdo53wdzdkwip1","id":"9vdo53wdzdkwip1"},"id":"d5xliv8145gwhvl","previousOperationId":"bini8wenq84btq5"}
{"type":"operationEnd","subtype":"render","operationId":"x70dvj716i7hq1e","timestamp":1701764562292,"id":"nehz9jg9w3xjmbx","previousEventId":"ptynjrbm48gj6c0","previousOperationId":"bini8wenq84btq5"}
{"type":"operationEnd","doDiffs":false,"previousEventId":"z9bp0umq1y7v7z1","previousOperationId":"xmm6557ymus0lzh","operationId":"xmm6557ymus0lzh","timestamp":1701764562294,"id":"lcaltq4qhpl669y"}
