{"type":"operationStart","subtype":"profile","data":{"_id":"W0k1vPTxsoqAmGkJ","timestamp":"2023-12-05T08:43:10.968Z","state":"queued","mode":"standard","creationDate":"2023-12-05T08:43:10.969Z","modificationDate":"2023-12-05T08:43:10.969Z","shortid":"jmUOCq2","$entitySet":"profiles"},"doDiffs":false,"timestamp":1701765790968,"id":"lkckzudhreqt57y","previousOperationId":null,"operationId":"5f0bx4nbkpk5wjg"}
{"type":"log","level":"info","message":"Render request 34 queued for execution and waiting for available worker","previousOperationId":"5f0bx4nbkpk5wjg","timestamp":1701765790968,"id":"h65xqm4512m51ub"}
{"type":"operationStart","subtype":"render","name":"pp_index","previousOperationId":"5f0bx4nbkpk5wjg","timestamp":1701765790975,"id":"4du4hwoj5ukuzas","previousEventId":"lkckzudhreqt57y","operationId":"10kzs9zwyzvn395"}
{"type":"log","timestamp":1701765790976,"level":"info","message":"Starting rendering request 34","meta":{"rootId":"a02p4r1llcdqdwz","id":"a02p4r1llcdqdwz"},"id":"d63b8y0uqe8mwgb","previousOperationId":"10kzs9zwyzvn395"}
{"type":"log","timestamp":1701765790976,"level":"info","message":"Rendering template { name: pp_index, recipe: chrome-pdf, engine: handlebars, preview: true }","meta":{"rootId":"a02p4r1llcdqdwz","id":"a02p4r1llcdqdwz"},"id":"wj7g25ukwnrkfwf","previousOperationId":"10kzs9zwyzvn395"}
{"type":"log","timestamp":1701765790978,"level":"debug","message":"Adding sample data PH9LTzd4s","meta":{"rootId":"a02p4r1llcdqdwz","id":"a02p4r1llcdqdwz"},"id":"cr2cfn2kim1s1ad","previousOperationId":"10kzs9zwyzvn395"}
{"type":"log","timestamp":1701765790982,"level":"debug","message":"Base url not specified, skipping its injection.","meta":{"rootId":"a02p4r1llcdqdwz","id":"a02p4r1llcdqdwz"},"id":"t0oqe4ue7gh3tps","previousOperationId":"10kzs9zwyzvn395"}
{"type":"log","timestamp":1701765790984,"level":"debug","message":"Replaced assets [\"styles.css\"]","meta":{"rootId":"a02p4r1llcdqdwz","id":"a02p4r1llcdqdwz"},"id":"k3mekgixwa9b8w6","previousOperationId":"10kzs9zwyzvn395"}
{"type":"operationStart","subtype":"engine","name":"handlebars","timestamp":1701765790984,"id":"l28sckdp2pcsg2u","previousEventId":"4du4hwoj5ukuzas","operationId":"2rlm8kb5p15qfwy","previousOperationId":"10kzs9zwyzvn395"}
{"type":"log","timestamp":1701765790984,"level":"debug","message":"Rendering engine handlebars","meta":{"rootId":"a02p4r1llcdqdwz","id":"a02p4r1llcdqdwz"},"id":"rfg21b2odzslpuy","previousOperationId":"2rlm8kb5p15qfwy"}
{"type":"operationEnd","operationId":"2rlm8kb5p15qfwy","timestamp":1701765791008,"id":"x45rmjege6b3j34","previousEventId":"l28sckdp2pcsg2u","previousOperationId":"2rlm8kb5p15qfwy"}
{"type":"operationStart","subtype":"recipe","name":"chrome-pdf","timestamp":1701765791008,"id":"ntd5hw79xbnwvxq","previousEventId":"x45rmjege6b3j34","operationId":"x4hxpk2fhpeje8q","previousOperationId":"2rlm8kb5p15qfwy"}
{"type":"log","timestamp":1701765791008,"level":"debug","message":"Executing recipe chrome-pdf","meta":{"rootId":"a02p4r1llcdqdwz","id":"a02p4r1llcdqdwz"},"id":"jyh10gbh7wcdovf","previousOperationId":"x4hxpk2fhpeje8q"}
{"type":"log","timestamp":1701765791133,"level":"debug","message":"Converting with chrome HeadlessChrome/117.0.5938.149 using chrome-pool strategy","meta":{"rootId":"a02p4r1llcdqdwz","id":"a02p4r1llcdqdwz"},"id":"ck35chmkuqfbngp","previousOperationId":"x4hxpk2fhpeje8q"}
{"type":"log","timestamp":1701765791187,"level":"debug","message":"Page request: GET (document) file:///var/folders/dp/qk79pfcj0y1fmtkkl08m76rc0000gn/T/jsreport/autocleanup/a37c6254-b5a3-4a79-bdab-04d875938005-chrome-pdf.html","meta":{"rootId":"a02p4r1llcdqdwz","id":"a02p4r1llcdqdwz"},"id":"p3tnzmtfnphdrti","previousOperationId":"x4hxpk2fhpeje8q"}
{"type":"log","timestamp":1701765791191,"level":"debug","message":"Page request finished: GET (document) 200 file:///var/folders/dp/qk79pfcj0y1fmtkkl08m76rc0000gn/T/jsreport/autocleanup/a37c6254-b5a3-4a79-bdab-04d875938005-chrome-pdf.html","meta":{"rootId":"a02p4r1llcdqdwz","id":"a02p4r1llcdqdwz"},"id":"h782w8uiky3dojr","previousOperationId":"x4hxpk2fhpeje8q"}
{"type":"log","timestamp":1701765791198,"level":"debug","message":"Running chrome with params {\"printBackground\":true,\"width\":\"5.8cm\",\"height\":\"21cm\",\"timeout\":59959,\"margin\":{}}","meta":{"rootId":"a02p4r1llcdqdwz","id":"a02p4r1llcdqdwz"},"id":"5tavbpwp5ytl2xx","previousOperationId":"x4hxpk2fhpeje8q"}
{"type":"operationEnd","operationId":"x4hxpk2fhpeje8q","timestamp":1701765791220,"id":"u1s0xqpvv52lsqu","previousEventId":"ntd5hw79xbnwvxq","previousOperationId":"x4hxpk2fhpeje8q"}
{"type":"log","timestamp":1701765791220,"level":"debug","message":"Skipping storing report.","meta":{"rootId":"a02p4r1llcdqdwz","id":"a02p4r1llcdqdwz"},"id":"hz7g98amjn1bpuj","previousOperationId":"x4hxpk2fhpeje8q"}
{"type":"log","timestamp":1701765791220,"level":"info","message":"Rendering request 34 finished in 252 ms","meta":{"rootId":"a02p4r1llcdqdwz","id":"a02p4r1llcdqdwz"},"id":"74bqs7nux5zn446","previousOperationId":"x4hxpk2fhpeje8q"}
{"type":"operationEnd","subtype":"render","operationId":"10kzs9zwyzvn395","timestamp":1701765791220,"id":"n6n0z2h7oyp0zda","previousEventId":"u1s0xqpvv52lsqu","previousOperationId":"x4hxpk2fhpeje8q"}
{"type":"operationEnd","doDiffs":false,"previousEventId":"lkckzudhreqt57y","previousOperationId":"5f0bx4nbkpk5wjg","operationId":"5f0bx4nbkpk5wjg","timestamp":1701765791222,"id":"kfsxb20kk0u2bbo"}
