{"type":"operationStart","subtype":"profile","data":{"_id":"IaIekfDekEn9mVa8","timestamp":"2023-12-04T12:05:21.739Z","state":"queued","mode":"standard","creationDate":"2023-12-04T12:05:21.739Z","modificationDate":"2023-12-04T12:05:21.739Z","shortid":"ABwo-c8","$entitySet":"profiles"},"doDiffs":false,"timestamp":1701691521739,"id":"lcjc1wyiw74q90q","previousOperationId":null,"operationId":"w8mriipz1exv6m4"}
{"type":"log","level":"info","message":"Render request 151 queued for execution and waiting for available worker","previousOperationId":"w8mriipz1exv6m4","timestamp":1701691521739,"id":"yirs0cf4y5fk49s"}
{"type":"operationStart","subtype":"render","name":"pp_index","previousOperationId":"w8mriipz1exv6m4","timestamp":1701691521743,"id":"0c8p1n9j7uji5yv","previousEventId":"lcjc1wyiw74q90q","operationId":"x3yxy6kdlgk4ki9"}
{"type":"log","timestamp":1701691521743,"level":"info","message":"Starting rendering request 151","meta":{"rootId":"abxkuu8kopawgz1","id":"abxkuu8kopawgz1"},"id":"uqw1yuipt08aouc","previousOperationId":"x3yxy6kdlgk4ki9"}
{"type":"log","timestamp":1701691521743,"level":"info","message":"Rendering template { name: pp_index, recipe: chrome-pdf, engine: handlebars, preview: true }","meta":{"rootId":"abxkuu8kopawgz1","id":"abxkuu8kopawgz1"},"id":"msxnwp5u834lexx","previousOperationId":"x3yxy6kdlgk4ki9"}
{"type":"log","timestamp":1701691521743,"level":"debug","message":"Inline data specified.","meta":{"rootId":"abxkuu8kopawgz1","id":"abxkuu8kopawgz1"},"id":"jtysgfqrlwpf5zw","previousOperationId":"x3yxy6kdlgk4ki9"}
{"type":"log","timestamp":1701691521744,"level":"debug","message":"Base url not specified, skipping its injection.","meta":{"rootId":"abxkuu8kopawgz1","id":"abxkuu8kopawgz1"},"id":"8pscq8tf4dgzies","previousOperationId":"x3yxy6kdlgk4ki9"}
{"type":"operationStart","subtype":"engine","name":"handlebars","timestamp":1701691521744,"id":"xbbwp6zls41ru67","previousEventId":"0c8p1n9j7uji5yv","operationId":"i4m2xklvktfd73d","previousOperationId":"x3yxy6kdlgk4ki9"}
{"type":"log","timestamp":1701691521744,"level":"debug","message":"Rendering engine handlebars","meta":{"rootId":"abxkuu8kopawgz1","id":"abxkuu8kopawgz1"},"id":"hy6f42kg55oheeq","previousOperationId":"i4m2xklvktfd73d"}
{"type":"operationEnd","operationId":"i4m2xklvktfd73d","timestamp":1701691521750,"id":"inevuoi43yfw04n","previousEventId":"xbbwp6zls41ru67","previousOperationId":"i4m2xklvktfd73d"}
{"type":"operationStart","subtype":"recipe","name":"chrome-pdf","timestamp":1701691521751,"id":"f0rnc0y7ke8y35x","previousEventId":"inevuoi43yfw04n","operationId":"zbxyu3tvd09odyn","previousOperationId":"i4m2xklvktfd73d"}
{"type":"log","timestamp":1701691521751,"level":"debug","message":"Executing recipe chrome-pdf","meta":{"rootId":"abxkuu8kopawgz1","id":"abxkuu8kopawgz1"},"id":"6666csdkbrtpjb4","previousOperationId":"zbxyu3tvd09odyn"}
{"type":"log","timestamp":1701691521752,"level":"debug","message":"Converting with chrome HeadlessChrome/117.0.5938.149 using chrome-pool strategy","meta":{"rootId":"abxkuu8kopawgz1","id":"abxkuu8kopawgz1"},"id":"walboqnkn0fl9os","previousOperationId":"zbxyu3tvd09odyn"}
{"type":"log","timestamp":1701691521795,"level":"debug","message":"Page request: GET (document) file:///var/folders/dp/qk79pfcj0y1fmtkkl08m76rc0000gn/T/jsreport/autocleanup/356f230e-e75d-4965-a480-32257bb1f5da-chrome-pdf.html","meta":{"rootId":"abxkuu8kopawgz1","id":"abxkuu8kopawgz1"},"id":"vhedsfmlzcm1q1g","previousOperationId":"zbxyu3tvd09odyn"}
{"type":"log","timestamp":1701691521800,"level":"debug","message":"Page request finished: GET (document) 200 file:///var/folders/dp/qk79pfcj0y1fmtkkl08m76rc0000gn/T/jsreport/autocleanup/356f230e-e75d-4965-a480-32257bb1f5da-chrome-pdf.html","meta":{"rootId":"abxkuu8kopawgz1","id":"abxkuu8kopawgz1"},"id":"brm7sddad80ltyw","previousOperationId":"zbxyu3tvd09odyn"}
{"type":"log","timestamp":1701691521809,"level":"debug","message":"Running chrome with params {\"printBackground\":true,\"width\":\"5.8cm\",\"height\":\"35cm\",\"timeout\":59988,\"margin\":{}}","meta":{"rootId":"abxkuu8kopawgz1","id":"abxkuu8kopawgz1"},"id":"r11lwvo3u24hwts","previousOperationId":"zbxyu3tvd09odyn"}
{"type":"operationEnd","operationId":"zbxyu3tvd09odyn","timestamp":1701691521832,"id":"7tfp4fhjlzhndui","previousEventId":"f0rnc0y7ke8y35x","previousOperationId":"zbxyu3tvd09odyn"}
{"type":"log","timestamp":1701691521832,"level":"debug","message":"Skipping storing report.","meta":{"rootId":"abxkuu8kopawgz1","id":"abxkuu8kopawgz1"},"id":"5a5sunfvlaj21s9","previousOperationId":"zbxyu3tvd09odyn"}
{"type":"log","timestamp":1701691521832,"level":"info","message":"Rendering request 151 finished in 93 ms","meta":{"rootId":"abxkuu8kopawgz1","id":"abxkuu8kopawgz1"},"id":"lh9tbdplh5yed68","previousOperationId":"zbxyu3tvd09odyn"}
{"type":"operationEnd","subtype":"render","operationId":"x3yxy6kdlgk4ki9","timestamp":1701691521832,"id":"ddmby8vexilvvkc","previousEventId":"7tfp4fhjlzhndui","previousOperationId":"zbxyu3tvd09odyn"}
{"type":"operationEnd","doDiffs":false,"previousEventId":"lcjc1wyiw74q90q","previousOperationId":"w8mriipz1exv6m4","operationId":"w8mriipz1exv6m4","timestamp":1701691521833,"id":"a4tgz7jyu25g0jt"}
