{"type":"operationStart","subtype":"profile","data":{"_id":"VIMKFZ8ARP6lACJn","timestamp":"2023-12-06T10:40:36.538Z","state":"queued","mode":"standard","creationDate":"2023-12-06T10:40:36.540Z","modificationDate":"2023-12-06T10:40:36.540Z","shortid":"Sc_bHIN","$entitySet":"profiles"},"doDiffs":false,"timestamp":1701859236539,"id":"gqnhansigxv9u7c","previousOperationId":null,"operationId":"e2pw870rjwjkvul"}
{"type":"log","level":"info","message":"Render request 101 queued for execution and waiting for available worker","previousOperationId":"e2pw870rjwjkvul","timestamp":1701859236539,"id":"i1deld4qus8k4yt"}
{"type":"operationStart","subtype":"render","name":"pp_index","previousOperationId":"e2pw870rjwjkvul","timestamp":1701859236546,"id":"cfgpj0zz8fm2q7e","previousEventId":"gqnhansigxv9u7c","operationId":"h4m23vc1dzkxw9u"}
{"type":"log","timestamp":1701859236546,"level":"info","message":"Starting rendering request 101","meta":{"rootId":"aryf74dz7ervx9q","id":"aryf74dz7ervx9q"},"id":"r2m4bikid2fcl1y","previousOperationId":"h4m23vc1dzkxw9u"}
{"type":"log","timestamp":1701859236547,"level":"info","message":"Rendering template { name: pp_index, recipe: chrome-pdf, engine: handlebars, preview: true }","meta":{"rootId":"aryf74dz7ervx9q","id":"aryf74dz7ervx9q"},"id":"xou8t5wpc0glgdd","previousOperationId":"h4m23vc1dzkxw9u"}
{"type":"log","timestamp":1701859236547,"level":"debug","message":"Inline data specified.","meta":{"rootId":"aryf74dz7ervx9q","id":"aryf74dz7ervx9q"},"id":"503zz07glm4meui","previousOperationId":"h4m23vc1dzkxw9u"}
{"type":"log","timestamp":1701859236549,"level":"debug","message":"Base url not specified, skipping its injection.","meta":{"rootId":"aryf74dz7ervx9q","id":"aryf74dz7ervx9q"},"id":"dl8vf4c2p73u6db","previousOperationId":"h4m23vc1dzkxw9u"}
{"type":"log","timestamp":1701859236550,"level":"debug","message":"Replaced assets [\"styles.css\"]","meta":{"rootId":"aryf74dz7ervx9q","id":"aryf74dz7ervx9q"},"id":"sgjywrjuhsfvlzh","previousOperationId":"h4m23vc1dzkxw9u"}
{"type":"operationStart","subtype":"engine","name":"handlebars","timestamp":1701859236550,"id":"nz0xm2jl3ci2yzb","previousEventId":"cfgpj0zz8fm2q7e","operationId":"f66l09f44u6f12t","previousOperationId":"h4m23vc1dzkxw9u"}
{"type":"log","timestamp":1701859236550,"level":"debug","message":"Rendering engine handlebars","meta":{"rootId":"aryf74dz7ervx9q","id":"aryf74dz7ervx9q"},"id":"xpo0u6x5h7d02bx","previousOperationId":"f66l09f44u6f12t"}
{"type":"operationEnd","operationId":"f66l09f44u6f12t","timestamp":1701859236569,"id":"bc4jkh1n6rcis42","previousEventId":"nz0xm2jl3ci2yzb","previousOperationId":"f66l09f44u6f12t"}
{"type":"operationStart","subtype":"recipe","name":"chrome-pdf","timestamp":1701859236569,"id":"kpq9frlay9zzwmb","previousEventId":"bc4jkh1n6rcis42","operationId":"dz7785hkwd5mrs2","previousOperationId":"f66l09f44u6f12t"}
{"type":"log","timestamp":1701859236569,"level":"debug","message":"Executing recipe chrome-pdf","meta":{"rootId":"aryf74dz7ervx9q","id":"aryf74dz7ervx9q"},"id":"dbogw9dum66bcxw","previousOperationId":"dz7785hkwd5mrs2"}
{"type":"log","timestamp":1701859236571,"level":"debug","message":"Converting with chrome HeadlessChrome/117.0.5938.149 using chrome-pool strategy","meta":{"rootId":"aryf74dz7ervx9q","id":"aryf74dz7ervx9q"},"id":"b2w7184m6jc9421","previousOperationId":"dz7785hkwd5mrs2"}
{"type":"log","timestamp":1701859236618,"level":"debug","message":"Page request: GET (document) file:///var/folders/dp/qk79pfcj0y1fmtkkl08m76rc0000gn/T/jsreport/autocleanup/932597ce-ab23-48f7-ae04-213badb9df32-chrome-pdf.html","meta":{"rootId":"aryf74dz7ervx9q","id":"aryf74dz7ervx9q"},"id":"e0br0djezp4lidg","previousOperationId":"dz7785hkwd5mrs2"}
{"type":"log","timestamp":1701859236623,"level":"debug","message":"Page request finished: GET (document) 200 file:///var/folders/dp/qk79pfcj0y1fmtkkl08m76rc0000gn/T/jsreport/autocleanup/932597ce-ab23-48f7-ae04-213badb9df32-chrome-pdf.html","meta":{"rootId":"aryf74dz7ervx9q","id":"aryf74dz7ervx9q"},"id":"9zcqppkn5cte6af","previousOperationId":"dz7785hkwd5mrs2"}
{"type":"log","timestamp":1701859236632,"level":"debug","message":"Running chrome with params {\"printBackground\":true,\"width\":\"68mm\",\"height\":\"45cm\",\"timeout\":59968,\"margin\":{}}","meta":{"rootId":"aryf74dz7ervx9q","id":"aryf74dz7ervx9q"},"id":"fkmy1w0k4vyrycu","previousOperationId":"dz7785hkwd5mrs2"}
{"type":"operationEnd","operationId":"dz7785hkwd5mrs2","timestamp":1701859236652,"id":"nwm4ggbtdduztj1","previousEventId":"kpq9frlay9zzwmb","previousOperationId":"dz7785hkwd5mrs2"}
{"type":"log","timestamp":1701859236652,"level":"debug","message":"Skipping storing report.","meta":{"rootId":"aryf74dz7ervx9q","id":"aryf74dz7ervx9q"},"id":"i2yneor2lv9d613","previousOperationId":"dz7785hkwd5mrs2"}
{"type":"log","timestamp":1701859236652,"level":"info","message":"Rendering request 101 finished in 114 ms","meta":{"rootId":"aryf74dz7ervx9q","id":"aryf74dz7ervx9q"},"id":"gt27g796mbphfo7","previousOperationId":"dz7785hkwd5mrs2"}
{"type":"operationEnd","subtype":"render","operationId":"h4m23vc1dzkxw9u","timestamp":1701859236652,"id":"4ezsllyvpatgkan","previousEventId":"nwm4ggbtdduztj1","previousOperationId":"dz7785hkwd5mrs2"}
{"type":"operationEnd","doDiffs":false,"previousEventId":"gqnhansigxv9u7c","previousOperationId":"e2pw870rjwjkvul","operationId":"e2pw870rjwjkvul","timestamp":1701859236654,"id":"hk4e58plxlxulhk"}
