{"type":"operationStart","subtype":"profile","data":{"_id":"gCV1MwaMB0pkGJby","timestamp":"2023-12-04T12:48:35.009Z","state":"queued","mode":"standard","creationDate":"2023-12-04T12:48:35.012Z","modificationDate":"2023-12-04T12:48:35.012Z","shortid":"wduNOrp","$entitySet":"profiles"},"doDiffs":false,"timestamp":1701694115011,"id":"zzif57ohlj3zgsk","previousOperationId":null,"operationId":"aui4welcu04uaa3"}
{"type":"log","level":"info","message":"Render request 9 queued for execution and waiting for available worker","previousOperationId":"aui4welcu04uaa3","timestamp":1701694115011,"id":"6t6d83f738t9tcf"}
{"type":"operationStart","subtype":"render","name":"pp_index","previousOperationId":"aui4welcu04uaa3","timestamp":1701694115034,"id":"hl6xo7r9tgsl803","previousEventId":"zzif57ohlj3zgsk","operationId":"m7i7jhieouw5653"}
{"type":"log","timestamp":1701694115034,"level":"info","message":"Starting rendering request 9","meta":{"rootId":"bazbnfz4i4j2spd","id":"bazbnfz4i4j2spd"},"id":"o4z571syyau7vpk","previousOperationId":"m7i7jhieouw5653"}
{"type":"log","timestamp":1701694115034,"level":"info","message":"Rendering template { name: pp_index, recipe: chrome-pdf, engine: handlebars, preview: true }","meta":{"rootId":"bazbnfz4i4j2spd","id":"bazbnfz4i4j2spd"},"id":"mdu0of1l21gtru8","previousOperationId":"m7i7jhieouw5653"}
{"type":"log","timestamp":1701694115035,"level":"debug","message":"Adding sample data PH9LTzd4s","meta":{"rootId":"bazbnfz4i4j2spd","id":"bazbnfz4i4j2spd"},"id":"pfuxc5zaq4lxm7w","previousOperationId":"m7i7jhieouw5653"}
{"type":"log","timestamp":1701694115037,"level":"debug","message":"Base url not specified, skipping its injection.","meta":{"rootId":"bazbnfz4i4j2spd","id":"bazbnfz4i4j2spd"},"id":"jrhu7len63npeqe","previousOperationId":"m7i7jhieouw5653"}
{"type":"log","timestamp":1701694115039,"level":"debug","message":"Replaced assets [\"styles.css\"]","meta":{"rootId":"bazbnfz4i4j2spd","id":"bazbnfz4i4j2spd"},"id":"7b3zxijpl8umj85","previousOperationId":"m7i7jhieouw5653"}
{"type":"operationStart","subtype":"engine","name":"handlebars","timestamp":1701694115039,"id":"yf8q4t3fy3sk5gf","previousEventId":"hl6xo7r9tgsl803","operationId":"gy7e8vdaw1xvmgz","previousOperationId":"m7i7jhieouw5653"}
{"type":"log","timestamp":1701694115039,"level":"debug","message":"Rendering engine handlebars","meta":{"rootId":"bazbnfz4i4j2spd","id":"bazbnfz4i4j2spd"},"id":"0527qlednqeeif6","previousOperationId":"gy7e8vdaw1xvmgz"}
{"type":"operationEnd","operationId":"gy7e8vdaw1xvmgz","timestamp":1701694115053,"id":"k3ta1g4me3whs33","previousEventId":"yf8q4t3fy3sk5gf","previousOperationId":"gy7e8vdaw1xvmgz"}
{"type":"operationStart","subtype":"recipe","name":"chrome-pdf","timestamp":1701694115054,"id":"s26o62i06wwxwlm","previousEventId":"k3ta1g4me3whs33","operationId":"j7rshig78whu9p0","previousOperationId":"gy7e8vdaw1xvmgz"}
{"type":"log","timestamp":1701694115054,"level":"debug","message":"Executing recipe chrome-pdf","meta":{"rootId":"bazbnfz4i4j2spd","id":"bazbnfz4i4j2spd"},"id":"i3749k7wlnxegxa","previousOperationId":"j7rshig78whu9p0"}
{"type":"log","timestamp":1701694115055,"level":"debug","message":"Converting with chrome HeadlessChrome/117.0.5938.149 using chrome-pool strategy","meta":{"rootId":"bazbnfz4i4j2spd","id":"bazbnfz4i4j2spd"},"id":"xf2nj1xouomgfi6","previousOperationId":"j7rshig78whu9p0"}
{"type":"log","timestamp":1701694115104,"level":"debug","message":"Page request: GET (document) file:///var/folders/dp/qk79pfcj0y1fmtkkl08m76rc0000gn/T/jsreport/autocleanup/7c6e98c0-cc06-4c32-ac59-2b6a38e82673-chrome-pdf.html","meta":{"rootId":"bazbnfz4i4j2spd","id":"bazbnfz4i4j2spd"},"id":"djz1pz4c7tsfidk","previousOperationId":"j7rshig78whu9p0"}
{"type":"log","timestamp":1701694115109,"level":"debug","message":"Page request finished: GET (document) 200 file:///var/folders/dp/qk79pfcj0y1fmtkkl08m76rc0000gn/T/jsreport/autocleanup/7c6e98c0-cc06-4c32-ac59-2b6a38e82673-chrome-pdf.html","meta":{"rootId":"bazbnfz4i4j2spd","id":"bazbnfz4i4j2spd"},"id":"lr39naucnzdhaww","previousOperationId":"j7rshig78whu9p0"}
{"type":"log","timestamp":1701694115119,"level":"debug","message":"Running chrome with params {\"printBackground\":true,\"width\":\"5.8cm\",\"height\":\"40cm\",\"timeout\":59954,\"margin\":{}}","meta":{"rootId":"bazbnfz4i4j2spd","id":"bazbnfz4i4j2spd"},"id":"otrbo6wa3z8jm64","previousOperationId":"j7rshig78whu9p0"}
{"type":"operationEnd","operationId":"j7rshig78whu9p0","timestamp":1701694115144,"id":"slrs1yk14igtxnc","previousEventId":"s26o62i06wwxwlm","previousOperationId":"j7rshig78whu9p0"}
{"type":"log","timestamp":1701694115144,"level":"debug","message":"Skipping storing report.","meta":{"rootId":"bazbnfz4i4j2spd","id":"bazbnfz4i4j2spd"},"id":"f8xn9qx4rwdhale","previousOperationId":"j7rshig78whu9p0"}
{"type":"log","timestamp":1701694115144,"level":"info","message":"Rendering request 9 finished in 135 ms","meta":{"rootId":"bazbnfz4i4j2spd","id":"bazbnfz4i4j2spd"},"id":"pwjriv7cqffsmhy","previousOperationId":"j7rshig78whu9p0"}
{"type":"operationEnd","subtype":"render","operationId":"m7i7jhieouw5653","timestamp":1701694115144,"id":"f5vwwge38m5ng8g","previousEventId":"slrs1yk14igtxnc","previousOperationId":"j7rshig78whu9p0"}
{"type":"operationEnd","doDiffs":false,"previousEventId":"zzif57ohlj3zgsk","previousOperationId":"aui4welcu04uaa3","operationId":"aui4welcu04uaa3","timestamp":1701694115146,"id":"wbevn5na1vbn4ys"}
