{"type":"operationStart","subtype":"profile","data":{"_id":"f68OXIChig6GsGrL","timestamp":"2023-12-04T10:02:47.176Z","state":"queued","mode":"standard","creationDate":"2023-12-04T10:02:47.177Z","modificationDate":"2023-12-04T10:02:47.177Z","shortid":"AjuVAG8","$entitySet":"profiles"},"doDiffs":false,"timestamp":1701684167177,"id":"5imrhvyrsxj19ik","previousOperationId":null,"operationId":"0waw41fodx7n5wj"}
{"type":"log","level":"info","message":"Render request 71 queued for execution and waiting for available worker","previousOperationId":"0waw41fodx7n5wj","timestamp":1701684167177,"id":"1v33yqb9n2k8end"}
{"type":"operationStart","subtype":"render","name":"pp_index","previousOperationId":"0waw41fodx7n5wj","timestamp":1701684167186,"id":"7vcuvfgx7r90hbl","previousEventId":"5imrhvyrsxj19ik","operationId":"owekxmdccfd4yz5"}
{"type":"log","timestamp":1701684167186,"level":"info","message":"Starting rendering request 71","meta":{"rootId":"begbtgd75irxtne","id":"begbtgd75irxtne"},"id":"hv239j6us763vxz","previousOperationId":"owekxmdccfd4yz5"}
{"type":"log","timestamp":1701684167187,"level":"info","message":"Rendering template { name: pp_index, recipe: chrome-pdf, engine: handlebars, preview: true }","meta":{"rootId":"begbtgd75irxtne","id":"begbtgd75irxtne"},"id":"28mosu3jscnqmvu","previousOperationId":"owekxmdccfd4yz5"}
{"type":"log","timestamp":1701684167188,"level":"debug","message":"Inline data specified.","meta":{"rootId":"begbtgd75irxtne","id":"begbtgd75irxtne"},"id":"6a9uuupngk6p2xn","previousOperationId":"owekxmdccfd4yz5"}
{"type":"log","timestamp":1701684167190,"level":"debug","message":"Base url not specified, skipping its injection.","meta":{"rootId":"begbtgd75irxtne","id":"begbtgd75irxtne"},"id":"8tbzkg9nki4czhk","previousOperationId":"owekxmdccfd4yz5"}
{"type":"operationStart","subtype":"engine","name":"handlebars","timestamp":1701684167191,"id":"uclr4zzylt1u9qg","previousEventId":"7vcuvfgx7r90hbl","operationId":"s8x6c6e150jw97v","previousOperationId":"owekxmdccfd4yz5"}
{"type":"log","timestamp":1701684167191,"level":"debug","message":"Rendering engine handlebars","meta":{"rootId":"begbtgd75irxtne","id":"begbtgd75irxtne"},"id":"m68fq2bk6mah79a","previousOperationId":"s8x6c6e150jw97v"}
{"type":"operationEnd","operationId":"s8x6c6e150jw97v","timestamp":1701684167202,"id":"32vxrna7xadpv98","previousEventId":"uclr4zzylt1u9qg","previousOperationId":"s8x6c6e150jw97v"}
{"type":"operationStart","subtype":"recipe","name":"chrome-pdf","timestamp":1701684167203,"id":"zn6cn0rxa1aiw60","previousEventId":"32vxrna7xadpv98","operationId":"oyvuwj1jmbthqvf","previousOperationId":"s8x6c6e150jw97v"}
{"type":"log","timestamp":1701684167203,"level":"debug","message":"Executing recipe chrome-pdf","meta":{"rootId":"begbtgd75irxtne","id":"begbtgd75irxtne"},"id":"jwigx89qx43ejiy","previousOperationId":"oyvuwj1jmbthqvf"}
{"type":"log","timestamp":1701684167204,"level":"debug","message":"Converting with chrome HeadlessChrome/117.0.5938.149 using chrome-pool strategy","meta":{"rootId":"begbtgd75irxtne","id":"begbtgd75irxtne"},"id":"5i3l040i5cu6twf","previousOperationId":"oyvuwj1jmbthqvf"}
{"type":"log","timestamp":1701684167252,"level":"debug","message":"Page request: GET (document) file:///var/folders/dp/qk79pfcj0y1fmtkkl08m76rc0000gn/T/jsreport/autocleanup/f2ad29f5-f213-4acb-af6c-8e74c52cc387-chrome-pdf.html","meta":{"rootId":"begbtgd75irxtne","id":"begbtgd75irxtne"},"id":"k2pzx01vir7y6l6","previousOperationId":"oyvuwj1jmbthqvf"}
{"type":"log","timestamp":1701684167258,"level":"debug","message":"Page request finished: GET (document) 200 file:///var/folders/dp/qk79pfcj0y1fmtkkl08m76rc0000gn/T/jsreport/autocleanup/f2ad29f5-f213-4acb-af6c-8e74c52cc387-chrome-pdf.html","meta":{"rootId":"begbtgd75irxtne","id":"begbtgd75irxtne"},"id":"efffdst60mlipc8","previousOperationId":"oyvuwj1jmbthqvf"}
{"type":"log","timestamp":1701684167269,"level":"debug","message":"Running chrome with params {\"printBackground\":true,\"width\":\"10cm\",\"timeout\":59972,\"margin\":{}}","meta":{"rootId":"begbtgd75irxtne","id":"begbtgd75irxtne"},"id":"787hqvgvw98fq17","previousOperationId":"oyvuwj1jmbthqvf"}
{"type":"operationEnd","operationId":"oyvuwj1jmbthqvf","timestamp":1701684167290,"id":"oe0juknwwo0d88u","previousEventId":"zn6cn0rxa1aiw60","previousOperationId":"oyvuwj1jmbthqvf"}
{"type":"log","timestamp":1701684167290,"level":"debug","message":"Skipping storing report.","meta":{"rootId":"begbtgd75irxtne","id":"begbtgd75irxtne"},"id":"lir3s52qbazmebl","previousOperationId":"oyvuwj1jmbthqvf"}
{"type":"log","timestamp":1701684167290,"level":"info","message":"Rendering request 71 finished in 114 ms","meta":{"rootId":"begbtgd75irxtne","id":"begbtgd75irxtne"},"id":"m73ndur0sgsecfr","previousOperationId":"oyvuwj1jmbthqvf"}
{"type":"operationEnd","subtype":"render","operationId":"owekxmdccfd4yz5","timestamp":1701684167290,"id":"3wvaewf3k3iwkpr","previousEventId":"oe0juknwwo0d88u","previousOperationId":"oyvuwj1jmbthqvf"}
{"type":"operationEnd","doDiffs":false,"previousEventId":"5imrhvyrsxj19ik","previousOperationId":"0waw41fodx7n5wj","operationId":"0waw41fodx7n5wj","timestamp":1701684167292,"id":"afouk2jah067cg7"}
