{"type":"operationStart","subtype":"profile","data":{"_id":"pwFzXkno8zLBDpvf","timestamp":"2023-12-01T14:21:56.125Z","state":"queued","mode":"standard","creationDate":"2023-12-01T14:21:56.127Z","modificationDate":"2023-12-01T14:21:56.127Z","shortid":"hxyfvEK","$entitySet":"profiles"},"doDiffs":false,"timestamp":1701440516126,"id":"eyfx6nhkc9q26ni","previousOperationId":null,"operationId":"i4z4vfvor2fpabs"}
{"type":"log","level":"info","message":"Render request 4 queued for execution and waiting for available worker","previousOperationId":"i4z4vfvor2fpabs","timestamp":1701440516127,"id":"r3bw9oix543808a"}
{"type":"operationStart","subtype":"render","name":"pp_index","previousOperationId":"i4z4vfvor2fpabs","timestamp":1701440516144,"id":"tv8qem6g4wf80s4","previousEventId":"eyfx6nhkc9q26ni","operationId":"xbyvwavuonzfz7m"}
{"type":"log","timestamp":1701440516145,"level":"info","message":"Starting rendering request 4","meta":{"rootId":"bgnn1gam6u3jhbg","id":"bgnn1gam6u3jhbg"},"id":"37t2jhqlp3nzw3k","previousOperationId":"xbyvwavuonzfz7m"}
{"type":"log","timestamp":1701440516145,"level":"info","message":"Rendering template { name: pp_index, recipe: chrome-pdf, engine: handlebars, preview: true }","meta":{"rootId":"bgnn1gam6u3jhbg","id":"bgnn1gam6u3jhbg"},"id":"nq720vhwm5r9dqm","previousOperationId":"xbyvwavuonzfz7m"}
{"type":"log","timestamp":1701440516146,"level":"debug","message":"Adding sample data PH9LTzd4s","meta":{"rootId":"bgnn1gam6u3jhbg","id":"bgnn1gam6u3jhbg"},"id":"372zkgi4qlrlmmu","previousOperationId":"xbyvwavuonzfz7m"}
{"type":"log","timestamp":1701440516152,"level":"debug","message":"Base url not specified, skipping its injection.","meta":{"rootId":"bgnn1gam6u3jhbg","id":"bgnn1gam6u3jhbg"},"id":"xzdx4yx15w9kwd5","previousOperationId":"xbyvwavuonzfz7m"}
{"type":"operationStart","subtype":"engine","name":"handlebars","timestamp":1701440516152,"id":"cpnbym2bycf63x9","previousEventId":"tv8qem6g4wf80s4","operationId":"pw7zsu6swxcyfpy","previousOperationId":"xbyvwavuonzfz7m"}
{"type":"log","timestamp":1701440516152,"level":"debug","message":"Rendering engine handlebars","meta":{"rootId":"bgnn1gam6u3jhbg","id":"bgnn1gam6u3jhbg"},"id":"4yf4b5pqsz0qife","previousOperationId":"pw7zsu6swxcyfpy"}
{"type":"operationEnd","operationId":"pw7zsu6swxcyfpy","timestamp":1701440516164,"id":"ma0x0pgg46tnw1p","previousEventId":"cpnbym2bycf63x9","previousOperationId":"pw7zsu6swxcyfpy"}
{"type":"operationStart","subtype":"recipe","name":"chrome-pdf","timestamp":1701440516164,"id":"7fl8qw1a7fdr4g8","previousEventId":"ma0x0pgg46tnw1p","operationId":"2dldysmtz39m3z3","previousOperationId":"pw7zsu6swxcyfpy"}
{"type":"log","timestamp":1701440516164,"level":"debug","message":"Executing recipe chrome-pdf","meta":{"rootId":"bgnn1gam6u3jhbg","id":"bgnn1gam6u3jhbg"},"id":"yebjmaisec1tqdu","previousOperationId":"2dldysmtz39m3z3"}
{"type":"log","timestamp":1701440516326,"level":"debug","message":"Converting with chrome HeadlessChrome/117.0.5938.149 using chrome-pool strategy","meta":{"rootId":"bgnn1gam6u3jhbg","id":"bgnn1gam6u3jhbg"},"id":"6wzsaxdjhllhfps","previousOperationId":"2dldysmtz39m3z3"}
{"type":"log","timestamp":1701440516369,"level":"debug","message":"Page request: GET (document) file:///var/folders/dp/qk79pfcj0y1fmtkkl08m76rc0000gn/T/jsreport/autocleanup/045898db-be5b-40f9-9994-d1b180cf0498-chrome-pdf.html","meta":{"rootId":"bgnn1gam6u3jhbg","id":"bgnn1gam6u3jhbg"},"id":"68gzk1bjw0mpd6x","previousOperationId":"2dldysmtz39m3z3"}
{"type":"log","timestamp":1701440516373,"level":"debug","message":"Page request finished: GET (document) 200 file:///var/folders/dp/qk79pfcj0y1fmtkkl08m76rc0000gn/T/jsreport/autocleanup/045898db-be5b-40f9-9994-d1b180cf0498-chrome-pdf.html","meta":{"rootId":"bgnn1gam6u3jhbg","id":"bgnn1gam6u3jhbg"},"id":"q11q18dxx7im3l6","previousOperationId":"2dldysmtz39m3z3"}
{"type":"log","timestamp":1701440516382,"level":"debug","message":"Running chrome with params {\"printBackground\":true,\"timeout\":59960,\"margin\":{}}","meta":{"rootId":"bgnn1gam6u3jhbg","id":"bgnn1gam6u3jhbg"},"id":"zcs2r8quclti278","previousOperationId":"2dldysmtz39m3z3"}
{"type":"operationEnd","operationId":"2dldysmtz39m3z3","timestamp":1701440516396,"id":"u5yf3aqzz8nzd0q","previousEventId":"7fl8qw1a7fdr4g8","previousOperationId":"2dldysmtz39m3z3"}
{"type":"log","timestamp":1701440516396,"level":"debug","message":"Skipping storing report.","meta":{"rootId":"bgnn1gam6u3jhbg","id":"bgnn1gam6u3jhbg"},"id":"fhvdjwjhymx9lex","previousOperationId":"2dldysmtz39m3z3"}
{"type":"log","timestamp":1701440516396,"level":"info","message":"Rendering request 4 finished in 271 ms","meta":{"rootId":"bgnn1gam6u3jhbg","id":"bgnn1gam6u3jhbg"},"id":"j49a4twqs1b2mj8","previousOperationId":"2dldysmtz39m3z3"}
{"type":"operationEnd","subtype":"render","operationId":"xbyvwavuonzfz7m","timestamp":1701440516396,"id":"nzr81er8563139g","previousEventId":"u5yf3aqzz8nzd0q","previousOperationId":"2dldysmtz39m3z3"}
{"type":"operationEnd","doDiffs":false,"previousEventId":"eyfx6nhkc9q26ni","previousOperationId":"i4z4vfvor2fpabs","operationId":"i4z4vfvor2fpabs","timestamp":1701440516398,"id":"xtk81546juph4n7"}
