{"type":"operationStart","subtype":"profile","data":{"_id":"77rUwVziY6JIvuEM","timestamp":"2023-12-04T12:05:41.066Z","state":"queued","mode":"standard","creationDate":"2023-12-04T12:05:41.067Z","modificationDate":"2023-12-04T12:05:41.067Z","shortid":"JBzgm51","$entitySet":"profiles"},"doDiffs":false,"timestamp":1701691541067,"id":"4imgzxi6rpt1wnz","previousOperationId":null,"operationId":"jzguzlim91akmr4"}
{"type":"log","level":"info","message":"Render request 153 queued for execution and waiting for available worker","previousOperationId":"jzguzlim91akmr4","timestamp":1701691541067,"id":"b93nglydjr4uckj"}
{"type":"operationStart","subtype":"render","name":"pp_index","previousOperationId":"jzguzlim91akmr4","timestamp":1701691541078,"id":"uspvn1adhcb6jl2","previousEventId":"4imgzxi6rpt1wnz","operationId":"8oh8rn8krwi0e2h"}
{"type":"log","timestamp":1701691541078,"level":"info","message":"Starting rendering request 153","meta":{"rootId":"ce1bca7lf37ssfb","id":"ce1bca7lf37ssfb"},"id":"1is7n3api7eucdn","previousOperationId":"8oh8rn8krwi0e2h"}
{"type":"log","timestamp":1701691541079,"level":"info","message":"Rendering template { name: pp_index, recipe: chrome-pdf, engine: handlebars, preview: true }","meta":{"rootId":"ce1bca7lf37ssfb","id":"ce1bca7lf37ssfb"},"id":"sxtgf3d3dftppdr","previousOperationId":"8oh8rn8krwi0e2h"}
{"type":"log","timestamp":1701691541080,"level":"debug","message":"Inline data specified.","meta":{"rootId":"ce1bca7lf37ssfb","id":"ce1bca7lf37ssfb"},"id":"7cqohdjq8ap5ktv","previousOperationId":"8oh8rn8krwi0e2h"}
{"type":"log","timestamp":1701691541084,"level":"debug","message":"Base url not specified, skipping its injection.","meta":{"rootId":"ce1bca7lf37ssfb","id":"ce1bca7lf37ssfb"},"id":"yxjtq28tv3e010z","previousOperationId":"8oh8rn8krwi0e2h"}
{"type":"operationStart","subtype":"engine","name":"handlebars","timestamp":1701691541084,"id":"sp0yjv0wvb1iib6","previousEventId":"uspvn1adhcb6jl2","operationId":"f9g4cu3nhgbxgww","previousOperationId":"8oh8rn8krwi0e2h"}
{"type":"log","timestamp":1701691541084,"level":"debug","message":"Rendering engine handlebars","meta":{"rootId":"ce1bca7lf37ssfb","id":"ce1bca7lf37ssfb"},"id":"2679r2dx36nywee","previousOperationId":"f9g4cu3nhgbxgww"}
{"type":"operationEnd","operationId":"f9g4cu3nhgbxgww","timestamp":1701691541098,"id":"0wvrbc6jtk3xw60","previousEventId":"sp0yjv0wvb1iib6","previousOperationId":"f9g4cu3nhgbxgww"}
{"type":"operationStart","subtype":"recipe","name":"chrome-pdf","timestamp":1701691541098,"id":"21lqmadiun16sp4","previousEventId":"0wvrbc6jtk3xw60","operationId":"3adlwjazy99378g","previousOperationId":"f9g4cu3nhgbxgww"}
{"type":"log","timestamp":1701691541098,"level":"debug","message":"Executing recipe chrome-pdf","meta":{"rootId":"ce1bca7lf37ssfb","id":"ce1bca7lf37ssfb"},"id":"ceug8mc4052dpav","previousOperationId":"3adlwjazy99378g"}
{"type":"log","timestamp":1701691541100,"level":"debug","message":"Converting with chrome HeadlessChrome/117.0.5938.149 using chrome-pool strategy","meta":{"rootId":"ce1bca7lf37ssfb","id":"ce1bca7lf37ssfb"},"id":"t4ryg64o2sxnz09","previousOperationId":"3adlwjazy99378g"}
{"type":"log","timestamp":1701691541156,"level":"debug","message":"Page request: GET (document) file:///var/folders/dp/qk79pfcj0y1fmtkkl08m76rc0000gn/T/jsreport/autocleanup/a05725fb-1159-4526-979b-508fb03af6a0-chrome-pdf.html","meta":{"rootId":"ce1bca7lf37ssfb","id":"ce1bca7lf37ssfb"},"id":"rpg1krdy4bbml3p","previousOperationId":"3adlwjazy99378g"}
{"type":"log","timestamp":1701691541161,"level":"debug","message":"Page request finished: GET (document) 200 file:///var/folders/dp/qk79pfcj0y1fmtkkl08m76rc0000gn/T/jsreport/autocleanup/a05725fb-1159-4526-979b-508fb03af6a0-chrome-pdf.html","meta":{"rootId":"ce1bca7lf37ssfb","id":"ce1bca7lf37ssfb"},"id":"vesd9lil1292atv","previousOperationId":"3adlwjazy99378g"}
{"type":"log","timestamp":1701691541170,"level":"debug","message":"Running chrome with params {\"printBackground\":true,\"width\":\"5.8cm\",\"height\":\"35cm\",\"timeout\":59966,\"margin\":{}}","meta":{"rootId":"ce1bca7lf37ssfb","id":"ce1bca7lf37ssfb"},"id":"94y8idqzt953w2j","previousOperationId":"3adlwjazy99378g"}
{"type":"operationEnd","operationId":"3adlwjazy99378g","timestamp":1701691541200,"id":"u8o27yl1b420xqe","previousEventId":"21lqmadiun16sp4","previousOperationId":"3adlwjazy99378g"}
{"type":"log","timestamp":1701691541200,"level":"debug","message":"Skipping storing report.","meta":{"rootId":"ce1bca7lf37ssfb","id":"ce1bca7lf37ssfb"},"id":"gizvt23dbnb37f2","previousOperationId":"3adlwjazy99378g"}
{"type":"log","timestamp":1701691541200,"level":"info","message":"Rendering request 153 finished in 135 ms","meta":{"rootId":"ce1bca7lf37ssfb","id":"ce1bca7lf37ssfb"},"id":"mxwdczjn3r3fj13","previousOperationId":"3adlwjazy99378g"}
{"type":"operationEnd","subtype":"render","operationId":"8oh8rn8krwi0e2h","timestamp":1701691541200,"id":"acc559wf4r5mgav","previousEventId":"u8o27yl1b420xqe","previousOperationId":"3adlwjazy99378g"}
{"type":"operationEnd","doDiffs":false,"previousEventId":"4imgzxi6rpt1wnz","previousOperationId":"jzguzlim91akmr4","operationId":"jzguzlim91akmr4","timestamp":1701691541201,"id":"o0gy8xatc3zittw"}
