{"type":"operationStart","subtype":"profile","data":{"_id":"QuZtyaizWGzBNMLi","timestamp":"2023-12-04T09:09:43.251Z","state":"queued","mode":"standard","creationDate":"2023-12-04T09:09:43.252Z","modificationDate":"2023-12-04T09:09:43.252Z","shortid":"6kzNyNj","$entitySet":"profiles"},"doDiffs":false,"timestamp":1701680983251,"id":"r0rfthrud98v4le","previousOperationId":null,"operationId":"dk2wyh3ip440fxj"}
{"type":"log","level":"info","message":"Render request 31 queued for execution and waiting for available worker","previousOperationId":"dk2wyh3ip440fxj","timestamp":1701680983251,"id":"k3krn70abzvh19y"}
{"type":"operationStart","subtype":"render","name":"pp_index","previousOperationId":"dk2wyh3ip440fxj","timestamp":1701680983256,"id":"rwtfkwdv91f3cjy","previousEventId":"r0rfthrud98v4le","operationId":"zup59e44vo6834e"}
{"type":"log","timestamp":1701680983256,"level":"info","message":"Starting rendering request 31","meta":{"rootId":"ceb0gco8kg2kd4l","id":"ceb0gco8kg2kd4l"},"id":"nza1fmvleta5wm8","previousOperationId":"zup59e44vo6834e"}
{"type":"log","timestamp":1701680983256,"level":"info","message":"Rendering template { name: pp_index, recipe: chrome-pdf, engine: handlebars, preview: true }","meta":{"rootId":"ceb0gco8kg2kd4l","id":"ceb0gco8kg2kd4l"},"id":"9lbl0bit2mwq9kh","previousOperationId":"zup59e44vo6834e"}
{"type":"log","timestamp":1701680983256,"level":"debug","message":"Inline data specified.","meta":{"rootId":"ceb0gco8kg2kd4l","id":"ceb0gco8kg2kd4l"},"id":"m1297v2myvwq4ep","previousOperationId":"zup59e44vo6834e"}
{"type":"log","timestamp":1701680983257,"level":"debug","message":"Base url not specified, skipping its injection.","meta":{"rootId":"ceb0gco8kg2kd4l","id":"ceb0gco8kg2kd4l"},"id":"ziwnaoddoa5hexp","previousOperationId":"zup59e44vo6834e"}
{"type":"operationStart","subtype":"engine","name":"handlebars","timestamp":1701680983257,"id":"de86qxtbltk04dw","previousEventId":"rwtfkwdv91f3cjy","operationId":"rs2jd44tk1o1c3f","previousOperationId":"zup59e44vo6834e"}
{"type":"log","timestamp":1701680983257,"level":"debug","message":"Rendering engine handlebars","meta":{"rootId":"ceb0gco8kg2kd4l","id":"ceb0gco8kg2kd4l"},"id":"ax7nl3sime9exiy","previousOperationId":"rs2jd44tk1o1c3f"}
{"type":"operationEnd","operationId":"rs2jd44tk1o1c3f","timestamp":1701680983262,"id":"qi7mjzlpfq792pr","previousEventId":"de86qxtbltk04dw","previousOperationId":"rs2jd44tk1o1c3f"}
{"type":"operationStart","subtype":"recipe","name":"chrome-pdf","timestamp":1701680983263,"id":"2362f0sac2kdx1o","previousEventId":"qi7mjzlpfq792pr","operationId":"bb0g9ur2o1lec4m","previousOperationId":"rs2jd44tk1o1c3f"}
{"type":"log","timestamp":1701680983263,"level":"debug","message":"Executing recipe chrome-pdf","meta":{"rootId":"ceb0gco8kg2kd4l","id":"ceb0gco8kg2kd4l"},"id":"uu9s3yl71mj78f6","previousOperationId":"bb0g9ur2o1lec4m"}
{"type":"log","timestamp":1701680983264,"level":"debug","message":"Converting with chrome HeadlessChrome/117.0.5938.149 using chrome-pool strategy","meta":{"rootId":"ceb0gco8kg2kd4l","id":"ceb0gco8kg2kd4l"},"id":"2kh2d9jkdmgs37d","previousOperationId":"bb0g9ur2o1lec4m"}
{"type":"log","timestamp":1701680983306,"level":"debug","message":"Page request: GET (document) file:///var/folders/dp/qk79pfcj0y1fmtkkl08m76rc0000gn/T/jsreport/autocleanup/501179e5-cf74-4764-a985-5a58b6a782e9-chrome-pdf.html","meta":{"rootId":"ceb0gco8kg2kd4l","id":"ceb0gco8kg2kd4l"},"id":"p5gte1ipbpdmymh","previousOperationId":"bb0g9ur2o1lec4m"}
{"type":"log","timestamp":1701680983310,"level":"debug","message":"Page request finished: GET (document) 200 file:///var/folders/dp/qk79pfcj0y1fmtkkl08m76rc0000gn/T/jsreport/autocleanup/501179e5-cf74-4764-a985-5a58b6a782e9-chrome-pdf.html","meta":{"rootId":"ceb0gco8kg2kd4l","id":"ceb0gco8kg2kd4l"},"id":"188gh7dqc8mpwqp","previousOperationId":"bb0g9ur2o1lec4m"}
{"type":"log","timestamp":1701680983320,"level":"debug","message":"Running chrome with params {\"printBackground\":true,\"timeout\":59987,\"margin\":{}}","meta":{"rootId":"ceb0gco8kg2kd4l","id":"ceb0gco8kg2kd4l"},"id":"2dinifh8aosj8by","previousOperationId":"bb0g9ur2o1lec4m"}
{"type":"operationEnd","operationId":"bb0g9ur2o1lec4m","timestamp":1701680983338,"id":"h5dt1zelpnv3zdt","previousEventId":"2362f0sac2kdx1o","previousOperationId":"bb0g9ur2o1lec4m"}
{"type":"log","timestamp":1701680983338,"level":"debug","message":"Skipping storing report.","meta":{"rootId":"ceb0gco8kg2kd4l","id":"ceb0gco8kg2kd4l"},"id":"gvm95fzkhtzw025","previousOperationId":"bb0g9ur2o1lec4m"}
{"type":"log","timestamp":1701680983338,"level":"info","message":"Rendering request 31 finished in 87 ms","meta":{"rootId":"ceb0gco8kg2kd4l","id":"ceb0gco8kg2kd4l"},"id":"6aavzol66pgmixa","previousOperationId":"bb0g9ur2o1lec4m"}
{"type":"operationEnd","subtype":"render","operationId":"zup59e44vo6834e","timestamp":1701680983338,"id":"smz4gq0hmnkas2d","previousEventId":"h5dt1zelpnv3zdt","previousOperationId":"bb0g9ur2o1lec4m"}
{"type":"operationEnd","doDiffs":false,"previousEventId":"r0rfthrud98v4le","previousOperationId":"dk2wyh3ip440fxj","operationId":"dk2wyh3ip440fxj","timestamp":1701680983340,"id":"ls8evxb8vclodn7"}
