{"type":"operationStart","subtype":"profile","data":{"_id":"449YzAWnXJdSnspz","timestamp":"2023-12-05T08:28:43.198Z","state":"queued","mode":"standard","creationDate":"2023-12-05T08:28:43.200Z","modificationDate":"2023-12-05T08:28:43.200Z","shortid":"_3Zb46N","$entitySet":"profiles"},"doDiffs":false,"timestamp":1701764923199,"id":"okaal0hunkogizu","previousOperationId":null,"operationId":"py973vfqoriw078"}
{"type":"log","level":"info","message":"Render request 28 queued for execution and waiting for available worker","previousOperationId":"py973vfqoriw078","timestamp":1701764923199,"id":"jftdr2in3kechh3"}
{"type":"operationStart","subtype":"render","name":"pp_index","previousOperationId":"py973vfqoriw078","timestamp":1701764923215,"id":"cy7aizni6c2qjd5","previousEventId":"okaal0hunkogizu","operationId":"op8zcnpirp7zvbh"}
{"type":"log","timestamp":1701764923215,"level":"info","message":"Starting rendering request 28","meta":{"rootId":"ci2pa76mpcytym7","id":"ci2pa76mpcytym7"},"id":"8m88hpe2m7qjy0t","previousOperationId":"op8zcnpirp7zvbh"}
{"type":"log","timestamp":1701764923215,"level":"info","message":"Rendering template { name: pp_index, recipe: chrome-pdf, engine: handlebars, preview: true }","meta":{"rootId":"ci2pa76mpcytym7","id":"ci2pa76mpcytym7"},"id":"t9m6l8vuwm6shjx","previousOperationId":"op8zcnpirp7zvbh"}
{"type":"log","timestamp":1701764923222,"level":"debug","message":"Adding sample data PH9LTzd4s","meta":{"rootId":"ci2pa76mpcytym7","id":"ci2pa76mpcytym7"},"id":"7mgct3exm4b8c9g","previousOperationId":"op8zcnpirp7zvbh"}
{"type":"log","timestamp":1701764923225,"level":"debug","message":"Base url not specified, skipping its injection.","meta":{"rootId":"ci2pa76mpcytym7","id":"ci2pa76mpcytym7"},"id":"vvrit0n7mqn1l3f","previousOperationId":"op8zcnpirp7zvbh"}
{"type":"log","timestamp":1701764923225,"level":"debug","message":"Replaced assets [\"styles.css\"]","meta":{"rootId":"ci2pa76mpcytym7","id":"ci2pa76mpcytym7"},"id":"il72r0sq066eftf","previousOperationId":"op8zcnpirp7zvbh"}
{"type":"operationStart","subtype":"engine","name":"handlebars","timestamp":1701764923225,"id":"3tiiup677lol2n7","previousEventId":"cy7aizni6c2qjd5","operationId":"rb04nploc3m7pyc","previousOperationId":"op8zcnpirp7zvbh"}
{"type":"log","timestamp":1701764923225,"level":"debug","message":"Rendering engine handlebars","meta":{"rootId":"ci2pa76mpcytym7","id":"ci2pa76mpcytym7"},"id":"wtmn37rwisodjkc","previousOperationId":"rb04nploc3m7pyc"}
{"type":"operationEnd","operationId":"rb04nploc3m7pyc","timestamp":1701764923239,"id":"g3870meteuq2h8s","previousEventId":"3tiiup677lol2n7","previousOperationId":"rb04nploc3m7pyc"}
{"type":"operationStart","subtype":"recipe","name":"chrome-pdf","timestamp":1701764923239,"id":"6v14fgd4ehy7mtl","previousEventId":"g3870meteuq2h8s","operationId":"hccmuvnn5nyfxyj","previousOperationId":"rb04nploc3m7pyc"}
{"type":"log","timestamp":1701764923239,"level":"debug","message":"Executing recipe chrome-pdf","meta":{"rootId":"ci2pa76mpcytym7","id":"ci2pa76mpcytym7"},"id":"2z4an83vbd2ofzy","previousOperationId":"hccmuvnn5nyfxyj"}
{"type":"log","timestamp":1701764923241,"level":"debug","message":"Converting with chrome HeadlessChrome/117.0.5938.149 using chrome-pool strategy","meta":{"rootId":"ci2pa76mpcytym7","id":"ci2pa76mpcytym7"},"id":"5hhgi4pcerymybb","previousOperationId":"hccmuvnn5nyfxyj"}
{"type":"log","timestamp":1701764923289,"level":"debug","message":"Page request: GET (document) file:///var/folders/dp/qk79pfcj0y1fmtkkl08m76rc0000gn/T/jsreport/autocleanup/c1b991c5-769f-4d4f-a0a5-4a1e35cc58ea-chrome-pdf.html","meta":{"rootId":"ci2pa76mpcytym7","id":"ci2pa76mpcytym7"},"id":"49vkfhfcgr0tluv","previousOperationId":"hccmuvnn5nyfxyj"}
{"type":"log","timestamp":1701764923294,"level":"debug","message":"Page request finished: GET (document) 200 file:///var/folders/dp/qk79pfcj0y1fmtkkl08m76rc0000gn/T/jsreport/autocleanup/c1b991c5-769f-4d4f-a0a5-4a1e35cc58ea-chrome-pdf.html","meta":{"rootId":"ci2pa76mpcytym7","id":"ci2pa76mpcytym7"},"id":"iu6ppxu2e60a91r","previousOperationId":"hccmuvnn5nyfxyj"}
{"type":"log","timestamp":1701764923303,"level":"debug","message":"Running chrome with params {\"printBackground\":true,\"width\":\"5.8cm\",\"height\":\"21cm\",\"timeout\":59957,\"margin\":{}}","meta":{"rootId":"ci2pa76mpcytym7","id":"ci2pa76mpcytym7"},"id":"0ho7kthv1uxfzu5","previousOperationId":"hccmuvnn5nyfxyj"}
{"type":"operationEnd","operationId":"hccmuvnn5nyfxyj","timestamp":1701764923326,"id":"akb8hd7gl3rwnm8","previousEventId":"6v14fgd4ehy7mtl","previousOperationId":"hccmuvnn5nyfxyj"}
{"type":"log","timestamp":1701764923326,"level":"debug","message":"Skipping storing report.","meta":{"rootId":"ci2pa76mpcytym7","id":"ci2pa76mpcytym7"},"id":"1o7y1rejkbhv44t","previousOperationId":"hccmuvnn5nyfxyj"}
{"type":"log","timestamp":1701764923326,"level":"info","message":"Rendering request 28 finished in 129 ms","meta":{"rootId":"ci2pa76mpcytym7","id":"ci2pa76mpcytym7"},"id":"6ekmbcug21xlfw7","previousOperationId":"hccmuvnn5nyfxyj"}
{"type":"operationEnd","subtype":"render","operationId":"op8zcnpirp7zvbh","timestamp":1701764923326,"id":"n5nxq47kdmw7l5z","previousEventId":"akb8hd7gl3rwnm8","previousOperationId":"hccmuvnn5nyfxyj"}
{"type":"operationEnd","doDiffs":false,"previousEventId":"okaal0hunkogizu","previousOperationId":"py973vfqoriw078","operationId":"py973vfqoriw078","timestamp":1701764923327,"id":"mg4o9myypt1i4av"}
