{"type":"operationStart","subtype":"profile","data":{"_id":"7WGZHTL3nrIx357P","timestamp":"2023-12-04T09:10:13.801Z","state":"queued","mode":"standard","creationDate":"2023-12-04T09:10:13.802Z","modificationDate":"2023-12-04T09:10:13.802Z","shortid":"eyCrtWa","$entitySet":"profiles"},"doDiffs":false,"timestamp":1701681013802,"id":"t3htr6sgifd5mul","previousOperationId":null,"operationId":"9zsyxuyaist9g8u"}
{"type":"log","level":"info","message":"Render request 33 queued for execution and waiting for available worker","previousOperationId":"9zsyxuyaist9g8u","timestamp":1701681013802,"id":"9xiqzwn7hinqxvg"}
{"type":"operationStart","subtype":"render","name":"pp_index","previousOperationId":"9zsyxuyaist9g8u","timestamp":1701681013813,"id":"c7iy3nxwgm7hap2","previousEventId":"t3htr6sgifd5mul","operationId":"8fufcltb0u1neqn"}
{"type":"log","timestamp":1701681013813,"level":"info","message":"Starting rendering request 33","meta":{"rootId":"cleh8qqe51t7m4f","id":"cleh8qqe51t7m4f"},"id":"hnecqz780t0psvl","previousOperationId":"8fufcltb0u1neqn"}
{"type":"log","timestamp":1701681013814,"level":"info","message":"Rendering template { name: pp_index, recipe: chrome-pdf, engine: handlebars, preview: true }","meta":{"rootId":"cleh8qqe51t7m4f","id":"cleh8qqe51t7m4f"},"id":"8vaub0cetoctweb","previousOperationId":"8fufcltb0u1neqn"}
{"type":"log","timestamp":1701681013814,"level":"debug","message":"Inline data specified.","meta":{"rootId":"cleh8qqe51t7m4f","id":"cleh8qqe51t7m4f"},"id":"umgcogg1ratrcnv","previousOperationId":"8fufcltb0u1neqn"}
{"type":"log","timestamp":1701681013817,"level":"debug","message":"Base url not specified, skipping its injection.","meta":{"rootId":"cleh8qqe51t7m4f","id":"cleh8qqe51t7m4f"},"id":"la5xh0t75jboivr","previousOperationId":"8fufcltb0u1neqn"}
{"type":"operationStart","subtype":"engine","name":"handlebars","timestamp":1701681013817,"id":"vkhybqt9gpnm24q","previousEventId":"c7iy3nxwgm7hap2","operationId":"ozx9t91u8pumd7c","previousOperationId":"8fufcltb0u1neqn"}
{"type":"log","timestamp":1701681013817,"level":"debug","message":"Rendering engine handlebars","meta":{"rootId":"cleh8qqe51t7m4f","id":"cleh8qqe51t7m4f"},"id":"xmis35qjf8ci57v","previousOperationId":"ozx9t91u8pumd7c"}
{"type":"operationEnd","operationId":"ozx9t91u8pumd7c","timestamp":1701681013826,"id":"twajay070luc5n8","previousEventId":"vkhybqt9gpnm24q","previousOperationId":"ozx9t91u8pumd7c"}
{"type":"operationStart","subtype":"recipe","name":"chrome-pdf","timestamp":1701681013826,"id":"si4rugs0pvcbad6","previousEventId":"twajay070luc5n8","operationId":"f0bga5tl49haoum","previousOperationId":"ozx9t91u8pumd7c"}
{"type":"log","timestamp":1701681013826,"level":"debug","message":"Executing recipe chrome-pdf","meta":{"rootId":"cleh8qqe51t7m4f","id":"cleh8qqe51t7m4f"},"id":"mysoldbtke0z0q0","previousOperationId":"f0bga5tl49haoum"}
{"type":"log","timestamp":1701681013827,"level":"debug","message":"Converting with chrome HeadlessChrome/117.0.5938.149 using chrome-pool strategy","meta":{"rootId":"cleh8qqe51t7m4f","id":"cleh8qqe51t7m4f"},"id":"xnl8urlloiegnff","previousOperationId":"f0bga5tl49haoum"}
{"type":"log","timestamp":1701681013878,"level":"debug","message":"Page request: GET (document) file:///var/folders/dp/qk79pfcj0y1fmtkkl08m76rc0000gn/T/jsreport/autocleanup/abeaf0d3-e160-4d85-902e-414faa5d0ab5-chrome-pdf.html","meta":{"rootId":"cleh8qqe51t7m4f","id":"cleh8qqe51t7m4f"},"id":"qxrnfpwi5h08yw3","previousOperationId":"f0bga5tl49haoum"}
{"type":"log","timestamp":1701681013883,"level":"debug","message":"Page request finished: GET (document) 200 file:///var/folders/dp/qk79pfcj0y1fmtkkl08m76rc0000gn/T/jsreport/autocleanup/abeaf0d3-e160-4d85-902e-414faa5d0ab5-chrome-pdf.html","meta":{"rootId":"cleh8qqe51t7m4f","id":"cleh8qqe51t7m4f"},"id":"xpupj16kdsvnxa0","previousOperationId":"f0bga5tl49haoum"}
{"type":"log","timestamp":1701681013896,"level":"debug","message":"Running chrome with params {\"printBackground\":true,\"timeout\":59974,\"margin\":{}}","meta":{"rootId":"cleh8qqe51t7m4f","id":"cleh8qqe51t7m4f"},"id":"55oioajlejyfmai","previousOperationId":"f0bga5tl49haoum"}
{"type":"operationEnd","operationId":"f0bga5tl49haoum","timestamp":1701681013915,"id":"9qppuwadgdkxvhe","previousEventId":"si4rugs0pvcbad6","previousOperationId":"f0bga5tl49haoum"}
{"type":"log","timestamp":1701681013915,"level":"debug","message":"Skipping storing report.","meta":{"rootId":"cleh8qqe51t7m4f","id":"cleh8qqe51t7m4f"},"id":"lqfxuzuwkd861f9","previousOperationId":"f0bga5tl49haoum"}
{"type":"log","timestamp":1701681013915,"level":"info","message":"Rendering request 33 finished in 114 ms","meta":{"rootId":"cleh8qqe51t7m4f","id":"cleh8qqe51t7m4f"},"id":"e2xg1492n8hdprf","previousOperationId":"f0bga5tl49haoum"}
{"type":"operationEnd","subtype":"render","operationId":"8fufcltb0u1neqn","timestamp":1701681013915,"id":"omou6xdttj00wn0","previousEventId":"9qppuwadgdkxvhe","previousOperationId":"f0bga5tl49haoum"}
{"type":"operationEnd","doDiffs":false,"previousEventId":"t3htr6sgifd5mul","previousOperationId":"9zsyxuyaist9g8u","operationId":"9zsyxuyaist9g8u","timestamp":1701681013917,"id":"pemue33tg18rrx1"}
