{"type":"operationStart","subtype":"profile","data":{"_id":"9jvHKhc8DX1xCLNG","timestamp":"2023-12-04T12:53:46.135Z","state":"queued","mode":"standard","creationDate":"2023-12-04T12:53:46.138Z","modificationDate":"2023-12-04T12:53:46.138Z","shortid":"oJJqTd2","$entitySet":"profiles"},"doDiffs":false,"timestamp":1701694426137,"id":"0xs13sgweh1ue3l","previousOperationId":null,"operationId":"5bkcydho9sp8y5k"}
{"type":"log","level":"info","message":"Render request 16 queued for execution and waiting for available worker","previousOperationId":"5bkcydho9sp8y5k","timestamp":1701694426137,"id":"6t9f1b57q05zrdh"}
{"type":"operationStart","subtype":"render","name":"pp_index","previousOperationId":"5bkcydho9sp8y5k","timestamp":1701694426153,"id":"gy6m92d44zzsl4o","previousEventId":"0xs13sgweh1ue3l","operationId":"cnwi53cned5y067"}
{"type":"log","timestamp":1701694426153,"level":"info","message":"Starting rendering request 16","meta":{"rootId":"csp4yb0wvfai9hi","id":"csp4yb0wvfai9hi"},"id":"knpvqkc3ux2g24h","previousOperationId":"cnwi53cned5y067"}
{"type":"log","timestamp":1701694426153,"level":"info","message":"Rendering template { name: pp_index, recipe: chrome-pdf, engine: handlebars, preview: true }","meta":{"rootId":"csp4yb0wvfai9hi","id":"csp4yb0wvfai9hi"},"id":"9no7pgaqu6azh3r","previousOperationId":"cnwi53cned5y067"}
{"type":"log","timestamp":1701694426154,"level":"debug","message":"Adding sample data PH9LTzd4s","meta":{"rootId":"csp4yb0wvfai9hi","id":"csp4yb0wvfai9hi"},"id":"cgoj6igleg3igc8","previousOperationId":"cnwi53cned5y067"}
{"type":"log","timestamp":1701694426158,"level":"debug","message":"Base url not specified, skipping its injection.","meta":{"rootId":"csp4yb0wvfai9hi","id":"csp4yb0wvfai9hi"},"id":"3gy8r3borln5s68","previousOperationId":"cnwi53cned5y067"}
{"type":"log","timestamp":1701694426164,"level":"debug","message":"Replaced assets [\"styles.css\"]","meta":{"rootId":"csp4yb0wvfai9hi","id":"csp4yb0wvfai9hi"},"id":"yx4zq8p4hjrp7b1","previousOperationId":"cnwi53cned5y067"}
{"type":"operationStart","subtype":"engine","name":"handlebars","timestamp":1701694426164,"id":"j8uvec8kc6nf5y1","previousEventId":"gy6m92d44zzsl4o","operationId":"g544334jl6b3bbf","previousOperationId":"cnwi53cned5y067"}
{"type":"log","timestamp":1701694426164,"level":"debug","message":"Rendering engine handlebars","meta":{"rootId":"csp4yb0wvfai9hi","id":"csp4yb0wvfai9hi"},"id":"oqqnap7bh5der4a","previousOperationId":"g544334jl6b3bbf"}
{"type":"operationEnd","operationId":"g544334jl6b3bbf","timestamp":1701694426175,"id":"qw40kymzrosorhw","previousEventId":"j8uvec8kc6nf5y1","previousOperationId":"g544334jl6b3bbf"}
{"type":"operationStart","subtype":"recipe","name":"chrome-pdf","timestamp":1701694426176,"id":"hxxljzn643atrfv","previousEventId":"qw40kymzrosorhw","operationId":"sy39oucaxglxkvs","previousOperationId":"g544334jl6b3bbf"}
{"type":"log","timestamp":1701694426176,"level":"debug","message":"Executing recipe chrome-pdf","meta":{"rootId":"csp4yb0wvfai9hi","id":"csp4yb0wvfai9hi"},"id":"t7e64owyum8uynz","previousOperationId":"sy39oucaxglxkvs"}
{"type":"log","timestamp":1701694426177,"level":"debug","message":"Converting with chrome HeadlessChrome/117.0.5938.149 using chrome-pool strategy","meta":{"rootId":"csp4yb0wvfai9hi","id":"csp4yb0wvfai9hi"},"id":"i8ds8253kxsrqnb","previousOperationId":"sy39oucaxglxkvs"}
{"type":"log","timestamp":1701694426227,"level":"debug","message":"Page request: GET (document) file:///var/folders/dp/qk79pfcj0y1fmtkkl08m76rc0000gn/T/jsreport/autocleanup/14544f28-6f86-41d7-a751-457d32024395-chrome-pdf.html","meta":{"rootId":"csp4yb0wvfai9hi","id":"csp4yb0wvfai9hi"},"id":"wpngj8n8lw576lc","previousOperationId":"sy39oucaxglxkvs"}
{"type":"log","timestamp":1701694426233,"level":"debug","message":"Page request finished: GET (document) 200 file:///var/folders/dp/qk79pfcj0y1fmtkkl08m76rc0000gn/T/jsreport/autocleanup/14544f28-6f86-41d7-a751-457d32024395-chrome-pdf.html","meta":{"rootId":"csp4yb0wvfai9hi","id":"csp4yb0wvfai9hi"},"id":"k3050arjz832mfc","previousOperationId":"sy39oucaxglxkvs"}
{"type":"log","timestamp":1701694426243,"level":"debug","message":"Running chrome with params {\"printBackground\":true,\"width\":\"5.8cm\",\"height\":\"40cm\",\"timeout\":59958,\"margin\":{}}","meta":{"rootId":"csp4yb0wvfai9hi","id":"csp4yb0wvfai9hi"},"id":"tv020if44rspvj2","previousOperationId":"sy39oucaxglxkvs"}
{"type":"operationEnd","operationId":"sy39oucaxglxkvs","timestamp":1701694426264,"id":"7vhrd9iv28ilwvc","previousEventId":"hxxljzn643atrfv","previousOperationId":"sy39oucaxglxkvs"}
{"type":"log","timestamp":1701694426265,"level":"debug","message":"Skipping storing report.","meta":{"rootId":"csp4yb0wvfai9hi","id":"csp4yb0wvfai9hi"},"id":"z4csedgt3oyv8gn","previousOperationId":"sy39oucaxglxkvs"}
{"type":"log","timestamp":1701694426265,"level":"info","message":"Rendering request 16 finished in 131 ms","meta":{"rootId":"csp4yb0wvfai9hi","id":"csp4yb0wvfai9hi"},"id":"aonqi6iqxmy9lo1","previousOperationId":"sy39oucaxglxkvs"}
{"type":"operationEnd","subtype":"render","operationId":"cnwi53cned5y067","timestamp":1701694426265,"id":"cowe25if3w6tobm","previousEventId":"7vhrd9iv28ilwvc","previousOperationId":"sy39oucaxglxkvs"}
{"type":"operationEnd","doDiffs":false,"previousEventId":"0xs13sgweh1ue3l","previousOperationId":"5bkcydho9sp8y5k","operationId":"5bkcydho9sp8y5k","timestamp":1701694426266,"id":"upzd9m6nngrufkh"}
