{"type":"operationStart","subtype":"profile","data":{"_id":"NT46E46EUYPC5nHX","timestamp":"2023-12-05T08:23:49.767Z","state":"queued","mode":"standard","creationDate":"2023-12-05T08:23:49.769Z","modificationDate":"2023-12-05T08:23:49.769Z","shortid":"v0dctaV","$entitySet":"profiles"},"doDiffs":false,"timestamp":1701764629768,"id":"q2owtuktwrz5964","previousOperationId":null,"operationId":"q2urx8joxo4ck0m"}
{"type":"log","level":"info","message":"Render request 10 queued for execution and waiting for available worker","previousOperationId":"q2urx8joxo4ck0m","timestamp":1701764629768,"id":"dnwttl2qigc2376"}
{"type":"operationStart","subtype":"render","name":"pp_index","previousOperationId":"q2urx8joxo4ck0m","timestamp":1701764629782,"id":"d3zhbfnlw5fzg2a","previousEventId":"q2owtuktwrz5964","operationId":"xsr14h4xgarx015"}
{"type":"log","timestamp":1701764629782,"level":"info","message":"Starting rendering request 10","meta":{"rootId":"d56icw2q5o2rnte","id":"d56icw2q5o2rnte"},"id":"m3a2vsccgcjo91t","previousOperationId":"xsr14h4xgarx015"}
{"type":"log","timestamp":1701764629782,"level":"info","message":"Rendering template { name: pp_index, recipe: chrome-pdf, engine: handlebars, preview: true }","meta":{"rootId":"d56icw2q5o2rnte","id":"d56icw2q5o2rnte"},"id":"ru8mfu2wahrp2b7","previousOperationId":"xsr14h4xgarx015"}
{"type":"log","timestamp":1701764629783,"level":"debug","message":"Adding sample data PH9LTzd4s","meta":{"rootId":"d56icw2q5o2rnte","id":"d56icw2q5o2rnte"},"id":"u42jiytjbb66g72","previousOperationId":"xsr14h4xgarx015"}
{"type":"log","timestamp":1701764629785,"level":"debug","message":"Base url not specified, skipping its injection.","meta":{"rootId":"d56icw2q5o2rnte","id":"d56icw2q5o2rnte"},"id":"odrhaahrqab0ngo","previousOperationId":"xsr14h4xgarx015"}
{"type":"log","timestamp":1701764629786,"level":"debug","message":"Replaced assets [\"styles.css\"]","meta":{"rootId":"d56icw2q5o2rnte","id":"d56icw2q5o2rnte"},"id":"f4ewlyhzcv47vyn","previousOperationId":"xsr14h4xgarx015"}
{"type":"operationStart","subtype":"engine","name":"handlebars","timestamp":1701764629786,"id":"5yy0xohh0awds72","previousEventId":"d3zhbfnlw5fzg2a","operationId":"oj6b7t69ak2fmbf","previousOperationId":"xsr14h4xgarx015"}
{"type":"log","timestamp":1701764629786,"level":"debug","message":"Rendering engine handlebars","meta":{"rootId":"d56icw2q5o2rnte","id":"d56icw2q5o2rnte"},"id":"ivmdocacr2ajgkq","previousOperationId":"oj6b7t69ak2fmbf"}
{"type":"operationEnd","operationId":"oj6b7t69ak2fmbf","timestamp":1701764629802,"id":"xkowniis1da2n5j","previousEventId":"5yy0xohh0awds72","previousOperationId":"oj6b7t69ak2fmbf"}
{"type":"operationStart","subtype":"recipe","name":"chrome-pdf","timestamp":1701764629802,"id":"eini9fg0q00k6zl","previousEventId":"xkowniis1da2n5j","operationId":"r64iwheyokskkba","previousOperationId":"oj6b7t69ak2fmbf"}
{"type":"log","timestamp":1701764629802,"level":"debug","message":"Executing recipe chrome-pdf","meta":{"rootId":"d56icw2q5o2rnte","id":"d56icw2q5o2rnte"},"id":"96viszdk85arwc9","previousOperationId":"r64iwheyokskkba"}
{"type":"log","timestamp":1701764629805,"level":"debug","message":"Converting with chrome HeadlessChrome/117.0.5938.149 using chrome-pool strategy","meta":{"rootId":"d56icw2q5o2rnte","id":"d56icw2q5o2rnte"},"id":"fl3la2p333c2ml2","previousOperationId":"r64iwheyokskkba"}
{"type":"log","timestamp":1701764629852,"level":"debug","message":"Page request: GET (document) file:///var/folders/dp/qk79pfcj0y1fmtkkl08m76rc0000gn/T/jsreport/autocleanup/a358d880-7d15-4d2e-88c3-87b1e9721f19-chrome-pdf.html","meta":{"rootId":"d56icw2q5o2rnte","id":"d56icw2q5o2rnte"},"id":"dzgjbx8ouyvf3vj","previousOperationId":"r64iwheyokskkba"}
{"type":"log","timestamp":1701764629857,"level":"debug","message":"Page request finished: GET (document) 200 file:///var/folders/dp/qk79pfcj0y1fmtkkl08m76rc0000gn/T/jsreport/autocleanup/a358d880-7d15-4d2e-88c3-87b1e9721f19-chrome-pdf.html","meta":{"rootId":"d56icw2q5o2rnte","id":"d56icw2q5o2rnte"},"id":"ja7tyv3jq975gjl","previousOperationId":"r64iwheyokskkba"}
{"type":"log","timestamp":1701764629867,"level":"debug","message":"Running chrome with params {\"printBackground\":true,\"width\":\"5.8cm\",\"height\":\"21cm\",\"timeout\":59962,\"margin\":{}}","meta":{"rootId":"d56icw2q5o2rnte","id":"d56icw2q5o2rnte"},"id":"glgggkmt60l9zv3","previousOperationId":"r64iwheyokskkba"}
{"type":"operationEnd","operationId":"r64iwheyokskkba","timestamp":1701764629890,"id":"ml588747nxpem3c","previousEventId":"eini9fg0q00k6zl","previousOperationId":"r64iwheyokskkba"}
{"type":"log","timestamp":1701764629890,"level":"debug","message":"Skipping storing report.","meta":{"rootId":"d56icw2q5o2rnte","id":"d56icw2q5o2rnte"},"id":"82rpxu9nx2myhe0","previousOperationId":"r64iwheyokskkba"}
{"type":"log","timestamp":1701764629890,"level":"info","message":"Rendering request 10 finished in 124 ms","meta":{"rootId":"d56icw2q5o2rnte","id":"d56icw2q5o2rnte"},"id":"qc3n6pvvei99ujl","previousOperationId":"r64iwheyokskkba"}
{"type":"operationEnd","subtype":"render","operationId":"xsr14h4xgarx015","timestamp":1701764629890,"id":"59j6uvnh7qwgj92","previousEventId":"ml588747nxpem3c","previousOperationId":"r64iwheyokskkba"}
{"type":"operationEnd","doDiffs":false,"previousEventId":"q2owtuktwrz5964","previousOperationId":"q2urx8joxo4ck0m","operationId":"q2urx8joxo4ck0m","timestamp":1701764629891,"id":"bzsnik7601xl2ne"}
