{"type":"operationStart","subtype":"profile","data":{"_id":"xRcGOqfN6xsSnDbN","timestamp":"2023-12-06T11:45:12.158Z","state":"queued","mode":"standard","creationDate":"2023-12-06T11:45:12.159Z","modificationDate":"2023-12-06T11:45:12.159Z","shortid":"m9KS6jt","$entitySet":"profiles"},"doDiffs":false,"timestamp":1701863112158,"id":"t6znx1u2gek5mvj","previousOperationId":null,"operationId":"84hz7t4cfsvrnzl"}
{"type":"log","level":"info","message":"Render request 126 queued for execution and waiting for available worker","previousOperationId":"84hz7t4cfsvrnzl","timestamp":1701863112159,"id":"z34ugumz3oijn1x"}
{"type":"operationStart","subtype":"render","name":"pp_index","previousOperationId":"84hz7t4cfsvrnzl","timestamp":1701863112173,"id":"9wtqai1enxzu4pn","previousEventId":"t6znx1u2gek5mvj","operationId":"3t5ew05qyy8v3ja"}
{"type":"log","timestamp":1701863112173,"level":"info","message":"Starting rendering request 126","meta":{"rootId":"deiwin1o59tdihf","id":"deiwin1o59tdihf"},"id":"ix9h9ugcjk684on","previousOperationId":"3t5ew05qyy8v3ja"}
{"type":"log","timestamp":1701863112174,"level":"info","message":"Rendering template { name: pp_index, recipe: chrome-pdf, engine: handlebars, preview: true }","meta":{"rootId":"deiwin1o59tdihf","id":"deiwin1o59tdihf"},"id":"jxy945va9k0pt57","previousOperationId":"3t5ew05qyy8v3ja"}
{"type":"log","timestamp":1701863112175,"level":"debug","message":"Inline data specified.","meta":{"rootId":"deiwin1o59tdihf","id":"deiwin1o59tdihf"},"id":"rrc5qq5xp6q1ggr","previousOperationId":"3t5ew05qyy8v3ja"}
{"type":"log","timestamp":1701863112176,"level":"debug","message":"Base url not specified, skipping its injection.","meta":{"rootId":"deiwin1o59tdihf","id":"deiwin1o59tdihf"},"id":"20bjxxtx4bi4ds4","previousOperationId":"3t5ew05qyy8v3ja"}
{"type":"log","timestamp":1701863112178,"level":"debug","message":"Replaced assets [\"styles.css\"]","meta":{"rootId":"deiwin1o59tdihf","id":"deiwin1o59tdihf"},"id":"f95vho6wffc0ujn","previousOperationId":"3t5ew05qyy8v3ja"}
{"type":"operationStart","subtype":"engine","name":"handlebars","timestamp":1701863112178,"id":"28bwhw07aqyrcil","previousEventId":"9wtqai1enxzu4pn","operationId":"p7gsdu7vhagmm5t","previousOperationId":"3t5ew05qyy8v3ja"}
{"type":"log","timestamp":1701863112178,"level":"debug","message":"Rendering engine handlebars","meta":{"rootId":"deiwin1o59tdihf","id":"deiwin1o59tdihf"},"id":"y3wqzb0ma582rd7","previousOperationId":"p7gsdu7vhagmm5t"}
{"type":"operationEnd","operationId":"p7gsdu7vhagmm5t","timestamp":1701863112202,"id":"icp9rh7x7xihkd0","previousEventId":"28bwhw07aqyrcil","previousOperationId":"p7gsdu7vhagmm5t"}
{"type":"operationStart","subtype":"recipe","name":"chrome-pdf","timestamp":1701863112203,"id":"fsxl96xhhn5x63y","previousEventId":"icp9rh7x7xihkd0","operationId":"091nl7gz2j5qfwz","previousOperationId":"p7gsdu7vhagmm5t"}
{"type":"log","timestamp":1701863112203,"level":"debug","message":"Executing recipe chrome-pdf","meta":{"rootId":"deiwin1o59tdihf","id":"deiwin1o59tdihf"},"id":"ycu9i350um3budj","previousOperationId":"091nl7gz2j5qfwz"}
{"type":"log","timestamp":1701863112205,"level":"debug","message":"Converting with chrome HeadlessChrome/117.0.5938.149 using chrome-pool strategy","meta":{"rootId":"deiwin1o59tdihf","id":"deiwin1o59tdihf"},"id":"si0o0q9amlapur2","previousOperationId":"091nl7gz2j5qfwz"}
{"type":"log","timestamp":1701863112260,"level":"debug","message":"Page request: GET (document) file:///var/folders/dp/qk79pfcj0y1fmtkkl08m76rc0000gn/T/jsreport/autocleanup/b77255f1-c4ef-485b-8554-42b6f0419e18-chrome-pdf.html","meta":{"rootId":"deiwin1o59tdihf","id":"deiwin1o59tdihf"},"id":"zdcz19iz0lxdnf5","previousOperationId":"091nl7gz2j5qfwz"}
{"type":"log","timestamp":1701863112267,"level":"debug","message":"Page request finished: GET (document) 200 file:///var/folders/dp/qk79pfcj0y1fmtkkl08m76rc0000gn/T/jsreport/autocleanup/b77255f1-c4ef-485b-8554-42b6f0419e18-chrome-pdf.html","meta":{"rootId":"deiwin1o59tdihf","id":"deiwin1o59tdihf"},"id":"9ivr5vp3k90ejmm","previousOperationId":"091nl7gz2j5qfwz"}
{"type":"log","timestamp":1701863112273,"level":"debug","message":"Running chrome with params {\"printBackground\":true,\"width\":\"58mm\",\"height\":\"45cm\",\"timeout\":59954,\"margin\":{}}","meta":{"rootId":"deiwin1o59tdihf","id":"deiwin1o59tdihf"},"id":"pjm4eje81je1doh","previousOperationId":"091nl7gz2j5qfwz"}
{"type":"operationEnd","operationId":"091nl7gz2j5qfwz","timestamp":1701863112293,"id":"rojlmjj732dw92j","previousEventId":"fsxl96xhhn5x63y","previousOperationId":"091nl7gz2j5qfwz"}
{"type":"log","timestamp":1701863112293,"level":"debug","message":"Skipping storing report.","meta":{"rootId":"deiwin1o59tdihf","id":"deiwin1o59tdihf"},"id":"eez3x89gsymgofj","previousOperationId":"091nl7gz2j5qfwz"}
{"type":"log","timestamp":1701863112293,"level":"info","message":"Rendering request 126 finished in 135 ms","meta":{"rootId":"deiwin1o59tdihf","id":"deiwin1o59tdihf"},"id":"rqrr4f8eqmwb1g1","previousOperationId":"091nl7gz2j5qfwz"}
{"type":"operationEnd","subtype":"render","operationId":"3t5ew05qyy8v3ja","timestamp":1701863112293,"id":"h1n270dcad8tchi","previousEventId":"rojlmjj732dw92j","previousOperationId":"091nl7gz2j5qfwz"}
{"type":"operationEnd","doDiffs":false,"previousEventId":"t6znx1u2gek5mvj","previousOperationId":"84hz7t4cfsvrnzl","operationId":"84hz7t4cfsvrnzl","timestamp":1701863112294,"id":"r1252evuyfy4gqo"}
