{"type":"operationStart","subtype":"profile","data":{"_id":"DebvYAuvy2RIvdca","timestamp":"2023-12-05T08:22:04.875Z","state":"queued","mode":"standard","creationDate":"2023-12-05T08:22:04.876Z","modificationDate":"2023-12-05T08:22:04.876Z","shortid":"3J3Z2LK","$entitySet":"profiles"},"doDiffs":false,"timestamp":1701764524876,"id":"ahlygglsk75i23g","previousOperationId":null,"operationId":"1e1z040z630kct2"}
{"type":"log","level":"info","message":"Render request 5 queued for execution and waiting for available worker","previousOperationId":"1e1z040z630kct2","timestamp":1701764524876,"id":"kkd1z9d424xd2cr"}
{"type":"operationStart","subtype":"render","name":"pp_index","previousOperationId":"1e1z040z630kct2","timestamp":1701764524879,"id":"2311n2stmgf9qx4","previousEventId":"ahlygglsk75i23g","operationId":"lkdidca09kkcxpc"}
{"type":"log","timestamp":1701764524880,"level":"info","message":"Starting rendering request 5","meta":{"rootId":"dsxw1f27ic7p61r","id":"dsxw1f27ic7p61r"},"id":"3ughq1lqcmrzaua","previousOperationId":"lkdidca09kkcxpc"}
{"type":"log","timestamp":1701764524880,"level":"info","message":"Rendering template { name: pp_index, recipe: chrome-pdf, engine: handlebars, preview: true }","meta":{"rootId":"dsxw1f27ic7p61r","id":"dsxw1f27ic7p61r"},"id":"8ql8eqrv2izkpfu","previousOperationId":"lkdidca09kkcxpc"}
{"type":"log","timestamp":1701764524880,"level":"debug","message":"Adding sample data PH9LTzd4s","meta":{"rootId":"dsxw1f27ic7p61r","id":"dsxw1f27ic7p61r"},"id":"d8y1thnl9twp3px","previousOperationId":"lkdidca09kkcxpc"}
{"type":"log","timestamp":1701764524881,"level":"debug","message":"Base url not specified, skipping its injection.","meta":{"rootId":"dsxw1f27ic7p61r","id":"dsxw1f27ic7p61r"},"id":"boz0l0cbh57pr0h","previousOperationId":"lkdidca09kkcxpc"}
{"type":"log","timestamp":1701764524881,"level":"debug","message":"Replaced assets [\"styles.css\"]","meta":{"rootId":"dsxw1f27ic7p61r","id":"dsxw1f27ic7p61r"},"id":"esiasf5mzqj5xwv","previousOperationId":"lkdidca09kkcxpc"}
{"type":"operationStart","subtype":"engine","name":"handlebars","timestamp":1701764524881,"id":"nacb2w77ol47ddv","previousEventId":"2311n2stmgf9qx4","operationId":"btmujniu8sdoppe","previousOperationId":"lkdidca09kkcxpc"}
{"type":"log","timestamp":1701764524881,"level":"debug","message":"Rendering engine handlebars","meta":{"rootId":"dsxw1f27ic7p61r","id":"dsxw1f27ic7p61r"},"id":"8qr7knj7cbrzpg0","previousOperationId":"btmujniu8sdoppe"}
{"type":"operationEnd","operationId":"btmujniu8sdoppe","timestamp":1701764524897,"id":"8wb625b5nqsfu9p","previousEventId":"nacb2w77ol47ddv","previousOperationId":"btmujniu8sdoppe"}
{"type":"operationStart","subtype":"recipe","name":"chrome-pdf","timestamp":1701764524897,"id":"a7m4qqectky9j6y","previousEventId":"8wb625b5nqsfu9p","operationId":"cocxh5q6ktgf4mi","previousOperationId":"btmujniu8sdoppe"}
{"type":"log","timestamp":1701764524897,"level":"debug","message":"Executing recipe chrome-pdf","meta":{"rootId":"dsxw1f27ic7p61r","id":"dsxw1f27ic7p61r"},"id":"5hp76dxz9rm0t6e","previousOperationId":"cocxh5q6ktgf4mi"}
{"type":"log","timestamp":1701764524898,"level":"debug","message":"Converting with chrome HeadlessChrome/117.0.5938.149 using chrome-pool strategy","meta":{"rootId":"dsxw1f27ic7p61r","id":"dsxw1f27ic7p61r"},"id":"lnf461ad07v0jkc","previousOperationId":"cocxh5q6ktgf4mi"}
{"type":"log","timestamp":1701764524941,"level":"debug","message":"Page request: GET (document) file:///var/folders/dp/qk79pfcj0y1fmtkkl08m76rc0000gn/T/jsreport/autocleanup/e81b05bd-235a-49e0-97f3-acad37ba6d35-chrome-pdf.html","meta":{"rootId":"dsxw1f27ic7p61r","id":"dsxw1f27ic7p61r"},"id":"3sft0vyaan4cru9","previousOperationId":"cocxh5q6ktgf4mi"}
{"type":"log","timestamp":1701764524945,"level":"debug","message":"Page request finished: GET (document) 200 file:///var/folders/dp/qk79pfcj0y1fmtkkl08m76rc0000gn/T/jsreport/autocleanup/e81b05bd-235a-49e0-97f3-acad37ba6d35-chrome-pdf.html","meta":{"rootId":"dsxw1f27ic7p61r","id":"dsxw1f27ic7p61r"},"id":"5owtjpb6u0k6m81","previousOperationId":"cocxh5q6ktgf4mi"}
{"type":"log","timestamp":1701764524957,"level":"debug","message":"Running chrome with params {\"printBackground\":true,\"width\":\"5.8cm\",\"height\":\"21cm\",\"timeout\":59977,\"margin\":{}}","meta":{"rootId":"dsxw1f27ic7p61r","id":"dsxw1f27ic7p61r"},"id":"hxt9tstco4im448","previousOperationId":"cocxh5q6ktgf4mi"}
{"type":"operationEnd","operationId":"cocxh5q6ktgf4mi","timestamp":1701764524981,"id":"18lpfc4y60ukahb","previousEventId":"a7m4qqectky9j6y","previousOperationId":"cocxh5q6ktgf4mi"}
{"type":"log","timestamp":1701764524981,"level":"debug","message":"Skipping storing report.","meta":{"rootId":"dsxw1f27ic7p61r","id":"dsxw1f27ic7p61r"},"id":"sng0ruzc4agpep4","previousOperationId":"cocxh5q6ktgf4mi"}
{"type":"log","timestamp":1701764524981,"level":"info","message":"Rendering request 5 finished in 106 ms","meta":{"rootId":"dsxw1f27ic7p61r","id":"dsxw1f27ic7p61r"},"id":"nare611oz88d8cn","previousOperationId":"cocxh5q6ktgf4mi"}
{"type":"operationEnd","subtype":"render","operationId":"lkdidca09kkcxpc","timestamp":1701764524981,"id":"4g68aig3xub9c70","previousEventId":"18lpfc4y60ukahb","previousOperationId":"cocxh5q6ktgf4mi"}
{"type":"operationEnd","doDiffs":false,"previousEventId":"ahlygglsk75i23g","previousOperationId":"1e1z040z630kct2","operationId":"1e1z040z630kct2","timestamp":1701764524982,"id":"85l8md1le2pxn37"}
