{"type":"operationStart","subtype":"profile","data":{"_id":"8Jp1rS8pXJIf3xRp","timestamp":"2023-12-04T10:54:43.708Z","state":"queued","mode":"standard","creationDate":"2023-12-04T10:54:43.710Z","modificationDate":"2023-12-04T10:54:43.710Z","shortid":"XLYkNfx","$entitySet":"profiles"},"doDiffs":false,"timestamp":1701687283710,"id":"f2ywmyrjtxne4lu","previousOperationId":null,"operationId":"dktnwzlu0w0rvve"}
{"type":"log","level":"info","message":"Render request 97 queued for execution and waiting for available worker","previousOperationId":"dktnwzlu0w0rvve","timestamp":1701687283710,"id":"xrjcjp7gayyoisw"}
{"type":"operationStart","subtype":"render","name":"pp_index","previousOperationId":"dktnwzlu0w0rvve","timestamp":1701687283716,"id":"xryb0vr4vdhxsf0","previousEventId":"f2ywmyrjtxne4lu","operationId":"ncniwchbo5bzi69"}
{"type":"log","timestamp":1701687283716,"level":"info","message":"Starting rendering request 97","meta":{"rootId":"e1ijolkchqkzt0c","id":"e1ijolkchqkzt0c"},"id":"r1d3njiskvdvzdg","previousOperationId":"ncniwchbo5bzi69"}
{"type":"log","timestamp":1701687283717,"level":"info","message":"Rendering template { name: pp_index, recipe: chrome-pdf, engine: handlebars, preview: true }","meta":{"rootId":"e1ijolkchqkzt0c","id":"e1ijolkchqkzt0c"},"id":"rojsc9167v5q5u4","previousOperationId":"ncniwchbo5bzi69"}
{"type":"log","timestamp":1701687283718,"level":"debug","message":"Inline data specified.","meta":{"rootId":"e1ijolkchqkzt0c","id":"e1ijolkchqkzt0c"},"id":"veik1tg2xjhe6ed","previousOperationId":"ncniwchbo5bzi69"}
{"type":"log","timestamp":1701687283720,"level":"debug","message":"Base url not specified, skipping its injection.","meta":{"rootId":"e1ijolkchqkzt0c","id":"e1ijolkchqkzt0c"},"id":"u7csxewjd9kgb5r","previousOperationId":"ncniwchbo5bzi69"}
{"type":"operationStart","subtype":"engine","name":"handlebars","timestamp":1701687283720,"id":"zolzbalpisantnb","previousEventId":"xryb0vr4vdhxsf0","operationId":"pbp6bbpwa85lxh2","previousOperationId":"ncniwchbo5bzi69"}
{"type":"log","timestamp":1701687283720,"level":"debug","message":"Rendering engine handlebars","meta":{"rootId":"e1ijolkchqkzt0c","id":"e1ijolkchqkzt0c"},"id":"5rbjmpevap174cz","previousOperationId":"pbp6bbpwa85lxh2"}
{"type":"operationEnd","operationId":"pbp6bbpwa85lxh2","timestamp":1701687283731,"id":"fdza5r023p3j1r5","previousEventId":"zolzbalpisantnb","previousOperationId":"pbp6bbpwa85lxh2"}
{"type":"operationStart","subtype":"recipe","name":"chrome-pdf","timestamp":1701687283731,"id":"sgo2afwzlvjnavo","previousEventId":"fdza5r023p3j1r5","operationId":"p0cgoi6yxu1alyl","previousOperationId":"pbp6bbpwa85lxh2"}
{"type":"log","timestamp":1701687283731,"level":"debug","message":"Executing recipe chrome-pdf","meta":{"rootId":"e1ijolkchqkzt0c","id":"e1ijolkchqkzt0c"},"id":"m6aikcuh0zak7ik","previousOperationId":"p0cgoi6yxu1alyl"}
{"type":"log","timestamp":1701687283732,"level":"debug","message":"Converting with chrome HeadlessChrome/117.0.5938.149 using chrome-pool strategy","meta":{"rootId":"e1ijolkchqkzt0c","id":"e1ijolkchqkzt0c"},"id":"n6u9dgkmvaf946e","previousOperationId":"p0cgoi6yxu1alyl"}
{"type":"log","timestamp":1701687283781,"level":"debug","message":"Page request: GET (document) file:///var/folders/dp/qk79pfcj0y1fmtkkl08m76rc0000gn/T/jsreport/autocleanup/7a44c31a-db77-4439-89a9-bfacd27c5056-chrome-pdf.html","meta":{"rootId":"e1ijolkchqkzt0c","id":"e1ijolkchqkzt0c"},"id":"galh1q5axrmdm6d","previousOperationId":"p0cgoi6yxu1alyl"}
{"type":"log","timestamp":1701687283786,"level":"debug","message":"Page request finished: GET (document) 200 file:///var/folders/dp/qk79pfcj0y1fmtkkl08m76rc0000gn/T/jsreport/autocleanup/7a44c31a-db77-4439-89a9-bfacd27c5056-chrome-pdf.html","meta":{"rootId":"e1ijolkchqkzt0c","id":"e1ijolkchqkzt0c"},"id":"30jj9v41b0l3ml9","previousOperationId":"p0cgoi6yxu1alyl"}
{"type":"log","timestamp":1701687283797,"level":"debug","message":"Running chrome with params {\"printBackground\":true,\"width\":\"5.8cm\",\"height\":\"30cm\",\"timeout\":59976,\"margin\":{}}","meta":{"rootId":"e1ijolkchqkzt0c","id":"e1ijolkchqkzt0c"},"id":"f6auzvgpcez24l7","previousOperationId":"p0cgoi6yxu1alyl"}
{"type":"operationEnd","operationId":"p0cgoi6yxu1alyl","timestamp":1701687283820,"id":"grzhrbi0ykqbhw3","previousEventId":"sgo2afwzlvjnavo","previousOperationId":"p0cgoi6yxu1alyl"}
{"type":"log","timestamp":1701687283820,"level":"debug","message":"Skipping storing report.","meta":{"rootId":"e1ijolkchqkzt0c","id":"e1ijolkchqkzt0c"},"id":"f3100k4jr2fiwvu","previousOperationId":"p0cgoi6yxu1alyl"}
{"type":"log","timestamp":1701687283820,"level":"info","message":"Rendering request 97 finished in 112 ms","meta":{"rootId":"e1ijolkchqkzt0c","id":"e1ijolkchqkzt0c"},"id":"yqy3tlgj1097p5j","previousOperationId":"p0cgoi6yxu1alyl"}
{"type":"operationEnd","subtype":"render","operationId":"ncniwchbo5bzi69","timestamp":1701687283820,"id":"ffyu9y5wi0fiq3x","previousEventId":"grzhrbi0ykqbhw3","previousOperationId":"p0cgoi6yxu1alyl"}
{"type":"operationEnd","doDiffs":false,"previousEventId":"f2ywmyrjtxne4lu","previousOperationId":"dktnwzlu0w0rvve","operationId":"dktnwzlu0w0rvve","timestamp":1701687283821,"id":"344gzymaizh3hei"}
