{"type":"operationStart","subtype":"profile","data":{"_id":"ikHOqC2HHA3b7kYf","timestamp":"2023-12-04T09:27:55.874Z","state":"queued","mode":"standard","creationDate":"2023-12-04T09:27:55.875Z","modificationDate":"2023-12-04T09:27:55.875Z","shortid":"GI8SseI","$entitySet":"profiles"},"doDiffs":false,"timestamp":1701682075875,"id":"gm17g3giciyu0vw","previousOperationId":null,"operationId":"k54asy4exq150nb"}
{"type":"log","level":"info","message":"Render request 54 queued for execution and waiting for available worker","previousOperationId":"k54asy4exq150nb","timestamp":1701682075875,"id":"36a6wv6utwwxmxr"}
{"type":"operationStart","subtype":"render","name":"pp_index","previousOperationId":"k54asy4exq150nb","timestamp":1701682075879,"id":"y23pst8f8g7o5xv","previousEventId":"gm17g3giciyu0vw","operationId":"z9c1a1uwrj0a0ur"}
{"type":"log","timestamp":1701682075879,"level":"info","message":"Starting rendering request 54","meta":{"rootId":"e679rgpylik6oxk","id":"e679rgpylik6oxk"},"id":"va0ogqy8bjuu0oh","previousOperationId":"z9c1a1uwrj0a0ur"}
{"type":"log","timestamp":1701682075879,"level":"info","message":"Rendering template { name: pp_index, recipe: chrome-pdf, engine: handlebars, preview: true }","meta":{"rootId":"e679rgpylik6oxk","id":"e679rgpylik6oxk"},"id":"f68p9weru0vh0xp","previousOperationId":"z9c1a1uwrj0a0ur"}
{"type":"log","timestamp":1701682075879,"level":"debug","message":"Inline data specified.","meta":{"rootId":"e679rgpylik6oxk","id":"e679rgpylik6oxk"},"id":"67q7hqfm4xqow2b","previousOperationId":"z9c1a1uwrj0a0ur"}
{"type":"log","timestamp":1701682075880,"level":"debug","message":"Base url not specified, skipping its injection.","meta":{"rootId":"e679rgpylik6oxk","id":"e679rgpylik6oxk"},"id":"2g9ahe4fapkahqt","previousOperationId":"z9c1a1uwrj0a0ur"}
{"type":"operationStart","subtype":"engine","name":"handlebars","timestamp":1701682075880,"id":"nds25es3dcxq0a3","previousEventId":"y23pst8f8g7o5xv","operationId":"7e6jbwtoztufa6a","previousOperationId":"z9c1a1uwrj0a0ur"}
{"type":"log","timestamp":1701682075880,"level":"debug","message":"Rendering engine handlebars","meta":{"rootId":"e679rgpylik6oxk","id":"e679rgpylik6oxk"},"id":"h2hzw2zgcsunfm2","previousOperationId":"7e6jbwtoztufa6a"}
{"type":"operationEnd","operationId":"7e6jbwtoztufa6a","timestamp":1701682075886,"id":"lcwkyvknphwdkbc","previousEventId":"nds25es3dcxq0a3","previousOperationId":"7e6jbwtoztufa6a"}
{"type":"operationStart","subtype":"recipe","name":"chrome-pdf","timestamp":1701682075886,"id":"3hk6s8gse0b838y","previousEventId":"lcwkyvknphwdkbc","operationId":"0cyumyw07tsl060","previousOperationId":"7e6jbwtoztufa6a"}
{"type":"log","timestamp":1701682075886,"level":"debug","message":"Executing recipe chrome-pdf","meta":{"rootId":"e679rgpylik6oxk","id":"e679rgpylik6oxk"},"id":"tj1kk7mubcdpd4x","previousOperationId":"0cyumyw07tsl060"}
{"type":"log","timestamp":1701682075887,"level":"debug","message":"Converting with chrome HeadlessChrome/117.0.5938.149 using chrome-pool strategy","meta":{"rootId":"e679rgpylik6oxk","id":"e679rgpylik6oxk"},"id":"f8lvgzmp790m4hv","previousOperationId":"0cyumyw07tsl060"}
{"type":"log","timestamp":1701682075932,"level":"debug","message":"Page request: GET (document) file:///var/folders/dp/qk79pfcj0y1fmtkkl08m76rc0000gn/T/jsreport/autocleanup/c4dfc5ac-da51-4492-953d-20dccc171025-chrome-pdf.html","meta":{"rootId":"e679rgpylik6oxk","id":"e679rgpylik6oxk"},"id":"r4l3982vbvjm0vy","previousOperationId":"0cyumyw07tsl060"}
{"type":"log","timestamp":1701682075937,"level":"debug","message":"Page request finished: GET (document) 200 file:///var/folders/dp/qk79pfcj0y1fmtkkl08m76rc0000gn/T/jsreport/autocleanup/c4dfc5ac-da51-4492-953d-20dccc171025-chrome-pdf.html","meta":{"rootId":"e679rgpylik6oxk","id":"e679rgpylik6oxk"},"id":"zuo7mf91rnqr3bw","previousOperationId":"0cyumyw07tsl060"}
{"type":"log","timestamp":1701682075946,"level":"debug","message":"Running chrome with params {\"printBackground\":true,\"timeout\":59987,\"margin\":{}}","meta":{"rootId":"e679rgpylik6oxk","id":"e679rgpylik6oxk"},"id":"j10k71ogisoxq8l","previousOperationId":"0cyumyw07tsl060"}
{"type":"operationEnd","operationId":"0cyumyw07tsl060","timestamp":1701682075965,"id":"85j0g7rpewpi3ii","previousEventId":"3hk6s8gse0b838y","previousOperationId":"0cyumyw07tsl060"}
{"type":"log","timestamp":1701682075965,"level":"debug","message":"Skipping storing report.","meta":{"rootId":"e679rgpylik6oxk","id":"e679rgpylik6oxk"},"id":"t9a3m4kgwuxkohg","previousOperationId":"0cyumyw07tsl060"}
{"type":"log","timestamp":1701682075965,"level":"info","message":"Rendering request 54 finished in 91 ms","meta":{"rootId":"e679rgpylik6oxk","id":"e679rgpylik6oxk"},"id":"wxk6k9lpxmysr08","previousOperationId":"0cyumyw07tsl060"}
{"type":"operationEnd","subtype":"render","operationId":"z9c1a1uwrj0a0ur","timestamp":1701682075965,"id":"dwkkv1bjgrfuojo","previousEventId":"85j0g7rpewpi3ii","previousOperationId":"0cyumyw07tsl060"}
{"type":"operationEnd","doDiffs":false,"previousEventId":"gm17g3giciyu0vw","previousOperationId":"k54asy4exq150nb","operationId":"k54asy4exq150nb","timestamp":1701682075967,"id":"ovn0qgd0y1mhril"}
