{"type":"operationStart","subtype":"profile","data":{"_id":"QI06xKycc55ygOXn","timestamp":"2023-12-06T10:27:23.186Z","state":"queued","mode":"standard","creationDate":"2023-12-06T10:27:23.189Z","modificationDate":"2023-12-06T10:27:23.189Z","shortid":"NIwQkv6","$entitySet":"profiles"},"doDiffs":false,"timestamp":1701858443187,"id":"9jodnfclgdfm3rc","previousOperationId":null,"operationId":"pv12xeylmn05o5j"}
{"type":"log","level":"info","message":"Render request 87 queued for execution and waiting for available worker","previousOperationId":"pv12xeylmn05o5j","timestamp":1701858443187,"id":"ucqdnjkln4fpjh6"}
{"type":"operationStart","subtype":"render","name":"pp_index","previousOperationId":"pv12xeylmn05o5j","timestamp":1701858443202,"id":"3ch72b1l0dcznrl","previousEventId":"9jodnfclgdfm3rc","operationId":"0ojtpgwphgf392p"}
{"type":"log","timestamp":1701858443202,"level":"info","message":"Starting rendering request 87","meta":{"rootId":"ehtxt8kh7cyv51l","id":"ehtxt8kh7cyv51l"},"id":"u9p0hfmelqe905i","previousOperationId":"0ojtpgwphgf392p"}
{"type":"log","timestamp":1701858443203,"level":"info","message":"Rendering template { name: pp_index, recipe: chrome-pdf, engine: handlebars, preview: true }","meta":{"rootId":"ehtxt8kh7cyv51l","id":"ehtxt8kh7cyv51l"},"id":"wbreyg7vxkoswec","previousOperationId":"0ojtpgwphgf392p"}
{"type":"log","timestamp":1701858443204,"level":"debug","message":"Adding sample data PH9LTzd4s","meta":{"rootId":"ehtxt8kh7cyv51l","id":"ehtxt8kh7cyv51l"},"id":"rmt2z4tsf2dkoeu","previousOperationId":"0ojtpgwphgf392p"}
{"type":"log","timestamp":1701858443205,"level":"debug","message":"Base url not specified, skipping its injection.","meta":{"rootId":"ehtxt8kh7cyv51l","id":"ehtxt8kh7cyv51l"},"id":"52tbvmxlq5jnpaw","previousOperationId":"0ojtpgwphgf392p"}
{"type":"log","timestamp":1701858443207,"level":"debug","message":"Replaced assets [\"styles.css\"]","meta":{"rootId":"ehtxt8kh7cyv51l","id":"ehtxt8kh7cyv51l"},"id":"5dpdej11o0usy13","previousOperationId":"0ojtpgwphgf392p"}
{"type":"operationStart","subtype":"engine","name":"handlebars","timestamp":1701858443207,"id":"4k4nz9zzwm3ezgm","previousEventId":"3ch72b1l0dcznrl","operationId":"5bh45jafmjp1shh","previousOperationId":"0ojtpgwphgf392p"}
{"type":"log","timestamp":1701858443207,"level":"debug","message":"Rendering engine handlebars","meta":{"rootId":"ehtxt8kh7cyv51l","id":"ehtxt8kh7cyv51l"},"id":"he2fgesr4lggf0c","previousOperationId":"5bh45jafmjp1shh"}
{"type":"operationEnd","operationId":"5bh45jafmjp1shh","timestamp":1701858443225,"id":"c8m6lno8l1f5an7","previousEventId":"4k4nz9zzwm3ezgm","previousOperationId":"5bh45jafmjp1shh"}
{"type":"operationStart","subtype":"recipe","name":"chrome-pdf","timestamp":1701858443225,"id":"g5bqldxo6817ylv","previousEventId":"c8m6lno8l1f5an7","operationId":"f73vosi6t4dr8tj","previousOperationId":"5bh45jafmjp1shh"}
{"type":"log","timestamp":1701858443225,"level":"debug","message":"Executing recipe chrome-pdf","meta":{"rootId":"ehtxt8kh7cyv51l","id":"ehtxt8kh7cyv51l"},"id":"ds9ut78vvxsmvms","previousOperationId":"f73vosi6t4dr8tj"}
{"type":"log","timestamp":1701858443226,"level":"debug","message":"Converting with chrome HeadlessChrome/117.0.5938.149 using chrome-pool strategy","meta":{"rootId":"ehtxt8kh7cyv51l","id":"ehtxt8kh7cyv51l"},"id":"pr7bebnwpbfmxrs","previousOperationId":"f73vosi6t4dr8tj"}
{"type":"log","timestamp":1701858443276,"level":"debug","message":"Page request: GET (document) file:///var/folders/dp/qk79pfcj0y1fmtkkl08m76rc0000gn/T/jsreport/autocleanup/b9511ce6-9b63-440b-82fd-2dac29549a1e-chrome-pdf.html","meta":{"rootId":"ehtxt8kh7cyv51l","id":"ehtxt8kh7cyv51l"},"id":"pc0313bz42zow7f","previousOperationId":"f73vosi6t4dr8tj"}
{"type":"log","timestamp":1701858443281,"level":"debug","message":"Page request finished: GET (document) 200 file:///var/folders/dp/qk79pfcj0y1fmtkkl08m76rc0000gn/T/jsreport/autocleanup/b9511ce6-9b63-440b-82fd-2dac29549a1e-chrome-pdf.html","meta":{"rootId":"ehtxt8kh7cyv51l","id":"ehtxt8kh7cyv51l"},"id":"27iy0x6m7g5jm6y","previousOperationId":"f73vosi6t4dr8tj"}
{"type":"log","timestamp":1701858443290,"level":"debug","message":"Running chrome with params {\"printBackground\":true,\"width\":\"58mm\",\"height\":\"21cm\",\"timeout\":59960,\"margin\":{}}","meta":{"rootId":"ehtxt8kh7cyv51l","id":"ehtxt8kh7cyv51l"},"id":"l90phv2pvwxjp4b","previousOperationId":"f73vosi6t4dr8tj"}
{"type":"operationEnd","operationId":"f73vosi6t4dr8tj","timestamp":1701858443309,"id":"6wjqh12wxv9sbjd","previousEventId":"g5bqldxo6817ylv","previousOperationId":"f73vosi6t4dr8tj"}
{"type":"log","timestamp":1701858443310,"level":"debug","message":"Skipping storing report.","meta":{"rootId":"ehtxt8kh7cyv51l","id":"ehtxt8kh7cyv51l"},"id":"3f127u8z66vmh70","previousOperationId":"f73vosi6t4dr8tj"}
{"type":"log","timestamp":1701858443310,"level":"info","message":"Rendering request 87 finished in 124 ms","meta":{"rootId":"ehtxt8kh7cyv51l","id":"ehtxt8kh7cyv51l"},"id":"zpqxtrf5728ghcr","previousOperationId":"f73vosi6t4dr8tj"}
{"type":"operationEnd","subtype":"render","operationId":"0ojtpgwphgf392p","timestamp":1701858443310,"id":"rg6vj74f49es4h3","previousEventId":"6wjqh12wxv9sbjd","previousOperationId":"f73vosi6t4dr8tj"}
{"type":"operationEnd","doDiffs":false,"previousEventId":"9jodnfclgdfm3rc","previousOperationId":"pv12xeylmn05o5j","operationId":"pv12xeylmn05o5j","timestamp":1701858443312,"id":"y28lv7fotni2qpc"}
