{"type":"operationStart","subtype":"profile","data":{"_id":"jH2nBOcsbnG31a8K","timestamp":"2023-12-04T10:39:58.157Z","state":"queued","mode":"standard","creationDate":"2023-12-04T10:39:58.158Z","modificationDate":"2023-12-04T10:39:58.158Z","shortid":"fJRoJfW","$entitySet":"profiles"},"doDiffs":false,"timestamp":1701686398158,"id":"uhvdnsic2cteran","previousOperationId":null,"operationId":"kobkuu2hg7007to"}
{"type":"log","level":"info","message":"Render request 85 queued for execution and waiting for available worker","previousOperationId":"kobkuu2hg7007to","timestamp":1701686398158,"id":"lxfcqrdufejyq6x"}
{"type":"operationStart","subtype":"render","name":"pp_index","previousOperationId":"kobkuu2hg7007to","timestamp":1701686398169,"id":"5ybx1461lf8fuh7","previousEventId":"uhvdnsic2cteran","operationId":"b2fqtmrcrjwcbq1"}
{"type":"log","timestamp":1701686398169,"level":"info","message":"Starting rendering request 85","meta":{"rootId":"eimu7cippi8haha","id":"eimu7cippi8haha"},"id":"kj8pejq5qxekfz0","previousOperationId":"b2fqtmrcrjwcbq1"}
{"type":"log","timestamp":1701686398169,"level":"info","message":"Rendering template { name: pp_index, recipe: chrome-pdf, engine: handlebars, preview: true }","meta":{"rootId":"eimu7cippi8haha","id":"eimu7cippi8haha"},"id":"qah5inxibjxf1na","previousOperationId":"b2fqtmrcrjwcbq1"}
{"type":"log","timestamp":1701686398169,"level":"debug","message":"Inline data specified.","meta":{"rootId":"eimu7cippi8haha","id":"eimu7cippi8haha"},"id":"ld8yj1diaguxoql","previousOperationId":"b2fqtmrcrjwcbq1"}
{"type":"log","timestamp":1701686398174,"level":"debug","message":"Base url not specified, skipping its injection.","meta":{"rootId":"eimu7cippi8haha","id":"eimu7cippi8haha"},"id":"rzsvhvn9fkznuxf","previousOperationId":"b2fqtmrcrjwcbq1"}
{"type":"operationStart","subtype":"engine","name":"handlebars","timestamp":1701686398174,"id":"z8nbl8j3uo01jxo","previousEventId":"5ybx1461lf8fuh7","operationId":"w23n1m8p1ndt5mm","previousOperationId":"b2fqtmrcrjwcbq1"}
{"type":"log","timestamp":1701686398174,"level":"debug","message":"Rendering engine handlebars","meta":{"rootId":"eimu7cippi8haha","id":"eimu7cippi8haha"},"id":"utnxw2vgxm1mefh","previousOperationId":"w23n1m8p1ndt5mm"}
{"type":"operationEnd","operationId":"w23n1m8p1ndt5mm","timestamp":1701686398185,"id":"tm3oglih6ej9r49","previousEventId":"z8nbl8j3uo01jxo","previousOperationId":"w23n1m8p1ndt5mm"}
{"type":"operationStart","subtype":"recipe","name":"chrome-pdf","timestamp":1701686398185,"id":"k43nsz8r2ac679z","previousEventId":"tm3oglih6ej9r49","operationId":"ikgaiox3nypw19h","previousOperationId":"w23n1m8p1ndt5mm"}
{"type":"log","timestamp":1701686398185,"level":"debug","message":"Executing recipe chrome-pdf","meta":{"rootId":"eimu7cippi8haha","id":"eimu7cippi8haha"},"id":"sxx6ae5xt5lauh3","previousOperationId":"ikgaiox3nypw19h"}
{"type":"log","timestamp":1701686398187,"level":"debug","message":"Converting with chrome HeadlessChrome/117.0.5938.149 using chrome-pool strategy","meta":{"rootId":"eimu7cippi8haha","id":"eimu7cippi8haha"},"id":"s31hqm56h0e93i0","previousOperationId":"ikgaiox3nypw19h"}
{"type":"log","timestamp":1701686398234,"level":"debug","message":"Page request: GET (document) file:///var/folders/dp/qk79pfcj0y1fmtkkl08m76rc0000gn/T/jsreport/autocleanup/c6bb58e2-1574-414a-a72b-b33993b23395-chrome-pdf.html","meta":{"rootId":"eimu7cippi8haha","id":"eimu7cippi8haha"},"id":"g56wly6xd1jnb0n","previousOperationId":"ikgaiox3nypw19h"}
{"type":"log","timestamp":1701686398239,"level":"debug","message":"Page request finished: GET (document) 200 file:///var/folders/dp/qk79pfcj0y1fmtkkl08m76rc0000gn/T/jsreport/autocleanup/c6bb58e2-1574-414a-a72b-b33993b23395-chrome-pdf.html","meta":{"rootId":"eimu7cippi8haha","id":"eimu7cippi8haha"},"id":"eqzg66qlqe1sksa","previousOperationId":"ikgaiox3nypw19h"}
{"type":"log","timestamp":1701686398252,"level":"debug","message":"Running chrome with params {\"printBackground\":true,\"width\":\"5.8cm\",\"timeout\":59971,\"margin\":{}}","meta":{"rootId":"eimu7cippi8haha","id":"eimu7cippi8haha"},"id":"agevgv0ap64znad","previousOperationId":"ikgaiox3nypw19h"}
{"type":"operationEnd","operationId":"ikgaiox3nypw19h","timestamp":1701686398278,"id":"0r28niwjhl9j2c9","previousEventId":"k43nsz8r2ac679z","previousOperationId":"ikgaiox3nypw19h"}
{"type":"log","timestamp":1701686398278,"level":"debug","message":"Skipping storing report.","meta":{"rootId":"eimu7cippi8haha","id":"eimu7cippi8haha"},"id":"10onolb51je2lsi","previousOperationId":"ikgaiox3nypw19h"}
{"type":"log","timestamp":1701686398278,"level":"info","message":"Rendering request 85 finished in 121 ms","meta":{"rootId":"eimu7cippi8haha","id":"eimu7cippi8haha"},"id":"pbyokfwye9c389c","previousOperationId":"ikgaiox3nypw19h"}
{"type":"operationEnd","subtype":"render","operationId":"b2fqtmrcrjwcbq1","timestamp":1701686398278,"id":"trh9a7l0p880ev5","previousEventId":"0r28niwjhl9j2c9","previousOperationId":"ikgaiox3nypw19h"}
{"type":"operationEnd","doDiffs":false,"previousEventId":"uhvdnsic2cteran","previousOperationId":"kobkuu2hg7007to","operationId":"kobkuu2hg7007to","timestamp":1701686398279,"id":"lxavyn1u1vhqtui"}
