{"type":"operationStart","subtype":"profile","data":{"_id":"Hdq3ATrLQjWUMADU","timestamp":"2023-12-04T12:03:13.280Z","state":"queued","mode":"standard","creationDate":"2023-12-04T12:03:13.282Z","modificationDate":"2023-12-04T12:03:13.282Z","shortid":"5QV6tFU","$entitySet":"profiles"},"doDiffs":false,"timestamp":1701691393281,"id":"b5mbtndsunbg0kw","previousOperationId":null,"operationId":"3m1mmywj246n19d"}
{"type":"log","level":"info","message":"Render request 147 queued for execution and waiting for available worker","previousOperationId":"3m1mmywj246n19d","timestamp":1701691393281,"id":"1gtsusmif1cyd2q"}
{"type":"operationStart","subtype":"render","name":"pp_index","previousOperationId":"3m1mmywj246n19d","timestamp":1701691393297,"id":"2emb5ddxek0h1y4","previousEventId":"b5mbtndsunbg0kw","operationId":"axy3evcjwy8rr4q"}
{"type":"log","timestamp":1701691393297,"level":"info","message":"Starting rendering request 147","meta":{"rootId":"ezzmtb9aakvk1gl","id":"ezzmtb9aakvk1gl"},"id":"cd7l6aigav8ap1r","previousOperationId":"axy3evcjwy8rr4q"}
{"type":"log","timestamp":1701691393297,"level":"info","message":"Rendering template { name: pp_index, recipe: chrome-pdf, engine: handlebars, preview: true }","meta":{"rootId":"ezzmtb9aakvk1gl","id":"ezzmtb9aakvk1gl"},"id":"8zzqs92q04lnk8o","previousOperationId":"axy3evcjwy8rr4q"}
{"type":"log","timestamp":1701691393297,"level":"debug","message":"Inline data specified.","meta":{"rootId":"ezzmtb9aakvk1gl","id":"ezzmtb9aakvk1gl"},"id":"pylezmsg5jno8qg","previousOperationId":"axy3evcjwy8rr4q"}
{"type":"log","timestamp":1701691393298,"level":"debug","message":"Base url not specified, skipping its injection.","meta":{"rootId":"ezzmtb9aakvk1gl","id":"ezzmtb9aakvk1gl"},"id":"e3m8c9mo6ixgfhz","previousOperationId":"axy3evcjwy8rr4q"}
{"type":"operationStart","subtype":"engine","name":"handlebars","timestamp":1701691393298,"id":"q68qrg7wayk2v59","previousEventId":"2emb5ddxek0h1y4","operationId":"m96m65tuvudsnoj","previousOperationId":"axy3evcjwy8rr4q"}
{"type":"log","timestamp":1701691393298,"level":"debug","message":"Rendering engine handlebars","meta":{"rootId":"ezzmtb9aakvk1gl","id":"ezzmtb9aakvk1gl"},"id":"xhvvduj8bc94luy","previousOperationId":"m96m65tuvudsnoj"}
{"type":"operationEnd","operationId":"m96m65tuvudsnoj","timestamp":1701691393307,"id":"2fmpz68esqk6727","previousEventId":"q68qrg7wayk2v59","previousOperationId":"m96m65tuvudsnoj"}
{"type":"operationStart","subtype":"recipe","name":"chrome-pdf","timestamp":1701691393307,"id":"pfz110m14nqysf5","previousEventId":"2fmpz68esqk6727","operationId":"vgq825fdswfe1e3","previousOperationId":"m96m65tuvudsnoj"}
{"type":"log","timestamp":1701691393307,"level":"debug","message":"Executing recipe chrome-pdf","meta":{"rootId":"ezzmtb9aakvk1gl","id":"ezzmtb9aakvk1gl"},"id":"k859vpxphatrg0w","previousOperationId":"vgq825fdswfe1e3"}
{"type":"log","timestamp":1701691393309,"level":"debug","message":"Converting with chrome HeadlessChrome/117.0.5938.149 using chrome-pool strategy","meta":{"rootId":"ezzmtb9aakvk1gl","id":"ezzmtb9aakvk1gl"},"id":"4s5w6wnz0p2zxr3","previousOperationId":"vgq825fdswfe1e3"}
{"type":"log","timestamp":1701691393364,"level":"debug","message":"Page request: GET (document) file:///var/folders/dp/qk79pfcj0y1fmtkkl08m76rc0000gn/T/jsreport/autocleanup/657e67df-e111-4832-859c-eaa5d2e242f6-chrome-pdf.html","meta":{"rootId":"ezzmtb9aakvk1gl","id":"ezzmtb9aakvk1gl"},"id":"scvwuxp5ca72npj","previousOperationId":"vgq825fdswfe1e3"}
{"type":"log","timestamp":1701691393369,"level":"debug","message":"Page request finished: GET (document) 200 file:///var/folders/dp/qk79pfcj0y1fmtkkl08m76rc0000gn/T/jsreport/autocleanup/657e67df-e111-4832-859c-eaa5d2e242f6-chrome-pdf.html","meta":{"rootId":"ezzmtb9aakvk1gl","id":"ezzmtb9aakvk1gl"},"id":"2jzgzis1n13gtrz","previousOperationId":"vgq825fdswfe1e3"}
{"type":"log","timestamp":1701691393380,"level":"debug","message":"Running chrome with params {\"printBackground\":true,\"width\":\"5.8cm\",\"height\":\"35cm\",\"timeout\":59972,\"margin\":{}}","meta":{"rootId":"ezzmtb9aakvk1gl","id":"ezzmtb9aakvk1gl"},"id":"pdlx3sckc0hqims","previousOperationId":"vgq825fdswfe1e3"}
{"type":"operationEnd","operationId":"vgq825fdswfe1e3","timestamp":1701691393403,"id":"m4t6v68d54samu6","previousEventId":"pfz110m14nqysf5","previousOperationId":"vgq825fdswfe1e3"}
{"type":"log","timestamp":1701691393403,"level":"debug","message":"Skipping storing report.","meta":{"rootId":"ezzmtb9aakvk1gl","id":"ezzmtb9aakvk1gl"},"id":"lr7zncqbleprfhk","previousOperationId":"vgq825fdswfe1e3"}
{"type":"log","timestamp":1701691393403,"level":"info","message":"Rendering request 147 finished in 123 ms","meta":{"rootId":"ezzmtb9aakvk1gl","id":"ezzmtb9aakvk1gl"},"id":"d916do9alxtradu","previousOperationId":"vgq825fdswfe1e3"}
{"type":"operationEnd","subtype":"render","operationId":"axy3evcjwy8rr4q","timestamp":1701691393403,"id":"b70ltrm0ettqf6l","previousEventId":"m4t6v68d54samu6","previousOperationId":"vgq825fdswfe1e3"}
{"type":"operationEnd","doDiffs":false,"previousEventId":"b5mbtndsunbg0kw","previousOperationId":"3m1mmywj246n19d","operationId":"3m1mmywj246n19d","timestamp":1701691393405,"id":"ftiqpedg8ge9ak6"}
