{"type":"operationStart","subtype":"profile","data":{"_id":"3sINhlmACEC70rX0","timestamp":"2023-12-06T10:39:11.577Z","state":"queued","mode":"standard","creationDate":"2023-12-06T10:39:11.579Z","modificationDate":"2023-12-06T10:39:11.579Z","shortid":"qMoXh_E","$entitySet":"profiles"},"doDiffs":false,"timestamp":1701859151578,"id":"1wqy7zb1fzrhzxy","previousOperationId":null,"operationId":"2fjgd1poycadlrl"}
{"type":"log","level":"info","message":"Render request 98 queued for execution and waiting for available worker","previousOperationId":"2fjgd1poycadlrl","timestamp":1701859151579,"id":"iwyiwree6omoazu"}
{"type":"operationStart","subtype":"render","name":"pp_index","previousOperationId":"2fjgd1poycadlrl","timestamp":1701859151584,"id":"2ykukx14qb4ckw3","previousEventId":"1wqy7zb1fzrhzxy","operationId":"dcbarvyn6hli4n1"}
{"type":"log","timestamp":1701859151584,"level":"info","message":"Starting rendering request 98","meta":{"rootId":"f4ip5ew3fz4cjgd","id":"f4ip5ew3fz4cjgd"},"id":"ls584rmu5hlrhcd","previousOperationId":"dcbarvyn6hli4n1"}
{"type":"log","timestamp":1701859151585,"level":"info","message":"Rendering template { name: pp_index, recipe: chrome-pdf, engine: handlebars, preview: true }","meta":{"rootId":"f4ip5ew3fz4cjgd","id":"f4ip5ew3fz4cjgd"},"id":"ga31q2obe203a3x","previousOperationId":"dcbarvyn6hli4n1"}
{"type":"log","timestamp":1701859151588,"level":"debug","message":"Inline data specified.","meta":{"rootId":"f4ip5ew3fz4cjgd","id":"f4ip5ew3fz4cjgd"},"id":"g3b1v39c09w8wc8","previousOperationId":"dcbarvyn6hli4n1"}
{"type":"log","timestamp":1701859151590,"level":"debug","message":"Base url not specified, skipping its injection.","meta":{"rootId":"f4ip5ew3fz4cjgd","id":"f4ip5ew3fz4cjgd"},"id":"dp9tr34k9vq9rz5","previousOperationId":"dcbarvyn6hli4n1"}
{"type":"log","timestamp":1701859151591,"level":"debug","message":"Replaced assets [\"styles.css\"]","meta":{"rootId":"f4ip5ew3fz4cjgd","id":"f4ip5ew3fz4cjgd"},"id":"x5lcfj6al4t1ruj","previousOperationId":"dcbarvyn6hli4n1"}
{"type":"operationStart","subtype":"engine","name":"handlebars","timestamp":1701859151591,"id":"lhldp34sky2puyd","previousEventId":"2ykukx14qb4ckw3","operationId":"fixgetzqwpob26d","previousOperationId":"dcbarvyn6hli4n1"}
{"type":"log","timestamp":1701859151591,"level":"debug","message":"Rendering engine handlebars","meta":{"rootId":"f4ip5ew3fz4cjgd","id":"f4ip5ew3fz4cjgd"},"id":"yilbynkwb5e5rn8","previousOperationId":"fixgetzqwpob26d"}
{"type":"operationEnd","operationId":"fixgetzqwpob26d","timestamp":1701859151609,"id":"8rewggd94ayma3p","previousEventId":"lhldp34sky2puyd","previousOperationId":"fixgetzqwpob26d"}
{"type":"operationStart","subtype":"recipe","name":"chrome-pdf","timestamp":1701859151609,"id":"cp1j0ktrgpp0jp6","previousEventId":"8rewggd94ayma3p","operationId":"ka509vtba89jgjh","previousOperationId":"fixgetzqwpob26d"}
{"type":"log","timestamp":1701859151609,"level":"debug","message":"Executing recipe chrome-pdf","meta":{"rootId":"f4ip5ew3fz4cjgd","id":"f4ip5ew3fz4cjgd"},"id":"8pu7xh1q1yzbu4s","previousOperationId":"ka509vtba89jgjh"}
{"type":"log","timestamp":1701859151752,"level":"debug","message":"Converting with chrome HeadlessChrome/117.0.5938.149 using chrome-pool strategy","meta":{"rootId":"f4ip5ew3fz4cjgd","id":"f4ip5ew3fz4cjgd"},"id":"acl2rf5t9pluttv","previousOperationId":"ka509vtba89jgjh"}
{"type":"log","timestamp":1701859151803,"level":"debug","message":"Page request: GET (document) file:///var/folders/dp/qk79pfcj0y1fmtkkl08m76rc0000gn/T/jsreport/autocleanup/b67f5102-779d-460a-9e59-1b0ac533571b-chrome-pdf.html","meta":{"rootId":"f4ip5ew3fz4cjgd","id":"f4ip5ew3fz4cjgd"},"id":"ot980mhky6qkwhs","previousOperationId":"ka509vtba89jgjh"}
{"type":"log","timestamp":1701859151809,"level":"debug","message":"Page request finished: GET (document) 200 file:///var/folders/dp/qk79pfcj0y1fmtkkl08m76rc0000gn/T/jsreport/autocleanup/b67f5102-779d-460a-9e59-1b0ac533571b-chrome-pdf.html","meta":{"rootId":"f4ip5ew3fz4cjgd","id":"f4ip5ew3fz4cjgd"},"id":"d9uzkqxacx95ebs","previousOperationId":"ka509vtba89jgjh"}
{"type":"log","timestamp":1701859151816,"level":"debug","message":"Running chrome with params {\"printBackground\":true,\"width\":\"68mm\",\"height\":\"45cm\",\"timeout\":59967,\"margin\":{}}","meta":{"rootId":"f4ip5ew3fz4cjgd","id":"f4ip5ew3fz4cjgd"},"id":"ue7ihikbjtk3kp6","previousOperationId":"ka509vtba89jgjh"}
{"type":"operationEnd","operationId":"ka509vtba89jgjh","timestamp":1701859151841,"id":"i5eti1ssgf3u3qj","previousEventId":"cp1j0ktrgpp0jp6","previousOperationId":"ka509vtba89jgjh"}
{"type":"log","timestamp":1701859151841,"level":"debug","message":"Skipping storing report.","meta":{"rootId":"f4ip5ew3fz4cjgd","id":"f4ip5ew3fz4cjgd"},"id":"3c2vnjm2sinzutf","previousOperationId":"ka509vtba89jgjh"}
{"type":"log","timestamp":1701859151841,"level":"info","message":"Rendering request 98 finished in 264 ms","meta":{"rootId":"f4ip5ew3fz4cjgd","id":"f4ip5ew3fz4cjgd"},"id":"8bpl3017rppm4wq","previousOperationId":"ka509vtba89jgjh"}
{"type":"operationEnd","subtype":"render","operationId":"dcbarvyn6hli4n1","timestamp":1701859151841,"id":"mhf6bwhc2whukvz","previousEventId":"i5eti1ssgf3u3qj","previousOperationId":"ka509vtba89jgjh"}
{"type":"operationEnd","doDiffs":false,"previousEventId":"1wqy7zb1fzrhzxy","previousOperationId":"2fjgd1poycadlrl","operationId":"2fjgd1poycadlrl","timestamp":1701859151842,"id":"kqjrsfwhh1a3xpm"}
