{"type":"operationStart","subtype":"profile","data":{"_id":"nF1sYiNu58eStorX","timestamp":"2023-12-04T09:09:25.798Z","state":"queued","mode":"standard","creationDate":"2023-12-04T09:09:25.799Z","modificationDate":"2023-12-04T09:09:25.799Z","shortid":"xYFuNFK","$entitySet":"profiles"},"doDiffs":false,"timestamp":1701680965798,"id":"hbnfj0i29bfdyvr","previousOperationId":null,"operationId":"a62onwill0en0c2"}
{"type":"log","level":"info","message":"Render request 30 queued for execution and waiting for available worker","previousOperationId":"a62onwill0en0c2","timestamp":1701680965798,"id":"4ihfmgzvgbk3z90"}
{"type":"operationStart","subtype":"render","name":"pp_index","previousOperationId":"a62onwill0en0c2","timestamp":1701680965805,"id":"f74646fpksyqe9b","previousEventId":"hbnfj0i29bfdyvr","operationId":"muoy974tu45kbas"}
{"type":"log","timestamp":1701680965805,"level":"info","message":"Starting rendering request 30","meta":{"rootId":"f8coc6lw0anvrpa","id":"f8coc6lw0anvrpa"},"id":"vx3145369d61jxy","previousOperationId":"muoy974tu45kbas"}
{"type":"log","timestamp":1701680965805,"level":"info","message":"Rendering template { name: pp_index, recipe: chrome-pdf, engine: handlebars, preview: true }","meta":{"rootId":"f8coc6lw0anvrpa","id":"f8coc6lw0anvrpa"},"id":"4whamit8urpmq20","previousOperationId":"muoy974tu45kbas"}
{"type":"log","timestamp":1701680965807,"level":"debug","message":"Inline data specified.","meta":{"rootId":"f8coc6lw0anvrpa","id":"f8coc6lw0anvrpa"},"id":"dac8b4kivnp3mqj","previousOperationId":"muoy974tu45kbas"}
{"type":"log","timestamp":1701680965809,"level":"debug","message":"Base url not specified, skipping its injection.","meta":{"rootId":"f8coc6lw0anvrpa","id":"f8coc6lw0anvrpa"},"id":"sqv8prkyqfvdi3v","previousOperationId":"muoy974tu45kbas"}
{"type":"operationStart","subtype":"engine","name":"handlebars","timestamp":1701680965809,"id":"709yoj8dbbte7vl","previousEventId":"f74646fpksyqe9b","operationId":"wysnocd1gztu8ou","previousOperationId":"muoy974tu45kbas"}
{"type":"log","timestamp":1701680965809,"level":"debug","message":"Rendering engine handlebars","meta":{"rootId":"f8coc6lw0anvrpa","id":"f8coc6lw0anvrpa"},"id":"0z31vzk9qx22w3v","previousOperationId":"wysnocd1gztu8ou"}
{"type":"operationEnd","operationId":"wysnocd1gztu8ou","timestamp":1701680965824,"id":"clw8e4bdrm0ru5t","previousEventId":"709yoj8dbbte7vl","previousOperationId":"wysnocd1gztu8ou"}
{"type":"operationStart","subtype":"recipe","name":"chrome-pdf","timestamp":1701680965824,"id":"pbsyzzglba4ziga","previousEventId":"clw8e4bdrm0ru5t","operationId":"upwz84pksqnc4ue","previousOperationId":"wysnocd1gztu8ou"}
{"type":"log","timestamp":1701680965824,"level":"debug","message":"Executing recipe chrome-pdf","meta":{"rootId":"f8coc6lw0anvrpa","id":"f8coc6lw0anvrpa"},"id":"8esx04la0zxb6lb","previousOperationId":"upwz84pksqnc4ue"}
{"type":"log","timestamp":1701680965825,"level":"debug","message":"Converting with chrome HeadlessChrome/117.0.5938.149 using chrome-pool strategy","meta":{"rootId":"f8coc6lw0anvrpa","id":"f8coc6lw0anvrpa"},"id":"1iqe7miet6okmw8","previousOperationId":"upwz84pksqnc4ue"}
{"type":"log","timestamp":1701680965877,"level":"debug","message":"Page request: GET (document) file:///var/folders/dp/qk79pfcj0y1fmtkkl08m76rc0000gn/T/jsreport/autocleanup/18cda507-5a95-46da-8d3a-75c2d05bc655-chrome-pdf.html","meta":{"rootId":"f8coc6lw0anvrpa","id":"f8coc6lw0anvrpa"},"id":"qo90obmo90xpbeo","previousOperationId":"upwz84pksqnc4ue"}
{"type":"log","timestamp":1701680965882,"level":"debug","message":"Page request finished: GET (document) 200 file:///var/folders/dp/qk79pfcj0y1fmtkkl08m76rc0000gn/T/jsreport/autocleanup/18cda507-5a95-46da-8d3a-75c2d05bc655-chrome-pdf.html","meta":{"rootId":"f8coc6lw0anvrpa","id":"f8coc6lw0anvrpa"},"id":"amcz928we8953gn","previousOperationId":"upwz84pksqnc4ue"}
{"type":"log","timestamp":1701680965895,"level":"debug","message":"Running chrome with params {\"printBackground\":true,\"timeout\":59973,\"margin\":{}}","meta":{"rootId":"f8coc6lw0anvrpa","id":"f8coc6lw0anvrpa"},"id":"16oiz1w0gigkjdm","previousOperationId":"upwz84pksqnc4ue"}
{"type":"operationEnd","operationId":"upwz84pksqnc4ue","timestamp":1701680965913,"id":"fg9z4eho2j1826v","previousEventId":"pbsyzzglba4ziga","previousOperationId":"upwz84pksqnc4ue"}
{"type":"log","timestamp":1701680965913,"level":"debug","message":"Skipping storing report.","meta":{"rootId":"f8coc6lw0anvrpa","id":"f8coc6lw0anvrpa"},"id":"w3h67grgpmbyxu1","previousOperationId":"upwz84pksqnc4ue"}
{"type":"log","timestamp":1701680965913,"level":"info","message":"Rendering request 30 finished in 115 ms","meta":{"rootId":"f8coc6lw0anvrpa","id":"f8coc6lw0anvrpa"},"id":"qmve61x8vn40em1","previousOperationId":"upwz84pksqnc4ue"}
{"type":"operationEnd","subtype":"render","operationId":"muoy974tu45kbas","timestamp":1701680965913,"id":"qty779mh4zrn9sr","previousEventId":"fg9z4eho2j1826v","previousOperationId":"upwz84pksqnc4ue"}
{"type":"operationEnd","doDiffs":false,"previousEventId":"hbnfj0i29bfdyvr","previousOperationId":"a62onwill0en0c2","operationId":"a62onwill0en0c2","timestamp":1701680965914,"id":"e0bxszw3mabwb5i"}
