{"type":"operationStart","subtype":"profile","data":{"_id":"XmQMNgkhk1MuOZTc","timestamp":"2023-12-01T14:32:45.962Z","state":"queued","mode":"standard","creationDate":"2023-12-01T14:32:45.963Z","modificationDate":"2023-12-01T14:32:45.963Z","shortid":"qt6Xmla","$entitySet":"profiles"},"doDiffs":false,"timestamp":1701441165963,"id":"84gfmekvopu9z5p","previousOperationId":null,"operationId":"8ti3uj1il25b83u"}
{"type":"log","level":"info","message":"Render request 6 queued for execution and waiting for available worker","previousOperationId":"8ti3uj1il25b83u","timestamp":1701441165963,"id":"vwywi2c33c0qj8a"}
{"type":"operationStart","subtype":"render","name":"pp_index","previousOperationId":"8ti3uj1il25b83u","timestamp":1701441165969,"id":"xebdthpob0l0vp4","previousEventId":"84gfmekvopu9z5p","operationId":"zc0qm7vofo5qxbf"}
{"type":"log","timestamp":1701441165969,"level":"info","message":"Starting rendering request 6","meta":{"rootId":"fd0cgjhxp7ffczg","id":"fd0cgjhxp7ffczg"},"id":"pw3mougnz217dqg","previousOperationId":"zc0qm7vofo5qxbf"}
{"type":"log","timestamp":1701441165969,"level":"info","message":"Rendering template { name: pp_index, recipe: chrome-pdf, engine: handlebars, preview: true }","meta":{"rootId":"fd0cgjhxp7ffczg","id":"fd0cgjhxp7ffczg"},"id":"1q2drskcnqojwp2","previousOperationId":"zc0qm7vofo5qxbf"}
{"type":"log","timestamp":1701441165972,"level":"debug","message":"Adding sample data PH9LTzd4s","meta":{"rootId":"fd0cgjhxp7ffczg","id":"fd0cgjhxp7ffczg"},"id":"xm93bvh72x86mn8","previousOperationId":"zc0qm7vofo5qxbf"}
{"type":"log","timestamp":1701441165973,"level":"debug","message":"Base url not specified, skipping its injection.","meta":{"rootId":"fd0cgjhxp7ffczg","id":"fd0cgjhxp7ffczg"},"id":"v048m6k9xwnqf3j","previousOperationId":"zc0qm7vofo5qxbf"}
{"type":"operationStart","subtype":"engine","name":"handlebars","timestamp":1701441165974,"id":"hfrvypyu3o2gjzx","previousEventId":"xebdthpob0l0vp4","operationId":"6f6ccfqh11s3g14","previousOperationId":"zc0qm7vofo5qxbf"}
{"type":"log","timestamp":1701441165974,"level":"debug","message":"Rendering engine handlebars","meta":{"rootId":"fd0cgjhxp7ffczg","id":"fd0cgjhxp7ffczg"},"id":"y483g82umgrn65t","previousOperationId":"6f6ccfqh11s3g14"}
{"type":"operationEnd","operationId":"6f6ccfqh11s3g14","timestamp":1701441165990,"id":"399tko9oqwa96aw","previousEventId":"hfrvypyu3o2gjzx","previousOperationId":"6f6ccfqh11s3g14"}
{"type":"operationStart","subtype":"recipe","name":"chrome-pdf","timestamp":1701441165990,"id":"baqmoeb32vsqpky","previousEventId":"399tko9oqwa96aw","operationId":"2fdym0tdn3nyvlw","previousOperationId":"6f6ccfqh11s3g14"}
{"type":"log","timestamp":1701441165990,"level":"debug","message":"Executing recipe chrome-pdf","meta":{"rootId":"fd0cgjhxp7ffczg","id":"fd0cgjhxp7ffczg"},"id":"lda4z9xonrc1hx6","previousOperationId":"2fdym0tdn3nyvlw"}
{"type":"log","timestamp":1701441165991,"level":"debug","message":"Converting with chrome HeadlessChrome/117.0.5938.149 using chrome-pool strategy","meta":{"rootId":"fd0cgjhxp7ffczg","id":"fd0cgjhxp7ffczg"},"id":"qrdb9yt5k1yejwi","previousOperationId":"2fdym0tdn3nyvlw"}
{"type":"log","timestamp":1701441166036,"level":"debug","message":"Page request: GET (document) file:///var/folders/dp/qk79pfcj0y1fmtkkl08m76rc0000gn/T/jsreport/autocleanup/562074fe-b931-4f8d-82fe-f94b440300fe-chrome-pdf.html","meta":{"rootId":"fd0cgjhxp7ffczg","id":"fd0cgjhxp7ffczg"},"id":"dyp803l2izvz1cq","previousOperationId":"2fdym0tdn3nyvlw"}
{"type":"log","timestamp":1701441166041,"level":"debug","message":"Page request finished: GET (document) 200 file:///var/folders/dp/qk79pfcj0y1fmtkkl08m76rc0000gn/T/jsreport/autocleanup/562074fe-b931-4f8d-82fe-f94b440300fe-chrome-pdf.html","meta":{"rootId":"fd0cgjhxp7ffczg","id":"fd0cgjhxp7ffczg"},"id":"dwtkvratya474d8","previousOperationId":"2fdym0tdn3nyvlw"}
{"type":"log","timestamp":1701441166051,"level":"debug","message":"Running chrome with params {\"printBackground\":true,\"timeout\":59971,\"margin\":{}}","meta":{"rootId":"fd0cgjhxp7ffczg","id":"fd0cgjhxp7ffczg"},"id":"pe9j3q8qyizr99i","previousOperationId":"2fdym0tdn3nyvlw"}
{"type":"operationEnd","operationId":"2fdym0tdn3nyvlw","timestamp":1701441166067,"id":"oupmamq39r5n9dc","previousEventId":"baqmoeb32vsqpky","previousOperationId":"2fdym0tdn3nyvlw"}
{"type":"log","timestamp":1701441166067,"level":"debug","message":"Skipping storing report.","meta":{"rootId":"fd0cgjhxp7ffczg","id":"fd0cgjhxp7ffczg"},"id":"6v7ph7qodf0r9a3","previousOperationId":"2fdym0tdn3nyvlw"}
{"type":"log","timestamp":1701441166067,"level":"info","message":"Rendering request 6 finished in 105 ms","meta":{"rootId":"fd0cgjhxp7ffczg","id":"fd0cgjhxp7ffczg"},"id":"rdi2qtm8yl2kp52","previousOperationId":"2fdym0tdn3nyvlw"}
{"type":"operationEnd","subtype":"render","operationId":"zc0qm7vofo5qxbf","timestamp":1701441166067,"id":"7et9le06gyzlzeq","previousEventId":"oupmamq39r5n9dc","previousOperationId":"2fdym0tdn3nyvlw"}
{"type":"operationEnd","doDiffs":false,"previousEventId":"84gfmekvopu9z5p","previousOperationId":"8ti3uj1il25b83u","operationId":"8ti3uj1il25b83u","timestamp":1701441166069,"id":"huft3ie3btlrkwd"}
