{"type":"operationStart","subtype":"profile","data":{"_id":"dvlvhn1V1dxrebfA","timestamp":"2023-12-05T14:56:35.002Z","state":"queued","mode":"standard","creationDate":"2023-12-05T14:56:35.005Z","modificationDate":"2023-12-05T14:56:35.005Z","shortid":"MTQnDI9","$entitySet":"profiles"},"doDiffs":false,"timestamp":1701788195003,"id":"mtv75hthll9nrc6","previousOperationId":null,"operationId":"5xr7xt0krlaoweb"}
{"type":"log","level":"info","message":"Render request 22 queued for execution and waiting for available worker","previousOperationId":"5xr7xt0krlaoweb","timestamp":1701788195004,"id":"70bwj878hnkbwtb"}
{"type":"operationStart","subtype":"render","name":"pp_index","previousOperationId":"5xr7xt0krlaoweb","timestamp":1701788195018,"id":"xbmlh9qk3sbq2q3","previousEventId":"mtv75hthll9nrc6","operationId":"mpwi5h0h9gd1j4y"}
{"type":"log","timestamp":1701788195019,"level":"info","message":"Starting rendering request 22","meta":{"rootId":"fhndby28q9pvkz9","id":"fhndby28q9pvkz9"},"id":"1yl8mfobfnmc9fd","previousOperationId":"mpwi5h0h9gd1j4y"}
{"type":"log","timestamp":1701788195019,"level":"info","message":"Rendering template { name: pp_index, recipe: chrome-pdf, engine: handlebars, preview: true }","meta":{"rootId":"fhndby28q9pvkz9","id":"fhndby28q9pvkz9"},"id":"7gl10m2aea2j5pz","previousOperationId":"mpwi5h0h9gd1j4y"}
{"type":"log","timestamp":1701788195019,"level":"debug","message":"Inline data specified.","meta":{"rootId":"fhndby28q9pvkz9","id":"fhndby28q9pvkz9"},"id":"btbojxl7lvhsotf","previousOperationId":"mpwi5h0h9gd1j4y"}
{"type":"log","timestamp":1701788195023,"level":"debug","message":"Base url not specified, skipping its injection.","meta":{"rootId":"fhndby28q9pvkz9","id":"fhndby28q9pvkz9"},"id":"5c6dpjxjvpuyt88","previousOperationId":"mpwi5h0h9gd1j4y"}
{"type":"log","timestamp":1701788195025,"level":"debug","message":"Replaced assets [\"styles.css\"]","meta":{"rootId":"fhndby28q9pvkz9","id":"fhndby28q9pvkz9"},"id":"d937qovd2cesmhg","previousOperationId":"mpwi5h0h9gd1j4y"}
{"type":"operationStart","subtype":"engine","name":"handlebars","timestamp":1701788195026,"id":"x795purfhyab3et","previousEventId":"xbmlh9qk3sbq2q3","operationId":"ysuoxz2duh4g5cf","previousOperationId":"mpwi5h0h9gd1j4y"}
{"type":"log","timestamp":1701788195026,"level":"debug","message":"Rendering engine handlebars","meta":{"rootId":"fhndby28q9pvkz9","id":"fhndby28q9pvkz9"},"id":"f6ulxdb2wyiyj0j","previousOperationId":"ysuoxz2duh4g5cf"}
{"type":"operationEnd","operationId":"ysuoxz2duh4g5cf","timestamp":1701788195039,"id":"ku6l6jpj68nhhbh","previousEventId":"x795purfhyab3et","previousOperationId":"ysuoxz2duh4g5cf"}
{"type":"operationStart","subtype":"recipe","name":"chrome-pdf","timestamp":1701788195040,"id":"y2m4bpwy7zs0zlt","previousEventId":"ku6l6jpj68nhhbh","operationId":"y2xpe2r8h3d87fw","previousOperationId":"ysuoxz2duh4g5cf"}
{"type":"log","timestamp":1701788195040,"level":"debug","message":"Executing recipe chrome-pdf","meta":{"rootId":"fhndby28q9pvkz9","id":"fhndby28q9pvkz9"},"id":"gpyjzv2mmwpylrk","previousOperationId":"y2xpe2r8h3d87fw"}
{"type":"log","timestamp":1701788195041,"level":"debug","message":"Converting with chrome HeadlessChrome/117.0.5938.149 using chrome-pool strategy","meta":{"rootId":"fhndby28q9pvkz9","id":"fhndby28q9pvkz9"},"id":"9r7lrus9qt3qnas","previousOperationId":"y2xpe2r8h3d87fw"}
{"type":"log","timestamp":1701788195085,"level":"debug","message":"Page request: GET (document) file:///var/folders/dp/qk79pfcj0y1fmtkkl08m76rc0000gn/T/jsreport/autocleanup/2040577f-f2e2-40d9-9de9-a2c0e066ad57-chrome-pdf.html","meta":{"rootId":"fhndby28q9pvkz9","id":"fhndby28q9pvkz9"},"id":"a7wmphagn2p7fr1","previousOperationId":"y2xpe2r8h3d87fw"}
{"type":"log","timestamp":1701788195091,"level":"debug","message":"Page request finished: GET (document) 200 file:///var/folders/dp/qk79pfcj0y1fmtkkl08m76rc0000gn/T/jsreport/autocleanup/2040577f-f2e2-40d9-9de9-a2c0e066ad57-chrome-pdf.html","meta":{"rootId":"fhndby28q9pvkz9","id":"fhndby28q9pvkz9"},"id":"5ib2n4wk1gjol87","previousOperationId":"y2xpe2r8h3d87fw"}
{"type":"log","timestamp":1701788195102,"level":"debug","message":"Running chrome with params {\"printBackground\":true,\"width\":\"58mm\",\"height\":\"21cm\",\"timeout\":59962,\"margin\":{}}","meta":{"rootId":"fhndby28q9pvkz9","id":"fhndby28q9pvkz9"},"id":"zxead5hcu45rr29","previousOperationId":"y2xpe2r8h3d87fw"}
{"type":"operationEnd","operationId":"y2xpe2r8h3d87fw","timestamp":1701788195121,"id":"ppqgvt6bjeuoilq","previousEventId":"y2m4bpwy7zs0zlt","previousOperationId":"y2xpe2r8h3d87fw"}
{"type":"log","timestamp":1701788195121,"level":"debug","message":"Skipping storing report.","meta":{"rootId":"fhndby28q9pvkz9","id":"fhndby28q9pvkz9"},"id":"rcv57aa05msn3io","previousOperationId":"y2xpe2r8h3d87fw"}
{"type":"log","timestamp":1701788195121,"level":"info","message":"Rendering request 22 finished in 119 ms","meta":{"rootId":"fhndby28q9pvkz9","id":"fhndby28q9pvkz9"},"id":"tkwjvtsbg0kbpq2","previousOperationId":"y2xpe2r8h3d87fw"}
{"type":"operationEnd","subtype":"render","operationId":"mpwi5h0h9gd1j4y","timestamp":1701788195121,"id":"632wii1y1xc4h7q","previousEventId":"ppqgvt6bjeuoilq","previousOperationId":"y2xpe2r8h3d87fw"}
{"type":"operationEnd","doDiffs":false,"previousEventId":"mtv75hthll9nrc6","previousOperationId":"5xr7xt0krlaoweb","operationId":"5xr7xt0krlaoweb","timestamp":1701788195122,"id":"heohq4zm9nu1x1h"}
