{"type":"operationStart","subtype":"profile","data":{"_id":"elQdh5YZdnFSOnYH","timestamp":"2023-12-06T10:26:12.442Z","state":"queued","mode":"standard","creationDate":"2023-12-06T10:26:12.444Z","modificationDate":"2023-12-06T10:26:12.444Z","shortid":"qRPLJ_3","$entitySet":"profiles"},"doDiffs":false,"timestamp":1701858372443,"id":"rcp1forjnht4g9t","previousOperationId":null,"operationId":"966rvswhc2pz1m3"}
{"type":"log","level":"info","message":"Render request 85 queued for execution and waiting for available worker","previousOperationId":"966rvswhc2pz1m3","timestamp":1701858372444,"id":"bc557vkzkxgj87u"}
{"type":"operationStart","subtype":"render","name":"pp_index","previousOperationId":"966rvswhc2pz1m3","timestamp":1701858372448,"id":"050zlkxuwmxtsdg","previousEventId":"rcp1forjnht4g9t","operationId":"8vsy9dewor6fprl"}
{"type":"log","timestamp":1701858372449,"level":"info","message":"Starting rendering request 85","meta":{"rootId":"fiz51v9draktmh1","id":"fiz51v9draktmh1"},"id":"owdantn07vsc1ao","previousOperationId":"8vsy9dewor6fprl"}
{"type":"log","timestamp":1701858372449,"level":"info","message":"Rendering template { name: pp_index, recipe: chrome-pdf, engine: handlebars, preview: true }","meta":{"rootId":"fiz51v9draktmh1","id":"fiz51v9draktmh1"},"id":"spp5jlmfsi8zyx0","previousOperationId":"8vsy9dewor6fprl"}
{"type":"log","timestamp":1701858372449,"level":"debug","message":"Adding sample data PH9LTzd4s","meta":{"rootId":"fiz51v9draktmh1","id":"fiz51v9draktmh1"},"id":"q0z3x1md27ra200","previousOperationId":"8vsy9dewor6fprl"}
{"type":"log","timestamp":1701858372451,"level":"debug","message":"Base url not specified, skipping its injection.","meta":{"rootId":"fiz51v9draktmh1","id":"fiz51v9draktmh1"},"id":"unowxvlopbp8dll","previousOperationId":"8vsy9dewor6fprl"}
{"type":"log","timestamp":1701858372452,"level":"debug","message":"Replaced assets [\"styles.css\"]","meta":{"rootId":"fiz51v9draktmh1","id":"fiz51v9draktmh1"},"id":"o1sqe1uocsjkdvp","previousOperationId":"8vsy9dewor6fprl"}
{"type":"operationStart","subtype":"engine","name":"handlebars","timestamp":1701858372452,"id":"mnqj3wp63ewlhof","previousEventId":"050zlkxuwmxtsdg","operationId":"9g8gn7sbnjju6a2","previousOperationId":"8vsy9dewor6fprl"}
{"type":"log","timestamp":1701858372452,"level":"debug","message":"Rendering engine handlebars","meta":{"rootId":"fiz51v9draktmh1","id":"fiz51v9draktmh1"},"id":"3a9lenfm8fl9m1x","previousOperationId":"9g8gn7sbnjju6a2"}
{"type":"operationEnd","operationId":"9g8gn7sbnjju6a2","timestamp":1701858372472,"id":"ag6zu9tvhiseju3","previousEventId":"mnqj3wp63ewlhof","previousOperationId":"9g8gn7sbnjju6a2"}
{"type":"operationStart","subtype":"recipe","name":"chrome-pdf","timestamp":1701858372472,"id":"2kmqy4ruzg194g1","previousEventId":"ag6zu9tvhiseju3","operationId":"erm8mgo02nhcmbd","previousOperationId":"9g8gn7sbnjju6a2"}
{"type":"log","timestamp":1701858372472,"level":"debug","message":"Executing recipe chrome-pdf","meta":{"rootId":"fiz51v9draktmh1","id":"fiz51v9draktmh1"},"id":"sv324xweaxpplwx","previousOperationId":"erm8mgo02nhcmbd"}
{"type":"log","timestamp":1701858372633,"level":"debug","message":"Converting with chrome HeadlessChrome/117.0.5938.149 using chrome-pool strategy","meta":{"rootId":"fiz51v9draktmh1","id":"fiz51v9draktmh1"},"id":"k046qmj622k6sjc","previousOperationId":"erm8mgo02nhcmbd"}
{"type":"log","timestamp":1701858372677,"level":"debug","message":"Page request: GET (document) file:///var/folders/dp/qk79pfcj0y1fmtkkl08m76rc0000gn/T/jsreport/autocleanup/93fc1179-726d-4ced-906a-c34f3a360f2b-chrome-pdf.html","meta":{"rootId":"fiz51v9draktmh1","id":"fiz51v9draktmh1"},"id":"z78dptfozrdebcb","previousOperationId":"erm8mgo02nhcmbd"}
{"type":"log","timestamp":1701858372682,"level":"debug","message":"Page request finished: GET (document) 200 file:///var/folders/dp/qk79pfcj0y1fmtkkl08m76rc0000gn/T/jsreport/autocleanup/93fc1179-726d-4ced-906a-c34f3a360f2b-chrome-pdf.html","meta":{"rootId":"fiz51v9draktmh1","id":"fiz51v9draktmh1"},"id":"vtlay74koqug0dw","previousOperationId":"erm8mgo02nhcmbd"}
{"type":"log","timestamp":1701858372689,"level":"debug","message":"Running chrome with params {\"printBackground\":true,\"width\":\"58mm\",\"height\":\"21cm\",\"timeout\":59969,\"margin\":{}}","meta":{"rootId":"fiz51v9draktmh1","id":"fiz51v9draktmh1"},"id":"xf4gnigrtfeg5y1","previousOperationId":"erm8mgo02nhcmbd"}
{"type":"operationEnd","operationId":"erm8mgo02nhcmbd","timestamp":1701858372708,"id":"cohr8r6qdfz6kk2","previousEventId":"2kmqy4ruzg194g1","previousOperationId":"erm8mgo02nhcmbd"}
{"type":"log","timestamp":1701858372708,"level":"debug","message":"Skipping storing report.","meta":{"rootId":"fiz51v9draktmh1","id":"fiz51v9draktmh1"},"id":"co5yydbozsnweuv","previousOperationId":"erm8mgo02nhcmbd"}
{"type":"log","timestamp":1701858372708,"level":"info","message":"Rendering request 85 finished in 266 ms","meta":{"rootId":"fiz51v9draktmh1","id":"fiz51v9draktmh1"},"id":"j3rntcbxnmsl34v","previousOperationId":"erm8mgo02nhcmbd"}
{"type":"operationEnd","subtype":"render","operationId":"8vsy9dewor6fprl","timestamp":1701858372708,"id":"aqjta1j1h3wihl8","previousEventId":"cohr8r6qdfz6kk2","previousOperationId":"erm8mgo02nhcmbd"}
{"type":"operationEnd","doDiffs":false,"previousEventId":"rcp1forjnht4g9t","previousOperationId":"966rvswhc2pz1m3","operationId":"966rvswhc2pz1m3","timestamp":1701858372709,"id":"4hdvo5wacei57yk"}
