{"type":"operationStart","subtype":"profile","data":{"_id":"y0BiXsxmzIN0388C","timestamp":"2023-12-04T12:43:16.960Z","state":"queued","mode":"standard","creationDate":"2023-12-04T12:43:16.961Z","modificationDate":"2023-12-04T12:43:16.961Z","shortid":"c5jdLcq","$entitySet":"profiles"},"doDiffs":false,"timestamp":1701693796960,"id":"cvk5upywf2ons2j","previousOperationId":null,"operationId":"eccw5uqe7bk0k2t"}
{"type":"log","level":"info","message":"Render request 4 queued for execution and waiting for available worker","previousOperationId":"eccw5uqe7bk0k2t","timestamp":1701693796961,"id":"rjoctqbu2vtsf8e"}
{"type":"operationStart","subtype":"render","name":"pp_index","previousOperationId":"eccw5uqe7bk0k2t","timestamp":1701693796976,"id":"xryq7om9qx0du03","previousEventId":"cvk5upywf2ons2j","operationId":"h9t3ltl30gr303q"}
{"type":"log","timestamp":1701693796976,"level":"info","message":"Starting rendering request 4","meta":{"rootId":"floh7q9c9hkhtro","id":"floh7q9c9hkhtro"},"id":"s4u62pmdcgskfxj","previousOperationId":"h9t3ltl30gr303q"}
{"type":"log","timestamp":1701693796976,"level":"info","message":"Rendering template { name: pp_index, recipe: chrome-pdf, engine: handlebars, preview: true }","meta":{"rootId":"floh7q9c9hkhtro","id":"floh7q9c9hkhtro"},"id":"tcno5anej6qxmjm","previousOperationId":"h9t3ltl30gr303q"}
{"type":"log","timestamp":1701693796977,"level":"debug","message":"Adding sample data PH9LTzd4s","meta":{"rootId":"floh7q9c9hkhtro","id":"floh7q9c9hkhtro"},"id":"l0ggxyy8s86qlas","previousOperationId":"h9t3ltl30gr303q"}
{"type":"log","timestamp":1701693796978,"level":"debug","message":"Base url not specified, skipping its injection.","meta":{"rootId":"floh7q9c9hkhtro","id":"floh7q9c9hkhtro"},"id":"0nfp5ce0hfoyl2b","previousOperationId":"h9t3ltl30gr303q"}
{"type":"log","timestamp":1701693796980,"level":"debug","message":"Replaced assets [\"styles.css\"]","meta":{"rootId":"floh7q9c9hkhtro","id":"floh7q9c9hkhtro"},"id":"r08idzi0f38w0xh","previousOperationId":"h9t3ltl30gr303q"}
{"type":"operationStart","subtype":"engine","name":"handlebars","timestamp":1701693796981,"id":"qnbkqml2a1bj343","previousEventId":"xryq7om9qx0du03","operationId":"052skngx5akg89h","previousOperationId":"h9t3ltl30gr303q"}
{"type":"log","timestamp":1701693796981,"level":"debug","message":"Rendering engine handlebars","meta":{"rootId":"floh7q9c9hkhtro","id":"floh7q9c9hkhtro"},"id":"ox7ug89mzyxxbeh","previousOperationId":"052skngx5akg89h"}
{"type":"operationEnd","operationId":"052skngx5akg89h","timestamp":1701693796990,"id":"1kfl551f8he3btj","previousEventId":"qnbkqml2a1bj343","previousOperationId":"052skngx5akg89h"}
{"type":"operationStart","subtype":"recipe","name":"chrome-pdf","timestamp":1701693796991,"id":"2plga3qkwqjxnap","previousEventId":"1kfl551f8he3btj","operationId":"1an1ycxn8z4y10d","previousOperationId":"052skngx5akg89h"}
{"type":"log","timestamp":1701693796991,"level":"debug","message":"Executing recipe chrome-pdf","meta":{"rootId":"floh7q9c9hkhtro","id":"floh7q9c9hkhtro"},"id":"1czgdo6v2r1n11h","previousOperationId":"1an1ycxn8z4y10d"}
{"type":"log","timestamp":1701693796993,"level":"debug","message":"Converting with chrome HeadlessChrome/117.0.5938.149 using chrome-pool strategy","meta":{"rootId":"floh7q9c9hkhtro","id":"floh7q9c9hkhtro"},"id":"ky4n9vuehy505i5","previousOperationId":"1an1ycxn8z4y10d"}
{"type":"log","timestamp":1701693797040,"level":"debug","message":"Page request: GET (document) file:///var/folders/dp/qk79pfcj0y1fmtkkl08m76rc0000gn/T/jsreport/autocleanup/c89784c2-3401-4aff-8968-61830efbf174-chrome-pdf.html","meta":{"rootId":"floh7q9c9hkhtro","id":"floh7q9c9hkhtro"},"id":"duto760p81t5drf","previousOperationId":"1an1ycxn8z4y10d"}
{"type":"log","timestamp":1701693797045,"level":"debug","message":"Page request finished: GET (document) 200 file:///var/folders/dp/qk79pfcj0y1fmtkkl08m76rc0000gn/T/jsreport/autocleanup/c89784c2-3401-4aff-8968-61830efbf174-chrome-pdf.html","meta":{"rootId":"floh7q9c9hkhtro","id":"floh7q9c9hkhtro"},"id":"yawf0yb3pvf6o64","previousOperationId":"1an1ycxn8z4y10d"}
{"type":"log","timestamp":1701693797056,"level":"debug","message":"Running chrome with params {\"printBackground\":true,\"width\":\"5.8cm\",\"height\":\"40cm\",\"timeout\":59967,\"margin\":{}}","meta":{"rootId":"floh7q9c9hkhtro","id":"floh7q9c9hkhtro"},"id":"pvln5llqtjkrob8","previousOperationId":"1an1ycxn8z4y10d"}
{"type":"operationEnd","operationId":"1an1ycxn8z4y10d","timestamp":1701693797079,"id":"ol1iljcz5ss64ae","previousEventId":"2plga3qkwqjxnap","previousOperationId":"1an1ycxn8z4y10d"}
{"type":"log","timestamp":1701693797079,"level":"debug","message":"Skipping storing report.","meta":{"rootId":"floh7q9c9hkhtro","id":"floh7q9c9hkhtro"},"id":"hdk2tylcaaq31vb","previousOperationId":"1an1ycxn8z4y10d"}
{"type":"log","timestamp":1701693797079,"level":"info","message":"Rendering request 4 finished in 120 ms","meta":{"rootId":"floh7q9c9hkhtro","id":"floh7q9c9hkhtro"},"id":"jg84mx47tukroop","previousOperationId":"1an1ycxn8z4y10d"}
{"type":"operationEnd","subtype":"render","operationId":"h9t3ltl30gr303q","timestamp":1701693797079,"id":"g9ix95rb4oks1r1","previousEventId":"ol1iljcz5ss64ae","previousOperationId":"1an1ycxn8z4y10d"}
{"type":"operationEnd","doDiffs":false,"previousEventId":"cvk5upywf2ons2j","previousOperationId":"eccw5uqe7bk0k2t","operationId":"eccw5uqe7bk0k2t","timestamp":1701693797081,"id":"4j4yvrk894ucbuq"}
