{"type":"operationStart","subtype":"profile","data":{"_id":"rJVGPUWoZ6ea6Q46","timestamp":"2023-12-04T09:41:40.037Z","state":"queued","mode":"standard","creationDate":"2023-12-04T09:41:40.038Z","modificationDate":"2023-12-04T09:41:40.038Z","shortid":"eWhKjZ6","$entitySet":"profiles"},"doDiffs":false,"timestamp":1701682900037,"id":"rnqde6unhvcofwe","previousOperationId":null,"operationId":"uti3tyu2vkxlv5d"}
{"type":"log","level":"info","message":"Render request 59 queued for execution and waiting for available worker","previousOperationId":"uti3tyu2vkxlv5d","timestamp":1701682900037,"id":"qufc3nji89momac"}
{"type":"operationStart","subtype":"render","name":"pp_index","previousOperationId":"uti3tyu2vkxlv5d","timestamp":1701682900043,"id":"evntp4qz4pbq77w","previousEventId":"rnqde6unhvcofwe","operationId":"roz98f0wgpk5977"}
{"type":"log","timestamp":1701682900043,"level":"info","message":"Starting rendering request 59","meta":{"rootId":"formo38l825xu30","id":"formo38l825xu30"},"id":"o0hv6xf8tcf3xtr","previousOperationId":"roz98f0wgpk5977"}
{"type":"log","timestamp":1701682900043,"level":"info","message":"Rendering template { name: pp_index, recipe: chrome-pdf, engine: handlebars, preview: true }","meta":{"rootId":"formo38l825xu30","id":"formo38l825xu30"},"id":"axp41qs8gw98dkm","previousOperationId":"roz98f0wgpk5977"}
{"type":"log","timestamp":1701682900044,"level":"debug","message":"Inline data specified.","meta":{"rootId":"formo38l825xu30","id":"formo38l825xu30"},"id":"l7ynego870evky8","previousOperationId":"roz98f0wgpk5977"}
{"type":"log","timestamp":1701682900045,"level":"debug","message":"Base url not specified, skipping its injection.","meta":{"rootId":"formo38l825xu30","id":"formo38l825xu30"},"id":"0ynd5f16kv3kcva","previousOperationId":"roz98f0wgpk5977"}
{"type":"operationStart","subtype":"engine","name":"handlebars","timestamp":1701682900046,"id":"crk2mle9p07pysp","previousEventId":"evntp4qz4pbq77w","operationId":"ywnu1ouxt6lw669","previousOperationId":"roz98f0wgpk5977"}
{"type":"log","timestamp":1701682900046,"level":"debug","message":"Rendering engine handlebars","meta":{"rootId":"formo38l825xu30","id":"formo38l825xu30"},"id":"7kha56c5hsg8ea0","previousOperationId":"ywnu1ouxt6lw669"}
{"type":"operationEnd","operationId":"ywnu1ouxt6lw669","timestamp":1701682900060,"id":"uvhqreqhds0swqb","previousEventId":"crk2mle9p07pysp","previousOperationId":"ywnu1ouxt6lw669"}
{"type":"operationStart","subtype":"recipe","name":"chrome-pdf","timestamp":1701682900060,"id":"p0jmb9prdvzdmzp","previousEventId":"uvhqreqhds0swqb","operationId":"nhlym8aiwm0nl2b","previousOperationId":"ywnu1ouxt6lw669"}
{"type":"log","timestamp":1701682900060,"level":"debug","message":"Executing recipe chrome-pdf","meta":{"rootId":"formo38l825xu30","id":"formo38l825xu30"},"id":"tyqtgxe4y7ypvho","previousOperationId":"nhlym8aiwm0nl2b"}
{"type":"log","timestamp":1701682900061,"level":"debug","message":"Converting with chrome HeadlessChrome/117.0.5938.149 using chrome-pool strategy","meta":{"rootId":"formo38l825xu30","id":"formo38l825xu30"},"id":"dgehxdbdqpxm39k","previousOperationId":"nhlym8aiwm0nl2b"}
{"type":"log","timestamp":1701682900105,"level":"debug","message":"Page request: GET (document) file:///var/folders/dp/qk79pfcj0y1fmtkkl08m76rc0000gn/T/jsreport/autocleanup/ec430e4d-16b9-4a16-a56a-38a1f6b4e0ae-chrome-pdf.html","meta":{"rootId":"formo38l825xu30","id":"formo38l825xu30"},"id":"7vlmhg85f02mxvp","previousOperationId":"nhlym8aiwm0nl2b"}
{"type":"log","timestamp":1701682900110,"level":"debug","message":"Page request finished: GET (document) 200 file:///var/folders/dp/qk79pfcj0y1fmtkkl08m76rc0000gn/T/jsreport/autocleanup/ec430e4d-16b9-4a16-a56a-38a1f6b4e0ae-chrome-pdf.html","meta":{"rootId":"formo38l825xu30","id":"formo38l825xu30"},"id":"14uwnggj87xutk1","previousOperationId":"nhlym8aiwm0nl2b"}
{"type":"log","timestamp":1701682900124,"level":"debug","message":"Running chrome with params {\"printBackground\":true,\"timeout\":59975,\"margin\":{}}","meta":{"rootId":"formo38l825xu30","id":"formo38l825xu30"},"id":"29fh8niar2rqmw2","previousOperationId":"nhlym8aiwm0nl2b"}
{"type":"operationEnd","operationId":"nhlym8aiwm0nl2b","timestamp":1701682900144,"id":"7rkfhbya9sdjdso","previousEventId":"p0jmb9prdvzdmzp","previousOperationId":"nhlym8aiwm0nl2b"}
{"type":"log","timestamp":1701682900144,"level":"debug","message":"Skipping storing report.","meta":{"rootId":"formo38l825xu30","id":"formo38l825xu30"},"id":"kl7xxseqk2l1hiq","previousOperationId":"nhlym8aiwm0nl2b"}
{"type":"log","timestamp":1701682900144,"level":"info","message":"Rendering request 59 finished in 108 ms","meta":{"rootId":"formo38l825xu30","id":"formo38l825xu30"},"id":"7ngl0rx1gysdz8m","previousOperationId":"nhlym8aiwm0nl2b"}
{"type":"operationEnd","subtype":"render","operationId":"roz98f0wgpk5977","timestamp":1701682900144,"id":"8vgdisfwsew5vvz","previousEventId":"7rkfhbya9sdjdso","previousOperationId":"nhlym8aiwm0nl2b"}
{"type":"operationEnd","doDiffs":false,"previousEventId":"rnqde6unhvcofwe","previousOperationId":"uti3tyu2vkxlv5d","operationId":"uti3tyu2vkxlv5d","timestamp":1701682900145,"id":"lj9xnjxwcjr82rd"}
