{"type":"operationStart","subtype":"profile","data":{"_id":"luxP83r0YpUee89c","timestamp":"2023-12-06T10:26:49.148Z","state":"queued","mode":"standard","creationDate":"2023-12-06T10:26:49.149Z","modificationDate":"2023-12-06T10:26:49.149Z","shortid":"62OZ-Bj","$entitySet":"profiles"},"doDiffs":false,"timestamp":1701858409149,"id":"os5xb9ummv9pm8d","previousOperationId":null,"operationId":"x3kelyee5evyyyh"}
{"type":"log","level":"info","message":"Render request 86 queued for execution and waiting for available worker","previousOperationId":"x3kelyee5evyyyh","timestamp":1701858409149,"id":"inulqc2z56f656h"}
{"type":"operationStart","subtype":"render","name":"pp_index","previousOperationId":"x3kelyee5evyyyh","timestamp":1701858409158,"id":"0pojsvd4nh1qigk","previousEventId":"os5xb9ummv9pm8d","operationId":"k3dj0j04e4r6g16"}
{"type":"log","timestamp":1701858409158,"level":"info","message":"Starting rendering request 86","meta":{"rootId":"fp7sltur4rpb9ax","id":"fp7sltur4rpb9ax"},"id":"1y25y3onah7y54t","previousOperationId":"k3dj0j04e4r6g16"}
{"type":"log","timestamp":1701858409159,"level":"info","message":"Rendering template { name: pp_index, recipe: chrome-pdf, engine: handlebars, preview: true }","meta":{"rootId":"fp7sltur4rpb9ax","id":"fp7sltur4rpb9ax"},"id":"muuknp24dmhgfvu","previousOperationId":"k3dj0j04e4r6g16"}
{"type":"log","timestamp":1701858409161,"level":"debug","message":"Adding sample data PH9LTzd4s","meta":{"rootId":"fp7sltur4rpb9ax","id":"fp7sltur4rpb9ax"},"id":"kswr1uxlchiiogn","previousOperationId":"k3dj0j04e4r6g16"}
{"type":"log","timestamp":1701858409166,"level":"debug","message":"Base url not specified, skipping its injection.","meta":{"rootId":"fp7sltur4rpb9ax","id":"fp7sltur4rpb9ax"},"id":"doh0knjfs4vauet","previousOperationId":"k3dj0j04e4r6g16"}
{"type":"log","timestamp":1701858409169,"level":"debug","message":"Replaced assets [\"styles.css\"]","meta":{"rootId":"fp7sltur4rpb9ax","id":"fp7sltur4rpb9ax"},"id":"cpx4xb8s672hafs","previousOperationId":"k3dj0j04e4r6g16"}
{"type":"operationStart","subtype":"engine","name":"handlebars","timestamp":1701858409169,"id":"08spwx95axsgip5","previousEventId":"0pojsvd4nh1qigk","operationId":"hhgds6ta07np4i4","previousOperationId":"k3dj0j04e4r6g16"}
{"type":"log","timestamp":1701858409169,"level":"debug","message":"Rendering engine handlebars","meta":{"rootId":"fp7sltur4rpb9ax","id":"fp7sltur4rpb9ax"},"id":"f5j1x4rfmnjsw15","previousOperationId":"hhgds6ta07np4i4"}
{"type":"operationEnd","operationId":"hhgds6ta07np4i4","timestamp":1701858409190,"id":"xuublcnsvfbtf1c","previousEventId":"08spwx95axsgip5","previousOperationId":"hhgds6ta07np4i4"}
{"type":"operationStart","subtype":"recipe","name":"chrome-pdf","timestamp":1701858409190,"id":"cjbn4km0lsl5lf8","previousEventId":"xuublcnsvfbtf1c","operationId":"6tt50m55zusm016","previousOperationId":"hhgds6ta07np4i4"}
{"type":"log","timestamp":1701858409190,"level":"debug","message":"Executing recipe chrome-pdf","meta":{"rootId":"fp7sltur4rpb9ax","id":"fp7sltur4rpb9ax"},"id":"bwfjk3zgwhayfcb","previousOperationId":"6tt50m55zusm016"}
{"type":"log","timestamp":1701858409191,"level":"debug","message":"Converting with chrome HeadlessChrome/117.0.5938.149 using chrome-pool strategy","meta":{"rootId":"fp7sltur4rpb9ax","id":"fp7sltur4rpb9ax"},"id":"pzrc5ahsaxc5p6f","previousOperationId":"6tt50m55zusm016"}
{"type":"log","timestamp":1701858409240,"level":"debug","message":"Page request: GET (document) file:///var/folders/dp/qk79pfcj0y1fmtkkl08m76rc0000gn/T/jsreport/autocleanup/7662c525-88b6-4271-89e8-a86ef771400e-chrome-pdf.html","meta":{"rootId":"fp7sltur4rpb9ax","id":"fp7sltur4rpb9ax"},"id":"92fquf0wqyhivf4","previousOperationId":"6tt50m55zusm016"}
{"type":"log","timestamp":1701858409244,"level":"debug","message":"Page request finished: GET (document) 200 file:///var/folders/dp/qk79pfcj0y1fmtkkl08m76rc0000gn/T/jsreport/autocleanup/7662c525-88b6-4271-89e8-a86ef771400e-chrome-pdf.html","meta":{"rootId":"fp7sltur4rpb9ax","id":"fp7sltur4rpb9ax"},"id":"z4uirzczke19ibo","previousOperationId":"6tt50m55zusm016"}
{"type":"log","timestamp":1701858409256,"level":"debug","message":"Running chrome with params {\"printBackground\":true,\"width\":\"58mm\",\"height\":\"21cm\",\"timeout\":59957,\"margin\":{}}","meta":{"rootId":"fp7sltur4rpb9ax","id":"fp7sltur4rpb9ax"},"id":"jfc3vcsfv9nk01n","previousOperationId":"6tt50m55zusm016"}
{"type":"operationEnd","operationId":"6tt50m55zusm016","timestamp":1701858409275,"id":"ab27vu3mtf9jff6","previousEventId":"cjbn4km0lsl5lf8","previousOperationId":"6tt50m55zusm016"}
{"type":"log","timestamp":1701858409275,"level":"debug","message":"Skipping storing report.","meta":{"rootId":"fp7sltur4rpb9ax","id":"fp7sltur4rpb9ax"},"id":"z9ow83zec1kvr1t","previousOperationId":"6tt50m55zusm016"}
{"type":"log","timestamp":1701858409275,"level":"info","message":"Rendering request 86 finished in 127 ms","meta":{"rootId":"fp7sltur4rpb9ax","id":"fp7sltur4rpb9ax"},"id":"5cmcn1rgd9wp7a5","previousOperationId":"6tt50m55zusm016"}
{"type":"operationEnd","subtype":"render","operationId":"k3dj0j04e4r6g16","timestamp":1701858409275,"id":"7ix9gownwu3gg2y","previousEventId":"ab27vu3mtf9jff6","previousOperationId":"6tt50m55zusm016"}
{"type":"operationEnd","doDiffs":false,"previousEventId":"os5xb9ummv9pm8d","previousOperationId":"x3kelyee5evyyyh","operationId":"x3kelyee5evyyyh","timestamp":1701858409276,"id":"vwd9w5u0njr09vg"}
