{"type":"operationStart","subtype":"profile","data":{"_id":"cm3vx9RcUl5Fjp8G","timestamp":"2023-12-04T10:38:07.994Z","state":"queued","mode":"standard","creationDate":"2023-12-04T10:38:07.995Z","modificationDate":"2023-12-04T10:38:07.995Z","shortid":"5JlqJ5K","$entitySet":"profiles"},"doDiffs":false,"timestamp":1701686287995,"id":"h7a809s7dhp3qe5","previousOperationId":null,"operationId":"3ziuia88m79ujiu"}
{"type":"log","level":"info","message":"Render request 83 queued for execution and waiting for available worker","previousOperationId":"3ziuia88m79ujiu","timestamp":1701686287995,"id":"psotkqdm8bs2ys4"}
{"type":"operationStart","subtype":"render","name":"pp_index","previousOperationId":"3ziuia88m79ujiu","timestamp":1701686288005,"id":"3bkngjpkuisopke","previousEventId":"h7a809s7dhp3qe5","operationId":"4yupusldsovgciu"}
{"type":"log","timestamp":1701686288005,"level":"info","message":"Starting rendering request 83","meta":{"rootId":"fvemn54tksjal2v","id":"fvemn54tksjal2v"},"id":"7sdobfo2a41mq67","previousOperationId":"4yupusldsovgciu"}
{"type":"log","timestamp":1701686288005,"level":"info","message":"Rendering template { name: pp_index, recipe: chrome-pdf, engine: handlebars, preview: true }","meta":{"rootId":"fvemn54tksjal2v","id":"fvemn54tksjal2v"},"id":"yr736rswwo5re0m","previousOperationId":"4yupusldsovgciu"}
{"type":"log","timestamp":1701686288005,"level":"debug","message":"Inline data specified.","meta":{"rootId":"fvemn54tksjal2v","id":"fvemn54tksjal2v"},"id":"vox0yjqcil6kacv","previousOperationId":"4yupusldsovgciu"}
{"type":"log","timestamp":1701686288006,"level":"debug","message":"Base url not specified, skipping its injection.","meta":{"rootId":"fvemn54tksjal2v","id":"fvemn54tksjal2v"},"id":"w1sw3qwf143susv","previousOperationId":"4yupusldsovgciu"}
{"type":"operationStart","subtype":"engine","name":"handlebars","timestamp":1701686288006,"id":"8642r2rkh4gergb","previousEventId":"3bkngjpkuisopke","operationId":"zlxua06dhj5mkdw","previousOperationId":"4yupusldsovgciu"}
{"type":"log","timestamp":1701686288006,"level":"debug","message":"Rendering engine handlebars","meta":{"rootId":"fvemn54tksjal2v","id":"fvemn54tksjal2v"},"id":"8oeqh6zol4bv5tr","previousOperationId":"zlxua06dhj5mkdw"}
{"type":"operationEnd","operationId":"zlxua06dhj5mkdw","timestamp":1701686288013,"id":"hsy4tat6nk027wq","previousEventId":"8642r2rkh4gergb","previousOperationId":"zlxua06dhj5mkdw"}
{"type":"operationStart","subtype":"recipe","name":"chrome-pdf","timestamp":1701686288013,"id":"n5b3625ctu6stde","previousEventId":"hsy4tat6nk027wq","operationId":"g6xvhwqekw03ytr","previousOperationId":"zlxua06dhj5mkdw"}
{"type":"log","timestamp":1701686288013,"level":"debug","message":"Executing recipe chrome-pdf","meta":{"rootId":"fvemn54tksjal2v","id":"fvemn54tksjal2v"},"id":"dyim4k1htgpqupj","previousOperationId":"g6xvhwqekw03ytr"}
{"type":"log","timestamp":1701686288014,"level":"debug","message":"Converting with chrome HeadlessChrome/117.0.5938.149 using chrome-pool strategy","meta":{"rootId":"fvemn54tksjal2v","id":"fvemn54tksjal2v"},"id":"quxotcnrwvl24w1","previousOperationId":"g6xvhwqekw03ytr"}
{"type":"log","timestamp":1701686288060,"level":"debug","message":"Page request: GET (document) file:///var/folders/dp/qk79pfcj0y1fmtkkl08m76rc0000gn/T/jsreport/autocleanup/9072e499-7983-4f91-9d71-b6fc53945a95-chrome-pdf.html","meta":{"rootId":"fvemn54tksjal2v","id":"fvemn54tksjal2v"},"id":"1w1tns1j5z0o3oy","previousOperationId":"g6xvhwqekw03ytr"}
{"type":"log","timestamp":1701686288065,"level":"debug","message":"Page request finished: GET (document) 200 file:///var/folders/dp/qk79pfcj0y1fmtkkl08m76rc0000gn/T/jsreport/autocleanup/9072e499-7983-4f91-9d71-b6fc53945a95-chrome-pdf.html","meta":{"rootId":"fvemn54tksjal2v","id":"fvemn54tksjal2v"},"id":"4uylmf83t1xxb9q","previousOperationId":"g6xvhwqekw03ytr"}
{"type":"log","timestamp":1701686288077,"level":"debug","message":"Running chrome with params {\"printBackground\":true,\"width\":\"5.8cm\",\"timeout\":59980,\"margin\":{}}","meta":{"rootId":"fvemn54tksjal2v","id":"fvemn54tksjal2v"},"id":"bi95yxtf8slbpjo","previousOperationId":"g6xvhwqekw03ytr"}
{"type":"operationEnd","operationId":"g6xvhwqekw03ytr","timestamp":1701686288098,"id":"hi43qrtn7ya9t1c","previousEventId":"n5b3625ctu6stde","previousOperationId":"g6xvhwqekw03ytr"}
{"type":"log","timestamp":1701686288098,"level":"debug","message":"Skipping storing report.","meta":{"rootId":"fvemn54tksjal2v","id":"fvemn54tksjal2v"},"id":"jjog502n7jtihwz","previousOperationId":"g6xvhwqekw03ytr"}
{"type":"log","timestamp":1701686288098,"level":"info","message":"Rendering request 83 finished in 104 ms","meta":{"rootId":"fvemn54tksjal2v","id":"fvemn54tksjal2v"},"id":"nipa5si77gx3mv5","previousOperationId":"g6xvhwqekw03ytr"}
{"type":"operationEnd","subtype":"render","operationId":"4yupusldsovgciu","timestamp":1701686288098,"id":"qvfn9wilgupjsul","previousEventId":"hi43qrtn7ya9t1c","previousOperationId":"g6xvhwqekw03ytr"}
{"type":"operationEnd","doDiffs":false,"previousEventId":"h7a809s7dhp3qe5","previousOperationId":"3ziuia88m79ujiu","operationId":"3ziuia88m79ujiu","timestamp":1701686288100,"id":"7ezfj5pya1regk9"}
