{"type":"operationStart","subtype":"profile","data":{"_id":"KWUqgK03CKogNzZJ","timestamp":"2023-12-06T10:45:51.519Z","state":"queued","mode":"standard","creationDate":"2023-12-06T10:45:51.523Z","modificationDate":"2023-12-06T10:45:51.523Z","shortid":"6Fb4H7v","$entitySet":"profiles"},"doDiffs":false,"timestamp":1701859551521,"id":"g6gw7jvmigb0edq","previousOperationId":null,"operationId":"xlskn5a0a6e8rri"}
{"type":"log","level":"info","message":"Render request 107 queued for execution and waiting for available worker","previousOperationId":"xlskn5a0a6e8rri","timestamp":1701859551522,"id":"flha33dacz9clxv"}
{"type":"operationStart","subtype":"render","name":"pp_index","previousOperationId":"xlskn5a0a6e8rri","timestamp":1701859551539,"id":"09ydr6ky7qmkcjh","previousEventId":"g6gw7jvmigb0edq","operationId":"1mixol33m1ynj8e"}
{"type":"log","timestamp":1701859551539,"level":"info","message":"Starting rendering request 107","meta":{"rootId":"fxj5wicavztveh6","id":"fxj5wicavztveh6"},"id":"vqjf2mif3slh67g","previousOperationId":"1mixol33m1ynj8e"}
{"type":"log","timestamp":1701859551539,"level":"info","message":"Rendering template { name: pp_index, recipe: chrome-pdf, engine: handlebars, preview: true }","meta":{"rootId":"fxj5wicavztveh6","id":"fxj5wicavztveh6"},"id":"rfs9hf5782l1r8d","previousOperationId":"1mixol33m1ynj8e"}
{"type":"log","timestamp":1701859551540,"level":"debug","message":"Inline data specified.","meta":{"rootId":"fxj5wicavztveh6","id":"fxj5wicavztveh6"},"id":"jzzl3mh4ll3re9t","previousOperationId":"1mixol33m1ynj8e"}
{"type":"log","timestamp":1701859551542,"level":"debug","message":"Base url not specified, skipping its injection.","meta":{"rootId":"fxj5wicavztveh6","id":"fxj5wicavztveh6"},"id":"a98wy7x067g8dnf","previousOperationId":"1mixol33m1ynj8e"}
{"type":"log","timestamp":1701859551544,"level":"debug","message":"Replaced assets [\"styles.css\"]","meta":{"rootId":"fxj5wicavztveh6","id":"fxj5wicavztveh6"},"id":"018aezdhtzaitpi","previousOperationId":"1mixol33m1ynj8e"}
{"type":"operationStart","subtype":"engine","name":"handlebars","timestamp":1701859551544,"id":"uqppf5xnxm55570","previousEventId":"09ydr6ky7qmkcjh","operationId":"s624kpap7vz8or9","previousOperationId":"1mixol33m1ynj8e"}
{"type":"log","timestamp":1701859551544,"level":"debug","message":"Rendering engine handlebars","meta":{"rootId":"fxj5wicavztveh6","id":"fxj5wicavztveh6"},"id":"km2vtwf46m6z5gy","previousOperationId":"s624kpap7vz8or9"}
{"type":"operationEnd","operationId":"s624kpap7vz8or9","timestamp":1701859551564,"id":"jrzgc2i0o1k5i9k","previousEventId":"uqppf5xnxm55570","previousOperationId":"s624kpap7vz8or9"}
{"type":"operationStart","subtype":"recipe","name":"chrome-pdf","timestamp":1701859551564,"id":"3ru84vwtv5bjgyn","previousEventId":"jrzgc2i0o1k5i9k","operationId":"flyvl3x7frqdckr","previousOperationId":"s624kpap7vz8or9"}
{"type":"log","timestamp":1701859551564,"level":"debug","message":"Executing recipe chrome-pdf","meta":{"rootId":"fxj5wicavztveh6","id":"fxj5wicavztveh6"},"id":"5gfo6ukx8qw7rcr","previousOperationId":"flyvl3x7frqdckr"}
{"type":"log","timestamp":1701859551782,"level":"debug","message":"Converting with chrome HeadlessChrome/117.0.5938.149 using chrome-pool strategy","meta":{"rootId":"fxj5wicavztveh6","id":"fxj5wicavztveh6"},"id":"0mxvkhrumi2e3n0","previousOperationId":"flyvl3x7frqdckr"}
{"type":"log","timestamp":1701859551823,"level":"debug","message":"Page request: GET (document) file:///var/folders/dp/qk79pfcj0y1fmtkkl08m76rc0000gn/T/jsreport/autocleanup/8454a877-31da-4223-a952-f93e51064781-chrome-pdf.html","meta":{"rootId":"fxj5wicavztveh6","id":"fxj5wicavztveh6"},"id":"punt69x7wbjqbcn","previousOperationId":"flyvl3x7frqdckr"}
{"type":"log","timestamp":1701859551827,"level":"debug","message":"Page request finished: GET (document) 200 file:///var/folders/dp/qk79pfcj0y1fmtkkl08m76rc0000gn/T/jsreport/autocleanup/8454a877-31da-4223-a952-f93e51064781-chrome-pdf.html","meta":{"rootId":"fxj5wicavztveh6","id":"fxj5wicavztveh6"},"id":"3u51hny2e31jamt","previousOperationId":"flyvl3x7frqdckr"}
{"type":"log","timestamp":1701859551837,"level":"debug","message":"Running chrome with params {\"printBackground\":true,\"width\":\"68mm\",\"height\":\"45cm\",\"timeout\":59954,\"margin\":{}}","meta":{"rootId":"fxj5wicavztveh6","id":"fxj5wicavztveh6"},"id":"mlkp90m4uapq3k4","previousOperationId":"flyvl3x7frqdckr"}
{"type":"operationEnd","operationId":"flyvl3x7frqdckr","timestamp":1701859551862,"id":"ud1om5kshf42l73","previousEventId":"3ru84vwtv5bjgyn","previousOperationId":"flyvl3x7frqdckr"}
{"type":"log","timestamp":1701859551862,"level":"debug","message":"Skipping storing report.","meta":{"rootId":"fxj5wicavztveh6","id":"fxj5wicavztveh6"},"id":"6a9rso2ao6h4n86","previousOperationId":"flyvl3x7frqdckr"}
{"type":"log","timestamp":1701859551862,"level":"info","message":"Rendering request 107 finished in 343 ms","meta":{"rootId":"fxj5wicavztveh6","id":"fxj5wicavztveh6"},"id":"oo2n4nevj1myusu","previousOperationId":"flyvl3x7frqdckr"}
{"type":"operationEnd","subtype":"render","operationId":"1mixol33m1ynj8e","timestamp":1701859551862,"id":"8gmbnt49sahv9bf","previousEventId":"ud1om5kshf42l73","previousOperationId":"flyvl3x7frqdckr"}
{"type":"operationEnd","doDiffs":false,"previousEventId":"g6gw7jvmigb0edq","previousOperationId":"xlskn5a0a6e8rri","operationId":"xlskn5a0a6e8rri","timestamp":1701859551864,"id":"t5joiaqtykqokmi"}
