{"type":"operationStart","subtype":"profile","data":{"_id":"tuCKY6BL30D45Ea5","timestamp":"2023-12-01T14:34:02.844Z","state":"queued","mode":"standard","creationDate":"2023-12-01T14:34:02.846Z","modificationDate":"2023-12-01T14:34:02.846Z","shortid":"Oxol8ju","$entitySet":"profiles"},"doDiffs":false,"timestamp":1701441242845,"id":"5tp2eyh678kcduh","previousOperationId":null,"operationId":"os7kkvxxgxelg9x"}
{"type":"log","level":"info","message":"Render request 7 queued for execution and waiting for available worker","previousOperationId":"os7kkvxxgxelg9x","timestamp":1701441242845,"id":"spvo7wseuhhydiv"}
{"type":"operationStart","subtype":"render","name":"pp_index","previousOperationId":"os7kkvxxgxelg9x","timestamp":1701441242858,"id":"y681zqcj5sonk73","previousEventId":"5tp2eyh678kcduh","operationId":"93vdtas4poeviu8"}
{"type":"log","timestamp":1701441242858,"level":"info","message":"Starting rendering request 7","meta":{"rootId":"gaohnhj33s8midd","id":"gaohnhj33s8midd"},"id":"t3fe9iemgmpe625","previousOperationId":"93vdtas4poeviu8"}
{"type":"log","timestamp":1701441242858,"level":"info","message":"Rendering template { name: pp_index, recipe: chrome-pdf, engine: handlebars, preview: true }","meta":{"rootId":"gaohnhj33s8midd","id":"gaohnhj33s8midd"},"id":"4xc525fg6dtfrnu","previousOperationId":"93vdtas4poeviu8"}
{"type":"log","timestamp":1701441242861,"level":"debug","message":"Adding sample data PH9LTzd4s","meta":{"rootId":"gaohnhj33s8midd","id":"gaohnhj33s8midd"},"id":"6w5httmpmq83dso","previousOperationId":"93vdtas4poeviu8"}
{"type":"log","timestamp":1701441242864,"level":"debug","message":"Base url not specified, skipping its injection.","meta":{"rootId":"gaohnhj33s8midd","id":"gaohnhj33s8midd"},"id":"pcll1clrw36vhvt","previousOperationId":"93vdtas4poeviu8"}
{"type":"operationStart","subtype":"engine","name":"handlebars","timestamp":1701441242865,"id":"h8lchtjher6zwqq","previousEventId":"y681zqcj5sonk73","operationId":"zfy91ntelme6cm6","previousOperationId":"93vdtas4poeviu8"}
{"type":"log","timestamp":1701441242865,"level":"debug","message":"Rendering engine handlebars","meta":{"rootId":"gaohnhj33s8midd","id":"gaohnhj33s8midd"},"id":"menzih94u3ieqnt","previousOperationId":"zfy91ntelme6cm6"}
{"type":"operationEnd","operationId":"zfy91ntelme6cm6","timestamp":1701441242879,"id":"seiiuh8hue2m6so","previousEventId":"h8lchtjher6zwqq","previousOperationId":"zfy91ntelme6cm6"}
{"type":"operationStart","subtype":"recipe","name":"chrome-pdf","timestamp":1701441242880,"id":"yvvmw44rrg48cwm","previousEventId":"seiiuh8hue2m6so","operationId":"400aaeujbzqb0zw","previousOperationId":"zfy91ntelme6cm6"}
{"type":"log","timestamp":1701441242880,"level":"debug","message":"Executing recipe chrome-pdf","meta":{"rootId":"gaohnhj33s8midd","id":"gaohnhj33s8midd"},"id":"enu05mxug04zmah","previousOperationId":"400aaeujbzqb0zw"}
{"type":"log","timestamp":1701441242881,"level":"debug","message":"Converting with chrome HeadlessChrome/117.0.5938.149 using chrome-pool strategy","meta":{"rootId":"gaohnhj33s8midd","id":"gaohnhj33s8midd"},"id":"i2w7rlyhz0cnn9e","previousOperationId":"400aaeujbzqb0zw"}
{"type":"log","timestamp":1701441242930,"level":"debug","message":"Page request: GET (document) file:///var/folders/dp/qk79pfcj0y1fmtkkl08m76rc0000gn/T/jsreport/autocleanup/65a9ca97-b620-4286-b00d-12432db8f8e9-chrome-pdf.html","meta":{"rootId":"gaohnhj33s8midd","id":"gaohnhj33s8midd"},"id":"96u3glraebg60aa","previousOperationId":"400aaeujbzqb0zw"}
{"type":"log","timestamp":1701441242935,"level":"debug","message":"Page request finished: GET (document) 200 file:///var/folders/dp/qk79pfcj0y1fmtkkl08m76rc0000gn/T/jsreport/autocleanup/65a9ca97-b620-4286-b00d-12432db8f8e9-chrome-pdf.html","meta":{"rootId":"gaohnhj33s8midd","id":"gaohnhj33s8midd"},"id":"ym5ieec8gcgv5ni","previousOperationId":"400aaeujbzqb0zw"}
{"type":"log","timestamp":1701441242945,"level":"debug","message":"Running chrome with params {\"printBackground\":true,\"timeout\":59964,\"margin\":{}}","meta":{"rootId":"gaohnhj33s8midd","id":"gaohnhj33s8midd"},"id":"fsmzinluefbwm92","previousOperationId":"400aaeujbzqb0zw"}
{"type":"operationEnd","operationId":"400aaeujbzqb0zw","timestamp":1701441242961,"id":"jwmlflix0ldt4qj","previousEventId":"yvvmw44rrg48cwm","previousOperationId":"400aaeujbzqb0zw"}
{"type":"log","timestamp":1701441242961,"level":"debug","message":"Skipping storing report.","meta":{"rootId":"gaohnhj33s8midd","id":"gaohnhj33s8midd"},"id":"oraatb1hmje1h80","previousOperationId":"400aaeujbzqb0zw"}
{"type":"log","timestamp":1701441242961,"level":"info","message":"Rendering request 7 finished in 117 ms","meta":{"rootId":"gaohnhj33s8midd","id":"gaohnhj33s8midd"},"id":"9ya4kxvbjvm9lc2","previousOperationId":"400aaeujbzqb0zw"}
{"type":"operationEnd","subtype":"render","operationId":"93vdtas4poeviu8","timestamp":1701441242961,"id":"2mk6w1vw76hdg8a","previousEventId":"jwmlflix0ldt4qj","previousOperationId":"400aaeujbzqb0zw"}
{"type":"operationEnd","doDiffs":false,"previousEventId":"5tp2eyh678kcduh","previousOperationId":"os7kkvxxgxelg9x","operationId":"os7kkvxxgxelg9x","timestamp":1701441242963,"id":"l92npchg94vv06d"}
