{"type":"operationStart","subtype":"profile","data":{"_id":"E1v09SIjH9So8MLO","timestamp":"2023-12-04T09:27:13.436Z","state":"queued","mode":"standard","creationDate":"2023-12-04T09:27:13.437Z","modificationDate":"2023-12-04T09:27:13.437Z","shortid":"oIcqHHU","$entitySet":"profiles"},"doDiffs":false,"timestamp":1701682033436,"id":"u3bw900cm0hiw3m","previousOperationId":null,"operationId":"kbcscwfkcc251lh"}
{"type":"log","level":"info","message":"Render request 53 queued for execution and waiting for available worker","previousOperationId":"kbcscwfkcc251lh","timestamp":1701682033436,"id":"80mw35zcsqpr39s"}
{"type":"operationStart","subtype":"render","name":"pp_index","previousOperationId":"kbcscwfkcc251lh","timestamp":1701682033445,"id":"4t95i7j4guif75o","previousEventId":"u3bw900cm0hiw3m","operationId":"cgc1hwdj6mfknwo"}
{"type":"log","timestamp":1701682033445,"level":"info","message":"Starting rendering request 53","meta":{"rootId":"gcbtdbhsf8lopv3","id":"gcbtdbhsf8lopv3"},"id":"6cat65lbkdkkjfm","previousOperationId":"cgc1hwdj6mfknwo"}
{"type":"log","timestamp":1701682033445,"level":"info","message":"Rendering template { name: pp_index, recipe: chrome-pdf, engine: handlebars, preview: true }","meta":{"rootId":"gcbtdbhsf8lopv3","id":"gcbtdbhsf8lopv3"},"id":"symmxreod4svm9e","previousOperationId":"cgc1hwdj6mfknwo"}
{"type":"log","timestamp":1701682033446,"level":"debug","message":"Inline data specified.","meta":{"rootId":"gcbtdbhsf8lopv3","id":"gcbtdbhsf8lopv3"},"id":"o89i0uot9a2cgp9","previousOperationId":"cgc1hwdj6mfknwo"}
{"type":"log","timestamp":1701682033448,"level":"debug","message":"Base url not specified, skipping its injection.","meta":{"rootId":"gcbtdbhsf8lopv3","id":"gcbtdbhsf8lopv3"},"id":"lnlfw3ngr7dxxga","previousOperationId":"cgc1hwdj6mfknwo"}
{"type":"operationStart","subtype":"engine","name":"handlebars","timestamp":1701682033448,"id":"81su1q5xiip0yfi","previousEventId":"4t95i7j4guif75o","operationId":"s2xoupf9mvniaae","previousOperationId":"cgc1hwdj6mfknwo"}
{"type":"log","timestamp":1701682033448,"level":"debug","message":"Rendering engine handlebars","meta":{"rootId":"gcbtdbhsf8lopv3","id":"gcbtdbhsf8lopv3"},"id":"jdvf1q6t08ncmnm","previousOperationId":"s2xoupf9mvniaae"}
{"type":"operationEnd","operationId":"s2xoupf9mvniaae","timestamp":1701682033459,"id":"ozjipum3p6zkey3","previousEventId":"81su1q5xiip0yfi","previousOperationId":"s2xoupf9mvniaae"}
{"type":"operationStart","subtype":"recipe","name":"chrome-pdf","timestamp":1701682033459,"id":"njmbssgw0te6ile","previousEventId":"ozjipum3p6zkey3","operationId":"y4lb4c0jp9hp9zo","previousOperationId":"s2xoupf9mvniaae"}
{"type":"log","timestamp":1701682033459,"level":"debug","message":"Executing recipe chrome-pdf","meta":{"rootId":"gcbtdbhsf8lopv3","id":"gcbtdbhsf8lopv3"},"id":"p9r49khmk8ex2uz","previousOperationId":"y4lb4c0jp9hp9zo"}
{"type":"log","timestamp":1701682033461,"level":"debug","message":"Converting with chrome HeadlessChrome/117.0.5938.149 using chrome-pool strategy","meta":{"rootId":"gcbtdbhsf8lopv3","id":"gcbtdbhsf8lopv3"},"id":"xdjhi3h5c5d8kvg","previousOperationId":"y4lb4c0jp9hp9zo"}
{"type":"log","timestamp":1701682033511,"level":"debug","message":"Page request: GET (document) file:///var/folders/dp/qk79pfcj0y1fmtkkl08m76rc0000gn/T/jsreport/autocleanup/2c4b3fc0-b239-471c-8fae-fe1c12aa7cba-chrome-pdf.html","meta":{"rootId":"gcbtdbhsf8lopv3","id":"gcbtdbhsf8lopv3"},"id":"wdybhyfkzik96nq","previousOperationId":"y4lb4c0jp9hp9zo"}
{"type":"log","timestamp":1701682033516,"level":"debug","message":"Page request finished: GET (document) 200 file:///var/folders/dp/qk79pfcj0y1fmtkkl08m76rc0000gn/T/jsreport/autocleanup/2c4b3fc0-b239-471c-8fae-fe1c12aa7cba-chrome-pdf.html","meta":{"rootId":"gcbtdbhsf8lopv3","id":"gcbtdbhsf8lopv3"},"id":"35p8eh71ktp54dg","previousOperationId":"y4lb4c0jp9hp9zo"}
{"type":"log","timestamp":1701682033527,"level":"debug","message":"Running chrome with params {\"printBackground\":true,\"timeout\":59976,\"margin\":{}}","meta":{"rootId":"gcbtdbhsf8lopv3","id":"gcbtdbhsf8lopv3"},"id":"qavpy27bnxaxbpw","previousOperationId":"y4lb4c0jp9hp9zo"}
{"type":"operationEnd","operationId":"y4lb4c0jp9hp9zo","timestamp":1701682033546,"id":"1cglxt790tfnttw","previousEventId":"njmbssgw0te6ile","previousOperationId":"y4lb4c0jp9hp9zo"}
{"type":"log","timestamp":1701682033546,"level":"debug","message":"Skipping storing report.","meta":{"rootId":"gcbtdbhsf8lopv3","id":"gcbtdbhsf8lopv3"},"id":"pkzbb5d7lj44bj9","previousOperationId":"y4lb4c0jp9hp9zo"}
{"type":"log","timestamp":1701682033546,"level":"info","message":"Rendering request 53 finished in 110 ms","meta":{"rootId":"gcbtdbhsf8lopv3","id":"gcbtdbhsf8lopv3"},"id":"uti9hknc0s0gifo","previousOperationId":"y4lb4c0jp9hp9zo"}
{"type":"operationEnd","subtype":"render","operationId":"cgc1hwdj6mfknwo","timestamp":1701682033546,"id":"v4y30sz99we7etu","previousEventId":"1cglxt790tfnttw","previousOperationId":"y4lb4c0jp9hp9zo"}
{"type":"operationEnd","doDiffs":false,"previousEventId":"u3bw900cm0hiw3m","previousOperationId":"kbcscwfkcc251lh","operationId":"kbcscwfkcc251lh","timestamp":1701682033548,"id":"ry28auj9rzwiciv"}
