{"type":"operationStart","subtype":"profile","data":{"_id":"Z5nscndwGbYj7IgV","timestamp":"2023-12-04T11:59:36.478Z","state":"queued","mode":"standard","creationDate":"2023-12-04T11:59:36.481Z","modificationDate":"2023-12-04T11:59:36.481Z","shortid":"M1XtEuh","$entitySet":"profiles"},"doDiffs":false,"timestamp":1701691176480,"id":"5ogfbn0osb8nylu","previousOperationId":null,"operationId":"kyi7gxppankeugg"}
{"type":"log","level":"info","message":"Render request 140 queued for execution and waiting for available worker","previousOperationId":"kyi7gxppankeugg","timestamp":1701691176481,"id":"fb6u5fgitkatxcf"}
{"type":"operationStart","subtype":"render","name":"pp_index","previousOperationId":"kyi7gxppankeugg","timestamp":1701691176499,"id":"exrik2e00jp05j1","previousEventId":"5ogfbn0osb8nylu","operationId":"i7wlouxxateph95"}
{"type":"log","timestamp":1701691176499,"level":"info","message":"Starting rendering request 140","meta":{"rootId":"gd7uicilm2q0whx","id":"gd7uicilm2q0whx"},"id":"al6gtyctyso3zvb","previousOperationId":"i7wlouxxateph95"}
{"type":"log","timestamp":1701691176499,"level":"info","message":"Rendering template { name: pp_index, recipe: chrome-pdf, engine: handlebars, preview: true }","meta":{"rootId":"gd7uicilm2q0whx","id":"gd7uicilm2q0whx"},"id":"uk8n1rm7x8eh9wc","previousOperationId":"i7wlouxxateph95"}
{"type":"log","timestamp":1701691176501,"level":"debug","message":"Inline data specified.","meta":{"rootId":"gd7uicilm2q0whx","id":"gd7uicilm2q0whx"},"id":"m6u6rpntx1cc0le","previousOperationId":"i7wlouxxateph95"}
{"type":"log","timestamp":1701691176507,"level":"debug","message":"Base url not specified, skipping its injection.","meta":{"rootId":"gd7uicilm2q0whx","id":"gd7uicilm2q0whx"},"id":"com7h8nt6ak7d8g","previousOperationId":"i7wlouxxateph95"}
{"type":"operationStart","subtype":"engine","name":"handlebars","timestamp":1701691176507,"id":"tub9shfthz9mxm2","previousEventId":"exrik2e00jp05j1","operationId":"qgb9afhvcq9hsm4","previousOperationId":"i7wlouxxateph95"}
{"type":"log","timestamp":1701691176507,"level":"debug","message":"Rendering engine handlebars","meta":{"rootId":"gd7uicilm2q0whx","id":"gd7uicilm2q0whx"},"id":"279dbuggtb1s2oy","previousOperationId":"qgb9afhvcq9hsm4"}
{"type":"operationEnd","operationId":"qgb9afhvcq9hsm4","timestamp":1701691176519,"id":"gn640mu4h4adv5u","previousEventId":"tub9shfthz9mxm2","previousOperationId":"qgb9afhvcq9hsm4"}
{"type":"operationStart","subtype":"recipe","name":"chrome-pdf","timestamp":1701691176519,"id":"7dts9aejqpy9na3","previousEventId":"gn640mu4h4adv5u","operationId":"p03dv9a2pu9d9z1","previousOperationId":"qgb9afhvcq9hsm4"}
{"type":"log","timestamp":1701691176519,"level":"debug","message":"Executing recipe chrome-pdf","meta":{"rootId":"gd7uicilm2q0whx","id":"gd7uicilm2q0whx"},"id":"6y5btvkjp61ptgr","previousOperationId":"p03dv9a2pu9d9z1"}
{"type":"log","timestamp":1701691176520,"level":"debug","message":"Converting with chrome HeadlessChrome/117.0.5938.149 using chrome-pool strategy","meta":{"rootId":"gd7uicilm2q0whx","id":"gd7uicilm2q0whx"},"id":"6q98s8fx8yswv3a","previousOperationId":"p03dv9a2pu9d9z1"}
{"type":"log","timestamp":1701691176569,"level":"debug","message":"Page request: GET (document) file:///var/folders/dp/qk79pfcj0y1fmtkkl08m76rc0000gn/T/jsreport/autocleanup/754f288c-5ef5-4ecd-8882-95b50fc0570d-chrome-pdf.html","meta":{"rootId":"gd7uicilm2q0whx","id":"gd7uicilm2q0whx"},"id":"od9brvcw6mxr0pn","previousOperationId":"p03dv9a2pu9d9z1"}
{"type":"log","timestamp":1701691176574,"level":"debug","message":"Page request finished: GET (document) 200 file:///var/folders/dp/qk79pfcj0y1fmtkkl08m76rc0000gn/T/jsreport/autocleanup/754f288c-5ef5-4ecd-8882-95b50fc0570d-chrome-pdf.html","meta":{"rootId":"gd7uicilm2q0whx","id":"gd7uicilm2q0whx"},"id":"x047khc9538ms8v","previousOperationId":"p03dv9a2pu9d9z1"}
{"type":"log","timestamp":1701691176587,"level":"debug","message":"Running chrome with params {\"printBackground\":true,\"width\":\"5.8cm\",\"height\":\"35cm\",\"timeout\":59958,\"margin\":{}}","meta":{"rootId":"gd7uicilm2q0whx","id":"gd7uicilm2q0whx"},"id":"w3b9y0itkh7esxv","previousOperationId":"p03dv9a2pu9d9z1"}
{"type":"operationEnd","operationId":"p03dv9a2pu9d9z1","timestamp":1701691176617,"id":"owu78pfhm6sqbyf","previousEventId":"7dts9aejqpy9na3","previousOperationId":"p03dv9a2pu9d9z1"}
{"type":"log","timestamp":1701691176617,"level":"debug","message":"Skipping storing report.","meta":{"rootId":"gd7uicilm2q0whx","id":"gd7uicilm2q0whx"},"id":"ao0tzzrevbmp93c","previousOperationId":"p03dv9a2pu9d9z1"}
{"type":"log","timestamp":1701691176617,"level":"info","message":"Rendering request 140 finished in 139 ms","meta":{"rootId":"gd7uicilm2q0whx","id":"gd7uicilm2q0whx"},"id":"ckwly3ft15lrjd6","previousOperationId":"p03dv9a2pu9d9z1"}
{"type":"operationEnd","subtype":"render","operationId":"i7wlouxxateph95","timestamp":1701691176617,"id":"t7wrrogn2ff9z3q","previousEventId":"owu78pfhm6sqbyf","previousOperationId":"p03dv9a2pu9d9z1"}
{"type":"operationEnd","doDiffs":false,"previousEventId":"5ogfbn0osb8nylu","previousOperationId":"kyi7gxppankeugg","operationId":"kyi7gxppankeugg","timestamp":1701691176619,"id":"x0o98kqlfwblwj1"}
