{"type":"operationStart","subtype":"profile","data":{"_id":"96KtMK8SIxRMKEaj","timestamp":"2023-12-06T10:39:41.827Z","state":"queued","mode":"standard","creationDate":"2023-12-06T10:39:41.830Z","modificationDate":"2023-12-06T10:39:41.830Z","shortid":"lhmLI10","$entitySet":"profiles"},"doDiffs":false,"timestamp":1701859181828,"id":"q8e4qvn6x1enb67","previousOperationId":null,"operationId":"5ni700dc41lso47"}
{"type":"log","level":"info","message":"Render request 99 queued for execution and waiting for available worker","previousOperationId":"5ni700dc41lso47","timestamp":1701859181829,"id":"dd9bslxllt21l09"}
{"type":"operationStart","subtype":"render","name":"pp_index","previousOperationId":"5ni700dc41lso47","timestamp":1701859181837,"id":"0zqcced9mknvnwm","previousEventId":"q8e4qvn6x1enb67","operationId":"pju495bmq58a9tc"}
{"type":"log","timestamp":1701859181837,"level":"info","message":"Starting rendering request 99","meta":{"rootId":"givzjvyx0bd6ilz","id":"givzjvyx0bd6ilz"},"id":"ogrqlq0tf71hsrf","previousOperationId":"pju495bmq58a9tc"}
{"type":"log","timestamp":1701859181838,"level":"info","message":"Rendering template { name: pp_index, recipe: chrome-pdf, engine: handlebars, preview: true }","meta":{"rootId":"givzjvyx0bd6ilz","id":"givzjvyx0bd6ilz"},"id":"7ww38g654fy0kye","previousOperationId":"pju495bmq58a9tc"}
{"type":"log","timestamp":1701859181838,"level":"debug","message":"Inline data specified.","meta":{"rootId":"givzjvyx0bd6ilz","id":"givzjvyx0bd6ilz"},"id":"9kcbspaax54fdcv","previousOperationId":"pju495bmq58a9tc"}
{"type":"log","timestamp":1701859181839,"level":"debug","message":"Base url not specified, skipping its injection.","meta":{"rootId":"givzjvyx0bd6ilz","id":"givzjvyx0bd6ilz"},"id":"64mft3z2nhh8lkq","previousOperationId":"pju495bmq58a9tc"}
{"type":"log","timestamp":1701859181840,"level":"debug","message":"Replaced assets [\"styles.css\"]","meta":{"rootId":"givzjvyx0bd6ilz","id":"givzjvyx0bd6ilz"},"id":"atf82gz8ikc7tgv","previousOperationId":"pju495bmq58a9tc"}
{"type":"operationStart","subtype":"engine","name":"handlebars","timestamp":1701859181840,"id":"lugcmuzvb251h1x","previousEventId":"0zqcced9mknvnwm","operationId":"7tymafqfqpdavox","previousOperationId":"pju495bmq58a9tc"}
{"type":"log","timestamp":1701859181840,"level":"debug","message":"Rendering engine handlebars","meta":{"rootId":"givzjvyx0bd6ilz","id":"givzjvyx0bd6ilz"},"id":"mx4c0ws6f44nblk","previousOperationId":"7tymafqfqpdavox"}
{"type":"operationEnd","operationId":"7tymafqfqpdavox","timestamp":1701859181864,"id":"2ebdsgd3z238j74","previousEventId":"lugcmuzvb251h1x","previousOperationId":"7tymafqfqpdavox"}
{"type":"operationStart","subtype":"recipe","name":"chrome-pdf","timestamp":1701859181865,"id":"n8sc654wagjt4ut","previousEventId":"2ebdsgd3z238j74","operationId":"yu3a9no7a9ngos5","previousOperationId":"7tymafqfqpdavox"}
{"type":"log","timestamp":1701859181865,"level":"debug","message":"Executing recipe chrome-pdf","meta":{"rootId":"givzjvyx0bd6ilz","id":"givzjvyx0bd6ilz"},"id":"tiz34nysakf6lat","previousOperationId":"yu3a9no7a9ngos5"}
{"type":"log","timestamp":1701859181867,"level":"debug","message":"Converting with chrome HeadlessChrome/117.0.5938.149 using chrome-pool strategy","meta":{"rootId":"givzjvyx0bd6ilz","id":"givzjvyx0bd6ilz"},"id":"eoagsivhhf69hu7","previousOperationId":"yu3a9no7a9ngos5"}
{"type":"log","timestamp":1701859181914,"level":"debug","message":"Page request: GET (document) file:///var/folders/dp/qk79pfcj0y1fmtkkl08m76rc0000gn/T/jsreport/autocleanup/44696ea9-4d84-4378-a985-1924b9bb9b4a-chrome-pdf.html","meta":{"rootId":"givzjvyx0bd6ilz","id":"givzjvyx0bd6ilz"},"id":"4b5bld08gw01x7x","previousOperationId":"yu3a9no7a9ngos5"}
{"type":"log","timestamp":1701859181919,"level":"debug","message":"Page request finished: GET (document) 200 file:///var/folders/dp/qk79pfcj0y1fmtkkl08m76rc0000gn/T/jsreport/autocleanup/44696ea9-4d84-4378-a985-1924b9bb9b4a-chrome-pdf.html","meta":{"rootId":"givzjvyx0bd6ilz","id":"givzjvyx0bd6ilz"},"id":"dq4mnmueyb18ack","previousOperationId":"yu3a9no7a9ngos5"}
{"type":"log","timestamp":1701859181929,"level":"debug","message":"Running chrome with params {\"printBackground\":true,\"width\":\"68mm\",\"height\":\"45cm\",\"timeout\":59960,\"margin\":{}}","meta":{"rootId":"givzjvyx0bd6ilz","id":"givzjvyx0bd6ilz"},"id":"7qehvjyao1gu8m7","previousOperationId":"yu3a9no7a9ngos5"}
{"type":"operationEnd","operationId":"yu3a9no7a9ngos5","timestamp":1701859181948,"id":"neufkursemkpgun","previousEventId":"n8sc654wagjt4ut","previousOperationId":"yu3a9no7a9ngos5"}
{"type":"log","timestamp":1701859181948,"level":"debug","message":"Skipping storing report.","meta":{"rootId":"givzjvyx0bd6ilz","id":"givzjvyx0bd6ilz"},"id":"l88zfkh0auth5b8","previousOperationId":"yu3a9no7a9ngos5"}
{"type":"log","timestamp":1701859181948,"level":"info","message":"Rendering request 99 finished in 121 ms","meta":{"rootId":"givzjvyx0bd6ilz","id":"givzjvyx0bd6ilz"},"id":"h6tfn704nc7khvl","previousOperationId":"yu3a9no7a9ngos5"}
{"type":"operationEnd","subtype":"render","operationId":"pju495bmq58a9tc","timestamp":1701859181948,"id":"wf069u6ddvjehud","previousEventId":"neufkursemkpgun","previousOperationId":"yu3a9no7a9ngos5"}
{"type":"operationEnd","doDiffs":false,"previousEventId":"q8e4qvn6x1enb67","previousOperationId":"5ni700dc41lso47","operationId":"5ni700dc41lso47","timestamp":1701859181950,"id":"3hxsl0bgiapkhvk"}
