{"type":"operationStart","subtype":"profile","data":{"_id":"kMht84hT6wURT9Dx","timestamp":"2023-12-05T14:52:19.419Z","state":"queued","mode":"standard","creationDate":"2023-12-05T14:52:19.422Z","modificationDate":"2023-12-05T14:52:19.422Z","shortid":"gHsoc4M","$entitySet":"profiles"},"doDiffs":false,"timestamp":1701787939420,"id":"4xnx2cpw7hwjden","previousOperationId":null,"operationId":"yjmj8998nsvyi71"}
{"type":"log","level":"info","message":"Render request 21 queued for execution and waiting for available worker","previousOperationId":"yjmj8998nsvyi71","timestamp":1701787939420,"id":"x3xegejf3tc8nw4"}
{"type":"operationStart","subtype":"render","name":"pp_index","previousOperationId":"yjmj8998nsvyi71","timestamp":1701787939443,"id":"6jobxapgrk3ozys","previousEventId":"4xnx2cpw7hwjden","operationId":"yxwbws3qfe8jxjz"}
{"type":"log","timestamp":1701787939443,"level":"info","message":"Starting rendering request 21","meta":{"rootId":"gqf8c6pwoz15uzp","id":"gqf8c6pwoz15uzp"},"id":"acuh86ctjuurfr6","previousOperationId":"yxwbws3qfe8jxjz"}
{"type":"log","timestamp":1701787939443,"level":"info","message":"Rendering template { name: pp_index, recipe: chrome-pdf, engine: handlebars, preview: true }","meta":{"rootId":"gqf8c6pwoz15uzp","id":"gqf8c6pwoz15uzp"},"id":"6pp17ez1kwmwhya","previousOperationId":"yxwbws3qfe8jxjz"}
{"type":"log","timestamp":1701787939444,"level":"debug","message":"Inline data specified.","meta":{"rootId":"gqf8c6pwoz15uzp","id":"gqf8c6pwoz15uzp"},"id":"m19i64jjjc72j4c","previousOperationId":"yxwbws3qfe8jxjz"}
{"type":"log","timestamp":1701787939446,"level":"debug","message":"Base url not specified, skipping its injection.","meta":{"rootId":"gqf8c6pwoz15uzp","id":"gqf8c6pwoz15uzp"},"id":"9gtf5ue5zzzjpoq","previousOperationId":"yxwbws3qfe8jxjz"}
{"type":"log","timestamp":1701787939448,"level":"debug","message":"Replaced assets [\"styles.css\"]","meta":{"rootId":"gqf8c6pwoz15uzp","id":"gqf8c6pwoz15uzp"},"id":"doxh2owv40btf7q","previousOperationId":"yxwbws3qfe8jxjz"}
{"type":"operationStart","subtype":"engine","name":"handlebars","timestamp":1701787939448,"id":"avbd0cn12dfrz4w","previousEventId":"6jobxapgrk3ozys","operationId":"lsqmmv90cwzqpta","previousOperationId":"yxwbws3qfe8jxjz"}
{"type":"log","timestamp":1701787939448,"level":"debug","message":"Rendering engine handlebars","meta":{"rootId":"gqf8c6pwoz15uzp","id":"gqf8c6pwoz15uzp"},"id":"fmekdhrxcqeiktr","previousOperationId":"lsqmmv90cwzqpta"}
{"type":"operationEnd","operationId":"lsqmmv90cwzqpta","timestamp":1701787939463,"id":"kzf430ip0vrdxuv","previousEventId":"avbd0cn12dfrz4w","previousOperationId":"lsqmmv90cwzqpta"}
{"type":"operationStart","subtype":"recipe","name":"chrome-pdf","timestamp":1701787939463,"id":"3mdh6hm4a6s66jo","previousEventId":"kzf430ip0vrdxuv","operationId":"nqtdtutj29n189s","previousOperationId":"lsqmmv90cwzqpta"}
{"type":"log","timestamp":1701787939463,"level":"debug","message":"Executing recipe chrome-pdf","meta":{"rootId":"gqf8c6pwoz15uzp","id":"gqf8c6pwoz15uzp"},"id":"nxoh4qujtrhe20v","previousOperationId":"nqtdtutj29n189s"}
{"type":"log","timestamp":1701787939465,"level":"debug","message":"Converting with chrome HeadlessChrome/117.0.5938.149 using chrome-pool strategy","meta":{"rootId":"gqf8c6pwoz15uzp","id":"gqf8c6pwoz15uzp"},"id":"depuj6byt1h8zrl","previousOperationId":"nqtdtutj29n189s"}
{"type":"log","timestamp":1701787939509,"level":"debug","message":"Page request: GET (document) file:///var/folders/dp/qk79pfcj0y1fmtkkl08m76rc0000gn/T/jsreport/autocleanup/4aa3abd5-635f-49a3-8cc3-46fe0d3699b7-chrome-pdf.html","meta":{"rootId":"gqf8c6pwoz15uzp","id":"gqf8c6pwoz15uzp"},"id":"6c0n8v8416f5k3k","previousOperationId":"nqtdtutj29n189s"}
{"type":"log","timestamp":1701787939514,"level":"debug","message":"Page request finished: GET (document) 200 file:///var/folders/dp/qk79pfcj0y1fmtkkl08m76rc0000gn/T/jsreport/autocleanup/4aa3abd5-635f-49a3-8cc3-46fe0d3699b7-chrome-pdf.html","meta":{"rootId":"gqf8c6pwoz15uzp","id":"gqf8c6pwoz15uzp"},"id":"9cyute88z2ifo66","previousOperationId":"nqtdtutj29n189s"}
{"type":"log","timestamp":1701787939523,"level":"debug","message":"Running chrome with params {\"printBackground\":true,\"width\":\"58mm\",\"height\":\"21cm\",\"timeout\":59955,\"margin\":{}}","meta":{"rootId":"gqf8c6pwoz15uzp","id":"gqf8c6pwoz15uzp"},"id":"9gp0dfydm74rndk","previousOperationId":"nqtdtutj29n189s"}
{"type":"operationEnd","operationId":"nqtdtutj29n189s","timestamp":1701787939543,"id":"w5qcpx0bcfsnqt0","previousEventId":"3mdh6hm4a6s66jo","previousOperationId":"nqtdtutj29n189s"}
{"type":"log","timestamp":1701787939543,"level":"debug","message":"Skipping storing report.","meta":{"rootId":"gqf8c6pwoz15uzp","id":"gqf8c6pwoz15uzp"},"id":"gaqrlk0qgj21mc8","previousOperationId":"nqtdtutj29n189s"}
{"type":"log","timestamp":1701787939543,"level":"info","message":"Rendering request 21 finished in 124 ms","meta":{"rootId":"gqf8c6pwoz15uzp","id":"gqf8c6pwoz15uzp"},"id":"2igohdymmol5m98","previousOperationId":"nqtdtutj29n189s"}
{"type":"operationEnd","subtype":"render","operationId":"yxwbws3qfe8jxjz","timestamp":1701787939543,"id":"7jcwiu8f6t235hq","previousEventId":"w5qcpx0bcfsnqt0","previousOperationId":"nqtdtutj29n189s"}
{"type":"operationEnd","doDiffs":false,"previousEventId":"4xnx2cpw7hwjden","previousOperationId":"yjmj8998nsvyi71","operationId":"yjmj8998nsvyi71","timestamp":1701787939545,"id":"uclag2dqodjlwe2"}
