{"type":"operationStart","subtype":"profile","data":{"_id":"kUR8iZuLig9T5r9W","timestamp":"2023-12-04T08:59:10.649Z","state":"queued","mode":"standard","creationDate":"2023-12-04T08:59:10.651Z","modificationDate":"2023-12-04T08:59:10.651Z","shortid":"KnOYi-h","$entitySet":"profiles"},"doDiffs":false,"timestamp":1701680350650,"id":"myttu4kmlhtougf","previousOperationId":null,"operationId":"dejm5rud6tqedi1"}
{"type":"log","level":"info","message":"Render request 25 queued for execution and waiting for available worker","previousOperationId":"dejm5rud6tqedi1","timestamp":1701680350651,"id":"cp56btwde1kfo07"}
{"type":"operationStart","subtype":"render","name":"pp_index","previousOperationId":"dejm5rud6tqedi1","timestamp":1701680350658,"id":"5skhclx5luvfpz1","previousEventId":"myttu4kmlhtougf","operationId":"039bfxpzchfm3qc"}
{"type":"log","timestamp":1701680350658,"level":"info","message":"Starting rendering request 25","meta":{"rootId":"gz77eft9r4v31qo","id":"gz77eft9r4v31qo"},"id":"hwljshq0rmlvojp","previousOperationId":"039bfxpzchfm3qc"}
{"type":"log","timestamp":1701680350658,"level":"info","message":"Rendering template { name: pp_index, recipe: chrome-pdf, engine: handlebars, preview: true }","meta":{"rootId":"gz77eft9r4v31qo","id":"gz77eft9r4v31qo"},"id":"7lfp5pwk19gduml","previousOperationId":"039bfxpzchfm3qc"}
{"type":"log","timestamp":1701680350660,"level":"debug","message":"Inline data specified.","meta":{"rootId":"gz77eft9r4v31qo","id":"gz77eft9r4v31qo"},"id":"3awl6rws5aori1d","previousOperationId":"039bfxpzchfm3qc"}
{"type":"log","timestamp":1701680350664,"level":"debug","message":"Base url not specified, skipping its injection.","meta":{"rootId":"gz77eft9r4v31qo","id":"gz77eft9r4v31qo"},"id":"leqjzkkbw6f539s","previousOperationId":"039bfxpzchfm3qc"}
{"type":"operationStart","subtype":"engine","name":"handlebars","timestamp":1701680350664,"id":"pixwoegahng3q7k","previousEventId":"5skhclx5luvfpz1","operationId":"cdpx4ixg6g6oua4","previousOperationId":"039bfxpzchfm3qc"}
{"type":"log","timestamp":1701680350664,"level":"debug","message":"Rendering engine handlebars","meta":{"rootId":"gz77eft9r4v31qo","id":"gz77eft9r4v31qo"},"id":"1cc61umbflwftrk","previousOperationId":"cdpx4ixg6g6oua4"}
{"type":"operationEnd","operationId":"cdpx4ixg6g6oua4","timestamp":1701680350675,"id":"rv59m2gm84f4iju","previousEventId":"pixwoegahng3q7k","previousOperationId":"cdpx4ixg6g6oua4"}
{"type":"operationStart","subtype":"recipe","name":"chrome-pdf","timestamp":1701680350675,"id":"ac8102ljap501g5","previousEventId":"rv59m2gm84f4iju","operationId":"tsgi5jyc2khgbvo","previousOperationId":"cdpx4ixg6g6oua4"}
{"type":"log","timestamp":1701680350675,"level":"debug","message":"Executing recipe chrome-pdf","meta":{"rootId":"gz77eft9r4v31qo","id":"gz77eft9r4v31qo"},"id":"d8w1bsmgj0ft3xh","previousOperationId":"tsgi5jyc2khgbvo"}
{"type":"log","timestamp":1701680350676,"level":"debug","message":"Converting with chrome HeadlessChrome/117.0.5938.149 using chrome-pool strategy","meta":{"rootId":"gz77eft9r4v31qo","id":"gz77eft9r4v31qo"},"id":"cj9wxiwl8ao40jt","previousOperationId":"tsgi5jyc2khgbvo"}
{"type":"log","timestamp":1701680350723,"level":"debug","message":"Page request: GET (document) file:///var/folders/dp/qk79pfcj0y1fmtkkl08m76rc0000gn/T/jsreport/autocleanup/03ba6bfc-a7b9-4158-bb15-a8c0d2a578a2-chrome-pdf.html","meta":{"rootId":"gz77eft9r4v31qo","id":"gz77eft9r4v31qo"},"id":"9v8rp3fl0jq3bz0","previousOperationId":"tsgi5jyc2khgbvo"}
{"type":"log","timestamp":1701680350728,"level":"debug","message":"Page request finished: GET (document) 200 file:///var/folders/dp/qk79pfcj0y1fmtkkl08m76rc0000gn/T/jsreport/autocleanup/03ba6bfc-a7b9-4158-bb15-a8c0d2a578a2-chrome-pdf.html","meta":{"rootId":"gz77eft9r4v31qo","id":"gz77eft9r4v31qo"},"id":"mj6voemp8b55ybs","previousOperationId":"tsgi5jyc2khgbvo"}
{"type":"log","timestamp":1701680350739,"level":"debug","message":"Running chrome with params {\"printBackground\":true,\"timeout\":59973,\"margin\":{}}","meta":{"rootId":"gz77eft9r4v31qo","id":"gz77eft9r4v31qo"},"id":"kp4rfv13wf2g791","previousOperationId":"tsgi5jyc2khgbvo"}
{"type":"operationEnd","operationId":"tsgi5jyc2khgbvo","timestamp":1701680350757,"id":"nmjnixrwiva7jds","previousEventId":"ac8102ljap501g5","previousOperationId":"tsgi5jyc2khgbvo"}
{"type":"log","timestamp":1701680350757,"level":"debug","message":"Skipping storing report.","meta":{"rootId":"gz77eft9r4v31qo","id":"gz77eft9r4v31qo"},"id":"svg7wjuopbsok2s","previousOperationId":"tsgi5jyc2khgbvo"}
{"type":"log","timestamp":1701680350758,"level":"info","message":"Rendering request 25 finished in 109 ms","meta":{"rootId":"gz77eft9r4v31qo","id":"gz77eft9r4v31qo"},"id":"rnk7qsfve1raajg","previousOperationId":"tsgi5jyc2khgbvo"}
{"type":"operationEnd","subtype":"render","operationId":"039bfxpzchfm3qc","timestamp":1701680350758,"id":"07xn0y3557r102l","previousEventId":"nmjnixrwiva7jds","previousOperationId":"tsgi5jyc2khgbvo"}
{"type":"operationEnd","doDiffs":false,"previousEventId":"myttu4kmlhtougf","previousOperationId":"dejm5rud6tqedi1","operationId":"dejm5rud6tqedi1","timestamp":1701680350759,"id":"xb77g9gb5mbow4u"}
