{"type":"operationStart","subtype":"profile","data":{"_id":"gzEXEhocaLHcemrN","timestamp":"2023-12-06T11:35:33.779Z","state":"queued","mode":"standard","creationDate":"2023-12-06T11:35:33.782Z","modificationDate":"2023-12-06T11:35:33.782Z","shortid":"Btj7BUX","$entitySet":"profiles"},"doDiffs":false,"timestamp":1701862533781,"id":"r3tn910n50nr1af","previousOperationId":null,"operationId":"anakg046qgj0frn"}
{"type":"log","level":"info","message":"Render request 123 queued for execution and waiting for available worker","previousOperationId":"anakg046qgj0frn","timestamp":1701862533781,"id":"wyc8e6pdgckcasx"}
{"type":"operationStart","subtype":"render","name":"pp_index","previousOperationId":"anakg046qgj0frn","timestamp":1701862533790,"id":"ccmcvt47fauatsk","previousEventId":"r3tn910n50nr1af","operationId":"yz5ltvz8rv6khln"}
{"type":"log","timestamp":1701862533790,"level":"info","message":"Starting rendering request 123","meta":{"rootId":"hpuqpdqkc3bzu5w","id":"hpuqpdqkc3bzu5w"},"id":"sf16n710p765v9n","previousOperationId":"yz5ltvz8rv6khln"}
{"type":"log","timestamp":1701862533790,"level":"info","message":"Rendering template { name: pp_index, recipe: chrome-pdf, engine: handlebars, preview: true }","meta":{"rootId":"hpuqpdqkc3bzu5w","id":"hpuqpdqkc3bzu5w"},"id":"rvwbtluusa9xunh","previousOperationId":"yz5ltvz8rv6khln"}
{"type":"log","timestamp":1701862533791,"level":"debug","message":"Inline data specified.","meta":{"rootId":"hpuqpdqkc3bzu5w","id":"hpuqpdqkc3bzu5w"},"id":"qoerp8ye0zr7lfq","previousOperationId":"yz5ltvz8rv6khln"}
{"type":"log","timestamp":1701862533793,"level":"debug","message":"Base url not specified, skipping its injection.","meta":{"rootId":"hpuqpdqkc3bzu5w","id":"hpuqpdqkc3bzu5w"},"id":"rdqtur0xmlm2cft","previousOperationId":"yz5ltvz8rv6khln"}
{"type":"log","timestamp":1701862533795,"level":"debug","message":"Replaced assets [\"styles.css\"]","meta":{"rootId":"hpuqpdqkc3bzu5w","id":"hpuqpdqkc3bzu5w"},"id":"14vh3ceia66a4p9","previousOperationId":"yz5ltvz8rv6khln"}
{"type":"operationStart","subtype":"engine","name":"handlebars","timestamp":1701862533795,"id":"rk0s319zp62swrw","previousEventId":"ccmcvt47fauatsk","operationId":"a7m99ixhlf4uiwh","previousOperationId":"yz5ltvz8rv6khln"}
{"type":"log","timestamp":1701862533795,"level":"debug","message":"Rendering engine handlebars","meta":{"rootId":"hpuqpdqkc3bzu5w","id":"hpuqpdqkc3bzu5w"},"id":"il0ilhc53gh7qvs","previousOperationId":"a7m99ixhlf4uiwh"}
{"type":"operationEnd","operationId":"a7m99ixhlf4uiwh","timestamp":1701862533804,"id":"4naonjooic2ml5c","previousEventId":"rk0s319zp62swrw","previousOperationId":"a7m99ixhlf4uiwh"}
{"type":"operationStart","subtype":"recipe","name":"chrome-pdf","timestamp":1701862533804,"id":"izoslkbpjl45nra","previousEventId":"4naonjooic2ml5c","operationId":"h5a8zgsw8wzzdcb","previousOperationId":"a7m99ixhlf4uiwh"}
{"type":"log","timestamp":1701862533804,"level":"debug","message":"Executing recipe chrome-pdf","meta":{"rootId":"hpuqpdqkc3bzu5w","id":"hpuqpdqkc3bzu5w"},"id":"psh9tu1fgjdwh3w","previousOperationId":"h5a8zgsw8wzzdcb"}
{"type":"log","timestamp":1701862533805,"level":"debug","message":"Converting with chrome HeadlessChrome/117.0.5938.149 using chrome-pool strategy","meta":{"rootId":"hpuqpdqkc3bzu5w","id":"hpuqpdqkc3bzu5w"},"id":"qjdgnzlkgkpiczz","previousOperationId":"h5a8zgsw8wzzdcb"}
{"type":"log","timestamp":1701862533857,"level":"debug","message":"Page request: GET (document) file:///var/folders/dp/qk79pfcj0y1fmtkkl08m76rc0000gn/T/jsreport/autocleanup/b36e9b29-dad1-4e21-aa3d-5834b168d049-chrome-pdf.html","meta":{"rootId":"hpuqpdqkc3bzu5w","id":"hpuqpdqkc3bzu5w"},"id":"u9fjhchco5uuyyx","previousOperationId":"h5a8zgsw8wzzdcb"}
{"type":"log","timestamp":1701862533862,"level":"debug","message":"Page request finished: GET (document) 200 file:///var/folders/dp/qk79pfcj0y1fmtkkl08m76rc0000gn/T/jsreport/autocleanup/b36e9b29-dad1-4e21-aa3d-5834b168d049-chrome-pdf.html","meta":{"rootId":"hpuqpdqkc3bzu5w","id":"hpuqpdqkc3bzu5w"},"id":"42m84hqzdj65yd5","previousOperationId":"h5a8zgsw8wzzdcb"}
{"type":"log","timestamp":1701862533874,"level":"debug","message":"Running chrome with params {\"printBackground\":true,\"width\":\"68mm\",\"height\":\"45cm\",\"timeout\":59974,\"margin\":{}}","meta":{"rootId":"hpuqpdqkc3bzu5w","id":"hpuqpdqkc3bzu5w"},"id":"l75f8qgb7eeo78n","previousOperationId":"h5a8zgsw8wzzdcb"}
{"type":"operationEnd","operationId":"h5a8zgsw8wzzdcb","timestamp":1701862533895,"id":"a6rjj7c3lxp9k6a","previousEventId":"izoslkbpjl45nra","previousOperationId":"h5a8zgsw8wzzdcb"}
{"type":"log","timestamp":1701862533895,"level":"debug","message":"Skipping storing report.","meta":{"rootId":"hpuqpdqkc3bzu5w","id":"hpuqpdqkc3bzu5w"},"id":"46maa20s1jq4nbu","previousOperationId":"h5a8zgsw8wzzdcb"}
{"type":"log","timestamp":1701862533895,"level":"info","message":"Rendering request 123 finished in 116 ms","meta":{"rootId":"hpuqpdqkc3bzu5w","id":"hpuqpdqkc3bzu5w"},"id":"npabsy2a1mih6qu","previousOperationId":"h5a8zgsw8wzzdcb"}
{"type":"operationEnd","subtype":"render","operationId":"yz5ltvz8rv6khln","timestamp":1701862533895,"id":"d2xxg5gop1rebv7","previousEventId":"a6rjj7c3lxp9k6a","previousOperationId":"h5a8zgsw8wzzdcb"}
{"type":"operationEnd","doDiffs":false,"previousEventId":"r3tn910n50nr1af","previousOperationId":"anakg046qgj0frn","operationId":"anakg046qgj0frn","timestamp":1701862533904,"id":"kvioq22w9s0xf1v"}
