{"type":"operationStart","subtype":"profile","data":{"_id":"KmHIcGDKTS78gT43","timestamp":"2023-12-04T09:15:52.573Z","state":"queued","mode":"standard","creationDate":"2023-12-04T09:15:52.574Z","modificationDate":"2023-12-04T09:15:52.574Z","shortid":"M7lMWM5","$entitySet":"profiles"},"doDiffs":false,"timestamp":1701681352573,"id":"d5h5xofdqlihx94","previousOperationId":null,"operationId":"smx6dh5cu1wxa58"}
{"type":"log","level":"info","message":"Render request 41 queued for execution and waiting for available worker","previousOperationId":"smx6dh5cu1wxa58","timestamp":1701681352574,"id":"cayl4pi95wvyzx6"}
{"type":"operationStart","subtype":"render","name":"pp_index","previousOperationId":"smx6dh5cu1wxa58","timestamp":1701681352582,"id":"pkuqojvqbjmw7yv","previousEventId":"d5h5xofdqlihx94","operationId":"trncbgcqsu5blmw"}
{"type":"log","timestamp":1701681352582,"level":"info","message":"Starting rendering request 41","meta":{"rootId":"i698cjq6vs1u37x","id":"i698cjq6vs1u37x"},"id":"8k4tcfca6cx5f04","previousOperationId":"trncbgcqsu5blmw"}
{"type":"log","timestamp":1701681352582,"level":"info","message":"Rendering template { name: pp_index, recipe: chrome-pdf, engine: handlebars, preview: true }","meta":{"rootId":"i698cjq6vs1u37x","id":"i698cjq6vs1u37x"},"id":"dtlyefj5e4ekhp0","previousOperationId":"trncbgcqsu5blmw"}
{"type":"log","timestamp":1701681352583,"level":"debug","message":"Inline data specified.","meta":{"rootId":"i698cjq6vs1u37x","id":"i698cjq6vs1u37x"},"id":"yku8rzdvhavkryu","previousOperationId":"trncbgcqsu5blmw"}
{"type":"log","timestamp":1701681352585,"level":"debug","message":"Base url not specified, skipping its injection.","meta":{"rootId":"i698cjq6vs1u37x","id":"i698cjq6vs1u37x"},"id":"gdtvrdaggxok5sk","previousOperationId":"trncbgcqsu5blmw"}
{"type":"operationStart","subtype":"engine","name":"handlebars","timestamp":1701681352585,"id":"wpba7pznkzjylrp","previousEventId":"pkuqojvqbjmw7yv","operationId":"7slg58ta03k32uu","previousOperationId":"trncbgcqsu5blmw"}
{"type":"log","timestamp":1701681352585,"level":"debug","message":"Rendering engine handlebars","meta":{"rootId":"i698cjq6vs1u37x","id":"i698cjq6vs1u37x"},"id":"vix079ljyxpoeu2","previousOperationId":"7slg58ta03k32uu"}
{"type":"operationEnd","operationId":"7slg58ta03k32uu","timestamp":1701681352595,"id":"irxz51vvg7qm6ry","previousEventId":"wpba7pznkzjylrp","previousOperationId":"7slg58ta03k32uu"}
{"type":"operationStart","subtype":"recipe","name":"chrome-pdf","timestamp":1701681352595,"id":"1hl202tb2z6jy1e","previousEventId":"irxz51vvg7qm6ry","operationId":"iu13jhs05la84fg","previousOperationId":"7slg58ta03k32uu"}
{"type":"log","timestamp":1701681352595,"level":"debug","message":"Executing recipe chrome-pdf","meta":{"rootId":"i698cjq6vs1u37x","id":"i698cjq6vs1u37x"},"id":"zfk7iavfpuw4kil","previousOperationId":"iu13jhs05la84fg"}
{"type":"log","timestamp":1701681352597,"level":"debug","message":"Converting with chrome HeadlessChrome/117.0.5938.149 using chrome-pool strategy","meta":{"rootId":"i698cjq6vs1u37x","id":"i698cjq6vs1u37x"},"id":"5ewnlhlvp5jtist","previousOperationId":"iu13jhs05la84fg"}
{"type":"log","timestamp":1701681352647,"level":"debug","message":"Page request: GET (document) file:///var/folders/dp/qk79pfcj0y1fmtkkl08m76rc0000gn/T/jsreport/autocleanup/8c50b34d-9b54-4d7d-823e-316a01f5e843-chrome-pdf.html","meta":{"rootId":"i698cjq6vs1u37x","id":"i698cjq6vs1u37x"},"id":"f0a1ggev4oy7rbo","previousOperationId":"iu13jhs05la84fg"}
{"type":"log","timestamp":1701681352653,"level":"debug","message":"Page request finished: GET (document) 200 file:///var/folders/dp/qk79pfcj0y1fmtkkl08m76rc0000gn/T/jsreport/autocleanup/8c50b34d-9b54-4d7d-823e-316a01f5e843-chrome-pdf.html","meta":{"rootId":"i698cjq6vs1u37x","id":"i698cjq6vs1u37x"},"id":"hn16az6fbjeexgp","previousOperationId":"iu13jhs05la84fg"}
{"type":"log","timestamp":1701681352665,"level":"debug","message":"Running chrome with params {\"printBackground\":true,\"timeout\":59977,\"margin\":{}}","meta":{"rootId":"i698cjq6vs1u37x","id":"i698cjq6vs1u37x"},"id":"1jblimpmrldomgc","previousOperationId":"iu13jhs05la84fg"}
{"type":"operationEnd","operationId":"iu13jhs05la84fg","timestamp":1701681352686,"id":"rpz71i6eihozrtb","previousEventId":"1hl202tb2z6jy1e","previousOperationId":"iu13jhs05la84fg"}
{"type":"log","timestamp":1701681352686,"level":"debug","message":"Skipping storing report.","meta":{"rootId":"i698cjq6vs1u37x","id":"i698cjq6vs1u37x"},"id":"sxldkx7ebe3mcc4","previousOperationId":"iu13jhs05la84fg"}
{"type":"log","timestamp":1701681352686,"level":"info","message":"Rendering request 41 finished in 113 ms","meta":{"rootId":"i698cjq6vs1u37x","id":"i698cjq6vs1u37x"},"id":"zmk7fjjleripc2v","previousOperationId":"iu13jhs05la84fg"}
{"type":"operationEnd","subtype":"render","operationId":"trncbgcqsu5blmw","timestamp":1701681352686,"id":"7zkj6alcqfnatyu","previousEventId":"rpz71i6eihozrtb","previousOperationId":"iu13jhs05la84fg"}
{"type":"operationEnd","doDiffs":false,"previousEventId":"d5h5xofdqlihx94","previousOperationId":"smx6dh5cu1wxa58","operationId":"smx6dh5cu1wxa58","timestamp":1701681352687,"id":"r610i0qzv1ospnc"}
