{"type":"operationStart","subtype":"profile","data":{"_id":"LH9Ihf9RMjkXeVmH","timestamp":"2023-12-04T13:09:00.191Z","state":"queued","mode":"standard","creationDate":"2023-12-04T13:09:00.194Z","modificationDate":"2023-12-04T13:09:00.194Z","shortid":"e67XHwF","$entitySet":"profiles"},"doDiffs":false,"timestamp":1701695340193,"id":"yeshvwj1o8qfvs6","previousOperationId":null,"operationId":"zafq9u08mx3ztwc"}
{"type":"log","level":"info","message":"Render request 29 queued for execution and waiting for available worker","previousOperationId":"zafq9u08mx3ztwc","timestamp":1701695340193,"id":"is4l7av5d47qvdb"}
{"type":"operationStart","subtype":"render","name":"pp_index","previousOperationId":"zafq9u08mx3ztwc","timestamp":1701695340208,"id":"eqavs25tvp0lsm4","previousEventId":"yeshvwj1o8qfvs6","operationId":"54vqjr6odqmvj7o"}
{"type":"log","timestamp":1701695340208,"level":"info","message":"Starting rendering request 29","meta":{"rootId":"i8u8vi351xdv5ar","id":"i8u8vi351xdv5ar"},"id":"li0m14b3rux6vb2","previousOperationId":"54vqjr6odqmvj7o"}
{"type":"log","timestamp":1701695340209,"level":"info","message":"Rendering template { name: pp_index, recipe: chrome-pdf, engine: handlebars, preview: true }","meta":{"rootId":"i8u8vi351xdv5ar","id":"i8u8vi351xdv5ar"},"id":"2j74pwvspvjdgcb","previousOperationId":"54vqjr6odqmvj7o"}
{"type":"log","timestamp":1701695340210,"level":"debug","message":"Adding sample data PH9LTzd4s","meta":{"rootId":"i8u8vi351xdv5ar","id":"i8u8vi351xdv5ar"},"id":"sj68puus05i43q8","previousOperationId":"54vqjr6odqmvj7o"}
{"type":"log","timestamp":1701695340212,"level":"debug","message":"Base url not specified, skipping its injection.","meta":{"rootId":"i8u8vi351xdv5ar","id":"i8u8vi351xdv5ar"},"id":"wos6np9ryapg9vr","previousOperationId":"54vqjr6odqmvj7o"}
{"type":"log","timestamp":1701695340214,"level":"debug","message":"Replaced assets [\"styles.css\"]","meta":{"rootId":"i8u8vi351xdv5ar","id":"i8u8vi351xdv5ar"},"id":"bkxal9hswdqn2s5","previousOperationId":"54vqjr6odqmvj7o"}
{"type":"operationStart","subtype":"engine","name":"handlebars","timestamp":1701695340214,"id":"66p6pjlwc8n1kbd","previousEventId":"eqavs25tvp0lsm4","operationId":"eun9lt4a5jk36zk","previousOperationId":"54vqjr6odqmvj7o"}
{"type":"log","timestamp":1701695340214,"level":"debug","message":"Rendering engine handlebars","meta":{"rootId":"i8u8vi351xdv5ar","id":"i8u8vi351xdv5ar"},"id":"4mnpl33y0fju2t3","previousOperationId":"eun9lt4a5jk36zk"}
{"type":"operationEnd","operationId":"eun9lt4a5jk36zk","timestamp":1701695340224,"id":"6d9vw7gogorna25","previousEventId":"66p6pjlwc8n1kbd","previousOperationId":"eun9lt4a5jk36zk"}
{"type":"operationStart","subtype":"recipe","name":"chrome-pdf","timestamp":1701695340225,"id":"a3zczqkp10u9u30","previousEventId":"6d9vw7gogorna25","operationId":"ov5osn4w0g6xw8m","previousOperationId":"eun9lt4a5jk36zk"}
{"type":"log","timestamp":1701695340225,"level":"debug","message":"Executing recipe chrome-pdf","meta":{"rootId":"i8u8vi351xdv5ar","id":"i8u8vi351xdv5ar"},"id":"rlm9lhmityd4sux","previousOperationId":"ov5osn4w0g6xw8m"}
{"type":"log","timestamp":1701695340226,"level":"debug","message":"Converting with chrome HeadlessChrome/117.0.5938.149 using chrome-pool strategy","meta":{"rootId":"i8u8vi351xdv5ar","id":"i8u8vi351xdv5ar"},"id":"6esl0i2xkmx9eeg","previousOperationId":"ov5osn4w0g6xw8m"}
{"type":"log","timestamp":1701695340280,"level":"debug","message":"Page request: GET (document) file:///var/folders/dp/qk79pfcj0y1fmtkkl08m76rc0000gn/T/jsreport/autocleanup/6bed9b65-448c-4965-b495-fbe3f9db757a-chrome-pdf.html","meta":{"rootId":"i8u8vi351xdv5ar","id":"i8u8vi351xdv5ar"},"id":"pis4uxr0uy863c2","previousOperationId":"ov5osn4w0g6xw8m"}
{"type":"log","timestamp":1701695340285,"level":"debug","message":"Page request finished: GET (document) 200 file:///var/folders/dp/qk79pfcj0y1fmtkkl08m76rc0000gn/T/jsreport/autocleanup/6bed9b65-448c-4965-b495-fbe3f9db757a-chrome-pdf.html","meta":{"rootId":"i8u8vi351xdv5ar","id":"i8u8vi351xdv5ar"},"id":"wyu57sjoniebtbu","previousOperationId":"ov5osn4w0g6xw8m"}
{"type":"log","timestamp":1701695340294,"level":"debug","message":"Running chrome with params {\"printBackground\":true,\"width\":\"5.8cm\",\"height\":\"40cm\",\"timeout\":59966,\"margin\":{}}","meta":{"rootId":"i8u8vi351xdv5ar","id":"i8u8vi351xdv5ar"},"id":"03fao5uc15hvsnv","previousOperationId":"ov5osn4w0g6xw8m"}
{"type":"operationEnd","operationId":"ov5osn4w0g6xw8m","timestamp":1701695340319,"id":"hb5fi1qd2ehsz5s","previousEventId":"a3zczqkp10u9u30","previousOperationId":"ov5osn4w0g6xw8m"}
{"type":"log","timestamp":1701695340320,"level":"debug","message":"Skipping storing report.","meta":{"rootId":"i8u8vi351xdv5ar","id":"i8u8vi351xdv5ar"},"id":"1tpx32irckbvw4i","previousOperationId":"ov5osn4w0g6xw8m"}
{"type":"log","timestamp":1701695340320,"level":"info","message":"Rendering request 29 finished in 129 ms","meta":{"rootId":"i8u8vi351xdv5ar","id":"i8u8vi351xdv5ar"},"id":"j5jalo91fyyrc1e","previousOperationId":"ov5osn4w0g6xw8m"}
{"type":"operationEnd","subtype":"render","operationId":"54vqjr6odqmvj7o","timestamp":1701695340320,"id":"uxdbfl7xqwp9zyu","previousEventId":"hb5fi1qd2ehsz5s","previousOperationId":"ov5osn4w0g6xw8m"}
{"type":"operationEnd","doDiffs":false,"previousEventId":"yeshvwj1o8qfvs6","previousOperationId":"zafq9u08mx3ztwc","operationId":"zafq9u08mx3ztwc","timestamp":1701695340321,"id":"2g7qgklmu2behog"}
