{"type":"operationStart","subtype":"profile","data":{"_id":"gS2wN3fnpWtZZS2r","timestamp":"2023-12-04T14:11:35.666Z","state":"queued","mode":"standard","creationDate":"2023-12-04T14:11:35.668Z","modificationDate":"2023-12-04T14:11:35.668Z","shortid":"fsDLYcx","$entitySet":"profiles"},"doDiffs":false,"timestamp":1701699095667,"id":"3y3qzdkwuqtd71u","previousOperationId":null,"operationId":"txtb4rp4yfwwj3w"}
{"type":"log","level":"info","message":"Render request 49 queued for execution and waiting for available worker","previousOperationId":"txtb4rp4yfwwj3w","timestamp":1701699095668,"id":"e51cdkc4gct2y7z"}
{"type":"operationStart","subtype":"render","name":"pp_index","previousOperationId":"txtb4rp4yfwwj3w","timestamp":1701699095679,"id":"0yh5rjd5r489p52","previousEventId":"3y3qzdkwuqtd71u","operationId":"al5d2ornqhbxrhr"}
{"type":"log","timestamp":1701699095679,"level":"info","message":"Starting rendering request 49","meta":{"rootId":"ifat1f90qnw3t93","id":"ifat1f90qnw3t93"},"id":"dfplxx4ly3qw343","previousOperationId":"al5d2ornqhbxrhr"}
{"type":"log","timestamp":1701699095679,"level":"info","message":"Rendering template { name: pp_index, recipe: chrome-pdf, engine: handlebars, preview: true }","meta":{"rootId":"ifat1f90qnw3t93","id":"ifat1f90qnw3t93"},"id":"mlq47gv6awmzvlt","previousOperationId":"al5d2ornqhbxrhr"}
{"type":"log","timestamp":1701699095680,"level":"debug","message":"Adding sample data PH9LTzd4s","meta":{"rootId":"ifat1f90qnw3t93","id":"ifat1f90qnw3t93"},"id":"k19661ynlpt9mkt","previousOperationId":"al5d2ornqhbxrhr"}
{"type":"log","timestamp":1701699095681,"level":"debug","message":"Base url not specified, skipping its injection.","meta":{"rootId":"ifat1f90qnw3t93","id":"ifat1f90qnw3t93"},"id":"o0o1fivqcvirh3q","previousOperationId":"al5d2ornqhbxrhr"}
{"type":"log","timestamp":1701699095684,"level":"debug","message":"Replaced assets [\"styles.css\"]","meta":{"rootId":"ifat1f90qnw3t93","id":"ifat1f90qnw3t93"},"id":"r5flmgesm029jzf","previousOperationId":"al5d2ornqhbxrhr"}
{"type":"operationStart","subtype":"engine","name":"handlebars","timestamp":1701699095684,"id":"427w2bwee9h5i34","previousEventId":"0yh5rjd5r489p52","operationId":"o5au87f2ij43di3","previousOperationId":"al5d2ornqhbxrhr"}
{"type":"log","timestamp":1701699095684,"level":"debug","message":"Rendering engine handlebars","meta":{"rootId":"ifat1f90qnw3t93","id":"ifat1f90qnw3t93"},"id":"yngng5hb6mrt6nc","previousOperationId":"o5au87f2ij43di3"}
{"type":"operationEnd","operationId":"o5au87f2ij43di3","timestamp":1701699095706,"id":"27s0xt4r3yc8k5p","previousEventId":"427w2bwee9h5i34","previousOperationId":"o5au87f2ij43di3"}
{"type":"operationStart","subtype":"recipe","name":"chrome-pdf","timestamp":1701699095707,"id":"zu3ub46bhzfsa0l","previousEventId":"27s0xt4r3yc8k5p","operationId":"24dxr1ydthw7s96","previousOperationId":"o5au87f2ij43di3"}
{"type":"log","timestamp":1701699095707,"level":"debug","message":"Executing recipe chrome-pdf","meta":{"rootId":"ifat1f90qnw3t93","id":"ifat1f90qnw3t93"},"id":"3oh6gl90zfcgl2s","previousOperationId":"24dxr1ydthw7s96"}
{"type":"log","timestamp":1701699095708,"level":"debug","message":"Converting with chrome HeadlessChrome/117.0.5938.149 using chrome-pool strategy","meta":{"rootId":"ifat1f90qnw3t93","id":"ifat1f90qnw3t93"},"id":"g5q5yyw75zdfqzy","previousOperationId":"24dxr1ydthw7s96"}
{"type":"log","timestamp":1701699095760,"level":"debug","message":"Page request: GET (document) file:///var/folders/dp/qk79pfcj0y1fmtkkl08m76rc0000gn/T/jsreport/autocleanup/f2d8aa33-6887-460d-b1a3-9c0efb087e05-chrome-pdf.html","meta":{"rootId":"ifat1f90qnw3t93","id":"ifat1f90qnw3t93"},"id":"cr4thqgve4u9m8g","previousOperationId":"24dxr1ydthw7s96"}
{"type":"log","timestamp":1701699095765,"level":"debug","message":"Page request finished: GET (document) 200 file:///var/folders/dp/qk79pfcj0y1fmtkkl08m76rc0000gn/T/jsreport/autocleanup/f2d8aa33-6887-460d-b1a3-9c0efb087e05-chrome-pdf.html","meta":{"rootId":"ifat1f90qnw3t93","id":"ifat1f90qnw3t93"},"id":"dhqme90jpsiluyt","previousOperationId":"24dxr1ydthw7s96"}
{"type":"log","timestamp":1701699095777,"level":"debug","message":"Running chrome with params {\"printBackground\":true,\"width\":\"5.8cm\",\"height\":\"40cm\",\"timeout\":59959,\"margin\":{}}","meta":{"rootId":"ifat1f90qnw3t93","id":"ifat1f90qnw3t93"},"id":"cbmgoczkiwujrcj","previousOperationId":"24dxr1ydthw7s96"}
{"type":"operationEnd","operationId":"24dxr1ydthw7s96","timestamp":1701699095803,"id":"390od5mrhl9a2yy","previousEventId":"zu3ub46bhzfsa0l","previousOperationId":"24dxr1ydthw7s96"}
{"type":"log","timestamp":1701699095803,"level":"debug","message":"Skipping storing report.","meta":{"rootId":"ifat1f90qnw3t93","id":"ifat1f90qnw3t93"},"id":"buufuo5oa1i6a1y","previousOperationId":"24dxr1ydthw7s96"}
{"type":"log","timestamp":1701699095803,"level":"info","message":"Rendering request 49 finished in 137 ms","meta":{"rootId":"ifat1f90qnw3t93","id":"ifat1f90qnw3t93"},"id":"y2w8fludwvak8ra","previousOperationId":"24dxr1ydthw7s96"}
{"type":"operationEnd","subtype":"render","operationId":"al5d2ornqhbxrhr","timestamp":1701699095803,"id":"uen35rh9jz16etf","previousEventId":"390od5mrhl9a2yy","previousOperationId":"24dxr1ydthw7s96"}
{"type":"operationEnd","doDiffs":false,"previousEventId":"3y3qzdkwuqtd71u","previousOperationId":"txtb4rp4yfwwj3w","operationId":"txtb4rp4yfwwj3w","timestamp":1701699095804,"id":"ds604ge5noa5h5x"}
