{"type":"operationStart","subtype":"profile","data":{"_id":"2iFRzF9Pfb463VXy","timestamp":"2023-12-05T08:04:18.892Z","state":"queued","mode":"standard","creationDate":"2023-12-05T08:04:18.894Z","modificationDate":"2023-12-05T08:04:18.894Z","shortid":"DT05Qgk","$entitySet":"profiles"},"doDiffs":false,"timestamp":1701763458893,"id":"qof602nhp3h4pqm","previousOperationId":null,"operationId":"it1kbzegt5oqhml"}
{"type":"log","level":"info","message":"Render request 8 queued for execution and waiting for available worker","previousOperationId":"it1kbzegt5oqhml","timestamp":1701763458893,"id":"lgqgrx8dgvbfq1p"}
{"type":"operationStart","subtype":"render","name":"pp_index","previousOperationId":"it1kbzegt5oqhml","timestamp":1701763458902,"id":"ckqwspx3n2s5fq6","previousEventId":"qof602nhp3h4pqm","operationId":"18wc9kx7u2f32u1"}
{"type":"log","timestamp":1701763458902,"level":"info","message":"Starting rendering request 8","meta":{"rootId":"ii1uugx2qlebcsd","id":"ii1uugx2qlebcsd"},"id":"v7hxexws7jsgbmu","previousOperationId":"18wc9kx7u2f32u1"}
{"type":"log","timestamp":1701763458902,"level":"info","message":"Rendering template { name: pp_index, recipe: chrome-pdf, engine: handlebars, preview: true }","meta":{"rootId":"ii1uugx2qlebcsd","id":"ii1uugx2qlebcsd"},"id":"lm0af7ublyty0rb","previousOperationId":"18wc9kx7u2f32u1"}
{"type":"log","timestamp":1701763458903,"level":"debug","message":"Adding sample data PH9LTzd4s","meta":{"rootId":"ii1uugx2qlebcsd","id":"ii1uugx2qlebcsd"},"id":"mjs5gtizuq0nzpl","previousOperationId":"18wc9kx7u2f32u1"}
{"type":"log","timestamp":1701763458904,"level":"debug","message":"Base url not specified, skipping its injection.","meta":{"rootId":"ii1uugx2qlebcsd","id":"ii1uugx2qlebcsd"},"id":"sb6n55ccteyr6cu","previousOperationId":"18wc9kx7u2f32u1"}
{"type":"log","timestamp":1701763458909,"level":"debug","message":"Replaced assets [\"styles.css\"]","meta":{"rootId":"ii1uugx2qlebcsd","id":"ii1uugx2qlebcsd"},"id":"n4822pqgisdwhse","previousOperationId":"18wc9kx7u2f32u1"}
{"type":"operationStart","subtype":"engine","name":"handlebars","timestamp":1701763458909,"id":"vd3flno7g5qrhsd","previousEventId":"ckqwspx3n2s5fq6","operationId":"2og5hm5z2dbnfc6","previousOperationId":"18wc9kx7u2f32u1"}
{"type":"log","timestamp":1701763458909,"level":"debug","message":"Rendering engine handlebars","meta":{"rootId":"ii1uugx2qlebcsd","id":"ii1uugx2qlebcsd"},"id":"9hrv6ul9suai2f9","previousOperationId":"2og5hm5z2dbnfc6"}
{"type":"operationEnd","operationId":"2og5hm5z2dbnfc6","timestamp":1701763458935,"id":"9eh5wqy2cvju2ef","previousEventId":"vd3flno7g5qrhsd","previousOperationId":"2og5hm5z2dbnfc6"}
{"type":"operationStart","subtype":"recipe","name":"chrome-pdf","timestamp":1701763458935,"id":"2c4083lozplygmo","previousEventId":"9eh5wqy2cvju2ef","operationId":"bt74c9p1h9nlq2l","previousOperationId":"2og5hm5z2dbnfc6"}
{"type":"log","timestamp":1701763458935,"level":"debug","message":"Executing recipe chrome-pdf","meta":{"rootId":"ii1uugx2qlebcsd","id":"ii1uugx2qlebcsd"},"id":"wsb9klwhehtpap9","previousOperationId":"bt74c9p1h9nlq2l"}
{"type":"log","timestamp":1701763458937,"level":"debug","message":"Converting with chrome HeadlessChrome/117.0.5938.149 using chrome-pool strategy","meta":{"rootId":"ii1uugx2qlebcsd","id":"ii1uugx2qlebcsd"},"id":"2o92z2itggx3c63","previousOperationId":"bt74c9p1h9nlq2l"}
{"type":"log","timestamp":1701763458984,"level":"debug","message":"Page request: GET (document) file:///var/folders/dp/qk79pfcj0y1fmtkkl08m76rc0000gn/T/jsreport/autocleanup/ab25cd41-4e34-4d3e-b135-19cce686134a-chrome-pdf.html","meta":{"rootId":"ii1uugx2qlebcsd","id":"ii1uugx2qlebcsd"},"id":"fcjevm0f7z8d9bj","previousOperationId":"bt74c9p1h9nlq2l"}
{"type":"log","timestamp":1701763458989,"level":"debug","message":"Page request finished: GET (document) 200 file:///var/folders/dp/qk79pfcj0y1fmtkkl08m76rc0000gn/T/jsreport/autocleanup/ab25cd41-4e34-4d3e-b135-19cce686134a-chrome-pdf.html","meta":{"rootId":"ii1uugx2qlebcsd","id":"ii1uugx2qlebcsd"},"id":"4tm8lazu0a43mlc","previousOperationId":"bt74c9p1h9nlq2l"}
{"type":"log","timestamp":1701763459000,"level":"debug","message":"Running chrome with params {\"printBackground\":true,\"width\":\"5.8cm\",\"height\":\"21cm\",\"timeout\":59956,\"margin\":{}}","meta":{"rootId":"ii1uugx2qlebcsd","id":"ii1uugx2qlebcsd"},"id":"x2gihnp375d75qi","previousOperationId":"bt74c9p1h9nlq2l"}
{"type":"operationEnd","operationId":"bt74c9p1h9nlq2l","timestamp":1701763459031,"id":"bh02lnehzg5p1ja","previousEventId":"2c4083lozplygmo","previousOperationId":"bt74c9p1h9nlq2l"}
{"type":"log","timestamp":1701763459031,"level":"debug","message":"Skipping storing report.","meta":{"rootId":"ii1uugx2qlebcsd","id":"ii1uugx2qlebcsd"},"id":"9dvkqfc338oo98y","previousOperationId":"bt74c9p1h9nlq2l"}
{"type":"log","timestamp":1701763459031,"level":"info","message":"Rendering request 8 finished in 139 ms","meta":{"rootId":"ii1uugx2qlebcsd","id":"ii1uugx2qlebcsd"},"id":"j1jbi3g0ggre5zv","previousOperationId":"bt74c9p1h9nlq2l"}
{"type":"operationEnd","subtype":"render","operationId":"18wc9kx7u2f32u1","timestamp":1701763459031,"id":"xwz2y02gu8gtmhi","previousEventId":"bh02lnehzg5p1ja","previousOperationId":"bt74c9p1h9nlq2l"}
{"type":"operationEnd","doDiffs":false,"previousEventId":"qof602nhp3h4pqm","previousOperationId":"it1kbzegt5oqhml","operationId":"it1kbzegt5oqhml","timestamp":1701763459033,"id":"o8biwvae7v9l0ga"}
