{"type":"operationStart","subtype":"profile","data":{"_id":"jpx1NC68VMlblfwl","timestamp":"2023-12-05T08:24:22.690Z","state":"queued","mode":"standard","creationDate":"2023-12-05T08:24:22.691Z","modificationDate":"2023-12-05T08:24:22.691Z","shortid":"QDrId6X","$entitySet":"profiles"},"doDiffs":false,"timestamp":1701764662690,"id":"e8hw3g01ryxujsp","previousOperationId":null,"operationId":"kj0i9lixkpigw4o"}
{"type":"log","level":"info","message":"Render request 13 queued for execution and waiting for available worker","previousOperationId":"kj0i9lixkpigw4o","timestamp":1701764662690,"id":"rysse2ofhf6npid"}
{"type":"operationStart","subtype":"render","name":"pp_index","previousOperationId":"kj0i9lixkpigw4o","timestamp":1701764662696,"id":"t00yti15ld72pnj","previousEventId":"e8hw3g01ryxujsp","operationId":"emfw6nidqsfqtr7"}
{"type":"log","timestamp":1701764662696,"level":"info","message":"Starting rendering request 13","meta":{"rootId":"iix4jia30zknyor","id":"iix4jia30zknyor"},"id":"7d2bbp69592rg7q","previousOperationId":"emfw6nidqsfqtr7"}
{"type":"log","timestamp":1701764662696,"level":"info","message":"Rendering template { name: pp_index, recipe: chrome-pdf, engine: handlebars, preview: true }","meta":{"rootId":"iix4jia30zknyor","id":"iix4jia30zknyor"},"id":"fcpuz176mq742vc","previousOperationId":"emfw6nidqsfqtr7"}
{"type":"log","timestamp":1701764662698,"level":"debug","message":"Adding sample data PH9LTzd4s","meta":{"rootId":"iix4jia30zknyor","id":"iix4jia30zknyor"},"id":"sqp5a29j3g3ts1i","previousOperationId":"emfw6nidqsfqtr7"}
{"type":"log","timestamp":1701764662699,"level":"debug","message":"Base url not specified, skipping its injection.","meta":{"rootId":"iix4jia30zknyor","id":"iix4jia30zknyor"},"id":"ol6vhqi3edk8amh","previousOperationId":"emfw6nidqsfqtr7"}
{"type":"log","timestamp":1701764662703,"level":"debug","message":"Replaced assets [\"styles.css\"]","meta":{"rootId":"iix4jia30zknyor","id":"iix4jia30zknyor"},"id":"ng6fkiz1x2to4mm","previousOperationId":"emfw6nidqsfqtr7"}
{"type":"operationStart","subtype":"engine","name":"handlebars","timestamp":1701764662703,"id":"m2a85qcpqqijrvm","previousEventId":"t00yti15ld72pnj","operationId":"qde90czidwpplgr","previousOperationId":"emfw6nidqsfqtr7"}
{"type":"log","timestamp":1701764662703,"level":"debug","message":"Rendering engine handlebars","meta":{"rootId":"iix4jia30zknyor","id":"iix4jia30zknyor"},"id":"69dl2vl52efj5r9","previousOperationId":"qde90czidwpplgr"}
{"type":"operationEnd","operationId":"qde90czidwpplgr","timestamp":1701764662715,"id":"a9s0csh1h16vcbd","previousEventId":"m2a85qcpqqijrvm","previousOperationId":"qde90czidwpplgr"}
{"type":"operationStart","subtype":"recipe","name":"chrome-pdf","timestamp":1701764662715,"id":"qpw6byv07dsnuka","previousEventId":"a9s0csh1h16vcbd","operationId":"urgr6ugz8p5s29x","previousOperationId":"qde90czidwpplgr"}
{"type":"log","timestamp":1701764662715,"level":"debug","message":"Executing recipe chrome-pdf","meta":{"rootId":"iix4jia30zknyor","id":"iix4jia30zknyor"},"id":"gxfmdt26weeoyov","previousOperationId":"urgr6ugz8p5s29x"}
{"type":"log","timestamp":1701764662717,"level":"debug","message":"Converting with chrome HeadlessChrome/117.0.5938.149 using chrome-pool strategy","meta":{"rootId":"iix4jia30zknyor","id":"iix4jia30zknyor"},"id":"rexxs111k3zyevt","previousOperationId":"urgr6ugz8p5s29x"}
{"type":"log","timestamp":1701764662769,"level":"debug","message":"Page request: GET (document) file:///var/folders/dp/qk79pfcj0y1fmtkkl08m76rc0000gn/T/jsreport/autocleanup/a553eb59-84cf-45d2-afb5-9d4b3b851a04-chrome-pdf.html","meta":{"rootId":"iix4jia30zknyor","id":"iix4jia30zknyor"},"id":"0jfulrhrqop9wyz","previousOperationId":"urgr6ugz8p5s29x"}
{"type":"log","timestamp":1701764662774,"level":"debug","message":"Page request finished: GET (document) 200 file:///var/folders/dp/qk79pfcj0y1fmtkkl08m76rc0000gn/T/jsreport/autocleanup/a553eb59-84cf-45d2-afb5-9d4b3b851a04-chrome-pdf.html","meta":{"rootId":"iix4jia30zknyor","id":"iix4jia30zknyor"},"id":"mu1i6jim8zw3c6x","previousOperationId":"urgr6ugz8p5s29x"}
{"type":"log","timestamp":1701764662784,"level":"debug","message":"Running chrome with params {\"printBackground\":true,\"width\":\"5.8cm\",\"height\":\"21cm\",\"timeout\":59973,\"margin\":{}}","meta":{"rootId":"iix4jia30zknyor","id":"iix4jia30zknyor"},"id":"1koclatul07sqxh","previousOperationId":"urgr6ugz8p5s29x"}
{"type":"operationEnd","operationId":"urgr6ugz8p5s29x","timestamp":1701764662807,"id":"h1k6d0i3dw33b0b","previousEventId":"qpw6byv07dsnuka","previousOperationId":"urgr6ugz8p5s29x"}
{"type":"log","timestamp":1701764662807,"level":"debug","message":"Skipping storing report.","meta":{"rootId":"iix4jia30zknyor","id":"iix4jia30zknyor"},"id":"s3emf059iy7swpu","previousOperationId":"urgr6ugz8p5s29x"}
{"type":"log","timestamp":1701764662807,"level":"info","message":"Rendering request 13 finished in 118 ms","meta":{"rootId":"iix4jia30zknyor","id":"iix4jia30zknyor"},"id":"h6uwwwg2idumkad","previousOperationId":"urgr6ugz8p5s29x"}
{"type":"operationEnd","subtype":"render","operationId":"emfw6nidqsfqtr7","timestamp":1701764662807,"id":"t00io26tcmyvf0s","previousEventId":"h1k6d0i3dw33b0b","previousOperationId":"urgr6ugz8p5s29x"}
{"type":"operationEnd","doDiffs":false,"previousEventId":"e8hw3g01ryxujsp","previousOperationId":"kj0i9lixkpigw4o","operationId":"kj0i9lixkpigw4o","timestamp":1701764662808,"id":"77iynykjmxdfq7u"}
