{"type":"operationStart","subtype":"profile","data":{"_id":"txkNseBNro0I69W1","timestamp":"2023-12-04T08:52:08.266Z","state":"queued","mode":"standard","creationDate":"2023-12-04T08:52:08.268Z","modificationDate":"2023-12-04T08:52:08.268Z","shortid":"og-IF4x","$entitySet":"profiles"},"doDiffs":false,"timestamp":1701679928267,"id":"cnf1ae9w95augxz","previousOperationId":null,"operationId":"rzcd12rkiix7jht"}
{"type":"log","level":"info","message":"Render request 18 queued for execution and waiting for available worker","previousOperationId":"rzcd12rkiix7jht","timestamp":1701679928267,"id":"l3zvwi0pv4vg3ur"}
{"type":"operationStart","subtype":"render","name":"pp_index","previousOperationId":"rzcd12rkiix7jht","timestamp":1701679928281,"id":"v9fx5p69080dmo1","previousEventId":"cnf1ae9w95augxz","operationId":"4mybebmjdbswxv8"}
{"type":"log","timestamp":1701679928282,"level":"info","message":"Starting rendering request 18","meta":{"rootId":"iv3u2hyv67u29yc","id":"iv3u2hyv67u29yc"},"id":"xc6mn14ulbjx6de","previousOperationId":"4mybebmjdbswxv8"}
{"type":"log","timestamp":1701679928282,"level":"info","message":"Rendering template { name: pp_index, recipe: chrome-pdf, engine: handlebars, preview: true }","meta":{"rootId":"iv3u2hyv67u29yc","id":"iv3u2hyv67u29yc"},"id":"twu3fjtwxr921vs","previousOperationId":"4mybebmjdbswxv8"}
{"type":"log","timestamp":1701679928282,"level":"debug","message":"Inline data specified.","meta":{"rootId":"iv3u2hyv67u29yc","id":"iv3u2hyv67u29yc"},"id":"ni4yakoz63e9drn","previousOperationId":"4mybebmjdbswxv8"}
{"type":"log","timestamp":1701679928283,"level":"debug","message":"Base url not specified, skipping its injection.","meta":{"rootId":"iv3u2hyv67u29yc","id":"iv3u2hyv67u29yc"},"id":"ntukb69hbuoz5lp","previousOperationId":"4mybebmjdbswxv8"}
{"type":"operationStart","subtype":"engine","name":"handlebars","timestamp":1701679928284,"id":"fbsfpq4pfzcyi7u","previousEventId":"v9fx5p69080dmo1","operationId":"78tk39c2g333yu2","previousOperationId":"4mybebmjdbswxv8"}
{"type":"log","timestamp":1701679928284,"level":"debug","message":"Rendering engine handlebars","meta":{"rootId":"iv3u2hyv67u29yc","id":"iv3u2hyv67u29yc"},"id":"gz81e8wht3n7o8s","previousOperationId":"78tk39c2g333yu2"}
{"type":"operationEnd","operationId":"78tk39c2g333yu2","timestamp":1701679928294,"id":"opw0lxnvx47c9ct","previousEventId":"fbsfpq4pfzcyi7u","previousOperationId":"78tk39c2g333yu2"}
{"type":"operationStart","subtype":"recipe","name":"chrome-pdf","timestamp":1701679928294,"id":"laxu5t9ykh3g8lb","previousEventId":"opw0lxnvx47c9ct","operationId":"hfyxtlqi7tw5c6a","previousOperationId":"78tk39c2g333yu2"}
{"type":"log","timestamp":1701679928294,"level":"debug","message":"Executing recipe chrome-pdf","meta":{"rootId":"iv3u2hyv67u29yc","id":"iv3u2hyv67u29yc"},"id":"5vz6dd67har7z6i","previousOperationId":"hfyxtlqi7tw5c6a"}
{"type":"log","timestamp":1701679928296,"level":"debug","message":"Converting with chrome HeadlessChrome/117.0.5938.149 using chrome-pool strategy","meta":{"rootId":"iv3u2hyv67u29yc","id":"iv3u2hyv67u29yc"},"id":"ta300dp3kqbn2sr","previousOperationId":"hfyxtlqi7tw5c6a"}
{"type":"log","timestamp":1701679928346,"level":"debug","message":"Page request: GET (document) file:///var/folders/dp/qk79pfcj0y1fmtkkl08m76rc0000gn/T/jsreport/autocleanup/3702a7ae-405a-4742-8688-dc35a30287eb-chrome-pdf.html","meta":{"rootId":"iv3u2hyv67u29yc","id":"iv3u2hyv67u29yc"},"id":"qe0a63nwm1mvfsx","previousOperationId":"hfyxtlqi7tw5c6a"}
{"type":"log","timestamp":1701679928351,"level":"debug","message":"Page request finished: GET (document) 200 file:///var/folders/dp/qk79pfcj0y1fmtkkl08m76rc0000gn/T/jsreport/autocleanup/3702a7ae-405a-4742-8688-dc35a30287eb-chrome-pdf.html","meta":{"rootId":"iv3u2hyv67u29yc","id":"iv3u2hyv67u29yc"},"id":"l3ft986xebfnieo","previousOperationId":"hfyxtlqi7tw5c6a"}
{"type":"log","timestamp":1701679928362,"level":"debug","message":"Running chrome with params {\"printBackground\":true,\"timeout\":59971,\"margin\":{}}","meta":{"rootId":"iv3u2hyv67u29yc","id":"iv3u2hyv67u29yc"},"id":"g0jciwgcssgmmb9","previousOperationId":"hfyxtlqi7tw5c6a"}
{"type":"operationEnd","operationId":"hfyxtlqi7tw5c6a","timestamp":1701679928380,"id":"pi87bavxz5s3zd7","previousEventId":"laxu5t9ykh3g8lb","previousOperationId":"hfyxtlqi7tw5c6a"}
{"type":"log","timestamp":1701679928380,"level":"debug","message":"Skipping storing report.","meta":{"rootId":"iv3u2hyv67u29yc","id":"iv3u2hyv67u29yc"},"id":"lf47or23eflf9jt","previousOperationId":"hfyxtlqi7tw5c6a"}
{"type":"log","timestamp":1701679928380,"level":"info","message":"Rendering request 18 finished in 114 ms","meta":{"rootId":"iv3u2hyv67u29yc","id":"iv3u2hyv67u29yc"},"id":"y8j0e1de09pm8az","previousOperationId":"hfyxtlqi7tw5c6a"}
{"type":"operationEnd","subtype":"render","operationId":"4mybebmjdbswxv8","timestamp":1701679928380,"id":"x81eou5avab34lr","previousEventId":"pi87bavxz5s3zd7","previousOperationId":"hfyxtlqi7tw5c6a"}
{"type":"operationEnd","doDiffs":false,"previousEventId":"cnf1ae9w95augxz","previousOperationId":"rzcd12rkiix7jht","operationId":"rzcd12rkiix7jht","timestamp":1701679928382,"id":"toxbktzdebox07i"}
