{"type":"operationStart","subtype":"profile","data":{"_id":"74w8XebXiFZgFI1e","timestamp":"2023-12-05T08:07:01.076Z","state":"queued","mode":"standard","creationDate":"2023-12-05T08:07:01.077Z","modificationDate":"2023-12-05T08:07:01.077Z","shortid":"bNW3P8W","$entitySet":"profiles"},"doDiffs":false,"timestamp":1701763621076,"id":"8bldzfu6xcugk1v","previousOperationId":null,"operationId":"jygbhjvt7gmoxy6"}
{"type":"log","level":"info","message":"Render request 12 queued for execution and waiting for available worker","previousOperationId":"jygbhjvt7gmoxy6","timestamp":1701763621076,"id":"ns5xwvpsjou8q58"}
{"type":"operationStart","subtype":"render","name":"pp_index","previousOperationId":"jygbhjvt7gmoxy6","timestamp":1701763621089,"id":"rr734w1pm9ocyfm","previousEventId":"8bldzfu6xcugk1v","operationId":"lgym9721w4354vd"}
{"type":"log","timestamp":1701763621089,"level":"info","message":"Starting rendering request 12","meta":{"rootId":"ivawscq9kvtddwc","id":"ivawscq9kvtddwc"},"id":"rc5svaxw9x2jynr","previousOperationId":"lgym9721w4354vd"}
{"type":"log","timestamp":1701763621089,"level":"info","message":"Rendering template { name: pp_index, recipe: chrome-pdf, engine: handlebars, preview: true }","meta":{"rootId":"ivawscq9kvtddwc","id":"ivawscq9kvtddwc"},"id":"8vv1sdac86rbcjr","previousOperationId":"lgym9721w4354vd"}
{"type":"log","timestamp":1701763621090,"level":"debug","message":"Adding sample data PH9LTzd4s","meta":{"rootId":"ivawscq9kvtddwc","id":"ivawscq9kvtddwc"},"id":"2xzqbf6soxk4mj1","previousOperationId":"lgym9721w4354vd"}
{"type":"log","timestamp":1701763621091,"level":"debug","message":"Base url not specified, skipping its injection.","meta":{"rootId":"ivawscq9kvtddwc","id":"ivawscq9kvtddwc"},"id":"cnelcofvy5lcwwi","previousOperationId":"lgym9721w4354vd"}
{"type":"log","timestamp":1701763621097,"level":"debug","message":"Replaced assets [\"styles.css\"]","meta":{"rootId":"ivawscq9kvtddwc","id":"ivawscq9kvtddwc"},"id":"mrmaox6sap39k58","previousOperationId":"lgym9721w4354vd"}
{"type":"operationStart","subtype":"engine","name":"handlebars","timestamp":1701763621097,"id":"eq7x9uiuufp0lmi","previousEventId":"rr734w1pm9ocyfm","operationId":"xa4zt5tvwartwrp","previousOperationId":"lgym9721w4354vd"}
{"type":"log","timestamp":1701763621097,"level":"debug","message":"Rendering engine handlebars","meta":{"rootId":"ivawscq9kvtddwc","id":"ivawscq9kvtddwc"},"id":"c29f203ok7udx8k","previousOperationId":"xa4zt5tvwartwrp"}
{"type":"operationEnd","operationId":"xa4zt5tvwartwrp","timestamp":1701763621115,"id":"r4h2s60z46heqzh","previousEventId":"eq7x9uiuufp0lmi","previousOperationId":"xa4zt5tvwartwrp"}
{"type":"operationStart","subtype":"recipe","name":"chrome-pdf","timestamp":1701763621116,"id":"gescusfd6bfanth","previousEventId":"r4h2s60z46heqzh","operationId":"wly7b5xk1nhm9oo","previousOperationId":"xa4zt5tvwartwrp"}
{"type":"log","timestamp":1701763621116,"level":"debug","message":"Executing recipe chrome-pdf","meta":{"rootId":"ivawscq9kvtddwc","id":"ivawscq9kvtddwc"},"id":"mqfatmpv2wif9d5","previousOperationId":"wly7b5xk1nhm9oo"}
{"type":"log","timestamp":1701763621118,"level":"debug","message":"Converting with chrome HeadlessChrome/117.0.5938.149 using chrome-pool strategy","meta":{"rootId":"ivawscq9kvtddwc","id":"ivawscq9kvtddwc"},"id":"2ctnjjvuo7ajelm","previousOperationId":"wly7b5xk1nhm9oo"}
{"type":"log","timestamp":1701763621166,"level":"debug","message":"Page request: GET (document) file:///var/folders/dp/qk79pfcj0y1fmtkkl08m76rc0000gn/T/jsreport/autocleanup/cc1cd4bf-3642-4e6c-bc77-a36db86dd44a-chrome-pdf.html","meta":{"rootId":"ivawscq9kvtddwc","id":"ivawscq9kvtddwc"},"id":"gn33jk33egnhmtp","previousOperationId":"wly7b5xk1nhm9oo"}
{"type":"log","timestamp":1701763621170,"level":"debug","message":"Page request finished: GET (document) 200 file:///var/folders/dp/qk79pfcj0y1fmtkkl08m76rc0000gn/T/jsreport/autocleanup/cc1cd4bf-3642-4e6c-bc77-a36db86dd44a-chrome-pdf.html","meta":{"rootId":"ivawscq9kvtddwc","id":"ivawscq9kvtddwc"},"id":"vrsk0gj3dk6ibpv","previousOperationId":"wly7b5xk1nhm9oo"}
{"type":"log","timestamp":1701763621182,"level":"debug","message":"Running chrome with params {\"printBackground\":true,\"width\":\"5.8cm\",\"height\":\"21cm\",\"timeout\":59958,\"margin\":{}}","meta":{"rootId":"ivawscq9kvtddwc","id":"ivawscq9kvtddwc"},"id":"dkd2u0eh6a7zybe","previousOperationId":"wly7b5xk1nhm9oo"}
{"type":"operationEnd","operationId":"wly7b5xk1nhm9oo","timestamp":1701763621210,"id":"q6tcxztfqu9md7u","previousEventId":"gescusfd6bfanth","previousOperationId":"wly7b5xk1nhm9oo"}
{"type":"log","timestamp":1701763621210,"level":"debug","message":"Skipping storing report.","meta":{"rootId":"ivawscq9kvtddwc","id":"ivawscq9kvtddwc"},"id":"f0lwgamik6ikpmi","previousOperationId":"wly7b5xk1nhm9oo"}
{"type":"log","timestamp":1701763621210,"level":"info","message":"Rendering request 12 finished in 135 ms","meta":{"rootId":"ivawscq9kvtddwc","id":"ivawscq9kvtddwc"},"id":"gumg3njvibsy23b","previousOperationId":"wly7b5xk1nhm9oo"}
{"type":"operationEnd","subtype":"render","operationId":"lgym9721w4354vd","timestamp":1701763621210,"id":"hvljq51klzbzp45","previousEventId":"q6tcxztfqu9md7u","previousOperationId":"wly7b5xk1nhm9oo"}
{"type":"operationEnd","doDiffs":false,"previousEventId":"8bldzfu6xcugk1v","previousOperationId":"jygbhjvt7gmoxy6","operationId":"jygbhjvt7gmoxy6","timestamp":1701763621211,"id":"8hthf3db60vftqi"}
