{"type":"operationStart","subtype":"profile","data":{"_id":"s9omGu1A8Uy1M31f","timestamp":"2023-12-05T08:25:43.846Z","state":"queued","mode":"standard","creationDate":"2023-12-05T08:25:43.848Z","modificationDate":"2023-12-05T08:25:43.848Z","shortid":"x2UgBFV","$entitySet":"profiles"},"doDiffs":false,"timestamp":1701764743847,"id":"wkc2jxhrxersk1f","previousOperationId":null,"operationId":"z29vuf3an50kzc9"}
{"type":"log","level":"info","message":"Render request 19 queued for execution and waiting for available worker","previousOperationId":"z29vuf3an50kzc9","timestamp":1701764743847,"id":"ztgr15hqaqny48i"}
{"type":"operationStart","subtype":"render","name":"pp_index","previousOperationId":"z29vuf3an50kzc9","timestamp":1701764743858,"id":"3l4xnda61tqk103","previousEventId":"wkc2jxhrxersk1f","operationId":"vlczliehmx63j73"}
{"type":"log","timestamp":1701764743858,"level":"info","message":"Starting rendering request 19","meta":{"rootId":"iz7gwp8w736ewg6","id":"iz7gwp8w736ewg6"},"id":"1zpajbblttizbv3","previousOperationId":"vlczliehmx63j73"}
{"type":"log","timestamp":1701764743859,"level":"info","message":"Rendering template { name: pp_index, recipe: chrome-pdf, engine: handlebars, preview: true }","meta":{"rootId":"iz7gwp8w736ewg6","id":"iz7gwp8w736ewg6"},"id":"fqep3lstdghdzok","previousOperationId":"vlczliehmx63j73"}
{"type":"log","timestamp":1701764743860,"level":"debug","message":"Adding sample data PH9LTzd4s","meta":{"rootId":"iz7gwp8w736ewg6","id":"iz7gwp8w736ewg6"},"id":"fhqcnsu1c9rwj9n","previousOperationId":"vlczliehmx63j73"}
{"type":"log","timestamp":1701764743868,"level":"debug","message":"Base url not specified, skipping its injection.","meta":{"rootId":"iz7gwp8w736ewg6","id":"iz7gwp8w736ewg6"},"id":"vsxxdiy15mmlaln","previousOperationId":"vlczliehmx63j73"}
{"type":"log","timestamp":1701764743869,"level":"debug","message":"Replaced assets [\"styles.css\"]","meta":{"rootId":"iz7gwp8w736ewg6","id":"iz7gwp8w736ewg6"},"id":"vxqr1dstm074mn9","previousOperationId":"vlczliehmx63j73"}
{"type":"operationStart","subtype":"engine","name":"handlebars","timestamp":1701764743869,"id":"x998eh44obk9a7u","previousEventId":"3l4xnda61tqk103","operationId":"galwox2fda36na8","previousOperationId":"vlczliehmx63j73"}
{"type":"log","timestamp":1701764743869,"level":"debug","message":"Rendering engine handlebars","meta":{"rootId":"iz7gwp8w736ewg6","id":"iz7gwp8w736ewg6"},"id":"fxf8c73vlejwqqn","previousOperationId":"galwox2fda36na8"}
{"type":"operationEnd","operationId":"galwox2fda36na8","timestamp":1701764743888,"id":"h0xeeag52c55zqx","previousEventId":"x998eh44obk9a7u","previousOperationId":"galwox2fda36na8"}
{"type":"operationStart","subtype":"recipe","name":"chrome-pdf","timestamp":1701764743888,"id":"8txc4drwi8ef2ec","previousEventId":"h0xeeag52c55zqx","operationId":"x9xobzfjw8alh2m","previousOperationId":"galwox2fda36na8"}
{"type":"log","timestamp":1701764743888,"level":"debug","message":"Executing recipe chrome-pdf","meta":{"rootId":"iz7gwp8w736ewg6","id":"iz7gwp8w736ewg6"},"id":"tgawmffa9wdslda","previousOperationId":"x9xobzfjw8alh2m"}
{"type":"log","timestamp":1701764743891,"level":"debug","message":"Converting with chrome HeadlessChrome/117.0.5938.149 using chrome-pool strategy","meta":{"rootId":"iz7gwp8w736ewg6","id":"iz7gwp8w736ewg6"},"id":"xhbpg7d3vssa1br","previousOperationId":"x9xobzfjw8alh2m"}
{"type":"log","timestamp":1701764743939,"level":"debug","message":"Page request: GET (document) file:///var/folders/dp/qk79pfcj0y1fmtkkl08m76rc0000gn/T/jsreport/autocleanup/5521a555-1b51-4a29-ae00-29170845ef09-chrome-pdf.html","meta":{"rootId":"iz7gwp8w736ewg6","id":"iz7gwp8w736ewg6"},"id":"8ibcpuo2t1ciclw","previousOperationId":"x9xobzfjw8alh2m"}
{"type":"log","timestamp":1701764743943,"level":"debug","message":"Page request finished: GET (document) 200 file:///var/folders/dp/qk79pfcj0y1fmtkkl08m76rc0000gn/T/jsreport/autocleanup/5521a555-1b51-4a29-ae00-29170845ef09-chrome-pdf.html","meta":{"rootId":"iz7gwp8w736ewg6","id":"iz7gwp8w736ewg6"},"id":"0zaxwgsp0bxcjf2","previousOperationId":"x9xobzfjw8alh2m"}
{"type":"log","timestamp":1701764743951,"level":"debug","message":"Running chrome with params {\"printBackground\":true,\"width\":\"5.8cm\",\"height\":\"21cm\",\"timeout\":59956,\"margin\":{}}","meta":{"rootId":"iz7gwp8w736ewg6","id":"iz7gwp8w736ewg6"},"id":"mumea8ricu1sulk","previousOperationId":"x9xobzfjw8alh2m"}
{"type":"operationEnd","operationId":"x9xobzfjw8alh2m","timestamp":1701764743972,"id":"3ztvw3vpye1i9ax","previousEventId":"8txc4drwi8ef2ec","previousOperationId":"x9xobzfjw8alh2m"}
{"type":"log","timestamp":1701764743972,"level":"debug","message":"Skipping storing report.","meta":{"rootId":"iz7gwp8w736ewg6","id":"iz7gwp8w736ewg6"},"id":"odaxwhu5549w1l3","previousOperationId":"x9xobzfjw8alh2m"}
{"type":"log","timestamp":1701764743972,"level":"info","message":"Rendering request 19 finished in 126 ms","meta":{"rootId":"iz7gwp8w736ewg6","id":"iz7gwp8w736ewg6"},"id":"5kmkhdiq5zl3fd3","previousOperationId":"x9xobzfjw8alh2m"}
{"type":"operationEnd","subtype":"render","operationId":"vlczliehmx63j73","timestamp":1701764743972,"id":"xzmhwivmilp73rl","previousEventId":"3ztvw3vpye1i9ax","previousOperationId":"x9xobzfjw8alh2m"}
{"type":"operationEnd","doDiffs":false,"previousEventId":"wkc2jxhrxersk1f","previousOperationId":"z29vuf3an50kzc9","operationId":"z29vuf3an50kzc9","timestamp":1701764743974,"id":"1ggmve238s7680w"}
