{"type":"operationStart","subtype":"profile","data":{"_id":"aMobDTFu6b0VKq4F","timestamp":"2023-12-05T07:51:41.478Z","state":"queued","mode":"standard","creationDate":"2023-12-05T07:51:41.479Z","modificationDate":"2023-12-05T07:51:41.479Z","shortid":"v0UvtvV","$entitySet":"profiles"},"doDiffs":false,"timestamp":1701762701478,"id":"puwnqz90jhtq1uv","previousOperationId":null,"operationId":"lr1tg7aedwauf97"}
{"type":"log","level":"info","message":"Render request 6 queued for execution and waiting for available worker","previousOperationId":"lr1tg7aedwauf97","timestamp":1701762701479,"id":"46iynezswxe0vqu"}
{"type":"operationStart","subtype":"render","name":"pp_index","previousOperationId":"lr1tg7aedwauf97","timestamp":1701762701489,"id":"k5txwtxlwdr4up6","previousEventId":"puwnqz90jhtq1uv","operationId":"rc1ca4iwgm71med"}
{"type":"log","timestamp":1701762701489,"level":"info","message":"Starting rendering request 6","meta":{"rootId":"j8abf0174igi5cy","id":"j8abf0174igi5cy"},"id":"ltp9iklrbom8pst","previousOperationId":"rc1ca4iwgm71med"}
{"type":"log","timestamp":1701762701489,"level":"info","message":"Rendering template { name: pp_index, recipe: chrome-pdf, engine: handlebars, preview: true }","meta":{"rootId":"j8abf0174igi5cy","id":"j8abf0174igi5cy"},"id":"kde2cl3l57hm58a","previousOperationId":"rc1ca4iwgm71med"}
{"type":"log","timestamp":1701762701490,"level":"debug","message":"Adding sample data PH9LTzd4s","meta":{"rootId":"j8abf0174igi5cy","id":"j8abf0174igi5cy"},"id":"mpmg980p2f3neih","previousOperationId":"rc1ca4iwgm71med"}
{"type":"log","timestamp":1701762701497,"level":"debug","message":"Base url not specified, skipping its injection.","meta":{"rootId":"j8abf0174igi5cy","id":"j8abf0174igi5cy"},"id":"ipkax2ezsc99yyz","previousOperationId":"rc1ca4iwgm71med"}
{"type":"log","timestamp":1701762701500,"level":"debug","message":"Replaced assets [\"styles.css\"]","meta":{"rootId":"j8abf0174igi5cy","id":"j8abf0174igi5cy"},"id":"clgthzkxflzgbty","previousOperationId":"rc1ca4iwgm71med"}
{"type":"operationStart","subtype":"engine","name":"handlebars","timestamp":1701762701500,"id":"6wb77cyuzyrp6r7","previousEventId":"k5txwtxlwdr4up6","operationId":"w32wmo327rz5hrn","previousOperationId":"rc1ca4iwgm71med"}
{"type":"log","timestamp":1701762701500,"level":"debug","message":"Rendering engine handlebars","meta":{"rootId":"j8abf0174igi5cy","id":"j8abf0174igi5cy"},"id":"3nvtbrjsrsk7kd3","previousOperationId":"w32wmo327rz5hrn"}
{"type":"operationEnd","operationId":"w32wmo327rz5hrn","timestamp":1701762701507,"id":"6gvw57spzhhlrs2","previousEventId":"6wb77cyuzyrp6r7","previousOperationId":"w32wmo327rz5hrn"}
{"type":"operationStart","subtype":"recipe","name":"chrome-pdf","timestamp":1701762701507,"id":"1ej9m0yqrwkllrt","previousEventId":"6gvw57spzhhlrs2","operationId":"33p8zkqcu9vw7dt","previousOperationId":"w32wmo327rz5hrn"}
{"type":"log","timestamp":1701762701507,"level":"debug","message":"Executing recipe chrome-pdf","meta":{"rootId":"j8abf0174igi5cy","id":"j8abf0174igi5cy"},"id":"udpmpeykzb9b819","previousOperationId":"33p8zkqcu9vw7dt"}
{"type":"log","timestamp":1701762701508,"level":"debug","message":"Converting with chrome HeadlessChrome/117.0.5938.149 using chrome-pool strategy","meta":{"rootId":"j8abf0174igi5cy","id":"j8abf0174igi5cy"},"id":"y08t3uaa0zch4c2","previousOperationId":"33p8zkqcu9vw7dt"}
{"type":"log","timestamp":1701762701557,"level":"debug","message":"Page request: GET (document) file:///var/folders/dp/qk79pfcj0y1fmtkkl08m76rc0000gn/T/jsreport/autocleanup/acec9724-0c9a-473d-bca4-63e6696ae4d8-chrome-pdf.html","meta":{"rootId":"j8abf0174igi5cy","id":"j8abf0174igi5cy"},"id":"4lwov63h77pnh3c","previousOperationId":"33p8zkqcu9vw7dt"}
{"type":"log","timestamp":1701762701562,"level":"debug","message":"Page request finished: GET (document) 200 file:///var/folders/dp/qk79pfcj0y1fmtkkl08m76rc0000gn/T/jsreport/autocleanup/acec9724-0c9a-473d-bca4-63e6696ae4d8-chrome-pdf.html","meta":{"rootId":"j8abf0174igi5cy","id":"j8abf0174igi5cy"},"id":"n62ir5q3qm6dpyl","previousOperationId":"33p8zkqcu9vw7dt"}
{"type":"log","timestamp":1701762701571,"level":"debug","message":"Running chrome with params {\"printBackground\":true,\"width\":\"5.8cm\",\"height\":\"21cm\",\"timeout\":59969,\"margin\":{}}","meta":{"rootId":"j8abf0174igi5cy","id":"j8abf0174igi5cy"},"id":"1muzm2n7vyblc6m","previousOperationId":"33p8zkqcu9vw7dt"}
{"type":"operationEnd","operationId":"33p8zkqcu9vw7dt","timestamp":1701762701599,"id":"krvipsiqod1ewpy","previousEventId":"1ej9m0yqrwkllrt","previousOperationId":"33p8zkqcu9vw7dt"}
{"type":"log","timestamp":1701762701599,"level":"debug","message":"Skipping storing report.","meta":{"rootId":"j8abf0174igi5cy","id":"j8abf0174igi5cy"},"id":"9fg0jykn45ok2u4","previousOperationId":"33p8zkqcu9vw7dt"}
{"type":"log","timestamp":1701762701599,"level":"info","message":"Rendering request 6 finished in 122 ms","meta":{"rootId":"j8abf0174igi5cy","id":"j8abf0174igi5cy"},"id":"ogvgh8gmz385ftu","previousOperationId":"33p8zkqcu9vw7dt"}
{"type":"operationEnd","subtype":"render","operationId":"rc1ca4iwgm71med","timestamp":1701762701599,"id":"rcdfk53tsxm1bi9","previousEventId":"krvipsiqod1ewpy","previousOperationId":"33p8zkqcu9vw7dt"}
{"type":"operationEnd","doDiffs":false,"previousEventId":"puwnqz90jhtq1uv","previousOperationId":"lr1tg7aedwauf97","operationId":"lr1tg7aedwauf97","timestamp":1701762701601,"id":"h42szht04tl5zss"}
