{"type":"operationStart","subtype":"profile","data":{"_id":"Wkuem7w85na3ARnb","timestamp":"2023-12-05T08:26:37.535Z","state":"queued","mode":"standard","creationDate":"2023-12-05T08:26:37.538Z","modificationDate":"2023-12-05T08:26:37.538Z","shortid":"i2lQand","$entitySet":"profiles"},"doDiffs":false,"timestamp":1701764797537,"id":"11e2fbahc6la25b","previousOperationId":null,"operationId":"tqu3wt3luv5swmr"}
{"type":"log","level":"info","message":"Render request 23 queued for execution and waiting for available worker","previousOperationId":"tqu3wt3luv5swmr","timestamp":1701764797537,"id":"1s23fj9e16bbqim"}
{"type":"operationStart","subtype":"render","name":"pp_index","previousOperationId":"tqu3wt3luv5swmr","timestamp":1701764797546,"id":"8sy4updacnl9bov","previousEventId":"11e2fbahc6la25b","operationId":"k6trr2cvwjx112w"}
{"type":"log","timestamp":1701764797547,"level":"info","message":"Starting rendering request 23","meta":{"rootId":"jar5drgi08qeqe9","id":"jar5drgi08qeqe9"},"id":"uwacik2w9hp0vya","previousOperationId":"k6trr2cvwjx112w"}
{"type":"log","timestamp":1701764797547,"level":"info","message":"Rendering template { name: pp_index, recipe: chrome-pdf, engine: handlebars, preview: true }","meta":{"rootId":"jar5drgi08qeqe9","id":"jar5drgi08qeqe9"},"id":"h7zjn1w88jbz1i9","previousOperationId":"k6trr2cvwjx112w"}
{"type":"log","timestamp":1701764797549,"level":"debug","message":"Adding sample data PH9LTzd4s","meta":{"rootId":"jar5drgi08qeqe9","id":"jar5drgi08qeqe9"},"id":"3pngm47ber0wpz8","previousOperationId":"k6trr2cvwjx112w"}
{"type":"log","timestamp":1701764797559,"level":"debug","message":"Base url not specified, skipping its injection.","meta":{"rootId":"jar5drgi08qeqe9","id":"jar5drgi08qeqe9"},"id":"47rg2mmkmynm14m","previousOperationId":"k6trr2cvwjx112w"}
{"type":"log","timestamp":1701764797561,"level":"debug","message":"Replaced assets [\"styles.css\"]","meta":{"rootId":"jar5drgi08qeqe9","id":"jar5drgi08qeqe9"},"id":"oinb5ofc7ckkzdl","previousOperationId":"k6trr2cvwjx112w"}
{"type":"operationStart","subtype":"engine","name":"handlebars","timestamp":1701764797561,"id":"3sc7reh66qottct","previousEventId":"8sy4updacnl9bov","operationId":"6nwuyjlariq766s","previousOperationId":"k6trr2cvwjx112w"}
{"type":"log","timestamp":1701764797561,"level":"debug","message":"Rendering engine handlebars","meta":{"rootId":"jar5drgi08qeqe9","id":"jar5drgi08qeqe9"},"id":"k8dr0j8i0mu4qc9","previousOperationId":"6nwuyjlariq766s"}
{"type":"operationEnd","operationId":"6nwuyjlariq766s","timestamp":1701764797577,"id":"wh10iu9yk5cuu0b","previousEventId":"3sc7reh66qottct","previousOperationId":"6nwuyjlariq766s"}
{"type":"operationStart","subtype":"recipe","name":"chrome-pdf","timestamp":1701764797577,"id":"l8wqrm6ad54bbpe","previousEventId":"wh10iu9yk5cuu0b","operationId":"2b5klync9sqb0gm","previousOperationId":"6nwuyjlariq766s"}
{"type":"log","timestamp":1701764797577,"level":"debug","message":"Executing recipe chrome-pdf","meta":{"rootId":"jar5drgi08qeqe9","id":"jar5drgi08qeqe9"},"id":"995eqdix4vrp87h","previousOperationId":"2b5klync9sqb0gm"}
{"type":"log","timestamp":1701764797579,"level":"debug","message":"Converting with chrome HeadlessChrome/117.0.5938.149 using chrome-pool strategy","meta":{"rootId":"jar5drgi08qeqe9","id":"jar5drgi08qeqe9"},"id":"4nguuws7d3a8m5u","previousOperationId":"2b5klync9sqb0gm"}
{"type":"log","timestamp":1701764797628,"level":"debug","message":"Page request: GET (document) file:///var/folders/dp/qk79pfcj0y1fmtkkl08m76rc0000gn/T/jsreport/autocleanup/78f40bde-d356-40c4-b028-306da29afcdd-chrome-pdf.html","meta":{"rootId":"jar5drgi08qeqe9","id":"jar5drgi08qeqe9"},"id":"9r0mire3jpzehca","previousOperationId":"2b5klync9sqb0gm"}
{"type":"log","timestamp":1701764797633,"level":"debug","message":"Page request finished: GET (document) 200 file:///var/folders/dp/qk79pfcj0y1fmtkkl08m76rc0000gn/T/jsreport/autocleanup/78f40bde-d356-40c4-b028-306da29afcdd-chrome-pdf.html","meta":{"rootId":"jar5drgi08qeqe9","id":"jar5drgi08qeqe9"},"id":"bm6717s4vobr29i","previousOperationId":"2b5klync9sqb0gm"}
{"type":"log","timestamp":1701764797643,"level":"debug","message":"Running chrome with params {\"printBackground\":true,\"width\":\"5.8cm\",\"height\":\"21cm\",\"timeout\":59957,\"margin\":{}}","meta":{"rootId":"jar5drgi08qeqe9","id":"jar5drgi08qeqe9"},"id":"xurgfj7ifuxlik7","previousOperationId":"2b5klync9sqb0gm"}
{"type":"operationEnd","operationId":"2b5klync9sqb0gm","timestamp":1701764797664,"id":"d9vmd176gbybiok","previousEventId":"l8wqrm6ad54bbpe","previousOperationId":"2b5klync9sqb0gm"}
{"type":"log","timestamp":1701764797664,"level":"debug","message":"Skipping storing report.","meta":{"rootId":"jar5drgi08qeqe9","id":"jar5drgi08qeqe9"},"id":"3yrjznoi1haaps3","previousOperationId":"2b5klync9sqb0gm"}
{"type":"log","timestamp":1701764797664,"level":"info","message":"Rendering request 23 finished in 129 ms","meta":{"rootId":"jar5drgi08qeqe9","id":"jar5drgi08qeqe9"},"id":"tboa58bxq0qlb6t","previousOperationId":"2b5klync9sqb0gm"}
{"type":"operationEnd","subtype":"render","operationId":"k6trr2cvwjx112w","timestamp":1701764797664,"id":"5ktlcpwj1cabjs0","previousEventId":"d9vmd176gbybiok","previousOperationId":"2b5klync9sqb0gm"}
{"type":"operationEnd","doDiffs":false,"previousEventId":"11e2fbahc6la25b","previousOperationId":"tqu3wt3luv5swmr","operationId":"tqu3wt3luv5swmr","timestamp":1701764797665,"id":"ag3e0ptrfd57l94"}
