{"type":"operationStart","subtype":"profile","data":{"_id":"15WMfA9YsuwHBYyo","timestamp":"2023-12-04T08:50:24.153Z","state":"queued","mode":"standard","creationDate":"2023-12-04T08:50:24.156Z","modificationDate":"2023-12-04T08:50:24.156Z","shortid":"WUNtIOi","$entitySet":"profiles"},"doDiffs":false,"timestamp":1701679824154,"id":"19j6osuenlmor96","previousOperationId":null,"operationId":"6zcu660op73krjl"}
{"type":"log","level":"info","message":"Render request 16 queued for execution and waiting for available worker","previousOperationId":"6zcu660op73krjl","timestamp":1701679824154,"id":"vxzahko65sin3ky"}
{"type":"operationStart","subtype":"render","name":"pp_index","previousOperationId":"6zcu660op73krjl","timestamp":1701679824162,"id":"tiurijk1wbz1c2b","previousEventId":"19j6osuenlmor96","operationId":"l6ax8ur4xwrsas8"}
{"type":"log","timestamp":1701679824162,"level":"info","message":"Starting rendering request 16","meta":{"rootId":"k7tecwmrypu6tik","id":"k7tecwmrypu6tik"},"id":"i7i3k2uqiu7klwy","previousOperationId":"l6ax8ur4xwrsas8"}
{"type":"log","timestamp":1701679824162,"level":"info","message":"Rendering template { name: pp_index, recipe: chrome-pdf, engine: handlebars, preview: true }","meta":{"rootId":"k7tecwmrypu6tik","id":"k7tecwmrypu6tik"},"id":"tgjpgz8bxufyzs2","previousOperationId":"l6ax8ur4xwrsas8"}
{"type":"log","timestamp":1701679824163,"level":"debug","message":"Inline data specified.","meta":{"rootId":"k7tecwmrypu6tik","id":"k7tecwmrypu6tik"},"id":"so763t9mem9d7ly","previousOperationId":"l6ax8ur4xwrsas8"}
{"type":"log","timestamp":1701679824165,"level":"debug","message":"Base url not specified, skipping its injection.","meta":{"rootId":"k7tecwmrypu6tik","id":"k7tecwmrypu6tik"},"id":"311h5ymanb982b3","previousOperationId":"l6ax8ur4xwrsas8"}
{"type":"operationStart","subtype":"engine","name":"handlebars","timestamp":1701679824166,"id":"1qhx7ovm0w52z5n","previousEventId":"tiurijk1wbz1c2b","operationId":"mlscwc8e9znblv9","previousOperationId":"l6ax8ur4xwrsas8"}
{"type":"log","timestamp":1701679824166,"level":"debug","message":"Rendering engine handlebars","meta":{"rootId":"k7tecwmrypu6tik","id":"k7tecwmrypu6tik"},"id":"t5ldx1v7ei3tn3y","previousOperationId":"mlscwc8e9znblv9"}
{"type":"operationEnd","operationId":"mlscwc8e9znblv9","timestamp":1701679824179,"id":"3kmeyo7jxhodfpa","previousEventId":"1qhx7ovm0w52z5n","previousOperationId":"mlscwc8e9znblv9"}
{"type":"operationStart","subtype":"recipe","name":"chrome-pdf","timestamp":1701679824179,"id":"k7ck2rvkbqdfomu","previousEventId":"3kmeyo7jxhodfpa","operationId":"z52kx8gjd4y2ur5","previousOperationId":"mlscwc8e9znblv9"}
{"type":"log","timestamp":1701679824179,"level":"debug","message":"Executing recipe chrome-pdf","meta":{"rootId":"k7tecwmrypu6tik","id":"k7tecwmrypu6tik"},"id":"mivb04x713w7lii","previousOperationId":"z52kx8gjd4y2ur5"}
{"type":"log","timestamp":1701679824181,"level":"debug","message":"Converting with chrome HeadlessChrome/117.0.5938.149 using chrome-pool strategy","meta":{"rootId":"k7tecwmrypu6tik","id":"k7tecwmrypu6tik"},"id":"2tpxjsdaax0onc2","previousOperationId":"z52kx8gjd4y2ur5"}
{"type":"log","timestamp":1701679824233,"level":"debug","message":"Page request: GET (document) file:///var/folders/dp/qk79pfcj0y1fmtkkl08m76rc0000gn/T/jsreport/autocleanup/77131c06-fa28-4ad4-b31b-1f440490d096-chrome-pdf.html","meta":{"rootId":"k7tecwmrypu6tik","id":"k7tecwmrypu6tik"},"id":"xshaympzenw658p","previousOperationId":"z52kx8gjd4y2ur5"}
{"type":"log","timestamp":1701679824238,"level":"debug","message":"Page request finished: GET (document) 200 file:///var/folders/dp/qk79pfcj0y1fmtkkl08m76rc0000gn/T/jsreport/autocleanup/77131c06-fa28-4ad4-b31b-1f440490d096-chrome-pdf.html","meta":{"rootId":"k7tecwmrypu6tik","id":"k7tecwmrypu6tik"},"id":"i5fyyq7ukp1005t","previousOperationId":"z52kx8gjd4y2ur5"}
{"type":"log","timestamp":1701679824247,"level":"debug","message":"Running chrome with params {\"printBackground\":true,\"timeout\":59973,\"margin\":{}}","meta":{"rootId":"k7tecwmrypu6tik","id":"k7tecwmrypu6tik"},"id":"byya0h16ilxp2jw","previousOperationId":"z52kx8gjd4y2ur5"}
{"type":"operationEnd","operationId":"z52kx8gjd4y2ur5","timestamp":1701679824266,"id":"cw23z4335x49u64","previousEventId":"k7ck2rvkbqdfomu","previousOperationId":"z52kx8gjd4y2ur5"}
{"type":"log","timestamp":1701679824266,"level":"debug","message":"Skipping storing report.","meta":{"rootId":"k7tecwmrypu6tik","id":"k7tecwmrypu6tik"},"id":"ryf28oxilrn9v96","previousOperationId":"z52kx8gjd4y2ur5"}
{"type":"log","timestamp":1701679824266,"level":"info","message":"Rendering request 16 finished in 113 ms","meta":{"rootId":"k7tecwmrypu6tik","id":"k7tecwmrypu6tik"},"id":"bfr2lcjzx6zwerp","previousOperationId":"z52kx8gjd4y2ur5"}
{"type":"operationEnd","subtype":"render","operationId":"l6ax8ur4xwrsas8","timestamp":1701679824266,"id":"q06tvi5vwdatrwo","previousEventId":"cw23z4335x49u64","previousOperationId":"z52kx8gjd4y2ur5"}
{"type":"operationEnd","doDiffs":false,"previousEventId":"19j6osuenlmor96","previousOperationId":"6zcu660op73krjl","operationId":"6zcu660op73krjl","timestamp":1701679824268,"id":"kgi8t5whbqv803q"}
