{"type":"operationStart","subtype":"profile","data":{"_id":"9sqSk5y6UispHF9p","timestamp":"2023-12-04T09:46:18.575Z","state":"queued","mode":"standard","creationDate":"2023-12-04T09:46:18.577Z","modificationDate":"2023-12-04T09:46:18.577Z","shortid":"TWUYMMm","$entitySet":"profiles"},"doDiffs":false,"timestamp":1701683178576,"id":"1xkz537f8fde9en","previousOperationId":null,"operationId":"g9110whue78icm6"}
{"type":"log","level":"info","message":"Render request 60 queued for execution and waiting for available worker","previousOperationId":"g9110whue78icm6","timestamp":1701683178576,"id":"l6i9s8dyxqjwibo"}
{"type":"operationStart","subtype":"render","name":"pp_index","previousOperationId":"g9110whue78icm6","timestamp":1701683178591,"id":"t550yhernjil0pz","previousEventId":"1xkz537f8fde9en","operationId":"jknsxc37g3zjux1"}
{"type":"log","timestamp":1701683178591,"level":"info","message":"Starting rendering request 60","meta":{"rootId":"kls3ql8np50t06p","id":"kls3ql8np50t06p"},"id":"xign8up3i2faabt","previousOperationId":"jknsxc37g3zjux1"}
{"type":"log","timestamp":1701683178591,"level":"info","message":"Rendering template { name: pp_index, recipe: chrome-pdf, engine: handlebars, preview: true }","meta":{"rootId":"kls3ql8np50t06p","id":"kls3ql8np50t06p"},"id":"bxvz2o9vyqh9ft2","previousOperationId":"jknsxc37g3zjux1"}
{"type":"log","timestamp":1701683178592,"level":"debug","message":"Inline data specified.","meta":{"rootId":"kls3ql8np50t06p","id":"kls3ql8np50t06p"},"id":"1c2z6qes8x8vt4q","previousOperationId":"jknsxc37g3zjux1"}
{"type":"log","timestamp":1701683178593,"level":"debug","message":"Base url not specified, skipping its injection.","meta":{"rootId":"kls3ql8np50t06p","id":"kls3ql8np50t06p"},"id":"828jikgn1zdveas","previousOperationId":"jknsxc37g3zjux1"}
{"type":"operationStart","subtype":"engine","name":"handlebars","timestamp":1701683178594,"id":"es38hzxdk1g4bcc","previousEventId":"t550yhernjil0pz","operationId":"fi7ads7520dib7x","previousOperationId":"jknsxc37g3zjux1"}
{"type":"log","timestamp":1701683178594,"level":"debug","message":"Rendering engine handlebars","meta":{"rootId":"kls3ql8np50t06p","id":"kls3ql8np50t06p"},"id":"j1rivh37rmi1fid","previousOperationId":"fi7ads7520dib7x"}
{"type":"operationEnd","operationId":"fi7ads7520dib7x","timestamp":1701683178607,"id":"7hnqt5yn1ohxfy7","previousEventId":"es38hzxdk1g4bcc","previousOperationId":"fi7ads7520dib7x"}
{"type":"operationStart","subtype":"recipe","name":"chrome-pdf","timestamp":1701683178608,"id":"wtg6u3fduqx2zd5","previousEventId":"7hnqt5yn1ohxfy7","operationId":"j2l3dbsyknrywdi","previousOperationId":"fi7ads7520dib7x"}
{"type":"log","timestamp":1701683178608,"level":"debug","message":"Executing recipe chrome-pdf","meta":{"rootId":"kls3ql8np50t06p","id":"kls3ql8np50t06p"},"id":"fan8vwten5nz4nl","previousOperationId":"j2l3dbsyknrywdi"}
{"type":"log","timestamp":1701683178609,"level":"debug","message":"Converting with chrome HeadlessChrome/117.0.5938.149 using chrome-pool strategy","meta":{"rootId":"kls3ql8np50t06p","id":"kls3ql8np50t06p"},"id":"nm3vw9btn3jze31","previousOperationId":"j2l3dbsyknrywdi"}
{"type":"log","timestamp":1701683178661,"level":"debug","message":"Page request: GET (document) file:///var/folders/dp/qk79pfcj0y1fmtkkl08m76rc0000gn/T/jsreport/autocleanup/08dcb2dc-bd65-46aa-9f4d-e233c5b99304-chrome-pdf.html","meta":{"rootId":"kls3ql8np50t06p","id":"kls3ql8np50t06p"},"id":"e25kb3lg56qe6a0","previousOperationId":"j2l3dbsyknrywdi"}
{"type":"log","timestamp":1701683178666,"level":"debug","message":"Page request finished: GET (document) 200 file:///var/folders/dp/qk79pfcj0y1fmtkkl08m76rc0000gn/T/jsreport/autocleanup/08dcb2dc-bd65-46aa-9f4d-e233c5b99304-chrome-pdf.html","meta":{"rootId":"kls3ql8np50t06p","id":"kls3ql8np50t06p"},"id":"ag93ous515pms01","previousOperationId":"j2l3dbsyknrywdi"}
{"type":"log","timestamp":1701683178678,"level":"debug","message":"Running chrome with params {\"printBackground\":true,\"timeout\":59966,\"margin\":{}}","meta":{"rootId":"kls3ql8np50t06p","id":"kls3ql8np50t06p"},"id":"8tscsu5flpywtfv","previousOperationId":"j2l3dbsyknrywdi"}
{"type":"operationEnd","operationId":"j2l3dbsyknrywdi","timestamp":1701683178699,"id":"c4fmci9ojjhe3yg","previousEventId":"wtg6u3fduqx2zd5","previousOperationId":"j2l3dbsyknrywdi"}
{"type":"log","timestamp":1701683178699,"level":"debug","message":"Skipping storing report.","meta":{"rootId":"kls3ql8np50t06p","id":"kls3ql8np50t06p"},"id":"eq9uiemmhh2p9wc","previousOperationId":"j2l3dbsyknrywdi"}
{"type":"log","timestamp":1701683178699,"level":"info","message":"Rendering request 60 finished in 124 ms","meta":{"rootId":"kls3ql8np50t06p","id":"kls3ql8np50t06p"},"id":"wvkx9tx3opl5j0o","previousOperationId":"j2l3dbsyknrywdi"}
{"type":"operationEnd","subtype":"render","operationId":"jknsxc37g3zjux1","timestamp":1701683178699,"id":"4k57gyfltedhz2l","previousEventId":"c4fmci9ojjhe3yg","previousOperationId":"j2l3dbsyknrywdi"}
{"type":"operationEnd","doDiffs":false,"previousEventId":"1xkz537f8fde9en","previousOperationId":"g9110whue78icm6","operationId":"g9110whue78icm6","timestamp":1701683178700,"id":"saeh7t2f9t7496n"}
