{"type":"operationStart","subtype":"profile","data":{"_id":"jM0HAMUPLpnPmXP6","timestamp":"2023-12-04T10:54:26.035Z","state":"queued","mode":"standard","creationDate":"2023-12-04T10:54:26.036Z","modificationDate":"2023-12-04T10:54:26.036Z","shortid":"nKXCNDI","$entitySet":"profiles"},"doDiffs":false,"timestamp":1701687266035,"id":"zxxefom66016h2x","previousOperationId":null,"operationId":"lxiggmyvsl1h0cu"}
{"type":"log","level":"info","message":"Render request 96 queued for execution and waiting for available worker","previousOperationId":"lxiggmyvsl1h0cu","timestamp":1701687266035,"id":"2mxlbd3fgqcdd6d"}
{"type":"operationStart","subtype":"render","name":"pp_index","previousOperationId":"lxiggmyvsl1h0cu","timestamp":1701687266044,"id":"slmnmk91wljahj1","previousEventId":"zxxefom66016h2x","operationId":"cj8qrd4sil4rxb3"}
{"type":"log","timestamp":1701687266044,"level":"info","message":"Starting rendering request 96","meta":{"rootId":"krf11s7gjxcukhc","id":"krf11s7gjxcukhc"},"id":"r8ko2f2hggdwwj5","previousOperationId":"cj8qrd4sil4rxb3"}
{"type":"log","timestamp":1701687266044,"level":"info","message":"Rendering template { name: pp_index, recipe: chrome-pdf, engine: handlebars, preview: true }","meta":{"rootId":"krf11s7gjxcukhc","id":"krf11s7gjxcukhc"},"id":"fed5267sp4vt8pu","previousOperationId":"cj8qrd4sil4rxb3"}
{"type":"log","timestamp":1701687266044,"level":"debug","message":"Inline data specified.","meta":{"rootId":"krf11s7gjxcukhc","id":"krf11s7gjxcukhc"},"id":"0sqhs6aqdello64","previousOperationId":"cj8qrd4sil4rxb3"}
{"type":"log","timestamp":1701687266045,"level":"debug","message":"Base url not specified, skipping its injection.","meta":{"rootId":"krf11s7gjxcukhc","id":"krf11s7gjxcukhc"},"id":"ap4x6li6836ljqr","previousOperationId":"cj8qrd4sil4rxb3"}
{"type":"operationStart","subtype":"engine","name":"handlebars","timestamp":1701687266045,"id":"v4gvi1j49grj1w1","previousEventId":"slmnmk91wljahj1","operationId":"6htqff23zwe3eii","previousOperationId":"cj8qrd4sil4rxb3"}
{"type":"log","timestamp":1701687266045,"level":"debug","message":"Rendering engine handlebars","meta":{"rootId":"krf11s7gjxcukhc","id":"krf11s7gjxcukhc"},"id":"9v6rpybupd6rciw","previousOperationId":"6htqff23zwe3eii"}
{"type":"operationEnd","operationId":"6htqff23zwe3eii","timestamp":1701687266058,"id":"2n2rxzrphfbekrl","previousEventId":"v4gvi1j49grj1w1","previousOperationId":"6htqff23zwe3eii"}
{"type":"operationStart","subtype":"recipe","name":"chrome-pdf","timestamp":1701687266059,"id":"9gjlaik2j3zq40l","previousEventId":"2n2rxzrphfbekrl","operationId":"7fc89ilayu0xvh7","previousOperationId":"6htqff23zwe3eii"}
{"type":"log","timestamp":1701687266059,"level":"debug","message":"Executing recipe chrome-pdf","meta":{"rootId":"krf11s7gjxcukhc","id":"krf11s7gjxcukhc"},"id":"752jvaued8jj1lt","previousOperationId":"7fc89ilayu0xvh7"}
{"type":"log","timestamp":1701687266060,"level":"debug","message":"Converting with chrome HeadlessChrome/117.0.5938.149 using chrome-pool strategy","meta":{"rootId":"krf11s7gjxcukhc","id":"krf11s7gjxcukhc"},"id":"wdavwu4gflr0cpf","previousOperationId":"7fc89ilayu0xvh7"}
{"type":"log","timestamp":1701687266113,"level":"debug","message":"Page request: GET (document) file:///var/folders/dp/qk79pfcj0y1fmtkkl08m76rc0000gn/T/jsreport/autocleanup/91f45eca-60d9-4e33-8eac-735a5bdf6f02-chrome-pdf.html","meta":{"rootId":"krf11s7gjxcukhc","id":"krf11s7gjxcukhc"},"id":"lat4560kfvpo1gm","previousOperationId":"7fc89ilayu0xvh7"}
{"type":"log","timestamp":1701687266119,"level":"debug","message":"Page request finished: GET (document) 200 file:///var/folders/dp/qk79pfcj0y1fmtkkl08m76rc0000gn/T/jsreport/autocleanup/91f45eca-60d9-4e33-8eac-735a5bdf6f02-chrome-pdf.html","meta":{"rootId":"krf11s7gjxcukhc","id":"krf11s7gjxcukhc"},"id":"9uxslhb975khma1","previousOperationId":"7fc89ilayu0xvh7"}
{"type":"log","timestamp":1701687266130,"level":"debug","message":"Running chrome with params {\"printBackground\":true,\"width\":\"5.8cm\",\"timeout\":59976,\"margin\":{}}","meta":{"rootId":"krf11s7gjxcukhc","id":"krf11s7gjxcukhc"},"id":"41kku9d868iiijs","previousOperationId":"7fc89ilayu0xvh7"}
{"type":"operationEnd","operationId":"7fc89ilayu0xvh7","timestamp":1701687266153,"id":"abruvmp80bscfan","previousEventId":"9gjlaik2j3zq40l","previousOperationId":"7fc89ilayu0xvh7"}
{"type":"log","timestamp":1701687266153,"level":"debug","message":"Skipping storing report.","meta":{"rootId":"krf11s7gjxcukhc","id":"krf11s7gjxcukhc"},"id":"mim17x54noaxasg","previousOperationId":"7fc89ilayu0xvh7"}
{"type":"log","timestamp":1701687266153,"level":"info","message":"Rendering request 96 finished in 118 ms","meta":{"rootId":"krf11s7gjxcukhc","id":"krf11s7gjxcukhc"},"id":"ro2ti7qhras8ox4","previousOperationId":"7fc89ilayu0xvh7"}
{"type":"operationEnd","subtype":"render","operationId":"cj8qrd4sil4rxb3","timestamp":1701687266153,"id":"k2cn6kjt4ifuy9q","previousEventId":"abruvmp80bscfan","previousOperationId":"7fc89ilayu0xvh7"}
{"type":"operationEnd","doDiffs":false,"previousEventId":"zxxefom66016h2x","previousOperationId":"lxiggmyvsl1h0cu","operationId":"lxiggmyvsl1h0cu","timestamp":1701687266155,"id":"pb7z0rm81rqc0u6"}
