{"type":"operationStart","subtype":"profile","data":{"_id":"9bg58vDx3q28q9F6","timestamp":"2023-12-01T14:10:21.020Z","state":"queued","mode":"standard","creationDate":"2023-12-01T14:10:21.022Z","modificationDate":"2023-12-01T14:10:21.022Z","shortid":"nt_WIQZ","$entitySet":"profiles"},"doDiffs":false,"timestamp":1701439821021,"id":"ts3r1oh6x07og9q","previousOperationId":null,"operationId":"mk2ey9wwnvxffk9"}
{"type":"log","level":"info","message":"Render request 3 queued for execution and waiting for available worker","previousOperationId":"mk2ey9wwnvxffk9","timestamp":1701439821021,"id":"al7ewnnmlbydhdx"}
{"type":"operationStart","subtype":"render","name":"pp_index","previousOperationId":"mk2ey9wwnvxffk9","timestamp":1701439821037,"id":"b5s983firy7gyq0","previousEventId":"ts3r1oh6x07og9q","operationId":"h1mgi29ssitugjf"}
{"type":"log","timestamp":1701439821037,"level":"info","message":"Starting rendering request 3","meta":{"rootId":"lbzlgdok6z2rr09","id":"lbzlgdok6z2rr09"},"id":"ecmbas72n50jdl6","previousOperationId":"h1mgi29ssitugjf"}
{"type":"log","timestamp":1701439821038,"level":"info","message":"Rendering template { name: pp_index, recipe: chrome-pdf, engine: handlebars, preview: true }","meta":{"rootId":"lbzlgdok6z2rr09","id":"lbzlgdok6z2rr09"},"id":"7ewlrov5kg9j94f","previousOperationId":"h1mgi29ssitugjf"}
{"type":"log","timestamp":1701439821038,"level":"debug","message":"Inline data specified.","meta":{"rootId":"lbzlgdok6z2rr09","id":"lbzlgdok6z2rr09"},"id":"cu5p1eizvbrqx8i","previousOperationId":"h1mgi29ssitugjf"}
{"type":"log","timestamp":1701439821041,"level":"debug","message":"Base url not specified, skipping its injection.","meta":{"rootId":"lbzlgdok6z2rr09","id":"lbzlgdok6z2rr09"},"id":"9t9okwenqyqo45j","previousOperationId":"h1mgi29ssitugjf"}
{"type":"operationStart","subtype":"engine","name":"handlebars","timestamp":1701439821041,"id":"o0y2wj7icnxiper","previousEventId":"b5s983firy7gyq0","operationId":"740re0ofhn0849y","previousOperationId":"h1mgi29ssitugjf"}
{"type":"log","timestamp":1701439821042,"level":"debug","message":"Rendering engine handlebars","meta":{"rootId":"lbzlgdok6z2rr09","id":"lbzlgdok6z2rr09"},"id":"0y73i6soke50gko","previousOperationId":"740re0ofhn0849y"}
{"type":"operationEnd","operationId":"740re0ofhn0849y","timestamp":1701439821053,"id":"4o3ng0tc9bbml9h","previousEventId":"o0y2wj7icnxiper","previousOperationId":"740re0ofhn0849y"}
{"type":"operationStart","subtype":"recipe","name":"chrome-pdf","timestamp":1701439821053,"id":"yymno4j87usgf9l","previousEventId":"4o3ng0tc9bbml9h","operationId":"iy1uxyw7odrfvyp","previousOperationId":"740re0ofhn0849y"}
{"type":"log","timestamp":1701439821053,"level":"debug","message":"Executing recipe chrome-pdf","meta":{"rootId":"lbzlgdok6z2rr09","id":"lbzlgdok6z2rr09"},"id":"prvqsfv2eo5no2r","previousOperationId":"iy1uxyw7odrfvyp"}
{"type":"log","timestamp":1701439821204,"level":"debug","message":"Converting with chrome HeadlessChrome/117.0.5938.149 using chrome-pool strategy","meta":{"rootId":"lbzlgdok6z2rr09","id":"lbzlgdok6z2rr09"},"id":"bjr3hwxanj4q62q","previousOperationId":"iy1uxyw7odrfvyp"}
{"type":"log","timestamp":1701439821244,"level":"debug","message":"Page request: GET (document) file:///var/folders/dp/qk79pfcj0y1fmtkkl08m76rc0000gn/T/jsreport/autocleanup/5223ab20-d67e-4199-b65f-16d282348dd7-chrome-pdf.html","meta":{"rootId":"lbzlgdok6z2rr09","id":"lbzlgdok6z2rr09"},"id":"0wyow226r1as0fq","previousOperationId":"iy1uxyw7odrfvyp"}
{"type":"log","timestamp":1701439821248,"level":"debug","message":"Page request finished: GET (document) 200 file:///var/folders/dp/qk79pfcj0y1fmtkkl08m76rc0000gn/T/jsreport/autocleanup/5223ab20-d67e-4199-b65f-16d282348dd7-chrome-pdf.html","meta":{"rootId":"lbzlgdok6z2rr09","id":"lbzlgdok6z2rr09"},"id":"exqifras9h9ggyy","previousOperationId":"iy1uxyw7odrfvyp"}
{"type":"log","timestamp":1701439821260,"level":"debug","message":"Running chrome with params {\"printBackground\":true,\"timeout\":59966,\"margin\":{}}","meta":{"rootId":"lbzlgdok6z2rr09","id":"lbzlgdok6z2rr09"},"id":"d4covikfvr3jjxm","previousOperationId":"iy1uxyw7odrfvyp"}
{"type":"operationEnd","operationId":"iy1uxyw7odrfvyp","timestamp":1701439821274,"id":"bq07efvk1ca5wcx","previousEventId":"yymno4j87usgf9l","previousOperationId":"iy1uxyw7odrfvyp"}
{"type":"log","timestamp":1701439821274,"level":"debug","message":"Skipping storing report.","meta":{"rootId":"lbzlgdok6z2rr09","id":"lbzlgdok6z2rr09"},"id":"0zt399lncb1vbga","previousOperationId":"iy1uxyw7odrfvyp"}
{"type":"log","timestamp":1701439821274,"level":"info","message":"Rendering request 3 finished in 254 ms","meta":{"rootId":"lbzlgdok6z2rr09","id":"lbzlgdok6z2rr09"},"id":"fvqp6160uzpyxnw","previousOperationId":"iy1uxyw7odrfvyp"}
{"type":"operationEnd","subtype":"render","operationId":"h1mgi29ssitugjf","timestamp":1701439821274,"id":"4tdr2ck46zk5bwn","previousEventId":"bq07efvk1ca5wcx","previousOperationId":"iy1uxyw7odrfvyp"}
{"type":"operationEnd","doDiffs":false,"previousEventId":"ts3r1oh6x07og9q","previousOperationId":"mk2ey9wwnvxffk9","operationId":"mk2ey9wwnvxffk9","timestamp":1701439821276,"id":"gowjpllil5t0edp"}
