{"type":"operationStart","subtype":"profile","data":{"_id":"UHffVs3PibpT5MYo","timestamp":"2023-12-06T10:33:11.246Z","state":"queued","mode":"standard","creationDate":"2023-12-06T10:33:11.247Z","modificationDate":"2023-12-06T10:33:11.247Z","shortid":"Q1AgVPa","$entitySet":"profiles"},"doDiffs":false,"timestamp":1701858791247,"id":"knd3egp5iqac9hk","previousOperationId":null,"operationId":"mf6lpkt8vuhq5i1"}
{"type":"log","level":"info","message":"Render request 95 queued for execution and waiting for available worker","previousOperationId":"mf6lpkt8vuhq5i1","timestamp":1701858791247,"id":"mhtlxwr78n6fi42"}
{"type":"operationStart","subtype":"render","name":"pp_index","previousOperationId":"mf6lpkt8vuhq5i1","timestamp":1701858791254,"id":"udxwmgrjpietm1c","previousEventId":"knd3egp5iqac9hk","operationId":"5aa8ih294j0fyh9"}
{"type":"log","timestamp":1701858791254,"level":"info","message":"Starting rendering request 95","meta":{"rootId":"ldh4w0fnls6t2e4","id":"ldh4w0fnls6t2e4"},"id":"ii3ytfh4q934jwm","previousOperationId":"5aa8ih294j0fyh9"}
{"type":"log","timestamp":1701858791255,"level":"info","message":"Rendering template { name: pp_index, recipe: chrome-pdf, engine: handlebars, preview: true }","meta":{"rootId":"ldh4w0fnls6t2e4","id":"ldh4w0fnls6t2e4"},"id":"k9nyi8pzaggr40q","previousOperationId":"5aa8ih294j0fyh9"}
{"type":"log","timestamp":1701858791255,"level":"debug","message":"Inline data specified.","meta":{"rootId":"ldh4w0fnls6t2e4","id":"ldh4w0fnls6t2e4"},"id":"bosydfo1grsr2sp","previousOperationId":"5aa8ih294j0fyh9"}
{"type":"log","timestamp":1701858791258,"level":"debug","message":"Base url not specified, skipping its injection.","meta":{"rootId":"ldh4w0fnls6t2e4","id":"ldh4w0fnls6t2e4"},"id":"i76dd5gg4rssg69","previousOperationId":"5aa8ih294j0fyh9"}
{"type":"log","timestamp":1701858791259,"level":"debug","message":"Replaced assets [\"styles.css\"]","meta":{"rootId":"ldh4w0fnls6t2e4","id":"ldh4w0fnls6t2e4"},"id":"cu8jd4wkoki6g0s","previousOperationId":"5aa8ih294j0fyh9"}
{"type":"operationStart","subtype":"engine","name":"handlebars","timestamp":1701858791259,"id":"fd9q1dbqbglppck","previousEventId":"udxwmgrjpietm1c","operationId":"sii545vllsrfwsp","previousOperationId":"5aa8ih294j0fyh9"}
{"type":"log","timestamp":1701858791259,"level":"debug","message":"Rendering engine handlebars","meta":{"rootId":"ldh4w0fnls6t2e4","id":"ldh4w0fnls6t2e4"},"id":"ho0w6q1pht9b6e4","previousOperationId":"sii545vllsrfwsp"}
{"type":"operationEnd","operationId":"sii545vllsrfwsp","timestamp":1701858791274,"id":"q3akek9ltrgir4y","previousEventId":"fd9q1dbqbglppck","previousOperationId":"sii545vllsrfwsp"}
{"type":"operationStart","subtype":"recipe","name":"chrome-pdf","timestamp":1701858791275,"id":"7f3d0l2gnnzpfwt","previousEventId":"q3akek9ltrgir4y","operationId":"3q1682ota03l3cj","previousOperationId":"sii545vllsrfwsp"}
{"type":"log","timestamp":1701858791275,"level":"debug","message":"Executing recipe chrome-pdf","meta":{"rootId":"ldh4w0fnls6t2e4","id":"ldh4w0fnls6t2e4"},"id":"nkr1jw2upbj13kg","previousOperationId":"3q1682ota03l3cj"}
{"type":"log","timestamp":1701858791276,"level":"debug","message":"Converting with chrome HeadlessChrome/117.0.5938.149 using chrome-pool strategy","meta":{"rootId":"ldh4w0fnls6t2e4","id":"ldh4w0fnls6t2e4"},"id":"81z36qx1fa3i1i6","previousOperationId":"3q1682ota03l3cj"}
{"type":"log","timestamp":1701858791330,"level":"debug","message":"Page request: GET (document) file:///var/folders/dp/qk79pfcj0y1fmtkkl08m76rc0000gn/T/jsreport/autocleanup/c1761e1d-b736-4bc2-b008-1e20e2573f22-chrome-pdf.html","meta":{"rootId":"ldh4w0fnls6t2e4","id":"ldh4w0fnls6t2e4"},"id":"rfudtqbau89xzz7","previousOperationId":"3q1682ota03l3cj"}
{"type":"log","timestamp":1701858791335,"level":"debug","message":"Page request finished: GET (document) 200 file:///var/folders/dp/qk79pfcj0y1fmtkkl08m76rc0000gn/T/jsreport/autocleanup/c1761e1d-b736-4bc2-b008-1e20e2573f22-chrome-pdf.html","meta":{"rootId":"ldh4w0fnls6t2e4","id":"ldh4w0fnls6t2e4"},"id":"jcp2fd822brpnd4","previousOperationId":"3q1682ota03l3cj"}
{"type":"log","timestamp":1701858791349,"level":"debug","message":"Running chrome with params {\"printBackground\":true,\"width\":\"68mm\",\"height\":\"40cm\",\"timeout\":59971,\"margin\":{}}","meta":{"rootId":"ldh4w0fnls6t2e4","id":"ldh4w0fnls6t2e4"},"id":"32xh85ift6ul04y","previousOperationId":"3q1682ota03l3cj"}
{"type":"operationEnd","operationId":"3q1682ota03l3cj","timestamp":1701858791368,"id":"7kj8icsci8jvmd2","previousEventId":"7f3d0l2gnnzpfwt","previousOperationId":"3q1682ota03l3cj"}
{"type":"log","timestamp":1701858791368,"level":"debug","message":"Skipping storing report.","meta":{"rootId":"ldh4w0fnls6t2e4","id":"ldh4w0fnls6t2e4"},"id":"3ht8xadytwrl32u","previousOperationId":"3q1682ota03l3cj"}
{"type":"log","timestamp":1701858791368,"level":"info","message":"Rendering request 95 finished in 122 ms","meta":{"rootId":"ldh4w0fnls6t2e4","id":"ldh4w0fnls6t2e4"},"id":"aetc8kp7rro5nc1","previousOperationId":"3q1682ota03l3cj"}
{"type":"operationEnd","subtype":"render","operationId":"5aa8ih294j0fyh9","timestamp":1701858791368,"id":"x0h7iwyy42mo7zo","previousEventId":"7kj8icsci8jvmd2","previousOperationId":"3q1682ota03l3cj"}
{"type":"operationEnd","doDiffs":false,"previousEventId":"knd3egp5iqac9hk","previousOperationId":"mf6lpkt8vuhq5i1","operationId":"mf6lpkt8vuhq5i1","timestamp":1701858791370,"id":"ur8276an4z9y6mo"}
