{"type":"operationStart","subtype":"profile","data":{"_id":"6v6plUAsJsiEM5Bt","timestamp":"2023-12-04T09:51:22.389Z","state":"queued","mode":"standard","creationDate":"2023-12-04T09:51:22.392Z","modificationDate":"2023-12-04T09:51:22.392Z","shortid":"TrLsqH2","$entitySet":"profiles"},"doDiffs":false,"timestamp":1701683482392,"id":"wg6gi7fr5a4iwqz","previousOperationId":null,"operationId":"h4jbtqsidoy531r"}
{"type":"log","level":"info","message":"Render request 68 queued for execution and waiting for available worker","previousOperationId":"h4jbtqsidoy531r","timestamp":1701683482392,"id":"x9mn14rtk7yl63t"}
{"type":"operationStart","subtype":"render","name":"pp_index","previousOperationId":"h4jbtqsidoy531r","timestamp":1701683482400,"id":"pdpx6kx6waoxwtd","previousEventId":"wg6gi7fr5a4iwqz","operationId":"q32t49vucjyh4xi"}
{"type":"log","timestamp":1701683482400,"level":"info","message":"Starting rendering request 68","meta":{"rootId":"ljtw1r28j8yk9f0","id":"ljtw1r28j8yk9f0"},"id":"0qlowd7607jm178","previousOperationId":"q32t49vucjyh4xi"}
{"type":"log","timestamp":1701683482400,"level":"info","message":"Rendering template { name: pp_index, recipe: chrome-pdf, engine: handlebars, preview: true }","meta":{"rootId":"ljtw1r28j8yk9f0","id":"ljtw1r28j8yk9f0"},"id":"n4tb2flhhczzjcu","previousOperationId":"q32t49vucjyh4xi"}
{"type":"log","timestamp":1701683482402,"level":"debug","message":"Adding sample data PH9LTzd4s","meta":{"rootId":"ljtw1r28j8yk9f0","id":"ljtw1r28j8yk9f0"},"id":"ix5ixylc86xow50","previousOperationId":"q32t49vucjyh4xi"}
{"type":"log","timestamp":1701683482411,"level":"debug","message":"Base url not specified, skipping its injection.","meta":{"rootId":"ljtw1r28j8yk9f0","id":"ljtw1r28j8yk9f0"},"id":"fqjbst0sjwo9ltd","previousOperationId":"q32t49vucjyh4xi"}
{"type":"operationStart","subtype":"engine","name":"handlebars","timestamp":1701683482412,"id":"mbcgpo53jytrwia","previousEventId":"pdpx6kx6waoxwtd","operationId":"ihuysjb1wny60ue","previousOperationId":"q32t49vucjyh4xi"}
{"type":"log","timestamp":1701683482412,"level":"debug","message":"Rendering engine handlebars","meta":{"rootId":"ljtw1r28j8yk9f0","id":"ljtw1r28j8yk9f0"},"id":"uwy32929xrzu990","previousOperationId":"ihuysjb1wny60ue"}
{"type":"operationEnd","operationId":"ihuysjb1wny60ue","timestamp":1701683482418,"id":"oi52easoplgsx7t","previousEventId":"mbcgpo53jytrwia","previousOperationId":"ihuysjb1wny60ue"}
{"type":"operationStart","subtype":"recipe","name":"chrome-pdf","timestamp":1701683482419,"id":"hkvtkr2omh4u0o5","previousEventId":"oi52easoplgsx7t","operationId":"y1c6q9k90klwm1w","previousOperationId":"ihuysjb1wny60ue"}
{"type":"log","timestamp":1701683482419,"level":"debug","message":"Executing recipe chrome-pdf","meta":{"rootId":"ljtw1r28j8yk9f0","id":"ljtw1r28j8yk9f0"},"id":"5ahfvhvku68emke","previousOperationId":"y1c6q9k90klwm1w"}
{"type":"log","timestamp":1701683482420,"level":"debug","message":"Converting with chrome HeadlessChrome/117.0.5938.149 using chrome-pool strategy","meta":{"rootId":"ljtw1r28j8yk9f0","id":"ljtw1r28j8yk9f0"},"id":"c72gogmh5isgfz5","previousOperationId":"y1c6q9k90klwm1w"}
{"type":"log","timestamp":1701683482472,"level":"debug","message":"Page request: GET (document) file:///var/folders/dp/qk79pfcj0y1fmtkkl08m76rc0000gn/T/jsreport/autocleanup/0e3b6c33-9cb2-47d7-903b-979e2eccb7e6-chrome-pdf.html","meta":{"rootId":"ljtw1r28j8yk9f0","id":"ljtw1r28j8yk9f0"},"id":"novbkf4bqhlvcgf","previousOperationId":"y1c6q9k90klwm1w"}
{"type":"log","timestamp":1701683482477,"level":"debug","message":"Page request finished: GET (document) 200 file:///var/folders/dp/qk79pfcj0y1fmtkkl08m76rc0000gn/T/jsreport/autocleanup/0e3b6c33-9cb2-47d7-903b-979e2eccb7e6-chrome-pdf.html","meta":{"rootId":"ljtw1r28j8yk9f0","id":"ljtw1r28j8yk9f0"},"id":"459rfpddwb273va","previousOperationId":"y1c6q9k90klwm1w"}
{"type":"log","timestamp":1701683482487,"level":"debug","message":"Running chrome with params {\"printBackground\":true,\"width\":\"5.8cm\",\"timeout\":59970,\"margin\":{}}","meta":{"rootId":"ljtw1r28j8yk9f0","id":"ljtw1r28j8yk9f0"},"id":"amwloa16na6mooa","previousOperationId":"y1c6q9k90klwm1w"}
{"type":"operationEnd","operationId":"y1c6q9k90klwm1w","timestamp":1701683482509,"id":"xo6arhorknvnvvc","previousEventId":"hkvtkr2omh4u0o5","previousOperationId":"y1c6q9k90klwm1w"}
{"type":"log","timestamp":1701683482509,"level":"debug","message":"Skipping storing report.","meta":{"rootId":"ljtw1r28j8yk9f0","id":"ljtw1r28j8yk9f0"},"id":"2i74xjfcf5117zo","previousOperationId":"y1c6q9k90klwm1w"}
{"type":"log","timestamp":1701683482509,"level":"info","message":"Rendering request 68 finished in 120 ms","meta":{"rootId":"ljtw1r28j8yk9f0","id":"ljtw1r28j8yk9f0"},"id":"3ms8dulhlz3bgie","previousOperationId":"y1c6q9k90klwm1w"}
{"type":"operationEnd","subtype":"render","operationId":"q32t49vucjyh4xi","timestamp":1701683482509,"id":"2v94lah9jf96dmm","previousEventId":"xo6arhorknvnvvc","previousOperationId":"y1c6q9k90klwm1w"}
{"type":"operationEnd","doDiffs":false,"previousEventId":"wg6gi7fr5a4iwqz","previousOperationId":"h4jbtqsidoy531r","operationId":"h4jbtqsidoy531r","timestamp":1701683482510,"id":"dqc0xusfykk5yat"}
