{"type":"operationStart","subtype":"profile","data":{"_id":"532YYdE7PttlhHFm","timestamp":"2023-12-04T10:44:27.980Z","state":"queued","mode":"standard","creationDate":"2023-12-04T10:44:27.982Z","modificationDate":"2023-12-04T10:44:27.982Z","shortid":"C8Kfhay","$entitySet":"profiles"},"doDiffs":false,"timestamp":1701686667981,"id":"4klt67lvo45uo6r","previousOperationId":null,"operationId":"oorkw6cjhvty53m"}
{"type":"log","level":"info","message":"Render request 88 queued for execution and waiting for available worker","previousOperationId":"oorkw6cjhvty53m","timestamp":1701686667981,"id":"bbdp6u5iho4hz8i"}
{"type":"operationStart","subtype":"render","name":"pp_index","previousOperationId":"oorkw6cjhvty53m","timestamp":1701686667993,"id":"odo5r6smgm0vg4c","previousEventId":"4klt67lvo45uo6r","operationId":"f27ltamdpm0molq"}
{"type":"log","timestamp":1701686667993,"level":"info","message":"Starting rendering request 88","meta":{"rootId":"ln1m9bhuy659exu","id":"ln1m9bhuy659exu"},"id":"agku2ewea68zieq","previousOperationId":"f27ltamdpm0molq"}
{"type":"log","timestamp":1701686667994,"level":"info","message":"Rendering template { name: pp_index, recipe: chrome-pdf, engine: handlebars, preview: true }","meta":{"rootId":"ln1m9bhuy659exu","id":"ln1m9bhuy659exu"},"id":"d0vbxah5bpomhiy","previousOperationId":"f27ltamdpm0molq"}
{"type":"log","timestamp":1701686667999,"level":"debug","message":"Inline data specified.","meta":{"rootId":"ln1m9bhuy659exu","id":"ln1m9bhuy659exu"},"id":"vtxekaraxlqxwbd","previousOperationId":"f27ltamdpm0molq"}
{"type":"log","timestamp":1701686668001,"level":"debug","message":"Base url not specified, skipping its injection.","meta":{"rootId":"ln1m9bhuy659exu","id":"ln1m9bhuy659exu"},"id":"wqsfebov6f2ysfa","previousOperationId":"f27ltamdpm0molq"}
{"type":"operationStart","subtype":"engine","name":"handlebars","timestamp":1701686668002,"id":"pq0rzwbvcjvsmj8","previousEventId":"odo5r6smgm0vg4c","operationId":"djqos6stgfbbrj8","previousOperationId":"f27ltamdpm0molq"}
{"type":"log","timestamp":1701686668002,"level":"debug","message":"Rendering engine handlebars","meta":{"rootId":"ln1m9bhuy659exu","id":"ln1m9bhuy659exu"},"id":"k6arourg83hlzd2","previousOperationId":"djqos6stgfbbrj8"}
{"type":"operationEnd","operationId":"djqos6stgfbbrj8","timestamp":1701686668010,"id":"dt0gtay4gsgtz97","previousEventId":"pq0rzwbvcjvsmj8","previousOperationId":"djqos6stgfbbrj8"}
{"type":"operationStart","subtype":"recipe","name":"chrome-pdf","timestamp":1701686668010,"id":"s38u2sunn6roo8m","previousEventId":"dt0gtay4gsgtz97","operationId":"l5b3mg4fobkiz8i","previousOperationId":"djqos6stgfbbrj8"}
{"type":"log","timestamp":1701686668010,"level":"debug","message":"Executing recipe chrome-pdf","meta":{"rootId":"ln1m9bhuy659exu","id":"ln1m9bhuy659exu"},"id":"1ypfj0ce5kpns9c","previousOperationId":"l5b3mg4fobkiz8i"}
{"type":"log","timestamp":1701686668011,"level":"debug","message":"Converting with chrome HeadlessChrome/117.0.5938.149 using chrome-pool strategy","meta":{"rootId":"ln1m9bhuy659exu","id":"ln1m9bhuy659exu"},"id":"584k3q076l2t10k","previousOperationId":"l5b3mg4fobkiz8i"}
{"type":"log","timestamp":1701686668060,"level":"debug","message":"Page request: GET (document) file:///var/folders/dp/qk79pfcj0y1fmtkkl08m76rc0000gn/T/jsreport/autocleanup/a2f95ac7-3611-402c-8518-36852cc85361-chrome-pdf.html","meta":{"rootId":"ln1m9bhuy659exu","id":"ln1m9bhuy659exu"},"id":"8bnegjpl4prv99k","previousOperationId":"l5b3mg4fobkiz8i"}
{"type":"log","timestamp":1701686668065,"level":"debug","message":"Page request finished: GET (document) 200 file:///var/folders/dp/qk79pfcj0y1fmtkkl08m76rc0000gn/T/jsreport/autocleanup/a2f95ac7-3611-402c-8518-36852cc85361-chrome-pdf.html","meta":{"rootId":"ln1m9bhuy659exu","id":"ln1m9bhuy659exu"},"id":"l30xno9236d1dpk","previousOperationId":"l5b3mg4fobkiz8i"}
{"type":"log","timestamp":1701686668077,"level":"debug","message":"Running chrome with params {\"printBackground\":true,\"width\":\"5.8cm\",\"timeout\":59969,\"margin\":{}}","meta":{"rootId":"ln1m9bhuy659exu","id":"ln1m9bhuy659exu"},"id":"ymsh08bygdibopn","previousOperationId":"l5b3mg4fobkiz8i"}
{"type":"operationEnd","operationId":"l5b3mg4fobkiz8i","timestamp":1701686668099,"id":"z9dyo7crd50ooop","previousEventId":"s38u2sunn6roo8m","previousOperationId":"l5b3mg4fobkiz8i"}
{"type":"log","timestamp":1701686668099,"level":"debug","message":"Skipping storing report.","meta":{"rootId":"ln1m9bhuy659exu","id":"ln1m9bhuy659exu"},"id":"lv6h3rn7moogvaq","previousOperationId":"l5b3mg4fobkiz8i"}
{"type":"log","timestamp":1701686668099,"level":"info","message":"Rendering request 88 finished in 119 ms","meta":{"rootId":"ln1m9bhuy659exu","id":"ln1m9bhuy659exu"},"id":"69is87v0sppa2kp","previousOperationId":"l5b3mg4fobkiz8i"}
{"type":"operationEnd","subtype":"render","operationId":"f27ltamdpm0molq","timestamp":1701686668099,"id":"f283agz6nyb7mz2","previousEventId":"z9dyo7crd50ooop","previousOperationId":"l5b3mg4fobkiz8i"}
{"type":"operationEnd","doDiffs":false,"previousEventId":"4klt67lvo45uo6r","previousOperationId":"oorkw6cjhvty53m","operationId":"oorkw6cjhvty53m","timestamp":1701686668101,"id":"cy3wkuesx9ua22l"}
