{"type":"operationStart","subtype":"profile","data":{"_id":"UayAIVCh8kDSBWLV","timestamp":"2023-12-04T13:14:15.378Z","state":"queued","mode":"standard","creationDate":"2023-12-04T13:14:15.379Z","modificationDate":"2023-12-04T13:14:15.379Z","shortid":"qXWz1_0","$entitySet":"profiles"},"doDiffs":false,"timestamp":1701695655379,"id":"5syumxlrhffqjqk","previousOperationId":null,"operationId":"evtwbvmt71hbjo8"}
{"type":"log","level":"info","message":"Render request 34 queued for execution and waiting for available worker","previousOperationId":"evtwbvmt71hbjo8","timestamp":1701695655379,"id":"vvx5yc08oec90e1"}
{"type":"operationStart","subtype":"render","name":"pp_index","previousOperationId":"evtwbvmt71hbjo8","timestamp":1701695655390,"id":"zqbqn06vpluf3et","previousEventId":"5syumxlrhffqjqk","operationId":"pixicajccyknxod"}
{"type":"log","timestamp":1701695655391,"level":"info","message":"Starting rendering request 34","meta":{"rootId":"mbweywrl2fl8a84","id":"mbweywrl2fl8a84"},"id":"lq3gvm4wmc9a8u8","previousOperationId":"pixicajccyknxod"}
{"type":"log","timestamp":1701695655391,"level":"info","message":"Rendering template { name: pp_index, recipe: chrome-pdf, engine: handlebars, preview: true }","meta":{"rootId":"mbweywrl2fl8a84","id":"mbweywrl2fl8a84"},"id":"9u8l08qbryazlua","previousOperationId":"pixicajccyknxod"}
{"type":"log","timestamp":1701695655392,"level":"debug","message":"Inline data specified.","meta":{"rootId":"mbweywrl2fl8a84","id":"mbweywrl2fl8a84"},"id":"u1p14j52z9t2qnb","previousOperationId":"pixicajccyknxod"}
{"type":"log","timestamp":1701695655400,"level":"debug","message":"Base url not specified, skipping its injection.","meta":{"rootId":"mbweywrl2fl8a84","id":"mbweywrl2fl8a84"},"id":"i7hlnu0veq92tw7","previousOperationId":"pixicajccyknxod"}
{"type":"log","timestamp":1701695655402,"level":"debug","message":"Replaced assets [\"styles.css\"]","meta":{"rootId":"mbweywrl2fl8a84","id":"mbweywrl2fl8a84"},"id":"bfn0rgxm0rxdilx","previousOperationId":"pixicajccyknxod"}
{"type":"operationStart","subtype":"engine","name":"handlebars","timestamp":1701695655402,"id":"j09wu2w1438807h","previousEventId":"zqbqn06vpluf3et","operationId":"lswpw4dmpy5uscz","previousOperationId":"pixicajccyknxod"}
{"type":"log","timestamp":1701695655403,"level":"debug","message":"Rendering engine handlebars","meta":{"rootId":"mbweywrl2fl8a84","id":"mbweywrl2fl8a84"},"id":"wu9zqlxasvzb3n6","previousOperationId":"lswpw4dmpy5uscz"}
{"type":"operationEnd","operationId":"lswpw4dmpy5uscz","timestamp":1701695655410,"id":"yv48sdofhdhix30","previousEventId":"j09wu2w1438807h","previousOperationId":"lswpw4dmpy5uscz"}
{"type":"operationStart","subtype":"recipe","name":"chrome-pdf","timestamp":1701695655411,"id":"ekne2ky04ql2yoj","previousEventId":"yv48sdofhdhix30","operationId":"vvjq0udzelw8exx","previousOperationId":"lswpw4dmpy5uscz"}
{"type":"log","timestamp":1701695655411,"level":"debug","message":"Executing recipe chrome-pdf","meta":{"rootId":"mbweywrl2fl8a84","id":"mbweywrl2fl8a84"},"id":"qr02voarxmoqv22","previousOperationId":"vvjq0udzelw8exx"}
{"type":"log","timestamp":1701695655413,"level":"debug","message":"Converting with chrome HeadlessChrome/117.0.5938.149 using chrome-pool strategy","meta":{"rootId":"mbweywrl2fl8a84","id":"mbweywrl2fl8a84"},"id":"k5ksdki828cqaj8","previousOperationId":"vvjq0udzelw8exx"}
{"type":"log","timestamp":1701695655462,"level":"debug","message":"Page request: GET (document) file:///var/folders/dp/qk79pfcj0y1fmtkkl08m76rc0000gn/T/jsreport/autocleanup/b14314fd-a422-47d7-8a84-a8443ae547b3-chrome-pdf.html","meta":{"rootId":"mbweywrl2fl8a84","id":"mbweywrl2fl8a84"},"id":"m4iau2aw0jmlnaf","previousOperationId":"vvjq0udzelw8exx"}
{"type":"log","timestamp":1701695655467,"level":"debug","message":"Page request finished: GET (document) 200 file:///var/folders/dp/qk79pfcj0y1fmtkkl08m76rc0000gn/T/jsreport/autocleanup/b14314fd-a422-47d7-8a84-a8443ae547b3-chrome-pdf.html","meta":{"rootId":"mbweywrl2fl8a84","id":"mbweywrl2fl8a84"},"id":"6itr6uqd123apu5","previousOperationId":"vvjq0udzelw8exx"}
{"type":"log","timestamp":1701695655479,"level":"debug","message":"Running chrome with params {\"printBackground\":true,\"width\":\"5.8cm\",\"height\":\"40cm\",\"timeout\":59966,\"margin\":{}}","meta":{"rootId":"mbweywrl2fl8a84","id":"mbweywrl2fl8a84"},"id":"uy3g7mhb2vtuw48","previousOperationId":"vvjq0udzelw8exx"}
{"type":"operationEnd","operationId":"vvjq0udzelw8exx","timestamp":1701695655503,"id":"5aaawaxdeftvpu9","previousEventId":"ekne2ky04ql2yoj","previousOperationId":"vvjq0udzelw8exx"}
{"type":"log","timestamp":1701695655503,"level":"debug","message":"Skipping storing report.","meta":{"rootId":"mbweywrl2fl8a84","id":"mbweywrl2fl8a84"},"id":"3r72gz84czaf019","previousOperationId":"vvjq0udzelw8exx"}
{"type":"log","timestamp":1701695655503,"level":"info","message":"Rendering request 34 finished in 125 ms","meta":{"rootId":"mbweywrl2fl8a84","id":"mbweywrl2fl8a84"},"id":"epyvujlx1217edc","previousOperationId":"vvjq0udzelw8exx"}
{"type":"operationEnd","subtype":"render","operationId":"pixicajccyknxod","timestamp":1701695655503,"id":"p8jn67clz2qjp66","previousEventId":"5aaawaxdeftvpu9","previousOperationId":"vvjq0udzelw8exx"}
{"type":"operationEnd","doDiffs":false,"previousEventId":"5syumxlrhffqjqk","previousOperationId":"evtwbvmt71hbjo8","operationId":"evtwbvmt71hbjo8","timestamp":1701695655504,"id":"q3o075e01cmtse0"}
