{"type":"operationStart","subtype":"profile","data":{"_id":"SPgpYVLifscIEr3C","timestamp":"2023-12-04T08:37:26.882Z","state":"queued","mode":"standard","creationDate":"2023-12-04T08:37:26.884Z","modificationDate":"2023-12-04T08:37:26.884Z","shortid":"L_pUynE","$entitySet":"profiles"},"doDiffs":false,"timestamp":1701679046883,"id":"a0lm4nwd7ncctin","previousOperationId":null,"operationId":"vg3ioe5z8wle1jb"}
{"type":"log","level":"info","message":"Render request 10 queued for execution and waiting for available worker","previousOperationId":"vg3ioe5z8wle1jb","timestamp":1701679046883,"id":"lq7i2gcsw1m7dxk"}
{"type":"operationStart","subtype":"render","name":"pp_index","previousOperationId":"vg3ioe5z8wle1jb","timestamp":1701679046901,"id":"0ahlgnf31pfog9n","previousEventId":"a0lm4nwd7ncctin","operationId":"genwgw8b2bd1s6l"}
{"type":"log","timestamp":1701679046901,"level":"info","message":"Starting rendering request 10","meta":{"rootId":"mvs8xc9gb1f3a6a","id":"mvs8xc9gb1f3a6a"},"id":"qgulf3swcxkdyd5","previousOperationId":"genwgw8b2bd1s6l"}
{"type":"log","timestamp":1701679046902,"level":"info","message":"Rendering template { name: pp_index, recipe: chrome-pdf, engine: handlebars, preview: true }","meta":{"rootId":"mvs8xc9gb1f3a6a","id":"mvs8xc9gb1f3a6a"},"id":"3g44lrqkzisr9k0","previousOperationId":"genwgw8b2bd1s6l"}
{"type":"log","timestamp":1701679046903,"level":"debug","message":"Adding sample data PH9LTzd4s","meta":{"rootId":"mvs8xc9gb1f3a6a","id":"mvs8xc9gb1f3a6a"},"id":"5ioedjubmk2z7dt","previousOperationId":"genwgw8b2bd1s6l"}
{"type":"log","timestamp":1701679046906,"level":"debug","message":"Base url not specified, skipping its injection.","meta":{"rootId":"mvs8xc9gb1f3a6a","id":"mvs8xc9gb1f3a6a"},"id":"dce1tn3g9llrff4","previousOperationId":"genwgw8b2bd1s6l"}
{"type":"operationStart","subtype":"engine","name":"handlebars","timestamp":1701679046906,"id":"ixajamidgep6tj1","previousEventId":"0ahlgnf31pfog9n","operationId":"kccnv321lkzjc6f","previousOperationId":"genwgw8b2bd1s6l"}
{"type":"log","timestamp":1701679046906,"level":"debug","message":"Rendering engine handlebars","meta":{"rootId":"mvs8xc9gb1f3a6a","id":"mvs8xc9gb1f3a6a"},"id":"hffakbtymmskth4","previousOperationId":"kccnv321lkzjc6f"}
{"type":"operationEnd","operationId":"kccnv321lkzjc6f","timestamp":1701679046915,"id":"o5ya5oo3sycinpx","previousEventId":"ixajamidgep6tj1","previousOperationId":"kccnv321lkzjc6f"}
{"type":"operationStart","subtype":"recipe","name":"chrome-pdf","timestamp":1701679046915,"id":"8t3kq3ei85invvh","previousEventId":"o5ya5oo3sycinpx","operationId":"5gahsgsggkb9hap","previousOperationId":"kccnv321lkzjc6f"}
{"type":"log","timestamp":1701679046915,"level":"debug","message":"Executing recipe chrome-pdf","meta":{"rootId":"mvs8xc9gb1f3a6a","id":"mvs8xc9gb1f3a6a"},"id":"is7e0bw043wba6c","previousOperationId":"5gahsgsggkb9hap"}
{"type":"log","timestamp":1701679046917,"level":"debug","message":"Converting with chrome HeadlessChrome/117.0.5938.149 using chrome-pool strategy","meta":{"rootId":"mvs8xc9gb1f3a6a","id":"mvs8xc9gb1f3a6a"},"id":"h3u9zm81tbihoaj","previousOperationId":"5gahsgsggkb9hap"}
{"type":"log","timestamp":1701679046964,"level":"debug","message":"Page request: GET (document) file:///var/folders/dp/qk79pfcj0y1fmtkkl08m76rc0000gn/T/jsreport/autocleanup/cdd15b67-72cf-41af-b0d5-ecd18915a047-chrome-pdf.html","meta":{"rootId":"mvs8xc9gb1f3a6a","id":"mvs8xc9gb1f3a6a"},"id":"hgup7idn196vjcp","previousOperationId":"5gahsgsggkb9hap"}
{"type":"log","timestamp":1701679046969,"level":"debug","message":"Page request finished: GET (document) 200 file:///var/folders/dp/qk79pfcj0y1fmtkkl08m76rc0000gn/T/jsreport/autocleanup/cdd15b67-72cf-41af-b0d5-ecd18915a047-chrome-pdf.html","meta":{"rootId":"mvs8xc9gb1f3a6a","id":"mvs8xc9gb1f3a6a"},"id":"guwcu4xkk1qdgq1","previousOperationId":"5gahsgsggkb9hap"}
{"type":"log","timestamp":1701679046978,"level":"debug","message":"Running chrome with params {\"printBackground\":true,\"timeout\":59965,\"margin\":{}}","meta":{"rootId":"mvs8xc9gb1f3a6a","id":"mvs8xc9gb1f3a6a"},"id":"adirwcmanwhtzlu","previousOperationId":"5gahsgsggkb9hap"}
{"type":"operationEnd","operationId":"5gahsgsggkb9hap","timestamp":1701679046995,"id":"4v1gzs8wtj6txc7","previousEventId":"8t3kq3ei85invvh","previousOperationId":"5gahsgsggkb9hap"}
{"type":"log","timestamp":1701679046995,"level":"debug","message":"Skipping storing report.","meta":{"rootId":"mvs8xc9gb1f3a6a","id":"mvs8xc9gb1f3a6a"},"id":"fpjmpe6uxtalncs","previousOperationId":"5gahsgsggkb9hap"}
{"type":"log","timestamp":1701679046995,"level":"info","message":"Rendering request 10 finished in 114 ms","meta":{"rootId":"mvs8xc9gb1f3a6a","id":"mvs8xc9gb1f3a6a"},"id":"if6jl9bruwbsbfo","previousOperationId":"5gahsgsggkb9hap"}
{"type":"operationEnd","subtype":"render","operationId":"genwgw8b2bd1s6l","timestamp":1701679046995,"id":"zc015c8hal1vmhg","previousEventId":"4v1gzs8wtj6txc7","previousOperationId":"5gahsgsggkb9hap"}
{"type":"operationEnd","doDiffs":false,"previousEventId":"a0lm4nwd7ncctin","previousOperationId":"vg3ioe5z8wle1jb","operationId":"vg3ioe5z8wle1jb","timestamp":1701679046996,"id":"djy6rp2j93tpz98"}
