{"type":"operationStart","subtype":"profile","data":{"_id":"bJxxXoIueBAkHgAk","timestamp":"2023-12-04T08:33:37.639Z","state":"queued","mode":"standard","creationDate":"2023-12-04T08:33:37.641Z","modificationDate":"2023-12-04T08:33:37.641Z","shortid":"MwIw3P8","$entitySet":"profiles"},"doDiffs":false,"timestamp":1701678817640,"id":"mdxjyj7v0ruwua9","previousOperationId":null,"operationId":"lfa0f159d6h42ct"}
{"type":"log","level":"info","message":"Render request 8 queued for execution and waiting for available worker","previousOperationId":"lfa0f159d6h42ct","timestamp":1701678817641,"id":"p7sr9fqi6ufz5ia"}
{"type":"operationStart","subtype":"render","name":"pp_index","previousOperationId":"lfa0f159d6h42ct","timestamp":1701678817658,"id":"2wrdnl2ij8c7o3g","previousEventId":"mdxjyj7v0ruwua9","operationId":"uqz76wqcgja65ka"}
{"type":"log","timestamp":1701678817658,"level":"info","message":"Starting rendering request 8","meta":{"rootId":"n7wbq4h7hgw4319","id":"n7wbq4h7hgw4319"},"id":"jk9jrdvjjsczwhp","previousOperationId":"uqz76wqcgja65ka"}
{"type":"log","timestamp":1701678817659,"level":"info","message":"Rendering template { name: pp_index, recipe: chrome-pdf, engine: handlebars, preview: true }","meta":{"rootId":"n7wbq4h7hgw4319","id":"n7wbq4h7hgw4319"},"id":"5n6xfjoa45k9aq0","previousOperationId":"uqz76wqcgja65ka"}
{"type":"log","timestamp":1701678817660,"level":"debug","message":"Adding sample data PH9LTzd4s","meta":{"rootId":"n7wbq4h7hgw4319","id":"n7wbq4h7hgw4319"},"id":"e8f4e7n0o9y8skm","previousOperationId":"uqz76wqcgja65ka"}
{"type":"log","timestamp":1701678817662,"level":"debug","message":"Base url not specified, skipping its injection.","meta":{"rootId":"n7wbq4h7hgw4319","id":"n7wbq4h7hgw4319"},"id":"br19walvf7otfe5","previousOperationId":"uqz76wqcgja65ka"}
{"type":"operationStart","subtype":"engine","name":"handlebars","timestamp":1701678817662,"id":"sjot2g0sa8hbpbu","previousEventId":"2wrdnl2ij8c7o3g","operationId":"ou9sq5d9b49lnih","previousOperationId":"uqz76wqcgja65ka"}
{"type":"log","timestamp":1701678817662,"level":"debug","message":"Rendering engine handlebars","meta":{"rootId":"n7wbq4h7hgw4319","id":"n7wbq4h7hgw4319"},"id":"tqrwf484v8afu13","previousOperationId":"ou9sq5d9b49lnih"}
{"type":"operationEnd","operationId":"ou9sq5d9b49lnih","timestamp":1701678817673,"id":"e2maja1vpqomian","previousEventId":"sjot2g0sa8hbpbu","previousOperationId":"ou9sq5d9b49lnih"}
{"type":"operationStart","subtype":"recipe","name":"chrome-pdf","timestamp":1701678817673,"id":"oyemysz9g49rf6y","previousEventId":"e2maja1vpqomian","operationId":"ldxqx86c8j6ibep","previousOperationId":"ou9sq5d9b49lnih"}
{"type":"log","timestamp":1701678817673,"level":"debug","message":"Executing recipe chrome-pdf","meta":{"rootId":"n7wbq4h7hgw4319","id":"n7wbq4h7hgw4319"},"id":"nox9gviyasgzul7","previousOperationId":"ldxqx86c8j6ibep"}
{"type":"log","timestamp":1701678817675,"level":"debug","message":"Converting with chrome HeadlessChrome/117.0.5938.149 using chrome-pool strategy","meta":{"rootId":"n7wbq4h7hgw4319","id":"n7wbq4h7hgw4319"},"id":"qtnrhkduuqf8lwy","previousOperationId":"ldxqx86c8j6ibep"}
{"type":"log","timestamp":1701678817720,"level":"debug","message":"Page request: GET (document) file:///var/folders/dp/qk79pfcj0y1fmtkkl08m76rc0000gn/T/jsreport/autocleanup/d9377461-5dc7-41e8-9915-e98720fb51e9-chrome-pdf.html","meta":{"rootId":"n7wbq4h7hgw4319","id":"n7wbq4h7hgw4319"},"id":"qgbxa460g4kb8ew","previousOperationId":"ldxqx86c8j6ibep"}
{"type":"log","timestamp":1701678817725,"level":"debug","message":"Page request finished: GET (document) 200 file:///var/folders/dp/qk79pfcj0y1fmtkkl08m76rc0000gn/T/jsreport/autocleanup/d9377461-5dc7-41e8-9915-e98720fb51e9-chrome-pdf.html","meta":{"rootId":"n7wbq4h7hgw4319","id":"n7wbq4h7hgw4319"},"id":"crdbkn2kt5bwb86","previousOperationId":"ldxqx86c8j6ibep"}
{"type":"log","timestamp":1701678817736,"level":"debug","message":"Running chrome with params {\"printBackground\":true,\"timeout\":59965,\"margin\":{}}","meta":{"rootId":"n7wbq4h7hgw4319","id":"n7wbq4h7hgw4319"},"id":"qy7l9xnbyq5o1z9","previousOperationId":"ldxqx86c8j6ibep"}
{"type":"operationEnd","operationId":"ldxqx86c8j6ibep","timestamp":1701678817751,"id":"h3olokd8on1c7e9","previousEventId":"oyemysz9g49rf6y","previousOperationId":"ldxqx86c8j6ibep"}
{"type":"log","timestamp":1701678817751,"level":"debug","message":"Skipping storing report.","meta":{"rootId":"n7wbq4h7hgw4319","id":"n7wbq4h7hgw4319"},"id":"iex9tl2wurs39ai","previousOperationId":"ldxqx86c8j6ibep"}
{"type":"log","timestamp":1701678817751,"level":"info","message":"Rendering request 8 finished in 112 ms","meta":{"rootId":"n7wbq4h7hgw4319","id":"n7wbq4h7hgw4319"},"id":"f0uudw5y1dd01bp","previousOperationId":"ldxqx86c8j6ibep"}
{"type":"operationEnd","subtype":"render","operationId":"uqz76wqcgja65ka","timestamp":1701678817751,"id":"3s9a9lmh64jyyjd","previousEventId":"h3olokd8on1c7e9","previousOperationId":"ldxqx86c8j6ibep"}
{"type":"operationEnd","doDiffs":false,"previousEventId":"mdxjyj7v0ruwua9","previousOperationId":"lfa0f159d6h42ct","operationId":"lfa0f159d6h42ct","timestamp":1701678817752,"id":"du4jmmz0rcllczc"}
