{"type":"operationStart","subtype":"profile","data":{"_id":"z9LTKvmXIh0JQNrm","timestamp":"2023-12-05T14:07:28.061Z","state":"queued","mode":"standard","creationDate":"2023-12-05T14:07:28.064Z","modificationDate":"2023-12-05T14:07:28.064Z","shortid":"e23b6_h","$entitySet":"profiles"},"doDiffs":false,"timestamp":1701785248063,"id":"vw1ou72gnbx5khi","previousOperationId":null,"operationId":"e61f8174uueis63"}
{"type":"log","level":"info","message":"Render request 1 queued for execution and waiting for available worker","previousOperationId":"e61f8174uueis63","timestamp":1701785248064,"id":"y6wohk2tnxwztum"}
{"type":"operationStart","subtype":"render","name":"pp_index","previousOperationId":"e61f8174uueis63","timestamp":1701785248078,"id":"z6fzyqbv2yan02w","previousEventId":"vw1ou72gnbx5khi","operationId":"9tumgdoivg5jlim"}
{"type":"log","timestamp":1701785248079,"level":"info","message":"Starting rendering request 1","meta":{"rootId":"nyv3udb67awvw3c","id":"nyv3udb67awvw3c"},"id":"dl82uxmfuiv9icg","previousOperationId":"9tumgdoivg5jlim"}
{"type":"log","timestamp":1701785248079,"level":"info","message":"Rendering template { name: pp_index, recipe: chrome-pdf, engine: handlebars, preview: true }","meta":{"rootId":"nyv3udb67awvw3c","id":"nyv3udb67awvw3c"},"id":"0bd8xj9s854ti3j","previousOperationId":"9tumgdoivg5jlim"}
{"type":"log","timestamp":1701785248080,"level":"debug","message":"Inline data specified.","meta":{"rootId":"nyv3udb67awvw3c","id":"nyv3udb67awvw3c"},"id":"aawb2jsvfzj9r9d","previousOperationId":"9tumgdoivg5jlim"}
{"type":"log","timestamp":1701785248082,"level":"debug","message":"Base url not specified, skipping its injection.","meta":{"rootId":"nyv3udb67awvw3c","id":"nyv3udb67awvw3c"},"id":"3di4kc004v6ywed","previousOperationId":"9tumgdoivg5jlim"}
{"type":"log","timestamp":1701785248084,"level":"debug","message":"Replaced assets [\"styles.css\"]","meta":{"rootId":"nyv3udb67awvw3c","id":"nyv3udb67awvw3c"},"id":"uyhdphet1hhg9n8","previousOperationId":"9tumgdoivg5jlim"}
{"type":"operationStart","subtype":"engine","name":"handlebars","timestamp":1701785248084,"id":"qrs36p3fu6kaqpo","previousEventId":"z6fzyqbv2yan02w","operationId":"iqz75c7g7lo9rey","previousOperationId":"9tumgdoivg5jlim"}
{"type":"log","timestamp":1701785248084,"level":"debug","message":"Rendering engine handlebars","meta":{"rootId":"nyv3udb67awvw3c","id":"nyv3udb67awvw3c"},"id":"j9e3egri2gojbvr","previousOperationId":"iqz75c7g7lo9rey"}
{"type":"operationEnd","operationId":"iqz75c7g7lo9rey","timestamp":1701785248361,"id":"43w4jib7xqjeim6","previousEventId":"qrs36p3fu6kaqpo","previousOperationId":"iqz75c7g7lo9rey"}
{"type":"operationStart","subtype":"recipe","name":"chrome-pdf","timestamp":1701785248361,"id":"mw3v0n0o7ql6qhz","previousEventId":"43w4jib7xqjeim6","operationId":"eimd9k75as9q535","previousOperationId":"iqz75c7g7lo9rey"}
{"type":"log","timestamp":1701785248361,"level":"debug","message":"Executing recipe chrome-pdf","meta":{"rootId":"nyv3udb67awvw3c","id":"nyv3udb67awvw3c"},"id":"l2sprqd3rejar4t","previousOperationId":"eimd9k75as9q535"}
{"type":"log","timestamp":1701785248588,"level":"debug","message":"Converting with chrome HeadlessChrome/117.0.5938.149 using chrome-pool strategy","meta":{"rootId":"nyv3udb67awvw3c","id":"nyv3udb67awvw3c"},"id":"qauqste9nyct3h1","previousOperationId":"eimd9k75as9q535"}
{"type":"log","timestamp":1701785248640,"level":"debug","message":"Page request: GET (document) file:///var/folders/dp/qk79pfcj0y1fmtkkl08m76rc0000gn/T/jsreport/autocleanup/a834d12f-9275-43d7-b43e-530d3c1ceb01-chrome-pdf.html","meta":{"rootId":"nyv3udb67awvw3c","id":"nyv3udb67awvw3c"},"id":"t4rlgarntgoa09x","previousOperationId":"eimd9k75as9q535"}
{"type":"log","timestamp":1701785248645,"level":"debug","message":"Page request finished: GET (document) 200 file:///var/folders/dp/qk79pfcj0y1fmtkkl08m76rc0000gn/T/jsreport/autocleanup/a834d12f-9275-43d7-b43e-530d3c1ceb01-chrome-pdf.html","meta":{"rootId":"nyv3udb67awvw3c","id":"nyv3udb67awvw3c"},"id":"bifafpskhrop1z6","previousOperationId":"eimd9k75as9q535"}
{"type":"log","timestamp":1701785248653,"level":"debug","message":"Running chrome with params {\"printBackground\":true,\"width\":\"58mm\",\"height\":\"21cm\",\"timeout\":59697,\"margin\":{}}","meta":{"rootId":"nyv3udb67awvw3c","id":"nyv3udb67awvw3c"},"id":"bbuz1gj7ru5ckxv","previousOperationId":"eimd9k75as9q535"}
{"type":"operationEnd","operationId":"eimd9k75as9q535","timestamp":1701785248682,"id":"cpw5os4kgd7hwyo","previousEventId":"mw3v0n0o7ql6qhz","previousOperationId":"eimd9k75as9q535"}
{"type":"log","timestamp":1701785248683,"level":"debug","message":"Skipping storing report.","meta":{"rootId":"nyv3udb67awvw3c","id":"nyv3udb67awvw3c"},"id":"wsgcjh9bivig6vc","previousOperationId":"eimd9k75as9q535"}
{"type":"log","timestamp":1701785248683,"level":"info","message":"Rendering request 1 finished in 622 ms","meta":{"rootId":"nyv3udb67awvw3c","id":"nyv3udb67awvw3c"},"id":"iujzmaqexkha1yu","previousOperationId":"eimd9k75as9q535"}
{"type":"operationEnd","subtype":"render","operationId":"9tumgdoivg5jlim","timestamp":1701785248683,"id":"68u3pchu6dj4veg","previousEventId":"cpw5os4kgd7hwyo","previousOperationId":"eimd9k75as9q535"}
{"type":"operationEnd","doDiffs":false,"previousEventId":"vw1ou72gnbx5khi","previousOperationId":"e61f8174uueis63","operationId":"e61f8174uueis63","timestamp":1701785248685,"id":"c8oosnl5sjujz7i"}
