{"type":"operationStart","subtype":"profile","data":{"_id":"RGAxDU8hK5V4LP99","timestamp":"2023-12-04T13:03:50.733Z","state":"queued","mode":"standard","creationDate":"2023-12-04T13:03:50.736Z","modificationDate":"2023-12-04T13:03:50.736Z","shortid":"QraFz4P","$entitySet":"profiles"},"doDiffs":false,"timestamp":1701695030735,"id":"y45p79t24xn35j0","previousOperationId":null,"operationId":"g5i142iff726zd3"}
{"type":"log","level":"info","message":"Render request 27 queued for execution and waiting for available worker","previousOperationId":"g5i142iff726zd3","timestamp":1701695030735,"id":"006admxvr618gve"}
{"type":"operationStart","subtype":"render","name":"pp_index","previousOperationId":"g5i142iff726zd3","timestamp":1701695030755,"id":"gbv9x8bepb6dhot","previousEventId":"y45p79t24xn35j0","operationId":"cfecu9wrruovpo9"}
{"type":"log","timestamp":1701695030755,"level":"info","message":"Starting rendering request 27","meta":{"rootId":"o89ngj7e8lt742l","id":"o89ngj7e8lt742l"},"id":"bb4api07f35n3vb","previousOperationId":"cfecu9wrruovpo9"}
{"type":"log","timestamp":1701695030755,"level":"info","message":"Rendering template { name: pp_index, recipe: chrome-pdf, engine: handlebars, preview: true }","meta":{"rootId":"o89ngj7e8lt742l","id":"o89ngj7e8lt742l"},"id":"eh1ugg5xo3jqkwh","previousOperationId":"cfecu9wrruovpo9"}
{"type":"log","timestamp":1701695030760,"level":"debug","message":"Adding sample data PH9LTzd4s","meta":{"rootId":"o89ngj7e8lt742l","id":"o89ngj7e8lt742l"},"id":"ryxg65xh1dtimfp","previousOperationId":"cfecu9wrruovpo9"}
{"type":"log","timestamp":1701695030762,"level":"debug","message":"Base url not specified, skipping its injection.","meta":{"rootId":"o89ngj7e8lt742l","id":"o89ngj7e8lt742l"},"id":"68equevutnb1tk6","previousOperationId":"cfecu9wrruovpo9"}
{"type":"log","timestamp":1701695030764,"level":"debug","message":"Replaced assets [\"styles.css\"]","meta":{"rootId":"o89ngj7e8lt742l","id":"o89ngj7e8lt742l"},"id":"3h1reksydlqo89r","previousOperationId":"cfecu9wrruovpo9"}
{"type":"operationStart","subtype":"engine","name":"handlebars","timestamp":1701695030764,"id":"vprak17z9mkbw3g","previousEventId":"gbv9x8bepb6dhot","operationId":"q2ktwzjyiv3yfym","previousOperationId":"cfecu9wrruovpo9"}
{"type":"log","timestamp":1701695030764,"level":"debug","message":"Rendering engine handlebars","meta":{"rootId":"o89ngj7e8lt742l","id":"o89ngj7e8lt742l"},"id":"05ch3qet5ww33fq","previousOperationId":"q2ktwzjyiv3yfym"}
{"type":"operationEnd","operationId":"q2ktwzjyiv3yfym","timestamp":1701695030774,"id":"mpd89rma648uezh","previousEventId":"vprak17z9mkbw3g","previousOperationId":"q2ktwzjyiv3yfym"}
{"type":"operationStart","subtype":"recipe","name":"chrome-pdf","timestamp":1701695030774,"id":"2c5sj0ewgwgpr0c","previousEventId":"mpd89rma648uezh","operationId":"rsust4yph6ighol","previousOperationId":"q2ktwzjyiv3yfym"}
{"type":"log","timestamp":1701695030774,"level":"debug","message":"Executing recipe chrome-pdf","meta":{"rootId":"o89ngj7e8lt742l","id":"o89ngj7e8lt742l"},"id":"hun88u5y5mhnr9k","previousOperationId":"rsust4yph6ighol"}
{"type":"log","timestamp":1701695030776,"level":"debug","message":"Converting with chrome HeadlessChrome/117.0.5938.149 using chrome-pool strategy","meta":{"rootId":"o89ngj7e8lt742l","id":"o89ngj7e8lt742l"},"id":"nibl9wya7thihwt","previousOperationId":"rsust4yph6ighol"}
{"type":"log","timestamp":1701695030823,"level":"debug","message":"Page request: GET (document) file:///var/folders/dp/qk79pfcj0y1fmtkkl08m76rc0000gn/T/jsreport/autocleanup/0a56e41f-ed9d-4efb-9e75-47427497fc6c-chrome-pdf.html","meta":{"rootId":"o89ngj7e8lt742l","id":"o89ngj7e8lt742l"},"id":"w7kvlfklrifr9ua","previousOperationId":"rsust4yph6ighol"}
{"type":"log","timestamp":1701695030828,"level":"debug","message":"Page request finished: GET (document) 200 file:///var/folders/dp/qk79pfcj0y1fmtkkl08m76rc0000gn/T/jsreport/autocleanup/0a56e41f-ed9d-4efb-9e75-47427497fc6c-chrome-pdf.html","meta":{"rootId":"o89ngj7e8lt742l","id":"o89ngj7e8lt742l"},"id":"ba4bcb1xsagfu3a","previousOperationId":"rsust4yph6ighol"}
{"type":"log","timestamp":1701695030839,"level":"debug","message":"Running chrome with params {\"printBackground\":true,\"width\":\"5.8cm\",\"height\":\"40cm\",\"timeout\":59958,\"margin\":{}}","meta":{"rootId":"o89ngj7e8lt742l","id":"o89ngj7e8lt742l"},"id":"r3zavd4ec6g7pgm","previousOperationId":"rsust4yph6ighol"}
{"type":"operationEnd","operationId":"rsust4yph6ighol","timestamp":1701695030867,"id":"zimxg3tmk2baqk4","previousEventId":"2c5sj0ewgwgpr0c","previousOperationId":"rsust4yph6ighol"}
{"type":"log","timestamp":1701695030867,"level":"debug","message":"Skipping storing report.","meta":{"rootId":"o89ngj7e8lt742l","id":"o89ngj7e8lt742l"},"id":"sbhi6pqywclwgyr","previousOperationId":"rsust4yph6ighol"}
{"type":"log","timestamp":1701695030867,"level":"info","message":"Rendering request 27 finished in 134 ms","meta":{"rootId":"o89ngj7e8lt742l","id":"o89ngj7e8lt742l"},"id":"i387284spelcg75","previousOperationId":"rsust4yph6ighol"}
{"type":"operationEnd","subtype":"render","operationId":"cfecu9wrruovpo9","timestamp":1701695030867,"id":"5bpwtf8usy1gmxs","previousEventId":"zimxg3tmk2baqk4","previousOperationId":"rsust4yph6ighol"}
{"type":"operationEnd","doDiffs":false,"previousEventId":"y45p79t24xn35j0","previousOperationId":"g5i142iff726zd3","operationId":"g5i142iff726zd3","timestamp":1701695030869,"id":"jif02gh9ksbd2v1"}
