{"type":"operationStart","subtype":"profile","data":{"_id":"MhyDYyvxNMeb4uGp","timestamp":"2023-12-04T09:25:10.146Z","state":"queued","mode":"standard","creationDate":"2023-12-04T09:25:10.147Z","modificationDate":"2023-12-04T09:25:10.147Z","shortid":"W9GjhBb","$entitySet":"profiles"},"doDiffs":false,"timestamp":1701681910147,"id":"tunhi2bcuse7xb0","previousOperationId":null,"operationId":"m5aysw70tshbq6z"}
{"type":"log","level":"info","message":"Render request 50 queued for execution and waiting for available worker","previousOperationId":"m5aysw70tshbq6z","timestamp":1701681910147,"id":"gs20rd3wp10hox8"}
{"type":"operationStart","subtype":"render","name":"pp_index","previousOperationId":"m5aysw70tshbq6z","timestamp":1701681910152,"id":"9996obac5044cxr","previousEventId":"tunhi2bcuse7xb0","operationId":"nshq7utcp34l4sd"}
{"type":"log","timestamp":1701681910152,"level":"info","message":"Starting rendering request 50","meta":{"rootId":"o8pdcenmozt690p","id":"o8pdcenmozt690p"},"id":"jt4zgor1siqof5y","previousOperationId":"nshq7utcp34l4sd"}
{"type":"log","timestamp":1701681910152,"level":"info","message":"Rendering template { name: pp_index, recipe: chrome-pdf, engine: handlebars, preview: true }","meta":{"rootId":"o8pdcenmozt690p","id":"o8pdcenmozt690p"},"id":"5p1vsfezpt1u54o","previousOperationId":"nshq7utcp34l4sd"}
{"type":"log","timestamp":1701681910152,"level":"debug","message":"Inline data specified.","meta":{"rootId":"o8pdcenmozt690p","id":"o8pdcenmozt690p"},"id":"e3k62czscjc6nr5","previousOperationId":"nshq7utcp34l4sd"}
{"type":"log","timestamp":1701681910153,"level":"debug","message":"Base url not specified, skipping its injection.","meta":{"rootId":"o8pdcenmozt690p","id":"o8pdcenmozt690p"},"id":"04kby44p6qyb4vl","previousOperationId":"nshq7utcp34l4sd"}
{"type":"operationStart","subtype":"engine","name":"handlebars","timestamp":1701681910153,"id":"0v0843hq7yatnho","previousEventId":"9996obac5044cxr","operationId":"c3u9tqdnayau10w","previousOperationId":"nshq7utcp34l4sd"}
{"type":"log","timestamp":1701681910153,"level":"debug","message":"Rendering engine handlebars","meta":{"rootId":"o8pdcenmozt690p","id":"o8pdcenmozt690p"},"id":"saadqfpjofu78i6","previousOperationId":"c3u9tqdnayau10w"}
{"type":"operationEnd","operationId":"c3u9tqdnayau10w","timestamp":1701681910162,"id":"rwzanfqzr2j3qyc","previousEventId":"0v0843hq7yatnho","previousOperationId":"c3u9tqdnayau10w"}
{"type":"operationStart","subtype":"recipe","name":"chrome-pdf","timestamp":1701681910162,"id":"h7i8xyzpsly0o6j","previousEventId":"rwzanfqzr2j3qyc","operationId":"69cl12tjutnhrlq","previousOperationId":"c3u9tqdnayau10w"}
{"type":"log","timestamp":1701681910162,"level":"debug","message":"Executing recipe chrome-pdf","meta":{"rootId":"o8pdcenmozt690p","id":"o8pdcenmozt690p"},"id":"qdzwwmko6rxgow2","previousOperationId":"69cl12tjutnhrlq"}
{"type":"log","timestamp":1701681910164,"level":"debug","message":"Converting with chrome HeadlessChrome/117.0.5938.149 using chrome-pool strategy","meta":{"rootId":"o8pdcenmozt690p","id":"o8pdcenmozt690p"},"id":"i6x9pqmakk7tu71","previousOperationId":"69cl12tjutnhrlq"}
{"type":"log","timestamp":1701681910211,"level":"debug","message":"Page request: GET (document) file:///var/folders/dp/qk79pfcj0y1fmtkkl08m76rc0000gn/T/jsreport/autocleanup/84b51943-7996-4a14-8c2e-6a5b2e339db7-chrome-pdf.html","meta":{"rootId":"o8pdcenmozt690p","id":"o8pdcenmozt690p"},"id":"nmi07d901hiwun9","previousOperationId":"69cl12tjutnhrlq"}
{"type":"log","timestamp":1701681910216,"level":"debug","message":"Page request finished: GET (document) 200 file:///var/folders/dp/qk79pfcj0y1fmtkkl08m76rc0000gn/T/jsreport/autocleanup/84b51943-7996-4a14-8c2e-6a5b2e339db7-chrome-pdf.html","meta":{"rootId":"o8pdcenmozt690p","id":"o8pdcenmozt690p"},"id":"eysj6diwxnlw0wf","previousOperationId":"69cl12tjutnhrlq"}
{"type":"log","timestamp":1701681910226,"level":"debug","message":"Running chrome with params {\"printBackground\":true,\"timeout\":59983,\"margin\":{}}","meta":{"rootId":"o8pdcenmozt690p","id":"o8pdcenmozt690p"},"id":"xowlnvidapgnpyx","previousOperationId":"69cl12tjutnhrlq"}
{"type":"operationEnd","operationId":"69cl12tjutnhrlq","timestamp":1701681910246,"id":"u13vne97ep9eebg","previousEventId":"h7i8xyzpsly0o6j","previousOperationId":"69cl12tjutnhrlq"}
{"type":"log","timestamp":1701681910246,"level":"debug","message":"Skipping storing report.","meta":{"rootId":"o8pdcenmozt690p","id":"o8pdcenmozt690p"},"id":"rgmgd9m1cmisoyu","previousOperationId":"69cl12tjutnhrlq"}
{"type":"log","timestamp":1701681910246,"level":"info","message":"Rendering request 50 finished in 100 ms","meta":{"rootId":"o8pdcenmozt690p","id":"o8pdcenmozt690p"},"id":"hij4otaktyskltm","previousOperationId":"69cl12tjutnhrlq"}
{"type":"operationEnd","subtype":"render","operationId":"nshq7utcp34l4sd","timestamp":1701681910246,"id":"h0k3037gc6r8nuh","previousEventId":"u13vne97ep9eebg","previousOperationId":"69cl12tjutnhrlq"}
{"type":"operationEnd","doDiffs":false,"previousEventId":"tunhi2bcuse7xb0","previousOperationId":"m5aysw70tshbq6z","operationId":"m5aysw70tshbq6z","timestamp":1701681910247,"id":"22gv0ws49lrzruy"}
