{"type":"operationStart","subtype":"profile","data":{"_id":"bQ2xw0cqsDw9TpCG","timestamp":"2023-12-04T09:17:02.158Z","state":"queued","mode":"standard","creationDate":"2023-12-04T09:17:02.159Z","modificationDate":"2023-12-04T09:17:02.159Z","shortid":"b2olRd_","$entitySet":"profiles"},"doDiffs":false,"timestamp":1701681422158,"id":"vudflhgm7zac2f2","previousOperationId":null,"operationId":"a0jnok38wury8hb"}
{"type":"log","level":"info","message":"Render request 44 queued for execution and waiting for available worker","previousOperationId":"a0jnok38wury8hb","timestamp":1701681422158,"id":"4hlmvckadnx2hri"}
{"type":"operationStart","subtype":"render","name":"pp_index","previousOperationId":"a0jnok38wury8hb","timestamp":1701681422165,"id":"wpenvzke1rtecwr","previousEventId":"vudflhgm7zac2f2","operationId":"4tmcqbepx56b7ff"}
{"type":"log","timestamp":1701681422165,"level":"info","message":"Starting rendering request 44","meta":{"rootId":"ocfnej62xgknv1t","id":"ocfnej62xgknv1t"},"id":"sqydocd38v8pssa","previousOperationId":"4tmcqbepx56b7ff"}
{"type":"log","timestamp":1701681422165,"level":"info","message":"Rendering template { name: pp_index, recipe: chrome-pdf, engine: handlebars, preview: true }","meta":{"rootId":"ocfnej62xgknv1t","id":"ocfnej62xgknv1t"},"id":"ihy6ps5jny6ioqa","previousOperationId":"4tmcqbepx56b7ff"}
{"type":"log","timestamp":1701681422168,"level":"debug","message":"Inline data specified.","meta":{"rootId":"ocfnej62xgknv1t","id":"ocfnej62xgknv1t"},"id":"gx3rdbwgtq4fvgx","previousOperationId":"4tmcqbepx56b7ff"}
{"type":"log","timestamp":1701681422170,"level":"debug","message":"Base url not specified, skipping its injection.","meta":{"rootId":"ocfnej62xgknv1t","id":"ocfnej62xgknv1t"},"id":"iqbnmymzrwn8b0t","previousOperationId":"4tmcqbepx56b7ff"}
{"type":"operationStart","subtype":"engine","name":"handlebars","timestamp":1701681422170,"id":"300azentohura1g","previousEventId":"wpenvzke1rtecwr","operationId":"v7k93xv5ya57iww","previousOperationId":"4tmcqbepx56b7ff"}
{"type":"log","timestamp":1701681422170,"level":"debug","message":"Rendering engine handlebars","meta":{"rootId":"ocfnej62xgknv1t","id":"ocfnej62xgknv1t"},"id":"2x83t6s84yn6zu9","previousOperationId":"v7k93xv5ya57iww"}
{"type":"operationEnd","operationId":"v7k93xv5ya57iww","timestamp":1701681422184,"id":"qa7nut8eptcibk4","previousEventId":"300azentohura1g","previousOperationId":"v7k93xv5ya57iww"}
{"type":"operationStart","subtype":"recipe","name":"chrome-pdf","timestamp":1701681422184,"id":"np3re8b79km69zc","previousEventId":"qa7nut8eptcibk4","operationId":"r5b42ajxhcvkinr","previousOperationId":"v7k93xv5ya57iww"}
{"type":"log","timestamp":1701681422184,"level":"debug","message":"Executing recipe chrome-pdf","meta":{"rootId":"ocfnej62xgknv1t","id":"ocfnej62xgknv1t"},"id":"dln3hjtnszzroy8","previousOperationId":"r5b42ajxhcvkinr"}
{"type":"log","timestamp":1701681422186,"level":"debug","message":"Converting with chrome HeadlessChrome/117.0.5938.149 using chrome-pool strategy","meta":{"rootId":"ocfnej62xgknv1t","id":"ocfnej62xgknv1t"},"id":"clcq3xntloyvzg8","previousOperationId":"r5b42ajxhcvkinr"}
{"type":"log","timestamp":1701681422234,"level":"debug","message":"Page request: GET (document) file:///var/folders/dp/qk79pfcj0y1fmtkkl08m76rc0000gn/T/jsreport/autocleanup/39ec6514-0586-4e69-828d-c0e17adc3a62-chrome-pdf.html","meta":{"rootId":"ocfnej62xgknv1t","id":"ocfnej62xgknv1t"},"id":"h5j80qcrzyhsqm5","previousOperationId":"r5b42ajxhcvkinr"}
{"type":"log","timestamp":1701681422240,"level":"debug","message":"Page request finished: GET (document) 200 file:///var/folders/dp/qk79pfcj0y1fmtkkl08m76rc0000gn/T/jsreport/autocleanup/39ec6514-0586-4e69-828d-c0e17adc3a62-chrome-pdf.html","meta":{"rootId":"ocfnej62xgknv1t","id":"ocfnej62xgknv1t"},"id":"k026ibkmt7vojg4","previousOperationId":"r5b42ajxhcvkinr"}
{"type":"log","timestamp":1701681422251,"level":"debug","message":"Running chrome with params {\"printBackground\":true,\"timeout\":59973,\"margin\":{}}","meta":{"rootId":"ocfnej62xgknv1t","id":"ocfnej62xgknv1t"},"id":"xwc7tbr82dvxzis","previousOperationId":"r5b42ajxhcvkinr"}
{"type":"operationEnd","operationId":"r5b42ajxhcvkinr","timestamp":1701681422270,"id":"jz374i35bggmrmv","previousEventId":"np3re8b79km69zc","previousOperationId":"r5b42ajxhcvkinr"}
{"type":"log","timestamp":1701681422270,"level":"debug","message":"Skipping storing report.","meta":{"rootId":"ocfnej62xgknv1t","id":"ocfnej62xgknv1t"},"id":"q13e8wgivjjc13t","previousOperationId":"r5b42ajxhcvkinr"}
{"type":"log","timestamp":1701681422270,"level":"info","message":"Rendering request 44 finished in 112 ms","meta":{"rootId":"ocfnej62xgknv1t","id":"ocfnej62xgknv1t"},"id":"ewy4futxmagdu4w","previousOperationId":"r5b42ajxhcvkinr"}
{"type":"operationEnd","subtype":"render","operationId":"4tmcqbepx56b7ff","timestamp":1701681422270,"id":"tdnn6lo5wiwkbht","previousEventId":"jz374i35bggmrmv","previousOperationId":"r5b42ajxhcvkinr"}
{"type":"operationEnd","doDiffs":false,"previousEventId":"vudflhgm7zac2f2","previousOperationId":"a0jnok38wury8hb","operationId":"a0jnok38wury8hb","timestamp":1701681422271,"id":"5b7rnqf0l31f8jv"}
