{"type":"operationStart","subtype":"profile","data":{"_id":"AqW2v27ff9dWuS1W","timestamp":"2023-12-05T12:05:11.842Z","state":"queued","mode":"standard","creationDate":"2023-12-05T12:05:11.843Z","modificationDate":"2023-12-05T12:05:11.843Z","shortid":"3GnIpQM","$entitySet":"profiles"},"doDiffs":false,"timestamp":1701777911842,"id":"px3188h6wr7qtgp","previousOperationId":null,"operationId":"nmjierg2h12199w"}
{"type":"log","level":"info","message":"Render request 2 queued for execution and waiting for available worker","previousOperationId":"nmjierg2h12199w","timestamp":1701777911843,"id":"hjne9dca4splu3b"}
{"type":"operationStart","subtype":"render","name":"pp_index","previousOperationId":"nmjierg2h12199w","timestamp":1701777911852,"id":"9tg2xvej402ogq6","previousEventId":"px3188h6wr7qtgp","operationId":"j52reacffak70n9"}
{"type":"log","timestamp":1701777911852,"level":"info","message":"Starting rendering request 2","meta":{"rootId":"odqufy07a1zrl3z","id":"odqufy07a1zrl3z"},"id":"02ytlcb5yf3hphd","previousOperationId":"j52reacffak70n9"}
{"type":"log","timestamp":1701777911853,"level":"info","message":"Rendering template { name: pp_index, recipe: chrome-pdf, engine: handlebars, preview: true }","meta":{"rootId":"odqufy07a1zrl3z","id":"odqufy07a1zrl3z"},"id":"pkbzpqoz74fglal","previousOperationId":"j52reacffak70n9"}
{"type":"log","timestamp":1701777911856,"level":"debug","message":"Adding sample data PH9LTzd4s","meta":{"rootId":"odqufy07a1zrl3z","id":"odqufy07a1zrl3z"},"id":"svfoy2lr0ilrpzd","previousOperationId":"j52reacffak70n9"}
{"type":"log","timestamp":1701777911859,"level":"debug","message":"Base url not specified, skipping its injection.","meta":{"rootId":"odqufy07a1zrl3z","id":"odqufy07a1zrl3z"},"id":"fk1glw746qdh282","previousOperationId":"j52reacffak70n9"}
{"type":"log","timestamp":1701777911863,"level":"debug","message":"Replaced assets [\"styles.css\"]","meta":{"rootId":"odqufy07a1zrl3z","id":"odqufy07a1zrl3z"},"id":"evb1uvy5zppgfxa","previousOperationId":"j52reacffak70n9"}
{"type":"operationStart","subtype":"engine","name":"handlebars","timestamp":1701777911863,"id":"u1c7yo8dyjg7sog","previousEventId":"9tg2xvej402ogq6","operationId":"beg76igwztj2aag","previousOperationId":"j52reacffak70n9"}
{"type":"log","timestamp":1701777911863,"level":"debug","message":"Rendering engine handlebars","meta":{"rootId":"odqufy07a1zrl3z","id":"odqufy07a1zrl3z"},"id":"ucv40h8oekneqrn","previousOperationId":"beg76igwztj2aag"}
{"type":"operationEnd","operationId":"beg76igwztj2aag","timestamp":1701777912095,"id":"ly05ljedp3kl49h","previousEventId":"u1c7yo8dyjg7sog","previousOperationId":"beg76igwztj2aag"}
{"type":"operationStart","subtype":"recipe","name":"chrome-pdf","timestamp":1701777912095,"id":"934e8inqihgbloo","previousEventId":"ly05ljedp3kl49h","operationId":"71jmn1fkzkdipm3","previousOperationId":"beg76igwztj2aag"}
{"type":"log","timestamp":1701777912095,"level":"debug","message":"Executing recipe chrome-pdf","meta":{"rootId":"odqufy07a1zrl3z","id":"odqufy07a1zrl3z"},"id":"np209j6unloz6gk","previousOperationId":"71jmn1fkzkdipm3"}
{"type":"log","timestamp":1701777912206,"level":"debug","message":"Converting with chrome HeadlessChrome/117.0.5938.149 using chrome-pool strategy","meta":{"rootId":"odqufy07a1zrl3z","id":"odqufy07a1zrl3z"},"id":"wye72nkma0tyagw","previousOperationId":"71jmn1fkzkdipm3"}
{"type":"log","timestamp":1701777912258,"level":"debug","message":"Page request: GET (document) file:///var/folders/dp/qk79pfcj0y1fmtkkl08m76rc0000gn/T/jsreport/autocleanup/73c024c0-bd8f-4b7f-bb73-41d915537a5d-chrome-pdf.html","meta":{"rootId":"odqufy07a1zrl3z","id":"odqufy07a1zrl3z"},"id":"wvne09zmqn0fe28","previousOperationId":"71jmn1fkzkdipm3"}
{"type":"log","timestamp":1701777912263,"level":"debug","message":"Page request finished: GET (document) 200 file:///var/folders/dp/qk79pfcj0y1fmtkkl08m76rc0000gn/T/jsreport/autocleanup/73c024c0-bd8f-4b7f-bb73-41d915537a5d-chrome-pdf.html","meta":{"rootId":"odqufy07a1zrl3z","id":"odqufy07a1zrl3z"},"id":"rhdz9nbj6no5w05","previousOperationId":"71jmn1fkzkdipm3"}
{"type":"log","timestamp":1701777912269,"level":"debug","message":"Running chrome with params {\"printBackground\":true,\"width\":\"58mm\",\"height\":\"21cm\",\"timeout\":59744,\"margin\":{}}","meta":{"rootId":"odqufy07a1zrl3z","id":"odqufy07a1zrl3z"},"id":"6mca7um4ji98mvq","previousOperationId":"71jmn1fkzkdipm3"}
{"type":"operationEnd","operationId":"71jmn1fkzkdipm3","timestamp":1701777912291,"id":"8qmu3rzeu02eyu0","previousEventId":"934e8inqihgbloo","previousOperationId":"71jmn1fkzkdipm3"}
{"type":"log","timestamp":1701777912291,"level":"debug","message":"Skipping storing report.","meta":{"rootId":"odqufy07a1zrl3z","id":"odqufy07a1zrl3z"},"id":"cavg398abiwwalz","previousOperationId":"71jmn1fkzkdipm3"}
{"type":"log","timestamp":1701777912292,"level":"info","message":"Rendering request 2 finished in 451 ms","meta":{"rootId":"odqufy07a1zrl3z","id":"odqufy07a1zrl3z"},"id":"gtxclmush8ifcpg","previousOperationId":"71jmn1fkzkdipm3"}
{"type":"operationEnd","subtype":"render","operationId":"j52reacffak70n9","timestamp":1701777912292,"id":"zqnm4qdsupyvboe","previousEventId":"8qmu3rzeu02eyu0","previousOperationId":"71jmn1fkzkdipm3"}
{"type":"operationEnd","doDiffs":false,"previousEventId":"px3188h6wr7qtgp","previousOperationId":"nmjierg2h12199w","operationId":"nmjierg2h12199w","timestamp":1701777912293,"id":"0f0awxlbelqrt0g"}
