{"type":"operationStart","subtype":"profile","data":{"_id":"KiKsSeEJnhIx0OSR","timestamp":"2023-12-05T08:05:36.201Z","state":"queued","mode":"standard","creationDate":"2023-12-05T08:05:36.203Z","modificationDate":"2023-12-05T08:05:36.203Z","shortid":"7zTOEUQ","$entitySet":"profiles"},"doDiffs":false,"timestamp":1701763536202,"id":"dun6f3rtbshaemv","previousOperationId":null,"operationId":"7a00fl5ypk1e97w"}
{"type":"log","level":"info","message":"Render request 11 queued for execution and waiting for available worker","previousOperationId":"7a00fl5ypk1e97w","timestamp":1701763536202,"id":"7y1y08t7uzih218"}
{"type":"operationStart","subtype":"render","name":"pp_index","previousOperationId":"7a00fl5ypk1e97w","timestamp":1701763536208,"id":"on7zyjhgs6k989u","previousEventId":"dun6f3rtbshaemv","operationId":"c0zefaifx9gyiqn"}
{"type":"log","timestamp":1701763536208,"level":"info","message":"Starting rendering request 11","meta":{"rootId":"oe2q8n9ba1ud63x","id":"oe2q8n9ba1ud63x"},"id":"xg7b2pbtq6f3y3r","previousOperationId":"c0zefaifx9gyiqn"}
{"type":"log","timestamp":1701763536208,"level":"info","message":"Rendering template { name: pp_index, recipe: chrome-pdf, engine: handlebars, preview: true }","meta":{"rootId":"oe2q8n9ba1ud63x","id":"oe2q8n9ba1ud63x"},"id":"4upn69zcjmmts9k","previousOperationId":"c0zefaifx9gyiqn"}
{"type":"log","timestamp":1701763536210,"level":"debug","message":"Adding sample data PH9LTzd4s","meta":{"rootId":"oe2q8n9ba1ud63x","id":"oe2q8n9ba1ud63x"},"id":"ctrwxop22wylto6","previousOperationId":"c0zefaifx9gyiqn"}
{"type":"log","timestamp":1701763536216,"level":"debug","message":"Base url not specified, skipping its injection.","meta":{"rootId":"oe2q8n9ba1ud63x","id":"oe2q8n9ba1ud63x"},"id":"07mww344hf8hnkv","previousOperationId":"c0zefaifx9gyiqn"}
{"type":"log","timestamp":1701763536220,"level":"debug","message":"Replaced assets [\"styles.css\"]","meta":{"rootId":"oe2q8n9ba1ud63x","id":"oe2q8n9ba1ud63x"},"id":"24ex0mvugr1vh4z","previousOperationId":"c0zefaifx9gyiqn"}
{"type":"operationStart","subtype":"engine","name":"handlebars","timestamp":1701763536220,"id":"u0n5u4alefuq3et","previousEventId":"on7zyjhgs6k989u","operationId":"4zemit0j9rdsyp2","previousOperationId":"c0zefaifx9gyiqn"}
{"type":"log","timestamp":1701763536220,"level":"debug","message":"Rendering engine handlebars","meta":{"rootId":"oe2q8n9ba1ud63x","id":"oe2q8n9ba1ud63x"},"id":"8usbosl3e6wso7g","previousOperationId":"4zemit0j9rdsyp2"}
{"type":"operationEnd","operationId":"4zemit0j9rdsyp2","timestamp":1701763536238,"id":"6blcva3tcif9vxy","previousEventId":"u0n5u4alefuq3et","previousOperationId":"4zemit0j9rdsyp2"}
{"type":"operationStart","subtype":"recipe","name":"chrome-pdf","timestamp":1701763536238,"id":"z73uztoteljcugw","previousEventId":"6blcva3tcif9vxy","operationId":"mj1gnqwju3grs31","previousOperationId":"4zemit0j9rdsyp2"}
{"type":"log","timestamp":1701763536239,"level":"debug","message":"Executing recipe chrome-pdf","meta":{"rootId":"oe2q8n9ba1ud63x","id":"oe2q8n9ba1ud63x"},"id":"kbn9rcdpgfkx756","previousOperationId":"mj1gnqwju3grs31"}
{"type":"log","timestamp":1701763536240,"level":"debug","message":"Converting with chrome HeadlessChrome/117.0.5938.149 using chrome-pool strategy","meta":{"rootId":"oe2q8n9ba1ud63x","id":"oe2q8n9ba1ud63x"},"id":"25rfx62wkye49x8","previousOperationId":"mj1gnqwju3grs31"}
{"type":"log","timestamp":1701763536287,"level":"debug","message":"Page request: GET (document) file:///var/folders/dp/qk79pfcj0y1fmtkkl08m76rc0000gn/T/jsreport/autocleanup/65530af2-4c10-4bc0-bfce-8e26401027c7-chrome-pdf.html","meta":{"rootId":"oe2q8n9ba1ud63x","id":"oe2q8n9ba1ud63x"},"id":"b2fkillyo57tbw2","previousOperationId":"mj1gnqwju3grs31"}
{"type":"log","timestamp":1701763536292,"level":"debug","message":"Page request finished: GET (document) 200 file:///var/folders/dp/qk79pfcj0y1fmtkkl08m76rc0000gn/T/jsreport/autocleanup/65530af2-4c10-4bc0-bfce-8e26401027c7-chrome-pdf.html","meta":{"rootId":"oe2q8n9ba1ud63x","id":"oe2q8n9ba1ud63x"},"id":"2b9tfj29qg36yqn","previousOperationId":"mj1gnqwju3grs31"}
{"type":"log","timestamp":1701763536303,"level":"debug","message":"Running chrome with params {\"printBackground\":true,\"width\":\"5.8cm\",\"height\":\"21cm\",\"timeout\":59961,\"margin\":{}}","meta":{"rootId":"oe2q8n9ba1ud63x","id":"oe2q8n9ba1ud63x"},"id":"0feo15zhyt6gtj1","previousOperationId":"mj1gnqwju3grs31"}
{"type":"operationEnd","operationId":"mj1gnqwju3grs31","timestamp":1701763536333,"id":"2q5e8oo6magrfoo","previousEventId":"z73uztoteljcugw","previousOperationId":"mj1gnqwju3grs31"}
{"type":"log","timestamp":1701763536333,"level":"debug","message":"Skipping storing report.","meta":{"rootId":"oe2q8n9ba1ud63x","id":"oe2q8n9ba1ud63x"},"id":"qiejw7dxjw8psyt","previousOperationId":"mj1gnqwju3grs31"}
{"type":"log","timestamp":1701763536333,"level":"info","message":"Rendering request 11 finished in 132 ms","meta":{"rootId":"oe2q8n9ba1ud63x","id":"oe2q8n9ba1ud63x"},"id":"x3r8bvxqdzes7u2","previousOperationId":"mj1gnqwju3grs31"}
{"type":"operationEnd","subtype":"render","operationId":"c0zefaifx9gyiqn","timestamp":1701763536333,"id":"brampssr9p6cvbz","previousEventId":"2q5e8oo6magrfoo","previousOperationId":"mj1gnqwju3grs31"}
{"type":"operationEnd","doDiffs":false,"previousEventId":"dun6f3rtbshaemv","previousOperationId":"7a00fl5ypk1e97w","operationId":"7a00fl5ypk1e97w","timestamp":1701763536335,"id":"ys12rraajwjx4ka"}
