{"type":"operationStart","subtype":"profile","data":{"_id":"RxCRjVsgXUYnX9lA","timestamp":"2023-12-05T08:25:23.450Z","state":"queued","mode":"standard","creationDate":"2023-12-05T08:25:23.454Z","modificationDate":"2023-12-05T08:25:23.454Z","shortid":"--JITvG","$entitySet":"profiles"},"doDiffs":false,"timestamp":1701764723453,"id":"e2kfqnggdzgy23a","previousOperationId":null,"operationId":"m0s4ouqpri6bfsl"}
{"type":"log","level":"info","message":"Render request 17 queued for execution and waiting for available worker","previousOperationId":"m0s4ouqpri6bfsl","timestamp":1701764723453,"id":"7gksix3sgl3i19y"}
{"type":"operationStart","subtype":"render","name":"pp_index","previousOperationId":"m0s4ouqpri6bfsl","timestamp":1701764723469,"id":"5k20t28b5yxt9sc","previousEventId":"e2kfqnggdzgy23a","operationId":"45y8w08kkvlq8a6"}
{"type":"log","timestamp":1701764723469,"level":"info","message":"Starting rendering request 17","meta":{"rootId":"oiialfpsjemr2ym","id":"oiialfpsjemr2ym"},"id":"fp7mz48n4n0vete","previousOperationId":"45y8w08kkvlq8a6"}
{"type":"log","timestamp":1701764723469,"level":"info","message":"Rendering template { name: pp_index, recipe: chrome-pdf, engine: handlebars, preview: true }","meta":{"rootId":"oiialfpsjemr2ym","id":"oiialfpsjemr2ym"},"id":"xywf50du5b8ssih","previousOperationId":"45y8w08kkvlq8a6"}
{"type":"log","timestamp":1701764723470,"level":"debug","message":"Adding sample data PH9LTzd4s","meta":{"rootId":"oiialfpsjemr2ym","id":"oiialfpsjemr2ym"},"id":"alm5s1052mak6yu","previousOperationId":"45y8w08kkvlq8a6"}
{"type":"log","timestamp":1701764723471,"level":"debug","message":"Base url not specified, skipping its injection.","meta":{"rootId":"oiialfpsjemr2ym","id":"oiialfpsjemr2ym"},"id":"7j0kvlh6emeao7n","previousOperationId":"45y8w08kkvlq8a6"}
{"type":"log","timestamp":1701764723472,"level":"debug","message":"Replaced assets [\"styles.css\"]","meta":{"rootId":"oiialfpsjemr2ym","id":"oiialfpsjemr2ym"},"id":"talei9dmkew8idc","previousOperationId":"45y8w08kkvlq8a6"}
{"type":"operationStart","subtype":"engine","name":"handlebars","timestamp":1701764723472,"id":"5t1gov7118uozzq","previousEventId":"5k20t28b5yxt9sc","operationId":"ldc0jb8v3pjwzkv","previousOperationId":"45y8w08kkvlq8a6"}
{"type":"log","timestamp":1701764723472,"level":"debug","message":"Rendering engine handlebars","meta":{"rootId":"oiialfpsjemr2ym","id":"oiialfpsjemr2ym"},"id":"y9fysyyl00klvbd","previousOperationId":"ldc0jb8v3pjwzkv"}
{"type":"operationEnd","operationId":"ldc0jb8v3pjwzkv","timestamp":1701764723489,"id":"82etgy692pd34fz","previousEventId":"5t1gov7118uozzq","previousOperationId":"ldc0jb8v3pjwzkv"}
{"type":"operationStart","subtype":"recipe","name":"chrome-pdf","timestamp":1701764723489,"id":"kdvgdilqj9b7g6u","previousEventId":"82etgy692pd34fz","operationId":"891vh06th6caoye","previousOperationId":"ldc0jb8v3pjwzkv"}
{"type":"log","timestamp":1701764723489,"level":"debug","message":"Executing recipe chrome-pdf","meta":{"rootId":"oiialfpsjemr2ym","id":"oiialfpsjemr2ym"},"id":"iqhpy0ietd4w25t","previousOperationId":"891vh06th6caoye"}
{"type":"log","timestamp":1701764723491,"level":"debug","message":"Converting with chrome HeadlessChrome/117.0.5938.149 using chrome-pool strategy","meta":{"rootId":"oiialfpsjemr2ym","id":"oiialfpsjemr2ym"},"id":"lnjde4xwodlzp91","previousOperationId":"891vh06th6caoye"}
{"type":"log","timestamp":1701764723543,"level":"debug","message":"Page request: GET (document) file:///var/folders/dp/qk79pfcj0y1fmtkkl08m76rc0000gn/T/jsreport/autocleanup/0eb7c02a-3076-4840-becf-80355f54460e-chrome-pdf.html","meta":{"rootId":"oiialfpsjemr2ym","id":"oiialfpsjemr2ym"},"id":"o1shu1vhqk1ao7j","previousOperationId":"891vh06th6caoye"}
{"type":"log","timestamp":1701764723547,"level":"debug","message":"Page request finished: GET (document) 200 file:///var/folders/dp/qk79pfcj0y1fmtkkl08m76rc0000gn/T/jsreport/autocleanup/0eb7c02a-3076-4840-becf-80355f54460e-chrome-pdf.html","meta":{"rootId":"oiialfpsjemr2ym","id":"oiialfpsjemr2ym"},"id":"4y4swbvnozjb2yr","previousOperationId":"891vh06th6caoye"}
{"type":"log","timestamp":1701764723557,"level":"debug","message":"Running chrome with params {\"printBackground\":true,\"width\":\"5.8cm\",\"height\":\"21cm\",\"timeout\":59960,\"margin\":{}}","meta":{"rootId":"oiialfpsjemr2ym","id":"oiialfpsjemr2ym"},"id":"cazg9nvv7uik9pi","previousOperationId":"891vh06th6caoye"}
{"type":"operationEnd","operationId":"891vh06th6caoye","timestamp":1701764723576,"id":"t168lp9gs3oblib","previousEventId":"kdvgdilqj9b7g6u","previousOperationId":"891vh06th6caoye"}
{"type":"log","timestamp":1701764723576,"level":"debug","message":"Skipping storing report.","meta":{"rootId":"oiialfpsjemr2ym","id":"oiialfpsjemr2ym"},"id":"qyghx6ekqgl2vis","previousOperationId":"891vh06th6caoye"}
{"type":"log","timestamp":1701764723576,"level":"info","message":"Rendering request 17 finished in 126 ms","meta":{"rootId":"oiialfpsjemr2ym","id":"oiialfpsjemr2ym"},"id":"3ez77p436caq1cb","previousOperationId":"891vh06th6caoye"}
{"type":"operationEnd","subtype":"render","operationId":"45y8w08kkvlq8a6","timestamp":1701764723576,"id":"1oub2cqv5r3i1xx","previousEventId":"t168lp9gs3oblib","previousOperationId":"891vh06th6caoye"}
{"type":"operationEnd","doDiffs":false,"previousEventId":"e2kfqnggdzgy23a","previousOperationId":"m0s4ouqpri6bfsl","operationId":"m0s4ouqpri6bfsl","timestamp":1701764723577,"id":"98irrlfy0r0nv2a"}
