{"type":"operationStart","subtype":"profile","data":{"_id":"ll9f9bfGWzxUBT3h","timestamp":"2023-12-04T08:41:50.284Z","state":"queued","mode":"standard","creationDate":"2023-12-04T08:41:50.286Z","modificationDate":"2023-12-04T08:41:50.286Z","shortid":"7JWjxmh","$entitySet":"profiles"},"doDiffs":false,"timestamp":1701679310285,"id":"qceh4qjhssznub4","previousOperationId":null,"operationId":"hu8d5b8ni3gr67w"}
{"type":"log","level":"info","message":"Render request 11 queued for execution and waiting for available worker","previousOperationId":"hu8d5b8ni3gr67w","timestamp":1701679310285,"id":"jukdb302snidtev"}
{"type":"operationStart","subtype":"render","name":"pp_index","previousOperationId":"hu8d5b8ni3gr67w","timestamp":1701679310294,"id":"nc68giszkdbh16k","previousEventId":"qceh4qjhssznub4","operationId":"0z81olp4cnw6tlg"}
{"type":"log","timestamp":1701679310294,"level":"info","message":"Starting rendering request 11","meta":{"rootId":"olpt76cu3rwpeuy","id":"olpt76cu3rwpeuy"},"id":"x67wkou0p6yr8cb","previousOperationId":"0z81olp4cnw6tlg"}
{"type":"log","timestamp":1701679310294,"level":"info","message":"Rendering template { name: pp_index, recipe: chrome-pdf, engine: handlebars, preview: true }","meta":{"rootId":"olpt76cu3rwpeuy","id":"olpt76cu3rwpeuy"},"id":"bitknrsbhs837sq","previousOperationId":"0z81olp4cnw6tlg"}
{"type":"log","timestamp":1701679310295,"level":"debug","message":"Adding sample data PH9LTzd4s","meta":{"rootId":"olpt76cu3rwpeuy","id":"olpt76cu3rwpeuy"},"id":"ghlnw5fv9adhl3d","previousOperationId":"0z81olp4cnw6tlg"}
{"type":"log","timestamp":1701679310297,"level":"debug","message":"Base url not specified, skipping its injection.","meta":{"rootId":"olpt76cu3rwpeuy","id":"olpt76cu3rwpeuy"},"id":"zuylwooltsbi6ht","previousOperationId":"0z81olp4cnw6tlg"}
{"type":"operationStart","subtype":"engine","name":"handlebars","timestamp":1701679310297,"id":"ott0l4wv3jby0nf","previousEventId":"nc68giszkdbh16k","operationId":"nqhyc9n5tz44m11","previousOperationId":"0z81olp4cnw6tlg"}
{"type":"log","timestamp":1701679310297,"level":"debug","message":"Rendering engine handlebars","meta":{"rootId":"olpt76cu3rwpeuy","id":"olpt76cu3rwpeuy"},"id":"33qn29tfov5okyk","previousOperationId":"nqhyc9n5tz44m11"}
{"type":"operationEnd","operationId":"nqhyc9n5tz44m11","timestamp":1701679310313,"id":"7y45x5isj9c8yn9","previousEventId":"ott0l4wv3jby0nf","previousOperationId":"nqhyc9n5tz44m11"}
{"type":"operationStart","subtype":"recipe","name":"chrome-pdf","timestamp":1701679310313,"id":"2zwbym758c2f6zb","previousEventId":"7y45x5isj9c8yn9","operationId":"2biduj7l63v90u5","previousOperationId":"nqhyc9n5tz44m11"}
{"type":"log","timestamp":1701679310313,"level":"debug","message":"Executing recipe chrome-pdf","meta":{"rootId":"olpt76cu3rwpeuy","id":"olpt76cu3rwpeuy"},"id":"jqdxl3r5e8cw32c","previousOperationId":"2biduj7l63v90u5"}
{"type":"log","timestamp":1701679310314,"level":"debug","message":"Converting with chrome HeadlessChrome/117.0.5938.149 using chrome-pool strategy","meta":{"rootId":"olpt76cu3rwpeuy","id":"olpt76cu3rwpeuy"},"id":"52zgpdhfrib7qtt","previousOperationId":"2biduj7l63v90u5"}
{"type":"log","timestamp":1701679310358,"level":"debug","message":"Page request: GET (document) file:///var/folders/dp/qk79pfcj0y1fmtkkl08m76rc0000gn/T/jsreport/autocleanup/5fd321cf-77f6-4a75-bc22-2694e5b3874f-chrome-pdf.html","meta":{"rootId":"olpt76cu3rwpeuy","id":"olpt76cu3rwpeuy"},"id":"3ve8udn9zmp8qr6","previousOperationId":"2biduj7l63v90u5"}
{"type":"log","timestamp":1701679310364,"level":"debug","message":"Page request finished: GET (document) 200 file:///var/folders/dp/qk79pfcj0y1fmtkkl08m76rc0000gn/T/jsreport/autocleanup/5fd321cf-77f6-4a75-bc22-2694e5b3874f-chrome-pdf.html","meta":{"rootId":"olpt76cu3rwpeuy","id":"olpt76cu3rwpeuy"},"id":"2eo948ofiut0lhn","previousOperationId":"2biduj7l63v90u5"}
{"type":"log","timestamp":1701679310375,"level":"debug","message":"Running chrome with params {\"printBackground\":true,\"timeout\":59970,\"margin\":{}}","meta":{"rootId":"olpt76cu3rwpeuy","id":"olpt76cu3rwpeuy"},"id":"ghjuup8pt6v813x","previousOperationId":"2biduj7l63v90u5"}
{"type":"operationEnd","operationId":"2biduj7l63v90u5","timestamp":1701679310392,"id":"pkx8mttws0tkdyl","previousEventId":"2zwbym758c2f6zb","previousOperationId":"2biduj7l63v90u5"}
{"type":"log","timestamp":1701679310392,"level":"debug","message":"Skipping storing report.","meta":{"rootId":"olpt76cu3rwpeuy","id":"olpt76cu3rwpeuy"},"id":"wz8cip89pm53yaf","previousOperationId":"2biduj7l63v90u5"}
{"type":"log","timestamp":1701679310392,"level":"info","message":"Rendering request 11 finished in 108 ms","meta":{"rootId":"olpt76cu3rwpeuy","id":"olpt76cu3rwpeuy"},"id":"c8lxl5q1198ajbd","previousOperationId":"2biduj7l63v90u5"}
{"type":"operationEnd","subtype":"render","operationId":"0z81olp4cnw6tlg","timestamp":1701679310392,"id":"clykz03joafoon8","previousEventId":"pkx8mttws0tkdyl","previousOperationId":"2biduj7l63v90u5"}
{"type":"operationEnd","doDiffs":false,"previousEventId":"qceh4qjhssznub4","previousOperationId":"hu8d5b8ni3gr67w","operationId":"hu8d5b8ni3gr67w","timestamp":1701679310393,"id":"t0n47omihrpqrpv"}
