{"type":"operationStart","subtype":"profile","data":{"_id":"5KbALxKDZDljQzYl","timestamp":"2023-12-04T08:48:52.103Z","state":"queued","mode":"standard","creationDate":"2023-12-04T08:48:52.104Z","modificationDate":"2023-12-04T08:48:52.104Z","shortid":"iGyjj-7","$entitySet":"profiles"},"doDiffs":false,"timestamp":1701679732103,"id":"7mvvc9ao79u3mr6","previousOperationId":null,"operationId":"i7ahhpu0i1hbzif"}
{"type":"log","level":"info","message":"Render request 15 queued for execution and waiting for available worker","previousOperationId":"i7ahhpu0i1hbzif","timestamp":1701679732104,"id":"utz81ot3woo6qah"}
{"type":"operationStart","subtype":"render","name":"pp_index","previousOperationId":"i7ahhpu0i1hbzif","timestamp":1701679732115,"id":"753dqitklgc4zfy","previousEventId":"7mvvc9ao79u3mr6","operationId":"snmyllovljmo6kb"}
{"type":"log","timestamp":1701679732115,"level":"info","message":"Starting rendering request 15","meta":{"rootId":"ozhwqsmd6wg9mon","id":"ozhwqsmd6wg9mon"},"id":"gdi21e26pzqtsef","previousOperationId":"snmyllovljmo6kb"}
{"type":"log","timestamp":1701679732115,"level":"info","message":"Rendering template { name: pp_index, recipe: chrome-pdf, engine: handlebars, preview: true }","meta":{"rootId":"ozhwqsmd6wg9mon","id":"ozhwqsmd6wg9mon"},"id":"k46yexs9tmsj8xl","previousOperationId":"snmyllovljmo6kb"}
{"type":"log","timestamp":1701679732116,"level":"debug","message":"Inline data specified.","meta":{"rootId":"ozhwqsmd6wg9mon","id":"ozhwqsmd6wg9mon"},"id":"49hgdso9z14uax5","previousOperationId":"snmyllovljmo6kb"}
{"type":"log","timestamp":1701679732117,"level":"debug","message":"Base url not specified, skipping its injection.","meta":{"rootId":"ozhwqsmd6wg9mon","id":"ozhwqsmd6wg9mon"},"id":"7z3d2xjke7ur80d","previousOperationId":"snmyllovljmo6kb"}
{"type":"operationStart","subtype":"engine","name":"handlebars","timestamp":1701679732118,"id":"g2ccpn642p9df4q","previousEventId":"753dqitklgc4zfy","operationId":"xtwy8ds9ql25d2j","previousOperationId":"snmyllovljmo6kb"}
{"type":"log","timestamp":1701679732118,"level":"debug","message":"Rendering engine handlebars","meta":{"rootId":"ozhwqsmd6wg9mon","id":"ozhwqsmd6wg9mon"},"id":"zr8t8y6g8df68ol","previousOperationId":"xtwy8ds9ql25d2j"}
{"type":"operationEnd","operationId":"xtwy8ds9ql25d2j","timestamp":1701679732137,"id":"c44x1fh09u3sf8y","previousEventId":"g2ccpn642p9df4q","previousOperationId":"xtwy8ds9ql25d2j"}
{"type":"operationStart","subtype":"recipe","name":"chrome-pdf","timestamp":1701679732137,"id":"9fge2kduh3608gr","previousEventId":"c44x1fh09u3sf8y","operationId":"b1ow6wma2xquqjh","previousOperationId":"xtwy8ds9ql25d2j"}
{"type":"log","timestamp":1701679732137,"level":"debug","message":"Executing recipe chrome-pdf","meta":{"rootId":"ozhwqsmd6wg9mon","id":"ozhwqsmd6wg9mon"},"id":"mlji6pbqezfm21f","previousOperationId":"b1ow6wma2xquqjh"}
{"type":"log","timestamp":1701679732139,"level":"debug","message":"Converting with chrome HeadlessChrome/117.0.5938.149 using chrome-pool strategy","meta":{"rootId":"ozhwqsmd6wg9mon","id":"ozhwqsmd6wg9mon"},"id":"3jqkl4nue3zu3p1","previousOperationId":"b1ow6wma2xquqjh"}
{"type":"log","timestamp":1701679732191,"level":"debug","message":"Page request: GET (document) file:///var/folders/dp/qk79pfcj0y1fmtkkl08m76rc0000gn/T/jsreport/autocleanup/3c8fd6c7-847c-4cd9-8736-fc2582116f8c-chrome-pdf.html","meta":{"rootId":"ozhwqsmd6wg9mon","id":"ozhwqsmd6wg9mon"},"id":"zopjlrcd4y83qiu","previousOperationId":"b1ow6wma2xquqjh"}
{"type":"log","timestamp":1701679732196,"level":"debug","message":"Page request finished: GET (document) 200 file:///var/folders/dp/qk79pfcj0y1fmtkkl08m76rc0000gn/T/jsreport/autocleanup/3c8fd6c7-847c-4cd9-8736-fc2582116f8c-chrome-pdf.html","meta":{"rootId":"ozhwqsmd6wg9mon","id":"ozhwqsmd6wg9mon"},"id":"1nuccehizeejilf","previousOperationId":"b1ow6wma2xquqjh"}
{"type":"log","timestamp":1701679732206,"level":"debug","message":"Running chrome with params {\"printBackground\":true,\"timeout\":59965,\"margin\":{}}","meta":{"rootId":"ozhwqsmd6wg9mon","id":"ozhwqsmd6wg9mon"},"id":"7nngb1p2l19x77k","previousOperationId":"b1ow6wma2xquqjh"}
{"type":"operationEnd","operationId":"b1ow6wma2xquqjh","timestamp":1701679732225,"id":"oqgjzlxmi0z9c4i","previousEventId":"9fge2kduh3608gr","previousOperationId":"b1ow6wma2xquqjh"}
{"type":"log","timestamp":1701679732225,"level":"debug","message":"Skipping storing report.","meta":{"rootId":"ozhwqsmd6wg9mon","id":"ozhwqsmd6wg9mon"},"id":"gtbys00r5xxuoci","previousOperationId":"b1ow6wma2xquqjh"}
{"type":"log","timestamp":1701679732225,"level":"info","message":"Rendering request 15 finished in 122 ms","meta":{"rootId":"ozhwqsmd6wg9mon","id":"ozhwqsmd6wg9mon"},"id":"9pzaz5edlka64f5","previousOperationId":"b1ow6wma2xquqjh"}
{"type":"operationEnd","subtype":"render","operationId":"snmyllovljmo6kb","timestamp":1701679732225,"id":"3q68wnu77dst347","previousEventId":"oqgjzlxmi0z9c4i","previousOperationId":"b1ow6wma2xquqjh"}
{"type":"operationEnd","doDiffs":false,"previousEventId":"7mvvc9ao79u3mr6","previousOperationId":"i7ahhpu0i1hbzif","operationId":"i7ahhpu0i1hbzif","timestamp":1701679732226,"id":"l8xbp82pl2nm108"}
