{"type":"operationStart","subtype":"profile","data":{"_id":"3ze0dc3HXAwLFDng","timestamp":"2023-12-04T09:51:26.500Z","state":"queued","mode":"standard","creationDate":"2023-12-04T09:51:26.501Z","modificationDate":"2023-12-04T09:51:26.501Z","shortid":"ZhQEePh","$entitySet":"profiles"},"doDiffs":false,"timestamp":1701683486501,"id":"yg80ssi3v34h6rc","previousOperationId":null,"operationId":"0776tvqjlnb9a9i"}
{"type":"log","level":"info","message":"Render request 69 queued for execution and waiting for available worker","previousOperationId":"0776tvqjlnb9a9i","timestamp":1701683486501,"id":"ocbtqqoc8n4fn6z"}
{"type":"operationStart","subtype":"render","name":"pp_index","previousOperationId":"0776tvqjlnb9a9i","timestamp":1701683486510,"id":"nryvrzeocqy0jmv","previousEventId":"yg80ssi3v34h6rc","operationId":"y6043gox2kdu1gm"}
{"type":"log","timestamp":1701683486510,"level":"info","message":"Starting rendering request 69","meta":{"rootId":"p62uf9dfptyukap","id":"p62uf9dfptyukap"},"id":"fps0co8xwy1sxis","previousOperationId":"y6043gox2kdu1gm"}
{"type":"log","timestamp":1701683486510,"level":"info","message":"Rendering template { name: pp_index, recipe: chrome-pdf, engine: handlebars, preview: true }","meta":{"rootId":"p62uf9dfptyukap","id":"p62uf9dfptyukap"},"id":"mt2jcr0oetbdkmt","previousOperationId":"y6043gox2kdu1gm"}
{"type":"log","timestamp":1701683486512,"level":"debug","message":"Adding sample data PH9LTzd4s","meta":{"rootId":"p62uf9dfptyukap","id":"p62uf9dfptyukap"},"id":"4267dqfyepmr99l","previousOperationId":"y6043gox2kdu1gm"}
{"type":"log","timestamp":1701683486519,"level":"debug","message":"Base url not specified, skipping its injection.","meta":{"rootId":"p62uf9dfptyukap","id":"p62uf9dfptyukap"},"id":"0ccplf514j4keq0","previousOperationId":"y6043gox2kdu1gm"}
{"type":"operationStart","subtype":"engine","name":"handlebars","timestamp":1701683486519,"id":"lhq8gypchlk47uf","previousEventId":"nryvrzeocqy0jmv","operationId":"wcg0tpgic8ag1nu","previousOperationId":"y6043gox2kdu1gm"}
{"type":"log","timestamp":1701683486519,"level":"debug","message":"Rendering engine handlebars","meta":{"rootId":"p62uf9dfptyukap","id":"p62uf9dfptyukap"},"id":"45d3xl8z1pj51lp","previousOperationId":"wcg0tpgic8ag1nu"}
{"type":"operationEnd","operationId":"wcg0tpgic8ag1nu","timestamp":1701683486529,"id":"0mlc4vs72ipfxee","previousEventId":"lhq8gypchlk47uf","previousOperationId":"wcg0tpgic8ag1nu"}
{"type":"operationStart","subtype":"recipe","name":"chrome-pdf","timestamp":1701683486530,"id":"utcal0wmc0wmvjf","previousEventId":"0mlc4vs72ipfxee","operationId":"ruke2hmbqg143jn","previousOperationId":"wcg0tpgic8ag1nu"}
{"type":"log","timestamp":1701683486530,"level":"debug","message":"Executing recipe chrome-pdf","meta":{"rootId":"p62uf9dfptyukap","id":"p62uf9dfptyukap"},"id":"9y0k4q6fn6godpf","previousOperationId":"ruke2hmbqg143jn"}
{"type":"log","timestamp":1701683486531,"level":"debug","message":"Converting with chrome HeadlessChrome/117.0.5938.149 using chrome-pool strategy","meta":{"rootId":"p62uf9dfptyukap","id":"p62uf9dfptyukap"},"id":"oalurf8sinsf9no","previousOperationId":"ruke2hmbqg143jn"}
{"type":"log","timestamp":1701683486584,"level":"debug","message":"Page request: GET (document) file:///var/folders/dp/qk79pfcj0y1fmtkkl08m76rc0000gn/T/jsreport/autocleanup/4b536e7e-cedf-4fb6-a077-a50678fe1749-chrome-pdf.html","meta":{"rootId":"p62uf9dfptyukap","id":"p62uf9dfptyukap"},"id":"na18wygxqluxad7","previousOperationId":"ruke2hmbqg143jn"}
{"type":"log","timestamp":1701683486589,"level":"debug","message":"Page request finished: GET (document) 200 file:///var/folders/dp/qk79pfcj0y1fmtkkl08m76rc0000gn/T/jsreport/autocleanup/4b536e7e-cedf-4fb6-a077-a50678fe1749-chrome-pdf.html","meta":{"rootId":"p62uf9dfptyukap","id":"p62uf9dfptyukap"},"id":"1de3m6wwn5am0zp","previousOperationId":"ruke2hmbqg143jn"}
{"type":"log","timestamp":1701683486601,"level":"debug","message":"Running chrome with params {\"printBackground\":true,\"width\":\"5.8cm\",\"timeout\":59970,\"margin\":{}}","meta":{"rootId":"p62uf9dfptyukap","id":"p62uf9dfptyukap"},"id":"x9pl7dgp1xg4t18","previousOperationId":"ruke2hmbqg143jn"}
{"type":"operationEnd","operationId":"ruke2hmbqg143jn","timestamp":1701683486621,"id":"02ozdal6b5fm263","previousEventId":"utcal0wmc0wmvjf","previousOperationId":"ruke2hmbqg143jn"}
{"type":"log","timestamp":1701683486621,"level":"debug","message":"Skipping storing report.","meta":{"rootId":"p62uf9dfptyukap","id":"p62uf9dfptyukap"},"id":"p43hjs44pwb2rp3","previousOperationId":"ruke2hmbqg143jn"}
{"type":"log","timestamp":1701683486621,"level":"info","message":"Rendering request 69 finished in 121 ms","meta":{"rootId":"p62uf9dfptyukap","id":"p62uf9dfptyukap"},"id":"3ad8t4lw9qurqfu","previousOperationId":"ruke2hmbqg143jn"}
{"type":"operationEnd","subtype":"render","operationId":"y6043gox2kdu1gm","timestamp":1701683486621,"id":"y3ddfc4qbwl49c4","previousEventId":"02ozdal6b5fm263","previousOperationId":"ruke2hmbqg143jn"}
{"type":"operationEnd","doDiffs":false,"previousEventId":"yg80ssi3v34h6rc","previousOperationId":"0776tvqjlnb9a9i","operationId":"0776tvqjlnb9a9i","timestamp":1701683486622,"id":"tu5jx8bagmabjf8"}
