{"type":"operationStart","subtype":"profile","data":{"_id":"v9Qay3op39LYoQSC","timestamp":"2023-12-04T10:46:22.521Z","state":"queued","mode":"standard","creationDate":"2023-12-04T10:46:22.522Z","modificationDate":"2023-12-04T10:46:22.522Z","shortid":"uidm8Ue","$entitySet":"profiles"},"doDiffs":false,"timestamp":1701686782521,"id":"7ujnd7ppploedsj","previousOperationId":null,"operationId":"3e4zjf6op5jbb55"}
{"type":"log","level":"info","message":"Render request 89 queued for execution and waiting for available worker","previousOperationId":"3e4zjf6op5jbb55","timestamp":1701686782521,"id":"0a7qp608i3q7zn5"}
{"type":"operationStart","subtype":"render","name":"pp_index","previousOperationId":"3e4zjf6op5jbb55","timestamp":1701686782528,"id":"489x5iprxt5t82j","previousEventId":"7ujnd7ppploedsj","operationId":"ddb9ugnfa5vl3x8"}
{"type":"log","timestamp":1701686782529,"level":"info","message":"Starting rendering request 89","meta":{"rootId":"p810xczqdxbxnbq","id":"p810xczqdxbxnbq"},"id":"9y90w1bgi8ilzef","previousOperationId":"ddb9ugnfa5vl3x8"}
{"type":"log","timestamp":1701686782529,"level":"info","message":"Rendering template { name: pp_index, recipe: chrome-pdf, engine: handlebars, preview: true }","meta":{"rootId":"p810xczqdxbxnbq","id":"p810xczqdxbxnbq"},"id":"70ocbd0qw6kgowe","previousOperationId":"ddb9ugnfa5vl3x8"}
{"type":"log","timestamp":1701686782530,"level":"debug","message":"Inline data specified.","meta":{"rootId":"p810xczqdxbxnbq","id":"p810xczqdxbxnbq"},"id":"93yutzcgufxxhpo","previousOperationId":"ddb9ugnfa5vl3x8"}
{"type":"log","timestamp":1701686782532,"level":"debug","message":"Base url not specified, skipping its injection.","meta":{"rootId":"p810xczqdxbxnbq","id":"p810xczqdxbxnbq"},"id":"rk8f3a8vq02mk2e","previousOperationId":"ddb9ugnfa5vl3x8"}
{"type":"operationStart","subtype":"engine","name":"handlebars","timestamp":1701686782533,"id":"23r06sbm24go6le","previousEventId":"489x5iprxt5t82j","operationId":"r4hziraq4zdze66","previousOperationId":"ddb9ugnfa5vl3x8"}
{"type":"log","timestamp":1701686782533,"level":"debug","message":"Rendering engine handlebars","meta":{"rootId":"p810xczqdxbxnbq","id":"p810xczqdxbxnbq"},"id":"gz2awipnemln2lu","previousOperationId":"r4hziraq4zdze66"}
{"type":"operationEnd","operationId":"r4hziraq4zdze66","timestamp":1701686782541,"id":"l4qc46qr6z8514a","previousEventId":"23r06sbm24go6le","previousOperationId":"r4hziraq4zdze66"}
{"type":"operationStart","subtype":"recipe","name":"chrome-pdf","timestamp":1701686782541,"id":"9kd3jzctcb0r4cp","previousEventId":"l4qc46qr6z8514a","operationId":"n343hq0de715km9","previousOperationId":"r4hziraq4zdze66"}
{"type":"log","timestamp":1701686782541,"level":"debug","message":"Executing recipe chrome-pdf","meta":{"rootId":"p810xczqdxbxnbq","id":"p810xczqdxbxnbq"},"id":"53blvjk4poick9d","previousOperationId":"n343hq0de715km9"}
{"type":"log","timestamp":1701686782543,"level":"debug","message":"Converting with chrome HeadlessChrome/117.0.5938.149 using chrome-pool strategy","meta":{"rootId":"p810xczqdxbxnbq","id":"p810xczqdxbxnbq"},"id":"syw4n7tn0qe69dj","previousOperationId":"n343hq0de715km9"}
{"type":"log","timestamp":1701686782595,"level":"debug","message":"Page request: GET (document) file:///var/folders/dp/qk79pfcj0y1fmtkkl08m76rc0000gn/T/jsreport/autocleanup/6b5cc067-3544-4025-be39-fab283171ea5-chrome-pdf.html","meta":{"rootId":"p810xczqdxbxnbq","id":"p810xczqdxbxnbq"},"id":"gd72ndmspvg3cii","previousOperationId":"n343hq0de715km9"}
{"type":"log","timestamp":1701686782600,"level":"debug","message":"Page request finished: GET (document) 200 file:///var/folders/dp/qk79pfcj0y1fmtkkl08m76rc0000gn/T/jsreport/autocleanup/6b5cc067-3544-4025-be39-fab283171ea5-chrome-pdf.html","meta":{"rootId":"p810xczqdxbxnbq","id":"p810xczqdxbxnbq"},"id":"cbhce34v8i58om1","previousOperationId":"n343hq0de715km9"}
{"type":"log","timestamp":1701686782614,"level":"debug","message":"Running chrome with params {\"printBackground\":true,\"width\":\"5.8cm\",\"timeout\":59979,\"margin\":{}}","meta":{"rootId":"p810xczqdxbxnbq","id":"p810xczqdxbxnbq"},"id":"341gmlxw1j53fja","previousOperationId":"n343hq0de715km9"}
{"type":"operationEnd","operationId":"n343hq0de715km9","timestamp":1701686782638,"id":"ivyorxgbdit4qo8","previousEventId":"9kd3jzctcb0r4cp","previousOperationId":"n343hq0de715km9"}
{"type":"log","timestamp":1701686782638,"level":"debug","message":"Skipping storing report.","meta":{"rootId":"p810xczqdxbxnbq","id":"p810xczqdxbxnbq"},"id":"eapff69wnbwei0t","previousOperationId":"n343hq0de715km9"}
{"type":"log","timestamp":1701686782638,"level":"info","message":"Rendering request 89 finished in 117 ms","meta":{"rootId":"p810xczqdxbxnbq","id":"p810xczqdxbxnbq"},"id":"qyw9d2ycuqbbxfj","previousOperationId":"n343hq0de715km9"}
{"type":"operationEnd","subtype":"render","operationId":"ddb9ugnfa5vl3x8","timestamp":1701686782638,"id":"6ffzy0ofjyc5dnb","previousEventId":"ivyorxgbdit4qo8","previousOperationId":"n343hq0de715km9"}
{"type":"operationEnd","doDiffs":false,"previousEventId":"7ujnd7ppploedsj","previousOperationId":"3e4zjf6op5jbb55","operationId":"3e4zjf6op5jbb55","timestamp":1701686782639,"id":"x68y8cfgm81nbzk"}
