{"type":"operationStart","subtype":"profile","data":{"_id":"PzTnrsl7368yvZjV","timestamp":"2023-12-05T08:42:59.969Z","state":"queued","mode":"standard","creationDate":"2023-12-05T08:42:59.971Z","modificationDate":"2023-12-05T08:42:59.971Z","shortid":"t8ggd7I","$entitySet":"profiles"},"doDiffs":false,"timestamp":1701765779970,"id":"c9vg8dj57qjoscs","previousOperationId":null,"operationId":"1tnyljb8l1j8ebh"}
{"type":"log","level":"info","message":"Render request 33 queued for execution and waiting for available worker","previousOperationId":"1tnyljb8l1j8ebh","timestamp":1701765779970,"id":"hpkq4dqwr3ae6ks"}
{"type":"operationStart","subtype":"render","name":"pp_index","previousOperationId":"1tnyljb8l1j8ebh","timestamp":1701765779979,"id":"9qetyztav783ef5","previousEventId":"c9vg8dj57qjoscs","operationId":"0fwfgo79qcqu7hg"}
{"type":"log","timestamp":1701765779980,"level":"info","message":"Starting rendering request 33","meta":{"rootId":"pdt3hcl22f5cs1m","id":"pdt3hcl22f5cs1m"},"id":"um0o7sppvwazie8","previousOperationId":"0fwfgo79qcqu7hg"}
{"type":"log","timestamp":1701765779980,"level":"info","message":"Rendering template { name: pp_index, recipe: chrome-pdf, engine: handlebars, preview: true }","meta":{"rootId":"pdt3hcl22f5cs1m","id":"pdt3hcl22f5cs1m"},"id":"uid0wcjcer05j22","previousOperationId":"0fwfgo79qcqu7hg"}
{"type":"log","timestamp":1701765779982,"level":"debug","message":"Adding sample data PH9LTzd4s","meta":{"rootId":"pdt3hcl22f5cs1m","id":"pdt3hcl22f5cs1m"},"id":"tn2j276xi3oi7dx","previousOperationId":"0fwfgo79qcqu7hg"}
{"type":"log","timestamp":1701765779988,"level":"debug","message":"Base url not specified, skipping its injection.","meta":{"rootId":"pdt3hcl22f5cs1m","id":"pdt3hcl22f5cs1m"},"id":"xo12sofyiey7a4w","previousOperationId":"0fwfgo79qcqu7hg"}
{"type":"log","timestamp":1701765779993,"level":"debug","message":"Replaced assets [\"styles.css\"]","meta":{"rootId":"pdt3hcl22f5cs1m","id":"pdt3hcl22f5cs1m"},"id":"1j40pbxp9y4m7k1","previousOperationId":"0fwfgo79qcqu7hg"}
{"type":"operationStart","subtype":"engine","name":"handlebars","timestamp":1701765779993,"id":"napawwj3kotksji","previousEventId":"9qetyztav783ef5","operationId":"uyjt3qys49494hz","previousOperationId":"0fwfgo79qcqu7hg"}
{"type":"log","timestamp":1701765779993,"level":"debug","message":"Rendering engine handlebars","meta":{"rootId":"pdt3hcl22f5cs1m","id":"pdt3hcl22f5cs1m"},"id":"np45aee3jij8gek","previousOperationId":"uyjt3qys49494hz"}
{"type":"operationEnd","operationId":"uyjt3qys49494hz","timestamp":1701765780009,"id":"lmcag7yn3vime9a","previousEventId":"napawwj3kotksji","previousOperationId":"uyjt3qys49494hz"}
{"type":"operationStart","subtype":"recipe","name":"chrome-pdf","timestamp":1701765780010,"id":"t29hp1psepfwxbo","previousEventId":"lmcag7yn3vime9a","operationId":"i28cuacirbibgrg","previousOperationId":"uyjt3qys49494hz"}
{"type":"log","timestamp":1701765780010,"level":"debug","message":"Executing recipe chrome-pdf","meta":{"rootId":"pdt3hcl22f5cs1m","id":"pdt3hcl22f5cs1m"},"id":"g5pgy2245wd1zuy","previousOperationId":"i28cuacirbibgrg"}
{"type":"log","timestamp":1701765780214,"level":"debug","message":"Converting with chrome HeadlessChrome/117.0.5938.149 using chrome-pool strategy","meta":{"rootId":"pdt3hcl22f5cs1m","id":"pdt3hcl22f5cs1m"},"id":"8p6demewwhiety9","previousOperationId":"i28cuacirbibgrg"}
{"type":"log","timestamp":1701765780258,"level":"debug","message":"Page request: GET (document) file:///var/folders/dp/qk79pfcj0y1fmtkkl08m76rc0000gn/T/jsreport/autocleanup/b8e80338-8dbb-4a32-904f-fec15d5acd96-chrome-pdf.html","meta":{"rootId":"pdt3hcl22f5cs1m","id":"pdt3hcl22f5cs1m"},"id":"fwdp6nj4onzsare","previousOperationId":"i28cuacirbibgrg"}
{"type":"log","timestamp":1701765780263,"level":"debug","message":"Page request finished: GET (document) 200 file:///var/folders/dp/qk79pfcj0y1fmtkkl08m76rc0000gn/T/jsreport/autocleanup/b8e80338-8dbb-4a32-904f-fec15d5acd96-chrome-pdf.html","meta":{"rootId":"pdt3hcl22f5cs1m","id":"pdt3hcl22f5cs1m"},"id":"sonfcbuq62jybwn","previousOperationId":"i28cuacirbibgrg"}
{"type":"log","timestamp":1701765780275,"level":"debug","message":"Running chrome with params {\"printBackground\":true,\"width\":\"5.8cm\",\"height\":\"21cm\",\"timeout\":59959,\"margin\":{}}","meta":{"rootId":"pdt3hcl22f5cs1m","id":"pdt3hcl22f5cs1m"},"id":"rsla6psuut6926a","previousOperationId":"i28cuacirbibgrg"}
{"type":"operationEnd","operationId":"i28cuacirbibgrg","timestamp":1701765780305,"id":"icq7pb3ys6w2d1a","previousEventId":"t29hp1psepfwxbo","previousOperationId":"i28cuacirbibgrg"}
{"type":"log","timestamp":1701765780305,"level":"debug","message":"Skipping storing report.","meta":{"rootId":"pdt3hcl22f5cs1m","id":"pdt3hcl22f5cs1m"},"id":"tl5dwphl93hef1v","previousOperationId":"i28cuacirbibgrg"}
{"type":"log","timestamp":1701765780305,"level":"info","message":"Rendering request 33 finished in 336 ms","meta":{"rootId":"pdt3hcl22f5cs1m","id":"pdt3hcl22f5cs1m"},"id":"37qtciwtdqb0az2","previousOperationId":"i28cuacirbibgrg"}
{"type":"operationEnd","subtype":"render","operationId":"0fwfgo79qcqu7hg","timestamp":1701765780305,"id":"dya3d0gldc3tmn6","previousEventId":"icq7pb3ys6w2d1a","previousOperationId":"i28cuacirbibgrg"}
{"type":"operationEnd","doDiffs":false,"previousEventId":"c9vg8dj57qjoscs","previousOperationId":"1tnyljb8l1j8ebh","operationId":"1tnyljb8l1j8ebh","timestamp":1701765780307,"id":"yzerx5ue66nm310"}
