{"type":"operationStart","subtype":"profile","data":{"_id":"4rDHDV0jLHGmRuXG","timestamp":"2023-12-05T08:31:01.050Z","state":"queued","mode":"standard","creationDate":"2023-12-05T08:31:01.053Z","modificationDate":"2023-12-05T08:31:01.053Z","shortid":"6Xuaw8z","$entitySet":"profiles"},"doDiffs":false,"timestamp":1701765061051,"id":"md28ow8e46d8pwp","previousOperationId":null,"operationId":"m2s5k5gviwde1jl"}
{"type":"log","level":"info","message":"Render request 32 queued for execution and waiting for available worker","previousOperationId":"m2s5k5gviwde1jl","timestamp":1701765061052,"id":"pho7v8siawh3y6c"}
{"type":"operationStart","subtype":"render","name":"pp_index","previousOperationId":"m2s5k5gviwde1jl","timestamp":1701765061064,"id":"ip0xsm177lv27v8","previousEventId":"md28ow8e46d8pwp","operationId":"2mfbyjtyr4oahfk"}
{"type":"log","timestamp":1701765061065,"level":"info","message":"Starting rendering request 32","meta":{"rootId":"pklrquabb5bogje","id":"pklrquabb5bogje"},"id":"l8dbv0uo6zleviy","previousOperationId":"2mfbyjtyr4oahfk"}
{"type":"log","timestamp":1701765061065,"level":"info","message":"Rendering template { name: pp_index, recipe: chrome-pdf, engine: handlebars, preview: true }","meta":{"rootId":"pklrquabb5bogje","id":"pklrquabb5bogje"},"id":"za04bfbxgyy9qrh","previousOperationId":"2mfbyjtyr4oahfk"}
{"type":"log","timestamp":1701765061070,"level":"debug","message":"Adding sample data PH9LTzd4s","meta":{"rootId":"pklrquabb5bogje","id":"pklrquabb5bogje"},"id":"hhvftiq26drnnwo","previousOperationId":"2mfbyjtyr4oahfk"}
{"type":"log","timestamp":1701765061073,"level":"debug","message":"Base url not specified, skipping its injection.","meta":{"rootId":"pklrquabb5bogje","id":"pklrquabb5bogje"},"id":"ht2d9g8kaceyqi4","previousOperationId":"2mfbyjtyr4oahfk"}
{"type":"log","timestamp":1701765061078,"level":"debug","message":"Replaced assets [\"styles.css\"]","meta":{"rootId":"pklrquabb5bogje","id":"pklrquabb5bogje"},"id":"schu733wtfwupwb","previousOperationId":"2mfbyjtyr4oahfk"}
{"type":"operationStart","subtype":"engine","name":"handlebars","timestamp":1701765061078,"id":"4c5m97hlw5a3mcs","previousEventId":"ip0xsm177lv27v8","operationId":"18wrjztg8kkr4fm","previousOperationId":"2mfbyjtyr4oahfk"}
{"type":"log","timestamp":1701765061078,"level":"debug","message":"Rendering engine handlebars","meta":{"rootId":"pklrquabb5bogje","id":"pklrquabb5bogje"},"id":"ip2x453znev4yg4","previousOperationId":"18wrjztg8kkr4fm"}
{"type":"operationEnd","operationId":"18wrjztg8kkr4fm","timestamp":1701765061085,"id":"8cml2b07szdwzgr","previousEventId":"4c5m97hlw5a3mcs","previousOperationId":"18wrjztg8kkr4fm"}
{"type":"operationStart","subtype":"recipe","name":"chrome-pdf","timestamp":1701765061085,"id":"su4tjva6i9tpvee","previousEventId":"8cml2b07szdwzgr","operationId":"cwgwa6nhgpkj1q6","previousOperationId":"18wrjztg8kkr4fm"}
{"type":"log","timestamp":1701765061085,"level":"debug","message":"Executing recipe chrome-pdf","meta":{"rootId":"pklrquabb5bogje","id":"pklrquabb5bogje"},"id":"zyp73ryc472rpig","previousOperationId":"cwgwa6nhgpkj1q6"}
{"type":"log","timestamp":1701765061086,"level":"debug","message":"Converting with chrome HeadlessChrome/117.0.5938.149 using chrome-pool strategy","meta":{"rootId":"pklrquabb5bogje","id":"pklrquabb5bogje"},"id":"6jnwo37eac7ctb3","previousOperationId":"cwgwa6nhgpkj1q6"}
{"type":"log","timestamp":1701765061134,"level":"debug","message":"Page request: GET (document) file:///var/folders/dp/qk79pfcj0y1fmtkkl08m76rc0000gn/T/jsreport/autocleanup/41616384-f99d-4926-a7b1-63977ca80698-chrome-pdf.html","meta":{"rootId":"pklrquabb5bogje","id":"pklrquabb5bogje"},"id":"vrh62kpl5unakzq","previousOperationId":"cwgwa6nhgpkj1q6"}
{"type":"log","timestamp":1701765061138,"level":"debug","message":"Page request finished: GET (document) 200 file:///var/folders/dp/qk79pfcj0y1fmtkkl08m76rc0000gn/T/jsreport/autocleanup/41616384-f99d-4926-a7b1-63977ca80698-chrome-pdf.html","meta":{"rootId":"pklrquabb5bogje","id":"pklrquabb5bogje"},"id":"9xucaprjlypv5xk","previousOperationId":"cwgwa6nhgpkj1q6"}
{"type":"log","timestamp":1701765061151,"level":"debug","message":"Running chrome with params {\"printBackground\":true,\"width\":\"5.8cm\",\"height\":\"21cm\",\"timeout\":59964,\"margin\":{}}","meta":{"rootId":"pklrquabb5bogje","id":"pklrquabb5bogje"},"id":"umzazfqvb1jg8vt","previousOperationId":"cwgwa6nhgpkj1q6"}
{"type":"operationEnd","operationId":"cwgwa6nhgpkj1q6","timestamp":1701765061172,"id":"jmt6shos1owpekb","previousEventId":"su4tjva6i9tpvee","previousOperationId":"cwgwa6nhgpkj1q6"}
{"type":"log","timestamp":1701765061172,"level":"debug","message":"Skipping storing report.","meta":{"rootId":"pklrquabb5bogje","id":"pklrquabb5bogje"},"id":"2rvkr2dskumght7","previousOperationId":"cwgwa6nhgpkj1q6"}
{"type":"log","timestamp":1701765061172,"level":"info","message":"Rendering request 32 finished in 122 ms","meta":{"rootId":"pklrquabb5bogje","id":"pklrquabb5bogje"},"id":"nznnt9jstlfnse4","previousOperationId":"cwgwa6nhgpkj1q6"}
{"type":"operationEnd","subtype":"render","operationId":"2mfbyjtyr4oahfk","timestamp":1701765061172,"id":"d5bro4lyu97sfb9","previousEventId":"jmt6shos1owpekb","previousOperationId":"cwgwa6nhgpkj1q6"}
{"type":"operationEnd","doDiffs":false,"previousEventId":"md28ow8e46d8pwp","previousOperationId":"m2s5k5gviwde1jl","operationId":"m2s5k5gviwde1jl","timestamp":1701765061173,"id":"tlgya0y34cynrg7"}
