{"type":"operationStart","subtype":"profile","data":{"_id":"S9rMcTm6M5JJa2f3","timestamp":"2023-12-04T12:37:10.504Z","state":"queued","mode":"standard","creationDate":"2023-12-04T12:37:10.507Z","modificationDate":"2023-12-04T12:37:10.507Z","shortid":"hQ629Ez","$entitySet":"profiles"},"doDiffs":false,"timestamp":1701693430506,"id":"t7q1d4fqukjnv2a","previousOperationId":null,"operationId":"ztb61bf9mzzaanb"}
{"type":"log","level":"info","message":"Render request 168 queued for execution and waiting for available worker","previousOperationId":"ztb61bf9mzzaanb","timestamp":1701693430506,"id":"hz3xt7ul92aump3"}
{"type":"operationStart","subtype":"render","name":"pp_index","previousOperationId":"ztb61bf9mzzaanb","timestamp":1701693430512,"id":"hmurqhwd9tfc2cb","previousEventId":"t7q1d4fqukjnv2a","operationId":"4pi7trqueyfjs96"}
{"type":"log","timestamp":1701693430513,"level":"info","message":"Starting rendering request 168","meta":{"rootId":"pmdl04wajl0n74p","id":"pmdl04wajl0n74p"},"id":"c0drgn65lzpg386","previousOperationId":"4pi7trqueyfjs96"}
{"type":"log","timestamp":1701693430513,"level":"info","message":"Rendering template { name: pp_index, recipe: chrome-pdf, engine: handlebars, preview: true }","meta":{"rootId":"pmdl04wajl0n74p","id":"pmdl04wajl0n74p"},"id":"b1ult6y8pvdn17e","previousOperationId":"4pi7trqueyfjs96"}
{"type":"log","timestamp":1701693430513,"level":"debug","message":"Inline data specified.","meta":{"rootId":"pmdl04wajl0n74p","id":"pmdl04wajl0n74p"},"id":"9od5g7ja5vt8faf","previousOperationId":"4pi7trqueyfjs96"}
{"type":"log","timestamp":1701693430515,"level":"debug","message":"Base url not specified, skipping its injection.","meta":{"rootId":"pmdl04wajl0n74p","id":"pmdl04wajl0n74p"},"id":"3p8grwgjca5nwsj","previousOperationId":"4pi7trqueyfjs96"}
{"type":"log","timestamp":1701693430516,"level":"debug","message":"Replaced assets [\"styles.css\"]","meta":{"rootId":"pmdl04wajl0n74p","id":"pmdl04wajl0n74p"},"id":"h750lohvjpsfb4y","previousOperationId":"4pi7trqueyfjs96"}
{"type":"operationStart","subtype":"engine","name":"handlebars","timestamp":1701693430517,"id":"jd8urz9z5zjrhqk","previousEventId":"hmurqhwd9tfc2cb","operationId":"79drevisw45u2wl","previousOperationId":"4pi7trqueyfjs96"}
{"type":"log","timestamp":1701693430517,"level":"debug","message":"Rendering engine handlebars","meta":{"rootId":"pmdl04wajl0n74p","id":"pmdl04wajl0n74p"},"id":"mgr9jan3tdhdjjl","previousOperationId":"79drevisw45u2wl"}
{"type":"operationEnd","operationId":"79drevisw45u2wl","timestamp":1701693430529,"id":"wv5xszjyv4nsrk5","previousEventId":"jd8urz9z5zjrhqk","previousOperationId":"79drevisw45u2wl"}
{"type":"operationStart","subtype":"recipe","name":"chrome-pdf","timestamp":1701693430529,"id":"sej6iu2dslzrulz","previousEventId":"wv5xszjyv4nsrk5","operationId":"apjoae6vmyeuvzd","previousOperationId":"79drevisw45u2wl"}
{"type":"log","timestamp":1701693430529,"level":"debug","message":"Executing recipe chrome-pdf","meta":{"rootId":"pmdl04wajl0n74p","id":"pmdl04wajl0n74p"},"id":"xfw98cd54q0s387","previousOperationId":"apjoae6vmyeuvzd"}
{"type":"log","timestamp":1701693430531,"level":"debug","message":"Converting with chrome HeadlessChrome/117.0.5938.149 using chrome-pool strategy","meta":{"rootId":"pmdl04wajl0n74p","id":"pmdl04wajl0n74p"},"id":"uqm8bqjpc6zktk2","previousOperationId":"apjoae6vmyeuvzd"}
{"type":"log","timestamp":1701693430576,"level":"debug","message":"Page request: GET (document) file:///var/folders/dp/qk79pfcj0y1fmtkkl08m76rc0000gn/T/jsreport/autocleanup/5a1cefaa-5939-47d3-9e9e-619bcb42c7ae-chrome-pdf.html","meta":{"rootId":"pmdl04wajl0n74p","id":"pmdl04wajl0n74p"},"id":"2vgtr6ht7p0amuv","previousOperationId":"apjoae6vmyeuvzd"}
{"type":"log","timestamp":1701693430581,"level":"debug","message":"Page request finished: GET (document) 200 file:///var/folders/dp/qk79pfcj0y1fmtkkl08m76rc0000gn/T/jsreport/autocleanup/5a1cefaa-5939-47d3-9e9e-619bcb42c7ae-chrome-pdf.html","meta":{"rootId":"pmdl04wajl0n74p","id":"pmdl04wajl0n74p"},"id":"46q62vhrgo5j9t8","previousOperationId":"apjoae6vmyeuvzd"}
{"type":"log","timestamp":1701693430594,"level":"debug","message":"Running chrome with params {\"printBackground\":true,\"width\":\"5.8cm\",\"height\":\"40cm\",\"timeout\":59974,\"margin\":{}}","meta":{"rootId":"pmdl04wajl0n74p","id":"pmdl04wajl0n74p"},"id":"sgcrilz80c7widx","previousOperationId":"apjoae6vmyeuvzd"}
{"type":"operationEnd","operationId":"apjoae6vmyeuvzd","timestamp":1701693430619,"id":"6cod4k8mm7nzma6","previousEventId":"sej6iu2dslzrulz","previousOperationId":"apjoae6vmyeuvzd"}
{"type":"log","timestamp":1701693430619,"level":"debug","message":"Skipping storing report.","meta":{"rootId":"pmdl04wajl0n74p","id":"pmdl04wajl0n74p"},"id":"jfy5w5iu21vblew","previousOperationId":"apjoae6vmyeuvzd"}
{"type":"log","timestamp":1701693430619,"level":"info","message":"Rendering request 168 finished in 115 ms","meta":{"rootId":"pmdl04wajl0n74p","id":"pmdl04wajl0n74p"},"id":"v0tavw8g7c3why8","previousOperationId":"apjoae6vmyeuvzd"}
{"type":"operationEnd","subtype":"render","operationId":"4pi7trqueyfjs96","timestamp":1701693430619,"id":"5g8zg6npw26v3nx","previousEventId":"6cod4k8mm7nzma6","previousOperationId":"apjoae6vmyeuvzd"}
{"type":"operationEnd","doDiffs":false,"previousEventId":"t7q1d4fqukjnv2a","previousOperationId":"ztb61bf9mzzaanb","operationId":"ztb61bf9mzzaanb","timestamp":1701693430620,"id":"lmvx9q0kf2s7rkw"}
