{"type":"operationStart","subtype":"profile","data":{"_id":"hgvrn3lHF8Qv9Rvr","timestamp":"2023-12-04T12:12:27.268Z","state":"queued","mode":"standard","creationDate":"2023-12-04T12:12:27.269Z","modificationDate":"2023-12-04T12:12:27.269Z","shortid":"5LyH0q5","$entitySet":"profiles"},"doDiffs":false,"timestamp":1701691947269,"id":"5j3x319qzsd6b2p","previousOperationId":null,"operationId":"id8ov7iqsz6gwxz"}
{"type":"log","level":"info","message":"Render request 159 queued for execution and waiting for available worker","previousOperationId":"id8ov7iqsz6gwxz","timestamp":1701691947269,"id":"jaugfaqh2mhwg7b"}
{"type":"operationStart","subtype":"render","name":"pp_index","previousOperationId":"id8ov7iqsz6gwxz","timestamp":1701691947278,"id":"x0e9midva52dg5v","previousEventId":"5j3x319qzsd6b2p","operationId":"q8f5waonmzw481x"}
{"type":"log","timestamp":1701691947279,"level":"info","message":"Starting rendering request 159","meta":{"rootId":"q9w6a5mvvghn81s","id":"q9w6a5mvvghn81s"},"id":"22yo7wqmyb1xeks","previousOperationId":"q8f5waonmzw481x"}
{"type":"log","timestamp":1701691947279,"level":"info","message":"Rendering template { name: pp_index, recipe: chrome-pdf, engine: handlebars, preview: true }","meta":{"rootId":"q9w6a5mvvghn81s","id":"q9w6a5mvvghn81s"},"id":"e7j3dogw6m1nqw6","previousOperationId":"q8f5waonmzw481x"}
{"type":"log","timestamp":1701691947280,"level":"debug","message":"Inline data specified.","meta":{"rootId":"q9w6a5mvvghn81s","id":"q9w6a5mvvghn81s"},"id":"39v0ipr1dlsnhzn","previousOperationId":"q8f5waonmzw481x"}
{"type":"log","timestamp":1701691947283,"level":"debug","message":"Base url not specified, skipping its injection.","meta":{"rootId":"q9w6a5mvvghn81s","id":"q9w6a5mvvghn81s"},"id":"cxi17spjysgizvh","previousOperationId":"q8f5waonmzw481x"}
{"type":"operationStart","subtype":"engine","name":"handlebars","timestamp":1701691947284,"id":"sbfnwjxi9ayocif","previousEventId":"x0e9midva52dg5v","operationId":"pmgf7ptjvfqlu7v","previousOperationId":"q8f5waonmzw481x"}
{"type":"log","timestamp":1701691947284,"level":"debug","message":"Rendering engine handlebars","meta":{"rootId":"q9w6a5mvvghn81s","id":"q9w6a5mvvghn81s"},"id":"mbaebejvrzuk1xn","previousOperationId":"pmgf7ptjvfqlu7v"}
{"type":"operationEnd","operationId":"pmgf7ptjvfqlu7v","timestamp":1701691947293,"id":"3lbz480ket2hkur","previousEventId":"sbfnwjxi9ayocif","previousOperationId":"pmgf7ptjvfqlu7v"}
{"type":"operationStart","subtype":"recipe","name":"chrome-pdf","timestamp":1701691947293,"id":"u1t45rjjnjxv4eo","previousEventId":"3lbz480ket2hkur","operationId":"gal7tevb2vbn6er","previousOperationId":"pmgf7ptjvfqlu7v"}
{"type":"log","timestamp":1701691947293,"level":"debug","message":"Executing recipe chrome-pdf","meta":{"rootId":"q9w6a5mvvghn81s","id":"q9w6a5mvvghn81s"},"id":"buonsexqi8ox2ab","previousOperationId":"gal7tevb2vbn6er"}
{"type":"log","timestamp":1701691947295,"level":"debug","message":"Converting with chrome HeadlessChrome/117.0.5938.149 using chrome-pool strategy","meta":{"rootId":"q9w6a5mvvghn81s","id":"q9w6a5mvvghn81s"},"id":"a3tj3iavo6bkgt3","previousOperationId":"gal7tevb2vbn6er"}
{"type":"log","timestamp":1701691947348,"level":"debug","message":"Page request: GET (document) file:///var/folders/dp/qk79pfcj0y1fmtkkl08m76rc0000gn/T/jsreport/autocleanup/962d211e-d545-4ba1-aa5c-aae3744643d8-chrome-pdf.html","meta":{"rootId":"q9w6a5mvvghn81s","id":"q9w6a5mvvghn81s"},"id":"ae5x88xtmebbcyw","previousOperationId":"gal7tevb2vbn6er"}
{"type":"log","timestamp":1701691947352,"level":"debug","message":"Page request finished: GET (document) 200 file:///var/folders/dp/qk79pfcj0y1fmtkkl08m76rc0000gn/T/jsreport/autocleanup/962d211e-d545-4ba1-aa5c-aae3744643d8-chrome-pdf.html","meta":{"rootId":"q9w6a5mvvghn81s","id":"q9w6a5mvvghn81s"},"id":"q6mcvartf0l20wp","previousOperationId":"gal7tevb2vbn6er"}
{"type":"log","timestamp":1701691947364,"level":"debug","message":"Running chrome with params {\"printBackground\":true,\"width\":\"5.8cm\",\"height\":\"35cm\",\"timeout\":59974,\"margin\":{}}","meta":{"rootId":"q9w6a5mvvghn81s","id":"q9w6a5mvvghn81s"},"id":"euw1knac9amlgo3","previousOperationId":"gal7tevb2vbn6er"}
{"type":"operationEnd","operationId":"gal7tevb2vbn6er","timestamp":1701691947390,"id":"7cxnpuu776z6mjk","previousEventId":"u1t45rjjnjxv4eo","previousOperationId":"gal7tevb2vbn6er"}
{"type":"log","timestamp":1701691947390,"level":"debug","message":"Skipping storing report.","meta":{"rootId":"q9w6a5mvvghn81s","id":"q9w6a5mvvghn81s"},"id":"q9pnlr5oka24oog","previousOperationId":"gal7tevb2vbn6er"}
{"type":"log","timestamp":1701691947390,"level":"info","message":"Rendering request 159 finished in 122 ms","meta":{"rootId":"q9w6a5mvvghn81s","id":"q9w6a5mvvghn81s"},"id":"8epss4rppsixw1x","previousOperationId":"gal7tevb2vbn6er"}
{"type":"operationEnd","subtype":"render","operationId":"q8f5waonmzw481x","timestamp":1701691947390,"id":"lr778zxkuguqee8","previousEventId":"7cxnpuu776z6mjk","previousOperationId":"gal7tevb2vbn6er"}
{"type":"operationEnd","doDiffs":false,"previousEventId":"5j3x319qzsd6b2p","previousOperationId":"id8ov7iqsz6gwxz","operationId":"id8ov7iqsz6gwxz","timestamp":1701691947392,"id":"r9c8jiwvqf95zeu"}
