{"type":"operationStart","subtype":"profile","data":{"_id":"Gxr9KL6MmK3eDWn9","timestamp":"2023-12-05T08:28:28.806Z","state":"queued","mode":"standard","creationDate":"2023-12-05T08:28:28.807Z","modificationDate":"2023-12-05T08:28:28.807Z","shortid":"_laCM8t","$entitySet":"profiles"},"doDiffs":false,"timestamp":1701764908807,"id":"lpu7p0wxrnrxinz","previousOperationId":null,"operationId":"e54qqtk9obthhbb"}
{"type":"log","level":"info","message":"Render request 27 queued for execution and waiting for available worker","previousOperationId":"e54qqtk9obthhbb","timestamp":1701764908807,"id":"mf6qnewofy8zecy"}
{"type":"operationStart","subtype":"render","name":"pp_index","previousOperationId":"e54qqtk9obthhbb","timestamp":1701764908812,"id":"otw2x0zhryxg42h","previousEventId":"lpu7p0wxrnrxinz","operationId":"kroftgzjkiem7w8"}
{"type":"log","timestamp":1701764908813,"level":"info","message":"Starting rendering request 27","meta":{"rootId":"qbitpggx300ep0r","id":"qbitpggx300ep0r"},"id":"n1gm6u2ent1v3dr","previousOperationId":"kroftgzjkiem7w8"}
{"type":"log","timestamp":1701764908813,"level":"info","message":"Rendering template { name: pp_index, recipe: chrome-pdf, engine: handlebars, preview: true }","meta":{"rootId":"qbitpggx300ep0r","id":"qbitpggx300ep0r"},"id":"lai4n2d7f03hrfi","previousOperationId":"kroftgzjkiem7w8"}
{"type":"log","timestamp":1701764908815,"level":"debug","message":"Adding sample data PH9LTzd4s","meta":{"rootId":"qbitpggx300ep0r","id":"qbitpggx300ep0r"},"id":"8522frku4xv6kqx","previousOperationId":"kroftgzjkiem7w8"}
{"type":"log","timestamp":1701764908816,"level":"debug","message":"Base url not specified, skipping its injection.","meta":{"rootId":"qbitpggx300ep0r","id":"qbitpggx300ep0r"},"id":"3sfaa5of943gb73","previousOperationId":"kroftgzjkiem7w8"}
{"type":"log","timestamp":1701764908817,"level":"debug","message":"Replaced assets [\"styles.css\"]","meta":{"rootId":"qbitpggx300ep0r","id":"qbitpggx300ep0r"},"id":"qaa0h0z8m1ram5s","previousOperationId":"kroftgzjkiem7w8"}
{"type":"operationStart","subtype":"engine","name":"handlebars","timestamp":1701764908817,"id":"i5fuxhnv4u0pq3f","previousEventId":"otw2x0zhryxg42h","operationId":"1v0d6q86lfnaewe","previousOperationId":"kroftgzjkiem7w8"}
{"type":"log","timestamp":1701764908817,"level":"debug","message":"Rendering engine handlebars","meta":{"rootId":"qbitpggx300ep0r","id":"qbitpggx300ep0r"},"id":"htjtd3xprbftgfc","previousOperationId":"1v0d6q86lfnaewe"}
{"type":"operationEnd","operationId":"1v0d6q86lfnaewe","timestamp":1701764908839,"id":"h1likxep9nz85yu","previousEventId":"i5fuxhnv4u0pq3f","previousOperationId":"1v0d6q86lfnaewe"}
{"type":"operationStart","subtype":"recipe","name":"chrome-pdf","timestamp":1701764908840,"id":"qr05lfngn1sv7h3","previousEventId":"h1likxep9nz85yu","operationId":"lbuiki4lmkbt2g1","previousOperationId":"1v0d6q86lfnaewe"}
{"type":"log","timestamp":1701764908840,"level":"debug","message":"Executing recipe chrome-pdf","meta":{"rootId":"qbitpggx300ep0r","id":"qbitpggx300ep0r"},"id":"rw3mvk7nu7nb5sv","previousOperationId":"lbuiki4lmkbt2g1"}
{"type":"log","timestamp":1701764908841,"level":"debug","message":"Converting with chrome HeadlessChrome/117.0.5938.149 using chrome-pool strategy","meta":{"rootId":"qbitpggx300ep0r","id":"qbitpggx300ep0r"},"id":"wa39uh74pvzuk6x","previousOperationId":"lbuiki4lmkbt2g1"}
{"type":"log","timestamp":1701764908893,"level":"debug","message":"Page request: GET (document) file:///var/folders/dp/qk79pfcj0y1fmtkkl08m76rc0000gn/T/jsreport/autocleanup/810adee3-8e86-4c15-880e-c9c4200bd281-chrome-pdf.html","meta":{"rootId":"qbitpggx300ep0r","id":"qbitpggx300ep0r"},"id":"o556v0h281zl0up","previousOperationId":"lbuiki4lmkbt2g1"}
{"type":"log","timestamp":1701764908897,"level":"debug","message":"Page request finished: GET (document) 200 file:///var/folders/dp/qk79pfcj0y1fmtkkl08m76rc0000gn/T/jsreport/autocleanup/810adee3-8e86-4c15-880e-c9c4200bd281-chrome-pdf.html","meta":{"rootId":"qbitpggx300ep0r","id":"qbitpggx300ep0r"},"id":"an7wuflcfxvfv60","previousOperationId":"lbuiki4lmkbt2g1"}
{"type":"log","timestamp":1701764908910,"level":"debug","message":"Running chrome with params {\"printBackground\":true,\"width\":\"5.8cm\",\"height\":\"21cm\",\"timeout\":59966,\"margin\":{}}","meta":{"rootId":"qbitpggx300ep0r","id":"qbitpggx300ep0r"},"id":"z2jcl6qlnqzorwc","previousOperationId":"lbuiki4lmkbt2g1"}
{"type":"operationEnd","operationId":"lbuiki4lmkbt2g1","timestamp":1701764908931,"id":"4fn10ybbjse71sv","previousEventId":"qr05lfngn1sv7h3","previousOperationId":"lbuiki4lmkbt2g1"}
{"type":"log","timestamp":1701764908931,"level":"debug","message":"Skipping storing report.","meta":{"rootId":"qbitpggx300ep0r","id":"qbitpggx300ep0r"},"id":"4qzioab6mqr2cip","previousOperationId":"lbuiki4lmkbt2g1"}
{"type":"log","timestamp":1701764908931,"level":"info","message":"Rendering request 27 finished in 125 ms","meta":{"rootId":"qbitpggx300ep0r","id":"qbitpggx300ep0r"},"id":"lc1vs37f9meiyia","previousOperationId":"lbuiki4lmkbt2g1"}
{"type":"operationEnd","subtype":"render","operationId":"kroftgzjkiem7w8","timestamp":1701764908931,"id":"rjzj7sug6bo89fo","previousEventId":"4fn10ybbjse71sv","previousOperationId":"lbuiki4lmkbt2g1"}
{"type":"operationEnd","doDiffs":false,"previousEventId":"lpu7p0wxrnrxinz","previousOperationId":"e54qqtk9obthhbb","operationId":"e54qqtk9obthhbb","timestamp":1701764908933,"id":"7jsh16fkjqkhzbm"}
