{"type":"operationStart","subtype":"profile","data":{"_id":"XA4PMGxeClaG2GXn","timestamp":"2023-12-06T10:32:50.256Z","state":"queued","mode":"standard","creationDate":"2023-12-06T10:32:50.258Z","modificationDate":"2023-12-06T10:32:50.258Z","shortid":"oJapbfE","$entitySet":"profiles"},"doDiffs":false,"timestamp":1701858770257,"id":"fc8n8htsge4cwct","previousOperationId":null,"operationId":"g37iu3tnpldlqv2"}
{"type":"log","level":"info","message":"Render request 93 queued for execution and waiting for available worker","previousOperationId":"g37iu3tnpldlqv2","timestamp":1701858770258,"id":"evx5v3i69trfzwd"}
{"type":"operationStart","subtype":"render","name":"pp_index","previousOperationId":"g37iu3tnpldlqv2","timestamp":1701858770266,"id":"r8vkmrj7oc65euv","previousEventId":"fc8n8htsge4cwct","operationId":"yx52oil29rnltsm"}
{"type":"log","timestamp":1701858770266,"level":"info","message":"Starting rendering request 93","meta":{"rootId":"qje858qzppyq42k","id":"qje858qzppyq42k"},"id":"fum99wul7z5qp53","previousOperationId":"yx52oil29rnltsm"}
{"type":"log","timestamp":1701858770266,"level":"info","message":"Rendering template { name: pp_index, recipe: chrome-pdf, engine: handlebars, preview: true }","meta":{"rootId":"qje858qzppyq42k","id":"qje858qzppyq42k"},"id":"olwuvqkg0cjpedi","previousOperationId":"yx52oil29rnltsm"}
{"type":"log","timestamp":1701858770267,"level":"debug","message":"Inline data specified.","meta":{"rootId":"qje858qzppyq42k","id":"qje858qzppyq42k"},"id":"8kvdw2291xn0c3f","previousOperationId":"yx52oil29rnltsm"}
{"type":"log","timestamp":1701858770270,"level":"debug","message":"Base url not specified, skipping its injection.","meta":{"rootId":"qje858qzppyq42k","id":"qje858qzppyq42k"},"id":"wvrx9gl04kw5lhh","previousOperationId":"yx52oil29rnltsm"}
{"type":"log","timestamp":1701858770275,"level":"debug","message":"Replaced assets [\"styles.css\"]","meta":{"rootId":"qje858qzppyq42k","id":"qje858qzppyq42k"},"id":"wyw9r5gbbq5lv2d","previousOperationId":"yx52oil29rnltsm"}
{"type":"operationStart","subtype":"engine","name":"handlebars","timestamp":1701858770275,"id":"swkebnt8i7o656d","previousEventId":"r8vkmrj7oc65euv","operationId":"g59qrwn69pkh9dv","previousOperationId":"yx52oil29rnltsm"}
{"type":"log","timestamp":1701858770275,"level":"debug","message":"Rendering engine handlebars","meta":{"rootId":"qje858qzppyq42k","id":"qje858qzppyq42k"},"id":"6g7xcj6slsx5eco","previousOperationId":"g59qrwn69pkh9dv"}
{"type":"operationEnd","operationId":"g59qrwn69pkh9dv","timestamp":1701858770290,"id":"lrc9d659xvdn2oi","previousEventId":"swkebnt8i7o656d","previousOperationId":"g59qrwn69pkh9dv"}
{"type":"operationStart","subtype":"recipe","name":"chrome-pdf","timestamp":1701858770290,"id":"cf7xvczggvah4ct","previousEventId":"lrc9d659xvdn2oi","operationId":"z75l1n8pg4u5v4q","previousOperationId":"g59qrwn69pkh9dv"}
{"type":"log","timestamp":1701858770290,"level":"debug","message":"Executing recipe chrome-pdf","meta":{"rootId":"qje858qzppyq42k","id":"qje858qzppyq42k"},"id":"lz45i31ehjf0su6","previousOperationId":"z75l1n8pg4u5v4q"}
{"type":"log","timestamp":1701858770291,"level":"debug","message":"Converting with chrome HeadlessChrome/117.0.5938.149 using chrome-pool strategy","meta":{"rootId":"qje858qzppyq42k","id":"qje858qzppyq42k"},"id":"t77siaeadqytq23","previousOperationId":"z75l1n8pg4u5v4q"}
{"type":"log","timestamp":1701858770343,"level":"debug","message":"Page request: GET (document) file:///var/folders/dp/qk79pfcj0y1fmtkkl08m76rc0000gn/T/jsreport/autocleanup/8822dff9-fe2b-4366-87fa-fe9c63e87d38-chrome-pdf.html","meta":{"rootId":"qje858qzppyq42k","id":"qje858qzppyq42k"},"id":"8ny4ir6yr7q7ab8","previousOperationId":"z75l1n8pg4u5v4q"}
{"type":"log","timestamp":1701858770349,"level":"debug","message":"Page request finished: GET (document) 200 file:///var/folders/dp/qk79pfcj0y1fmtkkl08m76rc0000gn/T/jsreport/autocleanup/8822dff9-fe2b-4366-87fa-fe9c63e87d38-chrome-pdf.html","meta":{"rootId":"qje858qzppyq42k","id":"qje858qzppyq42k"},"id":"hojeq95aif6omg0","previousOperationId":"z75l1n8pg4u5v4q"}
{"type":"log","timestamp":1701858770358,"level":"debug","message":"Running chrome with params {\"printBackground\":true,\"width\":\"58mm\",\"height\":\"30cm\",\"timeout\":59965,\"margin\":{}}","meta":{"rootId":"qje858qzppyq42k","id":"qje858qzppyq42k"},"id":"87be15rwi6792pn","previousOperationId":"z75l1n8pg4u5v4q"}
{"type":"operationEnd","operationId":"z75l1n8pg4u5v4q","timestamp":1701858770379,"id":"2x3imp3fzk3qla4","previousEventId":"cf7xvczggvah4ct","previousOperationId":"z75l1n8pg4u5v4q"}
{"type":"log","timestamp":1701858770379,"level":"debug","message":"Skipping storing report.","meta":{"rootId":"qje858qzppyq42k","id":"qje858qzppyq42k"},"id":"1849resjwi8n9mk","previousOperationId":"z75l1n8pg4u5v4q"}
{"type":"log","timestamp":1701858770379,"level":"info","message":"Rendering request 93 finished in 123 ms","meta":{"rootId":"qje858qzppyq42k","id":"qje858qzppyq42k"},"id":"zfqfhkzc9nnqc00","previousOperationId":"z75l1n8pg4u5v4q"}
{"type":"operationEnd","subtype":"render","operationId":"yx52oil29rnltsm","timestamp":1701858770379,"id":"hn88w1zhlgxah69","previousEventId":"2x3imp3fzk3qla4","previousOperationId":"z75l1n8pg4u5v4q"}
{"type":"operationEnd","doDiffs":false,"previousEventId":"fc8n8htsge4cwct","previousOperationId":"g37iu3tnpldlqv2","operationId":"g37iu3tnpldlqv2","timestamp":1701858770380,"id":"u5go6ccmghoato0"}
