{"type":"operationStart","subtype":"profile","data":{"_id":"QzZa0zVpkHbX5ykD","timestamp":"2023-12-05T08:22:51.592Z","state":"queued","mode":"standard","creationDate":"2023-12-05T08:22:51.594Z","modificationDate":"2023-12-05T08:22:51.594Z","shortid":"25zO9eY","$entitySet":"profiles"},"doDiffs":false,"timestamp":1701764571592,"id":"ulk5oh9edmbt1wo","previousOperationId":null,"operationId":"76nv7j7msrmi5x9"}
{"type":"log","level":"info","message":"Render request 9 queued for execution and waiting for available worker","previousOperationId":"76nv7j7msrmi5x9","timestamp":1701764571593,"id":"a2sy74fqx6a78aj"}
{"type":"operationStart","subtype":"render","name":"pp_index","previousOperationId":"76nv7j7msrmi5x9","timestamp":1701764571603,"id":"i6lm9ueh830ts59","previousEventId":"ulk5oh9edmbt1wo","operationId":"af6f1vfykcedlow"}
{"type":"log","timestamp":1701764571603,"level":"info","message":"Starting rendering request 9","meta":{"rootId":"qvydoahekk9td68","id":"qvydoahekk9td68"},"id":"chuust2eo4g06go","previousOperationId":"af6f1vfykcedlow"}
{"type":"log","timestamp":1701764571604,"level":"info","message":"Rendering template { name: pp_index, recipe: chrome-pdf, engine: handlebars, preview: true }","meta":{"rootId":"qvydoahekk9td68","id":"qvydoahekk9td68"},"id":"bvoqu5c8a99sjoo","previousOperationId":"af6f1vfykcedlow"}
{"type":"log","timestamp":1701764571605,"level":"debug","message":"Adding sample data PH9LTzd4s","meta":{"rootId":"qvydoahekk9td68","id":"qvydoahekk9td68"},"id":"m7z7osocqdicyee","previousOperationId":"af6f1vfykcedlow"}
{"type":"log","timestamp":1701764571613,"level":"debug","message":"Base url not specified, skipping its injection.","meta":{"rootId":"qvydoahekk9td68","id":"qvydoahekk9td68"},"id":"6jedpeo0qy4wwbk","previousOperationId":"af6f1vfykcedlow"}
{"type":"log","timestamp":1701764571614,"level":"debug","message":"Replaced assets [\"styles.css\"]","meta":{"rootId":"qvydoahekk9td68","id":"qvydoahekk9td68"},"id":"6uwda96n4v6w47f","previousOperationId":"af6f1vfykcedlow"}
{"type":"operationStart","subtype":"engine","name":"handlebars","timestamp":1701764571614,"id":"welfap97kj202i0","previousEventId":"i6lm9ueh830ts59","operationId":"qxsdcxb1ukus6e6","previousOperationId":"af6f1vfykcedlow"}
{"type":"log","timestamp":1701764571614,"level":"debug","message":"Rendering engine handlebars","meta":{"rootId":"qvydoahekk9td68","id":"qvydoahekk9td68"},"id":"wn3lkz413bqkriq","previousOperationId":"qxsdcxb1ukus6e6"}
{"type":"operationEnd","operationId":"qxsdcxb1ukus6e6","timestamp":1701764571627,"id":"73ju89hfq6ob0la","previousEventId":"welfap97kj202i0","previousOperationId":"qxsdcxb1ukus6e6"}
{"type":"operationStart","subtype":"recipe","name":"chrome-pdf","timestamp":1701764571628,"id":"asqwjbgkt07dyop","previousEventId":"73ju89hfq6ob0la","operationId":"62eew5e6uwl0jfw","previousOperationId":"qxsdcxb1ukus6e6"}
{"type":"log","timestamp":1701764571628,"level":"debug","message":"Executing recipe chrome-pdf","meta":{"rootId":"qvydoahekk9td68","id":"qvydoahekk9td68"},"id":"qaxthp23e8iy9bm","previousOperationId":"62eew5e6uwl0jfw"}
{"type":"log","timestamp":1701764571629,"level":"debug","message":"Converting with chrome HeadlessChrome/117.0.5938.149 using chrome-pool strategy","meta":{"rootId":"qvydoahekk9td68","id":"qvydoahekk9td68"},"id":"ytbmy68yjtkua37","previousOperationId":"62eew5e6uwl0jfw"}
{"type":"log","timestamp":1701764571675,"level":"debug","message":"Page request: GET (document) file:///var/folders/dp/qk79pfcj0y1fmtkkl08m76rc0000gn/T/jsreport/autocleanup/66fc5e98-0151-4a99-9332-8cd7262f32f2-chrome-pdf.html","meta":{"rootId":"qvydoahekk9td68","id":"qvydoahekk9td68"},"id":"gpwgpvpzbfwld8s","previousOperationId":"62eew5e6uwl0jfw"}
{"type":"log","timestamp":1701764571680,"level":"debug","message":"Page request finished: GET (document) 200 file:///var/folders/dp/qk79pfcj0y1fmtkkl08m76rc0000gn/T/jsreport/autocleanup/66fc5e98-0151-4a99-9332-8cd7262f32f2-chrome-pdf.html","meta":{"rootId":"qvydoahekk9td68","id":"qvydoahekk9td68"},"id":"xkz7jbxii1hdsta","previousOperationId":"62eew5e6uwl0jfw"}
{"type":"log","timestamp":1701764571688,"level":"debug","message":"Running chrome with params {\"printBackground\":true,\"width\":\"5.8cm\",\"height\":\"21cm\",\"timeout\":59964,\"margin\":{}}","meta":{"rootId":"qvydoahekk9td68","id":"qvydoahekk9td68"},"id":"vux6innk1vlnvib","previousOperationId":"62eew5e6uwl0jfw"}
{"type":"operationEnd","operationId":"62eew5e6uwl0jfw","timestamp":1701764571710,"id":"ynb97g87dhbal2d","previousEventId":"asqwjbgkt07dyop","previousOperationId":"62eew5e6uwl0jfw"}
{"type":"log","timestamp":1701764571710,"level":"debug","message":"Skipping storing report.","meta":{"rootId":"qvydoahekk9td68","id":"qvydoahekk9td68"},"id":"hycwvxcdlhl1gvj","previousOperationId":"62eew5e6uwl0jfw"}
{"type":"log","timestamp":1701764571710,"level":"info","message":"Rendering request 9 finished in 118 ms","meta":{"rootId":"qvydoahekk9td68","id":"qvydoahekk9td68"},"id":"pnpno91sxgvxgh7","previousOperationId":"62eew5e6uwl0jfw"}
{"type":"operationEnd","subtype":"render","operationId":"af6f1vfykcedlow","timestamp":1701764571710,"id":"lsoytpnqcif4yyo","previousEventId":"ynb97g87dhbal2d","previousOperationId":"62eew5e6uwl0jfw"}
{"type":"operationEnd","doDiffs":false,"previousEventId":"ulk5oh9edmbt1wo","previousOperationId":"76nv7j7msrmi5x9","operationId":"76nv7j7msrmi5x9","timestamp":1701764571711,"id":"zwjs9cusu8as623"}
