{"type":"operationStart","subtype":"profile","data":{"_id":"gAGDlU5phj5zsfkz","timestamp":"2023-12-04T10:52:44.982Z","state":"queued","mode":"standard","creationDate":"2023-12-04T10:52:44.984Z","modificationDate":"2023-12-04T10:52:44.984Z","shortid":"hc2nKpm","$entitySet":"profiles"},"doDiffs":false,"timestamp":1701687164983,"id":"sr9mgqmzd4eaokj","previousOperationId":null,"operationId":"gcnfxoe4kc95oeq"}
{"type":"log","level":"info","message":"Render request 92 queued for execution and waiting for available worker","previousOperationId":"gcnfxoe4kc95oeq","timestamp":1701687164983,"id":"bs7ddqkdtsbdw2u"}
{"type":"operationStart","subtype":"render","name":"pp_index","previousOperationId":"gcnfxoe4kc95oeq","timestamp":1701687164991,"id":"ls6yg4073c1jfnf","previousEventId":"sr9mgqmzd4eaokj","operationId":"8uc8xjvtt4q6miu"}
{"type":"log","timestamp":1701687164991,"level":"info","message":"Starting rendering request 92","meta":{"rootId":"qwjnj0zk8hciq5s","id":"qwjnj0zk8hciq5s"},"id":"bzhp75330j6e9gw","previousOperationId":"8uc8xjvtt4q6miu"}
{"type":"log","timestamp":1701687164991,"level":"info","message":"Rendering template { name: pp_index, recipe: chrome-pdf, engine: handlebars, preview: true }","meta":{"rootId":"qwjnj0zk8hciq5s","id":"qwjnj0zk8hciq5s"},"id":"lmylo37bew764mo","previousOperationId":"8uc8xjvtt4q6miu"}
{"type":"log","timestamp":1701687164992,"level":"debug","message":"Inline data specified.","meta":{"rootId":"qwjnj0zk8hciq5s","id":"qwjnj0zk8hciq5s"},"id":"153jkxtcam7o19s","previousOperationId":"8uc8xjvtt4q6miu"}
{"type":"log","timestamp":1701687164997,"level":"debug","message":"Base url not specified, skipping its injection.","meta":{"rootId":"qwjnj0zk8hciq5s","id":"qwjnj0zk8hciq5s"},"id":"hy1chyivm19wzan","previousOperationId":"8uc8xjvtt4q6miu"}
{"type":"operationStart","subtype":"engine","name":"handlebars","timestamp":1701687164997,"id":"hzz2p4nhpebzqx5","previousEventId":"ls6yg4073c1jfnf","operationId":"lxryu135pgas5jp","previousOperationId":"8uc8xjvtt4q6miu"}
{"type":"log","timestamp":1701687164997,"level":"debug","message":"Rendering engine handlebars","meta":{"rootId":"qwjnj0zk8hciq5s","id":"qwjnj0zk8hciq5s"},"id":"haf1bnh5eyzwxg9","previousOperationId":"lxryu135pgas5jp"}
{"type":"operationEnd","operationId":"lxryu135pgas5jp","timestamp":1701687165002,"id":"r3kb8n754y81xi9","previousEventId":"hzz2p4nhpebzqx5","previousOperationId":"lxryu135pgas5jp"}
{"type":"operationStart","subtype":"recipe","name":"chrome-pdf","timestamp":1701687165003,"id":"b3yrv7p37k30s4m","previousEventId":"r3kb8n754y81xi9","operationId":"trydg5wjla9laz0","previousOperationId":"lxryu135pgas5jp"}
{"type":"log","timestamp":1701687165003,"level":"debug","message":"Executing recipe chrome-pdf","meta":{"rootId":"qwjnj0zk8hciq5s","id":"qwjnj0zk8hciq5s"},"id":"snvckrp6yr6rzbk","previousOperationId":"trydg5wjla9laz0"}
{"type":"log","timestamp":1701687165003,"level":"debug","message":"Converting with chrome HeadlessChrome/117.0.5938.149 using chrome-pool strategy","meta":{"rootId":"qwjnj0zk8hciq5s","id":"qwjnj0zk8hciq5s"},"id":"55eb32azsdlk2zf","previousOperationId":"trydg5wjla9laz0"}
{"type":"log","timestamp":1701687165050,"level":"debug","message":"Page request: GET (document) file:///var/folders/dp/qk79pfcj0y1fmtkkl08m76rc0000gn/T/jsreport/autocleanup/1c1c2772-9caa-4291-b7a7-4bc3e801d812-chrome-pdf.html","meta":{"rootId":"qwjnj0zk8hciq5s","id":"qwjnj0zk8hciq5s"},"id":"vvgwjzlbq0gpipf","previousOperationId":"trydg5wjla9laz0"}
{"type":"log","timestamp":1701687165056,"level":"debug","message":"Page request finished: GET (document) 200 file:///var/folders/dp/qk79pfcj0y1fmtkkl08m76rc0000gn/T/jsreport/autocleanup/1c1c2772-9caa-4291-b7a7-4bc3e801d812-chrome-pdf.html","meta":{"rootId":"qwjnj0zk8hciq5s","id":"qwjnj0zk8hciq5s"},"id":"nuu2j66e5jdptte","previousOperationId":"trydg5wjla9laz0"}
{"type":"log","timestamp":1701687165068,"level":"debug","message":"Running chrome with params {\"printBackground\":true,\"width\":\"5.8cm\",\"timeout\":59979,\"margin\":{}}","meta":{"rootId":"qwjnj0zk8hciq5s","id":"qwjnj0zk8hciq5s"},"id":"ytco2ztymhr9vx2","previousOperationId":"trydg5wjla9laz0"}
{"type":"operationEnd","operationId":"trydg5wjla9laz0","timestamp":1701687165091,"id":"ycjbxrlz8j0eywu","previousEventId":"b3yrv7p37k30s4m","previousOperationId":"trydg5wjla9laz0"}
{"type":"log","timestamp":1701687165091,"level":"debug","message":"Skipping storing report.","meta":{"rootId":"qwjnj0zk8hciq5s","id":"qwjnj0zk8hciq5s"},"id":"jtuaqwhdv5adz9z","previousOperationId":"trydg5wjla9laz0"}
{"type":"log","timestamp":1701687165091,"level":"info","message":"Rendering request 92 finished in 109 ms","meta":{"rootId":"qwjnj0zk8hciq5s","id":"qwjnj0zk8hciq5s"},"id":"65v1ybgmm46sfky","previousOperationId":"trydg5wjla9laz0"}
{"type":"operationEnd","subtype":"render","operationId":"8uc8xjvtt4q6miu","timestamp":1701687165091,"id":"mvsjew4p06hwoko","previousEventId":"ycjbxrlz8j0eywu","previousOperationId":"trydg5wjla9laz0"}
{"type":"operationEnd","doDiffs":false,"previousEventId":"sr9mgqmzd4eaokj","previousOperationId":"gcnfxoe4kc95oeq","operationId":"gcnfxoe4kc95oeq","timestamp":1701687165092,"id":"jbdjjjri1sj4v6r"}
