{"type":"operationStart","subtype":"profile","data":{"_id":"qTYGCBy5FjoYW8Hg","timestamp":"2023-12-05T08:04:50.633Z","state":"queued","mode":"standard","creationDate":"2023-12-05T08:04:50.636Z","modificationDate":"2023-12-05T08:04:50.636Z","shortid":"CAvnnjK","$entitySet":"profiles"},"doDiffs":false,"timestamp":1701763490634,"id":"xi90hpuxtqce2qx","previousOperationId":null,"operationId":"73cbg7ci36zer82"}
{"type":"log","level":"info","message":"Render request 10 queued for execution and waiting for available worker","previousOperationId":"73cbg7ci36zer82","timestamp":1701763490634,"id":"gjyy1e2pp2ucu3f"}
{"type":"operationStart","subtype":"render","name":"pp_index","previousOperationId":"73cbg7ci36zer82","timestamp":1701763490651,"id":"0ykyyr2ptk93ftg","previousEventId":"xi90hpuxtqce2qx","operationId":"123vsf5hv7umffz"}
{"type":"log","timestamp":1701763490651,"level":"info","message":"Starting rendering request 10","meta":{"rootId":"rmtzd2qsyefzow5","id":"rmtzd2qsyefzow5"},"id":"cjzpzf0u6ozuglp","previousOperationId":"123vsf5hv7umffz"}
{"type":"log","timestamp":1701763490652,"level":"info","message":"Rendering template { name: pp_index, recipe: chrome-pdf, engine: handlebars, preview: true }","meta":{"rootId":"rmtzd2qsyefzow5","id":"rmtzd2qsyefzow5"},"id":"q0m4drtn49kjyvf","previousOperationId":"123vsf5hv7umffz"}
{"type":"log","timestamp":1701763490654,"level":"debug","message":"Adding sample data PH9LTzd4s","meta":{"rootId":"rmtzd2qsyefzow5","id":"rmtzd2qsyefzow5"},"id":"b0r8d10yzn682f9","previousOperationId":"123vsf5hv7umffz"}
{"type":"log","timestamp":1701763490657,"level":"debug","message":"Base url not specified, skipping its injection.","meta":{"rootId":"rmtzd2qsyefzow5","id":"rmtzd2qsyefzow5"},"id":"ksk8dw4gg0svxns","previousOperationId":"123vsf5hv7umffz"}
{"type":"log","timestamp":1701763490658,"level":"debug","message":"Replaced assets [\"styles.css\"]","meta":{"rootId":"rmtzd2qsyefzow5","id":"rmtzd2qsyefzow5"},"id":"zvhg12wylpt6p4w","previousOperationId":"123vsf5hv7umffz"}
{"type":"operationStart","subtype":"engine","name":"handlebars","timestamp":1701763490658,"id":"lww4y8dqegci82z","previousEventId":"0ykyyr2ptk93ftg","operationId":"e5zkkk5ei3itn20","previousOperationId":"123vsf5hv7umffz"}
{"type":"log","timestamp":1701763490658,"level":"debug","message":"Rendering engine handlebars","meta":{"rootId":"rmtzd2qsyefzow5","id":"rmtzd2qsyefzow5"},"id":"bqj3bktkexh0r6m","previousOperationId":"e5zkkk5ei3itn20"}
{"type":"operationEnd","operationId":"e5zkkk5ei3itn20","timestamp":1701763490673,"id":"axok2xewi8qb6q1","previousEventId":"lww4y8dqegci82z","previousOperationId":"e5zkkk5ei3itn20"}
{"type":"operationStart","subtype":"recipe","name":"chrome-pdf","timestamp":1701763490673,"id":"8m41h91hy12tgq8","previousEventId":"axok2xewi8qb6q1","operationId":"mej8bha0izo75ye","previousOperationId":"e5zkkk5ei3itn20"}
{"type":"log","timestamp":1701763490673,"level":"debug","message":"Executing recipe chrome-pdf","meta":{"rootId":"rmtzd2qsyefzow5","id":"rmtzd2qsyefzow5"},"id":"n95ur0t0t08fcfn","previousOperationId":"mej8bha0izo75ye"}
{"type":"log","timestamp":1701763490674,"level":"debug","message":"Converting with chrome HeadlessChrome/117.0.5938.149 using chrome-pool strategy","meta":{"rootId":"rmtzd2qsyefzow5","id":"rmtzd2qsyefzow5"},"id":"rjzrxhkk6dk1d9n","previousOperationId":"mej8bha0izo75ye"}
{"type":"log","timestamp":1701763490719,"level":"debug","message":"Page request: GET (document) file:///var/folders/dp/qk79pfcj0y1fmtkkl08m76rc0000gn/T/jsreport/autocleanup/a7f126dd-f6c4-4661-9505-d86690382dd1-chrome-pdf.html","meta":{"rootId":"rmtzd2qsyefzow5","id":"rmtzd2qsyefzow5"},"id":"9ajh4q0ga4gul3x","previousOperationId":"mej8bha0izo75ye"}
{"type":"log","timestamp":1701763490724,"level":"debug","message":"Page request finished: GET (document) 200 file:///var/folders/dp/qk79pfcj0y1fmtkkl08m76rc0000gn/T/jsreport/autocleanup/a7f126dd-f6c4-4661-9505-d86690382dd1-chrome-pdf.html","meta":{"rootId":"rmtzd2qsyefzow5","id":"rmtzd2qsyefzow5"},"id":"4v5s8johnddd5ca","previousOperationId":"mej8bha0izo75ye"}
{"type":"log","timestamp":1701763490735,"level":"debug","message":"Running chrome with params {\"printBackground\":true,\"width\":\"5.8cm\",\"height\":\"21cm\",\"timeout\":59959,\"margin\":{}}","meta":{"rootId":"rmtzd2qsyefzow5","id":"rmtzd2qsyefzow5"},"id":"rbo8i8h992nh9dg","previousOperationId":"mej8bha0izo75ye"}
{"type":"operationEnd","operationId":"mej8bha0izo75ye","timestamp":1701763490766,"id":"ga0tofpxs18r8yl","previousEventId":"8m41h91hy12tgq8","previousOperationId":"mej8bha0izo75ye"}
{"type":"log","timestamp":1701763490766,"level":"debug","message":"Skipping storing report.","meta":{"rootId":"rmtzd2qsyefzow5","id":"rmtzd2qsyefzow5"},"id":"51pyw3qu2tarjgm","previousOperationId":"mej8bha0izo75ye"}
{"type":"log","timestamp":1701763490766,"level":"info","message":"Rendering request 10 finished in 133 ms","meta":{"rootId":"rmtzd2qsyefzow5","id":"rmtzd2qsyefzow5"},"id":"uvjltbwvgu9qg6q","previousOperationId":"mej8bha0izo75ye"}
{"type":"operationEnd","subtype":"render","operationId":"123vsf5hv7umffz","timestamp":1701763490766,"id":"8185pkuuv2jucg8","previousEventId":"ga0tofpxs18r8yl","previousOperationId":"mej8bha0izo75ye"}
{"type":"operationEnd","doDiffs":false,"previousEventId":"xi90hpuxtqce2qx","previousOperationId":"73cbg7ci36zer82","operationId":"73cbg7ci36zer82","timestamp":1701763490767,"id":"xaa2r2z9qn33jyh"}
