{"type":"operationStart","subtype":"profile","data":{"_id":"HVeYi2cAO27B2JSf","timestamp":"2023-12-04T09:11:21.682Z","state":"queued","mode":"standard","creationDate":"2023-12-04T09:11:21.684Z","modificationDate":"2023-12-04T09:11:21.684Z","shortid":"UjdQ8ae","$entitySet":"profiles"},"doDiffs":false,"timestamp":1701681081683,"id":"c490f6x1a3yncx5","previousOperationId":null,"operationId":"dr393n8plgt8hi5"}
{"type":"log","level":"info","message":"Render request 35 queued for execution and waiting for available worker","previousOperationId":"dr393n8plgt8hi5","timestamp":1701681081683,"id":"cgx3mnphyg44ilh"}
{"type":"operationStart","subtype":"render","name":"pp_index","previousOperationId":"dr393n8plgt8hi5","timestamp":1701681081688,"id":"7r4peonjjstsivr","previousEventId":"c490f6x1a3yncx5","operationId":"vj84wg1glrrktou"}
{"type":"log","timestamp":1701681081688,"level":"info","message":"Starting rendering request 35","meta":{"rootId":"rrf3i3ikajzljoo","id":"rrf3i3ikajzljoo"},"id":"36p1wv2fgdtllgb","previousOperationId":"vj84wg1glrrktou"}
{"type":"log","timestamp":1701681081688,"level":"info","message":"Rendering template { name: pp_index, recipe: chrome-pdf, engine: handlebars, preview: true }","meta":{"rootId":"rrf3i3ikajzljoo","id":"rrf3i3ikajzljoo"},"id":"nbtpzeggqqscg1e","previousOperationId":"vj84wg1glrrktou"}
{"type":"log","timestamp":1701681081688,"level":"debug","message":"Inline data specified.","meta":{"rootId":"rrf3i3ikajzljoo","id":"rrf3i3ikajzljoo"},"id":"a3z0hnvcimb4yiq","previousOperationId":"vj84wg1glrrktou"}
{"type":"log","timestamp":1701681081689,"level":"debug","message":"Base url not specified, skipping its injection.","meta":{"rootId":"rrf3i3ikajzljoo","id":"rrf3i3ikajzljoo"},"id":"5g95a7iv88b8mgf","previousOperationId":"vj84wg1glrrktou"}
{"type":"operationStart","subtype":"engine","name":"handlebars","timestamp":1701681081689,"id":"j7uvspupyllvibl","previousEventId":"7r4peonjjstsivr","operationId":"j2mu9jsk8tckf75","previousOperationId":"vj84wg1glrrktou"}
{"type":"log","timestamp":1701681081689,"level":"debug","message":"Rendering engine handlebars","meta":{"rootId":"rrf3i3ikajzljoo","id":"rrf3i3ikajzljoo"},"id":"4l9emx6ys0scyv7","previousOperationId":"j2mu9jsk8tckf75"}
{"type":"operationEnd","operationId":"j2mu9jsk8tckf75","timestamp":1701681081696,"id":"rq84kb2fzfmp1yh","previousEventId":"j7uvspupyllvibl","previousOperationId":"j2mu9jsk8tckf75"}
{"type":"operationStart","subtype":"recipe","name":"chrome-pdf","timestamp":1701681081696,"id":"35oha6t5b0crwkk","previousEventId":"rq84kb2fzfmp1yh","operationId":"gyatmuxvjfzwpbl","previousOperationId":"j2mu9jsk8tckf75"}
{"type":"log","timestamp":1701681081696,"level":"debug","message":"Executing recipe chrome-pdf","meta":{"rootId":"rrf3i3ikajzljoo","id":"rrf3i3ikajzljoo"},"id":"xbtzhlg1k637sxb","previousOperationId":"gyatmuxvjfzwpbl"}
{"type":"log","timestamp":1701681081697,"level":"debug","message":"Converting with chrome HeadlessChrome/117.0.5938.149 using chrome-pool strategy","meta":{"rootId":"rrf3i3ikajzljoo","id":"rrf3i3ikajzljoo"},"id":"utt3rxhmcr15xn1","previousOperationId":"gyatmuxvjfzwpbl"}
{"type":"log","timestamp":1701681081746,"level":"debug","message":"Page request: GET (document) file:///var/folders/dp/qk79pfcj0y1fmtkkl08m76rc0000gn/T/jsreport/autocleanup/1479901d-308d-4231-afc8-cbfe88cfe86b-chrome-pdf.html","meta":{"rootId":"rrf3i3ikajzljoo","id":"rrf3i3ikajzljoo"},"id":"cp0fjgajatrakjy","previousOperationId":"gyatmuxvjfzwpbl"}
{"type":"log","timestamp":1701681081750,"level":"debug","message":"Page request finished: GET (document) 200 file:///var/folders/dp/qk79pfcj0y1fmtkkl08m76rc0000gn/T/jsreport/autocleanup/1479901d-308d-4231-afc8-cbfe88cfe86b-chrome-pdf.html","meta":{"rootId":"rrf3i3ikajzljoo","id":"rrf3i3ikajzljoo"},"id":"7n3mnqq4mfzsf4z","previousOperationId":"gyatmuxvjfzwpbl"}
{"type":"log","timestamp":1701681081761,"level":"debug","message":"Running chrome with params {\"printBackground\":true,\"timeout\":59986,\"margin\":{}}","meta":{"rootId":"rrf3i3ikajzljoo","id":"rrf3i3ikajzljoo"},"id":"2pp8ozpwvlq4jnn","previousOperationId":"gyatmuxvjfzwpbl"}
{"type":"operationEnd","operationId":"gyatmuxvjfzwpbl","timestamp":1701681081784,"id":"zofgq7r202yvbf1","previousEventId":"35oha6t5b0crwkk","previousOperationId":"gyatmuxvjfzwpbl"}
{"type":"log","timestamp":1701681081784,"level":"debug","message":"Skipping storing report.","meta":{"rootId":"rrf3i3ikajzljoo","id":"rrf3i3ikajzljoo"},"id":"22oky642tjyw1sl","previousOperationId":"gyatmuxvjfzwpbl"}
{"type":"log","timestamp":1701681081784,"level":"info","message":"Rendering request 35 finished in 102 ms","meta":{"rootId":"rrf3i3ikajzljoo","id":"rrf3i3ikajzljoo"},"id":"k4ur7vh9icq29ln","previousOperationId":"gyatmuxvjfzwpbl"}
{"type":"operationEnd","subtype":"render","operationId":"vj84wg1glrrktou","timestamp":1701681081784,"id":"kjdgbegnoh9fb4l","previousEventId":"zofgq7r202yvbf1","previousOperationId":"gyatmuxvjfzwpbl"}
{"type":"operationEnd","doDiffs":false,"previousEventId":"c490f6x1a3yncx5","previousOperationId":"dr393n8plgt8hi5","operationId":"dr393n8plgt8hi5","timestamp":1701681081785,"id":"s6npugaij3uqppz"}
