{"type":"operationStart","subtype":"profile","data":{"_id":"quhNSvLQ6FL9Lr9T","timestamp":"2023-12-04T08:57:51.170Z","state":"queued","mode":"standard","creationDate":"2023-12-04T08:57:51.171Z","modificationDate":"2023-12-04T08:57:51.171Z","shortid":"Hdmnr-W","$entitySet":"profiles"},"doDiffs":false,"timestamp":1701680271170,"id":"g38k3ujhj25kxxw","previousOperationId":null,"operationId":"j7dae7jkqu3ylwa"}
{"type":"log","level":"info","message":"Render request 23 queued for execution and waiting for available worker","previousOperationId":"j7dae7jkqu3ylwa","timestamp":1701680271170,"id":"eom3se5w5mxkqq5"}
{"type":"operationStart","subtype":"render","name":"pp_index","previousOperationId":"j7dae7jkqu3ylwa","timestamp":1701680271176,"id":"bodsfj1m74ycugn","previousEventId":"g38k3ujhj25kxxw","operationId":"kaof1zbw9kpkphn"}
{"type":"log","timestamp":1701680271176,"level":"info","message":"Starting rendering request 23","meta":{"rootId":"sc81zplktn0re3h","id":"sc81zplktn0re3h"},"id":"gw1gmt2vn4crg0m","previousOperationId":"kaof1zbw9kpkphn"}
{"type":"log","timestamp":1701680271176,"level":"info","message":"Rendering template { name: pp_index, recipe: chrome-pdf, engine: handlebars, preview: true }","meta":{"rootId":"sc81zplktn0re3h","id":"sc81zplktn0re3h"},"id":"1tft2ipykua3ll8","previousOperationId":"kaof1zbw9kpkphn"}
{"type":"log","timestamp":1701680271177,"level":"debug","message":"Inline data specified.","meta":{"rootId":"sc81zplktn0re3h","id":"sc81zplktn0re3h"},"id":"5ktzlfv80mgysno","previousOperationId":"kaof1zbw9kpkphn"}
{"type":"log","timestamp":1701680271179,"level":"debug","message":"Base url not specified, skipping its injection.","meta":{"rootId":"sc81zplktn0re3h","id":"sc81zplktn0re3h"},"id":"9zon8mx26uasrp4","previousOperationId":"kaof1zbw9kpkphn"}
{"type":"operationStart","subtype":"engine","name":"handlebars","timestamp":1701680271179,"id":"rbry2jsvqxme8wd","previousEventId":"bodsfj1m74ycugn","operationId":"qsvjuepaqb619g0","previousOperationId":"kaof1zbw9kpkphn"}
{"type":"log","timestamp":1701680271179,"level":"debug","message":"Rendering engine handlebars","meta":{"rootId":"sc81zplktn0re3h","id":"sc81zplktn0re3h"},"id":"f8n1y5xt9kxp3ya","previousOperationId":"qsvjuepaqb619g0"}
{"type":"operationEnd","operationId":"qsvjuepaqb619g0","timestamp":1701680271196,"id":"zgbkd6oxrfcrtgx","previousEventId":"rbry2jsvqxme8wd","previousOperationId":"qsvjuepaqb619g0"}
{"type":"operationStart","subtype":"recipe","name":"chrome-pdf","timestamp":1701680271196,"id":"e2pe2cjoy1sbq32","previousEventId":"zgbkd6oxrfcrtgx","operationId":"puxg0rw0ie36766","previousOperationId":"qsvjuepaqb619g0"}
{"type":"log","timestamp":1701680271196,"level":"debug","message":"Executing recipe chrome-pdf","meta":{"rootId":"sc81zplktn0re3h","id":"sc81zplktn0re3h"},"id":"z1swvmg2s0mww2u","previousOperationId":"puxg0rw0ie36766"}
{"type":"log","timestamp":1701680271197,"level":"debug","message":"Converting with chrome HeadlessChrome/117.0.5938.149 using chrome-pool strategy","meta":{"rootId":"sc81zplktn0re3h","id":"sc81zplktn0re3h"},"id":"lq9wkgn23ca27vk","previousOperationId":"puxg0rw0ie36766"}
{"type":"log","timestamp":1701680271240,"level":"debug","message":"Page request: GET (document) file:///var/folders/dp/qk79pfcj0y1fmtkkl08m76rc0000gn/T/jsreport/autocleanup/6e66848a-aed1-42a8-a636-5d5d7085d053-chrome-pdf.html","meta":{"rootId":"sc81zplktn0re3h","id":"sc81zplktn0re3h"},"id":"yc2p58mdb1rywxo","previousOperationId":"puxg0rw0ie36766"}
{"type":"log","timestamp":1701680271245,"level":"debug","message":"Page request finished: GET (document) 200 file:///var/folders/dp/qk79pfcj0y1fmtkkl08m76rc0000gn/T/jsreport/autocleanup/6e66848a-aed1-42a8-a636-5d5d7085d053-chrome-pdf.html","meta":{"rootId":"sc81zplktn0re3h","id":"sc81zplktn0re3h"},"id":"ratajxu1zuw0z6h","previousOperationId":"puxg0rw0ie36766"}
{"type":"log","timestamp":1701680271257,"level":"debug","message":"Running chrome with params {\"printBackground\":true,\"timeout\":59972,\"margin\":{}}","meta":{"rootId":"sc81zplktn0re3h","id":"sc81zplktn0re3h"},"id":"py7qdg7zc3nwcpg","previousOperationId":"puxg0rw0ie36766"}
{"type":"operationEnd","operationId":"puxg0rw0ie36766","timestamp":1701680271276,"id":"reo52a85f4282u7","previousEventId":"e2pe2cjoy1sbq32","previousOperationId":"puxg0rw0ie36766"}
{"type":"log","timestamp":1701680271276,"level":"debug","message":"Skipping storing report.","meta":{"rootId":"sc81zplktn0re3h","id":"sc81zplktn0re3h"},"id":"gyn767pc2am6mcs","previousOperationId":"puxg0rw0ie36766"}
{"type":"log","timestamp":1701680271276,"level":"info","message":"Rendering request 23 finished in 107 ms","meta":{"rootId":"sc81zplktn0re3h","id":"sc81zplktn0re3h"},"id":"yhsoj6vfeh1wfe3","previousOperationId":"puxg0rw0ie36766"}
{"type":"operationEnd","subtype":"render","operationId":"kaof1zbw9kpkphn","timestamp":1701680271276,"id":"21dn8jps10qv0lm","previousEventId":"reo52a85f4282u7","previousOperationId":"puxg0rw0ie36766"}
{"type":"operationEnd","doDiffs":false,"previousEventId":"g38k3ujhj25kxxw","previousOperationId":"j7dae7jkqu3ylwa","operationId":"j7dae7jkqu3ylwa","timestamp":1701680271277,"id":"cmd6grupt9yc3rx"}
