{"type":"operationStart","subtype":"profile","data":{"_id":"clNiP8KB00mN5ELZ","timestamp":"2023-12-04T09:30:23.685Z","state":"queued","mode":"standard","creationDate":"2023-12-04T09:30:23.688Z","modificationDate":"2023-12-04T09:30:23.688Z","shortid":"smyDwpc","$entitySet":"profiles"},"doDiffs":false,"timestamp":1701682223687,"id":"w0u2u42m80frkqj","previousOperationId":null,"operationId":"maa12mazwzvyq5l"}
{"type":"log","level":"info","message":"Render request 56 queued for execution and waiting for available worker","previousOperationId":"maa12mazwzvyq5l","timestamp":1701682223687,"id":"vv2spmog20ufgi1"}
{"type":"operationStart","subtype":"render","name":"pp_index","previousOperationId":"maa12mazwzvyq5l","timestamp":1701682223696,"id":"pnnmxjuzazho12w","previousEventId":"w0u2u42m80frkqj","operationId":"gab75q2x47znn5j"}
{"type":"log","timestamp":1701682223696,"level":"info","message":"Starting rendering request 56","meta":{"rootId":"sdfr3pzoclw6ylc","id":"sdfr3pzoclw6ylc"},"id":"js23kgwmaxj1qnq","previousOperationId":"gab75q2x47znn5j"}
{"type":"log","timestamp":1701682223696,"level":"info","message":"Rendering template { name: pp_index, recipe: chrome-pdf, engine: handlebars, preview: true }","meta":{"rootId":"sdfr3pzoclw6ylc","id":"sdfr3pzoclw6ylc"},"id":"67w8ahygiqdfz5j","previousOperationId":"gab75q2x47znn5j"}
{"type":"log","timestamp":1701682223697,"level":"debug","message":"Inline data specified.","meta":{"rootId":"sdfr3pzoclw6ylc","id":"sdfr3pzoclw6ylc"},"id":"y6p5znlhr2uvd9h","previousOperationId":"gab75q2x47znn5j"}
{"type":"log","timestamp":1701682223701,"level":"debug","message":"Base url not specified, skipping its injection.","meta":{"rootId":"sdfr3pzoclw6ylc","id":"sdfr3pzoclw6ylc"},"id":"br3l7sdl0wv73ri","previousOperationId":"gab75q2x47znn5j"}
{"type":"operationStart","subtype":"engine","name":"handlebars","timestamp":1701682223701,"id":"dl2e8k87mcas7ri","previousEventId":"pnnmxjuzazho12w","operationId":"t3tqf6ouklvpyom","previousOperationId":"gab75q2x47znn5j"}
{"type":"log","timestamp":1701682223701,"level":"debug","message":"Rendering engine handlebars","meta":{"rootId":"sdfr3pzoclw6ylc","id":"sdfr3pzoclw6ylc"},"id":"7qr071yroqrymuu","previousOperationId":"t3tqf6ouklvpyom"}
{"type":"operationEnd","operationId":"t3tqf6ouklvpyom","timestamp":1701682223711,"id":"atmdosbmqhv98mk","previousEventId":"dl2e8k87mcas7ri","previousOperationId":"t3tqf6ouklvpyom"}
{"type":"operationStart","subtype":"recipe","name":"chrome-pdf","timestamp":1701682223711,"id":"yeqk9xmyot92wl6","previousEventId":"atmdosbmqhv98mk","operationId":"o2307vcomc3b84p","previousOperationId":"t3tqf6ouklvpyom"}
{"type":"log","timestamp":1701682223711,"level":"debug","message":"Executing recipe chrome-pdf","meta":{"rootId":"sdfr3pzoclw6ylc","id":"sdfr3pzoclw6ylc"},"id":"3yl18a6gd5gga85","previousOperationId":"o2307vcomc3b84p"}
{"type":"log","timestamp":1701682223712,"level":"debug","message":"Converting with chrome HeadlessChrome/117.0.5938.149 using chrome-pool strategy","meta":{"rootId":"sdfr3pzoclw6ylc","id":"sdfr3pzoclw6ylc"},"id":"0s3uvkq7inh1kme","previousOperationId":"o2307vcomc3b84p"}
{"type":"log","timestamp":1701682223770,"level":"debug","message":"Page request: GET (document) file:///var/folders/dp/qk79pfcj0y1fmtkkl08m76rc0000gn/T/jsreport/autocleanup/da38ddc4-dfea-4402-89dd-04f0b106c442-chrome-pdf.html","meta":{"rootId":"sdfr3pzoclw6ylc","id":"sdfr3pzoclw6ylc"},"id":"79rxswdbwee74xz","previousOperationId":"o2307vcomc3b84p"}
{"type":"log","timestamp":1701682223775,"level":"debug","message":"Page request finished: GET (document) 200 file:///var/folders/dp/qk79pfcj0y1fmtkkl08m76rc0000gn/T/jsreport/autocleanup/da38ddc4-dfea-4402-89dd-04f0b106c442-chrome-pdf.html","meta":{"rootId":"sdfr3pzoclw6ylc","id":"sdfr3pzoclw6ylc"},"id":"eq975zh8gw6t2us","previousOperationId":"o2307vcomc3b84p"}
{"type":"log","timestamp":1701682223787,"level":"debug","message":"Running chrome with params {\"printBackground\":true,\"timeout\":59972,\"margin\":{}}","meta":{"rootId":"sdfr3pzoclw6ylc","id":"sdfr3pzoclw6ylc"},"id":"k5b5in4d3t6xcyr","previousOperationId":"o2307vcomc3b84p"}
{"type":"operationEnd","operationId":"o2307vcomc3b84p","timestamp":1701682223804,"id":"4lxwptzzp5shgda","previousEventId":"yeqk9xmyot92wl6","previousOperationId":"o2307vcomc3b84p"}
{"type":"log","timestamp":1701682223804,"level":"debug","message":"Skipping storing report.","meta":{"rootId":"sdfr3pzoclw6ylc","id":"sdfr3pzoclw6ylc"},"id":"2dac9li8i1e4v3o","previousOperationId":"o2307vcomc3b84p"}
{"type":"log","timestamp":1701682223804,"level":"info","message":"Rendering request 56 finished in 120 ms","meta":{"rootId":"sdfr3pzoclw6ylc","id":"sdfr3pzoclw6ylc"},"id":"6wyo3ozmwosps4a","previousOperationId":"o2307vcomc3b84p"}
{"type":"operationEnd","subtype":"render","operationId":"gab75q2x47znn5j","timestamp":1701682223804,"id":"6yk584gmgg6kwsp","previousEventId":"4lxwptzzp5shgda","previousOperationId":"o2307vcomc3b84p"}
{"type":"operationEnd","doDiffs":false,"previousEventId":"w0u2u42m80frkqj","previousOperationId":"maa12mazwzvyq5l","operationId":"maa12mazwzvyq5l","timestamp":1701682223805,"id":"f19sp9vdeqcpr5w"}
