{"type":"operationStart","subtype":"profile","data":{"_id":"v4yJI6eD77aFVxDf","timestamp":"2023-12-04T12:23:32.090Z","state":"queued","mode":"standard","creationDate":"2023-12-04T12:23:32.091Z","modificationDate":"2023-12-04T12:23:32.091Z","shortid":"GLGB4tI","$entitySet":"profiles"},"doDiffs":false,"timestamp":1701692612090,"id":"jl6dlzx54gb8n1q","previousOperationId":null,"operationId":"5fol9b1urcz6c8y"}
{"type":"log","level":"info","message":"Render request 165 queued for execution and waiting for available worker","previousOperationId":"5fol9b1urcz6c8y","timestamp":1701692612090,"id":"vat3ozz6fbkcday"}
{"type":"operationStart","subtype":"render","name":"pp_index","previousOperationId":"5fol9b1urcz6c8y","timestamp":1701692612096,"id":"lcxbom2rs74nivu","previousEventId":"jl6dlzx54gb8n1q","operationId":"geq3aafowfc4n3r"}
{"type":"log","timestamp":1701692612096,"level":"info","message":"Starting rendering request 165","meta":{"rootId":"t6nal59la53g01a","id":"t6nal59la53g01a"},"id":"aduzxh2thhrzrhh","previousOperationId":"geq3aafowfc4n3r"}
{"type":"log","timestamp":1701692612096,"level":"info","message":"Rendering template { name: pp_index, recipe: chrome-pdf, engine: handlebars, preview: true }","meta":{"rootId":"t6nal59la53g01a","id":"t6nal59la53g01a"},"id":"40b27k6m292ppbu","previousOperationId":"geq3aafowfc4n3r"}
{"type":"log","timestamp":1701692612097,"level":"debug","message":"Inline data specified.","meta":{"rootId":"t6nal59la53g01a","id":"t6nal59la53g01a"},"id":"wsjgra1y4g7xs7h","previousOperationId":"geq3aafowfc4n3r"}
{"type":"log","timestamp":1701692612098,"level":"debug","message":"Base url not specified, skipping its injection.","meta":{"rootId":"t6nal59la53g01a","id":"t6nal59la53g01a"},"id":"v9xo0y6o1chanay","previousOperationId":"geq3aafowfc4n3r"}
{"type":"operationStart","subtype":"engine","name":"handlebars","timestamp":1701692612098,"id":"biwkddiitzk8368","previousEventId":"lcxbom2rs74nivu","operationId":"ovv9k4r7zro3g4l","previousOperationId":"geq3aafowfc4n3r"}
{"type":"log","timestamp":1701692612098,"level":"debug","message":"Rendering engine handlebars","meta":{"rootId":"t6nal59la53g01a","id":"t6nal59la53g01a"},"id":"hozhjejcfoufkgo","previousOperationId":"ovv9k4r7zro3g4l"}
{"type":"operationEnd","operationId":"ovv9k4r7zro3g4l","timestamp":1701692612101,"id":"cb3byib8o5n8qyu","previousEventId":"biwkddiitzk8368","previousOperationId":"ovv9k4r7zro3g4l"}
{"type":"operationStart","subtype":"recipe","name":"chrome-pdf","timestamp":1701692612101,"id":"t6yylqwabhb9hrd","previousEventId":"cb3byib8o5n8qyu","operationId":"yeqk5ypbe0oxv67","previousOperationId":"ovv9k4r7zro3g4l"}
{"type":"log","timestamp":1701692612101,"level":"debug","message":"Executing recipe chrome-pdf","meta":{"rootId":"t6nal59la53g01a","id":"t6nal59la53g01a"},"id":"vhtzrn64wy4ke88","previousOperationId":"yeqk5ypbe0oxv67"}
{"type":"log","timestamp":1701692612102,"level":"debug","message":"Converting with chrome HeadlessChrome/117.0.5938.149 using chrome-pool strategy","meta":{"rootId":"t6nal59la53g01a","id":"t6nal59la53g01a"},"id":"d98hctd9ecivr1d","previousOperationId":"yeqk5ypbe0oxv67"}
{"type":"log","timestamp":1701692612141,"level":"debug","message":"Page request: GET (document) file:///var/folders/dp/qk79pfcj0y1fmtkkl08m76rc0000gn/T/jsreport/autocleanup/98c6e790-88d8-4c2c-99e6-cdcbbbf8723e-chrome-pdf.html","meta":{"rootId":"t6nal59la53g01a","id":"t6nal59la53g01a"},"id":"02kbbt98m4klc7f","previousOperationId":"yeqk5ypbe0oxv67"}
{"type":"log","timestamp":1701692612145,"level":"debug","message":"Page request finished: GET (document) 200 file:///var/folders/dp/qk79pfcj0y1fmtkkl08m76rc0000gn/T/jsreport/autocleanup/98c6e790-88d8-4c2c-99e6-cdcbbbf8723e-chrome-pdf.html","meta":{"rootId":"t6nal59la53g01a","id":"t6nal59la53g01a"},"id":"4965hxn9dd216ck","previousOperationId":"yeqk5ypbe0oxv67"}
{"type":"log","timestamp":1701692612154,"level":"debug","message":"Running chrome with params {\"printBackground\":true,\"width\":\"5.8cm\",\"height\":\"40cm\",\"timeout\":59989,\"margin\":{}}","meta":{"rootId":"t6nal59la53g01a","id":"t6nal59la53g01a"},"id":"mcodw58d0p88yex","previousOperationId":"yeqk5ypbe0oxv67"}
{"type":"operationEnd","operationId":"yeqk5ypbe0oxv67","timestamp":1701692612178,"id":"rgte63yi4hr1mdj","previousEventId":"t6yylqwabhb9hrd","previousOperationId":"yeqk5ypbe0oxv67"}
{"type":"log","timestamp":1701692612178,"level":"debug","message":"Skipping storing report.","meta":{"rootId":"t6nal59la53g01a","id":"t6nal59la53g01a"},"id":"v63gb738wlzjzix","previousOperationId":"yeqk5ypbe0oxv67"}
{"type":"log","timestamp":1701692612178,"level":"info","message":"Rendering request 165 finished in 88 ms","meta":{"rootId":"t6nal59la53g01a","id":"t6nal59la53g01a"},"id":"o1b0ndnly7up6b5","previousOperationId":"yeqk5ypbe0oxv67"}
{"type":"operationEnd","subtype":"render","operationId":"geq3aafowfc4n3r","timestamp":1701692612178,"id":"qpmfb0abb9n1ccb","previousEventId":"rgte63yi4hr1mdj","previousOperationId":"yeqk5ypbe0oxv67"}
{"type":"operationEnd","doDiffs":false,"previousEventId":"jl6dlzx54gb8n1q","previousOperationId":"5fol9b1urcz6c8y","operationId":"5fol9b1urcz6c8y","timestamp":1701692612179,"id":"bok88lndv1dc3ja"}
