{"type":"operationStart","subtype":"profile","data":{"_id":"0lOOjU4Gg4UxkhOt","timestamp":"2023-12-04T09:12:40.250Z","state":"queued","mode":"standard","creationDate":"2023-12-04T09:12:40.252Z","modificationDate":"2023-12-04T09:12:40.252Z","shortid":"NMaQfiS","$entitySet":"profiles"},"doDiffs":false,"timestamp":1701681160251,"id":"jap3huff6wdyfkz","previousOperationId":null,"operationId":"ix9533akvvkjgqc"}
{"type":"log","level":"info","message":"Render request 38 queued for execution and waiting for available worker","previousOperationId":"ix9533akvvkjgqc","timestamp":1701681160252,"id":"vxki8mm6w014c2x"}
{"type":"operationStart","subtype":"render","name":"pp_index","previousOperationId":"ix9533akvvkjgqc","timestamp":1701681160270,"id":"lsbu8p946rzc6nz","previousEventId":"jap3huff6wdyfkz","operationId":"xv8p6p5iys3wtoi"}
{"type":"log","timestamp":1701681160270,"level":"info","message":"Starting rendering request 38","meta":{"rootId":"t83ila0xf6r6myy","id":"t83ila0xf6r6myy"},"id":"3fgbtez5urrz5ze","previousOperationId":"xv8p6p5iys3wtoi"}
{"type":"log","timestamp":1701681160270,"level":"info","message":"Rendering template { name: pp_index, recipe: chrome-pdf, engine: handlebars, preview: true }","meta":{"rootId":"t83ila0xf6r6myy","id":"t83ila0xf6r6myy"},"id":"eddjfe648fasjm0","previousOperationId":"xv8p6p5iys3wtoi"}
{"type":"log","timestamp":1701681160271,"level":"debug","message":"Inline data specified.","meta":{"rootId":"t83ila0xf6r6myy","id":"t83ila0xf6r6myy"},"id":"trpb8ro11eycqhr","previousOperationId":"xv8p6p5iys3wtoi"}
{"type":"log","timestamp":1701681160271,"level":"debug","message":"Base url not specified, skipping its injection.","meta":{"rootId":"t83ila0xf6r6myy","id":"t83ila0xf6r6myy"},"id":"zl0f6wlgosnbgw0","previousOperationId":"xv8p6p5iys3wtoi"}
{"type":"operationStart","subtype":"engine","name":"handlebars","timestamp":1701681160272,"id":"p9ee188vg2k63vk","previousEventId":"lsbu8p946rzc6nz","operationId":"a58sftd9k14rzux","previousOperationId":"xv8p6p5iys3wtoi"}
{"type":"log","timestamp":1701681160272,"level":"debug","message":"Rendering engine handlebars","meta":{"rootId":"t83ila0xf6r6myy","id":"t83ila0xf6r6myy"},"id":"ze3rx86pujvr4ob","previousOperationId":"a58sftd9k14rzux"}
{"type":"operationEnd","operationId":"a58sftd9k14rzux","timestamp":1701681160279,"id":"lefitmnayvxnkov","previousEventId":"p9ee188vg2k63vk","previousOperationId":"a58sftd9k14rzux"}
{"type":"operationStart","subtype":"recipe","name":"chrome-pdf","timestamp":1701681160279,"id":"lof2d8kqmk8v78r","previousEventId":"lefitmnayvxnkov","operationId":"yjtei8x63xwdie2","previousOperationId":"a58sftd9k14rzux"}
{"type":"log","timestamp":1701681160279,"level":"debug","message":"Executing recipe chrome-pdf","meta":{"rootId":"t83ila0xf6r6myy","id":"t83ila0xf6r6myy"},"id":"6mnxmg6rhs3p3l7","previousOperationId":"yjtei8x63xwdie2"}
{"type":"log","timestamp":1701681160281,"level":"debug","message":"Converting with chrome HeadlessChrome/117.0.5938.149 using chrome-pool strategy","meta":{"rootId":"t83ila0xf6r6myy","id":"t83ila0xf6r6myy"},"id":"p92bpe6ye8kuuc1","previousOperationId":"yjtei8x63xwdie2"}
{"type":"log","timestamp":1701681160330,"level":"debug","message":"Page request: GET (document) file:///var/folders/dp/qk79pfcj0y1fmtkkl08m76rc0000gn/T/jsreport/autocleanup/9789921a-0c96-4d35-9ece-7dd4b33a0d2a-chrome-pdf.html","meta":{"rootId":"t83ila0xf6r6myy","id":"t83ila0xf6r6myy"},"id":"z78ih2rxl8enwul","previousOperationId":"yjtei8x63xwdie2"}
{"type":"log","timestamp":1701681160336,"level":"debug","message":"Page request finished: GET (document) 200 file:///var/folders/dp/qk79pfcj0y1fmtkkl08m76rc0000gn/T/jsreport/autocleanup/9789921a-0c96-4d35-9ece-7dd4b33a0d2a-chrome-pdf.html","meta":{"rootId":"t83ila0xf6r6myy","id":"t83ila0xf6r6myy"},"id":"gsgxo3ypy5itree","previousOperationId":"yjtei8x63xwdie2"}
{"type":"log","timestamp":1701681160347,"level":"debug","message":"Running chrome with params {\"printBackground\":true,\"timeout\":59970,\"margin\":{}}","meta":{"rootId":"t83ila0xf6r6myy","id":"t83ila0xf6r6myy"},"id":"kln5pujfmg82jj4","previousOperationId":"yjtei8x63xwdie2"}
{"type":"operationEnd","operationId":"yjtei8x63xwdie2","timestamp":1701681160367,"id":"o9clw8j8jg1v2gp","previousEventId":"lof2d8kqmk8v78r","previousOperationId":"yjtei8x63xwdie2"}
{"type":"log","timestamp":1701681160367,"level":"debug","message":"Skipping storing report.","meta":{"rootId":"t83ila0xf6r6myy","id":"t83ila0xf6r6myy"},"id":"t2ijly8ag5hgn19","previousOperationId":"yjtei8x63xwdie2"}
{"type":"log","timestamp":1701681160367,"level":"info","message":"Rendering request 38 finished in 117 ms","meta":{"rootId":"t83ila0xf6r6myy","id":"t83ila0xf6r6myy"},"id":"h7o3ofrw98kvtf1","previousOperationId":"yjtei8x63xwdie2"}
{"type":"operationEnd","subtype":"render","operationId":"xv8p6p5iys3wtoi","timestamp":1701681160367,"id":"tjc03m82m8e8hhz","previousEventId":"o9clw8j8jg1v2gp","previousOperationId":"yjtei8x63xwdie2"}
{"type":"operationEnd","doDiffs":false,"previousEventId":"jap3huff6wdyfkz","previousOperationId":"ix9533akvvkjgqc","operationId":"ix9533akvvkjgqc","timestamp":1701681160368,"id":"tuf1x6cy9xbh56b"}
