{"type":"operationStart","subtype":"profile","data":{"_id":"OEYvjS9T6JFOID5w","timestamp":"2023-12-05T08:25:33.379Z","state":"queued","mode":"standard","creationDate":"2023-12-05T08:25:33.382Z","modificationDate":"2023-12-05T08:25:33.382Z","shortid":"YFdmCFB","$entitySet":"profiles"},"doDiffs":false,"timestamp":1701764733381,"id":"xbq8kkjpn01gyuv","previousOperationId":null,"operationId":"29uhga1s4zq8ut9"}
{"type":"log","level":"info","message":"Render request 18 queued for execution and waiting for available worker","previousOperationId":"29uhga1s4zq8ut9","timestamp":1701764733381,"id":"inwhjfxnxvsl3v8"}
{"type":"operationStart","subtype":"render","name":"pp_index","previousOperationId":"29uhga1s4zq8ut9","timestamp":1701764733393,"id":"6gew5qqrqgykqmq","previousEventId":"xbq8kkjpn01gyuv","operationId":"csb1avsqhpzb0cy"}
{"type":"log","timestamp":1701764733393,"level":"info","message":"Starting rendering request 18","meta":{"rootId":"tac3mcg3k1efewu","id":"tac3mcg3k1efewu"},"id":"pcajztzd2wxak0m","previousOperationId":"csb1avsqhpzb0cy"}
{"type":"log","timestamp":1701764733393,"level":"info","message":"Rendering template { name: pp_index, recipe: chrome-pdf, engine: handlebars, preview: true }","meta":{"rootId":"tac3mcg3k1efewu","id":"tac3mcg3k1efewu"},"id":"b19o4k86s9lkovm","previousOperationId":"csb1avsqhpzb0cy"}
{"type":"log","timestamp":1701764733396,"level":"debug","message":"Adding sample data PH9LTzd4s","meta":{"rootId":"tac3mcg3k1efewu","id":"tac3mcg3k1efewu"},"id":"6o6cq8e76qnbr2n","previousOperationId":"csb1avsqhpzb0cy"}
{"type":"log","timestamp":1701764733397,"level":"debug","message":"Base url not specified, skipping its injection.","meta":{"rootId":"tac3mcg3k1efewu","id":"tac3mcg3k1efewu"},"id":"9y67lu8xu12l5e3","previousOperationId":"csb1avsqhpzb0cy"}
{"type":"log","timestamp":1701764733399,"level":"debug","message":"Replaced assets [\"styles.css\"]","meta":{"rootId":"tac3mcg3k1efewu","id":"tac3mcg3k1efewu"},"id":"uxi42m60tsggra2","previousOperationId":"csb1avsqhpzb0cy"}
{"type":"operationStart","subtype":"engine","name":"handlebars","timestamp":1701764733399,"id":"0zipxs9ood3baz6","previousEventId":"6gew5qqrqgykqmq","operationId":"k9w7t9v33oieuup","previousOperationId":"csb1avsqhpzb0cy"}
{"type":"log","timestamp":1701764733399,"level":"debug","message":"Rendering engine handlebars","meta":{"rootId":"tac3mcg3k1efewu","id":"tac3mcg3k1efewu"},"id":"penjzy0n0e7elqv","previousOperationId":"k9w7t9v33oieuup"}
{"type":"operationEnd","operationId":"k9w7t9v33oieuup","timestamp":1701764733417,"id":"an759vn1tydjjkc","previousEventId":"0zipxs9ood3baz6","previousOperationId":"k9w7t9v33oieuup"}
{"type":"operationStart","subtype":"recipe","name":"chrome-pdf","timestamp":1701764733417,"id":"4fzxsl3g8bypnty","previousEventId":"an759vn1tydjjkc","operationId":"88cfncl2lbvfl4c","previousOperationId":"k9w7t9v33oieuup"}
{"type":"log","timestamp":1701764733417,"level":"debug","message":"Executing recipe chrome-pdf","meta":{"rootId":"tac3mcg3k1efewu","id":"tac3mcg3k1efewu"},"id":"75ft6z3xujfm13z","previousOperationId":"88cfncl2lbvfl4c"}
{"type":"log","timestamp":1701764733418,"level":"debug","message":"Converting with chrome HeadlessChrome/117.0.5938.149 using chrome-pool strategy","meta":{"rootId":"tac3mcg3k1efewu","id":"tac3mcg3k1efewu"},"id":"8i7n8f5xi6es8zu","previousOperationId":"88cfncl2lbvfl4c"}
{"type":"log","timestamp":1701764733466,"level":"debug","message":"Page request: GET (document) file:///var/folders/dp/qk79pfcj0y1fmtkkl08m76rc0000gn/T/jsreport/autocleanup/cb406cc4-cbab-4233-b855-74a036648625-chrome-pdf.html","meta":{"rootId":"tac3mcg3k1efewu","id":"tac3mcg3k1efewu"},"id":"49nnl5w8a8k4fn5","previousOperationId":"88cfncl2lbvfl4c"}
{"type":"log","timestamp":1701764733470,"level":"debug","message":"Page request finished: GET (document) 200 file:///var/folders/dp/qk79pfcj0y1fmtkkl08m76rc0000gn/T/jsreport/autocleanup/cb406cc4-cbab-4233-b855-74a036648625-chrome-pdf.html","meta":{"rootId":"tac3mcg3k1efewu","id":"tac3mcg3k1efewu"},"id":"bddijqacu3nff41","previousOperationId":"88cfncl2lbvfl4c"}
{"type":"log","timestamp":1701764733480,"level":"debug","message":"Running chrome with params {\"printBackground\":true,\"width\":\"5.8cm\",\"height\":\"21cm\",\"timeout\":59961,\"margin\":{}}","meta":{"rootId":"tac3mcg3k1efewu","id":"tac3mcg3k1efewu"},"id":"y09nzj092nzt8uk","previousOperationId":"88cfncl2lbvfl4c"}
{"type":"operationEnd","operationId":"88cfncl2lbvfl4c","timestamp":1701764733499,"id":"3dupfx0c9holis5","previousEventId":"4fzxsl3g8bypnty","previousOperationId":"88cfncl2lbvfl4c"}
{"type":"log","timestamp":1701764733499,"level":"debug","message":"Skipping storing report.","meta":{"rootId":"tac3mcg3k1efewu","id":"tac3mcg3k1efewu"},"id":"xwtam836fhh9nve","previousOperationId":"88cfncl2lbvfl4c"}
{"type":"log","timestamp":1701764733499,"level":"info","message":"Rendering request 18 finished in 120 ms","meta":{"rootId":"tac3mcg3k1efewu","id":"tac3mcg3k1efewu"},"id":"5x2r1zs9vft6hl8","previousOperationId":"88cfncl2lbvfl4c"}
{"type":"operationEnd","subtype":"render","operationId":"csb1avsqhpzb0cy","timestamp":1701764733499,"id":"oconli31xnedkjp","previousEventId":"3dupfx0c9holis5","previousOperationId":"88cfncl2lbvfl4c"}
{"type":"operationEnd","doDiffs":false,"previousEventId":"xbq8kkjpn01gyuv","previousOperationId":"29uhga1s4zq8ut9","operationId":"29uhga1s4zq8ut9","timestamp":1701764733501,"id":"fxnvq2lxs0xwts1"}
