{"type":"operationStart","subtype":"profile","data":{"_id":"DRtidYfyCQHcI5zW","timestamp":"2023-12-04T14:04:18.504Z","state":"queued","mode":"standard","creationDate":"2023-12-04T14:04:18.507Z","modificationDate":"2023-12-04T14:04:18.507Z","shortid":"wWrnDgw","$entitySet":"profiles"},"doDiffs":false,"timestamp":1701698658506,"id":"023qqohu5vogx56","previousOperationId":null,"operationId":"r2dtocgsv2odxcd"}
{"type":"log","level":"info","message":"Render request 39 queued for execution and waiting for available worker","previousOperationId":"r2dtocgsv2odxcd","timestamp":1701698658506,"id":"x60a1be28j2mw7y"}
{"type":"operationStart","subtype":"render","name":"pp_index","previousOperationId":"r2dtocgsv2odxcd","timestamp":1701698658513,"id":"c4hdaaa1pjj6e05","previousEventId":"023qqohu5vogx56","operationId":"j1tw9nuefmf6ysi"}
{"type":"log","timestamp":1701698658514,"level":"info","message":"Starting rendering request 39","meta":{"rootId":"tchm0eg159yxtu2","id":"tchm0eg159yxtu2"},"id":"o880rp98hn224t5","previousOperationId":"j1tw9nuefmf6ysi"}
{"type":"log","timestamp":1701698658514,"level":"info","message":"Rendering template { name: pp_index, recipe: chrome-pdf, engine: handlebars, preview: true }","meta":{"rootId":"tchm0eg159yxtu2","id":"tchm0eg159yxtu2"},"id":"xuahlyok2t1di6h","previousOperationId":"j1tw9nuefmf6ysi"}
{"type":"log","timestamp":1701698658517,"level":"debug","message":"Adding sample data PH9LTzd4s","meta":{"rootId":"tchm0eg159yxtu2","id":"tchm0eg159yxtu2"},"id":"qhjmcxvzr74iall","previousOperationId":"j1tw9nuefmf6ysi"}
{"type":"log","timestamp":1701698658520,"level":"debug","message":"Base url not specified, skipping its injection.","meta":{"rootId":"tchm0eg159yxtu2","id":"tchm0eg159yxtu2"},"id":"b6nbfsrq8qckhu5","previousOperationId":"j1tw9nuefmf6ysi"}
{"type":"log","timestamp":1701698658521,"level":"debug","message":"Replaced assets [\"styles.css\"]","meta":{"rootId":"tchm0eg159yxtu2","id":"tchm0eg159yxtu2"},"id":"n1v02g4qprdw6pe","previousOperationId":"j1tw9nuefmf6ysi"}
{"type":"operationStart","subtype":"engine","name":"handlebars","timestamp":1701698658521,"id":"m9yd67ph3il42vs","previousEventId":"c4hdaaa1pjj6e05","operationId":"z50z1y1j783mu0x","previousOperationId":"j1tw9nuefmf6ysi"}
{"type":"log","timestamp":1701698658521,"level":"debug","message":"Rendering engine handlebars","meta":{"rootId":"tchm0eg159yxtu2","id":"tchm0eg159yxtu2"},"id":"yxkmec84verp06w","previousOperationId":"z50z1y1j783mu0x"}
{"type":"operationEnd","operationId":"z50z1y1j783mu0x","timestamp":1701698658540,"id":"cc07oq12wus6qd4","previousEventId":"m9yd67ph3il42vs","previousOperationId":"z50z1y1j783mu0x"}
{"type":"operationStart","subtype":"recipe","name":"chrome-pdf","timestamp":1701698658540,"id":"5zfkamwfzr4fhgh","previousEventId":"cc07oq12wus6qd4","operationId":"hmm9v7ih3ydfp7g","previousOperationId":"z50z1y1j783mu0x"}
{"type":"log","timestamp":1701698658540,"level":"debug","message":"Executing recipe chrome-pdf","meta":{"rootId":"tchm0eg159yxtu2","id":"tchm0eg159yxtu2"},"id":"t5a0minhszm7e0i","previousOperationId":"hmm9v7ih3ydfp7g"}
{"type":"log","timestamp":1701698658542,"level":"debug","message":"Converting with chrome HeadlessChrome/117.0.5938.149 using chrome-pool strategy","meta":{"rootId":"tchm0eg159yxtu2","id":"tchm0eg159yxtu2"},"id":"4ya4zlhcufoyod5","previousOperationId":"hmm9v7ih3ydfp7g"}
{"type":"log","timestamp":1701698658595,"level":"debug","message":"Page request: GET (document) file:///var/folders/dp/qk79pfcj0y1fmtkkl08m76rc0000gn/T/jsreport/autocleanup/ec2fe3c2-7ce2-41b8-8ff3-db565f73b6c9-chrome-pdf.html","meta":{"rootId":"tchm0eg159yxtu2","id":"tchm0eg159yxtu2"},"id":"2ygzn4q9e4cketp","previousOperationId":"hmm9v7ih3ydfp7g"}
{"type":"log","timestamp":1701698658600,"level":"debug","message":"Page request finished: GET (document) 200 file:///var/folders/dp/qk79pfcj0y1fmtkkl08m76rc0000gn/T/jsreport/autocleanup/ec2fe3c2-7ce2-41b8-8ff3-db565f73b6c9-chrome-pdf.html","meta":{"rootId":"tchm0eg159yxtu2","id":"tchm0eg159yxtu2"},"id":"q1qxmq8dr779p3n","previousOperationId":"hmm9v7ih3ydfp7g"}
{"type":"log","timestamp":1701698658613,"level":"debug","message":"Running chrome with params {\"printBackground\":true,\"width\":\"5.8cm\",\"height\":\"40cm\",\"timeout\":59962,\"margin\":{}}","meta":{"rootId":"tchm0eg159yxtu2","id":"tchm0eg159yxtu2"},"id":"fpvy1qpej2pm7qa","previousOperationId":"hmm9v7ih3ydfp7g"}
{"type":"operationEnd","operationId":"hmm9v7ih3ydfp7g","timestamp":1701698658641,"id":"i0g46drgcba4pfl","previousEventId":"5zfkamwfzr4fhgh","previousOperationId":"hmm9v7ih3ydfp7g"}
{"type":"log","timestamp":1701698658641,"level":"debug","message":"Skipping storing report.","meta":{"rootId":"tchm0eg159yxtu2","id":"tchm0eg159yxtu2"},"id":"4i6spjawuh5gxcb","previousOperationId":"hmm9v7ih3ydfp7g"}
{"type":"log","timestamp":1701698658641,"level":"info","message":"Rendering request 39 finished in 137 ms","meta":{"rootId":"tchm0eg159yxtu2","id":"tchm0eg159yxtu2"},"id":"cpmhtkffc74zf75","previousOperationId":"hmm9v7ih3ydfp7g"}
{"type":"operationEnd","subtype":"render","operationId":"j1tw9nuefmf6ysi","timestamp":1701698658641,"id":"scm443y7vx8wu5w","previousEventId":"i0g46drgcba4pfl","previousOperationId":"hmm9v7ih3ydfp7g"}
{"type":"operationEnd","doDiffs":false,"previousEventId":"023qqohu5vogx56","previousOperationId":"r2dtocgsv2odxcd","operationId":"r2dtocgsv2odxcd","timestamp":1701698658642,"id":"cm2zgkzt60wwjkn"}
