{"type":"operationStart","subtype":"profile","data":{"_id":"p7jKGCLAemCNDSMa","timestamp":"2023-12-06T10:25:42.481Z","state":"queued","mode":"standard","creationDate":"2023-12-06T10:25:42.484Z","modificationDate":"2023-12-06T10:25:42.484Z","shortid":"ffu4sfd","$entitySet":"profiles"},"doDiffs":false,"timestamp":1701858342483,"id":"q1orim0fah0n3rk","previousOperationId":null,"operationId":"6afuku6alyywl01"}
{"type":"log","level":"info","message":"Render request 84 queued for execution and waiting for available worker","previousOperationId":"6afuku6alyywl01","timestamp":1701858342483,"id":"9j92fodsbkqzhif"}
{"type":"operationStart","subtype":"render","name":"pp_index","previousOperationId":"6afuku6alyywl01","timestamp":1701858342500,"id":"jblgjgm9ud5uudm","previousEventId":"q1orim0fah0n3rk","operationId":"ckqne203iaagyzz"}
{"type":"log","timestamp":1701858342500,"level":"info","message":"Starting rendering request 84","meta":{"rootId":"tg3fpotnxr1nz6n","id":"tg3fpotnxr1nz6n"},"id":"ot6d4n9iiqp80qo","previousOperationId":"ckqne203iaagyzz"}
{"type":"log","timestamp":1701858342501,"level":"info","message":"Rendering template { name: pp_index, recipe: chrome-pdf, engine: handlebars, preview: true }","meta":{"rootId":"tg3fpotnxr1nz6n","id":"tg3fpotnxr1nz6n"},"id":"abkdrlv4d1ktdbj","previousOperationId":"ckqne203iaagyzz"}
{"type":"log","timestamp":1701858342503,"level":"debug","message":"Adding sample data PH9LTzd4s","meta":{"rootId":"tg3fpotnxr1nz6n","id":"tg3fpotnxr1nz6n"},"id":"zxlwvoacz04xwx5","previousOperationId":"ckqne203iaagyzz"}
{"type":"log","timestamp":1701858342505,"level":"debug","message":"Base url not specified, skipping its injection.","meta":{"rootId":"tg3fpotnxr1nz6n","id":"tg3fpotnxr1nz6n"},"id":"7xqc6hd7a1y4wyq","previousOperationId":"ckqne203iaagyzz"}
{"type":"log","timestamp":1701858342506,"level":"debug","message":"Replaced assets [\"styles.css\"]","meta":{"rootId":"tg3fpotnxr1nz6n","id":"tg3fpotnxr1nz6n"},"id":"wfp8r0ntjds9wwb","previousOperationId":"ckqne203iaagyzz"}
{"type":"operationStart","subtype":"engine","name":"handlebars","timestamp":1701858342506,"id":"cg8ng1oynky2dzr","previousEventId":"jblgjgm9ud5uudm","operationId":"lsasoce76h1onny","previousOperationId":"ckqne203iaagyzz"}
{"type":"log","timestamp":1701858342506,"level":"debug","message":"Rendering engine handlebars","meta":{"rootId":"tg3fpotnxr1nz6n","id":"tg3fpotnxr1nz6n"},"id":"nzf89m6zqw3z015","previousOperationId":"lsasoce76h1onny"}
{"type":"operationEnd","operationId":"lsasoce76h1onny","timestamp":1701858342525,"id":"gndggr8k5psemqz","previousEventId":"cg8ng1oynky2dzr","previousOperationId":"lsasoce76h1onny"}
{"type":"operationStart","subtype":"recipe","name":"chrome-pdf","timestamp":1701858342525,"id":"h6c3wchrra1392q","previousEventId":"gndggr8k5psemqz","operationId":"j5kjbfqnmv577ri","previousOperationId":"lsasoce76h1onny"}
{"type":"log","timestamp":1701858342525,"level":"debug","message":"Executing recipe chrome-pdf","meta":{"rootId":"tg3fpotnxr1nz6n","id":"tg3fpotnxr1nz6n"},"id":"8nq85y1vxbz7a5k","previousOperationId":"j5kjbfqnmv577ri"}
{"type":"log","timestamp":1701858342730,"level":"debug","message":"Converting with chrome HeadlessChrome/117.0.5938.149 using chrome-pool strategy","meta":{"rootId":"tg3fpotnxr1nz6n","id":"tg3fpotnxr1nz6n"},"id":"scv65cr6e1f7f93","previousOperationId":"j5kjbfqnmv577ri"}
{"type":"log","timestamp":1701858342783,"level":"debug","message":"Page request: GET (document) file:///var/folders/dp/qk79pfcj0y1fmtkkl08m76rc0000gn/T/jsreport/autocleanup/f5c4cdcb-7622-461b-966b-8d3187b70913-chrome-pdf.html","meta":{"rootId":"tg3fpotnxr1nz6n","id":"tg3fpotnxr1nz6n"},"id":"g2f6uea9elydqiv","previousOperationId":"j5kjbfqnmv577ri"}
{"type":"log","timestamp":1701858342789,"level":"debug","message":"Page request finished: GET (document) 200 file:///var/folders/dp/qk79pfcj0y1fmtkkl08m76rc0000gn/T/jsreport/autocleanup/f5c4cdcb-7622-461b-966b-8d3187b70913-chrome-pdf.html","meta":{"rootId":"tg3fpotnxr1nz6n","id":"tg3fpotnxr1nz6n"},"id":"bq39kte4u2qe4px","previousOperationId":"j5kjbfqnmv577ri"}
{"type":"log","timestamp":1701858342794,"level":"debug","message":"Running chrome with params {\"printBackground\":true,\"width\":\"58mm\",\"height\":\"21cm\",\"timeout\":59955,\"margin\":{}}","meta":{"rootId":"tg3fpotnxr1nz6n","id":"tg3fpotnxr1nz6n"},"id":"xsw63f79utzd0ua","previousOperationId":"j5kjbfqnmv577ri"}
{"type":"operationEnd","operationId":"j5kjbfqnmv577ri","timestamp":1701858342815,"id":"0vt5ieb537yv48z","previousEventId":"h6c3wchrra1392q","previousOperationId":"j5kjbfqnmv577ri"}
{"type":"log","timestamp":1701858342815,"level":"debug","message":"Skipping storing report.","meta":{"rootId":"tg3fpotnxr1nz6n","id":"tg3fpotnxr1nz6n"},"id":"a0laf4npc4srj9x","previousOperationId":"j5kjbfqnmv577ri"}
{"type":"log","timestamp":1701858342815,"level":"info","message":"Rendering request 84 finished in 334 ms","meta":{"rootId":"tg3fpotnxr1nz6n","id":"tg3fpotnxr1nz6n"},"id":"jll9q3uhbppyz1l","previousOperationId":"j5kjbfqnmv577ri"}
{"type":"operationEnd","subtype":"render","operationId":"ckqne203iaagyzz","timestamp":1701858342815,"id":"ebwgmw26dwbq9di","previousEventId":"0vt5ieb537yv48z","previousOperationId":"j5kjbfqnmv577ri"}
{"type":"operationEnd","doDiffs":false,"previousEventId":"q1orim0fah0n3rk","previousOperationId":"6afuku6alyywl01","operationId":"6afuku6alyywl01","timestamp":1701858342816,"id":"j6tqr6zxiy67lb8"}
