{"type":"operationStart","subtype":"profile","data":{"_id":"1zTecMqnkXEQqCZk","timestamp":"2023-12-04T08:25:19.723Z","state":"queued","mode":"standard","creationDate":"2023-12-04T08:25:19.724Z","modificationDate":"2023-12-04T08:25:19.724Z","shortid":"x77al0-","$entitySet":"profiles"},"doDiffs":false,"timestamp":1701678319723,"id":"8ae6f8mg1a9rm8g","previousOperationId":null,"operationId":"g5y9k6bj1fvsk0v"}
{"type":"log","level":"info","message":"Render request 3 queued for execution and waiting for available worker","previousOperationId":"g5y9k6bj1fvsk0v","timestamp":1701678319724,"id":"bz7hcopc6et80up"}
{"type":"operationStart","subtype":"render","name":"pp_index","previousOperationId":"g5y9k6bj1fvsk0v","timestamp":1701678319736,"id":"nrxyel8rxjxoxue","previousEventId":"8ae6f8mg1a9rm8g","operationId":"tw8gqljzd6czx1w"}
{"type":"log","timestamp":1701678319737,"level":"info","message":"Starting rendering request 3","meta":{"rootId":"ux97dptc8it8u5a","id":"ux97dptc8it8u5a"},"id":"f1e9od976jjy64h","previousOperationId":"tw8gqljzd6czx1w"}
{"type":"log","timestamp":1701678319738,"level":"info","message":"Rendering template { name: pp_index, recipe: chrome-pdf, engine: handlebars, preview: true }","meta":{"rootId":"ux97dptc8it8u5a","id":"ux97dptc8it8u5a"},"id":"rmyizt54pmr9w6u","previousOperationId":"tw8gqljzd6czx1w"}
{"type":"log","timestamp":1701678319740,"level":"debug","message":"Adding sample data PH9LTzd4s","meta":{"rootId":"ux97dptc8it8u5a","id":"ux97dptc8it8u5a"},"id":"tpxbbhx1l3qu7q7","previousOperationId":"tw8gqljzd6czx1w"}
{"type":"log","timestamp":1701678319742,"level":"debug","message":"Base url not specified, skipping its injection.","meta":{"rootId":"ux97dptc8it8u5a","id":"ux97dptc8it8u5a"},"id":"8jsacd1xqj90krg","previousOperationId":"tw8gqljzd6czx1w"}
{"type":"operationStart","subtype":"engine","name":"handlebars","timestamp":1701678319742,"id":"5qiogsrnm547nda","previousEventId":"nrxyel8rxjxoxue","operationId":"j0irle3vh3xt2jq","previousOperationId":"tw8gqljzd6czx1w"}
{"type":"log","timestamp":1701678319742,"level":"debug","message":"Rendering engine handlebars","meta":{"rootId":"ux97dptc8it8u5a","id":"ux97dptc8it8u5a"},"id":"omilpwe2z4cu2oz","previousOperationId":"j0irle3vh3xt2jq"}
{"type":"operationEnd","operationId":"j0irle3vh3xt2jq","timestamp":1701678319754,"id":"4twis98ut6zlz7i","previousEventId":"5qiogsrnm547nda","previousOperationId":"j0irle3vh3xt2jq"}
{"type":"operationStart","subtype":"recipe","name":"chrome-pdf","timestamp":1701678319754,"id":"hc7t3u86j5ptj1f","previousEventId":"4twis98ut6zlz7i","operationId":"3c4ypjkf1ziit8z","previousOperationId":"j0irle3vh3xt2jq"}
{"type":"log","timestamp":1701678319754,"level":"debug","message":"Executing recipe chrome-pdf","meta":{"rootId":"ux97dptc8it8u5a","id":"ux97dptc8it8u5a"},"id":"ok5rhts6472ta6a","previousOperationId":"3c4ypjkf1ziit8z"}
{"type":"log","timestamp":1701678319756,"level":"debug","message":"Converting with chrome HeadlessChrome/117.0.5938.149 using chrome-pool strategy","meta":{"rootId":"ux97dptc8it8u5a","id":"ux97dptc8it8u5a"},"id":"929163hgbmfm2xs","previousOperationId":"3c4ypjkf1ziit8z"}
{"type":"log","timestamp":1701678319808,"level":"debug","message":"Page request: GET (document) file:///var/folders/dp/qk79pfcj0y1fmtkkl08m76rc0000gn/T/jsreport/autocleanup/2f2f93d1-2093-4272-a566-aa7e207ef227-chrome-pdf.html","meta":{"rootId":"ux97dptc8it8u5a","id":"ux97dptc8it8u5a"},"id":"bm7w4c4ibrvl6h3","previousOperationId":"3c4ypjkf1ziit8z"}
{"type":"log","timestamp":1701678319813,"level":"debug","message":"Page request finished: GET (document) 200 file:///var/folders/dp/qk79pfcj0y1fmtkkl08m76rc0000gn/T/jsreport/autocleanup/2f2f93d1-2093-4272-a566-aa7e207ef227-chrome-pdf.html","meta":{"rootId":"ux97dptc8it8u5a","id":"ux97dptc8it8u5a"},"id":"iqgnyv18sm7hw4v","previousOperationId":"3c4ypjkf1ziit8z"}
{"type":"log","timestamp":1701678319823,"level":"debug","message":"Running chrome with params {\"printBackground\":true,\"timeout\":59967,\"margin\":{}}","meta":{"rootId":"ux97dptc8it8u5a","id":"ux97dptc8it8u5a"},"id":"t3laull8mnbtoik","previousOperationId":"3c4ypjkf1ziit8z"}
{"type":"operationEnd","operationId":"3c4ypjkf1ziit8z","timestamp":1701678319838,"id":"85q28sfp6rotqxb","previousEventId":"hc7t3u86j5ptj1f","previousOperationId":"3c4ypjkf1ziit8z"}
{"type":"log","timestamp":1701678319839,"level":"debug","message":"Skipping storing report.","meta":{"rootId":"ux97dptc8it8u5a","id":"ux97dptc8it8u5a"},"id":"2k4456d4dzys6tm","previousOperationId":"3c4ypjkf1ziit8z"}
{"type":"log","timestamp":1701678319839,"level":"info","message":"Rendering request 3 finished in 117 ms","meta":{"rootId":"ux97dptc8it8u5a","id":"ux97dptc8it8u5a"},"id":"uxd3e4lqrd8cuez","previousOperationId":"3c4ypjkf1ziit8z"}
{"type":"operationEnd","subtype":"render","operationId":"tw8gqljzd6czx1w","timestamp":1701678319839,"id":"tu9fhu0swiw8vla","previousEventId":"85q28sfp6rotqxb","previousOperationId":"3c4ypjkf1ziit8z"}
{"type":"operationEnd","doDiffs":false,"previousEventId":"8ae6f8mg1a9rm8g","previousOperationId":"g5y9k6bj1fvsk0v","operationId":"g5y9k6bj1fvsk0v","timestamp":1701678319840,"id":"4pbn4877x6n5tn5"}
