{"type":"operationStart","subtype":"profile","data":{"_id":"SuLrDdB4olRmLihk","timestamp":"2023-12-04T09:06:48.711Z","state":"queued","mode":"standard","creationDate":"2023-12-04T09:06:48.714Z","modificationDate":"2023-12-04T09:06:48.714Z","shortid":"YssT0Wc","$entitySet":"profiles"},"doDiffs":false,"timestamp":1701680808713,"id":"v8xsjdck1mwk4h1","previousOperationId":null,"operationId":"kzbrjg6kapeyu8a"}
{"type":"log","level":"info","message":"Render request 27 queued for execution and waiting for available worker","previousOperationId":"kzbrjg6kapeyu8a","timestamp":1701680808713,"id":"jdgb90tqh5cegrt"}
{"type":"operationStart","subtype":"render","name":"pp_index","previousOperationId":"kzbrjg6kapeyu8a","timestamp":1701680808729,"id":"fmccx6lq9nbat80","previousEventId":"v8xsjdck1mwk4h1","operationId":"f2xtq57rjeomvhg"}
{"type":"log","timestamp":1701680808729,"level":"info","message":"Starting rendering request 27","meta":{"rootId":"vfs37qa2laefzev","id":"vfs37qa2laefzev"},"id":"lmdpp9uz5u45117","previousOperationId":"f2xtq57rjeomvhg"}
{"type":"log","timestamp":1701680808729,"level":"info","message":"Rendering template { name: pp_index, recipe: chrome-pdf, engine: handlebars, preview: true }","meta":{"rootId":"vfs37qa2laefzev","id":"vfs37qa2laefzev"},"id":"2hpij48uy2lkkiw","previousOperationId":"f2xtq57rjeomvhg"}
{"type":"log","timestamp":1701680808729,"level":"debug","message":"Inline data specified.","meta":{"rootId":"vfs37qa2laefzev","id":"vfs37qa2laefzev"},"id":"i2q34rfa4qsr8pz","previousOperationId":"f2xtq57rjeomvhg"}
{"type":"log","timestamp":1701680808730,"level":"debug","message":"Base url not specified, skipping its injection.","meta":{"rootId":"vfs37qa2laefzev","id":"vfs37qa2laefzev"},"id":"2xevxxemqtvzdgq","previousOperationId":"f2xtq57rjeomvhg"}
{"type":"operationStart","subtype":"engine","name":"handlebars","timestamp":1701680808730,"id":"450gk8jxt77litp","previousEventId":"fmccx6lq9nbat80","operationId":"owulcr4nl51b2uo","previousOperationId":"f2xtq57rjeomvhg"}
{"type":"log","timestamp":1701680808730,"level":"debug","message":"Rendering engine handlebars","meta":{"rootId":"vfs37qa2laefzev","id":"vfs37qa2laefzev"},"id":"i5088ramzer8bcn","previousOperationId":"owulcr4nl51b2uo"}
{"type":"operationEnd","operationId":"owulcr4nl51b2uo","timestamp":1701680808746,"id":"mkbu31yn1enahbp","previousEventId":"450gk8jxt77litp","previousOperationId":"owulcr4nl51b2uo"}
{"type":"operationStart","subtype":"recipe","name":"chrome-pdf","timestamp":1701680808747,"id":"499huk8dcxijwwr","previousEventId":"mkbu31yn1enahbp","operationId":"cynq2v4hv3db8fv","previousOperationId":"owulcr4nl51b2uo"}
{"type":"log","timestamp":1701680808747,"level":"debug","message":"Executing recipe chrome-pdf","meta":{"rootId":"vfs37qa2laefzev","id":"vfs37qa2laefzev"},"id":"uv4ah04olvh1ypf","previousOperationId":"cynq2v4hv3db8fv"}
{"type":"log","timestamp":1701680808749,"level":"debug","message":"Converting with chrome HeadlessChrome/117.0.5938.149 using chrome-pool strategy","meta":{"rootId":"vfs37qa2laefzev","id":"vfs37qa2laefzev"},"id":"5yfc0aplodedru3","previousOperationId":"cynq2v4hv3db8fv"}
{"type":"log","timestamp":1701680808799,"level":"debug","message":"Page request: GET (document) file:///var/folders/dp/qk79pfcj0y1fmtkkl08m76rc0000gn/T/jsreport/autocleanup/551c9411-86e9-4d90-9dc7-2545b47fe1b3-chrome-pdf.html","meta":{"rootId":"vfs37qa2laefzev","id":"vfs37qa2laefzev"},"id":"5sejbt3azow1hc0","previousOperationId":"cynq2v4hv3db8fv"}
{"type":"log","timestamp":1701680808805,"level":"debug","message":"Page request finished: GET (document) 200 file:///var/folders/dp/qk79pfcj0y1fmtkkl08m76rc0000gn/T/jsreport/autocleanup/551c9411-86e9-4d90-9dc7-2545b47fe1b3-chrome-pdf.html","meta":{"rootId":"vfs37qa2laefzev","id":"vfs37qa2laefzev"},"id":"9poz1nkiippmb81","previousOperationId":"cynq2v4hv3db8fv"}
{"type":"log","timestamp":1701680808815,"level":"debug","message":"Running chrome with params {\"printBackground\":true,\"timeout\":59963,\"margin\":{}}","meta":{"rootId":"vfs37qa2laefzev","id":"vfs37qa2laefzev"},"id":"sji698dopvbrzuw","previousOperationId":"cynq2v4hv3db8fv"}
{"type":"operationEnd","operationId":"cynq2v4hv3db8fv","timestamp":1701680808833,"id":"7x0ukueta56epgm","previousEventId":"499huk8dcxijwwr","previousOperationId":"cynq2v4hv3db8fv"}
{"type":"log","timestamp":1701680808833,"level":"debug","message":"Skipping storing report.","meta":{"rootId":"vfs37qa2laefzev","id":"vfs37qa2laefzev"},"id":"b0jwq2ca2b2ffs7","previousOperationId":"cynq2v4hv3db8fv"}
{"type":"log","timestamp":1701680808833,"level":"info","message":"Rendering request 27 finished in 122 ms","meta":{"rootId":"vfs37qa2laefzev","id":"vfs37qa2laefzev"},"id":"obq5lftu03hv8yn","previousOperationId":"cynq2v4hv3db8fv"}
{"type":"operationEnd","subtype":"render","operationId":"f2xtq57rjeomvhg","timestamp":1701680808833,"id":"wv5lkf6c5jfz9wk","previousEventId":"7x0ukueta56epgm","previousOperationId":"cynq2v4hv3db8fv"}
{"type":"operationEnd","doDiffs":false,"previousEventId":"v8xsjdck1mwk4h1","previousOperationId":"kzbrjg6kapeyu8a","operationId":"kzbrjg6kapeyu8a","timestamp":1701680808834,"id":"9dc3q7kt07idjtq"}
