{"type":"operationStart","subtype":"profile","data":{"_id":"IN0ouzSanLCh97kE","timestamp":"2023-12-05T08:26:03.952Z","state":"queued","mode":"standard","creationDate":"2023-12-05T08:26:03.952Z","modificationDate":"2023-12-05T08:26:03.952Z","shortid":"Glzi5sZ","$entitySet":"profiles"},"doDiffs":false,"timestamp":1701764763952,"id":"lp7vq56g6q75ca6","previousOperationId":null,"operationId":"gppesv2fi7q14p8"}
{"type":"log","level":"info","message":"Render request 21 queued for execution and waiting for available worker","previousOperationId":"gppesv2fi7q14p8","timestamp":1701764763952,"id":"cxbwrzlu6dloqev"}
{"type":"operationStart","subtype":"render","name":"pp_index","previousOperationId":"gppesv2fi7q14p8","timestamp":1701764763955,"id":"wjprjxi6d08qk3y","previousEventId":"lp7vq56g6q75ca6","operationId":"ym7btoe9fbm15t0"}
{"type":"log","timestamp":1701764763955,"level":"info","message":"Starting rendering request 21","meta":{"rootId":"vppxhi7cika9zf3","id":"vppxhi7cika9zf3"},"id":"pjiqju1q6nkqhsr","previousOperationId":"ym7btoe9fbm15t0"}
{"type":"log","timestamp":1701764763955,"level":"info","message":"Rendering template { name: pp_index, recipe: chrome-pdf, engine: handlebars, preview: true }","meta":{"rootId":"vppxhi7cika9zf3","id":"vppxhi7cika9zf3"},"id":"3cgoxxw5b2v3bck","previousOperationId":"ym7btoe9fbm15t0"}
{"type":"log","timestamp":1701764763955,"level":"debug","message":"Adding sample data PH9LTzd4s","meta":{"rootId":"vppxhi7cika9zf3","id":"vppxhi7cika9zf3"},"id":"9fu8mga24q3c5ps","previousOperationId":"ym7btoe9fbm15t0"}
{"type":"log","timestamp":1701764763955,"level":"debug","message":"Base url not specified, skipping its injection.","meta":{"rootId":"vppxhi7cika9zf3","id":"vppxhi7cika9zf3"},"id":"65lewodnccga3ri","previousOperationId":"ym7btoe9fbm15t0"}
{"type":"log","timestamp":1701764763956,"level":"debug","message":"Replaced assets [\"styles.css\"]","meta":{"rootId":"vppxhi7cika9zf3","id":"vppxhi7cika9zf3"},"id":"qztn3ge3pufztc6","previousOperationId":"ym7btoe9fbm15t0"}
{"type":"operationStart","subtype":"engine","name":"handlebars","timestamp":1701764763956,"id":"lkq6lhl2088q653","previousEventId":"wjprjxi6d08qk3y","operationId":"x4zomw38ykf802u","previousOperationId":"ym7btoe9fbm15t0"}
{"type":"log","timestamp":1701764763956,"level":"debug","message":"Rendering engine handlebars","meta":{"rootId":"vppxhi7cika9zf3","id":"vppxhi7cika9zf3"},"id":"k3d3out3uzq0iun","previousOperationId":"x4zomw38ykf802u"}
{"type":"operationEnd","operationId":"x4zomw38ykf802u","timestamp":1701764763960,"id":"zld0sma3z19litk","previousEventId":"lkq6lhl2088q653","previousOperationId":"x4zomw38ykf802u"}
{"type":"operationStart","subtype":"recipe","name":"chrome-pdf","timestamp":1701764763960,"id":"hptrp7oid6ri6n6","previousEventId":"zld0sma3z19litk","operationId":"zwdqsrqgttpaop7","previousOperationId":"x4zomw38ykf802u"}
{"type":"log","timestamp":1701764763960,"level":"debug","message":"Executing recipe chrome-pdf","meta":{"rootId":"vppxhi7cika9zf3","id":"vppxhi7cika9zf3"},"id":"eadyvec2i4gywfg","previousOperationId":"zwdqsrqgttpaop7"}
{"type":"log","timestamp":1701764763961,"level":"debug","message":"Converting with chrome HeadlessChrome/117.0.5938.149 using chrome-pool strategy","meta":{"rootId":"vppxhi7cika9zf3","id":"vppxhi7cika9zf3"},"id":"khx1y5jcbnjz31g","previousOperationId":"zwdqsrqgttpaop7"}
{"type":"log","timestamp":1701764764002,"level":"debug","message":"Page request: GET (document) file:///var/folders/dp/qk79pfcj0y1fmtkkl08m76rc0000gn/T/jsreport/autocleanup/26bf7773-4d09-4e4f-9129-103796ee8d8d-chrome-pdf.html","meta":{"rootId":"vppxhi7cika9zf3","id":"vppxhi7cika9zf3"},"id":"3flu4m9h7y7rypr","previousOperationId":"zwdqsrqgttpaop7"}
{"type":"log","timestamp":1701764764006,"level":"debug","message":"Page request finished: GET (document) 200 file:///var/folders/dp/qk79pfcj0y1fmtkkl08m76rc0000gn/T/jsreport/autocleanup/26bf7773-4d09-4e4f-9129-103796ee8d8d-chrome-pdf.html","meta":{"rootId":"vppxhi7cika9zf3","id":"vppxhi7cika9zf3"},"id":"fl5pmzxeedk5ysm","previousOperationId":"zwdqsrqgttpaop7"}
{"type":"log","timestamp":1701764764015,"level":"debug","message":"Running chrome with params {\"printBackground\":true,\"width\":\"5.8cm\",\"height\":\"21cm\",\"timeout\":59991,\"margin\":{}}","meta":{"rootId":"vppxhi7cika9zf3","id":"vppxhi7cika9zf3"},"id":"ic02zu3sw0t1kti","previousOperationId":"zwdqsrqgttpaop7"}
{"type":"operationEnd","operationId":"zwdqsrqgttpaop7","timestamp":1701764764034,"id":"83bb1gs4dlbmr0f","previousEventId":"hptrp7oid6ri6n6","previousOperationId":"zwdqsrqgttpaop7"}
{"type":"log","timestamp":1701764764034,"level":"debug","message":"Skipping storing report.","meta":{"rootId":"vppxhi7cika9zf3","id":"vppxhi7cika9zf3"},"id":"0aw3uz329nzacf4","previousOperationId":"zwdqsrqgttpaop7"}
{"type":"log","timestamp":1701764764034,"level":"info","message":"Rendering request 21 finished in 82 ms","meta":{"rootId":"vppxhi7cika9zf3","id":"vppxhi7cika9zf3"},"id":"pzyd3btok7eedhr","previousOperationId":"zwdqsrqgttpaop7"}
{"type":"operationEnd","subtype":"render","operationId":"ym7btoe9fbm15t0","timestamp":1701764764034,"id":"rv9ddta3tgmltfk","previousEventId":"83bb1gs4dlbmr0f","previousOperationId":"zwdqsrqgttpaop7"}
{"type":"operationEnd","doDiffs":false,"previousEventId":"lp7vq56g6q75ca6","previousOperationId":"gppesv2fi7q14p8","operationId":"gppesv2fi7q14p8","timestamp":1701764764035,"id":"gv9v7ld5rybopc8"}
