{"type":"operationStart","subtype":"profile","data":{"_id":"0yCJ4Zg21J0m1ysf","timestamp":"2023-12-04T10:40:26.282Z","state":"queued","mode":"standard","creationDate":"2023-12-04T10:40:26.283Z","modificationDate":"2023-12-04T10:40:26.283Z","shortid":"uthfBnX","$entitySet":"profiles"},"doDiffs":false,"timestamp":1701686426282,"id":"hiud3wn03o95d3y","previousOperationId":null,"operationId":"uij7i9wj8y7dz1l"}
{"type":"log","level":"info","message":"Render request 86 queued for execution and waiting for available worker","previousOperationId":"uij7i9wj8y7dz1l","timestamp":1701686426283,"id":"v5ayd0wrmeonvx2"}
{"type":"operationStart","subtype":"render","name":"pp_index","previousOperationId":"uij7i9wj8y7dz1l","timestamp":1701686426292,"id":"d7enp6a2yv7vn2z","previousEventId":"hiud3wn03o95d3y","operationId":"8i41bg8plnnd87g"}
{"type":"log","timestamp":1701686426292,"level":"info","message":"Starting rendering request 86","meta":{"rootId":"vricdpw2ol4n0w9","id":"vricdpw2ol4n0w9"},"id":"m8pxaqrs5d8ez1c","previousOperationId":"8i41bg8plnnd87g"}
{"type":"log","timestamp":1701686426292,"level":"info","message":"Rendering template { name: pp_index, recipe: chrome-pdf, engine: handlebars, preview: true }","meta":{"rootId":"vricdpw2ol4n0w9","id":"vricdpw2ol4n0w9"},"id":"y8lbnbyqzyn6iun","previousOperationId":"8i41bg8plnnd87g"}
{"type":"log","timestamp":1701686426292,"level":"debug","message":"Inline data specified.","meta":{"rootId":"vricdpw2ol4n0w9","id":"vricdpw2ol4n0w9"},"id":"r7m748nz30b5s10","previousOperationId":"8i41bg8plnnd87g"}
{"type":"log","timestamp":1701686426295,"level":"debug","message":"Base url not specified, skipping its injection.","meta":{"rootId":"vricdpw2ol4n0w9","id":"vricdpw2ol4n0w9"},"id":"k5rglvivhh0w8i1","previousOperationId":"8i41bg8plnnd87g"}
{"type":"operationStart","subtype":"engine","name":"handlebars","timestamp":1701686426295,"id":"nnotpepuke8kbao","previousEventId":"d7enp6a2yv7vn2z","operationId":"fkspl77x5mchuwq","previousOperationId":"8i41bg8plnnd87g"}
{"type":"log","timestamp":1701686426295,"level":"debug","message":"Rendering engine handlebars","meta":{"rootId":"vricdpw2ol4n0w9","id":"vricdpw2ol4n0w9"},"id":"h8euzf3wxpucio9","previousOperationId":"fkspl77x5mchuwq"}
{"type":"operationEnd","operationId":"fkspl77x5mchuwq","timestamp":1701686426306,"id":"k97tdrpu089byix","previousEventId":"nnotpepuke8kbao","previousOperationId":"fkspl77x5mchuwq"}
{"type":"operationStart","subtype":"recipe","name":"chrome-pdf","timestamp":1701686426306,"id":"t8hs5grexspogu6","previousEventId":"k97tdrpu089byix","operationId":"dk5qu22dd4iho2d","previousOperationId":"fkspl77x5mchuwq"}
{"type":"log","timestamp":1701686426306,"level":"debug","message":"Executing recipe chrome-pdf","meta":{"rootId":"vricdpw2ol4n0w9","id":"vricdpw2ol4n0w9"},"id":"xjdk46lq29nkrvo","previousOperationId":"dk5qu22dd4iho2d"}
{"type":"log","timestamp":1701686426307,"level":"debug","message":"Converting with chrome HeadlessChrome/117.0.5938.149 using chrome-pool strategy","meta":{"rootId":"vricdpw2ol4n0w9","id":"vricdpw2ol4n0w9"},"id":"rj2euwjvi6a42qk","previousOperationId":"dk5qu22dd4iho2d"}
{"type":"log","timestamp":1701686426358,"level":"debug","message":"Page request: GET (document) file:///var/folders/dp/qk79pfcj0y1fmtkkl08m76rc0000gn/T/jsreport/autocleanup/c2515aae-f92c-489f-b7e1-5db26f480a50-chrome-pdf.html","meta":{"rootId":"vricdpw2ol4n0w9","id":"vricdpw2ol4n0w9"},"id":"g9w95wazraltja4","previousOperationId":"dk5qu22dd4iho2d"}
{"type":"log","timestamp":1701686426363,"level":"debug","message":"Page request finished: GET (document) 200 file:///var/folders/dp/qk79pfcj0y1fmtkkl08m76rc0000gn/T/jsreport/autocleanup/c2515aae-f92c-489f-b7e1-5db26f480a50-chrome-pdf.html","meta":{"rootId":"vricdpw2ol4n0w9","id":"vricdpw2ol4n0w9"},"id":"xlktunhprnzosb8","previousOperationId":"dk5qu22dd4iho2d"}
{"type":"log","timestamp":1701686426375,"level":"debug","message":"Running chrome with params {\"printBackground\":true,\"width\":\"5.8cm\",\"timeout\":59975,\"margin\":{}}","meta":{"rootId":"vricdpw2ol4n0w9","id":"vricdpw2ol4n0w9"},"id":"dahujf84es1rb3g","previousOperationId":"dk5qu22dd4iho2d"}
{"type":"operationEnd","operationId":"dk5qu22dd4iho2d","timestamp":1701686426398,"id":"6jlanler9c9ykfo","previousEventId":"t8hs5grexspogu6","previousOperationId":"dk5qu22dd4iho2d"}
{"type":"log","timestamp":1701686426398,"level":"debug","message":"Skipping storing report.","meta":{"rootId":"vricdpw2ol4n0w9","id":"vricdpw2ol4n0w9"},"id":"molxpn70rdneti6","previousOperationId":"dk5qu22dd4iho2d"}
{"type":"log","timestamp":1701686426398,"level":"info","message":"Rendering request 86 finished in 116 ms","meta":{"rootId":"vricdpw2ol4n0w9","id":"vricdpw2ol4n0w9"},"id":"2lt9djnms8jmm2b","previousOperationId":"dk5qu22dd4iho2d"}
{"type":"operationEnd","subtype":"render","operationId":"8i41bg8plnnd87g","timestamp":1701686426398,"id":"9csa2z9qdohr4cb","previousEventId":"6jlanler9c9ykfo","previousOperationId":"dk5qu22dd4iho2d"}
{"type":"operationEnd","doDiffs":false,"previousEventId":"hiud3wn03o95d3y","previousOperationId":"uij7i9wj8y7dz1l","operationId":"uij7i9wj8y7dz1l","timestamp":1701686426399,"id":"1hnt3odc5hu18v4"}
