{"type":"operationStart","subtype":"profile","data":{"_id":"ocqlzxfjJKbwl3sJ","timestamp":"2023-12-04T12:04:42.366Z","state":"queued","mode":"standard","creationDate":"2023-12-04T12:04:42.368Z","modificationDate":"2023-12-04T12:04:42.368Z","shortid":"RbP-g-6","$entitySet":"profiles"},"doDiffs":false,"timestamp":1701691482367,"id":"tw5gdjw94s23yr9","previousOperationId":null,"operationId":"6u67kk7gzjeaic8"}
{"type":"log","level":"info","message":"Render request 149 queued for execution and waiting for available worker","previousOperationId":"6u67kk7gzjeaic8","timestamp":1701691482367,"id":"w6pg1did5q5ymrh"}
{"type":"operationStart","subtype":"render","name":"pp_index","previousOperationId":"6u67kk7gzjeaic8","timestamp":1701691482378,"id":"71swbpdptnq52xi","previousEventId":"tw5gdjw94s23yr9","operationId":"facsyxs1ub72pjj"}
{"type":"log","timestamp":1701691482378,"level":"info","message":"Starting rendering request 149","meta":{"rootId":"vsa4wz1frvlfses","id":"vsa4wz1frvlfses"},"id":"gttiyf5mzo31tks","previousOperationId":"facsyxs1ub72pjj"}
{"type":"log","timestamp":1701691482378,"level":"info","message":"Rendering template { name: pp_index, recipe: chrome-pdf, engine: handlebars, preview: true }","meta":{"rootId":"vsa4wz1frvlfses","id":"vsa4wz1frvlfses"},"id":"pkl3l5fl1gjnx7i","previousOperationId":"facsyxs1ub72pjj"}
{"type":"log","timestamp":1701691482379,"level":"debug","message":"Inline data specified.","meta":{"rootId":"vsa4wz1frvlfses","id":"vsa4wz1frvlfses"},"id":"i3n9s0m3eqsn426","previousOperationId":"facsyxs1ub72pjj"}
{"type":"log","timestamp":1701691482381,"level":"debug","message":"Base url not specified, skipping its injection.","meta":{"rootId":"vsa4wz1frvlfses","id":"vsa4wz1frvlfses"},"id":"0nhsqv0jxyq9w98","previousOperationId":"facsyxs1ub72pjj"}
{"type":"operationStart","subtype":"engine","name":"handlebars","timestamp":1701691482381,"id":"l80kbbrwzprrrrg","previousEventId":"71swbpdptnq52xi","operationId":"es7xrgflq6qmhyi","previousOperationId":"facsyxs1ub72pjj"}
{"type":"log","timestamp":1701691482381,"level":"debug","message":"Rendering engine handlebars","meta":{"rootId":"vsa4wz1frvlfses","id":"vsa4wz1frvlfses"},"id":"7bxm4i40gxgikdg","previousOperationId":"es7xrgflq6qmhyi"}
{"type":"operationEnd","operationId":"es7xrgflq6qmhyi","timestamp":1701691482393,"id":"t7z9tu87mu9t7f9","previousEventId":"l80kbbrwzprrrrg","previousOperationId":"es7xrgflq6qmhyi"}
{"type":"operationStart","subtype":"recipe","name":"chrome-pdf","timestamp":1701691482393,"id":"floz5lj5cfg3ykz","previousEventId":"t7z9tu87mu9t7f9","operationId":"aqbefrog01rpes9","previousOperationId":"es7xrgflq6qmhyi"}
{"type":"log","timestamp":1701691482393,"level":"debug","message":"Executing recipe chrome-pdf","meta":{"rootId":"vsa4wz1frvlfses","id":"vsa4wz1frvlfses"},"id":"6180ak5yhs8npd2","previousOperationId":"aqbefrog01rpes9"}
{"type":"log","timestamp":1701691482394,"level":"debug","message":"Converting with chrome HeadlessChrome/117.0.5938.149 using chrome-pool strategy","meta":{"rootId":"vsa4wz1frvlfses","id":"vsa4wz1frvlfses"},"id":"cv51txwfq6q2s65","previousOperationId":"aqbefrog01rpes9"}
{"type":"log","timestamp":1701691482450,"level":"debug","message":"Page request: GET (document) file:///var/folders/dp/qk79pfcj0y1fmtkkl08m76rc0000gn/T/jsreport/autocleanup/441ea421-79cf-4898-bc58-409a3d048ccf-chrome-pdf.html","meta":{"rootId":"vsa4wz1frvlfses","id":"vsa4wz1frvlfses"},"id":"3q7upqtuue4kyuj","previousOperationId":"aqbefrog01rpes9"}
{"type":"log","timestamp":1701691482455,"level":"debug","message":"Page request finished: GET (document) 200 file:///var/folders/dp/qk79pfcj0y1fmtkkl08m76rc0000gn/T/jsreport/autocleanup/441ea421-79cf-4898-bc58-409a3d048ccf-chrome-pdf.html","meta":{"rootId":"vsa4wz1frvlfses","id":"vsa4wz1frvlfses"},"id":"20f355hvwaoxms2","previousOperationId":"aqbefrog01rpes9"}
{"type":"log","timestamp":1701691482468,"level":"debug","message":"Running chrome with params {\"printBackground\":true,\"width\":\"5.8cm\",\"height\":\"35cm\",\"timeout\":59972,\"margin\":{}}","meta":{"rootId":"vsa4wz1frvlfses","id":"vsa4wz1frvlfses"},"id":"ak88lyauu46zbf1","previousOperationId":"aqbefrog01rpes9"}
{"type":"operationEnd","operationId":"aqbefrog01rpes9","timestamp":1701691482496,"id":"vu9ad7yil25m50p","previousEventId":"floz5lj5cfg3ykz","previousOperationId":"aqbefrog01rpes9"}
{"type":"log","timestamp":1701691482496,"level":"debug","message":"Skipping storing report.","meta":{"rootId":"vsa4wz1frvlfses","id":"vsa4wz1frvlfses"},"id":"u3v5m2tt212edmq","previousOperationId":"aqbefrog01rpes9"}
{"type":"log","timestamp":1701691482496,"level":"info","message":"Rendering request 149 finished in 130 ms","meta":{"rootId":"vsa4wz1frvlfses","id":"vsa4wz1frvlfses"},"id":"ncsnz30l9v2hz8y","previousOperationId":"aqbefrog01rpes9"}
{"type":"operationEnd","subtype":"render","operationId":"facsyxs1ub72pjj","timestamp":1701691482496,"id":"rz8y42khbol1y00","previousEventId":"vu9ad7yil25m50p","previousOperationId":"aqbefrog01rpes9"}
{"type":"operationEnd","doDiffs":false,"previousEventId":"tw5gdjw94s23yr9","previousOperationId":"6u67kk7gzjeaic8","operationId":"6u67kk7gzjeaic8","timestamp":1701691482497,"id":"f0tx54sn1q02mkb"}
