{"type":"operationStart","subtype":"profile","data":{"_id":"PvADMlW202R29w4k","timestamp":"2023-12-05T08:30:01.776Z","state":"queued","mode":"standard","creationDate":"2023-12-05T08:30:01.777Z","modificationDate":"2023-12-05T08:30:01.777Z","shortid":"qmybFBV","$entitySet":"profiles"},"doDiffs":false,"timestamp":1701765001777,"id":"maygrvfs3bt6ves","previousOperationId":null,"operationId":"un5ojq3kwhe5zwn"}
{"type":"log","level":"info","message":"Render request 30 queued for execution and waiting for available worker","previousOperationId":"un5ojq3kwhe5zwn","timestamp":1701765001777,"id":"eeuicqyrixri1st"}
{"type":"operationStart","subtype":"render","name":"pp_index","previousOperationId":"un5ojq3kwhe5zwn","timestamp":1701765001784,"id":"o625tiquwbvbymc","previousEventId":"maygrvfs3bt6ves","operationId":"ioy3abkmehiqfc5"}
{"type":"log","timestamp":1701765001784,"level":"info","message":"Starting rendering request 30","meta":{"rootId":"vsu9ezdgyrh0q37","id":"vsu9ezdgyrh0q37"},"id":"gnno838u0hhvn8e","previousOperationId":"ioy3abkmehiqfc5"}
{"type":"log","timestamp":1701765001784,"level":"info","message":"Rendering template { name: pp_index, recipe: chrome-pdf, engine: handlebars, preview: true }","meta":{"rootId":"vsu9ezdgyrh0q37","id":"vsu9ezdgyrh0q37"},"id":"lzrsf9sjcvv7lfu","previousOperationId":"ioy3abkmehiqfc5"}
{"type":"log","timestamp":1701765001788,"level":"debug","message":"Adding sample data PH9LTzd4s","meta":{"rootId":"vsu9ezdgyrh0q37","id":"vsu9ezdgyrh0q37"},"id":"p4m1t6527xv2d78","previousOperationId":"ioy3abkmehiqfc5"}
{"type":"log","timestamp":1701765001791,"level":"debug","message":"Base url not specified, skipping its injection.","meta":{"rootId":"vsu9ezdgyrh0q37","id":"vsu9ezdgyrh0q37"},"id":"p0f1cv064osdmqn","previousOperationId":"ioy3abkmehiqfc5"}
{"type":"log","timestamp":1701765001794,"level":"debug","message":"Replaced assets [\"styles.css\"]","meta":{"rootId":"vsu9ezdgyrh0q37","id":"vsu9ezdgyrh0q37"},"id":"mflbt7uyksgju94","previousOperationId":"ioy3abkmehiqfc5"}
{"type":"operationStart","subtype":"engine","name":"handlebars","timestamp":1701765001794,"id":"26e6mm841d63ei3","previousEventId":"o625tiquwbvbymc","operationId":"5d9bvakbv1k18wd","previousOperationId":"ioy3abkmehiqfc5"}
{"type":"log","timestamp":1701765001794,"level":"debug","message":"Rendering engine handlebars","meta":{"rootId":"vsu9ezdgyrh0q37","id":"vsu9ezdgyrh0q37"},"id":"o0i8l4rzj4m0n2x","previousOperationId":"5d9bvakbv1k18wd"}
{"type":"operationEnd","operationId":"5d9bvakbv1k18wd","timestamp":1701765001809,"id":"ulbk4pjjc9nstjv","previousEventId":"26e6mm841d63ei3","previousOperationId":"5d9bvakbv1k18wd"}
{"type":"operationStart","subtype":"recipe","name":"chrome-pdf","timestamp":1701765001809,"id":"hy4k5o2z8shha42","previousEventId":"ulbk4pjjc9nstjv","operationId":"8dqe51ki6v55ddz","previousOperationId":"5d9bvakbv1k18wd"}
{"type":"log","timestamp":1701765001809,"level":"debug","message":"Executing recipe chrome-pdf","meta":{"rootId":"vsu9ezdgyrh0q37","id":"vsu9ezdgyrh0q37"},"id":"hqwo3wklt0gp18r","previousOperationId":"8dqe51ki6v55ddz"}
{"type":"log","timestamp":1701765001811,"level":"debug","message":"Converting with chrome HeadlessChrome/117.0.5938.149 using chrome-pool strategy","meta":{"rootId":"vsu9ezdgyrh0q37","id":"vsu9ezdgyrh0q37"},"id":"rcnlo198hogxq52","previousOperationId":"8dqe51ki6v55ddz"}
{"type":"log","timestamp":1701765001859,"level":"debug","message":"Page request: GET (document) file:///var/folders/dp/qk79pfcj0y1fmtkkl08m76rc0000gn/T/jsreport/autocleanup/cd045f6e-8fde-404e-b114-a60c8c6b4194-chrome-pdf.html","meta":{"rootId":"vsu9ezdgyrh0q37","id":"vsu9ezdgyrh0q37"},"id":"chhpqqhfw3nk3x7","previousOperationId":"8dqe51ki6v55ddz"}
{"type":"log","timestamp":1701765001864,"level":"debug","message":"Page request finished: GET (document) 200 file:///var/folders/dp/qk79pfcj0y1fmtkkl08m76rc0000gn/T/jsreport/autocleanup/cd045f6e-8fde-404e-b114-a60c8c6b4194-chrome-pdf.html","meta":{"rootId":"vsu9ezdgyrh0q37","id":"vsu9ezdgyrh0q37"},"id":"v4c6poapzasfkx8","previousOperationId":"8dqe51ki6v55ddz"}
{"type":"log","timestamp":1701765001878,"level":"debug","message":"Running chrome with params {\"printBackground\":true,\"width\":\"5.8cm\",\"height\":\"21cm\",\"timeout\":59966,\"margin\":{}}","meta":{"rootId":"vsu9ezdgyrh0q37","id":"vsu9ezdgyrh0q37"},"id":"8ql6o8rw2pl8377","previousOperationId":"8dqe51ki6v55ddz"}
{"type":"operationEnd","operationId":"8dqe51ki6v55ddz","timestamp":1701765001900,"id":"fnpc6a88zcttehs","previousEventId":"hy4k5o2z8shha42","previousOperationId":"8dqe51ki6v55ddz"}
{"type":"log","timestamp":1701765001900,"level":"debug","message":"Skipping storing report.","meta":{"rootId":"vsu9ezdgyrh0q37","id":"vsu9ezdgyrh0q37"},"id":"ydixj74z3vs9wms","previousOperationId":"8dqe51ki6v55ddz"}
{"type":"log","timestamp":1701765001900,"level":"info","message":"Rendering request 30 finished in 124 ms","meta":{"rootId":"vsu9ezdgyrh0q37","id":"vsu9ezdgyrh0q37"},"id":"7m4mf29gl659kz0","previousOperationId":"8dqe51ki6v55ddz"}
{"type":"operationEnd","subtype":"render","operationId":"ioy3abkmehiqfc5","timestamp":1701765001900,"id":"32budtpdqji4ai1","previousEventId":"fnpc6a88zcttehs","previousOperationId":"8dqe51ki6v55ddz"}
{"type":"operationEnd","doDiffs":false,"previousEventId":"maygrvfs3bt6ves","previousOperationId":"un5ojq3kwhe5zwn","operationId":"un5ojq3kwhe5zwn","timestamp":1701765001902,"id":"101ep8qsw4wousk"}
