{"type":"operationStart","subtype":"profile","data":{"_id":"Xtpqpz4f0qxhkVrO","timestamp":"2023-12-04T12:42:20.791Z","state":"queued","mode":"standard","creationDate":"2023-12-04T12:42:20.793Z","modificationDate":"2023-12-04T12:42:20.793Z","shortid":"3gvqNTx","$entitySet":"profiles"},"doDiffs":false,"timestamp":1701693740792,"id":"7if8t7gk5k4r17f","previousOperationId":null,"operationId":"ve3u2dfk1e9xva9"}
{"type":"log","level":"info","message":"Render request 1 queued for execution and waiting for available worker","previousOperationId":"ve3u2dfk1e9xva9","timestamp":1701693740792,"id":"hetdow47imuy90g"}
{"type":"operationStart","subtype":"render","name":"pp_index","previousOperationId":"ve3u2dfk1e9xva9","timestamp":1701693740809,"id":"6n2t1hbp1le5z1c","previousEventId":"7if8t7gk5k4r17f","operationId":"aamq78l615wg3nw"}
{"type":"log","timestamp":1701693740809,"level":"info","message":"Starting rendering request 1","meta":{"rootId":"vxh51ms3b9lyebt","id":"vxh51ms3b9lyebt"},"id":"nh1f5ui0mmo3msa","previousOperationId":"aamq78l615wg3nw"}
{"type":"log","timestamp":1701693740810,"level":"info","message":"Rendering template { name: pp_index, recipe: chrome-pdf, engine: handlebars, preview: true }","meta":{"rootId":"vxh51ms3b9lyebt","id":"vxh51ms3b9lyebt"},"id":"2v07nnp97icfw6c","previousOperationId":"aamq78l615wg3nw"}
{"type":"log","timestamp":1701693740812,"level":"debug","message":"Adding sample data PH9LTzd4s","meta":{"rootId":"vxh51ms3b9lyebt","id":"vxh51ms3b9lyebt"},"id":"hyqwk0i1nd8ctx9","previousOperationId":"aamq78l615wg3nw"}
{"type":"log","timestamp":1701693740813,"level":"debug","message":"Base url not specified, skipping its injection.","meta":{"rootId":"vxh51ms3b9lyebt","id":"vxh51ms3b9lyebt"},"id":"xnl8xkvd783iqhm","previousOperationId":"aamq78l615wg3nw"}
{"type":"log","timestamp":1701693740816,"level":"debug","message":"Replaced assets [\"styles.css\"]","meta":{"rootId":"vxh51ms3b9lyebt","id":"vxh51ms3b9lyebt"},"id":"citc4l0mocrnoo3","previousOperationId":"aamq78l615wg3nw"}
{"type":"operationStart","subtype":"engine","name":"handlebars","timestamp":1701693740816,"id":"5g9czygv2oqbhx5","previousEventId":"6n2t1hbp1le5z1c","operationId":"uthhmtkrt2glsyc","previousOperationId":"aamq78l615wg3nw"}
{"type":"log","timestamp":1701693740816,"level":"debug","message":"Rendering engine handlebars","meta":{"rootId":"vxh51ms3b9lyebt","id":"vxh51ms3b9lyebt"},"id":"km29bbw7gvpaagc","previousOperationId":"uthhmtkrt2glsyc"}
{"type":"operationEnd","operationId":"uthhmtkrt2glsyc","timestamp":1701693741042,"id":"rkmyb17oz5j7y4r","previousEventId":"5g9czygv2oqbhx5","previousOperationId":"uthhmtkrt2glsyc"}
{"type":"operationStart","subtype":"recipe","name":"chrome-pdf","timestamp":1701693741042,"id":"jw6kf45f9aesv5a","previousEventId":"rkmyb17oz5j7y4r","operationId":"b07sszgx3lmel0m","previousOperationId":"uthhmtkrt2glsyc"}
{"type":"log","timestamp":1701693741042,"level":"debug","message":"Executing recipe chrome-pdf","meta":{"rootId":"vxh51ms3b9lyebt","id":"vxh51ms3b9lyebt"},"id":"oknf2sjkaop365p","previousOperationId":"b07sszgx3lmel0m"}
{"type":"log","timestamp":1701693741368,"level":"debug","message":"Converting with chrome HeadlessChrome/117.0.5938.149 using chrome-pool strategy","meta":{"rootId":"vxh51ms3b9lyebt","id":"vxh51ms3b9lyebt"},"id":"tkm6l8yu343d7tk","previousOperationId":"b07sszgx3lmel0m"}
{"type":"log","timestamp":1701693741412,"level":"debug","message":"Page request: GET (document) file:///var/folders/dp/qk79pfcj0y1fmtkkl08m76rc0000gn/T/jsreport/autocleanup/b9614639-62c8-4a0d-88be-f54d9ceebf4c-chrome-pdf.html","meta":{"rootId":"vxh51ms3b9lyebt","id":"vxh51ms3b9lyebt"},"id":"jzpifzwvihg88og","previousOperationId":"b07sszgx3lmel0m"}
{"type":"log","timestamp":1701693741417,"level":"debug","message":"Page request finished: GET (document) 200 file:///var/folders/dp/qk79pfcj0y1fmtkkl08m76rc0000gn/T/jsreport/autocleanup/b9614639-62c8-4a0d-88be-f54d9ceebf4c-chrome-pdf.html","meta":{"rootId":"vxh51ms3b9lyebt","id":"vxh51ms3b9lyebt"},"id":"01te7wx1dfuidss","previousOperationId":"b07sszgx3lmel0m"}
{"type":"log","timestamp":1701693741424,"level":"debug","message":"Running chrome with params {\"printBackground\":true,\"width\":\"5.8cm\",\"height\":\"40cm\",\"timeout\":59744,\"margin\":{}}","meta":{"rootId":"vxh51ms3b9lyebt","id":"vxh51ms3b9lyebt"},"id":"7uy7ih3jzbhjhc1","previousOperationId":"b07sszgx3lmel0m"}
{"type":"operationEnd","operationId":"b07sszgx3lmel0m","timestamp":1701693741448,"id":"5onpiudgdvglqpf","previousEventId":"jw6kf45f9aesv5a","previousOperationId":"b07sszgx3lmel0m"}
{"type":"log","timestamp":1701693741448,"level":"debug","message":"Skipping storing report.","meta":{"rootId":"vxh51ms3b9lyebt","id":"vxh51ms3b9lyebt"},"id":"h7v3bxtv5569apb","previousOperationId":"b07sszgx3lmel0m"}
{"type":"log","timestamp":1701693741448,"level":"info","message":"Rendering request 1 finished in 657 ms","meta":{"rootId":"vxh51ms3b9lyebt","id":"vxh51ms3b9lyebt"},"id":"aiwb1upf3wkv7zz","previousOperationId":"b07sszgx3lmel0m"}
{"type":"operationEnd","subtype":"render","operationId":"aamq78l615wg3nw","timestamp":1701693741448,"id":"m8dhidpgatdgrut","previousEventId":"5onpiudgdvglqpf","previousOperationId":"b07sszgx3lmel0m"}
{"type":"operationEnd","doDiffs":false,"previousEventId":"7if8t7gk5k4r17f","previousOperationId":"ve3u2dfk1e9xva9","operationId":"ve3u2dfk1e9xva9","timestamp":1701693741450,"id":"4r4epaupcfw4c8h"}
