{"type":"operationStart","subtype":"profile","data":{"_id":"QJLQn9pDnECejEBZ","timestamp":"2023-12-04T09:01:06.689Z","state":"queued","mode":"standard","creationDate":"2023-12-04T09:01:06.692Z","modificationDate":"2023-12-04T09:01:06.692Z","shortid":"MqgghSB","$entitySet":"profiles"},"doDiffs":false,"timestamp":1701680466691,"id":"842nc1b3sc0ixs7","previousOperationId":null,"operationId":"vwp5kqbq6idjg38"}
{"type":"log","level":"info","message":"Render request 26 queued for execution and waiting for available worker","previousOperationId":"vwp5kqbq6idjg38","timestamp":1701680466692,"id":"0a071sljuq8c3jy"}
{"type":"operationStart","subtype":"render","name":"pp_index","previousOperationId":"vwp5kqbq6idjg38","timestamp":1701680466697,"id":"fsbmzj01ux9z59s","previousEventId":"842nc1b3sc0ixs7","operationId":"jamljcfacm5puj2"}
{"type":"log","timestamp":1701680466697,"level":"info","message":"Starting rendering request 26","meta":{"rootId":"wldk7at65tvf0h3","id":"wldk7at65tvf0h3"},"id":"8b5aoxzx7uc4ohp","previousOperationId":"jamljcfacm5puj2"}
{"type":"log","timestamp":1701680466698,"level":"info","message":"Rendering template { name: pp_index, recipe: chrome-pdf, engine: handlebars, preview: true }","meta":{"rootId":"wldk7at65tvf0h3","id":"wldk7at65tvf0h3"},"id":"gdxnsuqt9o2924m","previousOperationId":"jamljcfacm5puj2"}
{"type":"log","timestamp":1701680466699,"level":"debug","message":"Inline data specified.","meta":{"rootId":"wldk7at65tvf0h3","id":"wldk7at65tvf0h3"},"id":"5p48z3v9jcenoc1","previousOperationId":"jamljcfacm5puj2"}
{"type":"log","timestamp":1701680466701,"level":"debug","message":"Base url not specified, skipping its injection.","meta":{"rootId":"wldk7at65tvf0h3","id":"wldk7at65tvf0h3"},"id":"47u38m4ihm7p097","previousOperationId":"jamljcfacm5puj2"}
{"type":"operationStart","subtype":"engine","name":"handlebars","timestamp":1701680466702,"id":"j1t9eop54kdjeft","previousEventId":"fsbmzj01ux9z59s","operationId":"uj1ik720qfrtf21","previousOperationId":"jamljcfacm5puj2"}
{"type":"log","timestamp":1701680466702,"level":"debug","message":"Rendering engine handlebars","meta":{"rootId":"wldk7at65tvf0h3","id":"wldk7at65tvf0h3"},"id":"z0jv3ho1369j9ra","previousOperationId":"uj1ik720qfrtf21"}
{"type":"operationEnd","operationId":"uj1ik720qfrtf21","timestamp":1701680466713,"id":"2pcncmpkti1dj3y","previousEventId":"j1t9eop54kdjeft","previousOperationId":"uj1ik720qfrtf21"}
{"type":"operationStart","subtype":"recipe","name":"chrome-pdf","timestamp":1701680466713,"id":"5cuv9lsyylnenl4","previousEventId":"2pcncmpkti1dj3y","operationId":"rdincp9yqysyok0","previousOperationId":"uj1ik720qfrtf21"}
{"type":"log","timestamp":1701680466713,"level":"debug","message":"Executing recipe chrome-pdf","meta":{"rootId":"wldk7at65tvf0h3","id":"wldk7at65tvf0h3"},"id":"w8hh749dhimn69t","previousOperationId":"rdincp9yqysyok0"}
{"type":"log","timestamp":1701680466715,"level":"debug","message":"Converting with chrome HeadlessChrome/117.0.5938.149 using chrome-pool strategy","meta":{"rootId":"wldk7at65tvf0h3","id":"wldk7at65tvf0h3"},"id":"eerkojvfbkuahpp","previousOperationId":"rdincp9yqysyok0"}
{"type":"log","timestamp":1701680466762,"level":"debug","message":"Page request: GET (document) file:///var/folders/dp/qk79pfcj0y1fmtkkl08m76rc0000gn/T/jsreport/autocleanup/1e8c2adf-10f8-4744-9667-e42f67758723-chrome-pdf.html","meta":{"rootId":"wldk7at65tvf0h3","id":"wldk7at65tvf0h3"},"id":"vqb6x64wnl4kxp6","previousOperationId":"rdincp9yqysyok0"}
{"type":"log","timestamp":1701680466767,"level":"debug","message":"Page request finished: GET (document) 200 file:///var/folders/dp/qk79pfcj0y1fmtkkl08m76rc0000gn/T/jsreport/autocleanup/1e8c2adf-10f8-4744-9667-e42f67758723-chrome-pdf.html","meta":{"rootId":"wldk7at65tvf0h3","id":"wldk7at65tvf0h3"},"id":"tn1bfq89uwylb0u","previousOperationId":"rdincp9yqysyok0"}
{"type":"log","timestamp":1701680466778,"level":"debug","message":"Running chrome with params {\"printBackground\":true,\"timeout\":59975,\"margin\":{}}","meta":{"rootId":"wldk7at65tvf0h3","id":"wldk7at65tvf0h3"},"id":"6b9eevyen9xxl1f","previousOperationId":"rdincp9yqysyok0"}
{"type":"operationEnd","operationId":"rdincp9yqysyok0","timestamp":1701680466797,"id":"r3fn5emqp5rugje","previousEventId":"5cuv9lsyylnenl4","previousOperationId":"rdincp9yqysyok0"}
{"type":"log","timestamp":1701680466797,"level":"debug","message":"Skipping storing report.","meta":{"rootId":"wldk7at65tvf0h3","id":"wldk7at65tvf0h3"},"id":"rdj7qflwy2kws3n","previousOperationId":"rdincp9yqysyok0"}
{"type":"log","timestamp":1701680466797,"level":"info","message":"Rendering request 26 finished in 108 ms","meta":{"rootId":"wldk7at65tvf0h3","id":"wldk7at65tvf0h3"},"id":"kt4h6vr3x5j72xw","previousOperationId":"rdincp9yqysyok0"}
{"type":"operationEnd","subtype":"render","operationId":"jamljcfacm5puj2","timestamp":1701680466797,"id":"6i3yj7qefoypuzd","previousEventId":"r3fn5emqp5rugje","previousOperationId":"rdincp9yqysyok0"}
{"type":"operationEnd","doDiffs":false,"previousEventId":"842nc1b3sc0ixs7","previousOperationId":"vwp5kqbq6idjg38","operationId":"vwp5kqbq6idjg38","timestamp":1701680466798,"id":"w4mbtmuva7es8ma"}
