{"type":"operationStart","subtype":"profile","data":{"_id":"kVjAylbFhGZIP26j","timestamp":"2023-12-04T09:16:05.560Z","state":"queued","mode":"standard","creationDate":"2023-12-04T09:16:05.562Z","modificationDate":"2023-12-04T09:16:05.562Z","shortid":"a-yHmvE","$entitySet":"profiles"},"doDiffs":false,"timestamp":1701681365562,"id":"815u9l3kwnwpgtx","previousOperationId":null,"operationId":"sennlwcqhg8vq0r"}
{"type":"log","level":"info","message":"Render request 42 queued for execution and waiting for available worker","previousOperationId":"sennlwcqhg8vq0r","timestamp":1701681365562,"id":"g5fdexfyc2qgpmc"}
{"type":"operationStart","subtype":"render","name":"pp_index","previousOperationId":"sennlwcqhg8vq0r","timestamp":1701681365576,"id":"ot6wkph3lapqrjq","previousEventId":"815u9l3kwnwpgtx","operationId":"9g06fhtk2nmzmr3"}
{"type":"log","timestamp":1701681365576,"level":"info","message":"Starting rendering request 42","meta":{"rootId":"xadanmirsc94622","id":"xadanmirsc94622"},"id":"bnh7xb4bhbm6c0y","previousOperationId":"9g06fhtk2nmzmr3"}
{"type":"log","timestamp":1701681365576,"level":"info","message":"Rendering template { name: pp_index, recipe: chrome-pdf, engine: handlebars, preview: true }","meta":{"rootId":"xadanmirsc94622","id":"xadanmirsc94622"},"id":"wzzpvc1ojoucrcz","previousOperationId":"9g06fhtk2nmzmr3"}
{"type":"log","timestamp":1701681365577,"level":"debug","message":"Inline data specified.","meta":{"rootId":"xadanmirsc94622","id":"xadanmirsc94622"},"id":"o3gecvxhqx02yhn","previousOperationId":"9g06fhtk2nmzmr3"}
{"type":"log","timestamp":1701681365578,"level":"debug","message":"Base url not specified, skipping its injection.","meta":{"rootId":"xadanmirsc94622","id":"xadanmirsc94622"},"id":"jq5e1r4g41syhwx","previousOperationId":"9g06fhtk2nmzmr3"}
{"type":"operationStart","subtype":"engine","name":"handlebars","timestamp":1701681365578,"id":"yfhpyx5bfi2cnps","previousEventId":"ot6wkph3lapqrjq","operationId":"g79oeaflt0bskeo","previousOperationId":"9g06fhtk2nmzmr3"}
{"type":"log","timestamp":1701681365578,"level":"debug","message":"Rendering engine handlebars","meta":{"rootId":"xadanmirsc94622","id":"xadanmirsc94622"},"id":"rmvq75nh7usorpk","previousOperationId":"g79oeaflt0bskeo"}
{"type":"operationEnd","operationId":"g79oeaflt0bskeo","timestamp":1701681365594,"id":"0s1qzwkbj1lhfxd","previousEventId":"yfhpyx5bfi2cnps","previousOperationId":"g79oeaflt0bskeo"}
{"type":"operationStart","subtype":"recipe","name":"chrome-pdf","timestamp":1701681365594,"id":"036b9swi2uai685","previousEventId":"0s1qzwkbj1lhfxd","operationId":"0b1imbaibczzwu3","previousOperationId":"g79oeaflt0bskeo"}
{"type":"log","timestamp":1701681365594,"level":"debug","message":"Executing recipe chrome-pdf","meta":{"rootId":"xadanmirsc94622","id":"xadanmirsc94622"},"id":"91mm5ovwlijpc0g","previousOperationId":"0b1imbaibczzwu3"}
{"type":"log","timestamp":1701681365595,"level":"debug","message":"Converting with chrome HeadlessChrome/117.0.5938.149 using chrome-pool strategy","meta":{"rootId":"xadanmirsc94622","id":"xadanmirsc94622"},"id":"f1b5dnk7sjjklj0","previousOperationId":"0b1imbaibczzwu3"}
{"type":"log","timestamp":1701681365642,"level":"debug","message":"Page request: GET (document) file:///var/folders/dp/qk79pfcj0y1fmtkkl08m76rc0000gn/T/jsreport/autocleanup/17f1cf08-2f05-4e59-aafb-6f1f11b05766-chrome-pdf.html","meta":{"rootId":"xadanmirsc94622","id":"xadanmirsc94622"},"id":"po3frzl36fsrfad","previousOperationId":"0b1imbaibczzwu3"}
{"type":"log","timestamp":1701681365647,"level":"debug","message":"Page request finished: GET (document) 200 file:///var/folders/dp/qk79pfcj0y1fmtkkl08m76rc0000gn/T/jsreport/autocleanup/17f1cf08-2f05-4e59-aafb-6f1f11b05766-chrome-pdf.html","meta":{"rootId":"xadanmirsc94622","id":"xadanmirsc94622"},"id":"6lcndhvsygh2zgt","previousOperationId":"0b1imbaibczzwu3"}
{"type":"log","timestamp":1701681365657,"level":"debug","message":"Running chrome with params {\"printBackground\":true,\"timeout\":59965,\"margin\":{}}","meta":{"rootId":"xadanmirsc94622","id":"xadanmirsc94622"},"id":"b4p2ipnxxsbu2of","previousOperationId":"0b1imbaibczzwu3"}
{"type":"operationEnd","operationId":"0b1imbaibczzwu3","timestamp":1701681365676,"id":"egk559sesdveklp","previousEventId":"036b9swi2uai685","previousOperationId":"0b1imbaibczzwu3"}
{"type":"log","timestamp":1701681365676,"level":"debug","message":"Skipping storing report.","meta":{"rootId":"xadanmirsc94622","id":"xadanmirsc94622"},"id":"z0lev0sop5s7da6","previousOperationId":"0b1imbaibczzwu3"}
{"type":"log","timestamp":1701681365676,"level":"info","message":"Rendering request 42 finished in 116 ms","meta":{"rootId":"xadanmirsc94622","id":"xadanmirsc94622"},"id":"8cn6njdwry3vrhr","previousOperationId":"0b1imbaibczzwu3"}
{"type":"operationEnd","subtype":"render","operationId":"9g06fhtk2nmzmr3","timestamp":1701681365676,"id":"cmppnga67nde589","previousEventId":"egk559sesdveklp","previousOperationId":"0b1imbaibczzwu3"}
{"type":"operationEnd","doDiffs":false,"previousEventId":"815u9l3kwnwpgtx","previousOperationId":"sennlwcqhg8vq0r","operationId":"sennlwcqhg8vq0r","timestamp":1701681365677,"id":"3dnqgslwqpz5s7m"}
