{"type":"operationStart","subtype":"profile","data":{"_id":"FaRDXu0T7PY8BASK","timestamp":"2023-12-06T10:33:01.897Z","state":"queued","mode":"standard","creationDate":"2023-12-06T10:33:01.899Z","modificationDate":"2023-12-06T10:33:01.899Z","shortid":"CK5E1pc","$entitySet":"profiles"},"doDiffs":false,"timestamp":1701858781898,"id":"4by1gs4u2dy5g2o","previousOperationId":null,"operationId":"hb86pmyqn2eirni"}
{"type":"log","level":"info","message":"Render request 94 queued for execution and waiting for available worker","previousOperationId":"hb86pmyqn2eirni","timestamp":1701858781899,"id":"995ftnjvfe6q173"}
{"type":"operationStart","subtype":"render","name":"pp_index","previousOperationId":"hb86pmyqn2eirni","timestamp":1701858781912,"id":"tdwy2u4iszrj2hc","previousEventId":"4by1gs4u2dy5g2o","operationId":"8s55m3nuq9pknix"}
{"type":"log","timestamp":1701858781912,"level":"info","message":"Starting rendering request 94","meta":{"rootId":"xby52ix0eqa9oxw","id":"xby52ix0eqa9oxw"},"id":"tu93gumtsc8ua3v","previousOperationId":"8s55m3nuq9pknix"}
{"type":"log","timestamp":1701858781912,"level":"info","message":"Rendering template { name: pp_index, recipe: chrome-pdf, engine: handlebars, preview: true }","meta":{"rootId":"xby52ix0eqa9oxw","id":"xby52ix0eqa9oxw"},"id":"p7m1qw9beyorevu","previousOperationId":"8s55m3nuq9pknix"}
{"type":"log","timestamp":1701858781914,"level":"debug","message":"Inline data specified.","meta":{"rootId":"xby52ix0eqa9oxw","id":"xby52ix0eqa9oxw"},"id":"or6qfab2gup9c6u","previousOperationId":"8s55m3nuq9pknix"}
{"type":"log","timestamp":1701858781915,"level":"debug","message":"Base url not specified, skipping its injection.","meta":{"rootId":"xby52ix0eqa9oxw","id":"xby52ix0eqa9oxw"},"id":"iacebkudagc6fld","previousOperationId":"8s55m3nuq9pknix"}
{"type":"log","timestamp":1701858781918,"level":"debug","message":"Replaced assets [\"styles.css\"]","meta":{"rootId":"xby52ix0eqa9oxw","id":"xby52ix0eqa9oxw"},"id":"85jab6lpij06yh5","previousOperationId":"8s55m3nuq9pknix"}
{"type":"operationStart","subtype":"engine","name":"handlebars","timestamp":1701858781918,"id":"xbvhfrh623w7hnt","previousEventId":"tdwy2u4iszrj2hc","operationId":"3fbk34dqv1q4596","previousOperationId":"8s55m3nuq9pknix"}
{"type":"log","timestamp":1701858781918,"level":"debug","message":"Rendering engine handlebars","meta":{"rootId":"xby52ix0eqa9oxw","id":"xby52ix0eqa9oxw"},"id":"0ev4zbkuifvwjxj","previousOperationId":"3fbk34dqv1q4596"}
{"type":"operationEnd","operationId":"3fbk34dqv1q4596","timestamp":1701858781926,"id":"94nl3yywvvpn99j","previousEventId":"xbvhfrh623w7hnt","previousOperationId":"3fbk34dqv1q4596"}
{"type":"operationStart","subtype":"recipe","name":"chrome-pdf","timestamp":1701858781926,"id":"j7yldgjurmrh707","previousEventId":"94nl3yywvvpn99j","operationId":"omlqru4bgqzl2gk","previousOperationId":"3fbk34dqv1q4596"}
{"type":"log","timestamp":1701858781926,"level":"debug","message":"Executing recipe chrome-pdf","meta":{"rootId":"xby52ix0eqa9oxw","id":"xby52ix0eqa9oxw"},"id":"gs1czev25swxf6i","previousOperationId":"omlqru4bgqzl2gk"}
{"type":"log","timestamp":1701858781928,"level":"debug","message":"Converting with chrome HeadlessChrome/117.0.5938.149 using chrome-pool strategy","meta":{"rootId":"xby52ix0eqa9oxw","id":"xby52ix0eqa9oxw"},"id":"tj7zqnwbo6z5108","previousOperationId":"omlqru4bgqzl2gk"}
{"type":"log","timestamp":1701858781975,"level":"debug","message":"Page request: GET (document) file:///var/folders/dp/qk79pfcj0y1fmtkkl08m76rc0000gn/T/jsreport/autocleanup/9063f71b-8947-4480-9128-9d98673a98b5-chrome-pdf.html","meta":{"rootId":"xby52ix0eqa9oxw","id":"xby52ix0eqa9oxw"},"id":"skjeupjwd5r1qo0","previousOperationId":"omlqru4bgqzl2gk"}
{"type":"log","timestamp":1701858781980,"level":"debug","message":"Page request finished: GET (document) 200 file:///var/folders/dp/qk79pfcj0y1fmtkkl08m76rc0000gn/T/jsreport/autocleanup/9063f71b-8947-4480-9128-9d98673a98b5-chrome-pdf.html","meta":{"rootId":"xby52ix0eqa9oxw","id":"xby52ix0eqa9oxw"},"id":"sg3cgrp0lklfgxf","previousOperationId":"omlqru4bgqzl2gk"}
{"type":"log","timestamp":1701858781991,"level":"debug","message":"Running chrome with params {\"printBackground\":true,\"width\":\"68mm\",\"height\":\"30cm\",\"timeout\":59970,\"margin\":{}}","meta":{"rootId":"xby52ix0eqa9oxw","id":"xby52ix0eqa9oxw"},"id":"w5yt1jm24xgtxam","previousOperationId":"omlqru4bgqzl2gk"}
{"type":"operationEnd","operationId":"omlqru4bgqzl2gk","timestamp":1701858782012,"id":"el00pyoqutut9dw","previousEventId":"j7yldgjurmrh707","previousOperationId":"omlqru4bgqzl2gk"}
{"type":"log","timestamp":1701858782012,"level":"debug","message":"Skipping storing report.","meta":{"rootId":"xby52ix0eqa9oxw","id":"xby52ix0eqa9oxw"},"id":"fa1nmq26icg7oy0","previousOperationId":"omlqru4bgqzl2gk"}
{"type":"log","timestamp":1701858782013,"level":"info","message":"Rendering request 94 finished in 116 ms","meta":{"rootId":"xby52ix0eqa9oxw","id":"xby52ix0eqa9oxw"},"id":"xofn2l2df5k0x36","previousOperationId":"omlqru4bgqzl2gk"}
{"type":"operationEnd","subtype":"render","operationId":"8s55m3nuq9pknix","timestamp":1701858782013,"id":"dxq2eo75lz5uu9d","previousEventId":"el00pyoqutut9dw","previousOperationId":"omlqru4bgqzl2gk"}
{"type":"operationEnd","doDiffs":false,"previousEventId":"4by1gs4u2dy5g2o","previousOperationId":"hb86pmyqn2eirni","operationId":"hb86pmyqn2eirni","timestamp":1701858782014,"id":"3gyjer9w5jybmnx"}
