{"type":"operationStart","subtype":"profile","data":{"_id":"eI8W7adT4yTtC3EG","timestamp":"2023-12-04T12:05:08.648Z","state":"queued","mode":"standard","creationDate":"2023-12-04T12:05:08.651Z","modificationDate":"2023-12-04T12:05:08.651Z","shortid":"2FM2utq","$entitySet":"profiles"},"doDiffs":false,"timestamp":1701691508650,"id":"lwnje8mz3pf0kqk","previousOperationId":null,"operationId":"o9xch8yvnf1xiv0"}
{"type":"log","level":"info","message":"Render request 150 queued for execution and waiting for available worker","previousOperationId":"o9xch8yvnf1xiv0","timestamp":1701691508651,"id":"i1meq4dyvus1rtp"}
{"type":"operationStart","subtype":"render","name":"pp_index","previousOperationId":"o9xch8yvnf1xiv0","timestamp":1701691508657,"id":"z3nk6qpzknquc09","previousEventId":"lwnje8mz3pf0kqk","operationId":"h6r5dqafta6aqvn"}
{"type":"log","timestamp":1701691508657,"level":"info","message":"Starting rendering request 150","meta":{"rootId":"xgqw1cxdqgzp28b","id":"xgqw1cxdqgzp28b"},"id":"hiwzfmz60nglnrt","previousOperationId":"h6r5dqafta6aqvn"}
{"type":"log","timestamp":1701691508657,"level":"info","message":"Rendering template { name: pp_index, recipe: chrome-pdf, engine: handlebars, preview: true }","meta":{"rootId":"xgqw1cxdqgzp28b","id":"xgqw1cxdqgzp28b"},"id":"4ochqtw1g95uosf","previousOperationId":"h6r5dqafta6aqvn"}
{"type":"log","timestamp":1701691508658,"level":"debug","message":"Inline data specified.","meta":{"rootId":"xgqw1cxdqgzp28b","id":"xgqw1cxdqgzp28b"},"id":"rkzno0gh60x5lnz","previousOperationId":"h6r5dqafta6aqvn"}
{"type":"log","timestamp":1701691508661,"level":"debug","message":"Base url not specified, skipping its injection.","meta":{"rootId":"xgqw1cxdqgzp28b","id":"xgqw1cxdqgzp28b"},"id":"h51hmj85p93k2np","previousOperationId":"h6r5dqafta6aqvn"}
{"type":"operationStart","subtype":"engine","name":"handlebars","timestamp":1701691508662,"id":"sx3arnwcwxtkm0d","previousEventId":"z3nk6qpzknquc09","operationId":"ne2jntjlrhmy0g8","previousOperationId":"h6r5dqafta6aqvn"}
{"type":"log","timestamp":1701691508662,"level":"debug","message":"Rendering engine handlebars","meta":{"rootId":"xgqw1cxdqgzp28b","id":"xgqw1cxdqgzp28b"},"id":"39dcpxezfh3o0ut","previousOperationId":"ne2jntjlrhmy0g8"}
{"type":"operationEnd","operationId":"ne2jntjlrhmy0g8","timestamp":1701691508678,"id":"si0dwehapiurahx","previousEventId":"sx3arnwcwxtkm0d","previousOperationId":"ne2jntjlrhmy0g8"}
{"type":"operationStart","subtype":"recipe","name":"chrome-pdf","timestamp":1701691508678,"id":"yu3l91g3u0928rh","previousEventId":"si0dwehapiurahx","operationId":"tsofs0v5kp00025","previousOperationId":"ne2jntjlrhmy0g8"}
{"type":"log","timestamp":1701691508678,"level":"debug","message":"Executing recipe chrome-pdf","meta":{"rootId":"xgqw1cxdqgzp28b","id":"xgqw1cxdqgzp28b"},"id":"rr4oz1180vzezqi","previousOperationId":"tsofs0v5kp00025"}
{"type":"log","timestamp":1701691508680,"level":"debug","message":"Converting with chrome HeadlessChrome/117.0.5938.149 using chrome-pool strategy","meta":{"rootId":"xgqw1cxdqgzp28b","id":"xgqw1cxdqgzp28b"},"id":"h3ncvtpezju2tn8","previousOperationId":"tsofs0v5kp00025"}
{"type":"log","timestamp":1701691508729,"level":"debug","message":"Page request: GET (document) file:///var/folders/dp/qk79pfcj0y1fmtkkl08m76rc0000gn/T/jsreport/autocleanup/f2f428d0-30de-4b82-9325-ca51771fe5d5-chrome-pdf.html","meta":{"rootId":"xgqw1cxdqgzp28b","id":"xgqw1cxdqgzp28b"},"id":"6rxdzzgbkanafte","previousOperationId":"tsofs0v5kp00025"}
{"type":"log","timestamp":1701691508734,"level":"debug","message":"Page request finished: GET (document) 200 file:///var/folders/dp/qk79pfcj0y1fmtkkl08m76rc0000gn/T/jsreport/autocleanup/f2f428d0-30de-4b82-9325-ca51771fe5d5-chrome-pdf.html","meta":{"rootId":"xgqw1cxdqgzp28b","id":"xgqw1cxdqgzp28b"},"id":"x5sg3mjkq79bjtm","previousOperationId":"tsofs0v5kp00025"}
{"type":"log","timestamp":1701691508746,"level":"debug","message":"Running chrome with params {\"printBackground\":true,\"width\":\"5.8cm\",\"height\":\"35cm\",\"timeout\":59969,\"margin\":{}}","meta":{"rootId":"xgqw1cxdqgzp28b","id":"xgqw1cxdqgzp28b"},"id":"ww2w2jxw1khzdrb","previousOperationId":"tsofs0v5kp00025"}
{"type":"operationEnd","operationId":"tsofs0v5kp00025","timestamp":1701691508770,"id":"xpwqtvm4hz34d3d","previousEventId":"yu3l91g3u0928rh","previousOperationId":"tsofs0v5kp00025"}
{"type":"log","timestamp":1701691508770,"level":"debug","message":"Skipping storing report.","meta":{"rootId":"xgqw1cxdqgzp28b","id":"xgqw1cxdqgzp28b"},"id":"ttfdyimnzy44cen","previousOperationId":"tsofs0v5kp00025"}
{"type":"log","timestamp":1701691508771,"level":"info","message":"Rendering request 150 finished in 123 ms","meta":{"rootId":"xgqw1cxdqgzp28b","id":"xgqw1cxdqgzp28b"},"id":"jo2dwmlflh99cej","previousOperationId":"tsofs0v5kp00025"}
{"type":"operationEnd","subtype":"render","operationId":"h6r5dqafta6aqvn","timestamp":1701691508771,"id":"19l1xhfyyp1vp2c","previousEventId":"xpwqtvm4hz34d3d","previousOperationId":"tsofs0v5kp00025"}
{"type":"operationEnd","doDiffs":false,"previousEventId":"lwnje8mz3pf0kqk","previousOperationId":"o9xch8yvnf1xiv0","operationId":"o9xch8yvnf1xiv0","timestamp":1701691508772,"id":"dub637qv9fa2jck"}
