{"type":"operationStart","subtype":"profile","data":{"_id":"HBQjsS04sXXGUWlE","timestamp":"2023-12-13T11:36:42.761Z","state":"queued","mode":"standard","creationDate":"2023-12-13T11:36:42.763Z","modificationDate":"2023-12-13T11:36:42.763Z","shortid":"OViLmqt","$entitySet":"profiles"},"doDiffs":false,"timestamp":1702467402762,"id":"hrs9cd19uw6maw3","previousOperationId":null,"operationId":"g7jrmb05w734ue2"}
{"type":"log","level":"info","message":"Render request 5 queued for execution and waiting for available worker","previousOperationId":"g7jrmb05w734ue2","timestamp":1702467402762,"id":"t7amjglr4i0obj5"}
{"type":"operationStart","subtype":"render","name":"pp_index","previousOperationId":"g7jrmb05w734ue2","timestamp":1702467402779,"id":"5opv09cjrquqc4b","previousEventId":"hrs9cd19uw6maw3","operationId":"gctb53brf2wt6tq"}
{"type":"log","timestamp":1702467402779,"level":"info","message":"Starting rendering request 5","meta":{"rootId":"xldn2n1oog6k3p7","id":"xldn2n1oog6k3p7"},"id":"pxddgf9o422w7ad","previousOperationId":"gctb53brf2wt6tq"}
{"type":"log","timestamp":1702467402779,"level":"info","message":"Rendering template { name: pp_index, recipe: chrome-pdf, engine: handlebars, preview: true }","meta":{"rootId":"xldn2n1oog6k3p7","id":"xldn2n1oog6k3p7"},"id":"ozbsmhbif2hbr0l","previousOperationId":"gctb53brf2wt6tq"}
{"type":"log","timestamp":1702467402780,"level":"debug","message":"Adding sample data PH9LTzd4s","meta":{"rootId":"xldn2n1oog6k3p7","id":"xldn2n1oog6k3p7"},"id":"6hph3mmyey8ybt2","previousOperationId":"gctb53brf2wt6tq"}
{"type":"log","timestamp":1702467402781,"level":"debug","message":"Base url not specified, skipping its injection.","meta":{"rootId":"xldn2n1oog6k3p7","id":"xldn2n1oog6k3p7"},"id":"4v1bkl7mp6tmtzu","previousOperationId":"gctb53brf2wt6tq"}
{"type":"log","timestamp":1702467402782,"level":"debug","message":"Replaced assets [\"styles.css\"]","meta":{"rootId":"xldn2n1oog6k3p7","id":"xldn2n1oog6k3p7"},"id":"990ivrwmc72meyn","previousOperationId":"gctb53brf2wt6tq"}
{"type":"operationStart","subtype":"engine","name":"handlebars","timestamp":1702467402782,"id":"qnpycsx91u7gy4f","previousEventId":"5opv09cjrquqc4b","operationId":"uryj3ucq66dh0e6","previousOperationId":"gctb53brf2wt6tq"}
{"type":"log","timestamp":1702467402782,"level":"debug","message":"Rendering engine handlebars","meta":{"rootId":"xldn2n1oog6k3p7","id":"xldn2n1oog6k3p7"},"id":"m5ej3y8mg4me76r","previousOperationId":"uryj3ucq66dh0e6"}
{"type":"operationEnd","operationId":"uryj3ucq66dh0e6","timestamp":1702467402805,"id":"s1zux88jtqtesja","previousEventId":"qnpycsx91u7gy4f","previousOperationId":"uryj3ucq66dh0e6"}
{"type":"operationStart","subtype":"recipe","name":"chrome-pdf","timestamp":1702467402805,"id":"voptnu1j9o9750i","previousEventId":"s1zux88jtqtesja","operationId":"4dvh211artvkv8y","previousOperationId":"uryj3ucq66dh0e6"}
{"type":"log","timestamp":1702467402805,"level":"debug","message":"Executing recipe chrome-pdf","meta":{"rootId":"xldn2n1oog6k3p7","id":"xldn2n1oog6k3p7"},"id":"odwu7v7udb635qw","previousOperationId":"4dvh211artvkv8y"}
{"type":"log","timestamp":1702467402807,"level":"debug","message":"Converting with chrome HeadlessChrome/117.0.5938.149 using chrome-pool strategy","meta":{"rootId":"xldn2n1oog6k3p7","id":"xldn2n1oog6k3p7"},"id":"z16ihcwx684344v","previousOperationId":"4dvh211artvkv8y"}
{"type":"log","timestamp":1702467402850,"level":"debug","message":"Page request: GET (document) file:///var/folders/dp/qk79pfcj0y1fmtkkl08m76rc0000gn/T/jsreport/autocleanup/162f6e49-5ba9-4c32-8497-bd6d48628eab-chrome-pdf.html","meta":{"rootId":"xldn2n1oog6k3p7","id":"xldn2n1oog6k3p7"},"id":"gsv4hih7551uhv3","previousOperationId":"4dvh211artvkv8y"}
{"type":"log","timestamp":1702467402855,"level":"debug","message":"Page request finished: GET (document) 200 file:///var/folders/dp/qk79pfcj0y1fmtkkl08m76rc0000gn/T/jsreport/autocleanup/162f6e49-5ba9-4c32-8497-bd6d48628eab-chrome-pdf.html","meta":{"rootId":"xldn2n1oog6k3p7","id":"xldn2n1oog6k3p7"},"id":"0bmsf3m9tipenn5","previousOperationId":"4dvh211artvkv8y"}
{"type":"log","timestamp":1702467402866,"level":"debug","message":"Running chrome with params {\"printBackground\":true,\"width\":\"58mm\",\"height\":\"45cm\",\"timeout\":59954,\"margin\":{}}","meta":{"rootId":"xldn2n1oog6k3p7","id":"xldn2n1oog6k3p7"},"id":"wj9vc0fc7lj8ez2","previousOperationId":"4dvh211artvkv8y"}
{"type":"operationEnd","operationId":"4dvh211artvkv8y","timestamp":1702467402886,"id":"bnm1th5vnwd644x","previousEventId":"voptnu1j9o9750i","previousOperationId":"4dvh211artvkv8y"}
{"type":"log","timestamp":1702467402886,"level":"debug","message":"Skipping storing report.","meta":{"rootId":"xldn2n1oog6k3p7","id":"xldn2n1oog6k3p7"},"id":"46tmu8rhkqq6e01","previousOperationId":"4dvh211artvkv8y"}
{"type":"log","timestamp":1702467402886,"level":"info","message":"Rendering request 5 finished in 126 ms","meta":{"rootId":"xldn2n1oog6k3p7","id":"xldn2n1oog6k3p7"},"id":"npg6qiztno136r9","previousOperationId":"4dvh211artvkv8y"}
{"type":"operationEnd","subtype":"render","operationId":"gctb53brf2wt6tq","timestamp":1702467402886,"id":"mvid0rqu4as78yk","previousEventId":"bnm1th5vnwd644x","previousOperationId":"4dvh211artvkv8y"}
{"type":"operationEnd","doDiffs":false,"previousEventId":"hrs9cd19uw6maw3","previousOperationId":"g7jrmb05w734ue2","operationId":"g7jrmb05w734ue2","timestamp":1702467402888,"id":"g458mowhf9ohvmn"}
