{"type":"operationStart","subtype":"profile","data":{"_id":"fAi1gvneea7Xsb1w","timestamp":"2023-12-15T14:15:09.459Z","state":"queued","mode":"standard","creationDate":"2023-12-15T14:15:09.462Z","modificationDate":"2023-12-15T14:15:09.462Z","shortid":"J7XWv2r","$entitySet":"profiles"},"doDiffs":false,"timestamp":1702649709461,"id":"rfo7cn4nipbscdh","previousOperationId":null,"operationId":"q4x92k5avnm1nob"}
{"type":"log","level":"info","message":"Render request 1 queued for execution and waiting for available worker","previousOperationId":"q4x92k5avnm1nob","timestamp":1702649709461,"id":"tfuxjsoztigeva4"}
{"type":"operationStart","subtype":"render","name":"pp_index","previousOperationId":"q4x92k5avnm1nob","timestamp":1702649709481,"id":"v4qxm8m5066z1y9","previousEventId":"rfo7cn4nipbscdh","operationId":"2kkejt56uzid4vq"}
{"type":"log","timestamp":1702649709483,"level":"info","message":"Starting rendering request 1","meta":{"rootId":"xxle3zsnuy3uzrf","id":"xxle3zsnuy3uzrf"},"id":"jyny81frszicxeo","previousOperationId":"2kkejt56uzid4vq"}
{"type":"log","timestamp":1702649709484,"level":"info","message":"Rendering template { name: pp_index, recipe: chrome-pdf, engine: handlebars, preview: true }","meta":{"rootId":"xxle3zsnuy3uzrf","id":"xxle3zsnuy3uzrf"},"id":"6om3enr31kjqrx2","previousOperationId":"2kkejt56uzid4vq"}
{"type":"log","timestamp":1702649709485,"level":"debug","message":"Adding sample data PH9LTzd4s","meta":{"rootId":"xxle3zsnuy3uzrf","id":"xxle3zsnuy3uzrf"},"id":"tmlfnhzhgrg4lai","previousOperationId":"2kkejt56uzid4vq"}
{"type":"log","timestamp":1702649709486,"level":"debug","message":"Base url not specified, skipping its injection.","meta":{"rootId":"xxle3zsnuy3uzrf","id":"xxle3zsnuy3uzrf"},"id":"ub8jz170orpgzif","previousOperationId":"2kkejt56uzid4vq"}
{"type":"log","timestamp":1702649709490,"level":"debug","message":"Replaced assets [\"styles.css\"]","meta":{"rootId":"xxle3zsnuy3uzrf","id":"xxle3zsnuy3uzrf"},"id":"wqfp1apg9lcg29u","previousOperationId":"2kkejt56uzid4vq"}
{"type":"operationStart","subtype":"engine","name":"handlebars","timestamp":1702649709490,"id":"73jldee0s4dq06x","previousEventId":"v4qxm8m5066z1y9","operationId":"pr3mm4032o6ekca","previousOperationId":"2kkejt56uzid4vq"}
{"type":"log","timestamp":1702649709490,"level":"debug","message":"Rendering engine handlebars","meta":{"rootId":"xxle3zsnuy3uzrf","id":"xxle3zsnuy3uzrf"},"id":"5rejg7frtd1ifpv","previousOperationId":"pr3mm4032o6ekca"}
{"type":"operationEnd","operationId":"pr3mm4032o6ekca","timestamp":1702649709816,"id":"pjq9snr6rrmjog5","previousEventId":"73jldee0s4dq06x","previousOperationId":"pr3mm4032o6ekca"}
{"type":"operationStart","subtype":"recipe","name":"chrome-pdf","timestamp":1702649709817,"id":"djkak3cy2694co8","previousEventId":"pjq9snr6rrmjog5","operationId":"yq2iq3quacacpbo","previousOperationId":"pr3mm4032o6ekca"}
{"type":"log","timestamp":1702649709817,"level":"debug","message":"Executing recipe chrome-pdf","meta":{"rootId":"xxle3zsnuy3uzrf","id":"xxle3zsnuy3uzrf"},"id":"8ycj0sk2npd0vm4","previousOperationId":"yq2iq3quacacpbo"}
{"type":"log","timestamp":1702649710345,"level":"debug","message":"Converting with chrome HeadlessChrome/117.0.5938.149 using chrome-pool strategy","meta":{"rootId":"xxle3zsnuy3uzrf","id":"xxle3zsnuy3uzrf"},"id":"cj63et492e607ox","previousOperationId":"yq2iq3quacacpbo"}
{"type":"log","timestamp":1702649710449,"level":"debug","message":"Page request: GET (document) file:///var/folders/dp/qk79pfcj0y1fmtkkl08m76rc0000gn/T/jsreport/autocleanup/43375d74-fb32-48f0-a6f6-384379d18ce7-chrome-pdf.html","meta":{"rootId":"xxle3zsnuy3uzrf","id":"xxle3zsnuy3uzrf"},"id":"p0y14an9384zoic","previousOperationId":"yq2iq3quacacpbo"}
{"type":"log","timestamp":1702649710462,"level":"debug","message":"Page request finished: GET (document) 200 file:///var/folders/dp/qk79pfcj0y1fmtkkl08m76rc0000gn/T/jsreport/autocleanup/43375d74-fb32-48f0-a6f6-384379d18ce7-chrome-pdf.html","meta":{"rootId":"xxle3zsnuy3uzrf","id":"xxle3zsnuy3uzrf"},"id":"w0g90qrv8jvqhu5","previousOperationId":"yq2iq3quacacpbo"}
{"type":"log","timestamp":1702649710478,"level":"debug","message":"Running chrome with params {\"printBackground\":true,\"width\":\"58mm\",\"height\":\"45cm\",\"timeout\":59636,\"margin\":{}}","meta":{"rootId":"xxle3zsnuy3uzrf","id":"xxle3zsnuy3uzrf"},"id":"x33d0d12heziqm5","previousOperationId":"yq2iq3quacacpbo"}
{"type":"operationEnd","operationId":"yq2iq3quacacpbo","timestamp":1702649710526,"id":"izf357c7yr7r91o","previousEventId":"djkak3cy2694co8","previousOperationId":"yq2iq3quacacpbo"}
{"type":"log","timestamp":1702649710527,"level":"debug","message":"Skipping storing report.","meta":{"rootId":"xxle3zsnuy3uzrf","id":"xxle3zsnuy3uzrf"},"id":"d6o1dgca8b0g4fw","previousOperationId":"yq2iq3quacacpbo"}
{"type":"log","timestamp":1702649710527,"level":"info","message":"Rendering request 1 finished in 1069 ms","meta":{"rootId":"xxle3zsnuy3uzrf","id":"xxle3zsnuy3uzrf"},"id":"09wibhcwrx5rnem","previousOperationId":"yq2iq3quacacpbo"}
{"type":"operationEnd","subtype":"render","operationId":"2kkejt56uzid4vq","timestamp":1702649710527,"id":"8mjao57fb60u0ku","previousEventId":"izf357c7yr7r91o","previousOperationId":"yq2iq3quacacpbo"}
{"type":"operationEnd","doDiffs":false,"previousEventId":"rfo7cn4nipbscdh","previousOperationId":"q4x92k5avnm1nob","operationId":"q4x92k5avnm1nob","timestamp":1702649710529,"id":"suvqkywnxddg5gv"}
