{"type":"operationStart","subtype":"profile","data":{"_id":"IrTOhGnIaj8nb83m","timestamp":"2023-12-04T14:09:46.568Z","state":"queued","mode":"standard","creationDate":"2023-12-04T14:09:46.569Z","modificationDate":"2023-12-04T14:09:46.569Z","shortid":"FYjgcVO","$entitySet":"profiles"},"doDiffs":false,"timestamp":1701698986569,"id":"0vj0183hcp0g6zt","previousOperationId":null,"operationId":"ib86rhvoy9b0zp2"}
{"type":"log","level":"info","message":"Render request 45 queued for execution and waiting for available worker","previousOperationId":"ib86rhvoy9b0zp2","timestamp":1701698986569,"id":"0npv3krcyi5xu71"}
{"type":"operationStart","subtype":"render","name":"pp_index","previousOperationId":"ib86rhvoy9b0zp2","timestamp":1701698986579,"id":"3xbt4cvylvvihxg","previousEventId":"0vj0183hcp0g6zt","operationId":"9mmt2mgseoz1fzm"}
{"type":"log","timestamp":1701698986579,"level":"info","message":"Starting rendering request 45","meta":{"rootId":"y6hv3vsdkk526dq","id":"y6hv3vsdkk526dq"},"id":"tr7uo08jh6e20n1","previousOperationId":"9mmt2mgseoz1fzm"}
{"type":"log","timestamp":1701698986579,"level":"info","message":"Rendering template { name: pp_index, recipe: chrome-pdf, engine: handlebars, preview: true }","meta":{"rootId":"y6hv3vsdkk526dq","id":"y6hv3vsdkk526dq"},"id":"wh7aytvrez18t29","previousOperationId":"9mmt2mgseoz1fzm"}
{"type":"log","timestamp":1701698986582,"level":"debug","message":"Adding sample data PH9LTzd4s","meta":{"rootId":"y6hv3vsdkk526dq","id":"y6hv3vsdkk526dq"},"id":"7v8k5hdpezwn2yl","previousOperationId":"9mmt2mgseoz1fzm"}
{"type":"log","timestamp":1701698986588,"level":"debug","message":"Base url not specified, skipping its injection.","meta":{"rootId":"y6hv3vsdkk526dq","id":"y6hv3vsdkk526dq"},"id":"7ipqwy3rqokxu1h","previousOperationId":"9mmt2mgseoz1fzm"}
{"type":"log","timestamp":1701698986589,"level":"debug","message":"Replaced assets [\"styles.css\"]","meta":{"rootId":"y6hv3vsdkk526dq","id":"y6hv3vsdkk526dq"},"id":"vihliexaj8ore5m","previousOperationId":"9mmt2mgseoz1fzm"}
{"type":"operationStart","subtype":"engine","name":"handlebars","timestamp":1701698986589,"id":"9lwbsbxpo0xlafo","previousEventId":"3xbt4cvylvvihxg","operationId":"xcnuu4amwlibvhc","previousOperationId":"9mmt2mgseoz1fzm"}
{"type":"log","timestamp":1701698986589,"level":"debug","message":"Rendering engine handlebars","meta":{"rootId":"y6hv3vsdkk526dq","id":"y6hv3vsdkk526dq"},"id":"fccydqa5jqketnt","previousOperationId":"xcnuu4amwlibvhc"}
{"type":"operationEnd","operationId":"xcnuu4amwlibvhc","timestamp":1701698986597,"id":"ersbf0ujezafa8y","previousEventId":"9lwbsbxpo0xlafo","previousOperationId":"xcnuu4amwlibvhc"}
{"type":"operationStart","subtype":"recipe","name":"chrome-pdf","timestamp":1701698986597,"id":"jot8mre73jwfqdg","previousEventId":"ersbf0ujezafa8y","operationId":"stnj17xlfawdu9h","previousOperationId":"xcnuu4amwlibvhc"}
{"type":"log","timestamp":1701698986597,"level":"debug","message":"Executing recipe chrome-pdf","meta":{"rootId":"y6hv3vsdkk526dq","id":"y6hv3vsdkk526dq"},"id":"q86f3ewhkpfbced","previousOperationId":"stnj17xlfawdu9h"}
{"type":"log","timestamp":1701698986598,"level":"debug","message":"Converting with chrome HeadlessChrome/117.0.5938.149 using chrome-pool strategy","meta":{"rootId":"y6hv3vsdkk526dq","id":"y6hv3vsdkk526dq"},"id":"6i2b8mf32la1njm","previousOperationId":"stnj17xlfawdu9h"}
{"type":"log","timestamp":1701698986652,"level":"debug","message":"Page request: GET (document) file:///var/folders/dp/qk79pfcj0y1fmtkkl08m76rc0000gn/T/jsreport/autocleanup/3f96f491-0b01-4d48-8ec4-7ba65703171e-chrome-pdf.html","meta":{"rootId":"y6hv3vsdkk526dq","id":"y6hv3vsdkk526dq"},"id":"rgwemrbiyd9cist","previousOperationId":"stnj17xlfawdu9h"}
{"type":"log","timestamp":1701698986657,"level":"debug","message":"Page request finished: GET (document) 200 file:///var/folders/dp/qk79pfcj0y1fmtkkl08m76rc0000gn/T/jsreport/autocleanup/3f96f491-0b01-4d48-8ec4-7ba65703171e-chrome-pdf.html","meta":{"rootId":"y6hv3vsdkk526dq","id":"y6hv3vsdkk526dq"},"id":"1fawfvi1yq6sprd","previousOperationId":"stnj17xlfawdu9h"}
{"type":"log","timestamp":1701698986670,"level":"debug","message":"Running chrome with params {\"printBackground\":true,\"width\":\"5.8cm\",\"height\":\"40cm\",\"timeout\":59970,\"margin\":{}}","meta":{"rootId":"y6hv3vsdkk526dq","id":"y6hv3vsdkk526dq"},"id":"xwpeygltm1kjajk","previousOperationId":"stnj17xlfawdu9h"}
{"type":"operationEnd","operationId":"stnj17xlfawdu9h","timestamp":1701698986695,"id":"0q0ovl2d41c2iaw","previousEventId":"jot8mre73jwfqdg","previousOperationId":"stnj17xlfawdu9h"}
{"type":"log","timestamp":1701698986695,"level":"debug","message":"Skipping storing report.","meta":{"rootId":"y6hv3vsdkk526dq","id":"y6hv3vsdkk526dq"},"id":"kxle14w7pe15rj3","previousOperationId":"stnj17xlfawdu9h"}
{"type":"log","timestamp":1701698986695,"level":"info","message":"Rendering request 45 finished in 127 ms","meta":{"rootId":"y6hv3vsdkk526dq","id":"y6hv3vsdkk526dq"},"id":"ntub8dk4c2wackd","previousOperationId":"stnj17xlfawdu9h"}
{"type":"operationEnd","subtype":"render","operationId":"9mmt2mgseoz1fzm","timestamp":1701698986695,"id":"qb42yfme842v1d2","previousEventId":"0q0ovl2d41c2iaw","previousOperationId":"stnj17xlfawdu9h"}
{"type":"operationEnd","doDiffs":false,"previousEventId":"0vj0183hcp0g6zt","previousOperationId":"ib86rhvoy9b0zp2","operationId":"ib86rhvoy9b0zp2","timestamp":1701698986696,"id":"vut5dae69jcck4a"}
