{"type":"operationStart","subtype":"profile","data":{"_id":"Z3ENPOvWczPD8ZYo","timestamp":"2023-12-06T10:33:18.249Z","state":"queued","mode":"standard","creationDate":"2023-12-06T10:33:18.251Z","modificationDate":"2023-12-06T10:33:18.251Z","shortid":"xw2E9Jd","$entitySet":"profiles"},"doDiffs":false,"timestamp":1701858798250,"id":"lxu27xvh33vxabo","previousOperationId":null,"operationId":"pn9fyrsw4iyw9r5"}
{"type":"log","level":"info","message":"Render request 96 queued for execution and waiting for available worker","previousOperationId":"pn9fyrsw4iyw9r5","timestamp":1701858798250,"id":"1mplwu8tamfqbqd"}
{"type":"operationStart","subtype":"render","name":"pp_index","previousOperationId":"pn9fyrsw4iyw9r5","timestamp":1701858798263,"id":"xblqeuahhuyifwy","previousEventId":"lxu27xvh33vxabo","operationId":"5o6dyxcexn5ceui"}
{"type":"log","timestamp":1701858798263,"level":"info","message":"Starting rendering request 96","meta":{"rootId":"y7wnukxhh5ee496","id":"y7wnukxhh5ee496"},"id":"jub2qzqpzep71lf","previousOperationId":"5o6dyxcexn5ceui"}
{"type":"log","timestamp":1701858798263,"level":"info","message":"Rendering template { name: pp_index, recipe: chrome-pdf, engine: handlebars, preview: true }","meta":{"rootId":"y7wnukxhh5ee496","id":"y7wnukxhh5ee496"},"id":"bus9uwy2qdf333m","previousOperationId":"5o6dyxcexn5ceui"}
{"type":"log","timestamp":1701858798264,"level":"debug","message":"Inline data specified.","meta":{"rootId":"y7wnukxhh5ee496","id":"y7wnukxhh5ee496"},"id":"h9s29jc3luok88d","previousOperationId":"5o6dyxcexn5ceui"}
{"type":"log","timestamp":1701858798266,"level":"debug","message":"Base url not specified, skipping its injection.","meta":{"rootId":"y7wnukxhh5ee496","id":"y7wnukxhh5ee496"},"id":"8xvkbnuulfa2jkl","previousOperationId":"5o6dyxcexn5ceui"}
{"type":"log","timestamp":1701858798267,"level":"debug","message":"Replaced assets [\"styles.css\"]","meta":{"rootId":"y7wnukxhh5ee496","id":"y7wnukxhh5ee496"},"id":"fgbw07zyvmf4buc","previousOperationId":"5o6dyxcexn5ceui"}
{"type":"operationStart","subtype":"engine","name":"handlebars","timestamp":1701858798267,"id":"1cmei7q85l4j2xj","previousEventId":"xblqeuahhuyifwy","operationId":"w2oj7iu0kyuzuau","previousOperationId":"5o6dyxcexn5ceui"}
{"type":"log","timestamp":1701858798267,"level":"debug","message":"Rendering engine handlebars","meta":{"rootId":"y7wnukxhh5ee496","id":"y7wnukxhh5ee496"},"id":"u54b8o30p2ijt5q","previousOperationId":"w2oj7iu0kyuzuau"}
{"type":"operationEnd","operationId":"w2oj7iu0kyuzuau","timestamp":1701858798275,"id":"q54wh0b3bda0lzz","previousEventId":"1cmei7q85l4j2xj","previousOperationId":"w2oj7iu0kyuzuau"}
{"type":"operationStart","subtype":"recipe","name":"chrome-pdf","timestamp":1701858798275,"id":"6ihg47kjmijrlib","previousEventId":"q54wh0b3bda0lzz","operationId":"rtq9fhgprtaiiri","previousOperationId":"w2oj7iu0kyuzuau"}
{"type":"log","timestamp":1701858798275,"level":"debug","message":"Executing recipe chrome-pdf","meta":{"rootId":"y7wnukxhh5ee496","id":"y7wnukxhh5ee496"},"id":"udicekbyjfgtrb7","previousOperationId":"rtq9fhgprtaiiri"}
{"type":"log","timestamp":1701858798277,"level":"debug","message":"Converting with chrome HeadlessChrome/117.0.5938.149 using chrome-pool strategy","meta":{"rootId":"y7wnukxhh5ee496","id":"y7wnukxhh5ee496"},"id":"ctkkcm4d2o2cpxa","previousOperationId":"rtq9fhgprtaiiri"}
{"type":"log","timestamp":1701858798325,"level":"debug","message":"Page request: GET (document) file:///var/folders/dp/qk79pfcj0y1fmtkkl08m76rc0000gn/T/jsreport/autocleanup/14d756ed-ab66-46bf-9808-6eb3b2cf7e2e-chrome-pdf.html","meta":{"rootId":"y7wnukxhh5ee496","id":"y7wnukxhh5ee496"},"id":"9gofbcmlyjey9yo","previousOperationId":"rtq9fhgprtaiiri"}
{"type":"log","timestamp":1701858798331,"level":"debug","message":"Page request finished: GET (document) 200 file:///var/folders/dp/qk79pfcj0y1fmtkkl08m76rc0000gn/T/jsreport/autocleanup/14d756ed-ab66-46bf-9808-6eb3b2cf7e2e-chrome-pdf.html","meta":{"rootId":"y7wnukxhh5ee496","id":"y7wnukxhh5ee496"},"id":"twm9ut3nrzhnb2w","previousOperationId":"rtq9fhgprtaiiri"}
{"type":"log","timestamp":1701858798341,"level":"debug","message":"Running chrome with params {\"printBackground\":true,\"width\":\"68mm\",\"height\":\"45cm\",\"timeout\":59972,\"margin\":{}}","meta":{"rootId":"y7wnukxhh5ee496","id":"y7wnukxhh5ee496"},"id":"jqr9q31sextghei","previousOperationId":"rtq9fhgprtaiiri"}
{"type":"operationEnd","operationId":"rtq9fhgprtaiiri","timestamp":1701858798361,"id":"reiajtld31fs75l","previousEventId":"6ihg47kjmijrlib","previousOperationId":"rtq9fhgprtaiiri"}
{"type":"log","timestamp":1701858798361,"level":"debug","message":"Skipping storing report.","meta":{"rootId":"y7wnukxhh5ee496","id":"y7wnukxhh5ee496"},"id":"kw4i1nxg5vs35fa","previousOperationId":"rtq9fhgprtaiiri"}
{"type":"log","timestamp":1701858798361,"level":"info","message":"Rendering request 96 finished in 113 ms","meta":{"rootId":"y7wnukxhh5ee496","id":"y7wnukxhh5ee496"},"id":"jcltgjkduei0cf6","previousOperationId":"rtq9fhgprtaiiri"}
{"type":"operationEnd","subtype":"render","operationId":"5o6dyxcexn5ceui","timestamp":1701858798361,"id":"3qmpsh0nbidzi2l","previousEventId":"reiajtld31fs75l","previousOperationId":"rtq9fhgprtaiiri"}
{"type":"operationEnd","doDiffs":false,"previousEventId":"lxu27xvh33vxabo","previousOperationId":"pn9fyrsw4iyw9r5","operationId":"pn9fyrsw4iyw9r5","timestamp":1701858798362,"id":"wqf4kyc46gdxgqe"}
