{"type":"operationStart","subtype":"profile","data":{"_id":"HRZfbAlxkLQp30mL","timestamp":"2023-12-05T13:44:45.203Z","state":"queued","mode":"standard","creationDate":"2023-12-05T13:44:45.209Z","modificationDate":"2023-12-05T13:44:45.209Z","shortid":"ogN5lOR","$entitySet":"profiles"},"doDiffs":false,"timestamp":1701783885205,"id":"5oobw5lqqbfsyh5","previousOperationId":null,"operationId":"shz1t2jlslyz8xg"}
{"type":"log","level":"info","message":"Render request 1 queued for execution and waiting for available worker","previousOperationId":"shz1t2jlslyz8xg","timestamp":1701783885206,"id":"hr963x3rz7009zy"}
{"type":"operationStart","subtype":"render","name":"pp_index","previousOperationId":"shz1t2jlslyz8xg","timestamp":1701783885222,"id":"zrib7a5818wwab8","previousEventId":"5oobw5lqqbfsyh5","operationId":"2sqrs0q9p14frly"}
{"type":"log","timestamp":1701783885222,"level":"info","message":"Starting rendering request 1","meta":{"rootId":"z2iawj3mdm4f6p6","id":"z2iawj3mdm4f6p6"},"id":"pr7sep3iok34j6a","previousOperationId":"2sqrs0q9p14frly"}
{"type":"log","timestamp":1701783885223,"level":"info","message":"Rendering template { name: pp_index, recipe: chrome-pdf, engine: handlebars, preview: true }","meta":{"rootId":"z2iawj3mdm4f6p6","id":"z2iawj3mdm4f6p6"},"id":"07ha330vjkucoi2","previousOperationId":"2sqrs0q9p14frly"}
{"type":"log","timestamp":1701783885225,"level":"debug","message":"Adding sample data PH9LTzd4s","meta":{"rootId":"z2iawj3mdm4f6p6","id":"z2iawj3mdm4f6p6"},"id":"99ttwwcmocbf2dy","previousOperationId":"2sqrs0q9p14frly"}
{"type":"log","timestamp":1701783885227,"level":"debug","message":"Base url not specified, skipping its injection.","meta":{"rootId":"z2iawj3mdm4f6p6","id":"z2iawj3mdm4f6p6"},"id":"e62lr6e30j133vd","previousOperationId":"2sqrs0q9p14frly"}
{"type":"log","timestamp":1701783885230,"level":"debug","message":"Replaced assets [\"styles.css\"]","meta":{"rootId":"z2iawj3mdm4f6p6","id":"z2iawj3mdm4f6p6"},"id":"4f4ya3pbnl5e64d","previousOperationId":"2sqrs0q9p14frly"}
{"type":"operationStart","subtype":"engine","name":"handlebars","timestamp":1701783885230,"id":"r54e0m6j27lbwbx","previousEventId":"zrib7a5818wwab8","operationId":"hp35fh1klcfd5iu","previousOperationId":"2sqrs0q9p14frly"}
{"type":"log","timestamp":1701783885230,"level":"debug","message":"Rendering engine handlebars","meta":{"rootId":"z2iawj3mdm4f6p6","id":"z2iawj3mdm4f6p6"},"id":"rv03zpbk3x3aog0","previousOperationId":"hp35fh1klcfd5iu"}
{"type":"operationEnd","operationId":"hp35fh1klcfd5iu","timestamp":1701783885505,"id":"qqui6810fuxj7m9","previousEventId":"r54e0m6j27lbwbx","previousOperationId":"hp35fh1klcfd5iu"}
{"type":"operationStart","subtype":"recipe","name":"chrome-pdf","timestamp":1701783885505,"id":"jn8i5bi56zwpo6c","previousEventId":"qqui6810fuxj7m9","operationId":"awnfe25yanyky4h","previousOperationId":"hp35fh1klcfd5iu"}
{"type":"log","timestamp":1701783885506,"level":"debug","message":"Executing recipe chrome-pdf","meta":{"rootId":"z2iawj3mdm4f6p6","id":"z2iawj3mdm4f6p6"},"id":"ureody4bjr2010f","previousOperationId":"awnfe25yanyky4h"}
{"type":"log","timestamp":1701783885850,"level":"debug","message":"Converting with chrome HeadlessChrome/117.0.5938.149 using chrome-pool strategy","meta":{"rootId":"z2iawj3mdm4f6p6","id":"z2iawj3mdm4f6p6"},"id":"8kwie392bkpwpvj","previousOperationId":"awnfe25yanyky4h"}
{"type":"log","timestamp":1701783885939,"level":"debug","message":"Page request: GET (document) file:///var/folders/dp/qk79pfcj0y1fmtkkl08m76rc0000gn/T/jsreport/autocleanup/a5ca192f-8cd0-458a-a401-1440002a3e8f-chrome-pdf.html","meta":{"rootId":"z2iawj3mdm4f6p6","id":"z2iawj3mdm4f6p6"},"id":"5ip397rkfuj8asw","previousOperationId":"awnfe25yanyky4h"}
{"type":"log","timestamp":1701783885947,"level":"debug","message":"Page request finished: GET (document) 200 file:///var/folders/dp/qk79pfcj0y1fmtkkl08m76rc0000gn/T/jsreport/autocleanup/a5ca192f-8cd0-458a-a401-1440002a3e8f-chrome-pdf.html","meta":{"rootId":"z2iawj3mdm4f6p6","id":"z2iawj3mdm4f6p6"},"id":"w6qz3x3uiiualwa","previousOperationId":"awnfe25yanyky4h"}
{"type":"log","timestamp":1701783885963,"level":"debug","message":"Running chrome with params {\"printBackground\":true,\"width\":\"58mm\",\"height\":\"21cm\",\"timeout\":59694,\"margin\":{}}","meta":{"rootId":"z2iawj3mdm4f6p6","id":"z2iawj3mdm4f6p6"},"id":"wzj78wll6thq9b1","previousOperationId":"awnfe25yanyky4h"}
{"type":"operationEnd","operationId":"awnfe25yanyky4h","timestamp":1701783885990,"id":"57e3mzdwpu05ec9","previousEventId":"jn8i5bi56zwpo6c","previousOperationId":"awnfe25yanyky4h"}
{"type":"log","timestamp":1701783885991,"level":"debug","message":"Skipping storing report.","meta":{"rootId":"z2iawj3mdm4f6p6","id":"z2iawj3mdm4f6p6"},"id":"a2426fh4mcum244","previousOperationId":"awnfe25yanyky4h"}
{"type":"log","timestamp":1701783885991,"level":"info","message":"Rendering request 1 finished in 789 ms","meta":{"rootId":"z2iawj3mdm4f6p6","id":"z2iawj3mdm4f6p6"},"id":"dnvnaokqfg7s3z6","previousOperationId":"awnfe25yanyky4h"}
{"type":"operationEnd","subtype":"render","operationId":"2sqrs0q9p14frly","timestamp":1701783885991,"id":"lfiw3c81s8curca","previousEventId":"57e3mzdwpu05ec9","previousOperationId":"awnfe25yanyky4h"}
{"type":"operationEnd","doDiffs":false,"previousEventId":"5oobw5lqqbfsyh5","previousOperationId":"shz1t2jlslyz8xg","operationId":"shz1t2jlslyz8xg","timestamp":1701783885993,"id":"gcolvpes3tc0rsw"}
