{"type":"operationStart","subtype":"profile","data":{"_id":"7y9emaZPuSUtkZKv","timestamp":"2023-12-04T09:08:04.879Z","state":"queued","mode":"standard","creationDate":"2023-12-04T09:08:04.880Z","modificationDate":"2023-12-04T09:08:04.880Z","shortid":"59PlQEF","$entitySet":"profiles"},"doDiffs":false,"timestamp":1701680884880,"id":"4zw6l2w5cras3gi","previousOperationId":null,"operationId":"z1ckch0kgehr140"}
{"type":"log","level":"info","message":"Render request 28 queued for execution and waiting for available worker","previousOperationId":"z1ckch0kgehr140","timestamp":1701680884880,"id":"jyfaceucx9zn5ta"}
{"type":"operationStart","subtype":"render","name":"pp_index","previousOperationId":"z1ckch0kgehr140","timestamp":1701680884887,"id":"2t2cj9kq02sv83s","previousEventId":"4zw6l2w5cras3gi","operationId":"sri797k15m6kmnh"}
{"type":"log","timestamp":1701680884887,"level":"info","message":"Starting rendering request 28","meta":{"rootId":"z4va53o4gxuqf55","id":"z4va53o4gxuqf55"},"id":"8pqpzd4b2t86nw7","previousOperationId":"sri797k15m6kmnh"}
{"type":"log","timestamp":1701680884887,"level":"info","message":"Rendering template { name: pp_index, recipe: chrome-pdf, engine: handlebars, preview: true }","meta":{"rootId":"z4va53o4gxuqf55","id":"z4va53o4gxuqf55"},"id":"czihc3n0xpinene","previousOperationId":"sri797k15m6kmnh"}
{"type":"log","timestamp":1701680884888,"level":"debug","message":"Inline data specified.","meta":{"rootId":"z4va53o4gxuqf55","id":"z4va53o4gxuqf55"},"id":"6xk4euj7i1hpjbe","previousOperationId":"sri797k15m6kmnh"}
{"type":"log","timestamp":1701680884889,"level":"debug","message":"Base url not specified, skipping its injection.","meta":{"rootId":"z4va53o4gxuqf55","id":"z4va53o4gxuqf55"},"id":"mphjfqvs3h1goth","previousOperationId":"sri797k15m6kmnh"}
{"type":"operationStart","subtype":"engine","name":"handlebars","timestamp":1701680884889,"id":"7coqn4l5505wp3a","previousEventId":"2t2cj9kq02sv83s","operationId":"2vjdldbnkyf6ise","previousOperationId":"sri797k15m6kmnh"}
{"type":"log","timestamp":1701680884889,"level":"debug","message":"Rendering engine handlebars","meta":{"rootId":"z4va53o4gxuqf55","id":"z4va53o4gxuqf55"},"id":"zxtkhp6tdgaaot3","previousOperationId":"2vjdldbnkyf6ise"}
{"type":"operationEnd","operationId":"2vjdldbnkyf6ise","timestamp":1701680884904,"id":"nnt3dqjh8zvmlet","previousEventId":"7coqn4l5505wp3a","previousOperationId":"2vjdldbnkyf6ise"}
{"type":"operationStart","subtype":"recipe","name":"chrome-pdf","timestamp":1701680884904,"id":"2y3p64uirusd729","previousEventId":"nnt3dqjh8zvmlet","operationId":"9vh3b12p9kjx9qu","previousOperationId":"2vjdldbnkyf6ise"}
{"type":"log","timestamp":1701680884904,"level":"debug","message":"Executing recipe chrome-pdf","meta":{"rootId":"z4va53o4gxuqf55","id":"z4va53o4gxuqf55"},"id":"4b2xzg868tlydjr","previousOperationId":"9vh3b12p9kjx9qu"}
{"type":"log","timestamp":1701680884906,"level":"debug","message":"Converting with chrome HeadlessChrome/117.0.5938.149 using chrome-pool strategy","meta":{"rootId":"z4va53o4gxuqf55","id":"z4va53o4gxuqf55"},"id":"it6ceqzntn5us7r","previousOperationId":"9vh3b12p9kjx9qu"}
{"type":"log","timestamp":1701680884952,"level":"debug","message":"Page request: GET (document) file:///var/folders/dp/qk79pfcj0y1fmtkkl08m76rc0000gn/T/jsreport/autocleanup/012cf0a2-24ec-4746-a903-0cbf60f7f68d-chrome-pdf.html","meta":{"rootId":"z4va53o4gxuqf55","id":"z4va53o4gxuqf55"},"id":"3mfefw6s29a58ss","previousOperationId":"9vh3b12p9kjx9qu"}
{"type":"log","timestamp":1701680884957,"level":"debug","message":"Page request finished: GET (document) 200 file:///var/folders/dp/qk79pfcj0y1fmtkkl08m76rc0000gn/T/jsreport/autocleanup/012cf0a2-24ec-4746-a903-0cbf60f7f68d-chrome-pdf.html","meta":{"rootId":"z4va53o4gxuqf55","id":"z4va53o4gxuqf55"},"id":"m3pn2avd8zatwv8","previousOperationId":"9vh3b12p9kjx9qu"}
{"type":"log","timestamp":1701680884968,"level":"debug","message":"Running chrome with params {\"printBackground\":true,\"timeout\":59974,\"margin\":{}}","meta":{"rootId":"z4va53o4gxuqf55","id":"z4va53o4gxuqf55"},"id":"ibpy4279216f6zk","previousOperationId":"9vh3b12p9kjx9qu"}
{"type":"operationEnd","operationId":"9vh3b12p9kjx9qu","timestamp":1701680884988,"id":"qvgszewmsxnxx49","previousEventId":"2y3p64uirusd729","previousOperationId":"9vh3b12p9kjx9qu"}
{"type":"log","timestamp":1701680884989,"level":"debug","message":"Skipping storing report.","meta":{"rootId":"z4va53o4gxuqf55","id":"z4va53o4gxuqf55"},"id":"d2tsz5zqeq9cffj","previousOperationId":"9vh3b12p9kjx9qu"}
{"type":"log","timestamp":1701680884989,"level":"info","message":"Rendering request 28 finished in 110 ms","meta":{"rootId":"z4va53o4gxuqf55","id":"z4va53o4gxuqf55"},"id":"dy5k600xoib1x8e","previousOperationId":"9vh3b12p9kjx9qu"}
{"type":"operationEnd","subtype":"render","operationId":"sri797k15m6kmnh","timestamp":1701680884989,"id":"4giakwlt6mzvled","previousEventId":"qvgszewmsxnxx49","previousOperationId":"9vh3b12p9kjx9qu"}
{"type":"operationEnd","doDiffs":false,"previousEventId":"4zw6l2w5cras3gi","previousOperationId":"z1ckch0kgehr140","operationId":"z1ckch0kgehr140","timestamp":1701680884990,"id":"5ytxuhtvt6zmjf3"}
