{"type":"operationStart","subtype":"profile","data":{"_id":"ABdXomTiJYTjYyUX","timestamp":"2023-12-05T08:22:51.247Z","state":"queued","mode":"standard","creationDate":"2023-12-05T08:22:51.249Z","modificationDate":"2023-12-05T08:22:51.249Z","shortid":"SfHrm3F","$entitySet":"profiles"},"doDiffs":false,"timestamp":1701764571248,"id":"q2q9dqgp0snq2rk","previousOperationId":null,"operationId":"ag891hv6lx0rzqy"}
{"type":"log","level":"info","message":"Render request 8 queued for execution and waiting for available worker","previousOperationId":"ag891hv6lx0rzqy","timestamp":1701764571249,"id":"znryp5mwegt1j0l"}
{"type":"operationStart","subtype":"render","name":"pp_index","previousOperationId":"ag891hv6lx0rzqy","timestamp":1701764571256,"id":"846j72sfdi5ni6m","previousEventId":"q2q9dqgp0snq2rk","operationId":"0rckvh3icsud1fs"}
{"type":"log","timestamp":1701764571256,"level":"info","message":"Starting rendering request 8","meta":{"rootId":"z6ydso640v0y08q","id":"z6ydso640v0y08q"},"id":"0g4kowdut5vj9mw","previousOperationId":"0rckvh3icsud1fs"}
{"type":"log","timestamp":1701764571257,"level":"info","message":"Rendering template { name: pp_index, recipe: chrome-pdf, engine: handlebars, preview: true }","meta":{"rootId":"z6ydso640v0y08q","id":"z6ydso640v0y08q"},"id":"cd8lno8oaznrqua","previousOperationId":"0rckvh3icsud1fs"}
{"type":"log","timestamp":1701764571258,"level":"debug","message":"Adding sample data PH9LTzd4s","meta":{"rootId":"z6ydso640v0y08q","id":"z6ydso640v0y08q"},"id":"l08i8g6crcy8z4k","previousOperationId":"0rckvh3icsud1fs"}
{"type":"log","timestamp":1701764571260,"level":"debug","message":"Base url not specified, skipping its injection.","meta":{"rootId":"z6ydso640v0y08q","id":"z6ydso640v0y08q"},"id":"3th9ikm8g8ooifq","previousOperationId":"0rckvh3icsud1fs"}
{"type":"log","timestamp":1701764571261,"level":"debug","message":"Replaced assets [\"styles.css\"]","meta":{"rootId":"z6ydso640v0y08q","id":"z6ydso640v0y08q"},"id":"htln2ziyenekrro","previousOperationId":"0rckvh3icsud1fs"}
{"type":"operationStart","subtype":"engine","name":"handlebars","timestamp":1701764571261,"id":"9lrv1ff0vasyte3","previousEventId":"846j72sfdi5ni6m","operationId":"sx1c25p4zyud8yi","previousOperationId":"0rckvh3icsud1fs"}
{"type":"log","timestamp":1701764571261,"level":"debug","message":"Rendering engine handlebars","meta":{"rootId":"z6ydso640v0y08q","id":"z6ydso640v0y08q"},"id":"4rrwcfefak7fq65","previousOperationId":"sx1c25p4zyud8yi"}
{"type":"operationEnd","operationId":"sx1c25p4zyud8yi","timestamp":1701764571273,"id":"lau56dbzxcd8q20","previousEventId":"9lrv1ff0vasyte3","previousOperationId":"sx1c25p4zyud8yi"}
{"type":"operationStart","subtype":"recipe","name":"chrome-pdf","timestamp":1701764571274,"id":"oh1fsbev2a7mlpb","previousEventId":"lau56dbzxcd8q20","operationId":"57a67ay64ysn0t2","previousOperationId":"sx1c25p4zyud8yi"}
{"type":"log","timestamp":1701764571274,"level":"debug","message":"Executing recipe chrome-pdf","meta":{"rootId":"z6ydso640v0y08q","id":"z6ydso640v0y08q"},"id":"up4cq3246pkda8q","previousOperationId":"57a67ay64ysn0t2"}
{"type":"log","timestamp":1701764571275,"level":"debug","message":"Converting with chrome HeadlessChrome/117.0.5938.149 using chrome-pool strategy","meta":{"rootId":"z6ydso640v0y08q","id":"z6ydso640v0y08q"},"id":"gf4lex1ytzz3abo","previousOperationId":"57a67ay64ysn0t2"}
{"type":"log","timestamp":1701764571326,"level":"debug","message":"Page request: GET (document) file:///var/folders/dp/qk79pfcj0y1fmtkkl08m76rc0000gn/T/jsreport/autocleanup/81f31d5f-f136-42f4-98f1-8f0453f74c7c-chrome-pdf.html","meta":{"rootId":"z6ydso640v0y08q","id":"z6ydso640v0y08q"},"id":"j6hntf91wwu7u6k","previousOperationId":"57a67ay64ysn0t2"}
{"type":"log","timestamp":1701764571331,"level":"debug","message":"Page request finished: GET (document) 200 file:///var/folders/dp/qk79pfcj0y1fmtkkl08m76rc0000gn/T/jsreport/autocleanup/81f31d5f-f136-42f4-98f1-8f0453f74c7c-chrome-pdf.html","meta":{"rootId":"z6ydso640v0y08q","id":"z6ydso640v0y08q"},"id":"6dd8b9ryz0vzjcy","previousOperationId":"57a67ay64ysn0t2"}
{"type":"log","timestamp":1701764571342,"level":"debug","message":"Running chrome with params {\"printBackground\":true,\"width\":\"5.8cm\",\"height\":\"21cm\",\"timeout\":59973,\"margin\":{}}","meta":{"rootId":"z6ydso640v0y08q","id":"z6ydso640v0y08q"},"id":"dwtlld8e0ctlt7e","previousOperationId":"57a67ay64ysn0t2"}
{"type":"operationEnd","operationId":"57a67ay64ysn0t2","timestamp":1701764571363,"id":"c9rb97w8q18y6ct","previousEventId":"oh1fsbev2a7mlpb","previousOperationId":"57a67ay64ysn0t2"}
{"type":"log","timestamp":1701764571363,"level":"debug","message":"Skipping storing report.","meta":{"rootId":"z6ydso640v0y08q","id":"z6ydso640v0y08q"},"id":"vlkgirpk5a23imq","previousOperationId":"57a67ay64ysn0t2"}
{"type":"log","timestamp":1701764571363,"level":"info","message":"Rendering request 8 finished in 116 ms","meta":{"rootId":"z6ydso640v0y08q","id":"z6ydso640v0y08q"},"id":"u4a61sumzw1er1y","previousOperationId":"57a67ay64ysn0t2"}
{"type":"operationEnd","subtype":"render","operationId":"0rckvh3icsud1fs","timestamp":1701764571363,"id":"mc7q6xcf7kqf459","previousEventId":"c9rb97w8q18y6ct","previousOperationId":"57a67ay64ysn0t2"}
{"type":"operationEnd","doDiffs":false,"previousEventId":"q2q9dqgp0snq2rk","previousOperationId":"ag891hv6lx0rzqy","operationId":"ag891hv6lx0rzqy","timestamp":1701764571364,"id":"vwqbmt5zy3i712v"}
