{"type":"operationStart","subtype":"profile","data":{"_id":"p2cqy8qVWtAyYKtY","timestamp":"2023-12-04T09:18:06.946Z","state":"queued","mode":"standard","creationDate":"2023-12-04T09:18:06.948Z","modificationDate":"2023-12-04T09:18:06.948Z","shortid":"wEVxqZu","$entitySet":"profiles"},"doDiffs":false,"timestamp":1701681486947,"id":"wke5aqq7ys1u5fx","previousOperationId":null,"operationId":"gl6zcekvqmabek5"}
{"type":"log","level":"info","message":"Render request 46 queued for execution and waiting for available worker","previousOperationId":"gl6zcekvqmabek5","timestamp":1701681486947,"id":"nggv0fmb0pyma08"}
{"type":"operationStart","subtype":"render","name":"pp_index","previousOperationId":"gl6zcekvqmabek5","timestamp":1701681486955,"id":"fxqs43vc7z224vk","previousEventId":"wke5aqq7ys1u5fx","operationId":"lc1lwl7gjp47wye"}
{"type":"log","timestamp":1701681486955,"level":"info","message":"Starting rendering request 46","meta":{"rootId":"zg7ssay6jp0lk7v","id":"zg7ssay6jp0lk7v"},"id":"lveiscpdvll5w7o","previousOperationId":"lc1lwl7gjp47wye"}
{"type":"log","timestamp":1701681486955,"level":"info","message":"Rendering template { name: pp_index, recipe: chrome-pdf, engine: handlebars, preview: true }","meta":{"rootId":"zg7ssay6jp0lk7v","id":"zg7ssay6jp0lk7v"},"id":"xot64rz7s9edt6f","previousOperationId":"lc1lwl7gjp47wye"}
{"type":"log","timestamp":1701681486956,"level":"debug","message":"Inline data specified.","meta":{"rootId":"zg7ssay6jp0lk7v","id":"zg7ssay6jp0lk7v"},"id":"u464bks1do99iap","previousOperationId":"lc1lwl7gjp47wye"}
{"type":"log","timestamp":1701681486957,"level":"debug","message":"Base url not specified, skipping its injection.","meta":{"rootId":"zg7ssay6jp0lk7v","id":"zg7ssay6jp0lk7v"},"id":"iukx36fthgc01im","previousOperationId":"lc1lwl7gjp47wye"}
{"type":"operationStart","subtype":"engine","name":"handlebars","timestamp":1701681486957,"id":"auwva0akr0kwffw","previousEventId":"fxqs43vc7z224vk","operationId":"g62cxjb6guflu6h","previousOperationId":"lc1lwl7gjp47wye"}
{"type":"log","timestamp":1701681486957,"level":"debug","message":"Rendering engine handlebars","meta":{"rootId":"zg7ssay6jp0lk7v","id":"zg7ssay6jp0lk7v"},"id":"ta1c0drfhyml5st","previousOperationId":"g62cxjb6guflu6h"}
{"type":"operationEnd","operationId":"g62cxjb6guflu6h","timestamp":1701681486970,"id":"ux0pntjowmvxtxx","previousEventId":"auwva0akr0kwffw","previousOperationId":"g62cxjb6guflu6h"}
{"type":"operationStart","subtype":"recipe","name":"chrome-pdf","timestamp":1701681486971,"id":"vqwf6nrriomk9ul","previousEventId":"ux0pntjowmvxtxx","operationId":"6x1rjlk30rcruv8","previousOperationId":"g62cxjb6guflu6h"}
{"type":"log","timestamp":1701681486971,"level":"debug","message":"Executing recipe chrome-pdf","meta":{"rootId":"zg7ssay6jp0lk7v","id":"zg7ssay6jp0lk7v"},"id":"hy4voqcwu2c7q41","previousOperationId":"6x1rjlk30rcruv8"}
{"type":"log","timestamp":1701681486972,"level":"debug","message":"Converting with chrome HeadlessChrome/117.0.5938.149 using chrome-pool strategy","meta":{"rootId":"zg7ssay6jp0lk7v","id":"zg7ssay6jp0lk7v"},"id":"29zc7op5bf3kaak","previousOperationId":"6x1rjlk30rcruv8"}
{"type":"log","timestamp":1701681487021,"level":"debug","message":"Page request: GET (document) file:///var/folders/dp/qk79pfcj0y1fmtkkl08m76rc0000gn/T/jsreport/autocleanup/df572be8-59f5-43c9-ae44-2cfa01ce5724-chrome-pdf.html","meta":{"rootId":"zg7ssay6jp0lk7v","id":"zg7ssay6jp0lk7v"},"id":"oq8fkj8ie5x41x8","previousOperationId":"6x1rjlk30rcruv8"}
{"type":"log","timestamp":1701681487026,"level":"debug","message":"Page request finished: GET (document) 200 file:///var/folders/dp/qk79pfcj0y1fmtkkl08m76rc0000gn/T/jsreport/autocleanup/df572be8-59f5-43c9-ae44-2cfa01ce5724-chrome-pdf.html","meta":{"rootId":"zg7ssay6jp0lk7v","id":"zg7ssay6jp0lk7v"},"id":"918sxy4iux624gi","previousOperationId":"6x1rjlk30rcruv8"}
{"type":"log","timestamp":1701681487039,"level":"debug","message":"Running chrome with params {\"printBackground\":true,\"timeout\":59974,\"margin\":{}}","meta":{"rootId":"zg7ssay6jp0lk7v","id":"zg7ssay6jp0lk7v"},"id":"eu2lu7clnmqaig2","previousOperationId":"6x1rjlk30rcruv8"}
{"type":"operationEnd","operationId":"6x1rjlk30rcruv8","timestamp":1701681487058,"id":"39gp6at6x3jzrc1","previousEventId":"vqwf6nrriomk9ul","previousOperationId":"6x1rjlk30rcruv8"}
{"type":"log","timestamp":1701681487058,"level":"debug","message":"Skipping storing report.","meta":{"rootId":"zg7ssay6jp0lk7v","id":"zg7ssay6jp0lk7v"},"id":"3oouu1ao5lwwukn","previousOperationId":"6x1rjlk30rcruv8"}
{"type":"log","timestamp":1701681487058,"level":"info","message":"Rendering request 46 finished in 112 ms","meta":{"rootId":"zg7ssay6jp0lk7v","id":"zg7ssay6jp0lk7v"},"id":"t37u85n332jgjzp","previousOperationId":"6x1rjlk30rcruv8"}
{"type":"operationEnd","subtype":"render","operationId":"lc1lwl7gjp47wye","timestamp":1701681487058,"id":"cenex5jrg9e8ndn","previousEventId":"39gp6at6x3jzrc1","previousOperationId":"6x1rjlk30rcruv8"}
{"type":"operationEnd","doDiffs":false,"previousEventId":"wke5aqq7ys1u5fx","previousOperationId":"gl6zcekvqmabek5","operationId":"gl6zcekvqmabek5","timestamp":1701681487059,"id":"cdwbyua29hfp2tt"}
