{"type":"operationStart","subtype":"profile","data":{"_id":"2IkIQc306ncqyYX3","timestamp":"2023-12-05T08:24:44.686Z","state":"queued","mode":"standard","creationDate":"2023-12-05T08:24:44.689Z","modificationDate":"2023-12-05T08:24:44.689Z","shortid":"KiFH64j","$entitySet":"profiles"},"doDiffs":false,"timestamp":1701764684688,"id":"t2kj88p1dohg2dv","previousOperationId":null,"operationId":"cew5yqjfgi0iqvh"}
{"type":"log","level":"info","message":"Render request 14 queued for execution and waiting for available worker","previousOperationId":"cew5yqjfgi0iqvh","timestamp":1701764684688,"id":"mj6vft3vqg74vwh"}
{"type":"operationStart","subtype":"render","name":"pp_index","previousOperationId":"cew5yqjfgi0iqvh","timestamp":1701764684701,"id":"vr1ze50q5txo9yd","previousEventId":"t2kj88p1dohg2dv","operationId":"vmody56qqgdwohq"}
{"type":"log","timestamp":1701764684701,"level":"info","message":"Starting rendering request 14","meta":{"rootId":"zlajrbtvp9hk0y5","id":"zlajrbtvp9hk0y5"},"id":"hj3hk78qt6udt1c","previousOperationId":"vmody56qqgdwohq"}
{"type":"log","timestamp":1701764684702,"level":"info","message":"Rendering template { name: pp_index, recipe: chrome-pdf, engine: handlebars, preview: true }","meta":{"rootId":"zlajrbtvp9hk0y5","id":"zlajrbtvp9hk0y5"},"id":"gab4qm0ub4v1u1w","previousOperationId":"vmody56qqgdwohq"}
{"type":"log","timestamp":1701764684704,"level":"debug","message":"Adding sample data PH9LTzd4s","meta":{"rootId":"zlajrbtvp9hk0y5","id":"zlajrbtvp9hk0y5"},"id":"t941kpr93t4dnvh","previousOperationId":"vmody56qqgdwohq"}
{"type":"log","timestamp":1701764684707,"level":"debug","message":"Base url not specified, skipping its injection.","meta":{"rootId":"zlajrbtvp9hk0y5","id":"zlajrbtvp9hk0y5"},"id":"4mixlu0kbsa5iox","previousOperationId":"vmody56qqgdwohq"}
{"type":"log","timestamp":1701764684709,"level":"debug","message":"Replaced assets [\"styles.css\"]","meta":{"rootId":"zlajrbtvp9hk0y5","id":"zlajrbtvp9hk0y5"},"id":"s1kmfntwazb5a2s","previousOperationId":"vmody56qqgdwohq"}
{"type":"operationStart","subtype":"engine","name":"handlebars","timestamp":1701764684709,"id":"kciuh8wj3jl7euj","previousEventId":"vr1ze50q5txo9yd","operationId":"sr22qw7yiy03jk3","previousOperationId":"vmody56qqgdwohq"}
{"type":"log","timestamp":1701764684709,"level":"debug","message":"Rendering engine handlebars","meta":{"rootId":"zlajrbtvp9hk0y5","id":"zlajrbtvp9hk0y5"},"id":"fpxwr4lj8lhzfv0","previousOperationId":"sr22qw7yiy03jk3"}
{"type":"operationEnd","operationId":"sr22qw7yiy03jk3","timestamp":1701764684725,"id":"dqqri3vxtvkrq0o","previousEventId":"kciuh8wj3jl7euj","previousOperationId":"sr22qw7yiy03jk3"}
{"type":"operationStart","subtype":"recipe","name":"chrome-pdf","timestamp":1701764684725,"id":"2j9ozoq7a7m98fj","previousEventId":"dqqri3vxtvkrq0o","operationId":"0kthems6ndt4nd0","previousOperationId":"sr22qw7yiy03jk3"}
{"type":"log","timestamp":1701764684725,"level":"debug","message":"Executing recipe chrome-pdf","meta":{"rootId":"zlajrbtvp9hk0y5","id":"zlajrbtvp9hk0y5"},"id":"9kjjd95ycxip091","previousOperationId":"0kthems6ndt4nd0"}
{"type":"log","timestamp":1701764684727,"level":"debug","message":"Converting with chrome HeadlessChrome/117.0.5938.149 using chrome-pool strategy","meta":{"rootId":"zlajrbtvp9hk0y5","id":"zlajrbtvp9hk0y5"},"id":"xobmqvoluvjs2sl","previousOperationId":"0kthems6ndt4nd0"}
{"type":"log","timestamp":1701764684773,"level":"debug","message":"Page request: GET (document) file:///var/folders/dp/qk79pfcj0y1fmtkkl08m76rc0000gn/T/jsreport/autocleanup/9e3b98bc-dd61-4f3b-9e8d-98c4f6202ebe-chrome-pdf.html","meta":{"rootId":"zlajrbtvp9hk0y5","id":"zlajrbtvp9hk0y5"},"id":"o1lfzggsdxzecsq","previousOperationId":"0kthems6ndt4nd0"}
{"type":"log","timestamp":1701764684778,"level":"debug","message":"Page request finished: GET (document) 200 file:///var/folders/dp/qk79pfcj0y1fmtkkl08m76rc0000gn/T/jsreport/autocleanup/9e3b98bc-dd61-4f3b-9e8d-98c4f6202ebe-chrome-pdf.html","meta":{"rootId":"zlajrbtvp9hk0y5","id":"zlajrbtvp9hk0y5"},"id":"913zfa937kuxi9i","previousOperationId":"0kthems6ndt4nd0"}
{"type":"log","timestamp":1701764684789,"level":"debug","message":"Running chrome with params {\"printBackground\":true,\"width\":\"5.8cm\",\"height\":\"21cm\",\"timeout\":59959,\"margin\":{}}","meta":{"rootId":"zlajrbtvp9hk0y5","id":"zlajrbtvp9hk0y5"},"id":"2bvo2a91gectgny","previousOperationId":"0kthems6ndt4nd0"}
{"type":"operationEnd","operationId":"0kthems6ndt4nd0","timestamp":1701764684810,"id":"ebjl5n3p3jwhq97","previousEventId":"2j9ozoq7a7m98fj","previousOperationId":"0kthems6ndt4nd0"}
{"type":"log","timestamp":1701764684810,"level":"debug","message":"Skipping storing report.","meta":{"rootId":"zlajrbtvp9hk0y5","id":"zlajrbtvp9hk0y5"},"id":"xj4f7gtuojhtofx","previousOperationId":"0kthems6ndt4nd0"}
{"type":"log","timestamp":1701764684810,"level":"info","message":"Rendering request 14 finished in 124 ms","meta":{"rootId":"zlajrbtvp9hk0y5","id":"zlajrbtvp9hk0y5"},"id":"5f22cn0f6l50258","previousOperationId":"0kthems6ndt4nd0"}
{"type":"operationEnd","subtype":"render","operationId":"vmody56qqgdwohq","timestamp":1701764684810,"id":"zd909javsvlcyac","previousEventId":"ebjl5n3p3jwhq97","previousOperationId":"0kthems6ndt4nd0"}
{"type":"operationEnd","doDiffs":false,"previousEventId":"t2kj88p1dohg2dv","previousOperationId":"cew5yqjfgi0iqvh","operationId":"cew5yqjfgi0iqvh","timestamp":1701764684812,"id":"0nhmmbl7v359yax"}
