{"type":"operationStart","subtype":"profile","data":{"_id":"lNos4PiNDqVqZgiN","timestamp":"2023-11-21T10:34:38.075Z","state":"queued","mode":"standard","creationDate":"2023-11-21T10:34:38.077Z","modificationDate":"2023-11-21T10:34:38.077Z","shortid":"91sRBJe","$entitySet":"profiles"},"doDiffs":false,"timestamp":1700562878077,"id":"1qeytlrz05bn5xi","previousOperationId":null,"operationId":"51nabiu3r10c0bw"}
{"type":"log","level":"info","message":"Render request 9 queued for execution and waiting for available worker","previousOperationId":"51nabiu3r10c0bw","timestamp":1700562878077,"id":"edmzk46tpvk50xh"}
{"type":"operationStart","subtype":"render","name":"index_poziv","previousOperationId":"51nabiu3r10c0bw","timestamp":1700562878085,"id":"lbob503kr9tbqoq","previousEventId":"1qeytlrz05bn5xi","operationId":"8e3mlduv6ckpldr"}
{"type":"log","timestamp":1700562878085,"level":"info","message":"Starting rendering request 9","meta":{"rootId":"18ol3tbp7mqqsiv","id":"18ol3tbp7mqqsiv"},"id":"lzx1j2s29bm4w6q","previousOperationId":"8e3mlduv6ckpldr"}
{"type":"log","timestamp":1700562878085,"level":"info","message":"Rendering template { name: index_poziv, recipe: chrome-pdf, engine: handlebars, preview: true }","meta":{"rootId":"18ol3tbp7mqqsiv","id":"18ol3tbp7mqqsiv"},"id":"56uxy8va3ncu9sl","previousOperationId":"8e3mlduv6ckpldr"}
{"type":"log","timestamp":1700562878088,"level":"debug","message":"Inline data specified.","meta":{"rootId":"18ol3tbp7mqqsiv","id":"18ol3tbp7mqqsiv"},"id":"po418tgejhvh78p","previousOperationId":"8e3mlduv6ckpldr"}
{"type":"log","timestamp":1700562878090,"level":"debug","message":"Base url not specified, skipping its injection.","meta":{"rootId":"18ol3tbp7mqqsiv","id":"18ol3tbp7mqqsiv"},"id":"l1p8vk1dlem9anh","previousOperationId":"8e3mlduv6ckpldr"}
{"type":"log","timestamp":1700562878092,"level":"debug","message":"Replaced assets [\"styles.css\"]","meta":{"rootId":"18ol3tbp7mqqsiv","id":"18ol3tbp7mqqsiv"},"id":"vfgb773eiyjrlvg","previousOperationId":"8e3mlduv6ckpldr"}
{"type":"operationStart","subtype":"engine","name":"handlebars","timestamp":1700562878092,"id":"nx0glsxz1baxisx","previousEventId":"lbob503kr9tbqoq","operationId":"2byk6icq9rqwm70","previousOperationId":"8e3mlduv6ckpldr"}
{"type":"log","timestamp":1700562878092,"level":"debug","message":"Rendering engine handlebars","meta":{"rootId":"18ol3tbp7mqqsiv","id":"18ol3tbp7mqqsiv"},"id":"goxcxci2nhvziro","previousOperationId":"2byk6icq9rqwm70"}
{"type":"operationEnd","operationId":"2byk6icq9rqwm70","timestamp":1700562878110,"id":"sm3x100p3oopr2d","previousEventId":"nx0glsxz1baxisx","previousOperationId":"2byk6icq9rqwm70"}
{"type":"operationStart","subtype":"recipe","name":"chrome-pdf","timestamp":1700562878110,"id":"nnlvluh7k7q8rhp","previousEventId":"sm3x100p3oopr2d","operationId":"ors383s6ggxboxh","previousOperationId":"2byk6icq9rqwm70"}
{"type":"log","timestamp":1700562878110,"level":"debug","message":"Executing recipe chrome-pdf","meta":{"rootId":"18ol3tbp7mqqsiv","id":"18ol3tbp7mqqsiv"},"id":"6socpewrdtsqss1","previousOperationId":"ors383s6ggxboxh"}
{"type":"log","timestamp":1700562878111,"level":"debug","message":"Converting with chrome HeadlessChrome/117.0.5938.149 using chrome-pool strategy","meta":{"rootId":"18ol3tbp7mqqsiv","id":"18ol3tbp7mqqsiv"},"id":"xu9xbqvhm7p40bo","previousOperationId":"ors383s6ggxboxh"}
{"type":"log","timestamp":1700562878152,"level":"debug","message":"Page request: GET (document) file:///var/folders/dp/qk79pfcj0y1fmtkkl08m76rc0000gn/T/jsreport/autocleanup/af505ae3-e25b-4b7b-959b-a1e04ae70a86-chrome-pdf.html","meta":{"rootId":"18ol3tbp7mqqsiv","id":"18ol3tbp7mqqsiv"},"id":"o52rm4lggozribi","previousOperationId":"ors383s6ggxboxh"}
{"type":"log","timestamp":1700562878158,"level":"debug","message":"Page request finished: GET (document) 200 file:///var/folders/dp/qk79pfcj0y1fmtkkl08m76rc0000gn/T/jsreport/autocleanup/af505ae3-e25b-4b7b-959b-a1e04ae70a86-chrome-pdf.html","meta":{"rootId":"18ol3tbp7mqqsiv","id":"18ol3tbp7mqqsiv"},"id":"hyzk8yj7zqi92vi","previousOperationId":"ors383s6ggxboxh"}
{"type":"log","timestamp":1700562878168,"level":"debug","message":"Running chrome with params {\"printBackground\":true,\"timeout\":59965,\"margin\":{}}","meta":{"rootId":"18ol3tbp7mqqsiv","id":"18ol3tbp7mqqsiv"},"id":"xrf1qgnljgvt4ol","previousOperationId":"ors383s6ggxboxh"}
{"type":"operationEnd","operationId":"ors383s6ggxboxh","timestamp":1700562878185,"id":"y21xm6u0avl0513","previousEventId":"nnlvluh7k7q8rhp","previousOperationId":"ors383s6ggxboxh"}
{"type":"log","timestamp":1700562878185,"level":"debug","message":"Skipping storing report.","meta":{"rootId":"18ol3tbp7mqqsiv","id":"18ol3tbp7mqqsiv"},"id":"aft5pnrom2sz528","previousOperationId":"ors383s6ggxboxh"}
{"type":"log","timestamp":1700562878185,"level":"info","message":"Rendering request 9 finished in 110 ms","meta":{"rootId":"18ol3tbp7mqqsiv","id":"18ol3tbp7mqqsiv"},"id":"6jqcyclfb494vrd","previousOperationId":"ors383s6ggxboxh"}
{"type":"operationEnd","subtype":"render","operationId":"8e3mlduv6ckpldr","timestamp":1700562878185,"id":"buolljp9tlml6c5","previousEventId":"y21xm6u0avl0513","previousOperationId":"ors383s6ggxboxh"}
{"type":"operationEnd","doDiffs":false,"previousEventId":"1qeytlrz05bn5xi","previousOperationId":"51nabiu3r10c0bw","operationId":"51nabiu3r10c0bw","timestamp":1700562878186,"id":"wcyxjdqzkp4kzov"}
