{"type":"operationStart","subtype":"profile","data":{"_id":"QlHnxRGdbj1ukOxS","timestamp":"2023-11-21T10:24:51.414Z","state":"queued","mode":"standard","creationDate":"2023-11-21T10:24:51.416Z","modificationDate":"2023-11-21T10:24:51.416Z","shortid":"ww5D4re","$entitySet":"profiles"},"doDiffs":false,"timestamp":1700562291415,"id":"0qmi6o0u436bhim","previousOperationId":null,"operationId":"1p1tksts8yett1j"}
{"type":"log","level":"info","message":"Render request 5 queued for execution and waiting for available worker","previousOperationId":"1p1tksts8yett1j","timestamp":1700562291416,"id":"1jhr61fik6ve2g7"}
{"type":"operationStart","subtype":"render","name":"index_poziv","previousOperationId":"1p1tksts8yett1j","timestamp":1700562291431,"id":"h30um1jc1rkz4cr","previousEventId":"0qmi6o0u436bhim","operationId":"hudj7hrfbkw8pv0"}
{"type":"log","timestamp":1700562291432,"level":"info","message":"Starting rendering request 5","meta":{"rootId":"1dk7y4o1ij7chic","id":"1dk7y4o1ij7chic"},"id":"m6hll5108470dop","previousOperationId":"hudj7hrfbkw8pv0"}
{"type":"log","timestamp":1700562291432,"level":"info","message":"Rendering template { name: index_poziv, recipe: chrome-pdf, engine: handlebars, preview: true }","meta":{"rootId":"1dk7y4o1ij7chic","id":"1dk7y4o1ij7chic"},"id":"pw71nwn2jzha04u","previousOperationId":"hudj7hrfbkw8pv0"}
{"type":"log","timestamp":1700562291433,"level":"debug","message":"Inline data specified.","meta":{"rootId":"1dk7y4o1ij7chic","id":"1dk7y4o1ij7chic"},"id":"s1egdlod5wjskda","previousOperationId":"hudj7hrfbkw8pv0"}
{"type":"log","timestamp":1700562291437,"level":"debug","message":"Base url not specified, skipping its injection.","meta":{"rootId":"1dk7y4o1ij7chic","id":"1dk7y4o1ij7chic"},"id":"7o8jb5wc4wbmbrb","previousOperationId":"hudj7hrfbkw8pv0"}
{"type":"log","timestamp":1700562291438,"level":"debug","message":"Replaced assets [\"styles.css\"]","meta":{"rootId":"1dk7y4o1ij7chic","id":"1dk7y4o1ij7chic"},"id":"0ozth0gf3g1zh4h","previousOperationId":"hudj7hrfbkw8pv0"}
{"type":"operationStart","subtype":"engine","name":"handlebars","timestamp":1700562291438,"id":"p61ns19zc5x7yx7","previousEventId":"h30um1jc1rkz4cr","operationId":"zrpflo5rai0v0uv","previousOperationId":"hudj7hrfbkw8pv0"}
{"type":"log","timestamp":1700562291438,"level":"debug","message":"Rendering engine handlebars","meta":{"rootId":"1dk7y4o1ij7chic","id":"1dk7y4o1ij7chic"},"id":"ybbhdd2pvg3nyds","previousOperationId":"zrpflo5rai0v0uv"}
{"type":"operationEnd","operationId":"zrpflo5rai0v0uv","timestamp":1700562291457,"id":"918eneegs09q2ae","previousEventId":"p61ns19zc5x7yx7","previousOperationId":"zrpflo5rai0v0uv"}
{"type":"operationStart","subtype":"recipe","name":"chrome-pdf","timestamp":1700562291458,"id":"dg75evygrvtgym1","previousEventId":"918eneegs09q2ae","operationId":"g164wycdcx4ex60","previousOperationId":"zrpflo5rai0v0uv"}
{"type":"log","timestamp":1700562291458,"level":"debug","message":"Executing recipe chrome-pdf","meta":{"rootId":"1dk7y4o1ij7chic","id":"1dk7y4o1ij7chic"},"id":"9t51tc94etzdxns","previousOperationId":"g164wycdcx4ex60"}
{"type":"log","timestamp":1700562291459,"level":"debug","message":"Converting with chrome HeadlessChrome/117.0.5938.149 using chrome-pool strategy","meta":{"rootId":"1dk7y4o1ij7chic","id":"1dk7y4o1ij7chic"},"id":"4cqzti0iam8vku7","previousOperationId":"g164wycdcx4ex60"}
{"type":"log","timestamp":1700562291502,"level":"debug","message":"Page request: GET (document) file:///var/folders/dp/qk79pfcj0y1fmtkkl08m76rc0000gn/T/jsreport/autocleanup/86b3d4bb-91a1-416f-ab07-4ffc7df3e0f3-chrome-pdf.html","meta":{"rootId":"1dk7y4o1ij7chic","id":"1dk7y4o1ij7chic"},"id":"uexl2e2376lrg56","previousOperationId":"g164wycdcx4ex60"}
{"type":"log","timestamp":1700562291507,"level":"debug","message":"Page request finished: GET (document) 200 file:///var/folders/dp/qk79pfcj0y1fmtkkl08m76rc0000gn/T/jsreport/autocleanup/86b3d4bb-91a1-416f-ab07-4ffc7df3e0f3-chrome-pdf.html","meta":{"rootId":"1dk7y4o1ij7chic","id":"1dk7y4o1ij7chic"},"id":"6yvqf5zj4lzdzej","previousOperationId":"g164wycdcx4ex60"}
{"type":"log","timestamp":1700562291515,"level":"debug","message":"Running chrome with params {\"printBackground\":true,\"timeout\":59956,\"margin\":{}}","meta":{"rootId":"1dk7y4o1ij7chic","id":"1dk7y4o1ij7chic"},"id":"ybme7piy8dhhlds","previousOperationId":"g164wycdcx4ex60"}
{"type":"operationEnd","operationId":"g164wycdcx4ex60","timestamp":1700562291531,"id":"pd5qzgy855d84ko","previousEventId":"dg75evygrvtgym1","previousOperationId":"g164wycdcx4ex60"}
{"type":"log","timestamp":1700562291531,"level":"debug","message":"Skipping storing report.","meta":{"rootId":"1dk7y4o1ij7chic","id":"1dk7y4o1ij7chic"},"id":"mipeth9sup1zunw","previousOperationId":"g164wycdcx4ex60"}
{"type":"log","timestamp":1700562291531,"level":"info","message":"Rendering request 5 finished in 117 ms","meta":{"rootId":"1dk7y4o1ij7chic","id":"1dk7y4o1ij7chic"},"id":"xyzt75oz3a7szcz","previousOperationId":"g164wycdcx4ex60"}
{"type":"operationEnd","subtype":"render","operationId":"hudj7hrfbkw8pv0","timestamp":1700562291531,"id":"7sgbquqq30hi4xx","previousEventId":"pd5qzgy855d84ko","previousOperationId":"g164wycdcx4ex60"}
{"type":"operationEnd","doDiffs":false,"previousEventId":"0qmi6o0u436bhim","previousOperationId":"1p1tksts8yett1j","operationId":"1p1tksts8yett1j","timestamp":1700562291533,"id":"ed1v6jk9c1379jt"}
