{"type":"operationStart","subtype":"profile","data":{"_id":"7h92rVV9TeBf4q8u","timestamp":"2023-11-20T15:41:11.005Z","state":"queued","mode":"standard","creationDate":"2023-11-20T15:41:11.009Z","modificationDate":"2023-11-20T15:41:11.009Z","shortid":"StfzjPL","$entitySet":"profiles"},"doDiffs":false,"timestamp":1700494871006,"id":"1jpw6myz1dcn2ye","previousOperationId":null,"operationId":"sbmq6nkk8riea3t"}
{"type":"log","level":"info","message":"Render request 52 queued for execution and waiting for available worker","previousOperationId":"sbmq6nkk8riea3t","timestamp":1700494871007,"id":"gai2tvwfjfqoe8r"}
{"type":"operationStart","subtype":"render","name":"index_poziv","previousOperationId":"sbmq6nkk8riea3t","timestamp":1700494871014,"id":"cwvc59nmasx1b54","previousEventId":"1jpw6myz1dcn2ye","operationId":"gich1e56jcd8zk4"}
{"type":"log","timestamp":1700494871014,"level":"info","message":"Starting rendering request 52","meta":{"rootId":"1q6zancedpmfnan","id":"1q6zancedpmfnan"},"id":"vkanl50isflr7a0","previousOperationId":"gich1e56jcd8zk4"}
{"type":"log","timestamp":1700494871014,"level":"info","message":"Rendering template { name: index_poziv, recipe: chrome-pdf, engine: handlebars, preview: true }","meta":{"rootId":"1q6zancedpmfnan","id":"1q6zancedpmfnan"},"id":"ajlagmdtb42qi1n","previousOperationId":"gich1e56jcd8zk4"}
{"type":"log","timestamp":1700494871015,"level":"debug","message":"Adding sample data PrpCVp4aj","meta":{"rootId":"1q6zancedpmfnan","id":"1q6zancedpmfnan"},"id":"dzzhboethf2ez5c","previousOperationId":"gich1e56jcd8zk4"}
{"type":"log","timestamp":1700494871017,"level":"debug","message":"Base url not specified, skipping its injection.","meta":{"rootId":"1q6zancedpmfnan","id":"1q6zancedpmfnan"},"id":"34akif2o614mmjr","previousOperationId":"gich1e56jcd8zk4"}
{"type":"log","timestamp":1700494871019,"level":"debug","message":"Replaced assets [\"styles.css\"]","meta":{"rootId":"1q6zancedpmfnan","id":"1q6zancedpmfnan"},"id":"0kwj7pilpfhum2j","previousOperationId":"gich1e56jcd8zk4"}
{"type":"operationStart","subtype":"engine","name":"handlebars","timestamp":1700494871019,"id":"ed78g425cqfm4e7","previousEventId":"cwvc59nmasx1b54","operationId":"ifuqp78kcxw5vvx","previousOperationId":"gich1e56jcd8zk4"}
{"type":"log","timestamp":1700494871019,"level":"debug","message":"Rendering engine handlebars","meta":{"rootId":"1q6zancedpmfnan","id":"1q6zancedpmfnan"},"id":"goxq0iujq7ou32j","previousOperationId":"ifuqp78kcxw5vvx"}
{"type":"operationEnd","operationId":"ifuqp78kcxw5vvx","timestamp":1700494871038,"id":"ypf9yb4vbfnycjm","previousEventId":"ed78g425cqfm4e7","previousOperationId":"ifuqp78kcxw5vvx"}
{"type":"operationStart","subtype":"recipe","name":"chrome-pdf","timestamp":1700494871038,"id":"kb4duc4ujm8wn47","previousEventId":"ypf9yb4vbfnycjm","operationId":"3n15mgt1a2ifzqd","previousOperationId":"ifuqp78kcxw5vvx"}
{"type":"log","timestamp":1700494871038,"level":"debug","message":"Executing recipe chrome-pdf","meta":{"rootId":"1q6zancedpmfnan","id":"1q6zancedpmfnan"},"id":"p4pmpattp105s17","previousOperationId":"3n15mgt1a2ifzqd"}
{"type":"log","timestamp":1700494871039,"level":"debug","message":"Converting with chrome HeadlessChrome/117.0.5938.149 using chrome-pool strategy","meta":{"rootId":"1q6zancedpmfnan","id":"1q6zancedpmfnan"},"id":"76okfm4637zbnmr","previousOperationId":"3n15mgt1a2ifzqd"}
{"type":"log","timestamp":1700494871099,"level":"debug","message":"Page request: GET (document) file:///var/folders/dp/qk79pfcj0y1fmtkkl08m76rc0000gn/T/jsreport/autocleanup/9564963f-d313-4080-a9b3-4e27f986c356-chrome-pdf.html","meta":{"rootId":"1q6zancedpmfnan","id":"1q6zancedpmfnan"},"id":"s24lelxzygdpasl","previousOperationId":"3n15mgt1a2ifzqd"}
{"type":"log","timestamp":1700494871106,"level":"debug","message":"Page request finished: GET (document) 200 file:///var/folders/dp/qk79pfcj0y1fmtkkl08m76rc0000gn/T/jsreport/autocleanup/9564963f-d313-4080-a9b3-4e27f986c356-chrome-pdf.html","meta":{"rootId":"1q6zancedpmfnan","id":"1q6zancedpmfnan"},"id":"x5wt4maffeujxfu","previousOperationId":"3n15mgt1a2ifzqd"}
{"type":"log","timestamp":1700494871113,"level":"debug","message":"Running chrome with params {\"printBackground\":true,\"timeout\":59966,\"margin\":{}}","meta":{"rootId":"1q6zancedpmfnan","id":"1q6zancedpmfnan"},"id":"zj2re24msigexg4","previousOperationId":"3n15mgt1a2ifzqd"}
{"type":"operationEnd","operationId":"3n15mgt1a2ifzqd","timestamp":1700494871127,"id":"zajdof1f7dl53ou","previousEventId":"kb4duc4ujm8wn47","previousOperationId":"3n15mgt1a2ifzqd"}
{"type":"log","timestamp":1700494871128,"level":"debug","message":"Skipping storing report.","meta":{"rootId":"1q6zancedpmfnan","id":"1q6zancedpmfnan"},"id":"1sxh3bylp3p6y5q","previousOperationId":"3n15mgt1a2ifzqd"}
{"type":"log","timestamp":1700494871128,"level":"info","message":"Rendering request 52 finished in 123 ms","meta":{"rootId":"1q6zancedpmfnan","id":"1q6zancedpmfnan"},"id":"s6i7g70qbsxp2v8","previousOperationId":"3n15mgt1a2ifzqd"}
{"type":"operationEnd","subtype":"render","operationId":"gich1e56jcd8zk4","timestamp":1700494871128,"id":"aefqafj9hk6zyac","previousEventId":"zajdof1f7dl53ou","previousOperationId":"3n15mgt1a2ifzqd"}
{"type":"operationEnd","doDiffs":false,"previousEventId":"1jpw6myz1dcn2ye","previousOperationId":"sbmq6nkk8riea3t","operationId":"sbmq6nkk8riea3t","timestamp":1700494871129,"id":"pxhq568wqc2u7kg"}
