{"type":"operationStart","subtype":"profile","data":{"_id":"HvwsCUxqj5DhvaIt","timestamp":"2023-12-01T08:33:02.983Z","state":"queued","mode":"standard","creationDate":"2023-12-01T08:33:02.985Z","modificationDate":"2023-12-01T08:33:02.985Z","shortid":"Ii-UaIX","$entitySet":"profiles"},"doDiffs":false,"timestamp":1701419582984,"id":"xdrixsfi5390zm0","previousOperationId":null,"operationId":"9h7d5ktsd51561h"}
{"type":"log","level":"info","message":"Render request 17 queued for execution and waiting for available worker","previousOperationId":"9h7d5ktsd51561h","timestamp":1701419582984,"id":"t463lilo6vwjhd2"}
{"type":"operationStart","subtype":"render","name":"index_poziv","previousOperationId":"9h7d5ktsd51561h","timestamp":1701419582999,"id":"zl6dcgtnm3sclzw","previousEventId":"xdrixsfi5390zm0","operationId":"wy1c221uoegwg9f"}
{"type":"log","timestamp":1701419582999,"level":"info","message":"Starting rendering request 17","meta":{"rootId":"3kk3dmask4wrlo1","id":"3kk3dmask4wrlo1"},"id":"8q098br5p949on6","previousOperationId":"wy1c221uoegwg9f"}
{"type":"log","timestamp":1701419582999,"level":"info","message":"Rendering template { name: index_poziv, recipe: chrome-pdf, engine: handlebars, preview: true }","meta":{"rootId":"3kk3dmask4wrlo1","id":"3kk3dmask4wrlo1"},"id":"i1btxlscle443ek","previousOperationId":"wy1c221uoegwg9f"}
{"type":"log","timestamp":1701419583000,"level":"debug","message":"Inline data specified.","meta":{"rootId":"3kk3dmask4wrlo1","id":"3kk3dmask4wrlo1"},"id":"rybdgclpzsjfwfc","previousOperationId":"wy1c221uoegwg9f"}
{"type":"log","timestamp":1701419583001,"level":"debug","message":"Base url not specified, skipping its injection.","meta":{"rootId":"3kk3dmask4wrlo1","id":"3kk3dmask4wrlo1"},"id":"z907dhv6pugv07o","previousOperationId":"wy1c221uoegwg9f"}
{"type":"log","timestamp":1701419583002,"level":"debug","message":"Replaced assets [\"styles.css\"]","meta":{"rootId":"3kk3dmask4wrlo1","id":"3kk3dmask4wrlo1"},"id":"1j0f7um39qbgokk","previousOperationId":"wy1c221uoegwg9f"}
{"type":"operationStart","subtype":"engine","name":"handlebars","timestamp":1701419583002,"id":"ejak6nkkoyfdwzp","previousEventId":"zl6dcgtnm3sclzw","operationId":"vj36qc3gnzo2n3h","previousOperationId":"wy1c221uoegwg9f"}
{"type":"log","timestamp":1701419583002,"level":"debug","message":"Rendering engine handlebars","meta":{"rootId":"3kk3dmask4wrlo1","id":"3kk3dmask4wrlo1"},"id":"2zqw2yuqb7lgq0q","previousOperationId":"vj36qc3gnzo2n3h"}
{"type":"operationEnd","operationId":"vj36qc3gnzo2n3h","timestamp":1701419583021,"id":"iffixkai8qaxubs","previousEventId":"ejak6nkkoyfdwzp","previousOperationId":"vj36qc3gnzo2n3h"}
{"type":"operationStart","subtype":"recipe","name":"chrome-pdf","timestamp":1701419583022,"id":"40w60spoqwc7vcf","previousEventId":"iffixkai8qaxubs","operationId":"kps7cqgfw81pc82","previousOperationId":"vj36qc3gnzo2n3h"}
{"type":"log","timestamp":1701419583022,"level":"debug","message":"Executing recipe chrome-pdf","meta":{"rootId":"3kk3dmask4wrlo1","id":"3kk3dmask4wrlo1"},"id":"lrajkql52znsjkt","previousOperationId":"kps7cqgfw81pc82"}
{"type":"log","timestamp":1701419583024,"level":"debug","message":"Converting with chrome HeadlessChrome/117.0.5938.149 using chrome-pool strategy","meta":{"rootId":"3kk3dmask4wrlo1","id":"3kk3dmask4wrlo1"},"id":"8jukcncp8dx3z5o","previousOperationId":"kps7cqgfw81pc82"}
{"type":"log","timestamp":1701419583072,"level":"debug","message":"Page request: GET (document) file:///var/folders/dp/qk79pfcj0y1fmtkkl08m76rc0000gn/T/jsreport/autocleanup/1f978a93-4410-4164-91cd-a797fa21bd8a-chrome-pdf.html","meta":{"rootId":"3kk3dmask4wrlo1","id":"3kk3dmask4wrlo1"},"id":"xzcv7t4n3io06yi","previousOperationId":"kps7cqgfw81pc82"}
{"type":"log","timestamp":1701419583077,"level":"debug","message":"Page request finished: GET (document) 200 file:///var/folders/dp/qk79pfcj0y1fmtkkl08m76rc0000gn/T/jsreport/autocleanup/1f978a93-4410-4164-91cd-a797fa21bd8a-chrome-pdf.html","meta":{"rootId":"3kk3dmask4wrlo1","id":"3kk3dmask4wrlo1"},"id":"hp84tldywso43qe","previousOperationId":"kps7cqgfw81pc82"}
{"type":"log","timestamp":1701419583083,"level":"debug","message":"Running chrome with params {\"printBackground\":true,\"marginTop\":\"2cm\",\"marginBottom\":\"2cm\",\"timeout\":59960,\"margin\":{\"top\":\"2cm\",\"bottom\":\"2cm\"}}","meta":{"rootId":"3kk3dmask4wrlo1","id":"3kk3dmask4wrlo1"},"id":"swxgovc3a56b5kn","previousOperationId":"kps7cqgfw81pc82"}
{"type":"operationEnd","operationId":"kps7cqgfw81pc82","timestamp":1701419583105,"id":"q7i0gqnxa15hzin","previousEventId":"40w60spoqwc7vcf","previousOperationId":"kps7cqgfw81pc82"}
{"type":"log","timestamp":1701419583105,"level":"info","message":"pdf-utils is starting pdf processing","meta":{"rootId":"3kk3dmask4wrlo1","id":"3kk3dmask4wrlo1"},"id":"k4nhqs8a7os4yci","previousOperationId":"kps7cqgfw81pc82"}
{"type":"operationStart","subtype":"pdfUtils","name":"pdf utils","timestamp":1701419583105,"id":"vvpt5xep1b560bd","previousEventId":"q7i0gqnxa15hzin","operationId":"6w5hs8643vrf4sv","previousOperationId":"kps7cqgfw81pc82"}
{"type":"log","timestamp":1701419583105,"level":"debug","message":"pdf-utils detected 1 pdf operation(s) to process","meta":{"rootId":"3kk3dmask4wrlo1","id":"3kk3dmask4wrlo1"},"id":"ox2u1e8702pb33n","previousOperationId":"6w5hs8643vrf4sv"}
{"type":"log","timestamp":1701419583129,"level":"debug","message":"pdf-utils running pdf operation merge","meta":{"rootId":"3kk3dmask4wrlo1","id":"3kk3dmask4wrlo1"},"id":"rvb2qriut2bs3li","previousOperationId":"6w5hs8643vrf4sv"}
{"type":"operationStart","subtype":"pdfUtilsMerge","name":"pdf utils merge","previousOperationId":"6w5hs8643vrf4sv","timestamp":1701419583129,"id":"vm6882uthddc0x0","previousEventId":"vvpt5xep1b560bd","operationId":"8qzggeqmp4i5jfe"}
{"type":"operationStart","subtype":"render","name":"header-footer","previousOperationId":"8qzggeqmp4i5jfe","timestamp":1701419583130,"id":"vhzp1dgcm8t8i47","previousEventId":"vm6882uthddc0x0","operationId":"yqc1ihs477rj466"}
{"type":"log","timestamp":1701419583130,"level":"info","message":"Starting rendering (child) request","meta":{"rootId":"3kk3dmask4wrlo1","id":"888yvvvc7gu9gaf"},"id":"nu2iegw04b2botp","previousOperationId":"yqc1ihs477rj466"}
{"type":"log","timestamp":1701419583130,"level":"info","message":"Rendering template { name: header-footer, recipe: chrome-pdf, engine: handlebars, preview: true }","meta":{"rootId":"3kk3dmask4wrlo1","id":"888yvvvc7gu9gaf"},"id":"cuidgzg8m72rqjo","previousOperationId":"yqc1ihs477rj466"}
{"type":"log","timestamp":1701419583130,"level":"debug","message":"Inline data specified.","meta":{"rootId":"3kk3dmask4wrlo1","id":"888yvvvc7gu9gaf"},"id":"uqwjddoquqmp0xt","previousOperationId":"yqc1ihs477rj466"}
{"type":"log","timestamp":1701419583130,"level":"debug","message":"Base url not specified, skipping its injection.","meta":{"rootId":"3kk3dmask4wrlo1","id":"888yvvvc7gu9gaf"},"id":"3oda9pph5g34tg0","previousOperationId":"yqc1ihs477rj466"}
{"type":"operationStart","subtype":"engine","name":"handlebars","timestamp":1701419583130,"id":"ugz38xxsjhf92h5","previousEventId":"vhzp1dgcm8t8i47","operationId":"kqz09vgsafy3bj2","previousOperationId":"yqc1ihs477rj466"}
{"type":"log","timestamp":1701419583130,"level":"debug","message":"Rendering engine handlebars","meta":{"rootId":"3kk3dmask4wrlo1","id":"888yvvvc7gu9gaf"},"id":"f6bc36lckl62eyu","previousOperationId":"kqz09vgsafy3bj2"}
{"type":"operationEnd","operationId":"kqz09vgsafy3bj2","timestamp":1701419583134,"id":"e75lem0kcwnu90j","previousEventId":"ugz38xxsjhf92h5","previousOperationId":"kqz09vgsafy3bj2"}
{"type":"operationStart","subtype":"recipe","name":"chrome-pdf","timestamp":1701419583134,"id":"r8kvgyhu9965qd8","previousEventId":"e75lem0kcwnu90j","operationId":"kdfscyr5bnopkkz","previousOperationId":"kqz09vgsafy3bj2"}
{"type":"log","timestamp":1701419583134,"level":"debug","message":"Executing recipe chrome-pdf","meta":{"rootId":"3kk3dmask4wrlo1","id":"888yvvvc7gu9gaf"},"id":"iob5ngaeya33j4a","previousOperationId":"kdfscyr5bnopkkz"}
{"type":"log","timestamp":1701419583135,"level":"debug","message":"Converting with chrome HeadlessChrome/117.0.5938.149 using chrome-pool strategy","meta":{"rootId":"3kk3dmask4wrlo1","id":"888yvvvc7gu9gaf"},"id":"i7rpmqeu5yy6tvl","previousOperationId":"kdfscyr5bnopkkz"}
{"type":"log","timestamp":1701419583173,"level":"debug","message":"Page request: GET (document) file:///var/folders/dp/qk79pfcj0y1fmtkkl08m76rc0000gn/T/jsreport/autocleanup/76d646b7-dfb2-40ef-839e-b4192932d782-chrome-pdf.html","meta":{"rootId":"3kk3dmask4wrlo1","id":"888yvvvc7gu9gaf"},"id":"pfdg2o3s18xsldd","previousOperationId":"kdfscyr5bnopkkz"}
{"type":"log","timestamp":1701419583178,"level":"debug","message":"Page request finished: GET (document) 200 file:///var/folders/dp/qk79pfcj0y1fmtkkl08m76rc0000gn/T/jsreport/autocleanup/76d646b7-dfb2-40ef-839e-b4192932d782-chrome-pdf.html","meta":{"rootId":"3kk3dmask4wrlo1","id":"888yvvvc7gu9gaf"},"id":"1ts0iy3jzv0v615","previousOperationId":"kdfscyr5bnopkkz"}
{"type":"log","timestamp":1701419583185,"level":"debug","message":"Running chrome with params {\"timeout\":59848,\"margin\":{},\"printBackground\":true}","meta":{"rootId":"3kk3dmask4wrlo1","id":"888yvvvc7gu9gaf"},"id":"rsxg32c20fc2q58","previousOperationId":"kdfscyr5bnopkkz"}
{"type":"operationEnd","operationId":"kdfscyr5bnopkkz","timestamp":1701419583191,"id":"fjidv0llar11bxl","previousEventId":"r8kvgyhu9965qd8","previousOperationId":"kdfscyr5bnopkkz"}
{"type":"log","timestamp":1701419583191,"level":"debug","message":"Skipping storing report.","meta":{"rootId":"3kk3dmask4wrlo1","id":"888yvvvc7gu9gaf"},"id":"afv4fkh6c3h00ao","previousOperationId":"kdfscyr5bnopkkz"}
{"type":"log","timestamp":1701419583191,"level":"info","message":"Rendering (child) request finished in 208 ms","meta":{"rootId":"3kk3dmask4wrlo1","id":"888yvvvc7gu9gaf"},"id":"wgkmh176kj6ugiq","previousOperationId":"kdfscyr5bnopkkz"}
{"type":"operationEnd","subtype":"render","operationId":"yqc1ihs477rj466","timestamp":1701419583191,"id":"l346rav4m0nmrgk","previousEventId":"fjidv0llar11bxl","previousOperationId":"kdfscyr5bnopkkz"}
{"type":"operationEnd","operationId":"8qzggeqmp4i5jfe","timestamp":1701419583196,"id":"apy048yekht8q46","previousEventId":"vm6882uthddc0x0","previousOperationId":"8qzggeqmp4i5jfe"}
{"type":"log","timestamp":1701419583196,"level":"debug","message":"pdf-utils postproces start","meta":{"rootId":"3kk3dmask4wrlo1","id":"3kk3dmask4wrlo1"},"id":"yf1bl0hztp9snm1","previousOperationId":"8qzggeqmp4i5jfe"}
{"type":"log","timestamp":1701419583205,"level":"debug","message":"pdf-utils postproces end","meta":{"rootId":"3kk3dmask4wrlo1","id":"3kk3dmask4wrlo1"},"id":"x7yk1xhpuxx28el","previousOperationId":"8qzggeqmp4i5jfe"}
{"type":"operationEnd","operationId":"6w5hs8643vrf4sv","timestamp":1701419583205,"id":"6wrnfki8gh2q67o","previousEventId":"apy048yekht8q46","previousOperationId":"8qzggeqmp4i5jfe"}
{"type":"log","timestamp":1701419583205,"level":"info","message":"pdf-utils pdf processing was finished","meta":{"rootId":"3kk3dmask4wrlo1","id":"3kk3dmask4wrlo1"},"id":"ij2lg3qc9ckj6qw","previousOperationId":"6w5hs8643vrf4sv"}
{"type":"log","timestamp":1701419583205,"level":"debug","message":"Skipping storing report.","meta":{"rootId":"3kk3dmask4wrlo1","id":"3kk3dmask4wrlo1"},"id":"1rmyswk7ljv2gf1","previousOperationId":"6w5hs8643vrf4sv"}
{"type":"log","timestamp":1701419583205,"level":"info","message":"Rendering request 17 finished in 222 ms","meta":{"rootId":"3kk3dmask4wrlo1","id":"3kk3dmask4wrlo1"},"id":"2ynvh36lgqawoqz","previousOperationId":"6w5hs8643vrf4sv"}
{"type":"operationEnd","subtype":"render","operationId":"wy1c221uoegwg9f","timestamp":1701419583205,"id":"1bg488ieovd29a3","previousEventId":"6wrnfki8gh2q67o","previousOperationId":"6w5hs8643vrf4sv"}
{"type":"operationEnd","doDiffs":false,"previousEventId":"xdrixsfi5390zm0","previousOperationId":"9h7d5ktsd51561h","operationId":"9h7d5ktsd51561h","timestamp":1701419583207,"id":"i0ywxcppolm4x83"}
