{"type":"operationStart","subtype":"profile","data":{"_id":"UZZV3zd3e888Bwu9","timestamp":"2023-11-21T11:59:18.472Z","state":"queued","mode":"standard","creationDate":"2023-11-21T11:59:18.473Z","modificationDate":"2023-11-21T11:59:18.473Z","shortid":"vc7V6Xp","$entitySet":"profiles"},"doDiffs":false,"timestamp":1700567958472,"id":"of1fr4jbgzidw2c","previousOperationId":null,"operationId":"7sahpp4yc2xc2e4"}
{"type":"log","level":"info","message":"Render request 32 queued for execution and waiting for available worker","previousOperationId":"7sahpp4yc2xc2e4","timestamp":1700567958472,"id":"xjl1g7imrtyox5i"}
{"type":"operationStart","subtype":"render","name":"index_poziv","previousOperationId":"7sahpp4yc2xc2e4","timestamp":1700567958486,"id":"s48ykuuvyi3uns0","previousEventId":"of1fr4jbgzidw2c","operationId":"u17nkvkeqqbkw35"}
{"type":"log","timestamp":1700567958487,"level":"info","message":"Starting rendering request 32","meta":{"rootId":"54okpn3jiukb3h0","id":"54okpn3jiukb3h0"},"id":"qsufnhvxygpw3rf","previousOperationId":"u17nkvkeqqbkw35"}
{"type":"log","timestamp":1700567958487,"level":"info","message":"Rendering template { name: index_poziv, recipe: chrome-pdf, engine: handlebars, preview: true }","meta":{"rootId":"54okpn3jiukb3h0","id":"54okpn3jiukb3h0"},"id":"85kkwsk7odhwi96","previousOperationId":"u17nkvkeqqbkw35"}
{"type":"log","timestamp":1700567958488,"level":"debug","message":"Inline data specified.","meta":{"rootId":"54okpn3jiukb3h0","id":"54okpn3jiukb3h0"},"id":"i2ygcvq3s7fnji8","previousOperationId":"u17nkvkeqqbkw35"}
{"type":"log","timestamp":1700567958489,"level":"debug","message":"Base url not specified, skipping its injection.","meta":{"rootId":"54okpn3jiukb3h0","id":"54okpn3jiukb3h0"},"id":"1huogrsapg6vkrd","previousOperationId":"u17nkvkeqqbkw35"}
{"type":"log","timestamp":1700567958491,"level":"debug","message":"Replaced assets [\"styles.css\"]","meta":{"rootId":"54okpn3jiukb3h0","id":"54okpn3jiukb3h0"},"id":"dhni23tzjb43ctg","previousOperationId":"u17nkvkeqqbkw35"}
{"type":"operationStart","subtype":"engine","name":"handlebars","timestamp":1700567958491,"id":"xf1lai12vmdkpti","previousEventId":"s48ykuuvyi3uns0","operationId":"yqjrqsj7df8rrrs","previousOperationId":"u17nkvkeqqbkw35"}
{"type":"log","timestamp":1700567958491,"level":"debug","message":"Rendering engine handlebars","meta":{"rootId":"54okpn3jiukb3h0","id":"54okpn3jiukb3h0"},"id":"cnmr3b5iodedjte","previousOperationId":"yqjrqsj7df8rrrs"}
{"type":"operationEnd","operationId":"yqjrqsj7df8rrrs","timestamp":1700567958516,"id":"wyui4mmtln99kn8","previousEventId":"xf1lai12vmdkpti","previousOperationId":"yqjrqsj7df8rrrs"}
{"type":"operationStart","subtype":"recipe","name":"chrome-pdf","timestamp":1700567958517,"id":"pprqj4m088ugzi2","previousEventId":"wyui4mmtln99kn8","operationId":"dpta0sjx3zvpzvg","previousOperationId":"yqjrqsj7df8rrrs"}
{"type":"log","timestamp":1700567958517,"level":"debug","message":"Executing recipe chrome-pdf","meta":{"rootId":"54okpn3jiukb3h0","id":"54okpn3jiukb3h0"},"id":"5k4gknuhq08gg2i","previousOperationId":"dpta0sjx3zvpzvg"}
{"type":"log","timestamp":1700567958520,"level":"debug","message":"Converting with chrome HeadlessChrome/117.0.5938.149 using chrome-pool strategy","meta":{"rootId":"54okpn3jiukb3h0","id":"54okpn3jiukb3h0"},"id":"k4ja8g5pxyup1ir","previousOperationId":"dpta0sjx3zvpzvg"}
{"type":"log","timestamp":1700567958566,"level":"debug","message":"Page request: GET (document) file:///var/folders/dp/qk79pfcj0y1fmtkkl08m76rc0000gn/T/jsreport/autocleanup/b6a217a7-a890-4e7a-9582-02f2b8ac1910-chrome-pdf.html","meta":{"rootId":"54okpn3jiukb3h0","id":"54okpn3jiukb3h0"},"id":"72ue2m5jhnyr93h","previousOperationId":"dpta0sjx3zvpzvg"}
{"type":"log","timestamp":1700567958571,"level":"debug","message":"Page request finished: GET (document) 200 file:///var/folders/dp/qk79pfcj0y1fmtkkl08m76rc0000gn/T/jsreport/autocleanup/b6a217a7-a890-4e7a-9582-02f2b8ac1910-chrome-pdf.html","meta":{"rootId":"54okpn3jiukb3h0","id":"54okpn3jiukb3h0"},"id":"a59vlxdkbhwkfzs","previousOperationId":"dpta0sjx3zvpzvg"}
{"type":"log","timestamp":1700567958580,"level":"debug","message":"Running chrome with params {\"printBackground\":true,\"marginTop\":\"2cm\",\"marginBottom\":\"2cm\",\"timeout\":59952,\"margin\":{\"top\":\"2cm\",\"bottom\":\"2cm\"}}","meta":{"rootId":"54okpn3jiukb3h0","id":"54okpn3jiukb3h0"},"id":"yrbq2z3q9405lzs","previousOperationId":"dpta0sjx3zvpzvg"}
{"type":"operationEnd","operationId":"dpta0sjx3zvpzvg","timestamp":1700567958599,"id":"pi9o4nvdfgwvus7","previousEventId":"pprqj4m088ugzi2","previousOperationId":"dpta0sjx3zvpzvg"}
{"type":"log","timestamp":1700567958599,"level":"info","message":"pdf-utils is starting pdf processing","meta":{"rootId":"54okpn3jiukb3h0","id":"54okpn3jiukb3h0"},"id":"fanpujdu7p3fxzr","previousOperationId":"dpta0sjx3zvpzvg"}
{"type":"operationStart","subtype":"pdfUtils","name":"pdf utils","timestamp":1700567958599,"id":"fx936bbyginmf7s","previousEventId":"pi9o4nvdfgwvus7","operationId":"kanuouhv0sxlycy","previousOperationId":"dpta0sjx3zvpzvg"}
{"type":"log","timestamp":1700567958599,"level":"debug","message":"pdf-utils detected 1 pdf operation(s) to process","meta":{"rootId":"54okpn3jiukb3h0","id":"54okpn3jiukb3h0"},"id":"g8ws1k500cvhx78","previousOperationId":"kanuouhv0sxlycy"}
{"type":"log","timestamp":1700567958632,"level":"debug","message":"pdf-utils running pdf operation merge","meta":{"rootId":"54okpn3jiukb3h0","id":"54okpn3jiukb3h0"},"id":"uilzkwyrlu5e3nj","previousOperationId":"kanuouhv0sxlycy"}
{"type":"operationStart","subtype":"pdfUtilsMerge","name":"pdf utils merge","previousOperationId":"kanuouhv0sxlycy","timestamp":1700567958632,"id":"ii41rtw8nl1kil6","previousEventId":"fx936bbyginmf7s","operationId":"brmhj5jtq5fpmfe"}
{"type":"operationStart","subtype":"render","name":"header-footer","previousOperationId":"brmhj5jtq5fpmfe","timestamp":1700567958632,"id":"pu693s46ownng4p","previousEventId":"ii41rtw8nl1kil6","operationId":"o1hwwzhqg1b7zps"}
{"type":"log","timestamp":1700567958632,"level":"info","message":"Starting rendering (child) request","meta":{"rootId":"54okpn3jiukb3h0","id":"3dy8cpdz1x9hb7y"},"id":"qay7k1nu8c6mn2a","previousOperationId":"o1hwwzhqg1b7zps"}
{"type":"log","timestamp":1700567958632,"level":"info","message":"Rendering template { name: header-footer, recipe: chrome-pdf, engine: handlebars, preview: true }","meta":{"rootId":"54okpn3jiukb3h0","id":"3dy8cpdz1x9hb7y"},"id":"5u8fyiazkxu6a32","previousOperationId":"o1hwwzhqg1b7zps"}
{"type":"log","timestamp":1700567958634,"level":"debug","message":"Inline data specified.","meta":{"rootId":"54okpn3jiukb3h0","id":"3dy8cpdz1x9hb7y"},"id":"9jrzxacqrg2zx8t","previousOperationId":"o1hwwzhqg1b7zps"}
{"type":"log","timestamp":1700567958634,"level":"debug","message":"Base url not specified, skipping its injection.","meta":{"rootId":"54okpn3jiukb3h0","id":"3dy8cpdz1x9hb7y"},"id":"ustje7c9uzs1mg2","previousOperationId":"o1hwwzhqg1b7zps"}
{"type":"operationStart","subtype":"engine","name":"handlebars","timestamp":1700567958634,"id":"hduyqotbg7xc03f","previousEventId":"pu693s46ownng4p","operationId":"ebssvcdsllcb2fc","previousOperationId":"o1hwwzhqg1b7zps"}
{"type":"log","timestamp":1700567958634,"level":"debug","message":"Rendering engine handlebars","meta":{"rootId":"54okpn3jiukb3h0","id":"3dy8cpdz1x9hb7y"},"id":"s1cdb5dt19ipjo9","previousOperationId":"ebssvcdsllcb2fc"}
{"type":"operationEnd","operationId":"ebssvcdsllcb2fc","timestamp":1700567958639,"id":"jzv640cv8wdsu70","previousEventId":"hduyqotbg7xc03f","previousOperationId":"ebssvcdsllcb2fc"}
{"type":"operationStart","subtype":"recipe","name":"chrome-pdf","timestamp":1700567958639,"id":"tcbtxg68d7t3wja","previousEventId":"jzv640cv8wdsu70","operationId":"bhe9rvh0jsfnojq","previousOperationId":"ebssvcdsllcb2fc"}
{"type":"log","timestamp":1700567958639,"level":"debug","message":"Executing recipe chrome-pdf","meta":{"rootId":"54okpn3jiukb3h0","id":"3dy8cpdz1x9hb7y"},"id":"th6aq1cwawj6bjp","previousOperationId":"bhe9rvh0jsfnojq"}
{"type":"log","timestamp":1700567958640,"level":"debug","message":"Converting with chrome HeadlessChrome/117.0.5938.149 using chrome-pool strategy","meta":{"rootId":"54okpn3jiukb3h0","id":"3dy8cpdz1x9hb7y"},"id":"2q8kia0dsyz7w6r","previousOperationId":"bhe9rvh0jsfnojq"}
{"type":"log","timestamp":1700567958677,"level":"debug","message":"Page request: GET (document) file:///var/folders/dp/qk79pfcj0y1fmtkkl08m76rc0000gn/T/jsreport/autocleanup/22f1a44d-5ae0-4533-866a-f64898e666d7-chrome-pdf.html","meta":{"rootId":"54okpn3jiukb3h0","id":"3dy8cpdz1x9hb7y"},"id":"83evebsf4148b48","previousOperationId":"bhe9rvh0jsfnojq"}
{"type":"log","timestamp":1700567958682,"level":"debug","message":"Page request finished: GET (document) 200 file:///var/folders/dp/qk79pfcj0y1fmtkkl08m76rc0000gn/T/jsreport/autocleanup/22f1a44d-5ae0-4533-866a-f64898e666d7-chrome-pdf.html","meta":{"rootId":"54okpn3jiukb3h0","id":"3dy8cpdz1x9hb7y"},"id":"5sh390h7jtdhc31","previousOperationId":"bhe9rvh0jsfnojq"}
{"type":"log","timestamp":1700567958690,"level":"debug","message":"Running chrome with params {\"timeout\":59831,\"margin\":{},\"printBackground\":true}","meta":{"rootId":"54okpn3jiukb3h0","id":"3dy8cpdz1x9hb7y"},"id":"s0lx1gt12p9vlul","previousOperationId":"bhe9rvh0jsfnojq"}
{"type":"operationEnd","operationId":"bhe9rvh0jsfnojq","timestamp":1700567958695,"id":"yu9vd8l0793rrtl","previousEventId":"tcbtxg68d7t3wja","previousOperationId":"bhe9rvh0jsfnojq"}
{"type":"log","timestamp":1700567958696,"level":"debug","message":"Skipping storing report.","meta":{"rootId":"54okpn3jiukb3h0","id":"3dy8cpdz1x9hb7y"},"id":"s9gmcxjue4j0gfy","previousOperationId":"bhe9rvh0jsfnojq"}
{"type":"log","timestamp":1700567958696,"level":"info","message":"Rendering (child) request finished in 225 ms","meta":{"rootId":"54okpn3jiukb3h0","id":"3dy8cpdz1x9hb7y"},"id":"i022nynrya2l5g3","previousOperationId":"bhe9rvh0jsfnojq"}
{"type":"operationEnd","subtype":"render","operationId":"o1hwwzhqg1b7zps","timestamp":1700567958696,"id":"sspz8s84todrd4z","previousEventId":"yu9vd8l0793rrtl","previousOperationId":"bhe9rvh0jsfnojq"}
{"type":"operationEnd","operationId":"brmhj5jtq5fpmfe","timestamp":1700567958702,"id":"jttf6w2h4n7uyp1","previousEventId":"ii41rtw8nl1kil6","previousOperationId":"brmhj5jtq5fpmfe"}
{"type":"log","timestamp":1700567958702,"level":"debug","message":"pdf-utils postproces start","meta":{"rootId":"54okpn3jiukb3h0","id":"54okpn3jiukb3h0"},"id":"7p1pf7vdwenvw2k","previousOperationId":"brmhj5jtq5fpmfe"}
{"type":"log","timestamp":1700567958710,"level":"debug","message":"pdf-utils postproces end","meta":{"rootId":"54okpn3jiukb3h0","id":"54okpn3jiukb3h0"},"id":"zctrxkh9672ik3g","previousOperationId":"brmhj5jtq5fpmfe"}
{"type":"operationEnd","operationId":"kanuouhv0sxlycy","timestamp":1700567958710,"id":"x6pzaj7u6qy7te0","previousEventId":"jttf6w2h4n7uyp1","previousOperationId":"brmhj5jtq5fpmfe"}
{"type":"log","timestamp":1700567958710,"level":"info","message":"pdf-utils pdf processing was finished","meta":{"rootId":"54okpn3jiukb3h0","id":"54okpn3jiukb3h0"},"id":"vxmxtg8ww9ymgq0","previousOperationId":"kanuouhv0sxlycy"}
{"type":"log","timestamp":1700567958710,"level":"debug","message":"Skipping storing report.","meta":{"rootId":"54okpn3jiukb3h0","id":"54okpn3jiukb3h0"},"id":"kiztbf6yz861zcq","previousOperationId":"kanuouhv0sxlycy"}
{"type":"log","timestamp":1700567958710,"level":"info","message":"Rendering request 32 finished in 239 ms","meta":{"rootId":"54okpn3jiukb3h0","id":"54okpn3jiukb3h0"},"id":"2c82t9fthqrjn5z","previousOperationId":"kanuouhv0sxlycy"}
{"type":"operationEnd","subtype":"render","operationId":"u17nkvkeqqbkw35","timestamp":1700567958710,"id":"ndaurib9q7a4ex2","previousEventId":"x6pzaj7u6qy7te0","previousOperationId":"kanuouhv0sxlycy"}
{"type":"operationEnd","doDiffs":false,"previousEventId":"of1fr4jbgzidw2c","previousOperationId":"7sahpp4yc2xc2e4","operationId":"7sahpp4yc2xc2e4","timestamp":1700567958713,"id":"utu7znfqol7ylrw"}
