{"type":"operationStart","subtype":"profile","data":{"_id":"kv06kraFuyK44vRW","timestamp":"2023-11-21T11:17:15.125Z","state":"queued","mode":"standard","creationDate":"2023-11-21T11:17:15.129Z","modificationDate":"2023-11-21T11:17:15.129Z","shortid":"RVTb5Fo","$entitySet":"profiles"},"doDiffs":false,"timestamp":1700565435127,"id":"nf9g6gqzniqay2h","previousOperationId":null,"operationId":"x9qhkclzm26fgu5"}
{"type":"log","level":"info","message":"Render request 16 queued for execution and waiting for available worker","previousOperationId":"x9qhkclzm26fgu5","timestamp":1700565435128,"id":"vxcignry15arigo"}
{"type":"operationStart","subtype":"render","name":"index_poziv","previousOperationId":"x9qhkclzm26fgu5","timestamp":1700565435149,"id":"ny9r4lwc2wi4re2","previousEventId":"nf9g6gqzniqay2h","operationId":"3lw9nifcd5xr1t0"}
{"type":"log","timestamp":1700565435151,"level":"info","message":"Starting rendering request 16","meta":{"rootId":"59qvvvqs5npnw5b","id":"59qvvvqs5npnw5b"},"id":"fl2fhyarmvn0cw3","previousOperationId":"3lw9nifcd5xr1t0"}
{"type":"log","timestamp":1700565435152,"level":"info","message":"Rendering template { name: index_poziv, recipe: chrome-pdf, engine: handlebars, preview: true }","meta":{"rootId":"59qvvvqs5npnw5b","id":"59qvvvqs5npnw5b"},"id":"4yavypwrvbc9xet","previousOperationId":"3lw9nifcd5xr1t0"}
{"type":"log","timestamp":1700565435154,"level":"debug","message":"Adding sample data PrpCVp4aj","meta":{"rootId":"59qvvvqs5npnw5b","id":"59qvvvqs5npnw5b"},"id":"givh909m9udykh1","previousOperationId":"3lw9nifcd5xr1t0"}
{"type":"log","timestamp":1700565435157,"level":"debug","message":"Base url not specified, skipping its injection.","meta":{"rootId":"59qvvvqs5npnw5b","id":"59qvvvqs5npnw5b"},"id":"8hjaf5zndoc3jgk","previousOperationId":"3lw9nifcd5xr1t0"}
{"type":"log","timestamp":1700565435159,"level":"debug","message":"Replaced assets [\"styles.css\"]","meta":{"rootId":"59qvvvqs5npnw5b","id":"59qvvvqs5npnw5b"},"id":"g2yfmvavshund79","previousOperationId":"3lw9nifcd5xr1t0"}
{"type":"operationStart","subtype":"engine","name":"handlebars","timestamp":1700565435160,"id":"wnom70m4ceqluvt","previousEventId":"ny9r4lwc2wi4re2","operationId":"1ec3eex99qk2rti","previousOperationId":"3lw9nifcd5xr1t0"}
{"type":"log","timestamp":1700565435160,"level":"debug","message":"Rendering engine handlebars","meta":{"rootId":"59qvvvqs5npnw5b","id":"59qvvvqs5npnw5b"},"id":"8pzqiomqqigitlu","previousOperationId":"1ec3eex99qk2rti"}
{"type":"operationEnd","operationId":"1ec3eex99qk2rti","timestamp":1700565435182,"id":"5n9f8l5hnu6la23","previousEventId":"wnom70m4ceqluvt","previousOperationId":"1ec3eex99qk2rti"}
{"type":"operationStart","subtype":"recipe","name":"chrome-pdf","timestamp":1700565435182,"id":"xuv8psn0zj5n8lh","previousEventId":"5n9f8l5hnu6la23","operationId":"9702fhh3y569c9q","previousOperationId":"1ec3eex99qk2rti"}
{"type":"log","timestamp":1700565435182,"level":"debug","message":"Executing recipe chrome-pdf","meta":{"rootId":"59qvvvqs5npnw5b","id":"59qvvvqs5npnw5b"},"id":"7d5hx5nq6w0unqg","previousOperationId":"9702fhh3y569c9q"}
{"type":"log","timestamp":1700565435184,"level":"debug","message":"Converting with chrome HeadlessChrome/117.0.5938.149 using chrome-pool strategy","meta":{"rootId":"59qvvvqs5npnw5b","id":"59qvvvqs5npnw5b"},"id":"k3i9adctwj77olc","previousOperationId":"9702fhh3y569c9q"}
{"type":"log","timestamp":1700565435231,"level":"debug","message":"Page request: GET (document) file:///var/folders/dp/qk79pfcj0y1fmtkkl08m76rc0000gn/T/jsreport/autocleanup/3839e4f4-6b68-4545-90da-af342c4cd92c-chrome-pdf.html","meta":{"rootId":"59qvvvqs5npnw5b","id":"59qvvvqs5npnw5b"},"id":"6vlynvch5ke62by","previousOperationId":"9702fhh3y569c9q"}
{"type":"log","timestamp":1700565435235,"level":"debug","message":"Page request finished: GET (document) 200 file:///var/folders/dp/qk79pfcj0y1fmtkkl08m76rc0000gn/T/jsreport/autocleanup/3839e4f4-6b68-4545-90da-af342c4cd92c-chrome-pdf.html","meta":{"rootId":"59qvvvqs5npnw5b","id":"59qvvvqs5npnw5b"},"id":"6swznu9zt3ao48r","previousOperationId":"9702fhh3y569c9q"}
{"type":"log","timestamp":1700565435243,"level":"debug","message":"Running chrome with params {\"printBackground\":true,\"timeout\":59942,\"margin\":{}}","meta":{"rootId":"59qvvvqs5npnw5b","id":"59qvvvqs5npnw5b"},"id":"s2svewj8pgypcqz","previousOperationId":"9702fhh3y569c9q"}
{"type":"operationEnd","operationId":"9702fhh3y569c9q","timestamp":1700565435260,"id":"647tq3vwt63nwig","previousEventId":"xuv8psn0zj5n8lh","previousOperationId":"9702fhh3y569c9q"}
{"type":"log","timestamp":1700565435260,"level":"debug","message":"Skipping storing report.","meta":{"rootId":"59qvvvqs5npnw5b","id":"59qvvvqs5npnw5b"},"id":"b157kcik3nbxa21","previousOperationId":"9702fhh3y569c9q"}
{"type":"log","timestamp":1700565435260,"level":"info","message":"Rendering request 16 finished in 135 ms","meta":{"rootId":"59qvvvqs5npnw5b","id":"59qvvvqs5npnw5b"},"id":"aj727bnatdu1166","previousOperationId":"9702fhh3y569c9q"}
{"type":"operationEnd","subtype":"render","operationId":"3lw9nifcd5xr1t0","timestamp":1700565435260,"id":"rs02n8fs7oshhyz","previousEventId":"647tq3vwt63nwig","previousOperationId":"9702fhh3y569c9q"}
{"type":"operationEnd","doDiffs":false,"previousEventId":"nf9g6gqzniqay2h","previousOperationId":"x9qhkclzm26fgu5","operationId":"x9qhkclzm26fgu5","timestamp":1700565435262,"id":"idk4sa5bqkyyhnl"}
