{"type":"operationStart","subtype":"profile","data":{"_id":"0ucSf7SgyNnCjaw0","timestamp":"2023-12-01T09:19:13.152Z","state":"queued","mode":"standard","creationDate":"2023-12-01T09:19:13.154Z","modificationDate":"2023-12-01T09:19:13.154Z","shortid":"tCMfVOX","$entitySet":"profiles"},"doDiffs":false,"timestamp":1701422353153,"id":"ygxwk9ko90ml26g","previousOperationId":null,"operationId":"myj8nnblj0qnwwr"}
{"type":"log","level":"info","message":"Render request 46 queued for execution and waiting for available worker","previousOperationId":"myj8nnblj0qnwwr","timestamp":1701422353153,"id":"iibs02362ish8c1"}
{"type":"operationStart","subtype":"render","name":"index_poziv","previousOperationId":"myj8nnblj0qnwwr","timestamp":1701422353162,"id":"ud5ay38md79ts5f","previousEventId":"ygxwk9ko90ml26g","operationId":"06zms6tri7tgamg"}
{"type":"log","timestamp":1701422353162,"level":"info","message":"Starting rendering request 46","meta":{"rootId":"5lup28jh8gbt080","id":"5lup28jh8gbt080"},"id":"1m58cui69410x6m","previousOperationId":"06zms6tri7tgamg"}
{"type":"log","timestamp":1701422353162,"level":"info","message":"Rendering template { name: index_poziv, recipe: chrome-pdf, engine: handlebars, preview: true }","meta":{"rootId":"5lup28jh8gbt080","id":"5lup28jh8gbt080"},"id":"aadkpy7lbovlosv","previousOperationId":"06zms6tri7tgamg"}
{"type":"log","timestamp":1701422353162,"level":"debug","message":"Inline data specified.","meta":{"rootId":"5lup28jh8gbt080","id":"5lup28jh8gbt080"},"id":"uttnzub848zlf45","previousOperationId":"06zms6tri7tgamg"}
{"type":"log","timestamp":1701422353169,"level":"debug","message":"Base url not specified, skipping its injection.","meta":{"rootId":"5lup28jh8gbt080","id":"5lup28jh8gbt080"},"id":"61rgizbq03d56x2","previousOperationId":"06zms6tri7tgamg"}
{"type":"log","timestamp":1701422353170,"level":"debug","message":"Replaced assets [\"styles.css\"]","meta":{"rootId":"5lup28jh8gbt080","id":"5lup28jh8gbt080"},"id":"f85314g989b1xus","previousOperationId":"06zms6tri7tgamg"}
{"type":"operationStart","subtype":"engine","name":"handlebars","timestamp":1701422353170,"id":"3sn4zb5noa1dnb3","previousEventId":"ud5ay38md79ts5f","operationId":"zu3q1a5w1mq5qok","previousOperationId":"06zms6tri7tgamg"}
{"type":"log","timestamp":1701422353170,"level":"debug","message":"Rendering engine handlebars","meta":{"rootId":"5lup28jh8gbt080","id":"5lup28jh8gbt080"},"id":"wb2k1dd819fragj","previousOperationId":"zu3q1a5w1mq5qok"}
{"type":"operationEnd","operationId":"zu3q1a5w1mq5qok","timestamp":1701422353182,"id":"zonx5wf2pfxd02n","previousEventId":"3sn4zb5noa1dnb3","previousOperationId":"zu3q1a5w1mq5qok"}
{"type":"operationStart","subtype":"recipe","name":"chrome-pdf","timestamp":1701422353182,"id":"6o84r8o55vry4tf","previousEventId":"zonx5wf2pfxd02n","operationId":"2epjvcitioektk5","previousOperationId":"zu3q1a5w1mq5qok"}
{"type":"log","timestamp":1701422353182,"level":"debug","message":"Executing recipe chrome-pdf","meta":{"rootId":"5lup28jh8gbt080","id":"5lup28jh8gbt080"},"id":"egmx1ax7fzd0v7m","previousOperationId":"2epjvcitioektk5"}
{"type":"log","timestamp":1701422353184,"level":"debug","message":"Converting with chrome HeadlessChrome/117.0.5938.149 using chrome-pool strategy","meta":{"rootId":"5lup28jh8gbt080","id":"5lup28jh8gbt080"},"id":"7zhmwnqwdf6p258","previousOperationId":"2epjvcitioektk5"}
{"type":"log","timestamp":1701422353226,"level":"debug","message":"Page request: GET (document) file:///var/folders/dp/qk79pfcj0y1fmtkkl08m76rc0000gn/T/jsreport/autocleanup/e16dc67a-3048-40da-9435-49c4a10c69f5-chrome-pdf.html","meta":{"rootId":"5lup28jh8gbt080","id":"5lup28jh8gbt080"},"id":"mccgs44njahih0x","previousOperationId":"2epjvcitioektk5"}
{"type":"log","timestamp":1701422353232,"level":"debug","message":"Page request finished: GET (document) 200 file:///var/folders/dp/qk79pfcj0y1fmtkkl08m76rc0000gn/T/jsreport/autocleanup/e16dc67a-3048-40da-9435-49c4a10c69f5-chrome-pdf.html","meta":{"rootId":"5lup28jh8gbt080","id":"5lup28jh8gbt080"},"id":"e96715zpme0xwl0","previousOperationId":"2epjvcitioektk5"}
{"type":"log","timestamp":1701422353242,"level":"debug","message":"Running chrome with params {\"printBackground\":true,\"marginTop\":\"2cm\",\"marginBottom\":\"2cm\",\"timeout\":59968,\"margin\":{\"top\":\"2cm\",\"bottom\":\"2cm\"}}","meta":{"rootId":"5lup28jh8gbt080","id":"5lup28jh8gbt080"},"id":"q5ng9m0638camzi","previousOperationId":"2epjvcitioektk5"}
{"type":"operationEnd","operationId":"2epjvcitioektk5","timestamp":1701422353264,"id":"nk8b946i7rqbjam","previousEventId":"6o84r8o55vry4tf","previousOperationId":"2epjvcitioektk5"}
{"type":"log","timestamp":1701422353264,"level":"info","message":"pdf-utils is starting pdf processing","meta":{"rootId":"5lup28jh8gbt080","id":"5lup28jh8gbt080"},"id":"pjoo056u6ghmqeg","previousOperationId":"2epjvcitioektk5"}
{"type":"operationStart","subtype":"pdfUtils","name":"pdf utils","timestamp":1701422353264,"id":"3czqguntfjqbb73","previousEventId":"nk8b946i7rqbjam","operationId":"ia9b1aw9gwz1f2k","previousOperationId":"2epjvcitioektk5"}
{"type":"log","timestamp":1701422353264,"level":"debug","message":"pdf-utils detected 1 pdf operation(s) to process","meta":{"rootId":"5lup28jh8gbt080","id":"5lup28jh8gbt080"},"id":"2fjl0627y26iyc1","previousOperationId":"ia9b1aw9gwz1f2k"}
{"type":"log","timestamp":1701422353286,"level":"debug","message":"pdf-utils running pdf operation merge","meta":{"rootId":"5lup28jh8gbt080","id":"5lup28jh8gbt080"},"id":"vk95l6wkopl1bq5","previousOperationId":"ia9b1aw9gwz1f2k"}
{"type":"operationStart","subtype":"pdfUtilsMerge","name":"pdf utils merge","previousOperationId":"ia9b1aw9gwz1f2k","timestamp":1701422353286,"id":"3q3zp6de51b10ty","previousEventId":"3czqguntfjqbb73","operationId":"kjr0kg5bqeh7grr"}
{"type":"operationStart","subtype":"render","name":"header-footer","previousOperationId":"kjr0kg5bqeh7grr","timestamp":1701422353286,"id":"wlal593cl6jgv2q","previousEventId":"3q3zp6de51b10ty","operationId":"30q562ndbpi7r5z"}
{"type":"log","timestamp":1701422353286,"level":"info","message":"Starting rendering (child) request","meta":{"rootId":"5lup28jh8gbt080","id":"vbdt2mw4spevck4"},"id":"7tk9t5qvf95g2t9","previousOperationId":"30q562ndbpi7r5z"}
{"type":"log","timestamp":1701422353287,"level":"info","message":"Rendering template { name: header-footer, recipe: chrome-pdf, engine: handlebars, preview: true }","meta":{"rootId":"5lup28jh8gbt080","id":"vbdt2mw4spevck4"},"id":"pq2s6b0munio8e0","previousOperationId":"30q562ndbpi7r5z"}
{"type":"log","timestamp":1701422353287,"level":"debug","message":"Inline data specified.","meta":{"rootId":"5lup28jh8gbt080","id":"vbdt2mw4spevck4"},"id":"s8an8uihoklyov3","previousOperationId":"30q562ndbpi7r5z"}
{"type":"log","timestamp":1701422353287,"level":"debug","message":"Base url not specified, skipping its injection.","meta":{"rootId":"5lup28jh8gbt080","id":"vbdt2mw4spevck4"},"id":"17glh05piuxtszo","previousOperationId":"30q562ndbpi7r5z"}
{"type":"operationStart","subtype":"engine","name":"handlebars","timestamp":1701422353287,"id":"19bz00yo9t7cimd","previousEventId":"wlal593cl6jgv2q","operationId":"en67701modzougg","previousOperationId":"30q562ndbpi7r5z"}
{"type":"log","timestamp":1701422353287,"level":"debug","message":"Rendering engine handlebars","meta":{"rootId":"5lup28jh8gbt080","id":"vbdt2mw4spevck4"},"id":"mix5ijs7lw3kkdv","previousOperationId":"en67701modzougg"}
{"type":"operationEnd","operationId":"en67701modzougg","timestamp":1701422353291,"id":"3au8ft7jn7mjnwh","previousEventId":"19bz00yo9t7cimd","previousOperationId":"en67701modzougg"}
{"type":"operationStart","subtype":"recipe","name":"chrome-pdf","timestamp":1701422353291,"id":"6vpl02jddjow9ez","previousEventId":"3au8ft7jn7mjnwh","operationId":"07wvez3hz647b5r","previousOperationId":"en67701modzougg"}
{"type":"log","timestamp":1701422353291,"level":"debug","message":"Executing recipe chrome-pdf","meta":{"rootId":"5lup28jh8gbt080","id":"vbdt2mw4spevck4"},"id":"o6wse0ucfvoz0i4","previousOperationId":"07wvez3hz647b5r"}
{"type":"log","timestamp":1701422353292,"level":"debug","message":"Converting with chrome HeadlessChrome/117.0.5938.149 using chrome-pool strategy","meta":{"rootId":"5lup28jh8gbt080","id":"vbdt2mw4spevck4"},"id":"5vxhypp4qfrmp8l","previousOperationId":"07wvez3hz647b5r"}
{"type":"log","timestamp":1701422353329,"level":"debug","message":"Page request: GET (document) file:///var/folders/dp/qk79pfcj0y1fmtkkl08m76rc0000gn/T/jsreport/autocleanup/78e1929c-57fa-4028-924a-15893c62f9e1-chrome-pdf.html","meta":{"rootId":"5lup28jh8gbt080","id":"vbdt2mw4spevck4"},"id":"w3shlxrlkbhpvn3","previousOperationId":"07wvez3hz647b5r"}
{"type":"log","timestamp":1701422353334,"level":"debug","message":"Page request finished: GET (document) 200 file:///var/folders/dp/qk79pfcj0y1fmtkkl08m76rc0000gn/T/jsreport/autocleanup/78e1929c-57fa-4028-924a-15893c62f9e1-chrome-pdf.html","meta":{"rootId":"5lup28jh8gbt080","id":"vbdt2mw4spevck4"},"id":"bnhyc0ybit4crrf","previousOperationId":"07wvez3hz647b5r"}
{"type":"log","timestamp":1701422353341,"level":"debug","message":"Running chrome with params {\"timeout\":59860,\"margin\":{},\"printBackground\":true}","meta":{"rootId":"5lup28jh8gbt080","id":"vbdt2mw4spevck4"},"id":"3c2sr9177247o3g","previousOperationId":"07wvez3hz647b5r"}
{"type":"operationEnd","operationId":"07wvez3hz647b5r","timestamp":1701422353347,"id":"hzivm7qqbenjbip","previousEventId":"6vpl02jddjow9ez","previousOperationId":"07wvez3hz647b5r"}
{"type":"log","timestamp":1701422353347,"level":"debug","message":"Skipping storing report.","meta":{"rootId":"5lup28jh8gbt080","id":"vbdt2mw4spevck4"},"id":"9f2giw973j9h569","previousOperationId":"07wvez3hz647b5r"}
{"type":"log","timestamp":1701422353347,"level":"info","message":"Rendering (child) request finished in 195 ms","meta":{"rootId":"5lup28jh8gbt080","id":"vbdt2mw4spevck4"},"id":"dbojf1z458tbadu","previousOperationId":"07wvez3hz647b5r"}
{"type":"operationEnd","subtype":"render","operationId":"30q562ndbpi7r5z","timestamp":1701422353347,"id":"9p34muq5hxad36w","previousEventId":"hzivm7qqbenjbip","previousOperationId":"07wvez3hz647b5r"}
{"type":"operationEnd","operationId":"kjr0kg5bqeh7grr","timestamp":1701422353352,"id":"hc5bim8hqcuh3ev","previousEventId":"3q3zp6de51b10ty","previousOperationId":"kjr0kg5bqeh7grr"}
{"type":"log","timestamp":1701422353352,"level":"debug","message":"pdf-utils postproces start","meta":{"rootId":"5lup28jh8gbt080","id":"5lup28jh8gbt080"},"id":"pkk9qibigpwv3fb","previousOperationId":"kjr0kg5bqeh7grr"}
{"type":"log","timestamp":1701422353359,"level":"debug","message":"pdf-utils postproces end","meta":{"rootId":"5lup28jh8gbt080","id":"5lup28jh8gbt080"},"id":"we46srdod6gc96a","previousOperationId":"kjr0kg5bqeh7grr"}
{"type":"operationEnd","operationId":"ia9b1aw9gwz1f2k","timestamp":1701422353359,"id":"x4qgqfffal9ppyi","previousEventId":"hc5bim8hqcuh3ev","previousOperationId":"kjr0kg5bqeh7grr"}
{"type":"log","timestamp":1701422353359,"level":"info","message":"pdf-utils pdf processing was finished","meta":{"rootId":"5lup28jh8gbt080","id":"5lup28jh8gbt080"},"id":"5rsxo810anr65o6","previousOperationId":"ia9b1aw9gwz1f2k"}
{"type":"log","timestamp":1701422353359,"level":"debug","message":"Skipping storing report.","meta":{"rootId":"5lup28jh8gbt080","id":"5lup28jh8gbt080"},"id":"i9stdaig796e45y","previousOperationId":"ia9b1aw9gwz1f2k"}
{"type":"log","timestamp":1701422353359,"level":"info","message":"Rendering request 46 finished in 207 ms","meta":{"rootId":"5lup28jh8gbt080","id":"5lup28jh8gbt080"},"id":"ky9xdcabl69ert0","previousOperationId":"ia9b1aw9gwz1f2k"}
{"type":"operationEnd","subtype":"render","operationId":"06zms6tri7tgamg","timestamp":1701422353359,"id":"1uq78vinbom0u1i","previousEventId":"x4qgqfffal9ppyi","previousOperationId":"ia9b1aw9gwz1f2k"}
{"type":"operationEnd","doDiffs":false,"previousEventId":"ygxwk9ko90ml26g","previousOperationId":"myj8nnblj0qnwwr","operationId":"myj8nnblj0qnwwr","timestamp":1701422353361,"id":"f6vjytl7ouyxd6f"}
