{"type":"operationStart","subtype":"profile","data":{"_id":"fP22a52LP4uL6HMH","timestamp":"2023-12-01T08:55:23.151Z","state":"queued","mode":"standard","creationDate":"2023-12-01T08:55:23.153Z","modificationDate":"2023-12-01T08:55:23.153Z","shortid":"B1F_dYY","$entitySet":"profiles"},"doDiffs":false,"timestamp":1701420923153,"id":"9ji70x35hjd0amv","previousOperationId":null,"operationId":"bsw3fbs3467dnqj"}
{"type":"log","level":"info","message":"Render request 26 queued for execution and waiting for available worker","previousOperationId":"bsw3fbs3467dnqj","timestamp":1701420923153,"id":"54gt4m0wktjgh0e"}
{"type":"operationStart","subtype":"render","name":"index_poziv","previousOperationId":"bsw3fbs3467dnqj","timestamp":1701420923161,"id":"hb1svnxipomjt5c","previousEventId":"9ji70x35hjd0amv","operationId":"48pdr2pxzjb77fh"}
{"type":"log","timestamp":1701420923161,"level":"info","message":"Starting rendering request 26","meta":{"rootId":"69yn9u3zw4izqg2","id":"69yn9u3zw4izqg2"},"id":"dk4y238yo337blr","previousOperationId":"48pdr2pxzjb77fh"}
{"type":"log","timestamp":1701420923161,"level":"info","message":"Rendering template { name: index_poziv, recipe: chrome-pdf, engine: handlebars, preview: true }","meta":{"rootId":"69yn9u3zw4izqg2","id":"69yn9u3zw4izqg2"},"id":"tuukdt1xy3tgpyp","previousOperationId":"48pdr2pxzjb77fh"}
{"type":"log","timestamp":1701420923162,"level":"debug","message":"Inline data specified.","meta":{"rootId":"69yn9u3zw4izqg2","id":"69yn9u3zw4izqg2"},"id":"tp1c1rrhwqsk27v","previousOperationId":"48pdr2pxzjb77fh"}
{"type":"log","timestamp":1701420923168,"level":"debug","message":"Base url not specified, skipping its injection.","meta":{"rootId":"69yn9u3zw4izqg2","id":"69yn9u3zw4izqg2"},"id":"q1vbc8wpwv5v6ar","previousOperationId":"48pdr2pxzjb77fh"}
{"type":"log","timestamp":1701420923170,"level":"debug","message":"Replaced assets [\"styles.css\"]","meta":{"rootId":"69yn9u3zw4izqg2","id":"69yn9u3zw4izqg2"},"id":"8z8csji9d6kndsm","previousOperationId":"48pdr2pxzjb77fh"}
{"type":"operationStart","subtype":"engine","name":"handlebars","timestamp":1701420923170,"id":"x7ras7lzipm9vqd","previousEventId":"hb1svnxipomjt5c","operationId":"np909hzeph51k23","previousOperationId":"48pdr2pxzjb77fh"}
{"type":"log","timestamp":1701420923170,"level":"debug","message":"Rendering engine handlebars","meta":{"rootId":"69yn9u3zw4izqg2","id":"69yn9u3zw4izqg2"},"id":"m1edg4ofqf9qp3c","previousOperationId":"np909hzeph51k23"}
{"type":"operationEnd","operationId":"np909hzeph51k23","timestamp":1701420923181,"id":"kp0azgdcg94oeaj","previousEventId":"x7ras7lzipm9vqd","previousOperationId":"np909hzeph51k23"}
{"type":"operationStart","subtype":"recipe","name":"chrome-pdf","timestamp":1701420923182,"id":"e5w6m2b5tbhkcnn","previousEventId":"kp0azgdcg94oeaj","operationId":"j0lnru32f2ds6dh","previousOperationId":"np909hzeph51k23"}
{"type":"log","timestamp":1701420923182,"level":"debug","message":"Executing recipe chrome-pdf","meta":{"rootId":"69yn9u3zw4izqg2","id":"69yn9u3zw4izqg2"},"id":"r6f0eq26gspz3t0","previousOperationId":"j0lnru32f2ds6dh"}
{"type":"log","timestamp":1701420923183,"level":"debug","message":"Converting with chrome HeadlessChrome/117.0.5938.149 using chrome-pool strategy","meta":{"rootId":"69yn9u3zw4izqg2","id":"69yn9u3zw4izqg2"},"id":"mydbfptj7fzyscl","previousOperationId":"j0lnru32f2ds6dh"}
{"type":"log","timestamp":1701420923232,"level":"debug","message":"Page request: GET (document) file:///var/folders/dp/qk79pfcj0y1fmtkkl08m76rc0000gn/T/jsreport/autocleanup/73b37227-da47-446c-bd67-fd38cb776527-chrome-pdf.html","meta":{"rootId":"69yn9u3zw4izqg2","id":"69yn9u3zw4izqg2"},"id":"4rqf59mkpn3adop","previousOperationId":"j0lnru32f2ds6dh"}
{"type":"log","timestamp":1701420923238,"level":"debug","message":"Page request finished: GET (document) 200 file:///var/folders/dp/qk79pfcj0y1fmtkkl08m76rc0000gn/T/jsreport/autocleanup/73b37227-da47-446c-bd67-fd38cb776527-chrome-pdf.html","meta":{"rootId":"69yn9u3zw4izqg2","id":"69yn9u3zw4izqg2"},"id":"kbdluh426z9hr1s","previousOperationId":"j0lnru32f2ds6dh"}
{"type":"log","timestamp":1701420923248,"level":"debug","message":"Running chrome with params {\"printBackground\":true,\"marginTop\":\"2cm\",\"marginBottom\":\"2cm\",\"timeout\":59969,\"margin\":{\"top\":\"2cm\",\"bottom\":\"2cm\"}}","meta":{"rootId":"69yn9u3zw4izqg2","id":"69yn9u3zw4izqg2"},"id":"qddrjjns1cf9dd3","previousOperationId":"j0lnru32f2ds6dh"}
{"type":"operationEnd","operationId":"j0lnru32f2ds6dh","timestamp":1701420923268,"id":"4fk5jtoms57pyx0","previousEventId":"e5w6m2b5tbhkcnn","previousOperationId":"j0lnru32f2ds6dh"}
{"type":"log","timestamp":1701420923269,"level":"info","message":"pdf-utils is starting pdf processing","meta":{"rootId":"69yn9u3zw4izqg2","id":"69yn9u3zw4izqg2"},"id":"asrei68lenw9eef","previousOperationId":"j0lnru32f2ds6dh"}
{"type":"operationStart","subtype":"pdfUtils","name":"pdf utils","timestamp":1701420923269,"id":"do5ytc8p3gcyyws","previousEventId":"4fk5jtoms57pyx0","operationId":"s52f0s7ko2how2j","previousOperationId":"j0lnru32f2ds6dh"}
{"type":"log","timestamp":1701420923269,"level":"debug","message":"pdf-utils detected 1 pdf operation(s) to process","meta":{"rootId":"69yn9u3zw4izqg2","id":"69yn9u3zw4izqg2"},"id":"kc55lvw247l5mj4","previousOperationId":"s52f0s7ko2how2j"}
{"type":"log","timestamp":1701420923289,"level":"debug","message":"pdf-utils running pdf operation merge","meta":{"rootId":"69yn9u3zw4izqg2","id":"69yn9u3zw4izqg2"},"id":"28120yfxsjmubdy","previousOperationId":"s52f0s7ko2how2j"}
{"type":"operationStart","subtype":"pdfUtilsMerge","name":"pdf utils merge","previousOperationId":"s52f0s7ko2how2j","timestamp":1701420923289,"id":"i66qq9bovzc4lla","previousEventId":"do5ytc8p3gcyyws","operationId":"wkduycf9uvsprwb"}
{"type":"operationStart","subtype":"render","name":"header-footer","previousOperationId":"wkduycf9uvsprwb","timestamp":1701420923290,"id":"4g5lqg2zhm1f44o","previousEventId":"i66qq9bovzc4lla","operationId":"p50z4jwhc68b0g5"}
{"type":"log","timestamp":1701420923290,"level":"info","message":"Starting rendering (child) request","meta":{"rootId":"69yn9u3zw4izqg2","id":"dq1yrrsbddhl9oe"},"id":"2pk1u54aif698m6","previousOperationId":"p50z4jwhc68b0g5"}
{"type":"log","timestamp":1701420923290,"level":"info","message":"Rendering template { name: header-footer, recipe: chrome-pdf, engine: handlebars, preview: true }","meta":{"rootId":"69yn9u3zw4izqg2","id":"dq1yrrsbddhl9oe"},"id":"5s77uu1ky0ym0gq","previousOperationId":"p50z4jwhc68b0g5"}
{"type":"log","timestamp":1701420923290,"level":"debug","message":"Inline data specified.","meta":{"rootId":"69yn9u3zw4izqg2","id":"dq1yrrsbddhl9oe"},"id":"zlo1qr3xy3rtv8j","previousOperationId":"p50z4jwhc68b0g5"}
{"type":"log","timestamp":1701420923290,"level":"debug","message":"Base url not specified, skipping its injection.","meta":{"rootId":"69yn9u3zw4izqg2","id":"dq1yrrsbddhl9oe"},"id":"hdfyp2anbqvp9f2","previousOperationId":"p50z4jwhc68b0g5"}
{"type":"operationStart","subtype":"engine","name":"handlebars","timestamp":1701420923290,"id":"9kscoqqgsnot68d","previousEventId":"4g5lqg2zhm1f44o","operationId":"jieluyijv2n8wgb","previousOperationId":"p50z4jwhc68b0g5"}
{"type":"log","timestamp":1701420923290,"level":"debug","message":"Rendering engine handlebars","meta":{"rootId":"69yn9u3zw4izqg2","id":"dq1yrrsbddhl9oe"},"id":"hpexufdzdsrdmkg","previousOperationId":"jieluyijv2n8wgb"}
{"type":"operationEnd","operationId":"jieluyijv2n8wgb","timestamp":1701420923293,"id":"ve7be1yd1umcfua","previousEventId":"9kscoqqgsnot68d","previousOperationId":"jieluyijv2n8wgb"}
{"type":"operationStart","subtype":"recipe","name":"chrome-pdf","timestamp":1701420923294,"id":"u6heu1uh6thxm8h","previousEventId":"ve7be1yd1umcfua","operationId":"m2qw59dpfhb0547","previousOperationId":"jieluyijv2n8wgb"}
{"type":"log","timestamp":1701420923294,"level":"debug","message":"Executing recipe chrome-pdf","meta":{"rootId":"69yn9u3zw4izqg2","id":"dq1yrrsbddhl9oe"},"id":"1nw5mzzbyzfdpzw","previousOperationId":"m2qw59dpfhb0547"}
{"type":"log","timestamp":1701420923294,"level":"debug","message":"Converting with chrome HeadlessChrome/117.0.5938.149 using chrome-pool strategy","meta":{"rootId":"69yn9u3zw4izqg2","id":"dq1yrrsbddhl9oe"},"id":"8b3pz0xfer5tj1m","previousOperationId":"m2qw59dpfhb0547"}
{"type":"log","timestamp":1701420923339,"level":"debug","message":"Page request: GET (document) file:///var/folders/dp/qk79pfcj0y1fmtkkl08m76rc0000gn/T/jsreport/autocleanup/4f7cabab-6660-403a-81da-d1f317b9f92b-chrome-pdf.html","meta":{"rootId":"69yn9u3zw4izqg2","id":"dq1yrrsbddhl9oe"},"id":"igxnwsgyd0g4b0r","previousOperationId":"m2qw59dpfhb0547"}
{"type":"log","timestamp":1701420923344,"level":"debug","message":"Page request finished: GET (document) 200 file:///var/folders/dp/qk79pfcj0y1fmtkkl08m76rc0000gn/T/jsreport/autocleanup/4f7cabab-6660-403a-81da-d1f317b9f92b-chrome-pdf.html","meta":{"rootId":"69yn9u3zw4izqg2","id":"dq1yrrsbddhl9oe"},"id":"17rdhxkc3wd93jk","previousOperationId":"m2qw59dpfhb0547"}
{"type":"log","timestamp":1701420923350,"level":"debug","message":"Running chrome with params {\"timeout\":59857,\"margin\":{},\"printBackground\":true}","meta":{"rootId":"69yn9u3zw4izqg2","id":"dq1yrrsbddhl9oe"},"id":"0kr16q7ioxn3pvp","previousOperationId":"m2qw59dpfhb0547"}
{"type":"operationEnd","operationId":"m2qw59dpfhb0547","timestamp":1701420923357,"id":"z9364sjhhgkhdgz","previousEventId":"u6heu1uh6thxm8h","previousOperationId":"m2qw59dpfhb0547"}
{"type":"log","timestamp":1701420923357,"level":"debug","message":"Skipping storing report.","meta":{"rootId":"69yn9u3zw4izqg2","id":"dq1yrrsbddhl9oe"},"id":"0fkn4k1exiw7g8v","previousOperationId":"m2qw59dpfhb0547"}
{"type":"log","timestamp":1701420923357,"level":"info","message":"Rendering (child) request finished in 206 ms","meta":{"rootId":"69yn9u3zw4izqg2","id":"dq1yrrsbddhl9oe"},"id":"x88hn3upiyplgm7","previousOperationId":"m2qw59dpfhb0547"}
{"type":"operationEnd","subtype":"render","operationId":"p50z4jwhc68b0g5","timestamp":1701420923357,"id":"29a1tygn1d1mt7s","previousEventId":"z9364sjhhgkhdgz","previousOperationId":"m2qw59dpfhb0547"}
{"type":"operationEnd","operationId":"wkduycf9uvsprwb","timestamp":1701420923361,"id":"o0jrm83l3fmgmfx","previousEventId":"i66qq9bovzc4lla","previousOperationId":"wkduycf9uvsprwb"}
{"type":"log","timestamp":1701420923361,"level":"debug","message":"pdf-utils postproces start","meta":{"rootId":"69yn9u3zw4izqg2","id":"69yn9u3zw4izqg2"},"id":"8uet20oac8x4dww","previousOperationId":"wkduycf9uvsprwb"}
{"type":"log","timestamp":1701420923368,"level":"debug","message":"pdf-utils postproces end","meta":{"rootId":"69yn9u3zw4izqg2","id":"69yn9u3zw4izqg2"},"id":"6q7beklszv8ghmz","previousOperationId":"wkduycf9uvsprwb"}
{"type":"operationEnd","operationId":"s52f0s7ko2how2j","timestamp":1701420923369,"id":"xobyzsu8cyih4mh","previousEventId":"o0jrm83l3fmgmfx","previousOperationId":"wkduycf9uvsprwb"}
{"type":"log","timestamp":1701420923369,"level":"info","message":"pdf-utils pdf processing was finished","meta":{"rootId":"69yn9u3zw4izqg2","id":"69yn9u3zw4izqg2"},"id":"qfj1s08zptq6rrz","previousOperationId":"s52f0s7ko2how2j"}
{"type":"log","timestamp":1701420923369,"level":"debug","message":"Skipping storing report.","meta":{"rootId":"69yn9u3zw4izqg2","id":"69yn9u3zw4izqg2"},"id":"992wioy9uwcq5xi","previousOperationId":"s52f0s7ko2how2j"}
{"type":"log","timestamp":1701420923369,"level":"info","message":"Rendering request 26 finished in 218 ms","meta":{"rootId":"69yn9u3zw4izqg2","id":"69yn9u3zw4izqg2"},"id":"ufrntqunj2ug6yx","previousOperationId":"s52f0s7ko2how2j"}
{"type":"operationEnd","subtype":"render","operationId":"48pdr2pxzjb77fh","timestamp":1701420923369,"id":"fute0mrimubtm2a","previousEventId":"xobyzsu8cyih4mh","previousOperationId":"s52f0s7ko2how2j"}
{"type":"operationEnd","doDiffs":false,"previousEventId":"9ji70x35hjd0amv","previousOperationId":"bsw3fbs3467dnqj","operationId":"bsw3fbs3467dnqj","timestamp":1701420923371,"id":"8faka45n09a452e"}
