{"type":"operationStart","subtype":"profile","data":{"_id":"AQFllvhu0HzFXeVI","timestamp":"2023-11-27T14:53:00.774Z","state":"queued","mode":"standard","creationDate":"2023-11-27T14:53:00.775Z","modificationDate":"2023-11-27T14:53:00.775Z","shortid":"KmOZEgq","$entitySet":"profiles"},"doDiffs":false,"timestamp":1701096780774,"id":"vcgw2xqjdiz23y9","previousOperationId":null,"operationId":"o7zgjfkl0263r9x"}
{"type":"log","level":"info","message":"Render request 157 queued for execution and waiting for available worker","previousOperationId":"o7zgjfkl0263r9x","timestamp":1701096780775,"id":"ym0tq6hbgwups7o"}
{"type":"operationStart","subtype":"render","name":"index_poziv","previousOperationId":"o7zgjfkl0263r9x","timestamp":1701096780779,"id":"8wko2h5leywj7p6","previousEventId":"vcgw2xqjdiz23y9","operationId":"ksx1xbj02fgi9m7"}
{"type":"log","timestamp":1701096780779,"level":"info","message":"Starting rendering request 157","meta":{"rootId":"6ofl27624f2kzh4","id":"6ofl27624f2kzh4"},"id":"zisp9mzqb9vgp8p","previousOperationId":"ksx1xbj02fgi9m7"}
{"type":"log","timestamp":1701096780779,"level":"info","message":"Rendering template { name: index_poziv, recipe: chrome-pdf, engine: handlebars, preview: true }","meta":{"rootId":"6ofl27624f2kzh4","id":"6ofl27624f2kzh4"},"id":"jvgzgu4j8llr2qy","previousOperationId":"ksx1xbj02fgi9m7"}
{"type":"log","timestamp":1701096780780,"level":"debug","message":"Adding sample data PrpCVp4aj","meta":{"rootId":"6ofl27624f2kzh4","id":"6ofl27624f2kzh4"},"id":"d54l7a1ho53jhco","previousOperationId":"ksx1xbj02fgi9m7"}
{"type":"log","timestamp":1701096780781,"level":"debug","message":"Base url not specified, skipping its injection.","meta":{"rootId":"6ofl27624f2kzh4","id":"6ofl27624f2kzh4"},"id":"5ipthrin1l8ofdo","previousOperationId":"ksx1xbj02fgi9m7"}
{"type":"log","timestamp":1701096780788,"level":"debug","message":"Replaced assets [\"styles.css\"]","meta":{"rootId":"6ofl27624f2kzh4","id":"6ofl27624f2kzh4"},"id":"2yznlu7gqcd7v9c","previousOperationId":"ksx1xbj02fgi9m7"}
{"type":"operationStart","subtype":"engine","name":"handlebars","timestamp":1701096780788,"id":"c3ei6h69e5mspw1","previousEventId":"8wko2h5leywj7p6","operationId":"36fj2oe8a0l7ump","previousOperationId":"ksx1xbj02fgi9m7"}
{"type":"log","timestamp":1701096780788,"level":"debug","message":"Rendering engine handlebars","meta":{"rootId":"6ofl27624f2kzh4","id":"6ofl27624f2kzh4"},"id":"kmn31nmelg14coz","previousOperationId":"36fj2oe8a0l7ump"}
{"type":"operationEnd","operationId":"36fj2oe8a0l7ump","timestamp":1701096780796,"id":"vjd3c1oqa8shzdz","previousEventId":"c3ei6h69e5mspw1","previousOperationId":"36fj2oe8a0l7ump"}
{"type":"operationStart","subtype":"recipe","name":"chrome-pdf","timestamp":1701096780796,"id":"c0z2isc81qlgzc7","previousEventId":"vjd3c1oqa8shzdz","operationId":"cy1tm1duqlv6nxk","previousOperationId":"36fj2oe8a0l7ump"}
{"type":"log","timestamp":1701096780796,"level":"debug","message":"Executing recipe chrome-pdf","meta":{"rootId":"6ofl27624f2kzh4","id":"6ofl27624f2kzh4"},"id":"mi1se4361o0zstt","previousOperationId":"cy1tm1duqlv6nxk"}
{"type":"log","timestamp":1701096780807,"level":"debug","message":"Converting with chrome HeadlessChrome/117.0.5938.149 using chrome-pool strategy","meta":{"rootId":"6ofl27624f2kzh4","id":"6ofl27624f2kzh4"},"id":"8ce4x8l9g7ucwz4","previousOperationId":"cy1tm1duqlv6nxk"}
{"type":"log","timestamp":1701096781095,"level":"debug","message":"Page request: GET (document) file:///var/folders/dp/qk79pfcj0y1fmtkkl08m76rc0000gn/T/jsreport/autocleanup/2c1787f1-7f1b-4e7c-9a8e-2c417b33c693-chrome-pdf.html","meta":{"rootId":"6ofl27624f2kzh4","id":"6ofl27624f2kzh4"},"id":"tj8koahpgmqw2xa","previousOperationId":"cy1tm1duqlv6nxk"}
{"type":"log","timestamp":1701096781116,"level":"debug","message":"Page request finished: GET (document) 200 file:///var/folders/dp/qk79pfcj0y1fmtkkl08m76rc0000gn/T/jsreport/autocleanup/2c1787f1-7f1b-4e7c-9a8e-2c417b33c693-chrome-pdf.html","meta":{"rootId":"6ofl27624f2kzh4","id":"6ofl27624f2kzh4"},"id":"b4u66kvl8o8p1gy","previousOperationId":"cy1tm1duqlv6nxk"}
{"type":"log","timestamp":1701096781139,"level":"debug","message":"Running chrome with params {\"printBackground\":true,\"marginTop\":\"2cm\",\"marginBottom\":\"2cm\",\"timeout\":59971,\"margin\":{\"top\":\"2cm\",\"bottom\":\"2cm\"}}","meta":{"rootId":"6ofl27624f2kzh4","id":"6ofl27624f2kzh4"},"id":"1vj8z3etsm5uimh","previousOperationId":"cy1tm1duqlv6nxk"}
{"type":"operationEnd","operationId":"cy1tm1duqlv6nxk","timestamp":1701096781186,"id":"d6hmlw3ug83z0qm","previousEventId":"c0z2isc81qlgzc7","previousOperationId":"cy1tm1duqlv6nxk"}
{"type":"log","timestamp":1701096781186,"level":"info","message":"pdf-utils is starting pdf processing","meta":{"rootId":"6ofl27624f2kzh4","id":"6ofl27624f2kzh4"},"id":"e283275iuocegvo","previousOperationId":"cy1tm1duqlv6nxk"}
{"type":"operationStart","subtype":"pdfUtils","name":"pdf utils","timestamp":1701096781186,"id":"3e8ygcsn9udfkdg","previousEventId":"d6hmlw3ug83z0qm","operationId":"ny2ura05g0tnnt6","previousOperationId":"cy1tm1duqlv6nxk"}
{"type":"log","timestamp":1701096781186,"level":"debug","message":"pdf-utils detected 1 pdf operation(s) to process","meta":{"rootId":"6ofl27624f2kzh4","id":"6ofl27624f2kzh4"},"id":"25r92hdi8jg1343","previousOperationId":"ny2ura05g0tnnt6"}
{"type":"log","timestamp":1701096781223,"level":"debug","message":"pdf-utils running pdf operation merge","meta":{"rootId":"6ofl27624f2kzh4","id":"6ofl27624f2kzh4"},"id":"jbc3eiqd0pktyr7","previousOperationId":"ny2ura05g0tnnt6"}
{"type":"operationStart","subtype":"pdfUtilsMerge","name":"pdf utils merge","previousOperationId":"ny2ura05g0tnnt6","timestamp":1701096781223,"id":"0vyiw5ey7lnngda","previousEventId":"3e8ygcsn9udfkdg","operationId":"1281lxl3mst3s7b"}
{"type":"operationStart","subtype":"render","name":"header-footer","previousOperationId":"1281lxl3mst3s7b","timestamp":1701096781223,"id":"inh49eiaeywkphn","previousEventId":"0vyiw5ey7lnngda","operationId":"2tmmppzit9m7bft"}
{"type":"log","timestamp":1701096781223,"level":"info","message":"Starting rendering (child) request","meta":{"rootId":"6ofl27624f2kzh4","id":"vv84lvx0gkdaeyo"},"id":"cvn3yidfb752kfe","previousOperationId":"2tmmppzit9m7bft"}
{"type":"log","timestamp":1701096781224,"level":"info","message":"Rendering template { name: header-footer, recipe: chrome-pdf, engine: handlebars, preview: true }","meta":{"rootId":"6ofl27624f2kzh4","id":"vv84lvx0gkdaeyo"},"id":"ios9i0p1m37jy3c","previousOperationId":"2tmmppzit9m7bft"}
{"type":"log","timestamp":1701096781225,"level":"debug","message":"Inline data specified.","meta":{"rootId":"6ofl27624f2kzh4","id":"vv84lvx0gkdaeyo"},"id":"x7f01v60z4hrhq6","previousOperationId":"2tmmppzit9m7bft"}
{"type":"log","timestamp":1701096781226,"level":"debug","message":"Base url not specified, skipping its injection.","meta":{"rootId":"6ofl27624f2kzh4","id":"vv84lvx0gkdaeyo"},"id":"9xgkq1zvhzzkmnk","previousOperationId":"2tmmppzit9m7bft"}
{"type":"operationStart","subtype":"engine","name":"handlebars","timestamp":1701096781226,"id":"44ssk7nq4b1a6tr","previousEventId":"inh49eiaeywkphn","operationId":"0p3gr9vnitw5gru","previousOperationId":"2tmmppzit9m7bft"}
{"type":"log","timestamp":1701096781226,"level":"debug","message":"Rendering engine handlebars","meta":{"rootId":"6ofl27624f2kzh4","id":"vv84lvx0gkdaeyo"},"id":"nq5ckqybzgwn31g","previousOperationId":"0p3gr9vnitw5gru"}
{"type":"operationEnd","operationId":"0p3gr9vnitw5gru","timestamp":1701096781229,"id":"0qufklz3agl4ccb","previousEventId":"44ssk7nq4b1a6tr","previousOperationId":"0p3gr9vnitw5gru"}
{"type":"operationStart","subtype":"recipe","name":"chrome-pdf","timestamp":1701096781229,"id":"dlnjvvza4fy6oxu","previousEventId":"0qufklz3agl4ccb","operationId":"o38q2200ucoskqr","previousOperationId":"0p3gr9vnitw5gru"}
{"type":"log","timestamp":1701096781229,"level":"debug","message":"Executing recipe chrome-pdf","meta":{"rootId":"6ofl27624f2kzh4","id":"vv84lvx0gkdaeyo"},"id":"7scgz7lergwoud3","previousOperationId":"o38q2200ucoskqr"}
{"type":"log","timestamp":1701096781230,"level":"debug","message":"Converting with chrome HeadlessChrome/117.0.5938.149 using chrome-pool strategy","meta":{"rootId":"6ofl27624f2kzh4","id":"vv84lvx0gkdaeyo"},"id":"eo6g2r3w37r3drr","previousOperationId":"o38q2200ucoskqr"}
{"type":"log","timestamp":1701096781286,"level":"debug","message":"Page request: GET (document) file:///var/folders/dp/qk79pfcj0y1fmtkkl08m76rc0000gn/T/jsreport/autocleanup/a6044086-9d20-4a39-99ea-a217a22b054e-chrome-pdf.html","meta":{"rootId":"6ofl27624f2kzh4","id":"vv84lvx0gkdaeyo"},"id":"75zvh19zxpvkqfo","previousOperationId":"o38q2200ucoskqr"}
{"type":"log","timestamp":1701096781291,"level":"debug","message":"Page request finished: GET (document) 200 file:///var/folders/dp/qk79pfcj0y1fmtkkl08m76rc0000gn/T/jsreport/autocleanup/a6044086-9d20-4a39-99ea-a217a22b054e-chrome-pdf.html","meta":{"rootId":"6ofl27624f2kzh4","id":"vv84lvx0gkdaeyo"},"id":"gtj499jtsi1vwj4","previousOperationId":"o38q2200ucoskqr"}
{"type":"log","timestamp":1701096781295,"level":"debug","message":"Running chrome with params {\"timeout\":59539,\"margin\":{},\"printBackground\":true}","meta":{"rootId":"6ofl27624f2kzh4","id":"vv84lvx0gkdaeyo"},"id":"cvayav7sca3n4hi","previousOperationId":"o38q2200ucoskqr"}
{"type":"operationEnd","operationId":"o38q2200ucoskqr","timestamp":1701096781302,"id":"6e6ofbw1hpmaw7v","previousEventId":"dlnjvvza4fy6oxu","previousOperationId":"o38q2200ucoskqr"}
{"type":"log","timestamp":1701096781302,"level":"debug","message":"Skipping storing report.","meta":{"rootId":"6ofl27624f2kzh4","id":"vv84lvx0gkdaeyo"},"id":"103mtya8lddpv7n","previousOperationId":"o38q2200ucoskqr"}
{"type":"log","timestamp":1701096781302,"level":"info","message":"Rendering (child) request finished in 533 ms","meta":{"rootId":"6ofl27624f2kzh4","id":"vv84lvx0gkdaeyo"},"id":"trf45zrcp74xfr0","previousOperationId":"o38q2200ucoskqr"}
{"type":"operationEnd","subtype":"render","operationId":"2tmmppzit9m7bft","timestamp":1701096781302,"id":"cdt1g9a5la9t5vw","previousEventId":"6e6ofbw1hpmaw7v","previousOperationId":"o38q2200ucoskqr"}
{"type":"operationEnd","operationId":"1281lxl3mst3s7b","timestamp":1701096781310,"id":"00gmy5h5xsgp69w","previousEventId":"0vyiw5ey7lnngda","previousOperationId":"1281lxl3mst3s7b"}
{"type":"log","timestamp":1701096781310,"level":"debug","message":"pdf-utils postproces start","meta":{"rootId":"6ofl27624f2kzh4","id":"6ofl27624f2kzh4"},"id":"ib38he6ujab8o8l","previousOperationId":"1281lxl3mst3s7b"}
{"type":"log","timestamp":1701096781318,"level":"debug","message":"pdf-utils postproces end","meta":{"rootId":"6ofl27624f2kzh4","id":"6ofl27624f2kzh4"},"id":"w43gvudqwthhmcg","previousOperationId":"1281lxl3mst3s7b"}
{"type":"operationEnd","operationId":"ny2ura05g0tnnt6","timestamp":1701096781318,"id":"mtpy0iufjxrt5l1","previousEventId":"00gmy5h5xsgp69w","previousOperationId":"1281lxl3mst3s7b"}
{"type":"log","timestamp":1701096781318,"level":"info","message":"pdf-utils pdf processing was finished","meta":{"rootId":"6ofl27624f2kzh4","id":"6ofl27624f2kzh4"},"id":"eysqr6shs852ato","previousOperationId":"ny2ura05g0tnnt6"}
{"type":"log","timestamp":1701096781318,"level":"debug","message":"Skipping storing report.","meta":{"rootId":"6ofl27624f2kzh4","id":"6ofl27624f2kzh4"},"id":"req0x6uxu73djo2","previousOperationId":"ny2ura05g0tnnt6"}
{"type":"log","timestamp":1701096781318,"level":"info","message":"Rendering request 157 finished in 549 ms","meta":{"rootId":"6ofl27624f2kzh4","id":"6ofl27624f2kzh4"},"id":"h0b7bo0dcx64m2u","previousOperationId":"ny2ura05g0tnnt6"}
{"type":"operationEnd","subtype":"render","operationId":"ksx1xbj02fgi9m7","timestamp":1701096781318,"id":"52xgchlje3kg89q","previousEventId":"mtpy0iufjxrt5l1","previousOperationId":"ny2ura05g0tnnt6"}
{"type":"operationEnd","doDiffs":false,"previousEventId":"vcgw2xqjdiz23y9","previousOperationId":"o7zgjfkl0263r9x","operationId":"o7zgjfkl0263r9x","timestamp":1701096781322,"id":"uovb362of7docqy"}
