{"type":"operationStart","subtype":"profile","data":{"_id":"j16xAKsx1piYqC6Z","timestamp":"2023-12-01T09:16:08.267Z","state":"queued","mode":"standard","creationDate":"2023-12-01T09:16:08.268Z","modificationDate":"2023-12-01T09:16:08.268Z","shortid":"syqWdPu","$entitySet":"profiles"},"doDiffs":false,"timestamp":1701422168268,"id":"wbozkufk9zu9z6z","previousOperationId":null,"operationId":"x2bpnmglm70pdpx"}
{"type":"log","level":"info","message":"Render request 41 queued for execution and waiting for available worker","previousOperationId":"x2bpnmglm70pdpx","timestamp":1701422168268,"id":"ckk3xcxz5934uvy"}
{"type":"operationStart","subtype":"render","name":"index_poziv","previousOperationId":"x2bpnmglm70pdpx","timestamp":1701422168272,"id":"4onsoq0a5otui5q","previousEventId":"wbozkufk9zu9z6z","operationId":"4nz0qafehrc6dlz"}
{"type":"log","timestamp":1701422168272,"level":"info","message":"Starting rendering request 41","meta":{"rootId":"75xypooiev58gsr","id":"75xypooiev58gsr"},"id":"itfu43vklazdble","previousOperationId":"4nz0qafehrc6dlz"}
{"type":"log","timestamp":1701422168272,"level":"info","message":"Rendering template { name: index_poziv, recipe: chrome-pdf, engine: handlebars, preview: true }","meta":{"rootId":"75xypooiev58gsr","id":"75xypooiev58gsr"},"id":"z9ytsynnhpvc4dr","previousOperationId":"4nz0qafehrc6dlz"}
{"type":"log","timestamp":1701422168272,"level":"debug","message":"Inline data specified.","meta":{"rootId":"75xypooiev58gsr","id":"75xypooiev58gsr"},"id":"ubpuicimeow8aca","previousOperationId":"4nz0qafehrc6dlz"}
{"type":"log","timestamp":1701422168273,"level":"debug","message":"Base url not specified, skipping its injection.","meta":{"rootId":"75xypooiev58gsr","id":"75xypooiev58gsr"},"id":"exw7ninl2z2kmn8","previousOperationId":"4nz0qafehrc6dlz"}
{"type":"log","timestamp":1701422168273,"level":"debug","message":"Replaced assets [\"styles.css\"]","meta":{"rootId":"75xypooiev58gsr","id":"75xypooiev58gsr"},"id":"csqvqu71svifj4j","previousOperationId":"4nz0qafehrc6dlz"}
{"type":"operationStart","subtype":"engine","name":"handlebars","timestamp":1701422168273,"id":"9h48vc9yj90og80","previousEventId":"4onsoq0a5otui5q","operationId":"uygk4hxmmib4i18","previousOperationId":"4nz0qafehrc6dlz"}
{"type":"log","timestamp":1701422168273,"level":"debug","message":"Rendering engine handlebars","meta":{"rootId":"75xypooiev58gsr","id":"75xypooiev58gsr"},"id":"hse2h1i9i7zenxo","previousOperationId":"uygk4hxmmib4i18"}
{"type":"operationEnd","operationId":"uygk4hxmmib4i18","timestamp":1701422168287,"id":"rx14tuibsneasez","previousEventId":"9h48vc9yj90og80","previousOperationId":"uygk4hxmmib4i18"}
{"type":"operationStart","subtype":"recipe","name":"chrome-pdf","timestamp":1701422168287,"id":"hr6br5gp1ox8f0x","previousEventId":"rx14tuibsneasez","operationId":"lc68lw2xjm2fhm6","previousOperationId":"uygk4hxmmib4i18"}
{"type":"log","timestamp":1701422168287,"level":"debug","message":"Executing recipe chrome-pdf","meta":{"rootId":"75xypooiev58gsr","id":"75xypooiev58gsr"},"id":"k5wh0541cq6ekcw","previousOperationId":"lc68lw2xjm2fhm6"}
{"type":"log","timestamp":1701422168289,"level":"debug","message":"Converting with chrome HeadlessChrome/117.0.5938.149 using chrome-pool strategy","meta":{"rootId":"75xypooiev58gsr","id":"75xypooiev58gsr"},"id":"du3hyrszz9fpkil","previousOperationId":"lc68lw2xjm2fhm6"}
{"type":"log","timestamp":1701422168335,"level":"debug","message":"Page request: GET (document) file:///var/folders/dp/qk79pfcj0y1fmtkkl08m76rc0000gn/T/jsreport/autocleanup/20dd4571-e995-4d79-b024-019c9ef2a4c6-chrome-pdf.html","meta":{"rootId":"75xypooiev58gsr","id":"75xypooiev58gsr"},"id":"uftcgmu0dzf913u","previousOperationId":"lc68lw2xjm2fhm6"}
{"type":"log","timestamp":1701422168340,"level":"debug","message":"Page request finished: GET (document) 200 file:///var/folders/dp/qk79pfcj0y1fmtkkl08m76rc0000gn/T/jsreport/autocleanup/20dd4571-e995-4d79-b024-019c9ef2a4c6-chrome-pdf.html","meta":{"rootId":"75xypooiev58gsr","id":"75xypooiev58gsr"},"id":"6lszdfzds7y0g7l","previousOperationId":"lc68lw2xjm2fhm6"}
{"type":"log","timestamp":1701422168351,"level":"debug","message":"Running chrome with params {\"printBackground\":true,\"marginTop\":\"2cm\",\"marginBottom\":\"2cm\",\"timeout\":59978,\"margin\":{\"top\":\"2cm\",\"bottom\":\"2cm\"}}","meta":{"rootId":"75xypooiev58gsr","id":"75xypooiev58gsr"},"id":"5u2l0y0raekecqy","previousOperationId":"lc68lw2xjm2fhm6"}
{"type":"operationEnd","operationId":"lc68lw2xjm2fhm6","timestamp":1701422168372,"id":"2oairpc6xxzywkz","previousEventId":"hr6br5gp1ox8f0x","previousOperationId":"lc68lw2xjm2fhm6"}
{"type":"log","timestamp":1701422168372,"level":"info","message":"pdf-utils is starting pdf processing","meta":{"rootId":"75xypooiev58gsr","id":"75xypooiev58gsr"},"id":"znv42y25ceyz6un","previousOperationId":"lc68lw2xjm2fhm6"}
{"type":"operationStart","subtype":"pdfUtils","name":"pdf utils","timestamp":1701422168372,"id":"ag5fej1au0ynerv","previousEventId":"2oairpc6xxzywkz","operationId":"s55uw2nqvm4on7e","previousOperationId":"lc68lw2xjm2fhm6"}
{"type":"log","timestamp":1701422168372,"level":"debug","message":"pdf-utils detected 1 pdf operation(s) to process","meta":{"rootId":"75xypooiev58gsr","id":"75xypooiev58gsr"},"id":"6i8h3co3b09pr1j","previousOperationId":"s55uw2nqvm4on7e"}
{"type":"log","timestamp":1701422168393,"level":"debug","message":"pdf-utils running pdf operation merge","meta":{"rootId":"75xypooiev58gsr","id":"75xypooiev58gsr"},"id":"hboor2rg0467xuj","previousOperationId":"s55uw2nqvm4on7e"}
{"type":"operationStart","subtype":"pdfUtilsMerge","name":"pdf utils merge","previousOperationId":"s55uw2nqvm4on7e","timestamp":1701422168393,"id":"ha8qnvxf0ojsq55","previousEventId":"ag5fej1au0ynerv","operationId":"jdefktqm82o8llp"}
{"type":"operationStart","subtype":"render","name":"header-footer","previousOperationId":"jdefktqm82o8llp","timestamp":1701422168393,"id":"zw01v45noj5owud","previousEventId":"ha8qnvxf0ojsq55","operationId":"aepgxgy7f0jgenr"}
{"type":"log","timestamp":1701422168393,"level":"info","message":"Starting rendering (child) request","meta":{"rootId":"75xypooiev58gsr","id":"6tqz314eqluxq5x"},"id":"ls6efcvq5xt0kd9","previousOperationId":"aepgxgy7f0jgenr"}
{"type":"log","timestamp":1701422168394,"level":"info","message":"Rendering template { name: header-footer, recipe: chrome-pdf, engine: handlebars, preview: true }","meta":{"rootId":"75xypooiev58gsr","id":"6tqz314eqluxq5x"},"id":"fnwld52qxz74gzu","previousOperationId":"aepgxgy7f0jgenr"}
{"type":"log","timestamp":1701422168394,"level":"debug","message":"Inline data specified.","meta":{"rootId":"75xypooiev58gsr","id":"6tqz314eqluxq5x"},"id":"47wsi7c2pd72a0e","previousOperationId":"aepgxgy7f0jgenr"}
{"type":"log","timestamp":1701422168394,"level":"debug","message":"Base url not specified, skipping its injection.","meta":{"rootId":"75xypooiev58gsr","id":"6tqz314eqluxq5x"},"id":"aaw7q5qenxvwc92","previousOperationId":"aepgxgy7f0jgenr"}
{"type":"operationStart","subtype":"engine","name":"handlebars","timestamp":1701422168394,"id":"78kd7qbp49xhmdq","previousEventId":"zw01v45noj5owud","operationId":"dtx0n7t0x9w4f35","previousOperationId":"aepgxgy7f0jgenr"}
{"type":"log","timestamp":1701422168394,"level":"debug","message":"Rendering engine handlebars","meta":{"rootId":"75xypooiev58gsr","id":"6tqz314eqluxq5x"},"id":"i9814y9o7dk7gwt","previousOperationId":"dtx0n7t0x9w4f35"}
{"type":"operationEnd","operationId":"dtx0n7t0x9w4f35","timestamp":1701422168397,"id":"rxf0c68vj7gznxi","previousEventId":"78kd7qbp49xhmdq","previousOperationId":"dtx0n7t0x9w4f35"}
{"type":"operationStart","subtype":"recipe","name":"chrome-pdf","timestamp":1701422168398,"id":"6mfjqh7frxaffzg","previousEventId":"rxf0c68vj7gznxi","operationId":"prd2ma02borbx7b","previousOperationId":"dtx0n7t0x9w4f35"}
{"type":"log","timestamp":1701422168398,"level":"debug","message":"Executing recipe chrome-pdf","meta":{"rootId":"75xypooiev58gsr","id":"6tqz314eqluxq5x"},"id":"yt75k1um351yikt","previousOperationId":"prd2ma02borbx7b"}
{"type":"log","timestamp":1701422168398,"level":"debug","message":"Converting with chrome HeadlessChrome/117.0.5938.149 using chrome-pool strategy","meta":{"rootId":"75xypooiev58gsr","id":"6tqz314eqluxq5x"},"id":"j6y84o59jcm1try","previousOperationId":"prd2ma02borbx7b"}
{"type":"log","timestamp":1701422168437,"level":"debug","message":"Page request: GET (document) file:///var/folders/dp/qk79pfcj0y1fmtkkl08m76rc0000gn/T/jsreport/autocleanup/cfff3905-019e-4107-8015-3676a6c54dd0-chrome-pdf.html","meta":{"rootId":"75xypooiev58gsr","id":"6tqz314eqluxq5x"},"id":"rkilqtwv5f3wtox","previousOperationId":"prd2ma02borbx7b"}
{"type":"log","timestamp":1701422168441,"level":"debug","message":"Page request finished: GET (document) 200 file:///var/folders/dp/qk79pfcj0y1fmtkkl08m76rc0000gn/T/jsreport/autocleanup/cfff3905-019e-4107-8015-3676a6c54dd0-chrome-pdf.html","meta":{"rootId":"75xypooiev58gsr","id":"6tqz314eqluxq5x"},"id":"673v6pwvjbatxpo","previousOperationId":"prd2ma02borbx7b"}
{"type":"log","timestamp":1701422168448,"level":"debug","message":"Running chrome with params {\"timeout\":59869,\"margin\":{},\"printBackground\":true}","meta":{"rootId":"75xypooiev58gsr","id":"6tqz314eqluxq5x"},"id":"syr79aua6rq38c7","previousOperationId":"prd2ma02borbx7b"}
{"type":"operationEnd","operationId":"prd2ma02borbx7b","timestamp":1701422168454,"id":"qt3jtq62zkgeavj","previousEventId":"6mfjqh7frxaffzg","previousOperationId":"prd2ma02borbx7b"}
{"type":"log","timestamp":1701422168454,"level":"debug","message":"Skipping storing report.","meta":{"rootId":"75xypooiev58gsr","id":"6tqz314eqluxq5x"},"id":"t8rppk14lyljsoo","previousOperationId":"prd2ma02borbx7b"}
{"type":"log","timestamp":1701422168454,"level":"info","message":"Rendering (child) request finished in 187 ms","meta":{"rootId":"75xypooiev58gsr","id":"6tqz314eqluxq5x"},"id":"1kc34mhx9haayjw","previousOperationId":"prd2ma02borbx7b"}
{"type":"operationEnd","subtype":"render","operationId":"aepgxgy7f0jgenr","timestamp":1701422168454,"id":"vkyjq6bf1ir7s3h","previousEventId":"qt3jtq62zkgeavj","previousOperationId":"prd2ma02borbx7b"}
{"type":"operationEnd","operationId":"jdefktqm82o8llp","timestamp":1701422168458,"id":"c4g1d8li23o332v","previousEventId":"ha8qnvxf0ojsq55","previousOperationId":"jdefktqm82o8llp"}
{"type":"log","timestamp":1701422168458,"level":"debug","message":"pdf-utils postproces start","meta":{"rootId":"75xypooiev58gsr","id":"75xypooiev58gsr"},"id":"2efgr2ldqxabpah","previousOperationId":"jdefktqm82o8llp"}
{"type":"log","timestamp":1701422168465,"level":"debug","message":"pdf-utils postproces end","meta":{"rootId":"75xypooiev58gsr","id":"75xypooiev58gsr"},"id":"40dsge71vgv8jre","previousOperationId":"jdefktqm82o8llp"}
{"type":"operationEnd","operationId":"s55uw2nqvm4on7e","timestamp":1701422168465,"id":"bemrtvrli331u9s","previousEventId":"c4g1d8li23o332v","previousOperationId":"jdefktqm82o8llp"}
{"type":"log","timestamp":1701422168465,"level":"info","message":"pdf-utils pdf processing was finished","meta":{"rootId":"75xypooiev58gsr","id":"75xypooiev58gsr"},"id":"pl8gobkhqfjg4j0","previousOperationId":"s55uw2nqvm4on7e"}
{"type":"log","timestamp":1701422168465,"level":"debug","message":"Skipping storing report.","meta":{"rootId":"75xypooiev58gsr","id":"75xypooiev58gsr"},"id":"dhw2h3id8b7uix7","previousOperationId":"s55uw2nqvm4on7e"}
{"type":"log","timestamp":1701422168465,"level":"info","message":"Rendering request 41 finished in 198 ms","meta":{"rootId":"75xypooiev58gsr","id":"75xypooiev58gsr"},"id":"orn82b459gkl09m","previousOperationId":"s55uw2nqvm4on7e"}
{"type":"operationEnd","subtype":"render","operationId":"4nz0qafehrc6dlz","timestamp":1701422168465,"id":"drdwoei7jrdbum0","previousEventId":"bemrtvrli331u9s","previousOperationId":"s55uw2nqvm4on7e"}
{"type":"operationEnd","doDiffs":false,"previousEventId":"wbozkufk9zu9z6z","previousOperationId":"x2bpnmglm70pdpx","operationId":"x2bpnmglm70pdpx","timestamp":1701422168467,"id":"8c8bokcvgv4yj05"}
