{"type":"operationStart","subtype":"profile","data":{"_id":"FjPZfAlsgSBykZgO","timestamp":"2023-11-21T11:49:58.115Z","state":"queued","mode":"standard","creationDate":"2023-11-21T11:49:58.116Z","modificationDate":"2023-11-21T11:49:58.116Z","shortid":"IWYmpgy","$entitySet":"profiles"},"doDiffs":false,"timestamp":1700567398115,"id":"3kb2f0po6b1rhjb","previousOperationId":null,"operationId":"x0nyyt4fc77zzur"}
{"type":"log","level":"info","message":"Render request 24 queued for execution and waiting for available worker","previousOperationId":"x0nyyt4fc77zzur","timestamp":1700567398115,"id":"elun7cvy7t7xos2"}
{"type":"operationStart","subtype":"render","name":"index_poziv","previousOperationId":"x0nyyt4fc77zzur","timestamp":1700567398122,"id":"4xx09y7hg6iq8u7","previousEventId":"3kb2f0po6b1rhjb","operationId":"bo5iomzcloqhd9d"}
{"type":"log","timestamp":1700567398122,"level":"info","message":"Starting rendering request 24","meta":{"rootId":"acgv22kj5hp46iq","id":"acgv22kj5hp46iq"},"id":"fm0n3konm28mb6p","previousOperationId":"bo5iomzcloqhd9d"}
{"type":"log","timestamp":1700567398123,"level":"info","message":"Rendering template { name: index_poziv, recipe: chrome-pdf, engine: handlebars, preview: true }","meta":{"rootId":"acgv22kj5hp46iq","id":"acgv22kj5hp46iq"},"id":"y06qxnn6tnfzr7f","previousOperationId":"bo5iomzcloqhd9d"}
{"type":"log","timestamp":1700567398123,"level":"debug","message":"Inline data specified.","meta":{"rootId":"acgv22kj5hp46iq","id":"acgv22kj5hp46iq"},"id":"a6ibp7uvta7ogg7","previousOperationId":"bo5iomzcloqhd9d"}
{"type":"log","timestamp":1700567398125,"level":"debug","message":"Base url not specified, skipping its injection.","meta":{"rootId":"acgv22kj5hp46iq","id":"acgv22kj5hp46iq"},"id":"073clkho4ky3q8q","previousOperationId":"bo5iomzcloqhd9d"}
{"type":"log","timestamp":1700567398126,"level":"debug","message":"Replaced assets [\"styles.css\"]","meta":{"rootId":"acgv22kj5hp46iq","id":"acgv22kj5hp46iq"},"id":"8n8e8qu557ye5jp","previousOperationId":"bo5iomzcloqhd9d"}
{"type":"operationStart","subtype":"engine","name":"handlebars","timestamp":1700567398126,"id":"jwmngqfoyr8utbs","previousEventId":"4xx09y7hg6iq8u7","operationId":"mmxml4azidqjhm4","previousOperationId":"bo5iomzcloqhd9d"}
{"type":"log","timestamp":1700567398126,"level":"debug","message":"Rendering engine handlebars","meta":{"rootId":"acgv22kj5hp46iq","id":"acgv22kj5hp46iq"},"id":"gyorrwh9ay2it1f","previousOperationId":"mmxml4azidqjhm4"}
{"type":"operationEnd","operationId":"mmxml4azidqjhm4","timestamp":1700567398146,"id":"be1bjq1jm7jkg8i","previousEventId":"jwmngqfoyr8utbs","previousOperationId":"mmxml4azidqjhm4"}
{"type":"operationStart","subtype":"recipe","name":"chrome-pdf","timestamp":1700567398146,"id":"uftrkbm4teapp9n","previousEventId":"be1bjq1jm7jkg8i","operationId":"xfzg7m20cwm50rz","previousOperationId":"mmxml4azidqjhm4"}
{"type":"log","timestamp":1700567398146,"level":"debug","message":"Executing recipe chrome-pdf","meta":{"rootId":"acgv22kj5hp46iq","id":"acgv22kj5hp46iq"},"id":"tz26e5weahwchh1","previousOperationId":"xfzg7m20cwm50rz"}
{"type":"log","timestamp":1700567398148,"level":"debug","message":"Converting with chrome HeadlessChrome/117.0.5938.149 using chrome-pool strategy","meta":{"rootId":"acgv22kj5hp46iq","id":"acgv22kj5hp46iq"},"id":"46nja1qm8p71imf","previousOperationId":"xfzg7m20cwm50rz"}
{"type":"log","timestamp":1700567398195,"level":"debug","message":"Page request: GET (document) file:///var/folders/dp/qk79pfcj0y1fmtkkl08m76rc0000gn/T/jsreport/autocleanup/9d971454-3e48-4abd-b37b-3ab3cb9b624d-chrome-pdf.html","meta":{"rootId":"acgv22kj5hp46iq","id":"acgv22kj5hp46iq"},"id":"9fuaxsh7c5sxdp5","previousOperationId":"xfzg7m20cwm50rz"}
{"type":"log","timestamp":1700567398200,"level":"debug","message":"Page request finished: GET (document) 200 file:///var/folders/dp/qk79pfcj0y1fmtkkl08m76rc0000gn/T/jsreport/autocleanup/9d971454-3e48-4abd-b37b-3ab3cb9b624d-chrome-pdf.html","meta":{"rootId":"acgv22kj5hp46iq","id":"acgv22kj5hp46iq"},"id":"q80mrv0qknsp7mw","previousOperationId":"xfzg7m20cwm50rz"}
{"type":"log","timestamp":1700567398210,"level":"debug","message":"Running chrome with params {\"printBackground\":true,\"timeout\":59968,\"margin\":{}}","meta":{"rootId":"acgv22kj5hp46iq","id":"acgv22kj5hp46iq"},"id":"ergbbawb8ny7kcm","previousOperationId":"xfzg7m20cwm50rz"}
{"type":"operationEnd","operationId":"xfzg7m20cwm50rz","timestamp":1700567398230,"id":"778llxqixynjyeu","previousEventId":"uftrkbm4teapp9n","previousOperationId":"xfzg7m20cwm50rz"}
{"type":"log","timestamp":1700567398230,"level":"debug","message":"Skipping storing report.","meta":{"rootId":"acgv22kj5hp46iq","id":"acgv22kj5hp46iq"},"id":"xb2vt2ufyr4h440","previousOperationId":"xfzg7m20cwm50rz"}
{"type":"log","timestamp":1700567398230,"level":"info","message":"Rendering request 24 finished in 115 ms","meta":{"rootId":"acgv22kj5hp46iq","id":"acgv22kj5hp46iq"},"id":"8pm62mkhzii00tq","previousOperationId":"xfzg7m20cwm50rz"}
{"type":"operationEnd","subtype":"render","operationId":"bo5iomzcloqhd9d","timestamp":1700567398230,"id":"hqxrzlaubelu8rt","previousEventId":"778llxqixynjyeu","previousOperationId":"xfzg7m20cwm50rz"}
{"type":"operationEnd","doDiffs":false,"previousEventId":"3kb2f0po6b1rhjb","previousOperationId":"x0nyyt4fc77zzur","operationId":"x0nyyt4fc77zzur","timestamp":1700567398232,"id":"cq2c7dsy1021ez5"}
