{"type":"operationStart","subtype":"profile","data":{"_id":"fxoiLQ9IffAiBuVr","timestamp":"2023-11-21T10:04:00.997Z","state":"queued","mode":"standard","creationDate":"2023-11-21T10:04:01.000Z","modificationDate":"2023-11-21T10:04:01.000Z","shortid":"MrmdfC0","$entitySet":"profiles"},"doDiffs":false,"timestamp":1700561040999,"id":"mf57h43x2mbn5di","previousOperationId":null,"operationId":"oaz3u8kzn1bicjm"}
{"type":"log","level":"info","message":"Render request 2 queued for execution and waiting for available worker","previousOperationId":"oaz3u8kzn1bicjm","timestamp":1700561040999,"id":"0664z7t47yldfxf"}
{"type":"operationStart","subtype":"render","name":"index_poziv","previousOperationId":"oaz3u8kzn1bicjm","timestamp":1700561041017,"id":"fvs8jh6qg7wwnef","previousEventId":"mf57h43x2mbn5di","operationId":"mwytrfoidsxal6f"}
{"type":"log","timestamp":1700561041022,"level":"info","message":"Starting rendering request 2","meta":{"rootId":"diacl9qnf8ce0s8","id":"diacl9qnf8ce0s8"},"id":"pnakd980m96sqot","previousOperationId":"mwytrfoidsxal6f"}
{"type":"log","timestamp":1700561041023,"level":"info","message":"Rendering template { name: index_poziv, recipe: chrome-pdf, engine: handlebars, preview: true }","meta":{"rootId":"diacl9qnf8ce0s8","id":"diacl9qnf8ce0s8"},"id":"n4lsi9mmku3hft5","previousOperationId":"mwytrfoidsxal6f"}
{"type":"log","timestamp":1700561041025,"level":"debug","message":"Adding sample data PrpCVp4aj","meta":{"rootId":"diacl9qnf8ce0s8","id":"diacl9qnf8ce0s8"},"id":"3e7w2ndadkqwki2","previousOperationId":"mwytrfoidsxal6f"}
{"type":"log","timestamp":1700561041029,"level":"debug","message":"Base url not specified, skipping its injection.","meta":{"rootId":"diacl9qnf8ce0s8","id":"diacl9qnf8ce0s8"},"id":"nchdx7h1pakcz04","previousOperationId":"mwytrfoidsxal6f"}
{"type":"log","timestamp":1700561041031,"level":"debug","message":"Replaced assets [\"styles.css\"]","meta":{"rootId":"diacl9qnf8ce0s8","id":"diacl9qnf8ce0s8"},"id":"zh70g77on9j20mv","previousOperationId":"mwytrfoidsxal6f"}
{"type":"operationStart","subtype":"engine","name":"handlebars","timestamp":1700561041031,"id":"evag9vdpss7ta47","previousEventId":"fvs8jh6qg7wwnef","operationId":"q3bhyisvhji8dfa","previousOperationId":"mwytrfoidsxal6f"}
{"type":"log","timestamp":1700561041031,"level":"debug","message":"Rendering engine handlebars","meta":{"rootId":"diacl9qnf8ce0s8","id":"diacl9qnf8ce0s8"},"id":"q0r0n5nnlmi4xyh","previousOperationId":"q3bhyisvhji8dfa"}
{"type":"operationEnd","operationId":"q3bhyisvhji8dfa","timestamp":1700561041291,"id":"eb87xndf43u8zod","previousEventId":"evag9vdpss7ta47","previousOperationId":"q3bhyisvhji8dfa"}
{"type":"operationStart","subtype":"recipe","name":"chrome-pdf","timestamp":1700561041291,"id":"346yeunurisv4et","previousEventId":"eb87xndf43u8zod","operationId":"zxzefl8eei0zybz","previousOperationId":"q3bhyisvhji8dfa"}
{"type":"log","timestamp":1700561041291,"level":"debug","message":"Executing recipe chrome-pdf","meta":{"rootId":"diacl9qnf8ce0s8","id":"diacl9qnf8ce0s8"},"id":"8v4xaftu6s9gy7c","previousOperationId":"zxzefl8eei0zybz"}
{"type":"log","timestamp":1700561041463,"level":"debug","message":"Converting with chrome HeadlessChrome/117.0.5938.149 using chrome-pool strategy","meta":{"rootId":"diacl9qnf8ce0s8","id":"diacl9qnf8ce0s8"},"id":"477xwssv6i40wul","previousOperationId":"zxzefl8eei0zybz"}
{"type":"log","timestamp":1700561041508,"level":"debug","message":"Page request: GET (document) file:///var/folders/dp/qk79pfcj0y1fmtkkl08m76rc0000gn/T/jsreport/autocleanup/4b6b6e8c-8bb2-42d0-98d8-a53253dadb35-chrome-pdf.html","meta":{"rootId":"diacl9qnf8ce0s8","id":"diacl9qnf8ce0s8"},"id":"9p3awg5oduam27x","previousOperationId":"zxzefl8eei0zybz"}
{"type":"log","timestamp":1700561041513,"level":"debug","message":"Page request finished: GET (document) 200 file:///var/folders/dp/qk79pfcj0y1fmtkkl08m76rc0000gn/T/jsreport/autocleanup/4b6b6e8c-8bb2-42d0-98d8-a53253dadb35-chrome-pdf.html","meta":{"rootId":"diacl9qnf8ce0s8","id":"diacl9qnf8ce0s8"},"id":"zb1qcdz4xjvlzdt","previousOperationId":"zxzefl8eei0zybz"}
{"type":"log","timestamp":1700561041519,"level":"debug","message":"Running chrome with params {\"printBackground\":true,\"timeout\":59703,\"margin\":{}}","meta":{"rootId":"diacl9qnf8ce0s8","id":"diacl9qnf8ce0s8"},"id":"hdkfp4rcel6r440","previousOperationId":"zxzefl8eei0zybz"}
{"type":"operationEnd","operationId":"zxzefl8eei0zybz","timestamp":1700561041537,"id":"9deffwg41yv5zrh","previousEventId":"346yeunurisv4et","previousOperationId":"zxzefl8eei0zybz"}
{"type":"log","timestamp":1700561041537,"level":"debug","message":"Skipping storing report.","meta":{"rootId":"diacl9qnf8ce0s8","id":"diacl9qnf8ce0s8"},"id":"fya6wqwkdjfrmyv","previousOperationId":"zxzefl8eei0zybz"}
{"type":"log","timestamp":1700561041537,"level":"info","message":"Rendering request 2 finished in 540 ms","meta":{"rootId":"diacl9qnf8ce0s8","id":"diacl9qnf8ce0s8"},"id":"izmvnmauma3ctcy","previousOperationId":"zxzefl8eei0zybz"}
{"type":"operationEnd","subtype":"render","operationId":"mwytrfoidsxal6f","timestamp":1700561041537,"id":"0xwzkn0r5l2cvkz","previousEventId":"9deffwg41yv5zrh","previousOperationId":"zxzefl8eei0zybz"}
{"type":"operationEnd","doDiffs":false,"previousEventId":"mf57h43x2mbn5di","previousOperationId":"oaz3u8kzn1bicjm","operationId":"oaz3u8kzn1bicjm","timestamp":1700561041539,"id":"28r50wwy5atso17"}
