{"type":"operationStart","subtype":"profile","data":{"_id":"u7DF4QxvcnNpLXYP","timestamp":"2023-11-20T15:39:40.720Z","state":"queued","mode":"standard","creationDate":"2023-11-20T15:39:40.720Z","modificationDate":"2023-11-20T15:39:40.720Z","shortid":"r0dHlKB","$entitySet":"profiles"},"doDiffs":false,"timestamp":1700494780720,"id":"w8duw7q63riacv6","previousOperationId":null,"operationId":"up7jintf22w2596"}
{"type":"log","level":"info","message":"Render request 51 queued for execution and waiting for available worker","previousOperationId":"up7jintf22w2596","timestamp":1700494780720,"id":"ymai8h0x428gjjb"}
{"type":"operationStart","subtype":"render","name":"index_poziv","previousOperationId":"up7jintf22w2596","timestamp":1700494780725,"id":"sxfjd2r5abts640","previousEventId":"w8duw7q63riacv6","operationId":"4319rabaravfyef"}
{"type":"log","timestamp":1700494780725,"level":"info","message":"Starting rendering request 51","meta":{"rootId":"dje8dsx1ufvrqj9","id":"dje8dsx1ufvrqj9"},"id":"646iats84xu7hbt","previousOperationId":"4319rabaravfyef"}
{"type":"log","timestamp":1700494780725,"level":"info","message":"Rendering template { name: index_poziv, recipe: chrome-pdf, engine: handlebars, preview: true }","meta":{"rootId":"dje8dsx1ufvrqj9","id":"dje8dsx1ufvrqj9"},"id":"i5iku8vyoqawac2","previousOperationId":"4319rabaravfyef"}
{"type":"log","timestamp":1700494780725,"level":"debug","message":"Adding sample data PrpCVp4aj","meta":{"rootId":"dje8dsx1ufvrqj9","id":"dje8dsx1ufvrqj9"},"id":"0zxel5cfcfe9w13","previousOperationId":"4319rabaravfyef"}
{"type":"log","timestamp":1700494780727,"level":"debug","message":"Base url not specified, skipping its injection.","meta":{"rootId":"dje8dsx1ufvrqj9","id":"dje8dsx1ufvrqj9"},"id":"naxr2dudidd8cel","previousOperationId":"4319rabaravfyef"}
{"type":"operationStart","subtype":"engine","name":"handlebars","timestamp":1700494780727,"id":"4ld9wslz7g5x4a6","previousEventId":"sxfjd2r5abts640","operationId":"k6wbk0l027furg5","previousOperationId":"4319rabaravfyef"}
{"type":"log","timestamp":1700494780727,"level":"debug","message":"Rendering engine handlebars","meta":{"rootId":"dje8dsx1ufvrqj9","id":"dje8dsx1ufvrqj9"},"id":"0r37v1a9334dzuq","previousOperationId":"k6wbk0l027furg5"}
{"type":"operationEnd","operationId":"k6wbk0l027furg5","timestamp":1700494780739,"id":"l710eqvehn427rt","previousEventId":"4ld9wslz7g5x4a6","previousOperationId":"k6wbk0l027furg5"}
{"type":"operationStart","subtype":"recipe","name":"chrome-pdf","timestamp":1700494780739,"id":"q1mexczlpknbpqx","previousEventId":"l710eqvehn427rt","operationId":"fub5zcsg6b3kduc","previousOperationId":"k6wbk0l027furg5"}
{"type":"log","timestamp":1700494780739,"level":"debug","message":"Executing recipe chrome-pdf","meta":{"rootId":"dje8dsx1ufvrqj9","id":"dje8dsx1ufvrqj9"},"id":"3gep2foatoyfq0f","previousOperationId":"fub5zcsg6b3kduc"}
{"type":"log","timestamp":1700494780740,"level":"debug","message":"Converting with chrome HeadlessChrome/117.0.5938.149 using chrome-pool strategy","meta":{"rootId":"dje8dsx1ufvrqj9","id":"dje8dsx1ufvrqj9"},"id":"rak0q2vqnzco5xn","previousOperationId":"fub5zcsg6b3kduc"}
{"type":"log","timestamp":1700494780786,"level":"debug","message":"Page request: GET (document) file:///var/folders/dp/qk79pfcj0y1fmtkkl08m76rc0000gn/T/jsreport/autocleanup/9223b698-5e1d-4aba-a6d6-6f787bb8f0eb-chrome-pdf.html","meta":{"rootId":"dje8dsx1ufvrqj9","id":"dje8dsx1ufvrqj9"},"id":"xxptwm79ztvsy7u","previousOperationId":"fub5zcsg6b3kduc"}
{"type":"log","timestamp":1700494780791,"level":"debug","message":"Page request finished: GET (document) 200 file:///var/folders/dp/qk79pfcj0y1fmtkkl08m76rc0000gn/T/jsreport/autocleanup/9223b698-5e1d-4aba-a6d6-6f787bb8f0eb-chrome-pdf.html","meta":{"rootId":"dje8dsx1ufvrqj9","id":"dje8dsx1ufvrqj9"},"id":"yulk0gzefpcklop","previousOperationId":"fub5zcsg6b3kduc"}
{"type":"log","timestamp":1700494780801,"level":"debug","message":"Running chrome with params {\"printBackground\":true,\"timeout\":59981,\"margin\":{}}","meta":{"rootId":"dje8dsx1ufvrqj9","id":"dje8dsx1ufvrqj9"},"id":"6eypzmp2w6c1wgt","previousOperationId":"fub5zcsg6b3kduc"}
{"type":"operationEnd","operationId":"fub5zcsg6b3kduc","timestamp":1700494780816,"id":"n088ku1xadlqqzf","previousEventId":"q1mexczlpknbpqx","previousOperationId":"fub5zcsg6b3kduc"}
{"type":"log","timestamp":1700494780816,"level":"debug","message":"Skipping storing report.","meta":{"rootId":"dje8dsx1ufvrqj9","id":"dje8dsx1ufvrqj9"},"id":"adqyb8sfhtcy59e","previousOperationId":"fub5zcsg6b3kduc"}
{"type":"log","timestamp":1700494780816,"level":"info","message":"Rendering request 51 finished in 96 ms","meta":{"rootId":"dje8dsx1ufvrqj9","id":"dje8dsx1ufvrqj9"},"id":"1x8xouo9f8gd8tw","previousOperationId":"fub5zcsg6b3kduc"}
{"type":"operationEnd","subtype":"render","operationId":"4319rabaravfyef","timestamp":1700494780816,"id":"qdhtk628ijth47i","previousEventId":"n088ku1xadlqqzf","previousOperationId":"fub5zcsg6b3kduc"}
{"type":"operationEnd","doDiffs":false,"previousEventId":"w8duw7q63riacv6","previousOperationId":"up7jintf22w2596","operationId":"up7jintf22w2596","timestamp":1700494780818,"id":"9m1nfkwztbl9jk4"}
