{"type":"operationStart","subtype":"profile","data":{"_id":"vsizA2RHaKNIaqOO","timestamp":"2023-12-01T09:17:12.679Z","state":"queued","mode":"standard","creationDate":"2023-12-01T09:17:12.685Z","modificationDate":"2023-12-01T09:17:12.685Z","shortid":"twiIsua","$entitySet":"profiles"},"doDiffs":false,"timestamp":1701422232683,"id":"ml6hai1rvq7wn4n","previousOperationId":null,"operationId":"l5z6bksp7dpp8b4"}
{"type":"log","level":"info","message":"Render request 42 queued for execution and waiting for available worker","previousOperationId":"l5z6bksp7dpp8b4","timestamp":1701422232683,"id":"74tqa294padj75i"}
{"type":"operationStart","subtype":"render","name":"index_poziv","previousOperationId":"l5z6bksp7dpp8b4","timestamp":1701422232696,"id":"liwp3vyaopmomfo","previousEventId":"ml6hai1rvq7wn4n","operationId":"aihh1elofybtzju"}
{"type":"log","timestamp":1701422232696,"level":"info","message":"Starting rendering request 42","meta":{"rootId":"doh47f0isgu7sql","id":"doh47f0isgu7sql"},"id":"wsox00keiusym5r","previousOperationId":"aihh1elofybtzju"}
{"type":"log","timestamp":1701422232696,"level":"info","message":"Rendering template { name: index_poziv, recipe: chrome-pdf, engine: handlebars, preview: true }","meta":{"rootId":"doh47f0isgu7sql","id":"doh47f0isgu7sql"},"id":"pilgoxmv8ghddym","previousOperationId":"aihh1elofybtzju"}
{"type":"log","timestamp":1701422232697,"level":"debug","message":"Inline data specified.","meta":{"rootId":"doh47f0isgu7sql","id":"doh47f0isgu7sql"},"id":"d491i7mm3b74f03","previousOperationId":"aihh1elofybtzju"}
{"type":"log","timestamp":1701422232698,"level":"debug","message":"Base url not specified, skipping its injection.","meta":{"rootId":"doh47f0isgu7sql","id":"doh47f0isgu7sql"},"id":"zgvcdfp4si7t2jh","previousOperationId":"aihh1elofybtzju"}
{"type":"log","timestamp":1701422232699,"level":"debug","message":"Replaced assets [\"styles.css\"]","meta":{"rootId":"doh47f0isgu7sql","id":"doh47f0isgu7sql"},"id":"9k623cr14ik4las","previousOperationId":"aihh1elofybtzju"}
{"type":"operationStart","subtype":"engine","name":"handlebars","timestamp":1701422232699,"id":"smr21dffhgr7vbl","previousEventId":"liwp3vyaopmomfo","operationId":"rxf6ykc9bslui3r","previousOperationId":"aihh1elofybtzju"}
{"type":"log","timestamp":1701422232699,"level":"debug","message":"Rendering engine handlebars","meta":{"rootId":"doh47f0isgu7sql","id":"doh47f0isgu7sql"},"id":"ik6iztk7rhhf51j","previousOperationId":"rxf6ykc9bslui3r"}
{"type":"operationEnd","operationId":"rxf6ykc9bslui3r","timestamp":1701422232716,"id":"ngf8jd1rk5p0z4i","previousEventId":"smr21dffhgr7vbl","previousOperationId":"rxf6ykc9bslui3r"}
{"type":"operationStart","subtype":"recipe","name":"chrome-pdf","timestamp":1701422232716,"id":"1226ednemdfe1i4","previousEventId":"ngf8jd1rk5p0z4i","operationId":"t3ecziv0njpvved","previousOperationId":"rxf6ykc9bslui3r"}
{"type":"log","timestamp":1701422232716,"level":"debug","message":"Executing recipe chrome-pdf","meta":{"rootId":"doh47f0isgu7sql","id":"doh47f0isgu7sql"},"id":"nnrghi3fzlamxv7","previousOperationId":"t3ecziv0njpvved"}
{"type":"log","timestamp":1701422232717,"level":"debug","message":"Converting with chrome HeadlessChrome/117.0.5938.149 using chrome-pool strategy","meta":{"rootId":"doh47f0isgu7sql","id":"doh47f0isgu7sql"},"id":"lntz0urrut3xtd6","previousOperationId":"t3ecziv0njpvved"}
{"type":"log","timestamp":1701422232768,"level":"debug","message":"Page request: GET (document) file:///var/folders/dp/qk79pfcj0y1fmtkkl08m76rc0000gn/T/jsreport/autocleanup/3feb4c37-1bbd-4c55-838d-c5a8d6fc6701-chrome-pdf.html","meta":{"rootId":"doh47f0isgu7sql","id":"doh47f0isgu7sql"},"id":"0r7zsfxb01o3mxk","previousOperationId":"t3ecziv0njpvved"}
{"type":"log","timestamp":1701422232773,"level":"debug","message":"Page request finished: GET (document) 200 file:///var/folders/dp/qk79pfcj0y1fmtkkl08m76rc0000gn/T/jsreport/autocleanup/3feb4c37-1bbd-4c55-838d-c5a8d6fc6701-chrome-pdf.html","meta":{"rootId":"doh47f0isgu7sql","id":"doh47f0isgu7sql"},"id":"icw7q3xjoizemot","previousOperationId":"t3ecziv0njpvved"}
{"type":"log","timestamp":1701422232785,"level":"debug","message":"Running chrome with params {\"printBackground\":true,\"marginTop\":\"2cm\",\"marginBottom\":\"2cm\",\"timeout\":59962,\"margin\":{\"top\":\"2cm\",\"bottom\":\"2cm\"}}","meta":{"rootId":"doh47f0isgu7sql","id":"doh47f0isgu7sql"},"id":"z549amuy5j78o53","previousOperationId":"t3ecziv0njpvved"}
{"type":"operationEnd","operationId":"t3ecziv0njpvved","timestamp":1701422232805,"id":"bxod019jxu2ekgx","previousEventId":"1226ednemdfe1i4","previousOperationId":"t3ecziv0njpvved"}
{"type":"log","timestamp":1701422232805,"level":"info","message":"pdf-utils is starting pdf processing","meta":{"rootId":"doh47f0isgu7sql","id":"doh47f0isgu7sql"},"id":"wp97x86lb5yprly","previousOperationId":"t3ecziv0njpvved"}
{"type":"operationStart","subtype":"pdfUtils","name":"pdf utils","timestamp":1701422232805,"id":"pjyl48p1ezai7jq","previousEventId":"bxod019jxu2ekgx","operationId":"2zyyb7ampca8xo2","previousOperationId":"t3ecziv0njpvved"}
{"type":"log","timestamp":1701422232805,"level":"debug","message":"pdf-utils detected 1 pdf operation(s) to process","meta":{"rootId":"doh47f0isgu7sql","id":"doh47f0isgu7sql"},"id":"da5ezolznhpmuve","previousOperationId":"2zyyb7ampca8xo2"}
{"type":"log","timestamp":1701422232829,"level":"debug","message":"pdf-utils running pdf operation merge","meta":{"rootId":"doh47f0isgu7sql","id":"doh47f0isgu7sql"},"id":"rdk7989f27inyni","previousOperationId":"2zyyb7ampca8xo2"}
{"type":"operationStart","subtype":"pdfUtilsMerge","name":"pdf utils merge","previousOperationId":"2zyyb7ampca8xo2","timestamp":1701422232829,"id":"o27xqng4lq4llud","previousEventId":"pjyl48p1ezai7jq","operationId":"lzde8e8j56fy7qx"}
{"type":"operationStart","subtype":"render","name":"header-footer","previousOperationId":"lzde8e8j56fy7qx","timestamp":1701422232830,"id":"kvt6ni91fogud5m","previousEventId":"o27xqng4lq4llud","operationId":"5kysksp4he0wv5x"}
{"type":"log","timestamp":1701422232830,"level":"info","message":"Starting rendering (child) request","meta":{"rootId":"doh47f0isgu7sql","id":"a68hs93uerinf14"},"id":"edv2vr5m8c00zrn","previousOperationId":"5kysksp4he0wv5x"}
{"type":"log","timestamp":1701422232830,"level":"info","message":"Rendering template { name: header-footer, recipe: chrome-pdf, engine: handlebars, preview: true }","meta":{"rootId":"doh47f0isgu7sql","id":"a68hs93uerinf14"},"id":"udevnj6uydjcv5r","previousOperationId":"5kysksp4he0wv5x"}
{"type":"log","timestamp":1701422232830,"level":"debug","message":"Inline data specified.","meta":{"rootId":"doh47f0isgu7sql","id":"a68hs93uerinf14"},"id":"ozp78rb2pp073lg","previousOperationId":"5kysksp4he0wv5x"}
{"type":"log","timestamp":1701422232830,"level":"debug","message":"Base url not specified, skipping its injection.","meta":{"rootId":"doh47f0isgu7sql","id":"a68hs93uerinf14"},"id":"21fwbu7kqle1z8g","previousOperationId":"5kysksp4he0wv5x"}
{"type":"operationStart","subtype":"engine","name":"handlebars","timestamp":1701422232830,"id":"b7w9ez1dx7ci18b","previousEventId":"kvt6ni91fogud5m","operationId":"sdjadby9ex1ovjp","previousOperationId":"5kysksp4he0wv5x"}
{"type":"log","timestamp":1701422232830,"level":"debug","message":"Rendering engine handlebars","meta":{"rootId":"doh47f0isgu7sql","id":"a68hs93uerinf14"},"id":"3nw1knbj2d6h40u","previousOperationId":"sdjadby9ex1ovjp"}
{"type":"operationEnd","operationId":"sdjadby9ex1ovjp","timestamp":1701422232833,"id":"zt5q3szvixn388v","previousEventId":"b7w9ez1dx7ci18b","previousOperationId":"sdjadby9ex1ovjp"}
{"type":"operationStart","subtype":"recipe","name":"chrome-pdf","timestamp":1701422232834,"id":"yywv1dzzgiagu05","previousEventId":"zt5q3szvixn388v","operationId":"6ohkdseewkrqyeo","previousOperationId":"sdjadby9ex1ovjp"}
{"type":"log","timestamp":1701422232834,"level":"debug","message":"Executing recipe chrome-pdf","meta":{"rootId":"doh47f0isgu7sql","id":"a68hs93uerinf14"},"id":"r0sluxbabzopmuo","previousOperationId":"6ohkdseewkrqyeo"}
{"type":"log","timestamp":1701422232834,"level":"debug","message":"Converting with chrome HeadlessChrome/117.0.5938.149 using chrome-pool strategy","meta":{"rootId":"doh47f0isgu7sql","id":"a68hs93uerinf14"},"id":"ra2k0ol8ip7sn37","previousOperationId":"6ohkdseewkrqyeo"}
{"type":"log","timestamp":1701422232872,"level":"debug","message":"Page request: GET (document) file:///var/folders/dp/qk79pfcj0y1fmtkkl08m76rc0000gn/T/jsreport/autocleanup/2653bf3c-59e5-4260-a91f-9212911256d8-chrome-pdf.html","meta":{"rootId":"doh47f0isgu7sql","id":"a68hs93uerinf14"},"id":"pzu6745d6ad2hgx","previousOperationId":"6ohkdseewkrqyeo"}
{"type":"log","timestamp":1701422232877,"level":"debug","message":"Page request finished: GET (document) 200 file:///var/folders/dp/qk79pfcj0y1fmtkkl08m76rc0000gn/T/jsreport/autocleanup/2653bf3c-59e5-4260-a91f-9212911256d8-chrome-pdf.html","meta":{"rootId":"doh47f0isgu7sql","id":"a68hs93uerinf14"},"id":"vibp0afi33gkf77","previousOperationId":"6ohkdseewkrqyeo"}
{"type":"log","timestamp":1701422232885,"level":"debug","message":"Running chrome with params {\"timeout\":59845,\"margin\":{},\"printBackground\":true}","meta":{"rootId":"doh47f0isgu7sql","id":"a68hs93uerinf14"},"id":"oello65cbmbch60","previousOperationId":"6ohkdseewkrqyeo"}
{"type":"operationEnd","operationId":"6ohkdseewkrqyeo","timestamp":1701422232890,"id":"rm663dllgft5ko7","previousEventId":"yywv1dzzgiagu05","previousOperationId":"6ohkdseewkrqyeo"}
{"type":"log","timestamp":1701422232890,"level":"debug","message":"Skipping storing report.","meta":{"rootId":"doh47f0isgu7sql","id":"a68hs93uerinf14"},"id":"ftkft3rknkpwdgs","previousOperationId":"6ohkdseewkrqyeo"}
{"type":"log","timestamp":1701422232890,"level":"info","message":"Rendering (child) request finished in 211 ms","meta":{"rootId":"doh47f0isgu7sql","id":"a68hs93uerinf14"},"id":"7hkiwxb3b683r56","previousOperationId":"6ohkdseewkrqyeo"}
{"type":"operationEnd","subtype":"render","operationId":"5kysksp4he0wv5x","timestamp":1701422232890,"id":"hrmlnsrvgdnmkie","previousEventId":"rm663dllgft5ko7","previousOperationId":"6ohkdseewkrqyeo"}
{"type":"operationEnd","operationId":"lzde8e8j56fy7qx","timestamp":1701422232895,"id":"z5j8jt203x0zzlo","previousEventId":"o27xqng4lq4llud","previousOperationId":"lzde8e8j56fy7qx"}
{"type":"log","timestamp":1701422232895,"level":"debug","message":"pdf-utils postproces start","meta":{"rootId":"doh47f0isgu7sql","id":"doh47f0isgu7sql"},"id":"k23w8uj0lqr4mm0","previousOperationId":"lzde8e8j56fy7qx"}
{"type":"log","timestamp":1701422232902,"level":"debug","message":"pdf-utils postproces end","meta":{"rootId":"doh47f0isgu7sql","id":"doh47f0isgu7sql"},"id":"suibpbf3yb1be3e","previousOperationId":"lzde8e8j56fy7qx"}
{"type":"operationEnd","operationId":"2zyyb7ampca8xo2","timestamp":1701422232902,"id":"7peokpi3u2n3udl","previousEventId":"z5j8jt203x0zzlo","previousOperationId":"lzde8e8j56fy7qx"}
{"type":"log","timestamp":1701422232902,"level":"info","message":"pdf-utils pdf processing was finished","meta":{"rootId":"doh47f0isgu7sql","id":"doh47f0isgu7sql"},"id":"cpk76t2eh0n4zmq","previousOperationId":"2zyyb7ampca8xo2"}
{"type":"log","timestamp":1701422232902,"level":"debug","message":"Skipping storing report.","meta":{"rootId":"doh47f0isgu7sql","id":"doh47f0isgu7sql"},"id":"974hq0d2wy3pcqe","previousOperationId":"2zyyb7ampca8xo2"}
{"type":"log","timestamp":1701422232902,"level":"info","message":"Rendering request 42 finished in 223 ms","meta":{"rootId":"doh47f0isgu7sql","id":"doh47f0isgu7sql"},"id":"juxeuh916k9rson","previousOperationId":"2zyyb7ampca8xo2"}
{"type":"operationEnd","subtype":"render","operationId":"aihh1elofybtzju","timestamp":1701422232903,"id":"4gxazum19u0u02q","previousEventId":"7peokpi3u2n3udl","previousOperationId":"2zyyb7ampca8xo2"}
{"type":"operationEnd","doDiffs":false,"previousEventId":"ml6hai1rvq7wn4n","previousOperationId":"l5z6bksp7dpp8b4","operationId":"l5z6bksp7dpp8b4","timestamp":1701422232905,"id":"p3eio84wqzdbbwn"}
