{"type":"operationStart","subtype":"profile","data":{"_id":"peU9eZ54xLnbn7Fo","timestamp":"2023-12-01T08:59:01.585Z","state":"queued","mode":"standard","creationDate":"2023-12-01T08:59:01.587Z","modificationDate":"2023-12-01T08:59:01.587Z","shortid":"8ffuByi","$entitySet":"profiles"},"doDiffs":false,"timestamp":1701421141586,"id":"sco7o72pv7n3t60","previousOperationId":null,"operationId":"igqb54dwf88ahcn"}
{"type":"log","level":"info","message":"Render request 28 queued for execution and waiting for available worker","previousOperationId":"igqb54dwf88ahcn","timestamp":1701421141586,"id":"4q589f5y1l3phm3"}
{"type":"operationStart","subtype":"render","name":"index_poziv","previousOperationId":"igqb54dwf88ahcn","timestamp":1701421141596,"id":"3nmb5c631bfj41h","previousEventId":"sco7o72pv7n3t60","operationId":"ydts5br9j3hk6vp"}
{"type":"log","timestamp":1701421141596,"level":"info","message":"Starting rendering request 28","meta":{"rootId":"e04o1l99gruspip","id":"e04o1l99gruspip"},"id":"lch537embv7n6pz","previousOperationId":"ydts5br9j3hk6vp"}
{"type":"log","timestamp":1701421141596,"level":"info","message":"Rendering template { name: index_poziv, recipe: chrome-pdf, engine: handlebars, preview: true }","meta":{"rootId":"e04o1l99gruspip","id":"e04o1l99gruspip"},"id":"i5ags6nf9xyvzq2","previousOperationId":"ydts5br9j3hk6vp"}
{"type":"log","timestamp":1701421141597,"level":"debug","message":"Inline data specified.","meta":{"rootId":"e04o1l99gruspip","id":"e04o1l99gruspip"},"id":"ke4t43zvcv7fjqg","previousOperationId":"ydts5br9j3hk6vp"}
{"type":"log","timestamp":1701421141598,"level":"debug","message":"Base url not specified, skipping its injection.","meta":{"rootId":"e04o1l99gruspip","id":"e04o1l99gruspip"},"id":"3s99n7s2g5h3n13","previousOperationId":"ydts5br9j3hk6vp"}
{"type":"log","timestamp":1701421141600,"level":"debug","message":"Replaced assets [\"styles.css\"]","meta":{"rootId":"e04o1l99gruspip","id":"e04o1l99gruspip"},"id":"ptukw7u9ym901fi","previousOperationId":"ydts5br9j3hk6vp"}
{"type":"operationStart","subtype":"engine","name":"handlebars","timestamp":1701421141600,"id":"251of87g69cwi85","previousEventId":"3nmb5c631bfj41h","operationId":"h94s2ird1252qoq","previousOperationId":"ydts5br9j3hk6vp"}
{"type":"log","timestamp":1701421141600,"level":"debug","message":"Rendering engine handlebars","meta":{"rootId":"e04o1l99gruspip","id":"e04o1l99gruspip"},"id":"0iden391w3gcib7","previousOperationId":"h94s2ird1252qoq"}
{"type":"operationEnd","operationId":"h94s2ird1252qoq","timestamp":1701421141621,"id":"5a7i1rxazsdipa5","previousEventId":"251of87g69cwi85","previousOperationId":"h94s2ird1252qoq"}
{"type":"operationStart","subtype":"recipe","name":"chrome-pdf","timestamp":1701421141621,"id":"des7jqh4qd0y3zq","previousEventId":"5a7i1rxazsdipa5","operationId":"54r7bxykiw968hk","previousOperationId":"h94s2ird1252qoq"}
{"type":"log","timestamp":1701421141621,"level":"debug","message":"Executing recipe chrome-pdf","meta":{"rootId":"e04o1l99gruspip","id":"e04o1l99gruspip"},"id":"rwud4zj52w4tbgl","previousOperationId":"54r7bxykiw968hk"}
{"type":"log","timestamp":1701421141622,"level":"debug","message":"Converting with chrome HeadlessChrome/117.0.5938.149 using chrome-pool strategy","meta":{"rootId":"e04o1l99gruspip","id":"e04o1l99gruspip"},"id":"mv8kyutu7sqdrea","previousOperationId":"54r7bxykiw968hk"}
{"type":"log","timestamp":1701421141668,"level":"debug","message":"Page request: GET (document) file:///var/folders/dp/qk79pfcj0y1fmtkkl08m76rc0000gn/T/jsreport/autocleanup/61e46502-9508-4a91-97a6-7e5b97faa085-chrome-pdf.html","meta":{"rootId":"e04o1l99gruspip","id":"e04o1l99gruspip"},"id":"4eopcwlit3stln3","previousOperationId":"54r7bxykiw968hk"}
{"type":"log","timestamp":1701421141673,"level":"debug","message":"Page request finished: GET (document) 200 file:///var/folders/dp/qk79pfcj0y1fmtkkl08m76rc0000gn/T/jsreport/autocleanup/61e46502-9508-4a91-97a6-7e5b97faa085-chrome-pdf.html","meta":{"rootId":"e04o1l99gruspip","id":"e04o1l99gruspip"},"id":"b9938m94inyy5e8","previousOperationId":"54r7bxykiw968hk"}
{"type":"log","timestamp":1701421141685,"level":"debug","message":"Running chrome with params {\"printBackground\":true,\"marginTop\":\"2cm\",\"marginBottom\":\"2cm\",\"timeout\":59963,\"margin\":{\"top\":\"2cm\",\"bottom\":\"2cm\"}}","meta":{"rootId":"e04o1l99gruspip","id":"e04o1l99gruspip"},"id":"doedfwxl39figiv","previousOperationId":"54r7bxykiw968hk"}
{"type":"operationEnd","operationId":"54r7bxykiw968hk","timestamp":1701421141705,"id":"jdx9cpug81ls4j3","previousEventId":"des7jqh4qd0y3zq","previousOperationId":"54r7bxykiw968hk"}
{"type":"log","timestamp":1701421141705,"level":"info","message":"pdf-utils is starting pdf processing","meta":{"rootId":"e04o1l99gruspip","id":"e04o1l99gruspip"},"id":"l1grd2sqg8fy9wh","previousOperationId":"54r7bxykiw968hk"}
{"type":"operationStart","subtype":"pdfUtils","name":"pdf utils","timestamp":1701421141705,"id":"l4romur6trdc5iy","previousEventId":"jdx9cpug81ls4j3","operationId":"dep902r9u561c2w","previousOperationId":"54r7bxykiw968hk"}
{"type":"log","timestamp":1701421141705,"level":"debug","message":"pdf-utils detected 1 pdf operation(s) to process","meta":{"rootId":"e04o1l99gruspip","id":"e04o1l99gruspip"},"id":"ufhmx480m1821cf","previousOperationId":"dep902r9u561c2w"}
{"type":"log","timestamp":1701421141724,"level":"debug","message":"pdf-utils running pdf operation merge","meta":{"rootId":"e04o1l99gruspip","id":"e04o1l99gruspip"},"id":"ujy9b8fpahrldbd","previousOperationId":"dep902r9u561c2w"}
{"type":"operationStart","subtype":"pdfUtilsMerge","name":"pdf utils merge","previousOperationId":"dep902r9u561c2w","timestamp":1701421141724,"id":"hhzntvfp8nn3w5c","previousEventId":"l4romur6trdc5iy","operationId":"euvqnmwcq8zoo04"}
{"type":"operationStart","subtype":"render","name":"header-footer","previousOperationId":"euvqnmwcq8zoo04","timestamp":1701421141724,"id":"wvl95gmxonemby2","previousEventId":"hhzntvfp8nn3w5c","operationId":"obhrja1yhnu24nc"}
{"type":"log","timestamp":1701421141724,"level":"info","message":"Starting rendering (child) request","meta":{"rootId":"e04o1l99gruspip","id":"z9i7btqu32uxioo"},"id":"b9zh4h0sn4rbw26","previousOperationId":"obhrja1yhnu24nc"}
{"type":"log","timestamp":1701421141724,"level":"info","message":"Rendering template { name: header-footer, recipe: chrome-pdf, engine: handlebars, preview: true }","meta":{"rootId":"e04o1l99gruspip","id":"z9i7btqu32uxioo"},"id":"tjq1t3kg2asz1er","previousOperationId":"obhrja1yhnu24nc"}
{"type":"log","timestamp":1701421141726,"level":"debug","message":"Inline data specified.","meta":{"rootId":"e04o1l99gruspip","id":"z9i7btqu32uxioo"},"id":"x4k0k9m700szjsc","previousOperationId":"obhrja1yhnu24nc"}
{"type":"log","timestamp":1701421141727,"level":"debug","message":"Base url not specified, skipping its injection.","meta":{"rootId":"e04o1l99gruspip","id":"z9i7btqu32uxioo"},"id":"c6429a2l2tp25mn","previousOperationId":"obhrja1yhnu24nc"}
{"type":"operationStart","subtype":"engine","name":"handlebars","timestamp":1701421141727,"id":"vt71x6uz8tz3frc","previousEventId":"wvl95gmxonemby2","operationId":"6varzf9z78c35vk","previousOperationId":"obhrja1yhnu24nc"}
{"type":"log","timestamp":1701421141727,"level":"debug","message":"Rendering engine handlebars","meta":{"rootId":"e04o1l99gruspip","id":"z9i7btqu32uxioo"},"id":"0dewo1e05r4psiq","previousOperationId":"6varzf9z78c35vk"}
{"type":"operationEnd","operationId":"6varzf9z78c35vk","timestamp":1701421141731,"id":"o927j8rsxjldjfl","previousEventId":"vt71x6uz8tz3frc","previousOperationId":"6varzf9z78c35vk"}
{"type":"operationStart","subtype":"recipe","name":"chrome-pdf","timestamp":1701421141731,"id":"iwnk7zincxxp59n","previousEventId":"o927j8rsxjldjfl","operationId":"0sf6iyclld8it8z","previousOperationId":"6varzf9z78c35vk"}
{"type":"log","timestamp":1701421141731,"level":"debug","message":"Executing recipe chrome-pdf","meta":{"rootId":"e04o1l99gruspip","id":"z9i7btqu32uxioo"},"id":"guffcbhzvgwnlov","previousOperationId":"0sf6iyclld8it8z"}
{"type":"log","timestamp":1701421141733,"level":"debug","message":"Converting with chrome HeadlessChrome/117.0.5938.149 using chrome-pool strategy","meta":{"rootId":"e04o1l99gruspip","id":"z9i7btqu32uxioo"},"id":"hhl5accqc1bpa3r","previousOperationId":"0sf6iyclld8it8z"}
{"type":"log","timestamp":1701421141771,"level":"debug","message":"Page request: GET (document) file:///var/folders/dp/qk79pfcj0y1fmtkkl08m76rc0000gn/T/jsreport/autocleanup/4ea7e85e-82f6-45e9-946a-9a1488511f6e-chrome-pdf.html","meta":{"rootId":"e04o1l99gruspip","id":"z9i7btqu32uxioo"},"id":"e1p97tj1ns6bpcq","previousOperationId":"0sf6iyclld8it8z"}
{"type":"log","timestamp":1701421141775,"level":"debug","message":"Page request finished: GET (document) 200 file:///var/folders/dp/qk79pfcj0y1fmtkkl08m76rc0000gn/T/jsreport/autocleanup/4ea7e85e-82f6-45e9-946a-9a1488511f6e-chrome-pdf.html","meta":{"rootId":"e04o1l99gruspip","id":"z9i7btqu32uxioo"},"id":"5mam5key8gmj5hi","previousOperationId":"0sf6iyclld8it8z"}
{"type":"log","timestamp":1701421141782,"level":"debug","message":"Running chrome with params {\"timeout\":59853,\"margin\":{},\"printBackground\":true}","meta":{"rootId":"e04o1l99gruspip","id":"z9i7btqu32uxioo"},"id":"nlt5y3bc5bboit1","previousOperationId":"0sf6iyclld8it8z"}
{"type":"operationEnd","operationId":"0sf6iyclld8it8z","timestamp":1701421141789,"id":"i0o1wintxyeknbw","previousEventId":"iwnk7zincxxp59n","previousOperationId":"0sf6iyclld8it8z"}
{"type":"log","timestamp":1701421141789,"level":"debug","message":"Skipping storing report.","meta":{"rootId":"e04o1l99gruspip","id":"z9i7btqu32uxioo"},"id":"el7327bs8rbeyb9","previousOperationId":"0sf6iyclld8it8z"}
{"type":"log","timestamp":1701421141789,"level":"info","message":"Rendering (child) request finished in 204 ms","meta":{"rootId":"e04o1l99gruspip","id":"z9i7btqu32uxioo"},"id":"pjvl5m0z9injzjx","previousOperationId":"0sf6iyclld8it8z"}
{"type":"operationEnd","subtype":"render","operationId":"obhrja1yhnu24nc","timestamp":1701421141789,"id":"qndghjrjv7qvlsc","previousEventId":"i0o1wintxyeknbw","previousOperationId":"0sf6iyclld8it8z"}
{"type":"operationEnd","operationId":"euvqnmwcq8zoo04","timestamp":1701421141794,"id":"9ghpixgdd6mq8g4","previousEventId":"hhzntvfp8nn3w5c","previousOperationId":"euvqnmwcq8zoo04"}
{"type":"log","timestamp":1701421141794,"level":"debug","message":"pdf-utils postproces start","meta":{"rootId":"e04o1l99gruspip","id":"e04o1l99gruspip"},"id":"kvaum9gg046n1pc","previousOperationId":"euvqnmwcq8zoo04"}
{"type":"log","timestamp":1701421141800,"level":"debug","message":"pdf-utils postproces end","meta":{"rootId":"e04o1l99gruspip","id":"e04o1l99gruspip"},"id":"370akeb94ic6iqf","previousOperationId":"euvqnmwcq8zoo04"}
{"type":"operationEnd","operationId":"dep902r9u561c2w","timestamp":1701421141800,"id":"x7xj9fxg33na8dl","previousEventId":"9ghpixgdd6mq8g4","previousOperationId":"euvqnmwcq8zoo04"}
{"type":"log","timestamp":1701421141800,"level":"info","message":"pdf-utils pdf processing was finished","meta":{"rootId":"e04o1l99gruspip","id":"e04o1l99gruspip"},"id":"7v530v27kl68eht","previousOperationId":"dep902r9u561c2w"}
{"type":"log","timestamp":1701421141800,"level":"debug","message":"Skipping storing report.","meta":{"rootId":"e04o1l99gruspip","id":"e04o1l99gruspip"},"id":"fffsax2znha7ai8","previousOperationId":"dep902r9u561c2w"}
{"type":"log","timestamp":1701421141800,"level":"info","message":"Rendering request 28 finished in 215 ms","meta":{"rootId":"e04o1l99gruspip","id":"e04o1l99gruspip"},"id":"qtdky2e5v3buuva","previousOperationId":"dep902r9u561c2w"}
{"type":"operationEnd","subtype":"render","operationId":"ydts5br9j3hk6vp","timestamp":1701421141800,"id":"3bwc7vtet1zwqui","previousEventId":"x7xj9fxg33na8dl","previousOperationId":"dep902r9u561c2w"}
{"type":"operationEnd","doDiffs":false,"previousEventId":"sco7o72pv7n3t60","previousOperationId":"igqb54dwf88ahcn","operationId":"igqb54dwf88ahcn","timestamp":1701421141803,"id":"lduiuvw1lhswguu"}
