{"type":"operationStart","subtype":"profile","data":{"_id":"3SYY8zGd6RTVehzU","timestamp":"2023-11-21T11:01:17.090Z","state":"queued","mode":"standard","creationDate":"2023-11-21T11:01:17.093Z","modificationDate":"2023-11-21T11:01:17.093Z","shortid":"PNzrGLk","$entitySet":"profiles"},"doDiffs":false,"timestamp":1700564477093,"id":"1tqlmb278pme3oc","previousOperationId":null,"operationId":"8nvjtrn9p3x4d5m"}
{"type":"log","level":"info","message":"Render request 11 queued for execution and waiting for available worker","previousOperationId":"8nvjtrn9p3x4d5m","timestamp":1700564477093,"id":"2muwxuktohkikbo"}
{"type":"operationStart","subtype":"render","name":"index_poziv","previousOperationId":"8nvjtrn9p3x4d5m","timestamp":1700564477102,"id":"od6pzsrolhvl27x","previousEventId":"1tqlmb278pme3oc","operationId":"u1us379lgma8f4t"}
{"type":"log","timestamp":1700564477102,"level":"info","message":"Starting rendering request 11","meta":{"rootId":"eqr389arw4gf6lw","id":"eqr389arw4gf6lw"},"id":"1pfdzxnqbcpkhsd","previousOperationId":"u1us379lgma8f4t"}
{"type":"log","timestamp":1700564477102,"level":"info","message":"Rendering template { name: index_poziv, recipe: chrome-pdf, engine: handlebars, preview: true }","meta":{"rootId":"eqr389arw4gf6lw","id":"eqr389arw4gf6lw"},"id":"lggh3nvpfjsolm3","previousOperationId":"u1us379lgma8f4t"}
{"type":"log","timestamp":1700564477103,"level":"debug","message":"Adding sample data PrpCVp4aj","meta":{"rootId":"eqr389arw4gf6lw","id":"eqr389arw4gf6lw"},"id":"tgr88676m0wel73","previousOperationId":"u1us379lgma8f4t"}
{"type":"log","timestamp":1700564477108,"level":"debug","message":"Base url not specified, skipping its injection.","meta":{"rootId":"eqr389arw4gf6lw","id":"eqr389arw4gf6lw"},"id":"yu4yq54yrbk1ec1","previousOperationId":"u1us379lgma8f4t"}
{"type":"log","timestamp":1700564477112,"level":"debug","message":"Replaced assets [\"styles.css\"]","meta":{"rootId":"eqr389arw4gf6lw","id":"eqr389arw4gf6lw"},"id":"l0gt6wgy546u32q","previousOperationId":"u1us379lgma8f4t"}
{"type":"operationStart","subtype":"engine","name":"handlebars","timestamp":1700564477112,"id":"aw95enj365ugde0","previousEventId":"od6pzsrolhvl27x","operationId":"g4i27g1y6l489l2","previousOperationId":"u1us379lgma8f4t"}
{"type":"log","timestamp":1700564477112,"level":"debug","message":"Rendering engine handlebars","meta":{"rootId":"eqr389arw4gf6lw","id":"eqr389arw4gf6lw"},"id":"hyb5ellosddccgy","previousOperationId":"g4i27g1y6l489l2"}
{"type":"operationEnd","operationId":"g4i27g1y6l489l2","timestamp":1700564477126,"id":"hhu0ov5i8jx0oq5","previousEventId":"aw95enj365ugde0","previousOperationId":"g4i27g1y6l489l2"}
{"type":"operationStart","subtype":"recipe","name":"chrome-pdf","timestamp":1700564477126,"id":"c7knppp8rj7wlk3","previousEventId":"hhu0ov5i8jx0oq5","operationId":"g9q6sgqh4s0cpdg","previousOperationId":"g4i27g1y6l489l2"}
{"type":"log","timestamp":1700564477126,"level":"debug","message":"Executing recipe chrome-pdf","meta":{"rootId":"eqr389arw4gf6lw","id":"eqr389arw4gf6lw"},"id":"wwtg8mn1y5g5bco","previousOperationId":"g9q6sgqh4s0cpdg"}
{"type":"log","timestamp":1700564477128,"level":"debug","message":"Converting with chrome HeadlessChrome/117.0.5938.149 using chrome-pool strategy","meta":{"rootId":"eqr389arw4gf6lw","id":"eqr389arw4gf6lw"},"id":"xx5n52m2t0c7pm2","previousOperationId":"g9q6sgqh4s0cpdg"}
{"type":"log","timestamp":1700564477175,"level":"debug","message":"Page request: GET (document) file:///var/folders/dp/qk79pfcj0y1fmtkkl08m76rc0000gn/T/jsreport/autocleanup/e96b797a-72b3-47e2-9a1c-f2d210d9bfa3-chrome-pdf.html","meta":{"rootId":"eqr389arw4gf6lw","id":"eqr389arw4gf6lw"},"id":"jas603g9hbr7fiw","previousOperationId":"g9q6sgqh4s0cpdg"}
{"type":"log","timestamp":1700564477179,"level":"debug","message":"Page request finished: GET (document) 200 file:///var/folders/dp/qk79pfcj0y1fmtkkl08m76rc0000gn/T/jsreport/autocleanup/e96b797a-72b3-47e2-9a1c-f2d210d9bfa3-chrome-pdf.html","meta":{"rootId":"eqr389arw4gf6lw","id":"eqr389arw4gf6lw"},"id":"imhrahhvbqivdri","previousOperationId":"g9q6sgqh4s0cpdg"}
{"type":"log","timestamp":1700564477189,"level":"debug","message":"Running chrome with params {\"printBackground\":true,\"timeout\":59962,\"margin\":{}}","meta":{"rootId":"eqr389arw4gf6lw","id":"eqr389arw4gf6lw"},"id":"thutpu6r13ep9c0","previousOperationId":"g9q6sgqh4s0cpdg"}
{"type":"operationEnd","operationId":"g9q6sgqh4s0cpdg","timestamp":1700564477205,"id":"gl82oh2waq1sebs","previousEventId":"c7knppp8rj7wlk3","previousOperationId":"g9q6sgqh4s0cpdg"}
{"type":"log","timestamp":1700564477205,"level":"debug","message":"Skipping storing report.","meta":{"rootId":"eqr389arw4gf6lw","id":"eqr389arw4gf6lw"},"id":"7iz9gc1aik5vu0l","previousOperationId":"g9q6sgqh4s0cpdg"}
{"type":"log","timestamp":1700564477205,"level":"info","message":"Rendering request 11 finished in 116 ms","meta":{"rootId":"eqr389arw4gf6lw","id":"eqr389arw4gf6lw"},"id":"p98k1eeniaxuhof","previousOperationId":"g9q6sgqh4s0cpdg"}
{"type":"operationEnd","subtype":"render","operationId":"u1us379lgma8f4t","timestamp":1700564477205,"id":"afwgr5telid8x87","previousEventId":"gl82oh2waq1sebs","previousOperationId":"g9q6sgqh4s0cpdg"}
{"type":"operationEnd","doDiffs":false,"previousEventId":"1tqlmb278pme3oc","previousOperationId":"8nvjtrn9p3x4d5m","operationId":"8nvjtrn9p3x4d5m","timestamp":1700564477207,"id":"ok76bkya5zuntgd"}
