{"type":"operationStart","subtype":"profile","data":{"_id":"VXWxiD5VxQPeBqvG","timestamp":"2023-12-01T09:12:33.204Z","state":"queued","mode":"standard","creationDate":"2023-12-01T09:12:33.206Z","modificationDate":"2023-12-01T09:12:33.206Z","shortid":"bkTMTwS","$entitySet":"profiles"},"doDiffs":false,"timestamp":1701421953205,"id":"rnbu2i04y92swsg","previousOperationId":null,"operationId":"yp5br5vx667r92y"}
{"type":"log","level":"info","message":"Render request 37 queued for execution and waiting for available worker","previousOperationId":"yp5br5vx667r92y","timestamp":1701421953205,"id":"d4uj5um80yxiz73"}
{"type":"operationStart","subtype":"render","name":"index_poziv","previousOperationId":"yp5br5vx667r92y","timestamp":1701421953213,"id":"5zfmbqndjgw3qyq","previousEventId":"rnbu2i04y92swsg","operationId":"ekvmunl0115rlyh"}
{"type":"log","timestamp":1701421953213,"level":"info","message":"Starting rendering request 37","meta":{"rootId":"f8pikuhsrr61gs1","id":"f8pikuhsrr61gs1"},"id":"go86dwcs1u02uwt","previousOperationId":"ekvmunl0115rlyh"}
{"type":"log","timestamp":1701421953214,"level":"info","message":"Rendering template { name: index_poziv, recipe: chrome-pdf, engine: handlebars, preview: true }","meta":{"rootId":"f8pikuhsrr61gs1","id":"f8pikuhsrr61gs1"},"id":"xcueq1za5bx2izm","previousOperationId":"ekvmunl0115rlyh"}
{"type":"log","timestamp":1701421953214,"level":"debug","message":"Inline data specified.","meta":{"rootId":"f8pikuhsrr61gs1","id":"f8pikuhsrr61gs1"},"id":"swq2ly6r3u9qk31","previousOperationId":"ekvmunl0115rlyh"}
{"type":"log","timestamp":1701421953218,"level":"debug","message":"Base url not specified, skipping its injection.","meta":{"rootId":"f8pikuhsrr61gs1","id":"f8pikuhsrr61gs1"},"id":"p8sodvqvaimhgms","previousOperationId":"ekvmunl0115rlyh"}
{"type":"log","timestamp":1701421953222,"level":"debug","message":"Replaced assets [\"styles.css\"]","meta":{"rootId":"f8pikuhsrr61gs1","id":"f8pikuhsrr61gs1"},"id":"qoly6tsf7006ilk","previousOperationId":"ekvmunl0115rlyh"}
{"type":"operationStart","subtype":"engine","name":"handlebars","timestamp":1701421953223,"id":"1ny9utcp9wjkw9t","previousEventId":"5zfmbqndjgw3qyq","operationId":"78gt75wr0sg5j2x","previousOperationId":"ekvmunl0115rlyh"}
{"type":"log","timestamp":1701421953223,"level":"debug","message":"Rendering engine handlebars","meta":{"rootId":"f8pikuhsrr61gs1","id":"f8pikuhsrr61gs1"},"id":"jwjk5j3tgxzy80y","previousOperationId":"78gt75wr0sg5j2x"}
{"type":"operationEnd","operationId":"78gt75wr0sg5j2x","timestamp":1701421953244,"id":"nmd9iq1wt9r0xjc","previousEventId":"1ny9utcp9wjkw9t","previousOperationId":"78gt75wr0sg5j2x"}
{"type":"operationStart","subtype":"recipe","name":"chrome-pdf","timestamp":1701421953244,"id":"xwph3a75h6eyblv","previousEventId":"nmd9iq1wt9r0xjc","operationId":"6d2jb90c725r73z","previousOperationId":"78gt75wr0sg5j2x"}
{"type":"log","timestamp":1701421953244,"level":"debug","message":"Executing recipe chrome-pdf","meta":{"rootId":"f8pikuhsrr61gs1","id":"f8pikuhsrr61gs1"},"id":"glasauyk5ar6lel","previousOperationId":"6d2jb90c725r73z"}
{"type":"log","timestamp":1701421953246,"level":"debug","message":"Converting with chrome HeadlessChrome/117.0.5938.149 using chrome-pool strategy","meta":{"rootId":"f8pikuhsrr61gs1","id":"f8pikuhsrr61gs1"},"id":"ooiobvhygokwwqz","previousOperationId":"6d2jb90c725r73z"}
{"type":"log","timestamp":1701421953291,"level":"debug","message":"Page request: GET (document) file:///var/folders/dp/qk79pfcj0y1fmtkkl08m76rc0000gn/T/jsreport/autocleanup/6025375a-833e-495c-9d0e-cba6bef3ee91-chrome-pdf.html","meta":{"rootId":"f8pikuhsrr61gs1","id":"f8pikuhsrr61gs1"},"id":"52f0jeqrpofgyp9","previousOperationId":"6d2jb90c725r73z"}
{"type":"log","timestamp":1701421953296,"level":"debug","message":"Page request finished: GET (document) 200 file:///var/folders/dp/qk79pfcj0y1fmtkkl08m76rc0000gn/T/jsreport/autocleanup/6025375a-833e-495c-9d0e-cba6bef3ee91-chrome-pdf.html","meta":{"rootId":"f8pikuhsrr61gs1","id":"f8pikuhsrr61gs1"},"id":"3jr3qt8pua9tgq1","previousOperationId":"6d2jb90c725r73z"}
{"type":"log","timestamp":1701421953308,"level":"debug","message":"Running chrome with params {\"printBackground\":true,\"marginTop\":\"2cm\",\"marginBottom\":\"2cm\",\"timeout\":59959,\"margin\":{\"top\":\"2cm\",\"bottom\":\"2cm\"}}","meta":{"rootId":"f8pikuhsrr61gs1","id":"f8pikuhsrr61gs1"},"id":"wj7w6cydf17c2ja","previousOperationId":"6d2jb90c725r73z"}
{"type":"operationEnd","operationId":"6d2jb90c725r73z","timestamp":1701421953329,"id":"r4khwd85z1qycvn","previousEventId":"xwph3a75h6eyblv","previousOperationId":"6d2jb90c725r73z"}
{"type":"log","timestamp":1701421953329,"level":"info","message":"pdf-utils is starting pdf processing","meta":{"rootId":"f8pikuhsrr61gs1","id":"f8pikuhsrr61gs1"},"id":"5onzo2qr94sy5vd","previousOperationId":"6d2jb90c725r73z"}
{"type":"operationStart","subtype":"pdfUtils","name":"pdf utils","timestamp":1701421953329,"id":"mg0q19s2cklgoq7","previousEventId":"r4khwd85z1qycvn","operationId":"boai5yxgca2v9ip","previousOperationId":"6d2jb90c725r73z"}
{"type":"log","timestamp":1701421953329,"level":"debug","message":"pdf-utils detected 1 pdf operation(s) to process","meta":{"rootId":"f8pikuhsrr61gs1","id":"f8pikuhsrr61gs1"},"id":"z7yemy8rzb78eno","previousOperationId":"boai5yxgca2v9ip"}
{"type":"log","timestamp":1701421953351,"level":"debug","message":"pdf-utils running pdf operation merge","meta":{"rootId":"f8pikuhsrr61gs1","id":"f8pikuhsrr61gs1"},"id":"8cq6iwsmbvkr9x3","previousOperationId":"boai5yxgca2v9ip"}
{"type":"operationStart","subtype":"pdfUtilsMerge","name":"pdf utils merge","previousOperationId":"boai5yxgca2v9ip","timestamp":1701421953351,"id":"dn01co2rgnzc91y","previousEventId":"mg0q19s2cklgoq7","operationId":"rhtijd7b9pav9ul"}
{"type":"operationStart","subtype":"render","name":"header-footer","previousOperationId":"rhtijd7b9pav9ul","timestamp":1701421953351,"id":"4sgd4tx2vkypng7","previousEventId":"dn01co2rgnzc91y","operationId":"sbie7ob9k7aco9o"}
{"type":"log","timestamp":1701421953351,"level":"info","message":"Starting rendering (child) request","meta":{"rootId":"f8pikuhsrr61gs1","id":"1zs8of5iuq6dmd7"},"id":"ihisotqp0mbg53v","previousOperationId":"sbie7ob9k7aco9o"}
{"type":"log","timestamp":1701421953351,"level":"info","message":"Rendering template { name: header-footer, recipe: chrome-pdf, engine: handlebars, preview: true }","meta":{"rootId":"f8pikuhsrr61gs1","id":"1zs8of5iuq6dmd7"},"id":"3zbval7wosbe87q","previousOperationId":"sbie7ob9k7aco9o"}
{"type":"log","timestamp":1701421953351,"level":"debug","message":"Inline data specified.","meta":{"rootId":"f8pikuhsrr61gs1","id":"1zs8of5iuq6dmd7"},"id":"51x094pu3lumq02","previousOperationId":"sbie7ob9k7aco9o"}
{"type":"log","timestamp":1701421953352,"level":"debug","message":"Base url not specified, skipping its injection.","meta":{"rootId":"f8pikuhsrr61gs1","id":"1zs8of5iuq6dmd7"},"id":"z5r55g0m9ucujd9","previousOperationId":"sbie7ob9k7aco9o"}
{"type":"operationStart","subtype":"engine","name":"handlebars","timestamp":1701421953352,"id":"a5y3a2shuspwwpx","previousEventId":"4sgd4tx2vkypng7","operationId":"8oz682s811ie0qw","previousOperationId":"sbie7ob9k7aco9o"}
{"type":"log","timestamp":1701421953352,"level":"debug","message":"Rendering engine handlebars","meta":{"rootId":"f8pikuhsrr61gs1","id":"1zs8of5iuq6dmd7"},"id":"4s8391yuvyryzxh","previousOperationId":"8oz682s811ie0qw"}
{"type":"operationEnd","operationId":"8oz682s811ie0qw","timestamp":1701421953355,"id":"0vz9l8a67mp6wii","previousEventId":"a5y3a2shuspwwpx","previousOperationId":"8oz682s811ie0qw"}
{"type":"operationStart","subtype":"recipe","name":"chrome-pdf","timestamp":1701421953355,"id":"gqz91oqfrg81ni8","previousEventId":"0vz9l8a67mp6wii","operationId":"eqc714kz8d8uicl","previousOperationId":"8oz682s811ie0qw"}
{"type":"log","timestamp":1701421953355,"level":"debug","message":"Executing recipe chrome-pdf","meta":{"rootId":"f8pikuhsrr61gs1","id":"1zs8of5iuq6dmd7"},"id":"mnrqrp1b6531bid","previousOperationId":"eqc714kz8d8uicl"}
{"type":"log","timestamp":1701421953356,"level":"debug","message":"Converting with chrome HeadlessChrome/117.0.5938.149 using chrome-pool strategy","meta":{"rootId":"f8pikuhsrr61gs1","id":"1zs8of5iuq6dmd7"},"id":"1qvnr5496c432u8","previousOperationId":"eqc714kz8d8uicl"}
{"type":"log","timestamp":1701421953394,"level":"debug","message":"Page request: GET (document) file:///var/folders/dp/qk79pfcj0y1fmtkkl08m76rc0000gn/T/jsreport/autocleanup/771f17b8-d75c-465e-b30f-afdcb3875660-chrome-pdf.html","meta":{"rootId":"f8pikuhsrr61gs1","id":"1zs8of5iuq6dmd7"},"id":"eai10w8uniarxuk","previousOperationId":"eqc714kz8d8uicl"}
{"type":"log","timestamp":1701421953399,"level":"debug","message":"Page request finished: GET (document) 200 file:///var/folders/dp/qk79pfcj0y1fmtkkl08m76rc0000gn/T/jsreport/autocleanup/771f17b8-d75c-465e-b30f-afdcb3875660-chrome-pdf.html","meta":{"rootId":"f8pikuhsrr61gs1","id":"1zs8of5iuq6dmd7"},"id":"lamfzav1jchl2nn","previousOperationId":"eqc714kz8d8uicl"}
{"type":"log","timestamp":1701421953405,"level":"debug","message":"Running chrome with params {\"timeout\":59848,\"margin\":{},\"printBackground\":true}","meta":{"rootId":"f8pikuhsrr61gs1","id":"1zs8of5iuq6dmd7"},"id":"ci7785hlhnqi4du","previousOperationId":"eqc714kz8d8uicl"}
{"type":"operationEnd","operationId":"eqc714kz8d8uicl","timestamp":1701421953411,"id":"caiauatv7e4zxub","previousEventId":"gqz91oqfrg81ni8","previousOperationId":"eqc714kz8d8uicl"}
{"type":"log","timestamp":1701421953411,"level":"debug","message":"Skipping storing report.","meta":{"rootId":"f8pikuhsrr61gs1","id":"1zs8of5iuq6dmd7"},"id":"xveaidt0dl491dr","previousOperationId":"eqc714kz8d8uicl"}
{"type":"log","timestamp":1701421953412,"level":"info","message":"Rendering (child) request finished in 208 ms","meta":{"rootId":"f8pikuhsrr61gs1","id":"1zs8of5iuq6dmd7"},"id":"qzmkcabo2y14qam","previousOperationId":"eqc714kz8d8uicl"}
{"type":"operationEnd","subtype":"render","operationId":"sbie7ob9k7aco9o","timestamp":1701421953412,"id":"4jwm9r9m1g60xvq","previousEventId":"caiauatv7e4zxub","previousOperationId":"eqc714kz8d8uicl"}
{"type":"operationEnd","operationId":"rhtijd7b9pav9ul","timestamp":1701421953416,"id":"9k66rku2xbwvafc","previousEventId":"dn01co2rgnzc91y","previousOperationId":"rhtijd7b9pav9ul"}
{"type":"log","timestamp":1701421953416,"level":"debug","message":"pdf-utils postproces start","meta":{"rootId":"f8pikuhsrr61gs1","id":"f8pikuhsrr61gs1"},"id":"v0a6tn9s2qmvlst","previousOperationId":"rhtijd7b9pav9ul"}
{"type":"log","timestamp":1701421953423,"level":"debug","message":"pdf-utils postproces end","meta":{"rootId":"f8pikuhsrr61gs1","id":"f8pikuhsrr61gs1"},"id":"frk6d6d6ijxqqbx","previousOperationId":"rhtijd7b9pav9ul"}
{"type":"operationEnd","operationId":"boai5yxgca2v9ip","timestamp":1701421953423,"id":"8hjz9gj677vbsln","previousEventId":"9k66rku2xbwvafc","previousOperationId":"rhtijd7b9pav9ul"}
{"type":"log","timestamp":1701421953423,"level":"info","message":"pdf-utils pdf processing was finished","meta":{"rootId":"f8pikuhsrr61gs1","id":"f8pikuhsrr61gs1"},"id":"3nsqwebx6nzqu3h","previousOperationId":"boai5yxgca2v9ip"}
{"type":"log","timestamp":1701421953423,"level":"debug","message":"Skipping storing report.","meta":{"rootId":"f8pikuhsrr61gs1","id":"f8pikuhsrr61gs1"},"id":"hkmhc7e1gk4ilbk","previousOperationId":"boai5yxgca2v9ip"}
{"type":"log","timestamp":1701421953423,"level":"info","message":"Rendering request 37 finished in 219 ms","meta":{"rootId":"f8pikuhsrr61gs1","id":"f8pikuhsrr61gs1"},"id":"wfbc73lyeq27ns1","previousOperationId":"boai5yxgca2v9ip"}
{"type":"operationEnd","subtype":"render","operationId":"ekvmunl0115rlyh","timestamp":1701421953423,"id":"nolapjs80q9f3fi","previousEventId":"8hjz9gj677vbsln","previousOperationId":"boai5yxgca2v9ip"}
{"type":"operationEnd","doDiffs":false,"previousEventId":"rnbu2i04y92swsg","previousOperationId":"yp5br5vx667r92y","operationId":"yp5br5vx667r92y","timestamp":1701421953426,"id":"rpzxqfbs569vcgk"}
