{"type":"operationStart","subtype":"profile","data":{"_id":"ky4NNkniibdndjBz","timestamp":"2023-12-01T09:09:30.666Z","state":"queued","mode":"standard","creationDate":"2023-12-01T09:09:30.667Z","modificationDate":"2023-12-01T09:09:30.667Z","shortid":"iBDCKL6","$entitySet":"profiles"},"doDiffs":false,"timestamp":1701421770666,"id":"jm499pi6s5622da","previousOperationId":null,"operationId":"beibdanjoi80n17"}
{"type":"log","level":"info","message":"Render request 34 queued for execution and waiting for available worker","previousOperationId":"beibdanjoi80n17","timestamp":1701421770666,"id":"aughsjl5eqg520p"}
{"type":"operationStart","subtype":"render","name":"index_poziv","previousOperationId":"beibdanjoi80n17","timestamp":1701421770675,"id":"2wjhl84b3fimadh","previousEventId":"jm499pi6s5622da","operationId":"kmz0ls1y012dufw"}
{"type":"log","timestamp":1701421770675,"level":"info","message":"Starting rendering request 34","meta":{"rootId":"gxni69es37okrrv","id":"gxni69es37okrrv"},"id":"grmhqucmzcca3hw","previousOperationId":"kmz0ls1y012dufw"}
{"type":"log","timestamp":1701421770676,"level":"info","message":"Rendering template { name: index_poziv, recipe: chrome-pdf, engine: handlebars, preview: true }","meta":{"rootId":"gxni69es37okrrv","id":"gxni69es37okrrv"},"id":"rqjbqjdinnilau2","previousOperationId":"kmz0ls1y012dufw"}
{"type":"log","timestamp":1701421770679,"level":"debug","message":"Inline data specified.","meta":{"rootId":"gxni69es37okrrv","id":"gxni69es37okrrv"},"id":"qkbkv0vb80ksu32","previousOperationId":"kmz0ls1y012dufw"}
{"type":"log","timestamp":1701421770682,"level":"debug","message":"Base url not specified, skipping its injection.","meta":{"rootId":"gxni69es37okrrv","id":"gxni69es37okrrv"},"id":"fpp0cjs2s15ymyk","previousOperationId":"kmz0ls1y012dufw"}
{"type":"log","timestamp":1701421770684,"level":"debug","message":"Replaced assets [\"styles.css\"]","meta":{"rootId":"gxni69es37okrrv","id":"gxni69es37okrrv"},"id":"saqejavuupevcee","previousOperationId":"kmz0ls1y012dufw"}
{"type":"operationStart","subtype":"engine","name":"handlebars","timestamp":1701421770684,"id":"atprkueg6bcwnn6","previousEventId":"2wjhl84b3fimadh","operationId":"55fnhpgxrm5gnm5","previousOperationId":"kmz0ls1y012dufw"}
{"type":"log","timestamp":1701421770684,"level":"debug","message":"Rendering engine handlebars","meta":{"rootId":"gxni69es37okrrv","id":"gxni69es37okrrv"},"id":"e044rlc1tk8jbhm","previousOperationId":"55fnhpgxrm5gnm5"}
{"type":"operationEnd","operationId":"55fnhpgxrm5gnm5","timestamp":1701421770708,"id":"oyqxc4kztojxy5b","previousEventId":"atprkueg6bcwnn6","previousOperationId":"55fnhpgxrm5gnm5"}
{"type":"operationStart","subtype":"recipe","name":"chrome-pdf","timestamp":1701421770709,"id":"ro17q74gnwl5f0d","previousEventId":"oyqxc4kztojxy5b","operationId":"cm44a15a744skyf","previousOperationId":"55fnhpgxrm5gnm5"}
{"type":"log","timestamp":1701421770709,"level":"debug","message":"Executing recipe chrome-pdf","meta":{"rootId":"gxni69es37okrrv","id":"gxni69es37okrrv"},"id":"d4nfwmdegi48ifg","previousOperationId":"cm44a15a744skyf"}
{"type":"log","timestamp":1701421770710,"level":"debug","message":"Converting with chrome HeadlessChrome/117.0.5938.149 using chrome-pool strategy","meta":{"rootId":"gxni69es37okrrv","id":"gxni69es37okrrv"},"id":"obsn718jhxx9n88","previousOperationId":"cm44a15a744skyf"}
{"type":"log","timestamp":1701421770756,"level":"debug","message":"Page request: GET (document) file:///var/folders/dp/qk79pfcj0y1fmtkkl08m76rc0000gn/T/jsreport/autocleanup/4854cc4a-e85c-4583-a99e-a74b5150a293-chrome-pdf.html","meta":{"rootId":"gxni69es37okrrv","id":"gxni69es37okrrv"},"id":"cpu36lvwqsji64s","previousOperationId":"cm44a15a744skyf"}
{"type":"log","timestamp":1701421770760,"level":"debug","message":"Page request finished: GET (document) 200 file:///var/folders/dp/qk79pfcj0y1fmtkkl08m76rc0000gn/T/jsreport/autocleanup/4854cc4a-e85c-4583-a99e-a74b5150a293-chrome-pdf.html","meta":{"rootId":"gxni69es37okrrv","id":"gxni69es37okrrv"},"id":"xxx6bzw65tlp391","previousOperationId":"cm44a15a744skyf"}
{"type":"log","timestamp":1701421770771,"level":"debug","message":"Running chrome with params {\"printBackground\":true,\"marginTop\":\"2cm\",\"marginBottom\":\"2cm\",\"timeout\":59956,\"margin\":{\"top\":\"2cm\",\"bottom\":\"2cm\"}}","meta":{"rootId":"gxni69es37okrrv","id":"gxni69es37okrrv"},"id":"6dg6xjggaf6jb8k","previousOperationId":"cm44a15a744skyf"}
{"type":"operationEnd","operationId":"cm44a15a744skyf","timestamp":1701421770792,"id":"w4um3pc9a7ouk5u","previousEventId":"ro17q74gnwl5f0d","previousOperationId":"cm44a15a744skyf"}
{"type":"log","timestamp":1701421770793,"level":"info","message":"pdf-utils is starting pdf processing","meta":{"rootId":"gxni69es37okrrv","id":"gxni69es37okrrv"},"id":"y531qfjabfohzpq","previousOperationId":"cm44a15a744skyf"}
{"type":"operationStart","subtype":"pdfUtils","name":"pdf utils","timestamp":1701421770793,"id":"yjjz3tff2cbovjb","previousEventId":"w4um3pc9a7ouk5u","operationId":"12i19e82e4jkz61","previousOperationId":"cm44a15a744skyf"}
{"type":"log","timestamp":1701421770793,"level":"debug","message":"pdf-utils detected 1 pdf operation(s) to process","meta":{"rootId":"gxni69es37okrrv","id":"gxni69es37okrrv"},"id":"exadz44bpr0ojlk","previousOperationId":"12i19e82e4jkz61"}
{"type":"log","timestamp":1701421770824,"level":"debug","message":"pdf-utils running pdf operation merge","meta":{"rootId":"gxni69es37okrrv","id":"gxni69es37okrrv"},"id":"7lrwnxyl5ks3ko5","previousOperationId":"12i19e82e4jkz61"}
{"type":"operationStart","subtype":"pdfUtilsMerge","name":"pdf utils merge","previousOperationId":"12i19e82e4jkz61","timestamp":1701421770824,"id":"okeln7p8q0ohkuu","previousEventId":"yjjz3tff2cbovjb","operationId":"fmeykcj51e39mxh"}
{"type":"operationStart","subtype":"render","name":"header-footer","previousOperationId":"fmeykcj51e39mxh","timestamp":1701421770825,"id":"3faqsce1n14y6dl","previousEventId":"okeln7p8q0ohkuu","operationId":"rxq48h8k2qed35u"}
{"type":"log","timestamp":1701421770825,"level":"info","message":"Starting rendering (child) request","meta":{"rootId":"gxni69es37okrrv","id":"26ksuwrcqg043mk"},"id":"bzngy5j41g0l9xf","previousOperationId":"rxq48h8k2qed35u"}
{"type":"log","timestamp":1701421770825,"level":"info","message":"Rendering template { name: header-footer, recipe: chrome-pdf, engine: handlebars, preview: true }","meta":{"rootId":"gxni69es37okrrv","id":"26ksuwrcqg043mk"},"id":"veuvo4n3bm9gvj1","previousOperationId":"rxq48h8k2qed35u"}
{"type":"log","timestamp":1701421770825,"level":"debug","message":"Inline data specified.","meta":{"rootId":"gxni69es37okrrv","id":"26ksuwrcqg043mk"},"id":"zplzf4ggswiop9u","previousOperationId":"rxq48h8k2qed35u"}
{"type":"log","timestamp":1701421770825,"level":"debug","message":"Base url not specified, skipping its injection.","meta":{"rootId":"gxni69es37okrrv","id":"26ksuwrcqg043mk"},"id":"1behqhxbvrszgjg","previousOperationId":"rxq48h8k2qed35u"}
{"type":"operationStart","subtype":"engine","name":"handlebars","timestamp":1701421770825,"id":"cv3zcmk0wmsyign","previousEventId":"3faqsce1n14y6dl","operationId":"4mhftcvidguun50","previousOperationId":"rxq48h8k2qed35u"}
{"type":"log","timestamp":1701421770825,"level":"debug","message":"Rendering engine handlebars","meta":{"rootId":"gxni69es37okrrv","id":"26ksuwrcqg043mk"},"id":"cr3b64qmexnmzga","previousOperationId":"4mhftcvidguun50"}
{"type":"operationEnd","operationId":"4mhftcvidguun50","timestamp":1701421770829,"id":"pp5zt1p4hcpr3pm","previousEventId":"cv3zcmk0wmsyign","previousOperationId":"4mhftcvidguun50"}
{"type":"operationStart","subtype":"recipe","name":"chrome-pdf","timestamp":1701421770829,"id":"ta746i9twgtvua5","previousEventId":"pp5zt1p4hcpr3pm","operationId":"h8p3lkb88plm5yq","previousOperationId":"4mhftcvidguun50"}
{"type":"log","timestamp":1701421770829,"level":"debug","message":"Executing recipe chrome-pdf","meta":{"rootId":"gxni69es37okrrv","id":"26ksuwrcqg043mk"},"id":"9dcon6s0fch9x0q","previousOperationId":"h8p3lkb88plm5yq"}
{"type":"log","timestamp":1701421770829,"level":"debug","message":"Converting with chrome HeadlessChrome/117.0.5938.149 using chrome-pool strategy","meta":{"rootId":"gxni69es37okrrv","id":"26ksuwrcqg043mk"},"id":"1wj25mw8w4rbzoj","previousOperationId":"h8p3lkb88plm5yq"}
{"type":"log","timestamp":1701421770869,"level":"debug","message":"Page request: GET (document) file:///var/folders/dp/qk79pfcj0y1fmtkkl08m76rc0000gn/T/jsreport/autocleanup/8e089d72-0881-4cdc-b9e2-72c1c47b2673-chrome-pdf.html","meta":{"rootId":"gxni69es37okrrv","id":"26ksuwrcqg043mk"},"id":"zn2abojk3yeax86","previousOperationId":"h8p3lkb88plm5yq"}
{"type":"log","timestamp":1701421770874,"level":"debug","message":"Page request finished: GET (document) 200 file:///var/folders/dp/qk79pfcj0y1fmtkkl08m76rc0000gn/T/jsreport/autocleanup/8e089d72-0881-4cdc-b9e2-72c1c47b2673-chrome-pdf.html","meta":{"rootId":"gxni69es37okrrv","id":"26ksuwrcqg043mk"},"id":"909er2gbdzc1jaj","previousOperationId":"h8p3lkb88plm5yq"}
{"type":"log","timestamp":1701421770882,"level":"debug","message":"Running chrome with params {\"timeout\":59837,\"margin\":{},\"printBackground\":true}","meta":{"rootId":"gxni69es37okrrv","id":"26ksuwrcqg043mk"},"id":"7ze47jn35a2686g","previousOperationId":"h8p3lkb88plm5yq"}
{"type":"operationEnd","operationId":"h8p3lkb88plm5yq","timestamp":1701421770888,"id":"ndftnozbqa8cjsr","previousEventId":"ta746i9twgtvua5","previousOperationId":"h8p3lkb88plm5yq"}
{"type":"log","timestamp":1701421770888,"level":"debug","message":"Skipping storing report.","meta":{"rootId":"gxni69es37okrrv","id":"26ksuwrcqg043mk"},"id":"ke929oy6toptnzm","previousOperationId":"h8p3lkb88plm5yq"}
{"type":"log","timestamp":1701421770888,"level":"info","message":"Rendering (child) request finished in 222 ms","meta":{"rootId":"gxni69es37okrrv","id":"26ksuwrcqg043mk"},"id":"01bkrqb51fkpx0w","previousOperationId":"h8p3lkb88plm5yq"}
{"type":"operationEnd","subtype":"render","operationId":"rxq48h8k2qed35u","timestamp":1701421770888,"id":"heiv0oqxs43cmrf","previousEventId":"ndftnozbqa8cjsr","previousOperationId":"h8p3lkb88plm5yq"}
{"type":"operationEnd","operationId":"fmeykcj51e39mxh","timestamp":1701421770895,"id":"vqvitht36sjq5lr","previousEventId":"okeln7p8q0ohkuu","previousOperationId":"fmeykcj51e39mxh"}
{"type":"log","timestamp":1701421770895,"level":"debug","message":"pdf-utils postproces start","meta":{"rootId":"gxni69es37okrrv","id":"gxni69es37okrrv"},"id":"f0ldmaulgu6pvu6","previousOperationId":"fmeykcj51e39mxh"}
{"type":"log","timestamp":1701421770904,"level":"debug","message":"pdf-utils postproces end","meta":{"rootId":"gxni69es37okrrv","id":"gxni69es37okrrv"},"id":"2qd7zasmxo2sn27","previousOperationId":"fmeykcj51e39mxh"}
{"type":"operationEnd","operationId":"12i19e82e4jkz61","timestamp":1701421770904,"id":"fby7cfnr3j8r91l","previousEventId":"vqvitht36sjq5lr","previousOperationId":"fmeykcj51e39mxh"}
{"type":"log","timestamp":1701421770904,"level":"info","message":"pdf-utils pdf processing was finished","meta":{"rootId":"gxni69es37okrrv","id":"gxni69es37okrrv"},"id":"s0p083iy3euu0kc","previousOperationId":"12i19e82e4jkz61"}
{"type":"log","timestamp":1701421770904,"level":"debug","message":"Skipping storing report.","meta":{"rootId":"gxni69es37okrrv","id":"gxni69es37okrrv"},"id":"a7mdvcb0oep7ye4","previousOperationId":"12i19e82e4jkz61"}
{"type":"log","timestamp":1701421770904,"level":"info","message":"Rendering request 34 finished in 238 ms","meta":{"rootId":"gxni69es37okrrv","id":"gxni69es37okrrv"},"id":"8par4tuyqllyhwv","previousOperationId":"12i19e82e4jkz61"}
{"type":"operationEnd","subtype":"render","operationId":"kmz0ls1y012dufw","timestamp":1701421770904,"id":"6ogzie4owcw5pbg","previousEventId":"fby7cfnr3j8r91l","previousOperationId":"12i19e82e4jkz61"}
{"type":"operationEnd","doDiffs":false,"previousEventId":"jm499pi6s5622da","previousOperationId":"beibdanjoi80n17","operationId":"beibdanjoi80n17","timestamp":1701421770906,"id":"zpznjy9k2rf7vzx"}
