{"type":"operationStart","subtype":"profile","data":{"_id":"C2sJAHd4fF89zeN6","timestamp":"2023-11-21T11:52:00.603Z","state":"queued","mode":"standard","creationDate":"2023-11-21T11:52:00.605Z","modificationDate":"2023-11-21T11:52:00.605Z","shortid":"2oxVtq_","$entitySet":"profiles"},"doDiffs":false,"timestamp":1700567520604,"id":"hj4x1akg2b6ivh7","previousOperationId":null,"operationId":"08ytxsnb73g6l6h"}
{"type":"log","level":"info","message":"Render request 30 queued for execution and waiting for available worker","previousOperationId":"08ytxsnb73g6l6h","timestamp":1700567520604,"id":"iwsh3cqfwgt1tii"}
{"type":"operationStart","subtype":"render","name":"index_poziv","previousOperationId":"08ytxsnb73g6l6h","timestamp":1700567520621,"id":"z859m1uo0dv89lo","previousEventId":"hj4x1akg2b6ivh7","operationId":"rf3njzn1nagkj0k"}
{"type":"log","timestamp":1700567520621,"level":"info","message":"Starting rendering request 30","meta":{"rootId":"hbm42azhu0xs2zi","id":"hbm42azhu0xs2zi"},"id":"ree8qqw8qcs75ro","previousOperationId":"rf3njzn1nagkj0k"}
{"type":"log","timestamp":1700567520621,"level":"info","message":"Rendering template { name: index_poziv, recipe: chrome-pdf, engine: handlebars, preview: true }","meta":{"rootId":"hbm42azhu0xs2zi","id":"hbm42azhu0xs2zi"},"id":"fi1v8aplrcgbwcx","previousOperationId":"rf3njzn1nagkj0k"}
{"type":"log","timestamp":1700567520622,"level":"debug","message":"Inline data specified.","meta":{"rootId":"hbm42azhu0xs2zi","id":"hbm42azhu0xs2zi"},"id":"ulzcidj2j61kuki","previousOperationId":"rf3njzn1nagkj0k"}
{"type":"log","timestamp":1700567520625,"level":"debug","message":"Base url not specified, skipping its injection.","meta":{"rootId":"hbm42azhu0xs2zi","id":"hbm42azhu0xs2zi"},"id":"gaikd4jaabyyqs9","previousOperationId":"rf3njzn1nagkj0k"}
{"type":"log","timestamp":1700567520629,"level":"debug","message":"Replaced assets [\"styles.css\"]","meta":{"rootId":"hbm42azhu0xs2zi","id":"hbm42azhu0xs2zi"},"id":"chrlz3rdiwhb4e0","previousOperationId":"rf3njzn1nagkj0k"}
{"type":"operationStart","subtype":"engine","name":"handlebars","timestamp":1700567520631,"id":"nagqrdhzr8z3rgn","previousEventId":"z859m1uo0dv89lo","operationId":"z8aju8051sebejk","previousOperationId":"rf3njzn1nagkj0k"}
{"type":"log","timestamp":1700567520631,"level":"debug","message":"Rendering engine handlebars","meta":{"rootId":"hbm42azhu0xs2zi","id":"hbm42azhu0xs2zi"},"id":"837h6svt98wojky","previousOperationId":"z8aju8051sebejk"}
{"type":"operationEnd","operationId":"z8aju8051sebejk","timestamp":1700567520643,"id":"949pha8g4yzryr9","previousEventId":"nagqrdhzr8z3rgn","previousOperationId":"z8aju8051sebejk"}
{"type":"operationStart","subtype":"recipe","name":"chrome-pdf","timestamp":1700567520643,"id":"3pc2jihml260eiz","previousEventId":"949pha8g4yzryr9","operationId":"v4rwoau5151pilf","previousOperationId":"z8aju8051sebejk"}
{"type":"log","timestamp":1700567520643,"level":"debug","message":"Executing recipe chrome-pdf","meta":{"rootId":"hbm42azhu0xs2zi","id":"hbm42azhu0xs2zi"},"id":"cryuhjw4rkoxxis","previousOperationId":"v4rwoau5151pilf"}
{"type":"log","timestamp":1700567520645,"level":"debug","message":"Converting with chrome HeadlessChrome/117.0.5938.149 using chrome-pool strategy","meta":{"rootId":"hbm42azhu0xs2zi","id":"hbm42azhu0xs2zi"},"id":"1ca00m29ijio4km","previousOperationId":"v4rwoau5151pilf"}
{"type":"log","timestamp":1700567520701,"level":"debug","message":"Page request: GET (document) file:///var/folders/dp/qk79pfcj0y1fmtkkl08m76rc0000gn/T/jsreport/autocleanup/90e68491-ec7b-4d23-a3ab-047069deb863-chrome-pdf.html","meta":{"rootId":"hbm42azhu0xs2zi","id":"hbm42azhu0xs2zi"},"id":"c4uyqunaev54mfz","previousOperationId":"v4rwoau5151pilf"}
{"type":"log","timestamp":1700567520706,"level":"debug","message":"Page request finished: GET (document) 200 file:///var/folders/dp/qk79pfcj0y1fmtkkl08m76rc0000gn/T/jsreport/autocleanup/90e68491-ec7b-4d23-a3ab-047069deb863-chrome-pdf.html","meta":{"rootId":"hbm42azhu0xs2zi","id":"hbm42azhu0xs2zi"},"id":"2whfj54wbc9xer2","previousOperationId":"v4rwoau5151pilf"}
{"type":"log","timestamp":1700567520717,"level":"debug","message":"Running chrome with params {\"printBackground\":true,\"marginTop\":\"2cm\",\"marginBottom\":\"2cm\",\"timeout\":59958,\"margin\":{\"top\":\"2cm\",\"bottom\":\"2cm\"}}","meta":{"rootId":"hbm42azhu0xs2zi","id":"hbm42azhu0xs2zi"},"id":"3ndnk8jwk1hypdr","previousOperationId":"v4rwoau5151pilf"}
{"type":"operationEnd","operationId":"v4rwoau5151pilf","timestamp":1700567520735,"id":"n21c6gsn8mh8zbm","previousEventId":"3pc2jihml260eiz","previousOperationId":"v4rwoau5151pilf"}
{"type":"log","timestamp":1700567520735,"level":"info","message":"pdf-utils is starting pdf processing","meta":{"rootId":"hbm42azhu0xs2zi","id":"hbm42azhu0xs2zi"},"id":"dbe61pyz2nvydqr","previousOperationId":"v4rwoau5151pilf"}
{"type":"operationStart","subtype":"pdfUtils","name":"pdf utils","timestamp":1700567520735,"id":"6bwsn31ibzsuq5l","previousEventId":"n21c6gsn8mh8zbm","operationId":"cutjdm8cvsq39s8","previousOperationId":"v4rwoau5151pilf"}
{"type":"log","timestamp":1700567520735,"level":"debug","message":"pdf-utils detected 1 pdf operation(s) to process","meta":{"rootId":"hbm42azhu0xs2zi","id":"hbm42azhu0xs2zi"},"id":"98mkqssmh6kwcft","previousOperationId":"cutjdm8cvsq39s8"}
{"type":"log","timestamp":1700567520773,"level":"debug","message":"pdf-utils running pdf operation merge","meta":{"rootId":"hbm42azhu0xs2zi","id":"hbm42azhu0xs2zi"},"id":"teokl3qfjokpvx7","previousOperationId":"cutjdm8cvsq39s8"}
{"type":"operationStart","subtype":"pdfUtilsMerge","name":"pdf utils merge","previousOperationId":"cutjdm8cvsq39s8","timestamp":1700567520773,"id":"ufozr3n8hlx9j4n","previousEventId":"6bwsn31ibzsuq5l","operationId":"2n0tj58iy5n8dcg"}
{"type":"operationStart","subtype":"render","name":"header-footer","previousOperationId":"2n0tj58iy5n8dcg","timestamp":1700567520774,"id":"7oq6rvpjibr799d","previousEventId":"ufozr3n8hlx9j4n","operationId":"ki0h9nqewr16fe8"}
{"type":"log","timestamp":1700567520774,"level":"info","message":"Starting rendering (child) request","meta":{"rootId":"hbm42azhu0xs2zi","id":"0uzvz29xj9zmee7"},"id":"bukz846jict0b6m","previousOperationId":"ki0h9nqewr16fe8"}
{"type":"log","timestamp":1700567520774,"level":"info","message":"Rendering template { name: header-footer, recipe: chrome-pdf, engine: handlebars, preview: true }","meta":{"rootId":"hbm42azhu0xs2zi","id":"0uzvz29xj9zmee7"},"id":"bj8b80uwx5oug9k","previousOperationId":"ki0h9nqewr16fe8"}
{"type":"log","timestamp":1700567520776,"level":"debug","message":"Inline data specified.","meta":{"rootId":"hbm42azhu0xs2zi","id":"0uzvz29xj9zmee7"},"id":"pn8zmvd331dnzcn","previousOperationId":"ki0h9nqewr16fe8"}
{"type":"log","timestamp":1700567520777,"level":"debug","message":"Base url not specified, skipping its injection.","meta":{"rootId":"hbm42azhu0xs2zi","id":"0uzvz29xj9zmee7"},"id":"59inzya5t1gp7tl","previousOperationId":"ki0h9nqewr16fe8"}
{"type":"operationStart","subtype":"engine","name":"handlebars","timestamp":1700567520778,"id":"5ffp2mlb6plpwfs","previousEventId":"7oq6rvpjibr799d","operationId":"folbz43t8inhqi9","previousOperationId":"ki0h9nqewr16fe8"}
{"type":"log","timestamp":1700567520778,"level":"debug","message":"Rendering engine handlebars","meta":{"rootId":"hbm42azhu0xs2zi","id":"0uzvz29xj9zmee7"},"id":"ae2u4yqiaddw1yy","previousOperationId":"folbz43t8inhqi9"}
{"type":"operationEnd","operationId":"folbz43t8inhqi9","timestamp":1700567520784,"id":"bhbaulnnurp9g9d","previousEventId":"5ffp2mlb6plpwfs","previousOperationId":"folbz43t8inhqi9"}
{"type":"operationStart","subtype":"recipe","name":"chrome-pdf","timestamp":1700567520784,"id":"cxfgjdaxcjw6n6a","previousEventId":"bhbaulnnurp9g9d","operationId":"31zjp4ccnx9g0en","previousOperationId":"folbz43t8inhqi9"}
{"type":"log","timestamp":1700567520784,"level":"debug","message":"Executing recipe chrome-pdf","meta":{"rootId":"hbm42azhu0xs2zi","id":"0uzvz29xj9zmee7"},"id":"ql7ecs21dz3yl2a","previousOperationId":"31zjp4ccnx9g0en"}
{"type":"log","timestamp":1700567520787,"level":"debug","message":"Converting with chrome HeadlessChrome/117.0.5938.149 using chrome-pool strategy","meta":{"rootId":"hbm42azhu0xs2zi","id":"0uzvz29xj9zmee7"},"id":"rfpt8g270aje4ih","previousOperationId":"31zjp4ccnx9g0en"}
{"type":"log","timestamp":1700567520824,"level":"debug","message":"Page request: GET (document) file:///var/folders/dp/qk79pfcj0y1fmtkkl08m76rc0000gn/T/jsreport/autocleanup/ec556185-121b-4662-b94d-d9025c07e652-chrome-pdf.html","meta":{"rootId":"hbm42azhu0xs2zi","id":"0uzvz29xj9zmee7"},"id":"4tz18s1bjywcgj0","previousOperationId":"31zjp4ccnx9g0en"}
{"type":"log","timestamp":1700567520829,"level":"debug","message":"Page request finished: GET (document) 200 file:///var/folders/dp/qk79pfcj0y1fmtkkl08m76rc0000gn/T/jsreport/autocleanup/ec556185-121b-4662-b94d-d9025c07e652-chrome-pdf.html","meta":{"rootId":"hbm42azhu0xs2zi","id":"0uzvz29xj9zmee7"},"id":"jyrwchjdxgh9d67","previousOperationId":"31zjp4ccnx9g0en"}
{"type":"log","timestamp":1700567520836,"level":"debug","message":"Running chrome with params {\"timeout\":59816,\"margin\":{},\"printBackground\":true}","meta":{"rootId":"hbm42azhu0xs2zi","id":"0uzvz29xj9zmee7"},"id":"hrbmx9a3l3ecvil","previousOperationId":"31zjp4ccnx9g0en"}
{"type":"operationEnd","operationId":"31zjp4ccnx9g0en","timestamp":1700567520842,"id":"i5gzqf4u384mgva","previousEventId":"cxfgjdaxcjw6n6a","previousOperationId":"31zjp4ccnx9g0en"}
{"type":"log","timestamp":1700567520842,"level":"debug","message":"Skipping storing report.","meta":{"rootId":"hbm42azhu0xs2zi","id":"0uzvz29xj9zmee7"},"id":"iylu69a6iaezxf2","previousOperationId":"31zjp4ccnx9g0en"}
{"type":"log","timestamp":1700567520842,"level":"info","message":"Rendering (child) request finished in 240 ms","meta":{"rootId":"hbm42azhu0xs2zi","id":"0uzvz29xj9zmee7"},"id":"e2aog8lc51as3f3","previousOperationId":"31zjp4ccnx9g0en"}
{"type":"operationEnd","subtype":"render","operationId":"ki0h9nqewr16fe8","timestamp":1700567520842,"id":"cphqbhayzrac6ic","previousEventId":"i5gzqf4u384mgva","previousOperationId":"31zjp4ccnx9g0en"}
{"type":"operationEnd","operationId":"2n0tj58iy5n8dcg","timestamp":1700567520850,"id":"toiq4tyqph232cz","previousEventId":"ufozr3n8hlx9j4n","previousOperationId":"2n0tj58iy5n8dcg"}
{"type":"log","timestamp":1700567520850,"level":"debug","message":"pdf-utils postproces start","meta":{"rootId":"hbm42azhu0xs2zi","id":"hbm42azhu0xs2zi"},"id":"3sy1a69yx1q518e","previousOperationId":"2n0tj58iy5n8dcg"}
{"type":"log","timestamp":1700567520860,"level":"debug","message":"pdf-utils postproces end","meta":{"rootId":"hbm42azhu0xs2zi","id":"hbm42azhu0xs2zi"},"id":"wqsnulcvc993rsd","previousOperationId":"2n0tj58iy5n8dcg"}
{"type":"operationEnd","operationId":"cutjdm8cvsq39s8","timestamp":1700567520860,"id":"wmzx65as0c0o9nh","previousEventId":"toiq4tyqph232cz","previousOperationId":"2n0tj58iy5n8dcg"}
{"type":"log","timestamp":1700567520860,"level":"info","message":"pdf-utils pdf processing was finished","meta":{"rootId":"hbm42azhu0xs2zi","id":"hbm42azhu0xs2zi"},"id":"8u58wjvzap0jwu1","previousOperationId":"cutjdm8cvsq39s8"}
{"type":"log","timestamp":1700567520860,"level":"debug","message":"Skipping storing report.","meta":{"rootId":"hbm42azhu0xs2zi","id":"hbm42azhu0xs2zi"},"id":"q7ri099o7jplf2p","previousOperationId":"cutjdm8cvsq39s8"}
{"type":"log","timestamp":1700567520860,"level":"info","message":"Rendering request 30 finished in 258 ms","meta":{"rootId":"hbm42azhu0xs2zi","id":"hbm42azhu0xs2zi"},"id":"2rxqvpgolmqmugl","previousOperationId":"cutjdm8cvsq39s8"}
{"type":"operationEnd","subtype":"render","operationId":"rf3njzn1nagkj0k","timestamp":1700567520860,"id":"a02uqlqjdw8vwp5","previousEventId":"wmzx65as0c0o9nh","previousOperationId":"cutjdm8cvsq39s8"}
{"type":"operationEnd","doDiffs":false,"previousEventId":"hj4x1akg2b6ivh7","previousOperationId":"08ytxsnb73g6l6h","operationId":"08ytxsnb73g6l6h","timestamp":1700567520862,"id":"yw6m0z5or080w5k"}
