{"type":"operationStart","subtype":"profile","data":{"_id":"UhZShuBkeLCtmFcr","timestamp":"2023-12-01T08:32:37.138Z","state":"queued","mode":"standard","creationDate":"2023-12-01T08:32:37.140Z","modificationDate":"2023-12-01T08:32:37.140Z","shortid":"fJEYsFb","$entitySet":"profiles"},"doDiffs":false,"timestamp":1701419557140,"id":"6u4p5fr68i7gxs9","previousOperationId":null,"operationId":"d4z63y2yykavskj"}
{"type":"log","level":"info","message":"Render request 16 queued for execution and waiting for available worker","previousOperationId":"d4z63y2yykavskj","timestamp":1701419557140,"id":"mnz92jcectr39ye"}
{"type":"operationStart","subtype":"render","name":"index_poziv","previousOperationId":"d4z63y2yykavskj","timestamp":1701419557148,"id":"129ljn5cz0hkty1","previousEventId":"6u4p5fr68i7gxs9","operationId":"fjp87c6huxvt72x"}
{"type":"log","timestamp":1701419557149,"level":"info","message":"Starting rendering request 16","meta":{"rootId":"jl2cuknkwgc6k2b","id":"jl2cuknkwgc6k2b"},"id":"a03wis1g7ux7wm7","previousOperationId":"fjp87c6huxvt72x"}
{"type":"log","timestamp":1701419557150,"level":"info","message":"Rendering template { name: index_poziv, recipe: chrome-pdf, engine: handlebars, preview: true }","meta":{"rootId":"jl2cuknkwgc6k2b","id":"jl2cuknkwgc6k2b"},"id":"k2adz1pe03r0s0k","previousOperationId":"fjp87c6huxvt72x"}
{"type":"log","timestamp":1701419557151,"level":"debug","message":"Inline data specified.","meta":{"rootId":"jl2cuknkwgc6k2b","id":"jl2cuknkwgc6k2b"},"id":"lqa9wgycyhnu9d3","previousOperationId":"fjp87c6huxvt72x"}
{"type":"log","timestamp":1701419557154,"level":"debug","message":"Base url not specified, skipping its injection.","meta":{"rootId":"jl2cuknkwgc6k2b","id":"jl2cuknkwgc6k2b"},"id":"48dkyh3rzrhr4b3","previousOperationId":"fjp87c6huxvt72x"}
{"type":"log","timestamp":1701419557156,"level":"debug","message":"Replaced assets [\"styles.css\"]","meta":{"rootId":"jl2cuknkwgc6k2b","id":"jl2cuknkwgc6k2b"},"id":"wavr4kb0v74qi40","previousOperationId":"fjp87c6huxvt72x"}
{"type":"operationStart","subtype":"engine","name":"handlebars","timestamp":1701419557156,"id":"0ubwoyioavp7mls","previousEventId":"129ljn5cz0hkty1","operationId":"89w50f2movqbeil","previousOperationId":"fjp87c6huxvt72x"}
{"type":"log","timestamp":1701419557156,"level":"debug","message":"Rendering engine handlebars","meta":{"rootId":"jl2cuknkwgc6k2b","id":"jl2cuknkwgc6k2b"},"id":"ol103eab1lrfjeg","previousOperationId":"89w50f2movqbeil"}
{"type":"operationEnd","operationId":"89w50f2movqbeil","timestamp":1701419557179,"id":"6h8er7b20vc73mt","previousEventId":"0ubwoyioavp7mls","previousOperationId":"89w50f2movqbeil"}
{"type":"operationStart","subtype":"recipe","name":"chrome-pdf","timestamp":1701419557179,"id":"dco5qq3i6wv0vl1","previousEventId":"6h8er7b20vc73mt","operationId":"mol5oxy7m5xt13j","previousOperationId":"89w50f2movqbeil"}
{"type":"log","timestamp":1701419557179,"level":"debug","message":"Executing recipe chrome-pdf","meta":{"rootId":"jl2cuknkwgc6k2b","id":"jl2cuknkwgc6k2b"},"id":"lsfqtwghhc0525l","previousOperationId":"mol5oxy7m5xt13j"}
{"type":"log","timestamp":1701419557181,"level":"debug","message":"Converting with chrome HeadlessChrome/117.0.5938.149 using chrome-pool strategy","meta":{"rootId":"jl2cuknkwgc6k2b","id":"jl2cuknkwgc6k2b"},"id":"w502k3yq3gj5x57","previousOperationId":"mol5oxy7m5xt13j"}
{"type":"log","timestamp":1701419557226,"level":"debug","message":"Page request: GET (document) file:///var/folders/dp/qk79pfcj0y1fmtkkl08m76rc0000gn/T/jsreport/autocleanup/be365a07-b837-4f85-b57f-720dd9285a4a-chrome-pdf.html","meta":{"rootId":"jl2cuknkwgc6k2b","id":"jl2cuknkwgc6k2b"},"id":"air58s24nwdqel1","previousOperationId":"mol5oxy7m5xt13j"}
{"type":"log","timestamp":1701419557231,"level":"debug","message":"Page request finished: GET (document) 200 file:///var/folders/dp/qk79pfcj0y1fmtkkl08m76rc0000gn/T/jsreport/autocleanup/be365a07-b837-4f85-b57f-720dd9285a4a-chrome-pdf.html","meta":{"rootId":"jl2cuknkwgc6k2b","id":"jl2cuknkwgc6k2b"},"id":"z8mr6ym4ppuwnc1","previousOperationId":"mol5oxy7m5xt13j"}
{"type":"log","timestamp":1701419557242,"level":"debug","message":"Running chrome with params {\"printBackground\":true,\"marginTop\":\"2cm\",\"marginBottom\":\"2cm\",\"timeout\":59958,\"margin\":{\"top\":\"2cm\",\"bottom\":\"2cm\"}}","meta":{"rootId":"jl2cuknkwgc6k2b","id":"jl2cuknkwgc6k2b"},"id":"9tcu6u2nriso3et","previousOperationId":"mol5oxy7m5xt13j"}
{"type":"operationEnd","operationId":"mol5oxy7m5xt13j","timestamp":1701419557262,"id":"b2mzgwm8zur2i4y","previousEventId":"dco5qq3i6wv0vl1","previousOperationId":"mol5oxy7m5xt13j"}
{"type":"log","timestamp":1701419557262,"level":"info","message":"pdf-utils is starting pdf processing","meta":{"rootId":"jl2cuknkwgc6k2b","id":"jl2cuknkwgc6k2b"},"id":"8l1xwec3yuwt7c4","previousOperationId":"mol5oxy7m5xt13j"}
{"type":"operationStart","subtype":"pdfUtils","name":"pdf utils","timestamp":1701419557262,"id":"ak7nzx2uyv2abql","previousEventId":"b2mzgwm8zur2i4y","operationId":"joi31nitib5yjn7","previousOperationId":"mol5oxy7m5xt13j"}
{"type":"log","timestamp":1701419557263,"level":"debug","message":"pdf-utils detected 1 pdf operation(s) to process","meta":{"rootId":"jl2cuknkwgc6k2b","id":"jl2cuknkwgc6k2b"},"id":"mrqyju81lhcdzu1","previousOperationId":"joi31nitib5yjn7"}
{"type":"log","timestamp":1701419557299,"level":"debug","message":"pdf-utils running pdf operation merge","meta":{"rootId":"jl2cuknkwgc6k2b","id":"jl2cuknkwgc6k2b"},"id":"plgkp0ixi0sjeah","previousOperationId":"joi31nitib5yjn7"}
{"type":"operationStart","subtype":"pdfUtilsMerge","name":"pdf utils merge","previousOperationId":"joi31nitib5yjn7","timestamp":1701419557299,"id":"o4i82qfabdg27et","previousEventId":"ak7nzx2uyv2abql","operationId":"yuhdl9ycm7ep0cb"}
{"type":"operationStart","subtype":"render","name":"header-footer","previousOperationId":"yuhdl9ycm7ep0cb","timestamp":1701419557299,"id":"vs9mympg7bf904g","previousEventId":"o4i82qfabdg27et","operationId":"vwjgat8l6uk46sj"}
{"type":"log","timestamp":1701419557299,"level":"info","message":"Starting rendering (child) request","meta":{"rootId":"jl2cuknkwgc6k2b","id":"ms3dom02bopjaiv"},"id":"fmzrxiesh3x8dy9","previousOperationId":"vwjgat8l6uk46sj"}
{"type":"log","timestamp":1701419557300,"level":"info","message":"Rendering template { name: header-footer, recipe: chrome-pdf, engine: handlebars, preview: true }","meta":{"rootId":"jl2cuknkwgc6k2b","id":"ms3dom02bopjaiv"},"id":"jk84qz4izcb2x79","previousOperationId":"vwjgat8l6uk46sj"}
{"type":"log","timestamp":1701419557300,"level":"debug","message":"Inline data specified.","meta":{"rootId":"jl2cuknkwgc6k2b","id":"ms3dom02bopjaiv"},"id":"dzajh9w33ddhxm4","previousOperationId":"vwjgat8l6uk46sj"}
{"type":"log","timestamp":1701419557300,"level":"debug","message":"Base url not specified, skipping its injection.","meta":{"rootId":"jl2cuknkwgc6k2b","id":"ms3dom02bopjaiv"},"id":"lia78dfru4znf2e","previousOperationId":"vwjgat8l6uk46sj"}
{"type":"operationStart","subtype":"engine","name":"handlebars","timestamp":1701419557300,"id":"v55x594sz9ze72o","previousEventId":"vs9mympg7bf904g","operationId":"9rutr027wrjrl37","previousOperationId":"vwjgat8l6uk46sj"}
{"type":"log","timestamp":1701419557300,"level":"debug","message":"Rendering engine handlebars","meta":{"rootId":"jl2cuknkwgc6k2b","id":"ms3dom02bopjaiv"},"id":"lwf91tny9qgdhsa","previousOperationId":"9rutr027wrjrl37"}
{"type":"operationEnd","operationId":"9rutr027wrjrl37","timestamp":1701419557304,"id":"kwxnfgomafz5ogh","previousEventId":"v55x594sz9ze72o","previousOperationId":"9rutr027wrjrl37"}
{"type":"operationStart","subtype":"recipe","name":"chrome-pdf","timestamp":1701419557304,"id":"4ms37ww3pnvowmi","previousEventId":"kwxnfgomafz5ogh","operationId":"34hxizttk4yn236","previousOperationId":"9rutr027wrjrl37"}
{"type":"log","timestamp":1701419557304,"level":"debug","message":"Executing recipe chrome-pdf","meta":{"rootId":"jl2cuknkwgc6k2b","id":"ms3dom02bopjaiv"},"id":"pmr74b28iipv4it","previousOperationId":"34hxizttk4yn236"}
{"type":"log","timestamp":1701419557305,"level":"debug","message":"Converting with chrome HeadlessChrome/117.0.5938.149 using chrome-pool strategy","meta":{"rootId":"jl2cuknkwgc6k2b","id":"ms3dom02bopjaiv"},"id":"87h8xilkx1r2vyj","previousOperationId":"34hxizttk4yn236"}
{"type":"log","timestamp":1701419557344,"level":"debug","message":"Page request: GET (document) file:///var/folders/dp/qk79pfcj0y1fmtkkl08m76rc0000gn/T/jsreport/autocleanup/2fb375a8-9a48-40c2-abcc-0499949858c3-chrome-pdf.html","meta":{"rootId":"jl2cuknkwgc6k2b","id":"ms3dom02bopjaiv"},"id":"bm4fca5c1i5er0k","previousOperationId":"34hxizttk4yn236"}
{"type":"log","timestamp":1701419557349,"level":"debug","message":"Page request finished: GET (document) 200 file:///var/folders/dp/qk79pfcj0y1fmtkkl08m76rc0000gn/T/jsreport/autocleanup/2fb375a8-9a48-40c2-abcc-0499949858c3-chrome-pdf.html","meta":{"rootId":"jl2cuknkwgc6k2b","id":"ms3dom02bopjaiv"},"id":"yr4c7bah3w5h4nz","previousOperationId":"34hxizttk4yn236"}
{"type":"log","timestamp":1701419557354,"level":"debug","message":"Running chrome with params {\"timeout\":59833,\"margin\":{},\"printBackground\":true}","meta":{"rootId":"jl2cuknkwgc6k2b","id":"ms3dom02bopjaiv"},"id":"l0uke8uk79m3ihx","previousOperationId":"34hxizttk4yn236"}
{"type":"operationEnd","operationId":"34hxizttk4yn236","timestamp":1701419557361,"id":"99ps4l2f5diohww","previousEventId":"4ms37ww3pnvowmi","previousOperationId":"34hxizttk4yn236"}
{"type":"log","timestamp":1701419557361,"level":"debug","message":"Skipping storing report.","meta":{"rootId":"jl2cuknkwgc6k2b","id":"ms3dom02bopjaiv"},"id":"ls5cq8wt0w7djtk","previousOperationId":"34hxizttk4yn236"}
{"type":"log","timestamp":1701419557361,"level":"info","message":"Rendering (child) request finished in 223 ms","meta":{"rootId":"jl2cuknkwgc6k2b","id":"ms3dom02bopjaiv"},"id":"uh2bl7hzcf8khr4","previousOperationId":"34hxizttk4yn236"}
{"type":"operationEnd","subtype":"render","operationId":"vwjgat8l6uk46sj","timestamp":1701419557361,"id":"oj5moik4d0yuzvw","previousEventId":"99ps4l2f5diohww","previousOperationId":"34hxizttk4yn236"}
{"type":"operationEnd","operationId":"yuhdl9ycm7ep0cb","timestamp":1701419557367,"id":"vvxdah790n5rpzo","previousEventId":"o4i82qfabdg27et","previousOperationId":"yuhdl9ycm7ep0cb"}
{"type":"log","timestamp":1701419557367,"level":"debug","message":"pdf-utils postproces start","meta":{"rootId":"jl2cuknkwgc6k2b","id":"jl2cuknkwgc6k2b"},"id":"8i79ym5jmkzgjub","previousOperationId":"yuhdl9ycm7ep0cb"}
{"type":"log","timestamp":1701419557376,"level":"debug","message":"pdf-utils postproces end","meta":{"rootId":"jl2cuknkwgc6k2b","id":"jl2cuknkwgc6k2b"},"id":"3vgcdsqxxd1p5u9","previousOperationId":"yuhdl9ycm7ep0cb"}
{"type":"operationEnd","operationId":"joi31nitib5yjn7","timestamp":1701419557376,"id":"x6zo65ykqi5nbi5","previousEventId":"vvxdah790n5rpzo","previousOperationId":"yuhdl9ycm7ep0cb"}
{"type":"log","timestamp":1701419557376,"level":"info","message":"pdf-utils pdf processing was finished","meta":{"rootId":"jl2cuknkwgc6k2b","id":"jl2cuknkwgc6k2b"},"id":"5opuahnj30p5x2c","previousOperationId":"joi31nitib5yjn7"}
{"type":"log","timestamp":1701419557376,"level":"debug","message":"Skipping storing report.","meta":{"rootId":"jl2cuknkwgc6k2b","id":"jl2cuknkwgc6k2b"},"id":"bd8qrt4hbo78ek1","previousOperationId":"joi31nitib5yjn7"}
{"type":"log","timestamp":1701419557376,"level":"info","message":"Rendering request 16 finished in 238 ms","meta":{"rootId":"jl2cuknkwgc6k2b","id":"jl2cuknkwgc6k2b"},"id":"gyemp1qzvzhgpxw","previousOperationId":"joi31nitib5yjn7"}
{"type":"operationEnd","subtype":"render","operationId":"fjp87c6huxvt72x","timestamp":1701419557376,"id":"y1r7iktzn4qx151","previousEventId":"x6zo65ykqi5nbi5","previousOperationId":"joi31nitib5yjn7"}
{"type":"operationEnd","doDiffs":false,"previousEventId":"6u4p5fr68i7gxs9","previousOperationId":"d4z63y2yykavskj","operationId":"d4z63y2yykavskj","timestamp":1701419557379,"id":"95ors3ritj7nh4w"}
