{"type":"operationStart","subtype":"profile","data":{"_id":"z2wogHzxUi9nb7kU","timestamp":"2023-12-01T08:41:40.300Z","state":"queued","mode":"standard","creationDate":"2023-12-01T08:41:40.302Z","modificationDate":"2023-12-01T08:41:40.302Z","shortid":"ekfDvo1","$entitySet":"profiles"},"doDiffs":false,"timestamp":1701420100301,"id":"uclkiyaax7kyj7u","previousOperationId":null,"operationId":"056c79secd9y429"}
{"type":"log","level":"info","message":"Render request 22 queued for execution and waiting for available worker","previousOperationId":"056c79secd9y429","timestamp":1701420100301,"id":"i3p1nl8pcxcst3w"}
{"type":"operationStart","subtype":"render","name":"index_poziv","previousOperationId":"056c79secd9y429","timestamp":1701420100314,"id":"cfdf93ogb37lby1","previousEventId":"uclkiyaax7kyj7u","operationId":"2nqbvh9s9gmkkna"}
{"type":"log","timestamp":1701420100314,"level":"info","message":"Starting rendering request 22","meta":{"rootId":"kb5x2vyhhji4gki","id":"kb5x2vyhhji4gki"},"id":"3qvab4oxmy0qqm9","previousOperationId":"2nqbvh9s9gmkkna"}
{"type":"log","timestamp":1701420100314,"level":"info","message":"Rendering template { name: index_poziv, recipe: chrome-pdf, engine: handlebars, preview: true }","meta":{"rootId":"kb5x2vyhhji4gki","id":"kb5x2vyhhji4gki"},"id":"9vmt2hcgrwpvqsn","previousOperationId":"2nqbvh9s9gmkkna"}
{"type":"log","timestamp":1701420100315,"level":"debug","message":"Inline data specified.","meta":{"rootId":"kb5x2vyhhji4gki","id":"kb5x2vyhhji4gki"},"id":"13gcv368hm2fc95","previousOperationId":"2nqbvh9s9gmkkna"}
{"type":"log","timestamp":1701420100315,"level":"debug","message":"Base url not specified, skipping its injection.","meta":{"rootId":"kb5x2vyhhji4gki","id":"kb5x2vyhhji4gki"},"id":"qcc7wmynr9yem4z","previousOperationId":"2nqbvh9s9gmkkna"}
{"type":"log","timestamp":1701420100316,"level":"debug","message":"Replaced assets [\"styles.css\"]","meta":{"rootId":"kb5x2vyhhji4gki","id":"kb5x2vyhhji4gki"},"id":"c12wr3cpd2hub4n","previousOperationId":"2nqbvh9s9gmkkna"}
{"type":"operationStart","subtype":"engine","name":"handlebars","timestamp":1701420100316,"id":"jrtafbn4bx9hq9m","previousEventId":"cfdf93ogb37lby1","operationId":"8oysenbh7cebdp7","previousOperationId":"2nqbvh9s9gmkkna"}
{"type":"log","timestamp":1701420100317,"level":"debug","message":"Rendering engine handlebars","meta":{"rootId":"kb5x2vyhhji4gki","id":"kb5x2vyhhji4gki"},"id":"opge8evxw5418vs","previousOperationId":"8oysenbh7cebdp7"}
{"type":"operationEnd","operationId":"8oysenbh7cebdp7","timestamp":1701420100332,"id":"t7c0hqqj6mdmyz7","previousEventId":"jrtafbn4bx9hq9m","previousOperationId":"8oysenbh7cebdp7"}
{"type":"operationStart","subtype":"recipe","name":"chrome-pdf","timestamp":1701420100332,"id":"p6k6y9o7y5n3859","previousEventId":"t7c0hqqj6mdmyz7","operationId":"4kzh2hi1q99y8ej","previousOperationId":"8oysenbh7cebdp7"}
{"type":"log","timestamp":1701420100332,"level":"debug","message":"Executing recipe chrome-pdf","meta":{"rootId":"kb5x2vyhhji4gki","id":"kb5x2vyhhji4gki"},"id":"rs5exj40zeldc08","previousOperationId":"4kzh2hi1q99y8ej"}
{"type":"log","timestamp":1701420100333,"level":"debug","message":"Converting with chrome HeadlessChrome/117.0.5938.149 using chrome-pool strategy","meta":{"rootId":"kb5x2vyhhji4gki","id":"kb5x2vyhhji4gki"},"id":"lmsbguzovbbb3ff","previousOperationId":"4kzh2hi1q99y8ej"}
{"type":"log","timestamp":1701420100379,"level":"debug","message":"Page request: GET (document) file:///var/folders/dp/qk79pfcj0y1fmtkkl08m76rc0000gn/T/jsreport/autocleanup/38265114-68d8-421f-bf04-2334ce1a5f2a-chrome-pdf.html","meta":{"rootId":"kb5x2vyhhji4gki","id":"kb5x2vyhhji4gki"},"id":"ltwuiej3oogkq3a","previousOperationId":"4kzh2hi1q99y8ej"}
{"type":"log","timestamp":1701420100383,"level":"debug","message":"Page request finished: GET (document) 200 file:///var/folders/dp/qk79pfcj0y1fmtkkl08m76rc0000gn/T/jsreport/autocleanup/38265114-68d8-421f-bf04-2334ce1a5f2a-chrome-pdf.html","meta":{"rootId":"kb5x2vyhhji4gki","id":"kb5x2vyhhji4gki"},"id":"6me11wg9zon6y3j","previousOperationId":"4kzh2hi1q99y8ej"}
{"type":"log","timestamp":1701420100393,"level":"debug","message":"Running chrome with params {\"printBackground\":true,\"marginTop\":\"2cm\",\"marginBottom\":\"2cm\",\"timeout\":59967,\"margin\":{\"top\":\"2cm\",\"bottom\":\"2cm\"}}","meta":{"rootId":"kb5x2vyhhji4gki","id":"kb5x2vyhhji4gki"},"id":"incaqeaegww0hdf","previousOperationId":"4kzh2hi1q99y8ej"}
{"type":"operationEnd","operationId":"4kzh2hi1q99y8ej","timestamp":1701420100412,"id":"rhmvmkmer91wnr9","previousEventId":"p6k6y9o7y5n3859","previousOperationId":"4kzh2hi1q99y8ej"}
{"type":"log","timestamp":1701420100412,"level":"info","message":"pdf-utils is starting pdf processing","meta":{"rootId":"kb5x2vyhhji4gki","id":"kb5x2vyhhji4gki"},"id":"n8fly3ai98ymjlb","previousOperationId":"4kzh2hi1q99y8ej"}
{"type":"operationStart","subtype":"pdfUtils","name":"pdf utils","timestamp":1701420100412,"id":"i7j1o31md216q6f","previousEventId":"rhmvmkmer91wnr9","operationId":"m0ryqhkuzjzstvy","previousOperationId":"4kzh2hi1q99y8ej"}
{"type":"log","timestamp":1701420100412,"level":"debug","message":"pdf-utils detected 1 pdf operation(s) to process","meta":{"rootId":"kb5x2vyhhji4gki","id":"kb5x2vyhhji4gki"},"id":"213vnz4escnnlnd","previousOperationId":"m0ryqhkuzjzstvy"}
{"type":"log","timestamp":1701420100432,"level":"debug","message":"pdf-utils running pdf operation merge","meta":{"rootId":"kb5x2vyhhji4gki","id":"kb5x2vyhhji4gki"},"id":"xrh8jcpr6ws7oi3","previousOperationId":"m0ryqhkuzjzstvy"}
{"type":"operationStart","subtype":"pdfUtilsMerge","name":"pdf utils merge","previousOperationId":"m0ryqhkuzjzstvy","timestamp":1701420100432,"id":"yht8pi9s36kbrue","previousEventId":"i7j1o31md216q6f","operationId":"a3ohw6jsytiwbcj"}
{"type":"operationStart","subtype":"render","name":"header-footer","previousOperationId":"a3ohw6jsytiwbcj","timestamp":1701420100433,"id":"vkmk4n0equp3rr1","previousEventId":"yht8pi9s36kbrue","operationId":"p1r6wame6v4os4m"}
{"type":"log","timestamp":1701420100433,"level":"info","message":"Starting rendering (child) request","meta":{"rootId":"kb5x2vyhhji4gki","id":"hhe6h7dvn0kdebx"},"id":"cgibkp3iddzm0aj","previousOperationId":"p1r6wame6v4os4m"}
{"type":"log","timestamp":1701420100433,"level":"info","message":"Rendering template { name: header-footer, recipe: chrome-pdf, engine: handlebars, preview: true }","meta":{"rootId":"kb5x2vyhhji4gki","id":"hhe6h7dvn0kdebx"},"id":"2vw1n1npcqt1mft","previousOperationId":"p1r6wame6v4os4m"}
{"type":"log","timestamp":1701420100433,"level":"debug","message":"Inline data specified.","meta":{"rootId":"kb5x2vyhhji4gki","id":"hhe6h7dvn0kdebx"},"id":"ysrrwcjh4r2ru51","previousOperationId":"p1r6wame6v4os4m"}
{"type":"log","timestamp":1701420100434,"level":"debug","message":"Base url not specified, skipping its injection.","meta":{"rootId":"kb5x2vyhhji4gki","id":"hhe6h7dvn0kdebx"},"id":"e5ni16vfbbkjpz7","previousOperationId":"p1r6wame6v4os4m"}
{"type":"operationStart","subtype":"engine","name":"handlebars","timestamp":1701420100434,"id":"fp4ysmydgz8g4kz","previousEventId":"vkmk4n0equp3rr1","operationId":"vblhyw5f7k5ycal","previousOperationId":"p1r6wame6v4os4m"}
{"type":"log","timestamp":1701420100434,"level":"debug","message":"Rendering engine handlebars","meta":{"rootId":"kb5x2vyhhji4gki","id":"hhe6h7dvn0kdebx"},"id":"ucel89fd3lxz5fx","previousOperationId":"vblhyw5f7k5ycal"}
{"type":"operationEnd","operationId":"vblhyw5f7k5ycal","timestamp":1701420100438,"id":"gvethuvemmzb7q2","previousEventId":"fp4ysmydgz8g4kz","previousOperationId":"vblhyw5f7k5ycal"}
{"type":"operationStart","subtype":"recipe","name":"chrome-pdf","timestamp":1701420100438,"id":"x2q6sfrvcbag10e","previousEventId":"gvethuvemmzb7q2","operationId":"1amsqmmr27hv5or","previousOperationId":"vblhyw5f7k5ycal"}
{"type":"log","timestamp":1701420100438,"level":"debug","message":"Executing recipe chrome-pdf","meta":{"rootId":"kb5x2vyhhji4gki","id":"hhe6h7dvn0kdebx"},"id":"upyun58yg4osyvj","previousOperationId":"1amsqmmr27hv5or"}
{"type":"log","timestamp":1701420100440,"level":"debug","message":"Converting with chrome HeadlessChrome/117.0.5938.149 using chrome-pool strategy","meta":{"rootId":"kb5x2vyhhji4gki","id":"hhe6h7dvn0kdebx"},"id":"hnljacoquassdmo","previousOperationId":"1amsqmmr27hv5or"}
{"type":"log","timestamp":1701420100479,"level":"debug","message":"Page request: GET (document) file:///var/folders/dp/qk79pfcj0y1fmtkkl08m76rc0000gn/T/jsreport/autocleanup/5bf08061-b294-466f-a268-71d9847175b8-chrome-pdf.html","meta":{"rootId":"kb5x2vyhhji4gki","id":"hhe6h7dvn0kdebx"},"id":"p843hs1e7w7m9be","previousOperationId":"1amsqmmr27hv5or"}
{"type":"log","timestamp":1701420100483,"level":"debug","message":"Page request finished: GET (document) 200 file:///var/folders/dp/qk79pfcj0y1fmtkkl08m76rc0000gn/T/jsreport/autocleanup/5bf08061-b294-466f-a268-71d9847175b8-chrome-pdf.html","meta":{"rootId":"kb5x2vyhhji4gki","id":"hhe6h7dvn0kdebx"},"id":"9xlgkisv74ydmlc","previousOperationId":"1amsqmmr27hv5or"}
{"type":"log","timestamp":1701420100490,"level":"debug","message":"Running chrome with params {\"timeout\":59861,\"margin\":{},\"printBackground\":true}","meta":{"rootId":"kb5x2vyhhji4gki","id":"hhe6h7dvn0kdebx"},"id":"vf745k7jhbdwasg","previousOperationId":"1amsqmmr27hv5or"}
{"type":"operationEnd","operationId":"1amsqmmr27hv5or","timestamp":1701420100495,"id":"g3n6nyd7mhoqlfu","previousEventId":"x2q6sfrvcbag10e","previousOperationId":"1amsqmmr27hv5or"}
{"type":"log","timestamp":1701420100495,"level":"debug","message":"Skipping storing report.","meta":{"rootId":"kb5x2vyhhji4gki","id":"hhe6h7dvn0kdebx"},"id":"te3jqr768o0f72l","previousOperationId":"1amsqmmr27hv5or"}
{"type":"log","timestamp":1701420100496,"level":"info","message":"Rendering (child) request finished in 196 ms","meta":{"rootId":"kb5x2vyhhji4gki","id":"hhe6h7dvn0kdebx"},"id":"vrnqcl5t5o0tm1r","previousOperationId":"1amsqmmr27hv5or"}
{"type":"operationEnd","subtype":"render","operationId":"p1r6wame6v4os4m","timestamp":1701420100496,"id":"eem1ooawbd0gs6f","previousEventId":"g3n6nyd7mhoqlfu","previousOperationId":"1amsqmmr27hv5or"}
{"type":"operationEnd","operationId":"a3ohw6jsytiwbcj","timestamp":1701420100500,"id":"wbz80ogs6yl1pg0","previousEventId":"yht8pi9s36kbrue","previousOperationId":"a3ohw6jsytiwbcj"}
{"type":"log","timestamp":1701420100500,"level":"debug","message":"pdf-utils postproces start","meta":{"rootId":"kb5x2vyhhji4gki","id":"kb5x2vyhhji4gki"},"id":"fk756fkns60fi60","previousOperationId":"a3ohw6jsytiwbcj"}
{"type":"log","timestamp":1701420100506,"level":"debug","message":"pdf-utils postproces end","meta":{"rootId":"kb5x2vyhhji4gki","id":"kb5x2vyhhji4gki"},"id":"hykgus6tylqj9a4","previousOperationId":"a3ohw6jsytiwbcj"}
{"type":"operationEnd","operationId":"m0ryqhkuzjzstvy","timestamp":1701420100506,"id":"jgnzulonokokswp","previousEventId":"wbz80ogs6yl1pg0","previousOperationId":"a3ohw6jsytiwbcj"}
{"type":"log","timestamp":1701420100506,"level":"info","message":"pdf-utils pdf processing was finished","meta":{"rootId":"kb5x2vyhhji4gki","id":"kb5x2vyhhji4gki"},"id":"fovov5jkm62cxoi","previousOperationId":"m0ryqhkuzjzstvy"}
{"type":"log","timestamp":1701420100507,"level":"debug","message":"Skipping storing report.","meta":{"rootId":"kb5x2vyhhji4gki","id":"kb5x2vyhhji4gki"},"id":"0zl94k226ki7mhd","previousOperationId":"m0ryqhkuzjzstvy"}
{"type":"log","timestamp":1701420100507,"level":"info","message":"Rendering request 22 finished in 207 ms","meta":{"rootId":"kb5x2vyhhji4gki","id":"kb5x2vyhhji4gki"},"id":"07bwofm3kdenapa","previousOperationId":"m0ryqhkuzjzstvy"}
{"type":"operationEnd","subtype":"render","operationId":"2nqbvh9s9gmkkna","timestamp":1701420100507,"id":"jgw5itw2l0p9w05","previousEventId":"jgnzulonokokswp","previousOperationId":"m0ryqhkuzjzstvy"}
{"type":"operationEnd","doDiffs":false,"previousEventId":"uclkiyaax7kyj7u","previousOperationId":"056c79secd9y429","operationId":"056c79secd9y429","timestamp":1701420100509,"id":"9x4bztyvc30ai83"}
