{"type":"operationStart","subtype":"profile","data":{"_id":"0SsR1ygKmQeh4y2h","timestamp":"2023-11-21T11:19:16.208Z","state":"queued","mode":"standard","creationDate":"2023-11-21T11:19:16.217Z","modificationDate":"2023-11-21T11:19:16.217Z","shortid":"W-kzUDJ","$entitySet":"profiles"},"doDiffs":false,"timestamp":1700565556213,"id":"qdee8nonqg4j8pz","previousOperationId":null,"operationId":"su8gvn0nzqlb2wb"}
{"type":"log","level":"info","message":"Render request 18 queued for execution and waiting for available worker","previousOperationId":"su8gvn0nzqlb2wb","timestamp":1700565556215,"id":"r75rujqfpv51b6j"}
{"type":"operationStart","subtype":"render","name":"index_poziv","previousOperationId":"su8gvn0nzqlb2wb","timestamp":1700565556228,"id":"0tp7kd3sgnryj6g","previousEventId":"qdee8nonqg4j8pz","operationId":"ar6dq6fyljj0kst"}
{"type":"log","timestamp":1700565556228,"level":"info","message":"Starting rendering request 18","meta":{"rootId":"l6dxdpiwwspexci","id":"l6dxdpiwwspexci"},"id":"jfvw0qzyvdlwdag","previousOperationId":"ar6dq6fyljj0kst"}
{"type":"log","timestamp":1700565556228,"level":"info","message":"Rendering template { name: index_poziv, recipe: chrome-pdf, engine: handlebars, preview: true }","meta":{"rootId":"l6dxdpiwwspexci","id":"l6dxdpiwwspexci"},"id":"7tss38zfw54o3z7","previousOperationId":"ar6dq6fyljj0kst"}
{"type":"log","timestamp":1700565556228,"level":"debug","message":"Inline data specified.","meta":{"rootId":"l6dxdpiwwspexci","id":"l6dxdpiwwspexci"},"id":"177xwftb6zz21g8","previousOperationId":"ar6dq6fyljj0kst"}
{"type":"log","timestamp":1700565556230,"level":"debug","message":"Base url not specified, skipping its injection.","meta":{"rootId":"l6dxdpiwwspexci","id":"l6dxdpiwwspexci"},"id":"hvofqqps7b3nrf4","previousOperationId":"ar6dq6fyljj0kst"}
{"type":"log","timestamp":1700565556231,"level":"debug","message":"Replaced assets [\"styles.css\"]","meta":{"rootId":"l6dxdpiwwspexci","id":"l6dxdpiwwspexci"},"id":"2vbyq0h66k7kn56","previousOperationId":"ar6dq6fyljj0kst"}
{"type":"operationStart","subtype":"engine","name":"handlebars","timestamp":1700565556231,"id":"c10wvrjldlc5d25","previousEventId":"0tp7kd3sgnryj6g","operationId":"kt9om65u9lwmriv","previousOperationId":"ar6dq6fyljj0kst"}
{"type":"log","timestamp":1700565556231,"level":"debug","message":"Rendering engine handlebars","meta":{"rootId":"l6dxdpiwwspexci","id":"l6dxdpiwwspexci"},"id":"h0s7mc43yok3lcj","previousOperationId":"kt9om65u9lwmriv"}
{"type":"operationEnd","operationId":"kt9om65u9lwmriv","timestamp":1700565556248,"id":"01938ck92wqf7v4","previousEventId":"c10wvrjldlc5d25","previousOperationId":"kt9om65u9lwmriv"}
{"type":"operationStart","subtype":"recipe","name":"chrome-pdf","timestamp":1700565556249,"id":"f3oj9jkbcilz42u","previousEventId":"01938ck92wqf7v4","operationId":"9sn17vfbdie29br","previousOperationId":"kt9om65u9lwmriv"}
{"type":"log","timestamp":1700565556249,"level":"debug","message":"Executing recipe chrome-pdf","meta":{"rootId":"l6dxdpiwwspexci","id":"l6dxdpiwwspexci"},"id":"fpk2q70jpyot9wo","previousOperationId":"9sn17vfbdie29br"}
{"type":"log","timestamp":1700565556258,"level":"debug","message":"Converting with chrome HeadlessChrome/117.0.5938.149 using chrome-pool strategy","meta":{"rootId":"l6dxdpiwwspexci","id":"l6dxdpiwwspexci"},"id":"toltrv7r5ugrgrl","previousOperationId":"9sn17vfbdie29br"}
{"type":"log","timestamp":1700565556307,"level":"debug","message":"Page request: GET (document) file:///var/folders/dp/qk79pfcj0y1fmtkkl08m76rc0000gn/T/jsreport/autocleanup/e61dd135-f28c-4a95-8193-92192b5688d6-chrome-pdf.html","meta":{"rootId":"l6dxdpiwwspexci","id":"l6dxdpiwwspexci"},"id":"7gqh34s8snmdkp2","previousOperationId":"9sn17vfbdie29br"}
{"type":"log","timestamp":1700565556311,"level":"debug","message":"Page request finished: GET (document) 200 file:///var/folders/dp/qk79pfcj0y1fmtkkl08m76rc0000gn/T/jsreport/autocleanup/e61dd135-f28c-4a95-8193-92192b5688d6-chrome-pdf.html","meta":{"rootId":"l6dxdpiwwspexci","id":"l6dxdpiwwspexci"},"id":"h2nxmoclwkn0d1t","previousOperationId":"9sn17vfbdie29br"}
{"type":"log","timestamp":1700565556322,"level":"debug","message":"Running chrome with params {\"printBackground\":true,\"timeout\":59950,\"margin\":{}}","meta":{"rootId":"l6dxdpiwwspexci","id":"l6dxdpiwwspexci"},"id":"uta24itcailhkzg","previousOperationId":"9sn17vfbdie29br"}
{"type":"operationEnd","operationId":"9sn17vfbdie29br","timestamp":1700565556338,"id":"wzcvfxwivhuxq07","previousEventId":"f3oj9jkbcilz42u","previousOperationId":"9sn17vfbdie29br"}
{"type":"log","timestamp":1700565556338,"level":"debug","message":"Skipping storing report.","meta":{"rootId":"l6dxdpiwwspexci","id":"l6dxdpiwwspexci"},"id":"xeu1zxfx6etit66","previousOperationId":"9sn17vfbdie29br"}
{"type":"log","timestamp":1700565556338,"level":"info","message":"Rendering request 18 finished in 131 ms","meta":{"rootId":"l6dxdpiwwspexci","id":"l6dxdpiwwspexci"},"id":"cxs5l5bhw708p6n","previousOperationId":"9sn17vfbdie29br"}
{"type":"operationEnd","subtype":"render","operationId":"ar6dq6fyljj0kst","timestamp":1700565556338,"id":"ytijg7gvlh6ucsv","previousEventId":"wzcvfxwivhuxq07","previousOperationId":"9sn17vfbdie29br"}
{"type":"operationEnd","doDiffs":false,"previousEventId":"qdee8nonqg4j8pz","previousOperationId":"su8gvn0nzqlb2wb","operationId":"su8gvn0nzqlb2wb","timestamp":1700565556340,"id":"ck29xp43ktpyerg"}
