{"type":"operationStart","subtype":"profile","data":{"_id":"i5UiKQg5EV2PFoPz","timestamp":"2023-11-21T11:51:35.431Z","state":"queued","mode":"standard","creationDate":"2023-11-21T11:51:35.440Z","modificationDate":"2023-11-21T11:51:35.440Z","shortid":"N3bqaRg","$entitySet":"profiles"},"doDiffs":false,"timestamp":1700567495433,"id":"4g2d5dsoxq2ewut","previousOperationId":null,"operationId":"ir9qadufp3la3jh"}
{"type":"log","level":"info","message":"Render request 29 queued for execution and waiting for available worker","previousOperationId":"ir9qadufp3la3jh","timestamp":1700567495433,"id":"ifdl9dhnwq2zlog"}
{"type":"operationStart","subtype":"render","name":"index_poziv","previousOperationId":"ir9qadufp3la3jh","timestamp":1700567495453,"id":"wpa6id5eo1oxbnm","previousEventId":"4g2d5dsoxq2ewut","operationId":"xd9fcymevborpfi"}
{"type":"log","timestamp":1700567495453,"level":"info","message":"Starting rendering request 29","meta":{"rootId":"n6zye8degtqexo8","id":"n6zye8degtqexo8"},"id":"huldfl2yumkcjfh","previousOperationId":"xd9fcymevborpfi"}
{"type":"log","timestamp":1700567495453,"level":"info","message":"Rendering template { name: index_poziv, recipe: chrome-pdf, engine: handlebars, preview: true }","meta":{"rootId":"n6zye8degtqexo8","id":"n6zye8degtqexo8"},"id":"1xeaq7kzbfs01by","previousOperationId":"xd9fcymevborpfi"}
{"type":"log","timestamp":1700567495453,"level":"debug","message":"Inline data specified.","meta":{"rootId":"n6zye8degtqexo8","id":"n6zye8degtqexo8"},"id":"xlpnzb89fjfo6xe","previousOperationId":"xd9fcymevborpfi"}
{"type":"log","timestamp":1700567495455,"level":"debug","message":"Base url not specified, skipping its injection.","meta":{"rootId":"n6zye8degtqexo8","id":"n6zye8degtqexo8"},"id":"mo9x7ev8dstgoum","previousOperationId":"xd9fcymevborpfi"}
{"type":"log","timestamp":1700567495457,"level":"debug","message":"Replaced assets [\"styles.css\"]","meta":{"rootId":"n6zye8degtqexo8","id":"n6zye8degtqexo8"},"id":"ho2itdjttrjjq1j","previousOperationId":"xd9fcymevborpfi"}
{"type":"operationStart","subtype":"engine","name":"handlebars","timestamp":1700567495457,"id":"qjdnwatmwzmgwbq","previousEventId":"wpa6id5eo1oxbnm","operationId":"qc19jllrx6latdw","previousOperationId":"xd9fcymevborpfi"}
{"type":"log","timestamp":1700567495457,"level":"debug","message":"Rendering engine handlebars","meta":{"rootId":"n6zye8degtqexo8","id":"n6zye8degtqexo8"},"id":"ndxsd6gfjmcexds","previousOperationId":"qc19jllrx6latdw"}
{"type":"operationEnd","operationId":"qc19jllrx6latdw","timestamp":1700567495462,"id":"d18jfsr5qypihaa","previousEventId":"qjdnwatmwzmgwbq","previousOperationId":"qc19jllrx6latdw"}
{"type":"operationStart","subtype":"recipe","name":"chrome-pdf","timestamp":1700567495462,"id":"l0e08oqinsbt0ij","previousEventId":"d18jfsr5qypihaa","operationId":"b1jy7nm4ibnv518","previousOperationId":"qc19jllrx6latdw"}
{"type":"log","timestamp":1700567495462,"level":"debug","message":"Executing recipe chrome-pdf","meta":{"rootId":"n6zye8degtqexo8","id":"n6zye8degtqexo8"},"id":"g4hjrjpj7t2x7bx","previousOperationId":"b1jy7nm4ibnv518"}
{"type":"log","timestamp":1700567495464,"level":"debug","message":"Converting with chrome HeadlessChrome/117.0.5938.149 using chrome-pool strategy","meta":{"rootId":"n6zye8degtqexo8","id":"n6zye8degtqexo8"},"id":"8u5fvaycxo478id","previousOperationId":"b1jy7nm4ibnv518"}
{"type":"log","timestamp":1700567495521,"level":"debug","message":"Page request: GET (document) file:///var/folders/dp/qk79pfcj0y1fmtkkl08m76rc0000gn/T/jsreport/autocleanup/2cb683a9-5b62-4939-bb48-bd8069bd49ef-chrome-pdf.html","meta":{"rootId":"n6zye8degtqexo8","id":"n6zye8degtqexo8"},"id":"cznj8fygsm74yqk","previousOperationId":"b1jy7nm4ibnv518"}
{"type":"log","timestamp":1700567495526,"level":"debug","message":"Page request finished: GET (document) 200 file:///var/folders/dp/qk79pfcj0y1fmtkkl08m76rc0000gn/T/jsreport/autocleanup/2cb683a9-5b62-4939-bb48-bd8069bd49ef-chrome-pdf.html","meta":{"rootId":"n6zye8degtqexo8","id":"n6zye8degtqexo8"},"id":"uiq4yg6clubl2sf","previousOperationId":"b1jy7nm4ibnv518"}
{"type":"log","timestamp":1700567495536,"level":"debug","message":"Running chrome with params {\"printBackground\":true,\"marginTop\":\"2cm\",\"marginBottom\":\"2cm\",\"timeout\":59967,\"margin\":{\"top\":\"2cm\",\"bottom\":\"2cm\"}}","meta":{"rootId":"n6zye8degtqexo8","id":"n6zye8degtqexo8"},"id":"s6oam8lx5r32s5d","previousOperationId":"b1jy7nm4ibnv518"}
{"type":"operationEnd","operationId":"b1jy7nm4ibnv518","timestamp":1700567495556,"id":"41z0cnbcisbq57k","previousEventId":"l0e08oqinsbt0ij","previousOperationId":"b1jy7nm4ibnv518"}
{"type":"log","timestamp":1700567495556,"level":"info","message":"pdf-utils is starting pdf processing","meta":{"rootId":"n6zye8degtqexo8","id":"n6zye8degtqexo8"},"id":"3nssjrj4kj9quhg","previousOperationId":"b1jy7nm4ibnv518"}
{"type":"operationStart","subtype":"pdfUtils","name":"pdf utils","timestamp":1700567495557,"id":"71wp69550dvtlco","previousEventId":"41z0cnbcisbq57k","operationId":"ts9ompd1kbm4w3c","previousOperationId":"b1jy7nm4ibnv518"}
{"type":"log","timestamp":1700567495557,"level":"debug","message":"pdf-utils detected 1 pdf operation(s) to process","meta":{"rootId":"n6zye8degtqexo8","id":"n6zye8degtqexo8"},"id":"ylxz1qinnc5kwun","previousOperationId":"ts9ompd1kbm4w3c"}
{"type":"log","timestamp":1700567495578,"level":"debug","message":"pdf-utils running pdf operation merge","meta":{"rootId":"n6zye8degtqexo8","id":"n6zye8degtqexo8"},"id":"akbzygh4u4auxhi","previousOperationId":"ts9ompd1kbm4w3c"}
{"type":"operationStart","subtype":"pdfUtilsMerge","name":"pdf utils merge","previousOperationId":"ts9ompd1kbm4w3c","timestamp":1700567495578,"id":"n9va2rhw0fdemd8","previousEventId":"71wp69550dvtlco","operationId":"7olj3mpq4s4bvid"}
{"type":"operationStart","subtype":"render","name":"header-footer","previousOperationId":"7olj3mpq4s4bvid","timestamp":1700567495578,"id":"lz93hhmkqoo9iam","previousEventId":"n9va2rhw0fdemd8","operationId":"znx3vy4kathjgt8"}
{"type":"log","timestamp":1700567495578,"level":"info","message":"Starting rendering (child) request","meta":{"rootId":"n6zye8degtqexo8","id":"9re4dqdcxvyr947"},"id":"25k4lqm6ihurxgp","previousOperationId":"znx3vy4kathjgt8"}
{"type":"log","timestamp":1700567495579,"level":"info","message":"Rendering template { name: header-footer, recipe: chrome-pdf, engine: handlebars, preview: true }","meta":{"rootId":"n6zye8degtqexo8","id":"9re4dqdcxvyr947"},"id":"88u92qkco1if5ri","previousOperationId":"znx3vy4kathjgt8"}
{"type":"log","timestamp":1700567495580,"level":"debug","message":"Inline data specified.","meta":{"rootId":"n6zye8degtqexo8","id":"9re4dqdcxvyr947"},"id":"f5zzjy01y22rbku","previousOperationId":"znx3vy4kathjgt8"}
{"type":"log","timestamp":1700567495581,"level":"debug","message":"Base url not specified, skipping its injection.","meta":{"rootId":"n6zye8degtqexo8","id":"9re4dqdcxvyr947"},"id":"n3lhpatohwzwca6","previousOperationId":"znx3vy4kathjgt8"}
{"type":"operationStart","subtype":"engine","name":"handlebars","timestamp":1700567495581,"id":"gg80joa4u3zro2a","previousEventId":"lz93hhmkqoo9iam","operationId":"ii86h1ur5dngq7b","previousOperationId":"znx3vy4kathjgt8"}
{"type":"log","timestamp":1700567495581,"level":"debug","message":"Rendering engine handlebars","meta":{"rootId":"n6zye8degtqexo8","id":"9re4dqdcxvyr947"},"id":"uhr3i1vg7xrjx8d","previousOperationId":"ii86h1ur5dngq7b"}
{"type":"operationEnd","operationId":"ii86h1ur5dngq7b","timestamp":1700567495585,"id":"lyrn14mb3jlq73s","previousEventId":"gg80joa4u3zro2a","previousOperationId":"ii86h1ur5dngq7b"}
{"type":"operationStart","subtype":"recipe","name":"chrome-pdf","timestamp":1700567495585,"id":"5rukjm6r4nk6phc","previousEventId":"lyrn14mb3jlq73s","operationId":"irro914uz832sqh","previousOperationId":"ii86h1ur5dngq7b"}
{"type":"log","timestamp":1700567495585,"level":"debug","message":"Executing recipe chrome-pdf","meta":{"rootId":"n6zye8degtqexo8","id":"9re4dqdcxvyr947"},"id":"xfpq4ep96w20g0w","previousOperationId":"irro914uz832sqh"}
{"type":"log","timestamp":1700567495585,"level":"debug","message":"Converting with chrome HeadlessChrome/117.0.5938.149 using chrome-pool strategy","meta":{"rootId":"n6zye8degtqexo8","id":"9re4dqdcxvyr947"},"id":"d254yse7850t7b8","previousOperationId":"irro914uz832sqh"}
{"type":"log","timestamp":1700567495628,"level":"debug","message":"Page request: GET (document) file:///var/folders/dp/qk79pfcj0y1fmtkkl08m76rc0000gn/T/jsreport/autocleanup/ec45ff45-307e-47c3-9491-618f6cdef54f-chrome-pdf.html","meta":{"rootId":"n6zye8degtqexo8","id":"9re4dqdcxvyr947"},"id":"f7i2wdar4zyqvuf","previousOperationId":"irro914uz832sqh"}
{"type":"log","timestamp":1700567495633,"level":"debug","message":"Page request finished: GET (document) 200 file:///var/folders/dp/qk79pfcj0y1fmtkkl08m76rc0000gn/T/jsreport/autocleanup/ec45ff45-307e-47c3-9491-618f6cdef54f-chrome-pdf.html","meta":{"rootId":"n6zye8degtqexo8","id":"9re4dqdcxvyr947"},"id":"wtplkue57it9ess","previousOperationId":"irro914uz832sqh"}
{"type":"log","timestamp":1700567495641,"level":"debug","message":"Running chrome with params {\"timeout\":59845,\"margin\":{},\"printBackground\":true}","meta":{"rootId":"n6zye8degtqexo8","id":"9re4dqdcxvyr947"},"id":"4psy9gs8iw5o6ip","previousOperationId":"irro914uz832sqh"}
{"type":"operationEnd","operationId":"irro914uz832sqh","timestamp":1700567495647,"id":"0lb8eps5r4w1r2f","previousEventId":"5rukjm6r4nk6phc","previousOperationId":"irro914uz832sqh"}
{"type":"log","timestamp":1700567495647,"level":"debug","message":"Skipping storing report.","meta":{"rootId":"n6zye8degtqexo8","id":"9re4dqdcxvyr947"},"id":"2kyw3fxa8nwlxag","previousOperationId":"irro914uz832sqh"}
{"type":"log","timestamp":1700567495647,"level":"info","message":"Rendering (child) request finished in 217 ms","meta":{"rootId":"n6zye8degtqexo8","id":"9re4dqdcxvyr947"},"id":"pugawclaw561c3d","previousOperationId":"irro914uz832sqh"}
{"type":"operationEnd","subtype":"render","operationId":"znx3vy4kathjgt8","timestamp":1700567495647,"id":"5cf9mrr4a77zgpp","previousEventId":"0lb8eps5r4w1r2f","previousOperationId":"irro914uz832sqh"}
{"type":"operationEnd","operationId":"7olj3mpq4s4bvid","timestamp":1700567495653,"id":"0h40krli1zq9yz6","previousEventId":"n9va2rhw0fdemd8","previousOperationId":"7olj3mpq4s4bvid"}
{"type":"log","timestamp":1700567495653,"level":"debug","message":"pdf-utils postproces start","meta":{"rootId":"n6zye8degtqexo8","id":"n6zye8degtqexo8"},"id":"lu6kq0gi2un4zqj","previousOperationId":"7olj3mpq4s4bvid"}
{"type":"log","timestamp":1700567495661,"level":"debug","message":"pdf-utils postproces end","meta":{"rootId":"n6zye8degtqexo8","id":"n6zye8degtqexo8"},"id":"pg2taqko6l40oad","previousOperationId":"7olj3mpq4s4bvid"}
{"type":"operationEnd","operationId":"ts9ompd1kbm4w3c","timestamp":1700567495661,"id":"i4vd25pfsn3m9pl","previousEventId":"0h40krli1zq9yz6","previousOperationId":"7olj3mpq4s4bvid"}
{"type":"log","timestamp":1700567495661,"level":"info","message":"pdf-utils pdf processing was finished","meta":{"rootId":"n6zye8degtqexo8","id":"n6zye8degtqexo8"},"id":"aqdhyggjf25g00h","previousOperationId":"ts9ompd1kbm4w3c"}
{"type":"log","timestamp":1700567495661,"level":"debug","message":"Skipping storing report.","meta":{"rootId":"n6zye8degtqexo8","id":"n6zye8degtqexo8"},"id":"0xu3xzzcttzcxl7","previousOperationId":"ts9ompd1kbm4w3c"}
{"type":"log","timestamp":1700567495661,"level":"info","message":"Rendering request 29 finished in 231 ms","meta":{"rootId":"n6zye8degtqexo8","id":"n6zye8degtqexo8"},"id":"culpvfx6vy1iy3y","previousOperationId":"ts9ompd1kbm4w3c"}
{"type":"operationEnd","subtype":"render","operationId":"xd9fcymevborpfi","timestamp":1700567495661,"id":"curg82h5e88y09y","previousEventId":"i4vd25pfsn3m9pl","previousOperationId":"ts9ompd1kbm4w3c"}
{"type":"operationEnd","doDiffs":false,"previousEventId":"4g2d5dsoxq2ewut","previousOperationId":"ir9qadufp3la3jh","operationId":"ir9qadufp3la3jh","timestamp":1700567495663,"id":"6k48jk599wjkibz"}
