{"type":"operationStart","subtype":"profile","data":{"_id":"mK77xBa8b6uCSmm8","timestamp":"2023-12-01T08:28:09.973Z","state":"queued","mode":"standard","creationDate":"2023-12-01T08:28:09.977Z","modificationDate":"2023-12-01T08:28:09.977Z","shortid":"mO_DrPS","$entitySet":"profiles"},"doDiffs":false,"timestamp":1701419289976,"id":"4gty0qywlpnyon2","previousOperationId":null,"operationId":"z0cdrwkyzwkukd4"}
{"type":"log","level":"info","message":"Render request 14 queued for execution and waiting for available worker","previousOperationId":"z0cdrwkyzwkukd4","timestamp":1701419289976,"id":"uqa0np5k07yrsgh"}
{"type":"operationStart","subtype":"render","name":"index_poziv","previousOperationId":"z0cdrwkyzwkukd4","timestamp":1701419289997,"id":"77cbyvg0gthct4a","previousEventId":"4gty0qywlpnyon2","operationId":"36vlfykq9kr3gpf"}
{"type":"log","timestamp":1701419289998,"level":"info","message":"Starting rendering request 14","meta":{"rootId":"n8zzmrydtjnojj1","id":"n8zzmrydtjnojj1"},"id":"s5e3gjpkjsji6ij","previousOperationId":"36vlfykq9kr3gpf"}
{"type":"log","timestamp":1701419289998,"level":"info","message":"Rendering template { name: index_poziv, recipe: chrome-pdf, engine: handlebars, preview: true }","meta":{"rootId":"n8zzmrydtjnojj1","id":"n8zzmrydtjnojj1"},"id":"44653cv34tcilkp","previousOperationId":"36vlfykq9kr3gpf"}
{"type":"log","timestamp":1701419289999,"level":"debug","message":"Inline data specified.","meta":{"rootId":"n8zzmrydtjnojj1","id":"n8zzmrydtjnojj1"},"id":"q5fxs0u08f9nvdl","previousOperationId":"36vlfykq9kr3gpf"}
{"type":"log","timestamp":1701419290000,"level":"debug","message":"Base url not specified, skipping its injection.","meta":{"rootId":"n8zzmrydtjnojj1","id":"n8zzmrydtjnojj1"},"id":"avr0pw35rls1773","previousOperationId":"36vlfykq9kr3gpf"}
{"type":"log","timestamp":1701419290003,"level":"debug","message":"Replaced assets [\"styles.css\"]","meta":{"rootId":"n8zzmrydtjnojj1","id":"n8zzmrydtjnojj1"},"id":"ok5wdrktsffyzo1","previousOperationId":"36vlfykq9kr3gpf"}
{"type":"operationStart","subtype":"engine","name":"handlebars","timestamp":1701419290003,"id":"s70qb54sbn1iykq","previousEventId":"77cbyvg0gthct4a","operationId":"b6penc1qurvx5he","previousOperationId":"36vlfykq9kr3gpf"}
{"type":"log","timestamp":1701419290003,"level":"debug","message":"Rendering engine handlebars","meta":{"rootId":"n8zzmrydtjnojj1","id":"n8zzmrydtjnojj1"},"id":"1apiu6psxaxi4mt","previousOperationId":"b6penc1qurvx5he"}
{"type":"operationEnd","operationId":"b6penc1qurvx5he","timestamp":1701419290212,"id":"lt4g21aq7ngx3wr","previousEventId":"s70qb54sbn1iykq","previousOperationId":"b6penc1qurvx5he"}
{"type":"operationStart","subtype":"recipe","name":"chrome-pdf","timestamp":1701419290212,"id":"axf0d2ycvovuxpu","previousEventId":"lt4g21aq7ngx3wr","operationId":"bg17w2bdefw1xfm","previousOperationId":"b6penc1qurvx5he"}
{"type":"log","timestamp":1701419290212,"level":"debug","message":"Executing recipe chrome-pdf","meta":{"rootId":"n8zzmrydtjnojj1","id":"n8zzmrydtjnojj1"},"id":"v7wz6m20vzd3cw7","previousOperationId":"bg17w2bdefw1xfm"}
{"type":"log","timestamp":1701419290393,"level":"debug","message":"Converting with chrome HeadlessChrome/117.0.5938.149 using chrome-pool strategy","meta":{"rootId":"n8zzmrydtjnojj1","id":"n8zzmrydtjnojj1"},"id":"228gebsu788xprg","previousOperationId":"bg17w2bdefw1xfm"}
{"type":"log","timestamp":1701419290436,"level":"debug","message":"Page request: GET (document) file:///var/folders/dp/qk79pfcj0y1fmtkkl08m76rc0000gn/T/jsreport/autocleanup/5bcbea12-779c-4994-8e6c-04f427db0d14-chrome-pdf.html","meta":{"rootId":"n8zzmrydtjnojj1","id":"n8zzmrydtjnojj1"},"id":"bi0dq1ph9yy0b6y","previousOperationId":"bg17w2bdefw1xfm"}
{"type":"log","timestamp":1701419290441,"level":"debug","message":"Page request finished: GET (document) 200 file:///var/folders/dp/qk79pfcj0y1fmtkkl08m76rc0000gn/T/jsreport/autocleanup/5bcbea12-779c-4994-8e6c-04f427db0d14-chrome-pdf.html","meta":{"rootId":"n8zzmrydtjnojj1","id":"n8zzmrydtjnojj1"},"id":"0dotye7xujtzi4t","previousOperationId":"bg17w2bdefw1xfm"}
{"type":"log","timestamp":1701419290447,"level":"debug","message":"Running chrome with params {\"printBackground\":true,\"marginTop\":\"2cm\",\"marginBottom\":\"2cm\",\"timeout\":59755,\"margin\":{\"top\":\"2cm\",\"bottom\":\"2cm\"}}","meta":{"rootId":"n8zzmrydtjnojj1","id":"n8zzmrydtjnojj1"},"id":"hnf07zvybipuhe6","previousOperationId":"bg17w2bdefw1xfm"}
{"type":"operationEnd","operationId":"bg17w2bdefw1xfm","timestamp":1701419290467,"id":"z4izy3elolpuh3j","previousEventId":"axf0d2ycvovuxpu","previousOperationId":"bg17w2bdefw1xfm"}
{"type":"log","timestamp":1701419290467,"level":"info","message":"pdf-utils is starting pdf processing","meta":{"rootId":"n8zzmrydtjnojj1","id":"n8zzmrydtjnojj1"},"id":"taknyyg5vms3swj","previousOperationId":"bg17w2bdefw1xfm"}
{"type":"operationStart","subtype":"pdfUtils","name":"pdf utils","timestamp":1701419290502,"id":"x9myyrwze8agvsj","previousEventId":"z4izy3elolpuh3j","operationId":"s0bqjq8wa1ffn1a","previousOperationId":"bg17w2bdefw1xfm"}
{"type":"log","timestamp":1701419290502,"level":"debug","message":"pdf-utils detected 1 pdf operation(s) to process","meta":{"rootId":"n8zzmrydtjnojj1","id":"n8zzmrydtjnojj1"},"id":"vewo2dwbi87z65f","previousOperationId":"s0bqjq8wa1ffn1a"}
{"type":"log","timestamp":1701419290554,"level":"debug","message":"pdf-utils running pdf operation merge","meta":{"rootId":"n8zzmrydtjnojj1","id":"n8zzmrydtjnojj1"},"id":"s6zxk0397siqbva","previousOperationId":"s0bqjq8wa1ffn1a"}
{"type":"operationStart","subtype":"pdfUtilsMerge","name":"pdf utils merge","previousOperationId":"s0bqjq8wa1ffn1a","timestamp":1701419290554,"id":"e6i09mthrn9dmvz","previousEventId":"x9myyrwze8agvsj","operationId":"ziw6ydwotewhf8j"}
{"type":"operationStart","subtype":"render","name":"header-footer","previousOperationId":"ziw6ydwotewhf8j","timestamp":1701419290555,"id":"mq8l9f8khf9nn64","previousEventId":"e6i09mthrn9dmvz","operationId":"o0if0g2xkp334mc"}
{"type":"log","timestamp":1701419290555,"level":"info","message":"Starting rendering (child) request","meta":{"rootId":"n8zzmrydtjnojj1","id":"9ye9k3li59964om"},"id":"7i8h8yzv6bsl95f","previousOperationId":"o0if0g2xkp334mc"}
{"type":"log","timestamp":1701419290555,"level":"info","message":"Rendering template { name: header-footer, recipe: chrome-pdf, engine: handlebars, preview: true }","meta":{"rootId":"n8zzmrydtjnojj1","id":"9ye9k3li59964om"},"id":"y5gf49tcsr26xdn","previousOperationId":"o0if0g2xkp334mc"}
{"type":"log","timestamp":1701419290556,"level":"debug","message":"Inline data specified.","meta":{"rootId":"n8zzmrydtjnojj1","id":"9ye9k3li59964om"},"id":"u5nrgewg2tfmpfm","previousOperationId":"o0if0g2xkp334mc"}
{"type":"log","timestamp":1701419290557,"level":"debug","message":"Base url not specified, skipping its injection.","meta":{"rootId":"n8zzmrydtjnojj1","id":"9ye9k3li59964om"},"id":"mwjsxi9ilmcethn","previousOperationId":"o0if0g2xkp334mc"}
{"type":"operationStart","subtype":"engine","name":"handlebars","timestamp":1701419290557,"id":"dw9007tx3niyqzz","previousEventId":"mq8l9f8khf9nn64","operationId":"tqo4hl1b3p7hxux","previousOperationId":"o0if0g2xkp334mc"}
{"type":"log","timestamp":1701419290557,"level":"debug","message":"Rendering engine handlebars","meta":{"rootId":"n8zzmrydtjnojj1","id":"9ye9k3li59964om"},"id":"53fczpmtryb63os","previousOperationId":"tqo4hl1b3p7hxux"}
{"type":"operationEnd","operationId":"tqo4hl1b3p7hxux","timestamp":1701419290612,"id":"xdwxuos0jzt8jw9","previousEventId":"dw9007tx3niyqzz","previousOperationId":"tqo4hl1b3p7hxux"}
{"type":"operationStart","subtype":"recipe","name":"chrome-pdf","timestamp":1701419290612,"id":"m3i8njikhmynqfw","previousEventId":"xdwxuos0jzt8jw9","operationId":"mr0h8cr9tmsmsdb","previousOperationId":"tqo4hl1b3p7hxux"}
{"type":"log","timestamp":1701419290612,"level":"debug","message":"Executing recipe chrome-pdf","meta":{"rootId":"n8zzmrydtjnojj1","id":"9ye9k3li59964om"},"id":"w9gm6bka43373wk","previousOperationId":"mr0h8cr9tmsmsdb"}
{"type":"log","timestamp":1701419290614,"level":"debug","message":"Converting with chrome HeadlessChrome/117.0.5938.149 using chrome-pool strategy","meta":{"rootId":"n8zzmrydtjnojj1","id":"9ye9k3li59964om"},"id":"2npfrsj1f0wky5y","previousOperationId":"mr0h8cr9tmsmsdb"}
{"type":"log","timestamp":1701419290652,"level":"debug","message":"Page request: GET (document) file:///var/folders/dp/qk79pfcj0y1fmtkkl08m76rc0000gn/T/jsreport/autocleanup/7c98bdd6-84a2-4acb-8e78-52d570175660-chrome-pdf.html","meta":{"rootId":"n8zzmrydtjnojj1","id":"9ye9k3li59964om"},"id":"xrvmwh6qvrey5hs","previousOperationId":"mr0h8cr9tmsmsdb"}
{"type":"log","timestamp":1701419290657,"level":"debug","message":"Page request finished: GET (document) 200 file:///var/folders/dp/qk79pfcj0y1fmtkkl08m76rc0000gn/T/jsreport/autocleanup/7c98bdd6-84a2-4acb-8e78-52d570175660-chrome-pdf.html","meta":{"rootId":"n8zzmrydtjnojj1","id":"9ye9k3li59964om"},"id":"atxubx31cyczasa","previousOperationId":"mr0h8cr9tmsmsdb"}
{"type":"log","timestamp":1701419290663,"level":"debug","message":"Running chrome with params {\"timeout\":59359,\"margin\":{},\"printBackground\":true}","meta":{"rootId":"n8zzmrydtjnojj1","id":"9ye9k3li59964om"},"id":"qzibc7e0i88qdec","previousOperationId":"mr0h8cr9tmsmsdb"}
{"type":"operationEnd","operationId":"mr0h8cr9tmsmsdb","timestamp":1701419290669,"id":"kwfiptpqztfio3c","previousEventId":"m3i8njikhmynqfw","previousOperationId":"mr0h8cr9tmsmsdb"}
{"type":"log","timestamp":1701419290669,"level":"debug","message":"Skipping storing report.","meta":{"rootId":"n8zzmrydtjnojj1","id":"9ye9k3li59964om"},"id":"7p504gqz3fet8ro","previousOperationId":"mr0h8cr9tmsmsdb"}
{"type":"log","timestamp":1701419290669,"level":"info","message":"Rendering (child) request finished in 697 ms","meta":{"rootId":"n8zzmrydtjnojj1","id":"9ye9k3li59964om"},"id":"7ved4s02cch11ig","previousOperationId":"mr0h8cr9tmsmsdb"}
{"type":"operationEnd","subtype":"render","operationId":"o0if0g2xkp334mc","timestamp":1701419290669,"id":"9vbpj57yog3vfym","previousEventId":"kwfiptpqztfio3c","previousOperationId":"mr0h8cr9tmsmsdb"}
{"type":"operationEnd","operationId":"ziw6ydwotewhf8j","timestamp":1701419290680,"id":"pqgmq70nun36llc","previousEventId":"e6i09mthrn9dmvz","previousOperationId":"ziw6ydwotewhf8j"}
{"type":"log","timestamp":1701419290680,"level":"debug","message":"pdf-utils postproces start","meta":{"rootId":"n8zzmrydtjnojj1","id":"n8zzmrydtjnojj1"},"id":"9qcx4rs5l68mz1h","previousOperationId":"ziw6ydwotewhf8j"}
{"type":"log","timestamp":1701419290691,"level":"debug","message":"pdf-utils postproces end","meta":{"rootId":"n8zzmrydtjnojj1","id":"n8zzmrydtjnojj1"},"id":"fp8to4r49pqlir4","previousOperationId":"ziw6ydwotewhf8j"}
{"type":"operationEnd","operationId":"s0bqjq8wa1ffn1a","timestamp":1701419290691,"id":"7hipg535lmdx8ln","previousEventId":"pqgmq70nun36llc","previousOperationId":"ziw6ydwotewhf8j"}
{"type":"log","timestamp":1701419290691,"level":"info","message":"pdf-utils pdf processing was finished","meta":{"rootId":"n8zzmrydtjnojj1","id":"n8zzmrydtjnojj1"},"id":"thyk4i4gi25vvrf","previousOperationId":"s0bqjq8wa1ffn1a"}
{"type":"log","timestamp":1701419290691,"level":"debug","message":"Skipping storing report.","meta":{"rootId":"n8zzmrydtjnojj1","id":"n8zzmrydtjnojj1"},"id":"94wkcgmvdqcuoi9","previousOperationId":"s0bqjq8wa1ffn1a"}
{"type":"log","timestamp":1701419290691,"level":"info","message":"Rendering request 14 finished in 719 ms","meta":{"rootId":"n8zzmrydtjnojj1","id":"n8zzmrydtjnojj1"},"id":"cydqnrifgko5szk","previousOperationId":"s0bqjq8wa1ffn1a"}
{"type":"operationEnd","subtype":"render","operationId":"36vlfykq9kr3gpf","timestamp":1701419290691,"id":"eudqcc4t8gvtszs","previousEventId":"7hipg535lmdx8ln","previousOperationId":"s0bqjq8wa1ffn1a"}
{"type":"operationEnd","doDiffs":false,"previousEventId":"4gty0qywlpnyon2","previousOperationId":"z0cdrwkyzwkukd4","operationId":"z0cdrwkyzwkukd4","timestamp":1701419290696,"id":"fw9f3atvq7ke4gu"}
