{"type":"operationStart","subtype":"profile","data":{"_id":"Z50l0aFhRuC8ysr6","timestamp":"2023-12-01T08:29:43.569Z","state":"queued","mode":"standard","creationDate":"2023-12-01T08:29:43.571Z","modificationDate":"2023-12-01T08:29:43.571Z","shortid":"JH6O9vb","$entitySet":"profiles"},"doDiffs":false,"timestamp":1701419383570,"id":"k4wnrf6hsyj85pv","previousOperationId":null,"operationId":"lxoi2vtd5uuceb0"}
{"type":"log","level":"info","message":"Render request 15 queued for execution and waiting for available worker","previousOperationId":"lxoi2vtd5uuceb0","timestamp":1701419383570,"id":"m0jsssefw4dwezi"}
{"type":"operationStart","subtype":"render","name":"index_poziv","previousOperationId":"lxoi2vtd5uuceb0","timestamp":1701419383591,"id":"kma1518pmglv377","previousEventId":"k4wnrf6hsyj85pv","operationId":"dir6n09v0yj6ls3"}
{"type":"log","timestamp":1701419383592,"level":"info","message":"Starting rendering request 15","meta":{"rootId":"nic41ebjzun9mq5","id":"nic41ebjzun9mq5"},"id":"59qpos4kaz3psxg","previousOperationId":"dir6n09v0yj6ls3"}
{"type":"log","timestamp":1701419383592,"level":"info","message":"Rendering template { name: index_poziv, recipe: chrome-pdf, engine: handlebars, preview: true }","meta":{"rootId":"nic41ebjzun9mq5","id":"nic41ebjzun9mq5"},"id":"gic8nnotjf0lkm6","previousOperationId":"dir6n09v0yj6ls3"}
{"type":"log","timestamp":1701419383593,"level":"debug","message":"Inline data specified.","meta":{"rootId":"nic41ebjzun9mq5","id":"nic41ebjzun9mq5"},"id":"rej960ts9ci6zoh","previousOperationId":"dir6n09v0yj6ls3"}
{"type":"log","timestamp":1701419383595,"level":"debug","message":"Base url not specified, skipping its injection.","meta":{"rootId":"nic41ebjzun9mq5","id":"nic41ebjzun9mq5"},"id":"vm4uc3vxqn3morc","previousOperationId":"dir6n09v0yj6ls3"}
{"type":"log","timestamp":1701419383598,"level":"debug","message":"Replaced assets [\"styles.css\"]","meta":{"rootId":"nic41ebjzun9mq5","id":"nic41ebjzun9mq5"},"id":"tv6pc5mhhxwo1hd","previousOperationId":"dir6n09v0yj6ls3"}
{"type":"operationStart","subtype":"engine","name":"handlebars","timestamp":1701419383598,"id":"pfjs5dca2z11z9g","previousEventId":"kma1518pmglv377","operationId":"7e4ryzhmfkji9fp","previousOperationId":"dir6n09v0yj6ls3"}
{"type":"log","timestamp":1701419383598,"level":"debug","message":"Rendering engine handlebars","meta":{"rootId":"nic41ebjzun9mq5","id":"nic41ebjzun9mq5"},"id":"9yrsxkavjfla0uk","previousOperationId":"7e4ryzhmfkji9fp"}
{"type":"operationEnd","operationId":"7e4ryzhmfkji9fp","timestamp":1701419383622,"id":"cdrjszdbkvezmr0","previousEventId":"pfjs5dca2z11z9g","previousOperationId":"7e4ryzhmfkji9fp"}
{"type":"operationStart","subtype":"recipe","name":"chrome-pdf","timestamp":1701419383622,"id":"0rfams2ypccnizw","previousEventId":"cdrjszdbkvezmr0","operationId":"fjhd0w3qvll0u2i","previousOperationId":"7e4ryzhmfkji9fp"}
{"type":"log","timestamp":1701419383623,"level":"debug","message":"Executing recipe chrome-pdf","meta":{"rootId":"nic41ebjzun9mq5","id":"nic41ebjzun9mq5"},"id":"aewuweg96ni670v","previousOperationId":"fjhd0w3qvll0u2i"}
{"type":"log","timestamp":1701419383624,"level":"debug","message":"Converting with chrome HeadlessChrome/117.0.5938.149 using chrome-pool strategy","meta":{"rootId":"nic41ebjzun9mq5","id":"nic41ebjzun9mq5"},"id":"08qu17ia2jixmog","previousOperationId":"fjhd0w3qvll0u2i"}
{"type":"log","timestamp":1701419383664,"level":"debug","message":"Page request: GET (document) file:///var/folders/dp/qk79pfcj0y1fmtkkl08m76rc0000gn/T/jsreport/autocleanup/2f2a469f-c49e-4b5a-bcab-2c44215e97b4-chrome-pdf.html","meta":{"rootId":"nic41ebjzun9mq5","id":"nic41ebjzun9mq5"},"id":"s87p4scp746kvcq","previousOperationId":"fjhd0w3qvll0u2i"}
{"type":"log","timestamp":1701419383668,"level":"debug","message":"Page request finished: GET (document) 200 file:///var/folders/dp/qk79pfcj0y1fmtkkl08m76rc0000gn/T/jsreport/autocleanup/2f2a469f-c49e-4b5a-bcab-2c44215e97b4-chrome-pdf.html","meta":{"rootId":"nic41ebjzun9mq5","id":"nic41ebjzun9mq5"},"id":"ocohfyh2h19tmrd","previousOperationId":"fjhd0w3qvll0u2i"}
{"type":"log","timestamp":1701419383677,"level":"debug","message":"Running chrome with params {\"printBackground\":true,\"marginTop\":\"2cm\",\"marginBottom\":\"2cm\",\"timeout\":59946,\"margin\":{\"top\":\"2cm\",\"bottom\":\"2cm\"}}","meta":{"rootId":"nic41ebjzun9mq5","id":"nic41ebjzun9mq5"},"id":"jst0j8o5i3tr66m","previousOperationId":"fjhd0w3qvll0u2i"}
{"type":"operationEnd","operationId":"fjhd0w3qvll0u2i","timestamp":1701419383697,"id":"01w21079bmipdeu","previousEventId":"0rfams2ypccnizw","previousOperationId":"fjhd0w3qvll0u2i"}
{"type":"log","timestamp":1701419383697,"level":"info","message":"pdf-utils is starting pdf processing","meta":{"rootId":"nic41ebjzun9mq5","id":"nic41ebjzun9mq5"},"id":"qi6t6zwz38t3cg1","previousOperationId":"fjhd0w3qvll0u2i"}
{"type":"operationStart","subtype":"pdfUtils","name":"pdf utils","timestamp":1701419383697,"id":"b23tb3gp4yx8nfm","previousEventId":"01w21079bmipdeu","operationId":"zk6kbblu7s0voje","previousOperationId":"fjhd0w3qvll0u2i"}
{"type":"log","timestamp":1701419383697,"level":"debug","message":"pdf-utils detected 1 pdf operation(s) to process","meta":{"rootId":"nic41ebjzun9mq5","id":"nic41ebjzun9mq5"},"id":"vzm9o9kidh0n7ii","previousOperationId":"zk6kbblu7s0voje"}
{"type":"log","timestamp":1701419383727,"level":"debug","message":"pdf-utils running pdf operation merge","meta":{"rootId":"nic41ebjzun9mq5","id":"nic41ebjzun9mq5"},"id":"2d37l4im9vbi8f1","previousOperationId":"zk6kbblu7s0voje"}
{"type":"operationStart","subtype":"pdfUtilsMerge","name":"pdf utils merge","previousOperationId":"zk6kbblu7s0voje","timestamp":1701419383727,"id":"j2479lp031l5dlq","previousEventId":"b23tb3gp4yx8nfm","operationId":"bpnpqp1248za6jz"}
{"type":"operationStart","subtype":"render","name":"header-footer","previousOperationId":"bpnpqp1248za6jz","timestamp":1701419383728,"id":"gpw9xc6lzt5m6fc","previousEventId":"j2479lp031l5dlq","operationId":"19pyxnc0ta1zh72"}
{"type":"log","timestamp":1701419383728,"level":"info","message":"Starting rendering (child) request","meta":{"rootId":"nic41ebjzun9mq5","id":"h08e6u3mk6uyla1"},"id":"fjeuymeynfa5khn","previousOperationId":"19pyxnc0ta1zh72"}
{"type":"log","timestamp":1701419383728,"level":"info","message":"Rendering template { name: header-footer, recipe: chrome-pdf, engine: handlebars, preview: true }","meta":{"rootId":"nic41ebjzun9mq5","id":"h08e6u3mk6uyla1"},"id":"wtp8562o2j388ei","previousOperationId":"19pyxnc0ta1zh72"}
{"type":"log","timestamp":1701419383728,"level":"debug","message":"Inline data specified.","meta":{"rootId":"nic41ebjzun9mq5","id":"h08e6u3mk6uyla1"},"id":"4bny7zlwrt5ux8c","previousOperationId":"19pyxnc0ta1zh72"}
{"type":"log","timestamp":1701419383730,"level":"debug","message":"Base url not specified, skipping its injection.","meta":{"rootId":"nic41ebjzun9mq5","id":"h08e6u3mk6uyla1"},"id":"nsa2fvtpbzkt8wh","previousOperationId":"19pyxnc0ta1zh72"}
{"type":"operationStart","subtype":"engine","name":"handlebars","timestamp":1701419383730,"id":"jtfrznk72ml8uk0","previousEventId":"gpw9xc6lzt5m6fc","operationId":"fb97q8sfk7affjs","previousOperationId":"19pyxnc0ta1zh72"}
{"type":"log","timestamp":1701419383730,"level":"debug","message":"Rendering engine handlebars","meta":{"rootId":"nic41ebjzun9mq5","id":"h08e6u3mk6uyla1"},"id":"pqx98vfbs5cu681","previousOperationId":"fb97q8sfk7affjs"}
{"type":"operationEnd","operationId":"fb97q8sfk7affjs","timestamp":1701419383734,"id":"1yhy0xm1n1n7way","previousEventId":"jtfrznk72ml8uk0","previousOperationId":"fb97q8sfk7affjs"}
{"type":"operationStart","subtype":"recipe","name":"chrome-pdf","timestamp":1701419383734,"id":"y15ekpuw0ctwd3k","previousEventId":"1yhy0xm1n1n7way","operationId":"u8kilwxnfhksk1y","previousOperationId":"fb97q8sfk7affjs"}
{"type":"log","timestamp":1701419383734,"level":"debug","message":"Executing recipe chrome-pdf","meta":{"rootId":"nic41ebjzun9mq5","id":"h08e6u3mk6uyla1"},"id":"ouv537cfrl2w7e6","previousOperationId":"u8kilwxnfhksk1y"}
{"type":"log","timestamp":1701419383735,"level":"debug","message":"Converting with chrome HeadlessChrome/117.0.5938.149 using chrome-pool strategy","meta":{"rootId":"nic41ebjzun9mq5","id":"h08e6u3mk6uyla1"},"id":"slqrsy9iegxjzoo","previousOperationId":"u8kilwxnfhksk1y"}
{"type":"log","timestamp":1701419383780,"level":"debug","message":"Page request: GET (document) file:///var/folders/dp/qk79pfcj0y1fmtkkl08m76rc0000gn/T/jsreport/autocleanup/3558651d-985a-4607-9456-a991320cdad0-chrome-pdf.html","meta":{"rootId":"nic41ebjzun9mq5","id":"h08e6u3mk6uyla1"},"id":"len2mmp3k8r33t1","previousOperationId":"u8kilwxnfhksk1y"}
{"type":"log","timestamp":1701419383784,"level":"debug","message":"Page request finished: GET (document) 200 file:///var/folders/dp/qk79pfcj0y1fmtkkl08m76rc0000gn/T/jsreport/autocleanup/3558651d-985a-4607-9456-a991320cdad0-chrome-pdf.html","meta":{"rootId":"nic41ebjzun9mq5","id":"h08e6u3mk6uyla1"},"id":"m3fmrhdb20ud6kp","previousOperationId":"u8kilwxnfhksk1y"}
{"type":"log","timestamp":1701419383791,"level":"debug","message":"Running chrome with params {\"timeout\":59834,\"margin\":{},\"printBackground\":true}","meta":{"rootId":"nic41ebjzun9mq5","id":"h08e6u3mk6uyla1"},"id":"mv32tx2iy8dcrak","previousOperationId":"u8kilwxnfhksk1y"}
{"type":"operationEnd","operationId":"u8kilwxnfhksk1y","timestamp":1701419383797,"id":"ijb9rvorzo0xqhf","previousEventId":"y15ekpuw0ctwd3k","previousOperationId":"u8kilwxnfhksk1y"}
{"type":"log","timestamp":1701419383797,"level":"debug","message":"Skipping storing report.","meta":{"rootId":"nic41ebjzun9mq5","id":"h08e6u3mk6uyla1"},"id":"dq1rup4caja126e","previousOperationId":"u8kilwxnfhksk1y"}
{"type":"log","timestamp":1701419383797,"level":"info","message":"Rendering (child) request finished in 228 ms","meta":{"rootId":"nic41ebjzun9mq5","id":"h08e6u3mk6uyla1"},"id":"fqd3ugxmvo3dxwf","previousOperationId":"u8kilwxnfhksk1y"}
{"type":"operationEnd","subtype":"render","operationId":"19pyxnc0ta1zh72","timestamp":1701419383797,"id":"ufsizjs0mbl6j5i","previousEventId":"ijb9rvorzo0xqhf","previousOperationId":"u8kilwxnfhksk1y"}
{"type":"operationEnd","operationId":"bpnpqp1248za6jz","timestamp":1701419383804,"id":"3x68gbehcixdpaw","previousEventId":"j2479lp031l5dlq","previousOperationId":"bpnpqp1248za6jz"}
{"type":"log","timestamp":1701419383804,"level":"debug","message":"pdf-utils postproces start","meta":{"rootId":"nic41ebjzun9mq5","id":"nic41ebjzun9mq5"},"id":"fsuuphgepcrz3h5","previousOperationId":"bpnpqp1248za6jz"}
{"type":"log","timestamp":1701419383813,"level":"debug","message":"pdf-utils postproces end","meta":{"rootId":"nic41ebjzun9mq5","id":"nic41ebjzun9mq5"},"id":"79dyyyp1j44r0c1","previousOperationId":"bpnpqp1248za6jz"}
{"type":"operationEnd","operationId":"zk6kbblu7s0voje","timestamp":1701419383813,"id":"azbhnq9sizrhrs7","previousEventId":"3x68gbehcixdpaw","previousOperationId":"bpnpqp1248za6jz"}
{"type":"log","timestamp":1701419383813,"level":"info","message":"pdf-utils pdf processing was finished","meta":{"rootId":"nic41ebjzun9mq5","id":"nic41ebjzun9mq5"},"id":"17hs0xk9aboq7eg","previousOperationId":"zk6kbblu7s0voje"}
{"type":"log","timestamp":1701419383813,"level":"debug","message":"Skipping storing report.","meta":{"rootId":"nic41ebjzun9mq5","id":"nic41ebjzun9mq5"},"id":"jmjhu96p0riblqt","previousOperationId":"zk6kbblu7s0voje"}
{"type":"log","timestamp":1701419383813,"level":"info","message":"Rendering request 15 finished in 244 ms","meta":{"rootId":"nic41ebjzun9mq5","id":"nic41ebjzun9mq5"},"id":"n544mw6hhpas2o0","previousOperationId":"zk6kbblu7s0voje"}
{"type":"operationEnd","subtype":"render","operationId":"dir6n09v0yj6ls3","timestamp":1701419383813,"id":"t6h8t5mwesbn5vd","previousEventId":"azbhnq9sizrhrs7","previousOperationId":"zk6kbblu7s0voje"}
{"type":"operationEnd","doDiffs":false,"previousEventId":"k4wnrf6hsyj85pv","previousOperationId":"lxoi2vtd5uuceb0","operationId":"lxoi2vtd5uuceb0","timestamp":1701419383814,"id":"ksjvs4b213dm324"}
