{"type":"operationStart","subtype":"profile","data":{"_id":"YJiSxzVexJi14llO","timestamp":"2023-12-01T08:46:41.563Z","state":"queued","mode":"standard","creationDate":"2023-12-01T08:46:41.565Z","modificationDate":"2023-12-01T08:46:41.565Z","shortid":"9FYijvM","$entitySet":"profiles"},"doDiffs":false,"timestamp":1701420401564,"id":"4zmtm2sk8zwxsul","previousOperationId":null,"operationId":"diyk2apu1u2720t"}
{"type":"log","level":"info","message":"Render request 23 queued for execution and waiting for available worker","previousOperationId":"diyk2apu1u2720t","timestamp":1701420401564,"id":"37041gz0w5ez903"}
{"type":"operationStart","subtype":"render","name":"index_poziv","previousOperationId":"diyk2apu1u2720t","timestamp":1701420401577,"id":"95lwsfip840rbyr","previousEventId":"4zmtm2sk8zwxsul","operationId":"dizgtv42ovgoqvo"}
{"type":"log","timestamp":1701420401577,"level":"info","message":"Starting rendering request 23","meta":{"rootId":"oqbkwklc1i7a67z","id":"oqbkwklc1i7a67z"},"id":"1oetho845p5v2tw","previousOperationId":"dizgtv42ovgoqvo"}
{"type":"log","timestamp":1701420401577,"level":"info","message":"Rendering template { name: index_poziv, recipe: chrome-pdf, engine: handlebars, preview: true }","meta":{"rootId":"oqbkwklc1i7a67z","id":"oqbkwklc1i7a67z"},"id":"ptm5d8li81awhkx","previousOperationId":"dizgtv42ovgoqvo"}
{"type":"log","timestamp":1701420401578,"level":"debug","message":"Inline data specified.","meta":{"rootId":"oqbkwklc1i7a67z","id":"oqbkwklc1i7a67z"},"id":"llp8nmssu7jwjmi","previousOperationId":"dizgtv42ovgoqvo"}
{"type":"log","timestamp":1701420401580,"level":"debug","message":"Base url not specified, skipping its injection.","meta":{"rootId":"oqbkwklc1i7a67z","id":"oqbkwklc1i7a67z"},"id":"b82baomaybs4uoq","previousOperationId":"dizgtv42ovgoqvo"}
{"type":"log","timestamp":1701420401581,"level":"debug","message":"Replaced assets [\"styles.css\"]","meta":{"rootId":"oqbkwklc1i7a67z","id":"oqbkwklc1i7a67z"},"id":"3hc6zlse397dmfw","previousOperationId":"dizgtv42ovgoqvo"}
{"type":"operationStart","subtype":"engine","name":"handlebars","timestamp":1701420401581,"id":"r7tnsur1vn8p8zv","previousEventId":"95lwsfip840rbyr","operationId":"7h1nt12wmdhjgpp","previousOperationId":"dizgtv42ovgoqvo"}
{"type":"log","timestamp":1701420401582,"level":"debug","message":"Rendering engine handlebars","meta":{"rootId":"oqbkwklc1i7a67z","id":"oqbkwklc1i7a67z"},"id":"gde9f4g4ghs3zrq","previousOperationId":"7h1nt12wmdhjgpp"}
{"type":"operationEnd","operationId":"7h1nt12wmdhjgpp","timestamp":1701420401598,"id":"fnhp4gw7agcrugn","previousEventId":"r7tnsur1vn8p8zv","previousOperationId":"7h1nt12wmdhjgpp"}
{"type":"operationStart","subtype":"recipe","name":"chrome-pdf","timestamp":1701420401598,"id":"zysszhcwkop6yms","previousEventId":"fnhp4gw7agcrugn","operationId":"vohgzhppuedfvnn","previousOperationId":"7h1nt12wmdhjgpp"}
{"type":"log","timestamp":1701420401598,"level":"debug","message":"Executing recipe chrome-pdf","meta":{"rootId":"oqbkwklc1i7a67z","id":"oqbkwklc1i7a67z"},"id":"fqbkrwk78hu1z3p","previousOperationId":"vohgzhppuedfvnn"}
{"type":"log","timestamp":1701420401599,"level":"debug","message":"Converting with chrome HeadlessChrome/117.0.5938.149 using chrome-pool strategy","meta":{"rootId":"oqbkwklc1i7a67z","id":"oqbkwklc1i7a67z"},"id":"9bymvquaeczb3ai","previousOperationId":"vohgzhppuedfvnn"}
{"type":"log","timestamp":1701420401647,"level":"debug","message":"Page request: GET (document) file:///var/folders/dp/qk79pfcj0y1fmtkkl08m76rc0000gn/T/jsreport/autocleanup/5c6ebf3d-2d01-43bb-8a3b-bd654fa5ed09-chrome-pdf.html","meta":{"rootId":"oqbkwklc1i7a67z","id":"oqbkwklc1i7a67z"},"id":"9jn6hqkqr4itw70","previousOperationId":"vohgzhppuedfvnn"}
{"type":"log","timestamp":1701420401652,"level":"debug","message":"Page request finished: GET (document) 200 file:///var/folders/dp/qk79pfcj0y1fmtkkl08m76rc0000gn/T/jsreport/autocleanup/5c6ebf3d-2d01-43bb-8a3b-bd654fa5ed09-chrome-pdf.html","meta":{"rootId":"oqbkwklc1i7a67z","id":"oqbkwklc1i7a67z"},"id":"6q6h4mu5tvioi72","previousOperationId":"vohgzhppuedfvnn"}
{"type":"log","timestamp":1701420401663,"level":"debug","message":"Running chrome with params {\"printBackground\":true,\"marginTop\":\"2cm\",\"marginBottom\":\"2cm\",\"timeout\":59964,\"margin\":{\"top\":\"2cm\",\"bottom\":\"2cm\"}}","meta":{"rootId":"oqbkwklc1i7a67z","id":"oqbkwklc1i7a67z"},"id":"z43y4tjth5eylzm","previousOperationId":"vohgzhppuedfvnn"}
{"type":"operationEnd","operationId":"vohgzhppuedfvnn","timestamp":1701420401685,"id":"ct49g5m2yy9xtyv","previousEventId":"zysszhcwkop6yms","previousOperationId":"vohgzhppuedfvnn"}
{"type":"log","timestamp":1701420401685,"level":"info","message":"pdf-utils is starting pdf processing","meta":{"rootId":"oqbkwklc1i7a67z","id":"oqbkwklc1i7a67z"},"id":"r0y7jb164ftsvjb","previousOperationId":"vohgzhppuedfvnn"}
{"type":"operationStart","subtype":"pdfUtils","name":"pdf utils","timestamp":1701420401685,"id":"qntmw5ytij22ivp","previousEventId":"ct49g5m2yy9xtyv","operationId":"oh32hcpxfpek8v8","previousOperationId":"vohgzhppuedfvnn"}
{"type":"log","timestamp":1701420401685,"level":"debug","message":"pdf-utils detected 1 pdf operation(s) to process","meta":{"rootId":"oqbkwklc1i7a67z","id":"oqbkwklc1i7a67z"},"id":"3ig2c0cd23gueks","previousOperationId":"oh32hcpxfpek8v8"}
{"type":"log","timestamp":1701420401703,"level":"debug","message":"pdf-utils running pdf operation merge","meta":{"rootId":"oqbkwklc1i7a67z","id":"oqbkwklc1i7a67z"},"id":"9du59otf9dyw1nt","previousOperationId":"oh32hcpxfpek8v8"}
{"type":"operationStart","subtype":"pdfUtilsMerge","name":"pdf utils merge","previousOperationId":"oh32hcpxfpek8v8","timestamp":1701420401703,"id":"kyls5jn39xvj0m6","previousEventId":"qntmw5ytij22ivp","operationId":"sjlevubu9os49vn"}
{"type":"operationStart","subtype":"render","name":"header-footer","previousOperationId":"sjlevubu9os49vn","timestamp":1701420401704,"id":"rrq5ck4xswl9b8n","previousEventId":"kyls5jn39xvj0m6","operationId":"8jyhrj3t6u5emz1"}
{"type":"log","timestamp":1701420401704,"level":"info","message":"Starting rendering (child) request","meta":{"rootId":"oqbkwklc1i7a67z","id":"q5g9lqefmu3su1d"},"id":"wgg3md4rebesw3w","previousOperationId":"8jyhrj3t6u5emz1"}
{"type":"log","timestamp":1701420401704,"level":"info","message":"Rendering template { name: header-footer, recipe: chrome-pdf, engine: handlebars, preview: true }","meta":{"rootId":"oqbkwklc1i7a67z","id":"q5g9lqefmu3su1d"},"id":"9r1mv2ymg1xr650","previousOperationId":"8jyhrj3t6u5emz1"}
{"type":"log","timestamp":1701420401705,"level":"debug","message":"Inline data specified.","meta":{"rootId":"oqbkwklc1i7a67z","id":"q5g9lqefmu3su1d"},"id":"wuuoq2hktp9tpix","previousOperationId":"8jyhrj3t6u5emz1"}
{"type":"log","timestamp":1701420401705,"level":"debug","message":"Base url not specified, skipping its injection.","meta":{"rootId":"oqbkwklc1i7a67z","id":"q5g9lqefmu3su1d"},"id":"6w9o5iho3qmnk6z","previousOperationId":"8jyhrj3t6u5emz1"}
{"type":"operationStart","subtype":"engine","name":"handlebars","timestamp":1701420401705,"id":"2tl4pdke4i8ovfr","previousEventId":"rrq5ck4xswl9b8n","operationId":"19v4ldwjoiqq45o","previousOperationId":"8jyhrj3t6u5emz1"}
{"type":"log","timestamp":1701420401705,"level":"debug","message":"Rendering engine handlebars","meta":{"rootId":"oqbkwklc1i7a67z","id":"q5g9lqefmu3su1d"},"id":"knvqf7xfdpe3g7u","previousOperationId":"19v4ldwjoiqq45o"}
{"type":"operationEnd","operationId":"19v4ldwjoiqq45o","timestamp":1701420401710,"id":"r338mxgkna5ewj7","previousEventId":"2tl4pdke4i8ovfr","previousOperationId":"19v4ldwjoiqq45o"}
{"type":"operationStart","subtype":"recipe","name":"chrome-pdf","timestamp":1701420401710,"id":"59l4av201mebekn","previousEventId":"r338mxgkna5ewj7","operationId":"gmcgwipx4v3jv80","previousOperationId":"19v4ldwjoiqq45o"}
{"type":"log","timestamp":1701420401710,"level":"debug","message":"Executing recipe chrome-pdf","meta":{"rootId":"oqbkwklc1i7a67z","id":"q5g9lqefmu3su1d"},"id":"cfz48a7kc9lc4je","previousOperationId":"gmcgwipx4v3jv80"}
{"type":"log","timestamp":1701420401712,"level":"debug","message":"Converting with chrome HeadlessChrome/117.0.5938.149 using chrome-pool strategy","meta":{"rootId":"oqbkwklc1i7a67z","id":"q5g9lqefmu3su1d"},"id":"asvqcpl69z1wdz8","previousOperationId":"gmcgwipx4v3jv80"}
{"type":"log","timestamp":1701420401762,"level":"debug","message":"Page request: GET (document) file:///var/folders/dp/qk79pfcj0y1fmtkkl08m76rc0000gn/T/jsreport/autocleanup/e8dae6b7-db90-4d46-a429-847ea1dc6f75-chrome-pdf.html","meta":{"rootId":"oqbkwklc1i7a67z","id":"q5g9lqefmu3su1d"},"id":"3aiojt5h1wvkwou","previousOperationId":"gmcgwipx4v3jv80"}
{"type":"log","timestamp":1701420401767,"level":"debug","message":"Page request finished: GET (document) 200 file:///var/folders/dp/qk79pfcj0y1fmtkkl08m76rc0000gn/T/jsreport/autocleanup/e8dae6b7-db90-4d46-a429-847ea1dc6f75-chrome-pdf.html","meta":{"rootId":"oqbkwklc1i7a67z","id":"q5g9lqefmu3su1d"},"id":"6sig3sx27kt4ryi","previousOperationId":"gmcgwipx4v3jv80"}
{"type":"log","timestamp":1701420401772,"level":"debug","message":"Running chrome with params {\"timeout\":59852,\"margin\":{},\"printBackground\":true}","meta":{"rootId":"oqbkwklc1i7a67z","id":"q5g9lqefmu3su1d"},"id":"btmn1jm48mdywyv","previousOperationId":"gmcgwipx4v3jv80"}
{"type":"operationEnd","operationId":"gmcgwipx4v3jv80","timestamp":1701420401779,"id":"0dp89rj390y8cst","previousEventId":"59l4av201mebekn","previousOperationId":"gmcgwipx4v3jv80"}
{"type":"log","timestamp":1701420401779,"level":"debug","message":"Skipping storing report.","meta":{"rootId":"oqbkwklc1i7a67z","id":"q5g9lqefmu3su1d"},"id":"ehz7w2wde28emdp","previousOperationId":"gmcgwipx4v3jv80"}
{"type":"log","timestamp":1701420401779,"level":"info","message":"Rendering (child) request finished in 216 ms","meta":{"rootId":"oqbkwklc1i7a67z","id":"q5g9lqefmu3su1d"},"id":"bgmrekmk0af2dir","previousOperationId":"gmcgwipx4v3jv80"}
{"type":"operationEnd","subtype":"render","operationId":"8jyhrj3t6u5emz1","timestamp":1701420401779,"id":"ie1mrm573icl63z","previousEventId":"0dp89rj390y8cst","previousOperationId":"gmcgwipx4v3jv80"}
{"type":"operationEnd","operationId":"sjlevubu9os49vn","timestamp":1701420401783,"id":"u1vms1yw4ha8a58","previousEventId":"kyls5jn39xvj0m6","previousOperationId":"sjlevubu9os49vn"}
{"type":"log","timestamp":1701420401783,"level":"debug","message":"pdf-utils postproces start","meta":{"rootId":"oqbkwklc1i7a67z","id":"oqbkwklc1i7a67z"},"id":"o9f08pbukngnbz5","previousOperationId":"sjlevubu9os49vn"}
{"type":"log","timestamp":1701420401790,"level":"debug","message":"pdf-utils postproces end","meta":{"rootId":"oqbkwklc1i7a67z","id":"oqbkwklc1i7a67z"},"id":"9z8oifl3v4bbzm1","previousOperationId":"sjlevubu9os49vn"}
{"type":"operationEnd","operationId":"oh32hcpxfpek8v8","timestamp":1701420401790,"id":"jmns2wdqgpml6r3","previousEventId":"u1vms1yw4ha8a58","previousOperationId":"sjlevubu9os49vn"}
{"type":"log","timestamp":1701420401790,"level":"info","message":"pdf-utils pdf processing was finished","meta":{"rootId":"oqbkwklc1i7a67z","id":"oqbkwklc1i7a67z"},"id":"ay9m89ghjxloxxp","previousOperationId":"oh32hcpxfpek8v8"}
{"type":"log","timestamp":1701420401790,"level":"debug","message":"Skipping storing report.","meta":{"rootId":"oqbkwklc1i7a67z","id":"oqbkwklc1i7a67z"},"id":"5dvo0css0d3rf5k","previousOperationId":"oh32hcpxfpek8v8"}
{"type":"log","timestamp":1701420401790,"level":"info","message":"Rendering request 23 finished in 227 ms","meta":{"rootId":"oqbkwklc1i7a67z","id":"oqbkwklc1i7a67z"},"id":"qor74cowxg0is89","previousOperationId":"oh32hcpxfpek8v8"}
{"type":"operationEnd","subtype":"render","operationId":"dizgtv42ovgoqvo","timestamp":1701420401790,"id":"ool6qdd3kz0zdgn","previousEventId":"jmns2wdqgpml6r3","previousOperationId":"oh32hcpxfpek8v8"}
{"type":"operationEnd","doDiffs":false,"previousEventId":"4zmtm2sk8zwxsul","previousOperationId":"diyk2apu1u2720t","operationId":"diyk2apu1u2720t","timestamp":1701420401793,"id":"4p2sjpkri35q8ra"}
