{"type":"operationStart","subtype":"profile","data":{"_id":"CPJ5VDWoeXb3BHdU","timestamp":"2023-12-01T08:39:11.179Z","state":"queued","mode":"standard","creationDate":"2023-12-01T08:39:11.182Z","modificationDate":"2023-12-01T08:39:11.182Z","shortid":"HMl-9GU","$entitySet":"profiles"},"doDiffs":false,"timestamp":1701419951181,"id":"e9d2oui34juff83","previousOperationId":null,"operationId":"gzhrhtlvyra6r4h"}
{"type":"log","level":"info","message":"Render request 19 queued for execution and waiting for available worker","previousOperationId":"gzhrhtlvyra6r4h","timestamp":1701419951182,"id":"ts9zqiwxpsklp9q"}
{"type":"operationStart","subtype":"render","name":"index_poziv","previousOperationId":"gzhrhtlvyra6r4h","timestamp":1701419951190,"id":"88jsttwh0df5p4x","previousEventId":"e9d2oui34juff83","operationId":"e0gjdqwzsck0k0e"}
{"type":"log","timestamp":1701419951192,"level":"info","message":"Starting rendering request 19","meta":{"rootId":"otmqw6p5m15c0lo","id":"otmqw6p5m15c0lo"},"id":"yv1cjbytlr325fe","previousOperationId":"e0gjdqwzsck0k0e"}
{"type":"log","timestamp":1701419951192,"level":"info","message":"Rendering template { name: index_poziv, recipe: chrome-pdf, engine: handlebars, preview: true }","meta":{"rootId":"otmqw6p5m15c0lo","id":"otmqw6p5m15c0lo"},"id":"t84flxx7to1soqw","previousOperationId":"e0gjdqwzsck0k0e"}
{"type":"log","timestamp":1701419951193,"level":"debug","message":"Inline data specified.","meta":{"rootId":"otmqw6p5m15c0lo","id":"otmqw6p5m15c0lo"},"id":"ngkeuj1rceeml97","previousOperationId":"e0gjdqwzsck0k0e"}
{"type":"log","timestamp":1701419951195,"level":"debug","message":"Base url not specified, skipping its injection.","meta":{"rootId":"otmqw6p5m15c0lo","id":"otmqw6p5m15c0lo"},"id":"viwuv52d3q4cpan","previousOperationId":"e0gjdqwzsck0k0e"}
{"type":"log","timestamp":1701419951196,"level":"debug","message":"Replaced assets [\"styles.css\"]","meta":{"rootId":"otmqw6p5m15c0lo","id":"otmqw6p5m15c0lo"},"id":"nqpgiwgh6ktt6z4","previousOperationId":"e0gjdqwzsck0k0e"}
{"type":"operationStart","subtype":"engine","name":"handlebars","timestamp":1701419951197,"id":"75lwcp6qxfgvifp","previousEventId":"88jsttwh0df5p4x","operationId":"mh9h213070yi83g","previousOperationId":"e0gjdqwzsck0k0e"}
{"type":"log","timestamp":1701419951197,"level":"debug","message":"Rendering engine handlebars","meta":{"rootId":"otmqw6p5m15c0lo","id":"otmqw6p5m15c0lo"},"id":"m08z8a46yi7gcmt","previousOperationId":"mh9h213070yi83g"}
{"type":"operationEnd","operationId":"mh9h213070yi83g","timestamp":1701419951216,"id":"31c0twh0ttxnl3t","previousEventId":"75lwcp6qxfgvifp","previousOperationId":"mh9h213070yi83g"}
{"type":"operationStart","subtype":"recipe","name":"chrome-pdf","timestamp":1701419951216,"id":"29y1w7lijzcjh0m","previousEventId":"31c0twh0ttxnl3t","operationId":"nnw65o6y39s0koi","previousOperationId":"mh9h213070yi83g"}
{"type":"log","timestamp":1701419951216,"level":"debug","message":"Executing recipe chrome-pdf","meta":{"rootId":"otmqw6p5m15c0lo","id":"otmqw6p5m15c0lo"},"id":"i4igxgpplbwp1nt","previousOperationId":"nnw65o6y39s0koi"}
{"type":"log","timestamp":1701419951217,"level":"debug","message":"Converting with chrome HeadlessChrome/117.0.5938.149 using chrome-pool strategy","meta":{"rootId":"otmqw6p5m15c0lo","id":"otmqw6p5m15c0lo"},"id":"5rtryfk96viszt3","previousOperationId":"nnw65o6y39s0koi"}
{"type":"log","timestamp":1701419951274,"level":"debug","message":"Page request: GET (document) file:///var/folders/dp/qk79pfcj0y1fmtkkl08m76rc0000gn/T/jsreport/autocleanup/011e979a-e004-4766-a184-67095797800b-chrome-pdf.html","meta":{"rootId":"otmqw6p5m15c0lo","id":"otmqw6p5m15c0lo"},"id":"edeqvxtnrts9b4l","previousOperationId":"nnw65o6y39s0koi"}
{"type":"log","timestamp":1701419951281,"level":"debug","message":"Page request finished: GET (document) 200 file:///var/folders/dp/qk79pfcj0y1fmtkkl08m76rc0000gn/T/jsreport/autocleanup/011e979a-e004-4766-a184-67095797800b-chrome-pdf.html","meta":{"rootId":"otmqw6p5m15c0lo","id":"otmqw6p5m15c0lo"},"id":"1gn9nk2s7gz1sl5","previousOperationId":"nnw65o6y39s0koi"}
{"type":"log","timestamp":1701419951288,"level":"debug","message":"Running chrome with params {\"printBackground\":true,\"marginTop\":\"2cm\",\"marginBottom\":\"2cm\",\"timeout\":59962,\"margin\":{\"top\":\"2cm\",\"bottom\":\"2cm\"}}","meta":{"rootId":"otmqw6p5m15c0lo","id":"otmqw6p5m15c0lo"},"id":"xf3fkf1bgdd8c0r","previousOperationId":"nnw65o6y39s0koi"}
{"type":"operationEnd","operationId":"nnw65o6y39s0koi","timestamp":1701419951310,"id":"mgnvyz8lv5voho5","previousEventId":"29y1w7lijzcjh0m","previousOperationId":"nnw65o6y39s0koi"}
{"type":"log","timestamp":1701419951310,"level":"info","message":"pdf-utils is starting pdf processing","meta":{"rootId":"otmqw6p5m15c0lo","id":"otmqw6p5m15c0lo"},"id":"ryujgaqnvv1qsej","previousOperationId":"nnw65o6y39s0koi"}
{"type":"operationStart","subtype":"pdfUtils","name":"pdf utils","timestamp":1701419951311,"id":"fsf32ytzw31agtm","previousEventId":"mgnvyz8lv5voho5","operationId":"s7gmi1t1ofef5qo","previousOperationId":"nnw65o6y39s0koi"}
{"type":"log","timestamp":1701419951311,"level":"debug","message":"pdf-utils detected 1 pdf operation(s) to process","meta":{"rootId":"otmqw6p5m15c0lo","id":"otmqw6p5m15c0lo"},"id":"8l2k9unuvnl7zt0","previousOperationId":"s7gmi1t1ofef5qo"}
{"type":"log","timestamp":1701419951332,"level":"debug","message":"pdf-utils running pdf operation merge","meta":{"rootId":"otmqw6p5m15c0lo","id":"otmqw6p5m15c0lo"},"id":"k1dmd6jrl9gi1bo","previousOperationId":"s7gmi1t1ofef5qo"}
{"type":"operationStart","subtype":"pdfUtilsMerge","name":"pdf utils merge","previousOperationId":"s7gmi1t1ofef5qo","timestamp":1701419951332,"id":"z3wmanpiqyiy30r","previousEventId":"fsf32ytzw31agtm","operationId":"lhb38cjpqmn10ix"}
{"type":"operationStart","subtype":"render","name":"header-footer","previousOperationId":"lhb38cjpqmn10ix","timestamp":1701419951332,"id":"upixivotw3bed5f","previousEventId":"z3wmanpiqyiy30r","operationId":"2d77ojodbvsozbq"}
{"type":"log","timestamp":1701419951332,"level":"info","message":"Starting rendering (child) request","meta":{"rootId":"otmqw6p5m15c0lo","id":"9bjfpqk19v9zica"},"id":"t9frvllvwmwit4p","previousOperationId":"2d77ojodbvsozbq"}
{"type":"log","timestamp":1701419951332,"level":"info","message":"Rendering template { name: header-footer, recipe: chrome-pdf, engine: handlebars, preview: true }","meta":{"rootId":"otmqw6p5m15c0lo","id":"9bjfpqk19v9zica"},"id":"l3rfieuo282er62","previousOperationId":"2d77ojodbvsozbq"}
{"type":"log","timestamp":1701419951332,"level":"debug","message":"Inline data specified.","meta":{"rootId":"otmqw6p5m15c0lo","id":"9bjfpqk19v9zica"},"id":"nl73u2xigi92kl2","previousOperationId":"2d77ojodbvsozbq"}
{"type":"log","timestamp":1701419951333,"level":"debug","message":"Base url not specified, skipping its injection.","meta":{"rootId":"otmqw6p5m15c0lo","id":"9bjfpqk19v9zica"},"id":"9wj1kg2kq6xf5et","previousOperationId":"2d77ojodbvsozbq"}
{"type":"operationStart","subtype":"engine","name":"handlebars","timestamp":1701419951333,"id":"g09pquzjutfx7vp","previousEventId":"upixivotw3bed5f","operationId":"tvh02j78o1e5ft8","previousOperationId":"2d77ojodbvsozbq"}
{"type":"log","timestamp":1701419951333,"level":"debug","message":"Rendering engine handlebars","meta":{"rootId":"otmqw6p5m15c0lo","id":"9bjfpqk19v9zica"},"id":"7j7voilw90zgk0y","previousOperationId":"tvh02j78o1e5ft8"}
{"type":"operationEnd","operationId":"tvh02j78o1e5ft8","timestamp":1701419951337,"id":"sgnoinwgsbo9pfd","previousEventId":"g09pquzjutfx7vp","previousOperationId":"tvh02j78o1e5ft8"}
{"type":"operationStart","subtype":"recipe","name":"chrome-pdf","timestamp":1701419951337,"id":"t43q6brhew7ltr7","previousEventId":"sgnoinwgsbo9pfd","operationId":"d0inuyrehamjvzc","previousOperationId":"tvh02j78o1e5ft8"}
{"type":"log","timestamp":1701419951337,"level":"debug","message":"Executing recipe chrome-pdf","meta":{"rootId":"otmqw6p5m15c0lo","id":"9bjfpqk19v9zica"},"id":"aurwrdg0ihnwzmv","previousOperationId":"d0inuyrehamjvzc"}
{"type":"log","timestamp":1701419951338,"level":"debug","message":"Converting with chrome HeadlessChrome/117.0.5938.149 using chrome-pool strategy","meta":{"rootId":"otmqw6p5m15c0lo","id":"9bjfpqk19v9zica"},"id":"7ef7d6yjlm59xqn","previousOperationId":"d0inuyrehamjvzc"}
{"type":"log","timestamp":1701419951376,"level":"debug","message":"Page request: GET (document) file:///var/folders/dp/qk79pfcj0y1fmtkkl08m76rc0000gn/T/jsreport/autocleanup/b69fbddd-3da7-4838-b40c-acf5e553a19d-chrome-pdf.html","meta":{"rootId":"otmqw6p5m15c0lo","id":"9bjfpqk19v9zica"},"id":"z073n5ikqs07nt9","previousOperationId":"d0inuyrehamjvzc"}
{"type":"log","timestamp":1701419951381,"level":"debug","message":"Page request finished: GET (document) 200 file:///var/folders/dp/qk79pfcj0y1fmtkkl08m76rc0000gn/T/jsreport/autocleanup/b69fbddd-3da7-4838-b40c-acf5e553a19d-chrome-pdf.html","meta":{"rootId":"otmqw6p5m15c0lo","id":"9bjfpqk19v9zica"},"id":"5sbwted4i0lpjld","previousOperationId":"d0inuyrehamjvzc"}
{"type":"log","timestamp":1701419951388,"level":"debug","message":"Running chrome with params {\"timeout\":59841,\"margin\":{},\"printBackground\":true}","meta":{"rootId":"otmqw6p5m15c0lo","id":"9bjfpqk19v9zica"},"id":"2ozdxtk4wmfp8g4","previousOperationId":"d0inuyrehamjvzc"}
{"type":"operationEnd","operationId":"d0inuyrehamjvzc","timestamp":1701419951394,"id":"veu0j5z4wvndfzj","previousEventId":"t43q6brhew7ltr7","previousOperationId":"d0inuyrehamjvzc"}
{"type":"log","timestamp":1701419951394,"level":"debug","message":"Skipping storing report.","meta":{"rootId":"otmqw6p5m15c0lo","id":"9bjfpqk19v9zica"},"id":"6hqdm4hoqidnlak","previousOperationId":"d0inuyrehamjvzc"}
{"type":"log","timestamp":1701419951394,"level":"info","message":"Rendering (child) request finished in 215 ms","meta":{"rootId":"otmqw6p5m15c0lo","id":"9bjfpqk19v9zica"},"id":"b1qlccao055amf1","previousOperationId":"d0inuyrehamjvzc"}
{"type":"operationEnd","subtype":"render","operationId":"2d77ojodbvsozbq","timestamp":1701419951394,"id":"r5apv55apowwgu9","previousEventId":"veu0j5z4wvndfzj","previousOperationId":"d0inuyrehamjvzc"}
{"type":"operationEnd","operationId":"lhb38cjpqmn10ix","timestamp":1701419951399,"id":"en7pcj7k0jdn3yc","previousEventId":"z3wmanpiqyiy30r","previousOperationId":"lhb38cjpqmn10ix"}
{"type":"log","timestamp":1701419951399,"level":"debug","message":"pdf-utils postproces start","meta":{"rootId":"otmqw6p5m15c0lo","id":"otmqw6p5m15c0lo"},"id":"on1a8x1ej7feit4","previousOperationId":"lhb38cjpqmn10ix"}
{"type":"log","timestamp":1701419951407,"level":"debug","message":"pdf-utils postproces end","meta":{"rootId":"otmqw6p5m15c0lo","id":"otmqw6p5m15c0lo"},"id":"x4zn7b5o0959j92","previousOperationId":"lhb38cjpqmn10ix"}
{"type":"operationEnd","operationId":"s7gmi1t1ofef5qo","timestamp":1701419951407,"id":"hoekg13c8o7nw2t","previousEventId":"en7pcj7k0jdn3yc","previousOperationId":"lhb38cjpqmn10ix"}
{"type":"log","timestamp":1701419951407,"level":"info","message":"pdf-utils pdf processing was finished","meta":{"rootId":"otmqw6p5m15c0lo","id":"otmqw6p5m15c0lo"},"id":"auyv080k4chr2y3","previousOperationId":"s7gmi1t1ofef5qo"}
{"type":"log","timestamp":1701419951407,"level":"debug","message":"Skipping storing report.","meta":{"rootId":"otmqw6p5m15c0lo","id":"otmqw6p5m15c0lo"},"id":"231qjkqf2ess0o3","previousOperationId":"s7gmi1t1ofef5qo"}
{"type":"log","timestamp":1701419951407,"level":"info","message":"Rendering request 19 finished in 228 ms","meta":{"rootId":"otmqw6p5m15c0lo","id":"otmqw6p5m15c0lo"},"id":"zra4man1vhybxa4","previousOperationId":"s7gmi1t1ofef5qo"}
{"type":"operationEnd","subtype":"render","operationId":"e0gjdqwzsck0k0e","timestamp":1701419951407,"id":"7rpewvb0oy53sex","previousEventId":"hoekg13c8o7nw2t","previousOperationId":"s7gmi1t1ofef5qo"}
{"type":"operationEnd","doDiffs":false,"previousEventId":"e9d2oui34juff83","previousOperationId":"gzhrhtlvyra6r4h","operationId":"gzhrhtlvyra6r4h","timestamp":1701419951410,"id":"c3lvubp1tkjwkya"}
