{"type":"operationStart","subtype":"profile","data":{"_id":"CA5ax57vuHv0p5kY","timestamp":"2023-11-21T10:34:00.574Z","state":"queued","mode":"standard","creationDate":"2023-11-21T10:34:00.576Z","modificationDate":"2023-11-21T10:34:00.576Z","shortid":"kqDd-R1","$entitySet":"profiles"},"doDiffs":false,"timestamp":1700562840575,"id":"s7fg7tqo6ksairl","previousOperationId":null,"operationId":"z6qbdroekh90wok"}
{"type":"log","level":"info","message":"Render request 7 queued for execution and waiting for available worker","previousOperationId":"z6qbdroekh90wok","timestamp":1700562840575,"id":"496jijeitnm1elw"}
{"type":"operationStart","subtype":"render","name":"index_poziv","previousOperationId":"z6qbdroekh90wok","timestamp":1700562840582,"id":"i0ijghdjnwq4csh","previousEventId":"s7fg7tqo6ksairl","operationId":"kct55idsom3ngj6"}
{"type":"log","timestamp":1700562840583,"level":"info","message":"Starting rendering request 7","meta":{"rootId":"q7xvqcghrw197v0","id":"q7xvqcghrw197v0"},"id":"b6mmai4kazvie8j","previousOperationId":"kct55idsom3ngj6"}
{"type":"log","timestamp":1700562840583,"level":"info","message":"Rendering template { name: index_poziv, recipe: chrome-pdf, engine: handlebars, preview: true }","meta":{"rootId":"q7xvqcghrw197v0","id":"q7xvqcghrw197v0"},"id":"ssyit7ufsr6z01t","previousOperationId":"kct55idsom3ngj6"}
{"type":"log","timestamp":1700562840583,"level":"debug","message":"Inline data specified.","meta":{"rootId":"q7xvqcghrw197v0","id":"q7xvqcghrw197v0"},"id":"0qy3rs3f6uct5i1","previousOperationId":"kct55idsom3ngj6"}
{"type":"log","timestamp":1700562840584,"level":"debug","message":"Base url not specified, skipping its injection.","meta":{"rootId":"q7xvqcghrw197v0","id":"q7xvqcghrw197v0"},"id":"mshuvz96z0uk9mq","previousOperationId":"kct55idsom3ngj6"}
{"type":"log","timestamp":1700562840585,"level":"debug","message":"Replaced assets [\"styles.css\"]","meta":{"rootId":"q7xvqcghrw197v0","id":"q7xvqcghrw197v0"},"id":"dm8gxk2fbh2xjgv","previousOperationId":"kct55idsom3ngj6"}
{"type":"operationStart","subtype":"engine","name":"handlebars","timestamp":1700562840585,"id":"rjctdx0pwmgn83z","previousEventId":"i0ijghdjnwq4csh","operationId":"7qsc51hsn1mv62o","previousOperationId":"kct55idsom3ngj6"}
{"type":"log","timestamp":1700562840585,"level":"debug","message":"Rendering engine handlebars","meta":{"rootId":"q7xvqcghrw197v0","id":"q7xvqcghrw197v0"},"id":"gbnotbar16llumm","previousOperationId":"7qsc51hsn1mv62o"}
{"type":"operationEnd","operationId":"7qsc51hsn1mv62o","timestamp":1700562840602,"id":"c0l3iyp9f1cbijk","previousEventId":"rjctdx0pwmgn83z","previousOperationId":"7qsc51hsn1mv62o"}
{"type":"operationStart","subtype":"recipe","name":"chrome-pdf","timestamp":1700562840603,"id":"6bp69x4blt6y7fi","previousEventId":"c0l3iyp9f1cbijk","operationId":"revy8886pl61zpb","previousOperationId":"7qsc51hsn1mv62o"}
{"type":"log","timestamp":1700562840603,"level":"debug","message":"Executing recipe chrome-pdf","meta":{"rootId":"q7xvqcghrw197v0","id":"q7xvqcghrw197v0"},"id":"vs1x4mmdtgyyddh","previousOperationId":"revy8886pl61zpb"}
{"type":"log","timestamp":1700562840604,"level":"debug","message":"Converting with chrome HeadlessChrome/117.0.5938.149 using chrome-pool strategy","meta":{"rootId":"q7xvqcghrw197v0","id":"q7xvqcghrw197v0"},"id":"i0oazwkrmlv8yr9","previousOperationId":"revy8886pl61zpb"}
{"type":"log","timestamp":1700562840650,"level":"debug","message":"Page request: GET (document) file:///var/folders/dp/qk79pfcj0y1fmtkkl08m76rc0000gn/T/jsreport/autocleanup/37c8c842-92a9-467e-8e8c-fb4ec244534a-chrome-pdf.html","meta":{"rootId":"q7xvqcghrw197v0","id":"q7xvqcghrw197v0"},"id":"u39zkmisuu44xnn","previousOperationId":"revy8886pl61zpb"}
{"type":"log","timestamp":1700562840655,"level":"debug","message":"Page request finished: GET (document) 200 file:///var/folders/dp/qk79pfcj0y1fmtkkl08m76rc0000gn/T/jsreport/autocleanup/37c8c842-92a9-467e-8e8c-fb4ec244534a-chrome-pdf.html","meta":{"rootId":"q7xvqcghrw197v0","id":"q7xvqcghrw197v0"},"id":"kp9zlmf6uuqf1hc","previousOperationId":"revy8886pl61zpb"}
{"type":"log","timestamp":1700562840664,"level":"debug","message":"Running chrome with params {\"printBackground\":true,\"timeout\":59971,\"margin\":{}}","meta":{"rootId":"q7xvqcghrw197v0","id":"q7xvqcghrw197v0"},"id":"sh3xjebkd8htt2t","previousOperationId":"revy8886pl61zpb"}
{"type":"operationEnd","operationId":"revy8886pl61zpb","timestamp":1700562840681,"id":"c0bqogu7bde25gw","previousEventId":"6bp69x4blt6y7fi","previousOperationId":"revy8886pl61zpb"}
{"type":"log","timestamp":1700562840681,"level":"debug","message":"Skipping storing report.","meta":{"rootId":"q7xvqcghrw197v0","id":"q7xvqcghrw197v0"},"id":"ujnb4i00oqfm2y6","previousOperationId":"revy8886pl61zpb"}
{"type":"log","timestamp":1700562840681,"level":"info","message":"Rendering request 7 finished in 107 ms","meta":{"rootId":"q7xvqcghrw197v0","id":"q7xvqcghrw197v0"},"id":"8wazrl9vcckmgnv","previousOperationId":"revy8886pl61zpb"}
{"type":"operationEnd","subtype":"render","operationId":"kct55idsom3ngj6","timestamp":1700562840681,"id":"9i614ty4kfo5rrv","previousEventId":"c0bqogu7bde25gw","previousOperationId":"revy8886pl61zpb"}
{"type":"operationEnd","doDiffs":false,"previousEventId":"s7fg7tqo6ksairl","previousOperationId":"z6qbdroekh90wok","operationId":"z6qbdroekh90wok","timestamp":1700562840683,"id":"32ty7s8ly0biaol"}
