{"type":"operationStart","subtype":"profile","data":{"_id":"IIzhEmDlKUmfEyVd","timestamp":"2023-11-21T11:36:11.577Z","state":"queued","mode":"standard","creationDate":"2023-11-21T11:36:11.578Z","modificationDate":"2023-11-21T11:36:11.578Z","shortid":"k6Cg0fs","$entitySet":"profiles"},"doDiffs":false,"timestamp":1700566571578,"id":"hz40vmtwcobowoh","previousOperationId":null,"operationId":"6fgq6vtgj8pq7q7"}
{"type":"log","level":"info","message":"Render request 21 queued for execution and waiting for available worker","previousOperationId":"6fgq6vtgj8pq7q7","timestamp":1700566571578,"id":"bu304juxishf783"}
{"type":"operationStart","subtype":"render","name":"index_poziv","previousOperationId":"6fgq6vtgj8pq7q7","timestamp":1700566571591,"id":"n5k038qkjgjyaq3","previousEventId":"hz40vmtwcobowoh","operationId":"1yo2r9a741fapkb"}
{"type":"log","timestamp":1700566571591,"level":"info","message":"Starting rendering request 21","meta":{"rootId":"qgrbj23wnv0xgqv","id":"qgrbj23wnv0xgqv"},"id":"dttkdp38g5wnkqn","previousOperationId":"1yo2r9a741fapkb"}
{"type":"log","timestamp":1700566571591,"level":"info","message":"Rendering template { name: index_poziv, recipe: chrome-pdf, engine: handlebars, preview: true }","meta":{"rootId":"qgrbj23wnv0xgqv","id":"qgrbj23wnv0xgqv"},"id":"4b75ztd1qmp9tnf","previousOperationId":"1yo2r9a741fapkb"}
{"type":"log","timestamp":1700566571591,"level":"debug","message":"Inline data specified.","meta":{"rootId":"qgrbj23wnv0xgqv","id":"qgrbj23wnv0xgqv"},"id":"0kpeqty83euztmj","previousOperationId":"1yo2r9a741fapkb"}
{"type":"log","timestamp":1700566571593,"level":"debug","message":"Base url not specified, skipping its injection.","meta":{"rootId":"qgrbj23wnv0xgqv","id":"qgrbj23wnv0xgqv"},"id":"kt24k3uidq676ld","previousOperationId":"1yo2r9a741fapkb"}
{"type":"log","timestamp":1700566571595,"level":"debug","message":"Replaced assets [\"styles.css\"]","meta":{"rootId":"qgrbj23wnv0xgqv","id":"qgrbj23wnv0xgqv"},"id":"q47gecb00tror16","previousOperationId":"1yo2r9a741fapkb"}
{"type":"operationStart","subtype":"engine","name":"handlebars","timestamp":1700566571595,"id":"ndvwa4lyc7pidi9","previousEventId":"n5k038qkjgjyaq3","operationId":"mwih83oxpdmcop3","previousOperationId":"1yo2r9a741fapkb"}
{"type":"log","timestamp":1700566571595,"level":"debug","message":"Rendering engine handlebars","meta":{"rootId":"qgrbj23wnv0xgqv","id":"qgrbj23wnv0xgqv"},"id":"6v01yz6e6atp64r","previousOperationId":"mwih83oxpdmcop3"}
{"type":"operationEnd","operationId":"mwih83oxpdmcop3","timestamp":1700566571620,"id":"np7t1lsymcgprrg","previousEventId":"ndvwa4lyc7pidi9","previousOperationId":"mwih83oxpdmcop3"}
{"type":"operationStart","subtype":"recipe","name":"chrome-pdf","timestamp":1700566571620,"id":"wsb3bfi7rdex43l","previousEventId":"np7t1lsymcgprrg","operationId":"xs1yydgr6gmjv5v","previousOperationId":"mwih83oxpdmcop3"}
{"type":"log","timestamp":1700566571620,"level":"debug","message":"Executing recipe chrome-pdf","meta":{"rootId":"qgrbj23wnv0xgqv","id":"qgrbj23wnv0xgqv"},"id":"pjfrhkf13s8ihne","previousOperationId":"xs1yydgr6gmjv5v"}
{"type":"log","timestamp":1700566571622,"level":"debug","message":"Converting with chrome HeadlessChrome/117.0.5938.149 using chrome-pool strategy","meta":{"rootId":"qgrbj23wnv0xgqv","id":"qgrbj23wnv0xgqv"},"id":"9zq6q11h8mny7r8","previousOperationId":"xs1yydgr6gmjv5v"}
{"type":"log","timestamp":1700566571678,"level":"debug","message":"Page request: GET (document) file:///var/folders/dp/qk79pfcj0y1fmtkkl08m76rc0000gn/T/jsreport/autocleanup/f8c68d88-e236-4004-b7a6-6f727748c7f9-chrome-pdf.html","meta":{"rootId":"qgrbj23wnv0xgqv","id":"qgrbj23wnv0xgqv"},"id":"2swjkrr4vplj66o","previousOperationId":"xs1yydgr6gmjv5v"}
{"type":"log","timestamp":1700566571683,"level":"debug","message":"Page request finished: GET (document) 200 file:///var/folders/dp/qk79pfcj0y1fmtkkl08m76rc0000gn/T/jsreport/autocleanup/f8c68d88-e236-4004-b7a6-6f727748c7f9-chrome-pdf.html","meta":{"rootId":"qgrbj23wnv0xgqv","id":"qgrbj23wnv0xgqv"},"id":"612yj4ln0mj7zr4","previousOperationId":"xs1yydgr6gmjv5v"}
{"type":"log","timestamp":1700566571692,"level":"debug","message":"Running chrome with params {\"printBackground\":true,\"timeout\":59955,\"margin\":{}}","meta":{"rootId":"qgrbj23wnv0xgqv","id":"qgrbj23wnv0xgqv"},"id":"imgbagfzmxoq74g","previousOperationId":"xs1yydgr6gmjv5v"}
{"type":"operationEnd","operationId":"xs1yydgr6gmjv5v","timestamp":1700566571709,"id":"kkj9kn52bwnux0o","previousEventId":"wsb3bfi7rdex43l","previousOperationId":"xs1yydgr6gmjv5v"}
{"type":"log","timestamp":1700566571709,"level":"debug","message":"Skipping storing report.","meta":{"rootId":"qgrbj23wnv0xgqv","id":"qgrbj23wnv0xgqv"},"id":"zovi4gq46lotv9h","previousOperationId":"xs1yydgr6gmjv5v"}
{"type":"log","timestamp":1700566571709,"level":"info","message":"Rendering request 21 finished in 132 ms","meta":{"rootId":"qgrbj23wnv0xgqv","id":"qgrbj23wnv0xgqv"},"id":"4v47jz1ygcixka8","previousOperationId":"xs1yydgr6gmjv5v"}
{"type":"operationEnd","subtype":"render","operationId":"1yo2r9a741fapkb","timestamp":1700566571709,"id":"27gto1oltr7ztvz","previousEventId":"kkj9kn52bwnux0o","previousOperationId":"xs1yydgr6gmjv5v"}
{"type":"operationEnd","doDiffs":false,"previousEventId":"hz40vmtwcobowoh","previousOperationId":"6fgq6vtgj8pq7q7","operationId":"6fgq6vtgj8pq7q7","timestamp":1700566571710,"id":"e9qp7emgk528io7"}
