{"type":"operationStart","subtype":"profile","data":{"_id":"SIorMFMzzRgN1pSW","timestamp":"2023-12-01T09:19:58.719Z","state":"queued","mode":"standard","creationDate":"2023-12-01T09:19:58.721Z","modificationDate":"2023-12-01T09:19:58.721Z","shortid":"__QmWLE","$entitySet":"profiles"},"doDiffs":false,"timestamp":1701422398720,"id":"kfq8f62p65mgbwb","previousOperationId":null,"operationId":"6ryc9hoqakake4j"}
{"type":"log","level":"info","message":"Render request 50 queued for execution and waiting for available worker","previousOperationId":"6ryc9hoqakake4j","timestamp":1701422398721,"id":"y2vqtvfi2g3djax"}
{"type":"operationStart","subtype":"render","name":"index_poziv","previousOperationId":"6ryc9hoqakake4j","timestamp":1701422398733,"id":"ireookiw8z0gngp","previousEventId":"kfq8f62p65mgbwb","operationId":"75bcvxhxyn0kiry"}
{"type":"log","timestamp":1701422398733,"level":"info","message":"Starting rendering request 50","meta":{"rootId":"szpqtnas00hdmla","id":"szpqtnas00hdmla"},"id":"rs3c6e0eg3ttffx","previousOperationId":"75bcvxhxyn0kiry"}
{"type":"log","timestamp":1701422398733,"level":"info","message":"Rendering template { name: index_poziv, recipe: chrome-pdf, engine: handlebars, preview: true }","meta":{"rootId":"szpqtnas00hdmla","id":"szpqtnas00hdmla"},"id":"7ikij08xgq2fbq8","previousOperationId":"75bcvxhxyn0kiry"}
{"type":"log","timestamp":1701422398734,"level":"debug","message":"Inline data specified.","meta":{"rootId":"szpqtnas00hdmla","id":"szpqtnas00hdmla"},"id":"yj9xt2yrs9q3zhz","previousOperationId":"75bcvxhxyn0kiry"}
{"type":"log","timestamp":1701422398735,"level":"debug","message":"Base url not specified, skipping its injection.","meta":{"rootId":"szpqtnas00hdmla","id":"szpqtnas00hdmla"},"id":"axtrpn9ami3fh6g","previousOperationId":"75bcvxhxyn0kiry"}
{"type":"log","timestamp":1701422398738,"level":"debug","message":"Replaced assets [\"styles.css\"]","meta":{"rootId":"szpqtnas00hdmla","id":"szpqtnas00hdmla"},"id":"2hootrwqa0su8am","previousOperationId":"75bcvxhxyn0kiry"}
{"type":"operationStart","subtype":"engine","name":"handlebars","timestamp":1701422398739,"id":"5868flc4fww7fib","previousEventId":"ireookiw8z0gngp","operationId":"ycihofwpkmfxfzk","previousOperationId":"75bcvxhxyn0kiry"}
{"type":"log","timestamp":1701422398739,"level":"debug","message":"Rendering engine handlebars","meta":{"rootId":"szpqtnas00hdmla","id":"szpqtnas00hdmla"},"id":"e3thwheuzzng4ro","previousOperationId":"ycihofwpkmfxfzk"}
{"type":"operationEnd","operationId":"ycihofwpkmfxfzk","timestamp":1701422398744,"id":"k6qm0hluo4h879v","previousEventId":"5868flc4fww7fib","previousOperationId":"ycihofwpkmfxfzk"}
{"type":"operationStart","subtype":"recipe","name":"chrome-pdf","timestamp":1701422398744,"id":"jbdn2dccna23an8","previousEventId":"k6qm0hluo4h879v","operationId":"jucmqwkgefrxnfw","previousOperationId":"ycihofwpkmfxfzk"}
{"type":"log","timestamp":1701422398744,"level":"debug","message":"Executing recipe chrome-pdf","meta":{"rootId":"szpqtnas00hdmla","id":"szpqtnas00hdmla"},"id":"qr92fg9qp5jcuhu","previousOperationId":"jucmqwkgefrxnfw"}
{"type":"log","timestamp":1701422398746,"level":"debug","message":"Converting with chrome HeadlessChrome/117.0.5938.149 using chrome-pool strategy","meta":{"rootId":"szpqtnas00hdmla","id":"szpqtnas00hdmla"},"id":"24ytrtzkk78gigi","previousOperationId":"jucmqwkgefrxnfw"}
{"type":"log","timestamp":1701422398796,"level":"debug","message":"Page request: GET (document) file:///var/folders/dp/qk79pfcj0y1fmtkkl08m76rc0000gn/T/jsreport/autocleanup/96318585-c6b0-4ade-a70c-78aadcc7c648-chrome-pdf.html","meta":{"rootId":"szpqtnas00hdmla","id":"szpqtnas00hdmla"},"id":"x88f35zfspmg04g","previousOperationId":"jucmqwkgefrxnfw"}
{"type":"log","timestamp":1701422398801,"level":"debug","message":"Page request finished: GET (document) 200 file:///var/folders/dp/qk79pfcj0y1fmtkkl08m76rc0000gn/T/jsreport/autocleanup/96318585-c6b0-4ade-a70c-78aadcc7c648-chrome-pdf.html","meta":{"rootId":"szpqtnas00hdmla","id":"szpqtnas00hdmla"},"id":"trhc4b5yjw0xsuw","previousOperationId":"jucmqwkgefrxnfw"}
{"type":"log","timestamp":1701422398814,"level":"debug","message":"Running chrome with params {\"printBackground\":true,\"marginTop\":\"2cm\",\"marginBottom\":\"2cm\",\"timeout\":59974,\"margin\":{\"top\":\"2cm\",\"bottom\":\"2cm\"}}","meta":{"rootId":"szpqtnas00hdmla","id":"szpqtnas00hdmla"},"id":"ctuevtuvo572q55","previousOperationId":"jucmqwkgefrxnfw"}
{"type":"operationEnd","operationId":"jucmqwkgefrxnfw","timestamp":1701422398833,"id":"mtkov0cnatd67n3","previousEventId":"jbdn2dccna23an8","previousOperationId":"jucmqwkgefrxnfw"}
{"type":"log","timestamp":1701422398833,"level":"info","message":"pdf-utils is starting pdf processing","meta":{"rootId":"szpqtnas00hdmla","id":"szpqtnas00hdmla"},"id":"6h8ul0px10l1smd","previousOperationId":"jucmqwkgefrxnfw"}
{"type":"operationStart","subtype":"pdfUtils","name":"pdf utils","timestamp":1701422398834,"id":"5nou61m09q4hnfd","previousEventId":"mtkov0cnatd67n3","operationId":"dkkque10yfmvoci","previousOperationId":"jucmqwkgefrxnfw"}
{"type":"log","timestamp":1701422398834,"level":"debug","message":"pdf-utils detected 1 pdf operation(s) to process","meta":{"rootId":"szpqtnas00hdmla","id":"szpqtnas00hdmla"},"id":"xfiahp1psub0816","previousOperationId":"dkkque10yfmvoci"}
{"type":"log","timestamp":1701422398850,"level":"debug","message":"pdf-utils running pdf operation merge","meta":{"rootId":"szpqtnas00hdmla","id":"szpqtnas00hdmla"},"id":"pt62cgch24sqpvx","previousOperationId":"dkkque10yfmvoci"}
{"type":"operationStart","subtype":"pdfUtilsMerge","name":"pdf utils merge","previousOperationId":"dkkque10yfmvoci","timestamp":1701422398850,"id":"chej540waw4ekve","previousEventId":"5nou61m09q4hnfd","operationId":"z6nnrrdq2n18ojp"}
{"type":"operationStart","subtype":"render","name":"header-footer","previousOperationId":"z6nnrrdq2n18ojp","timestamp":1701422398851,"id":"563j5wghe9mj8v1","previousEventId":"chej540waw4ekve","operationId":"lmh8jzj6xswhiyz"}
{"type":"log","timestamp":1701422398851,"level":"info","message":"Starting rendering (child) request","meta":{"rootId":"szpqtnas00hdmla","id":"ngeh510c63s41e5"},"id":"xszm4ypdknju57t","previousOperationId":"lmh8jzj6xswhiyz"}
{"type":"log","timestamp":1701422398851,"level":"info","message":"Rendering template { name: header-footer, recipe: chrome-pdf, engine: handlebars, preview: true }","meta":{"rootId":"szpqtnas00hdmla","id":"ngeh510c63s41e5"},"id":"3n43284tumxfatm","previousOperationId":"lmh8jzj6xswhiyz"}
{"type":"log","timestamp":1701422398851,"level":"debug","message":"Inline data specified.","meta":{"rootId":"szpqtnas00hdmla","id":"ngeh510c63s41e5"},"id":"d9quto88zvszecg","previousOperationId":"lmh8jzj6xswhiyz"}
{"type":"log","timestamp":1701422398851,"level":"debug","message":"Base url not specified, skipping its injection.","meta":{"rootId":"szpqtnas00hdmla","id":"ngeh510c63s41e5"},"id":"8vwph5j2u2kwi68","previousOperationId":"lmh8jzj6xswhiyz"}
{"type":"operationStart","subtype":"engine","name":"handlebars","timestamp":1701422398852,"id":"tzvs8ssdp4bmgfx","previousEventId":"563j5wghe9mj8v1","operationId":"pqggy8zlc8kw4xv","previousOperationId":"lmh8jzj6xswhiyz"}
{"type":"log","timestamp":1701422398852,"level":"debug","message":"Rendering engine handlebars","meta":{"rootId":"szpqtnas00hdmla","id":"ngeh510c63s41e5"},"id":"vskb0n3iwg0ww60","previousOperationId":"pqggy8zlc8kw4xv"}
{"type":"operationEnd","operationId":"pqggy8zlc8kw4xv","timestamp":1701422398856,"id":"zo7ebukr1dlgbz9","previousEventId":"tzvs8ssdp4bmgfx","previousOperationId":"pqggy8zlc8kw4xv"}
{"type":"operationStart","subtype":"recipe","name":"chrome-pdf","timestamp":1701422398856,"id":"fpqo7ywnjwp442f","previousEventId":"zo7ebukr1dlgbz9","operationId":"jgr1xoaptxsur0g","previousOperationId":"pqggy8zlc8kw4xv"}
{"type":"log","timestamp":1701422398856,"level":"debug","message":"Executing recipe chrome-pdf","meta":{"rootId":"szpqtnas00hdmla","id":"ngeh510c63s41e5"},"id":"1yflfldmeqm7whl","previousOperationId":"jgr1xoaptxsur0g"}
{"type":"log","timestamp":1701422398857,"level":"debug","message":"Converting with chrome HeadlessChrome/117.0.5938.149 using chrome-pool strategy","meta":{"rootId":"szpqtnas00hdmla","id":"ngeh510c63s41e5"},"id":"utkwtzlww7hv538","previousOperationId":"jgr1xoaptxsur0g"}
{"type":"log","timestamp":1701422398895,"level":"debug","message":"Page request: GET (document) file:///var/folders/dp/qk79pfcj0y1fmtkkl08m76rc0000gn/T/jsreport/autocleanup/5a310316-7fa0-465c-b0ec-69c899a2ad17-chrome-pdf.html","meta":{"rootId":"szpqtnas00hdmla","id":"ngeh510c63s41e5"},"id":"jyeywp4pu7lrvdp","previousOperationId":"jgr1xoaptxsur0g"}
{"type":"log","timestamp":1701422398900,"level":"debug","message":"Page request finished: GET (document) 200 file:///var/folders/dp/qk79pfcj0y1fmtkkl08m76rc0000gn/T/jsreport/autocleanup/5a310316-7fa0-465c-b0ec-69c899a2ad17-chrome-pdf.html","meta":{"rootId":"szpqtnas00hdmla","id":"ngeh510c63s41e5"},"id":"i10orr8sptyhsxz","previousOperationId":"jgr1xoaptxsur0g"}
{"type":"log","timestamp":1701422398908,"level":"debug","message":"Running chrome with params {\"timeout\":59863,\"margin\":{},\"printBackground\":true}","meta":{"rootId":"szpqtnas00hdmla","id":"ngeh510c63s41e5"},"id":"d9aq42d8kr3ts5s","previousOperationId":"jgr1xoaptxsur0g"}
{"type":"operationEnd","operationId":"jgr1xoaptxsur0g","timestamp":1701422398914,"id":"j5kjp8gw04h7wdi","previousEventId":"fpqo7ywnjwp442f","previousOperationId":"jgr1xoaptxsur0g"}
{"type":"log","timestamp":1701422398914,"level":"debug","message":"Skipping storing report.","meta":{"rootId":"szpqtnas00hdmla","id":"ngeh510c63s41e5"},"id":"f2eohiexmc7ylyk","previousOperationId":"jgr1xoaptxsur0g"}
{"type":"log","timestamp":1701422398914,"level":"info","message":"Rendering (child) request finished in 195 ms","meta":{"rootId":"szpqtnas00hdmla","id":"ngeh510c63s41e5"},"id":"1rc9k87yn16vgcv","previousOperationId":"jgr1xoaptxsur0g"}
{"type":"operationEnd","subtype":"render","operationId":"lmh8jzj6xswhiyz","timestamp":1701422398914,"id":"blovtatmspala56","previousEventId":"j5kjp8gw04h7wdi","previousOperationId":"jgr1xoaptxsur0g"}
{"type":"operationEnd","operationId":"z6nnrrdq2n18ojp","timestamp":1701422398919,"id":"3djdt944apxids3","previousEventId":"chej540waw4ekve","previousOperationId":"z6nnrrdq2n18ojp"}
{"type":"log","timestamp":1701422398919,"level":"debug","message":"pdf-utils postproces start","meta":{"rootId":"szpqtnas00hdmla","id":"szpqtnas00hdmla"},"id":"o1hiywidrk0qskr","previousOperationId":"z6nnrrdq2n18ojp"}
{"type":"log","timestamp":1701422398925,"level":"debug","message":"pdf-utils postproces end","meta":{"rootId":"szpqtnas00hdmla","id":"szpqtnas00hdmla"},"id":"zw21vi5v9to72cr","previousOperationId":"z6nnrrdq2n18ojp"}
{"type":"operationEnd","operationId":"dkkque10yfmvoci","timestamp":1701422398926,"id":"0hcobetxru3leld","previousEventId":"3djdt944apxids3","previousOperationId":"z6nnrrdq2n18ojp"}
{"type":"log","timestamp":1701422398926,"level":"info","message":"pdf-utils pdf processing was finished","meta":{"rootId":"szpqtnas00hdmla","id":"szpqtnas00hdmla"},"id":"xpoumwvc88ao7m3","previousOperationId":"dkkque10yfmvoci"}
{"type":"log","timestamp":1701422398926,"level":"debug","message":"Skipping storing report.","meta":{"rootId":"szpqtnas00hdmla","id":"szpqtnas00hdmla"},"id":"qwavkcf17vds95a","previousOperationId":"dkkque10yfmvoci"}
{"type":"log","timestamp":1701422398926,"level":"info","message":"Rendering request 50 finished in 207 ms","meta":{"rootId":"szpqtnas00hdmla","id":"szpqtnas00hdmla"},"id":"d1cy44aupprjir0","previousOperationId":"dkkque10yfmvoci"}
{"type":"operationEnd","subtype":"render","operationId":"75bcvxhxyn0kiry","timestamp":1701422398926,"id":"c7mj3ohmwp9y54r","previousEventId":"0hcobetxru3leld","previousOperationId":"dkkque10yfmvoci"}
{"type":"operationEnd","doDiffs":false,"previousEventId":"kfq8f62p65mgbwb","previousOperationId":"6ryc9hoqakake4j","operationId":"6ryc9hoqakake4j","timestamp":1701422398928,"id":"3rug7bc2kerzhwm"}
