{"type":"operationStart","subtype":"profile","data":{"_id":"J0avCaFjI1xZHii2","timestamp":"2023-11-27T08:08:55.350Z","state":"queued","mode":"standard","creationDate":"2023-11-27T08:08:55.353Z","modificationDate":"2023-11-27T08:08:55.353Z","shortid":"ynO7E5W","$entitySet":"profiles"},"doDiffs":false,"timestamp":1701072535352,"id":"9ore1swh6yoij81","previousOperationId":null,"operationId":"vkn773z2t2fvvja"}
{"type":"log","level":"info","message":"Render request 1 queued for execution and waiting for available worker","previousOperationId":"vkn773z2t2fvvja","timestamp":1701072535352,"id":"u8u9w2v4kpgtbnc"}
{"type":"operationStart","subtype":"render","name":"index_poziv","previousOperationId":"vkn773z2t2fvvja","timestamp":1701072535367,"id":"wfoum0jxxe68sod","previousEventId":"9ore1swh6yoij81","operationId":"oqqx28i7t84w4ct"}
{"type":"log","timestamp":1701072535368,"level":"info","message":"Starting rendering request 1","meta":{"rootId":"u2pyldpi7a7akzi","id":"u2pyldpi7a7akzi"},"id":"ae656bqameeq8a0","previousOperationId":"oqqx28i7t84w4ct"}
{"type":"log","timestamp":1701072535368,"level":"info","message":"Rendering template { name: index_poziv, recipe: chrome-pdf, engine: handlebars, preview: true }","meta":{"rootId":"u2pyldpi7a7akzi","id":"u2pyldpi7a7akzi"},"id":"n170xdzpxxolfrw","previousOperationId":"oqqx28i7t84w4ct"}
{"type":"log","timestamp":1701072535370,"level":"debug","message":"Adding sample data PrpCVp4aj","meta":{"rootId":"u2pyldpi7a7akzi","id":"u2pyldpi7a7akzi"},"id":"z7dhkl5qgnhjic0","previousOperationId":"oqqx28i7t84w4ct"}
{"type":"log","timestamp":1701072535371,"level":"debug","message":"Base url not specified, skipping its injection.","meta":{"rootId":"u2pyldpi7a7akzi","id":"u2pyldpi7a7akzi"},"id":"807wohi8am60wr0","previousOperationId":"oqqx28i7t84w4ct"}
{"type":"log","timestamp":1701072535373,"level":"debug","message":"Replaced assets [\"styles.css\"]","meta":{"rootId":"u2pyldpi7a7akzi","id":"u2pyldpi7a7akzi"},"id":"8tregz2d1omd0jv","previousOperationId":"oqqx28i7t84w4ct"}
{"type":"operationStart","subtype":"engine","name":"handlebars","timestamp":1701072535373,"id":"88kuf25xgsi4ysd","previousEventId":"wfoum0jxxe68sod","operationId":"pg3z37a2njhw97f","previousOperationId":"oqqx28i7t84w4ct"}
{"type":"log","timestamp":1701072535373,"level":"debug","message":"Rendering engine handlebars","meta":{"rootId":"u2pyldpi7a7akzi","id":"u2pyldpi7a7akzi"},"id":"ld49obd4x9ltwrh","previousOperationId":"pg3z37a2njhw97f"}
{"type":"operationEnd","operationId":"pg3z37a2njhw97f","timestamp":1701072535620,"id":"vlqnhkd1g45chhc","previousEventId":"88kuf25xgsi4ysd","previousOperationId":"pg3z37a2njhw97f"}
{"type":"operationStart","subtype":"recipe","name":"chrome-pdf","timestamp":1701072535620,"id":"xtela8pc9565du7","previousEventId":"vlqnhkd1g45chhc","operationId":"7yk3plepqu4gjfp","previousOperationId":"pg3z37a2njhw97f"}
{"type":"log","timestamp":1701072535620,"level":"debug","message":"Executing recipe chrome-pdf","meta":{"rootId":"u2pyldpi7a7akzi","id":"u2pyldpi7a7akzi"},"id":"17y96k6fo8cg7c7","previousOperationId":"7yk3plepqu4gjfp"}
{"type":"log","timestamp":1701072535947,"level":"debug","message":"Converting with chrome HeadlessChrome/117.0.5938.149 using chrome-pool strategy","meta":{"rootId":"u2pyldpi7a7akzi","id":"u2pyldpi7a7akzi"},"id":"a8iduw2zbuqvqm6","previousOperationId":"7yk3plepqu4gjfp"}
{"type":"log","timestamp":1701072536011,"level":"debug","message":"Page request: GET (document) file:///var/folders/dp/qk79pfcj0y1fmtkkl08m76rc0000gn/T/jsreport/autocleanup/68e0a0c9-3116-4113-b274-649e9b4c76cb-chrome-pdf.html","meta":{"rootId":"u2pyldpi7a7akzi","id":"u2pyldpi7a7akzi"},"id":"l6gpkfdetaxrpcf","previousOperationId":"7yk3plepqu4gjfp"}
{"type":"log","timestamp":1701072536022,"level":"debug","message":"Page request finished: GET (document) 200 file:///var/folders/dp/qk79pfcj0y1fmtkkl08m76rc0000gn/T/jsreport/autocleanup/68e0a0c9-3116-4113-b274-649e9b4c76cb-chrome-pdf.html","meta":{"rootId":"u2pyldpi7a7akzi","id":"u2pyldpi7a7akzi"},"id":"j64y06eupziofbd","previousOperationId":"7yk3plepqu4gjfp"}
{"type":"log","timestamp":1701072536035,"level":"debug","message":"Running chrome with params {\"printBackground\":true,\"marginTop\":\"2cm\",\"marginBottom\":\"2cm\",\"timeout\":59727,\"margin\":{\"top\":\"2cm\",\"bottom\":\"2cm\"}}","meta":{"rootId":"u2pyldpi7a7akzi","id":"u2pyldpi7a7akzi"},"id":"5r7zfzmdo39p9v3","previousOperationId":"7yk3plepqu4gjfp"}
{"type":"operationEnd","operationId":"7yk3plepqu4gjfp","timestamp":1701072536069,"id":"ma0tzu0t8sgfks5","previousEventId":"xtela8pc9565du7","previousOperationId":"7yk3plepqu4gjfp"}
{"type":"log","timestamp":1701072536069,"level":"info","message":"pdf-utils is starting pdf processing","meta":{"rootId":"u2pyldpi7a7akzi","id":"u2pyldpi7a7akzi"},"id":"ny3en9vyjt057hk","previousOperationId":"7yk3plepqu4gjfp"}
{"type":"operationStart","subtype":"pdfUtils","name":"pdf utils","timestamp":1701072536130,"id":"8cqlqkj973uy9r0","previousEventId":"ma0tzu0t8sgfks5","operationId":"elurm779s0nhwcz","previousOperationId":"7yk3plepqu4gjfp"}
{"type":"log","timestamp":1701072536130,"level":"debug","message":"pdf-utils detected 1 pdf operation(s) to process","meta":{"rootId":"u2pyldpi7a7akzi","id":"u2pyldpi7a7akzi"},"id":"b8l5h0qx0vlbl4l","previousOperationId":"elurm779s0nhwcz"}
{"type":"log","timestamp":1701072536182,"level":"debug","message":"pdf-utils running pdf operation merge","meta":{"rootId":"u2pyldpi7a7akzi","id":"u2pyldpi7a7akzi"},"id":"ooq924vh28n89o5","previousOperationId":"elurm779s0nhwcz"}
{"type":"operationStart","subtype":"pdfUtilsMerge","name":"pdf utils merge","previousOperationId":"elurm779s0nhwcz","timestamp":1701072536182,"id":"vqj9sjcoxsi01nn","previousEventId":"8cqlqkj973uy9r0","operationId":"b9xw8zhcete6uq4"}
{"type":"operationStart","subtype":"render","name":"header-footer","previousOperationId":"b9xw8zhcete6uq4","timestamp":1701072536183,"id":"72yuo69q83ty8in","previousEventId":"vqj9sjcoxsi01nn","operationId":"t44n904ytvcern6"}
{"type":"log","timestamp":1701072536183,"level":"info","message":"Starting rendering (child) request","meta":{"rootId":"u2pyldpi7a7akzi","id":"xyu66h3vkhjc8oe"},"id":"9s3sht1lfd3bz3o","previousOperationId":"t44n904ytvcern6"}
{"type":"log","timestamp":1701072536183,"level":"info","message":"Rendering template { name: header-footer, recipe: chrome-pdf, engine: handlebars, preview: true }","meta":{"rootId":"u2pyldpi7a7akzi","id":"xyu66h3vkhjc8oe"},"id":"5if1dtwxap1e1ma","previousOperationId":"t44n904ytvcern6"}
{"type":"log","timestamp":1701072536184,"level":"debug","message":"Inline data specified.","meta":{"rootId":"u2pyldpi7a7akzi","id":"xyu66h3vkhjc8oe"},"id":"06zx55bgjo1j5jo","previousOperationId":"t44n904ytvcern6"}
{"type":"log","timestamp":1701072536185,"level":"debug","message":"Base url not specified, skipping its injection.","meta":{"rootId":"u2pyldpi7a7akzi","id":"xyu66h3vkhjc8oe"},"id":"8ifzk9r80g3qsid","previousOperationId":"t44n904ytvcern6"}
{"type":"operationStart","subtype":"engine","name":"handlebars","timestamp":1701072536186,"id":"685263lq2nqyko5","previousEventId":"72yuo69q83ty8in","operationId":"xg628jk46gd1dcx","previousOperationId":"t44n904ytvcern6"}
{"type":"log","timestamp":1701072536186,"level":"debug","message":"Rendering engine handlebars","meta":{"rootId":"u2pyldpi7a7akzi","id":"xyu66h3vkhjc8oe"},"id":"wi86y8pjjjnxtdc","previousOperationId":"xg628jk46gd1dcx"}
{"type":"operationEnd","operationId":"xg628jk46gd1dcx","timestamp":1701072536261,"id":"0kdvis3rvp7b765","previousEventId":"685263lq2nqyko5","previousOperationId":"xg628jk46gd1dcx"}
{"type":"operationStart","subtype":"recipe","name":"chrome-pdf","timestamp":1701072536261,"id":"sg130ksnzo14n6d","previousEventId":"0kdvis3rvp7b765","operationId":"j11c6oo427hslos","previousOperationId":"xg628jk46gd1dcx"}
{"type":"log","timestamp":1701072536261,"level":"debug","message":"Executing recipe chrome-pdf","meta":{"rootId":"u2pyldpi7a7akzi","id":"xyu66h3vkhjc8oe"},"id":"xy1crirypua545l","previousOperationId":"j11c6oo427hslos"}
{"type":"log","timestamp":1701072536262,"level":"debug","message":"Converting with chrome HeadlessChrome/117.0.5938.149 using chrome-pool strategy","meta":{"rootId":"u2pyldpi7a7akzi","id":"xyu66h3vkhjc8oe"},"id":"s28z3cuutouoi04","previousOperationId":"j11c6oo427hslos"}
{"type":"log","timestamp":1701072536303,"level":"debug","message":"Page request: GET (document) file:///var/folders/dp/qk79pfcj0y1fmtkkl08m76rc0000gn/T/jsreport/autocleanup/063b958d-eaa2-490e-b222-011c16061035-chrome-pdf.html","meta":{"rootId":"u2pyldpi7a7akzi","id":"xyu66h3vkhjc8oe"},"id":"gpzajakm5025mgm","previousOperationId":"j11c6oo427hslos"}
{"type":"log","timestamp":1701072536308,"level":"debug","message":"Page request finished: GET (document) 200 file:///var/folders/dp/qk79pfcj0y1fmtkkl08m76rc0000gn/T/jsreport/autocleanup/063b958d-eaa2-490e-b222-011c16061035-chrome-pdf.html","meta":{"rootId":"u2pyldpi7a7akzi","id":"xyu66h3vkhjc8oe"},"id":"jew5r3hyz70fqep","previousOperationId":"j11c6oo427hslos"}
{"type":"log","timestamp":1701072536314,"level":"debug","message":"Running chrome with params {\"timeout\":59088,\"margin\":{},\"printBackground\":true}","meta":{"rootId":"u2pyldpi7a7akzi","id":"xyu66h3vkhjc8oe"},"id":"j22mebunb57d2na","previousOperationId":"j11c6oo427hslos"}
{"type":"operationEnd","operationId":"j11c6oo427hslos","timestamp":1701072536320,"id":"dcemcce8rpfygnk","previousEventId":"sg130ksnzo14n6d","previousOperationId":"j11c6oo427hslos"}
{"type":"log","timestamp":1701072536321,"level":"debug","message":"Skipping storing report.","meta":{"rootId":"u2pyldpi7a7akzi","id":"xyu66h3vkhjc8oe"},"id":"g2kdiclawrol3zv","previousOperationId":"j11c6oo427hslos"}
{"type":"log","timestamp":1701072536321,"level":"info","message":"Rendering (child) request finished in 971 ms","meta":{"rootId":"u2pyldpi7a7akzi","id":"xyu66h3vkhjc8oe"},"id":"tju4u16n1741ak7","previousOperationId":"j11c6oo427hslos"}
{"type":"operationEnd","subtype":"render","operationId":"t44n904ytvcern6","timestamp":1701072536321,"id":"ah6m3wpn4zj97qc","previousEventId":"dcemcce8rpfygnk","previousOperationId":"j11c6oo427hslos"}
{"type":"operationEnd","operationId":"b9xw8zhcete6uq4","timestamp":1701072536332,"id":"t01imx0188f4ave","previousEventId":"vqj9sjcoxsi01nn","previousOperationId":"b9xw8zhcete6uq4"}
{"type":"log","timestamp":1701072536332,"level":"debug","message":"pdf-utils postproces start","meta":{"rootId":"u2pyldpi7a7akzi","id":"u2pyldpi7a7akzi"},"id":"xjg1435bfl0hixu","previousOperationId":"b9xw8zhcete6uq4"}
{"type":"log","timestamp":1701072536343,"level":"debug","message":"pdf-utils postproces end","meta":{"rootId":"u2pyldpi7a7akzi","id":"u2pyldpi7a7akzi"},"id":"0bbplyb452t0wfx","previousOperationId":"b9xw8zhcete6uq4"}
{"type":"operationEnd","operationId":"elurm779s0nhwcz","timestamp":1701072536343,"id":"rsvxxe5f5ds7w0b","previousEventId":"t01imx0188f4ave","previousOperationId":"b9xw8zhcete6uq4"}
{"type":"log","timestamp":1701072536343,"level":"info","message":"pdf-utils pdf processing was finished","meta":{"rootId":"u2pyldpi7a7akzi","id":"u2pyldpi7a7akzi"},"id":"nlgmrieazsm4z8j","previousOperationId":"elurm779s0nhwcz"}
{"type":"log","timestamp":1701072536343,"level":"debug","message":"Skipping storing report.","meta":{"rootId":"u2pyldpi7a7akzi","id":"u2pyldpi7a7akzi"},"id":"yuhcy5bq17hdf84","previousOperationId":"elurm779s0nhwcz"}
{"type":"log","timestamp":1701072536343,"level":"info","message":"Rendering request 1 finished in 993 ms","meta":{"rootId":"u2pyldpi7a7akzi","id":"u2pyldpi7a7akzi"},"id":"l0dfmkzgjmyi341","previousOperationId":"elurm779s0nhwcz"}
{"type":"operationEnd","subtype":"render","operationId":"oqqx28i7t84w4ct","timestamp":1701072536343,"id":"x4jqi8ynelgphpq","previousEventId":"rsvxxe5f5ds7w0b","previousOperationId":"elurm779s0nhwcz"}
{"type":"operationEnd","doDiffs":false,"previousEventId":"9ore1swh6yoij81","previousOperationId":"vkn773z2t2fvvja","operationId":"vkn773z2t2fvvja","timestamp":1701072536346,"id":"pkzmelahbhkgg2e"}
