{"type":"operationStart","subtype":"profile","data":{"_id":"FczDx1Bp1o9x5fYo","timestamp":"2023-12-01T08:41:29.670Z","state":"queued","mode":"standard","creationDate":"2023-12-01T08:41:29.671Z","modificationDate":"2023-12-01T08:41:29.671Z","shortid":"7K_hA4r","$entitySet":"profiles"},"doDiffs":false,"timestamp":1701420089671,"id":"bvy8u10f09ibx6i","previousOperationId":null,"operationId":"qkni2npr1eq3ej1"}
{"type":"log","level":"info","message":"Render request 21 queued for execution and waiting for available worker","previousOperationId":"qkni2npr1eq3ej1","timestamp":1701420089671,"id":"ek0f5r7ozuugv1r"}
{"type":"operationStart","subtype":"render","name":"index_poziv","previousOperationId":"qkni2npr1eq3ej1","timestamp":1701420089678,"id":"t7vve270aiborgq","previousEventId":"bvy8u10f09ibx6i","operationId":"k2l0mkdc7iz4l0m"}
{"type":"log","timestamp":1701420089679,"level":"info","message":"Starting rendering request 21","meta":{"rootId":"urvq1uamc0d4axy","id":"urvq1uamc0d4axy"},"id":"0pa614l0z4ke9it","previousOperationId":"k2l0mkdc7iz4l0m"}
{"type":"log","timestamp":1701420089679,"level":"info","message":"Rendering template { name: index_poziv, recipe: chrome-pdf, engine: handlebars, preview: true }","meta":{"rootId":"urvq1uamc0d4axy","id":"urvq1uamc0d4axy"},"id":"3wzdvqe6xk5sgsn","previousOperationId":"k2l0mkdc7iz4l0m"}
{"type":"log","timestamp":1701420089680,"level":"debug","message":"Inline data specified.","meta":{"rootId":"urvq1uamc0d4axy","id":"urvq1uamc0d4axy"},"id":"azxya2jhyr7plkz","previousOperationId":"k2l0mkdc7iz4l0m"}
{"type":"log","timestamp":1701420089684,"level":"debug","message":"Base url not specified, skipping its injection.","meta":{"rootId":"urvq1uamc0d4axy","id":"urvq1uamc0d4axy"},"id":"zlkig4bukivbelf","previousOperationId":"k2l0mkdc7iz4l0m"}
{"type":"log","timestamp":1701420089685,"level":"debug","message":"Replaced assets [\"styles.css\"]","meta":{"rootId":"urvq1uamc0d4axy","id":"urvq1uamc0d4axy"},"id":"k5jyqc2yzzddyey","previousOperationId":"k2l0mkdc7iz4l0m"}
{"type":"operationStart","subtype":"engine","name":"handlebars","timestamp":1701420089685,"id":"oj4qowl59oqrwyd","previousEventId":"t7vve270aiborgq","operationId":"4ohef5s91bn548h","previousOperationId":"k2l0mkdc7iz4l0m"}
{"type":"log","timestamp":1701420089685,"level":"debug","message":"Rendering engine handlebars","meta":{"rootId":"urvq1uamc0d4axy","id":"urvq1uamc0d4axy"},"id":"2rw4eabudf2obep","previousOperationId":"4ohef5s91bn548h"}
{"type":"operationEnd","operationId":"4ohef5s91bn548h","timestamp":1701420089708,"id":"uhccjugb6bp2nr0","previousEventId":"oj4qowl59oqrwyd","previousOperationId":"4ohef5s91bn548h"}
{"type":"operationStart","subtype":"recipe","name":"chrome-pdf","timestamp":1701420089708,"id":"dwxyclkifu3kiku","previousEventId":"uhccjugb6bp2nr0","operationId":"4crutl5ycpsv2i8","previousOperationId":"4ohef5s91bn548h"}
{"type":"log","timestamp":1701420089708,"level":"debug","message":"Executing recipe chrome-pdf","meta":{"rootId":"urvq1uamc0d4axy","id":"urvq1uamc0d4axy"},"id":"4d97tqvbz3y603o","previousOperationId":"4crutl5ycpsv2i8"}
{"type":"log","timestamp":1701420089710,"level":"debug","message":"Converting with chrome HeadlessChrome/117.0.5938.149 using chrome-pool strategy","meta":{"rootId":"urvq1uamc0d4axy","id":"urvq1uamc0d4axy"},"id":"npl6hfp7zi2nna1","previousOperationId":"4crutl5ycpsv2i8"}
{"type":"log","timestamp":1701420089758,"level":"debug","message":"Page request: GET (document) file:///var/folders/dp/qk79pfcj0y1fmtkkl08m76rc0000gn/T/jsreport/autocleanup/476e4b95-d038-457b-94f7-d20933cc648d-chrome-pdf.html","meta":{"rootId":"urvq1uamc0d4axy","id":"urvq1uamc0d4axy"},"id":"7g1hf3q0zpk6xix","previousOperationId":"4crutl5ycpsv2i8"}
{"type":"log","timestamp":1701420089763,"level":"debug","message":"Page request finished: GET (document) 200 file:///var/folders/dp/qk79pfcj0y1fmtkkl08m76rc0000gn/T/jsreport/autocleanup/476e4b95-d038-457b-94f7-d20933cc648d-chrome-pdf.html","meta":{"rootId":"urvq1uamc0d4axy","id":"urvq1uamc0d4axy"},"id":"w781guh15ih8iau","previousOperationId":"4crutl5ycpsv2i8"}
{"type":"log","timestamp":1701420089773,"level":"debug","message":"Running chrome with params {\"printBackground\":true,\"marginTop\":\"2cm\",\"marginBottom\":\"2cm\",\"timeout\":59961,\"margin\":{\"top\":\"2cm\",\"bottom\":\"2cm\"}}","meta":{"rootId":"urvq1uamc0d4axy","id":"urvq1uamc0d4axy"},"id":"09rrb2nvx158ad2","previousOperationId":"4crutl5ycpsv2i8"}
{"type":"operationEnd","operationId":"4crutl5ycpsv2i8","timestamp":1701420089795,"id":"1r7ke2lib3j9r8t","previousEventId":"dwxyclkifu3kiku","previousOperationId":"4crutl5ycpsv2i8"}
{"type":"log","timestamp":1701420089795,"level":"info","message":"pdf-utils is starting pdf processing","meta":{"rootId":"urvq1uamc0d4axy","id":"urvq1uamc0d4axy"},"id":"8d7hgg8htsq4jo2","previousOperationId":"4crutl5ycpsv2i8"}
{"type":"operationStart","subtype":"pdfUtils","name":"pdf utils","timestamp":1701420089795,"id":"lq63phccxgyxhur","previousEventId":"1r7ke2lib3j9r8t","operationId":"mco6loeoc00k62x","previousOperationId":"4crutl5ycpsv2i8"}
{"type":"log","timestamp":1701420089795,"level":"debug","message":"pdf-utils detected 1 pdf operation(s) to process","meta":{"rootId":"urvq1uamc0d4axy","id":"urvq1uamc0d4axy"},"id":"b2poty261irxovh","previousOperationId":"mco6loeoc00k62x"}
{"type":"log","timestamp":1701420089817,"level":"debug","message":"pdf-utils running pdf operation merge","meta":{"rootId":"urvq1uamc0d4axy","id":"urvq1uamc0d4axy"},"id":"0hd2vhw9pdxcjqr","previousOperationId":"mco6loeoc00k62x"}
{"type":"operationStart","subtype":"pdfUtilsMerge","name":"pdf utils merge","previousOperationId":"mco6loeoc00k62x","timestamp":1701420089817,"id":"qbekpk2hywekgws","previousEventId":"lq63phccxgyxhur","operationId":"srl3dh1fqjzgeqn"}
{"type":"operationStart","subtype":"render","name":"header-footer","previousOperationId":"srl3dh1fqjzgeqn","timestamp":1701420089818,"id":"6oav9ceqs1ocix7","previousEventId":"qbekpk2hywekgws","operationId":"h0znpd6fiuoad37"}
{"type":"log","timestamp":1701420089818,"level":"info","message":"Starting rendering (child) request","meta":{"rootId":"urvq1uamc0d4axy","id":"9ufzmvpaa3uq2gu"},"id":"k451dt7blwvthzu","previousOperationId":"h0znpd6fiuoad37"}
{"type":"log","timestamp":1701420089818,"level":"info","message":"Rendering template { name: header-footer, recipe: chrome-pdf, engine: handlebars, preview: true }","meta":{"rootId":"urvq1uamc0d4axy","id":"9ufzmvpaa3uq2gu"},"id":"iz00ta0bmyxrox2","previousOperationId":"h0znpd6fiuoad37"}
{"type":"log","timestamp":1701420089820,"level":"debug","message":"Inline data specified.","meta":{"rootId":"urvq1uamc0d4axy","id":"9ufzmvpaa3uq2gu"},"id":"kmd8yg3klnmh54o","previousOperationId":"h0znpd6fiuoad37"}
{"type":"log","timestamp":1701420089820,"level":"debug","message":"Base url not specified, skipping its injection.","meta":{"rootId":"urvq1uamc0d4axy","id":"9ufzmvpaa3uq2gu"},"id":"rnt2nsy9nn5em93","previousOperationId":"h0znpd6fiuoad37"}
{"type":"operationStart","subtype":"engine","name":"handlebars","timestamp":1701420089820,"id":"9qkcubx5a6ndvyn","previousEventId":"6oav9ceqs1ocix7","operationId":"4bj9mbb3izxle6w","previousOperationId":"h0znpd6fiuoad37"}
{"type":"log","timestamp":1701420089820,"level":"debug","message":"Rendering engine handlebars","meta":{"rootId":"urvq1uamc0d4axy","id":"9ufzmvpaa3uq2gu"},"id":"3w9dff23dlfhyzo","previousOperationId":"4bj9mbb3izxle6w"}
{"type":"operationEnd","operationId":"4bj9mbb3izxle6w","timestamp":1701420089824,"id":"dnd8l0ftip1ywt1","previousEventId":"9qkcubx5a6ndvyn","previousOperationId":"4bj9mbb3izxle6w"}
{"type":"operationStart","subtype":"recipe","name":"chrome-pdf","timestamp":1701420089824,"id":"29bo0c2svfxaeh2","previousEventId":"dnd8l0ftip1ywt1","operationId":"xw9lilk87qmw53b","previousOperationId":"4bj9mbb3izxle6w"}
{"type":"log","timestamp":1701420089824,"level":"debug","message":"Executing recipe chrome-pdf","meta":{"rootId":"urvq1uamc0d4axy","id":"9ufzmvpaa3uq2gu"},"id":"59l8313aynlkmt0","previousOperationId":"xw9lilk87qmw53b"}
{"type":"log","timestamp":1701420089824,"level":"debug","message":"Converting with chrome HeadlessChrome/117.0.5938.149 using chrome-pool strategy","meta":{"rootId":"urvq1uamc0d4axy","id":"9ufzmvpaa3uq2gu"},"id":"4hoo7dmoinqxsex","previousOperationId":"xw9lilk87qmw53b"}
{"type":"log","timestamp":1701420089863,"level":"debug","message":"Page request: GET (document) file:///var/folders/dp/qk79pfcj0y1fmtkkl08m76rc0000gn/T/jsreport/autocleanup/a9fcb06a-f187-4d00-ae4b-57f47652076d-chrome-pdf.html","meta":{"rootId":"urvq1uamc0d4axy","id":"9ufzmvpaa3uq2gu"},"id":"8t6atauodutas2z","previousOperationId":"xw9lilk87qmw53b"}
{"type":"log","timestamp":1701420089868,"level":"debug","message":"Page request finished: GET (document) 200 file:///var/folders/dp/qk79pfcj0y1fmtkkl08m76rc0000gn/T/jsreport/autocleanup/a9fcb06a-f187-4d00-ae4b-57f47652076d-chrome-pdf.html","meta":{"rootId":"urvq1uamc0d4axy","id":"9ufzmvpaa3uq2gu"},"id":"k7ckg0ymhulbbar","previousOperationId":"xw9lilk87qmw53b"}
{"type":"log","timestamp":1701420089874,"level":"debug","message":"Running chrome with params {\"timeout\":59846,\"margin\":{},\"printBackground\":true}","meta":{"rootId":"urvq1uamc0d4axy","id":"9ufzmvpaa3uq2gu"},"id":"i3hxkn3ssyp9hh9","previousOperationId":"xw9lilk87qmw53b"}
{"type":"operationEnd","operationId":"xw9lilk87qmw53b","timestamp":1701420089880,"id":"aflesjguuzl6wi8","previousEventId":"29bo0c2svfxaeh2","previousOperationId":"xw9lilk87qmw53b"}
{"type":"log","timestamp":1701420089880,"level":"debug","message":"Skipping storing report.","meta":{"rootId":"urvq1uamc0d4axy","id":"9ufzmvpaa3uq2gu"},"id":"6wft3js1gp6uv0f","previousOperationId":"xw9lilk87qmw53b"}
{"type":"log","timestamp":1701420089880,"level":"info","message":"Rendering (child) request finished in 210 ms","meta":{"rootId":"urvq1uamc0d4axy","id":"9ufzmvpaa3uq2gu"},"id":"6uuejkmzfc2tieo","previousOperationId":"xw9lilk87qmw53b"}
{"type":"operationEnd","subtype":"render","operationId":"h0znpd6fiuoad37","timestamp":1701420089880,"id":"ppevg0nde4q7zrn","previousEventId":"aflesjguuzl6wi8","previousOperationId":"xw9lilk87qmw53b"}
{"type":"operationEnd","operationId":"srl3dh1fqjzgeqn","timestamp":1701420089886,"id":"y0uox2a61ks71i2","previousEventId":"qbekpk2hywekgws","previousOperationId":"srl3dh1fqjzgeqn"}
{"type":"log","timestamp":1701420089886,"level":"debug","message":"pdf-utils postproces start","meta":{"rootId":"urvq1uamc0d4axy","id":"urvq1uamc0d4axy"},"id":"6g4tw3p3r6m8gix","previousOperationId":"srl3dh1fqjzgeqn"}
{"type":"log","timestamp":1701420089893,"level":"debug","message":"pdf-utils postproces end","meta":{"rootId":"urvq1uamc0d4axy","id":"urvq1uamc0d4axy"},"id":"ec8cur1r9soyf6z","previousOperationId":"srl3dh1fqjzgeqn"}
{"type":"operationEnd","operationId":"mco6loeoc00k62x","timestamp":1701420089893,"id":"jptdy6gbon0cdh3","previousEventId":"y0uox2a61ks71i2","previousOperationId":"srl3dh1fqjzgeqn"}
{"type":"log","timestamp":1701420089893,"level":"info","message":"pdf-utils pdf processing was finished","meta":{"rootId":"urvq1uamc0d4axy","id":"urvq1uamc0d4axy"},"id":"hd0g2kj5hs0kyyp","previousOperationId":"mco6loeoc00k62x"}
{"type":"log","timestamp":1701420089893,"level":"debug","message":"Skipping storing report.","meta":{"rootId":"urvq1uamc0d4axy","id":"urvq1uamc0d4axy"},"id":"536n4y78mmkjt8s","previousOperationId":"mco6loeoc00k62x"}
{"type":"log","timestamp":1701420089893,"level":"info","message":"Rendering request 21 finished in 223 ms","meta":{"rootId":"urvq1uamc0d4axy","id":"urvq1uamc0d4axy"},"id":"hml0pt2564tognd","previousOperationId":"mco6loeoc00k62x"}
{"type":"operationEnd","subtype":"render","operationId":"k2l0mkdc7iz4l0m","timestamp":1701420089893,"id":"qupl7zjcdnmh50q","previousEventId":"jptdy6gbon0cdh3","previousOperationId":"mco6loeoc00k62x"}
{"type":"operationEnd","doDiffs":false,"previousEventId":"bvy8u10f09ibx6i","previousOperationId":"qkni2npr1eq3ej1","operationId":"qkni2npr1eq3ej1","timestamp":1701420089896,"id":"08h9s1rvqsah82f"}
