{"type":"operationStart","subtype":"profile","data":{"_id":"WI5hFdz7RJgwAD3T","timestamp":"2023-12-01T09:53:52.620Z","state":"queued","mode":"standard","creationDate":"2023-12-01T09:53:52.621Z","modificationDate":"2023-12-01T09:53:52.621Z","shortid":"-MoX4Sx","$entitySet":"profiles"},"doDiffs":false,"timestamp":1701424432621,"id":"y6fnc3nd058xj8a","previousOperationId":null,"operationId":"x309ikjd6ogqx2c"}
{"type":"log","level":"info","message":"Render request 72 queued for execution and waiting for available worker","previousOperationId":"x309ikjd6ogqx2c","timestamp":1701424432621,"id":"glwgcxdzy84ar11"}
{"type":"operationStart","subtype":"render","name":"index_poziv","previousOperationId":"x309ikjd6ogqx2c","timestamp":1701424432627,"id":"xyugcdk6igqobs8","previousEventId":"y6fnc3nd058xj8a","operationId":"ql64bx6ubaclgth"}
{"type":"log","timestamp":1701424432627,"level":"info","message":"Starting rendering request 72","meta":{"rootId":"v3nehlog2z3bvgz","id":"v3nehlog2z3bvgz"},"id":"6qkel66l7j70cal","previousOperationId":"ql64bx6ubaclgth"}
{"type":"log","timestamp":1701424432627,"level":"info","message":"Rendering template { name: index_poziv, recipe: chrome-pdf, engine: handlebars, preview: true }","meta":{"rootId":"v3nehlog2z3bvgz","id":"v3nehlog2z3bvgz"},"id":"myj3bh0tsrwb0lj","previousOperationId":"ql64bx6ubaclgth"}
{"type":"log","timestamp":1701424432628,"level":"debug","message":"Adding sample data PrpCVp4aj","meta":{"rootId":"v3nehlog2z3bvgz","id":"v3nehlog2z3bvgz"},"id":"7ftl9jtfp2rfbos","previousOperationId":"ql64bx6ubaclgth"}
{"type":"log","timestamp":1701424432632,"level":"debug","message":"Base url not specified, skipping its injection.","meta":{"rootId":"v3nehlog2z3bvgz","id":"v3nehlog2z3bvgz"},"id":"lmal9k4doyhh5qa","previousOperationId":"ql64bx6ubaclgth"}
{"type":"log","timestamp":1701424432633,"level":"debug","message":"Replaced assets [\"styles.css\"]","meta":{"rootId":"v3nehlog2z3bvgz","id":"v3nehlog2z3bvgz"},"id":"o2p0p8bc2198e6m","previousOperationId":"ql64bx6ubaclgth"}
{"type":"operationStart","subtype":"engine","name":"handlebars","timestamp":1701424432633,"id":"grdyo3ksdmj72dk","previousEventId":"xyugcdk6igqobs8","operationId":"jyoqk0714ru0cqp","previousOperationId":"ql64bx6ubaclgth"}
{"type":"log","timestamp":1701424432633,"level":"debug","message":"Rendering engine handlebars","meta":{"rootId":"v3nehlog2z3bvgz","id":"v3nehlog2z3bvgz"},"id":"htmtd2q69vk4he0","previousOperationId":"jyoqk0714ru0cqp"}
{"type":"operationEnd","operationId":"jyoqk0714ru0cqp","timestamp":1701424432641,"id":"92v6yn39eotfm3r","previousEventId":"grdyo3ksdmj72dk","previousOperationId":"jyoqk0714ru0cqp"}
{"type":"operationStart","subtype":"recipe","name":"chrome-pdf","timestamp":1701424432641,"id":"t28crxap8bzinxq","previousEventId":"92v6yn39eotfm3r","operationId":"m8mdb3opyplefw9","previousOperationId":"jyoqk0714ru0cqp"}
{"type":"log","timestamp":1701424432641,"level":"debug","message":"Executing recipe chrome-pdf","meta":{"rootId":"v3nehlog2z3bvgz","id":"v3nehlog2z3bvgz"},"id":"zzq67wcxttk1y02","previousOperationId":"m8mdb3opyplefw9"}
{"type":"log","timestamp":1701424432642,"level":"debug","message":"Converting with chrome HeadlessChrome/117.0.5938.149 using chrome-pool strategy","meta":{"rootId":"v3nehlog2z3bvgz","id":"v3nehlog2z3bvgz"},"id":"lggu49ryg3asz37","previousOperationId":"m8mdb3opyplefw9"}
{"type":"log","timestamp":1701424432694,"level":"debug","message":"Page request: GET (document) file:///var/folders/dp/qk79pfcj0y1fmtkkl08m76rc0000gn/T/jsreport/autocleanup/c9572216-3947-4a17-9129-998684c81a88-chrome-pdf.html","meta":{"rootId":"v3nehlog2z3bvgz","id":"v3nehlog2z3bvgz"},"id":"p851dolygix6vy5","previousOperationId":"m8mdb3opyplefw9"}
{"type":"log","timestamp":1701424432699,"level":"debug","message":"Page request finished: GET (document) 200 file:///var/folders/dp/qk79pfcj0y1fmtkkl08m76rc0000gn/T/jsreport/autocleanup/c9572216-3947-4a17-9129-998684c81a88-chrome-pdf.html","meta":{"rootId":"v3nehlog2z3bvgz","id":"v3nehlog2z3bvgz"},"id":"j1id9pn1mf0l4so","previousOperationId":"m8mdb3opyplefw9"}
{"type":"log","timestamp":1701424432711,"level":"debug","message":"Running chrome with params {\"printBackground\":true,\"marginTop\":\"2cm\",\"marginBottom\":\"2cm\",\"timeout\":59979,\"margin\":{\"top\":\"2cm\",\"bottom\":\"2cm\"}}","meta":{"rootId":"v3nehlog2z3bvgz","id":"v3nehlog2z3bvgz"},"id":"mpn0pmkxebedqrg","previousOperationId":"m8mdb3opyplefw9"}
{"type":"operationEnd","operationId":"m8mdb3opyplefw9","timestamp":1701424432734,"id":"53z3oqw982ga1ge","previousEventId":"t28crxap8bzinxq","previousOperationId":"m8mdb3opyplefw9"}
{"type":"log","timestamp":1701424432734,"level":"info","message":"pdf-utils is starting pdf processing","meta":{"rootId":"v3nehlog2z3bvgz","id":"v3nehlog2z3bvgz"},"id":"l9c6dc7lpz7xru5","previousOperationId":"m8mdb3opyplefw9"}
{"type":"operationStart","subtype":"pdfUtils","name":"pdf utils","timestamp":1701424432734,"id":"d1m6tepy7znsa40","previousEventId":"53z3oqw982ga1ge","operationId":"0i5h0u8juysqxg3","previousOperationId":"m8mdb3opyplefw9"}
{"type":"log","timestamp":1701424432734,"level":"debug","message":"pdf-utils detected 1 pdf operation(s) to process","meta":{"rootId":"v3nehlog2z3bvgz","id":"v3nehlog2z3bvgz"},"id":"0aszceccc1n68os","previousOperationId":"0i5h0u8juysqxg3"}
{"type":"log","timestamp":1701424432752,"level":"debug","message":"pdf-utils running pdf operation merge","meta":{"rootId":"v3nehlog2z3bvgz","id":"v3nehlog2z3bvgz"},"id":"kt84wo0gygxj57u","previousOperationId":"0i5h0u8juysqxg3"}
{"type":"operationStart","subtype":"pdfUtilsMerge","name":"pdf utils merge","previousOperationId":"0i5h0u8juysqxg3","timestamp":1701424432752,"id":"lghf3fkjakto7ga","previousEventId":"d1m6tepy7znsa40","operationId":"tljjpsho36p29ko"}
{"type":"operationStart","subtype":"render","name":"header-footer","previousOperationId":"tljjpsho36p29ko","timestamp":1701424432752,"id":"eidc5ochgdnbn1d","previousEventId":"lghf3fkjakto7ga","operationId":"t19rj7s1ta63ntv"}
{"type":"log","timestamp":1701424432752,"level":"info","message":"Starting rendering (child) request","meta":{"rootId":"v3nehlog2z3bvgz","id":"407oq0d8szcoxgq"},"id":"86b6kfc09l25zc7","previousOperationId":"t19rj7s1ta63ntv"}
{"type":"log","timestamp":1701424432752,"level":"info","message":"Rendering template { name: header-footer, recipe: chrome-pdf, engine: handlebars, preview: true }","meta":{"rootId":"v3nehlog2z3bvgz","id":"407oq0d8szcoxgq"},"id":"24eddek3vcs28xs","previousOperationId":"t19rj7s1ta63ntv"}
{"type":"log","timestamp":1701424432752,"level":"debug","message":"Inline data specified.","meta":{"rootId":"v3nehlog2z3bvgz","id":"407oq0d8szcoxgq"},"id":"oltqmwnwykd52xa","previousOperationId":"t19rj7s1ta63ntv"}
{"type":"log","timestamp":1701424432753,"level":"debug","message":"Base url not specified, skipping its injection.","meta":{"rootId":"v3nehlog2z3bvgz","id":"407oq0d8szcoxgq"},"id":"pg40uge45aopb4y","previousOperationId":"t19rj7s1ta63ntv"}
{"type":"operationStart","subtype":"engine","name":"handlebars","timestamp":1701424432753,"id":"crtk2fvdca9p8dm","previousEventId":"eidc5ochgdnbn1d","operationId":"5l6leg1u9eigj8w","previousOperationId":"t19rj7s1ta63ntv"}
{"type":"log","timestamp":1701424432753,"level":"debug","message":"Rendering engine handlebars","meta":{"rootId":"v3nehlog2z3bvgz","id":"407oq0d8szcoxgq"},"id":"cj82bgkj6vwdcav","previousOperationId":"5l6leg1u9eigj8w"}
{"type":"operationEnd","operationId":"5l6leg1u9eigj8w","timestamp":1701424432756,"id":"q7fjzjybqatvknq","previousEventId":"crtk2fvdca9p8dm","previousOperationId":"5l6leg1u9eigj8w"}
{"type":"operationStart","subtype":"recipe","name":"chrome-pdf","timestamp":1701424432756,"id":"cu0ncvqwslzakuz","previousEventId":"q7fjzjybqatvknq","operationId":"dm2ym6wdo38msm1","previousOperationId":"5l6leg1u9eigj8w"}
{"type":"log","timestamp":1701424432756,"level":"debug","message":"Executing recipe chrome-pdf","meta":{"rootId":"v3nehlog2z3bvgz","id":"407oq0d8szcoxgq"},"id":"kcnjabb4a82ouym","previousOperationId":"dm2ym6wdo38msm1"}
{"type":"log","timestamp":1701424432757,"level":"debug","message":"Converting with chrome HeadlessChrome/117.0.5938.149 using chrome-pool strategy","meta":{"rootId":"v3nehlog2z3bvgz","id":"407oq0d8szcoxgq"},"id":"67kklyci1ud8l5z","previousOperationId":"dm2ym6wdo38msm1"}
{"type":"log","timestamp":1701424432795,"level":"debug","message":"Page request: GET (document) file:///var/folders/dp/qk79pfcj0y1fmtkkl08m76rc0000gn/T/jsreport/autocleanup/fbdf51b7-3c83-489b-92cb-0aa1c5884af3-chrome-pdf.html","meta":{"rootId":"v3nehlog2z3bvgz","id":"407oq0d8szcoxgq"},"id":"3tt0t284nrpj03v","previousOperationId":"dm2ym6wdo38msm1"}
{"type":"log","timestamp":1701424432799,"level":"debug","message":"Page request finished: GET (document) 200 file:///var/folders/dp/qk79pfcj0y1fmtkkl08m76rc0000gn/T/jsreport/autocleanup/fbdf51b7-3c83-489b-92cb-0aa1c5884af3-chrome-pdf.html","meta":{"rootId":"v3nehlog2z3bvgz","id":"407oq0d8szcoxgq"},"id":"nwdbawcaud6gg13","previousOperationId":"dm2ym6wdo38msm1"}
{"type":"log","timestamp":1701424432807,"level":"debug","message":"Running chrome with params {\"timeout\":59864,\"margin\":{},\"printBackground\":true}","meta":{"rootId":"v3nehlog2z3bvgz","id":"407oq0d8szcoxgq"},"id":"q190cu8jxfpemy6","previousOperationId":"dm2ym6wdo38msm1"}
{"type":"operationEnd","operationId":"dm2ym6wdo38msm1","timestamp":1701424432814,"id":"vuuohv0isrz3trv","previousEventId":"cu0ncvqwslzakuz","previousOperationId":"dm2ym6wdo38msm1"}
{"type":"log","timestamp":1701424432814,"level":"debug","message":"Skipping storing report.","meta":{"rootId":"v3nehlog2z3bvgz","id":"407oq0d8szcoxgq"},"id":"kephcngeti4k5y7","previousOperationId":"dm2ym6wdo38msm1"}
{"type":"log","timestamp":1701424432814,"level":"info","message":"Rendering (child) request finished in 194 ms","meta":{"rootId":"v3nehlog2z3bvgz","id":"407oq0d8szcoxgq"},"id":"8breog7dklxcvlp","previousOperationId":"dm2ym6wdo38msm1"}
{"type":"operationEnd","subtype":"render","operationId":"t19rj7s1ta63ntv","timestamp":1701424432814,"id":"4xmjgsvz1d93pmy","previousEventId":"vuuohv0isrz3trv","previousOperationId":"dm2ym6wdo38msm1"}
{"type":"operationEnd","operationId":"tljjpsho36p29ko","timestamp":1701424432818,"id":"97kcyv23b6oroni","previousEventId":"lghf3fkjakto7ga","previousOperationId":"tljjpsho36p29ko"}
{"type":"log","timestamp":1701424432818,"level":"debug","message":"pdf-utils postproces start","meta":{"rootId":"v3nehlog2z3bvgz","id":"v3nehlog2z3bvgz"},"id":"b4zkt7rh45fjsec","previousOperationId":"tljjpsho36p29ko"}
{"type":"log","timestamp":1701424432826,"level":"debug","message":"pdf-utils postproces end","meta":{"rootId":"v3nehlog2z3bvgz","id":"v3nehlog2z3bvgz"},"id":"fpgd7ytoa5g4wrr","previousOperationId":"tljjpsho36p29ko"}
{"type":"operationEnd","operationId":"0i5h0u8juysqxg3","timestamp":1701424432826,"id":"m9wxv6me8tszycf","previousEventId":"97kcyv23b6oroni","previousOperationId":"tljjpsho36p29ko"}
{"type":"log","timestamp":1701424432826,"level":"info","message":"pdf-utils pdf processing was finished","meta":{"rootId":"v3nehlog2z3bvgz","id":"v3nehlog2z3bvgz"},"id":"twtq8coqz3czu6m","previousOperationId":"0i5h0u8juysqxg3"}
{"type":"log","timestamp":1701424432826,"level":"debug","message":"Skipping storing report.","meta":{"rootId":"v3nehlog2z3bvgz","id":"v3nehlog2z3bvgz"},"id":"wz791jcgco1j8n2","previousOperationId":"0i5h0u8juysqxg3"}
{"type":"log","timestamp":1701424432826,"level":"info","message":"Rendering request 72 finished in 206 ms","meta":{"rootId":"v3nehlog2z3bvgz","id":"v3nehlog2z3bvgz"},"id":"hh35vjxr03f7cpx","previousOperationId":"0i5h0u8juysqxg3"}
{"type":"operationEnd","subtype":"render","operationId":"ql64bx6ubaclgth","timestamp":1701424432826,"id":"87a49uq0rpuzjuo","previousEventId":"m9wxv6me8tszycf","previousOperationId":"0i5h0u8juysqxg3"}
{"type":"operationEnd","doDiffs":false,"previousEventId":"y6fnc3nd058xj8a","previousOperationId":"x309ikjd6ogqx2c","operationId":"x309ikjd6ogqx2c","timestamp":1701424432827,"id":"psicf10jvf964gn"}
