{"type":"operationStart","subtype":"profile","data":{"_id":"cHfKbwEj13aKnZw4","timestamp":"2023-11-21T11:03:55.627Z","state":"queued","mode":"standard","creationDate":"2023-11-21T11:03:55.629Z","modificationDate":"2023-11-21T11:03:55.629Z","shortid":"rZShtXo","$entitySet":"profiles"},"doDiffs":false,"timestamp":1700564635628,"id":"i7nwdtakjj6838o","previousOperationId":null,"operationId":"3ufno2cqr14ityr"}
{"type":"log","level":"info","message":"Render request 13 queued for execution and waiting for available worker","previousOperationId":"3ufno2cqr14ityr","timestamp":1700564635628,"id":"y43fn6v3aappe4g"}
{"type":"operationStart","subtype":"render","name":"index_poziv","previousOperationId":"3ufno2cqr14ityr","timestamp":1700564635635,"id":"u62ns3jm53l0f8e","previousEventId":"i7nwdtakjj6838o","operationId":"muhx52gzhxw9wr1"}
{"type":"log","timestamp":1700564635635,"level":"info","message":"Starting rendering request 13","meta":{"rootId":"vajskf4wgl5zdp9","id":"vajskf4wgl5zdp9"},"id":"6ku7zxbiwf4fal7","previousOperationId":"muhx52gzhxw9wr1"}
{"type":"log","timestamp":1700564635635,"level":"info","message":"Rendering template { name: index_poziv, recipe: chrome-pdf, engine: handlebars, preview: true }","meta":{"rootId":"vajskf4wgl5zdp9","id":"vajskf4wgl5zdp9"},"id":"ea6dujxhjgxp6fm","previousOperationId":"muhx52gzhxw9wr1"}
{"type":"log","timestamp":1700564635636,"level":"debug","message":"Inline data specified.","meta":{"rootId":"vajskf4wgl5zdp9","id":"vajskf4wgl5zdp9"},"id":"8xi8kbig01vy30w","previousOperationId":"muhx52gzhxw9wr1"}
{"type":"log","timestamp":1700564635638,"level":"debug","message":"Base url not specified, skipping its injection.","meta":{"rootId":"vajskf4wgl5zdp9","id":"vajskf4wgl5zdp9"},"id":"q2q9y7zunf451l4","previousOperationId":"muhx52gzhxw9wr1"}
{"type":"log","timestamp":1700564635639,"level":"debug","message":"Replaced assets [\"styles.css\"]","meta":{"rootId":"vajskf4wgl5zdp9","id":"vajskf4wgl5zdp9"},"id":"zwa3w2cxu6kt0w8","previousOperationId":"muhx52gzhxw9wr1"}
{"type":"operationStart","subtype":"engine","name":"handlebars","timestamp":1700564635639,"id":"45xgwl663m0ypul","previousEventId":"u62ns3jm53l0f8e","operationId":"emj99gut5hh1je4","previousOperationId":"muhx52gzhxw9wr1"}
{"type":"log","timestamp":1700564635639,"level":"debug","message":"Rendering engine handlebars","meta":{"rootId":"vajskf4wgl5zdp9","id":"vajskf4wgl5zdp9"},"id":"yjgysgo400qf5wr","previousOperationId":"emj99gut5hh1je4"}
{"type":"operationEnd","operationId":"emj99gut5hh1je4","timestamp":1700564635667,"id":"ah1px37a11od9rc","previousEventId":"45xgwl663m0ypul","previousOperationId":"emj99gut5hh1je4"}
{"type":"operationStart","subtype":"recipe","name":"chrome-pdf","timestamp":1700564635667,"id":"428hyh3c5zol97q","previousEventId":"ah1px37a11od9rc","operationId":"84juu6y010yc4jc","previousOperationId":"emj99gut5hh1je4"}
{"type":"log","timestamp":1700564635667,"level":"debug","message":"Executing recipe chrome-pdf","meta":{"rootId":"vajskf4wgl5zdp9","id":"vajskf4wgl5zdp9"},"id":"wtnwpgz1orxbm2m","previousOperationId":"84juu6y010yc4jc"}
{"type":"log","timestamp":1700564635668,"level":"debug","message":"Converting with chrome HeadlessChrome/117.0.5938.149 using chrome-pool strategy","meta":{"rootId":"vajskf4wgl5zdp9","id":"vajskf4wgl5zdp9"},"id":"shlphv0zqashkgh","previousOperationId":"84juu6y010yc4jc"}
{"type":"log","timestamp":1700564635712,"level":"debug","message":"Page request: GET (document) file:///var/folders/dp/qk79pfcj0y1fmtkkl08m76rc0000gn/T/jsreport/autocleanup/7fe2ea3d-00bd-4315-a830-7989d7e4fbe9-chrome-pdf.html","meta":{"rootId":"vajskf4wgl5zdp9","id":"vajskf4wgl5zdp9"},"id":"b6p8iz7udz1xs6y","previousOperationId":"84juu6y010yc4jc"}
{"type":"log","timestamp":1700564635717,"level":"debug","message":"Page request finished: GET (document) 200 file:///var/folders/dp/qk79pfcj0y1fmtkkl08m76rc0000gn/T/jsreport/autocleanup/7fe2ea3d-00bd-4315-a830-7989d7e4fbe9-chrome-pdf.html","meta":{"rootId":"vajskf4wgl5zdp9","id":"vajskf4wgl5zdp9"},"id":"isv7srazl2drltx","previousOperationId":"84juu6y010yc4jc"}
{"type":"log","timestamp":1700564635726,"level":"debug","message":"Running chrome with params {\"printBackground\":true,\"timeout\":59959,\"margin\":{}}","meta":{"rootId":"vajskf4wgl5zdp9","id":"vajskf4wgl5zdp9"},"id":"a2ogp5wg0iqdnoo","previousOperationId":"84juu6y010yc4jc"}
{"type":"operationEnd","operationId":"84juu6y010yc4jc","timestamp":1700564635741,"id":"auccttx3lkj6fwu","previousEventId":"428hyh3c5zol97q","previousOperationId":"84juu6y010yc4jc"}
{"type":"log","timestamp":1700564635742,"level":"debug","message":"Skipping storing report.","meta":{"rootId":"vajskf4wgl5zdp9","id":"vajskf4wgl5zdp9"},"id":"mvs1zmctjsz9jk7","previousOperationId":"84juu6y010yc4jc"}
{"type":"log","timestamp":1700564635742,"level":"info","message":"Rendering request 13 finished in 115 ms","meta":{"rootId":"vajskf4wgl5zdp9","id":"vajskf4wgl5zdp9"},"id":"dumlnirq5x3jk18","previousOperationId":"84juu6y010yc4jc"}
{"type":"operationEnd","subtype":"render","operationId":"muhx52gzhxw9wr1","timestamp":1700564635742,"id":"9f5p0rsz0auq4n3","previousEventId":"auccttx3lkj6fwu","previousOperationId":"84juu6y010yc4jc"}
{"type":"operationEnd","doDiffs":false,"previousEventId":"i7nwdtakjj6838o","previousOperationId":"3ufno2cqr14ityr","operationId":"3ufno2cqr14ityr","timestamp":1700564635743,"id":"2vbzi102jwr0wro"}
