{"type":"operationStart","subtype":"profile","data":{"_id":"ti3qGtKZWNWksrPe","timestamp":"2023-11-21T11:50:42.300Z","state":"queued","mode":"standard","creationDate":"2023-11-21T11:50:42.301Z","modificationDate":"2023-11-21T11:50:42.301Z","shortid":"Ey76q6S","$entitySet":"profiles"},"doDiffs":false,"timestamp":1700567442300,"id":"ss8rx9ookdlvj6i","previousOperationId":null,"operationId":"su0o6tnkq0vggy3"}
{"type":"log","level":"info","message":"Render request 25 queued for execution and waiting for available worker","previousOperationId":"su0o6tnkq0vggy3","timestamp":1700567442300,"id":"ludp2xs03yxsuwd"}
{"type":"operationStart","subtype":"render","name":"index_poziv","previousOperationId":"su0o6tnkq0vggy3","timestamp":1700567442306,"id":"hd5eog3nmqprupf","previousEventId":"ss8rx9ookdlvj6i","operationId":"1lkift3b465f816"}
{"type":"log","timestamp":1700567442307,"level":"info","message":"Starting rendering request 25","meta":{"rootId":"w5t2jjqb2kjf3iu","id":"w5t2jjqb2kjf3iu"},"id":"qw8fyzac8pgfje4","previousOperationId":"1lkift3b465f816"}
{"type":"log","timestamp":1700567442307,"level":"info","message":"Rendering template { name: index_poziv, recipe: chrome-pdf, engine: handlebars, preview: true }","meta":{"rootId":"w5t2jjqb2kjf3iu","id":"w5t2jjqb2kjf3iu"},"id":"xgwn0ba60ruxt66","previousOperationId":"1lkift3b465f816"}
{"type":"log","timestamp":1700567442307,"level":"debug","message":"Inline data specified.","meta":{"rootId":"w5t2jjqb2kjf3iu","id":"w5t2jjqb2kjf3iu"},"id":"9r17ytnsn2hu178","previousOperationId":"1lkift3b465f816"}
{"type":"log","timestamp":1700567442309,"level":"debug","message":"Base url not specified, skipping its injection.","meta":{"rootId":"w5t2jjqb2kjf3iu","id":"w5t2jjqb2kjf3iu"},"id":"kcaoxm64sq5k0mf","previousOperationId":"1lkift3b465f816"}
{"type":"log","timestamp":1700567442311,"level":"debug","message":"Replaced assets [\"styles.css\"]","meta":{"rootId":"w5t2jjqb2kjf3iu","id":"w5t2jjqb2kjf3iu"},"id":"hf2vliqbet007sb","previousOperationId":"1lkift3b465f816"}
{"type":"operationStart","subtype":"engine","name":"handlebars","timestamp":1700567442311,"id":"9c1e08nmmxdq8qv","previousEventId":"hd5eog3nmqprupf","operationId":"hqyxtn97qm8aax2","previousOperationId":"1lkift3b465f816"}
{"type":"log","timestamp":1700567442311,"level":"debug","message":"Rendering engine handlebars","meta":{"rootId":"w5t2jjqb2kjf3iu","id":"w5t2jjqb2kjf3iu"},"id":"uqtzn08jjm7hq3h","previousOperationId":"hqyxtn97qm8aax2"}
{"type":"operationEnd","operationId":"hqyxtn97qm8aax2","timestamp":1700567442332,"id":"sm3uja4iczuytx1","previousEventId":"9c1e08nmmxdq8qv","previousOperationId":"hqyxtn97qm8aax2"}
{"type":"operationStart","subtype":"recipe","name":"chrome-pdf","timestamp":1700567442332,"id":"rr4806tgv930064","previousEventId":"sm3uja4iczuytx1","operationId":"sad8w4o0r68h96y","previousOperationId":"hqyxtn97qm8aax2"}
{"type":"log","timestamp":1700567442332,"level":"debug","message":"Executing recipe chrome-pdf","meta":{"rootId":"w5t2jjqb2kjf3iu","id":"w5t2jjqb2kjf3iu"},"id":"7udzdbt708d6s9t","previousOperationId":"sad8w4o0r68h96y"}
{"type":"log","timestamp":1700567442333,"level":"debug","message":"Converting with chrome HeadlessChrome/117.0.5938.149 using chrome-pool strategy","meta":{"rootId":"w5t2jjqb2kjf3iu","id":"w5t2jjqb2kjf3iu"},"id":"znx5f3v9uxfmfx4","previousOperationId":"sad8w4o0r68h96y"}
{"type":"log","timestamp":1700567442380,"level":"debug","message":"Page request: GET (document) file:///var/folders/dp/qk79pfcj0y1fmtkkl08m76rc0000gn/T/jsreport/autocleanup/3df1472a-b2f9-4639-ad8d-57f760a4cb0c-chrome-pdf.html","meta":{"rootId":"w5t2jjqb2kjf3iu","id":"w5t2jjqb2kjf3iu"},"id":"9o1uufa8muyi25z","previousOperationId":"sad8w4o0r68h96y"}
{"type":"log","timestamp":1700567442385,"level":"debug","message":"Page request finished: GET (document) 200 file:///var/folders/dp/qk79pfcj0y1fmtkkl08m76rc0000gn/T/jsreport/autocleanup/3df1472a-b2f9-4639-ad8d-57f760a4cb0c-chrome-pdf.html","meta":{"rootId":"w5t2jjqb2kjf3iu","id":"w5t2jjqb2kjf3iu"},"id":"1gcxr9i9pg6boo7","previousOperationId":"sad8w4o0r68h96y"}
{"type":"log","timestamp":1700567442396,"level":"debug","message":"Running chrome with params {\"printBackground\":true,\"marginTop\":\"2cm\",\"marginBottom\":\"2cm\",\"timeout\":59967,\"margin\":{\"top\":\"2cm\",\"bottom\":\"2cm\"}}","meta":{"rootId":"w5t2jjqb2kjf3iu","id":"w5t2jjqb2kjf3iu"},"id":"4irdu77cqxzx566","previousOperationId":"sad8w4o0r68h96y"}
{"type":"operationEnd","operationId":"sad8w4o0r68h96y","timestamp":1700567442417,"id":"18hzolj8djlyyqq","previousEventId":"rr4806tgv930064","previousOperationId":"sad8w4o0r68h96y"}
{"type":"log","timestamp":1700567442417,"level":"info","message":"pdf-utils is starting pdf processing","meta":{"rootId":"w5t2jjqb2kjf3iu","id":"w5t2jjqb2kjf3iu"},"id":"229ivvuu76yo4l1","previousOperationId":"sad8w4o0r68h96y"}
{"type":"operationStart","subtype":"pdfUtils","name":"pdf utils","timestamp":1700567442417,"id":"ft4n10ghu3a3ori","previousEventId":"18hzolj8djlyyqq","operationId":"1cpitl9o3hjumd9","previousOperationId":"sad8w4o0r68h96y"}
{"type":"log","timestamp":1700567442417,"level":"debug","message":"pdf-utils detected 1 pdf operation(s) to process","meta":{"rootId":"w5t2jjqb2kjf3iu","id":"w5t2jjqb2kjf3iu"},"id":"t5dv8isfzsx6xw9","previousOperationId":"1cpitl9o3hjumd9"}
{"type":"log","timestamp":1700567442441,"level":"debug","message":"pdf-utils running pdf operation merge","meta":{"rootId":"w5t2jjqb2kjf3iu","id":"w5t2jjqb2kjf3iu"},"id":"17yp0aue4tj4bjg","previousOperationId":"1cpitl9o3hjumd9"}
{"type":"operationStart","subtype":"pdfUtilsMerge","name":"pdf utils merge","previousOperationId":"1cpitl9o3hjumd9","timestamp":1700567442441,"id":"14svr8gogjoo3s0","previousEventId":"ft4n10ghu3a3ori","operationId":"5bk7tn44hkyhjze"}
{"type":"operationStart","subtype":"render","name":"header-footer","previousOperationId":"5bk7tn44hkyhjze","timestamp":1700567442442,"id":"9g2lryireqpwznp","previousEventId":"14svr8gogjoo3s0","operationId":"z5phm84q8s007jr"}
{"type":"log","timestamp":1700567442442,"level":"info","message":"Starting rendering (child) request","meta":{"rootId":"w5t2jjqb2kjf3iu","id":"t0kjfqjtxg9a332"},"id":"084m5o4ayl8vc2m","previousOperationId":"z5phm84q8s007jr"}
{"type":"log","timestamp":1700567442442,"level":"info","message":"Rendering template { name: header-footer, recipe: chrome-pdf, engine: handlebars, preview: true }","meta":{"rootId":"w5t2jjqb2kjf3iu","id":"t0kjfqjtxg9a332"},"id":"ryl2zbyxgkjzb68","previousOperationId":"z5phm84q8s007jr"}
{"type":"log","timestamp":1700567442442,"level":"debug","message":"Inline data specified.","meta":{"rootId":"w5t2jjqb2kjf3iu","id":"t0kjfqjtxg9a332"},"id":"a26tp0odcib96q0","previousOperationId":"z5phm84q8s007jr"}
{"type":"log","timestamp":1700567442443,"level":"debug","message":"Base url not specified, skipping its injection.","meta":{"rootId":"w5t2jjqb2kjf3iu","id":"t0kjfqjtxg9a332"},"id":"078j66zmxreu8l8","previousOperationId":"z5phm84q8s007jr"}
{"type":"operationStart","subtype":"engine","name":"handlebars","timestamp":1700567442443,"id":"35eyxg99774a2gc","previousEventId":"9g2lryireqpwznp","operationId":"t9b7i3zn8v3c1wz","previousOperationId":"z5phm84q8s007jr"}
{"type":"log","timestamp":1700567442443,"level":"debug","message":"Rendering engine handlebars","meta":{"rootId":"w5t2jjqb2kjf3iu","id":"t0kjfqjtxg9a332"},"id":"o5zkq3lcxnwjtvz","previousOperationId":"t9b7i3zn8v3c1wz"}
{"type":"operationEnd","operationId":"t9b7i3zn8v3c1wz","timestamp":1700567442451,"id":"lynawgpsaqp8csb","previousEventId":"35eyxg99774a2gc","previousOperationId":"t9b7i3zn8v3c1wz"}
{"type":"operationStart","subtype":"recipe","name":"chrome-pdf","timestamp":1700567442451,"id":"c13s4pehcgw4dxw","previousEventId":"lynawgpsaqp8csb","operationId":"ieammomb9oeyiav","previousOperationId":"t9b7i3zn8v3c1wz"}
{"type":"log","timestamp":1700567442451,"level":"debug","message":"Executing recipe chrome-pdf","meta":{"rootId":"w5t2jjqb2kjf3iu","id":"t0kjfqjtxg9a332"},"id":"jigwwx8hwywh792","previousOperationId":"ieammomb9oeyiav"}
{"type":"log","timestamp":1700567442454,"level":"debug","message":"Converting with chrome HeadlessChrome/117.0.5938.149 using chrome-pool strategy","meta":{"rootId":"w5t2jjqb2kjf3iu","id":"t0kjfqjtxg9a332"},"id":"mul2scp46kzq4dm","previousOperationId":"ieammomb9oeyiav"}
{"type":"log","timestamp":1700567442492,"level":"debug","message":"Page request: GET (document) file:///var/folders/dp/qk79pfcj0y1fmtkkl08m76rc0000gn/T/jsreport/autocleanup/30371187-a638-47c2-b467-bcc239bf58cb-chrome-pdf.html","meta":{"rootId":"w5t2jjqb2kjf3iu","id":"t0kjfqjtxg9a332"},"id":"90o8yddase8s1ii","previousOperationId":"ieammomb9oeyiav"}
{"type":"log","timestamp":1700567442497,"level":"debug","message":"Page request finished: GET (document) 200 file:///var/folders/dp/qk79pfcj0y1fmtkkl08m76rc0000gn/T/jsreport/autocleanup/30371187-a638-47c2-b467-bcc239bf58cb-chrome-pdf.html","meta":{"rootId":"w5t2jjqb2kjf3iu","id":"t0kjfqjtxg9a332"},"id":"ac0p4um79c0og47","previousOperationId":"ieammomb9oeyiav"}
{"type":"log","timestamp":1700567442504,"level":"debug","message":"Running chrome with params {\"timeout\":59846,\"margin\":{},\"printBackground\":true}","meta":{"rootId":"w5t2jjqb2kjf3iu","id":"t0kjfqjtxg9a332"},"id":"7p10drn2m62jnnm","previousOperationId":"ieammomb9oeyiav"}
{"type":"operationEnd","operationId":"ieammomb9oeyiav","timestamp":1700567442511,"id":"j1jten5rw22rzu7","previousEventId":"c13s4pehcgw4dxw","previousOperationId":"ieammomb9oeyiav"}
{"type":"log","timestamp":1700567442511,"level":"debug","message":"Skipping storing report.","meta":{"rootId":"w5t2jjqb2kjf3iu","id":"t0kjfqjtxg9a332"},"id":"1i4rm37ngffth4p","previousOperationId":"ieammomb9oeyiav"}
{"type":"log","timestamp":1700567442511,"level":"info","message":"Rendering (child) request finished in 211 ms","meta":{"rootId":"w5t2jjqb2kjf3iu","id":"t0kjfqjtxg9a332"},"id":"kmw9s514btsdc05","previousOperationId":"ieammomb9oeyiav"}
{"type":"operationEnd","subtype":"render","operationId":"z5phm84q8s007jr","timestamp":1700567442511,"id":"1pfjkj6yjbmz2fm","previousEventId":"j1jten5rw22rzu7","previousOperationId":"ieammomb9oeyiav"}
{"type":"operationEnd","operationId":"5bk7tn44hkyhjze","timestamp":1700567442517,"id":"ytoud17bo2rvqt0","previousEventId":"14svr8gogjoo3s0","previousOperationId":"5bk7tn44hkyhjze"}
{"type":"log","timestamp":1700567442517,"level":"debug","message":"pdf-utils postproces start","meta":{"rootId":"w5t2jjqb2kjf3iu","id":"w5t2jjqb2kjf3iu"},"id":"e6llpttwfyu2eaj","previousOperationId":"5bk7tn44hkyhjze"}
{"type":"log","timestamp":1700567442525,"level":"debug","message":"pdf-utils postproces end","meta":{"rootId":"w5t2jjqb2kjf3iu","id":"w5t2jjqb2kjf3iu"},"id":"r3gha9ytmyjus8v","previousOperationId":"5bk7tn44hkyhjze"}
{"type":"operationEnd","operationId":"1cpitl9o3hjumd9","timestamp":1700567442525,"id":"rezp60tb88nz6yt","previousEventId":"ytoud17bo2rvqt0","previousOperationId":"5bk7tn44hkyhjze"}
{"type":"log","timestamp":1700567442525,"level":"info","message":"pdf-utils pdf processing was finished","meta":{"rootId":"w5t2jjqb2kjf3iu","id":"w5t2jjqb2kjf3iu"},"id":"l2of17h2n8mag5s","previousOperationId":"1cpitl9o3hjumd9"}
{"type":"log","timestamp":1700567442525,"level":"debug","message":"Skipping storing report.","meta":{"rootId":"w5t2jjqb2kjf3iu","id":"w5t2jjqb2kjf3iu"},"id":"ysrvbpw0etxz6ap","previousOperationId":"1cpitl9o3hjumd9"}
{"type":"log","timestamp":1700567442526,"level":"info","message":"Rendering request 25 finished in 226 ms","meta":{"rootId":"w5t2jjqb2kjf3iu","id":"w5t2jjqb2kjf3iu"},"id":"4wcbx2ackghude2","previousOperationId":"1cpitl9o3hjumd9"}
{"type":"operationEnd","subtype":"render","operationId":"1lkift3b465f816","timestamp":1700567442526,"id":"4jcbepos1dyt523","previousEventId":"rezp60tb88nz6yt","previousOperationId":"1cpitl9o3hjumd9"}
{"type":"operationEnd","doDiffs":false,"previousEventId":"ss8rx9ookdlvj6i","previousOperationId":"su0o6tnkq0vggy3","operationId":"su0o6tnkq0vggy3","timestamp":1700567442528,"id":"cov99hjwfon7hpa"}
