{"type":"operationStart","subtype":"profile","data":{"_id":"odZ3nFjhUAgDn6ot","timestamp":"2023-11-21T11:02:55.440Z","state":"queued","mode":"standard","creationDate":"2023-11-21T11:02:55.441Z","modificationDate":"2023-11-21T11:02:55.441Z","shortid":"q8HEZIs","$entitySet":"profiles"},"doDiffs":false,"timestamp":1700564575440,"id":"cwjkhqw66xsedh7","previousOperationId":null,"operationId":"hw63d1xmb582jk2"}
{"type":"log","level":"info","message":"Render request 12 queued for execution and waiting for available worker","previousOperationId":"hw63d1xmb582jk2","timestamp":1700564575440,"id":"6ia36fo3lcp7su2"}
{"type":"operationStart","subtype":"render","name":"index_poziv","previousOperationId":"hw63d1xmb582jk2","timestamp":1700564575448,"id":"1lvaldm8s0b8e7y","previousEventId":"cwjkhqw66xsedh7","operationId":"ojoiulezpdasyxs"}
{"type":"log","timestamp":1700564575448,"level":"info","message":"Starting rendering request 12","meta":{"rootId":"wpqsbod8004x26p","id":"wpqsbod8004x26p"},"id":"v34pufbsgf8mhnt","previousOperationId":"ojoiulezpdasyxs"}
{"type":"log","timestamp":1700564575448,"level":"info","message":"Rendering template { name: index_poziv, recipe: chrome-pdf, engine: handlebars, preview: true }","meta":{"rootId":"wpqsbod8004x26p","id":"wpqsbod8004x26p"},"id":"4ufq83e0i8mmjg0","previousOperationId":"ojoiulezpdasyxs"}
{"type":"log","timestamp":1700564575450,"level":"debug","message":"Inline data specified.","meta":{"rootId":"wpqsbod8004x26p","id":"wpqsbod8004x26p"},"id":"70oak98ug54mbw9","previousOperationId":"ojoiulezpdasyxs"}
{"type":"log","timestamp":1700564575451,"level":"debug","message":"Base url not specified, skipping its injection.","meta":{"rootId":"wpqsbod8004x26p","id":"wpqsbod8004x26p"},"id":"7vfz3udb6n60zqi","previousOperationId":"ojoiulezpdasyxs"}
{"type":"log","timestamp":1700564575452,"level":"debug","message":"Replaced assets [\"styles.css\"]","meta":{"rootId":"wpqsbod8004x26p","id":"wpqsbod8004x26p"},"id":"v5j8m3t6lipk4m9","previousOperationId":"ojoiulezpdasyxs"}
{"type":"operationStart","subtype":"engine","name":"handlebars","timestamp":1700564575453,"id":"the22e9a3di1evi","previousEventId":"1lvaldm8s0b8e7y","operationId":"riejo96rv4bfyok","previousOperationId":"ojoiulezpdasyxs"}
{"type":"log","timestamp":1700564575453,"level":"debug","message":"Rendering engine handlebars","meta":{"rootId":"wpqsbod8004x26p","id":"wpqsbod8004x26p"},"id":"f6ev0ac00pu8xon","previousOperationId":"riejo96rv4bfyok"}
{"type":"operationEnd","operationId":"riejo96rv4bfyok","timestamp":1700564575479,"id":"bz73lza4n2rgeef","previousEventId":"the22e9a3di1evi","previousOperationId":"riejo96rv4bfyok"}
{"type":"operationStart","subtype":"recipe","name":"chrome-pdf","timestamp":1700564575480,"id":"ustmvzueqs00nj1","previousEventId":"bz73lza4n2rgeef","operationId":"urc7c9poecigcpo","previousOperationId":"riejo96rv4bfyok"}
{"type":"log","timestamp":1700564575480,"level":"debug","message":"Executing recipe chrome-pdf","meta":{"rootId":"wpqsbod8004x26p","id":"wpqsbod8004x26p"},"id":"sxvw5lah9x2hxyd","previousOperationId":"urc7c9poecigcpo"}
{"type":"log","timestamp":1700564575482,"level":"debug","message":"Converting with chrome HeadlessChrome/117.0.5938.149 using chrome-pool strategy","meta":{"rootId":"wpqsbod8004x26p","id":"wpqsbod8004x26p"},"id":"47j270at1k6slsn","previousOperationId":"urc7c9poecigcpo"}
{"type":"log","timestamp":1700564575522,"level":"debug","message":"Page request: GET (document) file:///var/folders/dp/qk79pfcj0y1fmtkkl08m76rc0000gn/T/jsreport/autocleanup/a6f1c0d8-e731-48b4-b96e-ec413873e1ee-chrome-pdf.html","meta":{"rootId":"wpqsbod8004x26p","id":"wpqsbod8004x26p"},"id":"8h92v22tee3ntzg","previousOperationId":"urc7c9poecigcpo"}
{"type":"log","timestamp":1700564575526,"level":"debug","message":"Page request finished: GET (document) 200 file:///var/folders/dp/qk79pfcj0y1fmtkkl08m76rc0000gn/T/jsreport/autocleanup/a6f1c0d8-e731-48b4-b96e-ec413873e1ee-chrome-pdf.html","meta":{"rootId":"wpqsbod8004x26p","id":"wpqsbod8004x26p"},"id":"c0o2cjawrsw7o12","previousOperationId":"urc7c9poecigcpo"}
{"type":"log","timestamp":1700564575537,"level":"debug","message":"Running chrome with params {\"printBackground\":true,\"timeout\":59958,\"margin\":{}}","meta":{"rootId":"wpqsbod8004x26p","id":"wpqsbod8004x26p"},"id":"pzonda4lzuc917o","previousOperationId":"urc7c9poecigcpo"}
{"type":"operationEnd","operationId":"urc7c9poecigcpo","timestamp":1700564575552,"id":"445k77jzhla9nil","previousEventId":"ustmvzueqs00nj1","previousOperationId":"urc7c9poecigcpo"}
{"type":"log","timestamp":1700564575553,"level":"debug","message":"Skipping storing report.","meta":{"rootId":"wpqsbod8004x26p","id":"wpqsbod8004x26p"},"id":"nfbm235fgiq3xq7","previousOperationId":"urc7c9poecigcpo"}
{"type":"log","timestamp":1700564575553,"level":"info","message":"Rendering request 12 finished in 114 ms","meta":{"rootId":"wpqsbod8004x26p","id":"wpqsbod8004x26p"},"id":"tfxkvnoenuzad3s","previousOperationId":"urc7c9poecigcpo"}
{"type":"operationEnd","subtype":"render","operationId":"ojoiulezpdasyxs","timestamp":1700564575553,"id":"qupknm6bz5tkb7e","previousEventId":"445k77jzhla9nil","previousOperationId":"urc7c9poecigcpo"}
{"type":"operationEnd","doDiffs":false,"previousEventId":"cwjkhqw66xsedh7","previousOperationId":"hw63d1xmb582jk2","operationId":"hw63d1xmb582jk2","timestamp":1700564575554,"id":"2sxbx1qwyukssv1"}
