{"type":"operationStart","subtype":"profile","data":{"_id":"WeanCicmAFzrV2I2","timestamp":"2023-12-01T08:17:18.439Z","state":"queued","mode":"standard","creationDate":"2023-12-01T08:17:18.442Z","modificationDate":"2023-12-01T08:17:18.442Z","shortid":"hcaJtQm","$entitySet":"profiles"},"doDiffs":false,"timestamp":1701418638441,"id":"2ewfw22uv1zf75d","previousOperationId":null,"operationId":"anguyzcwjmhp7g1"}
{"type":"log","level":"info","message":"Render request 11 queued for execution and waiting for available worker","previousOperationId":"anguyzcwjmhp7g1","timestamp":1701418638442,"id":"1mjkribghu75juc"}
{"type":"operationStart","subtype":"render","name":"index_poziv","previousOperationId":"anguyzcwjmhp7g1","timestamp":1701418638447,"id":"3wx52tnxt690zh7","previousEventId":"2ewfw22uv1zf75d","operationId":"b7j4fvipgmgdc3d"}
{"type":"log","timestamp":1701418638447,"level":"info","message":"Starting rendering request 11","meta":{"rootId":"wx2tgepdlixpsf9","id":"wx2tgepdlixpsf9"},"id":"xggmq9md59anqiq","previousOperationId":"b7j4fvipgmgdc3d"}
{"type":"log","timestamp":1701418638447,"level":"info","message":"Rendering template { name: index_poziv, recipe: chrome-pdf, engine: handlebars, preview: true }","meta":{"rootId":"wx2tgepdlixpsf9","id":"wx2tgepdlixpsf9"},"id":"n0o7k2nxavljzo0","previousOperationId":"b7j4fvipgmgdc3d"}
{"type":"log","timestamp":1701418638448,"level":"debug","message":"Adding sample data PrpCVp4aj","meta":{"rootId":"wx2tgepdlixpsf9","id":"wx2tgepdlixpsf9"},"id":"uf2il19tdndgpig","previousOperationId":"b7j4fvipgmgdc3d"}
{"type":"log","timestamp":1701418638450,"level":"debug","message":"Base url not specified, skipping its injection.","meta":{"rootId":"wx2tgepdlixpsf9","id":"wx2tgepdlixpsf9"},"id":"mnyu3heut77rde0","previousOperationId":"b7j4fvipgmgdc3d"}
{"type":"log","timestamp":1701418638451,"level":"debug","message":"Replaced assets [\"styles.css\"]","meta":{"rootId":"wx2tgepdlixpsf9","id":"wx2tgepdlixpsf9"},"id":"uh28i776r1wlhj1","previousOperationId":"b7j4fvipgmgdc3d"}
{"type":"operationStart","subtype":"engine","name":"handlebars","timestamp":1701418638451,"id":"2eum4761dmrfdr2","previousEventId":"3wx52tnxt690zh7","operationId":"pe1m9sfimk05d7r","previousOperationId":"b7j4fvipgmgdc3d"}
{"type":"log","timestamp":1701418638451,"level":"debug","message":"Rendering engine handlebars","meta":{"rootId":"wx2tgepdlixpsf9","id":"wx2tgepdlixpsf9"},"id":"6fjmdox2sr8x2m5","previousOperationId":"pe1m9sfimk05d7r"}
{"type":"operationEnd","operationId":"pe1m9sfimk05d7r","timestamp":1701418638470,"id":"7keeuok32p25nag","previousEventId":"2eum4761dmrfdr2","previousOperationId":"pe1m9sfimk05d7r"}
{"type":"operationStart","subtype":"recipe","name":"chrome-pdf","timestamp":1701418638470,"id":"qrkm6pcch49qj50","previousEventId":"7keeuok32p25nag","operationId":"wytr3clir1etvqr","previousOperationId":"pe1m9sfimk05d7r"}
{"type":"log","timestamp":1701418638470,"level":"debug","message":"Executing recipe chrome-pdf","meta":{"rootId":"wx2tgepdlixpsf9","id":"wx2tgepdlixpsf9"},"id":"1fw0p637nvpz4sy","previousOperationId":"wytr3clir1etvqr"}
{"type":"log","timestamp":1701418638471,"level":"debug","message":"Converting with chrome HeadlessChrome/117.0.5938.149 using chrome-pool strategy","meta":{"rootId":"wx2tgepdlixpsf9","id":"wx2tgepdlixpsf9"},"id":"7jrf1zbqcu41ars","previousOperationId":"wytr3clir1etvqr"}
{"type":"log","timestamp":1701418638515,"level":"debug","message":"Page request: GET (document) file:///var/folders/dp/qk79pfcj0y1fmtkkl08m76rc0000gn/T/jsreport/autocleanup/f324a75f-c628-49b0-b46a-6eaed3c08a3a-chrome-pdf.html","meta":{"rootId":"wx2tgepdlixpsf9","id":"wx2tgepdlixpsf9"},"id":"yysgtvoizzzbfar","previousOperationId":"wytr3clir1etvqr"}
{"type":"log","timestamp":1701418638520,"level":"debug","message":"Page request finished: GET (document) 200 file:///var/folders/dp/qk79pfcj0y1fmtkkl08m76rc0000gn/T/jsreport/autocleanup/f324a75f-c628-49b0-b46a-6eaed3c08a3a-chrome-pdf.html","meta":{"rootId":"wx2tgepdlixpsf9","id":"wx2tgepdlixpsf9"},"id":"8a83e9id046fcub","previousOperationId":"wytr3clir1etvqr"}
{"type":"log","timestamp":1701418638530,"level":"debug","message":"Running chrome with params {\"printBackground\":true,\"marginTop\":\"2cm\",\"marginBottom\":\"2cm\",\"timeout\":59968,\"margin\":{\"top\":\"2cm\",\"bottom\":\"2cm\"}}","meta":{"rootId":"wx2tgepdlixpsf9","id":"wx2tgepdlixpsf9"},"id":"sl1988sau4zlppu","previousOperationId":"wytr3clir1etvqr"}
{"type":"operationEnd","operationId":"wytr3clir1etvqr","timestamp":1701418638548,"id":"5o6wmmrbkgz8ntn","previousEventId":"qrkm6pcch49qj50","previousOperationId":"wytr3clir1etvqr"}
{"type":"log","timestamp":1701418638548,"level":"info","message":"pdf-utils is starting pdf processing","meta":{"rootId":"wx2tgepdlixpsf9","id":"wx2tgepdlixpsf9"},"id":"bx0osakmd5wmtsw","previousOperationId":"wytr3clir1etvqr"}
{"type":"operationStart","subtype":"pdfUtils","name":"pdf utils","timestamp":1701418638618,"id":"indl496cx1b2gfk","previousEventId":"5o6wmmrbkgz8ntn","operationId":"ev866uuvxcm18lt","previousOperationId":"wytr3clir1etvqr"}
{"type":"log","timestamp":1701418638618,"level":"debug","message":"pdf-utils detected 1 pdf operation(s) to process","meta":{"rootId":"wx2tgepdlixpsf9","id":"wx2tgepdlixpsf9"},"id":"b2jvvqus1senmc5","previousOperationId":"ev866uuvxcm18lt"}
{"type":"log","timestamp":1701418638672,"level":"debug","message":"pdf-utils running pdf operation merge","meta":{"rootId":"wx2tgepdlixpsf9","id":"wx2tgepdlixpsf9"},"id":"k3fawrmmoaojjkq","previousOperationId":"ev866uuvxcm18lt"}
{"type":"operationStart","subtype":"pdfUtilsMerge","name":"pdf utils merge","previousOperationId":"ev866uuvxcm18lt","timestamp":1701418638672,"id":"6i50xl6t645hgfm","previousEventId":"indl496cx1b2gfk","operationId":"2c60gotdkel7stf"}
{"type":"operationStart","subtype":"render","name":"header-footer","previousOperationId":"2c60gotdkel7stf","timestamp":1701418638673,"id":"ngvitilzj6yei4b","previousEventId":"6i50xl6t645hgfm","operationId":"wjgaqcqwnhtjt7g"}
{"type":"log","timestamp":1701418638673,"level":"info","message":"Starting rendering (child) request","meta":{"rootId":"wx2tgepdlixpsf9","id":"3cpsgcm8pmfh07j"},"id":"rgdyw7pssjdzetj","previousOperationId":"wjgaqcqwnhtjt7g"}
{"type":"log","timestamp":1701418638673,"level":"info","message":"Rendering template { name: header-footer, recipe: chrome-pdf, engine: handlebars, preview: true }","meta":{"rootId":"wx2tgepdlixpsf9","id":"3cpsgcm8pmfh07j"},"id":"dib5nw26n77va3r","previousOperationId":"wjgaqcqwnhtjt7g"}
{"type":"log","timestamp":1701418638674,"level":"debug","message":"Inline data specified.","meta":{"rootId":"wx2tgepdlixpsf9","id":"3cpsgcm8pmfh07j"},"id":"dbu5o07nhd10lyd","previousOperationId":"wjgaqcqwnhtjt7g"}
{"type":"log","timestamp":1701418638675,"level":"debug","message":"Base url not specified, skipping its injection.","meta":{"rootId":"wx2tgepdlixpsf9","id":"3cpsgcm8pmfh07j"},"id":"jogeoou9ao6h5h5","previousOperationId":"wjgaqcqwnhtjt7g"}
{"type":"operationStart","subtype":"engine","name":"handlebars","timestamp":1701418638675,"id":"shgn6bv5dbsjh77","previousEventId":"ngvitilzj6yei4b","operationId":"f93sge0f6e7rmcd","previousOperationId":"wjgaqcqwnhtjt7g"}
{"type":"log","timestamp":1701418638675,"level":"debug","message":"Rendering engine handlebars","meta":{"rootId":"wx2tgepdlixpsf9","id":"3cpsgcm8pmfh07j"},"id":"y9bb1sda0a8u3rj","previousOperationId":"f93sge0f6e7rmcd"}
{"type":"operationEnd","operationId":"f93sge0f6e7rmcd","timestamp":1701418638744,"id":"qfkpiwk4uh1u661","previousEventId":"shgn6bv5dbsjh77","previousOperationId":"f93sge0f6e7rmcd"}
{"type":"operationStart","subtype":"recipe","name":"chrome-pdf","timestamp":1701418638744,"id":"wtpte0y19p9bk5m","previousEventId":"qfkpiwk4uh1u661","operationId":"420vhyiw6t8ixis","previousOperationId":"f93sge0f6e7rmcd"}
{"type":"log","timestamp":1701418638744,"level":"debug","message":"Executing recipe chrome-pdf","meta":{"rootId":"wx2tgepdlixpsf9","id":"3cpsgcm8pmfh07j"},"id":"70fog2ndksp22l3","previousOperationId":"420vhyiw6t8ixis"}
{"type":"log","timestamp":1701418638746,"level":"debug","message":"Converting with chrome HeadlessChrome/117.0.5938.149 using chrome-pool strategy","meta":{"rootId":"wx2tgepdlixpsf9","id":"3cpsgcm8pmfh07j"},"id":"9n0ucplug1osz95","previousOperationId":"420vhyiw6t8ixis"}
{"type":"log","timestamp":1701418638783,"level":"debug","message":"Page request: GET (document) file:///var/folders/dp/qk79pfcj0y1fmtkkl08m76rc0000gn/T/jsreport/autocleanup/2bf02a46-a87f-4d98-bb30-4c75671900f2-chrome-pdf.html","meta":{"rootId":"wx2tgepdlixpsf9","id":"3cpsgcm8pmfh07j"},"id":"7lzjjsue0ks43z5","previousOperationId":"420vhyiw6t8ixis"}
{"type":"log","timestamp":1701418638788,"level":"debug","message":"Page request finished: GET (document) 200 file:///var/folders/dp/qk79pfcj0y1fmtkkl08m76rc0000gn/T/jsreport/autocleanup/2bf02a46-a87f-4d98-bb30-4c75671900f2-chrome-pdf.html","meta":{"rootId":"wx2tgepdlixpsf9","id":"3cpsgcm8pmfh07j"},"id":"thsskgk7z9m8wlt","previousOperationId":"420vhyiw6t8ixis"}
{"type":"log","timestamp":1701418638796,"level":"debug","message":"Running chrome with params {\"timeout\":59694,\"margin\":{},\"printBackground\":true}","meta":{"rootId":"wx2tgepdlixpsf9","id":"3cpsgcm8pmfh07j"},"id":"vp8n4v2ljp421nv","previousOperationId":"420vhyiw6t8ixis"}
{"type":"operationEnd","operationId":"420vhyiw6t8ixis","timestamp":1701418638803,"id":"fkxlo63mv2gq5sq","previousEventId":"wtpte0y19p9bk5m","previousOperationId":"420vhyiw6t8ixis"}
{"type":"log","timestamp":1701418638803,"level":"debug","message":"Skipping storing report.","meta":{"rootId":"wx2tgepdlixpsf9","id":"3cpsgcm8pmfh07j"},"id":"egctuoedvn0nkf5","previousOperationId":"420vhyiw6t8ixis"}
{"type":"log","timestamp":1701418638803,"level":"info","message":"Rendering (child) request finished in 364 ms","meta":{"rootId":"wx2tgepdlixpsf9","id":"3cpsgcm8pmfh07j"},"id":"1mkb30u0hto79hc","previousOperationId":"420vhyiw6t8ixis"}
{"type":"operationEnd","subtype":"render","operationId":"wjgaqcqwnhtjt7g","timestamp":1701418638803,"id":"cbxp798fzn46alp","previousEventId":"fkxlo63mv2gq5sq","previousOperationId":"420vhyiw6t8ixis"}
{"type":"operationEnd","operationId":"2c60gotdkel7stf","timestamp":1701418638813,"id":"mnkgloma7shftkh","previousEventId":"6i50xl6t645hgfm","previousOperationId":"2c60gotdkel7stf"}
{"type":"log","timestamp":1701418638813,"level":"debug","message":"pdf-utils postproces start","meta":{"rootId":"wx2tgepdlixpsf9","id":"wx2tgepdlixpsf9"},"id":"d2b7tiexiyi55z7","previousOperationId":"2c60gotdkel7stf"}
{"type":"log","timestamp":1701418638823,"level":"debug","message":"pdf-utils postproces end","meta":{"rootId":"wx2tgepdlixpsf9","id":"wx2tgepdlixpsf9"},"id":"umrzh2sg3am3xe4","previousOperationId":"2c60gotdkel7stf"}
{"type":"operationEnd","operationId":"ev866uuvxcm18lt","timestamp":1701418638823,"id":"i6rpp3zs18dc5th","previousEventId":"mnkgloma7shftkh","previousOperationId":"2c60gotdkel7stf"}
{"type":"log","timestamp":1701418638823,"level":"info","message":"pdf-utils pdf processing was finished","meta":{"rootId":"wx2tgepdlixpsf9","id":"wx2tgepdlixpsf9"},"id":"1nr9rtq84dhqic6","previousOperationId":"ev866uuvxcm18lt"}
{"type":"log","timestamp":1701418638823,"level":"debug","message":"Skipping storing report.","meta":{"rootId":"wx2tgepdlixpsf9","id":"wx2tgepdlixpsf9"},"id":"gcz1j063dp6az9m","previousOperationId":"ev866uuvxcm18lt"}
{"type":"log","timestamp":1701418638823,"level":"info","message":"Rendering request 11 finished in 384 ms","meta":{"rootId":"wx2tgepdlixpsf9","id":"wx2tgepdlixpsf9"},"id":"8r6v3r4py0e0tjf","previousOperationId":"ev866uuvxcm18lt"}
{"type":"operationEnd","subtype":"render","operationId":"b7j4fvipgmgdc3d","timestamp":1701418638823,"id":"vdfqnvxzngvcpmw","previousEventId":"i6rpp3zs18dc5th","previousOperationId":"ev866uuvxcm18lt"}
{"type":"operationEnd","doDiffs":false,"previousEventId":"2ewfw22uv1zf75d","previousOperationId":"anguyzcwjmhp7g1","operationId":"anguyzcwjmhp7g1","timestamp":1701418638826,"id":"k21wgdw8ewmwp5p"}
