{"type":"operationStart","subtype":"profile","data":{"_id":"enUVnaeYrhCri0Cn","timestamp":"2023-11-21T11:16:43.925Z","state":"queued","mode":"standard","creationDate":"2023-11-21T11:16:43.926Z","modificationDate":"2023-11-21T11:16:43.926Z","shortid":"mHveNIW","$entitySet":"profiles"},"doDiffs":false,"timestamp":1700565403926,"id":"qurrixuyrts29ei","previousOperationId":null,"operationId":"jtisolceqc51ufe"}
{"type":"log","level":"info","message":"Render request 15 queued for execution and waiting for available worker","previousOperationId":"jtisolceqc51ufe","timestamp":1700565403926,"id":"ytfam6hkjj5exnw"}
{"type":"operationStart","subtype":"render","name":"index_poziv","previousOperationId":"jtisolceqc51ufe","timestamp":1700565403936,"id":"qtg4xbsz9qcn1wh","previousEventId":"qurrixuyrts29ei","operationId":"ymrwf9kgs68fyox"}
{"type":"log","timestamp":1700565403937,"level":"info","message":"Starting rendering request 15","meta":{"rootId":"xh9dg9lsfiuc3ej","id":"xh9dg9lsfiuc3ej"},"id":"9gyb7ctlmb7kqkb","previousOperationId":"ymrwf9kgs68fyox"}
{"type":"log","timestamp":1700565403937,"level":"info","message":"Rendering template { name: index_poziv, recipe: chrome-pdf, engine: handlebars, preview: true }","meta":{"rootId":"xh9dg9lsfiuc3ej","id":"xh9dg9lsfiuc3ej"},"id":"z2ten35fb8q4o3r","previousOperationId":"ymrwf9kgs68fyox"}
{"type":"log","timestamp":1700565403941,"level":"debug","message":"Adding sample data PrpCVp4aj","meta":{"rootId":"xh9dg9lsfiuc3ej","id":"xh9dg9lsfiuc3ej"},"id":"ni1yi1s7n4fqrl4","previousOperationId":"ymrwf9kgs68fyox"}
{"type":"log","timestamp":1700565403945,"level":"debug","message":"Base url not specified, skipping its injection.","meta":{"rootId":"xh9dg9lsfiuc3ej","id":"xh9dg9lsfiuc3ej"},"id":"m5tqy6gs5szy78w","previousOperationId":"ymrwf9kgs68fyox"}
{"type":"log","timestamp":1700565403946,"level":"debug","message":"Replaced assets [\"styles.css\"]","meta":{"rootId":"xh9dg9lsfiuc3ej","id":"xh9dg9lsfiuc3ej"},"id":"9zr783tb4xtq213","previousOperationId":"ymrwf9kgs68fyox"}
{"type":"operationStart","subtype":"engine","name":"handlebars","timestamp":1700565403946,"id":"oj99ubbhpgz87js","previousEventId":"qtg4xbsz9qcn1wh","operationId":"yd3g6a8g23k9k00","previousOperationId":"ymrwf9kgs68fyox"}
{"type":"log","timestamp":1700565403946,"level":"debug","message":"Rendering engine handlebars","meta":{"rootId":"xh9dg9lsfiuc3ej","id":"xh9dg9lsfiuc3ej"},"id":"a2bdkkmwavsqq7q","previousOperationId":"yd3g6a8g23k9k00"}
{"type":"operationEnd","operationId":"yd3g6a8g23k9k00","timestamp":1700565403961,"id":"edfg0sgafpz6azn","previousEventId":"oj99ubbhpgz87js","previousOperationId":"yd3g6a8g23k9k00"}
{"type":"operationStart","subtype":"recipe","name":"chrome-pdf","timestamp":1700565403961,"id":"ifw46whp3evxso1","previousEventId":"edfg0sgafpz6azn","operationId":"1r6ssi9diz4iuqc","previousOperationId":"yd3g6a8g23k9k00"}
{"type":"log","timestamp":1700565403961,"level":"debug","message":"Executing recipe chrome-pdf","meta":{"rootId":"xh9dg9lsfiuc3ej","id":"xh9dg9lsfiuc3ej"},"id":"sfau2iz3638fqwq","previousOperationId":"1r6ssi9diz4iuqc"}
{"type":"log","timestamp":1700565403963,"level":"debug","message":"Converting with chrome HeadlessChrome/117.0.5938.149 using chrome-pool strategy","meta":{"rootId":"xh9dg9lsfiuc3ej","id":"xh9dg9lsfiuc3ej"},"id":"3elzxvx8pidepml","previousOperationId":"1r6ssi9diz4iuqc"}
{"type":"log","timestamp":1700565404015,"level":"debug","message":"Page request: GET (document) file:///var/folders/dp/qk79pfcj0y1fmtkkl08m76rc0000gn/T/jsreport/autocleanup/30c5b070-7b60-41a6-a2fe-2043d0da37b4-chrome-pdf.html","meta":{"rootId":"xh9dg9lsfiuc3ej","id":"xh9dg9lsfiuc3ej"},"id":"09r6ecqe9b5u1jz","previousOperationId":"1r6ssi9diz4iuqc"}
{"type":"log","timestamp":1700565404019,"level":"debug","message":"Page request finished: GET (document) 200 file:///var/folders/dp/qk79pfcj0y1fmtkkl08m76rc0000gn/T/jsreport/autocleanup/30c5b070-7b60-41a6-a2fe-2043d0da37b4-chrome-pdf.html","meta":{"rootId":"xh9dg9lsfiuc3ej","id":"xh9dg9lsfiuc3ej"},"id":"kps0fin3h51w0j7","previousOperationId":"1r6ssi9diz4iuqc"}
{"type":"log","timestamp":1700565404029,"level":"debug","message":"Running chrome with params {\"printBackground\":true,\"timeout\":59963,\"margin\":{}}","meta":{"rootId":"xh9dg9lsfiuc3ej","id":"xh9dg9lsfiuc3ej"},"id":"d7zun1hz19xegcm","previousOperationId":"1r6ssi9diz4iuqc"}
{"type":"operationEnd","operationId":"1r6ssi9diz4iuqc","timestamp":1700565404046,"id":"mhi88rpvi1lwh1b","previousEventId":"ifw46whp3evxso1","previousOperationId":"1r6ssi9diz4iuqc"}
{"type":"log","timestamp":1700565404046,"level":"debug","message":"Skipping storing report.","meta":{"rootId":"xh9dg9lsfiuc3ej","id":"xh9dg9lsfiuc3ej"},"id":"sg5hjb72sgxsunj","previousOperationId":"1r6ssi9diz4iuqc"}
{"type":"log","timestamp":1700565404046,"level":"info","message":"Rendering request 15 finished in 121 ms","meta":{"rootId":"xh9dg9lsfiuc3ej","id":"xh9dg9lsfiuc3ej"},"id":"cszucegixjwzz7s","previousOperationId":"1r6ssi9diz4iuqc"}
{"type":"operationEnd","subtype":"render","operationId":"ymrwf9kgs68fyox","timestamp":1700565404046,"id":"l5m5gybtupmw4xf","previousEventId":"mhi88rpvi1lwh1b","previousOperationId":"1r6ssi9diz4iuqc"}
{"type":"operationEnd","doDiffs":false,"previousEventId":"qurrixuyrts29ei","previousOperationId":"jtisolceqc51ufe","operationId":"jtisolceqc51ufe","timestamp":1700565404047,"id":"zh5636rzmcccqol"}
