{"type":"operationStart","subtype":"profile","data":{"_id":"4YNH58sWryyB7vna","timestamp":"2023-12-01T09:13:19.911Z","state":"queued","mode":"standard","creationDate":"2023-12-01T09:13:19.914Z","modificationDate":"2023-12-01T09:13:19.914Z","shortid":"EqNExqa","$entitySet":"profiles"},"doDiffs":false,"timestamp":1701421999913,"id":"pfjslxbtq0p1p8g","previousOperationId":null,"operationId":"wzcxo8zg9o8klg8"}
{"type":"log","level":"info","message":"Render request 38 queued for execution and waiting for available worker","previousOperationId":"wzcxo8zg9o8klg8","timestamp":1701421999913,"id":"bigx7sndmvj6mkb"}
{"type":"operationStart","subtype":"render","name":"index_poziv","previousOperationId":"wzcxo8zg9o8klg8","timestamp":1701421999919,"id":"yu99wt44o456poi","previousEventId":"pfjslxbtq0p1p8g","operationId":"rok62k396zcymlu"}
{"type":"log","timestamp":1701421999919,"level":"info","message":"Starting rendering request 38","meta":{"rootId":"xynezhdgg5m5lbd","id":"xynezhdgg5m5lbd"},"id":"dvyxcgpkzqu2sup","previousOperationId":"rok62k396zcymlu"}
{"type":"log","timestamp":1701421999919,"level":"info","message":"Rendering template { name: index_poziv, recipe: chrome-pdf, engine: handlebars, preview: true }","meta":{"rootId":"xynezhdgg5m5lbd","id":"xynezhdgg5m5lbd"},"id":"tybfhsw3vehnlq4","previousOperationId":"rok62k396zcymlu"}
{"type":"log","timestamp":1701421999920,"level":"debug","message":"Inline data specified.","meta":{"rootId":"xynezhdgg5m5lbd","id":"xynezhdgg5m5lbd"},"id":"rbl2rfcm9wnidkz","previousOperationId":"rok62k396zcymlu"}
{"type":"log","timestamp":1701421999921,"level":"debug","message":"Base url not specified, skipping its injection.","meta":{"rootId":"xynezhdgg5m5lbd","id":"xynezhdgg5m5lbd"},"id":"hv6rahyk0nngray","previousOperationId":"rok62k396zcymlu"}
{"type":"log","timestamp":1701421999922,"level":"debug","message":"Replaced assets [\"styles.css\"]","meta":{"rootId":"xynezhdgg5m5lbd","id":"xynezhdgg5m5lbd"},"id":"ftpwudvvg10umrc","previousOperationId":"rok62k396zcymlu"}
{"type":"operationStart","subtype":"engine","name":"handlebars","timestamp":1701421999922,"id":"zoa47yshjfwlsq4","previousEventId":"yu99wt44o456poi","operationId":"7dcsmct6yi7adjb","previousOperationId":"rok62k396zcymlu"}
{"type":"log","timestamp":1701421999922,"level":"debug","message":"Rendering engine handlebars","meta":{"rootId":"xynezhdgg5m5lbd","id":"xynezhdgg5m5lbd"},"id":"xnmds3o9sig2e1u","previousOperationId":"7dcsmct6yi7adjb"}
{"type":"operationEnd","operationId":"7dcsmct6yi7adjb","timestamp":1701421999939,"id":"gxqbdwuwzf6ltvh","previousEventId":"zoa47yshjfwlsq4","previousOperationId":"7dcsmct6yi7adjb"}
{"type":"operationStart","subtype":"recipe","name":"chrome-pdf","timestamp":1701421999940,"id":"v6gzr45unlm8qh4","previousEventId":"gxqbdwuwzf6ltvh","operationId":"my1bvl7obhuibj8","previousOperationId":"7dcsmct6yi7adjb"}
{"type":"log","timestamp":1701421999940,"level":"debug","message":"Executing recipe chrome-pdf","meta":{"rootId":"xynezhdgg5m5lbd","id":"xynezhdgg5m5lbd"},"id":"qhtxm22vvu7wgbb","previousOperationId":"my1bvl7obhuibj8"}
{"type":"log","timestamp":1701421999941,"level":"debug","message":"Converting with chrome HeadlessChrome/117.0.5938.149 using chrome-pool strategy","meta":{"rootId":"xynezhdgg5m5lbd","id":"xynezhdgg5m5lbd"},"id":"k50m5e9q3hi74bq","previousOperationId":"my1bvl7obhuibj8"}
{"type":"log","timestamp":1701421999990,"level":"debug","message":"Page request: GET (document) file:///var/folders/dp/qk79pfcj0y1fmtkkl08m76rc0000gn/T/jsreport/autocleanup/12c13371-863a-4d5e-94f5-6faa87f4414d-chrome-pdf.html","meta":{"rootId":"xynezhdgg5m5lbd","id":"xynezhdgg5m5lbd"},"id":"jwtgfbiqk9b222p","previousOperationId":"my1bvl7obhuibj8"}
{"type":"log","timestamp":1701421999994,"level":"debug","message":"Page request finished: GET (document) 200 file:///var/folders/dp/qk79pfcj0y1fmtkkl08m76rc0000gn/T/jsreport/autocleanup/12c13371-863a-4d5e-94f5-6faa87f4414d-chrome-pdf.html","meta":{"rootId":"xynezhdgg5m5lbd","id":"xynezhdgg5m5lbd"},"id":"etudqvqx0w1yuh9","previousOperationId":"my1bvl7obhuibj8"}
{"type":"log","timestamp":1701422000006,"level":"debug","message":"Running chrome with params {\"printBackground\":true,\"marginTop\":\"2cm\",\"marginBottom\":\"2cm\",\"timeout\":59970,\"margin\":{\"top\":\"2cm\",\"bottom\":\"2cm\"}}","meta":{"rootId":"xynezhdgg5m5lbd","id":"xynezhdgg5m5lbd"},"id":"1qp6r9ncjhf1l6n","previousOperationId":"my1bvl7obhuibj8"}
{"type":"operationEnd","operationId":"my1bvl7obhuibj8","timestamp":1701422000026,"id":"9uagqrjcbri76ht","previousEventId":"v6gzr45unlm8qh4","previousOperationId":"my1bvl7obhuibj8"}
{"type":"log","timestamp":1701422000026,"level":"info","message":"pdf-utils is starting pdf processing","meta":{"rootId":"xynezhdgg5m5lbd","id":"xynezhdgg5m5lbd"},"id":"llew514wlatogll","previousOperationId":"my1bvl7obhuibj8"}
{"type":"operationStart","subtype":"pdfUtils","name":"pdf utils","timestamp":1701422000026,"id":"lcbmu1vaho2hh6d","previousEventId":"9uagqrjcbri76ht","operationId":"mz0759968rqc80v","previousOperationId":"my1bvl7obhuibj8"}
{"type":"log","timestamp":1701422000026,"level":"debug","message":"pdf-utils detected 1 pdf operation(s) to process","meta":{"rootId":"xynezhdgg5m5lbd","id":"xynezhdgg5m5lbd"},"id":"91qmo0s2yx7wrj5","previousOperationId":"mz0759968rqc80v"}
{"type":"log","timestamp":1701422000045,"level":"debug","message":"pdf-utils running pdf operation merge","meta":{"rootId":"xynezhdgg5m5lbd","id":"xynezhdgg5m5lbd"},"id":"9qg8tfewomjbo1h","previousOperationId":"mz0759968rqc80v"}
{"type":"operationStart","subtype":"pdfUtilsMerge","name":"pdf utils merge","previousOperationId":"mz0759968rqc80v","timestamp":1701422000045,"id":"nxr5u609vpt3w0t","previousEventId":"lcbmu1vaho2hh6d","operationId":"9ii3g0qefx5bjcp"}
{"type":"operationStart","subtype":"render","name":"header-footer","previousOperationId":"9ii3g0qefx5bjcp","timestamp":1701422000045,"id":"nuqq0twwzc1xyyt","previousEventId":"nxr5u609vpt3w0t","operationId":"wj2cimvadkvccum"}
{"type":"log","timestamp":1701422000045,"level":"info","message":"Starting rendering (child) request","meta":{"rootId":"xynezhdgg5m5lbd","id":"c9lw8kv0eh5qetn"},"id":"y9m7bcj8kotpeo6","previousOperationId":"wj2cimvadkvccum"}
{"type":"log","timestamp":1701422000045,"level":"info","message":"Rendering template { name: header-footer, recipe: chrome-pdf, engine: handlebars, preview: true }","meta":{"rootId":"xynezhdgg5m5lbd","id":"c9lw8kv0eh5qetn"},"id":"m2spuih7a1hamlh","previousOperationId":"wj2cimvadkvccum"}
{"type":"log","timestamp":1701422000045,"level":"debug","message":"Inline data specified.","meta":{"rootId":"xynezhdgg5m5lbd","id":"c9lw8kv0eh5qetn"},"id":"y1ml3zmi3za09ii","previousOperationId":"wj2cimvadkvccum"}
{"type":"log","timestamp":1701422000046,"level":"debug","message":"Base url not specified, skipping its injection.","meta":{"rootId":"xynezhdgg5m5lbd","id":"c9lw8kv0eh5qetn"},"id":"q9t0qanx9n408tt","previousOperationId":"wj2cimvadkvccum"}
{"type":"operationStart","subtype":"engine","name":"handlebars","timestamp":1701422000046,"id":"iu8rh8kkjrw8nil","previousEventId":"nuqq0twwzc1xyyt","operationId":"2k9uphjom20944b","previousOperationId":"wj2cimvadkvccum"}
{"type":"log","timestamp":1701422000046,"level":"debug","message":"Rendering engine handlebars","meta":{"rootId":"xynezhdgg5m5lbd","id":"c9lw8kv0eh5qetn"},"id":"zfuzp188erbla4g","previousOperationId":"2k9uphjom20944b"}
{"type":"operationEnd","operationId":"2k9uphjom20944b","timestamp":1701422000049,"id":"7pzkbr8h3c54zwt","previousEventId":"iu8rh8kkjrw8nil","previousOperationId":"2k9uphjom20944b"}
{"type":"operationStart","subtype":"recipe","name":"chrome-pdf","timestamp":1701422000049,"id":"61x8go9gru5pk6d","previousEventId":"7pzkbr8h3c54zwt","operationId":"jf0cqkqsg0vb47a","previousOperationId":"2k9uphjom20944b"}
{"type":"log","timestamp":1701422000049,"level":"debug","message":"Executing recipe chrome-pdf","meta":{"rootId":"xynezhdgg5m5lbd","id":"c9lw8kv0eh5qetn"},"id":"e0qemeiz7cu6acv","previousOperationId":"jf0cqkqsg0vb47a"}
{"type":"log","timestamp":1701422000050,"level":"debug","message":"Converting with chrome HeadlessChrome/117.0.5938.149 using chrome-pool strategy","meta":{"rootId":"xynezhdgg5m5lbd","id":"c9lw8kv0eh5qetn"},"id":"2jwcpor03d8vhb8","previousOperationId":"jf0cqkqsg0vb47a"}
{"type":"log","timestamp":1701422000099,"level":"debug","message":"Page request: GET (document) file:///var/folders/dp/qk79pfcj0y1fmtkkl08m76rc0000gn/T/jsreport/autocleanup/112505a1-3408-43d6-9364-d4cb3da9a6aa-chrome-pdf.html","meta":{"rootId":"xynezhdgg5m5lbd","id":"c9lw8kv0eh5qetn"},"id":"c1otv2ubs33httm","previousOperationId":"jf0cqkqsg0vb47a"}
{"type":"log","timestamp":1701422000104,"level":"debug","message":"Page request finished: GET (document) 200 file:///var/folders/dp/qk79pfcj0y1fmtkkl08m76rc0000gn/T/jsreport/autocleanup/112505a1-3408-43d6-9364-d4cb3da9a6aa-chrome-pdf.html","meta":{"rootId":"xynezhdgg5m5lbd","id":"c9lw8kv0eh5qetn"},"id":"r7jzdkd34ur66p3","previousOperationId":"jf0cqkqsg0vb47a"}
{"type":"log","timestamp":1701422000110,"level":"debug","message":"Running chrome with params {\"timeout\":59862,\"margin\":{},\"printBackground\":true}","meta":{"rootId":"xynezhdgg5m5lbd","id":"c9lw8kv0eh5qetn"},"id":"bcwwbuenjm7z9lg","previousOperationId":"jf0cqkqsg0vb47a"}
{"type":"operationEnd","operationId":"jf0cqkqsg0vb47a","timestamp":1701422000115,"id":"n07k287z19c9mkq","previousEventId":"61x8go9gru5pk6d","previousOperationId":"jf0cqkqsg0vb47a"}
{"type":"log","timestamp":1701422000115,"level":"debug","message":"Skipping storing report.","meta":{"rootId":"xynezhdgg5m5lbd","id":"c9lw8kv0eh5qetn"},"id":"sljq4ri0qtc52go","previousOperationId":"jf0cqkqsg0vb47a"}
{"type":"log","timestamp":1701422000115,"level":"info","message":"Rendering (child) request finished in 204 ms","meta":{"rootId":"xynezhdgg5m5lbd","id":"c9lw8kv0eh5qetn"},"id":"3k92ua5vo88p0re","previousOperationId":"jf0cqkqsg0vb47a"}
{"type":"operationEnd","subtype":"render","operationId":"wj2cimvadkvccum","timestamp":1701422000115,"id":"s8u9ds2ekq38ird","previousEventId":"n07k287z19c9mkq","previousOperationId":"jf0cqkqsg0vb47a"}
{"type":"operationEnd","operationId":"9ii3g0qefx5bjcp","timestamp":1701422000120,"id":"m2djpow0zm4crwv","previousEventId":"nxr5u609vpt3w0t","previousOperationId":"9ii3g0qefx5bjcp"}
{"type":"log","timestamp":1701422000120,"level":"debug","message":"pdf-utils postproces start","meta":{"rootId":"xynezhdgg5m5lbd","id":"xynezhdgg5m5lbd"},"id":"oitwryl3yfbgiyc","previousOperationId":"9ii3g0qefx5bjcp"}
{"type":"log","timestamp":1701422000127,"level":"debug","message":"pdf-utils postproces end","meta":{"rootId":"xynezhdgg5m5lbd","id":"xynezhdgg5m5lbd"},"id":"d71rztg2x5w61qg","previousOperationId":"9ii3g0qefx5bjcp"}
{"type":"operationEnd","operationId":"mz0759968rqc80v","timestamp":1701422000127,"id":"57oqsw521ut5ti0","previousEventId":"m2djpow0zm4crwv","previousOperationId":"9ii3g0qefx5bjcp"}
{"type":"log","timestamp":1701422000127,"level":"info","message":"pdf-utils pdf processing was finished","meta":{"rootId":"xynezhdgg5m5lbd","id":"xynezhdgg5m5lbd"},"id":"7j9o6gna9qn0r1k","previousOperationId":"mz0759968rqc80v"}
{"type":"log","timestamp":1701422000127,"level":"debug","message":"Skipping storing report.","meta":{"rootId":"xynezhdgg5m5lbd","id":"xynezhdgg5m5lbd"},"id":"gclnn7kkddl0zeb","previousOperationId":"mz0759968rqc80v"}
{"type":"log","timestamp":1701422000127,"level":"info","message":"Rendering request 38 finished in 216 ms","meta":{"rootId":"xynezhdgg5m5lbd","id":"xynezhdgg5m5lbd"},"id":"1mg8w0542v16fji","previousOperationId":"mz0759968rqc80v"}
{"type":"operationEnd","subtype":"render","operationId":"rok62k396zcymlu","timestamp":1701422000127,"id":"15s3cc1uherl2yn","previousEventId":"57oqsw521ut5ti0","previousOperationId":"mz0759968rqc80v"}
{"type":"operationEnd","doDiffs":false,"previousEventId":"pfjslxbtq0p1p8g","previousOperationId":"wzcxo8zg9o8klg8","operationId":"wzcxo8zg9o8klg8","timestamp":1701422000129,"id":"rvmtsv4vjfh3o6o"}
