{"type":"operationStart","subtype":"profile","data":{"_id":"ReunbM2OEEHn3kup","timestamp":"2023-12-01T09:08:07.953Z","state":"queued","mode":"standard","creationDate":"2023-12-01T09:08:07.955Z","modificationDate":"2023-12-01T09:08:07.955Z","shortid":"qJaiHmA","$entitySet":"profiles"},"doDiffs":false,"timestamp":1701421687954,"id":"rs3chxmlej1yaqg","previousOperationId":null,"operationId":"kqunh8mn7xbvwft"}
{"type":"log","level":"info","message":"Render request 32 queued for execution and waiting for available worker","previousOperationId":"kqunh8mn7xbvwft","timestamp":1701421687954,"id":"najwm5fbzfues2s"}
{"type":"operationStart","subtype":"render","name":"index_poziv","previousOperationId":"kqunh8mn7xbvwft","timestamp":1701421687961,"id":"s66et8yl0s386hq","previousEventId":"rs3chxmlej1yaqg","operationId":"vistphyrq366lh2"}
{"type":"log","timestamp":1701421687961,"level":"info","message":"Starting rendering request 32","meta":{"rootId":"zaxq5p42ivtkbxe","id":"zaxq5p42ivtkbxe"},"id":"z6ahnvkr9cx3zzf","previousOperationId":"vistphyrq366lh2"}
{"type":"log","timestamp":1701421687961,"level":"info","message":"Rendering template { name: index_poziv, recipe: chrome-pdf, engine: handlebars, preview: true }","meta":{"rootId":"zaxq5p42ivtkbxe","id":"zaxq5p42ivtkbxe"},"id":"q4pck6g1s83drje","previousOperationId":"vistphyrq366lh2"}
{"type":"log","timestamp":1701421687963,"level":"debug","message":"Inline data specified.","meta":{"rootId":"zaxq5p42ivtkbxe","id":"zaxq5p42ivtkbxe"},"id":"zvwszj5puzzplb1","previousOperationId":"vistphyrq366lh2"}
{"type":"log","timestamp":1701421687965,"level":"debug","message":"Base url not specified, skipping its injection.","meta":{"rootId":"zaxq5p42ivtkbxe","id":"zaxq5p42ivtkbxe"},"id":"h9pd7v6mz126qfj","previousOperationId":"vistphyrq366lh2"}
{"type":"log","timestamp":1701421687967,"level":"debug","message":"Replaced assets [\"styles.css\"]","meta":{"rootId":"zaxq5p42ivtkbxe","id":"zaxq5p42ivtkbxe"},"id":"8qlydlvkgpqcqir","previousOperationId":"vistphyrq366lh2"}
{"type":"operationStart","subtype":"engine","name":"handlebars","timestamp":1701421687967,"id":"pkioelf79w16pr3","previousEventId":"s66et8yl0s386hq","operationId":"83m2861u1yhj7xq","previousOperationId":"vistphyrq366lh2"}
{"type":"log","timestamp":1701421687967,"level":"debug","message":"Rendering engine handlebars","meta":{"rootId":"zaxq5p42ivtkbxe","id":"zaxq5p42ivtkbxe"},"id":"u4fd6qz68rsoib4","previousOperationId":"83m2861u1yhj7xq"}
{"type":"operationEnd","operationId":"83m2861u1yhj7xq","timestamp":1701421687982,"id":"54a28xtraymt0ir","previousEventId":"pkioelf79w16pr3","previousOperationId":"83m2861u1yhj7xq"}
{"type":"operationStart","subtype":"recipe","name":"chrome-pdf","timestamp":1701421687982,"id":"z3rdesoiznk2102","previousEventId":"54a28xtraymt0ir","operationId":"y7gqvnhfuzu6s46","previousOperationId":"83m2861u1yhj7xq"}
{"type":"log","timestamp":1701421687982,"level":"debug","message":"Executing recipe chrome-pdf","meta":{"rootId":"zaxq5p42ivtkbxe","id":"zaxq5p42ivtkbxe"},"id":"ahydcgv320qfyjj","previousOperationId":"y7gqvnhfuzu6s46"}
{"type":"log","timestamp":1701421687984,"level":"debug","message":"Converting with chrome HeadlessChrome/117.0.5938.149 using chrome-pool strategy","meta":{"rootId":"zaxq5p42ivtkbxe","id":"zaxq5p42ivtkbxe"},"id":"qqgtbr6vg4c5s2s","previousOperationId":"y7gqvnhfuzu6s46"}
{"type":"log","timestamp":1701421688035,"level":"debug","message":"Page request: GET (document) file:///var/folders/dp/qk79pfcj0y1fmtkkl08m76rc0000gn/T/jsreport/autocleanup/9fd82712-cd89-470b-8e86-7cab3dfe9a29-chrome-pdf.html","meta":{"rootId":"zaxq5p42ivtkbxe","id":"zaxq5p42ivtkbxe"},"id":"b6gfbb9holgblim","previousOperationId":"y7gqvnhfuzu6s46"}
{"type":"log","timestamp":1701421688040,"level":"debug","message":"Page request finished: GET (document) 200 file:///var/folders/dp/qk79pfcj0y1fmtkkl08m76rc0000gn/T/jsreport/autocleanup/9fd82712-cd89-470b-8e86-7cab3dfe9a29-chrome-pdf.html","meta":{"rootId":"zaxq5p42ivtkbxe","id":"zaxq5p42ivtkbxe"},"id":"54dh929zmketp6y","previousOperationId":"y7gqvnhfuzu6s46"}
{"type":"log","timestamp":1701421688051,"level":"debug","message":"Running chrome with params {\"printBackground\":true,\"marginTop\":\"2cm\",\"marginBottom\":\"2cm\",\"timeout\":59970,\"margin\":{\"top\":\"2cm\",\"bottom\":\"2cm\"}}","meta":{"rootId":"zaxq5p42ivtkbxe","id":"zaxq5p42ivtkbxe"},"id":"kambl9r3oim68p0","previousOperationId":"y7gqvnhfuzu6s46"}
{"type":"operationEnd","operationId":"y7gqvnhfuzu6s46","timestamp":1701421688072,"id":"rhgwszgr9npdf6s","previousEventId":"z3rdesoiznk2102","previousOperationId":"y7gqvnhfuzu6s46"}
{"type":"log","timestamp":1701421688072,"level":"info","message":"pdf-utils is starting pdf processing","meta":{"rootId":"zaxq5p42ivtkbxe","id":"zaxq5p42ivtkbxe"},"id":"ro3diru24h0hk03","previousOperationId":"y7gqvnhfuzu6s46"}
{"type":"operationStart","subtype":"pdfUtils","name":"pdf utils","timestamp":1701421688072,"id":"ae9na98m1n6i4vu","previousEventId":"rhgwszgr9npdf6s","operationId":"8b0r23ffew8087b","previousOperationId":"y7gqvnhfuzu6s46"}
{"type":"log","timestamp":1701421688072,"level":"debug","message":"pdf-utils detected 1 pdf operation(s) to process","meta":{"rootId":"zaxq5p42ivtkbxe","id":"zaxq5p42ivtkbxe"},"id":"dzxotukxvdvboqv","previousOperationId":"8b0r23ffew8087b"}
{"type":"log","timestamp":1701421688091,"level":"debug","message":"pdf-utils running pdf operation merge","meta":{"rootId":"zaxq5p42ivtkbxe","id":"zaxq5p42ivtkbxe"},"id":"hgc6b3i73dh1dae","previousOperationId":"8b0r23ffew8087b"}
{"type":"operationStart","subtype":"pdfUtilsMerge","name":"pdf utils merge","previousOperationId":"8b0r23ffew8087b","timestamp":1701421688091,"id":"lex1o7ryuj1vnm6","previousEventId":"ae9na98m1n6i4vu","operationId":"py0ont4fpso7mah"}
{"type":"operationStart","subtype":"render","name":"header-footer","previousOperationId":"py0ont4fpso7mah","timestamp":1701421688092,"id":"d9phnqh9ns0pdn9","previousEventId":"lex1o7ryuj1vnm6","operationId":"1t0li07xqf8mw2g"}
{"type":"log","timestamp":1701421688092,"level":"info","message":"Starting rendering (child) request","meta":{"rootId":"zaxq5p42ivtkbxe","id":"juywxsi7saz4mo0"},"id":"7lhpnoos7zqhnrt","previousOperationId":"1t0li07xqf8mw2g"}
{"type":"log","timestamp":1701421688092,"level":"info","message":"Rendering template { name: header-footer, recipe: chrome-pdf, engine: handlebars, preview: true }","meta":{"rootId":"zaxq5p42ivtkbxe","id":"juywxsi7saz4mo0"},"id":"x8vtkk55kj4sqtm","previousOperationId":"1t0li07xqf8mw2g"}
{"type":"log","timestamp":1701421688093,"level":"debug","message":"Inline data specified.","meta":{"rootId":"zaxq5p42ivtkbxe","id":"juywxsi7saz4mo0"},"id":"i8mw7rf2u7svbnm","previousOperationId":"1t0li07xqf8mw2g"}
{"type":"log","timestamp":1701421688094,"level":"debug","message":"Base url not specified, skipping its injection.","meta":{"rootId":"zaxq5p42ivtkbxe","id":"juywxsi7saz4mo0"},"id":"euz296lnt9sqel4","previousOperationId":"1t0li07xqf8mw2g"}
{"type":"operationStart","subtype":"engine","name":"handlebars","timestamp":1701421688094,"id":"4yfsbo9wnfkj6t8","previousEventId":"d9phnqh9ns0pdn9","operationId":"mgzmdwro5bojsbr","previousOperationId":"1t0li07xqf8mw2g"}
{"type":"log","timestamp":1701421688094,"level":"debug","message":"Rendering engine handlebars","meta":{"rootId":"zaxq5p42ivtkbxe","id":"juywxsi7saz4mo0"},"id":"igtcaralbv13fx1","previousOperationId":"mgzmdwro5bojsbr"}
{"type":"operationEnd","operationId":"mgzmdwro5bojsbr","timestamp":1701421688098,"id":"yyp54vj1dzapt80","previousEventId":"4yfsbo9wnfkj6t8","previousOperationId":"mgzmdwro5bojsbr"}
{"type":"operationStart","subtype":"recipe","name":"chrome-pdf","timestamp":1701421688098,"id":"5pjiblzkj522ufk","previousEventId":"yyp54vj1dzapt80","operationId":"rafzugtu7v85zgi","previousOperationId":"mgzmdwro5bojsbr"}
{"type":"log","timestamp":1701421688098,"level":"debug","message":"Executing recipe chrome-pdf","meta":{"rootId":"zaxq5p42ivtkbxe","id":"juywxsi7saz4mo0"},"id":"rvexb154355mi5y","previousOperationId":"rafzugtu7v85zgi"}
{"type":"log","timestamp":1701421688100,"level":"debug","message":"Converting with chrome HeadlessChrome/117.0.5938.149 using chrome-pool strategy","meta":{"rootId":"zaxq5p42ivtkbxe","id":"juywxsi7saz4mo0"},"id":"vmgps0jtzvra07a","previousOperationId":"rafzugtu7v85zgi"}
{"type":"log","timestamp":1701421688139,"level":"debug","message":"Page request: GET (document) file:///var/folders/dp/qk79pfcj0y1fmtkkl08m76rc0000gn/T/jsreport/autocleanup/e0eac0d8-8999-4164-aa28-2e5451247d54-chrome-pdf.html","meta":{"rootId":"zaxq5p42ivtkbxe","id":"juywxsi7saz4mo0"},"id":"s03yti4iqnbvxs4","previousOperationId":"rafzugtu7v85zgi"}
{"type":"log","timestamp":1701421688144,"level":"debug","message":"Page request finished: GET (document) 200 file:///var/folders/dp/qk79pfcj0y1fmtkkl08m76rc0000gn/T/jsreport/autocleanup/e0eac0d8-8999-4164-aa28-2e5451247d54-chrome-pdf.html","meta":{"rootId":"zaxq5p42ivtkbxe","id":"juywxsi7saz4mo0"},"id":"u4hk7n24fjq2r2d","previousOperationId":"rafzugtu7v85zgi"}
{"type":"log","timestamp":1701421688151,"level":"debug","message":"Running chrome with params {\"timeout\":59854,\"margin\":{},\"printBackground\":true}","meta":{"rootId":"zaxq5p42ivtkbxe","id":"juywxsi7saz4mo0"},"id":"f7ythvflkbqidaw","previousOperationId":"rafzugtu7v85zgi"}
{"type":"operationEnd","operationId":"rafzugtu7v85zgi","timestamp":1701421688157,"id":"x56aotm4kcbnlmq","previousEventId":"5pjiblzkj522ufk","previousOperationId":"rafzugtu7v85zgi"}
{"type":"log","timestamp":1701421688157,"level":"debug","message":"Skipping storing report.","meta":{"rootId":"zaxq5p42ivtkbxe","id":"juywxsi7saz4mo0"},"id":"6utidvgpivyui54","previousOperationId":"rafzugtu7v85zgi"}
{"type":"log","timestamp":1701421688157,"level":"info","message":"Rendering (child) request finished in 204 ms","meta":{"rootId":"zaxq5p42ivtkbxe","id":"juywxsi7saz4mo0"},"id":"qdg723anw2mvqry","previousOperationId":"rafzugtu7v85zgi"}
{"type":"operationEnd","subtype":"render","operationId":"1t0li07xqf8mw2g","timestamp":1701421688157,"id":"ypowwubaykogp9x","previousEventId":"x56aotm4kcbnlmq","previousOperationId":"rafzugtu7v85zgi"}
{"type":"operationEnd","operationId":"py0ont4fpso7mah","timestamp":1701421688162,"id":"csb3dszupthg9fk","previousEventId":"lex1o7ryuj1vnm6","previousOperationId":"py0ont4fpso7mah"}
{"type":"log","timestamp":1701421688162,"level":"debug","message":"pdf-utils postproces start","meta":{"rootId":"zaxq5p42ivtkbxe","id":"zaxq5p42ivtkbxe"},"id":"mu5m72xtq6gyugs","previousOperationId":"py0ont4fpso7mah"}
{"type":"log","timestamp":1701421688169,"level":"debug","message":"pdf-utils postproces end","meta":{"rootId":"zaxq5p42ivtkbxe","id":"zaxq5p42ivtkbxe"},"id":"wzbfkask838cq4d","previousOperationId":"py0ont4fpso7mah"}
{"type":"operationEnd","operationId":"8b0r23ffew8087b","timestamp":1701421688169,"id":"abmv02dwacuwzss","previousEventId":"csb3dszupthg9fk","previousOperationId":"py0ont4fpso7mah"}
{"type":"log","timestamp":1701421688169,"level":"info","message":"pdf-utils pdf processing was finished","meta":{"rootId":"zaxq5p42ivtkbxe","id":"zaxq5p42ivtkbxe"},"id":"w2qts1rf2k639a3","previousOperationId":"8b0r23ffew8087b"}
{"type":"log","timestamp":1701421688169,"level":"debug","message":"Skipping storing report.","meta":{"rootId":"zaxq5p42ivtkbxe","id":"zaxq5p42ivtkbxe"},"id":"oiykq2rpuuazu6n","previousOperationId":"8b0r23ffew8087b"}
{"type":"log","timestamp":1701421688169,"level":"info","message":"Rendering request 32 finished in 216 ms","meta":{"rootId":"zaxq5p42ivtkbxe","id":"zaxq5p42ivtkbxe"},"id":"jgxmcwkzylpxv7p","previousOperationId":"8b0r23ffew8087b"}
{"type":"operationEnd","subtype":"render","operationId":"vistphyrq366lh2","timestamp":1701421688169,"id":"668bzqyziq1syc9","previousEventId":"abmv02dwacuwzss","previousOperationId":"8b0r23ffew8087b"}
{"type":"operationEnd","doDiffs":false,"previousEventId":"rs3chxmlej1yaqg","previousOperationId":"kqunh8mn7xbvwft","operationId":"kqunh8mn7xbvwft","timestamp":1701421688171,"id":"jvk2ya9dvxxo84q"}
