{"type":"operationStart","subtype":"profile","data":{"_id":"9Whn3nIJY3LiiAm1","timestamp":"2023-11-27T15:03:24.428Z","state":"queued","mode":"standard","creationDate":"2023-11-27T15:03:24.429Z","modificationDate":"2023-11-27T15:03:24.429Z","shortid":"ywdqpPd","$entitySet":"profiles"},"doDiffs":false,"timestamp":1701097404428,"id":"a96ri2lhr0f00gy","previousOperationId":null,"operationId":"gb0e4pndklg4z8e"}
{"type":"log","level":"info","message":"Render request 160 queued for execution and waiting for available worker","previousOperationId":"gb0e4pndklg4z8e","timestamp":1701097404428,"id":"2yhwa4xo93k7ktm"}
{"type":"operationStart","subtype":"render","name":"index_poziv","previousOperationId":"gb0e4pndklg4z8e","timestamp":1701097404434,"id":"56g3hw7d9khlzz4","previousEventId":"a96ri2lhr0f00gy","operationId":"s18rzp1we006ykb"}
{"type":"log","timestamp":1701097404434,"level":"info","message":"Starting rendering request 160","meta":{"rootId":"zcdj9ysigerczm6","id":"zcdj9ysigerczm6"},"id":"l95csle3xjfiqlb","previousOperationId":"s18rzp1we006ykb"}
{"type":"log","timestamp":1701097404434,"level":"info","message":"Rendering template { name: index_poziv, recipe: chrome-pdf, engine: handlebars, preview: true }","meta":{"rootId":"zcdj9ysigerczm6","id":"zcdj9ysigerczm6"},"id":"xrbqr59y4vv5qj8","previousOperationId":"s18rzp1we006ykb"}
{"type":"log","timestamp":1701097404435,"level":"debug","message":"Adding sample data PrpCVp4aj","meta":{"rootId":"zcdj9ysigerczm6","id":"zcdj9ysigerczm6"},"id":"gj9okf1kkw5a9r5","previousOperationId":"s18rzp1we006ykb"}
{"type":"log","timestamp":1701097404436,"level":"debug","message":"Base url not specified, skipping its injection.","meta":{"rootId":"zcdj9ysigerczm6","id":"zcdj9ysigerczm6"},"id":"jnc25gmoc72km15","previousOperationId":"s18rzp1we006ykb"}
{"type":"log","timestamp":1701097404437,"level":"debug","message":"Replaced assets [\"styles.css\"]","meta":{"rootId":"zcdj9ysigerczm6","id":"zcdj9ysigerczm6"},"id":"xebakhjx0mvf4sl","previousOperationId":"s18rzp1we006ykb"}
{"type":"operationStart","subtype":"engine","name":"handlebars","timestamp":1701097404437,"id":"wy3glj5lvgariwm","previousEventId":"56g3hw7d9khlzz4","operationId":"d8v8yqk83swk6qy","previousOperationId":"s18rzp1we006ykb"}
{"type":"log","timestamp":1701097404437,"level":"debug","message":"Rendering engine handlebars","meta":{"rootId":"zcdj9ysigerczm6","id":"zcdj9ysigerczm6"},"id":"d3tvev2bwe9etm5","previousOperationId":"d8v8yqk83swk6qy"}
{"type":"operationEnd","operationId":"d8v8yqk83swk6qy","timestamp":1701097404454,"id":"19himm5gytgkh67","previousEventId":"wy3glj5lvgariwm","previousOperationId":"d8v8yqk83swk6qy"}
{"type":"operationStart","subtype":"recipe","name":"chrome-pdf","timestamp":1701097404455,"id":"es0j5yttgdsg889","previousEventId":"19himm5gytgkh67","operationId":"ucztz6molnd0aao","previousOperationId":"d8v8yqk83swk6qy"}
{"type":"log","timestamp":1701097404455,"level":"debug","message":"Executing recipe chrome-pdf","meta":{"rootId":"zcdj9ysigerczm6","id":"zcdj9ysigerczm6"},"id":"kutrlmlc1nfnr11","previousOperationId":"ucztz6molnd0aao"}
{"type":"log","timestamp":1701097404458,"level":"debug","message":"Converting with chrome HeadlessChrome/117.0.5938.149 using chrome-pool strategy","meta":{"rootId":"zcdj9ysigerczm6","id":"zcdj9ysigerczm6"},"id":"4ccwlvogkbwcna6","previousOperationId":"ucztz6molnd0aao"}
{"type":"log","timestamp":1701097404504,"level":"debug","message":"Page request: GET (document) file:///var/folders/dp/qk79pfcj0y1fmtkkl08m76rc0000gn/T/jsreport/autocleanup/062d4c80-f201-4c1f-8d3d-ecbeb2cd3a73-chrome-pdf.html","meta":{"rootId":"zcdj9ysigerczm6","id":"zcdj9ysigerczm6"},"id":"vm6tlxd3yhrlzv1","previousOperationId":"ucztz6molnd0aao"}
{"type":"log","timestamp":1701097404510,"level":"debug","message":"Page request finished: GET (document) 200 file:///var/folders/dp/qk79pfcj0y1fmtkkl08m76rc0000gn/T/jsreport/autocleanup/062d4c80-f201-4c1f-8d3d-ecbeb2cd3a73-chrome-pdf.html","meta":{"rootId":"zcdj9ysigerczm6","id":"zcdj9ysigerczm6"},"id":"8f8ivf4ficqdik0","previousOperationId":"ucztz6molnd0aao"}
{"type":"log","timestamp":1701097404518,"level":"debug","message":"Running chrome with params {\"printBackground\":true,\"marginTop\":\"2cm\",\"marginBottom\":\"2cm\",\"timeout\":59971,\"margin\":{\"top\":\"2cm\",\"bottom\":\"2cm\"}}","meta":{"rootId":"zcdj9ysigerczm6","id":"zcdj9ysigerczm6"},"id":"t0wfev5pl7njply","previousOperationId":"ucztz6molnd0aao"}
{"type":"operationEnd","operationId":"ucztz6molnd0aao","timestamp":1701097404542,"id":"ux432n6hlo3m9td","previousEventId":"es0j5yttgdsg889","previousOperationId":"ucztz6molnd0aao"}
{"type":"log","timestamp":1701097404542,"level":"info","message":"pdf-utils is starting pdf processing","meta":{"rootId":"zcdj9ysigerczm6","id":"zcdj9ysigerczm6"},"id":"wtlp7pq6hga6qbk","previousOperationId":"ucztz6molnd0aao"}
{"type":"operationStart","subtype":"pdfUtils","name":"pdf utils","timestamp":1701097404543,"id":"prmov7hxd5fbzou","previousEventId":"ux432n6hlo3m9td","operationId":"j2wrck9vbnbvtlm","previousOperationId":"ucztz6molnd0aao"}
{"type":"log","timestamp":1701097404543,"level":"debug","message":"pdf-utils detected 1 pdf operation(s) to process","meta":{"rootId":"zcdj9ysigerczm6","id":"zcdj9ysigerczm6"},"id":"wb9r6ybt3conts1","previousOperationId":"j2wrck9vbnbvtlm"}
{"type":"log","timestamp":1701097404569,"level":"debug","message":"pdf-utils running pdf operation merge","meta":{"rootId":"zcdj9ysigerczm6","id":"zcdj9ysigerczm6"},"id":"df29007xags1l07","previousOperationId":"j2wrck9vbnbvtlm"}
{"type":"operationStart","subtype":"pdfUtilsMerge","name":"pdf utils merge","previousOperationId":"j2wrck9vbnbvtlm","timestamp":1701097404569,"id":"3lspilmmxf2kmdu","previousEventId":"prmov7hxd5fbzou","operationId":"vpopjm14nl0ycpv"}
{"type":"operationStart","subtype":"render","name":"header-footer","previousOperationId":"vpopjm14nl0ycpv","timestamp":1701097404569,"id":"pb0o2ohrd1jb6xm","previousEventId":"3lspilmmxf2kmdu","operationId":"xi12jmnrmfeztvk"}
{"type":"log","timestamp":1701097404569,"level":"info","message":"Starting rendering (child) request","meta":{"rootId":"zcdj9ysigerczm6","id":"3z6lk3xhdpuz55l"},"id":"vini4w8c3az4bjx","previousOperationId":"xi12jmnrmfeztvk"}
{"type":"log","timestamp":1701097404569,"level":"info","message":"Rendering template { name: header-footer, recipe: chrome-pdf, engine: handlebars, preview: true }","meta":{"rootId":"zcdj9ysigerczm6","id":"3z6lk3xhdpuz55l"},"id":"4615yx25lo4vzpp","previousOperationId":"xi12jmnrmfeztvk"}
{"type":"log","timestamp":1701097404571,"level":"debug","message":"Inline data specified.","meta":{"rootId":"zcdj9ysigerczm6","id":"3z6lk3xhdpuz55l"},"id":"x7wb5wu3smbdl23","previousOperationId":"xi12jmnrmfeztvk"}
{"type":"log","timestamp":1701097404571,"level":"debug","message":"Base url not specified, skipping its injection.","meta":{"rootId":"zcdj9ysigerczm6","id":"3z6lk3xhdpuz55l"},"id":"k5n1lybh3w5uynv","previousOperationId":"xi12jmnrmfeztvk"}
{"type":"operationStart","subtype":"engine","name":"handlebars","timestamp":1701097404571,"id":"ip0jvbmjfx4aknu","previousEventId":"pb0o2ohrd1jb6xm","operationId":"weonbphuxt7ayfk","previousOperationId":"xi12jmnrmfeztvk"}
{"type":"log","timestamp":1701097404571,"level":"debug","message":"Rendering engine handlebars","meta":{"rootId":"zcdj9ysigerczm6","id":"3z6lk3xhdpuz55l"},"id":"r08875mlb5tdgku","previousOperationId":"weonbphuxt7ayfk"}
{"type":"operationEnd","operationId":"weonbphuxt7ayfk","timestamp":1701097404577,"id":"4wqc3909xdd3qjq","previousEventId":"ip0jvbmjfx4aknu","previousOperationId":"weonbphuxt7ayfk"}
{"type":"operationStart","subtype":"recipe","name":"chrome-pdf","timestamp":1701097404577,"id":"jpmsm8ljcbz8pqf","previousEventId":"4wqc3909xdd3qjq","operationId":"9ri3s5wwcqxvp82","previousOperationId":"weonbphuxt7ayfk"}
{"type":"log","timestamp":1701097404577,"level":"debug","message":"Executing recipe chrome-pdf","meta":{"rootId":"zcdj9ysigerczm6","id":"3z6lk3xhdpuz55l"},"id":"rw11jvulbe995wd","previousOperationId":"9ri3s5wwcqxvp82"}
{"type":"log","timestamp":1701097404578,"level":"debug","message":"Converting with chrome HeadlessChrome/117.0.5938.149 using chrome-pool strategy","meta":{"rootId":"zcdj9ysigerczm6","id":"3z6lk3xhdpuz55l"},"id":"u9lhjeu78llyujl","previousOperationId":"9ri3s5wwcqxvp82"}
{"type":"log","timestamp":1701097404627,"level":"debug","message":"Page request: GET (document) file:///var/folders/dp/qk79pfcj0y1fmtkkl08m76rc0000gn/T/jsreport/autocleanup/682392e0-baf2-4618-ae5f-2c8dad63f9e0-chrome-pdf.html","meta":{"rootId":"zcdj9ysigerczm6","id":"3z6lk3xhdpuz55l"},"id":"16cau9xpglc9vbn","previousOperationId":"9ri3s5wwcqxvp82"}
{"type":"log","timestamp":1701097404633,"level":"debug","message":"Page request finished: GET (document) 200 file:///var/folders/dp/qk79pfcj0y1fmtkkl08m76rc0000gn/T/jsreport/autocleanup/682392e0-baf2-4618-ae5f-2c8dad63f9e0-chrome-pdf.html","meta":{"rootId":"zcdj9ysigerczm6","id":"3z6lk3xhdpuz55l"},"id":"677aim42e0tkoww","previousOperationId":"9ri3s5wwcqxvp82"}
{"type":"log","timestamp":1701097404640,"level":"debug","message":"Running chrome with params {\"timeout\":59851,\"margin\":{},\"printBackground\":true}","meta":{"rootId":"zcdj9ysigerczm6","id":"3z6lk3xhdpuz55l"},"id":"hxyej3hlhau99vo","previousOperationId":"9ri3s5wwcqxvp82"}
{"type":"operationEnd","operationId":"9ri3s5wwcqxvp82","timestamp":1701097404648,"id":"uqzlb7exv7lnvhv","previousEventId":"jpmsm8ljcbz8pqf","previousOperationId":"9ri3s5wwcqxvp82"}
{"type":"log","timestamp":1701097404648,"level":"debug","message":"Skipping storing report.","meta":{"rootId":"zcdj9ysigerczm6","id":"3z6lk3xhdpuz55l"},"id":"dst0f128esb7a2c","previousOperationId":"9ri3s5wwcqxvp82"}
{"type":"log","timestamp":1701097404648,"level":"info","message":"Rendering (child) request finished in 220 ms","meta":{"rootId":"zcdj9ysigerczm6","id":"3z6lk3xhdpuz55l"},"id":"pavxe3y9cs8dmco","previousOperationId":"9ri3s5wwcqxvp82"}
{"type":"operationEnd","subtype":"render","operationId":"xi12jmnrmfeztvk","timestamp":1701097404648,"id":"k4j5ah44mhucdv4","previousEventId":"uqzlb7exv7lnvhv","previousOperationId":"9ri3s5wwcqxvp82"}
{"type":"operationEnd","operationId":"vpopjm14nl0ycpv","timestamp":1701097404654,"id":"rc2ubmcuvasbfeu","previousEventId":"3lspilmmxf2kmdu","previousOperationId":"vpopjm14nl0ycpv"}
{"type":"log","timestamp":1701097404654,"level":"debug","message":"pdf-utils postproces start","meta":{"rootId":"zcdj9ysigerczm6","id":"zcdj9ysigerczm6"},"id":"ipw7dh688agdozd","previousOperationId":"vpopjm14nl0ycpv"}
{"type":"log","timestamp":1701097404660,"level":"debug","message":"pdf-utils postproces end","meta":{"rootId":"zcdj9ysigerczm6","id":"zcdj9ysigerczm6"},"id":"yayy5k61sqxd4zb","previousOperationId":"vpopjm14nl0ycpv"}
{"type":"operationEnd","operationId":"j2wrck9vbnbvtlm","timestamp":1701097404660,"id":"6sa1fg111o8r4au","previousEventId":"rc2ubmcuvasbfeu","previousOperationId":"vpopjm14nl0ycpv"}
{"type":"log","timestamp":1701097404660,"level":"info","message":"pdf-utils pdf processing was finished","meta":{"rootId":"zcdj9ysigerczm6","id":"zcdj9ysigerczm6"},"id":"xsymwcbk7184vy0","previousOperationId":"j2wrck9vbnbvtlm"}
{"type":"log","timestamp":1701097404660,"level":"debug","message":"Skipping storing report.","meta":{"rootId":"zcdj9ysigerczm6","id":"zcdj9ysigerczm6"},"id":"gmdhxudzk6ez3mb","previousOperationId":"j2wrck9vbnbvtlm"}
{"type":"log","timestamp":1701097404661,"level":"info","message":"Rendering request 160 finished in 233 ms","meta":{"rootId":"zcdj9ysigerczm6","id":"zcdj9ysigerczm6"},"id":"zuxlki51jtjtymh","previousOperationId":"j2wrck9vbnbvtlm"}
{"type":"operationEnd","subtype":"render","operationId":"s18rzp1we006ykb","timestamp":1701097404661,"id":"398cadbwmiz12jv","previousEventId":"6sa1fg111o8r4au","previousOperationId":"j2wrck9vbnbvtlm"}
{"type":"operationEnd","doDiffs":false,"previousEventId":"a96ri2lhr0f00gy","previousOperationId":"gb0e4pndklg4z8e","operationId":"gb0e4pndklg4z8e","timestamp":1701097404663,"id":"a44oxu1rabvyt7x"}
