{"type":"operationStart","subtype":"profile","data":{"_id":"rvSQGwmw2gfDh5si","timestamp":"2023-11-27T17:00:30.733Z","state":"queued","mode":"standard","creationDate":"2023-11-27T17:00:30.734Z","modificationDate":"2023-11-27T17:00:30.734Z","shortid":"nmc35bW","$entitySet":"profiles"},"doDiffs":false,"timestamp":1701104430734,"id":"aq9699oizquapfx","previousOperationId":null,"operationId":"vp0flvc7yk5rs2c"}
{"type":"log","level":"info","message":"Render request 179 queued for execution and waiting for available worker","previousOperationId":"vp0flvc7yk5rs2c","timestamp":1701104430734,"id":"0ti20gzsbs4f3fy"}
{"type":"operationStart","subtype":"render","name":"upozorenje_index","previousOperationId":"vp0flvc7yk5rs2c","timestamp":1701104430738,"id":"w8qvuxalyvqfcw0","previousEventId":"aq9699oizquapfx","operationId":"0zook6qt3shio5q"}
{"type":"log","timestamp":1701104430738,"level":"info","message":"Starting rendering request 179","meta":{"rootId":"3e85mrxqxp370jv","id":"3e85mrxqxp370jv"},"id":"f15v1f04sel4abi","previousOperationId":"0zook6qt3shio5q"}
{"type":"log","timestamp":1701104430738,"level":"info","message":"Rendering template { name: upozorenje_index, recipe: chrome-pdf, engine: handlebars, preview: true }","meta":{"rootId":"3e85mrxqxp370jv","id":"3e85mrxqxp370jv"},"id":"66m7vjk41oy4jl1","previousOperationId":"0zook6qt3shio5q"}
{"type":"log","timestamp":1701104430738,"level":"debug","message":"Inline data specified.","meta":{"rootId":"3e85mrxqxp370jv","id":"3e85mrxqxp370jv"},"id":"96mkt08m1sev549","previousOperationId":"0zook6qt3shio5q"}
{"type":"log","timestamp":1701104430738,"level":"debug","message":"Base url not specified, skipping its injection.","meta":{"rootId":"3e85mrxqxp370jv","id":"3e85mrxqxp370jv"},"id":"o8c1kmv48gds3c4","previousOperationId":"0zook6qt3shio5q"}
{"type":"operationStart","subtype":"engine","name":"handlebars","timestamp":1701104430738,"id":"k5i2mstskdjsvz8","previousEventId":"w8qvuxalyvqfcw0","operationId":"n06coi9jyhi1urj","previousOperationId":"0zook6qt3shio5q"}
{"type":"log","timestamp":1701104430739,"level":"debug","message":"Rendering engine handlebars","meta":{"rootId":"3e85mrxqxp370jv","id":"3e85mrxqxp370jv"},"id":"4pfew57nju3wcks","previousOperationId":"n06coi9jyhi1urj"}
{"type":"operationEnd","operationId":"n06coi9jyhi1urj","timestamp":1701104430760,"id":"63fgpdkpefmg0pl","previousEventId":"k5i2mstskdjsvz8","previousOperationId":"n06coi9jyhi1urj"}
{"type":"operationStart","subtype":"recipe","name":"chrome-pdf","timestamp":1701104430760,"id":"mnwft6e1gn5h4y3","previousEventId":"63fgpdkpefmg0pl","operationId":"2ss0k7na1palebg","previousOperationId":"n06coi9jyhi1urj"}
{"type":"log","timestamp":1701104430760,"level":"debug","message":"Executing recipe chrome-pdf","meta":{"rootId":"3e85mrxqxp370jv","id":"3e85mrxqxp370jv"},"id":"o21jctuinpmlbyj","previousOperationId":"2ss0k7na1palebg"}
{"type":"log","timestamp":1701104430762,"level":"debug","message":"Converting with chrome HeadlessChrome/117.0.5938.149 using chrome-pool strategy","meta":{"rootId":"3e85mrxqxp370jv","id":"3e85mrxqxp370jv"},"id":"va2o811rzxhwnql","previousOperationId":"2ss0k7na1palebg"}
{"type":"log","timestamp":1701104430805,"level":"debug","message":"Page request: GET (document) file:///var/folders/dp/qk79pfcj0y1fmtkkl08m76rc0000gn/T/jsreport/autocleanup/a9dcb56e-e042-4be7-8ed3-b419a9c66816-chrome-pdf.html","meta":{"rootId":"3e85mrxqxp370jv","id":"3e85mrxqxp370jv"},"id":"xwxu6l0x374x9gp","previousOperationId":"2ss0k7na1palebg"}
{"type":"log","timestamp":1701104430810,"level":"debug","message":"Page request finished: GET (document) 200 file:///var/folders/dp/qk79pfcj0y1fmtkkl08m76rc0000gn/T/jsreport/autocleanup/a9dcb56e-e042-4be7-8ed3-b419a9c66816-chrome-pdf.html","meta":{"rootId":"3e85mrxqxp370jv","id":"3e85mrxqxp370jv"},"id":"bf08ykqw5tl81fo","previousOperationId":"2ss0k7na1palebg"}
{"type":"log","timestamp":1701104430822,"level":"debug","message":"Running chrome with params {\"printBackground\":true,\"timeout\":59971,\"margin\":{}}","meta":{"rootId":"3e85mrxqxp370jv","id":"3e85mrxqxp370jv"},"id":"3yh8t26wuf6gx2y","previousOperationId":"2ss0k7na1palebg"}
{"type":"operationEnd","operationId":"2ss0k7na1palebg","timestamp":1701104430837,"id":"3x8994g70t2fcn1","previousEventId":"mnwft6e1gn5h4y3","previousOperationId":"2ss0k7na1palebg"}
{"type":"log","timestamp":1701104430837,"level":"debug","message":"Skipping storing report.","meta":{"rootId":"3e85mrxqxp370jv","id":"3e85mrxqxp370jv"},"id":"8uri246v0qrwb8k","previousOperationId":"2ss0k7na1palebg"}
{"type":"log","timestamp":1701104430837,"level":"info","message":"Rendering request 179 finished in 104 ms","meta":{"rootId":"3e85mrxqxp370jv","id":"3e85mrxqxp370jv"},"id":"17eqfkn6spqnimz","previousOperationId":"2ss0k7na1palebg"}
{"type":"operationEnd","subtype":"render","operationId":"0zook6qt3shio5q","timestamp":1701104430837,"id":"q00fykypvrn2jko","previousEventId":"3x8994g70t2fcn1","previousOperationId":"2ss0k7na1palebg"}
{"type":"operationEnd","doDiffs":false,"previousEventId":"aq9699oizquapfx","previousOperationId":"vp0flvc7yk5rs2c","operationId":"vp0flvc7yk5rs2c","timestamp":1701104430838,"id":"jxe3rs4fmqoe9l1"}
