{"type":"operationStart","subtype":"profile","data":{"_id":"R2kXyxk0KaySvDf3","timestamp":"2023-12-04T14:56:06.629Z","state":"queued","mode":"standard","creationDate":"2023-12-04T14:56:06.630Z","modificationDate":"2023-12-04T14:56:06.630Z","shortid":"HTYiuGt","$entitySet":"profiles"},"doDiffs":false,"timestamp":1701701766630,"id":"16uykqe1uovging","previousOperationId":null,"operationId":"v4pahi1gfyvalpd"}
{"type":"log","level":"info","message":"Render request 7 queued for execution and waiting for available worker","previousOperationId":"v4pahi1gfyvalpd","timestamp":1701701766630,"id":"g9awq07e5pvputg"}
{"type":"operationStart","subtype":"render","name":"upozorenje_index","previousOperationId":"v4pahi1gfyvalpd","timestamp":1701701766638,"id":"q4bl0h04xrjh53p","previousEventId":"16uykqe1uovging","operationId":"9oeok6awtog7t4c"}
{"type":"log","timestamp":1701701766638,"level":"info","message":"Starting rendering request 7","meta":{"rootId":"761yss7bru2d3sz","id":"761yss7bru2d3sz"},"id":"d2d6kbiyv883pkn","previousOperationId":"9oeok6awtog7t4c"}
{"type":"log","timestamp":1701701766638,"level":"info","message":"Rendering template { name: upozorenje_index, recipe: chrome-pdf, engine: handlebars, preview: true }","meta":{"rootId":"761yss7bru2d3sz","id":"761yss7bru2d3sz"},"id":"qm1ddy8xhu8ekls","previousOperationId":"9oeok6awtog7t4c"}
{"type":"log","timestamp":1701701766641,"level":"debug","message":"Adding sample data c-gy_EwET","meta":{"rootId":"761yss7bru2d3sz","id":"761yss7bru2d3sz"},"id":"qyxihq2u6qg3ljf","previousOperationId":"9oeok6awtog7t4c"}
{"type":"log","timestamp":1701701766643,"level":"debug","message":"Base url not specified, skipping its injection.","meta":{"rootId":"761yss7bru2d3sz","id":"761yss7bru2d3sz"},"id":"4fg0jdp2vtdp7at","previousOperationId":"9oeok6awtog7t4c"}
{"type":"operationStart","subtype":"engine","name":"handlebars","timestamp":1701701766643,"id":"0fq88dyzt4pahca","previousEventId":"q4bl0h04xrjh53p","operationId":"3asqoaisehku1j0","previousOperationId":"9oeok6awtog7t4c"}
{"type":"log","timestamp":1701701766643,"level":"debug","message":"Rendering engine handlebars","meta":{"rootId":"761yss7bru2d3sz","id":"761yss7bru2d3sz"},"id":"koeqkqx0pd0old6","previousOperationId":"3asqoaisehku1j0"}
{"type":"operationEnd","operationId":"3asqoaisehku1j0","timestamp":1701701766664,"id":"wmrymxaitaru7h5","previousEventId":"0fq88dyzt4pahca","previousOperationId":"3asqoaisehku1j0"}
{"type":"operationStart","subtype":"recipe","name":"chrome-pdf","timestamp":1701701766664,"id":"pto2y7nv06mb75c","previousEventId":"wmrymxaitaru7h5","operationId":"vvidj3kpitxpn9l","previousOperationId":"3asqoaisehku1j0"}
{"type":"log","timestamp":1701701766664,"level":"debug","message":"Executing recipe chrome-pdf","meta":{"rootId":"761yss7bru2d3sz","id":"761yss7bru2d3sz"},"id":"ajcyxux0qcoo2sk","previousOperationId":"vvidj3kpitxpn9l"}
{"type":"log","timestamp":1701701766666,"level":"debug","message":"Converting with chrome HeadlessChrome/117.0.5938.149 using chrome-pool strategy","meta":{"rootId":"761yss7bru2d3sz","id":"761yss7bru2d3sz"},"id":"pqwfqqtakhrbfyt","previousOperationId":"vvidj3kpitxpn9l"}
{"type":"log","timestamp":1701701766719,"level":"debug","message":"Page request: GET (document) file:///var/folders/dp/qk79pfcj0y1fmtkkl08m76rc0000gn/T/jsreport/autocleanup/6530a0fc-a747-4b1a-8c11-d68c80d7e063-chrome-pdf.html","meta":{"rootId":"761yss7bru2d3sz","id":"761yss7bru2d3sz"},"id":"rzzwiwkuf28dgx8","previousOperationId":"vvidj3kpitxpn9l"}
{"type":"log","timestamp":1701701766723,"level":"debug","message":"Page request finished: GET (document) 200 file:///var/folders/dp/qk79pfcj0y1fmtkkl08m76rc0000gn/T/jsreport/autocleanup/6530a0fc-a747-4b1a-8c11-d68c80d7e063-chrome-pdf.html","meta":{"rootId":"761yss7bru2d3sz","id":"761yss7bru2d3sz"},"id":"jorp6ajlp0mzlmr","previousOperationId":"vvidj3kpitxpn9l"}
{"type":"log","timestamp":1701701766734,"level":"debug","message":"Running chrome with params {\"printBackground\":true,\"timeout\":59964,\"margin\":{}}","meta":{"rootId":"761yss7bru2d3sz","id":"761yss7bru2d3sz"},"id":"zcv623zkgj06788","previousOperationId":"vvidj3kpitxpn9l"}
{"type":"operationEnd","operationId":"vvidj3kpitxpn9l","timestamp":1701701766750,"id":"r9bsnh728n4vp52","previousEventId":"pto2y7nv06mb75c","previousOperationId":"vvidj3kpitxpn9l"}
{"type":"log","timestamp":1701701766750,"level":"debug","message":"Skipping storing report.","meta":{"rootId":"761yss7bru2d3sz","id":"761yss7bru2d3sz"},"id":"n9v47ug98mw30ki","previousOperationId":"vvidj3kpitxpn9l"}
{"type":"log","timestamp":1701701766750,"level":"info","message":"Rendering request 7 finished in 121 ms","meta":{"rootId":"761yss7bru2d3sz","id":"761yss7bru2d3sz"},"id":"1s40gmfeobyh3xf","previousOperationId":"vvidj3kpitxpn9l"}
{"type":"operationEnd","subtype":"render","operationId":"9oeok6awtog7t4c","timestamp":1701701766750,"id":"qggjww9ee1orego","previousEventId":"r9bsnh728n4vp52","previousOperationId":"vvidj3kpitxpn9l"}
{"type":"operationEnd","doDiffs":false,"previousEventId":"16uykqe1uovging","previousOperationId":"v4pahi1gfyvalpd","operationId":"v4pahi1gfyvalpd","timestamp":1701701766752,"id":"dzv4aefcffbq56s"}
