{"type":"operationStart","subtype":"profile","data":{"_id":"p6HuOwgG3FJojPZQ","timestamp":"2023-11-28T12:24:50.956Z","state":"queued","mode":"standard","creationDate":"2023-11-28T12:24:50.960Z","modificationDate":"2023-11-28T12:24:50.960Z","shortid":"frRp8G0","$entitySet":"profiles"},"doDiffs":false,"timestamp":1701174290959,"id":"kph2ftetubfrg6e","previousOperationId":null,"operationId":"y91upygywuveode"}
{"type":"log","level":"info","message":"Render request 34 queued for execution and waiting for available worker","previousOperationId":"y91upygywuveode","timestamp":1701174290959,"id":"tvhsevn2ix06ye6"}
{"type":"operationStart","subtype":"render","name":"upozorenje_index","previousOperationId":"y91upygywuveode","timestamp":1701174290969,"id":"hr11cyve4avmtt2","previousEventId":"kph2ftetubfrg6e","operationId":"skkjguyfka6bwt6"}
{"type":"log","timestamp":1701174290969,"level":"info","message":"Starting rendering request 34","meta":{"rootId":"9o7odfmjt8jiixu","id":"9o7odfmjt8jiixu"},"id":"7hf41gf6imquakl","previousOperationId":"skkjguyfka6bwt6"}
{"type":"log","timestamp":1701174290969,"level":"info","message":"Rendering template { name: upozorenje_index, recipe: chrome-pdf, engine: handlebars, preview: true }","meta":{"rootId":"9o7odfmjt8jiixu","id":"9o7odfmjt8jiixu"},"id":"o39knnywf5hphcu","previousOperationId":"skkjguyfka6bwt6"}
{"type":"log","timestamp":1701174290970,"level":"debug","message":"Inline data specified.","meta":{"rootId":"9o7odfmjt8jiixu","id":"9o7odfmjt8jiixu"},"id":"pgyum2zabm5wq81","previousOperationId":"skkjguyfka6bwt6"}
{"type":"log","timestamp":1701174290971,"level":"debug","message":"Base url not specified, skipping its injection.","meta":{"rootId":"9o7odfmjt8jiixu","id":"9o7odfmjt8jiixu"},"id":"5c7f3neneyierlk","previousOperationId":"skkjguyfka6bwt6"}
{"type":"operationStart","subtype":"engine","name":"handlebars","timestamp":1701174290971,"id":"lphuyfqerb93epo","previousEventId":"hr11cyve4avmtt2","operationId":"9oqvfcw71az2mra","previousOperationId":"skkjguyfka6bwt6"}
{"type":"log","timestamp":1701174290971,"level":"debug","message":"Rendering engine handlebars","meta":{"rootId":"9o7odfmjt8jiixu","id":"9o7odfmjt8jiixu"},"id":"cc7r8swaqgiw92l","previousOperationId":"9oqvfcw71az2mra"}
{"type":"operationEnd","operationId":"9oqvfcw71az2mra","timestamp":1701174290980,"id":"64fdnysa52wk36z","previousEventId":"lphuyfqerb93epo","previousOperationId":"9oqvfcw71az2mra"}
{"type":"operationStart","subtype":"recipe","name":"chrome-pdf","timestamp":1701174290980,"id":"ooxnxrly5eguvo4","previousEventId":"64fdnysa52wk36z","operationId":"ayymigxo9vuc2p1","previousOperationId":"9oqvfcw71az2mra"}
{"type":"log","timestamp":1701174290980,"level":"debug","message":"Executing recipe chrome-pdf","meta":{"rootId":"9o7odfmjt8jiixu","id":"9o7odfmjt8jiixu"},"id":"2svaam25z6izbux","previousOperationId":"ayymigxo9vuc2p1"}
{"type":"log","timestamp":1701174290982,"level":"debug","message":"Converting with chrome HeadlessChrome/117.0.5938.149 using chrome-pool strategy","meta":{"rootId":"9o7odfmjt8jiixu","id":"9o7odfmjt8jiixu"},"id":"hxkmzc76yk3ns27","previousOperationId":"ayymigxo9vuc2p1"}
{"type":"log","timestamp":1701174291027,"level":"debug","message":"Page request: GET (document) file:///var/folders/dp/qk79pfcj0y1fmtkkl08m76rc0000gn/T/jsreport/autocleanup/02b1cf3f-9872-42d4-ae34-9a825b052703-chrome-pdf.html","meta":{"rootId":"9o7odfmjt8jiixu","id":"9o7odfmjt8jiixu"},"id":"23z8bipfm098cbi","previousOperationId":"ayymigxo9vuc2p1"}
{"type":"log","timestamp":1701174291032,"level":"debug","message":"Page request finished: GET (document) 200 file:///var/folders/dp/qk79pfcj0y1fmtkkl08m76rc0000gn/T/jsreport/autocleanup/02b1cf3f-9872-42d4-ae34-9a825b052703-chrome-pdf.html","meta":{"rootId":"9o7odfmjt8jiixu","id":"9o7odfmjt8jiixu"},"id":"h9i0ulxwlfxehdt","previousOperationId":"ayymigxo9vuc2p1"}
{"type":"log","timestamp":1701174291044,"level":"debug","message":"Running chrome with params {\"printBackground\":true,\"timeout\":59975,\"margin\":{}}","meta":{"rootId":"9o7odfmjt8jiixu","id":"9o7odfmjt8jiixu"},"id":"p2skg3z1h6e4v10","previousOperationId":"ayymigxo9vuc2p1"}
{"type":"operationEnd","operationId":"ayymigxo9vuc2p1","timestamp":1701174291059,"id":"g5y979ygmfgrslm","previousEventId":"ooxnxrly5eguvo4","previousOperationId":"ayymigxo9vuc2p1"}
{"type":"log","timestamp":1701174291059,"level":"debug","message":"Skipping storing report.","meta":{"rootId":"9o7odfmjt8jiixu","id":"9o7odfmjt8jiixu"},"id":"heiek3fk4bjrkh3","previousOperationId":"ayymigxo9vuc2p1"}
{"type":"log","timestamp":1701174291059,"level":"info","message":"Rendering request 34 finished in 103 ms","meta":{"rootId":"9o7odfmjt8jiixu","id":"9o7odfmjt8jiixu"},"id":"i3cwei4cemue9qf","previousOperationId":"ayymigxo9vuc2p1"}
{"type":"operationEnd","subtype":"render","operationId":"skkjguyfka6bwt6","timestamp":1701174291059,"id":"cdz7h6e0ccro6m9","previousEventId":"g5y979ygmfgrslm","previousOperationId":"ayymigxo9vuc2p1"}
{"type":"operationEnd","doDiffs":false,"previousEventId":"kph2ftetubfrg6e","previousOperationId":"y91upygywuveode","operationId":"y91upygywuveode","timestamp":1701174291060,"id":"8bak4yismljb5t0"}
