{"type":"operationStart","subtype":"profile","data":{"_id":"6NlhhgoJG9CBZwqT","timestamp":"2023-11-27T17:11:35.546Z","state":"queued","mode":"standard","creationDate":"2023-11-27T17:11:35.548Z","modificationDate":"2023-11-27T17:11:35.548Z","shortid":"6IREgGX","$entitySet":"profiles"},"doDiffs":false,"timestamp":1701105095547,"id":"aphfecbfy91bpaj","previousOperationId":null,"operationId":"2s6h4pzb8zlkqom"}
{"type":"log","level":"info","message":"Render request 1 queued for execution and waiting for available worker","previousOperationId":"2s6h4pzb8zlkqom","timestamp":1701105095547,"id":"urpvwr10gbgk83c"}
{"type":"operationStart","subtype":"render","name":"upozorenje_index","previousOperationId":"2s6h4pzb8zlkqom","timestamp":1701105095558,"id":"vbrbdp9pqd792ig","previousEventId":"aphfecbfy91bpaj","operationId":"7we624k5cuiqe0s"}
{"type":"log","timestamp":1701105095559,"level":"info","message":"Starting rendering request 1","meta":{"rootId":"bhdzwq20ju4mkpy","id":"bhdzwq20ju4mkpy"},"id":"64mbp0zgsc5z15q","previousOperationId":"7we624k5cuiqe0s"}
{"type":"log","timestamp":1701105095559,"level":"info","message":"Rendering template { name: upozorenje_index, recipe: chrome-pdf, engine: handlebars, preview: true }","meta":{"rootId":"bhdzwq20ju4mkpy","id":"bhdzwq20ju4mkpy"},"id":"en37rodr2zfykb1","previousOperationId":"7we624k5cuiqe0s"}
{"type":"log","timestamp":1701105095560,"level":"debug","message":"Adding sample data c-gy_EwET","meta":{"rootId":"bhdzwq20ju4mkpy","id":"bhdzwq20ju4mkpy"},"id":"14ky03t78y5dv8y","previousOperationId":"7we624k5cuiqe0s"}
{"type":"log","timestamp":1701105095561,"level":"debug","message":"Base url not specified, skipping its injection.","meta":{"rootId":"bhdzwq20ju4mkpy","id":"bhdzwq20ju4mkpy"},"id":"z4zbn6p0za3fsjz","previousOperationId":"7we624k5cuiqe0s"}
{"type":"operationStart","subtype":"engine","name":"handlebars","timestamp":1701105095561,"id":"hfnhz1gva5e2lvp","previousEventId":"vbrbdp9pqd792ig","operationId":"upzaqkthbvsjoju","previousOperationId":"7we624k5cuiqe0s"}
{"type":"log","timestamp":1701105095561,"level":"debug","message":"Rendering engine handlebars","meta":{"rootId":"bhdzwq20ju4mkpy","id":"bhdzwq20ju4mkpy"},"id":"bqazqifwl522ogi","previousOperationId":"upzaqkthbvsjoju"}
{"type":"operationEnd","operationId":"upzaqkthbvsjoju","timestamp":1701105095817,"id":"ulz7mt4a74wepai","previousEventId":"hfnhz1gva5e2lvp","previousOperationId":"upzaqkthbvsjoju"}
{"type":"operationStart","subtype":"recipe","name":"chrome-pdf","timestamp":1701105095817,"id":"z34m4j8fd1k93mk","previousEventId":"ulz7mt4a74wepai","operationId":"l7bcyc5g0hhwjt8","previousOperationId":"upzaqkthbvsjoju"}
{"type":"log","timestamp":1701105095817,"level":"debug","message":"Executing recipe chrome-pdf","meta":{"rootId":"bhdzwq20ju4mkpy","id":"bhdzwq20ju4mkpy"},"id":"xm9g80qxqt86j2s","previousOperationId":"l7bcyc5g0hhwjt8"}
{"type":"log","timestamp":1701105096015,"level":"debug","message":"Converting with chrome HeadlessChrome/117.0.5938.149 using chrome-pool strategy","meta":{"rootId":"bhdzwq20ju4mkpy","id":"bhdzwq20ju4mkpy"},"id":"irp3l9why9ixzev","previousOperationId":"l7bcyc5g0hhwjt8"}
{"type":"log","timestamp":1701105096062,"level":"debug","message":"Page request: GET (document) file:///var/folders/dp/qk79pfcj0y1fmtkkl08m76rc0000gn/T/jsreport/autocleanup/3dcf3c51-bf6a-4859-abe3-b6b081cc9354-chrome-pdf.html","meta":{"rootId":"bhdzwq20ju4mkpy","id":"bhdzwq20ju4mkpy"},"id":"nqn2bmap4zbc0ur","previousOperationId":"l7bcyc5g0hhwjt8"}
{"type":"log","timestamp":1701105096068,"level":"debug","message":"Page request finished: GET (document) 200 file:///var/folders/dp/qk79pfcj0y1fmtkkl08m76rc0000gn/T/jsreport/autocleanup/3dcf3c51-bf6a-4859-abe3-b6b081cc9354-chrome-pdf.html","meta":{"rootId":"bhdzwq20ju4mkpy","id":"bhdzwq20ju4mkpy"},"id":"d048dik275xlhot","previousOperationId":"l7bcyc5g0hhwjt8"}
{"type":"log","timestamp":1701105096075,"level":"debug","message":"Running chrome with params {\"printBackground\":true,\"timeout\":59726,\"margin\":{}}","meta":{"rootId":"bhdzwq20ju4mkpy","id":"bhdzwq20ju4mkpy"},"id":"f65zvawq8g99n36","previousOperationId":"l7bcyc5g0hhwjt8"}
{"type":"operationEnd","operationId":"l7bcyc5g0hhwjt8","timestamp":1701105096091,"id":"y9rfsskrx8slxxb","previousEventId":"z34m4j8fd1k93mk","previousOperationId":"l7bcyc5g0hhwjt8"}
{"type":"log","timestamp":1701105096092,"level":"debug","message":"Skipping storing report.","meta":{"rootId":"bhdzwq20ju4mkpy","id":"bhdzwq20ju4mkpy"},"id":"bbx6ejtbvcgg84m","previousOperationId":"l7bcyc5g0hhwjt8"}
{"type":"log","timestamp":1701105096092,"level":"info","message":"Rendering request 1 finished in 546 ms","meta":{"rootId":"bhdzwq20ju4mkpy","id":"bhdzwq20ju4mkpy"},"id":"l97br4evi2jj3up","previousOperationId":"l7bcyc5g0hhwjt8"}
{"type":"operationEnd","subtype":"render","operationId":"7we624k5cuiqe0s","timestamp":1701105096092,"id":"avlpfnjkqxjx3vd","previousEventId":"y9rfsskrx8slxxb","previousOperationId":"l7bcyc5g0hhwjt8"}
{"type":"operationEnd","doDiffs":false,"previousEventId":"aphfecbfy91bpaj","previousOperationId":"2s6h4pzb8zlkqom","operationId":"2s6h4pzb8zlkqom","timestamp":1701105096094,"id":"kand2q10242urjc"}
