{"type":"operationStart","subtype":"profile","data":{"_id":"Toyp6GxPNCAgUeTR","timestamp":"2023-11-27T16:59:45.399Z","state":"queued","mode":"standard","creationDate":"2023-11-27T16:59:45.400Z","modificationDate":"2023-11-27T16:59:45.400Z","shortid":"mBOzdP1","$entitySet":"profiles"},"doDiffs":false,"timestamp":1701104385400,"id":"s0wfsmrr7086hwv","previousOperationId":null,"operationId":"ymw67tx2gagczzs"}
{"type":"log","level":"info","message":"Render request 178 queued for execution and waiting for available worker","previousOperationId":"ymw67tx2gagczzs","timestamp":1701104385400,"id":"ul0b82po3mg8i0o"}
{"type":"operationStart","subtype":"render","name":"upozorenje_index","previousOperationId":"ymw67tx2gagczzs","timestamp":1701104385404,"id":"s3nwusbm3zed9xx","previousEventId":"s0wfsmrr7086hwv","operationId":"tx26yt5u0a5ubho"}
{"type":"log","timestamp":1701104385404,"level":"info","message":"Starting rendering request 178","meta":{"rootId":"g5st3478zgz3pee","id":"g5st3478zgz3pee"},"id":"gcv4dmpdken41rm","previousOperationId":"tx26yt5u0a5ubho"}
{"type":"log","timestamp":1701104385404,"level":"info","message":"Rendering template { name: upozorenje_index, recipe: chrome-pdf, engine: handlebars, preview: true }","meta":{"rootId":"g5st3478zgz3pee","id":"g5st3478zgz3pee"},"id":"0sdaigiza2k3rys","previousOperationId":"tx26yt5u0a5ubho"}
{"type":"log","timestamp":1701104385404,"level":"debug","message":"Inline data specified.","meta":{"rootId":"g5st3478zgz3pee","id":"g5st3478zgz3pee"},"id":"xbgo4zw6k82yttt","previousOperationId":"tx26yt5u0a5ubho"}
{"type":"log","timestamp":1701104385404,"level":"debug","message":"Base url not specified, skipping its injection.","meta":{"rootId":"g5st3478zgz3pee","id":"g5st3478zgz3pee"},"id":"0sr294upmggnhmg","previousOperationId":"tx26yt5u0a5ubho"}
{"type":"operationStart","subtype":"engine","name":"handlebars","timestamp":1701104385405,"id":"dvj3dic97wescbs","previousEventId":"s3nwusbm3zed9xx","operationId":"ymb9ggumb0dy4fr","previousOperationId":"tx26yt5u0a5ubho"}
{"type":"log","timestamp":1701104385405,"level":"debug","message":"Rendering engine handlebars","meta":{"rootId":"g5st3478zgz3pee","id":"g5st3478zgz3pee"},"id":"jgxwcnrxcfl29aj","previousOperationId":"ymb9ggumb0dy4fr"}
{"type":"operationEnd","operationId":"ymb9ggumb0dy4fr","timestamp":1701104385411,"id":"7bipzrk6ayvqgs4","previousEventId":"dvj3dic97wescbs","previousOperationId":"ymb9ggumb0dy4fr"}
{"type":"operationStart","subtype":"recipe","name":"chrome-pdf","timestamp":1701104385412,"id":"zhzl68xn1tfzter","previousEventId":"7bipzrk6ayvqgs4","operationId":"744mwoohpz0mfbi","previousOperationId":"ymb9ggumb0dy4fr"}
{"type":"log","timestamp":1701104385412,"level":"debug","message":"Executing recipe chrome-pdf","meta":{"rootId":"g5st3478zgz3pee","id":"g5st3478zgz3pee"},"id":"75ytd04my6nd948","previousOperationId":"744mwoohpz0mfbi"}
{"type":"log","timestamp":1701104385413,"level":"debug","message":"Converting with chrome HeadlessChrome/117.0.5938.149 using chrome-pool strategy","meta":{"rootId":"g5st3478zgz3pee","id":"g5st3478zgz3pee"},"id":"w35lzuwk13wuhss","previousOperationId":"744mwoohpz0mfbi"}
{"type":"log","timestamp":1701104385457,"level":"debug","message":"Page request: GET (document) file:///var/folders/dp/qk79pfcj0y1fmtkkl08m76rc0000gn/T/jsreport/autocleanup/7a6548e7-2d25-414f-aff7-771686a32fc4-chrome-pdf.html","meta":{"rootId":"g5st3478zgz3pee","id":"g5st3478zgz3pee"},"id":"t9zsmcctjn018lu","previousOperationId":"744mwoohpz0mfbi"}
{"type":"log","timestamp":1701104385462,"level":"debug","message":"Page request finished: GET (document) 200 file:///var/folders/dp/qk79pfcj0y1fmtkkl08m76rc0000gn/T/jsreport/autocleanup/7a6548e7-2d25-414f-aff7-771686a32fc4-chrome-pdf.html","meta":{"rootId":"g5st3478zgz3pee","id":"g5st3478zgz3pee"},"id":"q8hpu57cpxvq35h","previousOperationId":"744mwoohpz0mfbi"}
{"type":"log","timestamp":1701104385474,"level":"debug","message":"Running chrome with params {\"printBackground\":true,\"timeout\":59987,\"margin\":{}}","meta":{"rootId":"g5st3478zgz3pee","id":"g5st3478zgz3pee"},"id":"h1zkh1ygmk45jgf","previousOperationId":"744mwoohpz0mfbi"}
{"type":"operationEnd","operationId":"744mwoohpz0mfbi","timestamp":1701104385489,"id":"9lztf9ai2zhonyy","previousEventId":"zhzl68xn1tfzter","previousOperationId":"744mwoohpz0mfbi"}
{"type":"log","timestamp":1701104385489,"level":"debug","message":"Skipping storing report.","meta":{"rootId":"g5st3478zgz3pee","id":"g5st3478zgz3pee"},"id":"9963hu8z2f3907j","previousOperationId":"744mwoohpz0mfbi"}
{"type":"log","timestamp":1701104385489,"level":"info","message":"Rendering request 178 finished in 90 ms","meta":{"rootId":"g5st3478zgz3pee","id":"g5st3478zgz3pee"},"id":"4fcxh5li2vidp3k","previousOperationId":"744mwoohpz0mfbi"}
{"type":"operationEnd","subtype":"render","operationId":"tx26yt5u0a5ubho","timestamp":1701104385489,"id":"0zfid368zevshoc","previousEventId":"9lztf9ai2zhonyy","previousOperationId":"744mwoohpz0mfbi"}
{"type":"operationEnd","doDiffs":false,"previousEventId":"s0wfsmrr7086hwv","previousOperationId":"ymw67tx2gagczzs","operationId":"ymw67tx2gagczzs","timestamp":1701104385491,"id":"dkuvmehg0bv637q"}
