{"type":"operationStart","subtype":"profile","data":{"_id":"QxqFclcF2AZyUQ8L","timestamp":"2023-11-28T12:22:23.500Z","state":"queued","mode":"standard","creationDate":"2023-11-28T12:22:23.503Z","modificationDate":"2023-11-28T12:22:23.503Z","shortid":"sJpvWrf","$entitySet":"profiles"},"doDiffs":false,"timestamp":1701174143501,"id":"v2oftxwhwpjj57d","previousOperationId":null,"operationId":"z3nqw0b7n22jpzf"}
{"type":"log","level":"info","message":"Render request 29 queued for execution and waiting for available worker","previousOperationId":"z3nqw0b7n22jpzf","timestamp":1701174143502,"id":"rn59uqzxz3bollp"}
{"type":"operationStart","subtype":"render","name":"upozorenje_index","previousOperationId":"z3nqw0b7n22jpzf","timestamp":1701174143513,"id":"skg1uuxbip1glc3","previousEventId":"v2oftxwhwpjj57d","operationId":"4dimxejvl7n2h57"}
{"type":"log","timestamp":1701174143514,"level":"info","message":"Starting rendering request 29","meta":{"rootId":"qtn4nbm2ce7bn0f","id":"qtn4nbm2ce7bn0f"},"id":"1tudiv8zs4gnlep","previousOperationId":"4dimxejvl7n2h57"}
{"type":"log","timestamp":1701174143514,"level":"info","message":"Rendering template { name: upozorenje_index, recipe: chrome-pdf, engine: handlebars, preview: true }","meta":{"rootId":"qtn4nbm2ce7bn0f","id":"qtn4nbm2ce7bn0f"},"id":"hu2ofe6p5d3438l","previousOperationId":"4dimxejvl7n2h57"}
{"type":"log","timestamp":1701174143515,"level":"debug","message":"Adding sample data c-gy_EwET","meta":{"rootId":"qtn4nbm2ce7bn0f","id":"qtn4nbm2ce7bn0f"},"id":"7cm5krpafva2kgk","previousOperationId":"4dimxejvl7n2h57"}
{"type":"log","timestamp":1701174143520,"level":"debug","message":"Base url not specified, skipping its injection.","meta":{"rootId":"qtn4nbm2ce7bn0f","id":"qtn4nbm2ce7bn0f"},"id":"92qgcwruet8gw3v","previousOperationId":"4dimxejvl7n2h57"}
{"type":"operationStart","subtype":"engine","name":"handlebars","timestamp":1701174143520,"id":"bnviowigwg1qce7","previousEventId":"skg1uuxbip1glc3","operationId":"27eahvbe7zdf7zy","previousOperationId":"4dimxejvl7n2h57"}
{"type":"log","timestamp":1701174143520,"level":"debug","message":"Rendering engine handlebars","meta":{"rootId":"qtn4nbm2ce7bn0f","id":"qtn4nbm2ce7bn0f"},"id":"x992bkujhmdxtcy","previousOperationId":"27eahvbe7zdf7zy"}
{"type":"operationEnd","operationId":"27eahvbe7zdf7zy","timestamp":1701174143531,"id":"tynwwhckqb9fzpf","previousEventId":"bnviowigwg1qce7","previousOperationId":"27eahvbe7zdf7zy"}
{"type":"operationStart","subtype":"recipe","name":"chrome-pdf","timestamp":1701174143532,"id":"b6dnmf00sow7hek","previousEventId":"tynwwhckqb9fzpf","operationId":"t751itzp1yx962p","previousOperationId":"27eahvbe7zdf7zy"}
{"type":"log","timestamp":1701174143532,"level":"debug","message":"Executing recipe chrome-pdf","meta":{"rootId":"qtn4nbm2ce7bn0f","id":"qtn4nbm2ce7bn0f"},"id":"xv9xa8bbpizdjl4","previousOperationId":"t751itzp1yx962p"}
{"type":"log","timestamp":1701174143533,"level":"debug","message":"Converting with chrome HeadlessChrome/117.0.5938.149 using chrome-pool strategy","meta":{"rootId":"qtn4nbm2ce7bn0f","id":"qtn4nbm2ce7bn0f"},"id":"1tx8h215feqmniq","previousOperationId":"t751itzp1yx962p"}
{"type":"log","timestamp":1701174143585,"level":"debug","message":"Page request: GET (document) file:///var/folders/dp/qk79pfcj0y1fmtkkl08m76rc0000gn/T/jsreport/autocleanup/8d2884d3-e48b-46bf-973f-623b49ba29a9-chrome-pdf.html","meta":{"rootId":"qtn4nbm2ce7bn0f","id":"qtn4nbm2ce7bn0f"},"id":"ydvmtpm1bsgi6b1","previousOperationId":"t751itzp1yx962p"}
{"type":"log","timestamp":1701174143593,"level":"debug","message":"Page request finished: GET (document) 200 file:///var/folders/dp/qk79pfcj0y1fmtkkl08m76rc0000gn/T/jsreport/autocleanup/8d2884d3-e48b-46bf-973f-623b49ba29a9-chrome-pdf.html","meta":{"rootId":"qtn4nbm2ce7bn0f","id":"qtn4nbm2ce7bn0f"},"id":"y25dyo40rex661t","previousOperationId":"t751itzp1yx962p"}
{"type":"log","timestamp":1701174143601,"level":"debug","message":"Running chrome with params {\"printBackground\":true,\"timeout\":59968,\"margin\":{}}","meta":{"rootId":"qtn4nbm2ce7bn0f","id":"qtn4nbm2ce7bn0f"},"id":"hqr1c51uiyt75m6","previousOperationId":"t751itzp1yx962p"}
{"type":"operationEnd","operationId":"t751itzp1yx962p","timestamp":1701174143616,"id":"dz4bxsnpb30g8bs","previousEventId":"b6dnmf00sow7hek","previousOperationId":"t751itzp1yx962p"}
{"type":"log","timestamp":1701174143616,"level":"debug","message":"Skipping storing report.","meta":{"rootId":"qtn4nbm2ce7bn0f","id":"qtn4nbm2ce7bn0f"},"id":"nhhr5q2kkziwyai","previousOperationId":"t751itzp1yx962p"}
{"type":"log","timestamp":1701174143616,"level":"info","message":"Rendering request 29 finished in 116 ms","meta":{"rootId":"qtn4nbm2ce7bn0f","id":"qtn4nbm2ce7bn0f"},"id":"638g24203heashl","previousOperationId":"t751itzp1yx962p"}
{"type":"operationEnd","subtype":"render","operationId":"4dimxejvl7n2h57","timestamp":1701174143616,"id":"x2yc8yuexqi4eo8","previousEventId":"dz4bxsnpb30g8bs","previousOperationId":"t751itzp1yx962p"}
{"type":"operationEnd","doDiffs":false,"previousEventId":"v2oftxwhwpjj57d","previousOperationId":"z3nqw0b7n22jpzf","operationId":"z3nqw0b7n22jpzf","timestamp":1701174143617,"id":"7lplv4za23a38oz"}
