{"type":"operationStart","subtype":"profile","data":{"_id":"8e30jW2yyvogtJS7","timestamp":"2023-11-27T17:02:35.801Z","state":"queued","mode":"standard","creationDate":"2023-11-27T17:02:35.802Z","modificationDate":"2023-11-27T17:02:35.802Z","shortid":"6gbDo5K","$entitySet":"profiles"},"doDiffs":false,"timestamp":1701104555801,"id":"6k0vauwsexu2mhk","previousOperationId":null,"operationId":"b52n6l7jn44gl0v"}
{"type":"log","level":"info","message":"Render request 182 queued for execution and waiting for available worker","previousOperationId":"b52n6l7jn44gl0v","timestamp":1701104555801,"id":"o4uouby46daki82"}
{"type":"operationStart","subtype":"render","name":"upozorenje_index","previousOperationId":"b52n6l7jn44gl0v","timestamp":1701104555805,"id":"52xv6pyr6nygywv","previousEventId":"6k0vauwsexu2mhk","operationId":"bmmsfkbzxtwt2kf"}
{"type":"log","timestamp":1701104555805,"level":"info","message":"Starting rendering request 182","meta":{"rootId":"srwltfhuhzrtvtd","id":"srwltfhuhzrtvtd"},"id":"tp0eqnux5j4b3gi","previousOperationId":"bmmsfkbzxtwt2kf"}
{"type":"log","timestamp":1701104555805,"level":"info","message":"Rendering template { name: upozorenje_index, recipe: chrome-pdf, engine: handlebars, preview: true }","meta":{"rootId":"srwltfhuhzrtvtd","id":"srwltfhuhzrtvtd"},"id":"1bi1xoutw2fwh72","previousOperationId":"bmmsfkbzxtwt2kf"}
{"type":"log","timestamp":1701104555806,"level":"debug","message":"Inline data specified.","meta":{"rootId":"srwltfhuhzrtvtd","id":"srwltfhuhzrtvtd"},"id":"wx10t529gr49erp","previousOperationId":"bmmsfkbzxtwt2kf"}
{"type":"log","timestamp":1701104555806,"level":"debug","message":"Base url not specified, skipping its injection.","meta":{"rootId":"srwltfhuhzrtvtd","id":"srwltfhuhzrtvtd"},"id":"upxncba3mj4auge","previousOperationId":"bmmsfkbzxtwt2kf"}
{"type":"operationStart","subtype":"engine","name":"handlebars","timestamp":1701104555806,"id":"fz8riylnvdffeuy","previousEventId":"52xv6pyr6nygywv","operationId":"h4dgez4g80758mc","previousOperationId":"bmmsfkbzxtwt2kf"}
{"type":"log","timestamp":1701104555806,"level":"debug","message":"Rendering engine handlebars","meta":{"rootId":"srwltfhuhzrtvtd","id":"srwltfhuhzrtvtd"},"id":"zexzogepswt8elv","previousOperationId":"h4dgez4g80758mc"}
{"type":"operationEnd","operationId":"h4dgez4g80758mc","timestamp":1701104555815,"id":"adpjvlowpyeemrc","previousEventId":"fz8riylnvdffeuy","previousOperationId":"h4dgez4g80758mc"}
{"type":"operationStart","subtype":"recipe","name":"chrome-pdf","timestamp":1701104555815,"id":"ziqakp6vn5je2s8","previousEventId":"adpjvlowpyeemrc","operationId":"cepp6ys95adnuj8","previousOperationId":"h4dgez4g80758mc"}
{"type":"log","timestamp":1701104555815,"level":"debug","message":"Executing recipe chrome-pdf","meta":{"rootId":"srwltfhuhzrtvtd","id":"srwltfhuhzrtvtd"},"id":"afhlqbcdtyz82rq","previousOperationId":"cepp6ys95adnuj8"}
{"type":"log","timestamp":1701104555816,"level":"debug","message":"Converting with chrome HeadlessChrome/117.0.5938.149 using chrome-pool strategy","meta":{"rootId":"srwltfhuhzrtvtd","id":"srwltfhuhzrtvtd"},"id":"iwt2rf2kgb7ofjn","previousOperationId":"cepp6ys95adnuj8"}
{"type":"log","timestamp":1701104555857,"level":"debug","message":"Page request: GET (document) file:///var/folders/dp/qk79pfcj0y1fmtkkl08m76rc0000gn/T/jsreport/autocleanup/6f72f2c6-6556-4c3b-b219-73f552bc4bac-chrome-pdf.html","meta":{"rootId":"srwltfhuhzrtvtd","id":"srwltfhuhzrtvtd"},"id":"g4rr5mbdchwrcip","previousOperationId":"cepp6ys95adnuj8"}
{"type":"log","timestamp":1701104555863,"level":"debug","message":"Page request finished: GET (document) 200 file:///var/folders/dp/qk79pfcj0y1fmtkkl08m76rc0000gn/T/jsreport/autocleanup/6f72f2c6-6556-4c3b-b219-73f552bc4bac-chrome-pdf.html","meta":{"rootId":"srwltfhuhzrtvtd","id":"srwltfhuhzrtvtd"},"id":"bxwy5i5rvatwe8s","previousOperationId":"cepp6ys95adnuj8"}
{"type":"log","timestamp":1701104555868,"level":"debug","message":"Running chrome with params {\"printBackground\":true,\"timeout\":59985,\"margin\":{}}","meta":{"rootId":"srwltfhuhzrtvtd","id":"srwltfhuhzrtvtd"},"id":"85yj0lhkn6ssjfo","previousOperationId":"cepp6ys95adnuj8"}
{"type":"operationEnd","operationId":"cepp6ys95adnuj8","timestamp":1701104555883,"id":"cjs90j1roq7its8","previousEventId":"ziqakp6vn5je2s8","previousOperationId":"cepp6ys95adnuj8"}
{"type":"log","timestamp":1701104555883,"level":"debug","message":"Skipping storing report.","meta":{"rootId":"srwltfhuhzrtvtd","id":"srwltfhuhzrtvtd"},"id":"7p6g2vykqs07ogg","previousOperationId":"cepp6ys95adnuj8"}
{"type":"log","timestamp":1701104555883,"level":"info","message":"Rendering request 182 finished in 82 ms","meta":{"rootId":"srwltfhuhzrtvtd","id":"srwltfhuhzrtvtd"},"id":"r7fofglolgwyg1w","previousOperationId":"cepp6ys95adnuj8"}
{"type":"operationEnd","subtype":"render","operationId":"bmmsfkbzxtwt2kf","timestamp":1701104555883,"id":"3trb7onceii3hc3","previousEventId":"cjs90j1roq7its8","previousOperationId":"cepp6ys95adnuj8"}
{"type":"operationEnd","doDiffs":false,"previousEventId":"6k0vauwsexu2mhk","previousOperationId":"b52n6l7jn44gl0v","operationId":"b52n6l7jn44gl0v","timestamp":1701104555884,"id":"jbmrnunmorsh3vd"}
