{"type":"operationStart","subtype":"profile","data":{"_id":"pVxDNnKkqBWeopnn","timestamp":"2023-11-27T16:53:39.472Z","state":"queued","mode":"standard","creationDate":"2023-11-27T16:53:39.473Z","modificationDate":"2023-11-27T16:53:39.473Z","shortid":"t-vKXrR","$entitySet":"profiles"},"doDiffs":false,"timestamp":1701104019472,"id":"7di20twhz8cbjhy","previousOperationId":null,"operationId":"p1l3fc3azmn0n1w"}
{"type":"log","level":"info","message":"Render request 172 queued for execution and waiting for available worker","previousOperationId":"p1l3fc3azmn0n1w","timestamp":1701104019472,"id":"0o829p2jdi3tuza"}
{"type":"operationStart","subtype":"render","name":"upozorenje_index","previousOperationId":"p1l3fc3azmn0n1w","timestamp":1701104019481,"id":"i4kvrad12o768k9","previousEventId":"7di20twhz8cbjhy","operationId":"skta81jbu9d8nvm"}
{"type":"log","timestamp":1701104019481,"level":"info","message":"Starting rendering request 172","meta":{"rootId":"t9e9y5n0gqy3sgg","id":"t9e9y5n0gqy3sgg"},"id":"1jl8lwag1zfcgcq","previousOperationId":"skta81jbu9d8nvm"}
{"type":"log","timestamp":1701104019482,"level":"info","message":"Rendering template { name: upozorenje_index, recipe: chrome-pdf, engine: handlebars, preview: true }","meta":{"rootId":"t9e9y5n0gqy3sgg","id":"t9e9y5n0gqy3sgg"},"id":"94worhzg9g1jgp1","previousOperationId":"skta81jbu9d8nvm"}
{"type":"log","timestamp":1701104019483,"level":"debug","message":"Data item not defined for this template.","meta":{"rootId":"t9e9y5n0gqy3sgg","id":"t9e9y5n0gqy3sgg"},"id":"ho0a90r3efcpwb2","previousOperationId":"skta81jbu9d8nvm"}
{"type":"log","timestamp":1701104019484,"level":"debug","message":"Base url not specified, skipping its injection.","meta":{"rootId":"t9e9y5n0gqy3sgg","id":"t9e9y5n0gqy3sgg"},"id":"itdgcgraed2o3ge","previousOperationId":"skta81jbu9d8nvm"}
{"type":"operationStart","subtype":"engine","name":"handlebars","timestamp":1701104019484,"id":"m70e74unc49xv1o","previousEventId":"i4kvrad12o768k9","operationId":"c2gc0wikwnorjos","previousOperationId":"skta81jbu9d8nvm"}
{"type":"log","timestamp":1701104019484,"level":"debug","message":"Rendering engine handlebars","meta":{"rootId":"t9e9y5n0gqy3sgg","id":"t9e9y5n0gqy3sgg"},"id":"n60zhpmb53zkoga","previousOperationId":"c2gc0wikwnorjos"}
{"type":"operationEnd","operationId":"c2gc0wikwnorjos","timestamp":1701104019498,"id":"a83781l8hxr7w8m","previousEventId":"m70e74unc49xv1o","previousOperationId":"c2gc0wikwnorjos"}
{"type":"operationStart","subtype":"recipe","name":"chrome-pdf","timestamp":1701104019498,"id":"yc4b4hkc7tqrnza","previousEventId":"a83781l8hxr7w8m","operationId":"p1iz87mnd05nrfy","previousOperationId":"c2gc0wikwnorjos"}
{"type":"log","timestamp":1701104019498,"level":"debug","message":"Executing recipe chrome-pdf","meta":{"rootId":"t9e9y5n0gqy3sgg","id":"t9e9y5n0gqy3sgg"},"id":"zimxpfqokfvdtik","previousOperationId":"p1iz87mnd05nrfy"}
{"type":"log","timestamp":1701104019501,"level":"debug","message":"Converting with chrome HeadlessChrome/117.0.5938.149 using chrome-pool strategy","meta":{"rootId":"t9e9y5n0gqy3sgg","id":"t9e9y5n0gqy3sgg"},"id":"d0uawphwim8rkzs","previousOperationId":"p1iz87mnd05nrfy"}
{"type":"log","timestamp":1701104019559,"level":"debug","message":"Page request: GET (document) file:///var/folders/dp/qk79pfcj0y1fmtkkl08m76rc0000gn/T/jsreport/autocleanup/9a7433cc-2132-4043-b224-ed93ae4545ef-chrome-pdf.html","meta":{"rootId":"t9e9y5n0gqy3sgg","id":"t9e9y5n0gqy3sgg"},"id":"uqqb59l4zivyc5y","previousOperationId":"p1iz87mnd05nrfy"}
{"type":"log","timestamp":1701104019564,"level":"debug","message":"Page request finished: GET (document) 200 file:///var/folders/dp/qk79pfcj0y1fmtkkl08m76rc0000gn/T/jsreport/autocleanup/9a7433cc-2132-4043-b224-ed93ae4545ef-chrome-pdf.html","meta":{"rootId":"t9e9y5n0gqy3sgg","id":"t9e9y5n0gqy3sgg"},"id":"5d8ht4jjuz6gf7f","previousOperationId":"p1iz87mnd05nrfy"}
{"type":"log","timestamp":1701104019576,"level":"debug","message":"Running chrome with params {\"printBackground\":true,\"timeout\":59972,\"margin\":{}}","meta":{"rootId":"t9e9y5n0gqy3sgg","id":"t9e9y5n0gqy3sgg"},"id":"sugf72c6xzu8o8t","previousOperationId":"p1iz87mnd05nrfy"}
{"type":"operationEnd","operationId":"p1iz87mnd05nrfy","timestamp":1701104019593,"id":"693jx4whjjwhc8r","previousEventId":"yc4b4hkc7tqrnza","previousOperationId":"p1iz87mnd05nrfy"}
{"type":"log","timestamp":1701104019593,"level":"debug","message":"Skipping storing report.","meta":{"rootId":"t9e9y5n0gqy3sgg","id":"t9e9y5n0gqy3sgg"},"id":"mn54fel7rvdzgx4","previousOperationId":"p1iz87mnd05nrfy"}
{"type":"log","timestamp":1701104019594,"level":"info","message":"Rendering request 172 finished in 122 ms","meta":{"rootId":"t9e9y5n0gqy3sgg","id":"t9e9y5n0gqy3sgg"},"id":"fs5bwco2sz8iawh","previousOperationId":"p1iz87mnd05nrfy"}
{"type":"operationEnd","subtype":"render","operationId":"skta81jbu9d8nvm","timestamp":1701104019594,"id":"j8rainnsf3gbnt9","previousEventId":"693jx4whjjwhc8r","previousOperationId":"p1iz87mnd05nrfy"}
{"type":"operationEnd","doDiffs":false,"previousEventId":"7di20twhz8cbjhy","previousOperationId":"p1l3fc3azmn0n1w","operationId":"p1l3fc3azmn0n1w","timestamp":1701104019595,"id":"p8m06cue6juvj1h"}
