{"type":"operationStart","subtype":"profile","data":{"_id":"Yn1dA55ro6u41hNL","timestamp":"2023-11-27T16:59:23.407Z","state":"queued","mode":"standard","creationDate":"2023-11-27T16:59:23.407Z","modificationDate":"2023-11-27T16:59:23.407Z","shortid":"FXR6TLs","$entitySet":"profiles"},"doDiffs":false,"timestamp":1701104363407,"id":"y1y2bafdc25qjgo","previousOperationId":null,"operationId":"kijk9ed71ofaco7"}
{"type":"log","level":"info","message":"Render request 177 queued for execution and waiting for available worker","previousOperationId":"kijk9ed71ofaco7","timestamp":1701104363407,"id":"9czvjm4qm9sh4st"}
{"type":"operationStart","subtype":"render","name":"upozorenje_index","previousOperationId":"kijk9ed71ofaco7","timestamp":1701104363411,"id":"sgt3to3u0iouue4","previousEventId":"y1y2bafdc25qjgo","operationId":"jpfbr6h047w0p22"}
{"type":"log","timestamp":1701104363411,"level":"info","message":"Starting rendering request 177","meta":{"rootId":"xuk80tkk727zl0j","id":"xuk80tkk727zl0j"},"id":"bi2mutsjl84xo45","previousOperationId":"jpfbr6h047w0p22"}
{"type":"log","timestamp":1701104363411,"level":"info","message":"Rendering template { name: upozorenje_index, recipe: chrome-pdf, engine: handlebars, preview: true }","meta":{"rootId":"xuk80tkk727zl0j","id":"xuk80tkk727zl0j"},"id":"qh5whrownym9mnb","previousOperationId":"jpfbr6h047w0p22"}
{"type":"log","timestamp":1701104363411,"level":"debug","message":"Inline data specified.","meta":{"rootId":"xuk80tkk727zl0j","id":"xuk80tkk727zl0j"},"id":"230tesguni1jrls","previousOperationId":"jpfbr6h047w0p22"}
{"type":"log","timestamp":1701104363412,"level":"debug","message":"Base url not specified, skipping its injection.","meta":{"rootId":"xuk80tkk727zl0j","id":"xuk80tkk727zl0j"},"id":"sxv861wf7rdwumr","previousOperationId":"jpfbr6h047w0p22"}
{"type":"operationStart","subtype":"engine","name":"handlebars","timestamp":1701104363412,"id":"4sl8jh1y8libvs0","previousEventId":"sgt3to3u0iouue4","operationId":"ku2zim9uu9uhlrr","previousOperationId":"jpfbr6h047w0p22"}
{"type":"log","timestamp":1701104363412,"level":"debug","message":"Rendering engine handlebars","meta":{"rootId":"xuk80tkk727zl0j","id":"xuk80tkk727zl0j"},"id":"zgrmexylq77ym69","previousOperationId":"ku2zim9uu9uhlrr"}
{"type":"operationEnd","operationId":"ku2zim9uu9uhlrr","timestamp":1701104363419,"id":"zjvs1yp4jwq3ayc","previousEventId":"4sl8jh1y8libvs0","previousOperationId":"ku2zim9uu9uhlrr"}
{"type":"operationStart","subtype":"recipe","name":"chrome-pdf","timestamp":1701104363419,"id":"hapcbmy26p3tujj","previousEventId":"zjvs1yp4jwq3ayc","operationId":"z9202b1dbqci19l","previousOperationId":"ku2zim9uu9uhlrr"}
{"type":"log","timestamp":1701104363419,"level":"debug","message":"Executing recipe chrome-pdf","meta":{"rootId":"xuk80tkk727zl0j","id":"xuk80tkk727zl0j"},"id":"h2pypbezh1xcefe","previousOperationId":"z9202b1dbqci19l"}
{"type":"log","timestamp":1701104363420,"level":"debug","message":"Converting with chrome HeadlessChrome/117.0.5938.149 using chrome-pool strategy","meta":{"rootId":"xuk80tkk727zl0j","id":"xuk80tkk727zl0j"},"id":"nr2m5zi3ozofyzg","previousOperationId":"z9202b1dbqci19l"}
{"type":"log","timestamp":1701104363474,"level":"debug","message":"Page request: GET (document) file:///var/folders/dp/qk79pfcj0y1fmtkkl08m76rc0000gn/T/jsreport/autocleanup/c4d9372f-40e1-4a93-9feb-c648e553c99d-chrome-pdf.html","meta":{"rootId":"xuk80tkk727zl0j","id":"xuk80tkk727zl0j"},"id":"8d1m8br6bnon8pm","previousOperationId":"z9202b1dbqci19l"}
{"type":"log","timestamp":1701104363480,"level":"debug","message":"Page request finished: GET (document) 200 file:///var/folders/dp/qk79pfcj0y1fmtkkl08m76rc0000gn/T/jsreport/autocleanup/c4d9372f-40e1-4a93-9feb-c648e553c99d-chrome-pdf.html","meta":{"rootId":"xuk80tkk727zl0j","id":"xuk80tkk727zl0j"},"id":"3nqrcpqqol1r490","previousOperationId":"z9202b1dbqci19l"}
{"type":"log","timestamp":1701104363486,"level":"debug","message":"Running chrome with params {\"printBackground\":true,\"timeout\":59987,\"margin\":{}}","meta":{"rootId":"xuk80tkk727zl0j","id":"xuk80tkk727zl0j"},"id":"8l2baykbkq0k2b6","previousOperationId":"z9202b1dbqci19l"}
{"type":"operationEnd","operationId":"z9202b1dbqci19l","timestamp":1701104363505,"id":"818yq8klvu5vd60","previousEventId":"hapcbmy26p3tujj","previousOperationId":"z9202b1dbqci19l"}
{"type":"log","timestamp":1701104363505,"level":"debug","message":"Skipping storing report.","meta":{"rootId":"xuk80tkk727zl0j","id":"xuk80tkk727zl0j"},"id":"8pf1xpjldybuy12","previousOperationId":"z9202b1dbqci19l"}
{"type":"log","timestamp":1701104363505,"level":"info","message":"Rendering request 177 finished in 98 ms","meta":{"rootId":"xuk80tkk727zl0j","id":"xuk80tkk727zl0j"},"id":"ywy8g0bzs4d3not","previousOperationId":"z9202b1dbqci19l"}
{"type":"operationEnd","subtype":"render","operationId":"jpfbr6h047w0p22","timestamp":1701104363505,"id":"iplt58z927ukrrg","previousEventId":"818yq8klvu5vd60","previousOperationId":"z9202b1dbqci19l"}
{"type":"operationEnd","doDiffs":false,"previousEventId":"y1y2bafdc25qjgo","previousOperationId":"kijk9ed71ofaco7","operationId":"kijk9ed71ofaco7","timestamp":1701104363506,"id":"ialc0qqokeaahaa"}
