{"type":"operationStart","subtype":"profile","data":{"_id":"kgrwz55QaT9XY1zP","timestamp":"2023-11-28T11:05:02.210Z","state":"queued","mode":"standard","creationDate":"2023-11-28T11:05:02.213Z","modificationDate":"2023-11-28T11:05:02.213Z","shortid":"BCTuMxc","$entitySet":"profiles"},"doDiffs":false,"timestamp":1701169502212,"id":"zmehneb6h1rsbcm","previousOperationId":null,"operationId":"lclavjq1j57262h"}
{"type":"log","level":"info","message":"Render request 2 queued for execution and waiting for available worker","previousOperationId":"lclavjq1j57262h","timestamp":1701169502212,"id":"fgg56zo62wae7ql"}
{"type":"operationStart","subtype":"render","name":"pns_index","previousOperationId":"lclavjq1j57262h","timestamp":1701169502232,"id":"xyrsajobuoa9ips","previousEventId":"zmehneb6h1rsbcm","operationId":"sedbgs2vpi4nf6h"}
{"type":"log","timestamp":1701169502232,"level":"info","message":"Starting rendering request 2","meta":{"rootId":"036lapb8av4kndd","id":"036lapb8av4kndd"},"id":"q8bw8q9canrxj3u","previousOperationId":"sedbgs2vpi4nf6h"}
{"type":"log","timestamp":1701169502233,"level":"info","message":"Rendering template { name: pns_index, recipe: chrome-pdf, engine: handlebars, preview: true }","meta":{"rootId":"036lapb8av4kndd","id":"036lapb8av4kndd"},"id":"jov0d08z1o4kybp","previousOperationId":"sedbgs2vpi4nf6h"}
{"type":"log","timestamp":1701169502234,"level":"debug","message":"Inline data specified.","meta":{"rootId":"036lapb8av4kndd","id":"036lapb8av4kndd"},"id":"6g3ts46n2tdqu84","previousOperationId":"sedbgs2vpi4nf6h"}
{"type":"log","timestamp":1701169502235,"level":"debug","message":"Base url not specified, skipping its injection.","meta":{"rootId":"036lapb8av4kndd","id":"036lapb8av4kndd"},"id":"y9sncrsvlvmhilx","previousOperationId":"sedbgs2vpi4nf6h"}
{"type":"operationStart","subtype":"engine","name":"handlebars","timestamp":1701169502236,"id":"sxlgbwew5zd81ii","previousEventId":"xyrsajobuoa9ips","operationId":"0pgjlagpozk08fa","previousOperationId":"sedbgs2vpi4nf6h"}
{"type":"log","timestamp":1701169502236,"level":"debug","message":"Rendering engine handlebars","meta":{"rootId":"036lapb8av4kndd","id":"036lapb8av4kndd"},"id":"two9j6nmizjkqda","previousOperationId":"0pgjlagpozk08fa"}
{"type":"operationEnd","operationId":"0pgjlagpozk08fa","timestamp":1701169502492,"id":"7x9ovzahrf7qncq","previousEventId":"sxlgbwew5zd81ii","previousOperationId":"0pgjlagpozk08fa"}
{"type":"operationStart","subtype":"recipe","name":"chrome-pdf","timestamp":1701169502492,"id":"wrmwc0hvz0xklia","previousEventId":"7x9ovzahrf7qncq","operationId":"1irwsa9qt5m3qmj","previousOperationId":"0pgjlagpozk08fa"}
{"type":"log","timestamp":1701169502492,"level":"debug","message":"Executing recipe chrome-pdf","meta":{"rootId":"036lapb8av4kndd","id":"036lapb8av4kndd"},"id":"jge5ae38ey9kdst","previousOperationId":"1irwsa9qt5m3qmj"}
{"type":"log","timestamp":1701169502680,"level":"debug","message":"Converting with chrome HeadlessChrome/117.0.5938.149 using chrome-pool strategy","meta":{"rootId":"036lapb8av4kndd","id":"036lapb8av4kndd"},"id":"gmjlmahcmrjkos7","previousOperationId":"1irwsa9qt5m3qmj"}
{"type":"log","timestamp":1701169502722,"level":"debug","message":"Page request: GET (document) file:///var/folders/dp/qk79pfcj0y1fmtkkl08m76rc0000gn/T/jsreport/autocleanup/e919529f-201d-4f16-905d-e3a565f16bf2-chrome-pdf.html","meta":{"rootId":"036lapb8av4kndd","id":"036lapb8av4kndd"},"id":"n9p7h4ya72yidbl","previousOperationId":"1irwsa9qt5m3qmj"}
{"type":"log","timestamp":1701169502727,"level":"debug","message":"Page request finished: GET (document) 200 file:///var/folders/dp/qk79pfcj0y1fmtkkl08m76rc0000gn/T/jsreport/autocleanup/e919529f-201d-4f16-905d-e3a565f16bf2-chrome-pdf.html","meta":{"rootId":"036lapb8av4kndd","id":"036lapb8av4kndd"},"id":"0r8fnt3j36pafgz","previousOperationId":"1irwsa9qt5m3qmj"}
{"type":"log","timestamp":1701169502732,"level":"debug","message":"Running chrome with params {\"printBackground\":true,\"width\":\"8cm\",\"timeout\":59714,\"margin\":{}}","meta":{"rootId":"036lapb8av4kndd","id":"036lapb8av4kndd"},"id":"oi6wsw0wmhu295c","previousOperationId":"1irwsa9qt5m3qmj"}
{"type":"operationEnd","operationId":"1irwsa9qt5m3qmj","timestamp":1701169502755,"id":"p6nmpz1n8q4q21b","previousEventId":"wrmwc0hvz0xklia","previousOperationId":"1irwsa9qt5m3qmj"}
{"type":"log","timestamp":1701169502755,"level":"debug","message":"Skipping storing report.","meta":{"rootId":"036lapb8av4kndd","id":"036lapb8av4kndd"},"id":"iej7odglwbouw2k","previousOperationId":"1irwsa9qt5m3qmj"}
{"type":"log","timestamp":1701169502755,"level":"info","message":"Rendering request 2 finished in 546 ms","meta":{"rootId":"036lapb8av4kndd","id":"036lapb8av4kndd"},"id":"j87qktepc1u75rr","previousOperationId":"1irwsa9qt5m3qmj"}
{"type":"operationEnd","subtype":"render","operationId":"sedbgs2vpi4nf6h","timestamp":1701169502755,"id":"ztona1meo0y41pg","previousEventId":"p6nmpz1n8q4q21b","previousOperationId":"1irwsa9qt5m3qmj"}
{"type":"operationEnd","doDiffs":false,"previousEventId":"zmehneb6h1rsbcm","previousOperationId":"lclavjq1j57262h","operationId":"lclavjq1j57262h","timestamp":1701169502756,"id":"rwh2z81wm3p2h4t"}
