{"type":"operationStart","subtype":"profile","data":{"_id":"KbuydNnzzRUMTuVd","timestamp":"2023-11-28T13:43:51.908Z","state":"queued","mode":"standard","creationDate":"2023-11-28T13:43:51.910Z","modificationDate":"2023-11-28T13:43:51.910Z","shortid":"6nNRiW7","$entitySet":"profiles"},"doDiffs":false,"timestamp":1701179031909,"id":"0baqrm4pvchome5","previousOperationId":null,"operationId":"lv6x19o5alcotcw"}
{"type":"log","level":"info","message":"Render request 90 queued for execution and waiting for available worker","previousOperationId":"lv6x19o5alcotcw","timestamp":1701179031910,"id":"cdaq36y37hiepkc"}
{"type":"operationStart","subtype":"render","name":"pns_index","previousOperationId":"lv6x19o5alcotcw","timestamp":1701179031930,"id":"py480beraav7ar4","previousEventId":"0baqrm4pvchome5","operationId":"7b677k1mvpiwni4"}
{"type":"log","timestamp":1701179031930,"level":"info","message":"Starting rendering request 90","meta":{"rootId":"05638pw2ybazxgu","id":"05638pw2ybazxgu"},"id":"07bbl7lmk0228he","previousOperationId":"7b677k1mvpiwni4"}
{"type":"log","timestamp":1701179031930,"level":"info","message":"Rendering template { name: pns_index, recipe: chrome-pdf, engine: handlebars, preview: true }","meta":{"rootId":"05638pw2ybazxgu","id":"05638pw2ybazxgu"},"id":"ks1f0olo1v5zefa","previousOperationId":"7b677k1mvpiwni4"}
{"type":"log","timestamp":1701179031931,"level":"debug","message":"Inline data specified.","meta":{"rootId":"05638pw2ybazxgu","id":"05638pw2ybazxgu"},"id":"a04q76e5h28uh05","previousOperationId":"7b677k1mvpiwni4"}
{"type":"log","timestamp":1701179031934,"level":"debug","message":"Base url not specified, skipping its injection.","meta":{"rootId":"05638pw2ybazxgu","id":"05638pw2ybazxgu"},"id":"kqpppfz050dbfum","previousOperationId":"7b677k1mvpiwni4"}
{"type":"operationStart","subtype":"engine","name":"handlebars","timestamp":1701179031934,"id":"ynykrs9m0t1qedv","previousEventId":"py480beraav7ar4","operationId":"fnu4gkpfkz99o4i","previousOperationId":"7b677k1mvpiwni4"}
{"type":"log","timestamp":1701179031934,"level":"debug","message":"Rendering engine handlebars","meta":{"rootId":"05638pw2ybazxgu","id":"05638pw2ybazxgu"},"id":"cdqm1exvmd7k497","previousOperationId":"fnu4gkpfkz99o4i"}
{"type":"operationEnd","operationId":"fnu4gkpfkz99o4i","timestamp":1701179031954,"id":"60d83y07qukpfiq","previousEventId":"ynykrs9m0t1qedv","previousOperationId":"fnu4gkpfkz99o4i"}
{"type":"operationStart","subtype":"recipe","name":"chrome-pdf","timestamp":1701179031954,"id":"01huu7nlrfb25o2","previousEventId":"60d83y07qukpfiq","operationId":"49pd240mdu140fk","previousOperationId":"fnu4gkpfkz99o4i"}
{"type":"log","timestamp":1701179031954,"level":"debug","message":"Executing recipe chrome-pdf","meta":{"rootId":"05638pw2ybazxgu","id":"05638pw2ybazxgu"},"id":"ayj7h9hmgdkaab3","previousOperationId":"49pd240mdu140fk"}
{"type":"log","timestamp":1701179031956,"level":"debug","message":"Converting with chrome HeadlessChrome/117.0.5938.149 using chrome-pool strategy","meta":{"rootId":"05638pw2ybazxgu","id":"05638pw2ybazxgu"},"id":"ucocvdu2ef8e6xq","previousOperationId":"49pd240mdu140fk"}
{"type":"log","timestamp":1701179032006,"level":"debug","message":"Page request: GET (document) file:///var/folders/dp/qk79pfcj0y1fmtkkl08m76rc0000gn/T/jsreport/autocleanup/ab8f5c11-6389-4a28-a6df-528b2bcd056c-chrome-pdf.html","meta":{"rootId":"05638pw2ybazxgu","id":"05638pw2ybazxgu"},"id":"7dio5euey6c41v5","previousOperationId":"49pd240mdu140fk"}
{"type":"log","timestamp":1701179032011,"level":"debug","message":"Page request finished: GET (document) 200 file:///var/folders/dp/qk79pfcj0y1fmtkkl08m76rc0000gn/T/jsreport/autocleanup/ab8f5c11-6389-4a28-a6df-528b2bcd056c-chrome-pdf.html","meta":{"rootId":"05638pw2ybazxgu","id":"05638pw2ybazxgu"},"id":"5jf7zotebqi2330","previousOperationId":"49pd240mdu140fk"}
{"type":"log","timestamp":1701179032021,"level":"debug","message":"Custom viewport for chrome page width=800, height=2000","meta":{"rootId":"05638pw2ybazxgu","id":"05638pw2ybazxgu"},"id":"ee3yqwusp2dv9j7","previousOperationId":"49pd240mdu140fk"}
{"type":"log","timestamp":1701179032023,"level":"debug","message":"Running chrome with params {\"printBackground\":true,\"width\":\"5.8cm\",\"height\":\"50cm\",\"timeout\":59952,\"margin\":{}}","meta":{"rootId":"05638pw2ybazxgu","id":"05638pw2ybazxgu"},"id":"z86umk9n2gdocv4","previousOperationId":"49pd240mdu140fk"}
{"type":"operationEnd","operationId":"49pd240mdu140fk","timestamp":1701179032061,"id":"hqr5ct2q4rma49k","previousEventId":"01huu7nlrfb25o2","previousOperationId":"49pd240mdu140fk"}
{"type":"log","timestamp":1701179032061,"level":"debug","message":"Skipping storing report.","meta":{"rootId":"05638pw2ybazxgu","id":"05638pw2ybazxgu"},"id":"3ogrbk4y5okxgy6","previousOperationId":"49pd240mdu140fk"}
{"type":"log","timestamp":1701179032061,"level":"info","message":"Rendering request 90 finished in 153 ms","meta":{"rootId":"05638pw2ybazxgu","id":"05638pw2ybazxgu"},"id":"j8zbqnca2vnvev8","previousOperationId":"49pd240mdu140fk"}
{"type":"operationEnd","subtype":"render","operationId":"7b677k1mvpiwni4","timestamp":1701179032061,"id":"qvc6uwieda8o0v2","previousEventId":"hqr5ct2q4rma49k","previousOperationId":"49pd240mdu140fk"}
{"type":"operationEnd","doDiffs":false,"previousEventId":"0baqrm4pvchome5","previousOperationId":"lv6x19o5alcotcw","operationId":"lv6x19o5alcotcw","timestamp":1701179032062,"id":"6r63wc1kxvq9z5b"}
