{"type":"operationStart","subtype":"profile","data":{"_id":"hUR7ZgL1UW16x8WS","timestamp":"2023-11-28T11:21:32.891Z","state":"queued","mode":"standard","creationDate":"2023-11-28T11:21:32.892Z","modificationDate":"2023-11-28T11:21:32.892Z","shortid":"WFTwKmX","$entitySet":"profiles"},"doDiffs":false,"timestamp":1701170492892,"id":"emxl80ksigefj5y","previousOperationId":null,"operationId":"xzwpnf93xq7wyy2"}
{"type":"log","level":"info","message":"Render request 8 queued for execution and waiting for available worker","previousOperationId":"xzwpnf93xq7wyy2","timestamp":1701170492892,"id":"c0j4je67l5vcxxb"}
{"type":"operationStart","subtype":"render","name":"pns_index","previousOperationId":"xzwpnf93xq7wyy2","timestamp":1701170492896,"id":"m2cgjluidga7yg6","previousEventId":"emxl80ksigefj5y","operationId":"899gii98kbptze8"}
{"type":"log","timestamp":1701170492896,"level":"info","message":"Starting rendering request 8","meta":{"rootId":"0c4qv6ykwij6z9k","id":"0c4qv6ykwij6z9k"},"id":"ryi8pyue6pvamkv","previousOperationId":"899gii98kbptze8"}
{"type":"log","timestamp":1701170492896,"level":"info","message":"Rendering template { name: pns_index, recipe: chrome-pdf, engine: handlebars, preview: true }","meta":{"rootId":"0c4qv6ykwij6z9k","id":"0c4qv6ykwij6z9k"},"id":"rdq8oeliaezja02","previousOperationId":"899gii98kbptze8"}
{"type":"log","timestamp":1701170492896,"level":"debug","message":"Inline data specified.","meta":{"rootId":"0c4qv6ykwij6z9k","id":"0c4qv6ykwij6z9k"},"id":"wwkbomrh0rks3gr","previousOperationId":"899gii98kbptze8"}
{"type":"log","timestamp":1701170492897,"level":"debug","message":"Base url not specified, skipping its injection.","meta":{"rootId":"0c4qv6ykwij6z9k","id":"0c4qv6ykwij6z9k"},"id":"l0nhh13e3r5921a","previousOperationId":"899gii98kbptze8"}
{"type":"operationStart","subtype":"engine","name":"handlebars","timestamp":1701170492897,"id":"au0xtythmm6n166","previousEventId":"m2cgjluidga7yg6","operationId":"ioskc02o0ejvkqh","previousOperationId":"899gii98kbptze8"}
{"type":"log","timestamp":1701170492897,"level":"debug","message":"Rendering engine handlebars","meta":{"rootId":"0c4qv6ykwij6z9k","id":"0c4qv6ykwij6z9k"},"id":"jr7na667dp8d1z1","previousOperationId":"ioskc02o0ejvkqh"}
{"type":"operationEnd","operationId":"ioskc02o0ejvkqh","timestamp":1701170492917,"id":"jqzx94os6pf9mme","previousEventId":"au0xtythmm6n166","previousOperationId":"ioskc02o0ejvkqh"}
{"type":"operationStart","subtype":"recipe","name":"chrome-pdf","timestamp":1701170492917,"id":"ghpxcmk5khxt473","previousEventId":"jqzx94os6pf9mme","operationId":"vh0abgqkr47k8wv","previousOperationId":"ioskc02o0ejvkqh"}
{"type":"log","timestamp":1701170492917,"level":"debug","message":"Executing recipe chrome-pdf","meta":{"rootId":"0c4qv6ykwij6z9k","id":"0c4qv6ykwij6z9k"},"id":"7hhmsdj9a57ute0","previousOperationId":"vh0abgqkr47k8wv"}
{"type":"log","timestamp":1701170492919,"level":"debug","message":"Converting with chrome HeadlessChrome/117.0.5938.149 using chrome-pool strategy","meta":{"rootId":"0c4qv6ykwij6z9k","id":"0c4qv6ykwij6z9k"},"id":"bycb4e4aohpl95y","previousOperationId":"vh0abgqkr47k8wv"}
{"type":"log","timestamp":1701170492964,"level":"debug","message":"Page request: GET (document) file:///var/folders/dp/qk79pfcj0y1fmtkkl08m76rc0000gn/T/jsreport/autocleanup/740af2a9-352d-4774-beb7-bcccfa2133fc-chrome-pdf.html","meta":{"rootId":"0c4qv6ykwij6z9k","id":"0c4qv6ykwij6z9k"},"id":"y1m6jfvvvnydwez","previousOperationId":"vh0abgqkr47k8wv"}
{"type":"log","timestamp":1701170492969,"level":"debug","message":"Page request finished: GET (document) 200 file:///var/folders/dp/qk79pfcj0y1fmtkkl08m76rc0000gn/T/jsreport/autocleanup/740af2a9-352d-4774-beb7-bcccfa2133fc-chrome-pdf.html","meta":{"rootId":"0c4qv6ykwij6z9k","id":"0c4qv6ykwij6z9k"},"id":"oio4ewp3rzs951c","previousOperationId":"vh0abgqkr47k8wv"}
{"type":"log","timestamp":1701170492978,"level":"debug","message":"Running chrome with params {\"printBackground\":true,\"width\":\"8cm\",\"timeout\":59972,\"margin\":{}}","meta":{"rootId":"0c4qv6ykwij6z9k","id":"0c4qv6ykwij6z9k"},"id":"a00kkqwv0h4pbet","previousOperationId":"vh0abgqkr47k8wv"}
{"type":"operationEnd","operationId":"vh0abgqkr47k8wv","timestamp":1701170492999,"id":"2rl5rnulpqfp98m","previousEventId":"ghpxcmk5khxt473","previousOperationId":"vh0abgqkr47k8wv"}
{"type":"log","timestamp":1701170492999,"level":"debug","message":"Skipping storing report.","meta":{"rootId":"0c4qv6ykwij6z9k","id":"0c4qv6ykwij6z9k"},"id":"elj4negrj304x5e","previousOperationId":"vh0abgqkr47k8wv"}
{"type":"log","timestamp":1701170492999,"level":"info","message":"Rendering request 8 finished in 108 ms","meta":{"rootId":"0c4qv6ykwij6z9k","id":"0c4qv6ykwij6z9k"},"id":"ar0v7jygiv0fd5b","previousOperationId":"vh0abgqkr47k8wv"}
{"type":"operationEnd","subtype":"render","operationId":"899gii98kbptze8","timestamp":1701170492999,"id":"9lrvpejvwzi45ni","previousEventId":"2rl5rnulpqfp98m","previousOperationId":"vh0abgqkr47k8wv"}
{"type":"operationEnd","doDiffs":false,"previousEventId":"emxl80ksigefj5y","previousOperationId":"xzwpnf93xq7wyy2","operationId":"xzwpnf93xq7wyy2","timestamp":1701170493001,"id":"iulgawugefovckn"}
