{"type":"operationStart","subtype":"profile","data":{"_id":"T29sZ0qi8Qt4R43x","timestamp":"2023-12-06T09:19:14.684Z","state":"queued","mode":"standard","creationDate":"2023-12-06T09:19:14.687Z","modificationDate":"2023-12-06T09:19:14.687Z","shortid":"kQ-JPab","$entitySet":"profiles"},"doDiffs":false,"timestamp":1701854354685,"id":"tvy308vrzs8j4rh","previousOperationId":null,"operationId":"cd2lz12z4lrv3m0"}
{"type":"log","level":"info","message":"Render request 16 queued for execution and waiting for available worker","previousOperationId":"cd2lz12z4lrv3m0","timestamp":1701854354685,"id":"yy5m27wr15atiy7"}
{"type":"operationStart","subtype":"render","name":"pns_index","previousOperationId":"cd2lz12z4lrv3m0","timestamp":1701854354693,"id":"olwhu3zjn8sw8fa","previousEventId":"tvy308vrzs8j4rh","operationId":"l0124ntnh490iao"}
{"type":"log","timestamp":1701854354693,"level":"info","message":"Starting rendering request 16","meta":{"rootId":"0fwjq77vcdla0rc","id":"0fwjq77vcdla0rc"},"id":"417bn8yvl04vspx","previousOperationId":"l0124ntnh490iao"}
{"type":"log","timestamp":1701854354694,"level":"info","message":"Rendering template { name: pns_index, recipe: chrome-pdf, engine: handlebars, preview: true }","meta":{"rootId":"0fwjq77vcdla0rc","id":"0fwjq77vcdla0rc"},"id":"3hbaid28upc6vbz","previousOperationId":"l0124ntnh490iao"}
{"type":"log","timestamp":1701854354694,"level":"debug","message":"Adding sample data flbhzmKcJ","meta":{"rootId":"0fwjq77vcdla0rc","id":"0fwjq77vcdla0rc"},"id":"6tqt6hwxqi3huaz","previousOperationId":"l0124ntnh490iao"}
{"type":"log","timestamp":1701854354696,"level":"debug","message":"Base url not specified, skipping its injection.","meta":{"rootId":"0fwjq77vcdla0rc","id":"0fwjq77vcdla0rc"},"id":"ff5iaxog11t8ktm","previousOperationId":"l0124ntnh490iao"}
{"type":"log","timestamp":1701854354703,"level":"debug","message":"Replaced assets [\"styles.css\"]","meta":{"rootId":"0fwjq77vcdla0rc","id":"0fwjq77vcdla0rc"},"id":"6rsxeemqtu7v14b","previousOperationId":"l0124ntnh490iao"}
{"type":"operationStart","subtype":"engine","name":"handlebars","timestamp":1701854354703,"id":"mfy15c2b1kbj8k3","previousEventId":"olwhu3zjn8sw8fa","operationId":"cnud00rkux5ovna","previousOperationId":"l0124ntnh490iao"}
{"type":"log","timestamp":1701854354704,"level":"debug","message":"Rendering engine handlebars","meta":{"rootId":"0fwjq77vcdla0rc","id":"0fwjq77vcdla0rc"},"id":"t31ztsouetjrrqy","previousOperationId":"cnud00rkux5ovna"}
{"type":"operationEnd","operationId":"cnud00rkux5ovna","timestamp":1701854354741,"id":"2frxzr1b55h72cu","previousEventId":"mfy15c2b1kbj8k3","previousOperationId":"cnud00rkux5ovna"}
{"type":"operationStart","subtype":"recipe","name":"chrome-pdf","timestamp":1701854354742,"id":"9je4tw01tqdayid","previousEventId":"2frxzr1b55h72cu","operationId":"owyvqbpcdmbq4ap","previousOperationId":"cnud00rkux5ovna"}
{"type":"log","timestamp":1701854354742,"level":"debug","message":"Executing recipe chrome-pdf","meta":{"rootId":"0fwjq77vcdla0rc","id":"0fwjq77vcdla0rc"},"id":"gruylo34j7gtttj","previousOperationId":"owyvqbpcdmbq4ap"}
{"type":"log","timestamp":1701854354743,"level":"debug","message":"Converting with chrome HeadlessChrome/117.0.5938.149 using chrome-pool strategy","meta":{"rootId":"0fwjq77vcdla0rc","id":"0fwjq77vcdla0rc"},"id":"wraqj1r83j8b9e4","previousOperationId":"owyvqbpcdmbq4ap"}
{"type":"log","timestamp":1701854354795,"level":"debug","message":"Page request: GET (document) file:///var/folders/dp/qk79pfcj0y1fmtkkl08m76rc0000gn/T/jsreport/autocleanup/bc5f6bbc-be1a-49a4-b525-74d6d8c01d60-chrome-pdf.html","meta":{"rootId":"0fwjq77vcdla0rc","id":"0fwjq77vcdla0rc"},"id":"re4ixdquj95sneq","previousOperationId":"owyvqbpcdmbq4ap"}
{"type":"log","timestamp":1701854354800,"level":"debug","message":"Page request finished: GET (document) 200 file:///var/folders/dp/qk79pfcj0y1fmtkkl08m76rc0000gn/T/jsreport/autocleanup/bc5f6bbc-be1a-49a4-b525-74d6d8c01d60-chrome-pdf.html","meta":{"rootId":"0fwjq77vcdla0rc","id":"0fwjq77vcdla0rc"},"id":"8m38f2yv6lhkj9s","previousOperationId":"owyvqbpcdmbq4ap"}
{"type":"log","timestamp":1701854354809,"level":"debug","message":"Custom viewport for chrome page width=800, height=2000","meta":{"rootId":"0fwjq77vcdla0rc","id":"0fwjq77vcdla0rc"},"id":"d36s3x5jjqou61s","previousOperationId":"owyvqbpcdmbq4ap"}
{"type":"log","timestamp":1701854354811,"level":"debug","message":"Running chrome with params {\"printBackground\":true,\"width\":\"5.8cm\",\"height\":\"40cm\",\"marginRight\":\"0cm\",\"marginLeft\":\"0cm\",\"timeout\":59942,\"margin\":{\"right\":\"0cm\",\"left\":\"0cm\"}}","meta":{"rootId":"0fwjq77vcdla0rc","id":"0fwjq77vcdla0rc"},"id":"aznfniyfus4qc9r","previousOperationId":"owyvqbpcdmbq4ap"}
{"type":"operationEnd","operationId":"owyvqbpcdmbq4ap","timestamp":1701854354839,"id":"m0eweu7hz87fhf7","previousEventId":"9je4tw01tqdayid","previousOperationId":"owyvqbpcdmbq4ap"}
{"type":"log","timestamp":1701854354840,"level":"debug","message":"Skipping storing report.","meta":{"rootId":"0fwjq77vcdla0rc","id":"0fwjq77vcdla0rc"},"id":"cmzmuw0ec4zr4ba","previousOperationId":"owyvqbpcdmbq4ap"}
{"type":"log","timestamp":1701854354840,"level":"info","message":"Rendering request 16 finished in 156 ms","meta":{"rootId":"0fwjq77vcdla0rc","id":"0fwjq77vcdla0rc"},"id":"m40khr51pqgkg6o","previousOperationId":"owyvqbpcdmbq4ap"}
{"type":"operationEnd","subtype":"render","operationId":"l0124ntnh490iao","timestamp":1701854354840,"id":"jbnice1s68a76u1","previousEventId":"m0eweu7hz87fhf7","previousOperationId":"owyvqbpcdmbq4ap"}
{"type":"operationEnd","doDiffs":false,"previousEventId":"tvy308vrzs8j4rh","previousOperationId":"cd2lz12z4lrv3m0","operationId":"cd2lz12z4lrv3m0","timestamp":1701854354842,"id":"qjt5n9v052zga7y"}
