{"type":"operationStart","subtype":"profile","data":{"_id":"yNo1wEeS2IFVTFT4","timestamp":"2023-11-28T11:22:07.409Z","state":"queued","mode":"standard","creationDate":"2023-11-28T11:22:07.410Z","modificationDate":"2023-11-28T11:22:07.410Z","shortid":"Ks6io1p","$entitySet":"profiles"},"doDiffs":false,"timestamp":1701170527410,"id":"aravvpfg6521rjk","previousOperationId":null,"operationId":"sd39dekii7w43wx"}
{"type":"log","level":"info","message":"Render request 9 queued for execution and waiting for available worker","previousOperationId":"sd39dekii7w43wx","timestamp":1701170527410,"id":"i2y4n21cipbde13"}
{"type":"operationStart","subtype":"render","name":"pns_index","previousOperationId":"sd39dekii7w43wx","timestamp":1701170527414,"id":"r8q93pgt2gnkeli","previousEventId":"aravvpfg6521rjk","operationId":"j7a7t3js5wz3aak"}
{"type":"log","timestamp":1701170527414,"level":"info","message":"Starting rendering request 9","meta":{"rootId":"0gskl198hktmei3","id":"0gskl198hktmei3"},"id":"66o1yqn2j7m9z7n","previousOperationId":"j7a7t3js5wz3aak"}
{"type":"log","timestamp":1701170527414,"level":"info","message":"Rendering template { name: pns_index, recipe: chrome-pdf, engine: handlebars, preview: true }","meta":{"rootId":"0gskl198hktmei3","id":"0gskl198hktmei3"},"id":"i6ut6eve6gq5c41","previousOperationId":"j7a7t3js5wz3aak"}
{"type":"log","timestamp":1701170527414,"level":"debug","message":"Inline data specified.","meta":{"rootId":"0gskl198hktmei3","id":"0gskl198hktmei3"},"id":"wwmmmj0mnhbj3xj","previousOperationId":"j7a7t3js5wz3aak"}
{"type":"log","timestamp":1701170527415,"level":"debug","message":"Base url not specified, skipping its injection.","meta":{"rootId":"0gskl198hktmei3","id":"0gskl198hktmei3"},"id":"pk2lmslpdwkpaij","previousOperationId":"j7a7t3js5wz3aak"}
{"type":"operationStart","subtype":"engine","name":"handlebars","timestamp":1701170527415,"id":"72tnr1db2g7vm6r","previousEventId":"r8q93pgt2gnkeli","operationId":"5fw8209zs1omw72","previousOperationId":"j7a7t3js5wz3aak"}
{"type":"log","timestamp":1701170527415,"level":"debug","message":"Rendering engine handlebars","meta":{"rootId":"0gskl198hktmei3","id":"0gskl198hktmei3"},"id":"lnco8dxb5jny2nz","previousOperationId":"5fw8209zs1omw72"}
{"type":"operationEnd","operationId":"5fw8209zs1omw72","timestamp":1701170527429,"id":"wdbv2bcd626kei4","previousEventId":"72tnr1db2g7vm6r","previousOperationId":"5fw8209zs1omw72"}
{"type":"operationStart","subtype":"recipe","name":"chrome-pdf","timestamp":1701170527430,"id":"69tzex4acyqwj4b","previousEventId":"wdbv2bcd626kei4","operationId":"ewu57gysdk4nmcc","previousOperationId":"5fw8209zs1omw72"}
{"type":"log","timestamp":1701170527430,"level":"debug","message":"Executing recipe chrome-pdf","meta":{"rootId":"0gskl198hktmei3","id":"0gskl198hktmei3"},"id":"5tx13dxxru7xyj0","previousOperationId":"ewu57gysdk4nmcc"}
{"type":"log","timestamp":1701170527431,"level":"debug","message":"Converting with chrome HeadlessChrome/117.0.5938.149 using chrome-pool strategy","meta":{"rootId":"0gskl198hktmei3","id":"0gskl198hktmei3"},"id":"of893l0zl5bqxd1","previousOperationId":"ewu57gysdk4nmcc"}
{"type":"log","timestamp":1701170527470,"level":"debug","message":"Page request: GET (document) file:///var/folders/dp/qk79pfcj0y1fmtkkl08m76rc0000gn/T/jsreport/autocleanup/6af1317f-504b-4a18-a6e0-85bc73046d5d-chrome-pdf.html","meta":{"rootId":"0gskl198hktmei3","id":"0gskl198hktmei3"},"id":"m51bdufcnubi3c9","previousOperationId":"ewu57gysdk4nmcc"}
{"type":"log","timestamp":1701170527474,"level":"debug","message":"Page request finished: GET (document) 200 file:///var/folders/dp/qk79pfcj0y1fmtkkl08m76rc0000gn/T/jsreport/autocleanup/6af1317f-504b-4a18-a6e0-85bc73046d5d-chrome-pdf.html","meta":{"rootId":"0gskl198hktmei3","id":"0gskl198hktmei3"},"id":"jur9xfxwentbec3","previousOperationId":"ewu57gysdk4nmcc"}
{"type":"log","timestamp":1701170527482,"level":"debug","message":"Running chrome with params {\"printBackground\":true,\"width\":\"8cm\",\"timeout\":59979,\"margin\":{}}","meta":{"rootId":"0gskl198hktmei3","id":"0gskl198hktmei3"},"id":"psq6s0h9fzf6rmr","previousOperationId":"ewu57gysdk4nmcc"}
{"type":"operationEnd","operationId":"ewu57gysdk4nmcc","timestamp":1701170527503,"id":"8kiio16bf4shuew","previousEventId":"69tzex4acyqwj4b","previousOperationId":"ewu57gysdk4nmcc"}
{"type":"log","timestamp":1701170527503,"level":"debug","message":"Skipping storing report.","meta":{"rootId":"0gskl198hktmei3","id":"0gskl198hktmei3"},"id":"tsqmbsz21lc2a1o","previousOperationId":"ewu57gysdk4nmcc"}
{"type":"log","timestamp":1701170527503,"level":"info","message":"Rendering request 9 finished in 94 ms","meta":{"rootId":"0gskl198hktmei3","id":"0gskl198hktmei3"},"id":"7zj0qm6cq7vkads","previousOperationId":"ewu57gysdk4nmcc"}
{"type":"operationEnd","subtype":"render","operationId":"j7a7t3js5wz3aak","timestamp":1701170527503,"id":"jg52qoa9kmn7yuh","previousEventId":"8kiio16bf4shuew","previousOperationId":"ewu57gysdk4nmcc"}
{"type":"operationEnd","doDiffs":false,"previousEventId":"aravvpfg6521rjk","previousOperationId":"sd39dekii7w43wx","operationId":"sd39dekii7w43wx","timestamp":1701170527505,"id":"rixso86556huh9n"}
