{"type":"operationStart","subtype":"profile","data":{"_id":"H1JTHXl2KougnYo8","timestamp":"2023-11-28T12:26:48.699Z","state":"queued","mode":"standard","creationDate":"2023-11-28T12:26:48.701Z","modificationDate":"2023-11-28T12:26:48.701Z","shortid":"_Dqmv8F","$entitySet":"profiles"},"doDiffs":false,"timestamp":1701174408700,"id":"wtxa4tvhkazswws","previousOperationId":null,"operationId":"tjobahaq34e6daq"}
{"type":"log","level":"info","message":"Render request 36 queued for execution and waiting for available worker","previousOperationId":"tjobahaq34e6daq","timestamp":1701174408700,"id":"b8lfg8j512bg2ao"}
{"type":"operationStart","subtype":"render","name":"pns_index","previousOperationId":"tjobahaq34e6daq","timestamp":1701174408706,"id":"hx6t4afmf0s7xr5","previousEventId":"wtxa4tvhkazswws","operationId":"9yd93gcvpra5zc2"}
{"type":"log","timestamp":1701174408706,"level":"info","message":"Starting rendering request 36","meta":{"rootId":"18cavi77d8kykkn","id":"18cavi77d8kykkn"},"id":"vake0tuoor24dso","previousOperationId":"9yd93gcvpra5zc2"}
{"type":"log","timestamp":1701174408706,"level":"info","message":"Rendering template { name: pns_index, recipe: chrome-pdf, engine: handlebars, preview: true }","meta":{"rootId":"18cavi77d8kykkn","id":"18cavi77d8kykkn"},"id":"wrve7elo604o58a","previousOperationId":"9yd93gcvpra5zc2"}
{"type":"log","timestamp":1701174408707,"level":"debug","message":"Inline data specified.","meta":{"rootId":"18cavi77d8kykkn","id":"18cavi77d8kykkn"},"id":"zb8q7i35tfc7gge","previousOperationId":"9yd93gcvpra5zc2"}
{"type":"log","timestamp":1701174408710,"level":"debug","message":"Base url not specified, skipping its injection.","meta":{"rootId":"18cavi77d8kykkn","id":"18cavi77d8kykkn"},"id":"obv3jdty2gsb3e4","previousOperationId":"9yd93gcvpra5zc2"}
{"type":"operationStart","subtype":"engine","name":"handlebars","timestamp":1701174408710,"id":"s7aw0i8xfz21tqa","previousEventId":"hx6t4afmf0s7xr5","operationId":"1fizdbzisbubtqw","previousOperationId":"9yd93gcvpra5zc2"}
{"type":"log","timestamp":1701174408710,"level":"debug","message":"Rendering engine handlebars","meta":{"rootId":"18cavi77d8kykkn","id":"18cavi77d8kykkn"},"id":"7bjnkv2jy9jjxi6","previousOperationId":"1fizdbzisbubtqw"}
{"type":"operationEnd","operationId":"1fizdbzisbubtqw","timestamp":1701174408722,"id":"2dnjx5twjoyy6ay","previousEventId":"s7aw0i8xfz21tqa","previousOperationId":"1fizdbzisbubtqw"}
{"type":"operationStart","subtype":"recipe","name":"chrome-pdf","timestamp":1701174408722,"id":"8uicwewj69dcwxb","previousEventId":"2dnjx5twjoyy6ay","operationId":"5it8iagj4cgq17b","previousOperationId":"1fizdbzisbubtqw"}
{"type":"log","timestamp":1701174408722,"level":"debug","message":"Executing recipe chrome-pdf","meta":{"rootId":"18cavi77d8kykkn","id":"18cavi77d8kykkn"},"id":"2edxox1ef7k1gus","previousOperationId":"5it8iagj4cgq17b"}
{"type":"log","timestamp":1701174408723,"level":"debug","message":"Converting with chrome HeadlessChrome/117.0.5938.149 using chrome-pool strategy","meta":{"rootId":"18cavi77d8kykkn","id":"18cavi77d8kykkn"},"id":"64yj5dfw3iumras","previousOperationId":"5it8iagj4cgq17b"}
{"type":"log","timestamp":1701174408777,"level":"debug","message":"Page request: GET (document) file:///var/folders/dp/qk79pfcj0y1fmtkkl08m76rc0000gn/T/jsreport/autocleanup/ee31e813-a0fb-4e4a-a139-a38e7e3038d3-chrome-pdf.html","meta":{"rootId":"18cavi77d8kykkn","id":"18cavi77d8kykkn"},"id":"c1epls8omo1uhc7","previousOperationId":"5it8iagj4cgq17b"}
{"type":"log","timestamp":1701174408782,"level":"debug","message":"Page request finished: GET (document) 200 file:///var/folders/dp/qk79pfcj0y1fmtkkl08m76rc0000gn/T/jsreport/autocleanup/ee31e813-a0fb-4e4a-a139-a38e7e3038d3-chrome-pdf.html","meta":{"rootId":"18cavi77d8kykkn","id":"18cavi77d8kykkn"},"id":"rkghpm9xc3xsv8k","previousOperationId":"5it8iagj4cgq17b"}
{"type":"log","timestamp":1701174408793,"level":"debug","message":"Custom viewport for chrome page width=800, height=2000","meta":{"rootId":"18cavi77d8kykkn","id":"18cavi77d8kykkn"},"id":"i96s6hw2fhhkpuo","previousOperationId":"5it8iagj4cgq17b"}
{"type":"log","timestamp":1701174408794,"level":"debug","message":"Running chrome with params {\"printBackground\":true,\"width\":\"8cm\",\"height\":\"50cm\",\"timeout\":59976,\"margin\":{}}","meta":{"rootId":"18cavi77d8kykkn","id":"18cavi77d8kykkn"},"id":"15mf09la285x7i7","previousOperationId":"5it8iagj4cgq17b"}
{"type":"operationEnd","operationId":"5it8iagj4cgq17b","timestamp":1701174408816,"id":"tlnmg2jomxu9hs7","previousEventId":"8uicwewj69dcwxb","previousOperationId":"5it8iagj4cgq17b"}
{"type":"log","timestamp":1701174408816,"level":"debug","message":"Skipping storing report.","meta":{"rootId":"18cavi77d8kykkn","id":"18cavi77d8kykkn"},"id":"nkdex007sp1cvvh","previousOperationId":"5it8iagj4cgq17b"}
{"type":"log","timestamp":1701174408816,"level":"info","message":"Rendering request 36 finished in 117 ms","meta":{"rootId":"18cavi77d8kykkn","id":"18cavi77d8kykkn"},"id":"pagmwemwnad7ase","previousOperationId":"5it8iagj4cgq17b"}
{"type":"operationEnd","subtype":"render","operationId":"9yd93gcvpra5zc2","timestamp":1701174408816,"id":"tpvixrzjsix5adl","previousEventId":"tlnmg2jomxu9hs7","previousOperationId":"5it8iagj4cgq17b"}
{"type":"operationEnd","doDiffs":false,"previousEventId":"wtxa4tvhkazswws","previousOperationId":"tjobahaq34e6daq","operationId":"tjobahaq34e6daq","timestamp":1701174408818,"id":"bgw9sm7qfmtjxr5"}
