{"type":"operationStart","subtype":"profile","data":{"_id":"FtokEqXu3M2OLdHR","timestamp":"2023-12-06T09:38:59.096Z","state":"queued","mode":"standard","creationDate":"2023-12-06T09:38:59.098Z","modificationDate":"2023-12-06T09:38:59.098Z","shortid":"laDE6T8","$entitySet":"profiles"},"doDiffs":false,"timestamp":1701855539097,"id":"23676krpre3ti09","previousOperationId":null,"operationId":"boo4ang2e5ou3qb"}
{"type":"log","level":"info","message":"Render request 36 queued for execution and waiting for available worker","previousOperationId":"boo4ang2e5ou3qb","timestamp":1701855539098,"id":"paouyptozdgu7ck"}
{"type":"operationStart","subtype":"render","name":"pns_index","previousOperationId":"boo4ang2e5ou3qb","timestamp":1701855539101,"id":"idluu9b1g6hy326","previousEventId":"23676krpre3ti09","operationId":"n1gkyf0scg3d9gx"}
{"type":"log","timestamp":1701855539101,"level":"info","message":"Starting rendering request 36","meta":{"rootId":"197hgd6c56e3jbe","id":"197hgd6c56e3jbe"},"id":"kyz159y777u72nv","previousOperationId":"n1gkyf0scg3d9gx"}
{"type":"log","timestamp":1701855539101,"level":"info","message":"Rendering template { name: pns_index, recipe: chrome-pdf, engine: handlebars, preview: true }","meta":{"rootId":"197hgd6c56e3jbe","id":"197hgd6c56e3jbe"},"id":"qtxiafr0be346ww","previousOperationId":"n1gkyf0scg3d9gx"}
{"type":"log","timestamp":1701855539102,"level":"debug","message":"Inline data specified.","meta":{"rootId":"197hgd6c56e3jbe","id":"197hgd6c56e3jbe"},"id":"j95e6btur5h7c7o","previousOperationId":"n1gkyf0scg3d9gx"}
{"type":"log","timestamp":1701855539102,"level":"debug","message":"Base url not specified, skipping its injection.","meta":{"rootId":"197hgd6c56e3jbe","id":"197hgd6c56e3jbe"},"id":"m89ocrw9h8b12qs","previousOperationId":"n1gkyf0scg3d9gx"}
{"type":"log","timestamp":1701855539102,"level":"debug","message":"Replaced assets [\"styles.css\"]","meta":{"rootId":"197hgd6c56e3jbe","id":"197hgd6c56e3jbe"},"id":"auswam8s86yp4pv","previousOperationId":"n1gkyf0scg3d9gx"}
{"type":"operationStart","subtype":"engine","name":"handlebars","timestamp":1701855539102,"id":"wuriwecw2r27c04","previousEventId":"idluu9b1g6hy326","operationId":"8mpd19qyup6989d","previousOperationId":"n1gkyf0scg3d9gx"}
{"type":"log","timestamp":1701855539103,"level":"debug","message":"Rendering engine handlebars","meta":{"rootId":"197hgd6c56e3jbe","id":"197hgd6c56e3jbe"},"id":"tjs9foy642spark","previousOperationId":"8mpd19qyup6989d"}
{"type":"operationEnd","operationId":"8mpd19qyup6989d","timestamp":1701855539127,"id":"c351ix28a19vanz","previousEventId":"wuriwecw2r27c04","previousOperationId":"8mpd19qyup6989d"}
{"type":"operationStart","subtype":"recipe","name":"chrome-pdf","timestamp":1701855539128,"id":"jam9t4t3vl5422p","previousEventId":"c351ix28a19vanz","operationId":"9ur6pc7mscvf0am","previousOperationId":"8mpd19qyup6989d"}
{"type":"log","timestamp":1701855539128,"level":"debug","message":"Executing recipe chrome-pdf","meta":{"rootId":"197hgd6c56e3jbe","id":"197hgd6c56e3jbe"},"id":"babekxszn5rcw7n","previousOperationId":"9ur6pc7mscvf0am"}
{"type":"log","timestamp":1701855539130,"level":"debug","message":"Converting with chrome HeadlessChrome/117.0.5938.149 using chrome-pool strategy","meta":{"rootId":"197hgd6c56e3jbe","id":"197hgd6c56e3jbe"},"id":"ncupbizo92cnk7r","previousOperationId":"9ur6pc7mscvf0am"}
{"type":"log","timestamp":1701855539176,"level":"debug","message":"Page request: GET (document) file:///var/folders/dp/qk79pfcj0y1fmtkkl08m76rc0000gn/T/jsreport/autocleanup/548e3ebd-4a3e-4589-bc85-1d8381ed8033-chrome-pdf.html","meta":{"rootId":"197hgd6c56e3jbe","id":"197hgd6c56e3jbe"},"id":"wk9lac60flh7ci1","previousOperationId":"9ur6pc7mscvf0am"}
{"type":"log","timestamp":1701855539180,"level":"debug","message":"Page request finished: GET (document) 200 file:///var/folders/dp/qk79pfcj0y1fmtkkl08m76rc0000gn/T/jsreport/autocleanup/548e3ebd-4a3e-4589-bc85-1d8381ed8033-chrome-pdf.html","meta":{"rootId":"197hgd6c56e3jbe","id":"197hgd6c56e3jbe"},"id":"y2ezokz6l5yq8ka","previousOperationId":"9ur6pc7mscvf0am"}
{"type":"log","timestamp":1701855539192,"level":"debug","message":"Custom viewport for chrome page width=800, height=2000","meta":{"rootId":"197hgd6c56e3jbe","id":"197hgd6c56e3jbe"},"id":"yk1cybey7m2qzk1","previousOperationId":"9ur6pc7mscvf0am"}
{"type":"log","timestamp":1701855539198,"level":"debug","message":"Running chrome with params {\"printBackground\":true,\"width\":\"5.8cm\",\"height\":\"40cm\",\"marginRight\":\"0cm\",\"marginLeft\":\"0cm\",\"timeout\":59967,\"margin\":{\"right\":\"0cm\",\"left\":\"0cm\"}}","meta":{"rootId":"197hgd6c56e3jbe","id":"197hgd6c56e3jbe"},"id":"dluu8j5ukcgbeqs","previousOperationId":"9ur6pc7mscvf0am"}
{"type":"operationEnd","operationId":"9ur6pc7mscvf0am","timestamp":1701855539221,"id":"pajm6ioxm0xlr6s","previousEventId":"jam9t4t3vl5422p","previousOperationId":"9ur6pc7mscvf0am"}
{"type":"log","timestamp":1701855539221,"level":"debug","message":"Skipping storing report.","meta":{"rootId":"197hgd6c56e3jbe","id":"197hgd6c56e3jbe"},"id":"p3q9gk3dnaa4h58","previousOperationId":"9ur6pc7mscvf0am"}
{"type":"log","timestamp":1701855539221,"level":"info","message":"Rendering request 36 finished in 125 ms","meta":{"rootId":"197hgd6c56e3jbe","id":"197hgd6c56e3jbe"},"id":"f3jc375r6qc7vrk","previousOperationId":"9ur6pc7mscvf0am"}
{"type":"operationEnd","subtype":"render","operationId":"n1gkyf0scg3d9gx","timestamp":1701855539221,"id":"15jgyp8yag9g1dn","previousEventId":"pajm6ioxm0xlr6s","previousOperationId":"9ur6pc7mscvf0am"}
{"type":"operationEnd","doDiffs":false,"previousEventId":"23676krpre3ti09","previousOperationId":"boo4ang2e5ou3qb","operationId":"boo4ang2e5ou3qb","timestamp":1701855539222,"id":"7imzpixdbq0cjgc"}
