{"type":"operationStart","subtype":"profile","data":{"_id":"R40jxhHE0N20k67L","timestamp":"2023-12-06T10:04:56.891Z","state":"queued","mode":"standard","creationDate":"2023-12-06T10:04:56.892Z","modificationDate":"2023-12-06T10:04:56.892Z","shortid":"cFzaMc8","$entitySet":"profiles"},"doDiffs":false,"timestamp":1701857096892,"id":"4mb825hcx9x82me","previousOperationId":null,"operationId":"7d8d1by0ux2nmn2"}
{"type":"log","level":"info","message":"Render request 72 queued for execution and waiting for available worker","previousOperationId":"7d8d1by0ux2nmn2","timestamp":1701857096892,"id":"bdrgwxl4w1itf3a"}
{"type":"operationStart","subtype":"render","name":"pns_index","previousOperationId":"7d8d1by0ux2nmn2","timestamp":1701857096895,"id":"197ed22hsbzqfp5","previousEventId":"4mb825hcx9x82me","operationId":"sxwgw84wx8fhsl8"}
{"type":"log","timestamp":1701857096895,"level":"info","message":"Starting rendering request 72","meta":{"rootId":"1b2usm6cmc7ngas","id":"1b2usm6cmc7ngas"},"id":"2npf5869wuwo0gj","previousOperationId":"sxwgw84wx8fhsl8"}
{"type":"log","timestamp":1701857096895,"level":"info","message":"Rendering template { name: pns_index, recipe: chrome-pdf, engine: handlebars, preview: true }","meta":{"rootId":"1b2usm6cmc7ngas","id":"1b2usm6cmc7ngas"},"id":"o5yejl7sgbd505r","previousOperationId":"sxwgw84wx8fhsl8"}
{"type":"log","timestamp":1701857096895,"level":"debug","message":"Inline data specified.","meta":{"rootId":"1b2usm6cmc7ngas","id":"1b2usm6cmc7ngas"},"id":"thgul8oqy8u35a9","previousOperationId":"sxwgw84wx8fhsl8"}
{"type":"log","timestamp":1701857096895,"level":"debug","message":"Base url not specified, skipping its injection.","meta":{"rootId":"1b2usm6cmc7ngas","id":"1b2usm6cmc7ngas"},"id":"kxc3ymc50v939k7","previousOperationId":"sxwgw84wx8fhsl8"}
{"type":"log","timestamp":1701857096896,"level":"debug","message":"Replaced assets [\"styles.css\"]","meta":{"rootId":"1b2usm6cmc7ngas","id":"1b2usm6cmc7ngas"},"id":"8wq39rqck5rb8db","previousOperationId":"sxwgw84wx8fhsl8"}
{"type":"operationStart","subtype":"engine","name":"handlebars","timestamp":1701857096896,"id":"xdeo9t0a915bllt","previousEventId":"197ed22hsbzqfp5","operationId":"ksels6y5apluazf","previousOperationId":"sxwgw84wx8fhsl8"}
{"type":"log","timestamp":1701857096896,"level":"debug","message":"Rendering engine handlebars","meta":{"rootId":"1b2usm6cmc7ngas","id":"1b2usm6cmc7ngas"},"id":"wjd5kr2rxuy5vnf","previousOperationId":"ksels6y5apluazf"}
{"type":"operationEnd","operationId":"ksels6y5apluazf","timestamp":1701857096912,"id":"l3mm67y3l0iexq4","previousEventId":"xdeo9t0a915bllt","previousOperationId":"ksels6y5apluazf"}
{"type":"operationStart","subtype":"recipe","name":"chrome-pdf","timestamp":1701857096912,"id":"mr14km75100qsmo","previousEventId":"l3mm67y3l0iexq4","operationId":"uewavxbf5ebuz8w","previousOperationId":"ksels6y5apluazf"}
{"type":"log","timestamp":1701857096912,"level":"debug","message":"Executing recipe chrome-pdf","meta":{"rootId":"1b2usm6cmc7ngas","id":"1b2usm6cmc7ngas"},"id":"rmgb52r91abclkw","previousOperationId":"uewavxbf5ebuz8w"}
{"type":"log","timestamp":1701857096914,"level":"debug","message":"Converting with chrome HeadlessChrome/117.0.5938.149 using chrome-pool strategy","meta":{"rootId":"1b2usm6cmc7ngas","id":"1b2usm6cmc7ngas"},"id":"l7jzjxbz2ruwm34","previousOperationId":"uewavxbf5ebuz8w"}
{"type":"log","timestamp":1701857096954,"level":"debug","message":"Page request: GET (document) file:///var/folders/dp/qk79pfcj0y1fmtkkl08m76rc0000gn/T/jsreport/autocleanup/3bb68d9a-76ad-45f3-b32d-5d558f129cb6-chrome-pdf.html","meta":{"rootId":"1b2usm6cmc7ngas","id":"1b2usm6cmc7ngas"},"id":"8abdebb205tqj9l","previousOperationId":"uewavxbf5ebuz8w"}
{"type":"log","timestamp":1701857096958,"level":"debug","message":"Page request finished: GET (document) 200 file:///var/folders/dp/qk79pfcj0y1fmtkkl08m76rc0000gn/T/jsreport/autocleanup/3bb68d9a-76ad-45f3-b32d-5d558f129cb6-chrome-pdf.html","meta":{"rootId":"1b2usm6cmc7ngas","id":"1b2usm6cmc7ngas"},"id":"hbk373wp0f3w14e","previousOperationId":"uewavxbf5ebuz8w"}
{"type":"log","timestamp":1701857096969,"level":"debug","message":"Custom viewport for chrome page width=800, height=2000","meta":{"rootId":"1b2usm6cmc7ngas","id":"1b2usm6cmc7ngas"},"id":"mjct1jt1gihwt8h","previousOperationId":"uewavxbf5ebuz8w"}
{"type":"log","timestamp":1701857096969,"level":"debug","message":"Running chrome with params {\"printBackground\":true,\"width\":\"6.8cm\",\"height\":\"50cm\",\"marginRight\":\"0cm\",\"marginLeft\":\"0cm\",\"timeout\":59977,\"margin\":{\"right\":\"0cm\",\"left\":\"0cm\"}}","meta":{"rootId":"1b2usm6cmc7ngas","id":"1b2usm6cmc7ngas"},"id":"9csxgu1sdwipw4n","previousOperationId":"uewavxbf5ebuz8w"}
{"type":"operationEnd","operationId":"uewavxbf5ebuz8w","timestamp":1701857096999,"id":"ifftpujibnn6l5t","previousEventId":"mr14km75100qsmo","previousOperationId":"uewavxbf5ebuz8w"}
{"type":"log","timestamp":1701857096999,"level":"debug","message":"Skipping storing report.","meta":{"rootId":"1b2usm6cmc7ngas","id":"1b2usm6cmc7ngas"},"id":"pnan2jveo6e3327","previousOperationId":"uewavxbf5ebuz8w"}
{"type":"log","timestamp":1701857096999,"level":"info","message":"Rendering request 72 finished in 108 ms","meta":{"rootId":"1b2usm6cmc7ngas","id":"1b2usm6cmc7ngas"},"id":"98a5nfy6gzhqnp4","previousOperationId":"uewavxbf5ebuz8w"}
{"type":"operationEnd","subtype":"render","operationId":"sxwgw84wx8fhsl8","timestamp":1701857096999,"id":"m00k9dsz2hq2ztm","previousEventId":"ifftpujibnn6l5t","previousOperationId":"uewavxbf5ebuz8w"}
{"type":"operationEnd","doDiffs":false,"previousEventId":"4mb825hcx9x82me","previousOperationId":"7d8d1by0ux2nmn2","operationId":"7d8d1by0ux2nmn2","timestamp":1701857097000,"id":"ia8e5todw28pn8z"}
