{"type":"operationStart","subtype":"profile","data":{"_id":"gdmWtlA475U4c1ds","timestamp":"2023-12-06T10:00:04.708Z","state":"queued","mode":"standard","creationDate":"2023-12-06T10:00:04.711Z","modificationDate":"2023-12-06T10:00:04.711Z","shortid":"Qib6APm","$entitySet":"profiles"},"doDiffs":false,"timestamp":1701856804709,"id":"wgyw60yy6mh9zh7","previousOperationId":null,"operationId":"ugvu1rbgr5r3r6w"}
{"type":"log","level":"info","message":"Render request 65 queued for execution and waiting for available worker","previousOperationId":"ugvu1rbgr5r3r6w","timestamp":1701856804710,"id":"xynb19q43kv538z"}
{"type":"operationStart","subtype":"render","name":"pns_index","previousOperationId":"ugvu1rbgr5r3r6w","timestamp":1701856804726,"id":"kzwumt7bpbki5y0","previousEventId":"wgyw60yy6mh9zh7","operationId":"7pwj3t5hbycc7vb"}
{"type":"log","timestamp":1701856804726,"level":"info","message":"Starting rendering request 65","meta":{"rootId":"1ws1iv17gm2zrd8","id":"1ws1iv17gm2zrd8"},"id":"c8uafnojin1e8u7","previousOperationId":"7pwj3t5hbycc7vb"}
{"type":"log","timestamp":1701856804726,"level":"info","message":"Rendering template { name: pns_index, recipe: chrome-pdf, engine: handlebars, preview: true }","meta":{"rootId":"1ws1iv17gm2zrd8","id":"1ws1iv17gm2zrd8"},"id":"ib9hbx1jfej1jgh","previousOperationId":"7pwj3t5hbycc7vb"}
{"type":"log","timestamp":1701856804727,"level":"debug","message":"Inline data specified.","meta":{"rootId":"1ws1iv17gm2zrd8","id":"1ws1iv17gm2zrd8"},"id":"jhbp9l9fv5tjsla","previousOperationId":"7pwj3t5hbycc7vb"}
{"type":"log","timestamp":1701856804728,"level":"debug","message":"Base url not specified, skipping its injection.","meta":{"rootId":"1ws1iv17gm2zrd8","id":"1ws1iv17gm2zrd8"},"id":"oencyxzd5hnigy1","previousOperationId":"7pwj3t5hbycc7vb"}
{"type":"log","timestamp":1701856804729,"level":"debug","message":"Replaced assets [\"styles.css\"]","meta":{"rootId":"1ws1iv17gm2zrd8","id":"1ws1iv17gm2zrd8"},"id":"vzb78kliegjr66p","previousOperationId":"7pwj3t5hbycc7vb"}
{"type":"operationStart","subtype":"engine","name":"handlebars","timestamp":1701856804729,"id":"f7oyq9nflxtjzoq","previousEventId":"kzwumt7bpbki5y0","operationId":"jkkcbg6tg52z3w1","previousOperationId":"7pwj3t5hbycc7vb"}
{"type":"log","timestamp":1701856804729,"level":"debug","message":"Rendering engine handlebars","meta":{"rootId":"1ws1iv17gm2zrd8","id":"1ws1iv17gm2zrd8"},"id":"z1moq9mlas8ur3u","previousOperationId":"jkkcbg6tg52z3w1"}
{"type":"operationEnd","operationId":"jkkcbg6tg52z3w1","timestamp":1701856804757,"id":"gcrya67oeefmzgj","previousEventId":"f7oyq9nflxtjzoq","previousOperationId":"jkkcbg6tg52z3w1"}
{"type":"operationStart","subtype":"recipe","name":"chrome-pdf","timestamp":1701856804758,"id":"8kgiyslpur95j5u","previousEventId":"gcrya67oeefmzgj","operationId":"wsjy3nf42xg504o","previousOperationId":"jkkcbg6tg52z3w1"}
{"type":"log","timestamp":1701856804758,"level":"debug","message":"Executing recipe chrome-pdf","meta":{"rootId":"1ws1iv17gm2zrd8","id":"1ws1iv17gm2zrd8"},"id":"azk7bywqyhxqst0","previousOperationId":"wsjy3nf42xg504o"}
{"type":"log","timestamp":1701856804760,"level":"debug","message":"Converting with chrome HeadlessChrome/117.0.5938.149 using chrome-pool strategy","meta":{"rootId":"1ws1iv17gm2zrd8","id":"1ws1iv17gm2zrd8"},"id":"l09bnekzkw8hmr4","previousOperationId":"wsjy3nf42xg504o"}
{"type":"log","timestamp":1701856804810,"level":"debug","message":"Page request: GET (document) file:///var/folders/dp/qk79pfcj0y1fmtkkl08m76rc0000gn/T/jsreport/autocleanup/6e0f52f5-7d29-4ccf-9879-24b6da7c07bc-chrome-pdf.html","meta":{"rootId":"1ws1iv17gm2zrd8","id":"1ws1iv17gm2zrd8"},"id":"wspdcwvbew02da7","previousOperationId":"wsjy3nf42xg504o"}
{"type":"log","timestamp":1701856804814,"level":"debug","message":"Page request finished: GET (document) 200 file:///var/folders/dp/qk79pfcj0y1fmtkkl08m76rc0000gn/T/jsreport/autocleanup/6e0f52f5-7d29-4ccf-9879-24b6da7c07bc-chrome-pdf.html","meta":{"rootId":"1ws1iv17gm2zrd8","id":"1ws1iv17gm2zrd8"},"id":"fj5ffgc3qqvbl3z","previousOperationId":"wsjy3nf42xg504o"}
{"type":"log","timestamp":1701856804827,"level":"debug","message":"Custom viewport for chrome page width=800, height=2000","meta":{"rootId":"1ws1iv17gm2zrd8","id":"1ws1iv17gm2zrd8"},"id":"92fijzy0u8ldsuu","previousOperationId":"wsjy3nf42xg504o"}
{"type":"log","timestamp":1701856804827,"level":"debug","message":"Running chrome with params {\"printBackground\":true,\"width\":\"6.8cm\",\"height\":\"50cm\",\"marginRight\":\"0cm\",\"marginLeft\":\"0cm\",\"timeout\":59949,\"margin\":{\"right\":\"0cm\",\"left\":\"0cm\"}}","meta":{"rootId":"1ws1iv17gm2zrd8","id":"1ws1iv17gm2zrd8"},"id":"0ggrtmcuiz73aj1","previousOperationId":"wsjy3nf42xg504o"}
{"type":"operationEnd","operationId":"wsjy3nf42xg504o","timestamp":1701856804857,"id":"nclj260btz68qfc","previousEventId":"8kgiyslpur95j5u","previousOperationId":"wsjy3nf42xg504o"}
{"type":"log","timestamp":1701856804857,"level":"debug","message":"Skipping storing report.","meta":{"rootId":"1ws1iv17gm2zrd8","id":"1ws1iv17gm2zrd8"},"id":"9ac5g8570z2y0ig","previousOperationId":"wsjy3nf42xg504o"}
{"type":"log","timestamp":1701856804857,"level":"info","message":"Rendering request 65 finished in 149 ms","meta":{"rootId":"1ws1iv17gm2zrd8","id":"1ws1iv17gm2zrd8"},"id":"rr3vw7q7pzht9mk","previousOperationId":"wsjy3nf42xg504o"}
{"type":"operationEnd","subtype":"render","operationId":"7pwj3t5hbycc7vb","timestamp":1701856804857,"id":"z5cwbn9h0boeb2y","previousEventId":"nclj260btz68qfc","previousOperationId":"wsjy3nf42xg504o"}
{"type":"operationEnd","doDiffs":false,"previousEventId":"wgyw60yy6mh9zh7","previousOperationId":"ugvu1rbgr5r3r6w","operationId":"ugvu1rbgr5r3r6w","timestamp":1701856804858,"id":"1cf28kfqk5cvsuw"}
