{"type":"operationStart","subtype":"profile","data":{"_id":"z2TtYX0nUKfPYK2e","timestamp":"2023-11-28T10:16:25.253Z","state":"queued","mode":"standard","creationDate":"2023-11-28T10:16:25.254Z","modificationDate":"2023-11-28T10:16:25.254Z","shortid":"bOuSr96","$entitySet":"profiles"},"doDiffs":false,"timestamp":1701166585253,"id":"4bsgb4vnef4sr64","previousOperationId":null,"operationId":"cg4574niwv2fpbl"}
{"type":"log","level":"info","message":"Render request 12 queued for execution and waiting for available worker","previousOperationId":"cg4574niwv2fpbl","timestamp":1701166585253,"id":"6c2lvggsupsi0wi"}
{"type":"operationStart","subtype":"render","name":"pns_index","previousOperationId":"cg4574niwv2fpbl","timestamp":1701166585260,"id":"3ps5exm1oump76o","previousEventId":"4bsgb4vnef4sr64","operationId":"tqcyq6xx8knd012"}
{"type":"log","timestamp":1701166585260,"level":"info","message":"Starting rendering request 12","meta":{"rootId":"1x7rnird0q9ffwx","id":"1x7rnird0q9ffwx"},"id":"vd6dwrqpykw85yu","previousOperationId":"tqcyq6xx8knd012"}
{"type":"log","timestamp":1701166585260,"level":"info","message":"Rendering template { name: pns_index, recipe: chrome-pdf, engine: handlebars, preview: true }","meta":{"rootId":"1x7rnird0q9ffwx","id":"1x7rnird0q9ffwx"},"id":"2gyt63u6oa3jr72","previousOperationId":"tqcyq6xx8knd012"}
{"type":"log","timestamp":1701166585261,"level":"debug","message":"Inline data specified.","meta":{"rootId":"1x7rnird0q9ffwx","id":"1x7rnird0q9ffwx"},"id":"7wysezjisyfuu89","previousOperationId":"tqcyq6xx8knd012"}
{"type":"log","timestamp":1701166585274,"level":"debug","message":"Base url not specified, skipping its injection.","meta":{"rootId":"1x7rnird0q9ffwx","id":"1x7rnird0q9ffwx"},"id":"l9399hw7z6kmqs1","previousOperationId":"tqcyq6xx8knd012"}
{"type":"operationStart","subtype":"engine","name":"handlebars","timestamp":1701166585274,"id":"7ivsxug3yulbati","previousEventId":"3ps5exm1oump76o","operationId":"2fns3y4uxmr4tyf","previousOperationId":"tqcyq6xx8knd012"}
{"type":"log","timestamp":1701166585274,"level":"debug","message":"Rendering engine handlebars","meta":{"rootId":"1x7rnird0q9ffwx","id":"1x7rnird0q9ffwx"},"id":"nuyl8b5szzfdmwb","previousOperationId":"2fns3y4uxmr4tyf"}
{"type":"operationEnd","operationId":"2fns3y4uxmr4tyf","timestamp":1701166585291,"id":"80t4b4d4bkx75ut","previousEventId":"7ivsxug3yulbati","previousOperationId":"2fns3y4uxmr4tyf"}
{"type":"operationStart","subtype":"recipe","name":"chrome-pdf","timestamp":1701166585291,"id":"oa4udthhe19rql3","previousEventId":"80t4b4d4bkx75ut","operationId":"f8w3431mgfl4jfg","previousOperationId":"2fns3y4uxmr4tyf"}
{"type":"log","timestamp":1701166585291,"level":"debug","message":"Executing recipe chrome-pdf","meta":{"rootId":"1x7rnird0q9ffwx","id":"1x7rnird0q9ffwx"},"id":"xb7gyljy4nizid9","previousOperationId":"f8w3431mgfl4jfg"}
{"type":"log","timestamp":1701166585292,"level":"debug","message":"Converting with chrome HeadlessChrome/117.0.5938.149 using chrome-pool strategy","meta":{"rootId":"1x7rnird0q9ffwx","id":"1x7rnird0q9ffwx"},"id":"sb1bzk68qpjiudb","previousOperationId":"f8w3431mgfl4jfg"}
{"type":"log","timestamp":1701166585340,"level":"debug","message":"Page request: GET (document) file:///var/folders/dp/qk79pfcj0y1fmtkkl08m76rc0000gn/T/jsreport/autocleanup/80407626-a15d-4cc1-9724-faead036591c-chrome-pdf.html","meta":{"rootId":"1x7rnird0q9ffwx","id":"1x7rnird0q9ffwx"},"id":"rg9xfuaty63gz5j","previousOperationId":"f8w3431mgfl4jfg"}
{"type":"log","timestamp":1701166585345,"level":"debug","message":"Page request finished: GET (document) 200 file:///var/folders/dp/qk79pfcj0y1fmtkkl08m76rc0000gn/T/jsreport/autocleanup/80407626-a15d-4cc1-9724-faead036591c-chrome-pdf.html","meta":{"rootId":"1x7rnird0q9ffwx","id":"1x7rnird0q9ffwx"},"id":"yffvm8awhttgny8","previousOperationId":"f8w3431mgfl4jfg"}
{"type":"log","timestamp":1701166585356,"level":"debug","message":"Running chrome with params {\"printBackground\":true,\"width\":\"8cm\",\"timeout\":59960,\"margin\":{}}","meta":{"rootId":"1x7rnird0q9ffwx","id":"1x7rnird0q9ffwx"},"id":"93yiny596y14kgi","previousOperationId":"f8w3431mgfl4jfg"}
{"type":"operationEnd","operationId":"f8w3431mgfl4jfg","timestamp":1701166585385,"id":"c42hzqmobi3b5b3","previousEventId":"oa4udthhe19rql3","previousOperationId":"f8w3431mgfl4jfg"}
{"type":"log","timestamp":1701166585385,"level":"debug","message":"Skipping storing report.","meta":{"rootId":"1x7rnird0q9ffwx","id":"1x7rnird0q9ffwx"},"id":"doz1rfbye9chhg6","previousOperationId":"f8w3431mgfl4jfg"}
{"type":"log","timestamp":1701166585385,"level":"info","message":"Rendering request 12 finished in 133 ms","meta":{"rootId":"1x7rnird0q9ffwx","id":"1x7rnird0q9ffwx"},"id":"ydimsaz16kjkewu","previousOperationId":"f8w3431mgfl4jfg"}
{"type":"operationEnd","subtype":"render","operationId":"tqcyq6xx8knd012","timestamp":1701166585385,"id":"yw7ex8jru3zhxjg","previousEventId":"c42hzqmobi3b5b3","previousOperationId":"f8w3431mgfl4jfg"}
{"type":"operationEnd","doDiffs":false,"previousEventId":"4bsgb4vnef4sr64","previousOperationId":"cg4574niwv2fpbl","operationId":"cg4574niwv2fpbl","timestamp":1701166585387,"id":"mag3brc1abmmet4"}
