{"type":"operationStart","subtype":"profile","data":{"_id":"HHoR2tmMSm049Gb9","timestamp":"2023-11-28T14:14:29.702Z","state":"queued","mode":"standard","creationDate":"2023-11-28T14:14:29.705Z","modificationDate":"2023-11-28T14:14:29.705Z","shortid":"u_q9Mz2","$entitySet":"profiles"},"doDiffs":false,"timestamp":1701180869704,"id":"6qdrahlt4xybvc2","previousOperationId":null,"operationId":"smbnvnnlcgvpvxp"}
{"type":"log","level":"info","message":"Render request 105 queued for execution and waiting for available worker","previousOperationId":"smbnvnnlcgvpvxp","timestamp":1701180869705,"id":"h1ftucceoz7j48m"}
{"type":"operationStart","subtype":"render","name":"pns_index","previousOperationId":"smbnvnnlcgvpvxp","timestamp":1701180869715,"id":"z1rkiwtnjd2mt9a","previousEventId":"6qdrahlt4xybvc2","operationId":"4wbauetbymc9dnt"}
{"type":"log","timestamp":1701180869715,"level":"info","message":"Starting rendering request 105","meta":{"rootId":"26nqn76m15p2o24","id":"26nqn76m15p2o24"},"id":"ybt4tpfb797gfc0","previousOperationId":"4wbauetbymc9dnt"}
{"type":"log","timestamp":1701180869715,"level":"info","message":"Rendering template { name: pns_index, recipe: chrome-pdf, engine: handlebars, preview: true }","meta":{"rootId":"26nqn76m15p2o24","id":"26nqn76m15p2o24"},"id":"inede5eg1p7kqzl","previousOperationId":"4wbauetbymc9dnt"}
{"type":"log","timestamp":1701180869717,"level":"debug","message":"Inline data specified.","meta":{"rootId":"26nqn76m15p2o24","id":"26nqn76m15p2o24"},"id":"l99uafgs7tdvry8","previousOperationId":"4wbauetbymc9dnt"}
{"type":"log","timestamp":1701180869720,"level":"debug","message":"Base url not specified, skipping its injection.","meta":{"rootId":"26nqn76m15p2o24","id":"26nqn76m15p2o24"},"id":"wjxc1m8coksyajj","previousOperationId":"4wbauetbymc9dnt"}
{"type":"operationStart","subtype":"engine","name":"handlebars","timestamp":1701180869721,"id":"e0x2t1ee2s8a3r5","previousEventId":"z1rkiwtnjd2mt9a","operationId":"xyu6o8rp7eaklst","previousOperationId":"4wbauetbymc9dnt"}
{"type":"log","timestamp":1701180869722,"level":"debug","message":"Rendering engine handlebars","meta":{"rootId":"26nqn76m15p2o24","id":"26nqn76m15p2o24"},"id":"xxtu7jn5i6hfxmr","previousOperationId":"xyu6o8rp7eaklst"}
{"type":"operationEnd","operationId":"xyu6o8rp7eaklst","timestamp":1701180869747,"id":"3cjpqn70ly570q6","previousEventId":"e0x2t1ee2s8a3r5","previousOperationId":"xyu6o8rp7eaklst"}
{"type":"operationStart","subtype":"recipe","name":"chrome-pdf","timestamp":1701180869748,"id":"os5cy27103f0yrq","previousEventId":"3cjpqn70ly570q6","operationId":"q1yy0fx4tajzevi","previousOperationId":"xyu6o8rp7eaklst"}
{"type":"log","timestamp":1701180869748,"level":"debug","message":"Executing recipe chrome-pdf","meta":{"rootId":"26nqn76m15p2o24","id":"26nqn76m15p2o24"},"id":"q87s5928k1yd2ye","previousOperationId":"q1yy0fx4tajzevi"}
{"type":"log","timestamp":1701180869751,"level":"debug","message":"Converting with chrome HeadlessChrome/117.0.5938.149 using chrome-pool strategy","meta":{"rootId":"26nqn76m15p2o24","id":"26nqn76m15p2o24"},"id":"k30vkoycilfsa1q","previousOperationId":"q1yy0fx4tajzevi"}
{"type":"log","timestamp":1701180869803,"level":"debug","message":"Page request: GET (document) file:///var/folders/dp/qk79pfcj0y1fmtkkl08m76rc0000gn/T/jsreport/autocleanup/9a818c2f-a51c-4e75-a51f-fddf08c6ee8f-chrome-pdf.html","meta":{"rootId":"26nqn76m15p2o24","id":"26nqn76m15p2o24"},"id":"5lo78gx6qcai42d","previousOperationId":"q1yy0fx4tajzevi"}
{"type":"log","timestamp":1701180869807,"level":"debug","message":"Page request finished: GET (document) 200 file:///var/folders/dp/qk79pfcj0y1fmtkkl08m76rc0000gn/T/jsreport/autocleanup/9a818c2f-a51c-4e75-a51f-fddf08c6ee8f-chrome-pdf.html","meta":{"rootId":"26nqn76m15p2o24","id":"26nqn76m15p2o24"},"id":"mlcvhy292gx924p","previousOperationId":"q1yy0fx4tajzevi"}
{"type":"log","timestamp":1701180869818,"level":"debug","message":"Custom viewport for chrome page width=800, height=2000","meta":{"rootId":"26nqn76m15p2o24","id":"26nqn76m15p2o24"},"id":"ve2xd5qfcppr0kj","previousOperationId":"q1yy0fx4tajzevi"}
{"type":"log","timestamp":1701180869820,"level":"debug","message":"Running chrome with params {\"printBackground\":true,\"width\":\"5.8cm\",\"height\":\"50cm\",\"timeout\":59952,\"margin\":{}}","meta":{"rootId":"26nqn76m15p2o24","id":"26nqn76m15p2o24"},"id":"n0h0z1ksuefvgwk","previousOperationId":"q1yy0fx4tajzevi"}
{"type":"operationEnd","operationId":"q1yy0fx4tajzevi","timestamp":1701180869851,"id":"oe2ig04yd4x7k6a","previousEventId":"os5cy27103f0yrq","previousOperationId":"q1yy0fx4tajzevi"}
{"type":"log","timestamp":1701180869852,"level":"debug","message":"Skipping storing report.","meta":{"rootId":"26nqn76m15p2o24","id":"26nqn76m15p2o24"},"id":"8sqobsd1ns2nosy","previousOperationId":"q1yy0fx4tajzevi"}
{"type":"log","timestamp":1701180869852,"level":"info","message":"Rendering request 105 finished in 150 ms","meta":{"rootId":"26nqn76m15p2o24","id":"26nqn76m15p2o24"},"id":"22ukczgszpt9m5e","previousOperationId":"q1yy0fx4tajzevi"}
{"type":"operationEnd","subtype":"render","operationId":"4wbauetbymc9dnt","timestamp":1701180869852,"id":"hyity7zues204hl","previousEventId":"oe2ig04yd4x7k6a","previousOperationId":"q1yy0fx4tajzevi"}
{"type":"operationEnd","doDiffs":false,"previousEventId":"6qdrahlt4xybvc2","previousOperationId":"smbnvnnlcgvpvxp","operationId":"smbnvnnlcgvpvxp","timestamp":1701180869853,"id":"3r5kelvvqqtg911"}
