{"type":"operationStart","subtype":"profile","data":{"_id":"220qpnfI6nXQOIhe","timestamp":"2023-12-06T09:35:58.838Z","state":"queued","mode":"standard","creationDate":"2023-12-06T09:35:58.839Z","modificationDate":"2023-12-06T09:35:58.839Z","shortid":"MS0yaNb","$entitySet":"profiles"},"doDiffs":false,"timestamp":1701855358839,"id":"s22oux7d6zowlhp","previousOperationId":null,"operationId":"xljsec13r5o63hg"}
{"type":"log","level":"info","message":"Render request 31 queued for execution and waiting for available worker","previousOperationId":"xljsec13r5o63hg","timestamp":1701855358839,"id":"efxsydjr3ryachm"}
{"type":"operationStart","subtype":"render","name":"pns_index","previousOperationId":"xljsec13r5o63hg","timestamp":1701855358852,"id":"bunhff5k3nd21jb","previousEventId":"s22oux7d6zowlhp","operationId":"6ac335lff3z33qx"}
{"type":"log","timestamp":1701855358853,"level":"info","message":"Starting rendering request 31","meta":{"rootId":"291pfahxthpkkls","id":"291pfahxthpkkls"},"id":"s8ugeodhu511n49","previousOperationId":"6ac335lff3z33qx"}
{"type":"log","timestamp":1701855358853,"level":"info","message":"Rendering template { name: pns_index, recipe: chrome-pdf, engine: handlebars, preview: true }","meta":{"rootId":"291pfahxthpkkls","id":"291pfahxthpkkls"},"id":"32paz4t29nbtxgg","previousOperationId":"6ac335lff3z33qx"}
{"type":"log","timestamp":1701855358855,"level":"debug","message":"Inline data specified.","meta":{"rootId":"291pfahxthpkkls","id":"291pfahxthpkkls"},"id":"5uq2dao5c6p55j6","previousOperationId":"6ac335lff3z33qx"}
{"type":"log","timestamp":1701855358856,"level":"debug","message":"Base url not specified, skipping its injection.","meta":{"rootId":"291pfahxthpkkls","id":"291pfahxthpkkls"},"id":"fo3wc90fpldvunq","previousOperationId":"6ac335lff3z33qx"}
{"type":"log","timestamp":1701855358857,"level":"debug","message":"Replaced assets [\"styles.css\"]","meta":{"rootId":"291pfahxthpkkls","id":"291pfahxthpkkls"},"id":"scs3sam67a81nu2","previousOperationId":"6ac335lff3z33qx"}
{"type":"operationStart","subtype":"engine","name":"handlebars","timestamp":1701855358857,"id":"gz93qo6srayhl7w","previousEventId":"bunhff5k3nd21jb","operationId":"zem1v38yuptu6om","previousOperationId":"6ac335lff3z33qx"}
{"type":"log","timestamp":1701855358857,"level":"debug","message":"Rendering engine handlebars","meta":{"rootId":"291pfahxthpkkls","id":"291pfahxthpkkls"},"id":"zi4ppww3nvatgxm","previousOperationId":"zem1v38yuptu6om"}
{"type":"operationEnd","operationId":"zem1v38yuptu6om","timestamp":1701855358890,"id":"uvlypom97wifab5","previousEventId":"gz93qo6srayhl7w","previousOperationId":"zem1v38yuptu6om"}
{"type":"operationStart","subtype":"recipe","name":"chrome-pdf","timestamp":1701855358890,"id":"ogucrkv4v14xcbx","previousEventId":"uvlypom97wifab5","operationId":"fjcx2qbta0gq5ou","previousOperationId":"zem1v38yuptu6om"}
{"type":"log","timestamp":1701855358890,"level":"debug","message":"Executing recipe chrome-pdf","meta":{"rootId":"291pfahxthpkkls","id":"291pfahxthpkkls"},"id":"0sa5r8i7m4ndx76","previousOperationId":"fjcx2qbta0gq5ou"}
{"type":"log","timestamp":1701855358892,"level":"debug","message":"Converting with chrome HeadlessChrome/117.0.5938.149 using chrome-pool strategy","meta":{"rootId":"291pfahxthpkkls","id":"291pfahxthpkkls"},"id":"l7zqzabezwoblgo","previousOperationId":"fjcx2qbta0gq5ou"}
{"type":"log","timestamp":1701855358941,"level":"debug","message":"Page request: GET (document) file:///var/folders/dp/qk79pfcj0y1fmtkkl08m76rc0000gn/T/jsreport/autocleanup/22f9a600-65dc-4876-b8de-17c8a86f5d36-chrome-pdf.html","meta":{"rootId":"291pfahxthpkkls","id":"291pfahxthpkkls"},"id":"1w3b5wsxc3ftssk","previousOperationId":"fjcx2qbta0gq5ou"}
{"type":"log","timestamp":1701855358945,"level":"debug","message":"Page request finished: GET (document) 200 file:///var/folders/dp/qk79pfcj0y1fmtkkl08m76rc0000gn/T/jsreport/autocleanup/22f9a600-65dc-4876-b8de-17c8a86f5d36-chrome-pdf.html","meta":{"rootId":"291pfahxthpkkls","id":"291pfahxthpkkls"},"id":"j6rvtk3qjn4msti","previousOperationId":"fjcx2qbta0gq5ou"}
{"type":"log","timestamp":1701855358956,"level":"debug","message":"Custom viewport for chrome page width=800, height=2000","meta":{"rootId":"291pfahxthpkkls","id":"291pfahxthpkkls"},"id":"9knh6n88ygdn6vb","previousOperationId":"fjcx2qbta0gq5ou"}
{"type":"log","timestamp":1701855358957,"level":"debug","message":"Running chrome with params {\"printBackground\":true,\"width\":\"5.8cm\",\"height\":\"40cm\",\"marginRight\":\"0cm\",\"marginLeft\":\"0cm\",\"timeout\":59947,\"margin\":{\"right\":\"0cm\",\"left\":\"0cm\"}}","meta":{"rootId":"291pfahxthpkkls","id":"291pfahxthpkkls"},"id":"im2r3nl2n18oeeu","previousOperationId":"fjcx2qbta0gq5ou"}
{"type":"operationEnd","operationId":"fjcx2qbta0gq5ou","timestamp":1701855358986,"id":"fatbm1qhi3cq2d4","previousEventId":"ogucrkv4v14xcbx","previousOperationId":"fjcx2qbta0gq5ou"}
{"type":"log","timestamp":1701855358986,"level":"debug","message":"Skipping storing report.","meta":{"rootId":"291pfahxthpkkls","id":"291pfahxthpkkls"},"id":"b9111pxc94un03e","previousOperationId":"fjcx2qbta0gq5ou"}
{"type":"log","timestamp":1701855358986,"level":"info","message":"Rendering request 31 finished in 148 ms","meta":{"rootId":"291pfahxthpkkls","id":"291pfahxthpkkls"},"id":"svxlzpjjta8iw4u","previousOperationId":"fjcx2qbta0gq5ou"}
{"type":"operationEnd","subtype":"render","operationId":"6ac335lff3z33qx","timestamp":1701855358987,"id":"f81ie5dkopfi6vk","previousEventId":"fatbm1qhi3cq2d4","previousOperationId":"fjcx2qbta0gq5ou"}
{"type":"operationEnd","doDiffs":false,"previousEventId":"s22oux7d6zowlhp","previousOperationId":"xljsec13r5o63hg","operationId":"xljsec13r5o63hg","timestamp":1701855358989,"id":"2jrq06ggk2xeoj0"}
