{"type":"operationStart","subtype":"profile","data":{"_id":"E3GbWPhtDTonS8Td","timestamp":"2023-11-28T12:42:03.002Z","state":"queued","mode":"standard","creationDate":"2023-11-28T12:42:03.004Z","modificationDate":"2023-11-28T12:42:03.004Z","shortid":"0tGiO-Y","$entitySet":"profiles"},"doDiffs":false,"timestamp":1701175323003,"id":"i7qh52oif5w6d29","previousOperationId":null,"operationId":"ok73he7qdvk7hrk"}
{"type":"log","level":"info","message":"Render request 54 queued for execution and waiting for available worker","previousOperationId":"ok73he7qdvk7hrk","timestamp":1701175323003,"id":"zlpl3inq9pobsuo"}
{"type":"operationStart","subtype":"render","name":"pns_index","previousOperationId":"ok73he7qdvk7hrk","timestamp":1701175323009,"id":"adagd5975qqt07h","previousEventId":"i7qh52oif5w6d29","operationId":"3yk7787n8gmfy7o"}
{"type":"log","timestamp":1701175323009,"level":"info","message":"Starting rendering request 54","meta":{"rootId":"342ry0pdv6q69jj","id":"342ry0pdv6q69jj"},"id":"8dgqhtlbdgltk1l","previousOperationId":"3yk7787n8gmfy7o"}
{"type":"log","timestamp":1701175323009,"level":"info","message":"Rendering template { name: pns_index, recipe: chrome-pdf, engine: handlebars, preview: true }","meta":{"rootId":"342ry0pdv6q69jj","id":"342ry0pdv6q69jj"},"id":"ck20p9ogum0q4r5","previousOperationId":"3yk7787n8gmfy7o"}
{"type":"log","timestamp":1701175323010,"level":"debug","message":"Inline data specified.","meta":{"rootId":"342ry0pdv6q69jj","id":"342ry0pdv6q69jj"},"id":"n38jh2u01thglcx","previousOperationId":"3yk7787n8gmfy7o"}
{"type":"log","timestamp":1701175323012,"level":"debug","message":"Base url not specified, skipping its injection.","meta":{"rootId":"342ry0pdv6q69jj","id":"342ry0pdv6q69jj"},"id":"zx9m9stx9qdzp3i","previousOperationId":"3yk7787n8gmfy7o"}
{"type":"operationStart","subtype":"engine","name":"handlebars","timestamp":1701175323012,"id":"q2u0h2ayrx8ykq9","previousEventId":"adagd5975qqt07h","operationId":"vux37eptluxog3g","previousOperationId":"3yk7787n8gmfy7o"}
{"type":"log","timestamp":1701175323012,"level":"debug","message":"Rendering engine handlebars","meta":{"rootId":"342ry0pdv6q69jj","id":"342ry0pdv6q69jj"},"id":"3po0rifb5llrwv3","previousOperationId":"vux37eptluxog3g"}
{"type":"operationEnd","operationId":"vux37eptluxog3g","timestamp":1701175323044,"id":"g5xmp0s2prw82y5","previousEventId":"q2u0h2ayrx8ykq9","previousOperationId":"vux37eptluxog3g"}
{"type":"operationStart","subtype":"recipe","name":"chrome-pdf","timestamp":1701175323044,"id":"88duyraxamd83gz","previousEventId":"g5xmp0s2prw82y5","operationId":"i9cnka68qg2t7p4","previousOperationId":"vux37eptluxog3g"}
{"type":"log","timestamp":1701175323044,"level":"debug","message":"Executing recipe chrome-pdf","meta":{"rootId":"342ry0pdv6q69jj","id":"342ry0pdv6q69jj"},"id":"a2cj7oybjqzc6ba","previousOperationId":"i9cnka68qg2t7p4"}
{"type":"log","timestamp":1701175323045,"level":"debug","message":"Converting with chrome HeadlessChrome/117.0.5938.149 using chrome-pool strategy","meta":{"rootId":"342ry0pdv6q69jj","id":"342ry0pdv6q69jj"},"id":"ibd2iazswnwqoij","previousOperationId":"i9cnka68qg2t7p4"}
{"type":"log","timestamp":1701175323091,"level":"debug","message":"Page request: GET (document) file:///var/folders/dp/qk79pfcj0y1fmtkkl08m76rc0000gn/T/jsreport/autocleanup/8809f5a3-e9f4-4a44-b7fb-987ace3eed7c-chrome-pdf.html","meta":{"rootId":"342ry0pdv6q69jj","id":"342ry0pdv6q69jj"},"id":"uoumv1tdcbjka2h","previousOperationId":"i9cnka68qg2t7p4"}
{"type":"log","timestamp":1701175323096,"level":"debug","message":"Page request finished: GET (document) 200 file:///var/folders/dp/qk79pfcj0y1fmtkkl08m76rc0000gn/T/jsreport/autocleanup/8809f5a3-e9f4-4a44-b7fb-987ace3eed7c-chrome-pdf.html","meta":{"rootId":"342ry0pdv6q69jj","id":"342ry0pdv6q69jj"},"id":"dhdxshdbxgu47kd","previousOperationId":"i9cnka68qg2t7p4"}
{"type":"log","timestamp":1701175323107,"level":"debug","message":"Custom viewport for chrome page width=800, height=2000","meta":{"rootId":"342ry0pdv6q69jj","id":"342ry0pdv6q69jj"},"id":"q7xzvxfhgckmuib","previousOperationId":"i9cnka68qg2t7p4"}
{"type":"log","timestamp":1701175323108,"level":"debug","message":"Running chrome with params {\"printBackground\":true,\"width\":\"8cm\",\"height\":\"50cm\",\"timeout\":59957,\"margin\":{}}","meta":{"rootId":"342ry0pdv6q69jj","id":"342ry0pdv6q69jj"},"id":"mkyzqxjosu7j0xk","previousOperationId":"i9cnka68qg2t7p4"}
{"type":"operationEnd","operationId":"i9cnka68qg2t7p4","timestamp":1701175323134,"id":"q63rzqwcfiv5r7h","previousEventId":"88duyraxamd83gz","previousOperationId":"i9cnka68qg2t7p4"}
{"type":"log","timestamp":1701175323134,"level":"debug","message":"Skipping storing report.","meta":{"rootId":"342ry0pdv6q69jj","id":"342ry0pdv6q69jj"},"id":"f7ovo38kyjudkkn","previousOperationId":"i9cnka68qg2t7p4"}
{"type":"log","timestamp":1701175323134,"level":"info","message":"Rendering request 54 finished in 132 ms","meta":{"rootId":"342ry0pdv6q69jj","id":"342ry0pdv6q69jj"},"id":"v89w8dyrceuptht","previousOperationId":"i9cnka68qg2t7p4"}
{"type":"operationEnd","subtype":"render","operationId":"3yk7787n8gmfy7o","timestamp":1701175323134,"id":"gkwntimdiis7knr","previousEventId":"q63rzqwcfiv5r7h","previousOperationId":"i9cnka68qg2t7p4"}
{"type":"operationEnd","doDiffs":false,"previousEventId":"i7qh52oif5w6d29","previousOperationId":"ok73he7qdvk7hrk","operationId":"ok73he7qdvk7hrk","timestamp":1701175323135,"id":"mz3j7r9uw8fomt0"}
