{"type":"operationStart","subtype":"profile","data":{"_id":"DpTdCISKLtZ0rbJI","timestamp":"2023-12-06T09:43:03.467Z","state":"queued","mode":"standard","creationDate":"2023-12-06T09:43:03.473Z","modificationDate":"2023-12-06T09:43:03.473Z","shortid":"Srxotoc","$entitySet":"profiles"},"doDiffs":false,"timestamp":1701855783468,"id":"fq6qe3g2q30p2i2","previousOperationId":null,"operationId":"ou3i6koj1z5ne7d"}
{"type":"log","level":"info","message":"Render request 42 queued for execution and waiting for available worker","previousOperationId":"ou3i6koj1z5ne7d","timestamp":1701855783471,"id":"bnl2e9fkkiqndue"}
{"type":"operationStart","subtype":"render","name":"pns_index","previousOperationId":"ou3i6koj1z5ne7d","timestamp":1701855783482,"id":"hmkllyv3v8vqge6","previousEventId":"fq6qe3g2q30p2i2","operationId":"o66ixjjn1pp0ha5"}
{"type":"log","timestamp":1701855783482,"level":"info","message":"Starting rendering request 42","meta":{"rootId":"3k3hm9bhrahj19c","id":"3k3hm9bhrahj19c"},"id":"jeeyl0er9z9m4rf","previousOperationId":"o66ixjjn1pp0ha5"}
{"type":"log","timestamp":1701855783482,"level":"info","message":"Rendering template { name: pns_index, recipe: chrome-pdf, engine: handlebars, preview: true }","meta":{"rootId":"3k3hm9bhrahj19c","id":"3k3hm9bhrahj19c"},"id":"oe2vxxb7tjbs7lj","previousOperationId":"o66ixjjn1pp0ha5"}
{"type":"log","timestamp":1701855783484,"level":"debug","message":"Inline data specified.","meta":{"rootId":"3k3hm9bhrahj19c","id":"3k3hm9bhrahj19c"},"id":"es7x3p1gvreshxs","previousOperationId":"o66ixjjn1pp0ha5"}
{"type":"log","timestamp":1701855783485,"level":"debug","message":"Base url not specified, skipping its injection.","meta":{"rootId":"3k3hm9bhrahj19c","id":"3k3hm9bhrahj19c"},"id":"fskcfomlhdfa0d9","previousOperationId":"o66ixjjn1pp0ha5"}
{"type":"log","timestamp":1701855783490,"level":"debug","message":"Replaced assets [\"styles.css\"]","meta":{"rootId":"3k3hm9bhrahj19c","id":"3k3hm9bhrahj19c"},"id":"i3136uwj1i6p8cf","previousOperationId":"o66ixjjn1pp0ha5"}
{"type":"operationStart","subtype":"engine","name":"handlebars","timestamp":1701855783491,"id":"i88szg3w377mvyu","previousEventId":"hmkllyv3v8vqge6","operationId":"xgu1hv21kl3eamx","previousOperationId":"o66ixjjn1pp0ha5"}
{"type":"log","timestamp":1701855783491,"level":"debug","message":"Rendering engine handlebars","meta":{"rootId":"3k3hm9bhrahj19c","id":"3k3hm9bhrahj19c"},"id":"0nii7brpv1jgdwc","previousOperationId":"xgu1hv21kl3eamx"}
{"type":"operationEnd","operationId":"xgu1hv21kl3eamx","timestamp":1701855783513,"id":"3ghzz93yt18q3od","previousEventId":"i88szg3w377mvyu","previousOperationId":"xgu1hv21kl3eamx"}
{"type":"operationStart","subtype":"recipe","name":"chrome-pdf","timestamp":1701855783513,"id":"5dej6gii4ycpdjn","previousEventId":"3ghzz93yt18q3od","operationId":"mk1hc7z49jcyma3","previousOperationId":"xgu1hv21kl3eamx"}
{"type":"log","timestamp":1701855783513,"level":"debug","message":"Executing recipe chrome-pdf","meta":{"rootId":"3k3hm9bhrahj19c","id":"3k3hm9bhrahj19c"},"id":"x4hlhhz3lard029","previousOperationId":"mk1hc7z49jcyma3"}
{"type":"log","timestamp":1701855783515,"level":"debug","message":"Converting with chrome HeadlessChrome/117.0.5938.149 using chrome-pool strategy","meta":{"rootId":"3k3hm9bhrahj19c","id":"3k3hm9bhrahj19c"},"id":"jadusipfyomc73g","previousOperationId":"mk1hc7z49jcyma3"}
{"type":"log","timestamp":1701855783561,"level":"debug","message":"Page request: GET (document) file:///var/folders/dp/qk79pfcj0y1fmtkkl08m76rc0000gn/T/jsreport/autocleanup/86df2ae2-513f-46b8-9eaf-524755556048-chrome-pdf.html","meta":{"rootId":"3k3hm9bhrahj19c","id":"3k3hm9bhrahj19c"},"id":"tuubcis6di47eqh","previousOperationId":"mk1hc7z49jcyma3"}
{"type":"log","timestamp":1701855783565,"level":"debug","message":"Page request finished: GET (document) 200 file:///var/folders/dp/qk79pfcj0y1fmtkkl08m76rc0000gn/T/jsreport/autocleanup/86df2ae2-513f-46b8-9eaf-524755556048-chrome-pdf.html","meta":{"rootId":"3k3hm9bhrahj19c","id":"3k3hm9bhrahj19c"},"id":"bcejljml6us0igq","previousOperationId":"mk1hc7z49jcyma3"}
{"type":"log","timestamp":1701855783575,"level":"debug","message":"Custom viewport for chrome page width=800, height=2000","meta":{"rootId":"3k3hm9bhrahj19c","id":"3k3hm9bhrahj19c"},"id":"15nv851pb2fsaf4","previousOperationId":"mk1hc7z49jcyma3"}
{"type":"log","timestamp":1701855783577,"level":"debug","message":"Running chrome with params {\"printBackground\":true,\"width\":\"5.8cm\",\"height\":\"40cm\",\"marginRight\":\"0cm\",\"marginLeft\":\"0cm\",\"timeout\":59953,\"margin\":{\"right\":\"0cm\",\"left\":\"0cm\"}}","meta":{"rootId":"3k3hm9bhrahj19c","id":"3k3hm9bhrahj19c"},"id":"reje75eb5qdt7k7","previousOperationId":"mk1hc7z49jcyma3"}
{"type":"operationEnd","operationId":"mk1hc7z49jcyma3","timestamp":1701855783603,"id":"ww958ajvi9npsiz","previousEventId":"5dej6gii4ycpdjn","previousOperationId":"mk1hc7z49jcyma3"}
{"type":"log","timestamp":1701855783603,"level":"debug","message":"Skipping storing report.","meta":{"rootId":"3k3hm9bhrahj19c","id":"3k3hm9bhrahj19c"},"id":"d71cg9clp9yjhza","previousOperationId":"mk1hc7z49jcyma3"}
{"type":"log","timestamp":1701855783604,"level":"info","message":"Rendering request 42 finished in 137 ms","meta":{"rootId":"3k3hm9bhrahj19c","id":"3k3hm9bhrahj19c"},"id":"oaj6b39avf92a12","previousOperationId":"mk1hc7z49jcyma3"}
{"type":"operationEnd","subtype":"render","operationId":"o66ixjjn1pp0ha5","timestamp":1701855783604,"id":"aymx03w26r6lokj","previousEventId":"ww958ajvi9npsiz","previousOperationId":"mk1hc7z49jcyma3"}
{"type":"operationEnd","doDiffs":false,"previousEventId":"fq6qe3g2q30p2i2","previousOperationId":"ou3i6koj1z5ne7d","operationId":"ou3i6koj1z5ne7d","timestamp":1701855783605,"id":"1l3xzbd1lqxepup"}
