{"type":"operationStart","subtype":"profile","data":{"_id":"0rWMmlmN9oPxLMII","timestamp":"2023-11-30T08:30:52.997Z","state":"queued","mode":"standard","creationDate":"2023-11-30T08:30:52.999Z","modificationDate":"2023-11-30T08:30:52.999Z","shortid":"OaAEEGY","$entitySet":"profiles"},"doDiffs":false,"timestamp":1701333052998,"id":"mee02bogv19iqxw","previousOperationId":null,"operationId":"bwsljyb6pbtsqww"}
{"type":"log","level":"info","message":"Render request 3 queued for execution and waiting for available worker","previousOperationId":"bwsljyb6pbtsqww","timestamp":1701333052998,"id":"7md4awky2j0z5xd"}
{"type":"operationStart","subtype":"render","name":"pns_index","previousOperationId":"bwsljyb6pbtsqww","timestamp":1701333053007,"id":"dsg1jjpr2ogc2c5","previousEventId":"mee02bogv19iqxw","operationId":"qm4jabvgogp5fm6"}
{"type":"log","timestamp":1701333053007,"level":"info","message":"Starting rendering request 3","meta":{"rootId":"3szx7jvo8etcvzg","id":"3szx7jvo8etcvzg"},"id":"cgfuq05l0wf4i9d","previousOperationId":"qm4jabvgogp5fm6"}
{"type":"log","timestamp":1701333053008,"level":"info","message":"Rendering template { name: pns_index, recipe: chrome-pdf, engine: handlebars, preview: true }","meta":{"rootId":"3szx7jvo8etcvzg","id":"3szx7jvo8etcvzg"},"id":"a8tma6h23bd7yct","previousOperationId":"qm4jabvgogp5fm6"}
{"type":"log","timestamp":1701333053008,"level":"debug","message":"Inline data specified.","meta":{"rootId":"3szx7jvo8etcvzg","id":"3szx7jvo8etcvzg"},"id":"i0yi2tek84ixs7m","previousOperationId":"qm4jabvgogp5fm6"}
{"type":"log","timestamp":1701333053010,"level":"debug","message":"Base url not specified, skipping its injection.","meta":{"rootId":"3szx7jvo8etcvzg","id":"3szx7jvo8etcvzg"},"id":"d61k8vu2e51za77","previousOperationId":"qm4jabvgogp5fm6"}
{"type":"operationStart","subtype":"engine","name":"handlebars","timestamp":1701333053010,"id":"ok3svdvif5ia0cp","previousEventId":"dsg1jjpr2ogc2c5","operationId":"rc88nsuewr4hk9h","previousOperationId":"qm4jabvgogp5fm6"}
{"type":"log","timestamp":1701333053011,"level":"debug","message":"Rendering engine handlebars","meta":{"rootId":"3szx7jvo8etcvzg","id":"3szx7jvo8etcvzg"},"id":"oam1z6ody8hbgig","previousOperationId":"rc88nsuewr4hk9h"}
{"type":"operationEnd","operationId":"rc88nsuewr4hk9h","timestamp":1701333053055,"id":"kezuyefzaphy8db","previousEventId":"ok3svdvif5ia0cp","previousOperationId":"rc88nsuewr4hk9h"}
{"type":"operationStart","subtype":"recipe","name":"chrome-pdf","timestamp":1701333053056,"id":"xuu0prq0do9cc02","previousEventId":"kezuyefzaphy8db","operationId":"5l47b9cz0lnw2ei","previousOperationId":"rc88nsuewr4hk9h"}
{"type":"log","timestamp":1701333053056,"level":"debug","message":"Executing recipe chrome-pdf","meta":{"rootId":"3szx7jvo8etcvzg","id":"3szx7jvo8etcvzg"},"id":"m16gr6gmm4z693r","previousOperationId":"5l47b9cz0lnw2ei"}
{"type":"log","timestamp":1701333053058,"level":"debug","message":"Converting with chrome HeadlessChrome/117.0.5938.149 using chrome-pool strategy","meta":{"rootId":"3szx7jvo8etcvzg","id":"3szx7jvo8etcvzg"},"id":"lsi9vqnxm49ce9l","previousOperationId":"5l47b9cz0lnw2ei"}
{"type":"log","timestamp":1701333053103,"level":"debug","message":"Page request: GET (document) file:///var/folders/dp/qk79pfcj0y1fmtkkl08m76rc0000gn/T/jsreport/autocleanup/898ce863-a4cf-4afc-940c-08a2a258555d-chrome-pdf.html","meta":{"rootId":"3szx7jvo8etcvzg","id":"3szx7jvo8etcvzg"},"id":"jg0734wh3ey0xvl","previousOperationId":"5l47b9cz0lnw2ei"}
{"type":"log","timestamp":1701333053107,"level":"debug","message":"Page request finished: GET (document) 200 file:///var/folders/dp/qk79pfcj0y1fmtkkl08m76rc0000gn/T/jsreport/autocleanup/898ce863-a4cf-4afc-940c-08a2a258555d-chrome-pdf.html","meta":{"rootId":"3szx7jvo8etcvzg","id":"3szx7jvo8etcvzg"},"id":"1mwlvaupip3532t","previousOperationId":"5l47b9cz0lnw2ei"}
{"type":"log","timestamp":1701333053117,"level":"debug","message":"Custom viewport for chrome page width=800, height=2000","meta":{"rootId":"3szx7jvo8etcvzg","id":"3szx7jvo8etcvzg"},"id":"au6admx0e60xqss","previousOperationId":"5l47b9cz0lnw2ei"}
{"type":"log","timestamp":1701333053118,"level":"debug","message":"Running chrome with params {\"printBackground\":true,\"width\":\"5.8cm\",\"height\":\"50cm\",\"timeout\":59940,\"margin\":{}}","meta":{"rootId":"3szx7jvo8etcvzg","id":"3szx7jvo8etcvzg"},"id":"8t7pa69r23x59oo","previousOperationId":"5l47b9cz0lnw2ei"}
{"type":"operationEnd","operationId":"5l47b9cz0lnw2ei","timestamp":1701333053152,"id":"ws7ofrs32ip1vcc","previousEventId":"xuu0prq0do9cc02","previousOperationId":"5l47b9cz0lnw2ei"}
{"type":"log","timestamp":1701333053152,"level":"debug","message":"Skipping storing report.","meta":{"rootId":"3szx7jvo8etcvzg","id":"3szx7jvo8etcvzg"},"id":"0lyokjwbwg6fs6o","previousOperationId":"5l47b9cz0lnw2ei"}
{"type":"log","timestamp":1701333053152,"level":"info","message":"Rendering request 3 finished in 155 ms","meta":{"rootId":"3szx7jvo8etcvzg","id":"3szx7jvo8etcvzg"},"id":"ezv1il7gnveooms","previousOperationId":"5l47b9cz0lnw2ei"}
{"type":"operationEnd","subtype":"render","operationId":"qm4jabvgogp5fm6","timestamp":1701333053152,"id":"7j18zk51zp7zo9q","previousEventId":"ws7ofrs32ip1vcc","previousOperationId":"5l47b9cz0lnw2ei"}
{"type":"operationEnd","doDiffs":false,"previousEventId":"mee02bogv19iqxw","previousOperationId":"bwsljyb6pbtsqww","operationId":"bwsljyb6pbtsqww","timestamp":1701333053154,"id":"59kle5oelw9iwrn"}
