{"type":"operationStart","subtype":"profile","data":{"_id":"X684Sl7SBLR5FPF5","timestamp":"2023-11-28T11:19:37.757Z","state":"queued","mode":"standard","creationDate":"2023-11-28T11:19:37.759Z","modificationDate":"2023-11-28T11:19:37.759Z","shortid":"aES6DEL","$entitySet":"profiles"},"doDiffs":false,"timestamp":1701170377757,"id":"q2h8qqdwh4y3plc","previousOperationId":null,"operationId":"lkt3af09gtdhrdq"}
{"type":"log","level":"info","message":"Render request 5 queued for execution and waiting for available worker","previousOperationId":"lkt3af09gtdhrdq","timestamp":1701170377758,"id":"huok51isjuohgjq"}
{"type":"operationStart","subtype":"render","name":"pns_index","previousOperationId":"lkt3af09gtdhrdq","timestamp":1701170377764,"id":"izwowkhqhesg3g0","previousEventId":"q2h8qqdwh4y3plc","operationId":"h37j870tgwag0x5"}
{"type":"log","timestamp":1701170377764,"level":"info","message":"Starting rendering request 5","meta":{"rootId":"3t5giju4tz734hx","id":"3t5giju4tz734hx"},"id":"e330ifevci7s264","previousOperationId":"h37j870tgwag0x5"}
{"type":"log","timestamp":1701170377764,"level":"info","message":"Rendering template { name: pns_index, recipe: chrome-pdf, engine: handlebars, preview: true }","meta":{"rootId":"3t5giju4tz734hx","id":"3t5giju4tz734hx"},"id":"w3p7q0qqqytkymu","previousOperationId":"h37j870tgwag0x5"}
{"type":"log","timestamp":1701170377765,"level":"debug","message":"Inline data specified.","meta":{"rootId":"3t5giju4tz734hx","id":"3t5giju4tz734hx"},"id":"x92nupn1yce2u02","previousOperationId":"h37j870tgwag0x5"}
{"type":"log","timestamp":1701170377766,"level":"debug","message":"Base url not specified, skipping its injection.","meta":{"rootId":"3t5giju4tz734hx","id":"3t5giju4tz734hx"},"id":"je8esv2m74rbvf3","previousOperationId":"h37j870tgwag0x5"}
{"type":"operationStart","subtype":"engine","name":"handlebars","timestamp":1701170377767,"id":"qznd79vvflti5rg","previousEventId":"izwowkhqhesg3g0","operationId":"hpg6jjoxw52vns0","previousOperationId":"h37j870tgwag0x5"}
{"type":"log","timestamp":1701170377767,"level":"debug","message":"Rendering engine handlebars","meta":{"rootId":"3t5giju4tz734hx","id":"3t5giju4tz734hx"},"id":"n40bimy69autt1r","previousOperationId":"hpg6jjoxw52vns0"}
{"type":"operationEnd","operationId":"hpg6jjoxw52vns0","timestamp":1701170377795,"id":"ld5davkic8h5wjv","previousEventId":"qznd79vvflti5rg","previousOperationId":"hpg6jjoxw52vns0"}
{"type":"operationStart","subtype":"recipe","name":"chrome-pdf","timestamp":1701170377796,"id":"abumdlf0l45f6ma","previousEventId":"ld5davkic8h5wjv","operationId":"2hyoziznsbia0ad","previousOperationId":"hpg6jjoxw52vns0"}
{"type":"log","timestamp":1701170377796,"level":"debug","message":"Executing recipe chrome-pdf","meta":{"rootId":"3t5giju4tz734hx","id":"3t5giju4tz734hx"},"id":"zps5wi4sra1zzvf","previousOperationId":"2hyoziznsbia0ad"}
{"type":"log","timestamp":1701170377797,"level":"debug","message":"Converting with chrome HeadlessChrome/117.0.5938.149 using chrome-pool strategy","meta":{"rootId":"3t5giju4tz734hx","id":"3t5giju4tz734hx"},"id":"6tfd8p29h9wjlk5","previousOperationId":"2hyoziznsbia0ad"}
{"type":"log","timestamp":1701170377847,"level":"debug","message":"Page request: GET (document) file:///var/folders/dp/qk79pfcj0y1fmtkkl08m76rc0000gn/T/jsreport/autocleanup/3fb8bf54-de9c-41a0-ae56-d9dee5844e13-chrome-pdf.html","meta":{"rootId":"3t5giju4tz734hx","id":"3t5giju4tz734hx"},"id":"8u6n2vwghf5xq4a","previousOperationId":"2hyoziznsbia0ad"}
{"type":"log","timestamp":1701170377852,"level":"debug","message":"Page request finished: GET (document) 200 file:///var/folders/dp/qk79pfcj0y1fmtkkl08m76rc0000gn/T/jsreport/autocleanup/3fb8bf54-de9c-41a0-ae56-d9dee5844e13-chrome-pdf.html","meta":{"rootId":"3t5giju4tz734hx","id":"3t5giju4tz734hx"},"id":"05q2x9fq6qfnwbs","previousOperationId":"2hyoziznsbia0ad"}
{"type":"log","timestamp":1701170377860,"level":"debug","message":"Running chrome with params {\"printBackground\":true,\"width\":\"8cm\",\"timeout\":59961,\"margin\":{}}","meta":{"rootId":"3t5giju4tz734hx","id":"3t5giju4tz734hx"},"id":"31fejfe3auoxqhh","previousOperationId":"2hyoziznsbia0ad"}
{"type":"operationEnd","operationId":"2hyoziznsbia0ad","timestamp":1701170377881,"id":"nbdcn29119ut4he","previousEventId":"abumdlf0l45f6ma","previousOperationId":"2hyoziznsbia0ad"}
{"type":"log","timestamp":1701170377881,"level":"debug","message":"Skipping storing report.","meta":{"rootId":"3t5giju4tz734hx","id":"3t5giju4tz734hx"},"id":"eojimc8558s232v","previousOperationId":"2hyoziznsbia0ad"}
{"type":"log","timestamp":1701170377881,"level":"info","message":"Rendering request 5 finished in 124 ms","meta":{"rootId":"3t5giju4tz734hx","id":"3t5giju4tz734hx"},"id":"6wku2k8ejcxpu8k","previousOperationId":"2hyoziznsbia0ad"}
{"type":"operationEnd","subtype":"render","operationId":"h37j870tgwag0x5","timestamp":1701170377881,"id":"3cq9xxmgpxcmof0","previousEventId":"nbdcn29119ut4he","previousOperationId":"2hyoziznsbia0ad"}
{"type":"operationEnd","doDiffs":false,"previousEventId":"q2h8qqdwh4y3plc","previousOperationId":"lkt3af09gtdhrdq","operationId":"lkt3af09gtdhrdq","timestamp":1701170377883,"id":"sjujmb7s83zwoe7"}
