{"type":"operationStart","subtype":"profile","data":{"_id":"rLYG4Za0erjWF7Gd","timestamp":"2023-11-28T13:32:58.110Z","state":"queued","mode":"standard","creationDate":"2023-11-28T13:32:58.111Z","modificationDate":"2023-11-28T13:32:58.111Z","shortid":"wA5Ab4N","$entitySet":"profiles"},"doDiffs":false,"timestamp":1701178378110,"id":"bzm2qbcn29d50sb","previousOperationId":null,"operationId":"dtxm0i125mc4fl1"}
{"type":"log","level":"info","message":"Render request 78 queued for execution and waiting for available worker","previousOperationId":"dtxm0i125mc4fl1","timestamp":1701178378110,"id":"8papab5vpyjuacg"}
{"type":"operationStart","subtype":"render","name":"pns_index","previousOperationId":"dtxm0i125mc4fl1","timestamp":1701178378117,"id":"cqlwytxtp2o5pi1","previousEventId":"bzm2qbcn29d50sb","operationId":"e9ij72i4fcjs6yd"}
{"type":"log","timestamp":1701178378117,"level":"info","message":"Starting rendering request 78","meta":{"rootId":"3ut4tfjttlco25h","id":"3ut4tfjttlco25h"},"id":"23gk9gn3swu4x4o","previousOperationId":"e9ij72i4fcjs6yd"}
{"type":"log","timestamp":1701178378117,"level":"info","message":"Rendering template { name: pns_index, recipe: chrome-pdf, engine: handlebars, preview: true }","meta":{"rootId":"3ut4tfjttlco25h","id":"3ut4tfjttlco25h"},"id":"xt1jnf5s6yd3txq","previousOperationId":"e9ij72i4fcjs6yd"}
{"type":"log","timestamp":1701178378118,"level":"debug","message":"Inline data specified.","meta":{"rootId":"3ut4tfjttlco25h","id":"3ut4tfjttlco25h"},"id":"qijan7ditoet2gk","previousOperationId":"e9ij72i4fcjs6yd"}
{"type":"log","timestamp":1701178378122,"level":"debug","message":"Base url not specified, skipping its injection.","meta":{"rootId":"3ut4tfjttlco25h","id":"3ut4tfjttlco25h"},"id":"65boyajh7p56x2t","previousOperationId":"e9ij72i4fcjs6yd"}
{"type":"operationStart","subtype":"engine","name":"handlebars","timestamp":1701178378122,"id":"aff4wkanpvs0g3j","previousEventId":"cqlwytxtp2o5pi1","operationId":"3xmpkwz1c4ot9zg","previousOperationId":"e9ij72i4fcjs6yd"}
{"type":"log","timestamp":1701178378122,"level":"debug","message":"Rendering engine handlebars","meta":{"rootId":"3ut4tfjttlco25h","id":"3ut4tfjttlco25h"},"id":"t1hs7xjbqxya3nb","previousOperationId":"3xmpkwz1c4ot9zg"}
{"type":"operationEnd","operationId":"3xmpkwz1c4ot9zg","timestamp":1701178378148,"id":"9uhcqc2oawifixl","previousEventId":"aff4wkanpvs0g3j","previousOperationId":"3xmpkwz1c4ot9zg"}
{"type":"operationStart","subtype":"recipe","name":"chrome-pdf","timestamp":1701178378149,"id":"ysb8nir90oce1s8","previousEventId":"9uhcqc2oawifixl","operationId":"82550cj35wuu74u","previousOperationId":"3xmpkwz1c4ot9zg"}
{"type":"log","timestamp":1701178378149,"level":"debug","message":"Executing recipe chrome-pdf","meta":{"rootId":"3ut4tfjttlco25h","id":"3ut4tfjttlco25h"},"id":"04o9axvtte3k8b2","previousOperationId":"82550cj35wuu74u"}
{"type":"log","timestamp":1701178378151,"level":"debug","message":"Converting with chrome HeadlessChrome/117.0.5938.149 using chrome-pool strategy","meta":{"rootId":"3ut4tfjttlco25h","id":"3ut4tfjttlco25h"},"id":"fu9j6469c45pa14","previousOperationId":"82550cj35wuu74u"}
{"type":"log","timestamp":1701178378196,"level":"debug","message":"Page request: GET (document) file:///var/folders/dp/qk79pfcj0y1fmtkkl08m76rc0000gn/T/jsreport/autocleanup/ca33e9ea-d39b-4887-9889-45169d06ddd4-chrome-pdf.html","meta":{"rootId":"3ut4tfjttlco25h","id":"3ut4tfjttlco25h"},"id":"zxgrmifz5u2fnw7","previousOperationId":"82550cj35wuu74u"}
{"type":"log","timestamp":1701178378200,"level":"debug","message":"Page request finished: GET (document) 200 file:///var/folders/dp/qk79pfcj0y1fmtkkl08m76rc0000gn/T/jsreport/autocleanup/ca33e9ea-d39b-4887-9889-45169d06ddd4-chrome-pdf.html","meta":{"rootId":"3ut4tfjttlco25h","id":"3ut4tfjttlco25h"},"id":"48oqqhhofolnts8","previousOperationId":"82550cj35wuu74u"}
{"type":"log","timestamp":1701178378210,"level":"debug","message":"Custom viewport for chrome page width=800, height=2000","meta":{"rootId":"3ut4tfjttlco25h","id":"3ut4tfjttlco25h"},"id":"bykiswj58mgzl7l","previousOperationId":"82550cj35wuu74u"}
{"type":"log","timestamp":1701178378211,"level":"debug","message":"Running chrome with params {\"printBackground\":true,\"width\":\"5.8cm\",\"height\":\"50cm\",\"timeout\":59960,\"margin\":{}}","meta":{"rootId":"3ut4tfjttlco25h","id":"3ut4tfjttlco25h"},"id":"8f46zav4t813ql8","previousOperationId":"82550cj35wuu74u"}
{"type":"operationEnd","operationId":"82550cj35wuu74u","timestamp":1701178378234,"id":"8ejqyvbdc4frefd","previousEventId":"ysb8nir90oce1s8","previousOperationId":"82550cj35wuu74u"}
{"type":"log","timestamp":1701178378235,"level":"debug","message":"Skipping storing report.","meta":{"rootId":"3ut4tfjttlco25h","id":"3ut4tfjttlco25h"},"id":"xo0cgl8b0m5kvh0","previousOperationId":"82550cj35wuu74u"}
{"type":"log","timestamp":1701178378235,"level":"info","message":"Rendering request 78 finished in 125 ms","meta":{"rootId":"3ut4tfjttlco25h","id":"3ut4tfjttlco25h"},"id":"g59fvk4ot9dt8mr","previousOperationId":"82550cj35wuu74u"}
{"type":"operationEnd","subtype":"render","operationId":"e9ij72i4fcjs6yd","timestamp":1701178378235,"id":"ruvrz34274vhgi3","previousEventId":"8ejqyvbdc4frefd","previousOperationId":"82550cj35wuu74u"}
{"type":"operationEnd","doDiffs":false,"previousEventId":"bzm2qbcn29d50sb","previousOperationId":"dtxm0i125mc4fl1","operationId":"dtxm0i125mc4fl1","timestamp":1701178378236,"id":"xxy4pzetfnusl16"}
