{"type":"operationStart","subtype":"profile","data":{"_id":"QWbtOAIlFeyDJ6Tn","timestamp":"2023-12-04T12:56:24.351Z","state":"queued","mode":"standard","creationDate":"2023-12-04T12:56:24.353Z","modificationDate":"2023-12-04T12:56:24.353Z","shortid":"NJhvrTo","$entitySet":"profiles"},"doDiffs":false,"timestamp":1701694584352,"id":"fkhg007vemijn8k","previousOperationId":null,"operationId":"p54d2cbk2wtcy49"}
{"type":"log","level":"info","message":"Render request 22 queued for execution and waiting for available worker","previousOperationId":"p54d2cbk2wtcy49","timestamp":1701694584352,"id":"q6nlru3gd5mwsyc"}
{"type":"operationStart","subtype":"render","name":"pns_index","previousOperationId":"p54d2cbk2wtcy49","timestamp":1701694584358,"id":"uyubuafy1esuez1","previousEventId":"fkhg007vemijn8k","operationId":"l4q47tarqdjp55u"}
{"type":"log","timestamp":1701694584358,"level":"info","message":"Starting rendering request 22","meta":{"rootId":"40vuh8xctjcm1oj","id":"40vuh8xctjcm1oj"},"id":"xd9xqjfvisvb8o5","previousOperationId":"l4q47tarqdjp55u"}
{"type":"log","timestamp":1701694584358,"level":"info","message":"Rendering template { name: pns_index, recipe: chrome-pdf, engine: handlebars, preview: true }","meta":{"rootId":"40vuh8xctjcm1oj","id":"40vuh8xctjcm1oj"},"id":"3ok86oydvsad3gj","previousOperationId":"l4q47tarqdjp55u"}
{"type":"log","timestamp":1701694584359,"level":"debug","message":"Adding sample data flbhzmKcJ","meta":{"rootId":"40vuh8xctjcm1oj","id":"40vuh8xctjcm1oj"},"id":"jjvnh4p5sqjhkak","previousOperationId":"l4q47tarqdjp55u"}
{"type":"log","timestamp":1701694584362,"level":"debug","message":"Base url not specified, skipping its injection.","meta":{"rootId":"40vuh8xctjcm1oj","id":"40vuh8xctjcm1oj"},"id":"tore656mq4n0iv2","previousOperationId":"l4q47tarqdjp55u"}
{"type":"log","timestamp":1701694584365,"level":"debug","message":"Replaced assets [\"styles.css\"]","meta":{"rootId":"40vuh8xctjcm1oj","id":"40vuh8xctjcm1oj"},"id":"t5146hykrxxh597","previousOperationId":"l4q47tarqdjp55u"}
{"type":"operationStart","subtype":"engine","name":"handlebars","timestamp":1701694584365,"id":"j124twmggcrr8bs","previousEventId":"uyubuafy1esuez1","operationId":"0035rnlxam3dkw6","previousOperationId":"l4q47tarqdjp55u"}
{"type":"log","timestamp":1701694584365,"level":"debug","message":"Rendering engine handlebars","meta":{"rootId":"40vuh8xctjcm1oj","id":"40vuh8xctjcm1oj"},"id":"yieg3cq1n8c4t1p","previousOperationId":"0035rnlxam3dkw6"}
{"type":"operationEnd","operationId":"0035rnlxam3dkw6","timestamp":1701694584392,"id":"028j37e46s3uec7","previousEventId":"j124twmggcrr8bs","previousOperationId":"0035rnlxam3dkw6"}
{"type":"operationStart","subtype":"recipe","name":"chrome-pdf","timestamp":1701694584392,"id":"t2o05qmln0ti8b2","previousEventId":"028j37e46s3uec7","operationId":"vhxs48zj9htggx4","previousOperationId":"0035rnlxam3dkw6"}
{"type":"log","timestamp":1701694584392,"level":"debug","message":"Executing recipe chrome-pdf","meta":{"rootId":"40vuh8xctjcm1oj","id":"40vuh8xctjcm1oj"},"id":"5xf39stieis3bv7","previousOperationId":"vhxs48zj9htggx4"}
{"type":"log","timestamp":1701694584394,"level":"debug","message":"Converting with chrome HeadlessChrome/117.0.5938.149 using chrome-pool strategy","meta":{"rootId":"40vuh8xctjcm1oj","id":"40vuh8xctjcm1oj"},"id":"qygk3mh9qjbemi2","previousOperationId":"vhxs48zj9htggx4"}
{"type":"log","timestamp":1701694584439,"level":"debug","message":"Page request: GET (document) file:///var/folders/dp/qk79pfcj0y1fmtkkl08m76rc0000gn/T/jsreport/autocleanup/4421406d-4036-4a1e-a2e5-db4676a14089-chrome-pdf.html","meta":{"rootId":"40vuh8xctjcm1oj","id":"40vuh8xctjcm1oj"},"id":"bzkzw8zhxjreel7","previousOperationId":"vhxs48zj9htggx4"}
{"type":"log","timestamp":1701694584445,"level":"debug","message":"Page request finished: GET (document) 200 file:///var/folders/dp/qk79pfcj0y1fmtkkl08m76rc0000gn/T/jsreport/autocleanup/4421406d-4036-4a1e-a2e5-db4676a14089-chrome-pdf.html","meta":{"rootId":"40vuh8xctjcm1oj","id":"40vuh8xctjcm1oj"},"id":"f78lzuyz8zsmceh","previousOperationId":"vhxs48zj9htggx4"}
{"type":"log","timestamp":1701694584457,"level":"debug","message":"Custom viewport for chrome page width=800, height=2000","meta":{"rootId":"40vuh8xctjcm1oj","id":"40vuh8xctjcm1oj"},"id":"s53nbq2jemwn1jj","previousOperationId":"vhxs48zj9htggx4"}
{"type":"log","timestamp":1701694584458,"level":"debug","message":"Running chrome with params {\"printBackground\":true,\"width\":\"5.8cm\",\"height\":\"50cm\",\"timeout\":59957,\"margin\":{}}","meta":{"rootId":"40vuh8xctjcm1oj","id":"40vuh8xctjcm1oj"},"id":"oovprta1t6daxy8","previousOperationId":"vhxs48zj9htggx4"}
{"type":"operationEnd","operationId":"vhxs48zj9htggx4","timestamp":1701694584487,"id":"num71t5rtzg620h","previousEventId":"t2o05qmln0ti8b2","previousOperationId":"vhxs48zj9htggx4"}
{"type":"log","timestamp":1701694584488,"level":"debug","message":"Skipping storing report.","meta":{"rootId":"40vuh8xctjcm1oj","id":"40vuh8xctjcm1oj"},"id":"ale5b54zhj9ox5z","previousOperationId":"vhxs48zj9htggx4"}
{"type":"log","timestamp":1701694584488,"level":"info","message":"Rendering request 22 finished in 137 ms","meta":{"rootId":"40vuh8xctjcm1oj","id":"40vuh8xctjcm1oj"},"id":"ynpgtf0z9nrzonm","previousOperationId":"vhxs48zj9htggx4"}
{"type":"operationEnd","subtype":"render","operationId":"l4q47tarqdjp55u","timestamp":1701694584488,"id":"2sjbf3uvnzxg034","previousEventId":"num71t5rtzg620h","previousOperationId":"vhxs48zj9htggx4"}
{"type":"operationEnd","doDiffs":false,"previousEventId":"fkhg007vemijn8k","previousOperationId":"p54d2cbk2wtcy49","operationId":"p54d2cbk2wtcy49","timestamp":1701694584489,"id":"esxr3tx1a4ddc9e"}
