{"type":"operationStart","subtype":"profile","data":{"_id":"71Ncn7vdhpzxehFm","timestamp":"2023-11-28T12:40:37.202Z","state":"queued","mode":"standard","creationDate":"2023-11-28T12:40:37.203Z","modificationDate":"2023-11-28T12:40:37.203Z","shortid":"Rw_UKXb","$entitySet":"profiles"},"doDiffs":false,"timestamp":1701175237202,"id":"z3x7vfv04rd6ms6","previousOperationId":null,"operationId":"01rqfpwq63vleth"}
{"type":"log","level":"info","message":"Render request 51 queued for execution and waiting for available worker","previousOperationId":"01rqfpwq63vleth","timestamp":1701175237202,"id":"3awokwyh7v700fg"}
{"type":"operationStart","subtype":"render","name":"pns_index","previousOperationId":"01rqfpwq63vleth","timestamp":1701175237208,"id":"l7cca3bbgiv0sc2","previousEventId":"z3x7vfv04rd6ms6","operationId":"pvdxw682y7brf6a"}
{"type":"log","timestamp":1701175237208,"level":"info","message":"Starting rendering request 51","meta":{"rootId":"415lzv611v8hsn5","id":"415lzv611v8hsn5"},"id":"aewx7m2t900pfi9","previousOperationId":"pvdxw682y7brf6a"}
{"type":"log","timestamp":1701175237208,"level":"info","message":"Rendering template { name: pns_index, recipe: chrome-pdf, engine: handlebars, preview: true }","meta":{"rootId":"415lzv611v8hsn5","id":"415lzv611v8hsn5"},"id":"i7tysue1vuhfrsf","previousOperationId":"pvdxw682y7brf6a"}
{"type":"log","timestamp":1701175237209,"level":"debug","message":"Inline data specified.","meta":{"rootId":"415lzv611v8hsn5","id":"415lzv611v8hsn5"},"id":"tn1ompcqc2aumjw","previousOperationId":"pvdxw682y7brf6a"}
{"type":"log","timestamp":1701175237211,"level":"debug","message":"Base url not specified, skipping its injection.","meta":{"rootId":"415lzv611v8hsn5","id":"415lzv611v8hsn5"},"id":"jx7e6mvgw365kiq","previousOperationId":"pvdxw682y7brf6a"}
{"type":"operationStart","subtype":"engine","name":"handlebars","timestamp":1701175237212,"id":"fto4momwdn0gpof","previousEventId":"l7cca3bbgiv0sc2","operationId":"8rbvtmip4yuosm9","previousOperationId":"pvdxw682y7brf6a"}
{"type":"log","timestamp":1701175237212,"level":"debug","message":"Rendering engine handlebars","meta":{"rootId":"415lzv611v8hsn5","id":"415lzv611v8hsn5"},"id":"btnd4n69ieo86s3","previousOperationId":"8rbvtmip4yuosm9"}
{"type":"operationEnd","operationId":"8rbvtmip4yuosm9","timestamp":1701175237238,"id":"wfaul0jobcpj0jc","previousEventId":"fto4momwdn0gpof","previousOperationId":"8rbvtmip4yuosm9"}
{"type":"operationStart","subtype":"recipe","name":"chrome-pdf","timestamp":1701175237238,"id":"nbunyi9lglmtz0v","previousEventId":"wfaul0jobcpj0jc","operationId":"bsrljopcmh4vgxj","previousOperationId":"8rbvtmip4yuosm9"}
{"type":"log","timestamp":1701175237238,"level":"debug","message":"Executing recipe chrome-pdf","meta":{"rootId":"415lzv611v8hsn5","id":"415lzv611v8hsn5"},"id":"w8ekr4o8uiyekdz","previousOperationId":"bsrljopcmh4vgxj"}
{"type":"log","timestamp":1701175237240,"level":"debug","message":"Converting with chrome HeadlessChrome/117.0.5938.149 using chrome-pool strategy","meta":{"rootId":"415lzv611v8hsn5","id":"415lzv611v8hsn5"},"id":"8t6hj9fyxhdzape","previousOperationId":"bsrljopcmh4vgxj"}
{"type":"log","timestamp":1701175237287,"level":"debug","message":"Page request: GET (document) file:///var/folders/dp/qk79pfcj0y1fmtkkl08m76rc0000gn/T/jsreport/autocleanup/dc134fe8-d288-4205-b8e4-3412e584f6ff-chrome-pdf.html","meta":{"rootId":"415lzv611v8hsn5","id":"415lzv611v8hsn5"},"id":"fl9994sus40rh0h","previousOperationId":"bsrljopcmh4vgxj"}
{"type":"log","timestamp":1701175237291,"level":"debug","message":"Page request finished: GET (document) 200 file:///var/folders/dp/qk79pfcj0y1fmtkkl08m76rc0000gn/T/jsreport/autocleanup/dc134fe8-d288-4205-b8e4-3412e584f6ff-chrome-pdf.html","meta":{"rootId":"415lzv611v8hsn5","id":"415lzv611v8hsn5"},"id":"fwffj4ywjceotx8","previousOperationId":"bsrljopcmh4vgxj"}
{"type":"log","timestamp":1701175237304,"level":"debug","message":"Custom viewport for chrome page width=800, height=2000","meta":{"rootId":"415lzv611v8hsn5","id":"415lzv611v8hsn5"},"id":"qq2r6cpsedjhray","previousOperationId":"bsrljopcmh4vgxj"}
{"type":"log","timestamp":1701175237304,"level":"debug","message":"Running chrome with params {\"printBackground\":true,\"width\":\"8cm\",\"height\":\"50cm\",\"timeout\":59962,\"margin\":{}}","meta":{"rootId":"415lzv611v8hsn5","id":"415lzv611v8hsn5"},"id":"45ovv6mhohzd0b2","previousOperationId":"bsrljopcmh4vgxj"}
{"type":"operationEnd","operationId":"bsrljopcmh4vgxj","timestamp":1701175237331,"id":"p988oybedniaiv5","previousEventId":"nbunyi9lglmtz0v","previousOperationId":"bsrljopcmh4vgxj"}
{"type":"log","timestamp":1701175237331,"level":"debug","message":"Skipping storing report.","meta":{"rootId":"415lzv611v8hsn5","id":"415lzv611v8hsn5"},"id":"cq1o1a5urk384y3","previousOperationId":"bsrljopcmh4vgxj"}
{"type":"log","timestamp":1701175237331,"level":"info","message":"Rendering request 51 finished in 129 ms","meta":{"rootId":"415lzv611v8hsn5","id":"415lzv611v8hsn5"},"id":"tuacnp8utkdk0wb","previousOperationId":"bsrljopcmh4vgxj"}
{"type":"operationEnd","subtype":"render","operationId":"pvdxw682y7brf6a","timestamp":1701175237331,"id":"jhnprwnj9461fq4","previousEventId":"p988oybedniaiv5","previousOperationId":"bsrljopcmh4vgxj"}
{"type":"operationEnd","doDiffs":false,"previousEventId":"z3x7vfv04rd6ms6","previousOperationId":"01rqfpwq63vleth","operationId":"01rqfpwq63vleth","timestamp":1701175237332,"id":"t0x0f5iz6l08o7r"}
