{"type":"operationStart","subtype":"profile","data":{"_id":"b0FEWrtXBSLUMGyx","timestamp":"2023-12-04T12:55:20.203Z","state":"queued","mode":"standard","creationDate":"2023-12-04T12:55:20.209Z","modificationDate":"2023-12-04T12:55:20.209Z","shortid":"YxkJT31","$entitySet":"profiles"},"doDiffs":false,"timestamp":1701694520208,"id":"yzhqyx1gittxvio","previousOperationId":null,"operationId":"tbeyx6abmlqekea"}
{"type":"log","level":"info","message":"Render request 20 queued for execution and waiting for available worker","previousOperationId":"tbeyx6abmlqekea","timestamp":1701694520209,"id":"3rlt81oox9f1e4a"}
{"type":"operationStart","subtype":"render","name":"pns_index","previousOperationId":"tbeyx6abmlqekea","timestamp":1701694520227,"id":"9itu80jhsjkzvr0","previousEventId":"yzhqyx1gittxvio","operationId":"jwyv2e6uxi746m2"}
{"type":"log","timestamp":1701694520227,"level":"info","message":"Starting rendering request 20","meta":{"rootId":"46p1l12als36stc","id":"46p1l12als36stc"},"id":"y7wtc8x15nuo2k5","previousOperationId":"jwyv2e6uxi746m2"}
{"type":"log","timestamp":1701694520228,"level":"info","message":"Rendering template { name: pns_index, recipe: chrome-pdf, engine: handlebars, preview: true }","meta":{"rootId":"46p1l12als36stc","id":"46p1l12als36stc"},"id":"2l0krlvtxtowwly","previousOperationId":"jwyv2e6uxi746m2"}
{"type":"log","timestamp":1701694520229,"level":"debug","message":"Adding sample data flbhzmKcJ","meta":{"rootId":"46p1l12als36stc","id":"46p1l12als36stc"},"id":"wylezzrrk88lzbu","previousOperationId":"jwyv2e6uxi746m2"}
{"type":"log","timestamp":1701694520230,"level":"debug","message":"Base url not specified, skipping its injection.","meta":{"rootId":"46p1l12als36stc","id":"46p1l12als36stc"},"id":"rx7fdnfhzxc7q0r","previousOperationId":"jwyv2e6uxi746m2"}
{"type":"log","timestamp":1701694520231,"level":"debug","message":"Replaced assets [\"styles.css\"]","meta":{"rootId":"46p1l12als36stc","id":"46p1l12als36stc"},"id":"vfaclesy2ug4tnk","previousOperationId":"jwyv2e6uxi746m2"}
{"type":"operationStart","subtype":"engine","name":"handlebars","timestamp":1701694520231,"id":"gpp03vs4zcj5kdu","previousEventId":"9itu80jhsjkzvr0","operationId":"5f47ldyouf1iixq","previousOperationId":"jwyv2e6uxi746m2"}
{"type":"log","timestamp":1701694520231,"level":"debug","message":"Rendering engine handlebars","meta":{"rootId":"46p1l12als36stc","id":"46p1l12als36stc"},"id":"cjgzasntdaabkq9","previousOperationId":"5f47ldyouf1iixq"}
{"type":"operationEnd","operationId":"5f47ldyouf1iixq","timestamp":1701694520258,"id":"0g7f53lavptps4t","previousEventId":"gpp03vs4zcj5kdu","previousOperationId":"5f47ldyouf1iixq"}
{"type":"operationStart","subtype":"recipe","name":"chrome-pdf","timestamp":1701694520259,"id":"rnkbsa7tccp92fa","previousEventId":"0g7f53lavptps4t","operationId":"sle6iyzga14ulsp","previousOperationId":"5f47ldyouf1iixq"}
{"type":"log","timestamp":1701694520259,"level":"debug","message":"Executing recipe chrome-pdf","meta":{"rootId":"46p1l12als36stc","id":"46p1l12als36stc"},"id":"i1n540ysl433xy9","previousOperationId":"sle6iyzga14ulsp"}
{"type":"log","timestamp":1701694520261,"level":"debug","message":"Converting with chrome HeadlessChrome/117.0.5938.149 using chrome-pool strategy","meta":{"rootId":"46p1l12als36stc","id":"46p1l12als36stc"},"id":"veotc4toa6pa861","previousOperationId":"sle6iyzga14ulsp"}
{"type":"log","timestamp":1701694520303,"level":"debug","message":"Page request: GET (document) file:///var/folders/dp/qk79pfcj0y1fmtkkl08m76rc0000gn/T/jsreport/autocleanup/b96eecd2-bdc0-4473-9713-6a8d379e11e2-chrome-pdf.html","meta":{"rootId":"46p1l12als36stc","id":"46p1l12als36stc"},"id":"vbvoc1ut458dkvo","previousOperationId":"sle6iyzga14ulsp"}
{"type":"log","timestamp":1701694520308,"level":"debug","message":"Page request finished: GET (document) 200 file:///var/folders/dp/qk79pfcj0y1fmtkkl08m76rc0000gn/T/jsreport/autocleanup/b96eecd2-bdc0-4473-9713-6a8d379e11e2-chrome-pdf.html","meta":{"rootId":"46p1l12als36stc","id":"46p1l12als36stc"},"id":"9c82nzajh7sbskt","previousOperationId":"sle6iyzga14ulsp"}
{"type":"log","timestamp":1701694520317,"level":"debug","message":"Custom viewport for chrome page width=800, height=2000","meta":{"rootId":"46p1l12als36stc","id":"46p1l12als36stc"},"id":"j0mjkrh3zev9u6f","previousOperationId":"sle6iyzga14ulsp"}
{"type":"log","timestamp":1701694520319,"level":"debug","message":"Running chrome with params {\"printBackground\":true,\"width\":\"5.8cm\",\"height\":\"50cm\",\"timeout\":59942,\"margin\":{}}","meta":{"rootId":"46p1l12als36stc","id":"46p1l12als36stc"},"id":"d6kaxk11r8n4aee","previousOperationId":"sle6iyzga14ulsp"}
{"type":"operationEnd","operationId":"sle6iyzga14ulsp","timestamp":1701694520348,"id":"190yfeafu7lu1hu","previousEventId":"rnkbsa7tccp92fa","previousOperationId":"sle6iyzga14ulsp"}
{"type":"log","timestamp":1701694520348,"level":"debug","message":"Skipping storing report.","meta":{"rootId":"46p1l12als36stc","id":"46p1l12als36stc"},"id":"gfbr6ggxyg2tc12","previousOperationId":"sle6iyzga14ulsp"}
{"type":"log","timestamp":1701694520349,"level":"info","message":"Rendering request 20 finished in 147 ms","meta":{"rootId":"46p1l12als36stc","id":"46p1l12als36stc"},"id":"o8hlp44que3k6sa","previousOperationId":"sle6iyzga14ulsp"}
{"type":"operationEnd","subtype":"render","operationId":"jwyv2e6uxi746m2","timestamp":1701694520349,"id":"fq5a661p2r6w7e5","previousEventId":"190yfeafu7lu1hu","previousOperationId":"sle6iyzga14ulsp"}
{"type":"operationEnd","doDiffs":false,"previousEventId":"yzhqyx1gittxvio","previousOperationId":"tbeyx6abmlqekea","operationId":"tbeyx6abmlqekea","timestamp":1701694520350,"id":"7a01zhjmehrj977"}
