{"type":"operationStart","subtype":"profile","data":{"_id":"b7MbnV4Zp02aEKwT","timestamp":"2023-12-06T09:59:32.786Z","state":"queued","mode":"standard","creationDate":"2023-12-06T09:59:32.787Z","modificationDate":"2023-12-06T09:59:32.787Z","shortid":"eRzzBxk","$entitySet":"profiles"},"doDiffs":false,"timestamp":1701856772787,"id":"c2d86vkna5l4cta","previousOperationId":null,"operationId":"jjngcx9tvaxp58d"}
{"type":"log","level":"info","message":"Render request 64 queued for execution and waiting for available worker","previousOperationId":"jjngcx9tvaxp58d","timestamp":1701856772787,"id":"vsobpnd8y4xa7ie"}
{"type":"operationStart","subtype":"render","name":"pns_index","previousOperationId":"jjngcx9tvaxp58d","timestamp":1701856772791,"id":"c0xm4fu752bb8tw","previousEventId":"c2d86vkna5l4cta","operationId":"l74j1xzwzwnxtm6"}
{"type":"log","timestamp":1701856772791,"level":"info","message":"Starting rendering request 64","meta":{"rootId":"4tmoi3xbp9h2jlc","id":"4tmoi3xbp9h2jlc"},"id":"3o8m10w0r4yho23","previousOperationId":"l74j1xzwzwnxtm6"}
{"type":"log","timestamp":1701856772791,"level":"info","message":"Rendering template { name: pns_index, recipe: chrome-pdf, engine: handlebars, preview: true }","meta":{"rootId":"4tmoi3xbp9h2jlc","id":"4tmoi3xbp9h2jlc"},"id":"2ii8f8iex4aqnge","previousOperationId":"l74j1xzwzwnxtm6"}
{"type":"log","timestamp":1701856772791,"level":"debug","message":"Inline data specified.","meta":{"rootId":"4tmoi3xbp9h2jlc","id":"4tmoi3xbp9h2jlc"},"id":"476avxm5v52pb64","previousOperationId":"l74j1xzwzwnxtm6"}
{"type":"log","timestamp":1701856772791,"level":"debug","message":"Base url not specified, skipping its injection.","meta":{"rootId":"4tmoi3xbp9h2jlc","id":"4tmoi3xbp9h2jlc"},"id":"is19o7xce2ao92x","previousOperationId":"l74j1xzwzwnxtm6"}
{"type":"log","timestamp":1701856772792,"level":"debug","message":"Replaced assets [\"styles.css\"]","meta":{"rootId":"4tmoi3xbp9h2jlc","id":"4tmoi3xbp9h2jlc"},"id":"fqudyu2qr0p5wam","previousOperationId":"l74j1xzwzwnxtm6"}
{"type":"operationStart","subtype":"engine","name":"handlebars","timestamp":1701856772792,"id":"ytz5lydpw2d5122","previousEventId":"c0xm4fu752bb8tw","operationId":"12iaceqog2ij2s8","previousOperationId":"l74j1xzwzwnxtm6"}
{"type":"log","timestamp":1701856772792,"level":"debug","message":"Rendering engine handlebars","meta":{"rootId":"4tmoi3xbp9h2jlc","id":"4tmoi3xbp9h2jlc"},"id":"haknaf29kimzxih","previousOperationId":"12iaceqog2ij2s8"}
{"type":"operationEnd","operationId":"12iaceqog2ij2s8","timestamp":1701856772821,"id":"3ugacq1mn4s33yy","previousEventId":"ytz5lydpw2d5122","previousOperationId":"12iaceqog2ij2s8"}
{"type":"operationStart","subtype":"recipe","name":"chrome-pdf","timestamp":1701856772821,"id":"6a1tzjtl8q4lsy8","previousEventId":"3ugacq1mn4s33yy","operationId":"k31wgphu1nk5v65","previousOperationId":"12iaceqog2ij2s8"}
{"type":"log","timestamp":1701856772821,"level":"debug","message":"Executing recipe chrome-pdf","meta":{"rootId":"4tmoi3xbp9h2jlc","id":"4tmoi3xbp9h2jlc"},"id":"q7p9hs0evxh5bxt","previousOperationId":"k31wgphu1nk5v65"}
{"type":"log","timestamp":1701856772823,"level":"debug","message":"Converting with chrome HeadlessChrome/117.0.5938.149 using chrome-pool strategy","meta":{"rootId":"4tmoi3xbp9h2jlc","id":"4tmoi3xbp9h2jlc"},"id":"5f1495wvsxy3qkd","previousOperationId":"k31wgphu1nk5v65"}
{"type":"log","timestamp":1701856772866,"level":"debug","message":"Page request: GET (document) file:///var/folders/dp/qk79pfcj0y1fmtkkl08m76rc0000gn/T/jsreport/autocleanup/66bb53b6-42b1-4a07-94fb-1a4d305e56e3-chrome-pdf.html","meta":{"rootId":"4tmoi3xbp9h2jlc","id":"4tmoi3xbp9h2jlc"},"id":"imnrkakmlr4w657","previousOperationId":"k31wgphu1nk5v65"}
{"type":"log","timestamp":1701856772871,"level":"debug","message":"Page request finished: GET (document) 200 file:///var/folders/dp/qk79pfcj0y1fmtkkl08m76rc0000gn/T/jsreport/autocleanup/66bb53b6-42b1-4a07-94fb-1a4d305e56e3-chrome-pdf.html","meta":{"rootId":"4tmoi3xbp9h2jlc","id":"4tmoi3xbp9h2jlc"},"id":"49c9dhgjnje6ygv","previousOperationId":"k31wgphu1nk5v65"}
{"type":"log","timestamp":1701856772881,"level":"debug","message":"Custom viewport for chrome page width=800, height=2000","meta":{"rootId":"4tmoi3xbp9h2jlc","id":"4tmoi3xbp9h2jlc"},"id":"dcgp05hszy8vlb5","previousOperationId":"k31wgphu1nk5v65"}
{"type":"log","timestamp":1701856772882,"level":"debug","message":"Running chrome with params {\"printBackground\":true,\"width\":\"6.8cm\",\"height\":\"50cm\",\"marginRight\":\"0cm\",\"marginLeft\":\"0cm\",\"timeout\":59964,\"margin\":{\"right\":\"0cm\",\"left\":\"0cm\"}}","meta":{"rootId":"4tmoi3xbp9h2jlc","id":"4tmoi3xbp9h2jlc"},"id":"5px9i99cxzr804b","previousOperationId":"k31wgphu1nk5v65"}
{"type":"operationEnd","operationId":"k31wgphu1nk5v65","timestamp":1701856772912,"id":"p5sqib0o470d8jp","previousEventId":"6a1tzjtl8q4lsy8","previousOperationId":"k31wgphu1nk5v65"}
{"type":"log","timestamp":1701856772912,"level":"debug","message":"Skipping storing report.","meta":{"rootId":"4tmoi3xbp9h2jlc","id":"4tmoi3xbp9h2jlc"},"id":"ilxgrlk71e63lrk","previousOperationId":"k31wgphu1nk5v65"}
{"type":"log","timestamp":1701856772912,"level":"info","message":"Rendering request 64 finished in 126 ms","meta":{"rootId":"4tmoi3xbp9h2jlc","id":"4tmoi3xbp9h2jlc"},"id":"ok6qd1dnjj15vu1","previousOperationId":"k31wgphu1nk5v65"}
{"type":"operationEnd","subtype":"render","operationId":"l74j1xzwzwnxtm6","timestamp":1701856772912,"id":"iwo1lzy9y0sn5vl","previousEventId":"p5sqib0o470d8jp","previousOperationId":"k31wgphu1nk5v65"}
{"type":"operationEnd","doDiffs":false,"previousEventId":"c2d86vkna5l4cta","previousOperationId":"jjngcx9tvaxp58d","operationId":"jjngcx9tvaxp58d","timestamp":1701856772913,"id":"2er0t4of3b3o4mf"}
