{"type":"operationStart","subtype":"profile","data":{"_id":"rkcl1ZRfrtsIgUhB","timestamp":"2023-12-04T11:50:38.823Z","state":"queued","mode":"standard","creationDate":"2023-12-04T11:50:38.825Z","modificationDate":"2023-12-04T11:50:38.825Z","shortid":"Rk4srMp","$entitySet":"profiles"},"doDiffs":false,"timestamp":1701690638825,"id":"4kexun161m2x885","previousOperationId":null,"operationId":"lo3xd9xjfy0p1ty"}
{"type":"log","level":"info","message":"Render request 127 queued for execution and waiting for available worker","previousOperationId":"lo3xd9xjfy0p1ty","timestamp":1701690638825,"id":"tjxmipelhxamzdf"}
{"type":"operationStart","subtype":"render","name":"pns_index","previousOperationId":"lo3xd9xjfy0p1ty","timestamp":1701690638849,"id":"mqzjoni7c3g7cnw","previousEventId":"4kexun161m2x885","operationId":"wwdnpi8jlqc3dkq"}
{"type":"log","timestamp":1701690638850,"level":"info","message":"Starting rendering request 127","meta":{"rootId":"4vkr3rfwaqcbk9x","id":"4vkr3rfwaqcbk9x"},"id":"5cks1dpwv1ejfse","previousOperationId":"wwdnpi8jlqc3dkq"}
{"type":"log","timestamp":1701690638851,"level":"info","message":"Rendering template { name: pns_index, recipe: chrome-pdf, engine: handlebars, preview: true }","meta":{"rootId":"4vkr3rfwaqcbk9x","id":"4vkr3rfwaqcbk9x"},"id":"42h3pk6jwk9zxij","previousOperationId":"wwdnpi8jlqc3dkq"}
{"type":"log","timestamp":1701690638852,"level":"debug","message":"Inline data specified.","meta":{"rootId":"4vkr3rfwaqcbk9x","id":"4vkr3rfwaqcbk9x"},"id":"cbbpakfsrzo542s","previousOperationId":"wwdnpi8jlqc3dkq"}
{"type":"log","timestamp":1701690638853,"level":"debug","message":"Base url not specified, skipping its injection.","meta":{"rootId":"4vkr3rfwaqcbk9x","id":"4vkr3rfwaqcbk9x"},"id":"1ei7blnw3wfxwmb","previousOperationId":"wwdnpi8jlqc3dkq"}
{"type":"operationStart","subtype":"engine","name":"handlebars","timestamp":1701690638854,"id":"ncl27p4jzgd8bhn","previousEventId":"mqzjoni7c3g7cnw","operationId":"5ubythz4e981xys","previousOperationId":"wwdnpi8jlqc3dkq"}
{"type":"log","timestamp":1701690638854,"level":"debug","message":"Rendering engine handlebars","meta":{"rootId":"4vkr3rfwaqcbk9x","id":"4vkr3rfwaqcbk9x"},"id":"j39dwdv8y13osac","previousOperationId":"5ubythz4e981xys"}
{"type":"operationEnd","operationId":"5ubythz4e981xys","timestamp":1701690639127,"id":"encbh2fup16s9r4","previousEventId":"ncl27p4jzgd8bhn","previousOperationId":"5ubythz4e981xys"}
{"type":"operationStart","subtype":"recipe","name":"chrome-pdf","timestamp":1701690639127,"id":"i3butjh82eeiu8q","previousEventId":"encbh2fup16s9r4","operationId":"k9xz0ebpsnjy6ig","previousOperationId":"5ubythz4e981xys"}
{"type":"log","timestamp":1701690639127,"level":"debug","message":"Executing recipe chrome-pdf","meta":{"rootId":"4vkr3rfwaqcbk9x","id":"4vkr3rfwaqcbk9x"},"id":"dq16kuyzbd3f9xn","previousOperationId":"k9xz0ebpsnjy6ig"}
{"type":"log","timestamp":1701690639333,"level":"debug","message":"Converting with chrome HeadlessChrome/117.0.5938.149 using chrome-pool strategy","meta":{"rootId":"4vkr3rfwaqcbk9x","id":"4vkr3rfwaqcbk9x"},"id":"xw9etc1z5xcrkh4","previousOperationId":"k9xz0ebpsnjy6ig"}
{"type":"log","timestamp":1701690639383,"level":"debug","message":"Page request: GET (document) file:///var/folders/dp/qk79pfcj0y1fmtkkl08m76rc0000gn/T/jsreport/autocleanup/aea74a3d-c478-4c54-8fc5-6e199125eeb9-chrome-pdf.html","meta":{"rootId":"4vkr3rfwaqcbk9x","id":"4vkr3rfwaqcbk9x"},"id":"xs0iub21lzat1gj","previousOperationId":"k9xz0ebpsnjy6ig"}
{"type":"log","timestamp":1701690639388,"level":"debug","message":"Page request finished: GET (document) 200 file:///var/folders/dp/qk79pfcj0y1fmtkkl08m76rc0000gn/T/jsreport/autocleanup/aea74a3d-c478-4c54-8fc5-6e199125eeb9-chrome-pdf.html","meta":{"rootId":"4vkr3rfwaqcbk9x","id":"4vkr3rfwaqcbk9x"},"id":"4bf8qg90nkogg1g","previousOperationId":"k9xz0ebpsnjy6ig"}
{"type":"log","timestamp":1701690639397,"level":"debug","message":"Custom viewport for chrome page width=800, height=2000","meta":{"rootId":"4vkr3rfwaqcbk9x","id":"4vkr3rfwaqcbk9x"},"id":"3co9iwo47swfb0j","previousOperationId":"k9xz0ebpsnjy6ig"}
{"type":"log","timestamp":1701690639398,"level":"debug","message":"Running chrome with params {\"printBackground\":true,\"width\":\"5.8cm\",\"height\":\"50cm\",\"timeout\":59690,\"margin\":{}}","meta":{"rootId":"4vkr3rfwaqcbk9x","id":"4vkr3rfwaqcbk9x"},"id":"0zd1tomgs5waeas","previousOperationId":"k9xz0ebpsnjy6ig"}
{"type":"operationEnd","operationId":"k9xz0ebpsnjy6ig","timestamp":1701690639432,"id":"f3ssc8ks4t3j51g","previousEventId":"i3butjh82eeiu8q","previousOperationId":"k9xz0ebpsnjy6ig"}
{"type":"log","timestamp":1701690639433,"level":"debug","message":"Skipping storing report.","meta":{"rootId":"4vkr3rfwaqcbk9x","id":"4vkr3rfwaqcbk9x"},"id":"2gi78mysc4cnvsk","previousOperationId":"k9xz0ebpsnjy6ig"}
{"type":"log","timestamp":1701690639433,"level":"info","message":"Rendering request 127 finished in 610 ms","meta":{"rootId":"4vkr3rfwaqcbk9x","id":"4vkr3rfwaqcbk9x"},"id":"8mc1pxi1wpncm04","previousOperationId":"k9xz0ebpsnjy6ig"}
{"type":"operationEnd","subtype":"render","operationId":"wwdnpi8jlqc3dkq","timestamp":1701690639433,"id":"7j38zzc36lrztfs","previousEventId":"f3ssc8ks4t3j51g","previousOperationId":"k9xz0ebpsnjy6ig"}
{"type":"operationEnd","doDiffs":false,"previousEventId":"4kexun161m2x885","previousOperationId":"lo3xd9xjfy0p1ty","operationId":"lo3xd9xjfy0p1ty","timestamp":1701690639434,"id":"mxw48c99xuyak0g"}
