{"type":"operationStart","subtype":"profile","data":{"_id":"Na7tR3a2FYnxhjxi","timestamp":"2023-12-06T09:41:35.805Z","state":"queued","mode":"standard","creationDate":"2023-12-06T09:41:35.807Z","modificationDate":"2023-12-06T09:41:35.807Z","shortid":"_uYEgWf","$entitySet":"profiles"},"doDiffs":false,"timestamp":1701855695806,"id":"21rharab5vn4cmv","previousOperationId":null,"operationId":"9baxlofdshurnwu"}
{"type":"log","level":"info","message":"Render request 38 queued for execution and waiting for available worker","previousOperationId":"9baxlofdshurnwu","timestamp":1701855695806,"id":"8smxp68b0zi9v8l"}
{"type":"operationStart","subtype":"render","name":"pns_index","previousOperationId":"9baxlofdshurnwu","timestamp":1701855695827,"id":"204alr82kxmdwm9","previousEventId":"21rharab5vn4cmv","operationId":"8wm92aenlefgyf8"}
{"type":"log","timestamp":1701855695827,"level":"info","message":"Starting rendering request 38","meta":{"rootId":"5oqis646prs6rwg","id":"5oqis646prs6rwg"},"id":"nawrw9uyz4ro5z3","previousOperationId":"8wm92aenlefgyf8"}
{"type":"log","timestamp":1701855695827,"level":"info","message":"Rendering template { name: pns_index, recipe: chrome-pdf, engine: handlebars, preview: true }","meta":{"rootId":"5oqis646prs6rwg","id":"5oqis646prs6rwg"},"id":"90jnsn8big2ii56","previousOperationId":"8wm92aenlefgyf8"}
{"type":"log","timestamp":1701855695827,"level":"debug","message":"Inline data specified.","meta":{"rootId":"5oqis646prs6rwg","id":"5oqis646prs6rwg"},"id":"2ajgn7tuaxg4lop","previousOperationId":"8wm92aenlefgyf8"}
{"type":"log","timestamp":1701855695829,"level":"debug","message":"Base url not specified, skipping its injection.","meta":{"rootId":"5oqis646prs6rwg","id":"5oqis646prs6rwg"},"id":"aje4f4t2t30jiz3","previousOperationId":"8wm92aenlefgyf8"}
{"type":"log","timestamp":1701855695830,"level":"debug","message":"Replaced assets [\"styles.css\"]","meta":{"rootId":"5oqis646prs6rwg","id":"5oqis646prs6rwg"},"id":"j8856kut899lojj","previousOperationId":"8wm92aenlefgyf8"}
{"type":"operationStart","subtype":"engine","name":"handlebars","timestamp":1701855695830,"id":"04fl2qi6997ebkb","previousEventId":"204alr82kxmdwm9","operationId":"k5r016ge71v6t0p","previousOperationId":"8wm92aenlefgyf8"}
{"type":"log","timestamp":1701855695830,"level":"debug","message":"Rendering engine handlebars","meta":{"rootId":"5oqis646prs6rwg","id":"5oqis646prs6rwg"},"id":"l42na68rzam7je4","previousOperationId":"k5r016ge71v6t0p"}
{"type":"operationEnd","operationId":"k5r016ge71v6t0p","timestamp":1701855695862,"id":"z2pdibhjy0ej4lv","previousEventId":"04fl2qi6997ebkb","previousOperationId":"k5r016ge71v6t0p"}
{"type":"operationStart","subtype":"recipe","name":"chrome-pdf","timestamp":1701855695862,"id":"bwu97pdwad9ad2d","previousEventId":"z2pdibhjy0ej4lv","operationId":"m9wzed2ja14sa1p","previousOperationId":"k5r016ge71v6t0p"}
{"type":"log","timestamp":1701855695862,"level":"debug","message":"Executing recipe chrome-pdf","meta":{"rootId":"5oqis646prs6rwg","id":"5oqis646prs6rwg"},"id":"qtwq87pjz2xzqs1","previousOperationId":"m9wzed2ja14sa1p"}
{"type":"log","timestamp":1701855695865,"level":"debug","message":"Converting with chrome HeadlessChrome/117.0.5938.149 using chrome-pool strategy","meta":{"rootId":"5oqis646prs6rwg","id":"5oqis646prs6rwg"},"id":"6ap4pef91hxqrq1","previousOperationId":"m9wzed2ja14sa1p"}
{"type":"log","timestamp":1701855695904,"level":"debug","message":"Page request: GET (document) file:///var/folders/dp/qk79pfcj0y1fmtkkl08m76rc0000gn/T/jsreport/autocleanup/95120e77-6377-4810-972c-fb3e9e8ce334-chrome-pdf.html","meta":{"rootId":"5oqis646prs6rwg","id":"5oqis646prs6rwg"},"id":"7i49m3sh7rbxmpk","previousOperationId":"m9wzed2ja14sa1p"}
{"type":"log","timestamp":1701855695909,"level":"debug","message":"Page request finished: GET (document) 200 file:///var/folders/dp/qk79pfcj0y1fmtkkl08m76rc0000gn/T/jsreport/autocleanup/95120e77-6377-4810-972c-fb3e9e8ce334-chrome-pdf.html","meta":{"rootId":"5oqis646prs6rwg","id":"5oqis646prs6rwg"},"id":"81n46h1secpu0qj","previousOperationId":"m9wzed2ja14sa1p"}
{"type":"log","timestamp":1701855695918,"level":"debug","message":"Custom viewport for chrome page width=800, height=2000","meta":{"rootId":"5oqis646prs6rwg","id":"5oqis646prs6rwg"},"id":"3zqne67h79ptvs6","previousOperationId":"m9wzed2ja14sa1p"}
{"type":"log","timestamp":1701855695919,"level":"debug","message":"Running chrome with params {\"printBackground\":true,\"width\":\"5.8cm\",\"height\":\"40cm\",\"marginRight\":\"0cm\",\"marginLeft\":\"0cm\",\"timeout\":59941,\"margin\":{\"right\":\"0cm\",\"left\":\"0cm\"}}","meta":{"rootId":"5oqis646prs6rwg","id":"5oqis646prs6rwg"},"id":"fxap5p2x0prsg2k","previousOperationId":"m9wzed2ja14sa1p"}
{"type":"operationEnd","operationId":"m9wzed2ja14sa1p","timestamp":1701855695946,"id":"4wbmvyhw8srvhhf","previousEventId":"bwu97pdwad9ad2d","previousOperationId":"m9wzed2ja14sa1p"}
{"type":"log","timestamp":1701855695946,"level":"debug","message":"Skipping storing report.","meta":{"rootId":"5oqis646prs6rwg","id":"5oqis646prs6rwg"},"id":"x0m94nq00z0j4rg","previousOperationId":"m9wzed2ja14sa1p"}
{"type":"log","timestamp":1701855695946,"level":"info","message":"Rendering request 38 finished in 141 ms","meta":{"rootId":"5oqis646prs6rwg","id":"5oqis646prs6rwg"},"id":"q1czend5s158w3i","previousOperationId":"m9wzed2ja14sa1p"}
{"type":"operationEnd","subtype":"render","operationId":"8wm92aenlefgyf8","timestamp":1701855695947,"id":"tegtuppvwvhwm2x","previousEventId":"4wbmvyhw8srvhhf","previousOperationId":"m9wzed2ja14sa1p"}
{"type":"operationEnd","doDiffs":false,"previousEventId":"21rharab5vn4cmv","previousOperationId":"9baxlofdshurnwu","operationId":"9baxlofdshurnwu","timestamp":1701855695948,"id":"gmfzukv5pvopdrp"}
