{"type":"operationStart","subtype":"profile","data":{"_id":"WduVRp0ypXKSoy3t","timestamp":"2023-11-28T13:08:46.978Z","state":"queued","mode":"standard","creationDate":"2023-11-28T13:08:46.979Z","modificationDate":"2023-11-28T13:08:46.979Z","shortid":"CnUrFoK","$entitySet":"profiles"},"doDiffs":false,"timestamp":1701176926979,"id":"54aqkx1rhfsfeu7","previousOperationId":null,"operationId":"7omi2g5ik864ms0"}
{"type":"log","level":"info","message":"Render request 65 queued for execution and waiting for available worker","previousOperationId":"7omi2g5ik864ms0","timestamp":1701176926979,"id":"cj8yg8nfxz17b5x"}
{"type":"operationStart","subtype":"render","name":"pns_index","previousOperationId":"7omi2g5ik864ms0","timestamp":1701176926988,"id":"xqx7u42h6kb2d7m","previousEventId":"54aqkx1rhfsfeu7","operationId":"q3pdjkylx3l4asp"}
{"type":"log","timestamp":1701176926988,"level":"info","message":"Starting rendering request 65","meta":{"rootId":"6b9d43dztdyucrx","id":"6b9d43dztdyucrx"},"id":"zymkaokam84z3o9","previousOperationId":"q3pdjkylx3l4asp"}
{"type":"log","timestamp":1701176926989,"level":"info","message":"Rendering template { name: pns_index, recipe: chrome-pdf, engine: handlebars, preview: true }","meta":{"rootId":"6b9d43dztdyucrx","id":"6b9d43dztdyucrx"},"id":"7vtpi90riphkun4","previousOperationId":"q3pdjkylx3l4asp"}
{"type":"log","timestamp":1701176926989,"level":"debug","message":"Inline data specified.","meta":{"rootId":"6b9d43dztdyucrx","id":"6b9d43dztdyucrx"},"id":"efzpwy8rqve198x","previousOperationId":"q3pdjkylx3l4asp"}
{"type":"log","timestamp":1701176926991,"level":"debug","message":"Base url not specified, skipping its injection.","meta":{"rootId":"6b9d43dztdyucrx","id":"6b9d43dztdyucrx"},"id":"z2sawptrmcfly3m","previousOperationId":"q3pdjkylx3l4asp"}
{"type":"operationStart","subtype":"engine","name":"handlebars","timestamp":1701176926991,"id":"jtzpg5joczwug0e","previousEventId":"xqx7u42h6kb2d7m","operationId":"k9z7isqidv0l1wk","previousOperationId":"q3pdjkylx3l4asp"}
{"type":"log","timestamp":1701176926991,"level":"debug","message":"Rendering engine handlebars","meta":{"rootId":"6b9d43dztdyucrx","id":"6b9d43dztdyucrx"},"id":"zj07djw2rfkchmp","previousOperationId":"k9z7isqidv0l1wk"}
{"type":"operationEnd","operationId":"k9z7isqidv0l1wk","timestamp":1701176927004,"id":"6qlul1wa5p40zlg","previousEventId":"jtzpg5joczwug0e","previousOperationId":"k9z7isqidv0l1wk"}
{"type":"operationStart","subtype":"recipe","name":"chrome-pdf","timestamp":1701176927004,"id":"iz2pzhtow9pwk3z","previousEventId":"6qlul1wa5p40zlg","operationId":"lp7kxgw8rsxi9jn","previousOperationId":"k9z7isqidv0l1wk"}
{"type":"log","timestamp":1701176927004,"level":"debug","message":"Executing recipe chrome-pdf","meta":{"rootId":"6b9d43dztdyucrx","id":"6b9d43dztdyucrx"},"id":"awsxhdjditg0x8q","previousOperationId":"lp7kxgw8rsxi9jn"}
{"type":"log","timestamp":1701176927006,"level":"debug","message":"Converting with chrome HeadlessChrome/117.0.5938.149 using chrome-pool strategy","meta":{"rootId":"6b9d43dztdyucrx","id":"6b9d43dztdyucrx"},"id":"2e5newdv6aa8t1a","previousOperationId":"lp7kxgw8rsxi9jn"}
{"type":"log","timestamp":1701176927060,"level":"debug","message":"Page request: GET (document) file:///var/folders/dp/qk79pfcj0y1fmtkkl08m76rc0000gn/T/jsreport/autocleanup/ef0fc6a9-e78d-4111-ac59-4021e885b182-chrome-pdf.html","meta":{"rootId":"6b9d43dztdyucrx","id":"6b9d43dztdyucrx"},"id":"p7bhr84t4chdt5y","previousOperationId":"lp7kxgw8rsxi9jn"}
{"type":"log","timestamp":1701176927065,"level":"debug","message":"Page request finished: GET (document) 200 file:///var/folders/dp/qk79pfcj0y1fmtkkl08m76rc0000gn/T/jsreport/autocleanup/ef0fc6a9-e78d-4111-ac59-4021e885b182-chrome-pdf.html","meta":{"rootId":"6b9d43dztdyucrx","id":"6b9d43dztdyucrx"},"id":"y8xzndvsaltwesg","previousOperationId":"lp7kxgw8rsxi9jn"}
{"type":"log","timestamp":1701176927077,"level":"debug","message":"Custom viewport for chrome page width=800, height=2000","meta":{"rootId":"6b9d43dztdyucrx","id":"6b9d43dztdyucrx"},"id":"8t11gckmp9ip4qz","previousOperationId":"lp7kxgw8rsxi9jn"}
{"type":"log","timestamp":1701176927079,"level":"debug","message":"Running chrome with params {\"printBackground\":true,\"width\":\"5.8cm\",\"height\":\"50cm\",\"timeout\":59973,\"margin\":{}}","meta":{"rootId":"6b9d43dztdyucrx","id":"6b9d43dztdyucrx"},"id":"mwrrbax9pqpcnyi","previousOperationId":"lp7kxgw8rsxi9jn"}
{"type":"operationEnd","operationId":"lp7kxgw8rsxi9jn","timestamp":1701176927105,"id":"pcacvvof60g6l1o","previousEventId":"iz2pzhtow9pwk3z","previousOperationId":"lp7kxgw8rsxi9jn"}
{"type":"log","timestamp":1701176927105,"level":"debug","message":"Skipping storing report.","meta":{"rootId":"6b9d43dztdyucrx","id":"6b9d43dztdyucrx"},"id":"9x7lbg1wup1ypj9","previousOperationId":"lp7kxgw8rsxi9jn"}
{"type":"log","timestamp":1701176927105,"level":"info","message":"Rendering request 65 finished in 127 ms","meta":{"rootId":"6b9d43dztdyucrx","id":"6b9d43dztdyucrx"},"id":"8pfv2kp9pwwed4a","previousOperationId":"lp7kxgw8rsxi9jn"}
{"type":"operationEnd","subtype":"render","operationId":"q3pdjkylx3l4asp","timestamp":1701176927105,"id":"4utxuaxe88bm6sz","previousEventId":"pcacvvof60g6l1o","previousOperationId":"lp7kxgw8rsxi9jn"}
{"type":"operationEnd","doDiffs":false,"previousEventId":"54aqkx1rhfsfeu7","previousOperationId":"7omi2g5ik864ms0","operationId":"7omi2g5ik864ms0","timestamp":1701176927106,"id":"bjgpjza2pmq1qrd"}
