{"type":"operationStart","subtype":"profile","data":{"_id":"r1giriimpLYrxLBv","timestamp":"2023-11-28T12:09:46.841Z","state":"queued","mode":"standard","creationDate":"2023-11-28T12:09:46.844Z","modificationDate":"2023-11-28T12:09:46.844Z","shortid":"5it7k2w","$entitySet":"profiles"},"doDiffs":false,"timestamp":1701173386842,"id":"nhq3o8l73e4tum8","previousOperationId":null,"operationId":"49nama5k7jd97o3"}
{"type":"log","level":"info","message":"Render request 27 queued for execution and waiting for available worker","previousOperationId":"49nama5k7jd97o3","timestamp":1701173386842,"id":"wo404u3f51hrb2q"}
{"type":"operationStart","subtype":"render","name":"pns_index","previousOperationId":"49nama5k7jd97o3","timestamp":1701173386859,"id":"ck4agdq2745vlpv","previousEventId":"nhq3o8l73e4tum8","operationId":"04gc4vnypkho9yd"}
{"type":"log","timestamp":1701173386859,"level":"info","message":"Starting rendering request 27","meta":{"rootId":"6ttu82590hz8iax","id":"6ttu82590hz8iax"},"id":"x167m8g4wcjjgjl","previousOperationId":"04gc4vnypkho9yd"}
{"type":"log","timestamp":1701173386859,"level":"info","message":"Rendering template { name: pns_index, recipe: chrome-pdf, engine: handlebars, preview: true }","meta":{"rootId":"6ttu82590hz8iax","id":"6ttu82590hz8iax"},"id":"mjw9uxdh5u88y4q","previousOperationId":"04gc4vnypkho9yd"}
{"type":"log","timestamp":1701173386859,"level":"debug","message":"Inline data specified.","meta":{"rootId":"6ttu82590hz8iax","id":"6ttu82590hz8iax"},"id":"3ur493bs0vopn1e","previousOperationId":"04gc4vnypkho9yd"}
{"type":"log","timestamp":1701173386860,"level":"debug","message":"Base url not specified, skipping its injection.","meta":{"rootId":"6ttu82590hz8iax","id":"6ttu82590hz8iax"},"id":"z0uflxf1cq01d3p","previousOperationId":"04gc4vnypkho9yd"}
{"type":"operationStart","subtype":"engine","name":"handlebars","timestamp":1701173386861,"id":"qyz3omcbrc0y1s2","previousEventId":"ck4agdq2745vlpv","operationId":"pi62regypixvdle","previousOperationId":"04gc4vnypkho9yd"}
{"type":"log","timestamp":1701173386861,"level":"debug","message":"Rendering engine handlebars","meta":{"rootId":"6ttu82590hz8iax","id":"6ttu82590hz8iax"},"id":"y6y77b9asqjfzwd","previousOperationId":"pi62regypixvdle"}
{"type":"operationEnd","operationId":"pi62regypixvdle","timestamp":1701173386879,"id":"7bncd0sr4caruwy","previousEventId":"qyz3omcbrc0y1s2","previousOperationId":"pi62regypixvdle"}
{"type":"operationStart","subtype":"recipe","name":"chrome-pdf","timestamp":1701173386880,"id":"80fimyc8huvayn9","previousEventId":"7bncd0sr4caruwy","operationId":"z90beihe332a4s1","previousOperationId":"pi62regypixvdle"}
{"type":"log","timestamp":1701173386880,"level":"debug","message":"Executing recipe chrome-pdf","meta":{"rootId":"6ttu82590hz8iax","id":"6ttu82590hz8iax"},"id":"w7y7mhv1p3ybie9","previousOperationId":"z90beihe332a4s1"}
{"type":"log","timestamp":1701173386881,"level":"debug","message":"Converting with chrome HeadlessChrome/117.0.5938.149 using chrome-pool strategy","meta":{"rootId":"6ttu82590hz8iax","id":"6ttu82590hz8iax"},"id":"h2mj3wgfbllplmt","previousOperationId":"z90beihe332a4s1"}
{"type":"log","timestamp":1701173386922,"level":"debug","message":"Page request: GET (document) file:///var/folders/dp/qk79pfcj0y1fmtkkl08m76rc0000gn/T/jsreport/autocleanup/b437b3dc-ceff-4610-bb1b-3cc0256e7dae-chrome-pdf.html","meta":{"rootId":"6ttu82590hz8iax","id":"6ttu82590hz8iax"},"id":"rs4hrq1213aogo0","previousOperationId":"z90beihe332a4s1"}
{"type":"log","timestamp":1701173386927,"level":"debug","message":"Page request finished: GET (document) 200 file:///var/folders/dp/qk79pfcj0y1fmtkkl08m76rc0000gn/T/jsreport/autocleanup/b437b3dc-ceff-4610-bb1b-3cc0256e7dae-chrome-pdf.html","meta":{"rootId":"6ttu82590hz8iax","id":"6ttu82590hz8iax"},"id":"g7640vwkj6oleeo","previousOperationId":"z90beihe332a4s1"}
{"type":"log","timestamp":1701173386936,"level":"debug","message":"Custom viewport for chrome page width=800, height=2000","meta":{"rootId":"6ttu82590hz8iax","id":"6ttu82590hz8iax"},"id":"vcn8u1wftg49suj","previousOperationId":"z90beihe332a4s1"}
{"type":"log","timestamp":1701173386937,"level":"debug","message":"Running chrome with params {\"printBackground\":true,\"width\":\"8cm\",\"height\":\"50cm\",\"timeout\":59960,\"margin\":{}}","meta":{"rootId":"6ttu82590hz8iax","id":"6ttu82590hz8iax"},"id":"cwb8mhguuu4fxnf","previousOperationId":"z90beihe332a4s1"}
{"type":"operationEnd","operationId":"z90beihe332a4s1","timestamp":1701173386960,"id":"h37aw98jqt1r6bw","previousEventId":"80fimyc8huvayn9","previousOperationId":"z90beihe332a4s1"}
{"type":"log","timestamp":1701173386960,"level":"debug","message":"Skipping storing report.","meta":{"rootId":"6ttu82590hz8iax","id":"6ttu82590hz8iax"},"id":"sz340v38vuk4kpa","previousOperationId":"z90beihe332a4s1"}
{"type":"log","timestamp":1701173386960,"level":"info","message":"Rendering request 27 finished in 119 ms","meta":{"rootId":"6ttu82590hz8iax","id":"6ttu82590hz8iax"},"id":"nykqf6zutbqojg0","previousOperationId":"z90beihe332a4s1"}
{"type":"operationEnd","subtype":"render","operationId":"04gc4vnypkho9yd","timestamp":1701173386960,"id":"wy8o1xf1b0lq0ul","previousEventId":"h37aw98jqt1r6bw","previousOperationId":"z90beihe332a4s1"}
{"type":"operationEnd","doDiffs":false,"previousEventId":"nhq3o8l73e4tum8","previousOperationId":"49nama5k7jd97o3","operationId":"49nama5k7jd97o3","timestamp":1701173386961,"id":"2wlsoe28moukmbk"}
