{"type":"operationStart","subtype":"profile","data":{"_id":"Loneyhv9lekMjhfk","timestamp":"2023-12-06T09:15:57.583Z","state":"queued","mode":"standard","creationDate":"2023-12-06T09:15:57.586Z","modificationDate":"2023-12-06T09:15:57.586Z","shortid":"1r7DQSR","$entitySet":"profiles"},"doDiffs":false,"timestamp":1701854157585,"id":"ol82j95mc77ksxa","previousOperationId":null,"operationId":"pyhg3uwvakdamon"}
{"type":"log","level":"info","message":"Render request 9 queued for execution and waiting for available worker","previousOperationId":"pyhg3uwvakdamon","timestamp":1701854157585,"id":"tr3l6fvtxzfqjoq"}
{"type":"operationStart","subtype":"render","name":"pns_index","previousOperationId":"pyhg3uwvakdamon","timestamp":1701854157596,"id":"wtfsrwlirlelrb1","previousEventId":"ol82j95mc77ksxa","operationId":"2jbn4cx8wkzvn2k"}
{"type":"log","timestamp":1701854157596,"level":"info","message":"Starting rendering request 9","meta":{"rootId":"6ytmxhdv0lr34h8","id":"6ytmxhdv0lr34h8"},"id":"ne4fnc1o31nmbfd","previousOperationId":"2jbn4cx8wkzvn2k"}
{"type":"log","timestamp":1701854157596,"level":"info","message":"Rendering template { name: pns_index, recipe: chrome-pdf, engine: handlebars, preview: true }","meta":{"rootId":"6ytmxhdv0lr34h8","id":"6ytmxhdv0lr34h8"},"id":"59uuyookpshwhft","previousOperationId":"2jbn4cx8wkzvn2k"}
{"type":"log","timestamp":1701854157597,"level":"debug","message":"Adding sample data flbhzmKcJ","meta":{"rootId":"6ytmxhdv0lr34h8","id":"6ytmxhdv0lr34h8"},"id":"uue8zdb3jl5z313","previousOperationId":"2jbn4cx8wkzvn2k"}
{"type":"log","timestamp":1701854157599,"level":"debug","message":"Base url not specified, skipping its injection.","meta":{"rootId":"6ytmxhdv0lr34h8","id":"6ytmxhdv0lr34h8"},"id":"7bzm4yspwowpwah","previousOperationId":"2jbn4cx8wkzvn2k"}
{"type":"log","timestamp":1701854157602,"level":"debug","message":"Replaced assets [\"styles.css\"]","meta":{"rootId":"6ytmxhdv0lr34h8","id":"6ytmxhdv0lr34h8"},"id":"qvzg9bcw2lpsqnb","previousOperationId":"2jbn4cx8wkzvn2k"}
{"type":"operationStart","subtype":"engine","name":"handlebars","timestamp":1701854157602,"id":"gxthx4dxzquj2ml","previousEventId":"wtfsrwlirlelrb1","operationId":"6ic304zcu3kt4rr","previousOperationId":"2jbn4cx8wkzvn2k"}
{"type":"log","timestamp":1701854157602,"level":"debug","message":"Rendering engine handlebars","meta":{"rootId":"6ytmxhdv0lr34h8","id":"6ytmxhdv0lr34h8"},"id":"vuxw227miqc86nz","previousOperationId":"6ic304zcu3kt4rr"}
{"type":"operationEnd","operationId":"6ic304zcu3kt4rr","timestamp":1701854157638,"id":"gx190uuew2xrj31","previousEventId":"gxthx4dxzquj2ml","previousOperationId":"6ic304zcu3kt4rr"}
{"type":"operationStart","subtype":"recipe","name":"chrome-pdf","timestamp":1701854157638,"id":"7o92rptes02q1zw","previousEventId":"gx190uuew2xrj31","operationId":"1yqdmp9nnbsg6pd","previousOperationId":"6ic304zcu3kt4rr"}
{"type":"log","timestamp":1701854157638,"level":"debug","message":"Executing recipe chrome-pdf","meta":{"rootId":"6ytmxhdv0lr34h8","id":"6ytmxhdv0lr34h8"},"id":"ji3bzh4u2bjy6a8","previousOperationId":"1yqdmp9nnbsg6pd"}
{"type":"log","timestamp":1701854157642,"level":"debug","message":"Converting with chrome HeadlessChrome/117.0.5938.149 using chrome-pool strategy","meta":{"rootId":"6ytmxhdv0lr34h8","id":"6ytmxhdv0lr34h8"},"id":"uen41n4x1yxhgd6","previousOperationId":"1yqdmp9nnbsg6pd"}
{"type":"log","timestamp":1701854157686,"level":"debug","message":"Page request: GET (document) file:///var/folders/dp/qk79pfcj0y1fmtkkl08m76rc0000gn/T/jsreport/autocleanup/6501ed36-1813-492c-b70a-b549de4d26cf-chrome-pdf.html","meta":{"rootId":"6ytmxhdv0lr34h8","id":"6ytmxhdv0lr34h8"},"id":"yqjufrdr01842la","previousOperationId":"1yqdmp9nnbsg6pd"}
{"type":"log","timestamp":1701854157690,"level":"debug","message":"Page request finished: GET (document) 200 file:///var/folders/dp/qk79pfcj0y1fmtkkl08m76rc0000gn/T/jsreport/autocleanup/6501ed36-1813-492c-b70a-b549de4d26cf-chrome-pdf.html","meta":{"rootId":"6ytmxhdv0lr34h8","id":"6ytmxhdv0lr34h8"},"id":"fpq8frsa9er4whv","previousOperationId":"1yqdmp9nnbsg6pd"}
{"type":"log","timestamp":1701854157701,"level":"debug","message":"Custom viewport for chrome page width=800, height=2000","meta":{"rootId":"6ytmxhdv0lr34h8","id":"6ytmxhdv0lr34h8"},"id":"zge90yo5apmw8cy","previousOperationId":"1yqdmp9nnbsg6pd"}
{"type":"log","timestamp":1701854157701,"level":"debug","message":"Running chrome with params {\"printBackground\":true,\"width\":\"5.8cm\",\"height\":\"21cm\",\"marginRight\":\"0cm\",\"marginLeft\":\"0cm\",\"timeout\":59942,\"margin\":{\"right\":\"0cm\",\"left\":\"0cm\"}}","meta":{"rootId":"6ytmxhdv0lr34h8","id":"6ytmxhdv0lr34h8"},"id":"4b05bhxp5x43ccp","previousOperationId":"1yqdmp9nnbsg6pd"}
{"type":"operationEnd","operationId":"1yqdmp9nnbsg6pd","timestamp":1701854157729,"id":"znl21tijllr0i1b","previousEventId":"7o92rptes02q1zw","previousOperationId":"1yqdmp9nnbsg6pd"}
{"type":"log","timestamp":1701854157729,"level":"debug","message":"Skipping storing report.","meta":{"rootId":"6ytmxhdv0lr34h8","id":"6ytmxhdv0lr34h8"},"id":"q2zks2cmg6b4bjc","previousOperationId":"1yqdmp9nnbsg6pd"}
{"type":"log","timestamp":1701854157729,"level":"info","message":"Rendering request 9 finished in 146 ms","meta":{"rootId":"6ytmxhdv0lr34h8","id":"6ytmxhdv0lr34h8"},"id":"0wm8oamcwyf1x6a","previousOperationId":"1yqdmp9nnbsg6pd"}
{"type":"operationEnd","subtype":"render","operationId":"2jbn4cx8wkzvn2k","timestamp":1701854157729,"id":"cc9lno50qti2oor","previousEventId":"znl21tijllr0i1b","previousOperationId":"1yqdmp9nnbsg6pd"}
{"type":"operationEnd","doDiffs":false,"previousEventId":"ol82j95mc77ksxa","previousOperationId":"pyhg3uwvakdamon","operationId":"pyhg3uwvakdamon","timestamp":1701854157730,"id":"g5o4y4zotuucwss"}
