{"type":"operationStart","subtype":"profile","data":{"_id":"9F3KNpCKNlPjQ3f1","timestamp":"2023-12-06T09:45:55.616Z","state":"queued","mode":"standard","creationDate":"2023-12-06T09:45:55.621Z","modificationDate":"2023-12-06T09:45:55.621Z","shortid":"4RdM1tV","$entitySet":"profiles"},"doDiffs":false,"timestamp":1701855955618,"id":"v7fdi2jp0hmz1mb","previousOperationId":null,"operationId":"2wiv9zu5mbh0l2p"}
{"type":"log","level":"info","message":"Render request 48 queued for execution and waiting for available worker","previousOperationId":"2wiv9zu5mbh0l2p","timestamp":1701855955619,"id":"qru9uhzjw9zolpl"}
{"type":"operationStart","subtype":"render","name":"pns_index","previousOperationId":"2wiv9zu5mbh0l2p","timestamp":1701855955628,"id":"h2qixrtcziif6bt","previousEventId":"v7fdi2jp0hmz1mb","operationId":"hyd8pacvr5o3a6o"}
{"type":"log","timestamp":1701855955628,"level":"info","message":"Starting rendering request 48","meta":{"rootId":"73otxxg46k1h0q5","id":"73otxxg46k1h0q5"},"id":"ct2262d1vbvst5q","previousOperationId":"hyd8pacvr5o3a6o"}
{"type":"log","timestamp":1701855955629,"level":"info","message":"Rendering template { name: pns_index, recipe: chrome-pdf, engine: handlebars, preview: true }","meta":{"rootId":"73otxxg46k1h0q5","id":"73otxxg46k1h0q5"},"id":"uwrxs6lqcy5wv78","previousOperationId":"hyd8pacvr5o3a6o"}
{"type":"log","timestamp":1701855955633,"level":"debug","message":"Inline data specified.","meta":{"rootId":"73otxxg46k1h0q5","id":"73otxxg46k1h0q5"},"id":"5gfhczewynry9t4","previousOperationId":"hyd8pacvr5o3a6o"}
{"type":"log","timestamp":1701855955636,"level":"debug","message":"Base url not specified, skipping its injection.","meta":{"rootId":"73otxxg46k1h0q5","id":"73otxxg46k1h0q5"},"id":"08niomozdb1689u","previousOperationId":"hyd8pacvr5o3a6o"}
{"type":"log","timestamp":1701855955640,"level":"debug","message":"Replaced assets [\"styles.css\"]","meta":{"rootId":"73otxxg46k1h0q5","id":"73otxxg46k1h0q5"},"id":"hu4k6bw96lp2bq6","previousOperationId":"hyd8pacvr5o3a6o"}
{"type":"operationStart","subtype":"engine","name":"handlebars","timestamp":1701855955640,"id":"j9c3todns1t8s87","previousEventId":"h2qixrtcziif6bt","operationId":"tiryz4mb7rq9l6l","previousOperationId":"hyd8pacvr5o3a6o"}
{"type":"log","timestamp":1701855955640,"level":"debug","message":"Rendering engine handlebars","meta":{"rootId":"73otxxg46k1h0q5","id":"73otxxg46k1h0q5"},"id":"nz8kffkmgg3kshc","previousOperationId":"tiryz4mb7rq9l6l"}
{"type":"operationEnd","operationId":"tiryz4mb7rq9l6l","timestamp":1701855955665,"id":"9hpyqf76oee3ves","previousEventId":"j9c3todns1t8s87","previousOperationId":"tiryz4mb7rq9l6l"}
{"type":"operationStart","subtype":"recipe","name":"chrome-pdf","timestamp":1701855955665,"id":"1agl8f34wprjgtr","previousEventId":"9hpyqf76oee3ves","operationId":"je9lu8uricp41gj","previousOperationId":"tiryz4mb7rq9l6l"}
{"type":"log","timestamp":1701855955665,"level":"debug","message":"Executing recipe chrome-pdf","meta":{"rootId":"73otxxg46k1h0q5","id":"73otxxg46k1h0q5"},"id":"apfyrs16a85s6p1","previousOperationId":"je9lu8uricp41gj"}
{"type":"log","timestamp":1701855955667,"level":"debug","message":"Converting with chrome HeadlessChrome/117.0.5938.149 using chrome-pool strategy","meta":{"rootId":"73otxxg46k1h0q5","id":"73otxxg46k1h0q5"},"id":"7tyy2ydz56owjwr","previousOperationId":"je9lu8uricp41gj"}
{"type":"log","timestamp":1701855955714,"level":"debug","message":"Page request: GET (document) file:///var/folders/dp/qk79pfcj0y1fmtkkl08m76rc0000gn/T/jsreport/autocleanup/73184bf3-e233-443a-acc8-dc6c57758878-chrome-pdf.html","meta":{"rootId":"73otxxg46k1h0q5","id":"73otxxg46k1h0q5"},"id":"viilcuagjinnagb","previousOperationId":"je9lu8uricp41gj"}
{"type":"log","timestamp":1701855955718,"level":"debug","message":"Page request finished: GET (document) 200 file:///var/folders/dp/qk79pfcj0y1fmtkkl08m76rc0000gn/T/jsreport/autocleanup/73184bf3-e233-443a-acc8-dc6c57758878-chrome-pdf.html","meta":{"rootId":"73otxxg46k1h0q5","id":"73otxxg46k1h0q5"},"id":"yqz91aj6rxj7ohu","previousOperationId":"je9lu8uricp41gj"}
{"type":"log","timestamp":1701855955729,"level":"debug","message":"Custom viewport for chrome page width=800, height=2000","meta":{"rootId":"73otxxg46k1h0q5","id":"73otxxg46k1h0q5"},"id":"ddx2h3302og8j00","previousOperationId":"je9lu8uricp41gj"}
{"type":"log","timestamp":1701855955730,"level":"debug","message":"Running chrome with params {\"printBackground\":true,\"width\":\"5.8cm\",\"height\":\"40cm\",\"marginRight\":\"0cm\",\"marginLeft\":\"0cm\",\"timeout\":59949,\"margin\":{\"right\":\"0cm\",\"left\":\"0cm\"}}","meta":{"rootId":"73otxxg46k1h0q5","id":"73otxxg46k1h0q5"},"id":"do3n631r7w7uwth","previousOperationId":"je9lu8uricp41gj"}
{"type":"operationEnd","operationId":"je9lu8uricp41gj","timestamp":1701855955755,"id":"qirdpgb62l5l2bs","previousEventId":"1agl8f34wprjgtr","previousOperationId":"je9lu8uricp41gj"}
{"type":"log","timestamp":1701855955755,"level":"debug","message":"Skipping storing report.","meta":{"rootId":"73otxxg46k1h0q5","id":"73otxxg46k1h0q5"},"id":"jwu2jhkc4vrlsuu","previousOperationId":"je9lu8uricp41gj"}
{"type":"log","timestamp":1701855955755,"level":"info","message":"Rendering request 48 finished in 139 ms","meta":{"rootId":"73otxxg46k1h0q5","id":"73otxxg46k1h0q5"},"id":"crks4r88po23n03","previousOperationId":"je9lu8uricp41gj"}
{"type":"operationEnd","subtype":"render","operationId":"hyd8pacvr5o3a6o","timestamp":1701855955755,"id":"tj7xv6v44z17nt7","previousEventId":"qirdpgb62l5l2bs","previousOperationId":"je9lu8uricp41gj"}
{"type":"operationEnd","doDiffs":false,"previousEventId":"v7fdi2jp0hmz1mb","previousOperationId":"2wiv9zu5mbh0l2p","operationId":"2wiv9zu5mbh0l2p","timestamp":1701855955756,"id":"z4lui6tamn9byxv"}
