{"type":"operationStart","subtype":"profile","data":{"_id":"2PagTwvRWDyX6nGY","timestamp":"2023-11-28T10:26:27.105Z","state":"queued","mode":"standard","creationDate":"2023-11-28T10:26:27.107Z","modificationDate":"2023-11-28T10:26:27.107Z","shortid":"xjQ266m","$entitySet":"profiles"},"doDiffs":false,"timestamp":1701167187106,"id":"8j0o9vkbv7uytyq","previousOperationId":null,"operationId":"mee0r5x5pbvx1lq"}
{"type":"log","level":"info","message":"Render request 29 queued for execution and waiting for available worker","previousOperationId":"mee0r5x5pbvx1lq","timestamp":1701167187106,"id":"z84qeh24agozx22"}
{"type":"operationStart","subtype":"render","name":"pns_index","previousOperationId":"mee0r5x5pbvx1lq","timestamp":1701167187113,"id":"yutmjfx72an3fnf","previousEventId":"8j0o9vkbv7uytyq","operationId":"cd466sz7r7pr0d4"}
{"type":"log","timestamp":1701167187113,"level":"info","message":"Starting rendering request 29","meta":{"rootId":"74ustz1m8ssj2vo","id":"74ustz1m8ssj2vo"},"id":"nwuklqegwb9m7bs","previousOperationId":"cd466sz7r7pr0d4"}
{"type":"log","timestamp":1701167187114,"level":"info","message":"Rendering template { name: pns_index, recipe: chrome-pdf, engine: handlebars, preview: true }","meta":{"rootId":"74ustz1m8ssj2vo","id":"74ustz1m8ssj2vo"},"id":"dh7nzuwf3x3a0ov","previousOperationId":"cd466sz7r7pr0d4"}
{"type":"log","timestamp":1701167187114,"level":"debug","message":"Inline data specified.","meta":{"rootId":"74ustz1m8ssj2vo","id":"74ustz1m8ssj2vo"},"id":"614lud0adv46qpe","previousOperationId":"cd466sz7r7pr0d4"}
{"type":"log","timestamp":1701167187119,"level":"debug","message":"Base url not specified, skipping its injection.","meta":{"rootId":"74ustz1m8ssj2vo","id":"74ustz1m8ssj2vo"},"id":"gxgj6423s8iewih","previousOperationId":"cd466sz7r7pr0d4"}
{"type":"operationStart","subtype":"engine","name":"handlebars","timestamp":1701167187119,"id":"dmk97hpn132b60n","previousEventId":"yutmjfx72an3fnf","operationId":"04vhqllvh0psdsa","previousOperationId":"cd466sz7r7pr0d4"}
{"type":"log","timestamp":1701167187119,"level":"debug","message":"Rendering engine handlebars","meta":{"rootId":"74ustz1m8ssj2vo","id":"74ustz1m8ssj2vo"},"id":"jhsc8efr5k8mhgd","previousOperationId":"04vhqllvh0psdsa"}
{"type":"operationEnd","operationId":"04vhqllvh0psdsa","timestamp":1701167187152,"id":"xycvuckgekmygcp","previousEventId":"dmk97hpn132b60n","previousOperationId":"04vhqllvh0psdsa"}
{"type":"operationStart","subtype":"recipe","name":"chrome-pdf","timestamp":1701167187152,"id":"2eiryj7evw0yhph","previousEventId":"xycvuckgekmygcp","operationId":"71fhynutyguwjik","previousOperationId":"04vhqllvh0psdsa"}
{"type":"log","timestamp":1701167187152,"level":"debug","message":"Executing recipe chrome-pdf","meta":{"rootId":"74ustz1m8ssj2vo","id":"74ustz1m8ssj2vo"},"id":"wzqnuouit6lj0wy","previousOperationId":"71fhynutyguwjik"}
{"type":"log","timestamp":1701167187154,"level":"debug","message":"Converting with chrome HeadlessChrome/117.0.5938.149 using chrome-pool strategy","meta":{"rootId":"74ustz1m8ssj2vo","id":"74ustz1m8ssj2vo"},"id":"okfkjekmorohgtt","previousOperationId":"71fhynutyguwjik"}
{"type":"log","timestamp":1701167187199,"level":"debug","message":"Page request: GET (document) file:///var/folders/dp/qk79pfcj0y1fmtkkl08m76rc0000gn/T/jsreport/autocleanup/edce2c67-ef56-41e6-8ea3-760ae7583d35-chrome-pdf.html","meta":{"rootId":"74ustz1m8ssj2vo","id":"74ustz1m8ssj2vo"},"id":"rz10kv4zrm3i6y2","previousOperationId":"71fhynutyguwjik"}
{"type":"log","timestamp":1701167187204,"level":"debug","message":"Page request finished: GET (document) 200 file:///var/folders/dp/qk79pfcj0y1fmtkkl08m76rc0000gn/T/jsreport/autocleanup/edce2c67-ef56-41e6-8ea3-760ae7583d35-chrome-pdf.html","meta":{"rootId":"74ustz1m8ssj2vo","id":"74ustz1m8ssj2vo"},"id":"1jq2o4ds8jem923","previousOperationId":"71fhynutyguwjik"}
{"type":"log","timestamp":1701167187214,"level":"debug","message":"Running chrome with params {\"printBackground\":true,\"width\":\"8cm\",\"timeout\":59951,\"margin\":{}}","meta":{"rootId":"74ustz1m8ssj2vo","id":"74ustz1m8ssj2vo"},"id":"tkeafdxnb02lcu5","previousOperationId":"71fhynutyguwjik"}
{"type":"operationEnd","operationId":"71fhynutyguwjik","timestamp":1701167187235,"id":"835cygnve9b4qe0","previousEventId":"2eiryj7evw0yhph","previousOperationId":"71fhynutyguwjik"}
{"type":"log","timestamp":1701167187235,"level":"debug","message":"Skipping storing report.","meta":{"rootId":"74ustz1m8ssj2vo","id":"74ustz1m8ssj2vo"},"id":"naeiha8q5y2wgk9","previousOperationId":"71fhynutyguwjik"}
{"type":"log","timestamp":1701167187235,"level":"info","message":"Rendering request 29 finished in 130 ms","meta":{"rootId":"74ustz1m8ssj2vo","id":"74ustz1m8ssj2vo"},"id":"mkztupsbiftbauj","previousOperationId":"71fhynutyguwjik"}
{"type":"operationEnd","subtype":"render","operationId":"cd466sz7r7pr0d4","timestamp":1701167187235,"id":"kv06bbn8qo42fij","previousEventId":"835cygnve9b4qe0","previousOperationId":"71fhynutyguwjik"}
{"type":"operationEnd","doDiffs":false,"previousEventId":"8j0o9vkbv7uytyq","previousOperationId":"mee0r5x5pbvx1lq","operationId":"mee0r5x5pbvx1lq","timestamp":1701167187237,"id":"ne50rlkcdpfceh0"}
