{"type":"operationStart","subtype":"profile","data":{"_id":"NDgFZKUQ7fJqqRM9","timestamp":"2023-11-28T12:28:22.893Z","state":"queued","mode":"standard","creationDate":"2023-11-28T12:28:22.895Z","modificationDate":"2023-11-28T12:28:22.895Z","shortid":"ySEQfaP","$entitySet":"profiles"},"doDiffs":false,"timestamp":1701174502894,"id":"knz0j7uj6tlx70f","previousOperationId":null,"operationId":"v568dd1jc782jrs"}
{"type":"log","level":"info","message":"Render request 39 queued for execution and waiting for available worker","previousOperationId":"v568dd1jc782jrs","timestamp":1701174502895,"id":"7hkqfcghzzh77ch"}
{"type":"operationStart","subtype":"render","name":"pns_index","previousOperationId":"v568dd1jc782jrs","timestamp":1701174502902,"id":"aw2rcmuqblnmg85","previousEventId":"knz0j7uj6tlx70f","operationId":"ob0vd4csy7jul0d"}
{"type":"log","timestamp":1701174502902,"level":"info","message":"Starting rendering request 39","meta":{"rootId":"7c9r5iat2wazoxk","id":"7c9r5iat2wazoxk"},"id":"hwgjlehbb5f7m1w","previousOperationId":"ob0vd4csy7jul0d"}
{"type":"log","timestamp":1701174502902,"level":"info","message":"Rendering template { name: pns_index, recipe: chrome-pdf, engine: handlebars, preview: true }","meta":{"rootId":"7c9r5iat2wazoxk","id":"7c9r5iat2wazoxk"},"id":"wlsng8x7oeroayc","previousOperationId":"ob0vd4csy7jul0d"}
{"type":"log","timestamp":1701174502903,"level":"debug","message":"Inline data specified.","meta":{"rootId":"7c9r5iat2wazoxk","id":"7c9r5iat2wazoxk"},"id":"w1jw0by4wc48ylp","previousOperationId":"ob0vd4csy7jul0d"}
{"type":"log","timestamp":1701174502905,"level":"debug","message":"Base url not specified, skipping its injection.","meta":{"rootId":"7c9r5iat2wazoxk","id":"7c9r5iat2wazoxk"},"id":"fkeh3ugun4psnjx","previousOperationId":"ob0vd4csy7jul0d"}
{"type":"operationStart","subtype":"engine","name":"handlebars","timestamp":1701174502905,"id":"qxnjwerdxplgfb5","previousEventId":"aw2rcmuqblnmg85","operationId":"s9au06bl6v89yod","previousOperationId":"ob0vd4csy7jul0d"}
{"type":"log","timestamp":1701174502905,"level":"debug","message":"Rendering engine handlebars","meta":{"rootId":"7c9r5iat2wazoxk","id":"7c9r5iat2wazoxk"},"id":"17s18l3vzoluscr","previousOperationId":"s9au06bl6v89yod"}
{"type":"operationEnd","operationId":"s9au06bl6v89yod","timestamp":1701174502930,"id":"1pvfjly10bw0u9x","previousEventId":"qxnjwerdxplgfb5","previousOperationId":"s9au06bl6v89yod"}
{"type":"operationStart","subtype":"recipe","name":"chrome-pdf","timestamp":1701174502930,"id":"jyd1kd6ksabrdmy","previousEventId":"1pvfjly10bw0u9x","operationId":"7ny2ngi9b5yin1g","previousOperationId":"s9au06bl6v89yod"}
{"type":"log","timestamp":1701174502930,"level":"debug","message":"Executing recipe chrome-pdf","meta":{"rootId":"7c9r5iat2wazoxk","id":"7c9r5iat2wazoxk"},"id":"ktryif77jazng5e","previousOperationId":"7ny2ngi9b5yin1g"}
{"type":"log","timestamp":1701174502931,"level":"debug","message":"Converting with chrome HeadlessChrome/117.0.5938.149 using chrome-pool strategy","meta":{"rootId":"7c9r5iat2wazoxk","id":"7c9r5iat2wazoxk"},"id":"7gmm7qzm7qvapct","previousOperationId":"7ny2ngi9b5yin1g"}
{"type":"log","timestamp":1701174502977,"level":"debug","message":"Page request: GET (document) file:///var/folders/dp/qk79pfcj0y1fmtkkl08m76rc0000gn/T/jsreport/autocleanup/15b05a8b-cc30-4bfa-900c-39b98168ec10-chrome-pdf.html","meta":{"rootId":"7c9r5iat2wazoxk","id":"7c9r5iat2wazoxk"},"id":"nemr6qpmdv6hc30","previousOperationId":"7ny2ngi9b5yin1g"}
{"type":"log","timestamp":1701174502982,"level":"debug","message":"Page request finished: GET (document) 200 file:///var/folders/dp/qk79pfcj0y1fmtkkl08m76rc0000gn/T/jsreport/autocleanup/15b05a8b-cc30-4bfa-900c-39b98168ec10-chrome-pdf.html","meta":{"rootId":"7c9r5iat2wazoxk","id":"7c9r5iat2wazoxk"},"id":"o9fzf3m6bhxakne","previousOperationId":"7ny2ngi9b5yin1g"}
{"type":"log","timestamp":1701174502992,"level":"debug","message":"Custom viewport for chrome page width=800, height=2000","meta":{"rootId":"7c9r5iat2wazoxk","id":"7c9r5iat2wazoxk"},"id":"tkeabsbsb6y8vpv","previousOperationId":"7ny2ngi9b5yin1g"}
{"type":"log","timestamp":1701174502994,"level":"debug","message":"Running chrome with params {\"printBackground\":true,\"width\":\"8cm\",\"height\":\"50cm\",\"timeout\":59962,\"margin\":{}}","meta":{"rootId":"7c9r5iat2wazoxk","id":"7c9r5iat2wazoxk"},"id":"as8ipzlv7m2b3il","previousOperationId":"7ny2ngi9b5yin1g"}
{"type":"operationEnd","operationId":"7ny2ngi9b5yin1g","timestamp":1701174503015,"id":"ifzmj93jckunwy3","previousEventId":"jyd1kd6ksabrdmy","previousOperationId":"7ny2ngi9b5yin1g"}
{"type":"log","timestamp":1701174503015,"level":"debug","message":"Skipping storing report.","meta":{"rootId":"7c9r5iat2wazoxk","id":"7c9r5iat2wazoxk"},"id":"mfh0agnqdoy5a9b","previousOperationId":"7ny2ngi9b5yin1g"}
{"type":"log","timestamp":1701174503015,"level":"info","message":"Rendering request 39 finished in 122 ms","meta":{"rootId":"7c9r5iat2wazoxk","id":"7c9r5iat2wazoxk"},"id":"11fac22x0pebytl","previousOperationId":"7ny2ngi9b5yin1g"}
{"type":"operationEnd","subtype":"render","operationId":"ob0vd4csy7jul0d","timestamp":1701174503015,"id":"tk6il965c1lt0ft","previousEventId":"ifzmj93jckunwy3","previousOperationId":"7ny2ngi9b5yin1g"}
{"type":"operationEnd","doDiffs":false,"previousEventId":"knz0j7uj6tlx70f","previousOperationId":"v568dd1jc782jrs","operationId":"v568dd1jc782jrs","timestamp":1701174503016,"id":"48rpohe6zteupcr"}
