{"type":"operationStart","subtype":"profile","data":{"_id":"ISvtZPfzey80gtmK","timestamp":"2023-12-06T11:48:11.040Z","state":"queued","mode":"standard","creationDate":"2023-12-06T11:48:11.043Z","modificationDate":"2023-12-06T11:48:11.043Z","shortid":"5EtRPQ6","$entitySet":"profiles"},"doDiffs":false,"timestamp":1701863291042,"id":"zq7ozax00sj01jg","previousOperationId":null,"operationId":"lqu2q54d8q3otot"}
{"type":"log","level":"info","message":"Render request 128 queued for execution and waiting for available worker","previousOperationId":"lqu2q54d8q3otot","timestamp":1701863291043,"id":"6u4wvecvqc4lvq8"}
{"type":"operationStart","subtype":"render","name":"pns_index","previousOperationId":"lqu2q54d8q3otot","timestamp":1701863291054,"id":"o6g4yxlujth6fyu","previousEventId":"zq7ozax00sj01jg","operationId":"0iyhiuolqve0czd"}
{"type":"log","timestamp":1701863291054,"level":"info","message":"Starting rendering request 128","meta":{"rootId":"7chhh1osp8fkgzj","id":"7chhh1osp8fkgzj"},"id":"xapdluk7trxlju6","previousOperationId":"0iyhiuolqve0czd"}
{"type":"log","timestamp":1701863291054,"level":"info","message":"Rendering template { name: pns_index, recipe: chrome-pdf, engine: handlebars, preview: true }","meta":{"rootId":"7chhh1osp8fkgzj","id":"7chhh1osp8fkgzj"},"id":"9kkjc42iy5y8k9v","previousOperationId":"0iyhiuolqve0czd"}
{"type":"log","timestamp":1701863291057,"level":"debug","message":"Inline data specified.","meta":{"rootId":"7chhh1osp8fkgzj","id":"7chhh1osp8fkgzj"},"id":"4phoc8d0l7p7qou","previousOperationId":"0iyhiuolqve0czd"}
{"type":"log","timestamp":1701863291060,"level":"debug","message":"Base url not specified, skipping its injection.","meta":{"rootId":"7chhh1osp8fkgzj","id":"7chhh1osp8fkgzj"},"id":"jwpdx62gnfkp9qb","previousOperationId":"0iyhiuolqve0czd"}
{"type":"log","timestamp":1701863291060,"level":"debug","message":"Replaced assets [\"styles.css\"]","meta":{"rootId":"7chhh1osp8fkgzj","id":"7chhh1osp8fkgzj"},"id":"czx70inazacfb6s","previousOperationId":"0iyhiuolqve0czd"}
{"type":"operationStart","subtype":"engine","name":"handlebars","timestamp":1701863291060,"id":"i6hw0uwiroq1tl2","previousEventId":"o6g4yxlujth6fyu","operationId":"6cgnxnzjsk0sdf3","previousOperationId":"0iyhiuolqve0czd"}
{"type":"log","timestamp":1701863291060,"level":"debug","message":"Rendering engine handlebars","meta":{"rootId":"7chhh1osp8fkgzj","id":"7chhh1osp8fkgzj"},"id":"atzs9joyd9k78bt","previousOperationId":"6cgnxnzjsk0sdf3"}
{"type":"operationEnd","operationId":"6cgnxnzjsk0sdf3","timestamp":1701863291065,"id":"hayyi5t236mj7lu","previousEventId":"i6hw0uwiroq1tl2","previousOperationId":"6cgnxnzjsk0sdf3"}
{"type":"operationStart","subtype":"recipe","name":"chrome-pdf","timestamp":1701863291065,"id":"0y8p69dwyumxc7p","previousEventId":"hayyi5t236mj7lu","operationId":"nva30tnpawnmtdg","previousOperationId":"6cgnxnzjsk0sdf3"}
{"type":"log","timestamp":1701863291065,"level":"debug","message":"Executing recipe chrome-pdf","meta":{"rootId":"7chhh1osp8fkgzj","id":"7chhh1osp8fkgzj"},"id":"wmvr6sapac296u5","previousOperationId":"nva30tnpawnmtdg"}
{"type":"log","timestamp":1701863291066,"level":"debug","message":"Converting with chrome HeadlessChrome/117.0.5938.149 using chrome-pool strategy","meta":{"rootId":"7chhh1osp8fkgzj","id":"7chhh1osp8fkgzj"},"id":"yti6glc4f2rxlhb","previousOperationId":"nva30tnpawnmtdg"}
{"type":"log","timestamp":1701863291112,"level":"debug","message":"Page request: GET (document) file:///var/folders/dp/qk79pfcj0y1fmtkkl08m76rc0000gn/T/jsreport/autocleanup/59f63851-7c4e-4f71-9b49-1d8d5785d6d9-chrome-pdf.html","meta":{"rootId":"7chhh1osp8fkgzj","id":"7chhh1osp8fkgzj"},"id":"d06bjwb1593ugwq","previousOperationId":"nva30tnpawnmtdg"}
{"type":"log","timestamp":1701863291118,"level":"debug","message":"Page request finished: GET (document) 200 file:///var/folders/dp/qk79pfcj0y1fmtkkl08m76rc0000gn/T/jsreport/autocleanup/59f63851-7c4e-4f71-9b49-1d8d5785d6d9-chrome-pdf.html","meta":{"rootId":"7chhh1osp8fkgzj","id":"7chhh1osp8fkgzj"},"id":"kmculuzcmnuona0","previousOperationId":"nva30tnpawnmtdg"}
{"type":"log","timestamp":1701863291130,"level":"debug","message":"Custom viewport for chrome page width=800, height=2000","meta":{"rootId":"7chhh1osp8fkgzj","id":"7chhh1osp8fkgzj"},"id":"9rokzaoqdtleczw","previousOperationId":"nva30tnpawnmtdg"}
{"type":"log","timestamp":1701863291136,"level":"debug","message":"Running chrome with params {\"printBackground\":true,\"width\":\"5.8cm\",\"height\":\"60cm\",\"marginRight\":\"0cm\",\"marginLeft\":\"0cm\",\"timeout\":59974,\"margin\":{\"right\":\"0cm\",\"left\":\"0cm\"}}","meta":{"rootId":"7chhh1osp8fkgzj","id":"7chhh1osp8fkgzj"},"id":"n40u2v80x9sf9tg","previousOperationId":"nva30tnpawnmtdg"}
{"type":"operationEnd","operationId":"nva30tnpawnmtdg","timestamp":1701863291160,"id":"s93r0kmodw884f3","previousEventId":"0y8p69dwyumxc7p","previousOperationId":"nva30tnpawnmtdg"}
{"type":"log","timestamp":1701863291160,"level":"debug","message":"Skipping storing report.","meta":{"rootId":"7chhh1osp8fkgzj","id":"7chhh1osp8fkgzj"},"id":"2a4fjihjwveuve7","previousOperationId":"nva30tnpawnmtdg"}
{"type":"log","timestamp":1701863291160,"level":"info","message":"Rendering request 128 finished in 120 ms","meta":{"rootId":"7chhh1osp8fkgzj","id":"7chhh1osp8fkgzj"},"id":"4v26zalr0zf0xr0","previousOperationId":"nva30tnpawnmtdg"}
{"type":"operationEnd","subtype":"render","operationId":"0iyhiuolqve0czd","timestamp":1701863291160,"id":"f4w8vbiwkosn7k9","previousEventId":"s93r0kmodw884f3","previousOperationId":"nva30tnpawnmtdg"}
{"type":"operationEnd","doDiffs":false,"previousEventId":"zq7ozax00sj01jg","previousOperationId":"lqu2q54d8q3otot","operationId":"lqu2q54d8q3otot","timestamp":1701863291162,"id":"pku54n4ttz89jvd"}
