{"type":"operationStart","subtype":"profile","data":{"_id":"yM3lDYcenCuBbK9Z","timestamp":"2023-11-28T10:20:44.671Z","state":"queued","mode":"standard","creationDate":"2023-11-28T10:20:44.678Z","modificationDate":"2023-11-28T10:20:44.678Z","shortid":"PGkoZKU","$entitySet":"profiles"},"doDiffs":false,"timestamp":1701166844677,"id":"kjwm5dau1a6yvqz","previousOperationId":null,"operationId":"avggxnwypr0zw8g"}
{"type":"log","level":"info","message":"Render request 24 queued for execution and waiting for available worker","previousOperationId":"avggxnwypr0zw8g","timestamp":1701166844677,"id":"l32oytp4ovl27en"}
{"type":"operationStart","subtype":"render","name":"pns_index","previousOperationId":"avggxnwypr0zw8g","timestamp":1701166844696,"id":"itowa4psdt2om8y","previousEventId":"kjwm5dau1a6yvqz","operationId":"y9k24io39qugiow"}
{"type":"log","timestamp":1701166844696,"level":"info","message":"Starting rendering request 24","meta":{"rootId":"7e1i8jhmluesl86","id":"7e1i8jhmluesl86"},"id":"h8ucdk06b4w9y7r","previousOperationId":"y9k24io39qugiow"}
{"type":"log","timestamp":1701166844696,"level":"info","message":"Rendering template { name: pns_index, recipe: chrome-pdf, engine: handlebars, preview: true }","meta":{"rootId":"7e1i8jhmluesl86","id":"7e1i8jhmluesl86"},"id":"fbuhzyxz9hyb5fk","previousOperationId":"y9k24io39qugiow"}
{"type":"log","timestamp":1701166844697,"level":"debug","message":"Inline data specified.","meta":{"rootId":"7e1i8jhmluesl86","id":"7e1i8jhmluesl86"},"id":"kvudfnza1rzmi6i","previousOperationId":"y9k24io39qugiow"}
{"type":"log","timestamp":1701166844698,"level":"debug","message":"Base url not specified, skipping its injection.","meta":{"rootId":"7e1i8jhmluesl86","id":"7e1i8jhmluesl86"},"id":"4w4lilmda0o42zl","previousOperationId":"y9k24io39qugiow"}
{"type":"operationStart","subtype":"engine","name":"handlebars","timestamp":1701166844698,"id":"53uy9tc8w1gd0hh","previousEventId":"itowa4psdt2om8y","operationId":"47102u4geyrlomp","previousOperationId":"y9k24io39qugiow"}
{"type":"log","timestamp":1701166844698,"level":"debug","message":"Rendering engine handlebars","meta":{"rootId":"7e1i8jhmluesl86","id":"7e1i8jhmluesl86"},"id":"2590wxolb6s9saq","previousOperationId":"47102u4geyrlomp"}
{"type":"operationEnd","operationId":"47102u4geyrlomp","timestamp":1701166844714,"id":"nwoprfszick3w4u","previousEventId":"53uy9tc8w1gd0hh","previousOperationId":"47102u4geyrlomp"}
{"type":"operationStart","subtype":"recipe","name":"chrome-pdf","timestamp":1701166844714,"id":"dyh3dw93r6o7ola","previousEventId":"nwoprfszick3w4u","operationId":"21ut4f3ot8d6vho","previousOperationId":"47102u4geyrlomp"}
{"type":"log","timestamp":1701166844714,"level":"debug","message":"Executing recipe chrome-pdf","meta":{"rootId":"7e1i8jhmluesl86","id":"7e1i8jhmluesl86"},"id":"yht4884pw6u2rbn","previousOperationId":"21ut4f3ot8d6vho"}
{"type":"log","timestamp":1701166844715,"level":"debug","message":"Converting with chrome HeadlessChrome/117.0.5938.149 using chrome-pool strategy","meta":{"rootId":"7e1i8jhmluesl86","id":"7e1i8jhmluesl86"},"id":"tlgbeze9w4rcd1q","previousOperationId":"21ut4f3ot8d6vho"}
{"type":"log","timestamp":1701166844761,"level":"debug","message":"Page request: GET (document) file:///var/folders/dp/qk79pfcj0y1fmtkkl08m76rc0000gn/T/jsreport/autocleanup/0187f8b8-08ca-4eba-8f93-1cc4fb8d4d8d-chrome-pdf.html","meta":{"rootId":"7e1i8jhmluesl86","id":"7e1i8jhmluesl86"},"id":"ipxmgjve714yhma","previousOperationId":"21ut4f3ot8d6vho"}
{"type":"log","timestamp":1701166844766,"level":"debug","message":"Page request finished: GET (document) 200 file:///var/folders/dp/qk79pfcj0y1fmtkkl08m76rc0000gn/T/jsreport/autocleanup/0187f8b8-08ca-4eba-8f93-1cc4fb8d4d8d-chrome-pdf.html","meta":{"rootId":"7e1i8jhmluesl86","id":"7e1i8jhmluesl86"},"id":"fizbw0r8o4mw0b1","previousOperationId":"21ut4f3ot8d6vho"}
{"type":"log","timestamp":1701166844777,"level":"debug","message":"Running chrome with params {\"printBackground\":true,\"width\":\"8cm\",\"timeout\":59956,\"margin\":{}}","meta":{"rootId":"7e1i8jhmluesl86","id":"7e1i8jhmluesl86"},"id":"e9i6nfzedfyf6dg","previousOperationId":"21ut4f3ot8d6vho"}
{"type":"operationEnd","operationId":"21ut4f3ot8d6vho","timestamp":1701166844800,"id":"hr7aqatufqamhu0","previousEventId":"dyh3dw93r6o7ola","previousOperationId":"21ut4f3ot8d6vho"}
{"type":"log","timestamp":1701166844800,"level":"debug","message":"Skipping storing report.","meta":{"rootId":"7e1i8jhmluesl86","id":"7e1i8jhmluesl86"},"id":"wamep0j2n4dcuki","previousOperationId":"21ut4f3ot8d6vho"}
{"type":"log","timestamp":1701166844800,"level":"info","message":"Rendering request 24 finished in 129 ms","meta":{"rootId":"7e1i8jhmluesl86","id":"7e1i8jhmluesl86"},"id":"44xmxuinqp6sbty","previousOperationId":"21ut4f3ot8d6vho"}
{"type":"operationEnd","subtype":"render","operationId":"y9k24io39qugiow","timestamp":1701166844800,"id":"4vny2nuejt608r5","previousEventId":"hr7aqatufqamhu0","previousOperationId":"21ut4f3ot8d6vho"}
{"type":"operationEnd","doDiffs":false,"previousEventId":"kjwm5dau1a6yvqz","previousOperationId":"avggxnwypr0zw8g","operationId":"avggxnwypr0zw8g","timestamp":1701166844801,"id":"7sunrxpdg4zpls0"}
