{"type":"operationStart","subtype":"profile","data":{"_id":"5wdxRHB2Z8z3tGQ4","timestamp":"2023-12-06T09:51:16.223Z","state":"queued","mode":"standard","creationDate":"2023-12-06T09:51:16.225Z","modificationDate":"2023-12-06T09:51:16.225Z","shortid":"QrVl2da","$entitySet":"profiles"},"doDiffs":false,"timestamp":1701856276224,"id":"l87rypk66wyhtbx","previousOperationId":null,"operationId":"5hu4hkzbry0ajfh"}
{"type":"log","level":"info","message":"Render request 57 queued for execution and waiting for available worker","previousOperationId":"5hu4hkzbry0ajfh","timestamp":1701856276224,"id":"o1p97iiiwpv2dzt"}
{"type":"operationStart","subtype":"render","name":"pns_index","previousOperationId":"5hu4hkzbry0ajfh","timestamp":1701856276231,"id":"zoqliicmub1krvp","previousEventId":"l87rypk66wyhtbx","operationId":"7sbckedv05nlad6"}
{"type":"log","timestamp":1701856276231,"level":"info","message":"Starting rendering request 57","meta":{"rootId":"7gsr8qjynz23pqh","id":"7gsr8qjynz23pqh"},"id":"xrm2630viqcv1zj","previousOperationId":"7sbckedv05nlad6"}
{"type":"log","timestamp":1701856276231,"level":"info","message":"Rendering template { name: pns_index, recipe: chrome-pdf, engine: handlebars, preview: true }","meta":{"rootId":"7gsr8qjynz23pqh","id":"7gsr8qjynz23pqh"},"id":"pjhsyj6tbxn05dh","previousOperationId":"7sbckedv05nlad6"}
{"type":"log","timestamp":1701856276232,"level":"debug","message":"Inline data specified.","meta":{"rootId":"7gsr8qjynz23pqh","id":"7gsr8qjynz23pqh"},"id":"0illmyd877shkio","previousOperationId":"7sbckedv05nlad6"}
{"type":"log","timestamp":1701856276236,"level":"debug","message":"Base url not specified, skipping its injection.","meta":{"rootId":"7gsr8qjynz23pqh","id":"7gsr8qjynz23pqh"},"id":"586pqa9otwzk8z3","previousOperationId":"7sbckedv05nlad6"}
{"type":"log","timestamp":1701856276239,"level":"debug","message":"Replaced assets [\"styles.css\"]","meta":{"rootId":"7gsr8qjynz23pqh","id":"7gsr8qjynz23pqh"},"id":"2meag0z5krz4sl2","previousOperationId":"7sbckedv05nlad6"}
{"type":"operationStart","subtype":"engine","name":"handlebars","timestamp":1701856276239,"id":"m77s4xr6hygahx9","previousEventId":"zoqliicmub1krvp","operationId":"rq843gz3vv6gzwl","previousOperationId":"7sbckedv05nlad6"}
{"type":"log","timestamp":1701856276239,"level":"debug","message":"Rendering engine handlebars","meta":{"rootId":"7gsr8qjynz23pqh","id":"7gsr8qjynz23pqh"},"id":"4azmfxl9dx4b70x","previousOperationId":"rq843gz3vv6gzwl"}
{"type":"operationEnd","operationId":"rq843gz3vv6gzwl","timestamp":1701856276260,"id":"saplsidd4r8z0kd","previousEventId":"m77s4xr6hygahx9","previousOperationId":"rq843gz3vv6gzwl"}
{"type":"operationStart","subtype":"recipe","name":"chrome-pdf","timestamp":1701856276261,"id":"9i92qnw9kvuqytg","previousEventId":"saplsidd4r8z0kd","operationId":"owbf05zbtx6h1ke","previousOperationId":"rq843gz3vv6gzwl"}
{"type":"log","timestamp":1701856276261,"level":"debug","message":"Executing recipe chrome-pdf","meta":{"rootId":"7gsr8qjynz23pqh","id":"7gsr8qjynz23pqh"},"id":"ed8wex8lttn1c7h","previousOperationId":"owbf05zbtx6h1ke"}
{"type":"log","timestamp":1701856276262,"level":"debug","message":"Converting with chrome HeadlessChrome/117.0.5938.149 using chrome-pool strategy","meta":{"rootId":"7gsr8qjynz23pqh","id":"7gsr8qjynz23pqh"},"id":"ccek56h50ptnte2","previousOperationId":"owbf05zbtx6h1ke"}
{"type":"log","timestamp":1701856276306,"level":"debug","message":"Page request: GET (document) file:///var/folders/dp/qk79pfcj0y1fmtkkl08m76rc0000gn/T/jsreport/autocleanup/2aae6efa-8ccb-466a-b06f-d81179dec020-chrome-pdf.html","meta":{"rootId":"7gsr8qjynz23pqh","id":"7gsr8qjynz23pqh"},"id":"tr82czopp7x852u","previousOperationId":"owbf05zbtx6h1ke"}
{"type":"log","timestamp":1701856276311,"level":"debug","message":"Page request finished: GET (document) 200 file:///var/folders/dp/qk79pfcj0y1fmtkkl08m76rc0000gn/T/jsreport/autocleanup/2aae6efa-8ccb-466a-b06f-d81179dec020-chrome-pdf.html","meta":{"rootId":"7gsr8qjynz23pqh","id":"7gsr8qjynz23pqh"},"id":"k2wma2f2r0pg0m4","previousOperationId":"owbf05zbtx6h1ke"}
{"type":"log","timestamp":1701856276321,"level":"debug","message":"Custom viewport for chrome page width=800, height=2000","meta":{"rootId":"7gsr8qjynz23pqh","id":"7gsr8qjynz23pqh"},"id":"zl5f1fktpk9ab3q","previousOperationId":"owbf05zbtx6h1ke"}
{"type":"log","timestamp":1701856276323,"level":"debug","message":"Running chrome with params {\"printBackground\":true,\"width\":\"6.8cm\",\"height\":\"50cm\",\"marginRight\":\"0cm\",\"marginLeft\":\"0cm\",\"timeout\":59962,\"margin\":{\"right\":\"0cm\",\"left\":\"0cm\"}}","meta":{"rootId":"7gsr8qjynz23pqh","id":"7gsr8qjynz23pqh"},"id":"h7n4nw0y7svn6li","previousOperationId":"owbf05zbtx6h1ke"}
{"type":"operationEnd","operationId":"owbf05zbtx6h1ke","timestamp":1701856276350,"id":"d12w8qi92vjfx22","previousEventId":"9i92qnw9kvuqytg","previousOperationId":"owbf05zbtx6h1ke"}
{"type":"log","timestamp":1701856276350,"level":"debug","message":"Skipping storing report.","meta":{"rootId":"7gsr8qjynz23pqh","id":"7gsr8qjynz23pqh"},"id":"j2af0xyxsni1pqk","previousOperationId":"owbf05zbtx6h1ke"}
{"type":"log","timestamp":1701856276350,"level":"info","message":"Rendering request 57 finished in 127 ms","meta":{"rootId":"7gsr8qjynz23pqh","id":"7gsr8qjynz23pqh"},"id":"yh2d874onrxyjpf","previousOperationId":"owbf05zbtx6h1ke"}
{"type":"operationEnd","subtype":"render","operationId":"7sbckedv05nlad6","timestamp":1701856276350,"id":"zcxs7oql61smp9o","previousEventId":"d12w8qi92vjfx22","previousOperationId":"owbf05zbtx6h1ke"}
{"type":"operationEnd","doDiffs":false,"previousEventId":"l87rypk66wyhtbx","previousOperationId":"5hu4hkzbry0ajfh","operationId":"5hu4hkzbry0ajfh","timestamp":1701856276352,"id":"mot9p8hjeuhj5fy"}
