{"type":"operationStart","subtype":"profile","data":{"_id":"2RgelHDLA6zPAyQf","timestamp":"2023-12-05T10:37:27.853Z","state":"queued","mode":"standard","creationDate":"2023-12-05T10:37:27.859Z","modificationDate":"2023-12-05T10:37:27.859Z","shortid":"e_bdElB","$entitySet":"profiles"},"doDiffs":false,"timestamp":1701772647854,"id":"31m9u41dtb854k6","previousOperationId":null,"operationId":"h35nupysabgh6v7"}
{"type":"log","level":"info","message":"Render request 38 queued for execution and waiting for available worker","previousOperationId":"h35nupysabgh6v7","timestamp":1701772647858,"id":"bc7ctxaex85xby0"}
{"type":"operationStart","subtype":"render","name":"pns_index","previousOperationId":"h35nupysabgh6v7","timestamp":1701772647875,"id":"ue4vmatnk7e1j6n","previousEventId":"31m9u41dtb854k6","operationId":"umla3h7ft3ye6g2"}
{"type":"log","timestamp":1701772647875,"level":"info","message":"Starting rendering request 38","meta":{"rootId":"7m2h2e9bn6df1wi","id":"7m2h2e9bn6df1wi"},"id":"74jlhu6s6w02ym0","previousOperationId":"umla3h7ft3ye6g2"}
{"type":"log","timestamp":1701772647876,"level":"info","message":"Rendering template { name: pns_index, recipe: chrome-pdf, engine: handlebars, preview: true }","meta":{"rootId":"7m2h2e9bn6df1wi","id":"7m2h2e9bn6df1wi"},"id":"b71oa0lort5efq8","previousOperationId":"umla3h7ft3ye6g2"}
{"type":"log","timestamp":1701772647878,"level":"debug","message":"Adding sample data flbhzmKcJ","meta":{"rootId":"7m2h2e9bn6df1wi","id":"7m2h2e9bn6df1wi"},"id":"vzliw8rg7zjown1","previousOperationId":"umla3h7ft3ye6g2"}
{"type":"log","timestamp":1701772647881,"level":"debug","message":"Base url not specified, skipping its injection.","meta":{"rootId":"7m2h2e9bn6df1wi","id":"7m2h2e9bn6df1wi"},"id":"ejmxag0tmcqg8b5","previousOperationId":"umla3h7ft3ye6g2"}
{"type":"log","timestamp":1701772647882,"level":"debug","message":"Replaced assets [\"styles.css\"]","meta":{"rootId":"7m2h2e9bn6df1wi","id":"7m2h2e9bn6df1wi"},"id":"1j1szgc9mef0vmv","previousOperationId":"umla3h7ft3ye6g2"}
{"type":"operationStart","subtype":"engine","name":"handlebars","timestamp":1701772647882,"id":"l5lbdq9xd3pbxrw","previousEventId":"ue4vmatnk7e1j6n","operationId":"5iz9lg6ipe3rb3a","previousOperationId":"umla3h7ft3ye6g2"}
{"type":"log","timestamp":1701772647882,"level":"debug","message":"Rendering engine handlebars","meta":{"rootId":"7m2h2e9bn6df1wi","id":"7m2h2e9bn6df1wi"},"id":"qb1xvez7ew3qgbl","previousOperationId":"5iz9lg6ipe3rb3a"}
{"type":"operationEnd","operationId":"5iz9lg6ipe3rb3a","timestamp":1701772647912,"id":"6vnal3y6yba41e3","previousEventId":"l5lbdq9xd3pbxrw","previousOperationId":"5iz9lg6ipe3rb3a"}
{"type":"operationStart","subtype":"recipe","name":"chrome-pdf","timestamp":1701772647914,"id":"x25nw8zfnad1djh","previousEventId":"6vnal3y6yba41e3","operationId":"fwl1t9qccni72sw","previousOperationId":"5iz9lg6ipe3rb3a"}
{"type":"log","timestamp":1701772647914,"level":"debug","message":"Executing recipe chrome-pdf","meta":{"rootId":"7m2h2e9bn6df1wi","id":"7m2h2e9bn6df1wi"},"id":"mt9ytepcoljqfjq","previousOperationId":"fwl1t9qccni72sw"}
{"type":"log","timestamp":1701772648026,"level":"debug","message":"Converting with chrome HeadlessChrome/117.0.5938.149 using chrome-pool strategy","meta":{"rootId":"7m2h2e9bn6df1wi","id":"7m2h2e9bn6df1wi"},"id":"15zipjrwtspr0kd","previousOperationId":"fwl1t9qccni72sw"}
{"type":"log","timestamp":1701772648077,"level":"debug","message":"Page request: GET (document) file:///var/folders/dp/qk79pfcj0y1fmtkkl08m76rc0000gn/T/jsreport/autocleanup/77d9b783-4afd-4d2b-a4f0-75e4c8e82ecb-chrome-pdf.html","meta":{"rootId":"7m2h2e9bn6df1wi","id":"7m2h2e9bn6df1wi"},"id":"6eyk4ctfm5j9fnv","previousOperationId":"fwl1t9qccni72sw"}
{"type":"log","timestamp":1701772648081,"level":"debug","message":"Page request finished: GET (document) 200 file:///var/folders/dp/qk79pfcj0y1fmtkkl08m76rc0000gn/T/jsreport/autocleanup/77d9b783-4afd-4d2b-a4f0-75e4c8e82ecb-chrome-pdf.html","meta":{"rootId":"7m2h2e9bn6df1wi","id":"7m2h2e9bn6df1wi"},"id":"mq63a71ve3adwf3","previousOperationId":"fwl1t9qccni72sw"}
{"type":"log","timestamp":1701772648087,"level":"debug","message":"Custom viewport for chrome page width=800, height=2000","meta":{"rootId":"7m2h2e9bn6df1wi","id":"7m2h2e9bn6df1wi"},"id":"agipbxamcjzn936","previousOperationId":"fwl1t9qccni72sw"}
{"type":"log","timestamp":1701772648089,"level":"debug","message":"Running chrome with params {\"printBackground\":true,\"width\":\"5.8cm\",\"height\":\"21cm\",\"timeout\":59938,\"margin\":{}}","meta":{"rootId":"7m2h2e9bn6df1wi","id":"7m2h2e9bn6df1wi"},"id":"yam7ejfir8nbi2p","previousOperationId":"fwl1t9qccni72sw"}
{"type":"operationEnd","operationId":"fwl1t9qccni72sw","timestamp":1701772648121,"id":"1qxfc5pezo6rb7d","previousEventId":"x25nw8zfnad1djh","previousOperationId":"fwl1t9qccni72sw"}
{"type":"log","timestamp":1701772648121,"level":"debug","message":"Skipping storing report.","meta":{"rootId":"7m2h2e9bn6df1wi","id":"7m2h2e9bn6df1wi"},"id":"cooz0fhc6wt09ya","previousOperationId":"fwl1t9qccni72sw"}
{"type":"log","timestamp":1701772648121,"level":"info","message":"Rendering request 38 finished in 269 ms","meta":{"rootId":"7m2h2e9bn6df1wi","id":"7m2h2e9bn6df1wi"},"id":"y4oeyloiuljxls3","previousOperationId":"fwl1t9qccni72sw"}
{"type":"operationEnd","subtype":"render","operationId":"umla3h7ft3ye6g2","timestamp":1701772648121,"id":"sdwvr7us19f2t87","previousEventId":"1qxfc5pezo6rb7d","previousOperationId":"fwl1t9qccni72sw"}
{"type":"operationEnd","doDiffs":false,"previousEventId":"31m9u41dtb854k6","previousOperationId":"h35nupysabgh6v7","operationId":"h35nupysabgh6v7","timestamp":1701772648123,"id":"vr90h1e4mv0on3h"}
