{"type":"operationStart","subtype":"profile","data":{"_id":"RHxYOTQAlvzVF5ud","timestamp":"2023-11-28T10:17:40.591Z","state":"queued","mode":"standard","creationDate":"2023-11-28T10:17:40.592Z","modificationDate":"2023-11-28T10:17:40.592Z","shortid":"E8O_VKm","$entitySet":"profiles"},"doDiffs":false,"timestamp":1701166660591,"id":"kz34zmqnng5tp0w","previousOperationId":null,"operationId":"ajnw17da4pl1w3q"}
{"type":"log","level":"info","message":"Render request 16 queued for execution and waiting for available worker","previousOperationId":"ajnw17da4pl1w3q","timestamp":1701166660592,"id":"tbkbjl4376lri5i"}
{"type":"operationStart","subtype":"render","name":"pns_index","previousOperationId":"ajnw17da4pl1w3q","timestamp":1701166660598,"id":"pqbwwmhbppfqw63","previousEventId":"kz34zmqnng5tp0w","operationId":"tbt0wbgsj6ezs3l"}
{"type":"log","timestamp":1701166660598,"level":"info","message":"Starting rendering request 16","meta":{"rootId":"7umdahasl9ma8n1","id":"7umdahasl9ma8n1"},"id":"qgngsslzb97da4e","previousOperationId":"tbt0wbgsj6ezs3l"}
{"type":"log","timestamp":1701166660599,"level":"info","message":"Rendering template { name: pns_index, recipe: chrome-pdf, engine: handlebars, preview: true }","meta":{"rootId":"7umdahasl9ma8n1","id":"7umdahasl9ma8n1"},"id":"prma9kh2nkedhov","previousOperationId":"tbt0wbgsj6ezs3l"}
{"type":"log","timestamp":1701166660599,"level":"debug","message":"Inline data specified.","meta":{"rootId":"7umdahasl9ma8n1","id":"7umdahasl9ma8n1"},"id":"w714njl5hzjz4jx","previousOperationId":"tbt0wbgsj6ezs3l"}
{"type":"log","timestamp":1701166660601,"level":"debug","message":"Base url not specified, skipping its injection.","meta":{"rootId":"7umdahasl9ma8n1","id":"7umdahasl9ma8n1"},"id":"752odyq89f4wj22","previousOperationId":"tbt0wbgsj6ezs3l"}
{"type":"operationStart","subtype":"engine","name":"handlebars","timestamp":1701166660601,"id":"uheluxjezqe8qr7","previousEventId":"pqbwwmhbppfqw63","operationId":"4gi2gxbsmtffvs5","previousOperationId":"tbt0wbgsj6ezs3l"}
{"type":"log","timestamp":1701166660601,"level":"debug","message":"Rendering engine handlebars","meta":{"rootId":"7umdahasl9ma8n1","id":"7umdahasl9ma8n1"},"id":"dqey3vj2mg2hu4t","previousOperationId":"4gi2gxbsmtffvs5"}
{"type":"operationEnd","operationId":"4gi2gxbsmtffvs5","timestamp":1701166660644,"id":"guymck62llc2sd9","previousEventId":"uheluxjezqe8qr7","previousOperationId":"4gi2gxbsmtffvs5"}
{"type":"operationStart","subtype":"recipe","name":"chrome-pdf","timestamp":1701166660644,"id":"vtdc7q9ohj9p300","previousEventId":"guymck62llc2sd9","operationId":"7hk1doijecn7r5y","previousOperationId":"4gi2gxbsmtffvs5"}
{"type":"log","timestamp":1701166660644,"level":"debug","message":"Executing recipe chrome-pdf","meta":{"rootId":"7umdahasl9ma8n1","id":"7umdahasl9ma8n1"},"id":"v0ob9fgodbzg8ud","previousOperationId":"7hk1doijecn7r5y"}
{"type":"log","timestamp":1701166660645,"level":"debug","message":"Converting with chrome HeadlessChrome/117.0.5938.149 using chrome-pool strategy","meta":{"rootId":"7umdahasl9ma8n1","id":"7umdahasl9ma8n1"},"id":"ucoudy9njjcngzr","previousOperationId":"7hk1doijecn7r5y"}
{"type":"log","timestamp":1701166660692,"level":"debug","message":"Page request: GET (document) file:///var/folders/dp/qk79pfcj0y1fmtkkl08m76rc0000gn/T/jsreport/autocleanup/70c20a37-b69c-486a-a5f7-c65d56a00916-chrome-pdf.html","meta":{"rootId":"7umdahasl9ma8n1","id":"7umdahasl9ma8n1"},"id":"y01ky6xih7h7tw9","previousOperationId":"7hk1doijecn7r5y"}
{"type":"log","timestamp":1701166660698,"level":"debug","message":"Page request finished: GET (document) 200 file:///var/folders/dp/qk79pfcj0y1fmtkkl08m76rc0000gn/T/jsreport/autocleanup/70c20a37-b69c-486a-a5f7-c65d56a00916-chrome-pdf.html","meta":{"rootId":"7umdahasl9ma8n1","id":"7umdahasl9ma8n1"},"id":"ssx78x1rfkgtrus","previousOperationId":"7hk1doijecn7r5y"}
{"type":"log","timestamp":1701166660704,"level":"debug","message":"Running chrome with params {\"printBackground\":true,\"width\":\"8cm\",\"timeout\":59946,\"margin\":{}}","meta":{"rootId":"7umdahasl9ma8n1","id":"7umdahasl9ma8n1"},"id":"308ky2s33vwvqck","previousOperationId":"7hk1doijecn7r5y"}
{"type":"operationEnd","operationId":"7hk1doijecn7r5y","timestamp":1701166660729,"id":"w4tivds7gz2wygb","previousEventId":"vtdc7q9ohj9p300","previousOperationId":"7hk1doijecn7r5y"}
{"type":"log","timestamp":1701166660729,"level":"debug","message":"Skipping storing report.","meta":{"rootId":"7umdahasl9ma8n1","id":"7umdahasl9ma8n1"},"id":"qqn5o7lom98xp9v","previousOperationId":"7hk1doijecn7r5y"}
{"type":"log","timestamp":1701166660729,"level":"info","message":"Rendering request 16 finished in 138 ms","meta":{"rootId":"7umdahasl9ma8n1","id":"7umdahasl9ma8n1"},"id":"stxk9q41yyfktqt","previousOperationId":"7hk1doijecn7r5y"}
{"type":"operationEnd","subtype":"render","operationId":"tbt0wbgsj6ezs3l","timestamp":1701166660729,"id":"bk13kyq4zl8d9fm","previousEventId":"w4tivds7gz2wygb","previousOperationId":"7hk1doijecn7r5y"}
{"type":"operationEnd","doDiffs":false,"previousEventId":"kz34zmqnng5tp0w","previousOperationId":"ajnw17da4pl1w3q","operationId":"ajnw17da4pl1w3q","timestamp":1701166660731,"id":"fnmw7hlsz3cx01u"}
