{"type":"operationStart","subtype":"profile","data":{"_id":"nCKd77jYvHkNXSFr","timestamp":"2023-12-04T12:58:28.778Z","state":"queued","mode":"standard","creationDate":"2023-12-04T12:58:28.779Z","modificationDate":"2023-12-04T12:58:28.779Z","shortid":"3aw6xAc","$entitySet":"profiles"},"doDiffs":false,"timestamp":1701694708778,"id":"i9koynll5z9nv9h","previousOperationId":null,"operationId":"r84dwok7mx5qh6x"}
{"type":"log","level":"info","message":"Render request 24 queued for execution and waiting for available worker","previousOperationId":"r84dwok7mx5qh6x","timestamp":1701694708778,"id":"4zr2cyjq902aqc3"}
{"type":"operationStart","subtype":"render","name":"pns_index","previousOperationId":"r84dwok7mx5qh6x","timestamp":1701694708782,"id":"39l5y8lgjx3jgsg","previousEventId":"i9koynll5z9nv9h","operationId":"x4nbzlq8sl98ee4"}
{"type":"log","timestamp":1701694708782,"level":"info","message":"Starting rendering request 24","meta":{"rootId":"81ir5hamuyr0jmm","id":"81ir5hamuyr0jmm"},"id":"q0quhe6of6s0trr","previousOperationId":"x4nbzlq8sl98ee4"}
{"type":"log","timestamp":1701694708782,"level":"info","message":"Rendering template { name: pns_index, recipe: chrome-pdf, engine: handlebars, preview: true }","meta":{"rootId":"81ir5hamuyr0jmm","id":"81ir5hamuyr0jmm"},"id":"p946gobmhtjep9c","previousOperationId":"x4nbzlq8sl98ee4"}
{"type":"log","timestamp":1701694708783,"level":"debug","message":"Inline data specified.","meta":{"rootId":"81ir5hamuyr0jmm","id":"81ir5hamuyr0jmm"},"id":"a4g362xgzn34isd","previousOperationId":"x4nbzlq8sl98ee4"}
{"type":"log","timestamp":1701694708783,"level":"debug","message":"Base url not specified, skipping its injection.","meta":{"rootId":"81ir5hamuyr0jmm","id":"81ir5hamuyr0jmm"},"id":"kcef3kzsj220fqq","previousOperationId":"x4nbzlq8sl98ee4"}
{"type":"log","timestamp":1701694708784,"level":"debug","message":"Replaced assets [\"styles.css\"]","meta":{"rootId":"81ir5hamuyr0jmm","id":"81ir5hamuyr0jmm"},"id":"2izdzov77n5o8e4","previousOperationId":"x4nbzlq8sl98ee4"}
{"type":"operationStart","subtype":"engine","name":"handlebars","timestamp":1701694708784,"id":"mohs0phsy8u2zyl","previousEventId":"39l5y8lgjx3jgsg","operationId":"gfkkicrrqknrjne","previousOperationId":"x4nbzlq8sl98ee4"}
{"type":"log","timestamp":1701694708784,"level":"debug","message":"Rendering engine handlebars","meta":{"rootId":"81ir5hamuyr0jmm","id":"81ir5hamuyr0jmm"},"id":"c8ujkv97jclif4j","previousOperationId":"gfkkicrrqknrjne"}
{"type":"operationEnd","operationId":"gfkkicrrqknrjne","timestamp":1701694708800,"id":"wkvp6pygizkx60w","previousEventId":"mohs0phsy8u2zyl","previousOperationId":"gfkkicrrqknrjne"}
{"type":"operationStart","subtype":"recipe","name":"chrome-pdf","timestamp":1701694708801,"id":"mbz3zz3kh7cduw5","previousEventId":"wkvp6pygizkx60w","operationId":"aglz8xlq49afrxo","previousOperationId":"gfkkicrrqknrjne"}
{"type":"log","timestamp":1701694708801,"level":"debug","message":"Executing recipe chrome-pdf","meta":{"rootId":"81ir5hamuyr0jmm","id":"81ir5hamuyr0jmm"},"id":"cxyk93qxwx7ueyj","previousOperationId":"aglz8xlq49afrxo"}
{"type":"log","timestamp":1701694708803,"level":"debug","message":"Converting with chrome HeadlessChrome/117.0.5938.149 using chrome-pool strategy","meta":{"rootId":"81ir5hamuyr0jmm","id":"81ir5hamuyr0jmm"},"id":"k3rvyndamzwlycp","previousOperationId":"aglz8xlq49afrxo"}
{"type":"log","timestamp":1701694708844,"level":"debug","message":"Page request: GET (document) file:///var/folders/dp/qk79pfcj0y1fmtkkl08m76rc0000gn/T/jsreport/autocleanup/02327541-a111-41f2-b24e-6bd04650ce81-chrome-pdf.html","meta":{"rootId":"81ir5hamuyr0jmm","id":"81ir5hamuyr0jmm"},"id":"u4ys4m4ay3sa19t","previousOperationId":"aglz8xlq49afrxo"}
{"type":"log","timestamp":1701694708848,"level":"debug","message":"Page request finished: GET (document) 200 file:///var/folders/dp/qk79pfcj0y1fmtkkl08m76rc0000gn/T/jsreport/autocleanup/02327541-a111-41f2-b24e-6bd04650ce81-chrome-pdf.html","meta":{"rootId":"81ir5hamuyr0jmm","id":"81ir5hamuyr0jmm"},"id":"v0zpmo3u0idkc6s","previousOperationId":"aglz8xlq49afrxo"}
{"type":"log","timestamp":1701694708857,"level":"debug","message":"Custom viewport for chrome page width=800, height=2000","meta":{"rootId":"81ir5hamuyr0jmm","id":"81ir5hamuyr0jmm"},"id":"t4iosby0scv4w9s","previousOperationId":"aglz8xlq49afrxo"}
{"type":"log","timestamp":1701694708859,"level":"debug","message":"Running chrome with params {\"printBackground\":true,\"width\":\"5.8cm\",\"height\":\"50cm\",\"timeout\":59976,\"margin\":{}}","meta":{"rootId":"81ir5hamuyr0jmm","id":"81ir5hamuyr0jmm"},"id":"jnk32l9j6ce40ii","previousOperationId":"aglz8xlq49afrxo"}
{"type":"operationEnd","operationId":"aglz8xlq49afrxo","timestamp":1701694708889,"id":"5ngejopa9ku4yh1","previousEventId":"mbz3zz3kh7cduw5","previousOperationId":"aglz8xlq49afrxo"}
{"type":"log","timestamp":1701694708889,"level":"debug","message":"Skipping storing report.","meta":{"rootId":"81ir5hamuyr0jmm","id":"81ir5hamuyr0jmm"},"id":"je3dfxvm420y90s","previousOperationId":"aglz8xlq49afrxo"}
{"type":"log","timestamp":1701694708889,"level":"info","message":"Rendering request 24 finished in 111 ms","meta":{"rootId":"81ir5hamuyr0jmm","id":"81ir5hamuyr0jmm"},"id":"l9oip5ddlzwaahl","previousOperationId":"aglz8xlq49afrxo"}
{"type":"operationEnd","subtype":"render","operationId":"x4nbzlq8sl98ee4","timestamp":1701694708889,"id":"om1gg7fxse785x8","previousEventId":"5ngejopa9ku4yh1","previousOperationId":"aglz8xlq49afrxo"}
{"type":"operationEnd","doDiffs":false,"previousEventId":"i9koynll5z9nv9h","previousOperationId":"r84dwok7mx5qh6x","operationId":"r84dwok7mx5qh6x","timestamp":1701694708890,"id":"2r3x6dqinx5uum4"}
