{"type":"operationStart","subtype":"profile","data":{"_id":"xFkzhSIlHt7bE81u","timestamp":"2023-11-30T08:29:27.011Z","state":"queued","mode":"standard","creationDate":"2023-11-30T08:29:27.013Z","modificationDate":"2023-11-30T08:29:27.013Z","shortid":"s0CO5FJ","$entitySet":"profiles"},"doDiffs":false,"timestamp":1701332967012,"id":"u9vcosvejrlywfd","previousOperationId":null,"operationId":"emmw3jlf6y2d79e"}
{"type":"log","level":"info","message":"Render request 2 queued for execution and waiting for available worker","previousOperationId":"emmw3jlf6y2d79e","timestamp":1701332967013,"id":"cjxv8mixed66qbm"}
{"type":"operationStart","subtype":"render","name":"pns_index","previousOperationId":"emmw3jlf6y2d79e","timestamp":1701332967031,"id":"1ienjbg7rurqayy","previousEventId":"u9vcosvejrlywfd","operationId":"1nu90ka7oook6r1"}
{"type":"log","timestamp":1701332967032,"level":"info","message":"Starting rendering request 2","meta":{"rootId":"8jkazay5n3gdgf5","id":"8jkazay5n3gdgf5"},"id":"u2jrr5yziqo7nlm","previousOperationId":"1nu90ka7oook6r1"}
{"type":"log","timestamp":1701332967032,"level":"info","message":"Rendering template { name: pns_index, recipe: chrome-pdf, engine: handlebars, preview: true }","meta":{"rootId":"8jkazay5n3gdgf5","id":"8jkazay5n3gdgf5"},"id":"4bf459v20kf9juc","previousOperationId":"1nu90ka7oook6r1"}
{"type":"log","timestamp":1701332967033,"level":"debug","message":"Inline data specified.","meta":{"rootId":"8jkazay5n3gdgf5","id":"8jkazay5n3gdgf5"},"id":"393r2jw7dv0j1wm","previousOperationId":"1nu90ka7oook6r1"}
{"type":"log","timestamp":1701332967037,"level":"debug","message":"Base url not specified, skipping its injection.","meta":{"rootId":"8jkazay5n3gdgf5","id":"8jkazay5n3gdgf5"},"id":"fzf60meoq7z8jhz","previousOperationId":"1nu90ka7oook6r1"}
{"type":"operationStart","subtype":"engine","name":"handlebars","timestamp":1701332967038,"id":"bdklg5l08jjh9uh","previousEventId":"1ienjbg7rurqayy","operationId":"9xuiazcxmw3d6ku","previousOperationId":"1nu90ka7oook6r1"}
{"type":"log","timestamp":1701332967039,"level":"debug","message":"Rendering engine handlebars","meta":{"rootId":"8jkazay5n3gdgf5","id":"8jkazay5n3gdgf5"},"id":"avrb4qqujioso2z","previousOperationId":"9xuiazcxmw3d6ku"}
{"type":"operationEnd","operationId":"9xuiazcxmw3d6ku","timestamp":1701332967316,"id":"gfol8xufzjljp4u","previousEventId":"bdklg5l08jjh9uh","previousOperationId":"9xuiazcxmw3d6ku"}
{"type":"operationStart","subtype":"recipe","name":"chrome-pdf","timestamp":1701332967317,"id":"howhkjldsyyozvn","previousEventId":"gfol8xufzjljp4u","operationId":"b0ejt9szuszpefx","previousOperationId":"9xuiazcxmw3d6ku"}
{"type":"log","timestamp":1701332967317,"level":"debug","message":"Executing recipe chrome-pdf","meta":{"rootId":"8jkazay5n3gdgf5","id":"8jkazay5n3gdgf5"},"id":"y38yrzz0xo20dg9","previousOperationId":"b0ejt9szuszpefx"}
{"type":"log","timestamp":1701332967511,"level":"debug","message":"Converting with chrome HeadlessChrome/117.0.5938.149 using chrome-pool strategy","meta":{"rootId":"8jkazay5n3gdgf5","id":"8jkazay5n3gdgf5"},"id":"py4og0cl4wbf5tg","previousOperationId":"b0ejt9szuszpefx"}
{"type":"log","timestamp":1701332967564,"level":"debug","message":"Page request: GET (document) file:///var/folders/dp/qk79pfcj0y1fmtkkl08m76rc0000gn/T/jsreport/autocleanup/79e71350-d94e-4a9b-89dc-9f9d2a1a018b-chrome-pdf.html","meta":{"rootId":"8jkazay5n3gdgf5","id":"8jkazay5n3gdgf5"},"id":"5gzc8yiaw6q5z9j","previousOperationId":"b0ejt9szuszpefx"}
{"type":"log","timestamp":1701332967569,"level":"debug","message":"Page request finished: GET (document) 200 file:///var/folders/dp/qk79pfcj0y1fmtkkl08m76rc0000gn/T/jsreport/autocleanup/79e71350-d94e-4a9b-89dc-9f9d2a1a018b-chrome-pdf.html","meta":{"rootId":"8jkazay5n3gdgf5","id":"8jkazay5n3gdgf5"},"id":"u7jcoc3gl4cv44b","previousOperationId":"b0ejt9szuszpefx"}
{"type":"log","timestamp":1701332967575,"level":"debug","message":"Custom viewport for chrome page width=800, height=2000","meta":{"rootId":"8jkazay5n3gdgf5","id":"8jkazay5n3gdgf5"},"id":"ncj093v43ci5l5y","previousOperationId":"b0ejt9szuszpefx"}
{"type":"log","timestamp":1701332967576,"level":"debug","message":"Running chrome with params {\"printBackground\":true,\"width\":\"5.8cm\",\"height\":\"50cm\",\"timeout\":59691,\"margin\":{}}","meta":{"rootId":"8jkazay5n3gdgf5","id":"8jkazay5n3gdgf5"},"id":"wpx9s1sqr4mhqrz","previousOperationId":"b0ejt9szuszpefx"}
{"type":"operationEnd","operationId":"b0ejt9szuszpefx","timestamp":1701332967611,"id":"tn85sgmp76139es","previousEventId":"howhkjldsyyozvn","previousOperationId":"b0ejt9szuszpefx"}
{"type":"log","timestamp":1701332967611,"level":"debug","message":"Skipping storing report.","meta":{"rootId":"8jkazay5n3gdgf5","id":"8jkazay5n3gdgf5"},"id":"koedq60lng3ulns","previousOperationId":"b0ejt9szuszpefx"}
{"type":"log","timestamp":1701332967611,"level":"info","message":"Rendering request 2 finished in 600 ms","meta":{"rootId":"8jkazay5n3gdgf5","id":"8jkazay5n3gdgf5"},"id":"qo7g7osvq08uvcz","previousOperationId":"b0ejt9szuszpefx"}
{"type":"operationEnd","subtype":"render","operationId":"1nu90ka7oook6r1","timestamp":1701332967611,"id":"6czgnteko48e9g8","previousEventId":"tn85sgmp76139es","previousOperationId":"b0ejt9szuszpefx"}
{"type":"operationEnd","doDiffs":false,"previousEventId":"u9vcosvejrlywfd","previousOperationId":"emmw3jlf6y2d79e","operationId":"emmw3jlf6y2d79e","timestamp":1701332967613,"id":"x5vxlq32lmmjuap"}
