{"type":"operationStart","subtype":"profile","data":{"_id":"4WKL6FgpoytF3xVX","timestamp":"2023-11-28T13:45:24.881Z","state":"queued","mode":"standard","creationDate":"2023-11-28T13:45:24.882Z","modificationDate":"2023-11-28T13:45:24.882Z","shortid":"lZ_qfl9","$entitySet":"profiles"},"doDiffs":false,"timestamp":1701179124881,"id":"x3ukwklsu4ehusd","previousOperationId":null,"operationId":"cd61i5ccxkcmd8k"}
{"type":"log","level":"info","message":"Render request 93 queued for execution and waiting for available worker","previousOperationId":"cd61i5ccxkcmd8k","timestamp":1701179124881,"id":"7dxh76cy32pnss4"}
{"type":"operationStart","subtype":"render","name":"pns_index","previousOperationId":"cd61i5ccxkcmd8k","timestamp":1701179124889,"id":"iijb8gjpb91xxor","previousEventId":"x3ukwklsu4ehusd","operationId":"i14e7gktopqew97"}
{"type":"log","timestamp":1701179124889,"level":"info","message":"Starting rendering request 93","meta":{"rootId":"9avpcp0snpzf6pq","id":"9avpcp0snpzf6pq"},"id":"rzsna67oxb80o9a","previousOperationId":"i14e7gktopqew97"}
{"type":"log","timestamp":1701179124889,"level":"info","message":"Rendering template { name: pns_index, recipe: chrome-pdf, engine: handlebars, preview: true }","meta":{"rootId":"9avpcp0snpzf6pq","id":"9avpcp0snpzf6pq"},"id":"2ngod145rjghozg","previousOperationId":"i14e7gktopqew97"}
{"type":"log","timestamp":1701179124891,"level":"debug","message":"Inline data specified.","meta":{"rootId":"9avpcp0snpzf6pq","id":"9avpcp0snpzf6pq"},"id":"e1grf48o4cpa1ed","previousOperationId":"i14e7gktopqew97"}
{"type":"log","timestamp":1701179124895,"level":"debug","message":"Base url not specified, skipping its injection.","meta":{"rootId":"9avpcp0snpzf6pq","id":"9avpcp0snpzf6pq"},"id":"9a4tl8clq0ugrsu","previousOperationId":"i14e7gktopqew97"}
{"type":"operationStart","subtype":"engine","name":"handlebars","timestamp":1701179124896,"id":"in0gpn5coqdip0y","previousEventId":"iijb8gjpb91xxor","operationId":"7egqstl370cxyss","previousOperationId":"i14e7gktopqew97"}
{"type":"log","timestamp":1701179124896,"level":"debug","message":"Rendering engine handlebars","meta":{"rootId":"9avpcp0snpzf6pq","id":"9avpcp0snpzf6pq"},"id":"2l1lg9x4x5zx7e6","previousOperationId":"7egqstl370cxyss"}
{"type":"operationEnd","operationId":"7egqstl370cxyss","timestamp":1701179124923,"id":"pj21t1c5l66gvyd","previousEventId":"in0gpn5coqdip0y","previousOperationId":"7egqstl370cxyss"}
{"type":"operationStart","subtype":"recipe","name":"chrome-pdf","timestamp":1701179124923,"id":"ws5it99fk3uzxu2","previousEventId":"pj21t1c5l66gvyd","operationId":"tvix838vi4257ft","previousOperationId":"7egqstl370cxyss"}
{"type":"log","timestamp":1701179124923,"level":"debug","message":"Executing recipe chrome-pdf","meta":{"rootId":"9avpcp0snpzf6pq","id":"9avpcp0snpzf6pq"},"id":"uys6sfs44tu3ons","previousOperationId":"tvix838vi4257ft"}
{"type":"log","timestamp":1701179124924,"level":"debug","message":"Converting with chrome HeadlessChrome/117.0.5938.149 using chrome-pool strategy","meta":{"rootId":"9avpcp0snpzf6pq","id":"9avpcp0snpzf6pq"},"id":"60sm8l1arfamw11","previousOperationId":"tvix838vi4257ft"}
{"type":"log","timestamp":1701179124979,"level":"debug","message":"Page request: GET (document) file:///var/folders/dp/qk79pfcj0y1fmtkkl08m76rc0000gn/T/jsreport/autocleanup/364dcb04-0b22-4122-8064-474e1672e88d-chrome-pdf.html","meta":{"rootId":"9avpcp0snpzf6pq","id":"9avpcp0snpzf6pq"},"id":"0ejggh31fy76pgq","previousOperationId":"tvix838vi4257ft"}
{"type":"log","timestamp":1701179124985,"level":"debug","message":"Page request finished: GET (document) 200 file:///var/folders/dp/qk79pfcj0y1fmtkkl08m76rc0000gn/T/jsreport/autocleanup/364dcb04-0b22-4122-8064-474e1672e88d-chrome-pdf.html","meta":{"rootId":"9avpcp0snpzf6pq","id":"9avpcp0snpzf6pq"},"id":"2th6j60q2tplr8y","previousOperationId":"tvix838vi4257ft"}
{"type":"log","timestamp":1701179124993,"level":"debug","message":"Custom viewport for chrome page width=800, height=2000","meta":{"rootId":"9avpcp0snpzf6pq","id":"9avpcp0snpzf6pq"},"id":"j6q09a6lejr87xo","previousOperationId":"tvix838vi4257ft"}
{"type":"log","timestamp":1701179124995,"level":"debug","message":"Running chrome with params {\"printBackground\":true,\"width\":\"5.8cm\",\"height\":\"50cm\",\"timeout\":59957,\"margin\":{}}","meta":{"rootId":"9avpcp0snpzf6pq","id":"9avpcp0snpzf6pq"},"id":"v8412dmpp7wr3si","previousOperationId":"tvix838vi4257ft"}
{"type":"operationEnd","operationId":"tvix838vi4257ft","timestamp":1701179125023,"id":"qtv6z2l2gxr8f62","previousEventId":"ws5it99fk3uzxu2","previousOperationId":"tvix838vi4257ft"}
{"type":"log","timestamp":1701179125023,"level":"debug","message":"Skipping storing report.","meta":{"rootId":"9avpcp0snpzf6pq","id":"9avpcp0snpzf6pq"},"id":"ssf02o58w6k3a11","previousOperationId":"tvix838vi4257ft"}
{"type":"log","timestamp":1701179125023,"level":"info","message":"Rendering request 93 finished in 142 ms","meta":{"rootId":"9avpcp0snpzf6pq","id":"9avpcp0snpzf6pq"},"id":"xxjn7mfpceu2nfa","previousOperationId":"tvix838vi4257ft"}
{"type":"operationEnd","subtype":"render","operationId":"i14e7gktopqew97","timestamp":1701179125023,"id":"ce2znv8pbgepyvy","previousEventId":"qtv6z2l2gxr8f62","previousOperationId":"tvix838vi4257ft"}
{"type":"operationEnd","doDiffs":false,"previousEventId":"x3ukwklsu4ehusd","previousOperationId":"cd61i5ccxkcmd8k","operationId":"cd61i5ccxkcmd8k","timestamp":1701179125024,"id":"inq6jvd65rrnorn"}
