{"type":"operationStart","subtype":"profile","data":{"_id":"eEU0m7bfY00gqoxz","timestamp":"2023-11-28T12:41:17.367Z","state":"queued","mode":"standard","creationDate":"2023-11-28T12:41:17.368Z","modificationDate":"2023-11-28T12:41:17.368Z","shortid":"wranRVL","$entitySet":"profiles"},"doDiffs":false,"timestamp":1701175277367,"id":"zjv7f0vi4w3gzb0","previousOperationId":null,"operationId":"01m3vuav25z885z"}
{"type":"log","level":"info","message":"Render request 52 queued for execution and waiting for available worker","previousOperationId":"01m3vuav25z885z","timestamp":1701175277367,"id":"lpfufcn7n4xrcvz"}
{"type":"operationStart","subtype":"render","name":"pns_index","previousOperationId":"01m3vuav25z885z","timestamp":1701175277390,"id":"6vur738owigoku5","previousEventId":"zjv7f0vi4w3gzb0","operationId":"sqdba9siqtwkh9n"}
{"type":"log","timestamp":1701175277390,"level":"info","message":"Starting rendering request 52","meta":{"rootId":"9ilnc0yj2u98vdw","id":"9ilnc0yj2u98vdw"},"id":"wnhhlkow92w2zcg","previousOperationId":"sqdba9siqtwkh9n"}
{"type":"log","timestamp":1701175277390,"level":"info","message":"Rendering template { name: pns_index, recipe: chrome-pdf, engine: handlebars, preview: true }","meta":{"rootId":"9ilnc0yj2u98vdw","id":"9ilnc0yj2u98vdw"},"id":"dmzcm7foqvhg2y6","previousOperationId":"sqdba9siqtwkh9n"}
{"type":"log","timestamp":1701175277392,"level":"debug","message":"Inline data specified.","meta":{"rootId":"9ilnc0yj2u98vdw","id":"9ilnc0yj2u98vdw"},"id":"yyuqvqf0ra38phr","previousOperationId":"sqdba9siqtwkh9n"}
{"type":"log","timestamp":1701175277393,"level":"debug","message":"Base url not specified, skipping its injection.","meta":{"rootId":"9ilnc0yj2u98vdw","id":"9ilnc0yj2u98vdw"},"id":"9cigyrj6v6welek","previousOperationId":"sqdba9siqtwkh9n"}
{"type":"operationStart","subtype":"engine","name":"handlebars","timestamp":1701175277393,"id":"3m7iajeuni342fc","previousEventId":"6vur738owigoku5","operationId":"6u8qfgnp584icxy","previousOperationId":"sqdba9siqtwkh9n"}
{"type":"log","timestamp":1701175277393,"level":"debug","message":"Rendering engine handlebars","meta":{"rootId":"9ilnc0yj2u98vdw","id":"9ilnc0yj2u98vdw"},"id":"mxtsuqth0eiva3c","previousOperationId":"6u8qfgnp584icxy"}
{"type":"operationEnd","operationId":"6u8qfgnp584icxy","timestamp":1701175277409,"id":"q0zmmmxz8h3sa6l","previousEventId":"3m7iajeuni342fc","previousOperationId":"6u8qfgnp584icxy"}
{"type":"operationStart","subtype":"recipe","name":"chrome-pdf","timestamp":1701175277409,"id":"otvp6xdqq8h5q4o","previousEventId":"q0zmmmxz8h3sa6l","operationId":"9gdf1z622wmk94y","previousOperationId":"6u8qfgnp584icxy"}
{"type":"log","timestamp":1701175277409,"level":"debug","message":"Executing recipe chrome-pdf","meta":{"rootId":"9ilnc0yj2u98vdw","id":"9ilnc0yj2u98vdw"},"id":"uyqdkusk2p7e3cr","previousOperationId":"9gdf1z622wmk94y"}
{"type":"log","timestamp":1701175277411,"level":"debug","message":"Converting with chrome HeadlessChrome/117.0.5938.149 using chrome-pool strategy","meta":{"rootId":"9ilnc0yj2u98vdw","id":"9ilnc0yj2u98vdw"},"id":"iq2x7uz2lzjxns7","previousOperationId":"9gdf1z622wmk94y"}
{"type":"log","timestamp":1701175277453,"level":"debug","message":"Page request: GET (document) file:///var/folders/dp/qk79pfcj0y1fmtkkl08m76rc0000gn/T/jsreport/autocleanup/f567f8d4-e939-4322-9ae4-e8dcafd41e1e-chrome-pdf.html","meta":{"rootId":"9ilnc0yj2u98vdw","id":"9ilnc0yj2u98vdw"},"id":"spbtbtpaaf2u48l","previousOperationId":"9gdf1z622wmk94y"}
{"type":"log","timestamp":1701175277458,"level":"debug","message":"Page request finished: GET (document) 200 file:///var/folders/dp/qk79pfcj0y1fmtkkl08m76rc0000gn/T/jsreport/autocleanup/f567f8d4-e939-4322-9ae4-e8dcafd41e1e-chrome-pdf.html","meta":{"rootId":"9ilnc0yj2u98vdw","id":"9ilnc0yj2u98vdw"},"id":"kpudlzgy5jn2one","previousOperationId":"9gdf1z622wmk94y"}
{"type":"log","timestamp":1701175277470,"level":"debug","message":"Custom viewport for chrome page width=800, height=2000","meta":{"rootId":"9ilnc0yj2u98vdw","id":"9ilnc0yj2u98vdw"},"id":"jw8jqziaxkxx40c","previousOperationId":"9gdf1z622wmk94y"}
{"type":"log","timestamp":1701175277471,"level":"debug","message":"Running chrome with params {\"printBackground\":true,\"width\":\"8cm\",\"height\":\"50cm\",\"timeout\":59956,\"margin\":{}}","meta":{"rootId":"9ilnc0yj2u98vdw","id":"9ilnc0yj2u98vdw"},"id":"s31mubvk8k26sgf","previousOperationId":"9gdf1z622wmk94y"}
{"type":"operationEnd","operationId":"9gdf1z622wmk94y","timestamp":1701175277497,"id":"4xh6kl41w9z6n13","previousEventId":"otvp6xdqq8h5q4o","previousOperationId":"9gdf1z622wmk94y"}
{"type":"log","timestamp":1701175277497,"level":"debug","message":"Skipping storing report.","meta":{"rootId":"9ilnc0yj2u98vdw","id":"9ilnc0yj2u98vdw"},"id":"ninkkzczcafi1ql","previousOperationId":"9gdf1z622wmk94y"}
{"type":"log","timestamp":1701175277497,"level":"info","message":"Rendering request 52 finished in 131 ms","meta":{"rootId":"9ilnc0yj2u98vdw","id":"9ilnc0yj2u98vdw"},"id":"sogr0w4jsbkawxt","previousOperationId":"9gdf1z622wmk94y"}
{"type":"operationEnd","subtype":"render","operationId":"sqdba9siqtwkh9n","timestamp":1701175277497,"id":"lz34hif5ofxh63f","previousEventId":"4xh6kl41w9z6n13","previousOperationId":"9gdf1z622wmk94y"}
{"type":"operationEnd","doDiffs":false,"previousEventId":"zjv7f0vi4w3gzb0","previousOperationId":"01m3vuav25z885z","operationId":"01m3vuav25z885z","timestamp":1701175277499,"id":"3528qz60jt9pt1j"}
