{"type":"operationStart","subtype":"profile","data":{"_id":"dL59su0H7s9K8HYl","timestamp":"2023-11-28T13:37:50.439Z","state":"queued","mode":"standard","creationDate":"2023-11-28T13:37:50.441Z","modificationDate":"2023-11-28T13:37:50.441Z","shortid":"4wtju0j","$entitySet":"profiles"},"doDiffs":false,"timestamp":1701178670440,"id":"mjiqojgeo3hi4sq","previousOperationId":null,"operationId":"176z7on5a0iutsy"}
{"type":"log","level":"info","message":"Render request 81 queued for execution and waiting for available worker","previousOperationId":"176z7on5a0iutsy","timestamp":1701178670440,"id":"dek3092n7r3nsrf"}
{"type":"operationStart","subtype":"render","name":"pns_index","previousOperationId":"176z7on5a0iutsy","timestamp":1701178670452,"id":"3ppgmbe8s4zj9yv","previousEventId":"mjiqojgeo3hi4sq","operationId":"exl9ofn0ohjwl80"}
{"type":"log","timestamp":1701178670452,"level":"info","message":"Starting rendering request 81","meta":{"rootId":"9rts5a2235ft0no","id":"9rts5a2235ft0no"},"id":"w9ly2hovcz43imt","previousOperationId":"exl9ofn0ohjwl80"}
{"type":"log","timestamp":1701178670452,"level":"info","message":"Rendering template { name: pns_index, recipe: chrome-pdf, engine: handlebars, preview: true }","meta":{"rootId":"9rts5a2235ft0no","id":"9rts5a2235ft0no"},"id":"riaof3z875ga88d","previousOperationId":"exl9ofn0ohjwl80"}
{"type":"log","timestamp":1701178670453,"level":"debug","message":"Adding sample data flbhzmKcJ","meta":{"rootId":"9rts5a2235ft0no","id":"9rts5a2235ft0no"},"id":"naysj2bwvjencpw","previousOperationId":"exl9ofn0ohjwl80"}
{"type":"log","timestamp":1701178670454,"level":"debug","message":"Base url not specified, skipping its injection.","meta":{"rootId":"9rts5a2235ft0no","id":"9rts5a2235ft0no"},"id":"mml5bxxrj0cfylu","previousOperationId":"exl9ofn0ohjwl80"}
{"type":"operationStart","subtype":"engine","name":"handlebars","timestamp":1701178670455,"id":"liw2n6aqn80n1c0","previousEventId":"3ppgmbe8s4zj9yv","operationId":"xs9q3a2k1cczub9","previousOperationId":"exl9ofn0ohjwl80"}
{"type":"log","timestamp":1701178670455,"level":"debug","message":"Rendering engine handlebars","meta":{"rootId":"9rts5a2235ft0no","id":"9rts5a2235ft0no"},"id":"h6crkhaszd2r5e6","previousOperationId":"xs9q3a2k1cczub9"}
{"type":"operationEnd","operationId":"xs9q3a2k1cczub9","timestamp":1701178670482,"id":"7n8v0kvbn7lcv8u","previousEventId":"liw2n6aqn80n1c0","previousOperationId":"xs9q3a2k1cczub9"}
{"type":"operationStart","subtype":"recipe","name":"chrome-pdf","timestamp":1701178670483,"id":"8ug54squq5ol4pt","previousEventId":"7n8v0kvbn7lcv8u","operationId":"c7izbde03y7r3en","previousOperationId":"xs9q3a2k1cczub9"}
{"type":"log","timestamp":1701178670483,"level":"debug","message":"Executing recipe chrome-pdf","meta":{"rootId":"9rts5a2235ft0no","id":"9rts5a2235ft0no"},"id":"xqtackal11wmwrg","previousOperationId":"c7izbde03y7r3en"}
{"type":"log","timestamp":1701178670484,"level":"debug","message":"Converting with chrome HeadlessChrome/117.0.5938.149 using chrome-pool strategy","meta":{"rootId":"9rts5a2235ft0no","id":"9rts5a2235ft0no"},"id":"7mlgum43n1rmowh","previousOperationId":"c7izbde03y7r3en"}
{"type":"log","timestamp":1701178670534,"level":"debug","message":"Page request: GET (document) file:///var/folders/dp/qk79pfcj0y1fmtkkl08m76rc0000gn/T/jsreport/autocleanup/14bea4ad-fbb0-43b2-8fad-145bc8c619fb-chrome-pdf.html","meta":{"rootId":"9rts5a2235ft0no","id":"9rts5a2235ft0no"},"id":"lj9qfa8pstcvfw3","previousOperationId":"c7izbde03y7r3en"}
{"type":"log","timestamp":1701178670539,"level":"debug","message":"Page request finished: GET (document) 200 file:///var/folders/dp/qk79pfcj0y1fmtkkl08m76rc0000gn/T/jsreport/autocleanup/14bea4ad-fbb0-43b2-8fad-145bc8c619fb-chrome-pdf.html","meta":{"rootId":"9rts5a2235ft0no","id":"9rts5a2235ft0no"},"id":"zjh5crsavogj4fq","previousOperationId":"c7izbde03y7r3en"}
{"type":"log","timestamp":1701178670551,"level":"debug","message":"Custom viewport for chrome page width=800, height=2000","meta":{"rootId":"9rts5a2235ft0no","id":"9rts5a2235ft0no"},"id":"8j0kja6zu6t26fg","previousOperationId":"c7izbde03y7r3en"}
{"type":"log","timestamp":1701178670556,"level":"debug","message":"Running chrome with params {\"printBackground\":true,\"width\":\"5.8cm\",\"height\":\"50cm\",\"timeout\":59955,\"margin\":{}}","meta":{"rootId":"9rts5a2235ft0no","id":"9rts5a2235ft0no"},"id":"4c2cxskogt291zd","previousOperationId":"c7izbde03y7r3en"}
{"type":"operationEnd","operationId":"c7izbde03y7r3en","timestamp":1701178670575,"id":"b4o61hslel65lt0","previousEventId":"8ug54squq5ol4pt","previousOperationId":"c7izbde03y7r3en"}
{"type":"log","timestamp":1701178670575,"level":"debug","message":"Skipping storing report.","meta":{"rootId":"9rts5a2235ft0no","id":"9rts5a2235ft0no"},"id":"oz0h0tavz4l9qdi","previousOperationId":"c7izbde03y7r3en"}
{"type":"log","timestamp":1701178670575,"level":"info","message":"Rendering request 81 finished in 136 ms","meta":{"rootId":"9rts5a2235ft0no","id":"9rts5a2235ft0no"},"id":"boa09yz68uww2ru","previousOperationId":"c7izbde03y7r3en"}
{"type":"operationEnd","subtype":"render","operationId":"exl9ofn0ohjwl80","timestamp":1701178670575,"id":"796eg0wojba5n1e","previousEventId":"b4o61hslel65lt0","previousOperationId":"c7izbde03y7r3en"}
{"type":"operationEnd","doDiffs":false,"previousEventId":"mjiqojgeo3hi4sq","previousOperationId":"176z7on5a0iutsy","operationId":"176z7on5a0iutsy","timestamp":1701178670576,"id":"kib67m7ilpq1bw1"}
