{"type":"operationStart","subtype":"profile","data":{"_id":"DrjqtLfPRMFTs0D3","timestamp":"2023-12-06T09:25:52.693Z","state":"queued","mode":"standard","creationDate":"2023-12-06T09:25:52.696Z","modificationDate":"2023-12-06T09:25:52.696Z","shortid":"4tsCW_4","$entitySet":"profiles"},"doDiffs":false,"timestamp":1701854752694,"id":"b1yqrv3tnbsmnhy","previousOperationId":null,"operationId":"8f715hr9gsz63zq"}
{"type":"log","level":"info","message":"Render request 23 queued for execution and waiting for available worker","previousOperationId":"8f715hr9gsz63zq","timestamp":1701854752694,"id":"s2s6vybdpz2k6ux"}
{"type":"operationStart","subtype":"render","name":"pns_index","previousOperationId":"8f715hr9gsz63zq","timestamp":1701854752707,"id":"56wx92sy56o29zt","previousEventId":"b1yqrv3tnbsmnhy","operationId":"mqmodoojzr9vfal"}
{"type":"log","timestamp":1701854752707,"level":"info","message":"Starting rendering request 23","meta":{"rootId":"a03c7p25cysd2je","id":"a03c7p25cysd2je"},"id":"ayn9indgmc7j9ic","previousOperationId":"mqmodoojzr9vfal"}
{"type":"log","timestamp":1701854752707,"level":"info","message":"Rendering template { name: pns_index, recipe: chrome-pdf, engine: handlebars, preview: true }","meta":{"rootId":"a03c7p25cysd2je","id":"a03c7p25cysd2je"},"id":"0yo2gzemgh9uwdi","previousOperationId":"mqmodoojzr9vfal"}
{"type":"log","timestamp":1701854752708,"level":"debug","message":"Inline data specified.","meta":{"rootId":"a03c7p25cysd2je","id":"a03c7p25cysd2je"},"id":"d44ulu0lbzcnix9","previousOperationId":"mqmodoojzr9vfal"}
{"type":"log","timestamp":1701854752720,"level":"debug","message":"Base url not specified, skipping its injection.","meta":{"rootId":"a03c7p25cysd2je","id":"a03c7p25cysd2je"},"id":"xl34w9pfmw6oqla","previousOperationId":"mqmodoojzr9vfal"}
{"type":"log","timestamp":1701854752721,"level":"debug","message":"Replaced assets [\"styles.css\"]","meta":{"rootId":"a03c7p25cysd2je","id":"a03c7p25cysd2je"},"id":"st3im24nn2na1f0","previousOperationId":"mqmodoojzr9vfal"}
{"type":"operationStart","subtype":"engine","name":"handlebars","timestamp":1701854752722,"id":"sa5m0e1nmoq6toc","previousEventId":"56wx92sy56o29zt","operationId":"rlkuc0lyd4gdp1w","previousOperationId":"mqmodoojzr9vfal"}
{"type":"log","timestamp":1701854752722,"level":"debug","message":"Rendering engine handlebars","meta":{"rootId":"a03c7p25cysd2je","id":"a03c7p25cysd2je"},"id":"tvgx6xv2dlmnghy","previousOperationId":"rlkuc0lyd4gdp1w"}
{"type":"operationEnd","operationId":"rlkuc0lyd4gdp1w","timestamp":1701854752750,"id":"9r6tabc2q9x2knq","previousEventId":"sa5m0e1nmoq6toc","previousOperationId":"rlkuc0lyd4gdp1w"}
{"type":"operationStart","subtype":"recipe","name":"chrome-pdf","timestamp":1701854752750,"id":"j308578movshias","previousEventId":"9r6tabc2q9x2knq","operationId":"ln3odzc37ovih42","previousOperationId":"rlkuc0lyd4gdp1w"}
{"type":"log","timestamp":1701854752751,"level":"debug","message":"Executing recipe chrome-pdf","meta":{"rootId":"a03c7p25cysd2je","id":"a03c7p25cysd2je"},"id":"psdayf4rdls325p","previousOperationId":"ln3odzc37ovih42"}
{"type":"log","timestamp":1701854752753,"level":"debug","message":"Converting with chrome HeadlessChrome/117.0.5938.149 using chrome-pool strategy","meta":{"rootId":"a03c7p25cysd2je","id":"a03c7p25cysd2je"},"id":"2wnd3y8e3vahtvy","previousOperationId":"ln3odzc37ovih42"}
{"type":"log","timestamp":1701854752797,"level":"debug","message":"Page request: GET (document) file:///var/folders/dp/qk79pfcj0y1fmtkkl08m76rc0000gn/T/jsreport/autocleanup/05a31e18-ae8e-474a-bd7a-d7bc6aa318ce-chrome-pdf.html","meta":{"rootId":"a03c7p25cysd2je","id":"a03c7p25cysd2je"},"id":"ry90yeuhxxdor6s","previousOperationId":"ln3odzc37ovih42"}
{"type":"log","timestamp":1701854752802,"level":"debug","message":"Page request finished: GET (document) 200 file:///var/folders/dp/qk79pfcj0y1fmtkkl08m76rc0000gn/T/jsreport/autocleanup/05a31e18-ae8e-474a-bd7a-d7bc6aa318ce-chrome-pdf.html","meta":{"rootId":"a03c7p25cysd2je","id":"a03c7p25cysd2je"},"id":"lm6b7wfzliumtdx","previousOperationId":"ln3odzc37ovih42"}
{"type":"log","timestamp":1701854752812,"level":"debug","message":"Custom viewport for chrome page width=800, height=2000","meta":{"rootId":"a03c7p25cysd2je","id":"a03c7p25cysd2je"},"id":"5fgaxs0xqli7flu","previousOperationId":"ln3odzc37ovih42"}
{"type":"log","timestamp":1701854752813,"level":"debug","message":"Running chrome with params {\"printBackground\":true,\"width\":\"5.8cm\",\"height\":\"40cm\",\"marginRight\":\"0cm\",\"marginLeft\":\"0cm\",\"timeout\":59941,\"margin\":{\"right\":\"0cm\",\"left\":\"0cm\"}}","meta":{"rootId":"a03c7p25cysd2je","id":"a03c7p25cysd2je"},"id":"4timzdz7ypr17g7","previousOperationId":"ln3odzc37ovih42"}
{"type":"operationEnd","operationId":"ln3odzc37ovih42","timestamp":1701854752840,"id":"pt9m6ofprriiym2","previousEventId":"j308578movshias","previousOperationId":"ln3odzc37ovih42"}
{"type":"log","timestamp":1701854752841,"level":"debug","message":"Skipping storing report.","meta":{"rootId":"a03c7p25cysd2je","id":"a03c7p25cysd2je"},"id":"tlchxzg4avup1so","previousOperationId":"ln3odzc37ovih42"}
{"type":"log","timestamp":1701854752841,"level":"info","message":"Rendering request 23 finished in 148 ms","meta":{"rootId":"a03c7p25cysd2je","id":"a03c7p25cysd2je"},"id":"l5o92mvyy6m74rh","previousOperationId":"ln3odzc37ovih42"}
{"type":"operationEnd","subtype":"render","operationId":"mqmodoojzr9vfal","timestamp":1701854752841,"id":"508sufqtmhqznho","previousEventId":"pt9m6ofprriiym2","previousOperationId":"ln3odzc37ovih42"}
{"type":"operationEnd","doDiffs":false,"previousEventId":"b1yqrv3tnbsmnhy","previousOperationId":"8f715hr9gsz63zq","operationId":"8f715hr9gsz63zq","timestamp":1701854752842,"id":"19w87z3ecc8st3v"}
