{"type":"operationStart","subtype":"profile","data":{"_id":"DghR49woIrADeGd1","timestamp":"2023-12-04T11:09:06.897Z","state":"queued","mode":"standard","creationDate":"2023-12-04T11:09:06.898Z","modificationDate":"2023-12-04T11:09:06.898Z","shortid":"1ODA0Pg","$entitySet":"profiles"},"doDiffs":false,"timestamp":1701688146898,"id":"3bh3u899glvhzve","previousOperationId":null,"operationId":"bqz3b7e1viqewsf"}
{"type":"log","level":"info","message":"Render request 108 queued for execution and waiting for available worker","previousOperationId":"bqz3b7e1viqewsf","timestamp":1701688146898,"id":"np60tlxe1ghly2t"}
{"type":"operationStart","subtype":"render","name":"pns_index","previousOperationId":"bqz3b7e1viqewsf","timestamp":1701688146904,"id":"njsvo3bxooevxso","previousEventId":"3bh3u899glvhzve","operationId":"68slhvt0m75186g"}
{"type":"log","timestamp":1701688146904,"level":"info","message":"Starting rendering request 108","meta":{"rootId":"b42redwlqj8vc09","id":"b42redwlqj8vc09"},"id":"shpw39anaut84dz","previousOperationId":"68slhvt0m75186g"}
{"type":"log","timestamp":1701688146904,"level":"info","message":"Rendering template { name: pns_index, recipe: chrome-pdf, engine: handlebars, preview: true }","meta":{"rootId":"b42redwlqj8vc09","id":"b42redwlqj8vc09"},"id":"5k4dsreczt74fg4","previousOperationId":"68slhvt0m75186g"}
{"type":"log","timestamp":1701688146905,"level":"debug","message":"Inline data specified.","meta":{"rootId":"b42redwlqj8vc09","id":"b42redwlqj8vc09"},"id":"tqfemdvlcknuyt8","previousOperationId":"68slhvt0m75186g"}
{"type":"log","timestamp":1701688146909,"level":"debug","message":"Base url not specified, skipping its injection.","meta":{"rootId":"b42redwlqj8vc09","id":"b42redwlqj8vc09"},"id":"dgrcllc4yht99qy","previousOperationId":"68slhvt0m75186g"}
{"type":"operationStart","subtype":"engine","name":"handlebars","timestamp":1701688146909,"id":"ehoia4i0oe1gb47","previousEventId":"njsvo3bxooevxso","operationId":"6v1uyq2t1viporw","previousOperationId":"68slhvt0m75186g"}
{"type":"log","timestamp":1701688146909,"level":"debug","message":"Rendering engine handlebars","meta":{"rootId":"b42redwlqj8vc09","id":"b42redwlqj8vc09"},"id":"x6wozvvltneafb1","previousOperationId":"6v1uyq2t1viporw"}
{"type":"operationEnd","operationId":"6v1uyq2t1viporw","timestamp":1701688146935,"id":"hj3bl09cbr3j41d","previousEventId":"ehoia4i0oe1gb47","previousOperationId":"6v1uyq2t1viporw"}
{"type":"operationStart","subtype":"recipe","name":"chrome-pdf","timestamp":1701688146935,"id":"vmz7p8k3kl673hk","previousEventId":"hj3bl09cbr3j41d","operationId":"ely583rnezuyrw1","previousOperationId":"6v1uyq2t1viporw"}
{"type":"log","timestamp":1701688146935,"level":"debug","message":"Executing recipe chrome-pdf","meta":{"rootId":"b42redwlqj8vc09","id":"b42redwlqj8vc09"},"id":"k795qs7mf7g8hue","previousOperationId":"ely583rnezuyrw1"}
{"type":"log","timestamp":1701688146937,"level":"debug","message":"Converting with chrome HeadlessChrome/117.0.5938.149 using chrome-pool strategy","meta":{"rootId":"b42redwlqj8vc09","id":"b42redwlqj8vc09"},"id":"zpkeoudai28ve2j","previousOperationId":"ely583rnezuyrw1"}
{"type":"log","timestamp":1701688146995,"level":"debug","message":"Page request: GET (document) file:///var/folders/dp/qk79pfcj0y1fmtkkl08m76rc0000gn/T/jsreport/autocleanup/78da5fa0-b8d6-4fde-a93f-7cac2cbea3c1-chrome-pdf.html","meta":{"rootId":"b42redwlqj8vc09","id":"b42redwlqj8vc09"},"id":"lculbhwuzjrsfjb","previousOperationId":"ely583rnezuyrw1"}
{"type":"log","timestamp":1701688146999,"level":"debug","message":"Page request finished: GET (document) 200 file:///var/folders/dp/qk79pfcj0y1fmtkkl08m76rc0000gn/T/jsreport/autocleanup/78da5fa0-b8d6-4fde-a93f-7cac2cbea3c1-chrome-pdf.html","meta":{"rootId":"b42redwlqj8vc09","id":"b42redwlqj8vc09"},"id":"dcd21dpu9ulego0","previousOperationId":"ely583rnezuyrw1"}
{"type":"log","timestamp":1701688147010,"level":"debug","message":"Custom viewport for chrome page width=800, height=2000","meta":{"rootId":"b42redwlqj8vc09","id":"b42redwlqj8vc09"},"id":"5tqufzg926zveei","previousOperationId":"ely583rnezuyrw1"}
{"type":"log","timestamp":1701688147016,"level":"debug","message":"Running chrome with params {\"printBackground\":true,\"width\":\"5.8cm\",\"height\":\"50cm\",\"timeout\":59958,\"margin\":{}}","meta":{"rootId":"b42redwlqj8vc09","id":"b42redwlqj8vc09"},"id":"5wpca9sx07i1fhk","previousOperationId":"ely583rnezuyrw1"}
{"type":"operationEnd","operationId":"ely583rnezuyrw1","timestamp":1701688147042,"id":"nadguxuz8h6s5zm","previousEventId":"vmz7p8k3kl673hk","previousOperationId":"ely583rnezuyrw1"}
{"type":"log","timestamp":1701688147042,"level":"debug","message":"Skipping storing report.","meta":{"rootId":"b42redwlqj8vc09","id":"b42redwlqj8vc09"},"id":"8ll77a0hy1xjn1v","previousOperationId":"ely583rnezuyrw1"}
{"type":"log","timestamp":1701688147042,"level":"info","message":"Rendering request 108 finished in 147 ms","meta":{"rootId":"b42redwlqj8vc09","id":"b42redwlqj8vc09"},"id":"u8i7k1dlps8hwz6","previousOperationId":"ely583rnezuyrw1"}
{"type":"operationEnd","subtype":"render","operationId":"68slhvt0m75186g","timestamp":1701688147042,"id":"kesst63tp3i3xyk","previousEventId":"nadguxuz8h6s5zm","previousOperationId":"ely583rnezuyrw1"}
{"type":"operationEnd","doDiffs":false,"previousEventId":"3bh3u899glvhzve","previousOperationId":"bqz3b7e1viqewsf","operationId":"bqz3b7e1viqewsf","timestamp":1701688147044,"id":"9sh0a080xu06cz5"}
