{"type":"operationStart","subtype":"profile","data":{"_id":"IeVBlFd85rYXzPTT","timestamp":"2023-12-04T11:07:30.897Z","state":"queued","mode":"standard","creationDate":"2023-12-04T11:07:30.900Z","modificationDate":"2023-12-04T11:07:30.900Z","shortid":"iH8JPp7","$entitySet":"profiles"},"doDiffs":false,"timestamp":1701688050898,"id":"8j89hxpmtz0ynzn","previousOperationId":null,"operationId":"4rd75lnery5v68p"}
{"type":"log","level":"info","message":"Render request 103 queued for execution and waiting for available worker","previousOperationId":"4rd75lnery5v68p","timestamp":1701688050899,"id":"dgx8sex1bl0lpfy"}
{"type":"operationStart","subtype":"render","name":"pns_index","previousOperationId":"4rd75lnery5v68p","timestamp":1701688050919,"id":"l201y29vru4waxc","previousEventId":"8j89hxpmtz0ynzn","operationId":"ywrwf63hpjbx0pf"}
{"type":"log","timestamp":1701688050919,"level":"info","message":"Starting rendering request 103","meta":{"rootId":"bq14403kifsg9tg","id":"bq14403kifsg9tg"},"id":"de6gzjw9c0cpym5","previousOperationId":"ywrwf63hpjbx0pf"}
{"type":"log","timestamp":1701688050919,"level":"info","message":"Rendering template { name: pns_index, recipe: chrome-pdf, engine: handlebars, preview: true }","meta":{"rootId":"bq14403kifsg9tg","id":"bq14403kifsg9tg"},"id":"8mgocylfl51hk1g","previousOperationId":"ywrwf63hpjbx0pf"}
{"type":"log","timestamp":1701688050920,"level":"debug","message":"Inline data specified.","meta":{"rootId":"bq14403kifsg9tg","id":"bq14403kifsg9tg"},"id":"xgex5ymfct56e1z","previousOperationId":"ywrwf63hpjbx0pf"}
{"type":"log","timestamp":1701688050921,"level":"debug","message":"Base url not specified, skipping its injection.","meta":{"rootId":"bq14403kifsg9tg","id":"bq14403kifsg9tg"},"id":"q77xwgxn13k9er4","previousOperationId":"ywrwf63hpjbx0pf"}
{"type":"operationStart","subtype":"engine","name":"handlebars","timestamp":1701688050922,"id":"zh0pxhjswfdmzyr","previousEventId":"l201y29vru4waxc","operationId":"hhu6a9j2uq91zgv","previousOperationId":"ywrwf63hpjbx0pf"}
{"type":"log","timestamp":1701688050922,"level":"debug","message":"Rendering engine handlebars","meta":{"rootId":"bq14403kifsg9tg","id":"bq14403kifsg9tg"},"id":"f3i5hz7m2p4ni98","previousOperationId":"hhu6a9j2uq91zgv"}
{"type":"operationEnd","operationId":"hhu6a9j2uq91zgv","timestamp":1701688050949,"id":"5zmtx92z6lajhm7","previousEventId":"zh0pxhjswfdmzyr","previousOperationId":"hhu6a9j2uq91zgv"}
{"type":"operationStart","subtype":"recipe","name":"chrome-pdf","timestamp":1701688050949,"id":"q6uvwerzowr8cth","previousEventId":"5zmtx92z6lajhm7","operationId":"62kmyrf7r8mixqi","previousOperationId":"hhu6a9j2uq91zgv"}
{"type":"log","timestamp":1701688050949,"level":"debug","message":"Executing recipe chrome-pdf","meta":{"rootId":"bq14403kifsg9tg","id":"bq14403kifsg9tg"},"id":"9vdc46gajw7qmcz","previousOperationId":"62kmyrf7r8mixqi"}
{"type":"log","timestamp":1701688050951,"level":"debug","message":"Converting with chrome HeadlessChrome/117.0.5938.149 using chrome-pool strategy","meta":{"rootId":"bq14403kifsg9tg","id":"bq14403kifsg9tg"},"id":"bs7auslsv9s4lly","previousOperationId":"62kmyrf7r8mixqi"}
{"type":"log","timestamp":1701688050997,"level":"debug","message":"Page request: GET (document) file:///var/folders/dp/qk79pfcj0y1fmtkkl08m76rc0000gn/T/jsreport/autocleanup/864bd446-51a3-4a76-a311-9efef6c3fdb7-chrome-pdf.html","meta":{"rootId":"bq14403kifsg9tg","id":"bq14403kifsg9tg"},"id":"x1krchc32fddtgf","previousOperationId":"62kmyrf7r8mixqi"}
{"type":"log","timestamp":1701688051002,"level":"debug","message":"Page request finished: GET (document) 200 file:///var/folders/dp/qk79pfcj0y1fmtkkl08m76rc0000gn/T/jsreport/autocleanup/864bd446-51a3-4a76-a311-9efef6c3fdb7-chrome-pdf.html","meta":{"rootId":"bq14403kifsg9tg","id":"bq14403kifsg9tg"},"id":"cpvcqnxrx2lqwvo","previousOperationId":"62kmyrf7r8mixqi"}
{"type":"log","timestamp":1701688051011,"level":"debug","message":"Custom viewport for chrome page width=800, height=2000","meta":{"rootId":"bq14403kifsg9tg","id":"bq14403kifsg9tg"},"id":"4vk2q2mqbd6bzr6","previousOperationId":"62kmyrf7r8mixqi"}
{"type":"log","timestamp":1701688051013,"level":"debug","message":"Running chrome with params {\"printBackground\":true,\"width\":\"5.8cm\",\"height\":\"50cm\",\"timeout\":59947,\"margin\":{}}","meta":{"rootId":"bq14403kifsg9tg","id":"bq14403kifsg9tg"},"id":"sru8lrzpwy8d4uv","previousOperationId":"62kmyrf7r8mixqi"}
{"type":"operationEnd","operationId":"62kmyrf7r8mixqi","timestamp":1701688051043,"id":"dofa3qdj1jrag8w","previousEventId":"q6uvwerzowr8cth","previousOperationId":"62kmyrf7r8mixqi"}
{"type":"log","timestamp":1701688051043,"level":"debug","message":"Skipping storing report.","meta":{"rootId":"bq14403kifsg9tg","id":"bq14403kifsg9tg"},"id":"8x9f9z42bzj6omh","previousOperationId":"62kmyrf7r8mixqi"}
{"type":"log","timestamp":1701688051044,"level":"info","message":"Rendering request 103 finished in 147 ms","meta":{"rootId":"bq14403kifsg9tg","id":"bq14403kifsg9tg"},"id":"2p7wjquhg8i2fnq","previousOperationId":"62kmyrf7r8mixqi"}
{"type":"operationEnd","subtype":"render","operationId":"ywrwf63hpjbx0pf","timestamp":1701688051044,"id":"8lap10kn4djy5cx","previousEventId":"dofa3qdj1jrag8w","previousOperationId":"62kmyrf7r8mixqi"}
{"type":"operationEnd","doDiffs":false,"previousEventId":"8j89hxpmtz0ynzn","previousOperationId":"4rd75lnery5v68p","operationId":"4rd75lnery5v68p","timestamp":1701688051046,"id":"b1xpttmf14q79hx"}
