{"type":"operationStart","subtype":"profile","data":{"_id":"Ax3DlVVBJwgUEg30","timestamp":"2023-12-04T11:44:34.514Z","state":"queued","mode":"standard","creationDate":"2023-12-04T11:44:34.515Z","modificationDate":"2023-12-04T11:44:34.515Z","shortid":"JWhuN42","$entitySet":"profiles"},"doDiffs":false,"timestamp":1701690274515,"id":"i9nye95qh02kl65","previousOperationId":null,"operationId":"kf8d8b8pxq5o4mw"}
{"type":"log","level":"info","message":"Render request 119 queued for execution and waiting for available worker","previousOperationId":"kf8d8b8pxq5o4mw","timestamp":1701690274515,"id":"g215chkpq6r0th1"}
{"type":"operationStart","subtype":"render","name":"pns_index","previousOperationId":"kf8d8b8pxq5o4mw","timestamp":1701690274531,"id":"yjnr2xqj2wpmll6","previousEventId":"i9nye95qh02kl65","operationId":"t911ktc25sjud5q"}
{"type":"log","timestamp":1701690274531,"level":"info","message":"Starting rendering request 119","meta":{"rootId":"bsk78yxewtcbw2m","id":"bsk78yxewtcbw2m"},"id":"innv0wlpky0sz6l","previousOperationId":"t911ktc25sjud5q"}
{"type":"log","timestamp":1701690274532,"level":"info","message":"Rendering template { name: pns_index, recipe: chrome-pdf, engine: handlebars, preview: true }","meta":{"rootId":"bsk78yxewtcbw2m","id":"bsk78yxewtcbw2m"},"id":"j8btvrv5z77o9z0","previousOperationId":"t911ktc25sjud5q"}
{"type":"log","timestamp":1701690274532,"level":"debug","message":"Inline data specified.","meta":{"rootId":"bsk78yxewtcbw2m","id":"bsk78yxewtcbw2m"},"id":"1cipcnnxb4qxxsn","previousOperationId":"t911ktc25sjud5q"}
{"type":"log","timestamp":1701690274534,"level":"debug","message":"Base url not specified, skipping its injection.","meta":{"rootId":"bsk78yxewtcbw2m","id":"bsk78yxewtcbw2m"},"id":"bds7tsf0n1whafl","previousOperationId":"t911ktc25sjud5q"}
{"type":"operationStart","subtype":"engine","name":"handlebars","timestamp":1701690274535,"id":"80yo6ifvbzllku0","previousEventId":"yjnr2xqj2wpmll6","operationId":"0wqurw1abhm2553","previousOperationId":"t911ktc25sjud5q"}
{"type":"log","timestamp":1701690274535,"level":"debug","message":"Rendering engine handlebars","meta":{"rootId":"bsk78yxewtcbw2m","id":"bsk78yxewtcbw2m"},"id":"8qmvvq2v5vlumzl","previousOperationId":"0wqurw1abhm2553"}
{"type":"operationEnd","operationId":"0wqurw1abhm2553","timestamp":1701690274544,"id":"mwhu7rafr1k1ean","previousEventId":"80yo6ifvbzllku0","previousOperationId":"0wqurw1abhm2553"}
{"type":"operationStart","subtype":"recipe","name":"chrome-pdf","timestamp":1701690274544,"id":"dzsegxl284u12zp","previousEventId":"mwhu7rafr1k1ean","operationId":"zre7oqmllim10ju","previousOperationId":"0wqurw1abhm2553"}
{"type":"log","timestamp":1701690274544,"level":"debug","message":"Executing recipe chrome-pdf","meta":{"rootId":"bsk78yxewtcbw2m","id":"bsk78yxewtcbw2m"},"id":"z7hmn8g3k0jimtt","previousOperationId":"zre7oqmllim10ju"}
{"type":"log","timestamp":1701690274547,"level":"debug","message":"Converting with chrome HeadlessChrome/117.0.5938.149 using chrome-pool strategy","meta":{"rootId":"bsk78yxewtcbw2m","id":"bsk78yxewtcbw2m"},"id":"hb6nym6z4k0nvq2","previousOperationId":"zre7oqmllim10ju"}
{"type":"log","timestamp":1701690274594,"level":"debug","message":"Page request: GET (document) file:///var/folders/dp/qk79pfcj0y1fmtkkl08m76rc0000gn/T/jsreport/autocleanup/eb5d562a-cdbf-4caf-a134-bea641fde913-chrome-pdf.html","meta":{"rootId":"bsk78yxewtcbw2m","id":"bsk78yxewtcbw2m"},"id":"86zx6i2t81sbmrn","previousOperationId":"zre7oqmllim10ju"}
{"type":"log","timestamp":1701690274598,"level":"debug","message":"Page request finished: GET (document) 200 file:///var/folders/dp/qk79pfcj0y1fmtkkl08m76rc0000gn/T/jsreport/autocleanup/eb5d562a-cdbf-4caf-a134-bea641fde913-chrome-pdf.html","meta":{"rootId":"bsk78yxewtcbw2m","id":"bsk78yxewtcbw2m"},"id":"0uknulmumdon4lk","previousOperationId":"zre7oqmllim10ju"}
{"type":"log","timestamp":1701690274610,"level":"debug","message":"Custom viewport for chrome page width=800, height=2000","meta":{"rootId":"bsk78yxewtcbw2m","id":"bsk78yxewtcbw2m"},"id":"zgfmhttnvecx24e","previousOperationId":"zre7oqmllim10ju"}
{"type":"log","timestamp":1701690274616,"level":"debug","message":"Running chrome with params {\"printBackground\":true,\"width\":\"5.8cm\",\"height\":\"50cm\",\"timeout\":59968,\"margin\":{}}","meta":{"rootId":"bsk78yxewtcbw2m","id":"bsk78yxewtcbw2m"},"id":"jtym8is6rs9nbqb","previousOperationId":"zre7oqmllim10ju"}
{"type":"operationEnd","operationId":"zre7oqmllim10ju","timestamp":1701690274642,"id":"fj0nsmr73i6prc3","previousEventId":"dzsegxl284u12zp","previousOperationId":"zre7oqmllim10ju"}
{"type":"log","timestamp":1701690274643,"level":"debug","message":"Skipping storing report.","meta":{"rootId":"bsk78yxewtcbw2m","id":"bsk78yxewtcbw2m"},"id":"tia5e2725raf8p7","previousOperationId":"zre7oqmllim10ju"}
{"type":"log","timestamp":1701690274643,"level":"info","message":"Rendering request 119 finished in 130 ms","meta":{"rootId":"bsk78yxewtcbw2m","id":"bsk78yxewtcbw2m"},"id":"g6xamaslrw53qmm","previousOperationId":"zre7oqmllim10ju"}
{"type":"operationEnd","subtype":"render","operationId":"t911ktc25sjud5q","timestamp":1701690274643,"id":"aeloy348c4tzbv3","previousEventId":"fj0nsmr73i6prc3","previousOperationId":"zre7oqmllim10ju"}
{"type":"operationEnd","doDiffs":false,"previousEventId":"i9nye95qh02kl65","previousOperationId":"kf8d8b8pxq5o4mw","operationId":"kf8d8b8pxq5o4mw","timestamp":1701690274644,"id":"12lqjf66ln1dyr2"}
