{"type":"operationStart","subtype":"profile","data":{"_id":"c6Qqt5Ltqc9aUvqs","timestamp":"2023-12-04T13:13:17.264Z","state":"queued","mode":"standard","creationDate":"2023-12-04T13:13:17.267Z","modificationDate":"2023-12-04T13:13:17.267Z","shortid":"_dljTkT","$entitySet":"profiles"},"doDiffs":false,"timestamp":1701695597265,"id":"v6s584ygytwfgvt","previousOperationId":null,"operationId":"oozjagbgbouqw4c"}
{"type":"log","level":"info","message":"Render request 33 queued for execution and waiting for available worker","previousOperationId":"oozjagbgbouqw4c","timestamp":1701695597266,"id":"4bwze59johmt5hu"}
{"type":"operationStart","subtype":"render","name":"pns_index","previousOperationId":"oozjagbgbouqw4c","timestamp":1701695597283,"id":"d1rudmge64yabs5","previousEventId":"v6s584ygytwfgvt","operationId":"7o93pwz3p2jjz5c"}
{"type":"log","timestamp":1701695597283,"level":"info","message":"Starting rendering request 33","meta":{"rootId":"bzdpz2a8dr2xdmb","id":"bzdpz2a8dr2xdmb"},"id":"4gfepg1cra6aovt","previousOperationId":"7o93pwz3p2jjz5c"}
{"type":"log","timestamp":1701695597284,"level":"info","message":"Rendering template { name: pns_index, recipe: chrome-pdf, engine: handlebars, preview: true }","meta":{"rootId":"bzdpz2a8dr2xdmb","id":"bzdpz2a8dr2xdmb"},"id":"0eds3i4jj7sbknn","previousOperationId":"7o93pwz3p2jjz5c"}
{"type":"log","timestamp":1701695597286,"level":"debug","message":"Adding sample data flbhzmKcJ","meta":{"rootId":"bzdpz2a8dr2xdmb","id":"bzdpz2a8dr2xdmb"},"id":"g6du5jsmi5v1a4n","previousOperationId":"7o93pwz3p2jjz5c"}
{"type":"log","timestamp":1701695597288,"level":"debug","message":"Base url not specified, skipping its injection.","meta":{"rootId":"bzdpz2a8dr2xdmb","id":"bzdpz2a8dr2xdmb"},"id":"ytcf0l9yt9w0ymx","previousOperationId":"7o93pwz3p2jjz5c"}
{"type":"log","timestamp":1701695597289,"level":"debug","message":"Replaced assets [\"styles.css\"]","meta":{"rootId":"bzdpz2a8dr2xdmb","id":"bzdpz2a8dr2xdmb"},"id":"hko0yn5g1c617bl","previousOperationId":"7o93pwz3p2jjz5c"}
{"type":"operationStart","subtype":"engine","name":"handlebars","timestamp":1701695597289,"id":"1eann0tv3gekzjm","previousEventId":"d1rudmge64yabs5","operationId":"zcips3bdrc92j9k","previousOperationId":"7o93pwz3p2jjz5c"}
{"type":"log","timestamp":1701695597289,"level":"debug","message":"Rendering engine handlebars","meta":{"rootId":"bzdpz2a8dr2xdmb","id":"bzdpz2a8dr2xdmb"},"id":"he3oue2eazabl3d","previousOperationId":"zcips3bdrc92j9k"}
{"type":"operationEnd","operationId":"zcips3bdrc92j9k","timestamp":1701695597324,"id":"7xo3ktuxfl68bhn","previousEventId":"1eann0tv3gekzjm","previousOperationId":"zcips3bdrc92j9k"}
{"type":"operationStart","subtype":"recipe","name":"chrome-pdf","timestamp":1701695597324,"id":"ojgctjkmu2ysqp6","previousEventId":"7xo3ktuxfl68bhn","operationId":"1obg20qq7a7d02j","previousOperationId":"zcips3bdrc92j9k"}
{"type":"log","timestamp":1701695597324,"level":"debug","message":"Executing recipe chrome-pdf","meta":{"rootId":"bzdpz2a8dr2xdmb","id":"bzdpz2a8dr2xdmb"},"id":"6ydl5uihrqewu77","previousOperationId":"1obg20qq7a7d02j"}
{"type":"log","timestamp":1701695597326,"level":"debug","message":"Converting with chrome HeadlessChrome/117.0.5938.149 using chrome-pool strategy","meta":{"rootId":"bzdpz2a8dr2xdmb","id":"bzdpz2a8dr2xdmb"},"id":"v7cq3z9ufxjl7q3","previousOperationId":"1obg20qq7a7d02j"}
{"type":"log","timestamp":1701695597376,"level":"debug","message":"Page request: GET (document) file:///var/folders/dp/qk79pfcj0y1fmtkkl08m76rc0000gn/T/jsreport/autocleanup/b6906681-ab23-41c8-98de-5924c7ab938c-chrome-pdf.html","meta":{"rootId":"bzdpz2a8dr2xdmb","id":"bzdpz2a8dr2xdmb"},"id":"nlap9tj57dl65cu","previousOperationId":"1obg20qq7a7d02j"}
{"type":"log","timestamp":1701695597381,"level":"debug","message":"Page request finished: GET (document) 200 file:///var/folders/dp/qk79pfcj0y1fmtkkl08m76rc0000gn/T/jsreport/autocleanup/b6906681-ab23-41c8-98de-5924c7ab938c-chrome-pdf.html","meta":{"rootId":"bzdpz2a8dr2xdmb","id":"bzdpz2a8dr2xdmb"},"id":"dekca0rq6drw7qv","previousOperationId":"1obg20qq7a7d02j"}
{"type":"log","timestamp":1701695597389,"level":"debug","message":"Custom viewport for chrome page width=800, height=2000","meta":{"rootId":"bzdpz2a8dr2xdmb","id":"bzdpz2a8dr2xdmb"},"id":"7lhfm66nh1hbxtu","previousOperationId":"1obg20qq7a7d02j"}
{"type":"log","timestamp":1701695597391,"level":"debug","message":"Running chrome with params {\"printBackground\":true,\"width\":\"5.8cm\",\"height\":\"50cm\",\"timeout\":59939,\"margin\":{}}","meta":{"rootId":"bzdpz2a8dr2xdmb","id":"bzdpz2a8dr2xdmb"},"id":"bi66bzc2thu53xj","previousOperationId":"1obg20qq7a7d02j"}
{"type":"operationEnd","operationId":"1obg20qq7a7d02j","timestamp":1701695597431,"id":"thzz8mmclci7rta","previousEventId":"ojgctjkmu2ysqp6","previousOperationId":"1obg20qq7a7d02j"}
{"type":"log","timestamp":1701695597431,"level":"debug","message":"Skipping storing report.","meta":{"rootId":"bzdpz2a8dr2xdmb","id":"bzdpz2a8dr2xdmb"},"id":"7398w1x3fz70z6y","previousOperationId":"1obg20qq7a7d02j"}
{"type":"log","timestamp":1701695597431,"level":"info","message":"Rendering request 33 finished in 167 ms","meta":{"rootId":"bzdpz2a8dr2xdmb","id":"bzdpz2a8dr2xdmb"},"id":"p3uyv121nb5rlj9","previousOperationId":"1obg20qq7a7d02j"}
{"type":"operationEnd","subtype":"render","operationId":"7o93pwz3p2jjz5c","timestamp":1701695597431,"id":"wmpty6xaxrc56tq","previousEventId":"thzz8mmclci7rta","previousOperationId":"1obg20qq7a7d02j"}
{"type":"operationEnd","doDiffs":false,"previousEventId":"v6s584ygytwfgvt","previousOperationId":"oozjagbgbouqw4c","operationId":"oozjagbgbouqw4c","timestamp":1701695597432,"id":"8223fcfkmuygbwt"}
