{"type":"operationStart","subtype":"profile","data":{"_id":"s2YorZTVMbYwgxVH","timestamp":"2023-11-28T12:42:15.372Z","state":"queued","mode":"standard","creationDate":"2023-11-28T12:42:15.374Z","modificationDate":"2023-11-28T12:42:15.374Z","shortid":"I4dbO9I","$entitySet":"profiles"},"doDiffs":false,"timestamp":1701175335373,"id":"oy31p5mq385oz0g","previousOperationId":null,"operationId":"rq07d05f6y3uspb"}
{"type":"log","level":"info","message":"Render request 55 queued for execution and waiting for available worker","previousOperationId":"rq07d05f6y3uspb","timestamp":1701175335373,"id":"m5d5n0yvx2lddvi"}
{"type":"operationStart","subtype":"render","name":"pns_index","previousOperationId":"rq07d05f6y3uspb","timestamp":1701175335390,"id":"wah08kabw5909zn","previousEventId":"oy31p5mq385oz0g","operationId":"fn0oheqr779vy19"}
{"type":"log","timestamp":1701175335390,"level":"info","message":"Starting rendering request 55","meta":{"rootId":"c3rdj1unvu4au2o","id":"c3rdj1unvu4au2o"},"id":"80p7tqw88hsqw80","previousOperationId":"fn0oheqr779vy19"}
{"type":"log","timestamp":1701175335390,"level":"info","message":"Rendering template { name: pns_index, recipe: chrome-pdf, engine: handlebars, preview: true }","meta":{"rootId":"c3rdj1unvu4au2o","id":"c3rdj1unvu4au2o"},"id":"uu89b47qd0r4hx2","previousOperationId":"fn0oheqr779vy19"}
{"type":"log","timestamp":1701175335390,"level":"debug","message":"Inline data specified.","meta":{"rootId":"c3rdj1unvu4au2o","id":"c3rdj1unvu4au2o"},"id":"40ri4cqatpizz8n","previousOperationId":"fn0oheqr779vy19"}
{"type":"log","timestamp":1701175335391,"level":"debug","message":"Base url not specified, skipping its injection.","meta":{"rootId":"c3rdj1unvu4au2o","id":"c3rdj1unvu4au2o"},"id":"4cktetwk3jgpgdx","previousOperationId":"fn0oheqr779vy19"}
{"type":"operationStart","subtype":"engine","name":"handlebars","timestamp":1701175335391,"id":"k140bduylmb9c1e","previousEventId":"wah08kabw5909zn","operationId":"u7jyr0lq9c3jeoa","previousOperationId":"fn0oheqr779vy19"}
{"type":"log","timestamp":1701175335391,"level":"debug","message":"Rendering engine handlebars","meta":{"rootId":"c3rdj1unvu4au2o","id":"c3rdj1unvu4au2o"},"id":"190hfafp7iui4ld","previousOperationId":"u7jyr0lq9c3jeoa"}
{"type":"operationEnd","operationId":"u7jyr0lq9c3jeoa","timestamp":1701175335409,"id":"pnw6w74qc3nl4ne","previousEventId":"k140bduylmb9c1e","previousOperationId":"u7jyr0lq9c3jeoa"}
{"type":"operationStart","subtype":"recipe","name":"chrome-pdf","timestamp":1701175335410,"id":"ny3ueehkcroael2","previousEventId":"pnw6w74qc3nl4ne","operationId":"uzcwnbs4vnw9ppz","previousOperationId":"u7jyr0lq9c3jeoa"}
{"type":"log","timestamp":1701175335410,"level":"debug","message":"Executing recipe chrome-pdf","meta":{"rootId":"c3rdj1unvu4au2o","id":"c3rdj1unvu4au2o"},"id":"ihh766mc9xcjgr9","previousOperationId":"uzcwnbs4vnw9ppz"}
{"type":"log","timestamp":1701175335411,"level":"debug","message":"Converting with chrome HeadlessChrome/117.0.5938.149 using chrome-pool strategy","meta":{"rootId":"c3rdj1unvu4au2o","id":"c3rdj1unvu4au2o"},"id":"9q3w8gvozcoonbo","previousOperationId":"uzcwnbs4vnw9ppz"}
{"type":"log","timestamp":1701175335460,"level":"debug","message":"Page request: GET (document) file:///var/folders/dp/qk79pfcj0y1fmtkkl08m76rc0000gn/T/jsreport/autocleanup/0af25dd3-9282-43dd-bfaa-f8f40daaabe3-chrome-pdf.html","meta":{"rootId":"c3rdj1unvu4au2o","id":"c3rdj1unvu4au2o"},"id":"hclrfe1u9u0jxev","previousOperationId":"uzcwnbs4vnw9ppz"}
{"type":"log","timestamp":1701175335464,"level":"debug","message":"Page request finished: GET (document) 200 file:///var/folders/dp/qk79pfcj0y1fmtkkl08m76rc0000gn/T/jsreport/autocleanup/0af25dd3-9282-43dd-bfaa-f8f40daaabe3-chrome-pdf.html","meta":{"rootId":"c3rdj1unvu4au2o","id":"c3rdj1unvu4au2o"},"id":"zd6uap523ba2m64","previousOperationId":"uzcwnbs4vnw9ppz"}
{"type":"log","timestamp":1701175335474,"level":"debug","message":"Custom viewport for chrome page width=800, height=2000","meta":{"rootId":"c3rdj1unvu4au2o","id":"c3rdj1unvu4au2o"},"id":"hwjwthor1zyctuc","previousOperationId":"uzcwnbs4vnw9ppz"}
{"type":"log","timestamp":1701175335475,"level":"debug","message":"Running chrome with params {\"printBackground\":true,\"width\":\"8cm\",\"height\":\"50cm\",\"timeout\":59962,\"margin\":{}}","meta":{"rootId":"c3rdj1unvu4au2o","id":"c3rdj1unvu4au2o"},"id":"osi0yzipqcxp3g3","previousOperationId":"uzcwnbs4vnw9ppz"}
{"type":"operationEnd","operationId":"uzcwnbs4vnw9ppz","timestamp":1701175335498,"id":"4uln264q952ojz9","previousEventId":"ny3ueehkcroael2","previousOperationId":"uzcwnbs4vnw9ppz"}
{"type":"log","timestamp":1701175335498,"level":"debug","message":"Skipping storing report.","meta":{"rootId":"c3rdj1unvu4au2o","id":"c3rdj1unvu4au2o"},"id":"31v8rv86szfhke9","previousOperationId":"uzcwnbs4vnw9ppz"}
{"type":"log","timestamp":1701175335498,"level":"info","message":"Rendering request 55 finished in 126 ms","meta":{"rootId":"c3rdj1unvu4au2o","id":"c3rdj1unvu4au2o"},"id":"98gqhnlxzar85hm","previousOperationId":"uzcwnbs4vnw9ppz"}
{"type":"operationEnd","subtype":"render","operationId":"fn0oheqr779vy19","timestamp":1701175335498,"id":"489twf055tlebwr","previousEventId":"4uln264q952ojz9","previousOperationId":"uzcwnbs4vnw9ppz"}
{"type":"operationEnd","doDiffs":false,"previousEventId":"oy31p5mq385oz0g","previousOperationId":"rq07d05f6y3uspb","operationId":"rq07d05f6y3uspb","timestamp":1701175335499,"id":"kt51kwo1zowlqp7"}
