{"type":"operationStart","subtype":"profile","data":{"_id":"tyRzBKejM5Tr3Xn3","timestamp":"2023-11-28T09:26:11.178Z","state":"queued","mode":"standard","creationDate":"2023-11-28T09:26:11.179Z","modificationDate":"2023-11-28T09:26:11.179Z","shortid":"hQCOS2V","$entitySet":"profiles"},"doDiffs":false,"timestamp":1701163571179,"id":"d3p2n4lsjj1i5m3","previousOperationId":null,"operationId":"96ewqagl21zyi0r"}
{"type":"log","level":"info","message":"Render request 3 queued for execution and waiting for available worker","previousOperationId":"96ewqagl21zyi0r","timestamp":1701163571179,"id":"u51l02ai4go5f6f"}
{"type":"operationStart","subtype":"render","name":"pns_index","previousOperationId":"96ewqagl21zyi0r","timestamp":1701163571186,"id":"rbb1slwjzkmppmg","previousEventId":"d3p2n4lsjj1i5m3","operationId":"frzyfztcswo0i6a"}
{"type":"log","timestamp":1701163571186,"level":"info","message":"Starting rendering request 3","meta":{"rootId":"cc3jlbobiid542q","id":"cc3jlbobiid542q"},"id":"hocsl5blhnhtonz","previousOperationId":"frzyfztcswo0i6a"}
{"type":"log","timestamp":1701163571187,"level":"info","message":"Rendering template { name: pns_index, recipe: chrome-pdf, engine: handlebars, preview: true }","meta":{"rootId":"cc3jlbobiid542q","id":"cc3jlbobiid542q"},"id":"ke0u4etwnclpq5g","previousOperationId":"frzyfztcswo0i6a"}
{"type":"log","timestamp":1701163571187,"level":"debug","message":"Adding sample data flbhzmKcJ","meta":{"rootId":"cc3jlbobiid542q","id":"cc3jlbobiid542q"},"id":"lm4e3xy8ik82wdz","previousOperationId":"frzyfztcswo0i6a"}
{"type":"log","timestamp":1701163571191,"level":"debug","message":"Base url not specified, skipping its injection.","meta":{"rootId":"cc3jlbobiid542q","id":"cc3jlbobiid542q"},"id":"5rov96muu0ptpuu","previousOperationId":"frzyfztcswo0i6a"}
{"type":"operationStart","subtype":"engine","name":"handlebars","timestamp":1701163571193,"id":"96zr4kovasr81i8","previousEventId":"rbb1slwjzkmppmg","operationId":"195gqokab6buqsx","previousOperationId":"frzyfztcswo0i6a"}
{"type":"log","timestamp":1701163571193,"level":"debug","message":"Rendering engine handlebars","meta":{"rootId":"cc3jlbobiid542q","id":"cc3jlbobiid542q"},"id":"zwgfip6ma2wb0og","previousOperationId":"195gqokab6buqsx"}
{"type":"operationEnd","operationId":"195gqokab6buqsx","timestamp":1701163571207,"id":"nw3v5lr4o18rsur","previousEventId":"96zr4kovasr81i8","previousOperationId":"195gqokab6buqsx"}
{"type":"operationStart","subtype":"recipe","name":"chrome-pdf","timestamp":1701163571208,"id":"jdvkzjrmdw7j43w","previousEventId":"nw3v5lr4o18rsur","operationId":"o07mp7udkynuwsy","previousOperationId":"195gqokab6buqsx"}
{"type":"log","timestamp":1701163571208,"level":"debug","message":"Executing recipe chrome-pdf","meta":{"rootId":"cc3jlbobiid542q","id":"cc3jlbobiid542q"},"id":"ll8whs7dey7n7rk","previousOperationId":"o07mp7udkynuwsy"}
{"type":"log","timestamp":1701163571209,"level":"debug","message":"Converting with chrome HeadlessChrome/117.0.5938.149 using chrome-pool strategy","meta":{"rootId":"cc3jlbobiid542q","id":"cc3jlbobiid542q"},"id":"zij8sfrt5am27ma","previousOperationId":"o07mp7udkynuwsy"}
{"type":"log","timestamp":1701163571251,"level":"debug","message":"Page request: GET (document) file:///var/folders/dp/qk79pfcj0y1fmtkkl08m76rc0000gn/T/jsreport/autocleanup/0a5c8c3f-2ba6-45c5-8576-c9e168de8a68-chrome-pdf.html","meta":{"rootId":"cc3jlbobiid542q","id":"cc3jlbobiid542q"},"id":"nivzve5vllnvwsa","previousOperationId":"o07mp7udkynuwsy"}
{"type":"log","timestamp":1701163571257,"level":"debug","message":"Page request finished: GET (document) 200 file:///var/folders/dp/qk79pfcj0y1fmtkkl08m76rc0000gn/T/jsreport/autocleanup/0a5c8c3f-2ba6-45c5-8576-c9e168de8a68-chrome-pdf.html","meta":{"rootId":"cc3jlbobiid542q","id":"cc3jlbobiid542q"},"id":"b2tsx3axez5n8kt","previousOperationId":"o07mp7udkynuwsy"}
{"type":"log","timestamp":1701163571263,"level":"debug","message":"Running chrome with params {\"printBackground\":true,\"width\":\"8cm\",\"timeout\":59969,\"margin\":{}}","meta":{"rootId":"cc3jlbobiid542q","id":"cc3jlbobiid542q"},"id":"gcl2q39iyqzphj3","previousOperationId":"o07mp7udkynuwsy"}
{"type":"operationEnd","operationId":"o07mp7udkynuwsy","timestamp":1701163571291,"id":"eafbn63tchi19y4","previousEventId":"jdvkzjrmdw7j43w","previousOperationId":"o07mp7udkynuwsy"}
{"type":"log","timestamp":1701163571291,"level":"debug","message":"Skipping storing report.","meta":{"rootId":"cc3jlbobiid542q","id":"cc3jlbobiid542q"},"id":"b4q9vwdnwk8qbqd","previousOperationId":"o07mp7udkynuwsy"}
{"type":"log","timestamp":1701163571291,"level":"info","message":"Rendering request 3 finished in 113 ms","meta":{"rootId":"cc3jlbobiid542q","id":"cc3jlbobiid542q"},"id":"5osvvxyayf3e885","previousOperationId":"o07mp7udkynuwsy"}
{"type":"operationEnd","subtype":"render","operationId":"frzyfztcswo0i6a","timestamp":1701163571291,"id":"u7esyy5i793lnc7","previousEventId":"eafbn63tchi19y4","previousOperationId":"o07mp7udkynuwsy"}
{"type":"operationEnd","doDiffs":false,"previousEventId":"d3p2n4lsjj1i5m3","previousOperationId":"96ewqagl21zyi0r","operationId":"96ewqagl21zyi0r","timestamp":1701163571293,"id":"1reohelursqa6ll"}
