{"type":"operationStart","subtype":"profile","data":{"_id":"QfnW3BQzlgVRkyFN","timestamp":"2023-11-28T12:08:10.238Z","state":"queued","mode":"standard","creationDate":"2023-11-28T12:08:10.239Z","modificationDate":"2023-11-28T12:08:10.239Z","shortid":"zvBM-vE","$entitySet":"profiles"},"doDiffs":false,"timestamp":1701173290238,"id":"uy0y9yq1rzb6iko","previousOperationId":null,"operationId":"gvez2r3sxgdchaz"}
{"type":"log","level":"info","message":"Render request 24 queued for execution and waiting for available worker","previousOperationId":"gvez2r3sxgdchaz","timestamp":1701173290239,"id":"8lbax4eujxx7ejn"}
{"type":"operationStart","subtype":"render","name":"pns_index","previousOperationId":"gvez2r3sxgdchaz","timestamp":1701173290245,"id":"xwjhlyijhpyxdwj","previousEventId":"uy0y9yq1rzb6iko","operationId":"nsv2urjtmvfay2n"}
{"type":"log","timestamp":1701173290245,"level":"info","message":"Starting rendering request 24","meta":{"rootId":"ci5u9bkjgmzam4t","id":"ci5u9bkjgmzam4t"},"id":"rowiuln51qpztr6","previousOperationId":"nsv2urjtmvfay2n"}
{"type":"log","timestamp":1701173290245,"level":"info","message":"Rendering template { name: pns_index, recipe: chrome-pdf, engine: handlebars, preview: true }","meta":{"rootId":"ci5u9bkjgmzam4t","id":"ci5u9bkjgmzam4t"},"id":"s02tx0xm2zxplgy","previousOperationId":"nsv2urjtmvfay2n"}
{"type":"log","timestamp":1701173290245,"level":"debug","message":"Inline data specified.","meta":{"rootId":"ci5u9bkjgmzam4t","id":"ci5u9bkjgmzam4t"},"id":"37ee4z8yw4wpveq","previousOperationId":"nsv2urjtmvfay2n"}
{"type":"log","timestamp":1701173290247,"level":"debug","message":"Base url not specified, skipping its injection.","meta":{"rootId":"ci5u9bkjgmzam4t","id":"ci5u9bkjgmzam4t"},"id":"ry8hiiycnyxfx3x","previousOperationId":"nsv2urjtmvfay2n"}
{"type":"operationStart","subtype":"engine","name":"handlebars","timestamp":1701173290247,"id":"thkzwbu30n1hy8o","previousEventId":"xwjhlyijhpyxdwj","operationId":"pp6y94ecgpqygi1","previousOperationId":"nsv2urjtmvfay2n"}
{"type":"log","timestamp":1701173290247,"level":"debug","message":"Rendering engine handlebars","meta":{"rootId":"ci5u9bkjgmzam4t","id":"ci5u9bkjgmzam4t"},"id":"9msc7unnn6ie7zs","previousOperationId":"pp6y94ecgpqygi1"}
{"type":"operationEnd","operationId":"pp6y94ecgpqygi1","timestamp":1701173290276,"id":"390z5usd60n8sqz","previousEventId":"thkzwbu30n1hy8o","previousOperationId":"pp6y94ecgpqygi1"}
{"type":"operationStart","subtype":"recipe","name":"chrome-pdf","timestamp":1701173290276,"id":"ltgk7gvx4l5hmc9","previousEventId":"390z5usd60n8sqz","operationId":"rqifgi7hewfn5ld","previousOperationId":"pp6y94ecgpqygi1"}
{"type":"log","timestamp":1701173290276,"level":"debug","message":"Executing recipe chrome-pdf","meta":{"rootId":"ci5u9bkjgmzam4t","id":"ci5u9bkjgmzam4t"},"id":"2dujwuusc1jre2q","previousOperationId":"rqifgi7hewfn5ld"}
{"type":"log","timestamp":1701173290278,"level":"debug","message":"Converting with chrome HeadlessChrome/117.0.5938.149 using chrome-pool strategy","meta":{"rootId":"ci5u9bkjgmzam4t","id":"ci5u9bkjgmzam4t"},"id":"yy0on0y7tryhnbr","previousOperationId":"rqifgi7hewfn5ld"}
{"type":"log","timestamp":1701173290324,"level":"debug","message":"Page request: GET (document) file:///var/folders/dp/qk79pfcj0y1fmtkkl08m76rc0000gn/T/jsreport/autocleanup/3434c125-b04d-4296-9000-f4e11fc8b3c8-chrome-pdf.html","meta":{"rootId":"ci5u9bkjgmzam4t","id":"ci5u9bkjgmzam4t"},"id":"nwt9tav618g6wl2","previousOperationId":"rqifgi7hewfn5ld"}
{"type":"log","timestamp":1701173290328,"level":"debug","message":"Page request finished: GET (document) 200 file:///var/folders/dp/qk79pfcj0y1fmtkkl08m76rc0000gn/T/jsreport/autocleanup/3434c125-b04d-4296-9000-f4e11fc8b3c8-chrome-pdf.html","meta":{"rootId":"ci5u9bkjgmzam4t","id":"ci5u9bkjgmzam4t"},"id":"xxia9f4b3oabtgm","previousOperationId":"rqifgi7hewfn5ld"}
{"type":"log","timestamp":1701173290340,"level":"debug","message":"Custom viewport for chrome page width=800, height=2000","meta":{"rootId":"ci5u9bkjgmzam4t","id":"ci5u9bkjgmzam4t"},"id":"9nu9xg5sbq3owe8","previousOperationId":"rqifgi7hewfn5ld"}
{"type":"log","timestamp":1701173290341,"level":"debug","message":"Running chrome with params {\"printBackground\":true,\"width\":\"8cm\",\"height\":\"50cm\",\"timeout\":59961,\"margin\":{}}","meta":{"rootId":"ci5u9bkjgmzam4t","id":"ci5u9bkjgmzam4t"},"id":"qk5vghjs6qbt3ub","previousOperationId":"rqifgi7hewfn5ld"}
{"type":"operationEnd","operationId":"rqifgi7hewfn5ld","timestamp":1701173290362,"id":"iocq1gf8k4kbi3h","previousEventId":"ltgk7gvx4l5hmc9","previousOperationId":"rqifgi7hewfn5ld"}
{"type":"log","timestamp":1701173290362,"level":"debug","message":"Skipping storing report.","meta":{"rootId":"ci5u9bkjgmzam4t","id":"ci5u9bkjgmzam4t"},"id":"abt5z5a6v40zi22","previousOperationId":"rqifgi7hewfn5ld"}
{"type":"log","timestamp":1701173290363,"level":"info","message":"Rendering request 24 finished in 125 ms","meta":{"rootId":"ci5u9bkjgmzam4t","id":"ci5u9bkjgmzam4t"},"id":"gz44zeb9gg9xgm3","previousOperationId":"rqifgi7hewfn5ld"}
{"type":"operationEnd","subtype":"render","operationId":"nsv2urjtmvfay2n","timestamp":1701173290363,"id":"szasu7thobvd944","previousEventId":"iocq1gf8k4kbi3h","previousOperationId":"rqifgi7hewfn5ld"}
{"type":"operationEnd","doDiffs":false,"previousEventId":"uy0y9yq1rzb6iko","previousOperationId":"gvez2r3sxgdchaz","operationId":"gvez2r3sxgdchaz","timestamp":1701173290364,"id":"yt0dkbpdk40q35m"}
