{"type":"operationStart","subtype":"profile","data":{"_id":"HmldQdiGn3xjcp8u","timestamp":"2023-12-06T10:02:18.662Z","state":"queued","mode":"standard","creationDate":"2023-12-06T10:02:18.663Z","modificationDate":"2023-12-06T10:02:18.663Z","shortid":"36WT99-","$entitySet":"profiles"},"doDiffs":false,"timestamp":1701856938662,"id":"nw69iyc023749ka","previousOperationId":null,"operationId":"25boqocs0f207ol"}
{"type":"log","level":"info","message":"Render request 69 queued for execution and waiting for available worker","previousOperationId":"25boqocs0f207ol","timestamp":1701856938663,"id":"zu2oqyb4mw3jd1t"}
{"type":"operationStart","subtype":"render","name":"pns_index","previousOperationId":"25boqocs0f207ol","timestamp":1701856938670,"id":"shxot4fn3l1uccj","previousEventId":"nw69iyc023749ka","operationId":"vzo38may0xo7kgq"}
{"type":"log","timestamp":1701856938670,"level":"info","message":"Starting rendering request 69","meta":{"rootId":"cj94se0nrjytxmy","id":"cj94se0nrjytxmy"},"id":"9gd5q3tli7me1ci","previousOperationId":"vzo38may0xo7kgq"}
{"type":"log","timestamp":1701856938670,"level":"info","message":"Rendering template { name: pns_index, recipe: chrome-pdf, engine: handlebars, preview: true }","meta":{"rootId":"cj94se0nrjytxmy","id":"cj94se0nrjytxmy"},"id":"bx3a6hra5l9iygz","previousOperationId":"vzo38may0xo7kgq"}
{"type":"log","timestamp":1701856938671,"level":"debug","message":"Inline data specified.","meta":{"rootId":"cj94se0nrjytxmy","id":"cj94se0nrjytxmy"},"id":"obv8ze3imo4xj4i","previousOperationId":"vzo38may0xo7kgq"}
{"type":"log","timestamp":1701856938674,"level":"debug","message":"Base url not specified, skipping its injection.","meta":{"rootId":"cj94se0nrjytxmy","id":"cj94se0nrjytxmy"},"id":"goquxpo7xudyi97","previousOperationId":"vzo38may0xo7kgq"}
{"type":"log","timestamp":1701856938675,"level":"debug","message":"Replaced assets [\"styles.css\"]","meta":{"rootId":"cj94se0nrjytxmy","id":"cj94se0nrjytxmy"},"id":"ll4qgzyolbau9ch","previousOperationId":"vzo38may0xo7kgq"}
{"type":"operationStart","subtype":"engine","name":"handlebars","timestamp":1701856938675,"id":"5zbem4cfeosi3d1","previousEventId":"shxot4fn3l1uccj","operationId":"fa5i2pbb16twc8i","previousOperationId":"vzo38may0xo7kgq"}
{"type":"log","timestamp":1701856938675,"level":"debug","message":"Rendering engine handlebars","meta":{"rootId":"cj94se0nrjytxmy","id":"cj94se0nrjytxmy"},"id":"h9utsp9f8aak16w","previousOperationId":"fa5i2pbb16twc8i"}
{"type":"operationEnd","operationId":"fa5i2pbb16twc8i","timestamp":1701856938702,"id":"kyi5d4ewendsyya","previousEventId":"5zbem4cfeosi3d1","previousOperationId":"fa5i2pbb16twc8i"}
{"type":"operationStart","subtype":"recipe","name":"chrome-pdf","timestamp":1701856938702,"id":"sp2r9sfdxmhrcew","previousEventId":"kyi5d4ewendsyya","operationId":"a8eyymtg8hyx98s","previousOperationId":"fa5i2pbb16twc8i"}
{"type":"log","timestamp":1701856938702,"level":"debug","message":"Executing recipe chrome-pdf","meta":{"rootId":"cj94se0nrjytxmy","id":"cj94se0nrjytxmy"},"id":"j2vp10rpcy8pn5a","previousOperationId":"a8eyymtg8hyx98s"}
{"type":"log","timestamp":1701856938704,"level":"debug","message":"Converting with chrome HeadlessChrome/117.0.5938.149 using chrome-pool strategy","meta":{"rootId":"cj94se0nrjytxmy","id":"cj94se0nrjytxmy"},"id":"8okayc40qk4uvz8","previousOperationId":"a8eyymtg8hyx98s"}
{"type":"log","timestamp":1701856938755,"level":"debug","message":"Page request: GET (document) file:///var/folders/dp/qk79pfcj0y1fmtkkl08m76rc0000gn/T/jsreport/autocleanup/7532014a-23bb-4b1b-b846-33984c555e36-chrome-pdf.html","meta":{"rootId":"cj94se0nrjytxmy","id":"cj94se0nrjytxmy"},"id":"ue33uykie1hsji4","previousOperationId":"a8eyymtg8hyx98s"}
{"type":"log","timestamp":1701856938759,"level":"debug","message":"Page request finished: GET (document) 200 file:///var/folders/dp/qk79pfcj0y1fmtkkl08m76rc0000gn/T/jsreport/autocleanup/7532014a-23bb-4b1b-b846-33984c555e36-chrome-pdf.html","meta":{"rootId":"cj94se0nrjytxmy","id":"cj94se0nrjytxmy"},"id":"nby1gdyvxa4d7iz","previousOperationId":"a8eyymtg8hyx98s"}
{"type":"log","timestamp":1701856938769,"level":"debug","message":"Custom viewport for chrome page width=800, height=2000","meta":{"rootId":"cj94se0nrjytxmy","id":"cj94se0nrjytxmy"},"id":"dfjbz7ejjb3avb0","previousOperationId":"a8eyymtg8hyx98s"}
{"type":"log","timestamp":1701856938770,"level":"debug","message":"Running chrome with params {\"printBackground\":true,\"width\":\"6.8cm\",\"height\":\"50cm\",\"marginRight\":\"0cm\",\"marginLeft\":\"0cm\",\"timeout\":59958,\"margin\":{\"right\":\"0cm\",\"left\":\"0cm\"}}","meta":{"rootId":"cj94se0nrjytxmy","id":"cj94se0nrjytxmy"},"id":"er16r2txjwm3400","previousOperationId":"a8eyymtg8hyx98s"}
{"type":"operationEnd","operationId":"a8eyymtg8hyx98s","timestamp":1701856938799,"id":"96qfj5h6ucj2cox","previousEventId":"sp2r9sfdxmhrcew","previousOperationId":"a8eyymtg8hyx98s"}
{"type":"log","timestamp":1701856938799,"level":"debug","message":"Skipping storing report.","meta":{"rootId":"cj94se0nrjytxmy","id":"cj94se0nrjytxmy"},"id":"ojguvl3a5h1e5ow","previousOperationId":"a8eyymtg8hyx98s"}
{"type":"log","timestamp":1701856938799,"level":"info","message":"Rendering request 69 finished in 137 ms","meta":{"rootId":"cj94se0nrjytxmy","id":"cj94se0nrjytxmy"},"id":"o0sehz7h239tzqc","previousOperationId":"a8eyymtg8hyx98s"}
{"type":"operationEnd","subtype":"render","operationId":"vzo38may0xo7kgq","timestamp":1701856938799,"id":"6m3ux96jmn3mazf","previousEventId":"96qfj5h6ucj2cox","previousOperationId":"a8eyymtg8hyx98s"}
{"type":"operationEnd","doDiffs":false,"previousEventId":"nw69iyc023749ka","previousOperationId":"25boqocs0f207ol","operationId":"25boqocs0f207ol","timestamp":1701856938800,"id":"2g42hqcl4o2fzr4"}
