{"type":"operationStart","subtype":"profile","data":{"_id":"29IVmrIjX9Qjxhk6","timestamp":"2023-11-28T10:43:22.754Z","state":"queued","mode":"standard","creationDate":"2023-11-28T10:43:22.757Z","modificationDate":"2023-11-28T10:43:22.757Z","shortid":"Mwwa4Wt","$entitySet":"profiles"},"doDiffs":false,"timestamp":1701168202755,"id":"z0z0z1cvql2ydyk","previousOperationId":null,"operationId":"16ng5oxd44bf1ga"}
{"type":"log","level":"info","message":"Render request 1 queued for execution and waiting for available worker","previousOperationId":"16ng5oxd44bf1ga","timestamp":1701168202756,"id":"z279cbojx8i79pe"}
{"type":"operationStart","subtype":"render","name":"pns_index","previousOperationId":"16ng5oxd44bf1ga","timestamp":1701168202773,"id":"xvana1esty1irk5","previousEventId":"z0z0z1cvql2ydyk","operationId":"czs6772nho7i4qo"}
{"type":"log","timestamp":1701168202774,"level":"info","message":"Starting rendering request 1","meta":{"rootId":"ckck8tkjwy3zpk7","id":"ckck8tkjwy3zpk7"},"id":"kpcj5lxytv660e0","previousOperationId":"czs6772nho7i4qo"}
{"type":"log","timestamp":1701168202775,"level":"info","message":"Rendering template { name: pns_index, recipe: chrome-pdf, engine: handlebars, preview: true }","meta":{"rootId":"ckck8tkjwy3zpk7","id":"ckck8tkjwy3zpk7"},"id":"k4micqi26ofzi8r","previousOperationId":"czs6772nho7i4qo"}
{"type":"log","timestamp":1701168202776,"level":"debug","message":"Adding sample data flbhzmKcJ","meta":{"rootId":"ckck8tkjwy3zpk7","id":"ckck8tkjwy3zpk7"},"id":"rtd94q57ps26cqj","previousOperationId":"czs6772nho7i4qo"}
{"type":"log","timestamp":1701168202778,"level":"debug","message":"Base url not specified, skipping its injection.","meta":{"rootId":"ckck8tkjwy3zpk7","id":"ckck8tkjwy3zpk7"},"id":"h40q39tncwyztdn","previousOperationId":"czs6772nho7i4qo"}
{"type":"operationStart","subtype":"engine","name":"handlebars","timestamp":1701168202778,"id":"wlcc1zxt5s465qx","previousEventId":"xvana1esty1irk5","operationId":"tdfm6xaakr1iqsb","previousOperationId":"czs6772nho7i4qo"}
{"type":"log","timestamp":1701168202778,"level":"debug","message":"Rendering engine handlebars","meta":{"rootId":"ckck8tkjwy3zpk7","id":"ckck8tkjwy3zpk7"},"id":"d41fuvh8jb12hdd","previousOperationId":"tdfm6xaakr1iqsb"}
{"type":"operationEnd","operationId":"tdfm6xaakr1iqsb","timestamp":1701168203029,"id":"ya257ubtgbno04b","previousEventId":"wlcc1zxt5s465qx","previousOperationId":"tdfm6xaakr1iqsb"}
{"type":"operationStart","subtype":"recipe","name":"chrome-pdf","timestamp":1701168203030,"id":"8nt7xgpwcf2sf0v","previousEventId":"ya257ubtgbno04b","operationId":"8ef7g2bc0kg3kl0","previousOperationId":"tdfm6xaakr1iqsb"}
{"type":"log","timestamp":1701168203030,"level":"debug","message":"Executing recipe chrome-pdf","meta":{"rootId":"ckck8tkjwy3zpk7","id":"ckck8tkjwy3zpk7"},"id":"vnklhopzwrdpph8","previousOperationId":"8ef7g2bc0kg3kl0"}
{"type":"log","timestamp":1701168203383,"level":"debug","message":"Converting with chrome HeadlessChrome/117.0.5938.149 using chrome-pool strategy","meta":{"rootId":"ckck8tkjwy3zpk7","id":"ckck8tkjwy3zpk7"},"id":"05ct4reix85cj86","previousOperationId":"8ef7g2bc0kg3kl0"}
{"type":"log","timestamp":1701168203460,"level":"debug","message":"Page request: GET (document) file:///var/folders/dp/qk79pfcj0y1fmtkkl08m76rc0000gn/T/jsreport/autocleanup/14e7b6c6-922b-4c9e-9320-d0622261024a-chrome-pdf.html","meta":{"rootId":"ckck8tkjwy3zpk7","id":"ckck8tkjwy3zpk7"},"id":"y4jmy6z2q5whap2","previousOperationId":"8ef7g2bc0kg3kl0"}
{"type":"log","timestamp":1701168203471,"level":"debug","message":"Page request finished: GET (document) 200 file:///var/folders/dp/qk79pfcj0y1fmtkkl08m76rc0000gn/T/jsreport/autocleanup/14e7b6c6-922b-4c9e-9320-d0622261024a-chrome-pdf.html","meta":{"rootId":"ckck8tkjwy3zpk7","id":"ckck8tkjwy3zpk7"},"id":"ytich1iauu4u3pa","previousOperationId":"8ef7g2bc0kg3kl0"}
{"type":"log","timestamp":1701168203491,"level":"debug","message":"Running chrome with params {\"printBackground\":true,\"width\":\"8cm\",\"timeout\":59722,\"margin\":{}}","meta":{"rootId":"ckck8tkjwy3zpk7","id":"ckck8tkjwy3zpk7"},"id":"nmsirxcdqyi0y2x","previousOperationId":"8ef7g2bc0kg3kl0"}
{"type":"operationEnd","operationId":"8ef7g2bc0kg3kl0","timestamp":1701168203541,"id":"zs7ulr5ug0ow7m4","previousEventId":"8nt7xgpwcf2sf0v","previousOperationId":"8ef7g2bc0kg3kl0"}
{"type":"log","timestamp":1701168203541,"level":"debug","message":"Skipping storing report.","meta":{"rootId":"ckck8tkjwy3zpk7","id":"ckck8tkjwy3zpk7"},"id":"62ex1buyzr9te1b","previousOperationId":"8ef7g2bc0kg3kl0"}
{"type":"log","timestamp":1701168203542,"level":"info","message":"Rendering request 1 finished in 788 ms","meta":{"rootId":"ckck8tkjwy3zpk7","id":"ckck8tkjwy3zpk7"},"id":"jcy8ax2r34zq4jf","previousOperationId":"8ef7g2bc0kg3kl0"}
{"type":"operationEnd","subtype":"render","operationId":"czs6772nho7i4qo","timestamp":1701168203542,"id":"fxecfw8vieircal","previousEventId":"zs7ulr5ug0ow7m4","previousOperationId":"8ef7g2bc0kg3kl0"}
{"type":"operationEnd","doDiffs":false,"previousEventId":"z0z0z1cvql2ydyk","previousOperationId":"16ng5oxd44bf1ga","operationId":"16ng5oxd44bf1ga","timestamp":1701168203543,"id":"bk04lz9qyp6bayg"}
