{"type":"operationStart","subtype":"profile","data":{"_id":"EcJ9tHlbAZtX9OPJ","timestamp":"2023-12-04T11:56:34.404Z","state":"queued","mode":"standard","creationDate":"2023-12-04T11:56:34.420Z","modificationDate":"2023-12-04T11:56:34.420Z","shortid":"VFSMPhY","$entitySet":"profiles"},"doDiffs":false,"timestamp":1701690994407,"id":"cffs127ox43secf","previousOperationId":null,"operationId":"x8ovls5z8q3jdo8"}
{"type":"log","level":"info","message":"Render request 132 queued for execution and waiting for available worker","previousOperationId":"x8ovls5z8q3jdo8","timestamp":1701690994407,"id":"rdjgyklzbsa6tmn"}
{"type":"operationStart","subtype":"render","name":"pns_index","previousOperationId":"x8ovls5z8q3jdo8","timestamp":1701690994426,"id":"tn722b2cx3492ko","previousEventId":"cffs127ox43secf","operationId":"9pmicaa6yv2s3gj"}
{"type":"log","timestamp":1701690994426,"level":"info","message":"Starting rendering request 132","meta":{"rootId":"cmkrd0zcenib0e4","id":"cmkrd0zcenib0e4"},"id":"3hgp1isaqordwvt","previousOperationId":"9pmicaa6yv2s3gj"}
{"type":"log","timestamp":1701690994426,"level":"info","message":"Rendering template { name: pns_index, recipe: chrome-pdf, engine: handlebars, preview: true }","meta":{"rootId":"cmkrd0zcenib0e4","id":"cmkrd0zcenib0e4"},"id":"o93pd3x4qtmy3ox","previousOperationId":"9pmicaa6yv2s3gj"}
{"type":"log","timestamp":1701690994427,"level":"debug","message":"Inline data specified.","meta":{"rootId":"cmkrd0zcenib0e4","id":"cmkrd0zcenib0e4"},"id":"hxdevcq3irp4ydy","previousOperationId":"9pmicaa6yv2s3gj"}
{"type":"log","timestamp":1701690994427,"level":"debug","message":"Base url not specified, skipping its injection.","meta":{"rootId":"cmkrd0zcenib0e4","id":"cmkrd0zcenib0e4"},"id":"2zcnnubr360deap","previousOperationId":"9pmicaa6yv2s3gj"}
{"type":"operationStart","subtype":"engine","name":"handlebars","timestamp":1701690994427,"id":"cesj0plg19g0dlj","previousEventId":"tn722b2cx3492ko","operationId":"b84l1ssp2v5eb11","previousOperationId":"9pmicaa6yv2s3gj"}
{"type":"log","timestamp":1701690994427,"level":"debug","message":"Rendering engine handlebars","meta":{"rootId":"cmkrd0zcenib0e4","id":"cmkrd0zcenib0e4"},"id":"bzuyaa07fq7obld","previousOperationId":"b84l1ssp2v5eb11"}
{"type":"operationEnd","operationId":"b84l1ssp2v5eb11","timestamp":1701690994434,"id":"vw2309l94pkllha","previousEventId":"cesj0plg19g0dlj","previousOperationId":"b84l1ssp2v5eb11"}
{"type":"operationStart","subtype":"recipe","name":"chrome-pdf","timestamp":1701690994434,"id":"96lnbm22rkus844","previousEventId":"vw2309l94pkllha","operationId":"7a9blczatgd8cc9","previousOperationId":"b84l1ssp2v5eb11"}
{"type":"log","timestamp":1701690994434,"level":"debug","message":"Executing recipe chrome-pdf","meta":{"rootId":"cmkrd0zcenib0e4","id":"cmkrd0zcenib0e4"},"id":"bibdxkg5ae2thmr","previousOperationId":"7a9blczatgd8cc9"}
{"type":"log","timestamp":1701690994436,"level":"debug","message":"Converting with chrome HeadlessChrome/117.0.5938.149 using chrome-pool strategy","meta":{"rootId":"cmkrd0zcenib0e4","id":"cmkrd0zcenib0e4"},"id":"d3y2j7f057pf0pq","previousOperationId":"7a9blczatgd8cc9"}
{"type":"log","timestamp":1701690994487,"level":"debug","message":"Page request: GET (document) file:///var/folders/dp/qk79pfcj0y1fmtkkl08m76rc0000gn/T/jsreport/autocleanup/809b49ad-4bf0-4176-8714-3887cedd85cb-chrome-pdf.html","meta":{"rootId":"cmkrd0zcenib0e4","id":"cmkrd0zcenib0e4"},"id":"nkse8nww4195eru","previousOperationId":"7a9blczatgd8cc9"}
{"type":"log","timestamp":1701690994494,"level":"debug","message":"Page request finished: GET (document) 200 file:///var/folders/dp/qk79pfcj0y1fmtkkl08m76rc0000gn/T/jsreport/autocleanup/809b49ad-4bf0-4176-8714-3887cedd85cb-chrome-pdf.html","meta":{"rootId":"cmkrd0zcenib0e4","id":"cmkrd0zcenib0e4"},"id":"0jeirr4chlcyje7","previousOperationId":"7a9blczatgd8cc9"}
{"type":"log","timestamp":1701690994508,"level":"debug","message":"Custom viewport for chrome page width=800, height=2000","meta":{"rootId":"cmkrd0zcenib0e4","id":"cmkrd0zcenib0e4"},"id":"mto0okv6i43nxlq","previousOperationId":"7a9blczatgd8cc9"}
{"type":"log","timestamp":1701690994510,"level":"debug","message":"Running chrome with params {\"printBackground\":true,\"width\":\"5.8cm\",\"height\":\"50cm\",\"timeout\":59969,\"margin\":{}}","meta":{"rootId":"cmkrd0zcenib0e4","id":"cmkrd0zcenib0e4"},"id":"vdluopir3rxbpne","previousOperationId":"7a9blczatgd8cc9"}
{"type":"operationEnd","operationId":"7a9blczatgd8cc9","timestamp":1701690994545,"id":"xmurwps2r167upo","previousEventId":"96lnbm22rkus844","previousOperationId":"7a9blczatgd8cc9"}
{"type":"log","timestamp":1701690994545,"level":"debug","message":"Skipping storing report.","meta":{"rootId":"cmkrd0zcenib0e4","id":"cmkrd0zcenib0e4"},"id":"pnskieotzbbrd38","previousOperationId":"7a9blczatgd8cc9"}
{"type":"log","timestamp":1701690994545,"level":"info","message":"Rendering request 132 finished in 141 ms","meta":{"rootId":"cmkrd0zcenib0e4","id":"cmkrd0zcenib0e4"},"id":"tksauyobxw3uvz9","previousOperationId":"7a9blczatgd8cc9"}
{"type":"operationEnd","subtype":"render","operationId":"9pmicaa6yv2s3gj","timestamp":1701690994545,"id":"miqk34jr63c0m2c","previousEventId":"xmurwps2r167upo","previousOperationId":"7a9blczatgd8cc9"}
{"type":"operationEnd","doDiffs":false,"previousEventId":"cffs127ox43secf","previousOperationId":"x8ovls5z8q3jdo8","operationId":"x8ovls5z8q3jdo8","timestamp":1701690994546,"id":"t32ryh2u3m6e7yh"}
