{"type":"operationStart","subtype":"profile","data":{"_id":"pXBaLZxtt0mh3vGS","timestamp":"2023-12-04T11:59:26.541Z","state":"queued","mode":"standard","creationDate":"2023-12-04T11:59:26.544Z","modificationDate":"2023-12-04T11:59:26.544Z","shortid":"i6LK3wD","$entitySet":"profiles"},"doDiffs":false,"timestamp":1701691166542,"id":"m50vsxhqxhtgqtw","previousOperationId":null,"operationId":"8by1lgxg6jbd5xg"}
{"type":"log","level":"info","message":"Render request 139 queued for execution and waiting for available worker","previousOperationId":"8by1lgxg6jbd5xg","timestamp":1701691166542,"id":"nsti07g2auztwgr"}
{"type":"operationStart","subtype":"render","name":"pns_index","previousOperationId":"8by1lgxg6jbd5xg","timestamp":1701691166560,"id":"g0msal76sczd7on","previousEventId":"m50vsxhqxhtgqtw","operationId":"663jxccb8s31ygf"}
{"type":"log","timestamp":1701691166560,"level":"info","message":"Starting rendering request 139","meta":{"rootId":"cty3dr9f92czc60","id":"cty3dr9f92czc60"},"id":"rsjpt9ta4z1rbmz","previousOperationId":"663jxccb8s31ygf"}
{"type":"log","timestamp":1701691166560,"level":"info","message":"Rendering template { name: pns_index, recipe: chrome-pdf, engine: handlebars, preview: true }","meta":{"rootId":"cty3dr9f92czc60","id":"cty3dr9f92czc60"},"id":"g6hlqicjra6wnte","previousOperationId":"663jxccb8s31ygf"}
{"type":"log","timestamp":1701691166561,"level":"debug","message":"Adding sample data flbhzmKcJ","meta":{"rootId":"cty3dr9f92czc60","id":"cty3dr9f92czc60"},"id":"9yiabvkc4sq3r0w","previousOperationId":"663jxccb8s31ygf"}
{"type":"log","timestamp":1701691166561,"level":"debug","message":"Base url not specified, skipping its injection.","meta":{"rootId":"cty3dr9f92czc60","id":"cty3dr9f92czc60"},"id":"q98fjt5r0b9tgxr","previousOperationId":"663jxccb8s31ygf"}
{"type":"operationStart","subtype":"engine","name":"handlebars","timestamp":1701691166562,"id":"mah3322nemyzpa4","previousEventId":"g0msal76sczd7on","operationId":"thge0ywml7xafb8","previousOperationId":"663jxccb8s31ygf"}
{"type":"log","timestamp":1701691166562,"level":"debug","message":"Rendering engine handlebars","meta":{"rootId":"cty3dr9f92czc60","id":"cty3dr9f92czc60"},"id":"zwz3etijlulumjk","previousOperationId":"thge0ywml7xafb8"}
{"type":"operationEnd","operationId":"thge0ywml7xafb8","timestamp":1701691166569,"id":"cdmlnfwkfisb7gk","previousEventId":"mah3322nemyzpa4","previousOperationId":"thge0ywml7xafb8"}
{"type":"operationStart","subtype":"recipe","name":"chrome-pdf","timestamp":1701691166569,"id":"ihj8pd8kb72fs5p","previousEventId":"cdmlnfwkfisb7gk","operationId":"4feghu9htdzrp7m","previousOperationId":"thge0ywml7xafb8"}
{"type":"log","timestamp":1701691166569,"level":"debug","message":"Executing recipe chrome-pdf","meta":{"rootId":"cty3dr9f92czc60","id":"cty3dr9f92czc60"},"id":"jhfyo4i8vedwl7v","previousOperationId":"4feghu9htdzrp7m"}
{"type":"log","timestamp":1701691166571,"level":"debug","message":"Converting with chrome HeadlessChrome/117.0.5938.149 using chrome-pool strategy","meta":{"rootId":"cty3dr9f92czc60","id":"cty3dr9f92czc60"},"id":"vmmhunpa97ycua8","previousOperationId":"4feghu9htdzrp7m"}
{"type":"log","timestamp":1701691166631,"level":"debug","message":"Page request: GET (document) file:///var/folders/dp/qk79pfcj0y1fmtkkl08m76rc0000gn/T/jsreport/autocleanup/1d4322ef-f158-4b47-a4f5-956b86ccf863-chrome-pdf.html","meta":{"rootId":"cty3dr9f92czc60","id":"cty3dr9f92czc60"},"id":"nce4fidtd14n3sg","previousOperationId":"4feghu9htdzrp7m"}
{"type":"log","timestamp":1701691166636,"level":"debug","message":"Page request finished: GET (document) 200 file:///var/folders/dp/qk79pfcj0y1fmtkkl08m76rc0000gn/T/jsreport/autocleanup/1d4322ef-f158-4b47-a4f5-956b86ccf863-chrome-pdf.html","meta":{"rootId":"cty3dr9f92czc60","id":"cty3dr9f92czc60"},"id":"mr76600oven5d7v","previousOperationId":"4feghu9htdzrp7m"}
{"type":"log","timestamp":1701691166643,"level":"debug","message":"Custom viewport for chrome page width=800, height=2000","meta":{"rootId":"cty3dr9f92czc60","id":"cty3dr9f92czc60"},"id":"0ns5nwwggdwduj7","previousOperationId":"4feghu9htdzrp7m"}
{"type":"log","timestamp":1701691166645,"level":"debug","message":"Running chrome with params {\"printBackground\":true,\"width\":\"5.8cm\",\"height\":\"50cm\",\"timeout\":59971,\"margin\":{}}","meta":{"rootId":"cty3dr9f92czc60","id":"cty3dr9f92czc60"},"id":"ynx09omv3owpp5x","previousOperationId":"4feghu9htdzrp7m"}
{"type":"operationEnd","operationId":"4feghu9htdzrp7m","timestamp":1701691166679,"id":"yn4u30vysh52obk","previousEventId":"ihj8pd8kb72fs5p","previousOperationId":"4feghu9htdzrp7m"}
{"type":"log","timestamp":1701691166679,"level":"debug","message":"Skipping storing report.","meta":{"rootId":"cty3dr9f92czc60","id":"cty3dr9f92czc60"},"id":"6djkh3yqa4udtev","previousOperationId":"4feghu9htdzrp7m"}
{"type":"log","timestamp":1701691166679,"level":"info","message":"Rendering request 139 finished in 138 ms","meta":{"rootId":"cty3dr9f92czc60","id":"cty3dr9f92czc60"},"id":"bdylucc212u4lp1","previousOperationId":"4feghu9htdzrp7m"}
{"type":"operationEnd","subtype":"render","operationId":"663jxccb8s31ygf","timestamp":1701691166679,"id":"nee3hm2tpo1726r","previousEventId":"yn4u30vysh52obk","previousOperationId":"4feghu9htdzrp7m"}
{"type":"operationEnd","doDiffs":false,"previousEventId":"m50vsxhqxhtgqtw","previousOperationId":"8by1lgxg6jbd5xg","operationId":"8by1lgxg6jbd5xg","timestamp":1701691166680,"id":"xhogfedzm608642"}
