{"type":"operationStart","subtype":"profile","data":{"_id":"Wq2ryOVfp9Jo1wW1","timestamp":"2023-12-06T10:09:17.418Z","state":"queued","mode":"standard","creationDate":"2023-12-06T10:09:17.421Z","modificationDate":"2023-12-06T10:09:17.421Z","shortid":"_ZTLto-","$entitySet":"profiles"},"doDiffs":false,"timestamp":1701857357420,"id":"teyn3oizedzhd4u","previousOperationId":null,"operationId":"wtua4c587fd30hn"}
{"type":"log","level":"info","message":"Render request 83 queued for execution and waiting for available worker","previousOperationId":"wtua4c587fd30hn","timestamp":1701857357420,"id":"z0dmy3mc919qoa9"}
{"type":"operationStart","subtype":"render","name":"pns_index","previousOperationId":"wtua4c587fd30hn","timestamp":1701857357436,"id":"ylka8x8w7601zcp","previousEventId":"teyn3oizedzhd4u","operationId":"1qhpxkrlzzzdqee"}
{"type":"log","timestamp":1701857357437,"level":"info","message":"Starting rendering request 83","meta":{"rootId":"d61zis629gruuhy","id":"d61zis629gruuhy"},"id":"pmbhlt5zm68rtw2","previousOperationId":"1qhpxkrlzzzdqee"}
{"type":"log","timestamp":1701857357437,"level":"info","message":"Rendering template { name: pns_index, recipe: chrome-pdf, engine: handlebars, preview: true }","meta":{"rootId":"d61zis629gruuhy","id":"d61zis629gruuhy"},"id":"h15yvxt8iukgee2","previousOperationId":"1qhpxkrlzzzdqee"}
{"type":"log","timestamp":1701857357438,"level":"debug","message":"Inline data specified.","meta":{"rootId":"d61zis629gruuhy","id":"d61zis629gruuhy"},"id":"415p32b3fan1qr4","previousOperationId":"1qhpxkrlzzzdqee"}
{"type":"log","timestamp":1701857357439,"level":"debug","message":"Base url not specified, skipping its injection.","meta":{"rootId":"d61zis629gruuhy","id":"d61zis629gruuhy"},"id":"byjltogbc7exzul","previousOperationId":"1qhpxkrlzzzdqee"}
{"type":"log","timestamp":1701857357441,"level":"debug","message":"Replaced assets [\"styles.css\"]","meta":{"rootId":"d61zis629gruuhy","id":"d61zis629gruuhy"},"id":"h3hgcymya3o3bh2","previousOperationId":"1qhpxkrlzzzdqee"}
{"type":"operationStart","subtype":"engine","name":"handlebars","timestamp":1701857357441,"id":"58olnbjgsh60g0n","previousEventId":"ylka8x8w7601zcp","operationId":"4mp3wvzwsovfxxf","previousOperationId":"1qhpxkrlzzzdqee"}
{"type":"log","timestamp":1701857357441,"level":"debug","message":"Rendering engine handlebars","meta":{"rootId":"d61zis629gruuhy","id":"d61zis629gruuhy"},"id":"p3loc4rmn6kw0rz","previousOperationId":"4mp3wvzwsovfxxf"}
{"type":"operationEnd","operationId":"4mp3wvzwsovfxxf","timestamp":1701857357448,"id":"63kvhpz5mjyjksn","previousEventId":"58olnbjgsh60g0n","previousOperationId":"4mp3wvzwsovfxxf"}
{"type":"operationStart","subtype":"recipe","name":"chrome-pdf","timestamp":1701857357448,"id":"0tdpxxpo823bjz7","previousEventId":"63kvhpz5mjyjksn","operationId":"jcul7j8q3qfv6ep","previousOperationId":"4mp3wvzwsovfxxf"}
{"type":"log","timestamp":1701857357448,"level":"debug","message":"Executing recipe chrome-pdf","meta":{"rootId":"d61zis629gruuhy","id":"d61zis629gruuhy"},"id":"w1ck2eut3ywk36f","previousOperationId":"jcul7j8q3qfv6ep"}
{"type":"log","timestamp":1701857357449,"level":"debug","message":"Converting with chrome HeadlessChrome/117.0.5938.149 using chrome-pool strategy","meta":{"rootId":"d61zis629gruuhy","id":"d61zis629gruuhy"},"id":"p4kklk9fu40shbz","previousOperationId":"jcul7j8q3qfv6ep"}
{"type":"log","timestamp":1701857357512,"level":"debug","message":"Page request: GET (document) file:///var/folders/dp/qk79pfcj0y1fmtkkl08m76rc0000gn/T/jsreport/autocleanup/30517171-47c4-43a2-8004-5b2674d6c56c-chrome-pdf.html","meta":{"rootId":"d61zis629gruuhy","id":"d61zis629gruuhy"},"id":"o2p9u7urnudzfjx","previousOperationId":"jcul7j8q3qfv6ep"}
{"type":"log","timestamp":1701857357516,"level":"debug","message":"Page request finished: GET (document) 200 file:///var/folders/dp/qk79pfcj0y1fmtkkl08m76rc0000gn/T/jsreport/autocleanup/30517171-47c4-43a2-8004-5b2674d6c56c-chrome-pdf.html","meta":{"rootId":"d61zis629gruuhy","id":"d61zis629gruuhy"},"id":"8q5smrzsgncxu1e","previousOperationId":"jcul7j8q3qfv6ep"}
{"type":"log","timestamp":1701857357527,"level":"debug","message":"Custom viewport for chrome page width=800, height=2000","meta":{"rootId":"d61zis629gruuhy","id":"d61zis629gruuhy"},"id":"r98hvci2oi4hl7k","previousOperationId":"jcul7j8q3qfv6ep"}
{"type":"log","timestamp":1701857357527,"level":"debug","message":"Running chrome with params {\"printBackground\":true,\"width\":\"6.8cm\",\"height\":\"60cm\",\"marginRight\":\"0cm\",\"marginLeft\":\"0cm\",\"timeout\":59969,\"margin\":{\"right\":\"0cm\",\"left\":\"0cm\"}}","meta":{"rootId":"d61zis629gruuhy","id":"d61zis629gruuhy"},"id":"2ylrywjmnfe4j3b","previousOperationId":"jcul7j8q3qfv6ep"}
{"type":"operationEnd","operationId":"jcul7j8q3qfv6ep","timestamp":1701857357556,"id":"l53uho1xk68bz9y","previousEventId":"0tdpxxpo823bjz7","previousOperationId":"jcul7j8q3qfv6ep"}
{"type":"log","timestamp":1701857357556,"level":"debug","message":"Skipping storing report.","meta":{"rootId":"d61zis629gruuhy","id":"d61zis629gruuhy"},"id":"gfawp83c22dhehq","previousOperationId":"jcul7j8q3qfv6ep"}
{"type":"log","timestamp":1701857357556,"level":"info","message":"Rendering request 83 finished in 138 ms","meta":{"rootId":"d61zis629gruuhy","id":"d61zis629gruuhy"},"id":"n4l7ir1xk98onfy","previousOperationId":"jcul7j8q3qfv6ep"}
{"type":"operationEnd","subtype":"render","operationId":"1qhpxkrlzzzdqee","timestamp":1701857357556,"id":"wdxto53hhj7c0lc","previousEventId":"l53uho1xk68bz9y","previousOperationId":"jcul7j8q3qfv6ep"}
{"type":"operationEnd","doDiffs":false,"previousEventId":"teyn3oizedzhd4u","previousOperationId":"wtua4c587fd30hn","operationId":"wtua4c587fd30hn","timestamp":1701857357557,"id":"rzmiw77theo1b83"}
