{"type":"operationStart","subtype":"profile","data":{"_id":"Mtj7a1Se8C6CQGKN","timestamp":"2023-12-06T11:19:26.239Z","state":"queued","mode":"standard","creationDate":"2023-12-06T11:19:26.240Z","modificationDate":"2023-12-06T11:19:26.240Z","shortid":"N5HdOX6","$entitySet":"profiles"},"doDiffs":false,"timestamp":1701861566240,"id":"olw7vrcv1zpt1fl","previousOperationId":null,"operationId":"qdjtv1bcxy43fq2"}
{"type":"log","level":"info","message":"Render request 120 queued for execution and waiting for available worker","previousOperationId":"qdjtv1bcxy43fq2","timestamp":1701861566240,"id":"nggptip6vr0aziq"}
{"type":"operationStart","subtype":"render","name":"pns_index","previousOperationId":"qdjtv1bcxy43fq2","timestamp":1701861566250,"id":"n27fvt0huxih34s","previousEventId":"olw7vrcv1zpt1fl","operationId":"ibwd6b9mk598c87"}
{"type":"log","timestamp":1701861566250,"level":"info","message":"Starting rendering request 120","meta":{"rootId":"d7pwxbkpx5nq8yb","id":"d7pwxbkpx5nq8yb"},"id":"2gs7s0iwxs66k87","previousOperationId":"ibwd6b9mk598c87"}
{"type":"log","timestamp":1701861566251,"level":"info","message":"Rendering template { name: pns_index, recipe: chrome-pdf, engine: handlebars, preview: true }","meta":{"rootId":"d7pwxbkpx5nq8yb","id":"d7pwxbkpx5nq8yb"},"id":"qzs8lh08zs8w06x","previousOperationId":"ibwd6b9mk598c87"}
{"type":"log","timestamp":1701861566255,"level":"debug","message":"Inline data specified.","meta":{"rootId":"d7pwxbkpx5nq8yb","id":"d7pwxbkpx5nq8yb"},"id":"2q3obwhsczkvb18","previousOperationId":"ibwd6b9mk598c87"}
{"type":"log","timestamp":1701861566267,"level":"debug","message":"Base url not specified, skipping its injection.","meta":{"rootId":"d7pwxbkpx5nq8yb","id":"d7pwxbkpx5nq8yb"},"id":"q7x5sz48gb9e204","previousOperationId":"ibwd6b9mk598c87"}
{"type":"log","timestamp":1701861566268,"level":"debug","message":"Replaced assets [\"styles.css\"]","meta":{"rootId":"d7pwxbkpx5nq8yb","id":"d7pwxbkpx5nq8yb"},"id":"s2vxg6ucce0kdf1","previousOperationId":"ibwd6b9mk598c87"}
{"type":"operationStart","subtype":"engine","name":"handlebars","timestamp":1701861566268,"id":"u8xlmzakdqpl31s","previousEventId":"n27fvt0huxih34s","operationId":"rrfdee29t0s9las","previousOperationId":"ibwd6b9mk598c87"}
{"type":"log","timestamp":1701861566268,"level":"debug","message":"Rendering engine handlebars","meta":{"rootId":"d7pwxbkpx5nq8yb","id":"d7pwxbkpx5nq8yb"},"id":"iv2m0q20mmvdi09","previousOperationId":"rrfdee29t0s9las"}
{"type":"operationEnd","operationId":"rrfdee29t0s9las","timestamp":1701861566275,"id":"v6ag5w1xh7cn8fq","previousEventId":"u8xlmzakdqpl31s","previousOperationId":"rrfdee29t0s9las"}
{"type":"operationStart","subtype":"recipe","name":"chrome-pdf","timestamp":1701861566275,"id":"azbjog7bv7oqeds","previousEventId":"v6ag5w1xh7cn8fq","operationId":"zbj02lgx4falczv","previousOperationId":"rrfdee29t0s9las"}
{"type":"log","timestamp":1701861566275,"level":"debug","message":"Executing recipe chrome-pdf","meta":{"rootId":"d7pwxbkpx5nq8yb","id":"d7pwxbkpx5nq8yb"},"id":"n6g5xu86nuofeo1","previousOperationId":"zbj02lgx4falczv"}
{"type":"log","timestamp":1701861566276,"level":"debug","message":"Converting with chrome HeadlessChrome/117.0.5938.149 using chrome-pool strategy","meta":{"rootId":"d7pwxbkpx5nq8yb","id":"d7pwxbkpx5nq8yb"},"id":"6k87zev8jooity2","previousOperationId":"zbj02lgx4falczv"}
{"type":"log","timestamp":1701861566328,"level":"debug","message":"Page request: GET (document) file:///var/folders/dp/qk79pfcj0y1fmtkkl08m76rc0000gn/T/jsreport/autocleanup/f370a98f-81f3-498e-b36d-a9e7d6e715cc-chrome-pdf.html","meta":{"rootId":"d7pwxbkpx5nq8yb","id":"d7pwxbkpx5nq8yb"},"id":"ey6lh9h03go80ip","previousOperationId":"zbj02lgx4falczv"}
{"type":"log","timestamp":1701861566333,"level":"debug","message":"Page request finished: GET (document) 200 file:///var/folders/dp/qk79pfcj0y1fmtkkl08m76rc0000gn/T/jsreport/autocleanup/f370a98f-81f3-498e-b36d-a9e7d6e715cc-chrome-pdf.html","meta":{"rootId":"d7pwxbkpx5nq8yb","id":"d7pwxbkpx5nq8yb"},"id":"6xrmnjykvdg7tbp","previousOperationId":"zbj02lgx4falczv"}
{"type":"log","timestamp":1701861566345,"level":"debug","message":"Custom viewport for chrome page width=800, height=2000","meta":{"rootId":"d7pwxbkpx5nq8yb","id":"d7pwxbkpx5nq8yb"},"id":"4liws0t8v4ky1wi","previousOperationId":"zbj02lgx4falczv"}
{"type":"log","timestamp":1701861566346,"level":"debug","message":"Running chrome with params {\"printBackground\":true,\"width\":\"6.8cm\",\"height\":\"60cm\",\"marginRight\":\"0cm\",\"marginLeft\":\"0cm\",\"timeout\":59963,\"margin\":{\"right\":\"0cm\",\"left\":\"0cm\"}}","meta":{"rootId":"d7pwxbkpx5nq8yb","id":"d7pwxbkpx5nq8yb"},"id":"hymhpoerf5vx58g","previousOperationId":"zbj02lgx4falczv"}
{"type":"operationEnd","operationId":"zbj02lgx4falczv","timestamp":1701861566372,"id":"5mxuex1sercggzd","previousEventId":"azbjog7bv7oqeds","previousOperationId":"zbj02lgx4falczv"}
{"type":"log","timestamp":1701861566372,"level":"debug","message":"Skipping storing report.","meta":{"rootId":"d7pwxbkpx5nq8yb","id":"d7pwxbkpx5nq8yb"},"id":"hqx3zdoh9635ww2","previousOperationId":"zbj02lgx4falczv"}
{"type":"log","timestamp":1701861566372,"level":"info","message":"Rendering request 120 finished in 133 ms","meta":{"rootId":"d7pwxbkpx5nq8yb","id":"d7pwxbkpx5nq8yb"},"id":"5u5hc2atjjr1bw6","previousOperationId":"zbj02lgx4falczv"}
{"type":"operationEnd","subtype":"render","operationId":"ibwd6b9mk598c87","timestamp":1701861566372,"id":"o2abjvowspjyvcs","previousEventId":"5mxuex1sercggzd","previousOperationId":"zbj02lgx4falczv"}
{"type":"operationEnd","doDiffs":false,"previousEventId":"olw7vrcv1zpt1fl","previousOperationId":"qdjtv1bcxy43fq2","operationId":"qdjtv1bcxy43fq2","timestamp":1701861566373,"id":"bg6q70rbir61sfs"}
