{"type":"operationStart","subtype":"profile","data":{"_id":"7OOUafsfrzQpWSJF","timestamp":"2023-11-30T08:31:46.181Z","state":"queued","mode":"standard","creationDate":"2023-11-30T08:31:46.184Z","modificationDate":"2023-11-30T08:31:46.184Z","shortid":"vxws-O_","$entitySet":"profiles"},"doDiffs":false,"timestamp":1701333106183,"id":"xcytckcqg8d3911","previousOperationId":null,"operationId":"9xxw06ldxg246jn"}
{"type":"log","level":"info","message":"Render request 7 queued for execution and waiting for available worker","previousOperationId":"9xxw06ldxg246jn","timestamp":1701333106183,"id":"92yh7qlns9wtxoh"}
{"type":"operationStart","subtype":"render","name":"pns_index","previousOperationId":"9xxw06ldxg246jn","timestamp":1701333106194,"id":"rqb15r2ajqy2qa8","previousEventId":"xcytckcqg8d3911","operationId":"rcy0n5msc5pckg1"}
{"type":"log","timestamp":1701333106194,"level":"info","message":"Starting rendering request 7","meta":{"rootId":"djvab6z16qv1sfk","id":"djvab6z16qv1sfk"},"id":"3nvq0cxzx5ws9gg","previousOperationId":"rcy0n5msc5pckg1"}
{"type":"log","timestamp":1701333106194,"level":"info","message":"Rendering template { name: pns_index, recipe: chrome-pdf, engine: handlebars, preview: true }","meta":{"rootId":"djvab6z16qv1sfk","id":"djvab6z16qv1sfk"},"id":"k0h3po3i1x2gnw5","previousOperationId":"rcy0n5msc5pckg1"}
{"type":"log","timestamp":1701333106195,"level":"debug","message":"Inline data specified.","meta":{"rootId":"djvab6z16qv1sfk","id":"djvab6z16qv1sfk"},"id":"cgwovf4l7jg798i","previousOperationId":"rcy0n5msc5pckg1"}
{"type":"log","timestamp":1701333106196,"level":"debug","message":"Base url not specified, skipping its injection.","meta":{"rootId":"djvab6z16qv1sfk","id":"djvab6z16qv1sfk"},"id":"sruqnlni0i8xdrj","previousOperationId":"rcy0n5msc5pckg1"}
{"type":"operationStart","subtype":"engine","name":"handlebars","timestamp":1701333106196,"id":"2g349w0bsh3ebtc","previousEventId":"rqb15r2ajqy2qa8","operationId":"8bapdr8p3jwx7qy","previousOperationId":"rcy0n5msc5pckg1"}
{"type":"log","timestamp":1701333106196,"level":"debug","message":"Rendering engine handlebars","meta":{"rootId":"djvab6z16qv1sfk","id":"djvab6z16qv1sfk"},"id":"m6zvh9o5ul3l0ry","previousOperationId":"8bapdr8p3jwx7qy"}
{"type":"operationEnd","operationId":"8bapdr8p3jwx7qy","timestamp":1701333106202,"id":"kybrvlzsxivs12i","previousEventId":"2g349w0bsh3ebtc","previousOperationId":"8bapdr8p3jwx7qy"}
{"type":"operationStart","subtype":"recipe","name":"chrome-pdf","timestamp":1701333106202,"id":"6xkos1powe0usdx","previousEventId":"kybrvlzsxivs12i","operationId":"doaowqw4nist2o0","previousOperationId":"8bapdr8p3jwx7qy"}
{"type":"log","timestamp":1701333106202,"level":"debug","message":"Executing recipe chrome-pdf","meta":{"rootId":"djvab6z16qv1sfk","id":"djvab6z16qv1sfk"},"id":"1f2g23c3cr6h4a9","previousOperationId":"doaowqw4nist2o0"}
{"type":"log","timestamp":1701333106203,"level":"debug","message":"Converting with chrome HeadlessChrome/117.0.5938.149 using chrome-pool strategy","meta":{"rootId":"djvab6z16qv1sfk","id":"djvab6z16qv1sfk"},"id":"ur895f17ho0d0bq","previousOperationId":"doaowqw4nist2o0"}
{"type":"log","timestamp":1701333106255,"level":"debug","message":"Page request: GET (document) file:///var/folders/dp/qk79pfcj0y1fmtkkl08m76rc0000gn/T/jsreport/autocleanup/37376c6c-cc9f-4384-9019-1a78f41f23c4-chrome-pdf.html","meta":{"rootId":"djvab6z16qv1sfk","id":"djvab6z16qv1sfk"},"id":"y0t0iy6eosm0kwc","previousOperationId":"doaowqw4nist2o0"}
{"type":"log","timestamp":1701333106260,"level":"debug","message":"Page request finished: GET (document) 200 file:///var/folders/dp/qk79pfcj0y1fmtkkl08m76rc0000gn/T/jsreport/autocleanup/37376c6c-cc9f-4384-9019-1a78f41f23c4-chrome-pdf.html","meta":{"rootId":"djvab6z16qv1sfk","id":"djvab6z16qv1sfk"},"id":"nmnf8ruxh54ckpb","previousOperationId":"doaowqw4nist2o0"}
{"type":"log","timestamp":1701333106273,"level":"debug","message":"Custom viewport for chrome page width=800, height=2000","meta":{"rootId":"djvab6z16qv1sfk","id":"djvab6z16qv1sfk"},"id":"47ew665y0k169t6","previousOperationId":"doaowqw4nist2o0"}
{"type":"log","timestamp":1701333106273,"level":"debug","message":"Running chrome with params {\"printBackground\":true,\"width\":\"5.8cm\",\"height\":\"50cm\",\"timeout\":59978,\"margin\":{}}","meta":{"rootId":"djvab6z16qv1sfk","id":"djvab6z16qv1sfk"},"id":"28jcxeorbcgifx0","previousOperationId":"doaowqw4nist2o0"}
{"type":"operationEnd","operationId":"doaowqw4nist2o0","timestamp":1701333106306,"id":"203zlm6134ze9qt","previousEventId":"6xkos1powe0usdx","previousOperationId":"doaowqw4nist2o0"}
{"type":"log","timestamp":1701333106306,"level":"debug","message":"Skipping storing report.","meta":{"rootId":"djvab6z16qv1sfk","id":"djvab6z16qv1sfk"},"id":"tv4ot3d8gawcs9a","previousOperationId":"doaowqw4nist2o0"}
{"type":"log","timestamp":1701333106306,"level":"info","message":"Rendering request 7 finished in 125 ms","meta":{"rootId":"djvab6z16qv1sfk","id":"djvab6z16qv1sfk"},"id":"j0wdcbo603jd1rv","previousOperationId":"doaowqw4nist2o0"}
{"type":"operationEnd","subtype":"render","operationId":"rcy0n5msc5pckg1","timestamp":1701333106306,"id":"ctcqyvcmpk59btx","previousEventId":"203zlm6134ze9qt","previousOperationId":"doaowqw4nist2o0"}
{"type":"operationEnd","doDiffs":false,"previousEventId":"xcytckcqg8d3911","previousOperationId":"9xxw06ldxg246jn","operationId":"9xxw06ldxg246jn","timestamp":1701333106307,"id":"e6959s17tcauwpl"}
