{"type":"operationStart","subtype":"profile","data":{"_id":"aM3B9WJWtSpR5LwQ","timestamp":"2023-11-28T13:50:13.546Z","state":"queued","mode":"standard","creationDate":"2023-11-28T13:50:13.548Z","modificationDate":"2023-11-28T13:50:13.548Z","shortid":"lR0d3qt","$entitySet":"profiles"},"doDiffs":false,"timestamp":1701179413547,"id":"x06wxnhwk32tg0g","previousOperationId":null,"operationId":"00t1ddm7p81a0fk"}
{"type":"log","level":"info","message":"Render request 97 queued for execution and waiting for available worker","previousOperationId":"00t1ddm7p81a0fk","timestamp":1701179413547,"id":"8ggqk6nu79e1chd"}
{"type":"operationStart","subtype":"render","name":"pns_index","previousOperationId":"00t1ddm7p81a0fk","timestamp":1701179413561,"id":"xu7aph09v6r9qyk","previousEventId":"x06wxnhwk32tg0g","operationId":"t5qhm76kucbwe9j"}
{"type":"log","timestamp":1701179413561,"level":"info","message":"Starting rendering request 97","meta":{"rootId":"dnhvrqhawiva8vt","id":"dnhvrqhawiva8vt"},"id":"9jqcpprmpjczhh2","previousOperationId":"t5qhm76kucbwe9j"}
{"type":"log","timestamp":1701179413561,"level":"info","message":"Rendering template { name: pns_index, recipe: chrome-pdf, engine: handlebars, preview: true }","meta":{"rootId":"dnhvrqhawiva8vt","id":"dnhvrqhawiva8vt"},"id":"vzgebqjbbx0spj8","previousOperationId":"t5qhm76kucbwe9j"}
{"type":"log","timestamp":1701179413562,"level":"debug","message":"Inline data specified.","meta":{"rootId":"dnhvrqhawiva8vt","id":"dnhvrqhawiva8vt"},"id":"gmfr2calsa4fmta","previousOperationId":"t5qhm76kucbwe9j"}
{"type":"log","timestamp":1701179413566,"level":"debug","message":"Base url not specified, skipping its injection.","meta":{"rootId":"dnhvrqhawiva8vt","id":"dnhvrqhawiva8vt"},"id":"m5dc7sf0y313yk1","previousOperationId":"t5qhm76kucbwe9j"}
{"type":"operationStart","subtype":"engine","name":"handlebars","timestamp":1701179413567,"id":"64px1gn4tob2xvv","previousEventId":"xu7aph09v6r9qyk","operationId":"6gz8jr9whpdyr6p","previousOperationId":"t5qhm76kucbwe9j"}
{"type":"log","timestamp":1701179413567,"level":"debug","message":"Rendering engine handlebars","meta":{"rootId":"dnhvrqhawiva8vt","id":"dnhvrqhawiva8vt"},"id":"611713vuyhmt2d8","previousOperationId":"6gz8jr9whpdyr6p"}
{"type":"operationEnd","operationId":"6gz8jr9whpdyr6p","timestamp":1701179413595,"id":"98p5j2qs63fm7df","previousEventId":"64px1gn4tob2xvv","previousOperationId":"6gz8jr9whpdyr6p"}
{"type":"operationStart","subtype":"recipe","name":"chrome-pdf","timestamp":1701179413596,"id":"rwwtmv4m3hjhkk5","previousEventId":"98p5j2qs63fm7df","operationId":"7hqkadhh8t2is17","previousOperationId":"6gz8jr9whpdyr6p"}
{"type":"log","timestamp":1701179413596,"level":"debug","message":"Executing recipe chrome-pdf","meta":{"rootId":"dnhvrqhawiva8vt","id":"dnhvrqhawiva8vt"},"id":"1ewttftxlk2t8dv","previousOperationId":"7hqkadhh8t2is17"}
{"type":"log","timestamp":1701179413608,"level":"debug","message":"Converting with chrome HeadlessChrome/117.0.5938.149 using chrome-pool strategy","meta":{"rootId":"dnhvrqhawiva8vt","id":"dnhvrqhawiva8vt"},"id":"sfnhwn90unpvhfb","previousOperationId":"7hqkadhh8t2is17"}
{"type":"log","timestamp":1701179413653,"level":"debug","message":"Page request: GET (document) file:///var/folders/dp/qk79pfcj0y1fmtkkl08m76rc0000gn/T/jsreport/autocleanup/c402551e-9ce2-4736-a6cf-ff5a6f73b12b-chrome-pdf.html","meta":{"rootId":"dnhvrqhawiva8vt","id":"dnhvrqhawiva8vt"},"id":"v4gecqnqu2arbyk","previousOperationId":"7hqkadhh8t2is17"}
{"type":"log","timestamp":1701179413658,"level":"debug","message":"Page request finished: GET (document) 200 file:///var/folders/dp/qk79pfcj0y1fmtkkl08m76rc0000gn/T/jsreport/autocleanup/c402551e-9ce2-4736-a6cf-ff5a6f73b12b-chrome-pdf.html","meta":{"rootId":"dnhvrqhawiva8vt","id":"dnhvrqhawiva8vt"},"id":"k9gvpu7gijridri","previousOperationId":"7hqkadhh8t2is17"}
{"type":"log","timestamp":1701179413669,"level":"debug","message":"Custom viewport for chrome page width=800, height=2000","meta":{"rootId":"dnhvrqhawiva8vt","id":"dnhvrqhawiva8vt"},"id":"l3qrs4k742iz3nd","previousOperationId":"7hqkadhh8t2is17"}
{"type":"log","timestamp":1701179413670,"level":"debug","message":"Running chrome with params {\"printBackground\":true,\"width\":\"5.8cm\",\"height\":\"50cm\",\"timeout\":59938,\"margin\":{}}","meta":{"rootId":"dnhvrqhawiva8vt","id":"dnhvrqhawiva8vt"},"id":"zyyzvl41o6aek0k","previousOperationId":"7hqkadhh8t2is17"}
{"type":"operationEnd","operationId":"7hqkadhh8t2is17","timestamp":1701179413698,"id":"4oqqt10uy39njmh","previousEventId":"rwwtmv4m3hjhkk5","previousOperationId":"7hqkadhh8t2is17"}
{"type":"log","timestamp":1701179413698,"level":"debug","message":"Skipping storing report.","meta":{"rootId":"dnhvrqhawiva8vt","id":"dnhvrqhawiva8vt"},"id":"xbqdagoef80ikjb","previousOperationId":"7hqkadhh8t2is17"}
{"type":"log","timestamp":1701179413698,"level":"info","message":"Rendering request 97 finished in 153 ms","meta":{"rootId":"dnhvrqhawiva8vt","id":"dnhvrqhawiva8vt"},"id":"09kfmnjvutoscuu","previousOperationId":"7hqkadhh8t2is17"}
{"type":"operationEnd","subtype":"render","operationId":"t5qhm76kucbwe9j","timestamp":1701179413698,"id":"ecb5c4dg645e3ic","previousEventId":"4oqqt10uy39njmh","previousOperationId":"7hqkadhh8t2is17"}
{"type":"operationEnd","doDiffs":false,"previousEventId":"x06wxnhwk32tg0g","previousOperationId":"00t1ddm7p81a0fk","operationId":"00t1ddm7p81a0fk","timestamp":1701179413699,"id":"9ioli1mmjaz2k2c"}
