{"type":"operationStart","subtype":"profile","data":{"_id":"Jmu9ymBE8Qd1wjUR","timestamp":"2023-11-30T08:37:05.679Z","state":"queued","mode":"standard","creationDate":"2023-11-30T08:37:05.681Z","modificationDate":"2023-11-30T08:37:05.681Z","shortid":"mJ0z7Lw","$entitySet":"profiles"},"doDiffs":false,"timestamp":1701333425680,"id":"71h5duj4zbnbdlc","previousOperationId":null,"operationId":"leotzled9jt6jz3"}
{"type":"log","level":"info","message":"Render request 10 queued for execution and waiting for available worker","previousOperationId":"leotzled9jt6jz3","timestamp":1701333425680,"id":"txcae4vodjbeob3"}
{"type":"operationStart","subtype":"render","name":"pns_index","previousOperationId":"leotzled9jt6jz3","timestamp":1701333425691,"id":"ndcksluf6e98vsg","previousEventId":"71h5duj4zbnbdlc","operationId":"csuxw04n1473pie"}
{"type":"log","timestamp":1701333425691,"level":"info","message":"Starting rendering request 10","meta":{"rootId":"dtbew74l6kg6p1t","id":"dtbew74l6kg6p1t"},"id":"s7r2w0jyvtja9m4","previousOperationId":"csuxw04n1473pie"}
{"type":"log","timestamp":1701333425692,"level":"info","message":"Rendering template { name: pns_index, recipe: chrome-pdf, engine: handlebars, preview: true }","meta":{"rootId":"dtbew74l6kg6p1t","id":"dtbew74l6kg6p1t"},"id":"vke39v8u4b06bzc","previousOperationId":"csuxw04n1473pie"}
{"type":"log","timestamp":1701333425693,"level":"debug","message":"Inline data specified.","meta":{"rootId":"dtbew74l6kg6p1t","id":"dtbew74l6kg6p1t"},"id":"5yc7nkdby19gzha","previousOperationId":"csuxw04n1473pie"}
{"type":"log","timestamp":1701333425696,"level":"debug","message":"Base url not specified, skipping its injection.","meta":{"rootId":"dtbew74l6kg6p1t","id":"dtbew74l6kg6p1t"},"id":"h63luvonskpbcje","previousOperationId":"csuxw04n1473pie"}
{"type":"operationStart","subtype":"engine","name":"handlebars","timestamp":1701333425697,"id":"1fk3yhlghm12sc7","previousEventId":"ndcksluf6e98vsg","operationId":"cl1dzjt5594p9i7","previousOperationId":"csuxw04n1473pie"}
{"type":"log","timestamp":1701333425697,"level":"debug","message":"Rendering engine handlebars","meta":{"rootId":"dtbew74l6kg6p1t","id":"dtbew74l6kg6p1t"},"id":"glju6iu8bskdee6","previousOperationId":"cl1dzjt5594p9i7"}
{"type":"operationEnd","operationId":"cl1dzjt5594p9i7","timestamp":1701333425725,"id":"3mnasl2mrd8qnh9","previousEventId":"1fk3yhlghm12sc7","previousOperationId":"cl1dzjt5594p9i7"}
{"type":"operationStart","subtype":"recipe","name":"chrome-pdf","timestamp":1701333425725,"id":"mozwra891y9pgvu","previousEventId":"3mnasl2mrd8qnh9","operationId":"9y2eg5v6zvbodl2","previousOperationId":"cl1dzjt5594p9i7"}
{"type":"log","timestamp":1701333425725,"level":"debug","message":"Executing recipe chrome-pdf","meta":{"rootId":"dtbew74l6kg6p1t","id":"dtbew74l6kg6p1t"},"id":"a05zjf0kuvowc2e","previousOperationId":"9y2eg5v6zvbodl2"}
{"type":"log","timestamp":1701333425728,"level":"debug","message":"Converting with chrome HeadlessChrome/117.0.5938.149 using chrome-pool strategy","meta":{"rootId":"dtbew74l6kg6p1t","id":"dtbew74l6kg6p1t"},"id":"2wy04x6za3vll7z","previousOperationId":"9y2eg5v6zvbodl2"}
{"type":"log","timestamp":1701333425787,"level":"debug","message":"Page request: GET (document) file:///var/folders/dp/qk79pfcj0y1fmtkkl08m76rc0000gn/T/jsreport/autocleanup/e75d3e32-3340-4e9b-a21a-2f1f13777d73-chrome-pdf.html","meta":{"rootId":"dtbew74l6kg6p1t","id":"dtbew74l6kg6p1t"},"id":"qbqlbcd158exy08","previousOperationId":"9y2eg5v6zvbodl2"}
{"type":"log","timestamp":1701333425792,"level":"debug","message":"Page request finished: GET (document) 200 file:///var/folders/dp/qk79pfcj0y1fmtkkl08m76rc0000gn/T/jsreport/autocleanup/e75d3e32-3340-4e9b-a21a-2f1f13777d73-chrome-pdf.html","meta":{"rootId":"dtbew74l6kg6p1t","id":"dtbew74l6kg6p1t"},"id":"6oxuinsfpyfvx5x","previousOperationId":"9y2eg5v6zvbodl2"}
{"type":"log","timestamp":1701333425800,"level":"debug","message":"Custom viewport for chrome page width=800, height=2000","meta":{"rootId":"dtbew74l6kg6p1t","id":"dtbew74l6kg6p1t"},"id":"99vd9c1ydc7y6k1","previousOperationId":"9y2eg5v6zvbodl2"}
{"type":"log","timestamp":1701333425801,"level":"debug","message":"Running chrome with params {\"printBackground\":true,\"width\":\"5.8cm\",\"height\":\"50cm\",\"timeout\":59951,\"margin\":{}}","meta":{"rootId":"dtbew74l6kg6p1t","id":"dtbew74l6kg6p1t"},"id":"1i1u5mvuds3454s","previousOperationId":"9y2eg5v6zvbodl2"}
{"type":"operationEnd","operationId":"9y2eg5v6zvbodl2","timestamp":1701333425835,"id":"emhjdp51nv94du4","previousEventId":"mozwra891y9pgvu","previousOperationId":"9y2eg5v6zvbodl2"}
{"type":"log","timestamp":1701333425835,"level":"debug","message":"Skipping storing report.","meta":{"rootId":"dtbew74l6kg6p1t","id":"dtbew74l6kg6p1t"},"id":"z6o2a2my6z1rqm7","previousOperationId":"9y2eg5v6zvbodl2"}
{"type":"log","timestamp":1701333425835,"level":"info","message":"Rendering request 10 finished in 157 ms","meta":{"rootId":"dtbew74l6kg6p1t","id":"dtbew74l6kg6p1t"},"id":"v7roih6390cf0qh","previousOperationId":"9y2eg5v6zvbodl2"}
{"type":"operationEnd","subtype":"render","operationId":"csuxw04n1473pie","timestamp":1701333425835,"id":"w25t5yqegh5k1rq","previousEventId":"emhjdp51nv94du4","previousOperationId":"9y2eg5v6zvbodl2"}
{"type":"operationEnd","doDiffs":false,"previousEventId":"71h5duj4zbnbdlc","previousOperationId":"leotzled9jt6jz3","operationId":"leotzled9jt6jz3","timestamp":1701333425839,"id":"vw2uolgvfmrdkg1"}
