{"type":"operationStart","subtype":"profile","data":{"_id":"FDannTDZZHJUNju0","timestamp":"2023-11-28T12:38:54.008Z","state":"queued","mode":"standard","creationDate":"2023-11-28T12:38:54.009Z","modificationDate":"2023-11-28T12:38:54.009Z","shortid":"ATWme1A","$entitySet":"profiles"},"doDiffs":false,"timestamp":1701175134009,"id":"qycdr95dgy9kin5","previousOperationId":null,"operationId":"uqeic5qbod7maw5"}
{"type":"log","level":"info","message":"Render request 49 queued for execution and waiting for available worker","previousOperationId":"uqeic5qbod7maw5","timestamp":1701175134009,"id":"oupimhw4gcf4a8x"}
{"type":"operationStart","subtype":"render","name":"pns_index","previousOperationId":"uqeic5qbod7maw5","timestamp":1701175134013,"id":"66jwlkwppafswv1","previousEventId":"qycdr95dgy9kin5","operationId":"wqsctule9e7ub0o"}
{"type":"log","timestamp":1701175134013,"level":"info","message":"Starting rendering request 49","meta":{"rootId":"dxb4dowlflqpjb1","id":"dxb4dowlflqpjb1"},"id":"hgznnpabafniden","previousOperationId":"wqsctule9e7ub0o"}
{"type":"log","timestamp":1701175134013,"level":"info","message":"Rendering template { name: pns_index, recipe: chrome-pdf, engine: handlebars, preview: true }","meta":{"rootId":"dxb4dowlflqpjb1","id":"dxb4dowlflqpjb1"},"id":"z91oqcbnfau2zue","previousOperationId":"wqsctule9e7ub0o"}
{"type":"log","timestamp":1701175134013,"level":"debug","message":"Inline data specified.","meta":{"rootId":"dxb4dowlflqpjb1","id":"dxb4dowlflqpjb1"},"id":"8z71663z3909gv8","previousOperationId":"wqsctule9e7ub0o"}
{"type":"log","timestamp":1701175134014,"level":"debug","message":"Base url not specified, skipping its injection.","meta":{"rootId":"dxb4dowlflqpjb1","id":"dxb4dowlflqpjb1"},"id":"67iqpzeonphllr5","previousOperationId":"wqsctule9e7ub0o"}
{"type":"operationStart","subtype":"engine","name":"handlebars","timestamp":1701175134014,"id":"migba9n4ac4igvg","previousEventId":"66jwlkwppafswv1","operationId":"edgk24z5cfqddc1","previousOperationId":"wqsctule9e7ub0o"}
{"type":"log","timestamp":1701175134014,"level":"debug","message":"Rendering engine handlebars","meta":{"rootId":"dxb4dowlflqpjb1","id":"dxb4dowlflqpjb1"},"id":"mlvewmfoo7kpi1m","previousOperationId":"edgk24z5cfqddc1"}
{"type":"operationEnd","operationId":"edgk24z5cfqddc1","timestamp":1701175134033,"id":"k3jmyxro60bqp8p","previousEventId":"migba9n4ac4igvg","previousOperationId":"edgk24z5cfqddc1"}
{"type":"operationStart","subtype":"recipe","name":"chrome-pdf","timestamp":1701175134034,"id":"k26aoo5fcsobjqj","previousEventId":"k3jmyxro60bqp8p","operationId":"y0yw7hs5k5ztcu0","previousOperationId":"edgk24z5cfqddc1"}
{"type":"log","timestamp":1701175134034,"level":"debug","message":"Executing recipe chrome-pdf","meta":{"rootId":"dxb4dowlflqpjb1","id":"dxb4dowlflqpjb1"},"id":"qrzvgm887sw5zhq","previousOperationId":"y0yw7hs5k5ztcu0"}
{"type":"log","timestamp":1701175134035,"level":"debug","message":"Converting with chrome HeadlessChrome/117.0.5938.149 using chrome-pool strategy","meta":{"rootId":"dxb4dowlflqpjb1","id":"dxb4dowlflqpjb1"},"id":"ivuwyoh4tu5tet7","previousOperationId":"y0yw7hs5k5ztcu0"}
{"type":"log","timestamp":1701175134074,"level":"debug","message":"Page request: GET (document) file:///var/folders/dp/qk79pfcj0y1fmtkkl08m76rc0000gn/T/jsreport/autocleanup/58f3df73-84a4-4832-8223-ce482d48b582-chrome-pdf.html","meta":{"rootId":"dxb4dowlflqpjb1","id":"dxb4dowlflqpjb1"},"id":"u5guh3eek8g7ob2","previousOperationId":"y0yw7hs5k5ztcu0"}
{"type":"log","timestamp":1701175134078,"level":"debug","message":"Page request finished: GET (document) 200 file:///var/folders/dp/qk79pfcj0y1fmtkkl08m76rc0000gn/T/jsreport/autocleanup/58f3df73-84a4-4832-8223-ce482d48b582-chrome-pdf.html","meta":{"rootId":"dxb4dowlflqpjb1","id":"dxb4dowlflqpjb1"},"id":"t3waswo95cxzviq","previousOperationId":"y0yw7hs5k5ztcu0"}
{"type":"log","timestamp":1701175134086,"level":"debug","message":"Custom viewport for chrome page width=800, height=2000","meta":{"rootId":"dxb4dowlflqpjb1","id":"dxb4dowlflqpjb1"},"id":"biw9lvrlhbbaju9","previousOperationId":"y0yw7hs5k5ztcu0"}
{"type":"log","timestamp":1701175134088,"level":"debug","message":"Running chrome with params {\"printBackground\":true,\"width\":\"8cm\",\"height\":\"50cm\",\"timeout\":59973,\"margin\":{}}","meta":{"rootId":"dxb4dowlflqpjb1","id":"dxb4dowlflqpjb1"},"id":"9gb3ncj5gr53nle","previousOperationId":"y0yw7hs5k5ztcu0"}
{"type":"operationEnd","operationId":"y0yw7hs5k5ztcu0","timestamp":1701175134111,"id":"5r1v5uk9wztw78t","previousEventId":"k26aoo5fcsobjqj","previousOperationId":"y0yw7hs5k5ztcu0"}
{"type":"log","timestamp":1701175134111,"level":"debug","message":"Skipping storing report.","meta":{"rootId":"dxb4dowlflqpjb1","id":"dxb4dowlflqpjb1"},"id":"b38pvz6qftrwast","previousOperationId":"y0yw7hs5k5ztcu0"}
{"type":"log","timestamp":1701175134111,"level":"info","message":"Rendering request 49 finished in 103 ms","meta":{"rootId":"dxb4dowlflqpjb1","id":"dxb4dowlflqpjb1"},"id":"bz1ey8s4h51fg4r","previousOperationId":"y0yw7hs5k5ztcu0"}
{"type":"operationEnd","subtype":"render","operationId":"wqsctule9e7ub0o","timestamp":1701175134111,"id":"vuaxfwwgyi4fibz","previousEventId":"5r1v5uk9wztw78t","previousOperationId":"y0yw7hs5k5ztcu0"}
{"type":"operationEnd","doDiffs":false,"previousEventId":"qycdr95dgy9kin5","previousOperationId":"uqeic5qbod7maw5","operationId":"uqeic5qbod7maw5","timestamp":1701175134113,"id":"jbisqnnccnaxryf"}
