{"type":"operationStart","subtype":"profile","data":{"_id":"ZkIz08bNMyvbPzOQ","timestamp":"2023-11-30T08:32:27.972Z","state":"queued","mode":"standard","creationDate":"2023-11-30T08:32:27.974Z","modificationDate":"2023-11-30T08:32:27.974Z","shortid":"Eum7tY2","$entitySet":"profiles"},"doDiffs":false,"timestamp":1701333147973,"id":"yvqzeq88r5ukep9","previousOperationId":null,"operationId":"u60w8nu0ahzwajv"}
{"type":"log","level":"info","message":"Render request 9 queued for execution and waiting for available worker","previousOperationId":"u60w8nu0ahzwajv","timestamp":1701333147973,"id":"rt3p89ub59h2ewy"}
{"type":"operationStart","subtype":"render","name":"pns_index","previousOperationId":"u60w8nu0ahzwajv","timestamp":1701333147985,"id":"l56sly43ro8pew6","previousEventId":"yvqzeq88r5ukep9","operationId":"lx1564v65yfssg2"}
{"type":"log","timestamp":1701333147985,"level":"info","message":"Starting rendering request 9","meta":{"rootId":"e18md1ubg2gcprl","id":"e18md1ubg2gcprl"},"id":"6zjgm29navsdyxj","previousOperationId":"lx1564v65yfssg2"}
{"type":"log","timestamp":1701333147986,"level":"info","message":"Rendering template { name: pns_index, recipe: chrome-pdf, engine: handlebars, preview: true }","meta":{"rootId":"e18md1ubg2gcprl","id":"e18md1ubg2gcprl"},"id":"7t927x88t4u8bxj","previousOperationId":"lx1564v65yfssg2"}
{"type":"log","timestamp":1701333147986,"level":"debug","message":"Inline data specified.","meta":{"rootId":"e18md1ubg2gcprl","id":"e18md1ubg2gcprl"},"id":"vb66h3erd56eom1","previousOperationId":"lx1564v65yfssg2"}
{"type":"log","timestamp":1701333147987,"level":"debug","message":"Base url not specified, skipping its injection.","meta":{"rootId":"e18md1ubg2gcprl","id":"e18md1ubg2gcprl"},"id":"o3adhxobnarojdk","previousOperationId":"lx1564v65yfssg2"}
{"type":"operationStart","subtype":"engine","name":"handlebars","timestamp":1701333147987,"id":"ebimizee3g9b5d5","previousEventId":"l56sly43ro8pew6","operationId":"afazrrd0zt2quwy","previousOperationId":"lx1564v65yfssg2"}
{"type":"log","timestamp":1701333147988,"level":"debug","message":"Rendering engine handlebars","meta":{"rootId":"e18md1ubg2gcprl","id":"e18md1ubg2gcprl"},"id":"yq163m366za4osa","previousOperationId":"afazrrd0zt2quwy"}
{"type":"operationEnd","operationId":"afazrrd0zt2quwy","timestamp":1701333148000,"id":"xr9elnm1kufd4fy","previousEventId":"ebimizee3g9b5d5","previousOperationId":"afazrrd0zt2quwy"}
{"type":"operationStart","subtype":"recipe","name":"chrome-pdf","timestamp":1701333148001,"id":"82pe4ettru8q3gz","previousEventId":"xr9elnm1kufd4fy","operationId":"a6f7sjonjaegmgb","previousOperationId":"afazrrd0zt2quwy"}
{"type":"log","timestamp":1701333148001,"level":"debug","message":"Executing recipe chrome-pdf","meta":{"rootId":"e18md1ubg2gcprl","id":"e18md1ubg2gcprl"},"id":"982arfkcn1wmefh","previousOperationId":"a6f7sjonjaegmgb"}
{"type":"log","timestamp":1701333148002,"level":"debug","message":"Converting with chrome HeadlessChrome/117.0.5938.149 using chrome-pool strategy","meta":{"rootId":"e18md1ubg2gcprl","id":"e18md1ubg2gcprl"},"id":"a13x2ifjndpdmqt","previousOperationId":"a6f7sjonjaegmgb"}
{"type":"log","timestamp":1701333148046,"level":"debug","message":"Page request: GET (document) file:///var/folders/dp/qk79pfcj0y1fmtkkl08m76rc0000gn/T/jsreport/autocleanup/68b45010-38d6-4c53-9e77-a77f5ad9b7fc-chrome-pdf.html","meta":{"rootId":"e18md1ubg2gcprl","id":"e18md1ubg2gcprl"},"id":"kbjai6j5mks93ag","previousOperationId":"a6f7sjonjaegmgb"}
{"type":"log","timestamp":1701333148051,"level":"debug","message":"Page request finished: GET (document) 200 file:///var/folders/dp/qk79pfcj0y1fmtkkl08m76rc0000gn/T/jsreport/autocleanup/68b45010-38d6-4c53-9e77-a77f5ad9b7fc-chrome-pdf.html","meta":{"rootId":"e18md1ubg2gcprl","id":"e18md1ubg2gcprl"},"id":"7okfmwnnjp3etr3","previousOperationId":"a6f7sjonjaegmgb"}
{"type":"log","timestamp":1701333148063,"level":"debug","message":"Custom viewport for chrome page width=800, height=2000","meta":{"rootId":"e18md1ubg2gcprl","id":"e18md1ubg2gcprl"},"id":"ykgr5qn132y1t6i","previousOperationId":"a6f7sjonjaegmgb"}
{"type":"log","timestamp":1701333148069,"level":"debug","message":"Running chrome with params {\"printBackground\":true,\"width\":\"5.8cm\",\"height\":\"50cm\",\"timeout\":59970,\"margin\":{}}","meta":{"rootId":"e18md1ubg2gcprl","id":"e18md1ubg2gcprl"},"id":"cpndprwuyszyed3","previousOperationId":"a6f7sjonjaegmgb"}
{"type":"operationEnd","operationId":"a6f7sjonjaegmgb","timestamp":1701333148096,"id":"0do9ob0pw98r439","previousEventId":"82pe4ettru8q3gz","previousOperationId":"a6f7sjonjaegmgb"}
{"type":"log","timestamp":1701333148096,"level":"debug","message":"Skipping storing report.","meta":{"rootId":"e18md1ubg2gcprl","id":"e18md1ubg2gcprl"},"id":"jd6acqkyxs8oywi","previousOperationId":"a6f7sjonjaegmgb"}
{"type":"log","timestamp":1701333148096,"level":"info","message":"Rendering request 9 finished in 125 ms","meta":{"rootId":"e18md1ubg2gcprl","id":"e18md1ubg2gcprl"},"id":"j4yjqfuvs6zxdz5","previousOperationId":"a6f7sjonjaegmgb"}
{"type":"operationEnd","subtype":"render","operationId":"lx1564v65yfssg2","timestamp":1701333148096,"id":"rnuhlaksf5kita2","previousEventId":"0do9ob0pw98r439","previousOperationId":"a6f7sjonjaegmgb"}
{"type":"operationEnd","doDiffs":false,"previousEventId":"yvqzeq88r5ukep9","previousOperationId":"u60w8nu0ahzwajv","operationId":"u60w8nu0ahzwajv","timestamp":1701333148098,"id":"l2hdyw1t9aodizi"}
