{"type":"operationStart","subtype":"profile","data":{"_id":"rgfGrYjUlY9n0om2","timestamp":"2023-11-28T10:00:32.932Z","state":"queued","mode":"standard","creationDate":"2023-11-28T10:00:32.933Z","modificationDate":"2023-11-28T10:00:32.933Z","shortid":"2yYpHP4","$entitySet":"profiles"},"doDiffs":false,"timestamp":1701165632932,"id":"tq0f8tq1zmazels","previousOperationId":null,"operationId":"9jeefkuthw7yqne"}
{"type":"log","level":"info","message":"Render request 5 queued for execution and waiting for available worker","previousOperationId":"9jeefkuthw7yqne","timestamp":1701165632932,"id":"e2y8xwpahfloivl"}
{"type":"operationStart","subtype":"render","name":"pns_index","previousOperationId":"9jeefkuthw7yqne","timestamp":1701165632936,"id":"32ckyaqmf0am3a9","previousEventId":"tq0f8tq1zmazels","operationId":"tqm9bjqj0u336xg"}
{"type":"log","timestamp":1701165632937,"level":"info","message":"Starting rendering request 5","meta":{"rootId":"e2s7ewi184ysp9m","id":"e2s7ewi184ysp9m"},"id":"7dq3ujnn5rd8u9x","previousOperationId":"tqm9bjqj0u336xg"}
{"type":"log","timestamp":1701165632937,"level":"info","message":"Rendering template { name: pns_index, recipe: chrome-pdf, engine: handlebars, preview: true }","meta":{"rootId":"e2s7ewi184ysp9m","id":"e2s7ewi184ysp9m"},"id":"kjjimen319cg1x2","previousOperationId":"tqm9bjqj0u336xg"}
{"type":"log","timestamp":1701165632937,"level":"debug","message":"Inline data specified.","meta":{"rootId":"e2s7ewi184ysp9m","id":"e2s7ewi184ysp9m"},"id":"kawsxspecqzfs8r","previousOperationId":"tqm9bjqj0u336xg"}
{"type":"log","timestamp":1701165632938,"level":"debug","message":"Base url not specified, skipping its injection.","meta":{"rootId":"e2s7ewi184ysp9m","id":"e2s7ewi184ysp9m"},"id":"quhe0jnr9l8su95","previousOperationId":"tqm9bjqj0u336xg"}
{"type":"operationStart","subtype":"engine","name":"handlebars","timestamp":1701165632938,"id":"irju18bu7mewyd7","previousEventId":"32ckyaqmf0am3a9","operationId":"hvx5l5sb88jr94k","previousOperationId":"tqm9bjqj0u336xg"}
{"type":"log","timestamp":1701165632938,"level":"debug","message":"Rendering engine handlebars","meta":{"rootId":"e2s7ewi184ysp9m","id":"e2s7ewi184ysp9m"},"id":"bfdbdp4ap7s67av","previousOperationId":"hvx5l5sb88jr94k"}
{"type":"operationEnd","operationId":"hvx5l5sb88jr94k","timestamp":1701165632971,"id":"f3jlka8no8wff7y","previousEventId":"irju18bu7mewyd7","previousOperationId":"hvx5l5sb88jr94k"}
{"type":"operationStart","subtype":"recipe","name":"chrome-pdf","timestamp":1701165632971,"id":"g3g96e8qc63st2w","previousEventId":"f3jlka8no8wff7y","operationId":"8eyzvpqnd9ad5tz","previousOperationId":"hvx5l5sb88jr94k"}
{"type":"log","timestamp":1701165632971,"level":"debug","message":"Executing recipe chrome-pdf","meta":{"rootId":"e2s7ewi184ysp9m","id":"e2s7ewi184ysp9m"},"id":"m91fv78kelbk9o4","previousOperationId":"8eyzvpqnd9ad5tz"}
{"type":"log","timestamp":1701165632974,"level":"debug","message":"Converting with chrome HeadlessChrome/117.0.5938.149 using chrome-pool strategy","meta":{"rootId":"e2s7ewi184ysp9m","id":"e2s7ewi184ysp9m"},"id":"nimoexynqew1t6f","previousOperationId":"8eyzvpqnd9ad5tz"}
{"type":"log","timestamp":1701165633014,"level":"debug","message":"Page request: GET (document) file:///var/folders/dp/qk79pfcj0y1fmtkkl08m76rc0000gn/T/jsreport/autocleanup/d85392f8-6c76-4219-9668-ffc4d05964dd-chrome-pdf.html","meta":{"rootId":"e2s7ewi184ysp9m","id":"e2s7ewi184ysp9m"},"id":"c3do5nhkjjk12cx","previousOperationId":"8eyzvpqnd9ad5tz"}
{"type":"log","timestamp":1701165633020,"level":"debug","message":"Page request finished: GET (document) 200 file:///var/folders/dp/qk79pfcj0y1fmtkkl08m76rc0000gn/T/jsreport/autocleanup/d85392f8-6c76-4219-9668-ffc4d05964dd-chrome-pdf.html","meta":{"rootId":"e2s7ewi184ysp9m","id":"e2s7ewi184ysp9m"},"id":"t7klba85oaocux3","previousOperationId":"8eyzvpqnd9ad5tz"}
{"type":"log","timestamp":1701165633029,"level":"debug","message":"Running chrome with params {\"printBackground\":true,\"width\":\"8cm\",\"timeout\":59959,\"margin\":{}}","meta":{"rootId":"e2s7ewi184ysp9m","id":"e2s7ewi184ysp9m"},"id":"cayr1p6g0zy8ijp","previousOperationId":"8eyzvpqnd9ad5tz"}
{"type":"operationEnd","operationId":"8eyzvpqnd9ad5tz","timestamp":1701165633054,"id":"zisp60bfp42ehxr","previousEventId":"g3g96e8qc63st2w","previousOperationId":"8eyzvpqnd9ad5tz"}
{"type":"log","timestamp":1701165633055,"level":"debug","message":"Skipping storing report.","meta":{"rootId":"e2s7ewi184ysp9m","id":"e2s7ewi184ysp9m"},"id":"p8oflwasm7joyia","previousOperationId":"8eyzvpqnd9ad5tz"}
{"type":"log","timestamp":1701165633055,"level":"info","message":"Rendering request 5 finished in 123 ms","meta":{"rootId":"e2s7ewi184ysp9m","id":"e2s7ewi184ysp9m"},"id":"1227s777kxcmk4d","previousOperationId":"8eyzvpqnd9ad5tz"}
{"type":"operationEnd","subtype":"render","operationId":"tqm9bjqj0u336xg","timestamp":1701165633055,"id":"upmo8xx9wynvev8","previousEventId":"zisp60bfp42ehxr","previousOperationId":"8eyzvpqnd9ad5tz"}
{"type":"operationEnd","doDiffs":false,"previousEventId":"tq0f8tq1zmazels","previousOperationId":"9jeefkuthw7yqne","operationId":"9jeefkuthw7yqne","timestamp":1701165633057,"id":"8wlk2zce3km1d07"}
