{"type":"operationStart","subtype":"profile","data":{"_id":"dOOJ7vt7cjrjOXRW","timestamp":"2023-11-28T11:22:54.358Z","state":"queued","mode":"standard","creationDate":"2023-11-28T11:22:54.360Z","modificationDate":"2023-11-28T11:22:54.360Z","shortid":"cCpUiRd","$entitySet":"profiles"},"doDiffs":false,"timestamp":1701170574359,"id":"jvxapuj7rl3cmnn","previousOperationId":null,"operationId":"f5qz8sjg2npp615"}
{"type":"log","level":"info","message":"Render request 10 queued for execution and waiting for available worker","previousOperationId":"f5qz8sjg2npp615","timestamp":1701170574359,"id":"wnw0ii6x9bs5gj3"}
{"type":"operationStart","subtype":"render","name":"pns_index","previousOperationId":"f5qz8sjg2npp615","timestamp":1701170574377,"id":"2nt1a1fmmqcgekt","previousEventId":"jvxapuj7rl3cmnn","operationId":"iq8rvrut86qybv5"}
{"type":"log","timestamp":1701170574377,"level":"info","message":"Starting rendering request 10","meta":{"rootId":"el78q3xmoid0hzu","id":"el78q3xmoid0hzu"},"id":"q8ifmau74ddqckl","previousOperationId":"iq8rvrut86qybv5"}
{"type":"log","timestamp":1701170574377,"level":"info","message":"Rendering template { name: pns_index, recipe: chrome-pdf, engine: handlebars, preview: true }","meta":{"rootId":"el78q3xmoid0hzu","id":"el78q3xmoid0hzu"},"id":"z3sp01nr0iixo08","previousOperationId":"iq8rvrut86qybv5"}
{"type":"log","timestamp":1701170574378,"level":"debug","message":"Inline data specified.","meta":{"rootId":"el78q3xmoid0hzu","id":"el78q3xmoid0hzu"},"id":"ieuafafelmewq7q","previousOperationId":"iq8rvrut86qybv5"}
{"type":"log","timestamp":1701170574381,"level":"debug","message":"Base url not specified, skipping its injection.","meta":{"rootId":"el78q3xmoid0hzu","id":"el78q3xmoid0hzu"},"id":"syto8wsamm5rble","previousOperationId":"iq8rvrut86qybv5"}
{"type":"operationStart","subtype":"engine","name":"handlebars","timestamp":1701170574381,"id":"hka8oblot8q4qce","previousEventId":"2nt1a1fmmqcgekt","operationId":"6goa8ie8oi32h90","previousOperationId":"iq8rvrut86qybv5"}
{"type":"log","timestamp":1701170574381,"level":"debug","message":"Rendering engine handlebars","meta":{"rootId":"el78q3xmoid0hzu","id":"el78q3xmoid0hzu"},"id":"2wpvjmhpemrhd5k","previousOperationId":"6goa8ie8oi32h90"}
{"type":"operationEnd","operationId":"6goa8ie8oi32h90","timestamp":1701170574402,"id":"u4jkrfj5gr2jt6j","previousEventId":"hka8oblot8q4qce","previousOperationId":"6goa8ie8oi32h90"}
{"type":"operationStart","subtype":"recipe","name":"chrome-pdf","timestamp":1701170574402,"id":"hqzzlhm5ymljxh6","previousEventId":"u4jkrfj5gr2jt6j","operationId":"xvcw16i8mkwjwcu","previousOperationId":"6goa8ie8oi32h90"}
{"type":"log","timestamp":1701170574402,"level":"debug","message":"Executing recipe chrome-pdf","meta":{"rootId":"el78q3xmoid0hzu","id":"el78q3xmoid0hzu"},"id":"cnn55ewmvvhjwdk","previousOperationId":"xvcw16i8mkwjwcu"}
{"type":"log","timestamp":1701170574404,"level":"debug","message":"Converting with chrome HeadlessChrome/117.0.5938.149 using chrome-pool strategy","meta":{"rootId":"el78q3xmoid0hzu","id":"el78q3xmoid0hzu"},"id":"c0hehalal82l4yv","previousOperationId":"xvcw16i8mkwjwcu"}
{"type":"log","timestamp":1701170574455,"level":"debug","message":"Page request: GET (document) file:///var/folders/dp/qk79pfcj0y1fmtkkl08m76rc0000gn/T/jsreport/autocleanup/a29924d7-904e-4f45-b5b2-af4ebbb7fbcc-chrome-pdf.html","meta":{"rootId":"el78q3xmoid0hzu","id":"el78q3xmoid0hzu"},"id":"z8nn5byca38d24s","previousOperationId":"xvcw16i8mkwjwcu"}
{"type":"log","timestamp":1701170574460,"level":"debug","message":"Page request finished: GET (document) 200 file:///var/folders/dp/qk79pfcj0y1fmtkkl08m76rc0000gn/T/jsreport/autocleanup/a29924d7-904e-4f45-b5b2-af4ebbb7fbcc-chrome-pdf.html","meta":{"rootId":"el78q3xmoid0hzu","id":"el78q3xmoid0hzu"},"id":"ee0e8io4m5er8af","previousOperationId":"xvcw16i8mkwjwcu"}
{"type":"log","timestamp":1701170574468,"level":"debug","message":"Running chrome with params {\"printBackground\":true,\"width\":\"8cm\",\"timeout\":59954,\"margin\":{}}","meta":{"rootId":"el78q3xmoid0hzu","id":"el78q3xmoid0hzu"},"id":"xqg4tmsxeuh3452","previousOperationId":"xvcw16i8mkwjwcu"}
{"type":"operationEnd","operationId":"xvcw16i8mkwjwcu","timestamp":1701170574489,"id":"cll34ghobowmlql","previousEventId":"hqzzlhm5ymljxh6","previousOperationId":"xvcw16i8mkwjwcu"}
{"type":"log","timestamp":1701170574489,"level":"debug","message":"Skipping storing report.","meta":{"rootId":"el78q3xmoid0hzu","id":"el78q3xmoid0hzu"},"id":"q28be8mv58n0u9g","previousOperationId":"xvcw16i8mkwjwcu"}
{"type":"log","timestamp":1701170574489,"level":"info","message":"Rendering request 10 finished in 132 ms","meta":{"rootId":"el78q3xmoid0hzu","id":"el78q3xmoid0hzu"},"id":"fjmz00kq35clc37","previousOperationId":"xvcw16i8mkwjwcu"}
{"type":"operationEnd","subtype":"render","operationId":"iq8rvrut86qybv5","timestamp":1701170574490,"id":"c3jskhfo8hwt45w","previousEventId":"cll34ghobowmlql","previousOperationId":"xvcw16i8mkwjwcu"}
{"type":"operationEnd","doDiffs":false,"previousEventId":"jvxapuj7rl3cmnn","previousOperationId":"f5qz8sjg2npp615","operationId":"f5qz8sjg2npp615","timestamp":1701170574491,"id":"iigl900wlewfdci"}
