{"type":"operationStart","subtype":"profile","data":{"_id":"urKOSR806wZmirGe","timestamp":"2023-12-06T09:16:47.028Z","state":"queued","mode":"standard","creationDate":"2023-12-06T09:16:47.034Z","modificationDate":"2023-12-06T09:16:47.034Z","shortid":"p0KX69T","$entitySet":"profiles"},"doDiffs":false,"timestamp":1701854207030,"id":"uzh48365q4u091p","previousOperationId":null,"operationId":"6t5bnlgkjec7bnx"}
{"type":"log","level":"info","message":"Render request 11 queued for execution and waiting for available worker","previousOperationId":"6t5bnlgkjec7bnx","timestamp":1701854207032,"id":"t4l5vpiihx48dpx"}
{"type":"operationStart","subtype":"render","name":"pns_index","previousOperationId":"6t5bnlgkjec7bnx","timestamp":1701854207046,"id":"wvs4lycpg22bvbr","previousEventId":"uzh48365q4u091p","operationId":"34p5cticfgrn7ol"}
{"type":"log","timestamp":1701854207047,"level":"info","message":"Starting rendering request 11","meta":{"rootId":"emrcadid5musmqx","id":"emrcadid5musmqx"},"id":"ms80tx8xxdjyj2l","previousOperationId":"34p5cticfgrn7ol"}
{"type":"log","timestamp":1701854207047,"level":"info","message":"Rendering template { name: pns_index, recipe: chrome-pdf, engine: handlebars, preview: true }","meta":{"rootId":"emrcadid5musmqx","id":"emrcadid5musmqx"},"id":"vt7ddlx146ka7og","previousOperationId":"34p5cticfgrn7ol"}
{"type":"log","timestamp":1701854207048,"level":"debug","message":"Adding sample data flbhzmKcJ","meta":{"rootId":"emrcadid5musmqx","id":"emrcadid5musmqx"},"id":"wwrqbnyyh4uce45","previousOperationId":"34p5cticfgrn7ol"}
{"type":"log","timestamp":1701854207050,"level":"debug","message":"Base url not specified, skipping its injection.","meta":{"rootId":"emrcadid5musmqx","id":"emrcadid5musmqx"},"id":"n7av9rzi6k4f14p","previousOperationId":"34p5cticfgrn7ol"}
{"type":"log","timestamp":1701854207052,"level":"debug","message":"Replaced assets [\"styles.css\"]","meta":{"rootId":"emrcadid5musmqx","id":"emrcadid5musmqx"},"id":"6lvxt0z5f471lh0","previousOperationId":"34p5cticfgrn7ol"}
{"type":"operationStart","subtype":"engine","name":"handlebars","timestamp":1701854207052,"id":"z5u7rrav9lp8hct","previousEventId":"wvs4lycpg22bvbr","operationId":"a0m6q6g3qteag84","previousOperationId":"34p5cticfgrn7ol"}
{"type":"log","timestamp":1701854207052,"level":"debug","message":"Rendering engine handlebars","meta":{"rootId":"emrcadid5musmqx","id":"emrcadid5musmqx"},"id":"zv8jr7emzttrqjz","previousOperationId":"a0m6q6g3qteag84"}
{"type":"operationEnd","operationId":"a0m6q6g3qteag84","timestamp":1701854207084,"id":"49hmtxgjrkjqzn7","previousEventId":"z5u7rrav9lp8hct","previousOperationId":"a0m6q6g3qteag84"}
{"type":"operationStart","subtype":"recipe","name":"chrome-pdf","timestamp":1701854207085,"id":"wm0a8z8h9bczhjn","previousEventId":"49hmtxgjrkjqzn7","operationId":"kocm32x3tdzobfs","previousOperationId":"a0m6q6g3qteag84"}
{"type":"log","timestamp":1701854207085,"level":"debug","message":"Executing recipe chrome-pdf","meta":{"rootId":"emrcadid5musmqx","id":"emrcadid5musmqx"},"id":"kx2cvowaae6w2d4","previousOperationId":"kocm32x3tdzobfs"}
{"type":"log","timestamp":1701854207086,"level":"debug","message":"Converting with chrome HeadlessChrome/117.0.5938.149 using chrome-pool strategy","meta":{"rootId":"emrcadid5musmqx","id":"emrcadid5musmqx"},"id":"x1nk80dx4shq4ja","previousOperationId":"kocm32x3tdzobfs"}
{"type":"log","timestamp":1701854207135,"level":"debug","message":"Page request: GET (document) file:///var/folders/dp/qk79pfcj0y1fmtkkl08m76rc0000gn/T/jsreport/autocleanup/847a25ce-3b9e-409a-b508-e773a3d5f34b-chrome-pdf.html","meta":{"rootId":"emrcadid5musmqx","id":"emrcadid5musmqx"},"id":"5m13c1c060urbn0","previousOperationId":"kocm32x3tdzobfs"}
{"type":"log","timestamp":1701854207139,"level":"debug","message":"Page request finished: GET (document) 200 file:///var/folders/dp/qk79pfcj0y1fmtkkl08m76rc0000gn/T/jsreport/autocleanup/847a25ce-3b9e-409a-b508-e773a3d5f34b-chrome-pdf.html","meta":{"rootId":"emrcadid5musmqx","id":"emrcadid5musmqx"},"id":"s5hdadjcj233xfi","previousOperationId":"kocm32x3tdzobfs"}
{"type":"log","timestamp":1701854207150,"level":"debug","message":"Custom viewport for chrome page width=800, height=2000","meta":{"rootId":"emrcadid5musmqx","id":"emrcadid5musmqx"},"id":"umcp2lgoi5n1ubh","previousOperationId":"kocm32x3tdzobfs"}
{"type":"log","timestamp":1701854207150,"level":"debug","message":"Running chrome with params {\"printBackground\":true,\"width\":\"5.8cm\",\"height\":\"21cm\",\"marginRight\":\"0cm\",\"marginLeft\":\"0cm\",\"timeout\":59941,\"margin\":{\"right\":\"0cm\",\"left\":\"0cm\"}}","meta":{"rootId":"emrcadid5musmqx","id":"emrcadid5musmqx"},"id":"uf07wqb3itroz61","previousOperationId":"kocm32x3tdzobfs"}
{"type":"operationEnd","operationId":"kocm32x3tdzobfs","timestamp":1701854207179,"id":"930hwld03asyvrx","previousEventId":"wm0a8z8h9bczhjn","previousOperationId":"kocm32x3tdzobfs"}
{"type":"log","timestamp":1701854207179,"level":"debug","message":"Skipping storing report.","meta":{"rootId":"emrcadid5musmqx","id":"emrcadid5musmqx"},"id":"w4bw1huywa79gqh","previousOperationId":"kocm32x3tdzobfs"}
{"type":"log","timestamp":1701854207179,"level":"info","message":"Rendering request 11 finished in 152 ms","meta":{"rootId":"emrcadid5musmqx","id":"emrcadid5musmqx"},"id":"ycrvu9sqowkwio5","previousOperationId":"kocm32x3tdzobfs"}
{"type":"operationEnd","subtype":"render","operationId":"34p5cticfgrn7ol","timestamp":1701854207179,"id":"mo8zgvg0heb9vz3","previousEventId":"930hwld03asyvrx","previousOperationId":"kocm32x3tdzobfs"}
{"type":"operationEnd","doDiffs":false,"previousEventId":"uzh48365q4u091p","previousOperationId":"6t5bnlgkjec7bnx","operationId":"6t5bnlgkjec7bnx","timestamp":1701854207181,"id":"344o8waawlui9sv"}
