{"type":"operationStart","subtype":"profile","data":{"_id":"5yH2Lj5fF3JQpHJB","timestamp":"2023-12-06T09:42:26.667Z","state":"queued","mode":"standard","creationDate":"2023-12-06T09:42:26.668Z","modificationDate":"2023-12-06T09:42:26.668Z","shortid":"IN7pgFn","$entitySet":"profiles"},"doDiffs":false,"timestamp":1701855746667,"id":"2ls3x0svmhmzvoi","previousOperationId":null,"operationId":"1kr150j3j4ktc4p"}
{"type":"log","level":"info","message":"Render request 39 queued for execution and waiting for available worker","previousOperationId":"1kr150j3j4ktc4p","timestamp":1701855746667,"id":"jvnzepc31nf5ybn"}
{"type":"operationStart","subtype":"render","name":"pns_index","previousOperationId":"1kr150j3j4ktc4p","timestamp":1701855746677,"id":"2ryefbli0wgbncl","previousEventId":"2ls3x0svmhmzvoi","operationId":"77ntwesbe5sm7cx"}
{"type":"log","timestamp":1701855746677,"level":"info","message":"Starting rendering request 39","meta":{"rootId":"enrk4kk5hnn22y1","id":"enrk4kk5hnn22y1"},"id":"te6dllp8uog1bpp","previousOperationId":"77ntwesbe5sm7cx"}
{"type":"log","timestamp":1701855746678,"level":"info","message":"Rendering template { name: pns_index, recipe: chrome-pdf, engine: handlebars, preview: true }","meta":{"rootId":"enrk4kk5hnn22y1","id":"enrk4kk5hnn22y1"},"id":"2gmlvc72tkmomti","previousOperationId":"77ntwesbe5sm7cx"}
{"type":"log","timestamp":1701855746680,"level":"debug","message":"Inline data specified.","meta":{"rootId":"enrk4kk5hnn22y1","id":"enrk4kk5hnn22y1"},"id":"fbbhcb3lnkcgz7w","previousOperationId":"77ntwesbe5sm7cx"}
{"type":"log","timestamp":1701855746683,"level":"debug","message":"Base url not specified, skipping its injection.","meta":{"rootId":"enrk4kk5hnn22y1","id":"enrk4kk5hnn22y1"},"id":"0jal85x6eub2k4u","previousOperationId":"77ntwesbe5sm7cx"}
{"type":"log","timestamp":1701855746684,"level":"debug","message":"Replaced assets [\"styles.css\"]","meta":{"rootId":"enrk4kk5hnn22y1","id":"enrk4kk5hnn22y1"},"id":"8ivuv7k9zdwcb3e","previousOperationId":"77ntwesbe5sm7cx"}
{"type":"operationStart","subtype":"engine","name":"handlebars","timestamp":1701855746684,"id":"8faoxbxk9kjskjq","previousEventId":"2ryefbli0wgbncl","operationId":"u9eezsn60e07213","previousOperationId":"77ntwesbe5sm7cx"}
{"type":"log","timestamp":1701855746684,"level":"debug","message":"Rendering engine handlebars","meta":{"rootId":"enrk4kk5hnn22y1","id":"enrk4kk5hnn22y1"},"id":"d39fpphgmjqozvu","previousOperationId":"u9eezsn60e07213"}
{"type":"operationEnd","operationId":"u9eezsn60e07213","timestamp":1701855746715,"id":"tb6sz26d3kuf47a","previousEventId":"8faoxbxk9kjskjq","previousOperationId":"u9eezsn60e07213"}
{"type":"operationStart","subtype":"recipe","name":"chrome-pdf","timestamp":1701855746716,"id":"mul84ny938t749g","previousEventId":"tb6sz26d3kuf47a","operationId":"f2lr81v3up1gs4r","previousOperationId":"u9eezsn60e07213"}
{"type":"log","timestamp":1701855746716,"level":"debug","message":"Executing recipe chrome-pdf","meta":{"rootId":"enrk4kk5hnn22y1","id":"enrk4kk5hnn22y1"},"id":"42gnm9dx0ty2m5q","previousOperationId":"f2lr81v3up1gs4r"}
{"type":"log","timestamp":1701855746717,"level":"debug","message":"Converting with chrome HeadlessChrome/117.0.5938.149 using chrome-pool strategy","meta":{"rootId":"enrk4kk5hnn22y1","id":"enrk4kk5hnn22y1"},"id":"u54i5c1ptpe8q1i","previousOperationId":"f2lr81v3up1gs4r"}
{"type":"log","timestamp":1701855746772,"level":"debug","message":"Page request: GET (document) file:///var/folders/dp/qk79pfcj0y1fmtkkl08m76rc0000gn/T/jsreport/autocleanup/b8bc566b-6687-43d2-aa75-694b9ce0ce3d-chrome-pdf.html","meta":{"rootId":"enrk4kk5hnn22y1","id":"enrk4kk5hnn22y1"},"id":"yvxidm1s6kwnysd","previousOperationId":"f2lr81v3up1gs4r"}
{"type":"log","timestamp":1701855746776,"level":"debug","message":"Page request finished: GET (document) 200 file:///var/folders/dp/qk79pfcj0y1fmtkkl08m76rc0000gn/T/jsreport/autocleanup/b8bc566b-6687-43d2-aa75-694b9ce0ce3d-chrome-pdf.html","meta":{"rootId":"enrk4kk5hnn22y1","id":"enrk4kk5hnn22y1"},"id":"f4s7redck03qnrd","previousOperationId":"f2lr81v3up1gs4r"}
{"type":"log","timestamp":1701855746787,"level":"debug","message":"Custom viewport for chrome page width=800, height=2000","meta":{"rootId":"enrk4kk5hnn22y1","id":"enrk4kk5hnn22y1"},"id":"c6ynu8httkfc4p6","previousOperationId":"f2lr81v3up1gs4r"}
{"type":"log","timestamp":1701855746789,"level":"debug","message":"Running chrome with params {\"printBackground\":true,\"width\":\"5.8cm\",\"height\":\"40cm\",\"marginRight\":\"0cm\",\"marginLeft\":\"0cm\",\"timeout\":59950,\"margin\":{\"right\":\"0cm\",\"left\":\"0cm\"}}","meta":{"rootId":"enrk4kk5hnn22y1","id":"enrk4kk5hnn22y1"},"id":"fsoglcwrnll05ac","previousOperationId":"f2lr81v3up1gs4r"}
{"type":"operationEnd","operationId":"f2lr81v3up1gs4r","timestamp":1701855746815,"id":"zezu0f88uyz7777","previousEventId":"mul84ny938t749g","previousOperationId":"f2lr81v3up1gs4r"}
{"type":"log","timestamp":1701855746815,"level":"debug","message":"Skipping storing report.","meta":{"rootId":"enrk4kk5hnn22y1","id":"enrk4kk5hnn22y1"},"id":"ihb9kayy52t78z7","previousOperationId":"f2lr81v3up1gs4r"}
{"type":"log","timestamp":1701855746815,"level":"info","message":"Rendering request 39 finished in 148 ms","meta":{"rootId":"enrk4kk5hnn22y1","id":"enrk4kk5hnn22y1"},"id":"p4se5uz18jst9xp","previousOperationId":"f2lr81v3up1gs4r"}
{"type":"operationEnd","subtype":"render","operationId":"77ntwesbe5sm7cx","timestamp":1701855746815,"id":"ep62m8629m8shie","previousEventId":"zezu0f88uyz7777","previousOperationId":"f2lr81v3up1gs4r"}
{"type":"operationEnd","doDiffs":false,"previousEventId":"2ls3x0svmhmzvoi","previousOperationId":"1kr150j3j4ktc4p","operationId":"1kr150j3j4ktc4p","timestamp":1701855746817,"id":"pth14nyn5sn8vz1"}
