{"type":"operationStart","subtype":"profile","data":{"_id":"BSeHqdD6nY2WiJU9","timestamp":"2023-12-04T11:44:28.418Z","state":"queued","mode":"standard","creationDate":"2023-12-04T11:44:28.420Z","modificationDate":"2023-12-04T11:44:28.420Z","shortid":"2GMbNwu","$entitySet":"profiles"},"doDiffs":false,"timestamp":1701690268419,"id":"zibcf1ovpk6thjc","previousOperationId":null,"operationId":"7acjj4mivqh5re2"}
{"type":"log","level":"info","message":"Render request 118 queued for execution and waiting for available worker","previousOperationId":"7acjj4mivqh5re2","timestamp":1701690268419,"id":"u79yej9qpbldlmf"}
{"type":"operationStart","subtype":"render","name":"pns_index","previousOperationId":"7acjj4mivqh5re2","timestamp":1701690268433,"id":"1rsci54uib1j60y","previousEventId":"zibcf1ovpk6thjc","operationId":"qfbu3e7uufulq67"}
{"type":"log","timestamp":1701690268433,"level":"info","message":"Starting rendering request 118","meta":{"rootId":"es5jb7vumuo63e2","id":"es5jb7vumuo63e2"},"id":"wlkl09709gs9zen","previousOperationId":"qfbu3e7uufulq67"}
{"type":"log","timestamp":1701690268434,"level":"info","message":"Rendering template { name: pns_index, recipe: chrome-pdf, engine: handlebars, preview: true }","meta":{"rootId":"es5jb7vumuo63e2","id":"es5jb7vumuo63e2"},"id":"ag3fmvv81wdigb3","previousOperationId":"qfbu3e7uufulq67"}
{"type":"log","timestamp":1701690268435,"level":"debug","message":"Inline data specified.","meta":{"rootId":"es5jb7vumuo63e2","id":"es5jb7vumuo63e2"},"id":"kf8fg0fucha8e3n","previousOperationId":"qfbu3e7uufulq67"}
{"type":"log","timestamp":1701690268438,"level":"debug","message":"Base url not specified, skipping its injection.","meta":{"rootId":"es5jb7vumuo63e2","id":"es5jb7vumuo63e2"},"id":"ejlmloeqgs1beys","previousOperationId":"qfbu3e7uufulq67"}
{"type":"operationStart","subtype":"engine","name":"handlebars","timestamp":1701690268439,"id":"8qylpab0nw3sjhx","previousEventId":"1rsci54uib1j60y","operationId":"dn2kysd1hjwn1ac","previousOperationId":"qfbu3e7uufulq67"}
{"type":"log","timestamp":1701690268439,"level":"debug","message":"Rendering engine handlebars","meta":{"rootId":"es5jb7vumuo63e2","id":"es5jb7vumuo63e2"},"id":"51uqu2mm4h3u4q2","previousOperationId":"dn2kysd1hjwn1ac"}
{"type":"operationEnd","operationId":"dn2kysd1hjwn1ac","timestamp":1701690268447,"id":"jl2o45uhce0v0w7","previousEventId":"8qylpab0nw3sjhx","previousOperationId":"dn2kysd1hjwn1ac"}
{"type":"operationStart","subtype":"recipe","name":"chrome-pdf","timestamp":1701690268448,"id":"7888htmia3j91mv","previousEventId":"jl2o45uhce0v0w7","operationId":"hb12m3m1grmyyie","previousOperationId":"dn2kysd1hjwn1ac"}
{"type":"log","timestamp":1701690268448,"level":"debug","message":"Executing recipe chrome-pdf","meta":{"rootId":"es5jb7vumuo63e2","id":"es5jb7vumuo63e2"},"id":"mnvipxqf4k2z9om","previousOperationId":"hb12m3m1grmyyie"}
{"type":"log","timestamp":1701690268449,"level":"debug","message":"Converting with chrome HeadlessChrome/117.0.5938.149 using chrome-pool strategy","meta":{"rootId":"es5jb7vumuo63e2","id":"es5jb7vumuo63e2"},"id":"pkx202gdo28grna","previousOperationId":"hb12m3m1grmyyie"}
{"type":"log","timestamp":1701690268514,"level":"debug","message":"Page request: GET (document) file:///var/folders/dp/qk79pfcj0y1fmtkkl08m76rc0000gn/T/jsreport/autocleanup/c8e49148-2e6d-4c91-b334-9253f0d09269-chrome-pdf.html","meta":{"rootId":"es5jb7vumuo63e2","id":"es5jb7vumuo63e2"},"id":"rqowpy34y6ozffs","previousOperationId":"hb12m3m1grmyyie"}
{"type":"log","timestamp":1701690268518,"level":"debug","message":"Page request finished: GET (document) 200 file:///var/folders/dp/qk79pfcj0y1fmtkkl08m76rc0000gn/T/jsreport/autocleanup/c8e49148-2e6d-4c91-b334-9253f0d09269-chrome-pdf.html","meta":{"rootId":"es5jb7vumuo63e2","id":"es5jb7vumuo63e2"},"id":"orcz3bgfitu9pvd","previousOperationId":"hb12m3m1grmyyie"}
{"type":"log","timestamp":1701690268527,"level":"debug","message":"Custom viewport for chrome page width=800, height=2000","meta":{"rootId":"es5jb7vumuo63e2","id":"es5jb7vumuo63e2"},"id":"hkil6x2fd92y1x2","previousOperationId":"hb12m3m1grmyyie"}
{"type":"log","timestamp":1701690268528,"level":"debug","message":"Running chrome with params {\"printBackground\":true,\"width\":\"5.8cm\",\"height\":\"50cm\",\"timeout\":59970,\"margin\":{}}","meta":{"rootId":"es5jb7vumuo63e2","id":"es5jb7vumuo63e2"},"id":"qskl752c9n9qj1r","previousOperationId":"hb12m3m1grmyyie"}
{"type":"operationEnd","operationId":"hb12m3m1grmyyie","timestamp":1701690268575,"id":"87t9k6n83a08j8k","previousEventId":"7888htmia3j91mv","previousOperationId":"hb12m3m1grmyyie"}
{"type":"log","timestamp":1701690268575,"level":"debug","message":"Skipping storing report.","meta":{"rootId":"es5jb7vumuo63e2","id":"es5jb7vumuo63e2"},"id":"egw2vbo4z78mka4","previousOperationId":"hb12m3m1grmyyie"}
{"type":"log","timestamp":1701690268575,"level":"info","message":"Rendering request 118 finished in 157 ms","meta":{"rootId":"es5jb7vumuo63e2","id":"es5jb7vumuo63e2"},"id":"8xu72hfhhose6yz","previousOperationId":"hb12m3m1grmyyie"}
{"type":"operationEnd","subtype":"render","operationId":"qfbu3e7uufulq67","timestamp":1701690268575,"id":"0egauvdot9rfevo","previousEventId":"87t9k6n83a08j8k","previousOperationId":"hb12m3m1grmyyie"}
{"type":"operationEnd","doDiffs":false,"previousEventId":"zibcf1ovpk6thjc","previousOperationId":"7acjj4mivqh5re2","operationId":"7acjj4mivqh5re2","timestamp":1701690268578,"id":"aul7hddnyoxgu62"}
