{"type":"operationStart","subtype":"profile","data":{"_id":"LpNf1GIaBamThBQa","timestamp":"2023-12-06T09:42:35.927Z","state":"queued","mode":"standard","creationDate":"2023-12-06T09:42:35.931Z","modificationDate":"2023-12-06T09:42:35.931Z","shortid":"YxI9KCA","$entitySet":"profiles"},"doDiffs":false,"timestamp":1701855755929,"id":"cavutgpu9p9mbc2","previousOperationId":null,"operationId":"8baotd0eqg2f375"}
{"type":"log","level":"info","message":"Render request 40 queued for execution and waiting for available worker","previousOperationId":"8baotd0eqg2f375","timestamp":1701855755929,"id":"dnyxle4v0dinytz"}
{"type":"operationStart","subtype":"render","name":"pns_index","previousOperationId":"8baotd0eqg2f375","timestamp":1701855755944,"id":"y8vilepdbyeu521","previousEventId":"cavutgpu9p9mbc2","operationId":"farfp2lnuy52smq"}
{"type":"log","timestamp":1701855755944,"level":"info","message":"Starting rendering request 40","meta":{"rootId":"eu0q3bqewhf85ku","id":"eu0q3bqewhf85ku"},"id":"nmo1i36z8bola1v","previousOperationId":"farfp2lnuy52smq"}
{"type":"log","timestamp":1701855755945,"level":"info","message":"Rendering template { name: pns_index, recipe: chrome-pdf, engine: handlebars, preview: true }","meta":{"rootId":"eu0q3bqewhf85ku","id":"eu0q3bqewhf85ku"},"id":"ah87ldgqpec0v39","previousOperationId":"farfp2lnuy52smq"}
{"type":"log","timestamp":1701855755947,"level":"debug","message":"Inline data specified.","meta":{"rootId":"eu0q3bqewhf85ku","id":"eu0q3bqewhf85ku"},"id":"h1nbuojwyvzh8jr","previousOperationId":"farfp2lnuy52smq"}
{"type":"log","timestamp":1701855755949,"level":"debug","message":"Base url not specified, skipping its injection.","meta":{"rootId":"eu0q3bqewhf85ku","id":"eu0q3bqewhf85ku"},"id":"casvy85viw36vdi","previousOperationId":"farfp2lnuy52smq"}
{"type":"log","timestamp":1701855755951,"level":"debug","message":"Replaced assets [\"styles.css\"]","meta":{"rootId":"eu0q3bqewhf85ku","id":"eu0q3bqewhf85ku"},"id":"4je18le531z8qr0","previousOperationId":"farfp2lnuy52smq"}
{"type":"operationStart","subtype":"engine","name":"handlebars","timestamp":1701855755951,"id":"5sw52jd33am1yu9","previousEventId":"y8vilepdbyeu521","operationId":"krmtblpbzxlqy4u","previousOperationId":"farfp2lnuy52smq"}
{"type":"log","timestamp":1701855755951,"level":"debug","message":"Rendering engine handlebars","meta":{"rootId":"eu0q3bqewhf85ku","id":"eu0q3bqewhf85ku"},"id":"7igjz5rh6sl389x","previousOperationId":"krmtblpbzxlqy4u"}
{"type":"operationEnd","operationId":"krmtblpbzxlqy4u","timestamp":1701855755972,"id":"6r291wvun0xjg5q","previousEventId":"5sw52jd33am1yu9","previousOperationId":"krmtblpbzxlqy4u"}
{"type":"operationStart","subtype":"recipe","name":"chrome-pdf","timestamp":1701855755972,"id":"ykv6d37k5r48jc7","previousEventId":"6r291wvun0xjg5q","operationId":"8ey88pkrhk1wjf3","previousOperationId":"krmtblpbzxlqy4u"}
{"type":"log","timestamp":1701855755972,"level":"debug","message":"Executing recipe chrome-pdf","meta":{"rootId":"eu0q3bqewhf85ku","id":"eu0q3bqewhf85ku"},"id":"gxjwzijakwcmvwg","previousOperationId":"8ey88pkrhk1wjf3"}
{"type":"log","timestamp":1701855755973,"level":"debug","message":"Converting with chrome HeadlessChrome/117.0.5938.149 using chrome-pool strategy","meta":{"rootId":"eu0q3bqewhf85ku","id":"eu0q3bqewhf85ku"},"id":"iuze2kn57uii3zo","previousOperationId":"8ey88pkrhk1wjf3"}
{"type":"log","timestamp":1701855756018,"level":"debug","message":"Page request: GET (document) file:///var/folders/dp/qk79pfcj0y1fmtkkl08m76rc0000gn/T/jsreport/autocleanup/5ba6a76a-63bb-4780-996c-4eb59e5eca2b-chrome-pdf.html","meta":{"rootId":"eu0q3bqewhf85ku","id":"eu0q3bqewhf85ku"},"id":"j6gvi491f5nn38e","previousOperationId":"8ey88pkrhk1wjf3"}
{"type":"log","timestamp":1701855756023,"level":"debug","message":"Page request finished: GET (document) 200 file:///var/folders/dp/qk79pfcj0y1fmtkkl08m76rc0000gn/T/jsreport/autocleanup/5ba6a76a-63bb-4780-996c-4eb59e5eca2b-chrome-pdf.html","meta":{"rootId":"eu0q3bqewhf85ku","id":"eu0q3bqewhf85ku"},"id":"axuf4tpe9okqke6","previousOperationId":"8ey88pkrhk1wjf3"}
{"type":"log","timestamp":1701855756033,"level":"debug","message":"Custom viewport for chrome page width=800, height=2000","meta":{"rootId":"eu0q3bqewhf85ku","id":"eu0q3bqewhf85ku"},"id":"vp13a7dc7ejjnwt","previousOperationId":"8ey88pkrhk1wjf3"}
{"type":"log","timestamp":1701855756035,"level":"debug","message":"Running chrome with params {\"printBackground\":true,\"width\":\"5.8cm\",\"height\":\"40cm\",\"marginRight\":\"0cm\",\"marginLeft\":\"0cm\",\"timeout\":59953,\"margin\":{\"right\":\"0cm\",\"left\":\"0cm\"}}","meta":{"rootId":"eu0q3bqewhf85ku","id":"eu0q3bqewhf85ku"},"id":"mbq1v01dpvlrme0","previousOperationId":"8ey88pkrhk1wjf3"}
{"type":"operationEnd","operationId":"8ey88pkrhk1wjf3","timestamp":1701855756058,"id":"x72q78uatvjg6zh","previousEventId":"ykv6d37k5r48jc7","previousOperationId":"8ey88pkrhk1wjf3"}
{"type":"log","timestamp":1701855756058,"level":"debug","message":"Skipping storing report.","meta":{"rootId":"eu0q3bqewhf85ku","id":"eu0q3bqewhf85ku"},"id":"dxgfm323kv9n2j3","previousOperationId":"8ey88pkrhk1wjf3"}
{"type":"log","timestamp":1701855756058,"level":"info","message":"Rendering request 40 finished in 132 ms","meta":{"rootId":"eu0q3bqewhf85ku","id":"eu0q3bqewhf85ku"},"id":"6cnj0ihdiu3the6","previousOperationId":"8ey88pkrhk1wjf3"}
{"type":"operationEnd","subtype":"render","operationId":"farfp2lnuy52smq","timestamp":1701855756058,"id":"zgh7v0lfp5svyab","previousEventId":"x72q78uatvjg6zh","previousOperationId":"8ey88pkrhk1wjf3"}
{"type":"operationEnd","doDiffs":false,"previousEventId":"cavutgpu9p9mbc2","previousOperationId":"8baotd0eqg2f375","operationId":"8baotd0eqg2f375","timestamp":1701855756059,"id":"jl5uwpaaurny9i4"}
