{"type":"operationStart","subtype":"profile","data":{"_id":"k1utyzyjg4jaT4bV","timestamp":"2023-12-06T10:08:20.321Z","state":"queued","mode":"standard","creationDate":"2023-12-06T10:08:20.323Z","modificationDate":"2023-12-06T10:08:20.323Z","shortid":"EJisQe9","$entitySet":"profiles"},"doDiffs":false,"timestamp":1701857300323,"id":"mcxn920ph4tv1q6","previousOperationId":null,"operationId":"8vgjw74gcn7pjyt"}
{"type":"log","level":"info","message":"Render request 79 queued for execution and waiting for available worker","previousOperationId":"8vgjw74gcn7pjyt","timestamp":1701857300323,"id":"14s7he2p8vk7wuo"}
{"type":"operationStart","subtype":"render","name":"pns_index","previousOperationId":"8vgjw74gcn7pjyt","timestamp":1701857300336,"id":"5nlzvp2z4n2n10n","previousEventId":"mcxn920ph4tv1q6","operationId":"f6jca4pt0tjcclr"}
{"type":"log","timestamp":1701857300337,"level":"info","message":"Starting rendering request 79","meta":{"rootId":"evd1gecqiaxrmkk","id":"evd1gecqiaxrmkk"},"id":"arizxy8ue94290t","previousOperationId":"f6jca4pt0tjcclr"}
{"type":"log","timestamp":1701857300337,"level":"info","message":"Rendering template { name: pns_index, recipe: chrome-pdf, engine: handlebars, preview: true }","meta":{"rootId":"evd1gecqiaxrmkk","id":"evd1gecqiaxrmkk"},"id":"gyo2rwp6vkezdu4","previousOperationId":"f6jca4pt0tjcclr"}
{"type":"log","timestamp":1701857300338,"level":"debug","message":"Inline data specified.","meta":{"rootId":"evd1gecqiaxrmkk","id":"evd1gecqiaxrmkk"},"id":"1epxxvs6v13hqvq","previousOperationId":"f6jca4pt0tjcclr"}
{"type":"log","timestamp":1701857300340,"level":"debug","message":"Base url not specified, skipping its injection.","meta":{"rootId":"evd1gecqiaxrmkk","id":"evd1gecqiaxrmkk"},"id":"nexko2ajrijiuvp","previousOperationId":"f6jca4pt0tjcclr"}
{"type":"log","timestamp":1701857300341,"level":"debug","message":"Replaced assets [\"styles.css\"]","meta":{"rootId":"evd1gecqiaxrmkk","id":"evd1gecqiaxrmkk"},"id":"r4a922s7inlajls","previousOperationId":"f6jca4pt0tjcclr"}
{"type":"operationStart","subtype":"engine","name":"handlebars","timestamp":1701857300341,"id":"dm4hthuemq0spqp","previousEventId":"5nlzvp2z4n2n10n","operationId":"v7hju8js01e214p","previousOperationId":"f6jca4pt0tjcclr"}
{"type":"log","timestamp":1701857300341,"level":"debug","message":"Rendering engine handlebars","meta":{"rootId":"evd1gecqiaxrmkk","id":"evd1gecqiaxrmkk"},"id":"m9tkl4v7mf3tho4","previousOperationId":"v7hju8js01e214p"}
{"type":"operationEnd","operationId":"v7hju8js01e214p","timestamp":1701857300374,"id":"bglbnrcsdckpk3l","previousEventId":"dm4hthuemq0spqp","previousOperationId":"v7hju8js01e214p"}
{"type":"operationStart","subtype":"recipe","name":"chrome-pdf","timestamp":1701857300375,"id":"w43agtr1a1qrz4p","previousEventId":"bglbnrcsdckpk3l","operationId":"4bz46k9sjez9bjl","previousOperationId":"v7hju8js01e214p"}
{"type":"log","timestamp":1701857300375,"level":"debug","message":"Executing recipe chrome-pdf","meta":{"rootId":"evd1gecqiaxrmkk","id":"evd1gecqiaxrmkk"},"id":"5sg79epf36u2d4f","previousOperationId":"4bz46k9sjez9bjl"}
{"type":"log","timestamp":1701857300376,"level":"debug","message":"Converting with chrome HeadlessChrome/117.0.5938.149 using chrome-pool strategy","meta":{"rootId":"evd1gecqiaxrmkk","id":"evd1gecqiaxrmkk"},"id":"dui7gart9t0n3kd","previousOperationId":"4bz46k9sjez9bjl"}
{"type":"log","timestamp":1701857300428,"level":"debug","message":"Page request: GET (document) file:///var/folders/dp/qk79pfcj0y1fmtkkl08m76rc0000gn/T/jsreport/autocleanup/478a4147-1088-4ec2-9109-1e85c230e46d-chrome-pdf.html","meta":{"rootId":"evd1gecqiaxrmkk","id":"evd1gecqiaxrmkk"},"id":"5d1nvx639e2qwzh","previousOperationId":"4bz46k9sjez9bjl"}
{"type":"log","timestamp":1701857300433,"level":"debug","message":"Page request finished: GET (document) 200 file:///var/folders/dp/qk79pfcj0y1fmtkkl08m76rc0000gn/T/jsreport/autocleanup/478a4147-1088-4ec2-9109-1e85c230e46d-chrome-pdf.html","meta":{"rootId":"evd1gecqiaxrmkk","id":"evd1gecqiaxrmkk"},"id":"rptib81b614aiay","previousOperationId":"4bz46k9sjez9bjl"}
{"type":"log","timestamp":1701857300443,"level":"debug","message":"Custom viewport for chrome page width=800, height=2000","meta":{"rootId":"evd1gecqiaxrmkk","id":"evd1gecqiaxrmkk"},"id":"l1yro5moyg53fwv","previousOperationId":"4bz46k9sjez9bjl"}
{"type":"log","timestamp":1701857300444,"level":"debug","message":"Running chrome with params {\"printBackground\":true,\"width\":\"6.8cm\",\"height\":\"60cm\",\"marginRight\":\"0cm\",\"marginLeft\":\"0cm\",\"timeout\":59946,\"margin\":{\"right\":\"0cm\",\"left\":\"0cm\"}}","meta":{"rootId":"evd1gecqiaxrmkk","id":"evd1gecqiaxrmkk"},"id":"btkful3y64qextj","previousOperationId":"4bz46k9sjez9bjl"}
{"type":"operationEnd","operationId":"4bz46k9sjez9bjl","timestamp":1701857300473,"id":"nroc35mm9tp77w6","previousEventId":"w43agtr1a1qrz4p","previousOperationId":"4bz46k9sjez9bjl"}
{"type":"log","timestamp":1701857300473,"level":"debug","message":"Skipping storing report.","meta":{"rootId":"evd1gecqiaxrmkk","id":"evd1gecqiaxrmkk"},"id":"c1qlshr0bdwww9m","previousOperationId":"4bz46k9sjez9bjl"}
{"type":"log","timestamp":1701857300473,"level":"info","message":"Rendering request 79 finished in 152 ms","meta":{"rootId":"evd1gecqiaxrmkk","id":"evd1gecqiaxrmkk"},"id":"r70aa81bc5slmj6","previousOperationId":"4bz46k9sjez9bjl"}
{"type":"operationEnd","subtype":"render","operationId":"f6jca4pt0tjcclr","timestamp":1701857300473,"id":"ny5v2nfhqn4kig9","previousEventId":"nroc35mm9tp77w6","previousOperationId":"4bz46k9sjez9bjl"}
{"type":"operationEnd","doDiffs":false,"previousEventId":"mcxn920ph4tv1q6","previousOperationId":"8vgjw74gcn7pjyt","operationId":"8vgjw74gcn7pjyt","timestamp":1701857300475,"id":"4sevbnocs3m5ceu"}
