{"type":"operationStart","subtype":"profile","data":{"_id":"WCowe4TJcfnCDBXD","timestamp":"2023-11-28T13:38:13.895Z","state":"queued","mode":"standard","creationDate":"2023-11-28T13:38:13.896Z","modificationDate":"2023-11-28T13:38:13.896Z","shortid":"Iv5-BcU","$entitySet":"profiles"},"doDiffs":false,"timestamp":1701178693895,"id":"5fm4ti789g60bag","previousOperationId":null,"operationId":"9c0hx7xvzqpib6p"}
{"type":"log","level":"info","message":"Render request 82 queued for execution and waiting for available worker","previousOperationId":"9c0hx7xvzqpib6p","timestamp":1701178693895,"id":"o2hzs9xvoub01au"}
{"type":"operationStart","subtype":"render","name":"pns_index","previousOperationId":"9c0hx7xvzqpib6p","timestamp":1701178693903,"id":"ts2hgcix7o7pk46","previousEventId":"5fm4ti789g60bag","operationId":"5aj58xuoj1phcy0"}
{"type":"log","timestamp":1701178693903,"level":"info","message":"Starting rendering request 82","meta":{"rootId":"favvmrgsf8v3txw","id":"favvmrgsf8v3txw"},"id":"fa1kkoox2z85qp4","previousOperationId":"5aj58xuoj1phcy0"}
{"type":"log","timestamp":1701178693903,"level":"info","message":"Rendering template { name: pns_index, recipe: chrome-pdf, engine: handlebars, preview: true }","meta":{"rootId":"favvmrgsf8v3txw","id":"favvmrgsf8v3txw"},"id":"hvsgziulrk2e7jj","previousOperationId":"5aj58xuoj1phcy0"}
{"type":"log","timestamp":1701178693907,"level":"debug","message":"Adding sample data flbhzmKcJ","meta":{"rootId":"favvmrgsf8v3txw","id":"favvmrgsf8v3txw"},"id":"fvcsfujzrkerbcb","previousOperationId":"5aj58xuoj1phcy0"}
{"type":"log","timestamp":1701178693911,"level":"debug","message":"Base url not specified, skipping its injection.","meta":{"rootId":"favvmrgsf8v3txw","id":"favvmrgsf8v3txw"},"id":"h1q82m4j95fxqo6","previousOperationId":"5aj58xuoj1phcy0"}
{"type":"operationStart","subtype":"engine","name":"handlebars","timestamp":1701178693911,"id":"5b2fwvnvd7gazm6","previousEventId":"ts2hgcix7o7pk46","operationId":"jmtri1jectia2vy","previousOperationId":"5aj58xuoj1phcy0"}
{"type":"log","timestamp":1701178693911,"level":"debug","message":"Rendering engine handlebars","meta":{"rootId":"favvmrgsf8v3txw","id":"favvmrgsf8v3txw"},"id":"vxbdwvn406kv0cc","previousOperationId":"jmtri1jectia2vy"}
{"type":"operationEnd","operationId":"jmtri1jectia2vy","timestamp":1701178693930,"id":"hhitxuwerb4zqix","previousEventId":"5b2fwvnvd7gazm6","previousOperationId":"jmtri1jectia2vy"}
{"type":"operationStart","subtype":"recipe","name":"chrome-pdf","timestamp":1701178693931,"id":"mlze55akw4nj0n4","previousEventId":"hhitxuwerb4zqix","operationId":"wi1ixh2hz0h41fv","previousOperationId":"jmtri1jectia2vy"}
{"type":"log","timestamp":1701178693931,"level":"debug","message":"Executing recipe chrome-pdf","meta":{"rootId":"favvmrgsf8v3txw","id":"favvmrgsf8v3txw"},"id":"ydikkj9nn1rvcvt","previousOperationId":"wi1ixh2hz0h41fv"}
{"type":"log","timestamp":1701178693932,"level":"debug","message":"Converting with chrome HeadlessChrome/117.0.5938.149 using chrome-pool strategy","meta":{"rootId":"favvmrgsf8v3txw","id":"favvmrgsf8v3txw"},"id":"a8qtlg6qrsoqy22","previousOperationId":"wi1ixh2hz0h41fv"}
{"type":"log","timestamp":1701178693975,"level":"debug","message":"Page request: GET (document) file:///var/folders/dp/qk79pfcj0y1fmtkkl08m76rc0000gn/T/jsreport/autocleanup/94f18fe5-5540-43c4-b3cc-6bed5c508a27-chrome-pdf.html","meta":{"rootId":"favvmrgsf8v3txw","id":"favvmrgsf8v3txw"},"id":"4khisi77i9di1xq","previousOperationId":"wi1ixh2hz0h41fv"}
{"type":"log","timestamp":1701178693980,"level":"debug","message":"Page request finished: GET (document) 200 file:///var/folders/dp/qk79pfcj0y1fmtkkl08m76rc0000gn/T/jsreport/autocleanup/94f18fe5-5540-43c4-b3cc-6bed5c508a27-chrome-pdf.html","meta":{"rootId":"favvmrgsf8v3txw","id":"favvmrgsf8v3txw"},"id":"dyi6e2dsa4nuv5v","previousOperationId":"wi1ixh2hz0h41fv"}
{"type":"log","timestamp":1701178693990,"level":"debug","message":"Custom viewport for chrome page width=800, height=2000","meta":{"rootId":"favvmrgsf8v3txw","id":"favvmrgsf8v3txw"},"id":"6fld29ksxemunye","previousOperationId":"wi1ixh2hz0h41fv"}
{"type":"log","timestamp":1701178693991,"level":"debug","message":"Running chrome with params {\"printBackground\":true,\"width\":\"5.8cm\",\"height\":\"50cm\",\"timeout\":59963,\"margin\":{}}","meta":{"rootId":"favvmrgsf8v3txw","id":"favvmrgsf8v3txw"},"id":"wivk5ieql3edzbd","previousOperationId":"wi1ixh2hz0h41fv"}
{"type":"operationEnd","operationId":"wi1ixh2hz0h41fv","timestamp":1701178694017,"id":"f6qvg4a1ok28jho","previousEventId":"mlze55akw4nj0n4","previousOperationId":"wi1ixh2hz0h41fv"}
{"type":"log","timestamp":1701178694017,"level":"debug","message":"Skipping storing report.","meta":{"rootId":"favvmrgsf8v3txw","id":"favvmrgsf8v3txw"},"id":"om9lej6eyb68xkx","previousOperationId":"wi1ixh2hz0h41fv"}
{"type":"log","timestamp":1701178694017,"level":"info","message":"Rendering request 82 finished in 123 ms","meta":{"rootId":"favvmrgsf8v3txw","id":"favvmrgsf8v3txw"},"id":"vbeh2roclo4i8ps","previousOperationId":"wi1ixh2hz0h41fv"}
{"type":"operationEnd","subtype":"render","operationId":"5aj58xuoj1phcy0","timestamp":1701178694017,"id":"z9asp9va8pzpgyq","previousEventId":"f6qvg4a1ok28jho","previousOperationId":"wi1ixh2hz0h41fv"}
{"type":"operationEnd","doDiffs":false,"previousEventId":"5fm4ti789g60bag","previousOperationId":"9c0hx7xvzqpib6p","operationId":"9c0hx7xvzqpib6p","timestamp":1701178694018,"id":"wmapxzwwgpl3odf"}
