{"type":"operationStart","subtype":"profile","data":{"_id":"UUvJnViEsduM1uKQ","timestamp":"2023-12-06T10:07:13.254Z","state":"queued","mode":"standard","creationDate":"2023-12-06T10:07:13.258Z","modificationDate":"2023-12-06T10:07:13.258Z","shortid":"25NZfMo","$entitySet":"profiles"},"doDiffs":false,"timestamp":1701857233256,"id":"e0xsq6jcxnr99hp","previousOperationId":null,"operationId":"kg7yzgcev41w1n6"}
{"type":"log","level":"info","message":"Render request 77 queued for execution and waiting for available worker","previousOperationId":"kg7yzgcev41w1n6","timestamp":1701857233257,"id":"mhmpw7jnr9ai6x3"}
{"type":"operationStart","subtype":"render","name":"pns_index","previousOperationId":"kg7yzgcev41w1n6","timestamp":1701857233275,"id":"hhrs3z95t4quk0b","previousEventId":"e0xsq6jcxnr99hp","operationId":"qalv09f0idfalru"}
{"type":"log","timestamp":1701857233276,"level":"info","message":"Starting rendering request 77","meta":{"rootId":"fmfsixafjob03fk","id":"fmfsixafjob03fk"},"id":"ivqpk8462ahldab","previousOperationId":"qalv09f0idfalru"}
{"type":"log","timestamp":1701857233276,"level":"info","message":"Rendering template { name: pns_index, recipe: chrome-pdf, engine: handlebars, preview: true }","meta":{"rootId":"fmfsixafjob03fk","id":"fmfsixafjob03fk"},"id":"jvm7c5mpzqwzm58","previousOperationId":"qalv09f0idfalru"}
{"type":"log","timestamp":1701857233277,"level":"debug","message":"Inline data specified.","meta":{"rootId":"fmfsixafjob03fk","id":"fmfsixafjob03fk"},"id":"0ejrzi6j1patnfe","previousOperationId":"qalv09f0idfalru"}
{"type":"log","timestamp":1701857233280,"level":"debug","message":"Base url not specified, skipping its injection.","meta":{"rootId":"fmfsixafjob03fk","id":"fmfsixafjob03fk"},"id":"9bbbygo7x03i6zc","previousOperationId":"qalv09f0idfalru"}
{"type":"log","timestamp":1701857233281,"level":"debug","message":"Replaced assets [\"styles.css\"]","meta":{"rootId":"fmfsixafjob03fk","id":"fmfsixafjob03fk"},"id":"1w9j8pfc9tzx4ma","previousOperationId":"qalv09f0idfalru"}
{"type":"operationStart","subtype":"engine","name":"handlebars","timestamp":1701857233281,"id":"h0npagx69ghnvqh","previousEventId":"hhrs3z95t4quk0b","operationId":"isljyjb1m3glu07","previousOperationId":"qalv09f0idfalru"}
{"type":"log","timestamp":1701857233281,"level":"debug","message":"Rendering engine handlebars","meta":{"rootId":"fmfsixafjob03fk","id":"fmfsixafjob03fk"},"id":"obsfozqe3vpcuz2","previousOperationId":"isljyjb1m3glu07"}
{"type":"operationEnd","operationId":"isljyjb1m3glu07","timestamp":1701857233323,"id":"9n4ygdrqwwb1rkg","previousEventId":"h0npagx69ghnvqh","previousOperationId":"isljyjb1m3glu07"}
{"type":"operationStart","subtype":"recipe","name":"chrome-pdf","timestamp":1701857233323,"id":"dhzlawlu1z8mg1r","previousEventId":"9n4ygdrqwwb1rkg","operationId":"s75al8e40ob27b9","previousOperationId":"isljyjb1m3glu07"}
{"type":"log","timestamp":1701857233323,"level":"debug","message":"Executing recipe chrome-pdf","meta":{"rootId":"fmfsixafjob03fk","id":"fmfsixafjob03fk"},"id":"b8niiez0p1fvjn2","previousOperationId":"s75al8e40ob27b9"}
{"type":"log","timestamp":1701857233325,"level":"debug","message":"Converting with chrome HeadlessChrome/117.0.5938.149 using chrome-pool strategy","meta":{"rootId":"fmfsixafjob03fk","id":"fmfsixafjob03fk"},"id":"56mtim2flhcrind","previousOperationId":"s75al8e40ob27b9"}
{"type":"log","timestamp":1701857233372,"level":"debug","message":"Page request: GET (document) file:///var/folders/dp/qk79pfcj0y1fmtkkl08m76rc0000gn/T/jsreport/autocleanup/0c5ec6df-b9eb-437d-848c-2e5789e09e6b-chrome-pdf.html","meta":{"rootId":"fmfsixafjob03fk","id":"fmfsixafjob03fk"},"id":"pc42bly80fm966j","previousOperationId":"s75al8e40ob27b9"}
{"type":"log","timestamp":1701857233377,"level":"debug","message":"Page request finished: GET (document) 200 file:///var/folders/dp/qk79pfcj0y1fmtkkl08m76rc0000gn/T/jsreport/autocleanup/0c5ec6df-b9eb-437d-848c-2e5789e09e6b-chrome-pdf.html","meta":{"rootId":"fmfsixafjob03fk","id":"fmfsixafjob03fk"},"id":"pn6yetcdfpvwwaf","previousOperationId":"s75al8e40ob27b9"}
{"type":"log","timestamp":1701857233387,"level":"debug","message":"Custom viewport for chrome page width=800, height=2000","meta":{"rootId":"fmfsixafjob03fk","id":"fmfsixafjob03fk"},"id":"2ph12urdumdhdf2","previousOperationId":"s75al8e40ob27b9"}
{"type":"log","timestamp":1701857233389,"level":"debug","message":"Running chrome with params {\"printBackground\":true,\"width\":\"6.8cm\",\"height\":\"60cm\",\"marginRight\":\"0cm\",\"marginLeft\":\"0cm\",\"timeout\":59929,\"margin\":{\"right\":\"0cm\",\"left\":\"0cm\"}}","meta":{"rootId":"fmfsixafjob03fk","id":"fmfsixafjob03fk"},"id":"7vb0e4vxw838u0x","previousOperationId":"s75al8e40ob27b9"}
{"type":"operationEnd","operationId":"s75al8e40ob27b9","timestamp":1701857233423,"id":"lec8jjn4xepnbem","previousEventId":"dhzlawlu1z8mg1r","previousOperationId":"s75al8e40ob27b9"}
{"type":"log","timestamp":1701857233423,"level":"debug","message":"Skipping storing report.","meta":{"rootId":"fmfsixafjob03fk","id":"fmfsixafjob03fk"},"id":"4f3fkfnhu98yntg","previousOperationId":"s75al8e40ob27b9"}
{"type":"log","timestamp":1701857233424,"level":"info","message":"Rendering request 77 finished in 171 ms","meta":{"rootId":"fmfsixafjob03fk","id":"fmfsixafjob03fk"},"id":"v607uzgkytwy77w","previousOperationId":"s75al8e40ob27b9"}
{"type":"operationEnd","subtype":"render","operationId":"qalv09f0idfalru","timestamp":1701857233424,"id":"e3zrbw1k9duiah6","previousEventId":"lec8jjn4xepnbem","previousOperationId":"s75al8e40ob27b9"}
{"type":"operationEnd","doDiffs":false,"previousEventId":"e0xsq6jcxnr99hp","previousOperationId":"kg7yzgcev41w1n6","operationId":"kg7yzgcev41w1n6","timestamp":1701857233425,"id":"4t1zv2c1ogpcsnq"}
