{"type":"operationStart","subtype":"profile","data":{"_id":"iIrQR7h2BfJgjSql","timestamp":"2023-11-28T13:30:27.910Z","state":"queued","mode":"standard","creationDate":"2023-11-28T13:30:27.912Z","modificationDate":"2023-11-28T13:30:27.912Z","shortid":"rsf4Wbz","$entitySet":"profiles"},"doDiffs":false,"timestamp":1701178227910,"id":"vlpvqq79pqr7svw","previousOperationId":null,"operationId":"zmf9em5uswz5vwz"}
{"type":"log","level":"info","message":"Render request 74 queued for execution and waiting for available worker","previousOperationId":"zmf9em5uswz5vwz","timestamp":1701178227910,"id":"zduqq1f27tn53j4"}
{"type":"operationStart","subtype":"render","name":"pns_index","previousOperationId":"zmf9em5uswz5vwz","timestamp":1701178227919,"id":"ktamrbbflg64zsl","previousEventId":"vlpvqq79pqr7svw","operationId":"pomlxgcy2od3yjn"}
{"type":"log","timestamp":1701178227919,"level":"info","message":"Starting rendering request 74","meta":{"rootId":"fn0r3zcx7q0iy0z","id":"fn0r3zcx7q0iy0z"},"id":"8tk55d0ud1wu9ad","previousOperationId":"pomlxgcy2od3yjn"}
{"type":"log","timestamp":1701178227919,"level":"info","message":"Rendering template { name: pns_index, recipe: chrome-pdf, engine: handlebars, preview: true }","meta":{"rootId":"fn0r3zcx7q0iy0z","id":"fn0r3zcx7q0iy0z"},"id":"9suu64yzz1sq1ca","previousOperationId":"pomlxgcy2od3yjn"}
{"type":"log","timestamp":1701178227922,"level":"debug","message":"Inline data specified.","meta":{"rootId":"fn0r3zcx7q0iy0z","id":"fn0r3zcx7q0iy0z"},"id":"e2ot5s4smejnj0i","previousOperationId":"pomlxgcy2od3yjn"}
{"type":"log","timestamp":1701178227925,"level":"debug","message":"Base url not specified, skipping its injection.","meta":{"rootId":"fn0r3zcx7q0iy0z","id":"fn0r3zcx7q0iy0z"},"id":"mxvar5al0q68dqq","previousOperationId":"pomlxgcy2od3yjn"}
{"type":"operationStart","subtype":"engine","name":"handlebars","timestamp":1701178227925,"id":"uduh79b4q4z7oje","previousEventId":"ktamrbbflg64zsl","operationId":"f0m6x8v5llqqy4z","previousOperationId":"pomlxgcy2od3yjn"}
{"type":"log","timestamp":1701178227925,"level":"debug","message":"Rendering engine handlebars","meta":{"rootId":"fn0r3zcx7q0iy0z","id":"fn0r3zcx7q0iy0z"},"id":"96xya6zlvedyw7p","previousOperationId":"f0m6x8v5llqqy4z"}
{"type":"operationEnd","operationId":"f0m6x8v5llqqy4z","timestamp":1701178227947,"id":"zbu5zc35qacp07v","previousEventId":"uduh79b4q4z7oje","previousOperationId":"f0m6x8v5llqqy4z"}
{"type":"operationStart","subtype":"recipe","name":"chrome-pdf","timestamp":1701178227948,"id":"wg2lc5p0zr1dv0w","previousEventId":"zbu5zc35qacp07v","operationId":"1jhxb1xdirte4sv","previousOperationId":"f0m6x8v5llqqy4z"}
{"type":"log","timestamp":1701178227948,"level":"debug","message":"Executing recipe chrome-pdf","meta":{"rootId":"fn0r3zcx7q0iy0z","id":"fn0r3zcx7q0iy0z"},"id":"ogjm71xvxyxrbg1","previousOperationId":"1jhxb1xdirte4sv"}
{"type":"log","timestamp":1701178227949,"level":"debug","message":"Converting with chrome HeadlessChrome/117.0.5938.149 using chrome-pool strategy","meta":{"rootId":"fn0r3zcx7q0iy0z","id":"fn0r3zcx7q0iy0z"},"id":"gne2djnid8ujdg2","previousOperationId":"1jhxb1xdirte4sv"}
{"type":"log","timestamp":1701178227999,"level":"debug","message":"Page request: GET (document) file:///var/folders/dp/qk79pfcj0y1fmtkkl08m76rc0000gn/T/jsreport/autocleanup/c1f733c5-6be3-4ac2-89a0-70bc71111393-chrome-pdf.html","meta":{"rootId":"fn0r3zcx7q0iy0z","id":"fn0r3zcx7q0iy0z"},"id":"zcz8a4dt4vsccl7","previousOperationId":"1jhxb1xdirte4sv"}
{"type":"log","timestamp":1701178228005,"level":"debug","message":"Page request finished: GET (document) 200 file:///var/folders/dp/qk79pfcj0y1fmtkkl08m76rc0000gn/T/jsreport/autocleanup/c1f733c5-6be3-4ac2-89a0-70bc71111393-chrome-pdf.html","meta":{"rootId":"fn0r3zcx7q0iy0z","id":"fn0r3zcx7q0iy0z"},"id":"7fbz5bsg9ebd1h2","previousOperationId":"1jhxb1xdirte4sv"}
{"type":"log","timestamp":1701178228013,"level":"debug","message":"Custom viewport for chrome page width=800, height=2000","meta":{"rootId":"fn0r3zcx7q0iy0z","id":"fn0r3zcx7q0iy0z"},"id":"i6afvt8ozbbrox5","previousOperationId":"1jhxb1xdirte4sv"}
{"type":"log","timestamp":1701178228014,"level":"debug","message":"Running chrome with params {\"printBackground\":true,\"width\":\"5.8cm\",\"height\":\"50cm\",\"timeout\":59962,\"margin\":{}}","meta":{"rootId":"fn0r3zcx7q0iy0z","id":"fn0r3zcx7q0iy0z"},"id":"vlnz792pgk47fjs","previousOperationId":"1jhxb1xdirte4sv"}
{"type":"operationEnd","operationId":"1jhxb1xdirte4sv","timestamp":1701178228041,"id":"ivipkh2tftotegr","previousEventId":"wg2lc5p0zr1dv0w","previousOperationId":"1jhxb1xdirte4sv"}
{"type":"log","timestamp":1701178228041,"level":"debug","message":"Skipping storing report.","meta":{"rootId":"fn0r3zcx7q0iy0z","id":"fn0r3zcx7q0iy0z"},"id":"kzvwbq58br97897","previousOperationId":"1jhxb1xdirte4sv"}
{"type":"log","timestamp":1701178228042,"level":"info","message":"Rendering request 74 finished in 132 ms","meta":{"rootId":"fn0r3zcx7q0iy0z","id":"fn0r3zcx7q0iy0z"},"id":"sdnjxuf0wz88y14","previousOperationId":"1jhxb1xdirte4sv"}
{"type":"operationEnd","subtype":"render","operationId":"pomlxgcy2od3yjn","timestamp":1701178228042,"id":"15fckpdtq9kcvis","previousEventId":"ivipkh2tftotegr","previousOperationId":"1jhxb1xdirte4sv"}
{"type":"operationEnd","doDiffs":false,"previousEventId":"vlpvqq79pqr7svw","previousOperationId":"zmf9em5uswz5vwz","operationId":"zmf9em5uswz5vwz","timestamp":1701178228044,"id":"qy55crvgv5x3c2r"}
