{"type":"operationStart","subtype":"profile","data":{"_id":"bIrW30CIKak0gp10","timestamp":"2023-12-04T14:04:11.350Z","state":"queued","mode":"standard","creationDate":"2023-12-04T14:04:11.352Z","modificationDate":"2023-12-04T14:04:11.352Z","shortid":"x2JCt7Z","$entitySet":"profiles"},"doDiffs":false,"timestamp":1701698651351,"id":"mcodhq540324iwk","previousOperationId":null,"operationId":"2nbcg6bd32ee4n2"}
{"type":"log","level":"info","message":"Render request 38 queued for execution and waiting for available worker","previousOperationId":"2nbcg6bd32ee4n2","timestamp":1701698651352,"id":"1k3b4fa84wtw1rl"}
{"type":"operationStart","subtype":"render","name":"pns_index","previousOperationId":"2nbcg6bd32ee4n2","timestamp":1701698651373,"id":"u39lyqktnstoc5f","previousEventId":"mcodhq540324iwk","operationId":"kstavl0bm3t9xuw"}
{"type":"log","timestamp":1701698651374,"level":"info","message":"Starting rendering request 38","meta":{"rootId":"ftipunhfiebw8x1","id":"ftipunhfiebw8x1"},"id":"wwbntvy852sub6u","previousOperationId":"kstavl0bm3t9xuw"}
{"type":"log","timestamp":1701698651374,"level":"info","message":"Rendering template { name: pns_index, recipe: chrome-pdf, engine: handlebars, preview: true }","meta":{"rootId":"ftipunhfiebw8x1","id":"ftipunhfiebw8x1"},"id":"bjb86gb3bg8p704","previousOperationId":"kstavl0bm3t9xuw"}
{"type":"log","timestamp":1701698651375,"level":"debug","message":"Inline data specified.","meta":{"rootId":"ftipunhfiebw8x1","id":"ftipunhfiebw8x1"},"id":"jj2goakreafe51w","previousOperationId":"kstavl0bm3t9xuw"}
{"type":"log","timestamp":1701698651378,"level":"debug","message":"Base url not specified, skipping its injection.","meta":{"rootId":"ftipunhfiebw8x1","id":"ftipunhfiebw8x1"},"id":"x00ho9euzyslz1z","previousOperationId":"kstavl0bm3t9xuw"}
{"type":"log","timestamp":1701698651379,"level":"debug","message":"Replaced assets [\"styles.css\"]","meta":{"rootId":"ftipunhfiebw8x1","id":"ftipunhfiebw8x1"},"id":"z8nxr09xsma6qfo","previousOperationId":"kstavl0bm3t9xuw"}
{"type":"operationStart","subtype":"engine","name":"handlebars","timestamp":1701698651379,"id":"b9fsu2hr46ym0xg","previousEventId":"u39lyqktnstoc5f","operationId":"yy0va385qvatxsz","previousOperationId":"kstavl0bm3t9xuw"}
{"type":"log","timestamp":1701698651379,"level":"debug","message":"Rendering engine handlebars","meta":{"rootId":"ftipunhfiebw8x1","id":"ftipunhfiebw8x1"},"id":"10w7hb0sw9izial","previousOperationId":"yy0va385qvatxsz"}
{"type":"operationEnd","operationId":"yy0va385qvatxsz","timestamp":1701698651403,"id":"95jaemg8if8pusn","previousEventId":"b9fsu2hr46ym0xg","previousOperationId":"yy0va385qvatxsz"}
{"type":"operationStart","subtype":"recipe","name":"chrome-pdf","timestamp":1701698651403,"id":"m0pmwhyky69pil4","previousEventId":"95jaemg8if8pusn","operationId":"322twrcor8wv5cz","previousOperationId":"yy0va385qvatxsz"}
{"type":"log","timestamp":1701698651403,"level":"debug","message":"Executing recipe chrome-pdf","meta":{"rootId":"ftipunhfiebw8x1","id":"ftipunhfiebw8x1"},"id":"o2ymm3r7f3ntfre","previousOperationId":"322twrcor8wv5cz"}
{"type":"log","timestamp":1701698651405,"level":"debug","message":"Converting with chrome HeadlessChrome/117.0.5938.149 using chrome-pool strategy","meta":{"rootId":"ftipunhfiebw8x1","id":"ftipunhfiebw8x1"},"id":"7qfn3hq3hadebve","previousOperationId":"322twrcor8wv5cz"}
{"type":"log","timestamp":1701698651456,"level":"debug","message":"Page request: GET (document) file:///var/folders/dp/qk79pfcj0y1fmtkkl08m76rc0000gn/T/jsreport/autocleanup/0fe12044-dc84-4a91-b493-bbc20ddccdac-chrome-pdf.html","meta":{"rootId":"ftipunhfiebw8x1","id":"ftipunhfiebw8x1"},"id":"sg39oz0scl1orcy","previousOperationId":"322twrcor8wv5cz"}
{"type":"log","timestamp":1701698651460,"level":"debug","message":"Page request finished: GET (document) 200 file:///var/folders/dp/qk79pfcj0y1fmtkkl08m76rc0000gn/T/jsreport/autocleanup/0fe12044-dc84-4a91-b493-bbc20ddccdac-chrome-pdf.html","meta":{"rootId":"ftipunhfiebw8x1","id":"ftipunhfiebw8x1"},"id":"qyitelsywshzg3u","previousOperationId":"322twrcor8wv5cz"}
{"type":"log","timestamp":1701698651471,"level":"debug","message":"Custom viewport for chrome page width=800, height=2000","meta":{"rootId":"ftipunhfiebw8x1","id":"ftipunhfiebw8x1"},"id":"v259hxgglc7npk2","previousOperationId":"322twrcor8wv5cz"}
{"type":"log","timestamp":1701698651472,"level":"debug","message":"Running chrome with params {\"printBackground\":true,\"width\":\"5.8cm\",\"height\":\"50cm\",\"timeout\":59946,\"margin\":{}}","meta":{"rootId":"ftipunhfiebw8x1","id":"ftipunhfiebw8x1"},"id":"acl9qcfaf282c7l","previousOperationId":"322twrcor8wv5cz"}
{"type":"operationEnd","operationId":"322twrcor8wv5cz","timestamp":1701698651508,"id":"kiqz1xh3h4kkrw7","previousEventId":"m0pmwhyky69pil4","previousOperationId":"322twrcor8wv5cz"}
{"type":"log","timestamp":1701698651509,"level":"debug","message":"Skipping storing report.","meta":{"rootId":"ftipunhfiebw8x1","id":"ftipunhfiebw8x1"},"id":"nvuwbwyivd8kfao","previousOperationId":"322twrcor8wv5cz"}
{"type":"log","timestamp":1701698651509,"level":"info","message":"Rendering request 38 finished in 159 ms","meta":{"rootId":"ftipunhfiebw8x1","id":"ftipunhfiebw8x1"},"id":"bmahet6lqtt13i6","previousOperationId":"322twrcor8wv5cz"}
{"type":"operationEnd","subtype":"render","operationId":"kstavl0bm3t9xuw","timestamp":1701698651509,"id":"57c3v2gmhnnf1ea","previousEventId":"kiqz1xh3h4kkrw7","previousOperationId":"322twrcor8wv5cz"}
{"type":"operationEnd","doDiffs":false,"previousEventId":"mcodhq540324iwk","previousOperationId":"2nbcg6bd32ee4n2","operationId":"2nbcg6bd32ee4n2","timestamp":1701698651510,"id":"o7yv3hbrqv7l0zo"}
