{"type":"operationStart","subtype":"profile","data":{"_id":"TARBTcDTsFa1XC2J","timestamp":"2023-12-05T14:47:02.980Z","state":"queued","mode":"standard","creationDate":"2023-12-05T14:47:02.983Z","modificationDate":"2023-12-05T14:47:02.983Z","shortid":"DM7oG23","$entitySet":"profiles"},"doDiffs":false,"timestamp":1701787622981,"id":"hpe78xfzg7in6c2","previousOperationId":null,"operationId":"y4urd91kzx9cqw9"}
{"type":"log","level":"info","message":"Render request 19 queued for execution and waiting for available worker","previousOperationId":"y4urd91kzx9cqw9","timestamp":1701787622982,"id":"sy9s8i3awkwi0wm"}
{"type":"operationStart","subtype":"render","name":"pns_index","previousOperationId":"y4urd91kzx9cqw9","timestamp":1701787622994,"id":"ql7pokkg9mgmjiy","previousEventId":"hpe78xfzg7in6c2","operationId":"zgz1c8n04e4824f"}
{"type":"log","timestamp":1701787622994,"level":"info","message":"Starting rendering request 19","meta":{"rootId":"g9ro7vwg425f1lp","id":"g9ro7vwg425f1lp"},"id":"nxk5k6uux9vtgtg","previousOperationId":"zgz1c8n04e4824f"}
{"type":"log","timestamp":1701787622994,"level":"info","message":"Rendering template { name: pns_index, recipe: chrome-pdf, engine: handlebars, preview: true }","meta":{"rootId":"g9ro7vwg425f1lp","id":"g9ro7vwg425f1lp"},"id":"845jnjn4yve13xv","previousOperationId":"zgz1c8n04e4824f"}
{"type":"log","timestamp":1701787622997,"level":"debug","message":"Adding sample data flbhzmKcJ","meta":{"rootId":"g9ro7vwg425f1lp","id":"g9ro7vwg425f1lp"},"id":"qquph4tmsf1qs1s","previousOperationId":"zgz1c8n04e4824f"}
{"type":"log","timestamp":1701787623001,"level":"debug","message":"Base url not specified, skipping its injection.","meta":{"rootId":"g9ro7vwg425f1lp","id":"g9ro7vwg425f1lp"},"id":"mk8ssjifu9p5z45","previousOperationId":"zgz1c8n04e4824f"}
{"type":"log","timestamp":1701787623004,"level":"debug","message":"Replaced assets [\"styles.css\"]","meta":{"rootId":"g9ro7vwg425f1lp","id":"g9ro7vwg425f1lp"},"id":"swdyqs3u1hrszhy","previousOperationId":"zgz1c8n04e4824f"}
{"type":"operationStart","subtype":"engine","name":"handlebars","timestamp":1701787623004,"id":"otu5m4s00a5nvvx","previousEventId":"ql7pokkg9mgmjiy","operationId":"ipu273n6mmchdun","previousOperationId":"zgz1c8n04e4824f"}
{"type":"log","timestamp":1701787623004,"level":"debug","message":"Rendering engine handlebars","meta":{"rootId":"g9ro7vwg425f1lp","id":"g9ro7vwg425f1lp"},"id":"6kdszcccdmb4t8l","previousOperationId":"ipu273n6mmchdun"}
{"type":"operationEnd","operationId":"ipu273n6mmchdun","timestamp":1701787623014,"id":"x2r8vxt5dsl03nh","previousEventId":"otu5m4s00a5nvvx","previousOperationId":"ipu273n6mmchdun"}
{"type":"operationStart","subtype":"recipe","name":"chrome-pdf","timestamp":1701787623014,"id":"9f5f2gh4a4ahp1i","previousEventId":"x2r8vxt5dsl03nh","operationId":"tctzmyf64zsezlt","previousOperationId":"ipu273n6mmchdun"}
{"type":"log","timestamp":1701787623014,"level":"debug","message":"Executing recipe chrome-pdf","meta":{"rootId":"g9ro7vwg425f1lp","id":"g9ro7vwg425f1lp"},"id":"lfpuym11f0ww1sm","previousOperationId":"tctzmyf64zsezlt"}
{"type":"log","timestamp":1701787623015,"level":"debug","message":"Converting with chrome HeadlessChrome/117.0.5938.149 using chrome-pool strategy","meta":{"rootId":"g9ro7vwg425f1lp","id":"g9ro7vwg425f1lp"},"id":"2fizung2ez5te4o","previousOperationId":"tctzmyf64zsezlt"}
{"type":"log","timestamp":1701787623064,"level":"debug","message":"Page request: GET (document) file:///var/folders/dp/qk79pfcj0y1fmtkkl08m76rc0000gn/T/jsreport/autocleanup/7080f9e1-8371-42b8-8fc7-4eb81d23780f-chrome-pdf.html","meta":{"rootId":"g9ro7vwg425f1lp","id":"g9ro7vwg425f1lp"},"id":"17q03koefdi2e5v","previousOperationId":"tctzmyf64zsezlt"}
{"type":"log","timestamp":1701787623069,"level":"debug","message":"Page request finished: GET (document) 200 file:///var/folders/dp/qk79pfcj0y1fmtkkl08m76rc0000gn/T/jsreport/autocleanup/7080f9e1-8371-42b8-8fc7-4eb81d23780f-chrome-pdf.html","meta":{"rootId":"g9ro7vwg425f1lp","id":"g9ro7vwg425f1lp"},"id":"d1aqr21cnikohd1","previousOperationId":"tctzmyf64zsezlt"}
{"type":"log","timestamp":1701787623082,"level":"debug","message":"Custom viewport for chrome page width=800, height=2000","meta":{"rootId":"g9ro7vwg425f1lp","id":"g9ro7vwg425f1lp"},"id":"z0a2qzymvqv40cv","previousOperationId":"tctzmyf64zsezlt"}
{"type":"log","timestamp":1701787623083,"level":"debug","message":"Running chrome with params {\"printBackground\":true,\"width\":\"5.8cm\",\"height\":\"21cm\",\"marginRight\":\"0cm\",\"marginLeft\":\"0cm\",\"timeout\":59965,\"margin\":{\"right\":\"0cm\",\"left\":\"0cm\"}}","meta":{"rootId":"g9ro7vwg425f1lp","id":"g9ro7vwg425f1lp"},"id":"3ud9nyk1hfksgcp","previousOperationId":"tctzmyf64zsezlt"}
{"type":"operationEnd","operationId":"tctzmyf64zsezlt","timestamp":1701787623109,"id":"lwv2eioluz07okt","previousEventId":"9f5f2gh4a4ahp1i","previousOperationId":"tctzmyf64zsezlt"}
{"type":"log","timestamp":1701787623109,"level":"debug","message":"Skipping storing report.","meta":{"rootId":"g9ro7vwg425f1lp","id":"g9ro7vwg425f1lp"},"id":"ifa4tcjrhqjfmca","previousOperationId":"tctzmyf64zsezlt"}
{"type":"log","timestamp":1701787623109,"level":"info","message":"Rendering request 19 finished in 129 ms","meta":{"rootId":"g9ro7vwg425f1lp","id":"g9ro7vwg425f1lp"},"id":"p23c92rljn0g5rk","previousOperationId":"tctzmyf64zsezlt"}
{"type":"operationEnd","subtype":"render","operationId":"zgz1c8n04e4824f","timestamp":1701787623109,"id":"a7o64a0eg161cbh","previousEventId":"lwv2eioluz07okt","previousOperationId":"tctzmyf64zsezlt"}
{"type":"operationEnd","doDiffs":false,"previousEventId":"hpe78xfzg7in6c2","previousOperationId":"y4urd91kzx9cqw9","operationId":"y4urd91kzx9cqw9","timestamp":1701787623111,"id":"ldwggmkti0gmmzp"}
