{"type":"operationStart","subtype":"profile","data":{"_id":"v52KQBnhHLtPuZhf","timestamp":"2023-11-28T11:37:43.039Z","state":"queued","mode":"standard","creationDate":"2023-11-28T11:37:43.040Z","modificationDate":"2023-11-28T11:37:43.040Z","shortid":"65vwe7E","$entitySet":"profiles"},"doDiffs":false,"timestamp":1701171463039,"id":"7sctodb442fi3jz","previousOperationId":null,"operationId":"d6ng2mw9r568g30"}
{"type":"log","level":"info","message":"Render request 16 queued for execution and waiting for available worker","previousOperationId":"d6ng2mw9r568g30","timestamp":1701171463040,"id":"hdo0rgmv4w49jfl"}
{"type":"operationStart","subtype":"render","name":"pns_index","previousOperationId":"d6ng2mw9r568g30","timestamp":1701171463051,"id":"05jzo42unfawdny","previousEventId":"7sctodb442fi3jz","operationId":"ydxe0j0q62gwohf"}
{"type":"log","timestamp":1701171463051,"level":"info","message":"Starting rendering request 16","meta":{"rootId":"ga3hg0tjkkb3xwr","id":"ga3hg0tjkkb3xwr"},"id":"gfzzyk7yoe31x66","previousOperationId":"ydxe0j0q62gwohf"}
{"type":"log","timestamp":1701171463051,"level":"info","message":"Rendering template { name: pns_index, recipe: chrome-pdf, engine: handlebars, preview: true }","meta":{"rootId":"ga3hg0tjkkb3xwr","id":"ga3hg0tjkkb3xwr"},"id":"6rfojwrpvufte6z","previousOperationId":"ydxe0j0q62gwohf"}
{"type":"log","timestamp":1701171463052,"level":"debug","message":"Inline data specified.","meta":{"rootId":"ga3hg0tjkkb3xwr","id":"ga3hg0tjkkb3xwr"},"id":"ngodl0nv9bjbun7","previousOperationId":"ydxe0j0q62gwohf"}
{"type":"log","timestamp":1701171463055,"level":"debug","message":"Base url not specified, skipping its injection.","meta":{"rootId":"ga3hg0tjkkb3xwr","id":"ga3hg0tjkkb3xwr"},"id":"wkx4e36y4vksmdc","previousOperationId":"ydxe0j0q62gwohf"}
{"type":"operationStart","subtype":"engine","name":"handlebars","timestamp":1701171463055,"id":"5o9o2dzuw58wdjp","previousEventId":"05jzo42unfawdny","operationId":"vf64rc7raz1fkoi","previousOperationId":"ydxe0j0q62gwohf"}
{"type":"log","timestamp":1701171463055,"level":"debug","message":"Rendering engine handlebars","meta":{"rootId":"ga3hg0tjkkb3xwr","id":"ga3hg0tjkkb3xwr"},"id":"zdx9kmzy9s200mh","previousOperationId":"vf64rc7raz1fkoi"}
{"type":"operationEnd","operationId":"vf64rc7raz1fkoi","timestamp":1701171463079,"id":"er6bnqbygnax8p1","previousEventId":"5o9o2dzuw58wdjp","previousOperationId":"vf64rc7raz1fkoi"}
{"type":"operationStart","subtype":"recipe","name":"chrome-pdf","timestamp":1701171463079,"id":"ofo3c1e62ka35i3","previousEventId":"er6bnqbygnax8p1","operationId":"89ftupgflxzdbsy","previousOperationId":"vf64rc7raz1fkoi"}
{"type":"log","timestamp":1701171463079,"level":"debug","message":"Executing recipe chrome-pdf","meta":{"rootId":"ga3hg0tjkkb3xwr","id":"ga3hg0tjkkb3xwr"},"id":"5lu6h149q5shiip","previousOperationId":"89ftupgflxzdbsy"}
{"type":"log","timestamp":1701171463081,"level":"debug","message":"Converting with chrome HeadlessChrome/117.0.5938.149 using chrome-pool strategy","meta":{"rootId":"ga3hg0tjkkb3xwr","id":"ga3hg0tjkkb3xwr"},"id":"dz168upq2pa34li","previousOperationId":"89ftupgflxzdbsy"}
{"type":"log","timestamp":1701171463121,"level":"debug","message":"Page request: GET (document) file:///var/folders/dp/qk79pfcj0y1fmtkkl08m76rc0000gn/T/jsreport/autocleanup/5969a0d1-32fa-446e-b1c9-43e40e0410eb-chrome-pdf.html","meta":{"rootId":"ga3hg0tjkkb3xwr","id":"ga3hg0tjkkb3xwr"},"id":"726q2k0jbqbveyv","previousOperationId":"89ftupgflxzdbsy"}
{"type":"log","timestamp":1701171463126,"level":"debug","message":"Page request finished: GET (document) 200 file:///var/folders/dp/qk79pfcj0y1fmtkkl08m76rc0000gn/T/jsreport/autocleanup/5969a0d1-32fa-446e-b1c9-43e40e0410eb-chrome-pdf.html","meta":{"rootId":"ga3hg0tjkkb3xwr","id":"ga3hg0tjkkb3xwr"},"id":"dxt7ohugnzbpukz","previousOperationId":"89ftupgflxzdbsy"}
{"type":"log","timestamp":1701171463137,"level":"debug","message":"Running chrome with params {\"printBackground\":true,\"width\":\"8cm\",\"height\":\"30cm\",\"timeout\":59959,\"margin\":{}}","meta":{"rootId":"ga3hg0tjkkb3xwr","id":"ga3hg0tjkkb3xwr"},"id":"drx778n9ms86hic","previousOperationId":"89ftupgflxzdbsy"}
{"type":"operationEnd","operationId":"89ftupgflxzdbsy","timestamp":1701171463160,"id":"45w2lyi58f4joj9","previousEventId":"ofo3c1e62ka35i3","previousOperationId":"89ftupgflxzdbsy"}
{"type":"log","timestamp":1701171463160,"level":"debug","message":"Skipping storing report.","meta":{"rootId":"ga3hg0tjkkb3xwr","id":"ga3hg0tjkkb3xwr"},"id":"isf6zj93tk8qct0","previousOperationId":"89ftupgflxzdbsy"}
{"type":"log","timestamp":1701171463160,"level":"info","message":"Rendering request 16 finished in 121 ms","meta":{"rootId":"ga3hg0tjkkb3xwr","id":"ga3hg0tjkkb3xwr"},"id":"zx52tz3s20l50wp","previousOperationId":"89ftupgflxzdbsy"}
{"type":"operationEnd","subtype":"render","operationId":"ydxe0j0q62gwohf","timestamp":1701171463160,"id":"ojzsjynktefnd6l","previousEventId":"45w2lyi58f4joj9","previousOperationId":"89ftupgflxzdbsy"}
{"type":"operationEnd","doDiffs":false,"previousEventId":"7sctodb442fi3jz","previousOperationId":"d6ng2mw9r568g30","operationId":"d6ng2mw9r568g30","timestamp":1701171463162,"id":"ckenfjp9js5596r"}
