{"type":"operationStart","subtype":"profile","data":{"_id":"x1wAeORxG8dqvGi6","timestamp":"2023-12-06T09:26:55.592Z","state":"queued","mode":"standard","creationDate":"2023-12-06T09:26:55.595Z","modificationDate":"2023-12-06T09:26:55.595Z","shortid":"xx3-KiN","$entitySet":"profiles"},"doDiffs":false,"timestamp":1701854815593,"id":"v3v7867ss7wwa9u","previousOperationId":null,"operationId":"mek6jgx6l6gso5h"}
{"type":"log","level":"info","message":"Render request 25 queued for execution and waiting for available worker","previousOperationId":"mek6jgx6l6gso5h","timestamp":1701854815593,"id":"cc6a0ffbinszfti"}
{"type":"operationStart","subtype":"render","name":"pns_index","previousOperationId":"mek6jgx6l6gso5h","timestamp":1701854815602,"id":"ut9vyn1rv06mzco","previousEventId":"v3v7867ss7wwa9u","operationId":"7e7wy8hiul00x03"}
{"type":"log","timestamp":1701854815602,"level":"info","message":"Starting rendering request 25","meta":{"rootId":"gaalnjnecs7l1n6","id":"gaalnjnecs7l1n6"},"id":"354kbspq2wd8nv6","previousOperationId":"7e7wy8hiul00x03"}
{"type":"log","timestamp":1701854815603,"level":"info","message":"Rendering template { name: pns_index, recipe: chrome-pdf, engine: handlebars, preview: true }","meta":{"rootId":"gaalnjnecs7l1n6","id":"gaalnjnecs7l1n6"},"id":"0iv8jj1b5q4ufnp","previousOperationId":"7e7wy8hiul00x03"}
{"type":"log","timestamp":1701854815603,"level":"debug","message":"Inline data specified.","meta":{"rootId":"gaalnjnecs7l1n6","id":"gaalnjnecs7l1n6"},"id":"zcxifp2zisr3acl","previousOperationId":"7e7wy8hiul00x03"}
{"type":"log","timestamp":1701854815605,"level":"debug","message":"Base url not specified, skipping its injection.","meta":{"rootId":"gaalnjnecs7l1n6","id":"gaalnjnecs7l1n6"},"id":"aizxwt26v4ykz5h","previousOperationId":"7e7wy8hiul00x03"}
{"type":"log","timestamp":1701854815606,"level":"debug","message":"Replaced assets [\"styles.css\"]","meta":{"rootId":"gaalnjnecs7l1n6","id":"gaalnjnecs7l1n6"},"id":"w64rmtf899wesqh","previousOperationId":"7e7wy8hiul00x03"}
{"type":"operationStart","subtype":"engine","name":"handlebars","timestamp":1701854815606,"id":"8cwoll707ih96i9","previousEventId":"ut9vyn1rv06mzco","operationId":"8k03f0524htxjd4","previousOperationId":"7e7wy8hiul00x03"}
{"type":"log","timestamp":1701854815606,"level":"debug","message":"Rendering engine handlebars","meta":{"rootId":"gaalnjnecs7l1n6","id":"gaalnjnecs7l1n6"},"id":"jahnffx4aw0720m","previousOperationId":"8k03f0524htxjd4"}
{"type":"operationEnd","operationId":"8k03f0524htxjd4","timestamp":1701854815636,"id":"ly2gj1gyg3w4byd","previousEventId":"8cwoll707ih96i9","previousOperationId":"8k03f0524htxjd4"}
{"type":"operationStart","subtype":"recipe","name":"chrome-pdf","timestamp":1701854815636,"id":"vaqx231fqnoxk2n","previousEventId":"ly2gj1gyg3w4byd","operationId":"xljkqpo3f8fsa3u","previousOperationId":"8k03f0524htxjd4"}
{"type":"log","timestamp":1701854815636,"level":"debug","message":"Executing recipe chrome-pdf","meta":{"rootId":"gaalnjnecs7l1n6","id":"gaalnjnecs7l1n6"},"id":"c1xw425gkix65yd","previousOperationId":"xljkqpo3f8fsa3u"}
{"type":"log","timestamp":1701854815638,"level":"debug","message":"Converting with chrome HeadlessChrome/117.0.5938.149 using chrome-pool strategy","meta":{"rootId":"gaalnjnecs7l1n6","id":"gaalnjnecs7l1n6"},"id":"v1co8v8n78449bl","previousOperationId":"xljkqpo3f8fsa3u"}
{"type":"log","timestamp":1701854815686,"level":"debug","message":"Page request: GET (document) file:///var/folders/dp/qk79pfcj0y1fmtkkl08m76rc0000gn/T/jsreport/autocleanup/6bb7a0ac-6bfe-4f32-8569-192a2a6fe014-chrome-pdf.html","meta":{"rootId":"gaalnjnecs7l1n6","id":"gaalnjnecs7l1n6"},"id":"twyib609lquuk05","previousOperationId":"xljkqpo3f8fsa3u"}
{"type":"log","timestamp":1701854815691,"level":"debug","message":"Page request finished: GET (document) 200 file:///var/folders/dp/qk79pfcj0y1fmtkkl08m76rc0000gn/T/jsreport/autocleanup/6bb7a0ac-6bfe-4f32-8569-192a2a6fe014-chrome-pdf.html","meta":{"rootId":"gaalnjnecs7l1n6","id":"gaalnjnecs7l1n6"},"id":"cejn1dralltgysl","previousOperationId":"xljkqpo3f8fsa3u"}
{"type":"log","timestamp":1701854815702,"level":"debug","message":"Custom viewport for chrome page width=800, height=2000","meta":{"rootId":"gaalnjnecs7l1n6","id":"gaalnjnecs7l1n6"},"id":"wnf56wixd9euyh3","previousOperationId":"xljkqpo3f8fsa3u"}
{"type":"log","timestamp":1701854815702,"level":"debug","message":"Running chrome with params {\"printBackground\":true,\"width\":\"5.8cm\",\"height\":\"40cm\",\"marginRight\":\"0cm\",\"marginLeft\":\"0cm\",\"timeout\":59955,\"margin\":{\"right\":\"0cm\",\"left\":\"0cm\"}}","meta":{"rootId":"gaalnjnecs7l1n6","id":"gaalnjnecs7l1n6"},"id":"n1d5g484nj7yjlf","previousOperationId":"xljkqpo3f8fsa3u"}
{"type":"operationEnd","operationId":"xljkqpo3f8fsa3u","timestamp":1701854815732,"id":"mzve3y3js6u2ii1","previousEventId":"vaqx231fqnoxk2n","previousOperationId":"xljkqpo3f8fsa3u"}
{"type":"log","timestamp":1701854815732,"level":"debug","message":"Skipping storing report.","meta":{"rootId":"gaalnjnecs7l1n6","id":"gaalnjnecs7l1n6"},"id":"q0033qkcx5fb65k","previousOperationId":"xljkqpo3f8fsa3u"}
{"type":"log","timestamp":1701854815732,"level":"info","message":"Rendering request 25 finished in 140 ms","meta":{"rootId":"gaalnjnecs7l1n6","id":"gaalnjnecs7l1n6"},"id":"v6b4kmowd2e7sae","previousOperationId":"xljkqpo3f8fsa3u"}
{"type":"operationEnd","subtype":"render","operationId":"7e7wy8hiul00x03","timestamp":1701854815732,"id":"nlwgpivgq2uj9uh","previousEventId":"mzve3y3js6u2ii1","previousOperationId":"xljkqpo3f8fsa3u"}
{"type":"operationEnd","doDiffs":false,"previousEventId":"v3v7867ss7wwa9u","previousOperationId":"mek6jgx6l6gso5h","operationId":"mek6jgx6l6gso5h","timestamp":1701854815733,"id":"4b52aghcwqbxsy4"}
