{"type":"operationStart","subtype":"profile","data":{"_id":"SHU6pwrd2MAlg6Sw","timestamp":"2023-12-06T09:37:33.244Z","state":"queued","mode":"standard","creationDate":"2023-12-06T09:37:33.247Z","modificationDate":"2023-12-06T09:37:33.247Z","shortid":"qK9zK4H","$entitySet":"profiles"},"doDiffs":false,"timestamp":1701855453246,"id":"dmg23jx3dlu0cw5","previousOperationId":null,"operationId":"67if3tsxgid0fc9"}
{"type":"log","level":"info","message":"Render request 34 queued for execution and waiting for available worker","previousOperationId":"67if3tsxgid0fc9","timestamp":1701855453247,"id":"4rof09edydyx2v1"}
{"type":"operationStart","subtype":"render","name":"pns_index","previousOperationId":"67if3tsxgid0fc9","timestamp":1701855453264,"id":"r616yl45b0wc062","previousEventId":"dmg23jx3dlu0cw5","operationId":"nslh6b5ochdgu0w"}
{"type":"log","timestamp":1701855453265,"level":"info","message":"Starting rendering request 34","meta":{"rootId":"gcr9lach3jvy2y9","id":"gcr9lach3jvy2y9"},"id":"eo2eqtpdi3onfcz","previousOperationId":"nslh6b5ochdgu0w"}
{"type":"log","timestamp":1701855453265,"level":"info","message":"Rendering template { name: pns_index, recipe: chrome-pdf, engine: handlebars, preview: true }","meta":{"rootId":"gcr9lach3jvy2y9","id":"gcr9lach3jvy2y9"},"id":"8xmzjy4ik2du4yq","previousOperationId":"nslh6b5ochdgu0w"}
{"type":"log","timestamp":1701855453266,"level":"debug","message":"Inline data specified.","meta":{"rootId":"gcr9lach3jvy2y9","id":"gcr9lach3jvy2y9"},"id":"sg7pupc9muqoql0","previousOperationId":"nslh6b5ochdgu0w"}
{"type":"log","timestamp":1701855453268,"level":"debug","message":"Base url not specified, skipping its injection.","meta":{"rootId":"gcr9lach3jvy2y9","id":"gcr9lach3jvy2y9"},"id":"ol98c0ntxd01qp7","previousOperationId":"nslh6b5ochdgu0w"}
{"type":"log","timestamp":1701855453269,"level":"debug","message":"Replaced assets [\"styles.css\"]","meta":{"rootId":"gcr9lach3jvy2y9","id":"gcr9lach3jvy2y9"},"id":"stdbbb71ektrd9a","previousOperationId":"nslh6b5ochdgu0w"}
{"type":"operationStart","subtype":"engine","name":"handlebars","timestamp":1701855453269,"id":"r8jptszq4to63xh","previousEventId":"r616yl45b0wc062","operationId":"ryxophff29mzmx6","previousOperationId":"nslh6b5ochdgu0w"}
{"type":"log","timestamp":1701855453269,"level":"debug","message":"Rendering engine handlebars","meta":{"rootId":"gcr9lach3jvy2y9","id":"gcr9lach3jvy2y9"},"id":"zs09r78i7shbgcj","previousOperationId":"ryxophff29mzmx6"}
{"type":"operationEnd","operationId":"ryxophff29mzmx6","timestamp":1701855453312,"id":"ll66v1ggttcoesl","previousEventId":"r8jptszq4to63xh","previousOperationId":"ryxophff29mzmx6"}
{"type":"operationStart","subtype":"recipe","name":"chrome-pdf","timestamp":1701855453312,"id":"ourjjrojood8x2c","previousEventId":"ll66v1ggttcoesl","operationId":"uau9un4oxnn1y2j","previousOperationId":"ryxophff29mzmx6"}
{"type":"log","timestamp":1701855453312,"level":"debug","message":"Executing recipe chrome-pdf","meta":{"rootId":"gcr9lach3jvy2y9","id":"gcr9lach3jvy2y9"},"id":"eap9lu5i1zi1j2j","previousOperationId":"uau9un4oxnn1y2j"}
{"type":"log","timestamp":1701855453313,"level":"debug","message":"Converting with chrome HeadlessChrome/117.0.5938.149 using chrome-pool strategy","meta":{"rootId":"gcr9lach3jvy2y9","id":"gcr9lach3jvy2y9"},"id":"z8gyhguqlonksde","previousOperationId":"uau9un4oxnn1y2j"}
{"type":"log","timestamp":1701855453360,"level":"debug","message":"Page request: GET (document) file:///var/folders/dp/qk79pfcj0y1fmtkkl08m76rc0000gn/T/jsreport/autocleanup/df13ec5d-a13b-4fae-a38f-b6c16fc10ea6-chrome-pdf.html","meta":{"rootId":"gcr9lach3jvy2y9","id":"gcr9lach3jvy2y9"},"id":"psrjn7lo92siois","previousOperationId":"uau9un4oxnn1y2j"}
{"type":"log","timestamp":1701855453365,"level":"debug","message":"Page request finished: GET (document) 200 file:///var/folders/dp/qk79pfcj0y1fmtkkl08m76rc0000gn/T/jsreport/autocleanup/df13ec5d-a13b-4fae-a38f-b6c16fc10ea6-chrome-pdf.html","meta":{"rootId":"gcr9lach3jvy2y9","id":"gcr9lach3jvy2y9"},"id":"0zmit09suzi52ll","previousOperationId":"uau9un4oxnn1y2j"}
{"type":"log","timestamp":1701855453374,"level":"debug","message":"Custom viewport for chrome page width=800, height=2000","meta":{"rootId":"gcr9lach3jvy2y9","id":"gcr9lach3jvy2y9"},"id":"0z57bsfpfku8oc4","previousOperationId":"uau9un4oxnn1y2j"}
{"type":"log","timestamp":1701855453375,"level":"debug","message":"Running chrome with params {\"printBackground\":true,\"width\":\"5.8cm\",\"height\":\"40cm\",\"marginRight\":\"0cm\",\"marginLeft\":\"0cm\",\"timeout\":59931,\"margin\":{\"right\":\"0cm\",\"left\":\"0cm\"}}","meta":{"rootId":"gcr9lach3jvy2y9","id":"gcr9lach3jvy2y9"},"id":"pvqspz2574f7qtk","previousOperationId":"uau9un4oxnn1y2j"}
{"type":"operationEnd","operationId":"uau9un4oxnn1y2j","timestamp":1701855453404,"id":"nn793zbyi8f2ibj","previousEventId":"ourjjrojood8x2c","previousOperationId":"uau9un4oxnn1y2j"}
{"type":"log","timestamp":1701855453404,"level":"debug","message":"Skipping storing report.","meta":{"rootId":"gcr9lach3jvy2y9","id":"gcr9lach3jvy2y9"},"id":"pvs3ucconyr2vkk","previousOperationId":"uau9un4oxnn1y2j"}
{"type":"log","timestamp":1701855453405,"level":"info","message":"Rendering request 34 finished in 161 ms","meta":{"rootId":"gcr9lach3jvy2y9","id":"gcr9lach3jvy2y9"},"id":"59wb845gghtdyg3","previousOperationId":"uau9un4oxnn1y2j"}
{"type":"operationEnd","subtype":"render","operationId":"nslh6b5ochdgu0w","timestamp":1701855453405,"id":"ofzlqixydivj8z8","previousEventId":"nn793zbyi8f2ibj","previousOperationId":"uau9un4oxnn1y2j"}
{"type":"operationEnd","doDiffs":false,"previousEventId":"dmg23jx3dlu0cw5","previousOperationId":"67if3tsxgid0fc9","operationId":"67if3tsxgid0fc9","timestamp":1701855453407,"id":"w75wup2qycuw8r3"}
