{"type":"operationStart","subtype":"profile","data":{"_id":"IoPlE1jQLOsRVAUJ","timestamp":"2023-11-28T13:43:14.083Z","state":"queued","mode":"standard","creationDate":"2023-11-28T13:43:14.084Z","modificationDate":"2023-11-28T13:43:14.084Z","shortid":"3yXHlN6","$entitySet":"profiles"},"doDiffs":false,"timestamp":1701178994083,"id":"jf11ppax8n7r16g","previousOperationId":null,"operationId":"mbf6yztogrxbahf"}
{"type":"log","level":"info","message":"Render request 87 queued for execution and waiting for available worker","previousOperationId":"mbf6yztogrxbahf","timestamp":1701178994083,"id":"z8drdcfa1l18vui"}
{"type":"operationStart","subtype":"render","name":"pns_index","previousOperationId":"mbf6yztogrxbahf","timestamp":1701178994089,"id":"7tiw5sbqxj3e1ev","previousEventId":"jf11ppax8n7r16g","operationId":"te42z7mybza3gt9"}
{"type":"log","timestamp":1701178994089,"level":"info","message":"Starting rendering request 87","meta":{"rootId":"gixv79al2q4svpk","id":"gixv79al2q4svpk"},"id":"hggmxm2b4w0sljf","previousOperationId":"te42z7mybza3gt9"}
{"type":"log","timestamp":1701178994089,"level":"info","message":"Rendering template { name: pns_index, recipe: chrome-pdf, engine: handlebars, preview: true }","meta":{"rootId":"gixv79al2q4svpk","id":"gixv79al2q4svpk"},"id":"e1jnk76s5snmbh5","previousOperationId":"te42z7mybza3gt9"}
{"type":"log","timestamp":1701178994090,"level":"debug","message":"Inline data specified.","meta":{"rootId":"gixv79al2q4svpk","id":"gixv79al2q4svpk"},"id":"lgtut8ka8ktdc4v","previousOperationId":"te42z7mybza3gt9"}
{"type":"log","timestamp":1701178994092,"level":"debug","message":"Base url not specified, skipping its injection.","meta":{"rootId":"gixv79al2q4svpk","id":"gixv79al2q4svpk"},"id":"3kouij75ov3zswz","previousOperationId":"te42z7mybza3gt9"}
{"type":"operationStart","subtype":"engine","name":"handlebars","timestamp":1701178994092,"id":"sdvwnhfmnpg8pm8","previousEventId":"7tiw5sbqxj3e1ev","operationId":"mhcspx9w92sermk","previousOperationId":"te42z7mybza3gt9"}
{"type":"log","timestamp":1701178994092,"level":"debug","message":"Rendering engine handlebars","meta":{"rootId":"gixv79al2q4svpk","id":"gixv79al2q4svpk"},"id":"6oe538o5frkuy12","previousOperationId":"mhcspx9w92sermk"}
{"type":"operationEnd","operationId":"mhcspx9w92sermk","timestamp":1701178994116,"id":"xk7n9be1qz8h0fu","previousEventId":"sdvwnhfmnpg8pm8","previousOperationId":"mhcspx9w92sermk"}
{"type":"operationStart","subtype":"recipe","name":"chrome-pdf","timestamp":1701178994116,"id":"ay74iyyvxnfgaf5","previousEventId":"xk7n9be1qz8h0fu","operationId":"ytqqkgot6pk6g1r","previousOperationId":"mhcspx9w92sermk"}
{"type":"log","timestamp":1701178994116,"level":"debug","message":"Executing recipe chrome-pdf","meta":{"rootId":"gixv79al2q4svpk","id":"gixv79al2q4svpk"},"id":"aae93jsr621bi6f","previousOperationId":"ytqqkgot6pk6g1r"}
{"type":"log","timestamp":1701178994117,"level":"debug","message":"Converting with chrome HeadlessChrome/117.0.5938.149 using chrome-pool strategy","meta":{"rootId":"gixv79al2q4svpk","id":"gixv79al2q4svpk"},"id":"gbu0avndvndfkpn","previousOperationId":"ytqqkgot6pk6g1r"}
{"type":"log","timestamp":1701178994172,"level":"debug","message":"Page request: GET (document) file:///var/folders/dp/qk79pfcj0y1fmtkkl08m76rc0000gn/T/jsreport/autocleanup/937522d2-acb7-49fc-89f1-a592ecfa11f8-chrome-pdf.html","meta":{"rootId":"gixv79al2q4svpk","id":"gixv79al2q4svpk"},"id":"535hcbkx2v0z6fb","previousOperationId":"ytqqkgot6pk6g1r"}
{"type":"log","timestamp":1701178994178,"level":"debug","message":"Page request finished: GET (document) 200 file:///var/folders/dp/qk79pfcj0y1fmtkkl08m76rc0000gn/T/jsreport/autocleanup/937522d2-acb7-49fc-89f1-a592ecfa11f8-chrome-pdf.html","meta":{"rootId":"gixv79al2q4svpk","id":"gixv79al2q4svpk"},"id":"aiv9ma1y7onh5e2","previousOperationId":"ytqqkgot6pk6g1r"}
{"type":"log","timestamp":1701178994185,"level":"debug","message":"Custom viewport for chrome page width=800, height=2000","meta":{"rootId":"gixv79al2q4svpk","id":"gixv79al2q4svpk"},"id":"qxm8vunqk0riwa4","previousOperationId":"ytqqkgot6pk6g1r"}
{"type":"log","timestamp":1701178994186,"level":"debug","message":"Running chrome with params {\"printBackground\":true,\"width\":\"5.8cm\",\"height\":\"50cm\",\"timeout\":59966,\"margin\":{}}","meta":{"rootId":"gixv79al2q4svpk","id":"gixv79al2q4svpk"},"id":"s5ppjqlayyr9yez","previousOperationId":"ytqqkgot6pk6g1r"}
{"type":"operationEnd","operationId":"ytqqkgot6pk6g1r","timestamp":1701178994225,"id":"s7buh9k33ey21n0","previousEventId":"ay74iyyvxnfgaf5","previousOperationId":"ytqqkgot6pk6g1r"}
{"type":"log","timestamp":1701178994225,"level":"debug","message":"Skipping storing report.","meta":{"rootId":"gixv79al2q4svpk","id":"gixv79al2q4svpk"},"id":"mwn2mj9oxis7tgr","previousOperationId":"ytqqkgot6pk6g1r"}
{"type":"log","timestamp":1701178994225,"level":"info","message":"Rendering request 87 finished in 142 ms","meta":{"rootId":"gixv79al2q4svpk","id":"gixv79al2q4svpk"},"id":"czlkllmhakrrzl5","previousOperationId":"ytqqkgot6pk6g1r"}
{"type":"operationEnd","subtype":"render","operationId":"te42z7mybza3gt9","timestamp":1701178994225,"id":"67e8ry5q2k7efaq","previousEventId":"s7buh9k33ey21n0","previousOperationId":"ytqqkgot6pk6g1r"}
{"type":"operationEnd","doDiffs":false,"previousEventId":"jf11ppax8n7r16g","previousOperationId":"mbf6yztogrxbahf","operationId":"mbf6yztogrxbahf","timestamp":1701178994227,"id":"v5ugia1sidztd4j"}
