{"type":"operationStart","subtype":"profile","data":{"_id":"SrEJIRC7lwMxYGCs","timestamp":"2023-12-05T14:56:44.251Z","state":"queued","mode":"standard","creationDate":"2023-12-05T14:56:44.254Z","modificationDate":"2023-12-05T14:56:44.254Z","shortid":"FJi3znv","$entitySet":"profiles"},"doDiffs":false,"timestamp":1701788204253,"id":"zxike2dm79wczh8","previousOperationId":null,"operationId":"saztii73gxinyx8"}
{"type":"log","level":"info","message":"Render request 23 queued for execution and waiting for available worker","previousOperationId":"saztii73gxinyx8","timestamp":1701788204253,"id":"k3pr0thp5wpouhv"}
{"type":"operationStart","subtype":"render","name":"pns_index","previousOperationId":"saztii73gxinyx8","timestamp":1701788204264,"id":"gkittkj52ejcchd","previousEventId":"zxike2dm79wczh8","operationId":"dotsbm5p4l63jau"}
{"type":"log","timestamp":1701788204264,"level":"info","message":"Starting rendering request 23","meta":{"rootId":"gjo4apqy370oq0i","id":"gjo4apqy370oq0i"},"id":"z8decxyfq9xi037","previousOperationId":"dotsbm5p4l63jau"}
{"type":"log","timestamp":1701788204264,"level":"info","message":"Rendering template { name: pns_index, recipe: chrome-pdf, engine: handlebars, preview: true }","meta":{"rootId":"gjo4apqy370oq0i","id":"gjo4apqy370oq0i"},"id":"p0q2uxxrk9w89i3","previousOperationId":"dotsbm5p4l63jau"}
{"type":"log","timestamp":1701788204265,"level":"debug","message":"Adding sample data flbhzmKcJ","meta":{"rootId":"gjo4apqy370oq0i","id":"gjo4apqy370oq0i"},"id":"muwsokpfyps8olt","previousOperationId":"dotsbm5p4l63jau"}
{"type":"log","timestamp":1701788204267,"level":"debug","message":"Base url not specified, skipping its injection.","meta":{"rootId":"gjo4apqy370oq0i","id":"gjo4apqy370oq0i"},"id":"irlt3l75ey9z0oi","previousOperationId":"dotsbm5p4l63jau"}
{"type":"log","timestamp":1701788204268,"level":"debug","message":"Replaced assets [\"styles.css\"]","meta":{"rootId":"gjo4apqy370oq0i","id":"gjo4apqy370oq0i"},"id":"10nw9aogyc9a7el","previousOperationId":"dotsbm5p4l63jau"}
{"type":"operationStart","subtype":"engine","name":"handlebars","timestamp":1701788204268,"id":"567bppmkba2w660","previousEventId":"gkittkj52ejcchd","operationId":"b3eoactky9g2pcp","previousOperationId":"dotsbm5p4l63jau"}
{"type":"log","timestamp":1701788204268,"level":"debug","message":"Rendering engine handlebars","meta":{"rootId":"gjo4apqy370oq0i","id":"gjo4apqy370oq0i"},"id":"8zvme1evixy4x52","previousOperationId":"b3eoactky9g2pcp"}
{"type":"operationEnd","operationId":"b3eoactky9g2pcp","timestamp":1701788204292,"id":"5t5o8je40d13jg8","previousEventId":"567bppmkba2w660","previousOperationId":"b3eoactky9g2pcp"}
{"type":"operationStart","subtype":"recipe","name":"chrome-pdf","timestamp":1701788204292,"id":"5hqfo7731n0vffb","previousEventId":"5t5o8je40d13jg8","operationId":"8a8yiytozc0cfaf","previousOperationId":"b3eoactky9g2pcp"}
{"type":"log","timestamp":1701788204292,"level":"debug","message":"Executing recipe chrome-pdf","meta":{"rootId":"gjo4apqy370oq0i","id":"gjo4apqy370oq0i"},"id":"w61w5j9x2b6730l","previousOperationId":"8a8yiytozc0cfaf"}
{"type":"log","timestamp":1701788204295,"level":"debug","message":"Converting with chrome HeadlessChrome/117.0.5938.149 using chrome-pool strategy","meta":{"rootId":"gjo4apqy370oq0i","id":"gjo4apqy370oq0i"},"id":"q39ugayxo0lffqt","previousOperationId":"8a8yiytozc0cfaf"}
{"type":"log","timestamp":1701788204340,"level":"debug","message":"Page request: GET (document) file:///var/folders/dp/qk79pfcj0y1fmtkkl08m76rc0000gn/T/jsreport/autocleanup/08681307-5035-4c01-943d-59ab9cfef5b2-chrome-pdf.html","meta":{"rootId":"gjo4apqy370oq0i","id":"gjo4apqy370oq0i"},"id":"9jqo5go6qqxmzqf","previousOperationId":"8a8yiytozc0cfaf"}
{"type":"log","timestamp":1701788204344,"level":"debug","message":"Page request finished: GET (document) 200 file:///var/folders/dp/qk79pfcj0y1fmtkkl08m76rc0000gn/T/jsreport/autocleanup/08681307-5035-4c01-943d-59ab9cfef5b2-chrome-pdf.html","meta":{"rootId":"gjo4apqy370oq0i","id":"gjo4apqy370oq0i"},"id":"cgykn5iweagt6i0","previousOperationId":"8a8yiytozc0cfaf"}
{"type":"log","timestamp":1701788204353,"level":"debug","message":"Custom viewport for chrome page width=800, height=2000","meta":{"rootId":"gjo4apqy370oq0i","id":"gjo4apqy370oq0i"},"id":"dozb6eu5pnb2d80","previousOperationId":"8a8yiytozc0cfaf"}
{"type":"log","timestamp":1701788204355,"level":"debug","message":"Running chrome with params {\"printBackground\":true,\"width\":\"5.8cm\",\"height\":\"21cm\",\"marginRight\":\"0cm\",\"marginLeft\":\"0cm\",\"timeout\":59957,\"margin\":{\"right\":\"0cm\",\"left\":\"0cm\"}}","meta":{"rootId":"gjo4apqy370oq0i","id":"gjo4apqy370oq0i"},"id":"m3xlt0pderois8x","previousOperationId":"8a8yiytozc0cfaf"}
{"type":"operationEnd","operationId":"8a8yiytozc0cfaf","timestamp":1701788204380,"id":"yt7y405grdzk8ib","previousEventId":"5hqfo7731n0vffb","previousOperationId":"8a8yiytozc0cfaf"}
{"type":"log","timestamp":1701788204380,"level":"debug","message":"Skipping storing report.","meta":{"rootId":"gjo4apqy370oq0i","id":"gjo4apqy370oq0i"},"id":"niqh4zsslmlzj9l","previousOperationId":"8a8yiytozc0cfaf"}
{"type":"log","timestamp":1701788204381,"level":"info","message":"Rendering request 23 finished in 130 ms","meta":{"rootId":"gjo4apqy370oq0i","id":"gjo4apqy370oq0i"},"id":"u3svbf0pmtl72cr","previousOperationId":"8a8yiytozc0cfaf"}
{"type":"operationEnd","subtype":"render","operationId":"dotsbm5p4l63jau","timestamp":1701788204381,"id":"zhnzp48k0e0emgk","previousEventId":"yt7y405grdzk8ib","previousOperationId":"8a8yiytozc0cfaf"}
{"type":"operationEnd","doDiffs":false,"previousEventId":"zxike2dm79wczh8","previousOperationId":"saztii73gxinyx8","operationId":"saztii73gxinyx8","timestamp":1701788204382,"id":"qk0jan7mo1sj81g"}
