{"type":"operationStart","subtype":"profile","data":{"_id":"wLV9maJ9qCi0sAtW","timestamp":"2023-11-28T10:27:37.400Z","state":"queued","mode":"standard","creationDate":"2023-11-28T10:27:37.401Z","modificationDate":"2023-11-28T10:27:37.401Z","shortid":"DpBg_2r","$entitySet":"profiles"},"doDiffs":false,"timestamp":1701167257400,"id":"fvaspq21qi3lnaz","previousOperationId":null,"operationId":"g556ql6jp44hvud"}
{"type":"log","level":"info","message":"Render request 30 queued for execution and waiting for available worker","previousOperationId":"g556ql6jp44hvud","timestamp":1701167257400,"id":"1wvev30m7czryez"}
{"type":"operationStart","subtype":"render","name":"pns_index","previousOperationId":"g556ql6jp44hvud","timestamp":1701167257406,"id":"zg12rcszzsaxwbt","previousEventId":"fvaspq21qi3lnaz","operationId":"rl6ysq2dkczy41u"}
{"type":"log","timestamp":1701167257406,"level":"info","message":"Starting rendering request 30","meta":{"rootId":"gk05t6yvp5hbj0h","id":"gk05t6yvp5hbj0h"},"id":"j93krl89u1aaqlu","previousOperationId":"rl6ysq2dkczy41u"}
{"type":"log","timestamp":1701167257406,"level":"info","message":"Rendering template { name: pns_index, recipe: chrome-pdf, engine: handlebars, preview: true }","meta":{"rootId":"gk05t6yvp5hbj0h","id":"gk05t6yvp5hbj0h"},"id":"3vp68mkp3b2m3j8","previousOperationId":"rl6ysq2dkczy41u"}
{"type":"log","timestamp":1701167257407,"level":"debug","message":"Inline data specified.","meta":{"rootId":"gk05t6yvp5hbj0h","id":"gk05t6yvp5hbj0h"},"id":"s35wks81iucp9ib","previousOperationId":"rl6ysq2dkczy41u"}
{"type":"log","timestamp":1701167257411,"level":"debug","message":"Base url not specified, skipping its injection.","meta":{"rootId":"gk05t6yvp5hbj0h","id":"gk05t6yvp5hbj0h"},"id":"jbrp9ei9sbks406","previousOperationId":"rl6ysq2dkczy41u"}
{"type":"operationStart","subtype":"engine","name":"handlebars","timestamp":1701167257411,"id":"w6m84qsrfgbl2cy","previousEventId":"zg12rcszzsaxwbt","operationId":"45g9babicroj7l9","previousOperationId":"rl6ysq2dkczy41u"}
{"type":"log","timestamp":1701167257411,"level":"debug","message":"Rendering engine handlebars","meta":{"rootId":"gk05t6yvp5hbj0h","id":"gk05t6yvp5hbj0h"},"id":"3vh1yu48480xm9h","previousOperationId":"45g9babicroj7l9"}
{"type":"operationEnd","operationId":"45g9babicroj7l9","timestamp":1701167257436,"id":"v4jlb7pinzr59x2","previousEventId":"w6m84qsrfgbl2cy","previousOperationId":"45g9babicroj7l9"}
{"type":"operationStart","subtype":"recipe","name":"chrome-pdf","timestamp":1701167257436,"id":"wcw7d7st0gpll9f","previousEventId":"v4jlb7pinzr59x2","operationId":"25v1yof28lrme0m","previousOperationId":"45g9babicroj7l9"}
{"type":"log","timestamp":1701167257436,"level":"debug","message":"Executing recipe chrome-pdf","meta":{"rootId":"gk05t6yvp5hbj0h","id":"gk05t6yvp5hbj0h"},"id":"p7uc0f6j7t16moo","previousOperationId":"25v1yof28lrme0m"}
{"type":"log","timestamp":1701167257437,"level":"debug","message":"Converting with chrome HeadlessChrome/117.0.5938.149 using chrome-pool strategy","meta":{"rootId":"gk05t6yvp5hbj0h","id":"gk05t6yvp5hbj0h"},"id":"jcd2c4zcrkbeogi","previousOperationId":"25v1yof28lrme0m"}
{"type":"log","timestamp":1701167257477,"level":"debug","message":"Page request: GET (document) file:///var/folders/dp/qk79pfcj0y1fmtkkl08m76rc0000gn/T/jsreport/autocleanup/28c18cad-018c-4390-a339-1e8212ccd8e9-chrome-pdf.html","meta":{"rootId":"gk05t6yvp5hbj0h","id":"gk05t6yvp5hbj0h"},"id":"tz6pentj45x746x","previousOperationId":"25v1yof28lrme0m"}
{"type":"log","timestamp":1701167257483,"level":"debug","message":"Page request finished: GET (document) 200 file:///var/folders/dp/qk79pfcj0y1fmtkkl08m76rc0000gn/T/jsreport/autocleanup/28c18cad-018c-4390-a339-1e8212ccd8e9-chrome-pdf.html","meta":{"rootId":"gk05t6yvp5hbj0h","id":"gk05t6yvp5hbj0h"},"id":"qppyqod2qe8tiki","previousOperationId":"25v1yof28lrme0m"}
{"type":"log","timestamp":1701167257491,"level":"debug","message":"Running chrome with params {\"printBackground\":true,\"width\":\"8cm\",\"timeout\":59963,\"margin\":{}}","meta":{"rootId":"gk05t6yvp5hbj0h","id":"gk05t6yvp5hbj0h"},"id":"vhenide8qu85n7y","previousOperationId":"25v1yof28lrme0m"}
{"type":"operationEnd","operationId":"25v1yof28lrme0m","timestamp":1701167257511,"id":"4t6c5nhfbb6zt6k","previousEventId":"wcw7d7st0gpll9f","previousOperationId":"25v1yof28lrme0m"}
{"type":"log","timestamp":1701167257511,"level":"debug","message":"Skipping storing report.","meta":{"rootId":"gk05t6yvp5hbj0h","id":"gk05t6yvp5hbj0h"},"id":"cgdizc2nmkvr0is","previousOperationId":"25v1yof28lrme0m"}
{"type":"log","timestamp":1701167257511,"level":"info","message":"Rendering request 30 finished in 111 ms","meta":{"rootId":"gk05t6yvp5hbj0h","id":"gk05t6yvp5hbj0h"},"id":"chmsbyj4bxixsln","previousOperationId":"25v1yof28lrme0m"}
{"type":"operationEnd","subtype":"render","operationId":"rl6ysq2dkczy41u","timestamp":1701167257511,"id":"et1464e6gfresi8","previousEventId":"4t6c5nhfbb6zt6k","previousOperationId":"25v1yof28lrme0m"}
{"type":"operationEnd","doDiffs":false,"previousEventId":"fvaspq21qi3lnaz","previousOperationId":"g556ql6jp44hvud","operationId":"g556ql6jp44hvud","timestamp":1701167257513,"id":"4wjodbivmbp9crl"}
