{"type":"operationStart","subtype":"profile","data":{"_id":"k9rqzpGYCireGxYR","timestamp":"2023-12-06T09:52:42.044Z","state":"queued","mode":"standard","creationDate":"2023-12-06T09:52:42.049Z","modificationDate":"2023-12-06T09:52:42.049Z","shortid":"81cM7TY","$entitySet":"profiles"},"doDiffs":false,"timestamp":1701856362048,"id":"85ogcj1qgwvpckv","previousOperationId":null,"operationId":"hik0zf7p3vehvzb"}
{"type":"log","level":"info","message":"Render request 60 queued for execution and waiting for available worker","previousOperationId":"hik0zf7p3vehvzb","timestamp":1701856362048,"id":"j57rmuiqcbbfy3s"}
{"type":"operationStart","subtype":"render","name":"pns_index","previousOperationId":"hik0zf7p3vehvzb","timestamp":1701856362068,"id":"kcocixziil2h2kd","previousEventId":"85ogcj1qgwvpckv","operationId":"b0017f8ue7rciau"}
{"type":"log","timestamp":1701856362068,"level":"info","message":"Starting rendering request 60","meta":{"rootId":"gxc1mdgwzgx8fwx","id":"gxc1mdgwzgx8fwx"},"id":"n4sb5n4g9ugl4za","previousOperationId":"b0017f8ue7rciau"}
{"type":"log","timestamp":1701856362068,"level":"info","message":"Rendering template { name: pns_index, recipe: chrome-pdf, engine: handlebars, preview: true }","meta":{"rootId":"gxc1mdgwzgx8fwx","id":"gxc1mdgwzgx8fwx"},"id":"gcktohk61y7y460","previousOperationId":"b0017f8ue7rciau"}
{"type":"log","timestamp":1701856362069,"level":"debug","message":"Inline data specified.","meta":{"rootId":"gxc1mdgwzgx8fwx","id":"gxc1mdgwzgx8fwx"},"id":"3gwzoqvbhs91or8","previousOperationId":"b0017f8ue7rciau"}
{"type":"log","timestamp":1701856362071,"level":"debug","message":"Base url not specified, skipping its injection.","meta":{"rootId":"gxc1mdgwzgx8fwx","id":"gxc1mdgwzgx8fwx"},"id":"kj1fe7kvv7cha3t","previousOperationId":"b0017f8ue7rciau"}
{"type":"log","timestamp":1701856362071,"level":"debug","message":"Replaced assets [\"styles.css\"]","meta":{"rootId":"gxc1mdgwzgx8fwx","id":"gxc1mdgwzgx8fwx"},"id":"l4pebhdxiobx225","previousOperationId":"b0017f8ue7rciau"}
{"type":"operationStart","subtype":"engine","name":"handlebars","timestamp":1701856362072,"id":"mhndksegmkj6uza","previousEventId":"kcocixziil2h2kd","operationId":"wjx81q71uf2n59w","previousOperationId":"b0017f8ue7rciau"}
{"type":"log","timestamp":1701856362072,"level":"debug","message":"Rendering engine handlebars","meta":{"rootId":"gxc1mdgwzgx8fwx","id":"gxc1mdgwzgx8fwx"},"id":"wdv56tuo9a3kknz","previousOperationId":"wjx81q71uf2n59w"}
{"type":"operationEnd","operationId":"wjx81q71uf2n59w","timestamp":1701856362097,"id":"c3u3dycyromr896","previousEventId":"mhndksegmkj6uza","previousOperationId":"wjx81q71uf2n59w"}
{"type":"operationStart","subtype":"recipe","name":"chrome-pdf","timestamp":1701856362097,"id":"8d5g91gfzd4liv5","previousEventId":"c3u3dycyromr896","operationId":"qktb8clmczuzft9","previousOperationId":"wjx81q71uf2n59w"}
{"type":"log","timestamp":1701856362097,"level":"debug","message":"Executing recipe chrome-pdf","meta":{"rootId":"gxc1mdgwzgx8fwx","id":"gxc1mdgwzgx8fwx"},"id":"vzvlndmf5b3fou8","previousOperationId":"qktb8clmczuzft9"}
{"type":"log","timestamp":1701856362098,"level":"debug","message":"Converting with chrome HeadlessChrome/117.0.5938.149 using chrome-pool strategy","meta":{"rootId":"gxc1mdgwzgx8fwx","id":"gxc1mdgwzgx8fwx"},"id":"fxtwatylod8wyes","previousOperationId":"qktb8clmczuzft9"}
{"type":"log","timestamp":1701856362145,"level":"debug","message":"Page request: GET (document) file:///var/folders/dp/qk79pfcj0y1fmtkkl08m76rc0000gn/T/jsreport/autocleanup/ceda5007-9541-4139-a86e-ab0a1f0eb596-chrome-pdf.html","meta":{"rootId":"gxc1mdgwzgx8fwx","id":"gxc1mdgwzgx8fwx"},"id":"1dnhte69c0h5fke","previousOperationId":"qktb8clmczuzft9"}
{"type":"log","timestamp":1701856362149,"level":"debug","message":"Page request finished: GET (document) 200 file:///var/folders/dp/qk79pfcj0y1fmtkkl08m76rc0000gn/T/jsreport/autocleanup/ceda5007-9541-4139-a86e-ab0a1f0eb596-chrome-pdf.html","meta":{"rootId":"gxc1mdgwzgx8fwx","id":"gxc1mdgwzgx8fwx"},"id":"cnrqkye9hwiia1v","previousOperationId":"qktb8clmczuzft9"}
{"type":"log","timestamp":1701856362159,"level":"debug","message":"Custom viewport for chrome page width=800, height=2000","meta":{"rootId":"gxc1mdgwzgx8fwx","id":"gxc1mdgwzgx8fwx"},"id":"mjfolhjrvuhck6s","previousOperationId":"qktb8clmczuzft9"}
{"type":"log","timestamp":1701856362160,"level":"debug","message":"Running chrome with params {\"printBackground\":true,\"width\":\"6.8cm\",\"height\":\"50cm\",\"marginRight\":\"0cm\",\"marginLeft\":\"0cm\",\"timeout\":59946,\"margin\":{\"right\":\"0cm\",\"left\":\"0cm\"}}","meta":{"rootId":"gxc1mdgwzgx8fwx","id":"gxc1mdgwzgx8fwx"},"id":"n4p4ettav2boc0j","previousOperationId":"qktb8clmczuzft9"}
{"type":"operationEnd","operationId":"qktb8clmczuzft9","timestamp":1701856362186,"id":"j7rkpk35dpe1ex1","previousEventId":"8d5g91gfzd4liv5","previousOperationId":"qktb8clmczuzft9"}
{"type":"log","timestamp":1701856362186,"level":"debug","message":"Skipping storing report.","meta":{"rootId":"gxc1mdgwzgx8fwx","id":"gxc1mdgwzgx8fwx"},"id":"gverkjxcqdngw1o","previousOperationId":"qktb8clmczuzft9"}
{"type":"log","timestamp":1701856362186,"level":"info","message":"Rendering request 60 finished in 142 ms","meta":{"rootId":"gxc1mdgwzgx8fwx","id":"gxc1mdgwzgx8fwx"},"id":"b7wn1fxnbykmfys","previousOperationId":"qktb8clmczuzft9"}
{"type":"operationEnd","subtype":"render","operationId":"b0017f8ue7rciau","timestamp":1701856362186,"id":"vrekxauipxqhx8v","previousEventId":"j7rkpk35dpe1ex1","previousOperationId":"qktb8clmczuzft9"}
{"type":"operationEnd","doDiffs":false,"previousEventId":"85ogcj1qgwvpckv","previousOperationId":"hik0zf7p3vehvzb","operationId":"hik0zf7p3vehvzb","timestamp":1701856362187,"id":"127dmkmatpoftnz"}
