{"type":"operationStart","subtype":"profile","data":{"_id":"ypPQlO1fo6xouZRu","timestamp":"2023-11-28T13:29:38.530Z","state":"queued","mode":"standard","creationDate":"2023-11-28T13:29:38.531Z","modificationDate":"2023-11-28T13:29:38.531Z","shortid":"3MjMio5","$entitySet":"profiles"},"doDiffs":false,"timestamp":1701178178531,"id":"59ifn7qvhue57xw","previousOperationId":null,"operationId":"cnxv9z7sblbbw7q"}
{"type":"log","level":"info","message":"Render request 73 queued for execution and waiting for available worker","previousOperationId":"cnxv9z7sblbbw7q","timestamp":1701178178531,"id":"649ajqc7voczaxw"}
{"type":"operationStart","subtype":"render","name":"pns_index","previousOperationId":"cnxv9z7sblbbw7q","timestamp":1701178178537,"id":"iv62j8bfs8hby3i","previousEventId":"59ifn7qvhue57xw","operationId":"jd3lcaohkk5354y"}
{"type":"log","timestamp":1701178178537,"level":"info","message":"Starting rendering request 73","meta":{"rootId":"gxky8userz5y3cw","id":"gxky8userz5y3cw"},"id":"w7q38uartk0xwan","previousOperationId":"jd3lcaohkk5354y"}
{"type":"log","timestamp":1701178178537,"level":"info","message":"Rendering template { name: pns_index, recipe: chrome-pdf, engine: handlebars, preview: true }","meta":{"rootId":"gxky8userz5y3cw","id":"gxky8userz5y3cw"},"id":"5fqqg6l072ikdvj","previousOperationId":"jd3lcaohkk5354y"}
{"type":"log","timestamp":1701178178540,"level":"debug","message":"Inline data specified.","meta":{"rootId":"gxky8userz5y3cw","id":"gxky8userz5y3cw"},"id":"5y5h4b3jd4mztn9","previousOperationId":"jd3lcaohkk5354y"}
{"type":"log","timestamp":1701178178543,"level":"debug","message":"Base url not specified, skipping its injection.","meta":{"rootId":"gxky8userz5y3cw","id":"gxky8userz5y3cw"},"id":"f7eqped066b5vp2","previousOperationId":"jd3lcaohkk5354y"}
{"type":"operationStart","subtype":"engine","name":"handlebars","timestamp":1701178178543,"id":"nwmri0e7l6mxe7c","previousEventId":"iv62j8bfs8hby3i","operationId":"1v7q7bgvdt3ab1n","previousOperationId":"jd3lcaohkk5354y"}
{"type":"log","timestamp":1701178178543,"level":"debug","message":"Rendering engine handlebars","meta":{"rootId":"gxky8userz5y3cw","id":"gxky8userz5y3cw"},"id":"lbrf7v4lk63rdlv","previousOperationId":"1v7q7bgvdt3ab1n"}
{"type":"operationEnd","operationId":"1v7q7bgvdt3ab1n","timestamp":1701178178564,"id":"3hmi5w20z1na07e","previousEventId":"nwmri0e7l6mxe7c","previousOperationId":"1v7q7bgvdt3ab1n"}
{"type":"operationStart","subtype":"recipe","name":"chrome-pdf","timestamp":1701178178564,"id":"mbkay3kqhr55x97","previousEventId":"3hmi5w20z1na07e","operationId":"enixyfggweg5bei","previousOperationId":"1v7q7bgvdt3ab1n"}
{"type":"log","timestamp":1701178178564,"level":"debug","message":"Executing recipe chrome-pdf","meta":{"rootId":"gxky8userz5y3cw","id":"gxky8userz5y3cw"},"id":"jtxk7mabnfhnuq6","previousOperationId":"enixyfggweg5bei"}
{"type":"log","timestamp":1701178178566,"level":"debug","message":"Converting with chrome HeadlessChrome/117.0.5938.149 using chrome-pool strategy","meta":{"rootId":"gxky8userz5y3cw","id":"gxky8userz5y3cw"},"id":"475sbwenuwcvf4c","previousOperationId":"enixyfggweg5bei"}
{"type":"log","timestamp":1701178178606,"level":"debug","message":"Page request: GET (document) file:///var/folders/dp/qk79pfcj0y1fmtkkl08m76rc0000gn/T/jsreport/autocleanup/c070fae7-2d0c-4ddb-940d-3c7a7d006693-chrome-pdf.html","meta":{"rootId":"gxky8userz5y3cw","id":"gxky8userz5y3cw"},"id":"b4z9ubagsfkny13","previousOperationId":"enixyfggweg5bei"}
{"type":"log","timestamp":1701178178611,"level":"debug","message":"Page request finished: GET (document) 200 file:///var/folders/dp/qk79pfcj0y1fmtkkl08m76rc0000gn/T/jsreport/autocleanup/c070fae7-2d0c-4ddb-940d-3c7a7d006693-chrome-pdf.html","meta":{"rootId":"gxky8userz5y3cw","id":"gxky8userz5y3cw"},"id":"je0sj9y32wb0gsk","previousOperationId":"enixyfggweg5bei"}
{"type":"log","timestamp":1701178178620,"level":"debug","message":"Custom viewport for chrome page width=800, height=2000","meta":{"rootId":"gxky8userz5y3cw","id":"gxky8userz5y3cw"},"id":"ld8kgh38c2qp6sp","previousOperationId":"enixyfggweg5bei"}
{"type":"log","timestamp":1701178178621,"level":"debug","message":"Running chrome with params {\"printBackground\":true,\"width\":\"5.8cm\",\"height\":\"50cm\",\"timeout\":59965,\"margin\":{}}","meta":{"rootId":"gxky8userz5y3cw","id":"gxky8userz5y3cw"},"id":"a5dfrorvs08nglh","previousOperationId":"enixyfggweg5bei"}
{"type":"operationEnd","operationId":"enixyfggweg5bei","timestamp":1701178178649,"id":"4pizoi9samzzx8s","previousEventId":"mbkay3kqhr55x97","previousOperationId":"enixyfggweg5bei"}
{"type":"log","timestamp":1701178178649,"level":"debug","message":"Skipping storing report.","meta":{"rootId":"gxky8userz5y3cw","id":"gxky8userz5y3cw"},"id":"46gl0yg8it5oncu","previousOperationId":"enixyfggweg5bei"}
{"type":"log","timestamp":1701178178649,"level":"info","message":"Rendering request 73 finished in 119 ms","meta":{"rootId":"gxky8userz5y3cw","id":"gxky8userz5y3cw"},"id":"zxv3nlsi7pthcpq","previousOperationId":"enixyfggweg5bei"}
{"type":"operationEnd","subtype":"render","operationId":"jd3lcaohkk5354y","timestamp":1701178178649,"id":"ctflxhiujxpbu6d","previousEventId":"4pizoi9samzzx8s","previousOperationId":"enixyfggweg5bei"}
{"type":"operationEnd","doDiffs":false,"previousEventId":"59ifn7qvhue57xw","previousOperationId":"cnxv9z7sblbbw7q","operationId":"cnxv9z7sblbbw7q","timestamp":1701178178651,"id":"bt2u532oz7k1je3"}
