{"type":"operationStart","subtype":"profile","data":{"_id":"4G0YRxz5xLiqyNFX","timestamp":"2023-12-06T09:17:09.601Z","state":"queued","mode":"standard","creationDate":"2023-12-06T09:17:09.602Z","modificationDate":"2023-12-06T09:17:09.602Z","shortid":"mfSPiXg","$entitySet":"profiles"},"doDiffs":false,"timestamp":1701854229602,"id":"x81eeao3zkhspmr","previousOperationId":null,"operationId":"8q9b7pyd1tpi8aq"}
{"type":"log","level":"info","message":"Render request 12 queued for execution and waiting for available worker","previousOperationId":"8q9b7pyd1tpi8aq","timestamp":1701854229602,"id":"76idnnhbpbox21m"}
{"type":"operationStart","subtype":"render","name":"pns_index","previousOperationId":"8q9b7pyd1tpi8aq","timestamp":1701854229610,"id":"98h4rsxzmhhwi7v","previousEventId":"x81eeao3zkhspmr","operationId":"0f3727rj4teoztd"}
{"type":"log","timestamp":1701854229610,"level":"info","message":"Starting rendering request 12","meta":{"rootId":"h0s8qlc9p0hij7j","id":"h0s8qlc9p0hij7j"},"id":"m2kl7o6lep5x1n2","previousOperationId":"0f3727rj4teoztd"}
{"type":"log","timestamp":1701854229610,"level":"info","message":"Rendering template { name: pns_index, recipe: chrome-pdf, engine: handlebars, preview: true }","meta":{"rootId":"h0s8qlc9p0hij7j","id":"h0s8qlc9p0hij7j"},"id":"ep8tqa73jz5v4bo","previousOperationId":"0f3727rj4teoztd"}
{"type":"log","timestamp":1701854229611,"level":"debug","message":"Adding sample data flbhzmKcJ","meta":{"rootId":"h0s8qlc9p0hij7j","id":"h0s8qlc9p0hij7j"},"id":"rk486h0guwwy0j3","previousOperationId":"0f3727rj4teoztd"}
{"type":"log","timestamp":1701854229612,"level":"debug","message":"Base url not specified, skipping its injection.","meta":{"rootId":"h0s8qlc9p0hij7j","id":"h0s8qlc9p0hij7j"},"id":"e0jtj97m90fbuub","previousOperationId":"0f3727rj4teoztd"}
{"type":"log","timestamp":1701854229616,"level":"debug","message":"Replaced assets [\"styles.css\"]","meta":{"rootId":"h0s8qlc9p0hij7j","id":"h0s8qlc9p0hij7j"},"id":"dkg6qbp0b966hjb","previousOperationId":"0f3727rj4teoztd"}
{"type":"operationStart","subtype":"engine","name":"handlebars","timestamp":1701854229616,"id":"4bmar7z13vg289r","previousEventId":"98h4rsxzmhhwi7v","operationId":"cwdy8gfiqqwihix","previousOperationId":"0f3727rj4teoztd"}
{"type":"log","timestamp":1701854229616,"level":"debug","message":"Rendering engine handlebars","meta":{"rootId":"h0s8qlc9p0hij7j","id":"h0s8qlc9p0hij7j"},"id":"lnzhywextcfd4r2","previousOperationId":"cwdy8gfiqqwihix"}
{"type":"operationEnd","operationId":"cwdy8gfiqqwihix","timestamp":1701854229647,"id":"7luyf02vkgyvffc","previousEventId":"4bmar7z13vg289r","previousOperationId":"cwdy8gfiqqwihix"}
{"type":"operationStart","subtype":"recipe","name":"chrome-pdf","timestamp":1701854229647,"id":"0t52q1a8hr9i5jr","previousEventId":"7luyf02vkgyvffc","operationId":"0z4jt01fig5rjjs","previousOperationId":"cwdy8gfiqqwihix"}
{"type":"log","timestamp":1701854229647,"level":"debug","message":"Executing recipe chrome-pdf","meta":{"rootId":"h0s8qlc9p0hij7j","id":"h0s8qlc9p0hij7j"},"id":"a0z8ejr8k0jblri","previousOperationId":"0z4jt01fig5rjjs"}
{"type":"log","timestamp":1701854229649,"level":"debug","message":"Converting with chrome HeadlessChrome/117.0.5938.149 using chrome-pool strategy","meta":{"rootId":"h0s8qlc9p0hij7j","id":"h0s8qlc9p0hij7j"},"id":"ywl5je5ghgeuzf5","previousOperationId":"0z4jt01fig5rjjs"}
{"type":"log","timestamp":1701854229699,"level":"debug","message":"Page request: GET (document) file:///var/folders/dp/qk79pfcj0y1fmtkkl08m76rc0000gn/T/jsreport/autocleanup/edeac178-4c57-40b9-a155-85fd19d14dd8-chrome-pdf.html","meta":{"rootId":"h0s8qlc9p0hij7j","id":"h0s8qlc9p0hij7j"},"id":"38pat9pwykb4ej4","previousOperationId":"0z4jt01fig5rjjs"}
{"type":"log","timestamp":1701854229703,"level":"debug","message":"Page request finished: GET (document) 200 file:///var/folders/dp/qk79pfcj0y1fmtkkl08m76rc0000gn/T/jsreport/autocleanup/edeac178-4c57-40b9-a155-85fd19d14dd8-chrome-pdf.html","meta":{"rootId":"h0s8qlc9p0hij7j","id":"h0s8qlc9p0hij7j"},"id":"31g5x0kvbxt38vl","previousOperationId":"0z4jt01fig5rjjs"}
{"type":"log","timestamp":1701854229713,"level":"debug","message":"Custom viewport for chrome page width=800, height=2000","meta":{"rootId":"h0s8qlc9p0hij7j","id":"h0s8qlc9p0hij7j"},"id":"sjaxt3l9lu19rx5","previousOperationId":"0z4jt01fig5rjjs"}
{"type":"log","timestamp":1701854229714,"level":"debug","message":"Running chrome with params {\"printBackground\":true,\"width\":\"5.8cm\",\"height\":\"21cm\",\"marginRight\":\"0cm\",\"marginLeft\":\"0cm\",\"timeout\":59952,\"margin\":{\"right\":\"0cm\",\"left\":\"0cm\"}}","meta":{"rootId":"h0s8qlc9p0hij7j","id":"h0s8qlc9p0hij7j"},"id":"np6f9v4lr6ijlkv","previousOperationId":"0z4jt01fig5rjjs"}
{"type":"operationEnd","operationId":"0z4jt01fig5rjjs","timestamp":1701854229746,"id":"75n0tnuhfbhvlng","previousEventId":"0t52q1a8hr9i5jr","previousOperationId":"0z4jt01fig5rjjs"}
{"type":"log","timestamp":1701854229746,"level":"debug","message":"Skipping storing report.","meta":{"rootId":"h0s8qlc9p0hij7j","id":"h0s8qlc9p0hij7j"},"id":"3cjy0ktmdderr0b","previousOperationId":"0z4jt01fig5rjjs"}
{"type":"log","timestamp":1701854229746,"level":"info","message":"Rendering request 12 finished in 146 ms","meta":{"rootId":"h0s8qlc9p0hij7j","id":"h0s8qlc9p0hij7j"},"id":"5e3g1joiwy34daq","previousOperationId":"0z4jt01fig5rjjs"}
{"type":"operationEnd","subtype":"render","operationId":"0f3727rj4teoztd","timestamp":1701854229746,"id":"un3kqne0ztz46mm","previousEventId":"75n0tnuhfbhvlng","previousOperationId":"0z4jt01fig5rjjs"}
{"type":"operationEnd","doDiffs":false,"previousEventId":"x81eeao3zkhspmr","previousOperationId":"8q9b7pyd1tpi8aq","operationId":"8q9b7pyd1tpi8aq","timestamp":1701854229749,"id":"1px6pn4g8c72gmp"}
