{"type":"operationStart","subtype":"profile","data":{"_id":"XQws3j0mQxjNp6FK","timestamp":"2023-12-06T09:59:05.550Z","state":"queued","mode":"standard","creationDate":"2023-12-06T09:59:05.554Z","modificationDate":"2023-12-06T09:59:05.554Z","shortid":"KdE8h9N","$entitySet":"profiles"},"doDiffs":false,"timestamp":1701856745552,"id":"8pcrmtu1ur08vy2","previousOperationId":null,"operationId":"pr85bnmxa0prnop"}
{"type":"log","level":"info","message":"Render request 63 queued for execution and waiting for available worker","previousOperationId":"pr85bnmxa0prnop","timestamp":1701856745553,"id":"6ug2r5xvq0tvym2"}
{"type":"operationStart","subtype":"render","name":"pns_index","previousOperationId":"pr85bnmxa0prnop","timestamp":1701856745568,"id":"hb615weymy7dxki","previousEventId":"8pcrmtu1ur08vy2","operationId":"7tqvimzsve89wlp"}
{"type":"log","timestamp":1701856745568,"level":"info","message":"Starting rendering request 63","meta":{"rootId":"h9wkgz24f5igiyf","id":"h9wkgz24f5igiyf"},"id":"j4cnxmo9t90ihy5","previousOperationId":"7tqvimzsve89wlp"}
{"type":"log","timestamp":1701856745568,"level":"info","message":"Rendering template { name: pns_index, recipe: chrome-pdf, engine: handlebars, preview: true }","meta":{"rootId":"h9wkgz24f5igiyf","id":"h9wkgz24f5igiyf"},"id":"yiyysb16ph4hkt1","previousOperationId":"7tqvimzsve89wlp"}
{"type":"log","timestamp":1701856745568,"level":"debug","message":"Inline data specified.","meta":{"rootId":"h9wkgz24f5igiyf","id":"h9wkgz24f5igiyf"},"id":"wbm1aemnylns9ep","previousOperationId":"7tqvimzsve89wlp"}
{"type":"log","timestamp":1701856745569,"level":"debug","message":"Base url not specified, skipping its injection.","meta":{"rootId":"h9wkgz24f5igiyf","id":"h9wkgz24f5igiyf"},"id":"76czeyxgamenby4","previousOperationId":"7tqvimzsve89wlp"}
{"type":"log","timestamp":1701856745570,"level":"debug","message":"Replaced assets [\"styles.css\"]","meta":{"rootId":"h9wkgz24f5igiyf","id":"h9wkgz24f5igiyf"},"id":"ht0n87x0egta44t","previousOperationId":"7tqvimzsve89wlp"}
{"type":"operationStart","subtype":"engine","name":"handlebars","timestamp":1701856745570,"id":"n9x9fcsmzm6cagy","previousEventId":"hb615weymy7dxki","operationId":"vwc2er9pophne9p","previousOperationId":"7tqvimzsve89wlp"}
{"type":"log","timestamp":1701856745570,"level":"debug","message":"Rendering engine handlebars","meta":{"rootId":"h9wkgz24f5igiyf","id":"h9wkgz24f5igiyf"},"id":"3ro5drtujwbqd2l","previousOperationId":"vwc2er9pophne9p"}
{"type":"operationEnd","operationId":"vwc2er9pophne9p","timestamp":1701856745596,"id":"61pof4vtzgd4bqp","previousEventId":"n9x9fcsmzm6cagy","previousOperationId":"vwc2er9pophne9p"}
{"type":"operationStart","subtype":"recipe","name":"chrome-pdf","timestamp":1701856745596,"id":"1gvuiyn9buh38t4","previousEventId":"61pof4vtzgd4bqp","operationId":"zkx0r400rt0wvwx","previousOperationId":"vwc2er9pophne9p"}
{"type":"log","timestamp":1701856745596,"level":"debug","message":"Executing recipe chrome-pdf","meta":{"rootId":"h9wkgz24f5igiyf","id":"h9wkgz24f5igiyf"},"id":"tc6hqatyepsa4kc","previousOperationId":"zkx0r400rt0wvwx"}
{"type":"log","timestamp":1701856745598,"level":"debug","message":"Converting with chrome HeadlessChrome/117.0.5938.149 using chrome-pool strategy","meta":{"rootId":"h9wkgz24f5igiyf","id":"h9wkgz24f5igiyf"},"id":"xrk1cb03mmxr6fq","previousOperationId":"zkx0r400rt0wvwx"}
{"type":"log","timestamp":1701856745646,"level":"debug","message":"Page request: GET (document) file:///var/folders/dp/qk79pfcj0y1fmtkkl08m76rc0000gn/T/jsreport/autocleanup/b70ba22b-b272-47b0-b283-d813d91e381e-chrome-pdf.html","meta":{"rootId":"h9wkgz24f5igiyf","id":"h9wkgz24f5igiyf"},"id":"vhhgdyn0uczmlfe","previousOperationId":"zkx0r400rt0wvwx"}
{"type":"log","timestamp":1701856745651,"level":"debug","message":"Page request finished: GET (document) 200 file:///var/folders/dp/qk79pfcj0y1fmtkkl08m76rc0000gn/T/jsreport/autocleanup/b70ba22b-b272-47b0-b283-d813d91e381e-chrome-pdf.html","meta":{"rootId":"h9wkgz24f5igiyf","id":"h9wkgz24f5igiyf"},"id":"3lz1ge97svz7s1k","previousOperationId":"zkx0r400rt0wvwx"}
{"type":"log","timestamp":1701856745662,"level":"debug","message":"Custom viewport for chrome page width=800, height=2000","meta":{"rootId":"h9wkgz24f5igiyf","id":"h9wkgz24f5igiyf"},"id":"d2vtlh3ekfqh93m","previousOperationId":"zkx0r400rt0wvwx"}
{"type":"log","timestamp":1701856745663,"level":"debug","message":"Running chrome with params {\"printBackground\":true,\"width\":\"6.8cm\",\"height\":\"50cm\",\"marginRight\":\"0cm\",\"marginLeft\":\"0cm\",\"timeout\":59953,\"margin\":{\"right\":\"0cm\",\"left\":\"0cm\"}}","meta":{"rootId":"h9wkgz24f5igiyf","id":"h9wkgz24f5igiyf"},"id":"xnm39dgn2bvzubt","previousOperationId":"zkx0r400rt0wvwx"}
{"type":"operationEnd","operationId":"zkx0r400rt0wvwx","timestamp":1701856745695,"id":"w5ioht9wnf82ymq","previousEventId":"1gvuiyn9buh38t4","previousOperationId":"zkx0r400rt0wvwx"}
{"type":"log","timestamp":1701856745695,"level":"debug","message":"Skipping storing report.","meta":{"rootId":"h9wkgz24f5igiyf","id":"h9wkgz24f5igiyf"},"id":"vj56hbyl5izfz6t","previousOperationId":"zkx0r400rt0wvwx"}
{"type":"log","timestamp":1701856745695,"level":"info","message":"Rendering request 63 finished in 145 ms","meta":{"rootId":"h9wkgz24f5igiyf","id":"h9wkgz24f5igiyf"},"id":"wxvsjn1cl3a8oik","previousOperationId":"zkx0r400rt0wvwx"}
{"type":"operationEnd","subtype":"render","operationId":"7tqvimzsve89wlp","timestamp":1701856745695,"id":"x2kengqnb5yq8vl","previousEventId":"w5ioht9wnf82ymq","previousOperationId":"zkx0r400rt0wvwx"}
{"type":"operationEnd","doDiffs":false,"previousEventId":"8pcrmtu1ur08vy2","previousOperationId":"pr85bnmxa0prnop","operationId":"pr85bnmxa0prnop","timestamp":1701856745696,"id":"8bns3q7b8r4i8oq"}
