{"type":"operationStart","subtype":"profile","data":{"_id":"zLdbsplRjDKssrvU","timestamp":"2023-11-28T13:54:46.515Z","state":"queued","mode":"standard","creationDate":"2023-11-28T13:54:46.516Z","modificationDate":"2023-11-28T13:54:46.516Z","shortid":"zoKNGr-","$entitySet":"profiles"},"doDiffs":false,"timestamp":1701179686515,"id":"rutqk8pno5wzcfq","previousOperationId":null,"operationId":"zarin6i71wwk9hw"}
{"type":"log","level":"info","message":"Render request 104 queued for execution and waiting for available worker","previousOperationId":"zarin6i71wwk9hw","timestamp":1701179686516,"id":"mbh64cs606cgbk5"}
{"type":"operationStart","subtype":"render","name":"pns_index","previousOperationId":"zarin6i71wwk9hw","timestamp":1701179686526,"id":"o8hv1jpg9myltnb","previousEventId":"rutqk8pno5wzcfq","operationId":"yqrrel4fosdm96y"}
{"type":"log","timestamp":1701179686527,"level":"info","message":"Starting rendering request 104","meta":{"rootId":"hmxcjck7p8a13ym","id":"hmxcjck7p8a13ym"},"id":"cdzvo3jciglrc3x","previousOperationId":"yqrrel4fosdm96y"}
{"type":"log","timestamp":1701179686527,"level":"info","message":"Rendering template { name: pns_index, recipe: chrome-pdf, engine: handlebars, preview: true }","meta":{"rootId":"hmxcjck7p8a13ym","id":"hmxcjck7p8a13ym"},"id":"ay2gt909u1qd3ho","previousOperationId":"yqrrel4fosdm96y"}
{"type":"log","timestamp":1701179686528,"level":"debug","message":"Inline data specified.","meta":{"rootId":"hmxcjck7p8a13ym","id":"hmxcjck7p8a13ym"},"id":"u4skn2wod3tj3ia","previousOperationId":"yqrrel4fosdm96y"}
{"type":"log","timestamp":1701179686533,"level":"debug","message":"Base url not specified, skipping its injection.","meta":{"rootId":"hmxcjck7p8a13ym","id":"hmxcjck7p8a13ym"},"id":"m25fkr55qnhfn4m","previousOperationId":"yqrrel4fosdm96y"}
{"type":"operationStart","subtype":"engine","name":"handlebars","timestamp":1701179686534,"id":"arvghpmxbllil06","previousEventId":"o8hv1jpg9myltnb","operationId":"h805qyu10m2ry2j","previousOperationId":"yqrrel4fosdm96y"}
{"type":"log","timestamp":1701179686534,"level":"debug","message":"Rendering engine handlebars","meta":{"rootId":"hmxcjck7p8a13ym","id":"hmxcjck7p8a13ym"},"id":"qs2r6e22jsszejs","previousOperationId":"h805qyu10m2ry2j"}
{"type":"operationEnd","operationId":"h805qyu10m2ry2j","timestamp":1701179686561,"id":"u2502a2hc25aubs","previousEventId":"arvghpmxbllil06","previousOperationId":"h805qyu10m2ry2j"}
{"type":"operationStart","subtype":"recipe","name":"chrome-pdf","timestamp":1701179686561,"id":"aw0wk7hkq6u9r1e","previousEventId":"u2502a2hc25aubs","operationId":"mjrklwefgx1bhvj","previousOperationId":"h805qyu10m2ry2j"}
{"type":"log","timestamp":1701179686561,"level":"debug","message":"Executing recipe chrome-pdf","meta":{"rootId":"hmxcjck7p8a13ym","id":"hmxcjck7p8a13ym"},"id":"u3q8b7p8qcf3dqz","previousOperationId":"mjrklwefgx1bhvj"}
{"type":"log","timestamp":1701179686562,"level":"debug","message":"Converting with chrome HeadlessChrome/117.0.5938.149 using chrome-pool strategy","meta":{"rootId":"hmxcjck7p8a13ym","id":"hmxcjck7p8a13ym"},"id":"m8srlr3xeh3z6x2","previousOperationId":"mjrklwefgx1bhvj"}
{"type":"log","timestamp":1701179686611,"level":"debug","message":"Page request: GET (document) file:///var/folders/dp/qk79pfcj0y1fmtkkl08m76rc0000gn/T/jsreport/autocleanup/1d816e01-b6b4-4bcb-a00d-1c5b55bef01a-chrome-pdf.html","meta":{"rootId":"hmxcjck7p8a13ym","id":"hmxcjck7p8a13ym"},"id":"lipy4mcrrtb207j","previousOperationId":"mjrklwefgx1bhvj"}
{"type":"log","timestamp":1701179686616,"level":"debug","message":"Page request finished: GET (document) 200 file:///var/folders/dp/qk79pfcj0y1fmtkkl08m76rc0000gn/T/jsreport/autocleanup/1d816e01-b6b4-4bcb-a00d-1c5b55bef01a-chrome-pdf.html","meta":{"rootId":"hmxcjck7p8a13ym","id":"hmxcjck7p8a13ym"},"id":"vegwv6cndde2iqu","previousOperationId":"mjrklwefgx1bhvj"}
{"type":"log","timestamp":1701179686626,"level":"debug","message":"Custom viewport for chrome page width=800, height=2000","meta":{"rootId":"hmxcjck7p8a13ym","id":"hmxcjck7p8a13ym"},"id":"akw841q04yhkzxi","previousOperationId":"mjrklwefgx1bhvj"}
{"type":"log","timestamp":1701179686627,"level":"debug","message":"Running chrome with params {\"printBackground\":true,\"width\":\"5.8cm\",\"height\":\"50cm\",\"timeout\":59952,\"margin\":{}}","meta":{"rootId":"hmxcjck7p8a13ym","id":"hmxcjck7p8a13ym"},"id":"tb6ifqz43ul7scr","previousOperationId":"mjrklwefgx1bhvj"}
{"type":"operationEnd","operationId":"mjrklwefgx1bhvj","timestamp":1701179686655,"id":"jnh6ubfn98e546e","previousEventId":"aw0wk7hkq6u9r1e","previousOperationId":"mjrklwefgx1bhvj"}
{"type":"log","timestamp":1701179686655,"level":"debug","message":"Skipping storing report.","meta":{"rootId":"hmxcjck7p8a13ym","id":"hmxcjck7p8a13ym"},"id":"e5jbrb87aexmwzr","previousOperationId":"mjrklwefgx1bhvj"}
{"type":"log","timestamp":1701179686655,"level":"info","message":"Rendering request 104 finished in 141 ms","meta":{"rootId":"hmxcjck7p8a13ym","id":"hmxcjck7p8a13ym"},"id":"o8c4jiosh71l5kk","previousOperationId":"mjrklwefgx1bhvj"}
{"type":"operationEnd","subtype":"render","operationId":"yqrrel4fosdm96y","timestamp":1701179686655,"id":"v46j0bpvtssbee9","previousEventId":"jnh6ubfn98e546e","previousOperationId":"mjrklwefgx1bhvj"}
{"type":"operationEnd","doDiffs":false,"previousEventId":"rutqk8pno5wzcfq","previousOperationId":"zarin6i71wwk9hw","operationId":"zarin6i71wwk9hw","timestamp":1701179686656,"id":"vxwbw3yc877m2gn"}
