{"type":"operationStart","subtype":"profile","data":{"_id":"6UzTIi5sP8N2L7iF","timestamp":"2023-11-28T11:33:48.850Z","state":"queued","mode":"standard","creationDate":"2023-11-28T11:33:48.851Z","modificationDate":"2023-11-28T11:33:48.851Z","shortid":"J5J3F9w","$entitySet":"profiles"},"doDiffs":false,"timestamp":1701171228850,"id":"tnijp6wawx7k6tq","previousOperationId":null,"operationId":"bm41019qdxuqe05"}
{"type":"log","level":"info","message":"Render request 12 queued for execution and waiting for available worker","previousOperationId":"bm41019qdxuqe05","timestamp":1701171228850,"id":"qqj9qnauosrd6j8"}
{"type":"operationStart","subtype":"render","name":"pns_index","previousOperationId":"bm41019qdxuqe05","timestamp":1701171228859,"id":"7365hpdp71bp5ro","previousEventId":"tnijp6wawx7k6tq","operationId":"kgw1i9ktdofxi1p"}
{"type":"log","timestamp":1701171228860,"level":"info","message":"Starting rendering request 12","meta":{"rootId":"hna9g4rrne3eza3","id":"hna9g4rrne3eza3"},"id":"weq793vccjrruv4","previousOperationId":"kgw1i9ktdofxi1p"}
{"type":"log","timestamp":1701171228860,"level":"info","message":"Rendering template { name: pns_index, recipe: chrome-pdf, engine: handlebars, preview: true }","meta":{"rootId":"hna9g4rrne3eza3","id":"hna9g4rrne3eza3"},"id":"39zqd4am9rji9lp","previousOperationId":"kgw1i9ktdofxi1p"}
{"type":"log","timestamp":1701171228860,"level":"debug","message":"Inline data specified.","meta":{"rootId":"hna9g4rrne3eza3","id":"hna9g4rrne3eza3"},"id":"mncxssx5jg3fxab","previousOperationId":"kgw1i9ktdofxi1p"}
{"type":"log","timestamp":1701171228862,"level":"debug","message":"Base url not specified, skipping its injection.","meta":{"rootId":"hna9g4rrne3eza3","id":"hna9g4rrne3eza3"},"id":"xqrvrtyhr2u1d5k","previousOperationId":"kgw1i9ktdofxi1p"}
{"type":"operationStart","subtype":"engine","name":"handlebars","timestamp":1701171228862,"id":"i3ii52e2s1vkh3s","previousEventId":"7365hpdp71bp5ro","operationId":"4tzhce3aul86a5l","previousOperationId":"kgw1i9ktdofxi1p"}
{"type":"log","timestamp":1701171228862,"level":"debug","message":"Rendering engine handlebars","meta":{"rootId":"hna9g4rrne3eza3","id":"hna9g4rrne3eza3"},"id":"94yxs3qtrgf2b58","previousOperationId":"4tzhce3aul86a5l"}
{"type":"operationEnd","operationId":"4tzhce3aul86a5l","timestamp":1701171228890,"id":"u4f9c8mnydstuzw","previousEventId":"i3ii52e2s1vkh3s","previousOperationId":"4tzhce3aul86a5l"}
{"type":"operationStart","subtype":"recipe","name":"chrome-pdf","timestamp":1701171228890,"id":"9w89wgxttg6fkvb","previousEventId":"u4f9c8mnydstuzw","operationId":"tj7ycekeb61zj18","previousOperationId":"4tzhce3aul86a5l"}
{"type":"log","timestamp":1701171228890,"level":"debug","message":"Executing recipe chrome-pdf","meta":{"rootId":"hna9g4rrne3eza3","id":"hna9g4rrne3eza3"},"id":"63iaso1x0fxawdu","previousOperationId":"tj7ycekeb61zj18"}
{"type":"log","timestamp":1701171228892,"level":"debug","message":"Converting with chrome HeadlessChrome/117.0.5938.149 using chrome-pool strategy","meta":{"rootId":"hna9g4rrne3eza3","id":"hna9g4rrne3eza3"},"id":"r7isv7fer4488wt","previousOperationId":"tj7ycekeb61zj18"}
{"type":"log","timestamp":1701171228939,"level":"debug","message":"Page request: GET (document) file:///var/folders/dp/qk79pfcj0y1fmtkkl08m76rc0000gn/T/jsreport/autocleanup/4a9188e9-146f-43f7-b505-2268f09305d1-chrome-pdf.html","meta":{"rootId":"hna9g4rrne3eza3","id":"hna9g4rrne3eza3"},"id":"bvifn3iq9v1r87z","previousOperationId":"tj7ycekeb61zj18"}
{"type":"log","timestamp":1701171228943,"level":"debug","message":"Page request finished: GET (document) 200 file:///var/folders/dp/qk79pfcj0y1fmtkkl08m76rc0000gn/T/jsreport/autocleanup/4a9188e9-146f-43f7-b505-2268f09305d1-chrome-pdf.html","meta":{"rootId":"hna9g4rrne3eza3","id":"hna9g4rrne3eza3"},"id":"h9wy6jolt29hlun","previousOperationId":"tj7ycekeb61zj18"}
{"type":"log","timestamp":1701171228952,"level":"debug","message":"Running chrome with params {\"printBackground\":true,\"width\":\"8cm\",\"timeout\":59959,\"margin\":{}}","meta":{"rootId":"hna9g4rrne3eza3","id":"hna9g4rrne3eza3"},"id":"wxmjmtz7k29obyg","previousOperationId":"tj7ycekeb61zj18"}
{"type":"operationEnd","operationId":"tj7ycekeb61zj18","timestamp":1701171228974,"id":"2kn6o25u1rgjtbe","previousEventId":"9w89wgxttg6fkvb","previousOperationId":"tj7ycekeb61zj18"}
{"type":"log","timestamp":1701171228975,"level":"debug","message":"Skipping storing report.","meta":{"rootId":"hna9g4rrne3eza3","id":"hna9g4rrne3eza3"},"id":"yronu379ff2sd0z","previousOperationId":"tj7ycekeb61zj18"}
{"type":"log","timestamp":1701171228975,"level":"info","message":"Rendering request 12 finished in 125 ms","meta":{"rootId":"hna9g4rrne3eza3","id":"hna9g4rrne3eza3"},"id":"tdcrjpd27i520ke","previousOperationId":"tj7ycekeb61zj18"}
{"type":"operationEnd","subtype":"render","operationId":"kgw1i9ktdofxi1p","timestamp":1701171228975,"id":"clrhtqyr153f68t","previousEventId":"2kn6o25u1rgjtbe","previousOperationId":"tj7ycekeb61zj18"}
{"type":"operationEnd","doDiffs":false,"previousEventId":"tnijp6wawx7k6tq","previousOperationId":"bm41019qdxuqe05","operationId":"bm41019qdxuqe05","timestamp":1701171228976,"id":"iwtpc31r8wb2cwm"}
