{"type":"operationStart","subtype":"profile","data":{"_id":"F4QPhNiM3KJGnXBJ","timestamp":"2023-12-06T09:51:30.657Z","state":"queued","mode":"standard","creationDate":"2023-12-06T09:51:30.658Z","modificationDate":"2023-12-06T09:51:30.658Z","shortid":"wgrzFej","$entitySet":"profiles"},"doDiffs":false,"timestamp":1701856290657,"id":"7vthrlpz7kgg3e6","previousOperationId":null,"operationId":"rmtxszjtyzxrej7"}
{"type":"log","level":"info","message":"Render request 58 queued for execution and waiting for available worker","previousOperationId":"rmtxszjtyzxrej7","timestamp":1701856290657,"id":"7so59stwxv121u7"}
{"type":"operationStart","subtype":"render","name":"pns_index","previousOperationId":"rmtxszjtyzxrej7","timestamp":1701856290664,"id":"zjvwoia7fj21jp0","previousEventId":"7vthrlpz7kgg3e6","operationId":"lxu2j07ymjp2ozb"}
{"type":"log","timestamp":1701856290664,"level":"info","message":"Starting rendering request 58","meta":{"rootId":"htts77h8sdoqa0p","id":"htts77h8sdoqa0p"},"id":"slna30fkkwe1rie","previousOperationId":"lxu2j07ymjp2ozb"}
{"type":"log","timestamp":1701856290665,"level":"info","message":"Rendering template { name: pns_index, recipe: chrome-pdf, engine: handlebars, preview: true }","meta":{"rootId":"htts77h8sdoqa0p","id":"htts77h8sdoqa0p"},"id":"dk1krf34o3fs5jt","previousOperationId":"lxu2j07ymjp2ozb"}
{"type":"log","timestamp":1701856290665,"level":"debug","message":"Inline data specified.","meta":{"rootId":"htts77h8sdoqa0p","id":"htts77h8sdoqa0p"},"id":"ptbf9le7phtmtiv","previousOperationId":"lxu2j07ymjp2ozb"}
{"type":"log","timestamp":1701856290674,"level":"debug","message":"Base url not specified, skipping its injection.","meta":{"rootId":"htts77h8sdoqa0p","id":"htts77h8sdoqa0p"},"id":"sm6v06tb3jiuw5o","previousOperationId":"lxu2j07ymjp2ozb"}
{"type":"log","timestamp":1701856290675,"level":"debug","message":"Replaced assets [\"styles.css\"]","meta":{"rootId":"htts77h8sdoqa0p","id":"htts77h8sdoqa0p"},"id":"z5xyz80bmo254b0","previousOperationId":"lxu2j07ymjp2ozb"}
{"type":"operationStart","subtype":"engine","name":"handlebars","timestamp":1701856290675,"id":"6muemqouvdmtksx","previousEventId":"zjvwoia7fj21jp0","operationId":"mqjdrshkrqquaen","previousOperationId":"lxu2j07ymjp2ozb"}
{"type":"log","timestamp":1701856290675,"level":"debug","message":"Rendering engine handlebars","meta":{"rootId":"htts77h8sdoqa0p","id":"htts77h8sdoqa0p"},"id":"ccitu6f6lckmrcc","previousOperationId":"mqjdrshkrqquaen"}
{"type":"operationEnd","operationId":"mqjdrshkrqquaen","timestamp":1701856290704,"id":"kvw5gor8l013hds","previousEventId":"6muemqouvdmtksx","previousOperationId":"mqjdrshkrqquaen"}
{"type":"operationStart","subtype":"recipe","name":"chrome-pdf","timestamp":1701856290705,"id":"jar9m2sf8isvybn","previousEventId":"kvw5gor8l013hds","operationId":"13q5qr39kfsb4n0","previousOperationId":"mqjdrshkrqquaen"}
{"type":"log","timestamp":1701856290705,"level":"debug","message":"Executing recipe chrome-pdf","meta":{"rootId":"htts77h8sdoqa0p","id":"htts77h8sdoqa0p"},"id":"dtiegz4z1oy12vc","previousOperationId":"13q5qr39kfsb4n0"}
{"type":"log","timestamp":1701856290707,"level":"debug","message":"Converting with chrome HeadlessChrome/117.0.5938.149 using chrome-pool strategy","meta":{"rootId":"htts77h8sdoqa0p","id":"htts77h8sdoqa0p"},"id":"rypkyg96aduw7pa","previousOperationId":"13q5qr39kfsb4n0"}
{"type":"log","timestamp":1701856290758,"level":"debug","message":"Page request: GET (document) file:///var/folders/dp/qk79pfcj0y1fmtkkl08m76rc0000gn/T/jsreport/autocleanup/605fc489-6c01-43ef-89de-e9c1deb1ccfb-chrome-pdf.html","meta":{"rootId":"htts77h8sdoqa0p","id":"htts77h8sdoqa0p"},"id":"06k96yk4a4yr8k2","previousOperationId":"13q5qr39kfsb4n0"}
{"type":"log","timestamp":1701856290762,"level":"debug","message":"Page request finished: GET (document) 200 file:///var/folders/dp/qk79pfcj0y1fmtkkl08m76rc0000gn/T/jsreport/autocleanup/605fc489-6c01-43ef-89de-e9c1deb1ccfb-chrome-pdf.html","meta":{"rootId":"htts77h8sdoqa0p","id":"htts77h8sdoqa0p"},"id":"mxahr9fp9u9sxv0","previousOperationId":"13q5qr39kfsb4n0"}
{"type":"log","timestamp":1701856290772,"level":"debug","message":"Custom viewport for chrome page width=800, height=2000","meta":{"rootId":"htts77h8sdoqa0p","id":"htts77h8sdoqa0p"},"id":"e1cofplka1d115a","previousOperationId":"13q5qr39kfsb4n0"}
{"type":"log","timestamp":1701856290773,"level":"debug","message":"Running chrome with params {\"printBackground\":true,\"width\":\"6.8cm\",\"height\":\"50cm\",\"marginRight\":\"0cm\",\"marginLeft\":\"0cm\",\"timeout\":59951,\"margin\":{\"right\":\"0cm\",\"left\":\"0cm\"}}","meta":{"rootId":"htts77h8sdoqa0p","id":"htts77h8sdoqa0p"},"id":"ct7tzknks9catdd","previousOperationId":"13q5qr39kfsb4n0"}
{"type":"operationEnd","operationId":"13q5qr39kfsb4n0","timestamp":1701856290801,"id":"cbd2y166ww6rb70","previousEventId":"jar9m2sf8isvybn","previousOperationId":"13q5qr39kfsb4n0"}
{"type":"log","timestamp":1701856290801,"level":"debug","message":"Skipping storing report.","meta":{"rootId":"htts77h8sdoqa0p","id":"htts77h8sdoqa0p"},"id":"iu57s3hg8kp5jfu","previousOperationId":"13q5qr39kfsb4n0"}
{"type":"log","timestamp":1701856290801,"level":"info","message":"Rendering request 58 finished in 144 ms","meta":{"rootId":"htts77h8sdoqa0p","id":"htts77h8sdoqa0p"},"id":"8275htgqing15jf","previousOperationId":"13q5qr39kfsb4n0"}
{"type":"operationEnd","subtype":"render","operationId":"lxu2j07ymjp2ozb","timestamp":1701856290801,"id":"tb1xpwjp2agyia6","previousEventId":"cbd2y166ww6rb70","previousOperationId":"13q5qr39kfsb4n0"}
{"type":"operationEnd","doDiffs":false,"previousEventId":"7vthrlpz7kgg3e6","previousOperationId":"rmtxszjtyzxrej7","operationId":"rmtxszjtyzxrej7","timestamp":1701856290803,"id":"e4y45yx9mzegqsl"}
