{"type":"operationStart","subtype":"profile","data":{"_id":"a5v4CQVO6lcVdgv2","timestamp":"2023-12-13T11:36:37.468Z","state":"queued","mode":"standard","creationDate":"2023-12-13T11:36:37.471Z","modificationDate":"2023-12-13T11:36:37.471Z","shortid":"tZd3YBv","$entitySet":"profiles"},"doDiffs":false,"timestamp":1702467397469,"id":"uy9o3xr8tz5xe2b","previousOperationId":null,"operationId":"49qg72b92ltpeiu"}
{"type":"log","level":"info","message":"Render request 4 queued for execution and waiting for available worker","previousOperationId":"49qg72b92ltpeiu","timestamp":1702467397469,"id":"k9rq1r8lnpjdq5c"}
{"type":"operationStart","subtype":"render","name":"pns_index","previousOperationId":"49qg72b92ltpeiu","timestamp":1702467397483,"id":"z663s2adq2zt4cn","previousEventId":"uy9o3xr8tz5xe2b","operationId":"wahm42a82vnxdno"}
{"type":"log","timestamp":1702467397483,"level":"info","message":"Starting rendering request 4","meta":{"rootId":"htu59uedvog2axt","id":"htu59uedvog2axt"},"id":"n46m3c6aeoqsgla","previousOperationId":"wahm42a82vnxdno"}
{"type":"log","timestamp":1702467397483,"level":"info","message":"Rendering template { name: pns_index, recipe: chrome-pdf, engine: handlebars, preview: true }","meta":{"rootId":"htu59uedvog2axt","id":"htu59uedvog2axt"},"id":"hz3ce5ro91dwp4z","previousOperationId":"wahm42a82vnxdno"}
{"type":"log","timestamp":1702467397484,"level":"debug","message":"Adding sample data flbhzmKcJ","meta":{"rootId":"htu59uedvog2axt","id":"htu59uedvog2axt"},"id":"ukw86alpjhytl5w","previousOperationId":"wahm42a82vnxdno"}
{"type":"log","timestamp":1702467397487,"level":"debug","message":"Base url not specified, skipping its injection.","meta":{"rootId":"htu59uedvog2axt","id":"htu59uedvog2axt"},"id":"82z7qyc1dmt9hst","previousOperationId":"wahm42a82vnxdno"}
{"type":"log","timestamp":1702467397490,"level":"debug","message":"Replaced assets [\"styles.css\"]","meta":{"rootId":"htu59uedvog2axt","id":"htu59uedvog2axt"},"id":"nkbx7w1zbc1kb1o","previousOperationId":"wahm42a82vnxdno"}
{"type":"operationStart","subtype":"engine","name":"handlebars","timestamp":1702467397490,"id":"o07kcr7yvs6ojnk","previousEventId":"z663s2adq2zt4cn","operationId":"vtvuu4p5n24og6u","previousOperationId":"wahm42a82vnxdno"}
{"type":"log","timestamp":1702467397490,"level":"debug","message":"Rendering engine handlebars","meta":{"rootId":"htu59uedvog2axt","id":"htu59uedvog2axt"},"id":"xom6abmho8wmpzo","previousOperationId":"vtvuu4p5n24og6u"}
{"type":"operationEnd","operationId":"vtvuu4p5n24og6u","timestamp":1702467397525,"id":"ped04lvwdo2nwv3","previousEventId":"o07kcr7yvs6ojnk","previousOperationId":"vtvuu4p5n24og6u"}
{"type":"operationStart","subtype":"recipe","name":"chrome-pdf","timestamp":1702467397527,"id":"ojtvggdfvvd9c1t","previousEventId":"ped04lvwdo2nwv3","operationId":"f6yc49408jlxutg","previousOperationId":"vtvuu4p5n24og6u"}
{"type":"log","timestamp":1702467397527,"level":"debug","message":"Executing recipe chrome-pdf","meta":{"rootId":"htu59uedvog2axt","id":"htu59uedvog2axt"},"id":"ygoevuw4cqgbjuh","previousOperationId":"f6yc49408jlxutg"}
{"type":"log","timestamp":1702467397624,"level":"debug","message":"Converting with chrome HeadlessChrome/117.0.5938.149 using chrome-pool strategy","meta":{"rootId":"htu59uedvog2axt","id":"htu59uedvog2axt"},"id":"k7a7sl1xqsyu1e4","previousOperationId":"f6yc49408jlxutg"}
{"type":"log","timestamp":1702467397664,"level":"debug","message":"Page request: GET (document) file:///var/folders/dp/qk79pfcj0y1fmtkkl08m76rc0000gn/T/jsreport/autocleanup/2be83ba9-ec26-4741-8872-7d108daa5564-chrome-pdf.html","meta":{"rootId":"htu59uedvog2axt","id":"htu59uedvog2axt"},"id":"avbdoe4f87j6yjn","previousOperationId":"f6yc49408jlxutg"}
{"type":"log","timestamp":1702467397668,"level":"debug","message":"Page request finished: GET (document) 200 file:///var/folders/dp/qk79pfcj0y1fmtkkl08m76rc0000gn/T/jsreport/autocleanup/2be83ba9-ec26-4741-8872-7d108daa5564-chrome-pdf.html","meta":{"rootId":"htu59uedvog2axt","id":"htu59uedvog2axt"},"id":"7gpcwr34uy0nwmp","previousOperationId":"f6yc49408jlxutg"}
{"type":"log","timestamp":1702467397684,"level":"debug","message":"Custom viewport for chrome page width=800, height=2000","meta":{"rootId":"htu59uedvog2axt","id":"htu59uedvog2axt"},"id":"v5j5is4zqqytav9","previousOperationId":"f6yc49408jlxutg"}
{"type":"log","timestamp":1702467397684,"level":"debug","message":"Running chrome with params {\"printBackground\":true,\"width\":\"5.8cm\",\"height\":\"60cm\",\"marginRight\":\"0cm\",\"marginLeft\":\"0cm\",\"timeout\":59940,\"margin\":{\"right\":\"0cm\",\"left\":\"0cm\"}}","meta":{"rootId":"htu59uedvog2axt","id":"htu59uedvog2axt"},"id":"pokpxwrtg4clgo4","previousOperationId":"f6yc49408jlxutg"}
{"type":"operationEnd","operationId":"f6yc49408jlxutg","timestamp":1702467397713,"id":"tk99w3sns5b3rmj","previousEventId":"ojtvggdfvvd9c1t","previousOperationId":"f6yc49408jlxutg"}
{"type":"log","timestamp":1702467397714,"level":"debug","message":"Skipping storing report.","meta":{"rootId":"htu59uedvog2axt","id":"htu59uedvog2axt"},"id":"lvzgcgnso4vemib","previousOperationId":"f6yc49408jlxutg"}
{"type":"log","timestamp":1702467397714,"level":"info","message":"Rendering request 4 finished in 246 ms","meta":{"rootId":"htu59uedvog2axt","id":"htu59uedvog2axt"},"id":"pmctedz564pmdk1","previousOperationId":"f6yc49408jlxutg"}
{"type":"operationEnd","subtype":"render","operationId":"wahm42a82vnxdno","timestamp":1702467397714,"id":"vgk54n9cu12kudu","previousEventId":"tk99w3sns5b3rmj","previousOperationId":"f6yc49408jlxutg"}
{"type":"operationEnd","doDiffs":false,"previousEventId":"uy9o3xr8tz5xe2b","previousOperationId":"49qg72b92ltpeiu","operationId":"49qg72b92ltpeiu","timestamp":1702467397716,"id":"2o23vick5cjdcy5"}
