{"type":"operationStart","subtype":"profile","data":{"_id":"RMaNI3KaI2GhwTrx","timestamp":"2023-11-30T08:32:08.644Z","state":"queued","mode":"standard","creationDate":"2023-11-30T08:32:08.646Z","modificationDate":"2023-11-30T08:32:08.646Z","shortid":"gUuukaR","$entitySet":"profiles"},"doDiffs":false,"timestamp":1701333128645,"id":"jb8p2caccw5l4e1","previousOperationId":null,"operationId":"llih877aujpyyse"}
{"type":"log","level":"info","message":"Render request 8 queued for execution and waiting for available worker","previousOperationId":"llih877aujpyyse","timestamp":1701333128645,"id":"vau7v9steovxwbj"}
{"type":"operationStart","subtype":"render","name":"pns_index","previousOperationId":"llih877aujpyyse","timestamp":1701333128663,"id":"6f3rqrebfnbabph","previousEventId":"jb8p2caccw5l4e1","operationId":"v0a82brs7c6my0b"}
{"type":"log","timestamp":1701333128664,"level":"info","message":"Starting rendering request 8","meta":{"rootId":"hz4q2kaoz5k390t","id":"hz4q2kaoz5k390t"},"id":"116tomjok5ugim1","previousOperationId":"v0a82brs7c6my0b"}
{"type":"log","timestamp":1701333128664,"level":"info","message":"Rendering template { name: pns_index, recipe: chrome-pdf, engine: handlebars, preview: true }","meta":{"rootId":"hz4q2kaoz5k390t","id":"hz4q2kaoz5k390t"},"id":"7kma9616iwpvsni","previousOperationId":"v0a82brs7c6my0b"}
{"type":"log","timestamp":1701333128664,"level":"debug","message":"Inline data specified.","meta":{"rootId":"hz4q2kaoz5k390t","id":"hz4q2kaoz5k390t"},"id":"bs4mnw2616mmer5","previousOperationId":"v0a82brs7c6my0b"}
{"type":"log","timestamp":1701333128668,"level":"debug","message":"Base url not specified, skipping its injection.","meta":{"rootId":"hz4q2kaoz5k390t","id":"hz4q2kaoz5k390t"},"id":"ukd9k3zntfe96kl","previousOperationId":"v0a82brs7c6my0b"}
{"type":"operationStart","subtype":"engine","name":"handlebars","timestamp":1701333128669,"id":"dsmv3aungbjzoe1","previousEventId":"6f3rqrebfnbabph","operationId":"4hn8vni1ne74y25","previousOperationId":"v0a82brs7c6my0b"}
{"type":"log","timestamp":1701333128669,"level":"debug","message":"Rendering engine handlebars","meta":{"rootId":"hz4q2kaoz5k390t","id":"hz4q2kaoz5k390t"},"id":"iu0ezhl1o4a6a4n","previousOperationId":"4hn8vni1ne74y25"}
{"type":"operationEnd","operationId":"4hn8vni1ne74y25","timestamp":1701333128689,"id":"ny8orkmlbspeqv6","previousEventId":"dsmv3aungbjzoe1","previousOperationId":"4hn8vni1ne74y25"}
{"type":"operationStart","subtype":"recipe","name":"chrome-pdf","timestamp":1701333128690,"id":"kjaufuab1vnkqtw","previousEventId":"ny8orkmlbspeqv6","operationId":"820gsteqspji3n2","previousOperationId":"4hn8vni1ne74y25"}
{"type":"log","timestamp":1701333128690,"level":"debug","message":"Executing recipe chrome-pdf","meta":{"rootId":"hz4q2kaoz5k390t","id":"hz4q2kaoz5k390t"},"id":"k0my3i2m9ilgvmd","previousOperationId":"820gsteqspji3n2"}
{"type":"log","timestamp":1701333128691,"level":"debug","message":"Converting with chrome HeadlessChrome/117.0.5938.149 using chrome-pool strategy","meta":{"rootId":"hz4q2kaoz5k390t","id":"hz4q2kaoz5k390t"},"id":"sd3veqfzr56oadp","previousOperationId":"820gsteqspji3n2"}
{"type":"log","timestamp":1701333128743,"level":"debug","message":"Page request: GET (document) file:///var/folders/dp/qk79pfcj0y1fmtkkl08m76rc0000gn/T/jsreport/autocleanup/5510fb65-5d38-4938-a38e-e04da40454db-chrome-pdf.html","meta":{"rootId":"hz4q2kaoz5k390t","id":"hz4q2kaoz5k390t"},"id":"umjwwdjj50itxx6","previousOperationId":"820gsteqspji3n2"}
{"type":"log","timestamp":1701333128748,"level":"debug","message":"Page request finished: GET (document) 200 file:///var/folders/dp/qk79pfcj0y1fmtkkl08m76rc0000gn/T/jsreport/autocleanup/5510fb65-5d38-4938-a38e-e04da40454db-chrome-pdf.html","meta":{"rootId":"hz4q2kaoz5k390t","id":"hz4q2kaoz5k390t"},"id":"wmxka6ra7yhooyq","previousOperationId":"820gsteqspji3n2"}
{"type":"log","timestamp":1701333128756,"level":"debug","message":"Custom viewport for chrome page width=800, height=2000","meta":{"rootId":"hz4q2kaoz5k390t","id":"hz4q2kaoz5k390t"},"id":"ezqlegxpr4k8ohm","previousOperationId":"820gsteqspji3n2"}
{"type":"log","timestamp":1701333128757,"level":"debug","message":"Running chrome with params {\"printBackground\":true,\"width\":\"5.8cm\",\"height\":\"50cm\",\"timeout\":59953,\"margin\":{}}","meta":{"rootId":"hz4q2kaoz5k390t","id":"hz4q2kaoz5k390t"},"id":"m7cyikj31tyxitn","previousOperationId":"820gsteqspji3n2"}
{"type":"operationEnd","operationId":"820gsteqspji3n2","timestamp":1701333128792,"id":"himolnh1ytz14db","previousEventId":"kjaufuab1vnkqtw","previousOperationId":"820gsteqspji3n2"}
{"type":"log","timestamp":1701333128792,"level":"debug","message":"Skipping storing report.","meta":{"rootId":"hz4q2kaoz5k390t","id":"hz4q2kaoz5k390t"},"id":"ywugsvsgxaskkig","previousOperationId":"820gsteqspji3n2"}
{"type":"log","timestamp":1701333128792,"level":"info","message":"Rendering request 8 finished in 148 ms","meta":{"rootId":"hz4q2kaoz5k390t","id":"hz4q2kaoz5k390t"},"id":"nspkqywum8gg4q8","previousOperationId":"820gsteqspji3n2"}
{"type":"operationEnd","subtype":"render","operationId":"v0a82brs7c6my0b","timestamp":1701333128792,"id":"lp6hej38kzp78sy","previousEventId":"himolnh1ytz14db","previousOperationId":"820gsteqspji3n2"}
{"type":"operationEnd","doDiffs":false,"previousEventId":"jb8p2caccw5l4e1","previousOperationId":"llih877aujpyyse","operationId":"llih877aujpyyse","timestamp":1701333128795,"id":"q6ir8mshqjoy1yz"}
