{"type":"operationStart","subtype":"profile","data":{"_id":"rkR7run8EgQyvTTJ","timestamp":"2023-12-06T09:44:39.313Z","state":"queued","mode":"standard","creationDate":"2023-12-06T09:44:39.316Z","modificationDate":"2023-12-06T09:44:39.316Z","shortid":"wGH2V8l","$entitySet":"profiles"},"doDiffs":false,"timestamp":1701855879315,"id":"137wknb4m40p07h","previousOperationId":null,"operationId":"lvi1525p1vlemgg"}
{"type":"log","level":"info","message":"Render request 45 queued for execution and waiting for available worker","previousOperationId":"lvi1525p1vlemgg","timestamp":1701855879315,"id":"75cd1a5qopit7j1"}
{"type":"operationStart","subtype":"render","name":"pns_index","previousOperationId":"lvi1525p1vlemgg","timestamp":1701855879322,"id":"46dffvu9uwidnm8","previousEventId":"137wknb4m40p07h","operationId":"mtyq0fb035bo7me"}
{"type":"log","timestamp":1701855879322,"level":"info","message":"Starting rendering request 45","meta":{"rootId":"i21m907hr7hxuyo","id":"i21m907hr7hxuyo"},"id":"3n2zgy6342s06ce","previousOperationId":"mtyq0fb035bo7me"}
{"type":"log","timestamp":1701855879323,"level":"info","message":"Rendering template { name: pns_index, recipe: chrome-pdf, engine: handlebars, preview: true }","meta":{"rootId":"i21m907hr7hxuyo","id":"i21m907hr7hxuyo"},"id":"qf7xjs9btsmpaqg","previousOperationId":"mtyq0fb035bo7me"}
{"type":"log","timestamp":1701855879324,"level":"debug","message":"Inline data specified.","meta":{"rootId":"i21m907hr7hxuyo","id":"i21m907hr7hxuyo"},"id":"kvzqlh2353fy4or","previousOperationId":"mtyq0fb035bo7me"}
{"type":"log","timestamp":1701855879326,"level":"debug","message":"Base url not specified, skipping its injection.","meta":{"rootId":"i21m907hr7hxuyo","id":"i21m907hr7hxuyo"},"id":"u8tahvenqe3w6sg","previousOperationId":"mtyq0fb035bo7me"}
{"type":"log","timestamp":1701855879328,"level":"debug","message":"Replaced assets [\"styles.css\"]","meta":{"rootId":"i21m907hr7hxuyo","id":"i21m907hr7hxuyo"},"id":"2243xxj2xafxoqd","previousOperationId":"mtyq0fb035bo7me"}
{"type":"operationStart","subtype":"engine","name":"handlebars","timestamp":1701855879328,"id":"120m7umx13pd1dl","previousEventId":"46dffvu9uwidnm8","operationId":"yzl22j03xeqtont","previousOperationId":"mtyq0fb035bo7me"}
{"type":"log","timestamp":1701855879328,"level":"debug","message":"Rendering engine handlebars","meta":{"rootId":"i21m907hr7hxuyo","id":"i21m907hr7hxuyo"},"id":"7xmbgfewpq47tiu","previousOperationId":"yzl22j03xeqtont"}
{"type":"operationEnd","operationId":"yzl22j03xeqtont","timestamp":1701855879359,"id":"334j6a9ogc6vb3a","previousEventId":"120m7umx13pd1dl","previousOperationId":"yzl22j03xeqtont"}
{"type":"operationStart","subtype":"recipe","name":"chrome-pdf","timestamp":1701855879359,"id":"pz2ootez54ohl7l","previousEventId":"334j6a9ogc6vb3a","operationId":"arug6cf7byhtzcp","previousOperationId":"yzl22j03xeqtont"}
{"type":"log","timestamp":1701855879359,"level":"debug","message":"Executing recipe chrome-pdf","meta":{"rootId":"i21m907hr7hxuyo","id":"i21m907hr7hxuyo"},"id":"0fjgxnat39c948p","previousOperationId":"arug6cf7byhtzcp"}
{"type":"log","timestamp":1701855879361,"level":"debug","message":"Converting with chrome HeadlessChrome/117.0.5938.149 using chrome-pool strategy","meta":{"rootId":"i21m907hr7hxuyo","id":"i21m907hr7hxuyo"},"id":"vj2cvishvlsseed","previousOperationId":"arug6cf7byhtzcp"}
{"type":"log","timestamp":1701855879408,"level":"debug","message":"Page request: GET (document) file:///var/folders/dp/qk79pfcj0y1fmtkkl08m76rc0000gn/T/jsreport/autocleanup/ba3aa2cd-9f78-4426-87ae-02874202e7e3-chrome-pdf.html","meta":{"rootId":"i21m907hr7hxuyo","id":"i21m907hr7hxuyo"},"id":"1e935knaclu6zzk","previousOperationId":"arug6cf7byhtzcp"}
{"type":"log","timestamp":1701855879413,"level":"debug","message":"Page request finished: GET (document) 200 file:///var/folders/dp/qk79pfcj0y1fmtkkl08m76rc0000gn/T/jsreport/autocleanup/ba3aa2cd-9f78-4426-87ae-02874202e7e3-chrome-pdf.html","meta":{"rootId":"i21m907hr7hxuyo","id":"i21m907hr7hxuyo"},"id":"5366qfomssrc010","previousOperationId":"arug6cf7byhtzcp"}
{"type":"log","timestamp":1701855879423,"level":"debug","message":"Custom viewport for chrome page width=800, height=2000","meta":{"rootId":"i21m907hr7hxuyo","id":"i21m907hr7hxuyo"},"id":"8vudte1rqq3wcm7","previousOperationId":"arug6cf7byhtzcp"}
{"type":"log","timestamp":1701855879424,"level":"debug","message":"Running chrome with params {\"printBackground\":true,\"width\":\"5.8cm\",\"height\":\"40cm\",\"marginRight\":\"0cm\",\"marginLeft\":\"0cm\",\"timeout\":59951,\"margin\":{\"right\":\"0cm\",\"left\":\"0cm\"}}","meta":{"rootId":"i21m907hr7hxuyo","id":"i21m907hr7hxuyo"},"id":"fbx8ir6jkjfh2bq","previousOperationId":"arug6cf7byhtzcp"}
{"type":"operationEnd","operationId":"arug6cf7byhtzcp","timestamp":1701855879448,"id":"wdloxdy14lkdlm4","previousEventId":"pz2ootez54ohl7l","previousOperationId":"arug6cf7byhtzcp"}
{"type":"log","timestamp":1701855879448,"level":"debug","message":"Skipping storing report.","meta":{"rootId":"i21m907hr7hxuyo","id":"i21m907hr7hxuyo"},"id":"86aouuyel0408m4","previousOperationId":"arug6cf7byhtzcp"}
{"type":"log","timestamp":1701855879449,"level":"info","message":"Rendering request 45 finished in 137 ms","meta":{"rootId":"i21m907hr7hxuyo","id":"i21m907hr7hxuyo"},"id":"1iqmksz95p5z66l","previousOperationId":"arug6cf7byhtzcp"}
{"type":"operationEnd","subtype":"render","operationId":"mtyq0fb035bo7me","timestamp":1701855879449,"id":"s1wopn4attrpt8e","previousEventId":"wdloxdy14lkdlm4","previousOperationId":"arug6cf7byhtzcp"}
{"type":"operationEnd","doDiffs":false,"previousEventId":"137wknb4m40p07h","previousOperationId":"lvi1525p1vlemgg","operationId":"lvi1525p1vlemgg","timestamp":1701855879450,"id":"1j9rv29j3t1f0yu"}
