{"type":"operationStart","subtype":"profile","data":{"_id":"rA6oOreLOUOiwiRt","timestamp":"2023-12-06T09:47:45.813Z","state":"queued","mode":"standard","creationDate":"2023-12-06T09:47:45.814Z","modificationDate":"2023-12-06T09:47:45.814Z","shortid":"LsDIqYi","$entitySet":"profiles"},"doDiffs":false,"timestamp":1701856065814,"id":"hu11b1vqoqi86fx","previousOperationId":null,"operationId":"8348o2qoixwvf52"}
{"type":"log","level":"info","message":"Render request 52 queued for execution and waiting for available worker","previousOperationId":"8348o2qoixwvf52","timestamp":1701856065814,"id":"x208dcu8vpodhx6"}
{"type":"operationStart","subtype":"render","name":"pns_index","previousOperationId":"8348o2qoixwvf52","timestamp":1701856065831,"id":"f7b2zz39fabuea6","previousEventId":"hu11b1vqoqi86fx","operationId":"vplmmchczwz6ff1"}
{"type":"log","timestamp":1701856065831,"level":"info","message":"Starting rendering request 52","meta":{"rootId":"i3kgnp8zrfzyium","id":"i3kgnp8zrfzyium"},"id":"eybj7bqdisicjg6","previousOperationId":"vplmmchczwz6ff1"}
{"type":"log","timestamp":1701856065831,"level":"info","message":"Rendering template { name: pns_index, recipe: chrome-pdf, engine: handlebars, preview: true }","meta":{"rootId":"i3kgnp8zrfzyium","id":"i3kgnp8zrfzyium"},"id":"tkrm0bqmh6guk31","previousOperationId":"vplmmchczwz6ff1"}
{"type":"log","timestamp":1701856065832,"level":"debug","message":"Inline data specified.","meta":{"rootId":"i3kgnp8zrfzyium","id":"i3kgnp8zrfzyium"},"id":"hi0cu6044afri2b","previousOperationId":"vplmmchczwz6ff1"}
{"type":"log","timestamp":1701856065837,"level":"debug","message":"Base url not specified, skipping its injection.","meta":{"rootId":"i3kgnp8zrfzyium","id":"i3kgnp8zrfzyium"},"id":"schldsw53zvtp0n","previousOperationId":"vplmmchczwz6ff1"}
{"type":"log","timestamp":1701856065838,"level":"debug","message":"Replaced assets [\"styles.css\"]","meta":{"rootId":"i3kgnp8zrfzyium","id":"i3kgnp8zrfzyium"},"id":"ef38alk2s5xw4dc","previousOperationId":"vplmmchczwz6ff1"}
{"type":"operationStart","subtype":"engine","name":"handlebars","timestamp":1701856065838,"id":"fuw6rtfjsocjonj","previousEventId":"f7b2zz39fabuea6","operationId":"w8cjgsq7mf5nziw","previousOperationId":"vplmmchczwz6ff1"}
{"type":"log","timestamp":1701856065838,"level":"debug","message":"Rendering engine handlebars","meta":{"rootId":"i3kgnp8zrfzyium","id":"i3kgnp8zrfzyium"},"id":"i2g019svi2lxmli","previousOperationId":"w8cjgsq7mf5nziw"}
{"type":"operationEnd","operationId":"w8cjgsq7mf5nziw","timestamp":1701856065844,"id":"zw818aid0dzavm3","previousEventId":"fuw6rtfjsocjonj","previousOperationId":"w8cjgsq7mf5nziw"}
{"type":"operationStart","subtype":"recipe","name":"chrome-pdf","timestamp":1701856065844,"id":"t0464dhyu9dyz8b","previousEventId":"zw818aid0dzavm3","operationId":"k8hi13opvmhklng","previousOperationId":"w8cjgsq7mf5nziw"}
{"type":"log","timestamp":1701856065844,"level":"debug","message":"Executing recipe chrome-pdf","meta":{"rootId":"i3kgnp8zrfzyium","id":"i3kgnp8zrfzyium"},"id":"6k8nzewhivf73m2","previousOperationId":"k8hi13opvmhklng"}
{"type":"log","timestamp":1701856065846,"level":"debug","message":"Converting with chrome HeadlessChrome/117.0.5938.149 using chrome-pool strategy","meta":{"rootId":"i3kgnp8zrfzyium","id":"i3kgnp8zrfzyium"},"id":"3dltbkwtalj9ht0","previousOperationId":"k8hi13opvmhklng"}
{"type":"log","timestamp":1701856065894,"level":"debug","message":"Page request: GET (document) file:///var/folders/dp/qk79pfcj0y1fmtkkl08m76rc0000gn/T/jsreport/autocleanup/281fac64-68de-467c-b7ec-efbb8e8b6b7b-chrome-pdf.html","meta":{"rootId":"i3kgnp8zrfzyium","id":"i3kgnp8zrfzyium"},"id":"uxyjlswre9llbq5","previousOperationId":"k8hi13opvmhklng"}
{"type":"log","timestamp":1701856065899,"level":"debug","message":"Page request finished: GET (document) 200 file:///var/folders/dp/qk79pfcj0y1fmtkkl08m76rc0000gn/T/jsreport/autocleanup/281fac64-68de-467c-b7ec-efbb8e8b6b7b-chrome-pdf.html","meta":{"rootId":"i3kgnp8zrfzyium","id":"i3kgnp8zrfzyium"},"id":"henok6z4kz5806p","previousOperationId":"k8hi13opvmhklng"}
{"type":"log","timestamp":1701856065909,"level":"debug","message":"Custom viewport for chrome page width=800, height=2000","meta":{"rootId":"i3kgnp8zrfzyium","id":"i3kgnp8zrfzyium"},"id":"sstgivs1s91lv1y","previousOperationId":"k8hi13opvmhklng"}
{"type":"log","timestamp":1701856065910,"level":"debug","message":"Running chrome with params {\"printBackground\":true,\"width\":\"6.8cm\",\"height\":\"50cm\",\"marginRight\":\"0cm\",\"marginLeft\":\"0cm\",\"timeout\":59968,\"margin\":{\"right\":\"0cm\",\"left\":\"0cm\"}}","meta":{"rootId":"i3kgnp8zrfzyium","id":"i3kgnp8zrfzyium"},"id":"4sk8foo5lghet7e","previousOperationId":"k8hi13opvmhklng"}
{"type":"operationEnd","operationId":"k8hi13opvmhklng","timestamp":1701856065933,"id":"cmgot11yrp12pcj","previousEventId":"t0464dhyu9dyz8b","previousOperationId":"k8hi13opvmhklng"}
{"type":"log","timestamp":1701856065933,"level":"debug","message":"Skipping storing report.","meta":{"rootId":"i3kgnp8zrfzyium","id":"i3kgnp8zrfzyium"},"id":"gjr5bgcfa7al5ig","previousOperationId":"k8hi13opvmhklng"}
{"type":"log","timestamp":1701856065934,"level":"info","message":"Rendering request 52 finished in 121 ms","meta":{"rootId":"i3kgnp8zrfzyium","id":"i3kgnp8zrfzyium"},"id":"ifqzz8yfqgzi6f7","previousOperationId":"k8hi13opvmhklng"}
{"type":"operationEnd","subtype":"render","operationId":"vplmmchczwz6ff1","timestamp":1701856065934,"id":"snbtjqxe7jzfhk3","previousEventId":"cmgot11yrp12pcj","previousOperationId":"k8hi13opvmhklng"}
{"type":"operationEnd","doDiffs":false,"previousEventId":"hu11b1vqoqi86fx","previousOperationId":"8348o2qoixwvf52","operationId":"8348o2qoixwvf52","timestamp":1701856065935,"id":"xyiahxsvucxtahh"}
