{"type":"operationStart","subtype":"profile","data":{"_id":"k2QMyt01f6Z6n7z2","timestamp":"2023-12-04T08:33:27.140Z","state":"queued","mode":"standard","creationDate":"2023-12-04T08:33:27.142Z","modificationDate":"2023-12-04T08:33:27.142Z","shortid":"9AOvAiz","$entitySet":"profiles"},"doDiffs":false,"timestamp":1701678807141,"id":"01zb2ebjlwx6mjt","previousOperationId":null,"operationId":"ox1rif1v1q0gv6x"}
{"type":"log","level":"info","message":"Render request 6 queued for execution and waiting for available worker","previousOperationId":"ox1rif1v1q0gv6x","timestamp":1701678807141,"id":"djz36hmwmw5p2g6"}
{"type":"operationStart","subtype":"render","name":"pns_index","previousOperationId":"ox1rif1v1q0gv6x","timestamp":1701678807151,"id":"zhahyhs9byrpuxq","previousEventId":"01zb2ebjlwx6mjt","operationId":"r5afzbua377phdy"}
{"type":"log","timestamp":1701678807152,"level":"info","message":"Starting rendering request 6","meta":{"rootId":"ia6v2366en7nbyl","id":"ia6v2366en7nbyl"},"id":"anivvn2hk3dyy9w","previousOperationId":"r5afzbua377phdy"}
{"type":"log","timestamp":1701678807152,"level":"info","message":"Rendering template { name: pns_index, recipe: chrome-pdf, engine: handlebars, preview: true }","meta":{"rootId":"ia6v2366en7nbyl","id":"ia6v2366en7nbyl"},"id":"pyikyuk7g0ak48n","previousOperationId":"r5afzbua377phdy"}
{"type":"log","timestamp":1701678807155,"level":"debug","message":"Adding sample data flbhzmKcJ","meta":{"rootId":"ia6v2366en7nbyl","id":"ia6v2366en7nbyl"},"id":"lc64izllk9e99ej","previousOperationId":"r5afzbua377phdy"}
{"type":"log","timestamp":1701678807159,"level":"debug","message":"Base url not specified, skipping its injection.","meta":{"rootId":"ia6v2366en7nbyl","id":"ia6v2366en7nbyl"},"id":"r5iznqgaqjwncp9","previousOperationId":"r5afzbua377phdy"}
{"type":"operationStart","subtype":"engine","name":"handlebars","timestamp":1701678807160,"id":"tnq3lmhlwsakrrh","previousEventId":"zhahyhs9byrpuxq","operationId":"le0j2g0yhur0agg","previousOperationId":"r5afzbua377phdy"}
{"type":"log","timestamp":1701678807160,"level":"debug","message":"Rendering engine handlebars","meta":{"rootId":"ia6v2366en7nbyl","id":"ia6v2366en7nbyl"},"id":"f56npsqy4jsiq4n","previousOperationId":"le0j2g0yhur0agg"}
{"type":"operationEnd","operationId":"le0j2g0yhur0agg","timestamp":1701678807166,"id":"7zz24wf64srk0h0","previousEventId":"tnq3lmhlwsakrrh","previousOperationId":"le0j2g0yhur0agg"}
{"type":"operationStart","subtype":"recipe","name":"chrome-pdf","timestamp":1701678807167,"id":"sst6v1injw6rncj","previousEventId":"7zz24wf64srk0h0","operationId":"4qktmtdt0ifdi02","previousOperationId":"le0j2g0yhur0agg"}
{"type":"log","timestamp":1701678807167,"level":"debug","message":"Executing recipe chrome-pdf","meta":{"rootId":"ia6v2366en7nbyl","id":"ia6v2366en7nbyl"},"id":"fmcwd6ez46pz4zo","previousOperationId":"4qktmtdt0ifdi02"}
{"type":"log","timestamp":1701678807169,"level":"debug","message":"Converting with chrome HeadlessChrome/117.0.5938.149 using chrome-pool strategy","meta":{"rootId":"ia6v2366en7nbyl","id":"ia6v2366en7nbyl"},"id":"fh5ebdne94e6fm2","previousOperationId":"4qktmtdt0ifdi02"}
{"type":"log","timestamp":1701678807217,"level":"debug","message":"Page request: GET (document) file:///var/folders/dp/qk79pfcj0y1fmtkkl08m76rc0000gn/T/jsreport/autocleanup/9b7df60c-4cdb-4726-9aec-d1fc0c1d443f-chrome-pdf.html","meta":{"rootId":"ia6v2366en7nbyl","id":"ia6v2366en7nbyl"},"id":"sm1dzkapo93kyir","previousOperationId":"4qktmtdt0ifdi02"}
{"type":"log","timestamp":1701678807222,"level":"debug","message":"Page request finished: GET (document) 200 file:///var/folders/dp/qk79pfcj0y1fmtkkl08m76rc0000gn/T/jsreport/autocleanup/9b7df60c-4cdb-4726-9aec-d1fc0c1d443f-chrome-pdf.html","meta":{"rootId":"ia6v2366en7nbyl","id":"ia6v2366en7nbyl"},"id":"d1aoikzc6u0n36l","previousOperationId":"4qktmtdt0ifdi02"}
{"type":"log","timestamp":1701678807233,"level":"debug","message":"Custom viewport for chrome page width=800, height=2000","meta":{"rootId":"ia6v2366en7nbyl","id":"ia6v2366en7nbyl"},"id":"8ft5qonp75e4q8y","previousOperationId":"4qktmtdt0ifdi02"}
{"type":"log","timestamp":1701678807234,"level":"debug","message":"Running chrome with params {\"printBackground\":true,\"width\":\"5.8cm\",\"height\":\"50cm\",\"timeout\":59972,\"margin\":{}}","meta":{"rootId":"ia6v2366en7nbyl","id":"ia6v2366en7nbyl"},"id":"ob23d5enbabtmae","previousOperationId":"4qktmtdt0ifdi02"}
{"type":"operationEnd","operationId":"4qktmtdt0ifdi02","timestamp":1701678807266,"id":"24mb44mwifymnjx","previousEventId":"sst6v1injw6rncj","previousOperationId":"4qktmtdt0ifdi02"}
{"type":"log","timestamp":1701678807266,"level":"debug","message":"Skipping storing report.","meta":{"rootId":"ia6v2366en7nbyl","id":"ia6v2366en7nbyl"},"id":"9ueq584rop9w72a","previousOperationId":"4qktmtdt0ifdi02"}
{"type":"log","timestamp":1701678807266,"level":"info","message":"Rendering request 6 finished in 126 ms","meta":{"rootId":"ia6v2366en7nbyl","id":"ia6v2366en7nbyl"},"id":"ddrmfwq6l9pzx95","previousOperationId":"4qktmtdt0ifdi02"}
{"type":"operationEnd","subtype":"render","operationId":"r5afzbua377phdy","timestamp":1701678807266,"id":"fq8b15e8nln35vj","previousEventId":"24mb44mwifymnjx","previousOperationId":"4qktmtdt0ifdi02"}
{"type":"operationEnd","doDiffs":false,"previousEventId":"01zb2ebjlwx6mjt","previousOperationId":"ox1rif1v1q0gv6x","operationId":"ox1rif1v1q0gv6x","timestamp":1701678807267,"id":"xojnkv9hkjc5vnx"}
