{"type":"operationStart","subtype":"profile","data":{"_id":"07wuwndd9k6CxXI6","timestamp":"2023-12-06T09:41:18.056Z","state":"queued","mode":"standard","creationDate":"2023-12-06T09:41:18.057Z","modificationDate":"2023-12-06T09:41:18.057Z","shortid":"ig3W_Zi","$entitySet":"profiles"},"doDiffs":false,"timestamp":1701855678056,"id":"30nd1yu9risb2dh","previousOperationId":null,"operationId":"tcbdfdceyn8rwnq"}
{"type":"log","level":"info","message":"Render request 37 queued for execution and waiting for available worker","previousOperationId":"tcbdfdceyn8rwnq","timestamp":1701855678057,"id":"n5d2rrqh42716rf"}
{"type":"operationStart","subtype":"render","name":"pns_index","previousOperationId":"tcbdfdceyn8rwnq","timestamp":1701855678072,"id":"rk87xadcje648yn","previousEventId":"30nd1yu9risb2dh","operationId":"t6epht885cmi4aq"}
{"type":"log","timestamp":1701855678072,"level":"info","message":"Starting rendering request 37","meta":{"rootId":"ibwd7tyivhoxb9f","id":"ibwd7tyivhoxb9f"},"id":"higa4qhmabdo9n8","previousOperationId":"t6epht885cmi4aq"}
{"type":"log","timestamp":1701855678072,"level":"info","message":"Rendering template { name: pns_index, recipe: chrome-pdf, engine: handlebars, preview: true }","meta":{"rootId":"ibwd7tyivhoxb9f","id":"ibwd7tyivhoxb9f"},"id":"apq17i8bgwf37z9","previousOperationId":"t6epht885cmi4aq"}
{"type":"log","timestamp":1701855678073,"level":"debug","message":"Inline data specified.","meta":{"rootId":"ibwd7tyivhoxb9f","id":"ibwd7tyivhoxb9f"},"id":"ixba83rq92j8axj","previousOperationId":"t6epht885cmi4aq"}
{"type":"log","timestamp":1701855678074,"level":"debug","message":"Base url not specified, skipping its injection.","meta":{"rootId":"ibwd7tyivhoxb9f","id":"ibwd7tyivhoxb9f"},"id":"dysnzzjvzd0tky2","previousOperationId":"t6epht885cmi4aq"}
{"type":"log","timestamp":1701855678076,"level":"debug","message":"Replaced assets [\"styles.css\"]","meta":{"rootId":"ibwd7tyivhoxb9f","id":"ibwd7tyivhoxb9f"},"id":"qku6pzpk44baded","previousOperationId":"t6epht885cmi4aq"}
{"type":"operationStart","subtype":"engine","name":"handlebars","timestamp":1701855678076,"id":"jkv81c4c5c5olv3","previousEventId":"rk87xadcje648yn","operationId":"a8472tjjmev3x8j","previousOperationId":"t6epht885cmi4aq"}
{"type":"log","timestamp":1701855678076,"level":"debug","message":"Rendering engine handlebars","meta":{"rootId":"ibwd7tyivhoxb9f","id":"ibwd7tyivhoxb9f"},"id":"7dhfftjykt5z2jj","previousOperationId":"a8472tjjmev3x8j"}
{"type":"operationEnd","operationId":"a8472tjjmev3x8j","timestamp":1701855678104,"id":"wjpvygdafc5mvml","previousEventId":"jkv81c4c5c5olv3","previousOperationId":"a8472tjjmev3x8j"}
{"type":"operationStart","subtype":"recipe","name":"chrome-pdf","timestamp":1701855678104,"id":"vbux6g0ds7lixss","previousEventId":"wjpvygdafc5mvml","operationId":"ocylhnr98mkuxsa","previousOperationId":"a8472tjjmev3x8j"}
{"type":"log","timestamp":1701855678104,"level":"debug","message":"Executing recipe chrome-pdf","meta":{"rootId":"ibwd7tyivhoxb9f","id":"ibwd7tyivhoxb9f"},"id":"e6mkl82kb5429do","previousOperationId":"ocylhnr98mkuxsa"}
{"type":"log","timestamp":1701855678106,"level":"debug","message":"Converting with chrome HeadlessChrome/117.0.5938.149 using chrome-pool strategy","meta":{"rootId":"ibwd7tyivhoxb9f","id":"ibwd7tyivhoxb9f"},"id":"ay6vls2kta6jo5o","previousOperationId":"ocylhnr98mkuxsa"}
{"type":"log","timestamp":1701855678160,"level":"debug","message":"Page request: GET (document) file:///var/folders/dp/qk79pfcj0y1fmtkkl08m76rc0000gn/T/jsreport/autocleanup/c37dba2c-9389-4b2a-9df5-14681e2f2b5e-chrome-pdf.html","meta":{"rootId":"ibwd7tyivhoxb9f","id":"ibwd7tyivhoxb9f"},"id":"pgle76fb25bgtnw","previousOperationId":"ocylhnr98mkuxsa"}
{"type":"log","timestamp":1701855678164,"level":"debug","message":"Page request finished: GET (document) 200 file:///var/folders/dp/qk79pfcj0y1fmtkkl08m76rc0000gn/T/jsreport/autocleanup/c37dba2c-9389-4b2a-9df5-14681e2f2b5e-chrome-pdf.html","meta":{"rootId":"ibwd7tyivhoxb9f","id":"ibwd7tyivhoxb9f"},"id":"ez629b80bny2grh","previousOperationId":"ocylhnr98mkuxsa"}
{"type":"log","timestamp":1701855678175,"level":"debug","message":"Custom viewport for chrome page width=800, height=2000","meta":{"rootId":"ibwd7tyivhoxb9f","id":"ibwd7tyivhoxb9f"},"id":"dwbp8gukic8273m","previousOperationId":"ocylhnr98mkuxsa"}
{"type":"log","timestamp":1701855678176,"level":"debug","message":"Running chrome with params {\"printBackground\":true,\"width\":\"5.8cm\",\"height\":\"40cm\",\"marginRight\":\"0cm\",\"marginLeft\":\"0cm\",\"timeout\":59951,\"margin\":{\"right\":\"0cm\",\"left\":\"0cm\"}}","meta":{"rootId":"ibwd7tyivhoxb9f","id":"ibwd7tyivhoxb9f"},"id":"h9f77wrjen0q9sf","previousOperationId":"ocylhnr98mkuxsa"}
{"type":"operationEnd","operationId":"ocylhnr98mkuxsa","timestamp":1701855678199,"id":"ftqgfgtvct6n0qn","previousEventId":"vbux6g0ds7lixss","previousOperationId":"ocylhnr98mkuxsa"}
{"type":"log","timestamp":1701855678199,"level":"debug","message":"Skipping storing report.","meta":{"rootId":"ibwd7tyivhoxb9f","id":"ibwd7tyivhoxb9f"},"id":"eywid85pwk0u5p9","previousOperationId":"ocylhnr98mkuxsa"}
{"type":"log","timestamp":1701855678199,"level":"info","message":"Rendering request 37 finished in 143 ms","meta":{"rootId":"ibwd7tyivhoxb9f","id":"ibwd7tyivhoxb9f"},"id":"8crztpx0c81di8b","previousOperationId":"ocylhnr98mkuxsa"}
{"type":"operationEnd","subtype":"render","operationId":"t6epht885cmi4aq","timestamp":1701855678199,"id":"evod8oa1s1y1zuy","previousEventId":"ftqgfgtvct6n0qn","previousOperationId":"ocylhnr98mkuxsa"}
{"type":"operationEnd","doDiffs":false,"previousEventId":"30nd1yu9risb2dh","previousOperationId":"tcbdfdceyn8rwnq","operationId":"tcbdfdceyn8rwnq","timestamp":1701855678201,"id":"osc4vgrk68j0g93"}
