{"type":"operationStart","subtype":"profile","data":{"_id":"YiuLOOhn6cHomd2F","timestamp":"2023-11-28T12:29:30.909Z","state":"queued","mode":"standard","creationDate":"2023-11-28T12:29:30.911Z","modificationDate":"2023-11-28T12:29:30.911Z","shortid":"mhgUSup","$entitySet":"profiles"},"doDiffs":false,"timestamp":1701174570910,"id":"oxtc0txikpxdk59","previousOperationId":null,"operationId":"t49l7gm2qed1vqb"}
{"type":"log","level":"info","message":"Render request 40 queued for execution and waiting for available worker","previousOperationId":"t49l7gm2qed1vqb","timestamp":1701174570910,"id":"p46gwi6zz844sw9"}
{"type":"operationStart","subtype":"render","name":"pns_index","previousOperationId":"t49l7gm2qed1vqb","timestamp":1701174570918,"id":"3kxq4w1qx3lwsns","previousEventId":"oxtc0txikpxdk59","operationId":"vnpf6u96j68f0q8"}
{"type":"log","timestamp":1701174570918,"level":"info","message":"Starting rendering request 40","meta":{"rootId":"ifgkak49zy9s91h","id":"ifgkak49zy9s91h"},"id":"m64tn1z94imzmuz","previousOperationId":"vnpf6u96j68f0q8"}
{"type":"log","timestamp":1701174570918,"level":"info","message":"Rendering template { name: pns_index, recipe: chrome-pdf, engine: handlebars, preview: true }","meta":{"rootId":"ifgkak49zy9s91h","id":"ifgkak49zy9s91h"},"id":"slxqrzawi1jfl58","previousOperationId":"vnpf6u96j68f0q8"}
{"type":"log","timestamp":1701174570919,"level":"debug","message":"Inline data specified.","meta":{"rootId":"ifgkak49zy9s91h","id":"ifgkak49zy9s91h"},"id":"6u0xjzmkgimj4c7","previousOperationId":"vnpf6u96j68f0q8"}
{"type":"log","timestamp":1701174570921,"level":"debug","message":"Base url not specified, skipping its injection.","meta":{"rootId":"ifgkak49zy9s91h","id":"ifgkak49zy9s91h"},"id":"epydjrhf69dc65j","previousOperationId":"vnpf6u96j68f0q8"}
{"type":"operationStart","subtype":"engine","name":"handlebars","timestamp":1701174570922,"id":"r4cfgwqnil50kwh","previousEventId":"3kxq4w1qx3lwsns","operationId":"qt8p3rb6mhn9hbc","previousOperationId":"vnpf6u96j68f0q8"}
{"type":"log","timestamp":1701174570922,"level":"debug","message":"Rendering engine handlebars","meta":{"rootId":"ifgkak49zy9s91h","id":"ifgkak49zy9s91h"},"id":"10l5ihykr1uk0n9","previousOperationId":"qt8p3rb6mhn9hbc"}
{"type":"operationEnd","operationId":"qt8p3rb6mhn9hbc","timestamp":1701174570948,"id":"r0t5cyc1m42de7g","previousEventId":"r4cfgwqnil50kwh","previousOperationId":"qt8p3rb6mhn9hbc"}
{"type":"operationStart","subtype":"recipe","name":"chrome-pdf","timestamp":1701174570948,"id":"8qmbi1f0g8k4tme","previousEventId":"r0t5cyc1m42de7g","operationId":"qv1at4x5g9fx10d","previousOperationId":"qt8p3rb6mhn9hbc"}
{"type":"log","timestamp":1701174570948,"level":"debug","message":"Executing recipe chrome-pdf","meta":{"rootId":"ifgkak49zy9s91h","id":"ifgkak49zy9s91h"},"id":"v8uay9qn4t5aapd","previousOperationId":"qv1at4x5g9fx10d"}
{"type":"log","timestamp":1701174570950,"level":"debug","message":"Converting with chrome HeadlessChrome/117.0.5938.149 using chrome-pool strategy","meta":{"rootId":"ifgkak49zy9s91h","id":"ifgkak49zy9s91h"},"id":"igv21qrgm9d332u","previousOperationId":"qv1at4x5g9fx10d"}
{"type":"log","timestamp":1701174571000,"level":"debug","message":"Page request: GET (document) file:///var/folders/dp/qk79pfcj0y1fmtkkl08m76rc0000gn/T/jsreport/autocleanup/490f264b-e77a-4977-9d25-62e47638e08d-chrome-pdf.html","meta":{"rootId":"ifgkak49zy9s91h","id":"ifgkak49zy9s91h"},"id":"0kp6seqvxrnpmzl","previousOperationId":"qv1at4x5g9fx10d"}
{"type":"log","timestamp":1701174571006,"level":"debug","message":"Page request finished: GET (document) 200 file:///var/folders/dp/qk79pfcj0y1fmtkkl08m76rc0000gn/T/jsreport/autocleanup/490f264b-e77a-4977-9d25-62e47638e08d-chrome-pdf.html","meta":{"rootId":"ifgkak49zy9s91h","id":"ifgkak49zy9s91h"},"id":"q1rfdu6a9681j4y","previousOperationId":"qv1at4x5g9fx10d"}
{"type":"log","timestamp":1701174571013,"level":"debug","message":"Custom viewport for chrome page width=800, height=2000","meta":{"rootId":"ifgkak49zy9s91h","id":"ifgkak49zy9s91h"},"id":"eql24ssy9z8yq6f","previousOperationId":"qv1at4x5g9fx10d"}
{"type":"log","timestamp":1701174571014,"level":"debug","message":"Running chrome with params {\"printBackground\":true,\"width\":\"8cm\",\"height\":\"50cm\",\"timeout\":59960,\"margin\":{}}","meta":{"rootId":"ifgkak49zy9s91h","id":"ifgkak49zy9s91h"},"id":"2kdzi86k4fy7otn","previousOperationId":"qv1at4x5g9fx10d"}
{"type":"operationEnd","operationId":"qv1at4x5g9fx10d","timestamp":1701174571033,"id":"5zspfiixh8qlsao","previousEventId":"8qmbi1f0g8k4tme","previousOperationId":"qv1at4x5g9fx10d"}
{"type":"log","timestamp":1701174571033,"level":"debug","message":"Skipping storing report.","meta":{"rootId":"ifgkak49zy9s91h","id":"ifgkak49zy9s91h"},"id":"exhio6gfzhghr6u","previousOperationId":"qv1at4x5g9fx10d"}
{"type":"log","timestamp":1701174571033,"level":"info","message":"Rendering request 40 finished in 124 ms","meta":{"rootId":"ifgkak49zy9s91h","id":"ifgkak49zy9s91h"},"id":"f50nt6odu22yzy5","previousOperationId":"qv1at4x5g9fx10d"}
{"type":"operationEnd","subtype":"render","operationId":"vnpf6u96j68f0q8","timestamp":1701174571033,"id":"vu8ozisd011c7yt","previousEventId":"5zspfiixh8qlsao","previousOperationId":"qv1at4x5g9fx10d"}
{"type":"operationEnd","doDiffs":false,"previousEventId":"oxtc0txikpxdk59","previousOperationId":"t49l7gm2qed1vqb","operationId":"t49l7gm2qed1vqb","timestamp":1701174571035,"id":"f41ymv88ovmmcmu"}
