{"type":"operationStart","subtype":"profile","data":{"_id":"AQJ77VJijewqiDGG","timestamp":"2023-12-04T11:59:16.631Z","state":"queued","mode":"standard","creationDate":"2023-12-04T11:59:16.633Z","modificationDate":"2023-12-04T11:59:16.633Z","shortid":"KBSoqjl","$entitySet":"profiles"},"doDiffs":false,"timestamp":1701691156632,"id":"l7s3cg8z0w74854","previousOperationId":null,"operationId":"c72884yq066zfe5"}
{"type":"log","level":"info","message":"Render request 138 queued for execution and waiting for available worker","previousOperationId":"c72884yq066zfe5","timestamp":1701691156633,"id":"43vcqpgdc511yd0"}
{"type":"operationStart","subtype":"render","name":"pns_index","previousOperationId":"c72884yq066zfe5","timestamp":1701691156652,"id":"d27fvm3cl5z4tn1","previousEventId":"l7s3cg8z0w74854","operationId":"nkocadu1kuflrgv"}
{"type":"log","timestamp":1701691156653,"level":"info","message":"Starting rendering request 138","meta":{"rootId":"is96ois2cxrdvoc","id":"is96ois2cxrdvoc"},"id":"58jtxgf58zb0zro","previousOperationId":"nkocadu1kuflrgv"}
{"type":"log","timestamp":1701691156653,"level":"info","message":"Rendering template { name: pns_index, recipe: chrome-pdf, engine: handlebars, preview: true }","meta":{"rootId":"is96ois2cxrdvoc","id":"is96ois2cxrdvoc"},"id":"23ztxskhq9t5ios","previousOperationId":"nkocadu1kuflrgv"}
{"type":"log","timestamp":1701691156653,"level":"debug","message":"Inline data specified.","meta":{"rootId":"is96ois2cxrdvoc","id":"is96ois2cxrdvoc"},"id":"0yxo0lzmr8sg45w","previousOperationId":"nkocadu1kuflrgv"}
{"type":"log","timestamp":1701691156655,"level":"debug","message":"Base url not specified, skipping its injection.","meta":{"rootId":"is96ois2cxrdvoc","id":"is96ois2cxrdvoc"},"id":"455aea46uh4ma62","previousOperationId":"nkocadu1kuflrgv"}
{"type":"operationStart","subtype":"engine","name":"handlebars","timestamp":1701691156655,"id":"ubrfzn5btllhfs3","previousEventId":"d27fvm3cl5z4tn1","operationId":"d3val8s2m2tsefs","previousOperationId":"nkocadu1kuflrgv"}
{"type":"log","timestamp":1701691156655,"level":"debug","message":"Rendering engine handlebars","meta":{"rootId":"is96ois2cxrdvoc","id":"is96ois2cxrdvoc"},"id":"hm9b8eepd4zkf7p","previousOperationId":"d3val8s2m2tsefs"}
{"type":"operationEnd","operationId":"d3val8s2m2tsefs","timestamp":1701691156663,"id":"n4ip9yzwifecpn1","previousEventId":"ubrfzn5btllhfs3","previousOperationId":"d3val8s2m2tsefs"}
{"type":"operationStart","subtype":"recipe","name":"chrome-pdf","timestamp":1701691156664,"id":"xs8gnvba0bt7wfn","previousEventId":"n4ip9yzwifecpn1","operationId":"73tt80meswj3t8v","previousOperationId":"d3val8s2m2tsefs"}
{"type":"log","timestamp":1701691156664,"level":"debug","message":"Executing recipe chrome-pdf","meta":{"rootId":"is96ois2cxrdvoc","id":"is96ois2cxrdvoc"},"id":"tdu59pylw7rpnfx","previousOperationId":"73tt80meswj3t8v"}
{"type":"log","timestamp":1701691156665,"level":"debug","message":"Converting with chrome HeadlessChrome/117.0.5938.149 using chrome-pool strategy","meta":{"rootId":"is96ois2cxrdvoc","id":"is96ois2cxrdvoc"},"id":"vzod3yycohobh9w","previousOperationId":"73tt80meswj3t8v"}
{"type":"log","timestamp":1701691156719,"level":"debug","message":"Page request: GET (document) file:///var/folders/dp/qk79pfcj0y1fmtkkl08m76rc0000gn/T/jsreport/autocleanup/38572f8f-05d9-44bf-90d4-adcf96d6b96c-chrome-pdf.html","meta":{"rootId":"is96ois2cxrdvoc","id":"is96ois2cxrdvoc"},"id":"ay990k4hyceaye5","previousOperationId":"73tt80meswj3t8v"}
{"type":"log","timestamp":1701691156723,"level":"debug","message":"Page request finished: GET (document) 200 file:///var/folders/dp/qk79pfcj0y1fmtkkl08m76rc0000gn/T/jsreport/autocleanup/38572f8f-05d9-44bf-90d4-adcf96d6b96c-chrome-pdf.html","meta":{"rootId":"is96ois2cxrdvoc","id":"is96ois2cxrdvoc"},"id":"b5dbt91zqqzt08e","previousOperationId":"73tt80meswj3t8v"}
{"type":"log","timestamp":1701691156735,"level":"debug","message":"Custom viewport for chrome page width=800, height=2000","meta":{"rootId":"is96ois2cxrdvoc","id":"is96ois2cxrdvoc"},"id":"9vgvutatmil85s0","previousOperationId":"73tt80meswj3t8v"}
{"type":"log","timestamp":1701691156736,"level":"debug","message":"Running chrome with params {\"printBackground\":true,\"width\":\"5.8cm\",\"height\":\"50cm\",\"timeout\":59967,\"margin\":{}}","meta":{"rootId":"is96ois2cxrdvoc","id":"is96ois2cxrdvoc"},"id":"8hnh5p59chnv95t","previousOperationId":"73tt80meswj3t8v"}
{"type":"operationEnd","operationId":"73tt80meswj3t8v","timestamp":1701691156771,"id":"lnrinxc5z8n12t0","previousEventId":"xs8gnvba0bt7wfn","previousOperationId":"73tt80meswj3t8v"}
{"type":"log","timestamp":1701691156771,"level":"debug","message":"Skipping storing report.","meta":{"rootId":"is96ois2cxrdvoc","id":"is96ois2cxrdvoc"},"id":"y0e3x2951ggt2sk","previousOperationId":"73tt80meswj3t8v"}
{"type":"log","timestamp":1701691156771,"level":"info","message":"Rendering request 138 finished in 140 ms","meta":{"rootId":"is96ois2cxrdvoc","id":"is96ois2cxrdvoc"},"id":"68fa7pjnjq9cbyz","previousOperationId":"73tt80meswj3t8v"}
{"type":"operationEnd","subtype":"render","operationId":"nkocadu1kuflrgv","timestamp":1701691156771,"id":"cpzbmb7274yw5a1","previousEventId":"lnrinxc5z8n12t0","previousOperationId":"73tt80meswj3t8v"}
{"type":"operationEnd","doDiffs":false,"previousEventId":"l7s3cg8z0w74854","previousOperationId":"c72884yq066zfe5","operationId":"c72884yq066zfe5","timestamp":1701691156772,"id":"8hmw2h9l0jtxzh3"}
