{"type":"operationStart","subtype":"profile","data":{"_id":"KAWDryw5U5wUU60r","timestamp":"2023-12-06T09:53:44.913Z","state":"queued","mode":"standard","creationDate":"2023-12-06T09:53:44.914Z","modificationDate":"2023-12-06T09:53:44.914Z","shortid":"q1Yqceo","$entitySet":"profiles"},"doDiffs":false,"timestamp":1701856424913,"id":"xffydmmttct8zvo","previousOperationId":null,"operationId":"0o9n0erq6jbw4ow"}
{"type":"log","level":"info","message":"Render request 61 queued for execution and waiting for available worker","previousOperationId":"0o9n0erq6jbw4ow","timestamp":1701856424913,"id":"9urh6oifqy3nejb"}
{"type":"operationStart","subtype":"render","name":"pns_index","previousOperationId":"0o9n0erq6jbw4ow","timestamp":1701856424918,"id":"ev8g3soqoon23ic","previousEventId":"xffydmmttct8zvo","operationId":"ynfr6om9glxjgd2"}
{"type":"log","timestamp":1701856424918,"level":"info","message":"Starting rendering request 61","meta":{"rootId":"j0j1oppbdcnq0zd","id":"j0j1oppbdcnq0zd"},"id":"cmjhof52z1lsa5m","previousOperationId":"ynfr6om9glxjgd2"}
{"type":"log","timestamp":1701856424918,"level":"info","message":"Rendering template { name: pns_index, recipe: chrome-pdf, engine: handlebars, preview: true }","meta":{"rootId":"j0j1oppbdcnq0zd","id":"j0j1oppbdcnq0zd"},"id":"v6hwee2pmxbk9sz","previousOperationId":"ynfr6om9glxjgd2"}
{"type":"log","timestamp":1701856424918,"level":"debug","message":"Inline data specified.","meta":{"rootId":"j0j1oppbdcnq0zd","id":"j0j1oppbdcnq0zd"},"id":"4umpuva6i485c9x","previousOperationId":"ynfr6om9glxjgd2"}
{"type":"log","timestamp":1701856424918,"level":"debug","message":"Base url not specified, skipping its injection.","meta":{"rootId":"j0j1oppbdcnq0zd","id":"j0j1oppbdcnq0zd"},"id":"unb69sdc5ghpbac","previousOperationId":"ynfr6om9glxjgd2"}
{"type":"log","timestamp":1701856424919,"level":"debug","message":"Replaced assets [\"styles.css\"]","meta":{"rootId":"j0j1oppbdcnq0zd","id":"j0j1oppbdcnq0zd"},"id":"fsl5l1b1zwtn3oi","previousOperationId":"ynfr6om9glxjgd2"}
{"type":"operationStart","subtype":"engine","name":"handlebars","timestamp":1701856424920,"id":"r61qqr3pyjw1qhi","previousEventId":"ev8g3soqoon23ic","operationId":"1nezgfi4u1mb39d","previousOperationId":"ynfr6om9glxjgd2"}
{"type":"log","timestamp":1701856424920,"level":"debug","message":"Rendering engine handlebars","meta":{"rootId":"j0j1oppbdcnq0zd","id":"j0j1oppbdcnq0zd"},"id":"hjbpc31so4ykxp5","previousOperationId":"1nezgfi4u1mb39d"}
{"type":"operationEnd","operationId":"1nezgfi4u1mb39d","timestamp":1701856424948,"id":"97youc3z6zstuuv","previousEventId":"r61qqr3pyjw1qhi","previousOperationId":"1nezgfi4u1mb39d"}
{"type":"operationStart","subtype":"recipe","name":"chrome-pdf","timestamp":1701856424948,"id":"cjwrxkrr78ries6","previousEventId":"97youc3z6zstuuv","operationId":"u2tvtl0ipjwgllt","previousOperationId":"1nezgfi4u1mb39d"}
{"type":"log","timestamp":1701856424948,"level":"debug","message":"Executing recipe chrome-pdf","meta":{"rootId":"j0j1oppbdcnq0zd","id":"j0j1oppbdcnq0zd"},"id":"qm371n637oiryyl","previousOperationId":"u2tvtl0ipjwgllt"}
{"type":"log","timestamp":1701856424949,"level":"debug","message":"Converting with chrome HeadlessChrome/117.0.5938.149 using chrome-pool strategy","meta":{"rootId":"j0j1oppbdcnq0zd","id":"j0j1oppbdcnq0zd"},"id":"m4wm7vf7gojqotl","previousOperationId":"u2tvtl0ipjwgllt"}
{"type":"log","timestamp":1701856424989,"level":"debug","message":"Page request: GET (document) file:///var/folders/dp/qk79pfcj0y1fmtkkl08m76rc0000gn/T/jsreport/autocleanup/f35d3629-c161-4beb-be31-0369b2041c64-chrome-pdf.html","meta":{"rootId":"j0j1oppbdcnq0zd","id":"j0j1oppbdcnq0zd"},"id":"x4km4x3nbxxtsdq","previousOperationId":"u2tvtl0ipjwgllt"}
{"type":"log","timestamp":1701856424993,"level":"debug","message":"Page request finished: GET (document) 200 file:///var/folders/dp/qk79pfcj0y1fmtkkl08m76rc0000gn/T/jsreport/autocleanup/f35d3629-c161-4beb-be31-0369b2041c64-chrome-pdf.html","meta":{"rootId":"j0j1oppbdcnq0zd","id":"j0j1oppbdcnq0zd"},"id":"lbk38vhbbg126c3","previousOperationId":"u2tvtl0ipjwgllt"}
{"type":"log","timestamp":1701856425002,"level":"debug","message":"Custom viewport for chrome page width=800, height=2000","meta":{"rootId":"j0j1oppbdcnq0zd","id":"j0j1oppbdcnq0zd"},"id":"phl4anowaf2q9k7","previousOperationId":"u2tvtl0ipjwgllt"}
{"type":"log","timestamp":1701856425004,"level":"debug","message":"Running chrome with params {\"printBackground\":true,\"width\":\"6.8cm\",\"height\":\"50cm\",\"marginRight\":\"0cm\",\"marginLeft\":\"0cm\",\"timeout\":59964,\"margin\":{\"right\":\"0cm\",\"left\":\"0cm\"}}","meta":{"rootId":"j0j1oppbdcnq0zd","id":"j0j1oppbdcnq0zd"},"id":"gaxbl2xv1tq0b10","previousOperationId":"u2tvtl0ipjwgllt"}
{"type":"operationEnd","operationId":"u2tvtl0ipjwgllt","timestamp":1701856425031,"id":"v3q7wbhgccr3ftz","previousEventId":"cjwrxkrr78ries6","previousOperationId":"u2tvtl0ipjwgllt"}
{"type":"log","timestamp":1701856425031,"level":"debug","message":"Skipping storing report.","meta":{"rootId":"j0j1oppbdcnq0zd","id":"j0j1oppbdcnq0zd"},"id":"pq1bch03jis2ey5","previousOperationId":"u2tvtl0ipjwgllt"}
{"type":"log","timestamp":1701856425031,"level":"info","message":"Rendering request 61 finished in 118 ms","meta":{"rootId":"j0j1oppbdcnq0zd","id":"j0j1oppbdcnq0zd"},"id":"lkl35583cq6ys69","previousOperationId":"u2tvtl0ipjwgllt"}
{"type":"operationEnd","subtype":"render","operationId":"ynfr6om9glxjgd2","timestamp":1701856425031,"id":"42gce8d3zp1949z","previousEventId":"v3q7wbhgccr3ftz","previousOperationId":"u2tvtl0ipjwgllt"}
{"type":"operationEnd","doDiffs":false,"previousEventId":"xffydmmttct8zvo","previousOperationId":"0o9n0erq6jbw4ow","operationId":"0o9n0erq6jbw4ow","timestamp":1701856425033,"id":"jadb98x7p4frcma"}
