{"type":"operationStart","subtype":"profile","data":{"_id":"q7rEiM2zzM94jqVG","timestamp":"2023-12-05T10:37:21.643Z","state":"queued","mode":"standard","creationDate":"2023-12-05T10:37:21.645Z","modificationDate":"2023-12-05T10:37:21.645Z","shortid":"-dOrJFo","$entitySet":"profiles"},"doDiffs":false,"timestamp":1701772641644,"id":"r6k3zztc28zd6jb","previousOperationId":null,"operationId":"f9fbnh06abi9z3c"}
{"type":"log","level":"info","message":"Render request 37 queued for execution and waiting for available worker","previousOperationId":"f9fbnh06abi9z3c","timestamp":1701772641645,"id":"jdotv0g2rqf0zwm"}
{"type":"operationStart","subtype":"render","name":"pns_index","previousOperationId":"f9fbnh06abi9z3c","timestamp":1701772641669,"id":"aj601wrwqvti5g2","previousEventId":"r6k3zztc28zd6jb","operationId":"23mtbr123tvyvtc"}
{"type":"log","timestamp":1701772641669,"level":"info","message":"Starting rendering request 37","meta":{"rootId":"j7qyg2c9ro7f6fq","id":"j7qyg2c9ro7f6fq"},"id":"0z8y1w22m6r9yrd","previousOperationId":"23mtbr123tvyvtc"}
{"type":"log","timestamp":1701772641670,"level":"info","message":"Rendering template { name: pns_index, recipe: chrome-pdf, engine: handlebars, preview: true }","meta":{"rootId":"j7qyg2c9ro7f6fq","id":"j7qyg2c9ro7f6fq"},"id":"nv5nux92phqcx8o","previousOperationId":"23mtbr123tvyvtc"}
{"type":"log","timestamp":1701772641670,"level":"debug","message":"Adding sample data flbhzmKcJ","meta":{"rootId":"j7qyg2c9ro7f6fq","id":"j7qyg2c9ro7f6fq"},"id":"rpe87tktszl7gtf","previousOperationId":"23mtbr123tvyvtc"}
{"type":"log","timestamp":1701772641672,"level":"debug","message":"Base url not specified, skipping its injection.","meta":{"rootId":"j7qyg2c9ro7f6fq","id":"j7qyg2c9ro7f6fq"},"id":"np3sn4owka0x7dt","previousOperationId":"23mtbr123tvyvtc"}
{"type":"log","timestamp":1701772641674,"level":"debug","message":"Replaced assets [\"styles.css\"]","meta":{"rootId":"j7qyg2c9ro7f6fq","id":"j7qyg2c9ro7f6fq"},"id":"wibgv44cat8f7tv","previousOperationId":"23mtbr123tvyvtc"}
{"type":"operationStart","subtype":"engine","name":"handlebars","timestamp":1701772641674,"id":"6bmjx1vtg5yh6ye","previousEventId":"aj601wrwqvti5g2","operationId":"cygv8pw9jl8jdn8","previousOperationId":"23mtbr123tvyvtc"}
{"type":"log","timestamp":1701772641674,"level":"debug","message":"Rendering engine handlebars","meta":{"rootId":"j7qyg2c9ro7f6fq","id":"j7qyg2c9ro7f6fq"},"id":"jwou7l0cluxyd8l","previousOperationId":"cygv8pw9jl8jdn8"}
{"type":"operationEnd","operationId":"cygv8pw9jl8jdn8","timestamp":1701772641702,"id":"7vt1xr61q5xhrh3","previousEventId":"6bmjx1vtg5yh6ye","previousOperationId":"cygv8pw9jl8jdn8"}
{"type":"operationStart","subtype":"recipe","name":"chrome-pdf","timestamp":1701772641702,"id":"c1qm362ti9vynxg","previousEventId":"7vt1xr61q5xhrh3","operationId":"iwh3uz13gwykv94","previousOperationId":"cygv8pw9jl8jdn8"}
{"type":"log","timestamp":1701772641702,"level":"debug","message":"Executing recipe chrome-pdf","meta":{"rootId":"j7qyg2c9ro7f6fq","id":"j7qyg2c9ro7f6fq"},"id":"i2lp4szgl4xmsuz","previousOperationId":"iwh3uz13gwykv94"}
{"type":"log","timestamp":1701772642020,"level":"debug","message":"Converting with chrome HeadlessChrome/117.0.5938.149 using chrome-pool strategy","meta":{"rootId":"j7qyg2c9ro7f6fq","id":"j7qyg2c9ro7f6fq"},"id":"b698adwrrn9nvag","previousOperationId":"iwh3uz13gwykv94"}
{"type":"log","timestamp":1701772642071,"level":"debug","message":"Page request: GET (document) file:///var/folders/dp/qk79pfcj0y1fmtkkl08m76rc0000gn/T/jsreport/autocleanup/11022bcf-dc81-4352-a7d3-f36513b96775-chrome-pdf.html","meta":{"rootId":"j7qyg2c9ro7f6fq","id":"j7qyg2c9ro7f6fq"},"id":"v4c4jp34onah1bm","previousOperationId":"iwh3uz13gwykv94"}
{"type":"log","timestamp":1701772642076,"level":"debug","message":"Page request finished: GET (document) 200 file:///var/folders/dp/qk79pfcj0y1fmtkkl08m76rc0000gn/T/jsreport/autocleanup/11022bcf-dc81-4352-a7d3-f36513b96775-chrome-pdf.html","meta":{"rootId":"j7qyg2c9ro7f6fq","id":"j7qyg2c9ro7f6fq"},"id":"gjbals2dmjff8rq","previousOperationId":"iwh3uz13gwykv94"}
{"type":"log","timestamp":1701772642085,"level":"debug","message":"Custom viewport for chrome page width=800, height=2000","meta":{"rootId":"j7qyg2c9ro7f6fq","id":"j7qyg2c9ro7f6fq"},"id":"tmqbjn8go75frlh","previousOperationId":"iwh3uz13gwykv94"}
{"type":"log","timestamp":1701772642086,"level":"debug","message":"Running chrome with params {\"printBackground\":true,\"width\":\"5.8cm\",\"height\":\"21cm\",\"timeout\":59939,\"margin\":{}}","meta":{"rootId":"j7qyg2c9ro7f6fq","id":"j7qyg2c9ro7f6fq"},"id":"0gixgci7uu4sxj5","previousOperationId":"iwh3uz13gwykv94"}
{"type":"operationEnd","operationId":"iwh3uz13gwykv94","timestamp":1701772642117,"id":"krqgkcprcccbn81","previousEventId":"c1qm362ti9vynxg","previousOperationId":"iwh3uz13gwykv94"}
{"type":"log","timestamp":1701772642117,"level":"debug","message":"Skipping storing report.","meta":{"rootId":"j7qyg2c9ro7f6fq","id":"j7qyg2c9ro7f6fq"},"id":"h4pb7htk3bhz0ih","previousOperationId":"iwh3uz13gwykv94"}
{"type":"log","timestamp":1701772642117,"level":"info","message":"Rendering request 37 finished in 474 ms","meta":{"rootId":"j7qyg2c9ro7f6fq","id":"j7qyg2c9ro7f6fq"},"id":"lpcfyr1u7cgz8sh","previousOperationId":"iwh3uz13gwykv94"}
{"type":"operationEnd","subtype":"render","operationId":"23mtbr123tvyvtc","timestamp":1701772642117,"id":"t9yif20q27g3801","previousEventId":"krqgkcprcccbn81","previousOperationId":"iwh3uz13gwykv94"}
{"type":"operationEnd","doDiffs":false,"previousEventId":"r6k3zztc28zd6jb","previousOperationId":"f9fbnh06abi9z3c","operationId":"f9fbnh06abi9z3c","timestamp":1701772642119,"id":"2lrjl28x6fobl5r"}
