{"type":"operationStart","subtype":"profile","data":{"_id":"Ge6b7aGZ756zyJWC","timestamp":"2023-11-28T14:14:59.795Z","state":"queued","mode":"standard","creationDate":"2023-11-28T14:14:59.798Z","modificationDate":"2023-11-28T14:14:59.798Z","shortid":"vFaIsS_","$entitySet":"profiles"},"doDiffs":false,"timestamp":1701180899797,"id":"mqt7qhcd0mp7he6","previousOperationId":null,"operationId":"3tlzyaxtb1srzxc"}
{"type":"log","level":"info","message":"Render request 106 queued for execution and waiting for available worker","previousOperationId":"3tlzyaxtb1srzxc","timestamp":1701180899797,"id":"moj5bfgvv0zrhqu"}
{"type":"operationStart","subtype":"render","name":"pns_index","previousOperationId":"3tlzyaxtb1srzxc","timestamp":1701180899803,"id":"k4vlv7c2xznkiqa","previousEventId":"mqt7qhcd0mp7he6","operationId":"5vuu5s6auxta71r"}
{"type":"log","timestamp":1701180899803,"level":"info","message":"Starting rendering request 106","meta":{"rootId":"jgqpagtfjksja1j","id":"jgqpagtfjksja1j"},"id":"sq7o8re9vz4s1e5","previousOperationId":"5vuu5s6auxta71r"}
{"type":"log","timestamp":1701180899804,"level":"info","message":"Rendering template { name: pns_index, recipe: chrome-pdf, engine: handlebars, preview: true }","meta":{"rootId":"jgqpagtfjksja1j","id":"jgqpagtfjksja1j"},"id":"032cc0dvcslripf","previousOperationId":"5vuu5s6auxta71r"}
{"type":"log","timestamp":1701180899805,"level":"debug","message":"Inline data specified.","meta":{"rootId":"jgqpagtfjksja1j","id":"jgqpagtfjksja1j"},"id":"r7a6kv0vnjza7sp","previousOperationId":"5vuu5s6auxta71r"}
{"type":"log","timestamp":1701180899809,"level":"debug","message":"Base url not specified, skipping its injection.","meta":{"rootId":"jgqpagtfjksja1j","id":"jgqpagtfjksja1j"},"id":"s181jgtr63g6jnj","previousOperationId":"5vuu5s6auxta71r"}
{"type":"operationStart","subtype":"engine","name":"handlebars","timestamp":1701180899809,"id":"f1hpko9atw8xcmg","previousEventId":"k4vlv7c2xznkiqa","operationId":"nxq00zbac2nqt2n","previousOperationId":"5vuu5s6auxta71r"}
{"type":"log","timestamp":1701180899809,"level":"debug","message":"Rendering engine handlebars","meta":{"rootId":"jgqpagtfjksja1j","id":"jgqpagtfjksja1j"},"id":"15bvwpt06rcpf67","previousOperationId":"nxq00zbac2nqt2n"}
{"type":"operationEnd","operationId":"nxq00zbac2nqt2n","timestamp":1701180899834,"id":"2vbwj6ahz13lm6a","previousEventId":"f1hpko9atw8xcmg","previousOperationId":"nxq00zbac2nqt2n"}
{"type":"operationStart","subtype":"recipe","name":"chrome-pdf","timestamp":1701180899834,"id":"66c3a71grklvtix","previousEventId":"2vbwj6ahz13lm6a","operationId":"ls3clkuipxwhxyc","previousOperationId":"nxq00zbac2nqt2n"}
{"type":"log","timestamp":1701180899834,"level":"debug","message":"Executing recipe chrome-pdf","meta":{"rootId":"jgqpagtfjksja1j","id":"jgqpagtfjksja1j"},"id":"fbtfy7n51t3457w","previousOperationId":"ls3clkuipxwhxyc"}
{"type":"log","timestamp":1701180899837,"level":"debug","message":"Converting with chrome HeadlessChrome/117.0.5938.149 using chrome-pool strategy","meta":{"rootId":"jgqpagtfjksja1j","id":"jgqpagtfjksja1j"},"id":"131dkqy1eqzd3fn","previousOperationId":"ls3clkuipxwhxyc"}
{"type":"log","timestamp":1701180899878,"level":"debug","message":"Page request: GET (document) file:///var/folders/dp/qk79pfcj0y1fmtkkl08m76rc0000gn/T/jsreport/autocleanup/011e4538-be72-48b9-a90c-2bb1a142e255-chrome-pdf.html","meta":{"rootId":"jgqpagtfjksja1j","id":"jgqpagtfjksja1j"},"id":"d5epzmifzwcma9o","previousOperationId":"ls3clkuipxwhxyc"}
{"type":"log","timestamp":1701180899882,"level":"debug","message":"Page request finished: GET (document) 200 file:///var/folders/dp/qk79pfcj0y1fmtkkl08m76rc0000gn/T/jsreport/autocleanup/011e4538-be72-48b9-a90c-2bb1a142e255-chrome-pdf.html","meta":{"rootId":"jgqpagtfjksja1j","id":"jgqpagtfjksja1j"},"id":"70u5lkcmfuqe43g","previousOperationId":"ls3clkuipxwhxyc"}
{"type":"log","timestamp":1701180899893,"level":"debug","message":"Custom viewport for chrome page width=800, height=2000","meta":{"rootId":"jgqpagtfjksja1j","id":"jgqpagtfjksja1j"},"id":"27dx5ecnldfbwdz","previousOperationId":"ls3clkuipxwhxyc"}
{"type":"log","timestamp":1701180899899,"level":"debug","message":"Running chrome with params {\"printBackground\":true,\"width\":\"5.8cm\",\"height\":\"50cm\",\"timeout\":59959,\"margin\":{}}","meta":{"rootId":"jgqpagtfjksja1j","id":"jgqpagtfjksja1j"},"id":"itxnvnabw4or8zg","previousOperationId":"ls3clkuipxwhxyc"}
{"type":"operationEnd","operationId":"ls3clkuipxwhxyc","timestamp":1701180899930,"id":"zaohx1b2l4l5ypy","previousEventId":"66c3a71grklvtix","previousOperationId":"ls3clkuipxwhxyc"}
{"type":"log","timestamp":1701180899930,"level":"debug","message":"Skipping storing report.","meta":{"rootId":"jgqpagtfjksja1j","id":"jgqpagtfjksja1j"},"id":"6hcee3hz2a6skb2","previousOperationId":"ls3clkuipxwhxyc"}
{"type":"log","timestamp":1701180899930,"level":"info","message":"Rendering request 106 finished in 135 ms","meta":{"rootId":"jgqpagtfjksja1j","id":"jgqpagtfjksja1j"},"id":"36c044suij16av1","previousOperationId":"ls3clkuipxwhxyc"}
{"type":"operationEnd","subtype":"render","operationId":"5vuu5s6auxta71r","timestamp":1701180899930,"id":"von06t349b02bkr","previousEventId":"zaohx1b2l4l5ypy","previousOperationId":"ls3clkuipxwhxyc"}
{"type":"operationEnd","doDiffs":false,"previousEventId":"mqt7qhcd0mp7he6","previousOperationId":"3tlzyaxtb1srzxc","operationId":"3tlzyaxtb1srzxc","timestamp":1701180899931,"id":"c1qrgmv43rga2rm"}
