{"type":"operationStart","subtype":"profile","data":{"_id":"wpU4gKQuRBpFoAEl","timestamp":"2023-12-04T11:28:09.531Z","state":"queued","mode":"standard","creationDate":"2023-12-04T11:28:09.533Z","modificationDate":"2023-12-04T11:28:09.533Z","shortid":"rISQQly","$entitySet":"profiles"},"doDiffs":false,"timestamp":1701689289532,"id":"0p2gp8cb9idvxpw","previousOperationId":null,"operationId":"6n1fo6aldts00xe"}
{"type":"log","level":"info","message":"Render request 114 queued for execution and waiting for available worker","previousOperationId":"6n1fo6aldts00xe","timestamp":1701689289533,"id":"l4sqtamnu4mrc5b"}
{"type":"operationStart","subtype":"render","name":"pns_index","previousOperationId":"6n1fo6aldts00xe","timestamp":1701689289543,"id":"1yeowlmk74y7rx3","previousEventId":"0p2gp8cb9idvxpw","operationId":"xh7o07khod6t0iq"}
{"type":"log","timestamp":1701689289543,"level":"info","message":"Starting rendering request 114","meta":{"rootId":"jol02v1abywqbr0","id":"jol02v1abywqbr0"},"id":"npxjpkbeyor8qag","previousOperationId":"xh7o07khod6t0iq"}
{"type":"log","timestamp":1701689289544,"level":"info","message":"Rendering template { name: pns_index, recipe: chrome-pdf, engine: handlebars, preview: true }","meta":{"rootId":"jol02v1abywqbr0","id":"jol02v1abywqbr0"},"id":"mntd26uafay4pc3","previousOperationId":"xh7o07khod6t0iq"}
{"type":"log","timestamp":1701689289546,"level":"debug","message":"Inline data specified.","meta":{"rootId":"jol02v1abywqbr0","id":"jol02v1abywqbr0"},"id":"vmjs535ebhm01zg","previousOperationId":"xh7o07khod6t0iq"}
{"type":"log","timestamp":1701689289551,"level":"debug","message":"Base url not specified, skipping its injection.","meta":{"rootId":"jol02v1abywqbr0","id":"jol02v1abywqbr0"},"id":"4wmfs4ee0htzck6","previousOperationId":"xh7o07khod6t0iq"}
{"type":"operationStart","subtype":"engine","name":"handlebars","timestamp":1701689289551,"id":"7do507eywgxrjjd","previousEventId":"1yeowlmk74y7rx3","operationId":"gg0c0bjmspudn00","previousOperationId":"xh7o07khod6t0iq"}
{"type":"log","timestamp":1701689289551,"level":"debug","message":"Rendering engine handlebars","meta":{"rootId":"jol02v1abywqbr0","id":"jol02v1abywqbr0"},"id":"d6bqtt715enfniq","previousOperationId":"gg0c0bjmspudn00"}
{"type":"operationEnd","operationId":"gg0c0bjmspudn00","timestamp":1701689289582,"id":"y58naqifurbyb2t","previousEventId":"7do507eywgxrjjd","previousOperationId":"gg0c0bjmspudn00"}
{"type":"operationStart","subtype":"recipe","name":"chrome-pdf","timestamp":1701689289583,"id":"kainsu9u31wiy7c","previousEventId":"y58naqifurbyb2t","operationId":"nspguvciulxegxj","previousOperationId":"gg0c0bjmspudn00"}
{"type":"log","timestamp":1701689289583,"level":"debug","message":"Executing recipe chrome-pdf","meta":{"rootId":"jol02v1abywqbr0","id":"jol02v1abywqbr0"},"id":"r8wxf1ay570952a","previousOperationId":"nspguvciulxegxj"}
{"type":"log","timestamp":1701689289584,"level":"debug","message":"Converting with chrome HeadlessChrome/117.0.5938.149 using chrome-pool strategy","meta":{"rootId":"jol02v1abywqbr0","id":"jol02v1abywqbr0"},"id":"wjo7kg2zvmq5gbc","previousOperationId":"nspguvciulxegxj"}
{"type":"log","timestamp":1701689289640,"level":"debug","message":"Page request: GET (document) file:///var/folders/dp/qk79pfcj0y1fmtkkl08m76rc0000gn/T/jsreport/autocleanup/224bc661-f3bd-4ea3-8ece-8ba348ba39dd-chrome-pdf.html","meta":{"rootId":"jol02v1abywqbr0","id":"jol02v1abywqbr0"},"id":"k5jt88gwlu1chhx","previousOperationId":"nspguvciulxegxj"}
{"type":"log","timestamp":1701689289644,"level":"debug","message":"Page request finished: GET (document) 200 file:///var/folders/dp/qk79pfcj0y1fmtkkl08m76rc0000gn/T/jsreport/autocleanup/224bc661-f3bd-4ea3-8ece-8ba348ba39dd-chrome-pdf.html","meta":{"rootId":"jol02v1abywqbr0","id":"jol02v1abywqbr0"},"id":"pienjahp1z8l98m","previousOperationId":"nspguvciulxegxj"}
{"type":"log","timestamp":1701689289652,"level":"debug","message":"Custom viewport for chrome page width=800, height=2000","meta":{"rootId":"jol02v1abywqbr0","id":"jol02v1abywqbr0"},"id":"mma3y1up7u4lotc","previousOperationId":"nspguvciulxegxj"}
{"type":"log","timestamp":1701689289653,"level":"debug","message":"Running chrome with params {\"printBackground\":true,\"width\":\"5.8cm\",\"height\":\"50cm\",\"timeout\":59947,\"margin\":{}}","meta":{"rootId":"jol02v1abywqbr0","id":"jol02v1abywqbr0"},"id":"bm9ecjgvm0qygn3","previousOperationId":"nspguvciulxegxj"}
{"type":"operationEnd","operationId":"nspguvciulxegxj","timestamp":1701689289686,"id":"twgsxtalka7ji89","previousEventId":"kainsu9u31wiy7c","previousOperationId":"nspguvciulxegxj"}
{"type":"log","timestamp":1701689289686,"level":"debug","message":"Skipping storing report.","meta":{"rootId":"jol02v1abywqbr0","id":"jol02v1abywqbr0"},"id":"ic3on3i323zteyx","previousOperationId":"nspguvciulxegxj"}
{"type":"log","timestamp":1701689289686,"level":"info","message":"Rendering request 114 finished in 155 ms","meta":{"rootId":"jol02v1abywqbr0","id":"jol02v1abywqbr0"},"id":"uxv4h7uv32ayfi6","previousOperationId":"nspguvciulxegxj"}
{"type":"operationEnd","subtype":"render","operationId":"xh7o07khod6t0iq","timestamp":1701689289686,"id":"1oo131yxomznj8d","previousEventId":"twgsxtalka7ji89","previousOperationId":"nspguvciulxegxj"}
{"type":"operationEnd","doDiffs":false,"previousEventId":"0p2gp8cb9idvxpw","previousOperationId":"6n1fo6aldts00xe","operationId":"6n1fo6aldts00xe","timestamp":1701689289688,"id":"iqzqz93re41cqfq"}
