{"type":"operationStart","subtype":"profile","data":{"_id":"9uNDZfOfoFQaQWls","timestamp":"2023-11-28T10:18:51.880Z","state":"queued","mode":"standard","creationDate":"2023-11-28T10:18:51.881Z","modificationDate":"2023-11-28T10:18:51.881Z","shortid":"At4Zav6","$entitySet":"profiles"},"doDiffs":false,"timestamp":1701166731881,"id":"g461pyldxegzd2o","previousOperationId":null,"operationId":"93trev2rjcln2d1"}
{"type":"log","level":"info","message":"Render request 18 queued for execution and waiting for available worker","previousOperationId":"93trev2rjcln2d1","timestamp":1701166731881,"id":"wplg30ozk10j6il"}
{"type":"operationStart","subtype":"render","name":"pns_index","previousOperationId":"93trev2rjcln2d1","timestamp":1701166731889,"id":"88evrauxmqabs2k","previousEventId":"g461pyldxegzd2o","operationId":"bp501e7j9zsz67k"}
{"type":"log","timestamp":1701166731889,"level":"info","message":"Starting rendering request 18","meta":{"rootId":"k178qc2zu0nkbbs","id":"k178qc2zu0nkbbs"},"id":"svv2j4nz2qwzw83","previousOperationId":"bp501e7j9zsz67k"}
{"type":"log","timestamp":1701166731889,"level":"info","message":"Rendering template { name: pns_index, recipe: chrome-pdf, engine: handlebars, preview: true }","meta":{"rootId":"k178qc2zu0nkbbs","id":"k178qc2zu0nkbbs"},"id":"17pvz9pl9u20ef1","previousOperationId":"bp501e7j9zsz67k"}
{"type":"log","timestamp":1701166731890,"level":"debug","message":"Inline data specified.","meta":{"rootId":"k178qc2zu0nkbbs","id":"k178qc2zu0nkbbs"},"id":"vyoe5hg7hgz61kv","previousOperationId":"bp501e7j9zsz67k"}
{"type":"log","timestamp":1701166731891,"level":"debug","message":"Base url not specified, skipping its injection.","meta":{"rootId":"k178qc2zu0nkbbs","id":"k178qc2zu0nkbbs"},"id":"aed3f8oo341sqs1","previousOperationId":"bp501e7j9zsz67k"}
{"type":"operationStart","subtype":"engine","name":"handlebars","timestamp":1701166731891,"id":"tnx9339akv3lzeb","previousEventId":"88evrauxmqabs2k","operationId":"2ydwh7j2xtp5907","previousOperationId":"bp501e7j9zsz67k"}
{"type":"log","timestamp":1701166731891,"level":"debug","message":"Rendering engine handlebars","meta":{"rootId":"k178qc2zu0nkbbs","id":"k178qc2zu0nkbbs"},"id":"4nqe084h8vdnlcg","previousOperationId":"2ydwh7j2xtp5907"}
{"type":"operationEnd","operationId":"2ydwh7j2xtp5907","timestamp":1701166731923,"id":"tf5rb11hwogznhz","previousEventId":"tnx9339akv3lzeb","previousOperationId":"2ydwh7j2xtp5907"}
{"type":"operationStart","subtype":"recipe","name":"chrome-pdf","timestamp":1701166731924,"id":"29i8cete3e1jjvg","previousEventId":"tf5rb11hwogznhz","operationId":"l0qqhycruyrtiqp","previousOperationId":"2ydwh7j2xtp5907"}
{"type":"log","timestamp":1701166731924,"level":"debug","message":"Executing recipe chrome-pdf","meta":{"rootId":"k178qc2zu0nkbbs","id":"k178qc2zu0nkbbs"},"id":"0nsc6vyezugp1ri","previousOperationId":"l0qqhycruyrtiqp"}
{"type":"log","timestamp":1701166731926,"level":"debug","message":"Converting with chrome HeadlessChrome/117.0.5938.149 using chrome-pool strategy","meta":{"rootId":"k178qc2zu0nkbbs","id":"k178qc2zu0nkbbs"},"id":"3w0h01ohfurlu1u","previousOperationId":"l0qqhycruyrtiqp"}
{"type":"log","timestamp":1701166731970,"level":"debug","message":"Page request: GET (document) file:///var/folders/dp/qk79pfcj0y1fmtkkl08m76rc0000gn/T/jsreport/autocleanup/45941ea0-fb12-4b33-95d5-a4bf103dd475-chrome-pdf.html","meta":{"rootId":"k178qc2zu0nkbbs","id":"k178qc2zu0nkbbs"},"id":"rtiookmmalw6kva","previousOperationId":"l0qqhycruyrtiqp"}
{"type":"log","timestamp":1701166731975,"level":"debug","message":"Page request finished: GET (document) 200 file:///var/folders/dp/qk79pfcj0y1fmtkkl08m76rc0000gn/T/jsreport/autocleanup/45941ea0-fb12-4b33-95d5-a4bf103dd475-chrome-pdf.html","meta":{"rootId":"k178qc2zu0nkbbs","id":"k178qc2zu0nkbbs"},"id":"ansf303g4xa1w18","previousOperationId":"l0qqhycruyrtiqp"}
{"type":"log","timestamp":1701166731985,"level":"debug","message":"Running chrome with params {\"printBackground\":true,\"width\":\"8cm\",\"timeout\":59955,\"margin\":{}}","meta":{"rootId":"k178qc2zu0nkbbs","id":"k178qc2zu0nkbbs"},"id":"7bxd14a4quw9fp0","previousOperationId":"l0qqhycruyrtiqp"}
{"type":"operationEnd","operationId":"l0qqhycruyrtiqp","timestamp":1701166732008,"id":"zvpzfls3pktqz9h","previousEventId":"29i8cete3e1jjvg","previousOperationId":"l0qqhycruyrtiqp"}
{"type":"log","timestamp":1701166732008,"level":"debug","message":"Skipping storing report.","meta":{"rootId":"k178qc2zu0nkbbs","id":"k178qc2zu0nkbbs"},"id":"ba9mlfvuh7l5fvh","previousOperationId":"l0qqhycruyrtiqp"}
{"type":"log","timestamp":1701166732008,"level":"info","message":"Rendering request 18 finished in 128 ms","meta":{"rootId":"k178qc2zu0nkbbs","id":"k178qc2zu0nkbbs"},"id":"vjr3mhg3qu2l7v1","previousOperationId":"l0qqhycruyrtiqp"}
{"type":"operationEnd","subtype":"render","operationId":"bp501e7j9zsz67k","timestamp":1701166732009,"id":"5j9xpz433yxppl7","previousEventId":"zvpzfls3pktqz9h","previousOperationId":"l0qqhycruyrtiqp"}
{"type":"operationEnd","doDiffs":false,"previousEventId":"g461pyldxegzd2o","previousOperationId":"93trev2rjcln2d1","operationId":"93trev2rjcln2d1","timestamp":1701166732011,"id":"d7gzxlehtnv7xp0"}
