{"type":"operationStart","subtype":"profile","data":{"_id":"a7iVxbMS6j4sRpDb","timestamp":"2023-12-05T13:56:30.779Z","state":"queued","mode":"standard","creationDate":"2023-12-05T13:56:30.780Z","modificationDate":"2023-12-05T13:56:30.780Z","shortid":"jIxIyat","$entitySet":"profiles"},"doDiffs":false,"timestamp":1701784590780,"id":"kw23drcwc049lvs","previousOperationId":null,"operationId":"rprkvu7cc51s8ey"}
{"type":"log","level":"info","message":"Render request 10 queued for execution and waiting for available worker","previousOperationId":"rprkvu7cc51s8ey","timestamp":1701784590780,"id":"9ig0by2tk350ams"}
{"type":"operationStart","subtype":"render","name":"pns_index","previousOperationId":"rprkvu7cc51s8ey","timestamp":1701784590784,"id":"htbypau3do0wg46","previousEventId":"kw23drcwc049lvs","operationId":"ie341b9errr26qk"}
{"type":"log","timestamp":1701784590784,"level":"info","message":"Starting rendering request 10","meta":{"rootId":"kdstvg939mhppk8","id":"kdstvg939mhppk8"},"id":"bxyftu8tzd5sw6e","previousOperationId":"ie341b9errr26qk"}
{"type":"log","timestamp":1701784590784,"level":"info","message":"Rendering template { name: pns_index, recipe: chrome-pdf, engine: handlebars, preview: true }","meta":{"rootId":"kdstvg939mhppk8","id":"kdstvg939mhppk8"},"id":"0jtvan1mgfcmnbm","previousOperationId":"ie341b9errr26qk"}
{"type":"log","timestamp":1701784590785,"level":"debug","message":"Adding sample data flbhzmKcJ","meta":{"rootId":"kdstvg939mhppk8","id":"kdstvg939mhppk8"},"id":"bmf21cplqclsb24","previousOperationId":"ie341b9errr26qk"}
{"type":"log","timestamp":1701784590785,"level":"debug","message":"Base url not specified, skipping its injection.","meta":{"rootId":"kdstvg939mhppk8","id":"kdstvg939mhppk8"},"id":"13gci5pns6lh784","previousOperationId":"ie341b9errr26qk"}
{"type":"log","timestamp":1701784590786,"level":"debug","message":"Replaced assets [\"styles.css\"]","meta":{"rootId":"kdstvg939mhppk8","id":"kdstvg939mhppk8"},"id":"w5o7vm49oqax8b8","previousOperationId":"ie341b9errr26qk"}
{"type":"operationStart","subtype":"engine","name":"handlebars","timestamp":1701784590786,"id":"oeq9jaatp3fk14i","previousEventId":"htbypau3do0wg46","operationId":"qtcs6nipxplkjtw","previousOperationId":"ie341b9errr26qk"}
{"type":"log","timestamp":1701784590786,"level":"debug","message":"Rendering engine handlebars","meta":{"rootId":"kdstvg939mhppk8","id":"kdstvg939mhppk8"},"id":"z1l03k49y25kbra","previousOperationId":"qtcs6nipxplkjtw"}
{"type":"operationEnd","operationId":"qtcs6nipxplkjtw","timestamp":1701784590805,"id":"nhq6w2mps8gnoce","previousEventId":"oeq9jaatp3fk14i","previousOperationId":"qtcs6nipxplkjtw"}
{"type":"operationStart","subtype":"recipe","name":"chrome-pdf","timestamp":1701784590805,"id":"5sanhkt9jxydpxi","previousEventId":"nhq6w2mps8gnoce","operationId":"ggezmd0gpmxao9j","previousOperationId":"qtcs6nipxplkjtw"}
{"type":"log","timestamp":1701784590805,"level":"debug","message":"Executing recipe chrome-pdf","meta":{"rootId":"kdstvg939mhppk8","id":"kdstvg939mhppk8"},"id":"8of1o0nxiyr6noo","previousOperationId":"ggezmd0gpmxao9j"}
{"type":"log","timestamp":1701784590807,"level":"debug","message":"Converting with chrome HeadlessChrome/117.0.5938.149 using chrome-pool strategy","meta":{"rootId":"kdstvg939mhppk8","id":"kdstvg939mhppk8"},"id":"qjfq75ubmf2v8e1","previousOperationId":"ggezmd0gpmxao9j"}
{"type":"log","timestamp":1701784590856,"level":"debug","message":"Page request: GET (document) file:///var/folders/dp/qk79pfcj0y1fmtkkl08m76rc0000gn/T/jsreport/autocleanup/5b2cddb3-738b-4d51-a8b7-77310180bf4c-chrome-pdf.html","meta":{"rootId":"kdstvg939mhppk8","id":"kdstvg939mhppk8"},"id":"mwtcixzoc28hp6k","previousOperationId":"ggezmd0gpmxao9j"}
{"type":"log","timestamp":1701784590860,"level":"debug","message":"Page request finished: GET (document) 200 file:///var/folders/dp/qk79pfcj0y1fmtkkl08m76rc0000gn/T/jsreport/autocleanup/5b2cddb3-738b-4d51-a8b7-77310180bf4c-chrome-pdf.html","meta":{"rootId":"kdstvg939mhppk8","id":"kdstvg939mhppk8"},"id":"locvalfhrlijaby","previousOperationId":"ggezmd0gpmxao9j"}
{"type":"log","timestamp":1701784590871,"level":"debug","message":"Custom viewport for chrome page width=800, height=2000","meta":{"rootId":"kdstvg939mhppk8","id":"kdstvg939mhppk8"},"id":"qgatdcq49btqtu2","previousOperationId":"ggezmd0gpmxao9j"}
{"type":"log","timestamp":1701784590873,"level":"debug","message":"Running chrome with params {\"printBackground\":true,\"width\":\"5.8cm\",\"height\":\"21cm\",\"marginRight\":\"0cm\",\"marginLeft\":\"0cm\",\"timeout\":59973,\"margin\":{\"right\":\"0cm\",\"left\":\"0cm\"}}","meta":{"rootId":"kdstvg939mhppk8","id":"kdstvg939mhppk8"},"id":"d0y7gtjtgsh6x8t","previousOperationId":"ggezmd0gpmxao9j"}
{"type":"operationEnd","operationId":"ggezmd0gpmxao9j","timestamp":1701784590923,"id":"58vr1qri4ehah1x","previousEventId":"5sanhkt9jxydpxi","previousOperationId":"ggezmd0gpmxao9j"}
{"type":"log","timestamp":1701784590923,"level":"debug","message":"Skipping storing report.","meta":{"rootId":"kdstvg939mhppk8","id":"kdstvg939mhppk8"},"id":"yenra8npq3m1axs","previousOperationId":"ggezmd0gpmxao9j"}
{"type":"log","timestamp":1701784590923,"level":"info","message":"Rendering request 10 finished in 144 ms","meta":{"rootId":"kdstvg939mhppk8","id":"kdstvg939mhppk8"},"id":"xbt49tcf82n9rlp","previousOperationId":"ggezmd0gpmxao9j"}
{"type":"operationEnd","subtype":"render","operationId":"ie341b9errr26qk","timestamp":1701784590923,"id":"9p28rsmn2xt0l9j","previousEventId":"58vr1qri4ehah1x","previousOperationId":"ggezmd0gpmxao9j"}
{"type":"operationEnd","doDiffs":false,"previousEventId":"kw23drcwc049lvs","previousOperationId":"rprkvu7cc51s8ey","operationId":"rprkvu7cc51s8ey","timestamp":1701784590925,"id":"01z5zdgtxwa6x3z"}
