{"type":"operationStart","subtype":"profile","data":{"_id":"tFmaNnUHkvABKRwX","timestamp":"2023-11-28T11:35:00.880Z","state":"queued","mode":"standard","creationDate":"2023-11-28T11:35:00.884Z","modificationDate":"2023-11-28T11:35:00.884Z","shortid":"bX3iC-6","$entitySet":"profiles"},"doDiffs":false,"timestamp":1701171300882,"id":"8fzhvsl6oxkwesm","previousOperationId":null,"operationId":"qm89w49vs1gzhfx"}
{"type":"log","level":"info","message":"Render request 14 queued for execution and waiting for available worker","previousOperationId":"qm89w49vs1gzhfx","timestamp":1701171300882,"id":"nzzkgq5ub5s4f97"}
{"type":"operationStart","subtype":"render","name":"pns_index","previousOperationId":"qm89w49vs1gzhfx","timestamp":1701171300889,"id":"8k1arp7yzswpd07","previousEventId":"8fzhvsl6oxkwesm","operationId":"l0z04abg1s6ljfs"}
{"type":"log","timestamp":1701171300889,"level":"info","message":"Starting rendering request 14","meta":{"rootId":"khp7q5i206mv11a","id":"khp7q5i206mv11a"},"id":"wt4vix7znp98erq","previousOperationId":"l0z04abg1s6ljfs"}
{"type":"log","timestamp":1701171300889,"level":"info","message":"Rendering template { name: pns_index, recipe: chrome-pdf, engine: handlebars, preview: true }","meta":{"rootId":"khp7q5i206mv11a","id":"khp7q5i206mv11a"},"id":"oolf2wp1f31ot97","previousOperationId":"l0z04abg1s6ljfs"}
{"type":"log","timestamp":1701171300890,"level":"debug","message":"Inline data specified.","meta":{"rootId":"khp7q5i206mv11a","id":"khp7q5i206mv11a"},"id":"er4as05g8utjll7","previousOperationId":"l0z04abg1s6ljfs"}
{"type":"log","timestamp":1701171300893,"level":"debug","message":"Base url not specified, skipping its injection.","meta":{"rootId":"khp7q5i206mv11a","id":"khp7q5i206mv11a"},"id":"49wngi4gvkdvflv","previousOperationId":"l0z04abg1s6ljfs"}
{"type":"operationStart","subtype":"engine","name":"handlebars","timestamp":1701171300893,"id":"qg4k16gatw1xshx","previousEventId":"8k1arp7yzswpd07","operationId":"t1fxmyujaju01vc","previousOperationId":"l0z04abg1s6ljfs"}
{"type":"log","timestamp":1701171300893,"level":"debug","message":"Rendering engine handlebars","meta":{"rootId":"khp7q5i206mv11a","id":"khp7q5i206mv11a"},"id":"7jw498seg1l16l4","previousOperationId":"t1fxmyujaju01vc"}
{"type":"operationEnd","operationId":"t1fxmyujaju01vc","timestamp":1701171300925,"id":"8t5a25ehqcx9lga","previousEventId":"qg4k16gatw1xshx","previousOperationId":"t1fxmyujaju01vc"}
{"type":"operationStart","subtype":"recipe","name":"chrome-pdf","timestamp":1701171300925,"id":"0zj5843t2zuh5m1","previousEventId":"8t5a25ehqcx9lga","operationId":"vyej8uwxzwvyu2w","previousOperationId":"t1fxmyujaju01vc"}
{"type":"log","timestamp":1701171300925,"level":"debug","message":"Executing recipe chrome-pdf","meta":{"rootId":"khp7q5i206mv11a","id":"khp7q5i206mv11a"},"id":"c5x6oo47m5bhpgc","previousOperationId":"vyej8uwxzwvyu2w"}
{"type":"log","timestamp":1701171300927,"level":"debug","message":"Converting with chrome HeadlessChrome/117.0.5938.149 using chrome-pool strategy","meta":{"rootId":"khp7q5i206mv11a","id":"khp7q5i206mv11a"},"id":"h723ru09etphov0","previousOperationId":"vyej8uwxzwvyu2w"}
{"type":"log","timestamp":1701171300971,"level":"debug","message":"Page request: GET (document) file:///var/folders/dp/qk79pfcj0y1fmtkkl08m76rc0000gn/T/jsreport/autocleanup/3426a312-0d52-4a78-9bfa-2bad9229d92b-chrome-pdf.html","meta":{"rootId":"khp7q5i206mv11a","id":"khp7q5i206mv11a"},"id":"l23vh62g44n4ra5","previousOperationId":"vyej8uwxzwvyu2w"}
{"type":"log","timestamp":1701171300975,"level":"debug","message":"Page request finished: GET (document) 200 file:///var/folders/dp/qk79pfcj0y1fmtkkl08m76rc0000gn/T/jsreport/autocleanup/3426a312-0d52-4a78-9bfa-2bad9229d92b-chrome-pdf.html","meta":{"rootId":"khp7q5i206mv11a","id":"khp7q5i206mv11a"},"id":"wbi92qypdm50o3t","previousOperationId":"vyej8uwxzwvyu2w"}
{"type":"log","timestamp":1701171300985,"level":"debug","message":"Running chrome with params {\"printBackground\":true,\"width\":\"8cm\",\"height\":\"30cm\",\"timeout\":59953,\"margin\":{}}","meta":{"rootId":"khp7q5i206mv11a","id":"khp7q5i206mv11a"},"id":"2ybatplo9ekcn4q","previousOperationId":"vyej8uwxzwvyu2w"}
{"type":"operationEnd","operationId":"vyej8uwxzwvyu2w","timestamp":1701171301006,"id":"h8a58kvrght1ri9","previousEventId":"0zj5843t2zuh5m1","previousOperationId":"vyej8uwxzwvyu2w"}
{"type":"log","timestamp":1701171301006,"level":"debug","message":"Skipping storing report.","meta":{"rootId":"khp7q5i206mv11a","id":"khp7q5i206mv11a"},"id":"ptn83jt04y2g79b","previousOperationId":"vyej8uwxzwvyu2w"}
{"type":"log","timestamp":1701171301007,"level":"info","message":"Rendering request 14 finished in 127 ms","meta":{"rootId":"khp7q5i206mv11a","id":"khp7q5i206mv11a"},"id":"6dgqpfssonkfprc","previousOperationId":"vyej8uwxzwvyu2w"}
{"type":"operationEnd","subtype":"render","operationId":"l0z04abg1s6ljfs","timestamp":1701171301007,"id":"cogg8hmmjq4plyc","previousEventId":"h8a58kvrght1ri9","previousOperationId":"vyej8uwxzwvyu2w"}
{"type":"operationEnd","doDiffs":false,"previousEventId":"8fzhvsl6oxkwesm","previousOperationId":"qm89w49vs1gzhfx","operationId":"qm89w49vs1gzhfx","timestamp":1701171301008,"id":"og3wz4dvnbpskpd"}
