{"type":"operationStart","subtype":"profile","data":{"_id":"o2pG9XLCXR5XthM6","timestamp":"2023-12-04T12:03:06.658Z","state":"queued","mode":"standard","creationDate":"2023-12-04T12:03:06.662Z","modificationDate":"2023-12-04T12:03:06.662Z","shortid":"MZIEbV_","$entitySet":"profiles"},"doDiffs":false,"timestamp":1701691386660,"id":"zk8l5tt9ehdjpoq","previousOperationId":null,"operationId":"v2feb541b6hociz"}
{"type":"log","level":"info","message":"Render request 146 queued for execution and waiting for available worker","previousOperationId":"v2feb541b6hociz","timestamp":1701691386662,"id":"k253rs5npor6y5h"}
{"type":"operationStart","subtype":"render","name":"pns_index","previousOperationId":"v2feb541b6hociz","timestamp":1701691386673,"id":"0ylqvp0ljgtlgc7","previousEventId":"zk8l5tt9ehdjpoq","operationId":"v3wk1hlcwgz3ba2"}
{"type":"log","timestamp":1701691386674,"level":"info","message":"Starting rendering request 146","meta":{"rootId":"kjk4yc2dl9oalso","id":"kjk4yc2dl9oalso"},"id":"dhs07gsqzv2x479","previousOperationId":"v3wk1hlcwgz3ba2"}
{"type":"log","timestamp":1701691386674,"level":"info","message":"Rendering template { name: pns_index, recipe: chrome-pdf, engine: handlebars, preview: true }","meta":{"rootId":"kjk4yc2dl9oalso","id":"kjk4yc2dl9oalso"},"id":"ggdazyc7e0rh7v0","previousOperationId":"v3wk1hlcwgz3ba2"}
{"type":"log","timestamp":1701691386678,"level":"debug","message":"Adding sample data flbhzmKcJ","meta":{"rootId":"kjk4yc2dl9oalso","id":"kjk4yc2dl9oalso"},"id":"hasaysylyzn131t","previousOperationId":"v3wk1hlcwgz3ba2"}
{"type":"log","timestamp":1701691386679,"level":"debug","message":"Base url not specified, skipping its injection.","meta":{"rootId":"kjk4yc2dl9oalso","id":"kjk4yc2dl9oalso"},"id":"nrycbtnmedqfn07","previousOperationId":"v3wk1hlcwgz3ba2"}
{"type":"operationStart","subtype":"engine","name":"handlebars","timestamp":1701691386679,"id":"h2m3i6v7i6oidz1","previousEventId":"0ylqvp0ljgtlgc7","operationId":"egexwutjee7fdtb","previousOperationId":"v3wk1hlcwgz3ba2"}
{"type":"log","timestamp":1701691386679,"level":"debug","message":"Rendering engine handlebars","meta":{"rootId":"kjk4yc2dl9oalso","id":"kjk4yc2dl9oalso"},"id":"y8elj7m8sboudgo","previousOperationId":"egexwutjee7fdtb"}
{"type":"operationEnd","operationId":"egexwutjee7fdtb","timestamp":1701691386704,"id":"9y5n41jpxqih32m","previousEventId":"h2m3i6v7i6oidz1","previousOperationId":"egexwutjee7fdtb"}
{"type":"operationStart","subtype":"recipe","name":"chrome-pdf","timestamp":1701691386705,"id":"bf948l4ga4od017","previousEventId":"9y5n41jpxqih32m","operationId":"ci5fhgawso4k4h1","previousOperationId":"egexwutjee7fdtb"}
{"type":"log","timestamp":1701691386705,"level":"debug","message":"Executing recipe chrome-pdf","meta":{"rootId":"kjk4yc2dl9oalso","id":"kjk4yc2dl9oalso"},"id":"67fsj2ro7zs1hyx","previousOperationId":"ci5fhgawso4k4h1"}
{"type":"log","timestamp":1701691386707,"level":"debug","message":"Converting with chrome HeadlessChrome/117.0.5938.149 using chrome-pool strategy","meta":{"rootId":"kjk4yc2dl9oalso","id":"kjk4yc2dl9oalso"},"id":"5cnvpbg1a3262am","previousOperationId":"ci5fhgawso4k4h1"}
{"type":"log","timestamp":1701691386754,"level":"debug","message":"Page request: GET (document) file:///var/folders/dp/qk79pfcj0y1fmtkkl08m76rc0000gn/T/jsreport/autocleanup/f67ed354-de6e-4a80-a390-85b51dedb7cb-chrome-pdf.html","meta":{"rootId":"kjk4yc2dl9oalso","id":"kjk4yc2dl9oalso"},"id":"vxenuuuxct9nr3z","previousOperationId":"ci5fhgawso4k4h1"}
{"type":"log","timestamp":1701691386758,"level":"debug","message":"Page request finished: GET (document) 200 file:///var/folders/dp/qk79pfcj0y1fmtkkl08m76rc0000gn/T/jsreport/autocleanup/f67ed354-de6e-4a80-a390-85b51dedb7cb-chrome-pdf.html","meta":{"rootId":"kjk4yc2dl9oalso","id":"kjk4yc2dl9oalso"},"id":"kb2jtdbtpdc73fp","previousOperationId":"ci5fhgawso4k4h1"}
{"type":"log","timestamp":1701691386769,"level":"debug","message":"Custom viewport for chrome page width=800, height=2000","meta":{"rootId":"kjk4yc2dl9oalso","id":"kjk4yc2dl9oalso"},"id":"8062147lty6k35d","previousOperationId":"ci5fhgawso4k4h1"}
{"type":"log","timestamp":1701691386770,"level":"debug","message":"Running chrome with params {\"printBackground\":true,\"width\":\"5.8cm\",\"height\":\"50cm\",\"timeout\":59952,\"margin\":{}}","meta":{"rootId":"kjk4yc2dl9oalso","id":"kjk4yc2dl9oalso"},"id":"yi8rxq753nmjhhj","previousOperationId":"ci5fhgawso4k4h1"}
{"type":"operationEnd","operationId":"ci5fhgawso4k4h1","timestamp":1701691386805,"id":"fmmsdi61e2thcc4","previousEventId":"bf948l4ga4od017","previousOperationId":"ci5fhgawso4k4h1"}
{"type":"log","timestamp":1701691386805,"level":"debug","message":"Skipping storing report.","meta":{"rootId":"kjk4yc2dl9oalso","id":"kjk4yc2dl9oalso"},"id":"7uuyldu0i2d6ico","previousOperationId":"ci5fhgawso4k4h1"}
{"type":"log","timestamp":1701691386805,"level":"info","message":"Rendering request 146 finished in 147 ms","meta":{"rootId":"kjk4yc2dl9oalso","id":"kjk4yc2dl9oalso"},"id":"92hwingztr5bch5","previousOperationId":"ci5fhgawso4k4h1"}
{"type":"operationEnd","subtype":"render","operationId":"v3wk1hlcwgz3ba2","timestamp":1701691386805,"id":"6qw2cpqriz8i8qb","previousEventId":"fmmsdi61e2thcc4","previousOperationId":"ci5fhgawso4k4h1"}
{"type":"operationEnd","doDiffs":false,"previousEventId":"zk8l5tt9ehdjpoq","previousOperationId":"v2feb541b6hociz","operationId":"v2feb541b6hociz","timestamp":1701691386806,"id":"3cz5lgi0u7z8t0a"}
