{"type":"operationStart","subtype":"profile","data":{"_id":"iI25rBv8IaRzB1VD","timestamp":"2023-12-04T11:10:26.172Z","state":"queued","mode":"standard","creationDate":"2023-12-04T11:10:26.174Z","modificationDate":"2023-12-04T11:10:26.174Z","shortid":"4szvblK","$entitySet":"profiles"},"doDiffs":false,"timestamp":1701688226173,"id":"766ihnxbyv7hsrr","previousOperationId":null,"operationId":"0zl77og1owmxtyy"}
{"type":"log","level":"info","message":"Render request 109 queued for execution and waiting for available worker","previousOperationId":"0zl77og1owmxtyy","timestamp":1701688226173,"id":"7g6xnfq707ygonh"}
{"type":"operationStart","subtype":"render","name":"pns_index","previousOperationId":"0zl77og1owmxtyy","timestamp":1701688226182,"id":"87z3s1sk0mt2g4x","previousEventId":"766ihnxbyv7hsrr","operationId":"6bungz6jbz8kq32"}
{"type":"log","timestamp":1701688226182,"level":"info","message":"Starting rendering request 109","meta":{"rootId":"la5prw8rd3vvq3m","id":"la5prw8rd3vvq3m"},"id":"drbflv82fzlhnzq","previousOperationId":"6bungz6jbz8kq32"}
{"type":"log","timestamp":1701688226182,"level":"info","message":"Rendering template { name: pns_index, recipe: chrome-pdf, engine: handlebars, preview: true }","meta":{"rootId":"la5prw8rd3vvq3m","id":"la5prw8rd3vvq3m"},"id":"96k3yjgk39dwmhn","previousOperationId":"6bungz6jbz8kq32"}
{"type":"log","timestamp":1701688226182,"level":"debug","message":"Inline data specified.","meta":{"rootId":"la5prw8rd3vvq3m","id":"la5prw8rd3vvq3m"},"id":"j1k7xasd71yj2jh","previousOperationId":"6bungz6jbz8kq32"}
{"type":"log","timestamp":1701688226184,"level":"debug","message":"Base url not specified, skipping its injection.","meta":{"rootId":"la5prw8rd3vvq3m","id":"la5prw8rd3vvq3m"},"id":"2jchlvehyssjns0","previousOperationId":"6bungz6jbz8kq32"}
{"type":"operationStart","subtype":"engine","name":"handlebars","timestamp":1701688226184,"id":"tavja9jq9bew5jp","previousEventId":"87z3s1sk0mt2g4x","operationId":"o6fr2f3um0b3hkt","previousOperationId":"6bungz6jbz8kq32"}
{"type":"log","timestamp":1701688226184,"level":"debug","message":"Rendering engine handlebars","meta":{"rootId":"la5prw8rd3vvq3m","id":"la5prw8rd3vvq3m"},"id":"k11a0oaqu6hwptn","previousOperationId":"o6fr2f3um0b3hkt"}
{"type":"operationEnd","operationId":"o6fr2f3um0b3hkt","timestamp":1701688226214,"id":"0r0how14e3q6l1z","previousEventId":"tavja9jq9bew5jp","previousOperationId":"o6fr2f3um0b3hkt"}
{"type":"operationStart","subtype":"recipe","name":"chrome-pdf","timestamp":1701688226214,"id":"ducalfc5prf7idw","previousEventId":"0r0how14e3q6l1z","operationId":"rnv0g8k9xcjoo7i","previousOperationId":"o6fr2f3um0b3hkt"}
{"type":"log","timestamp":1701688226214,"level":"debug","message":"Executing recipe chrome-pdf","meta":{"rootId":"la5prw8rd3vvq3m","id":"la5prw8rd3vvq3m"},"id":"cyh8th3eseqqcyp","previousOperationId":"rnv0g8k9xcjoo7i"}
{"type":"log","timestamp":1701688226217,"level":"debug","message":"Converting with chrome HeadlessChrome/117.0.5938.149 using chrome-pool strategy","meta":{"rootId":"la5prw8rd3vvq3m","id":"la5prw8rd3vvq3m"},"id":"ma0y83kf5nrqiu6","previousOperationId":"rnv0g8k9xcjoo7i"}
{"type":"log","timestamp":1701688226265,"level":"debug","message":"Page request: GET (document) file:///var/folders/dp/qk79pfcj0y1fmtkkl08m76rc0000gn/T/jsreport/autocleanup/1a0cc055-9332-4cbb-84e4-a258dccc3328-chrome-pdf.html","meta":{"rootId":"la5prw8rd3vvq3m","id":"la5prw8rd3vvq3m"},"id":"uj6nm9lmr93v811","previousOperationId":"rnv0g8k9xcjoo7i"}
{"type":"log","timestamp":1701688226270,"level":"debug","message":"Page request finished: GET (document) 200 file:///var/folders/dp/qk79pfcj0y1fmtkkl08m76rc0000gn/T/jsreport/autocleanup/1a0cc055-9332-4cbb-84e4-a258dccc3328-chrome-pdf.html","meta":{"rootId":"la5prw8rd3vvq3m","id":"la5prw8rd3vvq3m"},"id":"6qzmts1wqbxqioq","previousOperationId":"rnv0g8k9xcjoo7i"}
{"type":"log","timestamp":1701688226283,"level":"debug","message":"Custom viewport for chrome page width=800, height=2000","meta":{"rootId":"la5prw8rd3vvq3m","id":"la5prw8rd3vvq3m"},"id":"6w2v9995tw7vwtn","previousOperationId":"rnv0g8k9xcjoo7i"}
{"type":"log","timestamp":1701688226285,"level":"debug","message":"Running chrome with params {\"printBackground\":true,\"width\":\"5.8cm\",\"height\":\"50cm\",\"timeout\":59956,\"margin\":{}}","meta":{"rootId":"la5prw8rd3vvq3m","id":"la5prw8rd3vvq3m"},"id":"mielxchf6t8bdnx","previousOperationId":"rnv0g8k9xcjoo7i"}
{"type":"operationEnd","operationId":"rnv0g8k9xcjoo7i","timestamp":1701688226317,"id":"782ctoay8qgtxcu","previousEventId":"ducalfc5prf7idw","previousOperationId":"rnv0g8k9xcjoo7i"}
{"type":"log","timestamp":1701688226317,"level":"debug","message":"Skipping storing report.","meta":{"rootId":"la5prw8rd3vvq3m","id":"la5prw8rd3vvq3m"},"id":"cz5dgrzir52gnez","previousOperationId":"rnv0g8k9xcjoo7i"}
{"type":"log","timestamp":1701688226317,"level":"info","message":"Rendering request 109 finished in 145 ms","meta":{"rootId":"la5prw8rd3vvq3m","id":"la5prw8rd3vvq3m"},"id":"msnbta4gpcq24ds","previousOperationId":"rnv0g8k9xcjoo7i"}
{"type":"operationEnd","subtype":"render","operationId":"6bungz6jbz8kq32","timestamp":1701688226317,"id":"3xqdnxug6pzhhqd","previousEventId":"782ctoay8qgtxcu","previousOperationId":"rnv0g8k9xcjoo7i"}
{"type":"operationEnd","doDiffs":false,"previousEventId":"766ihnxbyv7hsrr","previousOperationId":"0zl77og1owmxtyy","operationId":"0zl77og1owmxtyy","timestamp":1701688226318,"id":"lyadiazn2rn9vgw"}
