{"type":"operationStart","subtype":"profile","data":{"_id":"0xUbWAOfKyZ4YZkx","timestamp":"2023-12-06T10:09:09.442Z","state":"queued","mode":"standard","creationDate":"2023-12-06T10:09:09.444Z","modificationDate":"2023-12-06T10:09:09.444Z","shortid":"QnTVm1H","$entitySet":"profiles"},"doDiffs":false,"timestamp":1701857349442,"id":"o9fxmwiza8zek4b","previousOperationId":null,"operationId":"murf7sz7i8y0w2v"}
{"type":"log","level":"info","message":"Render request 82 queued for execution and waiting for available worker","previousOperationId":"murf7sz7i8y0w2v","timestamp":1701857349443,"id":"o54s7jak1kwbuoh"}
{"type":"operationStart","subtype":"render","name":"pns_index","previousOperationId":"murf7sz7i8y0w2v","timestamp":1701857349460,"id":"910i609k3dhwucn","previousEventId":"o9fxmwiza8zek4b","operationId":"l1hzfzma8f18b95"}
{"type":"log","timestamp":1701857349460,"level":"info","message":"Starting rendering request 82","meta":{"rootId":"lcwrgols1a5nl1y","id":"lcwrgols1a5nl1y"},"id":"hu6g7jbd6vk2gvs","previousOperationId":"l1hzfzma8f18b95"}
{"type":"log","timestamp":1701857349460,"level":"info","message":"Rendering template { name: pns_index, recipe: chrome-pdf, engine: handlebars, preview: true }","meta":{"rootId":"lcwrgols1a5nl1y","id":"lcwrgols1a5nl1y"},"id":"e0trd47rozb431d","previousOperationId":"l1hzfzma8f18b95"}
{"type":"log","timestamp":1701857349460,"level":"debug","message":"Inline data specified.","meta":{"rootId":"lcwrgols1a5nl1y","id":"lcwrgols1a5nl1y"},"id":"g9vif31zq6cpf50","previousOperationId":"l1hzfzma8f18b95"}
{"type":"log","timestamp":1701857349465,"level":"debug","message":"Base url not specified, skipping its injection.","meta":{"rootId":"lcwrgols1a5nl1y","id":"lcwrgols1a5nl1y"},"id":"okthw6koqmixour","previousOperationId":"l1hzfzma8f18b95"}
{"type":"log","timestamp":1701857349468,"level":"debug","message":"Replaced assets [\"styles.css\"]","meta":{"rootId":"lcwrgols1a5nl1y","id":"lcwrgols1a5nl1y"},"id":"19ewxoph184p7hq","previousOperationId":"l1hzfzma8f18b95"}
{"type":"operationStart","subtype":"engine","name":"handlebars","timestamp":1701857349468,"id":"l1owz1xokuwukb6","previousEventId":"910i609k3dhwucn","operationId":"e8w3xuyvr73bjco","previousOperationId":"l1hzfzma8f18b95"}
{"type":"log","timestamp":1701857349468,"level":"debug","message":"Rendering engine handlebars","meta":{"rootId":"lcwrgols1a5nl1y","id":"lcwrgols1a5nl1y"},"id":"yjwrb7nbxjjn3o8","previousOperationId":"e8w3xuyvr73bjco"}
{"type":"operationEnd","operationId":"e8w3xuyvr73bjco","timestamp":1701857349496,"id":"pdami0748i1wect","previousEventId":"l1owz1xokuwukb6","previousOperationId":"e8w3xuyvr73bjco"}
{"type":"operationStart","subtype":"recipe","name":"chrome-pdf","timestamp":1701857349496,"id":"abuht7z7nk6m8jl","previousEventId":"pdami0748i1wect","operationId":"cvyr67njd52fu65","previousOperationId":"e8w3xuyvr73bjco"}
{"type":"log","timestamp":1701857349496,"level":"debug","message":"Executing recipe chrome-pdf","meta":{"rootId":"lcwrgols1a5nl1y","id":"lcwrgols1a5nl1y"},"id":"khqal1ca12bexqb","previousOperationId":"cvyr67njd52fu65"}
{"type":"log","timestamp":1701857349497,"level":"debug","message":"Converting with chrome HeadlessChrome/117.0.5938.149 using chrome-pool strategy","meta":{"rootId":"lcwrgols1a5nl1y","id":"lcwrgols1a5nl1y"},"id":"623t7sucu6qlwp1","previousOperationId":"cvyr67njd52fu65"}
{"type":"log","timestamp":1701857349541,"level":"debug","message":"Page request: GET (document) file:///var/folders/dp/qk79pfcj0y1fmtkkl08m76rc0000gn/T/jsreport/autocleanup/6518ee4b-ce91-47ae-9eca-16e6f738e1f9-chrome-pdf.html","meta":{"rootId":"lcwrgols1a5nl1y","id":"lcwrgols1a5nl1y"},"id":"jvn5e3smssr6ry1","previousOperationId":"cvyr67njd52fu65"}
{"type":"log","timestamp":1701857349546,"level":"debug","message":"Page request finished: GET (document) 200 file:///var/folders/dp/qk79pfcj0y1fmtkkl08m76rc0000gn/T/jsreport/autocleanup/6518ee4b-ce91-47ae-9eca-16e6f738e1f9-chrome-pdf.html","meta":{"rootId":"lcwrgols1a5nl1y","id":"lcwrgols1a5nl1y"},"id":"z6wi07hmjm79syq","previousOperationId":"cvyr67njd52fu65"}
{"type":"log","timestamp":1701857349557,"level":"debug","message":"Custom viewport for chrome page width=800, height=2000","meta":{"rootId":"lcwrgols1a5nl1y","id":"lcwrgols1a5nl1y"},"id":"1g9xk0vd95or1t4","previousOperationId":"cvyr67njd52fu65"}
{"type":"log","timestamp":1701857349558,"level":"debug","message":"Running chrome with params {\"printBackground\":true,\"width\":\"6.8cm\",\"height\":\"60cm\",\"marginRight\":\"0cm\",\"marginLeft\":\"0cm\",\"timeout\":59944,\"margin\":{\"right\":\"0cm\",\"left\":\"0cm\"}}","meta":{"rootId":"lcwrgols1a5nl1y","id":"lcwrgols1a5nl1y"},"id":"6gw3iy45v2jsvhd","previousOperationId":"cvyr67njd52fu65"}
{"type":"operationEnd","operationId":"cvyr67njd52fu65","timestamp":1701857349586,"id":"phlhfpk2q0rcxg8","previousEventId":"abuht7z7nk6m8jl","previousOperationId":"cvyr67njd52fu65"}
{"type":"log","timestamp":1701857349586,"level":"debug","message":"Skipping storing report.","meta":{"rootId":"lcwrgols1a5nl1y","id":"lcwrgols1a5nl1y"},"id":"yd5f1qidqia8aeb","previousOperationId":"cvyr67njd52fu65"}
{"type":"log","timestamp":1701857349586,"level":"info","message":"Rendering request 82 finished in 145 ms","meta":{"rootId":"lcwrgols1a5nl1y","id":"lcwrgols1a5nl1y"},"id":"9jl2pzyovg4qq91","previousOperationId":"cvyr67njd52fu65"}
{"type":"operationEnd","subtype":"render","operationId":"l1hzfzma8f18b95","timestamp":1701857349586,"id":"rf3sy8xz4jx0g7l","previousEventId":"phlhfpk2q0rcxg8","previousOperationId":"cvyr67njd52fu65"}
{"type":"operationEnd","doDiffs":false,"previousEventId":"o9fxmwiza8zek4b","previousOperationId":"murf7sz7i8y0w2v","operationId":"murf7sz7i8y0w2v","timestamp":1701857349587,"id":"ut594r25b8qtjtr"}
