{"type":"operationStart","subtype":"profile","data":{"_id":"FrPS5AOSsKkp03KV","timestamp":"2023-12-05T14:46:35.829Z","state":"queued","mode":"standard","creationDate":"2023-12-05T14:46:35.831Z","modificationDate":"2023-12-05T14:46:35.831Z","shortid":"BeAlgum","$entitySet":"profiles"},"doDiffs":false,"timestamp":1701787595830,"id":"18clirphdm89nih","previousOperationId":null,"operationId":"nh2hopd7o9hjou9"}
{"type":"log","level":"info","message":"Render request 17 queued for execution and waiting for available worker","previousOperationId":"nh2hopd7o9hjou9","timestamp":1701787595830,"id":"23z1e4iy6tlq7eu"}
{"type":"operationStart","subtype":"render","name":"pns_index","previousOperationId":"nh2hopd7o9hjou9","timestamp":1701787595841,"id":"eb7ekq6diph2pr6","previousEventId":"18clirphdm89nih","operationId":"mnskzyg1jkv2igy"}
{"type":"log","timestamp":1701787595842,"level":"info","message":"Starting rendering request 17","meta":{"rootId":"lilr49vfdt816qy","id":"lilr49vfdt816qy"},"id":"qtqom6o8qijunrv","previousOperationId":"mnskzyg1jkv2igy"}
{"type":"log","timestamp":1701787595842,"level":"info","message":"Rendering template { name: pns_index, recipe: chrome-pdf, engine: handlebars, preview: true }","meta":{"rootId":"lilr49vfdt816qy","id":"lilr49vfdt816qy"},"id":"la7a6mdqhinoypa","previousOperationId":"mnskzyg1jkv2igy"}
{"type":"log","timestamp":1701787595845,"level":"debug","message":"Adding sample data flbhzmKcJ","meta":{"rootId":"lilr49vfdt816qy","id":"lilr49vfdt816qy"},"id":"mksk9a02m0ia1uk","previousOperationId":"mnskzyg1jkv2igy"}
{"type":"log","timestamp":1701787595848,"level":"debug","message":"Base url not specified, skipping its injection.","meta":{"rootId":"lilr49vfdt816qy","id":"lilr49vfdt816qy"},"id":"3flqyjbdmjycdxe","previousOperationId":"mnskzyg1jkv2igy"}
{"type":"log","timestamp":1701787595849,"level":"debug","message":"Replaced assets [\"styles.css\"]","meta":{"rootId":"lilr49vfdt816qy","id":"lilr49vfdt816qy"},"id":"c64hll2w2m7ufmg","previousOperationId":"mnskzyg1jkv2igy"}
{"type":"operationStart","subtype":"engine","name":"handlebars","timestamp":1701787595849,"id":"xale3ntxkr4mxr5","previousEventId":"eb7ekq6diph2pr6","operationId":"3olg7swgjien868","previousOperationId":"mnskzyg1jkv2igy"}
{"type":"log","timestamp":1701787595849,"level":"debug","message":"Rendering engine handlebars","meta":{"rootId":"lilr49vfdt816qy","id":"lilr49vfdt816qy"},"id":"vwbhefvufaqx1vg","previousOperationId":"3olg7swgjien868"}
{"type":"operationEnd","operationId":"3olg7swgjien868","timestamp":1701787595873,"id":"1s0ry4919cqyai5","previousEventId":"xale3ntxkr4mxr5","previousOperationId":"3olg7swgjien868"}
{"type":"operationStart","subtype":"recipe","name":"chrome-pdf","timestamp":1701787595873,"id":"kxds9h8pgvgihvk","previousEventId":"1s0ry4919cqyai5","operationId":"5cvhhbccr9wodev","previousOperationId":"3olg7swgjien868"}
{"type":"log","timestamp":1701787595873,"level":"debug","message":"Executing recipe chrome-pdf","meta":{"rootId":"lilr49vfdt816qy","id":"lilr49vfdt816qy"},"id":"1yw3epsgkr77fyt","previousOperationId":"5cvhhbccr9wodev"}
{"type":"log","timestamp":1701787595874,"level":"debug","message":"Converting with chrome HeadlessChrome/117.0.5938.149 using chrome-pool strategy","meta":{"rootId":"lilr49vfdt816qy","id":"lilr49vfdt816qy"},"id":"553sz03k4w3fsa2","previousOperationId":"5cvhhbccr9wodev"}
{"type":"log","timestamp":1701787595919,"level":"debug","message":"Page request: GET (document) file:///var/folders/dp/qk79pfcj0y1fmtkkl08m76rc0000gn/T/jsreport/autocleanup/c818a5c8-8f73-41ff-b44c-7cea49c9fe44-chrome-pdf.html","meta":{"rootId":"lilr49vfdt816qy","id":"lilr49vfdt816qy"},"id":"l98rhjuqigqt1x6","previousOperationId":"5cvhhbccr9wodev"}
{"type":"log","timestamp":1701787595924,"level":"debug","message":"Page request finished: GET (document) 200 file:///var/folders/dp/qk79pfcj0y1fmtkkl08m76rc0000gn/T/jsreport/autocleanup/c818a5c8-8f73-41ff-b44c-7cea49c9fe44-chrome-pdf.html","meta":{"rootId":"lilr49vfdt816qy","id":"lilr49vfdt816qy"},"id":"635guukkjnejs9m","previousOperationId":"5cvhhbccr9wodev"}
{"type":"log","timestamp":1701787595935,"level":"debug","message":"Custom viewport for chrome page width=800, height=2000","meta":{"rootId":"lilr49vfdt816qy","id":"lilr49vfdt816qy"},"id":"bl2jgsoieur5zl9","previousOperationId":"5cvhhbccr9wodev"}
{"type":"log","timestamp":1701787595936,"level":"debug","message":"Running chrome with params {\"printBackground\":true,\"width\":\"5.8cm\",\"height\":\"21cm\",\"marginRight\":\"0cm\",\"marginLeft\":\"0cm\",\"timeout\":59955,\"margin\":{\"right\":\"0cm\",\"left\":\"0cm\"}}","meta":{"rootId":"lilr49vfdt816qy","id":"lilr49vfdt816qy"},"id":"q8ee3u5uyd8hrxe","previousOperationId":"5cvhhbccr9wodev"}
{"type":"operationEnd","operationId":"5cvhhbccr9wodev","timestamp":1701787595965,"id":"gxa0x1aet33iptw","previousEventId":"kxds9h8pgvgihvk","previousOperationId":"5cvhhbccr9wodev"}
{"type":"log","timestamp":1701787595965,"level":"debug","message":"Skipping storing report.","meta":{"rootId":"lilr49vfdt816qy","id":"lilr49vfdt816qy"},"id":"i69fleqc8s55ea4","previousOperationId":"5cvhhbccr9wodev"}
{"type":"log","timestamp":1701787595965,"level":"info","message":"Rendering request 17 finished in 136 ms","meta":{"rootId":"lilr49vfdt816qy","id":"lilr49vfdt816qy"},"id":"f3inw2h9z33sgsh","previousOperationId":"5cvhhbccr9wodev"}
{"type":"operationEnd","subtype":"render","operationId":"mnskzyg1jkv2igy","timestamp":1701787595965,"id":"efq897cg88k77o5","previousEventId":"gxa0x1aet33iptw","previousOperationId":"5cvhhbccr9wodev"}
{"type":"operationEnd","doDiffs":false,"previousEventId":"18clirphdm89nih","previousOperationId":"nh2hopd7o9hjou9","operationId":"nh2hopd7o9hjou9","timestamp":1701787595966,"id":"pp4gc5s88lt48gz"}
