{"type":"operationStart","subtype":"profile","data":{"_id":"bFTHxEUw4l00P84Z","timestamp":"2023-11-28T11:20:02.611Z","state":"queued","mode":"standard","creationDate":"2023-11-28T11:20:02.613Z","modificationDate":"2023-11-28T11:20:02.613Z","shortid":"X6bOn0K","$entitySet":"profiles"},"doDiffs":false,"timestamp":1701170402612,"id":"rua3k0zfiwfnwsk","previousOperationId":null,"operationId":"ajtao1calwttawl"}
{"type":"log","level":"info","message":"Render request 6 queued for execution and waiting for available worker","previousOperationId":"ajtao1calwttawl","timestamp":1701170402613,"id":"28itxqho4knl01k"}
{"type":"operationStart","subtype":"render","name":"pns_index","previousOperationId":"ajtao1calwttawl","timestamp":1701170402631,"id":"rp4dj3d4nez388q","previousEventId":"rua3k0zfiwfnwsk","operationId":"npcfr34erlgat5h"}
{"type":"log","timestamp":1701170402632,"level":"info","message":"Starting rendering request 6","meta":{"rootId":"maa695nklk8wg2v","id":"maa695nklk8wg2v"},"id":"ly7rq6swgcmsciv","previousOperationId":"npcfr34erlgat5h"}
{"type":"log","timestamp":1701170402632,"level":"info","message":"Rendering template { name: pns_index, recipe: chrome-pdf, engine: handlebars, preview: true }","meta":{"rootId":"maa695nklk8wg2v","id":"maa695nklk8wg2v"},"id":"2afcq2cuz7oekqv","previousOperationId":"npcfr34erlgat5h"}
{"type":"log","timestamp":1701170402632,"level":"debug","message":"Inline data specified.","meta":{"rootId":"maa695nklk8wg2v","id":"maa695nklk8wg2v"},"id":"2bhqg5263h19qjo","previousOperationId":"npcfr34erlgat5h"}
{"type":"log","timestamp":1701170402633,"level":"debug","message":"Base url not specified, skipping its injection.","meta":{"rootId":"maa695nklk8wg2v","id":"maa695nklk8wg2v"},"id":"cmgt10ue5vkqleu","previousOperationId":"npcfr34erlgat5h"}
{"type":"operationStart","subtype":"engine","name":"handlebars","timestamp":1701170402633,"id":"r15p8dxxs0t8hj9","previousEventId":"rp4dj3d4nez388q","operationId":"jid0yo2rkvzok7r","previousOperationId":"npcfr34erlgat5h"}
{"type":"log","timestamp":1701170402633,"level":"debug","message":"Rendering engine handlebars","meta":{"rootId":"maa695nklk8wg2v","id":"maa695nklk8wg2v"},"id":"p4hbued3wqvfvfy","previousOperationId":"jid0yo2rkvzok7r"}
{"type":"operationEnd","operationId":"jid0yo2rkvzok7r","timestamp":1701170402657,"id":"gvkgqi7zbealeif","previousEventId":"r15p8dxxs0t8hj9","previousOperationId":"jid0yo2rkvzok7r"}
{"type":"operationStart","subtype":"recipe","name":"chrome-pdf","timestamp":1701170402657,"id":"u8e16o4t8ojw8d4","previousEventId":"gvkgqi7zbealeif","operationId":"0qo9niavo3hmb2n","previousOperationId":"jid0yo2rkvzok7r"}
{"type":"log","timestamp":1701170402657,"level":"debug","message":"Executing recipe chrome-pdf","meta":{"rootId":"maa695nklk8wg2v","id":"maa695nklk8wg2v"},"id":"qltvieyj009evgn","previousOperationId":"0qo9niavo3hmb2n"}
{"type":"log","timestamp":1701170402658,"level":"debug","message":"Converting with chrome HeadlessChrome/117.0.5938.149 using chrome-pool strategy","meta":{"rootId":"maa695nklk8wg2v","id":"maa695nklk8wg2v"},"id":"s9oynjdpy6a584x","previousOperationId":"0qo9niavo3hmb2n"}
{"type":"log","timestamp":1701170402709,"level":"debug","message":"Page request: GET (document) file:///var/folders/dp/qk79pfcj0y1fmtkkl08m76rc0000gn/T/jsreport/autocleanup/4e62a63e-0462-4656-b481-38c10cc5e079-chrome-pdf.html","meta":{"rootId":"maa695nklk8wg2v","id":"maa695nklk8wg2v"},"id":"6bjnrjehm68v9et","previousOperationId":"0qo9niavo3hmb2n"}
{"type":"log","timestamp":1701170402714,"level":"debug","message":"Page request finished: GET (document) 200 file:///var/folders/dp/qk79pfcj0y1fmtkkl08m76rc0000gn/T/jsreport/autocleanup/4e62a63e-0462-4656-b481-38c10cc5e079-chrome-pdf.html","meta":{"rootId":"maa695nklk8wg2v","id":"maa695nklk8wg2v"},"id":"aixupmjgrzz01b1","previousOperationId":"0qo9niavo3hmb2n"}
{"type":"log","timestamp":1701170402720,"level":"debug","message":"Running chrome with params {\"printBackground\":true,\"width\":\"8cm\",\"timeout\":59953,\"margin\":{}}","meta":{"rootId":"maa695nklk8wg2v","id":"maa695nklk8wg2v"},"id":"6meat0qywpy62si","previousOperationId":"0qo9niavo3hmb2n"}
{"type":"operationEnd","operationId":"0qo9niavo3hmb2n","timestamp":1701170402741,"id":"hlh8cx851uds84n","previousEventId":"u8e16o4t8ojw8d4","previousOperationId":"0qo9niavo3hmb2n"}
{"type":"log","timestamp":1701170402741,"level":"debug","message":"Skipping storing report.","meta":{"rootId":"maa695nklk8wg2v","id":"maa695nklk8wg2v"},"id":"kym5xitbaoaj5km","previousOperationId":"0qo9niavo3hmb2n"}
{"type":"log","timestamp":1701170402741,"level":"info","message":"Rendering request 6 finished in 130 ms","meta":{"rootId":"maa695nklk8wg2v","id":"maa695nklk8wg2v"},"id":"4uaaapkv5u847p7","previousOperationId":"0qo9niavo3hmb2n"}
{"type":"operationEnd","subtype":"render","operationId":"npcfr34erlgat5h","timestamp":1701170402741,"id":"f5sazjfsj8a40li","previousEventId":"hlh8cx851uds84n","previousOperationId":"0qo9niavo3hmb2n"}
{"type":"operationEnd","doDiffs":false,"previousEventId":"rua3k0zfiwfnwsk","previousOperationId":"ajtao1calwttawl","operationId":"ajtao1calwttawl","timestamp":1701170402742,"id":"lphpmpal57jtxuq"}
