{"type":"operationStart","subtype":"profile","data":{"_id":"rcyfyFwLj7GCEcw3","timestamp":"2023-11-28T13:53:34.747Z","state":"queued","mode":"standard","creationDate":"2023-11-28T13:53:34.748Z","modificationDate":"2023-11-28T13:53:34.748Z","shortid":"i2O54mU","$entitySet":"profiles"},"doDiffs":false,"timestamp":1701179614747,"id":"xn1srknkj8chxkh","previousOperationId":null,"operationId":"3xz52af3rckpbvo"}
{"type":"log","level":"info","message":"Render request 102 queued for execution and waiting for available worker","previousOperationId":"3xz52af3rckpbvo","timestamp":1701179614747,"id":"hp3wfyrfz0fsu0h"}
{"type":"operationStart","subtype":"render","name":"pns_index","previousOperationId":"3xz52af3rckpbvo","timestamp":1701179614753,"id":"qpblyo0q003y137","previousEventId":"xn1srknkj8chxkh","operationId":"8sjgkm898j90u5z"}
{"type":"log","timestamp":1701179614753,"level":"info","message":"Starting rendering request 102","meta":{"rootId":"mmqe25g9oxs25zp","id":"mmqe25g9oxs25zp"},"id":"l4tk465bvm4ajsa","previousOperationId":"8sjgkm898j90u5z"}
{"type":"log","timestamp":1701179614753,"level":"info","message":"Rendering template { name: pns_index, recipe: chrome-pdf, engine: handlebars, preview: true }","meta":{"rootId":"mmqe25g9oxs25zp","id":"mmqe25g9oxs25zp"},"id":"43d0195xc8ezo7q","previousOperationId":"8sjgkm898j90u5z"}
{"type":"log","timestamp":1701179614754,"level":"debug","message":"Inline data specified.","meta":{"rootId":"mmqe25g9oxs25zp","id":"mmqe25g9oxs25zp"},"id":"5vsb365zbevhj5k","previousOperationId":"8sjgkm898j90u5z"}
{"type":"log","timestamp":1701179614757,"level":"debug","message":"Base url not specified, skipping its injection.","meta":{"rootId":"mmqe25g9oxs25zp","id":"mmqe25g9oxs25zp"},"id":"1sh1hjwyz6fo1i2","previousOperationId":"8sjgkm898j90u5z"}
{"type":"operationStart","subtype":"engine","name":"handlebars","timestamp":1701179614757,"id":"c8h9bzz4crvjbzs","previousEventId":"qpblyo0q003y137","operationId":"cwip6dbebwj9yvq","previousOperationId":"8sjgkm898j90u5z"}
{"type":"log","timestamp":1701179614757,"level":"debug","message":"Rendering engine handlebars","meta":{"rootId":"mmqe25g9oxs25zp","id":"mmqe25g9oxs25zp"},"id":"rjgo0n4yq5ridz0","previousOperationId":"cwip6dbebwj9yvq"}
{"type":"operationEnd","operationId":"cwip6dbebwj9yvq","timestamp":1701179614788,"id":"h1xxo805pt9e0sm","previousEventId":"c8h9bzz4crvjbzs","previousOperationId":"cwip6dbebwj9yvq"}
{"type":"operationStart","subtype":"recipe","name":"chrome-pdf","timestamp":1701179614789,"id":"tkbxo4urhag3pln","previousEventId":"h1xxo805pt9e0sm","operationId":"2pqga9juyvcmaqe","previousOperationId":"cwip6dbebwj9yvq"}
{"type":"log","timestamp":1701179614789,"level":"debug","message":"Executing recipe chrome-pdf","meta":{"rootId":"mmqe25g9oxs25zp","id":"mmqe25g9oxs25zp"},"id":"gvsnesr19d42kab","previousOperationId":"2pqga9juyvcmaqe"}
{"type":"log","timestamp":1701179614790,"level":"debug","message":"Converting with chrome HeadlessChrome/117.0.5938.149 using chrome-pool strategy","meta":{"rootId":"mmqe25g9oxs25zp","id":"mmqe25g9oxs25zp"},"id":"3el6rgsla0lqyif","previousOperationId":"2pqga9juyvcmaqe"}
{"type":"log","timestamp":1701179614835,"level":"debug","message":"Page request: GET (document) file:///var/folders/dp/qk79pfcj0y1fmtkkl08m76rc0000gn/T/jsreport/autocleanup/86004c2d-8d90-49b0-b7da-ebe87a19bf65-chrome-pdf.html","meta":{"rootId":"mmqe25g9oxs25zp","id":"mmqe25g9oxs25zp"},"id":"5g8wu5dk8uikyti","previousOperationId":"2pqga9juyvcmaqe"}
{"type":"log","timestamp":1701179614840,"level":"debug","message":"Page request finished: GET (document) 200 file:///var/folders/dp/qk79pfcj0y1fmtkkl08m76rc0000gn/T/jsreport/autocleanup/86004c2d-8d90-49b0-b7da-ebe87a19bf65-chrome-pdf.html","meta":{"rootId":"mmqe25g9oxs25zp","id":"mmqe25g9oxs25zp"},"id":"yd014lztibn09tn","previousOperationId":"2pqga9juyvcmaqe"}
{"type":"log","timestamp":1701179614851,"level":"debug","message":"Custom viewport for chrome page width=800, height=2000","meta":{"rootId":"mmqe25g9oxs25zp","id":"mmqe25g9oxs25zp"},"id":"knp0mbu10rj2qmd","previousOperationId":"2pqga9juyvcmaqe"}
{"type":"log","timestamp":1701179614853,"level":"debug","message":"Running chrome with params {\"printBackground\":true,\"width\":\"5.8cm\",\"height\":\"50cm\",\"timeout\":59956,\"margin\":{}}","meta":{"rootId":"mmqe25g9oxs25zp","id":"mmqe25g9oxs25zp"},"id":"zjjhru9zq9g7o96","previousOperationId":"2pqga9juyvcmaqe"}
{"type":"operationEnd","operationId":"2pqga9juyvcmaqe","timestamp":1701179614884,"id":"vw0u4m6l2v3vb9x","previousEventId":"tkbxo4urhag3pln","previousOperationId":"2pqga9juyvcmaqe"}
{"type":"log","timestamp":1701179614884,"level":"debug","message":"Skipping storing report.","meta":{"rootId":"mmqe25g9oxs25zp","id":"mmqe25g9oxs25zp"},"id":"mn31dc73u2homzm","previousOperationId":"2pqga9juyvcmaqe"}
{"type":"log","timestamp":1701179614884,"level":"info","message":"Rendering request 102 finished in 138 ms","meta":{"rootId":"mmqe25g9oxs25zp","id":"mmqe25g9oxs25zp"},"id":"w570h5shznb1prq","previousOperationId":"2pqga9juyvcmaqe"}
{"type":"operationEnd","subtype":"render","operationId":"8sjgkm898j90u5z","timestamp":1701179614884,"id":"zmyb42k2rsqqpkf","previousEventId":"vw0u4m6l2v3vb9x","previousOperationId":"2pqga9juyvcmaqe"}
{"type":"operationEnd","doDiffs":false,"previousEventId":"xn1srknkj8chxkh","previousOperationId":"3xz52af3rckpbvo","operationId":"3xz52af3rckpbvo","timestamp":1701179614886,"id":"z76dhw6dap7lhg6"}
