{"type":"operationStart","subtype":"profile","data":{"_id":"gH9jNb3JPGQNgVeK","timestamp":"2023-11-28T12:27:09.227Z","state":"queued","mode":"standard","creationDate":"2023-11-28T12:27:09.228Z","modificationDate":"2023-11-28T12:27:09.228Z","shortid":"lG7HdCx","$entitySet":"profiles"},"doDiffs":false,"timestamp":1701174429228,"id":"75hvwpiy8qgnn3d","previousOperationId":null,"operationId":"8ujd80py46ppc9b"}
{"type":"log","level":"info","message":"Render request 37 queued for execution and waiting for available worker","previousOperationId":"8ujd80py46ppc9b","timestamp":1701174429228,"id":"bu9egy2nx23xeji"}
{"type":"operationStart","subtype":"render","name":"pns_index","previousOperationId":"8ujd80py46ppc9b","timestamp":1701174429236,"id":"316vd6nzrmwyrfh","previousEventId":"75hvwpiy8qgnn3d","operationId":"9yjbndkz1ddufxe"}
{"type":"log","timestamp":1701174429236,"level":"info","message":"Starting rendering request 37","meta":{"rootId":"mwza0bdo0gnzvi2","id":"mwza0bdo0gnzvi2"},"id":"jga0km9akd7fihk","previousOperationId":"9yjbndkz1ddufxe"}
{"type":"log","timestamp":1701174429236,"level":"info","message":"Rendering template { name: pns_index, recipe: chrome-pdf, engine: handlebars, preview: true }","meta":{"rootId":"mwza0bdo0gnzvi2","id":"mwza0bdo0gnzvi2"},"id":"iioo7xxnhol4c4q","previousOperationId":"9yjbndkz1ddufxe"}
{"type":"log","timestamp":1701174429237,"level":"debug","message":"Inline data specified.","meta":{"rootId":"mwza0bdo0gnzvi2","id":"mwza0bdo0gnzvi2"},"id":"lw0wi74061qea74","previousOperationId":"9yjbndkz1ddufxe"}
{"type":"log","timestamp":1701174429238,"level":"debug","message":"Base url not specified, skipping its injection.","meta":{"rootId":"mwza0bdo0gnzvi2","id":"mwza0bdo0gnzvi2"},"id":"6f0n93xnr5dyy3s","previousOperationId":"9yjbndkz1ddufxe"}
{"type":"operationStart","subtype":"engine","name":"handlebars","timestamp":1701174429239,"id":"b1stt3zpsx0xmox","previousEventId":"316vd6nzrmwyrfh","operationId":"mzdnigmfq67zo8h","previousOperationId":"9yjbndkz1ddufxe"}
{"type":"log","timestamp":1701174429239,"level":"debug","message":"Rendering engine handlebars","meta":{"rootId":"mwza0bdo0gnzvi2","id":"mwza0bdo0gnzvi2"},"id":"lsbjr22y2ag2htq","previousOperationId":"mzdnigmfq67zo8h"}
{"type":"operationEnd","operationId":"mzdnigmfq67zo8h","timestamp":1701174429260,"id":"nfj7hix61j5p1iu","previousEventId":"b1stt3zpsx0xmox","previousOperationId":"mzdnigmfq67zo8h"}
{"type":"operationStart","subtype":"recipe","name":"chrome-pdf","timestamp":1701174429260,"id":"m4nx3mw3pef1jef","previousEventId":"nfj7hix61j5p1iu","operationId":"trz4xs0kiww4qul","previousOperationId":"mzdnigmfq67zo8h"}
{"type":"log","timestamp":1701174429260,"level":"debug","message":"Executing recipe chrome-pdf","meta":{"rootId":"mwza0bdo0gnzvi2","id":"mwza0bdo0gnzvi2"},"id":"xsthae4c4l2vd0d","previousOperationId":"trz4xs0kiww4qul"}
{"type":"log","timestamp":1701174429261,"level":"debug","message":"Converting with chrome HeadlessChrome/117.0.5938.149 using chrome-pool strategy","meta":{"rootId":"mwza0bdo0gnzvi2","id":"mwza0bdo0gnzvi2"},"id":"5ionxkwmqstxowy","previousOperationId":"trz4xs0kiww4qul"}
{"type":"log","timestamp":1701174429304,"level":"debug","message":"Page request: GET (document) file:///var/folders/dp/qk79pfcj0y1fmtkkl08m76rc0000gn/T/jsreport/autocleanup/f690bdc4-0abc-44a0-9a29-9be035002fbe-chrome-pdf.html","meta":{"rootId":"mwza0bdo0gnzvi2","id":"mwza0bdo0gnzvi2"},"id":"qyadbzr3pypl50z","previousOperationId":"trz4xs0kiww4qul"}
{"type":"log","timestamp":1701174429308,"level":"debug","message":"Page request finished: GET (document) 200 file:///var/folders/dp/qk79pfcj0y1fmtkkl08m76rc0000gn/T/jsreport/autocleanup/f690bdc4-0abc-44a0-9a29-9be035002fbe-chrome-pdf.html","meta":{"rootId":"mwza0bdo0gnzvi2","id":"mwza0bdo0gnzvi2"},"id":"p5cufdczi4fbu49","previousOperationId":"trz4xs0kiww4qul"}
{"type":"log","timestamp":1701174429318,"level":"debug","message":"Custom viewport for chrome page width=800, height=2000","meta":{"rootId":"mwza0bdo0gnzvi2","id":"mwza0bdo0gnzvi2"},"id":"mfl8qttdt2bdja3","previousOperationId":"trz4xs0kiww4qul"}
{"type":"log","timestamp":1701174429319,"level":"debug","message":"Running chrome with params {\"printBackground\":true,\"width\":\"8cm\",\"height\":\"50cm\",\"timeout\":59966,\"margin\":{}}","meta":{"rootId":"mwza0bdo0gnzvi2","id":"mwza0bdo0gnzvi2"},"id":"j9qins2mhrksffv","previousOperationId":"trz4xs0kiww4qul"}
{"type":"operationEnd","operationId":"trz4xs0kiww4qul","timestamp":1701174429342,"id":"61b75kgfkljg5o5","previousEventId":"m4nx3mw3pef1jef","previousOperationId":"trz4xs0kiww4qul"}
{"type":"log","timestamp":1701174429342,"level":"debug","message":"Skipping storing report.","meta":{"rootId":"mwza0bdo0gnzvi2","id":"mwza0bdo0gnzvi2"},"id":"s99ln0j6vgjfbhi","previousOperationId":"trz4xs0kiww4qul"}
{"type":"log","timestamp":1701174429342,"level":"info","message":"Rendering request 37 finished in 115 ms","meta":{"rootId":"mwza0bdo0gnzvi2","id":"mwza0bdo0gnzvi2"},"id":"csk6mt7lysneryi","previousOperationId":"trz4xs0kiww4qul"}
{"type":"operationEnd","subtype":"render","operationId":"9yjbndkz1ddufxe","timestamp":1701174429342,"id":"ooxl1xqazmen7ep","previousEventId":"61b75kgfkljg5o5","previousOperationId":"trz4xs0kiww4qul"}
{"type":"operationEnd","doDiffs":false,"previousEventId":"75hvwpiy8qgnn3d","previousOperationId":"8ujd80py46ppc9b","operationId":"8ujd80py46ppc9b","timestamp":1701174429344,"id":"w2jwncivutpwh5i"}
