{"type":"operationStart","subtype":"profile","data":{"_id":"VhDSrqoUfIwMlgJM","timestamp":"2023-11-28T10:21:35.329Z","state":"queued","mode":"standard","creationDate":"2023-11-28T10:21:35.330Z","modificationDate":"2023-11-28T10:21:35.330Z","shortid":"jqzcnI0","$entitySet":"profiles"},"doDiffs":false,"timestamp":1701166895330,"id":"gwy1q5llticf8qa","previousOperationId":null,"operationId":"i4r6a6no0xh2j68"}
{"type":"log","level":"info","message":"Render request 27 queued for execution and waiting for available worker","previousOperationId":"i4r6a6no0xh2j68","timestamp":1701166895330,"id":"8v1ctq9o7tqew86"}
{"type":"operationStart","subtype":"render","name":"pns_index","previousOperationId":"i4r6a6no0xh2j68","timestamp":1701166895333,"id":"wz3y4lg41x6yomk","previousEventId":"gwy1q5llticf8qa","operationId":"u71r6chy2kv7odc"}
{"type":"log","timestamp":1701166895333,"level":"info","message":"Starting rendering request 27","meta":{"rootId":"n3vt3o3k64dpkdl","id":"n3vt3o3k64dpkdl"},"id":"ybi9ttog4gpvg2n","previousOperationId":"u71r6chy2kv7odc"}
{"type":"log","timestamp":1701166895333,"level":"info","message":"Rendering template { name: pns_index, recipe: chrome-pdf, engine: handlebars, preview: true }","meta":{"rootId":"n3vt3o3k64dpkdl","id":"n3vt3o3k64dpkdl"},"id":"cwnbzct9gzbrte3","previousOperationId":"u71r6chy2kv7odc"}
{"type":"log","timestamp":1701166895334,"level":"debug","message":"Inline data specified.","meta":{"rootId":"n3vt3o3k64dpkdl","id":"n3vt3o3k64dpkdl"},"id":"3m5b7brjom5812t","previousOperationId":"u71r6chy2kv7odc"}
{"type":"log","timestamp":1701166895334,"level":"debug","message":"Base url not specified, skipping its injection.","meta":{"rootId":"n3vt3o3k64dpkdl","id":"n3vt3o3k64dpkdl"},"id":"z78y5gep55wmuur","previousOperationId":"u71r6chy2kv7odc"}
{"type":"operationStart","subtype":"engine","name":"handlebars","timestamp":1701166895334,"id":"ph2f4n0ruo3l6ga","previousEventId":"wz3y4lg41x6yomk","operationId":"ghyq2lfqanghl4f","previousOperationId":"u71r6chy2kv7odc"}
{"type":"log","timestamp":1701166895334,"level":"debug","message":"Rendering engine handlebars","meta":{"rootId":"n3vt3o3k64dpkdl","id":"n3vt3o3k64dpkdl"},"id":"vrkg37i18tmvvpq","previousOperationId":"ghyq2lfqanghl4f"}
{"type":"operationEnd","operationId":"ghyq2lfqanghl4f","timestamp":1701166895347,"id":"a1renwswta1oabi","previousEventId":"ph2f4n0ruo3l6ga","previousOperationId":"ghyq2lfqanghl4f"}
{"type":"operationStart","subtype":"recipe","name":"chrome-pdf","timestamp":1701166895348,"id":"ln1pv75zuyk545h","previousEventId":"a1renwswta1oabi","operationId":"sajirem7i6bsr66","previousOperationId":"ghyq2lfqanghl4f"}
{"type":"log","timestamp":1701166895348,"level":"debug","message":"Executing recipe chrome-pdf","meta":{"rootId":"n3vt3o3k64dpkdl","id":"n3vt3o3k64dpkdl"},"id":"ilyhgk2iahh1ywi","previousOperationId":"sajirem7i6bsr66"}
{"type":"log","timestamp":1701166895350,"level":"debug","message":"Converting with chrome HeadlessChrome/117.0.5938.149 using chrome-pool strategy","meta":{"rootId":"n3vt3o3k64dpkdl","id":"n3vt3o3k64dpkdl"},"id":"byz2fycqkygwrbp","previousOperationId":"sajirem7i6bsr66"}
{"type":"log","timestamp":1701166895398,"level":"debug","message":"Page request: GET (document) file:///var/folders/dp/qk79pfcj0y1fmtkkl08m76rc0000gn/T/jsreport/autocleanup/7ea8e33b-7d41-4077-8643-1563724b6089-chrome-pdf.html","meta":{"rootId":"n3vt3o3k64dpkdl","id":"n3vt3o3k64dpkdl"},"id":"m3i305zunaib1jr","previousOperationId":"sajirem7i6bsr66"}
{"type":"log","timestamp":1701166895403,"level":"debug","message":"Page request finished: GET (document) 200 file:///var/folders/dp/qk79pfcj0y1fmtkkl08m76rc0000gn/T/jsreport/autocleanup/7ea8e33b-7d41-4077-8643-1563724b6089-chrome-pdf.html","meta":{"rootId":"n3vt3o3k64dpkdl","id":"n3vt3o3k64dpkdl"},"id":"stjpr6a04jrh0wv","previousOperationId":"sajirem7i6bsr66"}
{"type":"log","timestamp":1701166895412,"level":"debug","message":"Running chrome with params {\"printBackground\":true,\"width\":\"8cm\",\"timeout\":59980,\"margin\":{}}","meta":{"rootId":"n3vt3o3k64dpkdl","id":"n3vt3o3k64dpkdl"},"id":"c10ioduxsi9l2mx","previousOperationId":"sajirem7i6bsr66"}
{"type":"operationEnd","operationId":"sajirem7i6bsr66","timestamp":1701166895435,"id":"o6y7jgqev74ikjx","previousEventId":"ln1pv75zuyk545h","previousOperationId":"sajirem7i6bsr66"}
{"type":"log","timestamp":1701166895435,"level":"debug","message":"Skipping storing report.","meta":{"rootId":"n3vt3o3k64dpkdl","id":"n3vt3o3k64dpkdl"},"id":"csmg7fhtua5o3fo","previousOperationId":"sajirem7i6bsr66"}
{"type":"log","timestamp":1701166895435,"level":"info","message":"Rendering request 27 finished in 106 ms","meta":{"rootId":"n3vt3o3k64dpkdl","id":"n3vt3o3k64dpkdl"},"id":"7mn5avtvkh3idmv","previousOperationId":"sajirem7i6bsr66"}
{"type":"operationEnd","subtype":"render","operationId":"u71r6chy2kv7odc","timestamp":1701166895435,"id":"nw217d59dfi9wl7","previousEventId":"o6y7jgqev74ikjx","previousOperationId":"sajirem7i6bsr66"}
{"type":"operationEnd","doDiffs":false,"previousEventId":"gwy1q5llticf8qa","previousOperationId":"i4r6a6no0xh2j68","operationId":"i4r6a6no0xh2j68","timestamp":1701166895436,"id":"ghgldq4tt1r7ppt"}
