{"type":"operationStart","subtype":"profile","data":{"_id":"SsBEnCuRI4cjsr0b","timestamp":"2023-11-28T12:09:02.587Z","state":"queued","mode":"standard","creationDate":"2023-11-28T12:09:02.589Z","modificationDate":"2023-11-28T12:09:02.589Z","shortid":"E8gtPqP","$entitySet":"profiles"},"doDiffs":false,"timestamp":1701173342588,"id":"hcw2b6u7gc873br","previousOperationId":null,"operationId":"ek6lhzrjcaed7c0"}
{"type":"log","level":"info","message":"Render request 25 queued for execution and waiting for available worker","previousOperationId":"ek6lhzrjcaed7c0","timestamp":1701173342588,"id":"7hhcj5yhhrpj1hb"}
{"type":"operationStart","subtype":"render","name":"pns_index","previousOperationId":"ek6lhzrjcaed7c0","timestamp":1701173342595,"id":"b3q62ws1wbfi6ll","previousEventId":"hcw2b6u7gc873br","operationId":"8c79ya80w59n10m"}
{"type":"log","timestamp":1701173342595,"level":"info","message":"Starting rendering request 25","meta":{"rootId":"n9u45z4vt0e6d5k","id":"n9u45z4vt0e6d5k"},"id":"gkf31u7nj0p78g6","previousOperationId":"8c79ya80w59n10m"}
{"type":"log","timestamp":1701173342595,"level":"info","message":"Rendering template { name: pns_index, recipe: chrome-pdf, engine: handlebars, preview: true }","meta":{"rootId":"n9u45z4vt0e6d5k","id":"n9u45z4vt0e6d5k"},"id":"crlpel88l4lgvpg","previousOperationId":"8c79ya80w59n10m"}
{"type":"log","timestamp":1701173342597,"level":"debug","message":"Inline data specified.","meta":{"rootId":"n9u45z4vt0e6d5k","id":"n9u45z4vt0e6d5k"},"id":"4es8o2d86vykvfq","previousOperationId":"8c79ya80w59n10m"}
{"type":"log","timestamp":1701173342602,"level":"debug","message":"Base url not specified, skipping its injection.","meta":{"rootId":"n9u45z4vt0e6d5k","id":"n9u45z4vt0e6d5k"},"id":"r1lc46b0mwv44o2","previousOperationId":"8c79ya80w59n10m"}
{"type":"operationStart","subtype":"engine","name":"handlebars","timestamp":1701173342602,"id":"rft15x1z4rrudyr","previousEventId":"b3q62ws1wbfi6ll","operationId":"iqer7wrefpme5ky","previousOperationId":"8c79ya80w59n10m"}
{"type":"log","timestamp":1701173342602,"level":"debug","message":"Rendering engine handlebars","meta":{"rootId":"n9u45z4vt0e6d5k","id":"n9u45z4vt0e6d5k"},"id":"3net5fyya709n7v","previousOperationId":"iqer7wrefpme5ky"}
{"type":"operationEnd","operationId":"iqer7wrefpme5ky","timestamp":1701173342630,"id":"2e1uy462ixy816f","previousEventId":"rft15x1z4rrudyr","previousOperationId":"iqer7wrefpme5ky"}
{"type":"operationStart","subtype":"recipe","name":"chrome-pdf","timestamp":1701173342630,"id":"q4pvpknfpxp3v7b","previousEventId":"2e1uy462ixy816f","operationId":"q2c9bvm4ysifa7u","previousOperationId":"iqer7wrefpme5ky"}
{"type":"log","timestamp":1701173342630,"level":"debug","message":"Executing recipe chrome-pdf","meta":{"rootId":"n9u45z4vt0e6d5k","id":"n9u45z4vt0e6d5k"},"id":"po92st8sfckewki","previousOperationId":"q2c9bvm4ysifa7u"}
{"type":"log","timestamp":1701173342632,"level":"debug","message":"Converting with chrome HeadlessChrome/117.0.5938.149 using chrome-pool strategy","meta":{"rootId":"n9u45z4vt0e6d5k","id":"n9u45z4vt0e6d5k"},"id":"sjrf31uym1a0kkc","previousOperationId":"q2c9bvm4ysifa7u"}
{"type":"log","timestamp":1701173342677,"level":"debug","message":"Page request: GET (document) file:///var/folders/dp/qk79pfcj0y1fmtkkl08m76rc0000gn/T/jsreport/autocleanup/3a03074e-8d22-4ce3-8b16-81ef6fc8ca8a-chrome-pdf.html","meta":{"rootId":"n9u45z4vt0e6d5k","id":"n9u45z4vt0e6d5k"},"id":"tshimk4wxldxgzz","previousOperationId":"q2c9bvm4ysifa7u"}
{"type":"log","timestamp":1701173342682,"level":"debug","message":"Page request finished: GET (document) 200 file:///var/folders/dp/qk79pfcj0y1fmtkkl08m76rc0000gn/T/jsreport/autocleanup/3a03074e-8d22-4ce3-8b16-81ef6fc8ca8a-chrome-pdf.html","meta":{"rootId":"n9u45z4vt0e6d5k","id":"n9u45z4vt0e6d5k"},"id":"jkdycyuzmiqklz1","previousOperationId":"q2c9bvm4ysifa7u"}
{"type":"log","timestamp":1701173342693,"level":"debug","message":"Custom viewport for chrome page width=800, height=2000","meta":{"rootId":"n9u45z4vt0e6d5k","id":"n9u45z4vt0e6d5k"},"id":"pyzzi0qgxvfvc3u","previousOperationId":"q2c9bvm4ysifa7u"}
{"type":"log","timestamp":1701173342694,"level":"debug","message":"Running chrome with params {\"printBackground\":true,\"width\":\"8cm\",\"height\":\"50cm\",\"timeout\":59956,\"margin\":{}}","meta":{"rootId":"n9u45z4vt0e6d5k","id":"n9u45z4vt0e6d5k"},"id":"p9fe7muutkpuhax","previousOperationId":"q2c9bvm4ysifa7u"}
{"type":"operationEnd","operationId":"q2c9bvm4ysifa7u","timestamp":1701173342718,"id":"08xow97mmpzk319","previousEventId":"q4pvpknfpxp3v7b","previousOperationId":"q2c9bvm4ysifa7u"}
{"type":"log","timestamp":1701173342718,"level":"debug","message":"Skipping storing report.","meta":{"rootId":"n9u45z4vt0e6d5k","id":"n9u45z4vt0e6d5k"},"id":"i29nwq2njlbjnea","previousOperationId":"q2c9bvm4ysifa7u"}
{"type":"log","timestamp":1701173342718,"level":"info","message":"Rendering request 25 finished in 131 ms","meta":{"rootId":"n9u45z4vt0e6d5k","id":"n9u45z4vt0e6d5k"},"id":"p5h6u0254bmja9o","previousOperationId":"q2c9bvm4ysifa7u"}
{"type":"operationEnd","subtype":"render","operationId":"8c79ya80w59n10m","timestamp":1701173342718,"id":"eti4378h5me2hjg","previousEventId":"08xow97mmpzk319","previousOperationId":"q2c9bvm4ysifa7u"}
{"type":"operationEnd","doDiffs":false,"previousEventId":"hcw2b6u7gc873br","previousOperationId":"ek6lhzrjcaed7c0","operationId":"ek6lhzrjcaed7c0","timestamp":1701173342720,"id":"upc1hplewnvpm3r"}
