{"type":"operationStart","subtype":"profile","data":{"_id":"2AusIUwpLNa6mn0M","timestamp":"2023-11-28T12:33:35.743Z","state":"queued","mode":"standard","creationDate":"2023-11-28T12:33:35.745Z","modificationDate":"2023-11-28T12:33:35.745Z","shortid":"e5gLsY8","$entitySet":"profiles"},"doDiffs":false,"timestamp":1701174815744,"id":"ua75uuqlzfvock0","previousOperationId":null,"operationId":"08ag1lx5vip16pg"}
{"type":"log","level":"info","message":"Render request 47 queued for execution and waiting for available worker","previousOperationId":"08ag1lx5vip16pg","timestamp":1701174815744,"id":"j91s417r8ansp86"}
{"type":"operationStart","subtype":"render","name":"pns_index","previousOperationId":"08ag1lx5vip16pg","timestamp":1701174815757,"id":"ocg7suki13l1zh9","previousEventId":"ua75uuqlzfvock0","operationId":"phfavucoxpc9vy2"}
{"type":"log","timestamp":1701174815758,"level":"info","message":"Starting rendering request 47","meta":{"rootId":"ncn94a936fmq8cb","id":"ncn94a936fmq8cb"},"id":"9mqunxl2rocuowu","previousOperationId":"phfavucoxpc9vy2"}
{"type":"log","timestamp":1701174815758,"level":"info","message":"Rendering template { name: pns_index, recipe: chrome-pdf, engine: handlebars, preview: true }","meta":{"rootId":"ncn94a936fmq8cb","id":"ncn94a936fmq8cb"},"id":"zcc7koxym4cssqw","previousOperationId":"phfavucoxpc9vy2"}
{"type":"log","timestamp":1701174815761,"level":"debug","message":"Inline data specified.","meta":{"rootId":"ncn94a936fmq8cb","id":"ncn94a936fmq8cb"},"id":"no0kzmbr67bdgpv","previousOperationId":"phfavucoxpc9vy2"}
{"type":"log","timestamp":1701174815763,"level":"debug","message":"Base url not specified, skipping its injection.","meta":{"rootId":"ncn94a936fmq8cb","id":"ncn94a936fmq8cb"},"id":"xjlnvdxlj6la27p","previousOperationId":"phfavucoxpc9vy2"}
{"type":"operationStart","subtype":"engine","name":"handlebars","timestamp":1701174815763,"id":"8mq78k7azlfghtz","previousEventId":"ocg7suki13l1zh9","operationId":"alwl7ydmgfl2pzs","previousOperationId":"phfavucoxpc9vy2"}
{"type":"log","timestamp":1701174815763,"level":"debug","message":"Rendering engine handlebars","meta":{"rootId":"ncn94a936fmq8cb","id":"ncn94a936fmq8cb"},"id":"z1jw85ka8yt8bla","previousOperationId":"alwl7ydmgfl2pzs"}
{"type":"operationEnd","operationId":"alwl7ydmgfl2pzs","timestamp":1701174815793,"id":"f2s9v2seakll89i","previousEventId":"8mq78k7azlfghtz","previousOperationId":"alwl7ydmgfl2pzs"}
{"type":"operationStart","subtype":"recipe","name":"chrome-pdf","timestamp":1701174815794,"id":"50r7v9ve2r1oez1","previousEventId":"f2s9v2seakll89i","operationId":"c837gq00eip720m","previousOperationId":"alwl7ydmgfl2pzs"}
{"type":"log","timestamp":1701174815794,"level":"debug","message":"Executing recipe chrome-pdf","meta":{"rootId":"ncn94a936fmq8cb","id":"ncn94a936fmq8cb"},"id":"1x7291i8qkz35t8","previousOperationId":"c837gq00eip720m"}
{"type":"log","timestamp":1701174815795,"level":"debug","message":"Converting with chrome HeadlessChrome/117.0.5938.149 using chrome-pool strategy","meta":{"rootId":"ncn94a936fmq8cb","id":"ncn94a936fmq8cb"},"id":"flrex48l37za5mh","previousOperationId":"c837gq00eip720m"}
{"type":"log","timestamp":1701174815840,"level":"debug","message":"Page request: GET (document) file:///var/folders/dp/qk79pfcj0y1fmtkkl08m76rc0000gn/T/jsreport/autocleanup/3374c65b-2073-443d-af5a-ba7236dbac57-chrome-pdf.html","meta":{"rootId":"ncn94a936fmq8cb","id":"ncn94a936fmq8cb"},"id":"nktt773pmls3io5","previousOperationId":"c837gq00eip720m"}
{"type":"log","timestamp":1701174815844,"level":"debug","message":"Page request finished: GET (document) 200 file:///var/folders/dp/qk79pfcj0y1fmtkkl08m76rc0000gn/T/jsreport/autocleanup/3374c65b-2073-443d-af5a-ba7236dbac57-chrome-pdf.html","meta":{"rootId":"ncn94a936fmq8cb","id":"ncn94a936fmq8cb"},"id":"dnllqfl0p9obrga","previousOperationId":"c837gq00eip720m"}
{"type":"log","timestamp":1701174815853,"level":"debug","message":"Custom viewport for chrome page width=800, height=2000","meta":{"rootId":"ncn94a936fmq8cb","id":"ncn94a936fmq8cb"},"id":"hkod8qt1e2mjvle","previousOperationId":"c837gq00eip720m"}
{"type":"log","timestamp":1701174815854,"level":"debug","message":"Running chrome with params {\"printBackground\":true,\"width\":\"8cm\",\"height\":\"50cm\",\"timeout\":59948,\"margin\":{}}","meta":{"rootId":"ncn94a936fmq8cb","id":"ncn94a936fmq8cb"},"id":"te692obemtgfumr","previousOperationId":"c837gq00eip720m"}
{"type":"operationEnd","operationId":"c837gq00eip720m","timestamp":1701174815876,"id":"truwfk0xe1jg02p","previousEventId":"50r7v9ve2r1oez1","previousOperationId":"c837gq00eip720m"}
{"type":"log","timestamp":1701174815876,"level":"debug","message":"Skipping storing report.","meta":{"rootId":"ncn94a936fmq8cb","id":"ncn94a936fmq8cb"},"id":"am8xh1jidpztyeb","previousOperationId":"c837gq00eip720m"}
{"type":"log","timestamp":1701174815876,"level":"info","message":"Rendering request 47 finished in 133 ms","meta":{"rootId":"ncn94a936fmq8cb","id":"ncn94a936fmq8cb"},"id":"oe99hafrl8ym566","previousOperationId":"c837gq00eip720m"}
{"type":"operationEnd","subtype":"render","operationId":"phfavucoxpc9vy2","timestamp":1701174815876,"id":"gh11y0b9m13y3xs","previousEventId":"truwfk0xe1jg02p","previousOperationId":"c837gq00eip720m"}
{"type":"operationEnd","doDiffs":false,"previousEventId":"ua75uuqlzfvock0","previousOperationId":"08ag1lx5vip16pg","operationId":"08ag1lx5vip16pg","timestamp":1701174815877,"id":"ilnqm0j3b4bwyq5"}
