{"type":"operationStart","subtype":"profile","data":{"_id":"DoFEkJAMPq5DmeWg","timestamp":"2023-11-28T13:34:20.033Z","state":"queued","mode":"standard","creationDate":"2023-11-28T13:34:20.035Z","modificationDate":"2023-11-28T13:34:20.035Z","shortid":"YZc9om6","$entitySet":"profiles"},"doDiffs":false,"timestamp":1701178460034,"id":"eeqiksuymsjwlyi","previousOperationId":null,"operationId":"msrppdofubj4va5"}
{"type":"log","level":"info","message":"Render request 80 queued for execution and waiting for available worker","previousOperationId":"msrppdofubj4va5","timestamp":1701178460034,"id":"g6bly60m94a3j7h"}
{"type":"operationStart","subtype":"render","name":"pns_index","previousOperationId":"msrppdofubj4va5","timestamp":1701178460041,"id":"5ulluahqvzqoe0z","previousEventId":"eeqiksuymsjwlyi","operationId":"agoee3kb8lfq3dx"}
{"type":"log","timestamp":1701178460041,"level":"info","message":"Starting rendering request 80","meta":{"rootId":"ncwsulybgc0ld75","id":"ncwsulybgc0ld75"},"id":"quryslqhpe13q9z","previousOperationId":"agoee3kb8lfq3dx"}
{"type":"log","timestamp":1701178460041,"level":"info","message":"Rendering template { name: pns_index, recipe: chrome-pdf, engine: handlebars, preview: true }","meta":{"rootId":"ncwsulybgc0ld75","id":"ncwsulybgc0ld75"},"id":"8w9yfxn0llmjhn7","previousOperationId":"agoee3kb8lfq3dx"}
{"type":"log","timestamp":1701178460042,"level":"debug","message":"Inline data specified.","meta":{"rootId":"ncwsulybgc0ld75","id":"ncwsulybgc0ld75"},"id":"7vqaq9mewd1v2ce","previousOperationId":"agoee3kb8lfq3dx"}
{"type":"log","timestamp":1701178460047,"level":"debug","message":"Base url not specified, skipping its injection.","meta":{"rootId":"ncwsulybgc0ld75","id":"ncwsulybgc0ld75"},"id":"csyyp3n0mj4uaml","previousOperationId":"agoee3kb8lfq3dx"}
{"type":"operationStart","subtype":"engine","name":"handlebars","timestamp":1701178460047,"id":"9652s7bgb5h8bxh","previousEventId":"5ulluahqvzqoe0z","operationId":"2e7nuehrktyz6wp","previousOperationId":"agoee3kb8lfq3dx"}
{"type":"log","timestamp":1701178460047,"level":"debug","message":"Rendering engine handlebars","meta":{"rootId":"ncwsulybgc0ld75","id":"ncwsulybgc0ld75"},"id":"tjabz3qe0n9it7l","previousOperationId":"2e7nuehrktyz6wp"}
{"type":"operationEnd","operationId":"2e7nuehrktyz6wp","timestamp":1701178460070,"id":"6kgz54h5fi4aeoc","previousEventId":"9652s7bgb5h8bxh","previousOperationId":"2e7nuehrktyz6wp"}
{"type":"operationStart","subtype":"recipe","name":"chrome-pdf","timestamp":1701178460071,"id":"vzt6a2ddpj5cctu","previousEventId":"6kgz54h5fi4aeoc","operationId":"juri837kl2uf7c3","previousOperationId":"2e7nuehrktyz6wp"}
{"type":"log","timestamp":1701178460071,"level":"debug","message":"Executing recipe chrome-pdf","meta":{"rootId":"ncwsulybgc0ld75","id":"ncwsulybgc0ld75"},"id":"uj8vv0yyn3c58vn","previousOperationId":"juri837kl2uf7c3"}
{"type":"log","timestamp":1701178460072,"level":"debug","message":"Converting with chrome HeadlessChrome/117.0.5938.149 using chrome-pool strategy","meta":{"rootId":"ncwsulybgc0ld75","id":"ncwsulybgc0ld75"},"id":"t9j5y53uki7nrsd","previousOperationId":"juri837kl2uf7c3"}
{"type":"log","timestamp":1701178460123,"level":"debug","message":"Page request: GET (document) file:///var/folders/dp/qk79pfcj0y1fmtkkl08m76rc0000gn/T/jsreport/autocleanup/665807ff-e57e-4849-8226-f87a90f9086e-chrome-pdf.html","meta":{"rootId":"ncwsulybgc0ld75","id":"ncwsulybgc0ld75"},"id":"qmmxphu3gkhucd1","previousOperationId":"juri837kl2uf7c3"}
{"type":"log","timestamp":1701178460128,"level":"debug","message":"Page request finished: GET (document) 200 file:///var/folders/dp/qk79pfcj0y1fmtkkl08m76rc0000gn/T/jsreport/autocleanup/665807ff-e57e-4849-8226-f87a90f9086e-chrome-pdf.html","meta":{"rootId":"ncwsulybgc0ld75","id":"ncwsulybgc0ld75"},"id":"pgnphj8giuauaox","previousOperationId":"juri837kl2uf7c3"}
{"type":"log","timestamp":1701178460138,"level":"debug","message":"Custom viewport for chrome page width=800, height=2000","meta":{"rootId":"ncwsulybgc0ld75","id":"ncwsulybgc0ld75"},"id":"7jcj9f5um6v0lwy","previousOperationId":"juri837kl2uf7c3"}
{"type":"log","timestamp":1701178460139,"level":"debug","message":"Running chrome with params {\"printBackground\":true,\"width\":\"5.8cm\",\"height\":\"50cm\",\"timeout\":59961,\"margin\":{}}","meta":{"rootId":"ncwsulybgc0ld75","id":"ncwsulybgc0ld75"},"id":"m0drw9ehdzwjb9x","previousOperationId":"juri837kl2uf7c3"}
{"type":"operationEnd","operationId":"juri837kl2uf7c3","timestamp":1701178460162,"id":"5468r4kv2xu0hrb","previousEventId":"vzt6a2ddpj5cctu","previousOperationId":"juri837kl2uf7c3"}
{"type":"log","timestamp":1701178460162,"level":"debug","message":"Skipping storing report.","meta":{"rootId":"ncwsulybgc0ld75","id":"ncwsulybgc0ld75"},"id":"jat36413ierjw8q","previousOperationId":"juri837kl2uf7c3"}
{"type":"log","timestamp":1701178460162,"level":"info","message":"Rendering request 80 finished in 129 ms","meta":{"rootId":"ncwsulybgc0ld75","id":"ncwsulybgc0ld75"},"id":"zhruttwrspgoyo5","previousOperationId":"juri837kl2uf7c3"}
{"type":"operationEnd","subtype":"render","operationId":"agoee3kb8lfq3dx","timestamp":1701178460162,"id":"1msxtqfxmkqw1cy","previousEventId":"5468r4kv2xu0hrb","previousOperationId":"juri837kl2uf7c3"}
{"type":"operationEnd","doDiffs":false,"previousEventId":"eeqiksuymsjwlyi","previousOperationId":"msrppdofubj4va5","operationId":"msrppdofubj4va5","timestamp":1701178460164,"id":"g523tqgx2x7y7ol"}
