{"type":"operationStart","subtype":"profile","data":{"_id":"t4rEUrtTDVuYsMLc","timestamp":"2023-12-06T09:21:11.535Z","state":"queued","mode":"standard","creationDate":"2023-12-06T09:21:11.537Z","modificationDate":"2023-12-06T09:21:11.537Z","shortid":"IrTzd9u","$entitySet":"profiles"},"doDiffs":false,"timestamp":1701854471536,"id":"esnhidpyhkeevvx","previousOperationId":null,"operationId":"e46fki85ri6tmws"}
{"type":"log","level":"info","message":"Render request 19 queued for execution and waiting for available worker","previousOperationId":"e46fki85ri6tmws","timestamp":1701854471537,"id":"9eocay2hdzcblt9"}
{"type":"operationStart","subtype":"render","name":"pns_index","previousOperationId":"e46fki85ri6tmws","timestamp":1701854471555,"id":"j6hmhdjhfw1w2a7","previousEventId":"esnhidpyhkeevvx","operationId":"8ihbx1vt6cb55x7"}
{"type":"log","timestamp":1701854471555,"level":"info","message":"Starting rendering request 19","meta":{"rootId":"o3puk9bcq0i5n61","id":"o3puk9bcq0i5n61"},"id":"lgp993dv08p9nyf","previousOperationId":"8ihbx1vt6cb55x7"}
{"type":"log","timestamp":1701854471555,"level":"info","message":"Rendering template { name: pns_index, recipe: chrome-pdf, engine: handlebars, preview: true }","meta":{"rootId":"o3puk9bcq0i5n61","id":"o3puk9bcq0i5n61"},"id":"d1ux4u0rrhoplv0","previousOperationId":"8ihbx1vt6cb55x7"}
{"type":"log","timestamp":1701854471556,"level":"debug","message":"Inline data specified.","meta":{"rootId":"o3puk9bcq0i5n61","id":"o3puk9bcq0i5n61"},"id":"2hqjpheprbi35ty","previousOperationId":"8ihbx1vt6cb55x7"}
{"type":"log","timestamp":1701854471559,"level":"debug","message":"Base url not specified, skipping its injection.","meta":{"rootId":"o3puk9bcq0i5n61","id":"o3puk9bcq0i5n61"},"id":"ijup8yqgsuqx0k9","previousOperationId":"8ihbx1vt6cb55x7"}
{"type":"log","timestamp":1701854471561,"level":"debug","message":"Replaced assets [\"styles.css\"]","meta":{"rootId":"o3puk9bcq0i5n61","id":"o3puk9bcq0i5n61"},"id":"g4oe62r7i6izk0x","previousOperationId":"8ihbx1vt6cb55x7"}
{"type":"operationStart","subtype":"engine","name":"handlebars","timestamp":1701854471561,"id":"tr6uydkte3ctcs3","previousEventId":"j6hmhdjhfw1w2a7","operationId":"m6rht1ntmriqq5e","previousOperationId":"8ihbx1vt6cb55x7"}
{"type":"log","timestamp":1701854471561,"level":"debug","message":"Rendering engine handlebars","meta":{"rootId":"o3puk9bcq0i5n61","id":"o3puk9bcq0i5n61"},"id":"xnajo1vzi5ggubb","previousOperationId":"m6rht1ntmriqq5e"}
{"type":"operationEnd","operationId":"m6rht1ntmriqq5e","timestamp":1701854471590,"id":"clyuuzpcjivoqgr","previousEventId":"tr6uydkte3ctcs3","previousOperationId":"m6rht1ntmriqq5e"}
{"type":"operationStart","subtype":"recipe","name":"chrome-pdf","timestamp":1701854471590,"id":"kp2z2s2kyqwnsw1","previousEventId":"clyuuzpcjivoqgr","operationId":"p5geri5k9f7q629","previousOperationId":"m6rht1ntmriqq5e"}
{"type":"log","timestamp":1701854471590,"level":"debug","message":"Executing recipe chrome-pdf","meta":{"rootId":"o3puk9bcq0i5n61","id":"o3puk9bcq0i5n61"},"id":"qenwjqflrfamhpf","previousOperationId":"p5geri5k9f7q629"}
{"type":"log","timestamp":1701854471592,"level":"debug","message":"Converting with chrome HeadlessChrome/117.0.5938.149 using chrome-pool strategy","meta":{"rootId":"o3puk9bcq0i5n61","id":"o3puk9bcq0i5n61"},"id":"asvcx66mmb0crk3","previousOperationId":"p5geri5k9f7q629"}
{"type":"log","timestamp":1701854471636,"level":"debug","message":"Page request: GET (document) file:///var/folders/dp/qk79pfcj0y1fmtkkl08m76rc0000gn/T/jsreport/autocleanup/89558b27-749f-45fb-b06d-859c8434080e-chrome-pdf.html","meta":{"rootId":"o3puk9bcq0i5n61","id":"o3puk9bcq0i5n61"},"id":"1kyqwhrwhkhw9p3","previousOperationId":"p5geri5k9f7q629"}
{"type":"log","timestamp":1701854471641,"level":"debug","message":"Page request finished: GET (document) 200 file:///var/folders/dp/qk79pfcj0y1fmtkkl08m76rc0000gn/T/jsreport/autocleanup/89558b27-749f-45fb-b06d-859c8434080e-chrome-pdf.html","meta":{"rootId":"o3puk9bcq0i5n61","id":"o3puk9bcq0i5n61"},"id":"6dx33q18n3lq0t6","previousOperationId":"p5geri5k9f7q629"}
{"type":"log","timestamp":1701854471649,"level":"debug","message":"Custom viewport for chrome page width=800, height=2000","meta":{"rootId":"o3puk9bcq0i5n61","id":"o3puk9bcq0i5n61"},"id":"lmm0mxbpzu75mcc","previousOperationId":"p5geri5k9f7q629"}
{"type":"log","timestamp":1701854471651,"level":"debug","message":"Running chrome with params {\"printBackground\":true,\"width\":\"5.8cm\",\"height\":\"40cm\",\"marginRight\":\"0cm\",\"marginLeft\":\"0cm\",\"timeout\":59944,\"margin\":{\"right\":\"0cm\",\"left\":\"0cm\"}}","meta":{"rootId":"o3puk9bcq0i5n61","id":"o3puk9bcq0i5n61"},"id":"h9xfw9s4ysuenxk","previousOperationId":"p5geri5k9f7q629"}
{"type":"operationEnd","operationId":"p5geri5k9f7q629","timestamp":1701854471679,"id":"aqlm8075odsa6ip","previousEventId":"kp2z2s2kyqwnsw1","previousOperationId":"p5geri5k9f7q629"}
{"type":"log","timestamp":1701854471679,"level":"debug","message":"Skipping storing report.","meta":{"rootId":"o3puk9bcq0i5n61","id":"o3puk9bcq0i5n61"},"id":"cbafkc2nbkbrpvt","previousOperationId":"p5geri5k9f7q629"}
{"type":"log","timestamp":1701854471679,"level":"info","message":"Rendering request 19 finished in 144 ms","meta":{"rootId":"o3puk9bcq0i5n61","id":"o3puk9bcq0i5n61"},"id":"a554ytsh7qzyxh3","previousOperationId":"p5geri5k9f7q629"}
{"type":"operationEnd","subtype":"render","operationId":"8ihbx1vt6cb55x7","timestamp":1701854471679,"id":"x4gwfe84dzqwx0o","previousEventId":"aqlm8075odsa6ip","previousOperationId":"p5geri5k9f7q629"}
{"type":"operationEnd","doDiffs":false,"previousEventId":"esnhidpyhkeevvx","previousOperationId":"e46fki85ri6tmws","operationId":"e46fki85ri6tmws","timestamp":1701854471680,"id":"bj1shugmt84dm6y"}
