{"type":"operationStart","subtype":"profile","data":{"_id":"HN1YPyzbJzw547Tk","timestamp":"2023-11-28T12:39:28.453Z","state":"queued","mode":"standard","creationDate":"2023-11-28T12:39:28.454Z","modificationDate":"2023-11-28T12:39:28.454Z","shortid":"pME_mRP","$entitySet":"profiles"},"doDiffs":false,"timestamp":1701175168454,"id":"so6ngdl7ay4uq9f","previousOperationId":null,"operationId":"smifu6a4xpf2jii"}
{"type":"log","level":"info","message":"Render request 50 queued for execution and waiting for available worker","previousOperationId":"smifu6a4xpf2jii","timestamp":1701175168454,"id":"3whtkt7biah2my0"}
{"type":"operationStart","subtype":"render","name":"pns_index","previousOperationId":"smifu6a4xpf2jii","timestamp":1701175168460,"id":"dj09qvuw9rl8w3t","previousEventId":"so6ngdl7ay4uq9f","operationId":"swzczdyp2voer9t"}
{"type":"log","timestamp":1701175168460,"level":"info","message":"Starting rendering request 50","meta":{"rootId":"o50ryk2vpw6v8a0","id":"o50ryk2vpw6v8a0"},"id":"exi01o1wl1cul1o","previousOperationId":"swzczdyp2voer9t"}
{"type":"log","timestamp":1701175168461,"level":"info","message":"Rendering template { name: pns_index, recipe: chrome-pdf, engine: handlebars, preview: true }","meta":{"rootId":"o50ryk2vpw6v8a0","id":"o50ryk2vpw6v8a0"},"id":"sxd9j13bft4cr1g","previousOperationId":"swzczdyp2voer9t"}
{"type":"log","timestamp":1701175168461,"level":"debug","message":"Inline data specified.","meta":{"rootId":"o50ryk2vpw6v8a0","id":"o50ryk2vpw6v8a0"},"id":"cgdj9jj99i3aody","previousOperationId":"swzczdyp2voer9t"}
{"type":"log","timestamp":1701175168466,"level":"debug","message":"Base url not specified, skipping its injection.","meta":{"rootId":"o50ryk2vpw6v8a0","id":"o50ryk2vpw6v8a0"},"id":"jdocjnp4rhltmvc","previousOperationId":"swzczdyp2voer9t"}
{"type":"operationStart","subtype":"engine","name":"handlebars","timestamp":1701175168466,"id":"kbn6mh1felj60be","previousEventId":"dj09qvuw9rl8w3t","operationId":"qyts64246j5gbzw","previousOperationId":"swzczdyp2voer9t"}
{"type":"log","timestamp":1701175168466,"level":"debug","message":"Rendering engine handlebars","meta":{"rootId":"o50ryk2vpw6v8a0","id":"o50ryk2vpw6v8a0"},"id":"o5yr3vwfz4nkryf","previousOperationId":"qyts64246j5gbzw"}
{"type":"operationEnd","operationId":"qyts64246j5gbzw","timestamp":1701175168489,"id":"7gveyhv886nxfjq","previousEventId":"kbn6mh1felj60be","previousOperationId":"qyts64246j5gbzw"}
{"type":"operationStart","subtype":"recipe","name":"chrome-pdf","timestamp":1701175168489,"id":"cbh4708dvzl71zm","previousEventId":"7gveyhv886nxfjq","operationId":"h1my5bci5gd4yv9","previousOperationId":"qyts64246j5gbzw"}
{"type":"log","timestamp":1701175168489,"level":"debug","message":"Executing recipe chrome-pdf","meta":{"rootId":"o50ryk2vpw6v8a0","id":"o50ryk2vpw6v8a0"},"id":"i6qddka4lfbshqs","previousOperationId":"h1my5bci5gd4yv9"}
{"type":"log","timestamp":1701175168491,"level":"debug","message":"Converting with chrome HeadlessChrome/117.0.5938.149 using chrome-pool strategy","meta":{"rootId":"o50ryk2vpw6v8a0","id":"o50ryk2vpw6v8a0"},"id":"o5p4ebmqiaq4rww","previousOperationId":"h1my5bci5gd4yv9"}
{"type":"log","timestamp":1701175168534,"level":"debug","message":"Page request: GET (document) file:///var/folders/dp/qk79pfcj0y1fmtkkl08m76rc0000gn/T/jsreport/autocleanup/6d178ab3-a7ad-478b-b429-ce8fe848a334-chrome-pdf.html","meta":{"rootId":"o50ryk2vpw6v8a0","id":"o50ryk2vpw6v8a0"},"id":"d91ru8my56marnb","previousOperationId":"h1my5bci5gd4yv9"}
{"type":"log","timestamp":1701175168541,"level":"debug","message":"Page request finished: GET (document) 200 file:///var/folders/dp/qk79pfcj0y1fmtkkl08m76rc0000gn/T/jsreport/autocleanup/6d178ab3-a7ad-478b-b429-ce8fe848a334-chrome-pdf.html","meta":{"rootId":"o50ryk2vpw6v8a0","id":"o50ryk2vpw6v8a0"},"id":"lg3uozv03cri6j8","previousOperationId":"h1my5bci5gd4yv9"}
{"type":"log","timestamp":1701175168550,"level":"debug","message":"Custom viewport for chrome page width=800, height=2000","meta":{"rootId":"o50ryk2vpw6v8a0","id":"o50ryk2vpw6v8a0"},"id":"uftlgls4vfo8eoy","previousOperationId":"h1my5bci5gd4yv9"}
{"type":"log","timestamp":1701175168557,"level":"debug","message":"Running chrome with params {\"printBackground\":true,\"width\":\"8cm\",\"height\":\"50cm\",\"timeout\":59962,\"margin\":{}}","meta":{"rootId":"o50ryk2vpw6v8a0","id":"o50ryk2vpw6v8a0"},"id":"kn8ulaocr0d4mhr","previousOperationId":"h1my5bci5gd4yv9"}
{"type":"operationEnd","operationId":"h1my5bci5gd4yv9","timestamp":1701175168578,"id":"p0yzqphkxzwlgtf","previousEventId":"cbh4708dvzl71zm","previousOperationId":"h1my5bci5gd4yv9"}
{"type":"log","timestamp":1701175168578,"level":"debug","message":"Skipping storing report.","meta":{"rootId":"o50ryk2vpw6v8a0","id":"o50ryk2vpw6v8a0"},"id":"s2fzq5wl6u7t9hs","previousOperationId":"h1my5bci5gd4yv9"}
{"type":"log","timestamp":1701175168578,"level":"info","message":"Rendering request 50 finished in 125 ms","meta":{"rootId":"o50ryk2vpw6v8a0","id":"o50ryk2vpw6v8a0"},"id":"1wi1pi1re3925ks","previousOperationId":"h1my5bci5gd4yv9"}
{"type":"operationEnd","subtype":"render","operationId":"swzczdyp2voer9t","timestamp":1701175168578,"id":"bm43ji9n089pmn5","previousEventId":"p0yzqphkxzwlgtf","previousOperationId":"h1my5bci5gd4yv9"}
{"type":"operationEnd","doDiffs":false,"previousEventId":"so6ngdl7ay4uq9f","previousOperationId":"smifu6a4xpf2jii","operationId":"smifu6a4xpf2jii","timestamp":1701175168579,"id":"0d50lgsybzq1b60"}
