{"type":"operationStart","subtype":"profile","data":{"_id":"aT7N1aRIs4ww5H8c","timestamp":"2023-12-06T09:35:16.178Z","state":"queued","mode":"standard","creationDate":"2023-12-06T09:35:16.181Z","modificationDate":"2023-12-06T09:35:16.181Z","shortid":"rGM_kCk","$entitySet":"profiles"},"doDiffs":false,"timestamp":1701855316179,"id":"erkz0dk54fcd1sy","previousOperationId":null,"operationId":"6ufbal9urafahc6"}
{"type":"log","level":"info","message":"Render request 30 queued for execution and waiting for available worker","previousOperationId":"6ufbal9urafahc6","timestamp":1701855316179,"id":"w48dhho84smubk7"}
{"type":"operationStart","subtype":"render","name":"pns_index","previousOperationId":"6ufbal9urafahc6","timestamp":1701855316194,"id":"xpe7v0lyje5zyao","previousEventId":"erkz0dk54fcd1sy","operationId":"s95lfp2mjeo6lyv"}
{"type":"log","timestamp":1701855316194,"level":"info","message":"Starting rendering request 30","meta":{"rootId":"oiq81d7y84phit4","id":"oiq81d7y84phit4"},"id":"smwo804a7cmp7va","previousOperationId":"s95lfp2mjeo6lyv"}
{"type":"log","timestamp":1701855316194,"level":"info","message":"Rendering template { name: pns_index, recipe: chrome-pdf, engine: handlebars, preview: true }","meta":{"rootId":"oiq81d7y84phit4","id":"oiq81d7y84phit4"},"id":"vycopspakkkt4yf","previousOperationId":"s95lfp2mjeo6lyv"}
{"type":"log","timestamp":1701855316196,"level":"debug","message":"Inline data specified.","meta":{"rootId":"oiq81d7y84phit4","id":"oiq81d7y84phit4"},"id":"68k0gfn08ebq6dx","previousOperationId":"s95lfp2mjeo6lyv"}
{"type":"log","timestamp":1701855316198,"level":"debug","message":"Base url not specified, skipping its injection.","meta":{"rootId":"oiq81d7y84phit4","id":"oiq81d7y84phit4"},"id":"5s5j0wju9s7yx28","previousOperationId":"s95lfp2mjeo6lyv"}
{"type":"log","timestamp":1701855316201,"level":"debug","message":"Replaced assets [\"styles.css\"]","meta":{"rootId":"oiq81d7y84phit4","id":"oiq81d7y84phit4"},"id":"nyoofuiy5zkg7oc","previousOperationId":"s95lfp2mjeo6lyv"}
{"type":"operationStart","subtype":"engine","name":"handlebars","timestamp":1701855316201,"id":"125ncsnv6ieoteh","previousEventId":"xpe7v0lyje5zyao","operationId":"07iag0o3jaaa0r9","previousOperationId":"s95lfp2mjeo6lyv"}
{"type":"log","timestamp":1701855316201,"level":"debug","message":"Rendering engine handlebars","meta":{"rootId":"oiq81d7y84phit4","id":"oiq81d7y84phit4"},"id":"6gzrynpd4691wju","previousOperationId":"07iag0o3jaaa0r9"}
{"type":"operationEnd","operationId":"07iag0o3jaaa0r9","timestamp":1701855316225,"id":"gmzwg1p4fg9fd9a","previousEventId":"125ncsnv6ieoteh","previousOperationId":"07iag0o3jaaa0r9"}
{"type":"operationStart","subtype":"recipe","name":"chrome-pdf","timestamp":1701855316225,"id":"fpt04hw67cnrgdg","previousEventId":"gmzwg1p4fg9fd9a","operationId":"g3gp7rjdqy9621x","previousOperationId":"07iag0o3jaaa0r9"}
{"type":"log","timestamp":1701855316225,"level":"debug","message":"Executing recipe chrome-pdf","meta":{"rootId":"oiq81d7y84phit4","id":"oiq81d7y84phit4"},"id":"5g0lq6qc2uc8c1c","previousOperationId":"g3gp7rjdqy9621x"}
{"type":"log","timestamp":1701855316227,"level":"debug","message":"Converting with chrome HeadlessChrome/117.0.5938.149 using chrome-pool strategy","meta":{"rootId":"oiq81d7y84phit4","id":"oiq81d7y84phit4"},"id":"z9r90zirozuegxp","previousOperationId":"g3gp7rjdqy9621x"}
{"type":"log","timestamp":1701855316275,"level":"debug","message":"Page request: GET (document) file:///var/folders/dp/qk79pfcj0y1fmtkkl08m76rc0000gn/T/jsreport/autocleanup/28b365d6-832b-4f74-98c5-ba067622a028-chrome-pdf.html","meta":{"rootId":"oiq81d7y84phit4","id":"oiq81d7y84phit4"},"id":"gk18c41mldn9zgg","previousOperationId":"g3gp7rjdqy9621x"}
{"type":"log","timestamp":1701855316279,"level":"debug","message":"Page request finished: GET (document) 200 file:///var/folders/dp/qk79pfcj0y1fmtkkl08m76rc0000gn/T/jsreport/autocleanup/28b365d6-832b-4f74-98c5-ba067622a028-chrome-pdf.html","meta":{"rootId":"oiq81d7y84phit4","id":"oiq81d7y84phit4"},"id":"vrwzduc558vn3vc","previousOperationId":"g3gp7rjdqy9621x"}
{"type":"log","timestamp":1701855316290,"level":"debug","message":"Custom viewport for chrome page width=800, height=2000","meta":{"rootId":"oiq81d7y84phit4","id":"oiq81d7y84phit4"},"id":"vugabzxj05cwdhx","previousOperationId":"g3gp7rjdqy9621x"}
{"type":"log","timestamp":1701855316296,"level":"debug","message":"Running chrome with params {\"printBackground\":true,\"width\":\"5.8cm\",\"height\":\"40cm\",\"marginRight\":\"0cm\",\"marginLeft\":\"0cm\",\"timeout\":59952,\"margin\":{\"right\":\"0cm\",\"left\":\"0cm\"}}","meta":{"rootId":"oiq81d7y84phit4","id":"oiq81d7y84phit4"},"id":"f2dnjzbys1vfqao","previousOperationId":"g3gp7rjdqy9621x"}
{"type":"operationEnd","operationId":"g3gp7rjdqy9621x","timestamp":1701855316320,"id":"g8otk7465ci8euj","previousEventId":"fpt04hw67cnrgdg","previousOperationId":"g3gp7rjdqy9621x"}
{"type":"log","timestamp":1701855316320,"level":"debug","message":"Skipping storing report.","meta":{"rootId":"oiq81d7y84phit4","id":"oiq81d7y84phit4"},"id":"mxth8wy0h3bre5u","previousOperationId":"g3gp7rjdqy9621x"}
{"type":"log","timestamp":1701855316320,"level":"info","message":"Rendering request 30 finished in 142 ms","meta":{"rootId":"oiq81d7y84phit4","id":"oiq81d7y84phit4"},"id":"htc7buom87uukyo","previousOperationId":"g3gp7rjdqy9621x"}
{"type":"operationEnd","subtype":"render","operationId":"s95lfp2mjeo6lyv","timestamp":1701855316320,"id":"4hhxt3nsi3gfbd4","previousEventId":"g8otk7465ci8euj","previousOperationId":"g3gp7rjdqy9621x"}
{"type":"operationEnd","doDiffs":false,"previousEventId":"erkz0dk54fcd1sy","previousOperationId":"6ufbal9urafahc6","operationId":"6ufbal9urafahc6","timestamp":1701855316321,"id":"ahirn1ewdqr97oq"}
