{"type":"operationStart","subtype":"profile","data":{"_id":"ftptRnM0Cdz8ZyEH","timestamp":"2023-11-28T13:50:50.765Z","state":"queued","mode":"standard","creationDate":"2023-11-28T13:50:50.768Z","modificationDate":"2023-11-28T13:50:50.768Z","shortid":"QNagFPx","$entitySet":"profiles"},"doDiffs":false,"timestamp":1701179450767,"id":"0rsi773mxib3spw","previousOperationId":null,"operationId":"z5fgcvqfobj70f4"}
{"type":"log","level":"info","message":"Render request 98 queued for execution and waiting for available worker","previousOperationId":"z5fgcvqfobj70f4","timestamp":1701179450767,"id":"bemqxmhkw1h0ee5"}
{"type":"operationStart","subtype":"render","name":"pns_index","previousOperationId":"z5fgcvqfobj70f4","timestamp":1701179450787,"id":"7htxxsvw805ysp7","previousEventId":"0rsi773mxib3spw","operationId":"z67jgqn2sdesheb"}
{"type":"log","timestamp":1701179450787,"level":"info","message":"Starting rendering request 98","meta":{"rootId":"oo0slpd3ewao0dc","id":"oo0slpd3ewao0dc"},"id":"y2iwde6m9zydws9","previousOperationId":"z67jgqn2sdesheb"}
{"type":"log","timestamp":1701179450787,"level":"info","message":"Rendering template { name: pns_index, recipe: chrome-pdf, engine: handlebars, preview: true }","meta":{"rootId":"oo0slpd3ewao0dc","id":"oo0slpd3ewao0dc"},"id":"sli9zihviqtzb76","previousOperationId":"z67jgqn2sdesheb"}
{"type":"log","timestamp":1701179450789,"level":"debug","message":"Inline data specified.","meta":{"rootId":"oo0slpd3ewao0dc","id":"oo0slpd3ewao0dc"},"id":"blpql9dupaoej0l","previousOperationId":"z67jgqn2sdesheb"}
{"type":"log","timestamp":1701179450791,"level":"debug","message":"Base url not specified, skipping its injection.","meta":{"rootId":"oo0slpd3ewao0dc","id":"oo0slpd3ewao0dc"},"id":"2dlhorlps3uzde3","previousOperationId":"z67jgqn2sdesheb"}
{"type":"operationStart","subtype":"engine","name":"handlebars","timestamp":1701179450792,"id":"kch9x0vcvvu1due","previousEventId":"7htxxsvw805ysp7","operationId":"d5dxydnegj5svyo","previousOperationId":"z67jgqn2sdesheb"}
{"type":"log","timestamp":1701179450792,"level":"debug","message":"Rendering engine handlebars","meta":{"rootId":"oo0slpd3ewao0dc","id":"oo0slpd3ewao0dc"},"id":"alxh40vh1hloqum","previousOperationId":"d5dxydnegj5svyo"}
{"type":"operationEnd","operationId":"d5dxydnegj5svyo","timestamp":1701179450816,"id":"cmctazkgn3fpeiw","previousEventId":"kch9x0vcvvu1due","previousOperationId":"d5dxydnegj5svyo"}
{"type":"operationStart","subtype":"recipe","name":"chrome-pdf","timestamp":1701179450816,"id":"zoblsuhklukbtgc","previousEventId":"cmctazkgn3fpeiw","operationId":"dqsym42meyj0ask","previousOperationId":"d5dxydnegj5svyo"}
{"type":"log","timestamp":1701179450816,"level":"debug","message":"Executing recipe chrome-pdf","meta":{"rootId":"oo0slpd3ewao0dc","id":"oo0slpd3ewao0dc"},"id":"4wd5u00xdjbv4d4","previousOperationId":"dqsym42meyj0ask"}
{"type":"log","timestamp":1701179450817,"level":"debug","message":"Converting with chrome HeadlessChrome/117.0.5938.149 using chrome-pool strategy","meta":{"rootId":"oo0slpd3ewao0dc","id":"oo0slpd3ewao0dc"},"id":"k3goke8wxd27ss8","previousOperationId":"dqsym42meyj0ask"}
{"type":"log","timestamp":1701179450869,"level":"debug","message":"Page request: GET (document) file:///var/folders/dp/qk79pfcj0y1fmtkkl08m76rc0000gn/T/jsreport/autocleanup/ca8a5557-bfa9-478e-a989-ef89c0e37feb-chrome-pdf.html","meta":{"rootId":"oo0slpd3ewao0dc","id":"oo0slpd3ewao0dc"},"id":"406vewg6dfs6e2o","previousOperationId":"dqsym42meyj0ask"}
{"type":"log","timestamp":1701179450874,"level":"debug","message":"Page request finished: GET (document) 200 file:///var/folders/dp/qk79pfcj0y1fmtkkl08m76rc0000gn/T/jsreport/autocleanup/ca8a5557-bfa9-478e-a989-ef89c0e37feb-chrome-pdf.html","meta":{"rootId":"oo0slpd3ewao0dc","id":"oo0slpd3ewao0dc"},"id":"w1tbryyna2pqh97","previousOperationId":"dqsym42meyj0ask"}
{"type":"log","timestamp":1701179450885,"level":"debug","message":"Custom viewport for chrome page width=800, height=2000","meta":{"rootId":"oo0slpd3ewao0dc","id":"oo0slpd3ewao0dc"},"id":"ygp1pkuhaxjww0h","previousOperationId":"dqsym42meyj0ask"}
{"type":"log","timestamp":1701179450886,"level":"debug","message":"Running chrome with params {\"printBackground\":true,\"width\":\"5.8cm\",\"height\":\"50cm\",\"timeout\":59948,\"margin\":{}}","meta":{"rootId":"oo0slpd3ewao0dc","id":"oo0slpd3ewao0dc"},"id":"fj40pqu3acntslt","previousOperationId":"dqsym42meyj0ask"}
{"type":"operationEnd","operationId":"dqsym42meyj0ask","timestamp":1701179450915,"id":"zhn7lljshb0c9xa","previousEventId":"zoblsuhklukbtgc","previousOperationId":"dqsym42meyj0ask"}
{"type":"log","timestamp":1701179450915,"level":"debug","message":"Skipping storing report.","meta":{"rootId":"oo0slpd3ewao0dc","id":"oo0slpd3ewao0dc"},"id":"2x8ryo9jahlrpgc","previousOperationId":"dqsym42meyj0ask"}
{"type":"log","timestamp":1701179450915,"level":"info","message":"Rendering request 98 finished in 150 ms","meta":{"rootId":"oo0slpd3ewao0dc","id":"oo0slpd3ewao0dc"},"id":"3nxkw06vumqpkpx","previousOperationId":"dqsym42meyj0ask"}
{"type":"operationEnd","subtype":"render","operationId":"z67jgqn2sdesheb","timestamp":1701179450915,"id":"8102xv0hfrsqhr6","previousEventId":"zhn7lljshb0c9xa","previousOperationId":"dqsym42meyj0ask"}
{"type":"operationEnd","doDiffs":false,"previousEventId":"0rsi773mxib3spw","previousOperationId":"z5fgcvqfobj70f4","operationId":"z5fgcvqfobj70f4","timestamp":1701179450917,"id":"hmzpzpu4dncyj06"}
