{"type":"operationStart","subtype":"profile","data":{"_id":"LpusimTYRphb4gNP","timestamp":"2023-12-06T09:36:27.073Z","state":"queued","mode":"standard","creationDate":"2023-12-06T09:36:27.075Z","modificationDate":"2023-12-06T09:36:27.075Z","shortid":"ZIzApxn","$entitySet":"profiles"},"doDiffs":false,"timestamp":1701855387074,"id":"1wvg62qw6x1mkcl","previousOperationId":null,"operationId":"y0xgowx0xl1umd6"}
{"type":"log","level":"info","message":"Render request 32 queued for execution and waiting for available worker","previousOperationId":"y0xgowx0xl1umd6","timestamp":1701855387074,"id":"x2pr9yuo3t3s072"}
{"type":"operationStart","subtype":"render","name":"pns_index","previousOperationId":"y0xgowx0xl1umd6","timestamp":1701855387089,"id":"q0un5sjm0x118o1","previousEventId":"1wvg62qw6x1mkcl","operationId":"fwstj8gh5gvq73z"}
{"type":"log","timestamp":1701855387089,"level":"info","message":"Starting rendering request 32","meta":{"rootId":"owo4b0jx17c1bk4","id":"owo4b0jx17c1bk4"},"id":"x7904zn9o9jaefk","previousOperationId":"fwstj8gh5gvq73z"}
{"type":"log","timestamp":1701855387090,"level":"info","message":"Rendering template { name: pns_index, recipe: chrome-pdf, engine: handlebars, preview: true }","meta":{"rootId":"owo4b0jx17c1bk4","id":"owo4b0jx17c1bk4"},"id":"809srjwtu3crchu","previousOperationId":"fwstj8gh5gvq73z"}
{"type":"log","timestamp":1701855387090,"level":"debug","message":"Inline data specified.","meta":{"rootId":"owo4b0jx17c1bk4","id":"owo4b0jx17c1bk4"},"id":"bcs1qqxhmnda6un","previousOperationId":"fwstj8gh5gvq73z"}
{"type":"log","timestamp":1701855387091,"level":"debug","message":"Base url not specified, skipping its injection.","meta":{"rootId":"owo4b0jx17c1bk4","id":"owo4b0jx17c1bk4"},"id":"c2uzgu8jg1akuou","previousOperationId":"fwstj8gh5gvq73z"}
{"type":"log","timestamp":1701855387092,"level":"debug","message":"Replaced assets [\"styles.css\"]","meta":{"rootId":"owo4b0jx17c1bk4","id":"owo4b0jx17c1bk4"},"id":"fzv0mgm6ib38kzn","previousOperationId":"fwstj8gh5gvq73z"}
{"type":"operationStart","subtype":"engine","name":"handlebars","timestamp":1701855387092,"id":"1kvukmstpigsnbq","previousEventId":"q0un5sjm0x118o1","operationId":"0kxh41awcwun9ii","previousOperationId":"fwstj8gh5gvq73z"}
{"type":"log","timestamp":1701855387092,"level":"debug","message":"Rendering engine handlebars","meta":{"rootId":"owo4b0jx17c1bk4","id":"owo4b0jx17c1bk4"},"id":"xr567j8w6welbtp","previousOperationId":"0kxh41awcwun9ii"}
{"type":"operationEnd","operationId":"0kxh41awcwun9ii","timestamp":1701855387118,"id":"vvnjgwyi37ca202","previousEventId":"1kvukmstpigsnbq","previousOperationId":"0kxh41awcwun9ii"}
{"type":"operationStart","subtype":"recipe","name":"chrome-pdf","timestamp":1701855387119,"id":"zjdwho94xja19qs","previousEventId":"vvnjgwyi37ca202","operationId":"uaotqjej664wgyc","previousOperationId":"0kxh41awcwun9ii"}
{"type":"log","timestamp":1701855387119,"level":"debug","message":"Executing recipe chrome-pdf","meta":{"rootId":"owo4b0jx17c1bk4","id":"owo4b0jx17c1bk4"},"id":"7d1dt2r4qgbp4x8","previousOperationId":"uaotqjej664wgyc"}
{"type":"log","timestamp":1701855387120,"level":"debug","message":"Converting with chrome HeadlessChrome/117.0.5938.149 using chrome-pool strategy","meta":{"rootId":"owo4b0jx17c1bk4","id":"owo4b0jx17c1bk4"},"id":"k2a1swbva4cmbn9","previousOperationId":"uaotqjej664wgyc"}
{"type":"log","timestamp":1701855387165,"level":"debug","message":"Page request: GET (document) file:///var/folders/dp/qk79pfcj0y1fmtkkl08m76rc0000gn/T/jsreport/autocleanup/d6b3844d-2ecb-42a5-8fa5-0ff4332b6dec-chrome-pdf.html","meta":{"rootId":"owo4b0jx17c1bk4","id":"owo4b0jx17c1bk4"},"id":"m08luxw91ofhi3b","previousOperationId":"uaotqjej664wgyc"}
{"type":"log","timestamp":1701855387170,"level":"debug","message":"Page request finished: GET (document) 200 file:///var/folders/dp/qk79pfcj0y1fmtkkl08m76rc0000gn/T/jsreport/autocleanup/d6b3844d-2ecb-42a5-8fa5-0ff4332b6dec-chrome-pdf.html","meta":{"rootId":"owo4b0jx17c1bk4","id":"owo4b0jx17c1bk4"},"id":"ce29jrd2xnmdfzk","previousOperationId":"uaotqjej664wgyc"}
{"type":"log","timestamp":1701855387181,"level":"debug","message":"Custom viewport for chrome page width=800, height=2000","meta":{"rootId":"owo4b0jx17c1bk4","id":"owo4b0jx17c1bk4"},"id":"e9must90dhu46ci","previousOperationId":"uaotqjej664wgyc"}
{"type":"log","timestamp":1701855387187,"level":"debug","message":"Running chrome with params {\"printBackground\":true,\"width\":\"5.8cm\",\"height\":\"40cm\",\"marginRight\":\"0cm\",\"marginLeft\":\"0cm\",\"timeout\":59952,\"margin\":{\"right\":\"0cm\",\"left\":\"0cm\"}}","meta":{"rootId":"owo4b0jx17c1bk4","id":"owo4b0jx17c1bk4"},"id":"ksagx45ptyc59pb","previousOperationId":"uaotqjej664wgyc"}
{"type":"operationEnd","operationId":"uaotqjej664wgyc","timestamp":1701855387212,"id":"yx9b99mruaajw5h","previousEventId":"zjdwho94xja19qs","previousOperationId":"uaotqjej664wgyc"}
{"type":"log","timestamp":1701855387212,"level":"debug","message":"Skipping storing report.","meta":{"rootId":"owo4b0jx17c1bk4","id":"owo4b0jx17c1bk4"},"id":"13ed78we7agad4b","previousOperationId":"uaotqjej664wgyc"}
{"type":"log","timestamp":1701855387212,"level":"info","message":"Rendering request 32 finished in 140 ms","meta":{"rootId":"owo4b0jx17c1bk4","id":"owo4b0jx17c1bk4"},"id":"o21a46fc0bhhxag","previousOperationId":"uaotqjej664wgyc"}
{"type":"operationEnd","subtype":"render","operationId":"fwstj8gh5gvq73z","timestamp":1701855387212,"id":"mdm9m7g5m5yjubs","previousEventId":"yx9b99mruaajw5h","previousOperationId":"uaotqjej664wgyc"}
{"type":"operationEnd","doDiffs":false,"previousEventId":"1wvg62qw6x1mkcl","previousOperationId":"y0xgowx0xl1umd6","operationId":"y0xgowx0xl1umd6","timestamp":1701855387213,"id":"535ihfml62gs2jh"}
