{"type":"operationStart","subtype":"profile","data":{"_id":"kBgAfDPWoD5NMoAI","timestamp":"2023-11-28T11:20:56.018Z","state":"queued","mode":"standard","creationDate":"2023-11-28T11:20:56.019Z","modificationDate":"2023-11-28T11:20:56.019Z","shortid":"R50-ds8","$entitySet":"profiles"},"doDiffs":false,"timestamp":1701170456019,"id":"3bekud8amdlizez","previousOperationId":null,"operationId":"q9x6veiy2etqdb1"}
{"type":"log","level":"info","message":"Render request 7 queued for execution and waiting for available worker","previousOperationId":"q9x6veiy2etqdb1","timestamp":1701170456019,"id":"0vbrf10wt8tf1hy"}
{"type":"operationStart","subtype":"render","name":"pns_index","previousOperationId":"q9x6veiy2etqdb1","timestamp":1701170456033,"id":"hvyrey0kr4galxb","previousEventId":"3bekud8amdlizez","operationId":"v6zw3e6iguicvkf"}
{"type":"log","timestamp":1701170456033,"level":"info","message":"Starting rendering request 7","meta":{"rootId":"oxqrucfatocq2ek","id":"oxqrucfatocq2ek"},"id":"838pfrnmzdy9uz1","previousOperationId":"v6zw3e6iguicvkf"}
{"type":"log","timestamp":1701170456033,"level":"info","message":"Rendering template { name: pns_index, recipe: chrome-pdf, engine: handlebars, preview: true }","meta":{"rootId":"oxqrucfatocq2ek","id":"oxqrucfatocq2ek"},"id":"2ieos04wu7reycw","previousOperationId":"v6zw3e6iguicvkf"}
{"type":"log","timestamp":1701170456034,"level":"debug","message":"Inline data specified.","meta":{"rootId":"oxqrucfatocq2ek","id":"oxqrucfatocq2ek"},"id":"a93z3rjkp334c9v","previousOperationId":"v6zw3e6iguicvkf"}
{"type":"log","timestamp":1701170456035,"level":"debug","message":"Base url not specified, skipping its injection.","meta":{"rootId":"oxqrucfatocq2ek","id":"oxqrucfatocq2ek"},"id":"b6btsglver0bvr4","previousOperationId":"v6zw3e6iguicvkf"}
{"type":"operationStart","subtype":"engine","name":"handlebars","timestamp":1701170456036,"id":"n1dxf5gvgdf2xi8","previousEventId":"hvyrey0kr4galxb","operationId":"g0qnsls0njwz0a8","previousOperationId":"v6zw3e6iguicvkf"}
{"type":"log","timestamp":1701170456036,"level":"debug","message":"Rendering engine handlebars","meta":{"rootId":"oxqrucfatocq2ek","id":"oxqrucfatocq2ek"},"id":"mxjbxuaa56zhs9b","previousOperationId":"g0qnsls0njwz0a8"}
{"type":"operationEnd","operationId":"g0qnsls0njwz0a8","timestamp":1701170456053,"id":"lp258vbgaprevft","previousEventId":"n1dxf5gvgdf2xi8","previousOperationId":"g0qnsls0njwz0a8"}
{"type":"operationStart","subtype":"recipe","name":"chrome-pdf","timestamp":1701170456053,"id":"vd3irm3jmlkhpbm","previousEventId":"lp258vbgaprevft","operationId":"q8lt8z2b5j8i3e2","previousOperationId":"g0qnsls0njwz0a8"}
{"type":"log","timestamp":1701170456053,"level":"debug","message":"Executing recipe chrome-pdf","meta":{"rootId":"oxqrucfatocq2ek","id":"oxqrucfatocq2ek"},"id":"3pu9zau8d8jgc6s","previousOperationId":"q8lt8z2b5j8i3e2"}
{"type":"log","timestamp":1701170456055,"level":"debug","message":"Converting with chrome HeadlessChrome/117.0.5938.149 using chrome-pool strategy","meta":{"rootId":"oxqrucfatocq2ek","id":"oxqrucfatocq2ek"},"id":"43cxiu2c1wr1gnn","previousOperationId":"q8lt8z2b5j8i3e2"}
{"type":"log","timestamp":1701170456099,"level":"debug","message":"Page request: GET (document) file:///var/folders/dp/qk79pfcj0y1fmtkkl08m76rc0000gn/T/jsreport/autocleanup/d4da617f-a644-4f17-ba23-755a5f15cf6a-chrome-pdf.html","meta":{"rootId":"oxqrucfatocq2ek","id":"oxqrucfatocq2ek"},"id":"26bcvoye4nm6m3q","previousOperationId":"q8lt8z2b5j8i3e2"}
{"type":"log","timestamp":1701170456105,"level":"debug","message":"Page request finished: GET (document) 200 file:///var/folders/dp/qk79pfcj0y1fmtkkl08m76rc0000gn/T/jsreport/autocleanup/d4da617f-a644-4f17-ba23-755a5f15cf6a-chrome-pdf.html","meta":{"rootId":"oxqrucfatocq2ek","id":"oxqrucfatocq2ek"},"id":"yc54fq7oha3v0pq","previousOperationId":"q8lt8z2b5j8i3e2"}
{"type":"log","timestamp":1701170456114,"level":"debug","message":"Running chrome with params {\"printBackground\":true,\"width\":\"8cm\",\"timeout\":59963,\"margin\":{}}","meta":{"rootId":"oxqrucfatocq2ek","id":"oxqrucfatocq2ek"},"id":"rrqs1y65ajqc6wp","previousOperationId":"q8lt8z2b5j8i3e2"}
{"type":"operationEnd","operationId":"q8lt8z2b5j8i3e2","timestamp":1701170456137,"id":"vpq7ep6nc5x97jt","previousEventId":"vd3irm3jmlkhpbm","previousOperationId":"q8lt8z2b5j8i3e2"}
{"type":"log","timestamp":1701170456137,"level":"debug","message":"Skipping storing report.","meta":{"rootId":"oxqrucfatocq2ek","id":"oxqrucfatocq2ek"},"id":"8vcbmj5u7yakoku","previousOperationId":"q8lt8z2b5j8i3e2"}
{"type":"log","timestamp":1701170456137,"level":"info","message":"Rendering request 7 finished in 119 ms","meta":{"rootId":"oxqrucfatocq2ek","id":"oxqrucfatocq2ek"},"id":"dznhojl7t0dvewe","previousOperationId":"q8lt8z2b5j8i3e2"}
{"type":"operationEnd","subtype":"render","operationId":"v6zw3e6iguicvkf","timestamp":1701170456137,"id":"wfuoczy0aiy7lhz","previousEventId":"vpq7ep6nc5x97jt","previousOperationId":"q8lt8z2b5j8i3e2"}
{"type":"operationEnd","doDiffs":false,"previousEventId":"3bekud8amdlizez","previousOperationId":"q9x6veiy2etqdb1","operationId":"q9x6veiy2etqdb1","timestamp":1701170456138,"id":"arj74korcgipfra"}
