{"type":"operationStart","subtype":"profile","data":{"_id":"shesWPdaiDFyFbEa","timestamp":"2023-11-28T10:20:04.016Z","state":"queued","mode":"standard","creationDate":"2023-11-28T10:20:04.018Z","modificationDate":"2023-11-28T10:20:04.018Z","shortid":"RHhlHO7","$entitySet":"profiles"},"doDiffs":false,"timestamp":1701166804018,"id":"cgx6xwo44k3xs9j","previousOperationId":null,"operationId":"gj8f4yb92biry8o"}
{"type":"log","level":"info","message":"Render request 22 queued for execution and waiting for available worker","previousOperationId":"gj8f4yb92biry8o","timestamp":1701166804018,"id":"we3vjomg2zrmxa1"}
{"type":"operationStart","subtype":"render","name":"pns_index","previousOperationId":"gj8f4yb92biry8o","timestamp":1701166804028,"id":"77nopp9jwxzfh4j","previousEventId":"cgx6xwo44k3xs9j","operationId":"lc9ku94pwexlvw4"}
{"type":"log","timestamp":1701166804028,"level":"info","message":"Starting rendering request 22","meta":{"rootId":"p284yjj72qtosqk","id":"p284yjj72qtosqk"},"id":"59vu36s8ow40079","previousOperationId":"lc9ku94pwexlvw4"}
{"type":"log","timestamp":1701166804029,"level":"info","message":"Rendering template { name: pns_index, recipe: chrome-pdf, engine: handlebars, preview: true }","meta":{"rootId":"p284yjj72qtosqk","id":"p284yjj72qtosqk"},"id":"vbhvy0mrbhgxkdu","previousOperationId":"lc9ku94pwexlvw4"}
{"type":"log","timestamp":1701166804032,"level":"debug","message":"Inline data specified.","meta":{"rootId":"p284yjj72qtosqk","id":"p284yjj72qtosqk"},"id":"wwgkhps5fxhz7o5","previousOperationId":"lc9ku94pwexlvw4"}
{"type":"log","timestamp":1701166804033,"level":"debug","message":"Base url not specified, skipping its injection.","meta":{"rootId":"p284yjj72qtosqk","id":"p284yjj72qtosqk"},"id":"vybdg7pv9hn1xaa","previousOperationId":"lc9ku94pwexlvw4"}
{"type":"operationStart","subtype":"engine","name":"handlebars","timestamp":1701166804033,"id":"1rrlmegrl1iwwh5","previousEventId":"77nopp9jwxzfh4j","operationId":"oh2cstsjqz0xfcd","previousOperationId":"lc9ku94pwexlvw4"}
{"type":"log","timestamp":1701166804034,"level":"debug","message":"Rendering engine handlebars","meta":{"rootId":"p284yjj72qtosqk","id":"p284yjj72qtosqk"},"id":"eq5g90hl2hinwd3","previousOperationId":"oh2cstsjqz0xfcd"}
{"type":"operationEnd","operationId":"oh2cstsjqz0xfcd","timestamp":1701166804050,"id":"hnczcy9gteb8mye","previousEventId":"1rrlmegrl1iwwh5","previousOperationId":"oh2cstsjqz0xfcd"}
{"type":"operationStart","subtype":"recipe","name":"chrome-pdf","timestamp":1701166804050,"id":"wctzg4yllyc6cu1","previousEventId":"hnczcy9gteb8mye","operationId":"kwgd6kplmkukqik","previousOperationId":"oh2cstsjqz0xfcd"}
{"type":"log","timestamp":1701166804050,"level":"debug","message":"Executing recipe chrome-pdf","meta":{"rootId":"p284yjj72qtosqk","id":"p284yjj72qtosqk"},"id":"xhsigzrivib01gz","previousOperationId":"kwgd6kplmkukqik"}
{"type":"log","timestamp":1701166804051,"level":"debug","message":"Converting with chrome HeadlessChrome/117.0.5938.149 using chrome-pool strategy","meta":{"rootId":"p284yjj72qtosqk","id":"p284yjj72qtosqk"},"id":"1yfcswr1dad7gqc","previousOperationId":"kwgd6kplmkukqik"}
{"type":"log","timestamp":1701166804091,"level":"debug","message":"Page request: GET (document) file:///var/folders/dp/qk79pfcj0y1fmtkkl08m76rc0000gn/T/jsreport/autocleanup/752674f5-e936-4a3e-bb49-f9337caeb00e-chrome-pdf.html","meta":{"rootId":"p284yjj72qtosqk","id":"p284yjj72qtosqk"},"id":"lqhw6q37t41tze4","previousOperationId":"kwgd6kplmkukqik"}
{"type":"log","timestamp":1701166804096,"level":"debug","message":"Page request finished: GET (document) 200 file:///var/folders/dp/qk79pfcj0y1fmtkkl08m76rc0000gn/T/jsreport/autocleanup/752674f5-e936-4a3e-bb49-f9337caeb00e-chrome-pdf.html","meta":{"rootId":"p284yjj72qtosqk","id":"p284yjj72qtosqk"},"id":"w1npj2svpsq4scx","previousOperationId":"kwgd6kplmkukqik"}
{"type":"log","timestamp":1701166804103,"level":"debug","message":"Running chrome with params {\"printBackground\":true,\"width\":\"8cm\",\"timeout\":59965,\"margin\":{}}","meta":{"rootId":"p284yjj72qtosqk","id":"p284yjj72qtosqk"},"id":"8953kwtwsxfyqjd","previousOperationId":"kwgd6kplmkukqik"}
{"type":"operationEnd","operationId":"kwgd6kplmkukqik","timestamp":1701166804129,"id":"e0vof3oownijr68","previousEventId":"wctzg4yllyc6cu1","previousOperationId":"kwgd6kplmkukqik"}
{"type":"log","timestamp":1701166804130,"level":"debug","message":"Skipping storing report.","meta":{"rootId":"p284yjj72qtosqk","id":"p284yjj72qtosqk"},"id":"1yjlwsfu11l77rs","previousOperationId":"kwgd6kplmkukqik"}
{"type":"log","timestamp":1701166804130,"level":"info","message":"Rendering request 22 finished in 114 ms","meta":{"rootId":"p284yjj72qtosqk","id":"p284yjj72qtosqk"},"id":"12vs6gelvh0h50v","previousOperationId":"kwgd6kplmkukqik"}
{"type":"operationEnd","subtype":"render","operationId":"lc9ku94pwexlvw4","timestamp":1701166804130,"id":"9w06tizz63zqu56","previousEventId":"e0vof3oownijr68","previousOperationId":"kwgd6kplmkukqik"}
{"type":"operationEnd","doDiffs":false,"previousEventId":"cgx6xwo44k3xs9j","previousOperationId":"gj8f4yb92biry8o","operationId":"gj8f4yb92biry8o","timestamp":1701166804131,"id":"vic1w1qtztwl78u"}
