{"type":"operationStart","subtype":"profile","data":{"_id":"TU0eBopQH3xCU2YN","timestamp":"2023-12-06T10:06:14.017Z","state":"queued","mode":"standard","creationDate":"2023-12-06T10:06:14.020Z","modificationDate":"2023-12-06T10:06:14.020Z","shortid":"d3OpKV1","$entitySet":"profiles"},"doDiffs":false,"timestamp":1701857174018,"id":"2dyq3gqj6ui2wqe","previousOperationId":null,"operationId":"3peayh1s7cz1sbz"}
{"type":"log","level":"info","message":"Render request 74 queued for execution and waiting for available worker","previousOperationId":"3peayh1s7cz1sbz","timestamp":1701857174019,"id":"2yaa7zff2j9b2v6"}
{"type":"operationStart","subtype":"render","name":"pns_index","previousOperationId":"3peayh1s7cz1sbz","timestamp":1701857174035,"id":"lvv9hxag5j9g2wu","previousEventId":"2dyq3gqj6ui2wqe","operationId":"cx25r5ljsapy6f7"}
{"type":"log","timestamp":1701857174035,"level":"info","message":"Starting rendering request 74","meta":{"rootId":"p4d56dopgbioimj","id":"p4d56dopgbioimj"},"id":"rwnvuqc9txydajl","previousOperationId":"cx25r5ljsapy6f7"}
{"type":"log","timestamp":1701857174035,"level":"info","message":"Rendering template { name: pns_index, recipe: chrome-pdf, engine: handlebars, preview: true }","meta":{"rootId":"p4d56dopgbioimj","id":"p4d56dopgbioimj"},"id":"dtyk3mn35ney0ys","previousOperationId":"cx25r5ljsapy6f7"}
{"type":"log","timestamp":1701857174036,"level":"debug","message":"Inline data specified.","meta":{"rootId":"p4d56dopgbioimj","id":"p4d56dopgbioimj"},"id":"saf9barep5zytrh","previousOperationId":"cx25r5ljsapy6f7"}
{"type":"log","timestamp":1701857174041,"level":"debug","message":"Base url not specified, skipping its injection.","meta":{"rootId":"p4d56dopgbioimj","id":"p4d56dopgbioimj"},"id":"6ck8m3h06qxshpw","previousOperationId":"cx25r5ljsapy6f7"}
{"type":"log","timestamp":1701857174044,"level":"debug","message":"Replaced assets [\"styles.css\"]","meta":{"rootId":"p4d56dopgbioimj","id":"p4d56dopgbioimj"},"id":"sobg3j1hpdhb7fr","previousOperationId":"cx25r5ljsapy6f7"}
{"type":"operationStart","subtype":"engine","name":"handlebars","timestamp":1701857174045,"id":"mrj9i8kuvkcboax","previousEventId":"lvv9hxag5j9g2wu","operationId":"wp8sblrl7axvfph","previousOperationId":"cx25r5ljsapy6f7"}
{"type":"log","timestamp":1701857174045,"level":"debug","message":"Rendering engine handlebars","meta":{"rootId":"p4d56dopgbioimj","id":"p4d56dopgbioimj"},"id":"baqeyr7yvvk2eku","previousOperationId":"wp8sblrl7axvfph"}
{"type":"operationEnd","operationId":"wp8sblrl7axvfph","timestamp":1701857174079,"id":"whayo27lxtx3f4x","previousEventId":"mrj9i8kuvkcboax","previousOperationId":"wp8sblrl7axvfph"}
{"type":"operationStart","subtype":"recipe","name":"chrome-pdf","timestamp":1701857174080,"id":"yt46zgjyrdaf7uq","previousEventId":"whayo27lxtx3f4x","operationId":"xioc0jwy7bhmw6y","previousOperationId":"wp8sblrl7axvfph"}
{"type":"log","timestamp":1701857174080,"level":"debug","message":"Executing recipe chrome-pdf","meta":{"rootId":"p4d56dopgbioimj","id":"p4d56dopgbioimj"},"id":"97zgz19sr91km58","previousOperationId":"xioc0jwy7bhmw6y"}
{"type":"log","timestamp":1701857174081,"level":"debug","message":"Converting with chrome HeadlessChrome/117.0.5938.149 using chrome-pool strategy","meta":{"rootId":"p4d56dopgbioimj","id":"p4d56dopgbioimj"},"id":"mpg2msdcedm1q2t","previousOperationId":"xioc0jwy7bhmw6y"}
{"type":"log","timestamp":1701857174137,"level":"debug","message":"Page request: GET (document) file:///var/folders/dp/qk79pfcj0y1fmtkkl08m76rc0000gn/T/jsreport/autocleanup/e8fd601f-6461-4553-84e0-96dedc616a4d-chrome-pdf.html","meta":{"rootId":"p4d56dopgbioimj","id":"p4d56dopgbioimj"},"id":"9asejorr1ax8w5r","previousOperationId":"xioc0jwy7bhmw6y"}
{"type":"log","timestamp":1701857174142,"level":"debug","message":"Page request finished: GET (document) 200 file:///var/folders/dp/qk79pfcj0y1fmtkkl08m76rc0000gn/T/jsreport/autocleanup/e8fd601f-6461-4553-84e0-96dedc616a4d-chrome-pdf.html","meta":{"rootId":"p4d56dopgbioimj","id":"p4d56dopgbioimj"},"id":"s3ubrzdaezndup8","previousOperationId":"xioc0jwy7bhmw6y"}
{"type":"log","timestamp":1701857174153,"level":"debug","message":"Custom viewport for chrome page width=800, height=2000","meta":{"rootId":"p4d56dopgbioimj","id":"p4d56dopgbioimj"},"id":"h8nmeanwh2wsl9z","previousOperationId":"xioc0jwy7bhmw6y"}
{"type":"log","timestamp":1701857174154,"level":"debug","message":"Running chrome with params {\"printBackground\":true,\"width\":\"6.8cm\",\"height\":\"60cm\",\"marginRight\":\"0cm\",\"marginLeft\":\"0cm\",\"timeout\":59936,\"margin\":{\"right\":\"0cm\",\"left\":\"0cm\"}}","meta":{"rootId":"p4d56dopgbioimj","id":"p4d56dopgbioimj"},"id":"6xji0lxv2cnzelx","previousOperationId":"xioc0jwy7bhmw6y"}
{"type":"operationEnd","operationId":"xioc0jwy7bhmw6y","timestamp":1701857174184,"id":"9w77dljrlhenhfn","previousEventId":"yt46zgjyrdaf7uq","previousOperationId":"xioc0jwy7bhmw6y"}
{"type":"log","timestamp":1701857174184,"level":"debug","message":"Skipping storing report.","meta":{"rootId":"p4d56dopgbioimj","id":"p4d56dopgbioimj"},"id":"w1k72avaedcxss8","previousOperationId":"xioc0jwy7bhmw6y"}
{"type":"log","timestamp":1701857174184,"level":"info","message":"Rendering request 74 finished in 167 ms","meta":{"rootId":"p4d56dopgbioimj","id":"p4d56dopgbioimj"},"id":"f5jp9uya4t1fq4a","previousOperationId":"xioc0jwy7bhmw6y"}
{"type":"operationEnd","subtype":"render","operationId":"cx25r5ljsapy6f7","timestamp":1701857174184,"id":"p7ell4n1zr5f6g6","previousEventId":"9w77dljrlhenhfn","previousOperationId":"xioc0jwy7bhmw6y"}
{"type":"operationEnd","doDiffs":false,"previousEventId":"2dyq3gqj6ui2wqe","previousOperationId":"3peayh1s7cz1sbz","operationId":"3peayh1s7cz1sbz","timestamp":1701857174185,"id":"kv2whf2z7g7fw6d"}
