{"type":"operationStart","subtype":"profile","data":{"_id":"eG4USbF6sc4qfQ8Q","timestamp":"2023-12-04T11:48:27.994Z","state":"queued","mode":"standard","creationDate":"2023-12-04T11:48:27.995Z","modificationDate":"2023-12-04T11:48:27.995Z","shortid":"D_QQ_FQ","$entitySet":"profiles"},"doDiffs":false,"timestamp":1701690507995,"id":"7ckcci6nh20flxt","previousOperationId":null,"operationId":"5oo7ons1rjikd84"}
{"type":"log","level":"info","message":"Render request 125 queued for execution and waiting for available worker","previousOperationId":"5oo7ons1rjikd84","timestamp":1701690507995,"id":"q8cxh6hku5hi9fs"}
{"type":"operationStart","subtype":"render","name":"pns_index","previousOperationId":"5oo7ons1rjikd84","timestamp":1701690508004,"id":"e20t4d3b341d0to","previousEventId":"7ckcci6nh20flxt","operationId":"c26kgxfiaoi4yvu"}
{"type":"log","timestamp":1701690508004,"level":"info","message":"Starting rendering request 125","meta":{"rootId":"p820eehf561d1vr","id":"p820eehf561d1vr"},"id":"0qium0thquure9l","previousOperationId":"c26kgxfiaoi4yvu"}
{"type":"log","timestamp":1701690508004,"level":"info","message":"Rendering template { name: pns_index, recipe: chrome-pdf, engine: handlebars, preview: true }","meta":{"rootId":"p820eehf561d1vr","id":"p820eehf561d1vr"},"id":"fbay7w6dhnlvgse","previousOperationId":"c26kgxfiaoi4yvu"}
{"type":"log","timestamp":1701690508004,"level":"debug","message":"Inline data specified.","meta":{"rootId":"p820eehf561d1vr","id":"p820eehf561d1vr"},"id":"hynbao84xsejg5m","previousOperationId":"c26kgxfiaoi4yvu"}
{"type":"log","timestamp":1701690508006,"level":"debug","message":"Base url not specified, skipping its injection.","meta":{"rootId":"p820eehf561d1vr","id":"p820eehf561d1vr"},"id":"6yzeuovep24f17h","previousOperationId":"c26kgxfiaoi4yvu"}
{"type":"operationStart","subtype":"engine","name":"handlebars","timestamp":1701690508006,"id":"t3kokcsvmq8z2il","previousEventId":"e20t4d3b341d0to","operationId":"okt8ip32csl5jkn","previousOperationId":"c26kgxfiaoi4yvu"}
{"type":"log","timestamp":1701690508006,"level":"debug","message":"Rendering engine handlebars","meta":{"rootId":"p820eehf561d1vr","id":"p820eehf561d1vr"},"id":"boomr5b1g3spymr","previousOperationId":"okt8ip32csl5jkn"}
{"type":"operationEnd","operationId":"okt8ip32csl5jkn","timestamp":1701690508046,"id":"rfhzfpwwuxts5w3","previousEventId":"t3kokcsvmq8z2il","previousOperationId":"okt8ip32csl5jkn"}
{"type":"operationStart","subtype":"recipe","name":"chrome-pdf","timestamp":1701690508046,"id":"8hwnn6t0u8hfad1","previousEventId":"rfhzfpwwuxts5w3","operationId":"aw4f907v3opggv2","previousOperationId":"okt8ip32csl5jkn"}
{"type":"log","timestamp":1701690508046,"level":"debug","message":"Executing recipe chrome-pdf","meta":{"rootId":"p820eehf561d1vr","id":"p820eehf561d1vr"},"id":"36ht951d48zfydj","previousOperationId":"aw4f907v3opggv2"}
{"type":"log","timestamp":1701690508048,"level":"debug","message":"Converting with chrome HeadlessChrome/117.0.5938.149 using chrome-pool strategy","meta":{"rootId":"p820eehf561d1vr","id":"p820eehf561d1vr"},"id":"4y6m4gyiptvpady","previousOperationId":"aw4f907v3opggv2"}
{"type":"log","timestamp":1701690508097,"level":"debug","message":"Page request: GET (document) file:///var/folders/dp/qk79pfcj0y1fmtkkl08m76rc0000gn/T/jsreport/autocleanup/ca992e85-8c92-44f4-b3ef-c4d796bf94d1-chrome-pdf.html","meta":{"rootId":"p820eehf561d1vr","id":"p820eehf561d1vr"},"id":"0j2g7ki2duxdo9n","previousOperationId":"aw4f907v3opggv2"}
{"type":"log","timestamp":1701690508102,"level":"debug","message":"Page request finished: GET (document) 200 file:///var/folders/dp/qk79pfcj0y1fmtkkl08m76rc0000gn/T/jsreport/autocleanup/ca992e85-8c92-44f4-b3ef-c4d796bf94d1-chrome-pdf.html","meta":{"rootId":"p820eehf561d1vr","id":"p820eehf561d1vr"},"id":"lmjcy9x0riz62yx","previousOperationId":"aw4f907v3opggv2"}
{"type":"log","timestamp":1701690508110,"level":"debug","message":"Custom viewport for chrome page width=800, height=2000","meta":{"rootId":"p820eehf561d1vr","id":"p820eehf561d1vr"},"id":"yjvvf5jimdlugel","previousOperationId":"aw4f907v3opggv2"}
{"type":"log","timestamp":1701690508111,"level":"debug","message":"Running chrome with params {\"printBackground\":true,\"width\":\"5.8cm\",\"height\":\"50cm\",\"timeout\":59946,\"margin\":{}}","meta":{"rootId":"p820eehf561d1vr","id":"p820eehf561d1vr"},"id":"zuuge5rtc4dbez6","previousOperationId":"aw4f907v3opggv2"}
{"type":"operationEnd","operationId":"aw4f907v3opggv2","timestamp":1701690508149,"id":"am9m411ox1mwodu","previousEventId":"8hwnn6t0u8hfad1","previousOperationId":"aw4f907v3opggv2"}
{"type":"log","timestamp":1701690508149,"level":"debug","message":"Skipping storing report.","meta":{"rootId":"p820eehf561d1vr","id":"p820eehf561d1vr"},"id":"d6lh45f4vg85ier","previousOperationId":"aw4f907v3opggv2"}
{"type":"log","timestamp":1701690508150,"level":"info","message":"Rendering request 125 finished in 156 ms","meta":{"rootId":"p820eehf561d1vr","id":"p820eehf561d1vr"},"id":"h5rrn4k07syol4u","previousOperationId":"aw4f907v3opggv2"}
{"type":"operationEnd","subtype":"render","operationId":"c26kgxfiaoi4yvu","timestamp":1701690508150,"id":"e9y6jylvqtlvmhi","previousEventId":"am9m411ox1mwodu","previousOperationId":"aw4f907v3opggv2"}
{"type":"operationEnd","doDiffs":false,"previousEventId":"7ckcci6nh20flxt","previousOperationId":"5oo7ons1rjikd84","operationId":"5oo7ons1rjikd84","timestamp":1701690508151,"id":"yxq09f3yix9jfph"}
