{"type":"operationStart","subtype":"profile","data":{"_id":"xMHHJWvSKxYNM9zf","timestamp":"2023-12-06T10:00:45.686Z","state":"queued","mode":"standard","creationDate":"2023-12-06T10:00:45.689Z","modificationDate":"2023-12-06T10:00:45.689Z","shortid":"JDX-qwp","$entitySet":"profiles"},"doDiffs":false,"timestamp":1701856845688,"id":"ofp9343p7yo9t53","previousOperationId":null,"operationId":"b2rob2l3d8icuf4"}
{"type":"log","level":"info","message":"Render request 66 queued for execution and waiting for available worker","previousOperationId":"b2rob2l3d8icuf4","timestamp":1701856845688,"id":"rnvjtz0er5mjmzi"}
{"type":"operationStart","subtype":"render","name":"pns_index","previousOperationId":"b2rob2l3d8icuf4","timestamp":1701856845703,"id":"c6np0wd9vy6q99v","previousEventId":"ofp9343p7yo9t53","operationId":"3c321s3kq0nnqrz"}
{"type":"log","timestamp":1701856845703,"level":"info","message":"Starting rendering request 66","meta":{"rootId":"ptwg03amyzkhmfu","id":"ptwg03amyzkhmfu"},"id":"8x4eim0g0c9gqnu","previousOperationId":"3c321s3kq0nnqrz"}
{"type":"log","timestamp":1701856845703,"level":"info","message":"Rendering template { name: pns_index, recipe: chrome-pdf, engine: handlebars, preview: true }","meta":{"rootId":"ptwg03amyzkhmfu","id":"ptwg03amyzkhmfu"},"id":"bcj10rf7iwksgmx","previousOperationId":"3c321s3kq0nnqrz"}
{"type":"log","timestamp":1701856845706,"level":"debug","message":"Inline data specified.","meta":{"rootId":"ptwg03amyzkhmfu","id":"ptwg03amyzkhmfu"},"id":"azjcycwam4lmnuw","previousOperationId":"3c321s3kq0nnqrz"}
{"type":"log","timestamp":1701856845708,"level":"debug","message":"Base url not specified, skipping its injection.","meta":{"rootId":"ptwg03amyzkhmfu","id":"ptwg03amyzkhmfu"},"id":"5guwcvkgyrqc96b","previousOperationId":"3c321s3kq0nnqrz"}
{"type":"log","timestamp":1701856845710,"level":"debug","message":"Replaced assets [\"styles.css\"]","meta":{"rootId":"ptwg03amyzkhmfu","id":"ptwg03amyzkhmfu"},"id":"ov00r8i063a0lvk","previousOperationId":"3c321s3kq0nnqrz"}
{"type":"operationStart","subtype":"engine","name":"handlebars","timestamp":1701856845710,"id":"5oshvtwvrgotfag","previousEventId":"c6np0wd9vy6q99v","operationId":"egm56gg83zp2ae1","previousOperationId":"3c321s3kq0nnqrz"}
{"type":"log","timestamp":1701856845710,"level":"debug","message":"Rendering engine handlebars","meta":{"rootId":"ptwg03amyzkhmfu","id":"ptwg03amyzkhmfu"},"id":"2hy2eylvpkc6jjy","previousOperationId":"egm56gg83zp2ae1"}
{"type":"operationEnd","operationId":"egm56gg83zp2ae1","timestamp":1701856845746,"id":"u4f1v02pbdcmty3","previousEventId":"5oshvtwvrgotfag","previousOperationId":"egm56gg83zp2ae1"}
{"type":"operationStart","subtype":"recipe","name":"chrome-pdf","timestamp":1701856845746,"id":"j4fxh4w7sga22d5","previousEventId":"u4f1v02pbdcmty3","operationId":"k54i8cjsfjf7qh8","previousOperationId":"egm56gg83zp2ae1"}
{"type":"log","timestamp":1701856845746,"level":"debug","message":"Executing recipe chrome-pdf","meta":{"rootId":"ptwg03amyzkhmfu","id":"ptwg03amyzkhmfu"},"id":"js5g5cgucpiskcn","previousOperationId":"k54i8cjsfjf7qh8"}
{"type":"log","timestamp":1701856845748,"level":"debug","message":"Converting with chrome HeadlessChrome/117.0.5938.149 using chrome-pool strategy","meta":{"rootId":"ptwg03amyzkhmfu","id":"ptwg03amyzkhmfu"},"id":"bfzizfd2h4vpdfn","previousOperationId":"k54i8cjsfjf7qh8"}
{"type":"log","timestamp":1701856845796,"level":"debug","message":"Page request: GET (document) file:///var/folders/dp/qk79pfcj0y1fmtkkl08m76rc0000gn/T/jsreport/autocleanup/add541bd-2eef-466d-821b-a5cdb8ef6b0a-chrome-pdf.html","meta":{"rootId":"ptwg03amyzkhmfu","id":"ptwg03amyzkhmfu"},"id":"hurzfgydbr24ano","previousOperationId":"k54i8cjsfjf7qh8"}
{"type":"log","timestamp":1701856845801,"level":"debug","message":"Page request finished: GET (document) 200 file:///var/folders/dp/qk79pfcj0y1fmtkkl08m76rc0000gn/T/jsreport/autocleanup/add541bd-2eef-466d-821b-a5cdb8ef6b0a-chrome-pdf.html","meta":{"rootId":"ptwg03amyzkhmfu","id":"ptwg03amyzkhmfu"},"id":"hzeameaf50w6v1c","previousOperationId":"k54i8cjsfjf7qh8"}
{"type":"log","timestamp":1701856845811,"level":"debug","message":"Custom viewport for chrome page width=800, height=2000","meta":{"rootId":"ptwg03amyzkhmfu","id":"ptwg03amyzkhmfu"},"id":"c30j80to6vrmgrd","previousOperationId":"k54i8cjsfjf7qh8"}
{"type":"log","timestamp":1701856845813,"level":"debug","message":"Running chrome with params {\"printBackground\":true,\"width\":\"6.8cm\",\"height\":\"50cm\",\"marginRight\":\"0cm\",\"marginLeft\":\"0cm\",\"timeout\":59939,\"margin\":{\"right\":\"0cm\",\"left\":\"0cm\"}}","meta":{"rootId":"ptwg03amyzkhmfu","id":"ptwg03amyzkhmfu"},"id":"70seyjv6bp7hj08","previousOperationId":"k54i8cjsfjf7qh8"}
{"type":"operationEnd","operationId":"k54i8cjsfjf7qh8","timestamp":1701856845841,"id":"9trnt678d7je4uf","previousEventId":"j4fxh4w7sga22d5","previousOperationId":"k54i8cjsfjf7qh8"}
{"type":"log","timestamp":1701856845841,"level":"debug","message":"Skipping storing report.","meta":{"rootId":"ptwg03amyzkhmfu","id":"ptwg03amyzkhmfu"},"id":"0dalfjj6zvoxa5x","previousOperationId":"k54i8cjsfjf7qh8"}
{"type":"log","timestamp":1701856845841,"level":"info","message":"Rendering request 66 finished in 155 ms","meta":{"rootId":"ptwg03amyzkhmfu","id":"ptwg03amyzkhmfu"},"id":"e7l4epb03w81saa","previousOperationId":"k54i8cjsfjf7qh8"}
{"type":"operationEnd","subtype":"render","operationId":"3c321s3kq0nnqrz","timestamp":1701856845841,"id":"fw5j9pb8dc3oe6j","previousEventId":"9trnt678d7je4uf","previousOperationId":"k54i8cjsfjf7qh8"}
{"type":"operationEnd","doDiffs":false,"previousEventId":"ofp9343p7yo9t53","previousOperationId":"b2rob2l3d8icuf4","operationId":"b2rob2l3d8icuf4","timestamp":1701856845843,"id":"qqjr5b6bs16s2v2"}
