{"type":"operationStart","subtype":"profile","data":{"_id":"B6DxeqYwp8oPJxWS","timestamp":"2023-12-05T14:58:20.954Z","state":"queued","mode":"standard","creationDate":"2023-12-05T14:58:20.955Z","modificationDate":"2023-12-05T14:58:20.955Z","shortid":"oJ-2crK","$entitySet":"profiles"},"doDiffs":false,"timestamp":1701788300954,"id":"0sqw2z4cd334sxq","previousOperationId":null,"operationId":"rgggnq7h9wod2sx"}
{"type":"log","level":"info","message":"Render request 24 queued for execution and waiting for available worker","previousOperationId":"rgggnq7h9wod2sx","timestamp":1701788300955,"id":"pcz2h9rjlzwhx4v"}
{"type":"operationStart","subtype":"render","name":"pns_index","previousOperationId":"rgggnq7h9wod2sx","timestamp":1701788300967,"id":"fxwphbug34052yg","previousEventId":"0sqw2z4cd334sxq","operationId":"3rorfpf3ohg8eva"}
{"type":"log","timestamp":1701788300967,"level":"info","message":"Starting rendering request 24","meta":{"rootId":"q4vv1ywd9kiak2h","id":"q4vv1ywd9kiak2h"},"id":"v0zyf89yxjbt0uw","previousOperationId":"3rorfpf3ohg8eva"}
{"type":"log","timestamp":1701788300967,"level":"info","message":"Rendering template { name: pns_index, recipe: chrome-pdf, engine: handlebars, preview: true }","meta":{"rootId":"q4vv1ywd9kiak2h","id":"q4vv1ywd9kiak2h"},"id":"oy02eq59t9e7csb","previousOperationId":"3rorfpf3ohg8eva"}
{"type":"log","timestamp":1701788300968,"level":"debug","message":"Adding sample data flbhzmKcJ","meta":{"rootId":"q4vv1ywd9kiak2h","id":"q4vv1ywd9kiak2h"},"id":"28pvao0smebgjo3","previousOperationId":"3rorfpf3ohg8eva"}
{"type":"log","timestamp":1701788300971,"level":"debug","message":"Base url not specified, skipping its injection.","meta":{"rootId":"q4vv1ywd9kiak2h","id":"q4vv1ywd9kiak2h"},"id":"jk7tzrdp580lb6h","previousOperationId":"3rorfpf3ohg8eva"}
{"type":"log","timestamp":1701788300976,"level":"debug","message":"Replaced assets [\"styles.css\"]","meta":{"rootId":"q4vv1ywd9kiak2h","id":"q4vv1ywd9kiak2h"},"id":"uz6enjb3d4dydco","previousOperationId":"3rorfpf3ohg8eva"}
{"type":"operationStart","subtype":"engine","name":"handlebars","timestamp":1701788300976,"id":"pa48i6otblq984s","previousEventId":"fxwphbug34052yg","operationId":"eojwc0h6tv4f24g","previousOperationId":"3rorfpf3ohg8eva"}
{"type":"log","timestamp":1701788300976,"level":"debug","message":"Rendering engine handlebars","meta":{"rootId":"q4vv1ywd9kiak2h","id":"q4vv1ywd9kiak2h"},"id":"ph4ei3xfbxp3fqk","previousOperationId":"eojwc0h6tv4f24g"}
{"type":"operationEnd","operationId":"eojwc0h6tv4f24g","timestamp":1701788300997,"id":"bfao899mtmp7xqc","previousEventId":"pa48i6otblq984s","previousOperationId":"eojwc0h6tv4f24g"}
{"type":"operationStart","subtype":"recipe","name":"chrome-pdf","timestamp":1701788300997,"id":"dhwwz3c3wrkld3w","previousEventId":"bfao899mtmp7xqc","operationId":"jcqe5pl1rizd7y9","previousOperationId":"eojwc0h6tv4f24g"}
{"type":"log","timestamp":1701788300997,"level":"debug","message":"Executing recipe chrome-pdf","meta":{"rootId":"q4vv1ywd9kiak2h","id":"q4vv1ywd9kiak2h"},"id":"wjhq9hewke0vkgb","previousOperationId":"jcqe5pl1rizd7y9"}
{"type":"log","timestamp":1701788300998,"level":"debug","message":"Converting with chrome HeadlessChrome/117.0.5938.149 using chrome-pool strategy","meta":{"rootId":"q4vv1ywd9kiak2h","id":"q4vv1ywd9kiak2h"},"id":"f2b1bjj7c05an1o","previousOperationId":"jcqe5pl1rizd7y9"}
{"type":"log","timestamp":1701788301048,"level":"debug","message":"Page request: GET (document) file:///var/folders/dp/qk79pfcj0y1fmtkkl08m76rc0000gn/T/jsreport/autocleanup/49046afd-8a5a-471a-b535-8c1b1d6142ac-chrome-pdf.html","meta":{"rootId":"q4vv1ywd9kiak2h","id":"q4vv1ywd9kiak2h"},"id":"uzxhfqk2fcptxn7","previousOperationId":"jcqe5pl1rizd7y9"}
{"type":"log","timestamp":1701788301053,"level":"debug","message":"Page request finished: GET (document) 200 file:///var/folders/dp/qk79pfcj0y1fmtkkl08m76rc0000gn/T/jsreport/autocleanup/49046afd-8a5a-471a-b535-8c1b1d6142ac-chrome-pdf.html","meta":{"rootId":"q4vv1ywd9kiak2h","id":"q4vv1ywd9kiak2h"},"id":"xz2qk7f450ifvs8","previousOperationId":"jcqe5pl1rizd7y9"}
{"type":"log","timestamp":1701788301064,"level":"debug","message":"Custom viewport for chrome page width=800, height=2000","meta":{"rootId":"q4vv1ywd9kiak2h","id":"q4vv1ywd9kiak2h"},"id":"aov5kc5e77yevwu","previousOperationId":"jcqe5pl1rizd7y9"}
{"type":"log","timestamp":1701788301065,"level":"debug","message":"Running chrome with params {\"printBackground\":true,\"width\":\"5.8cm\",\"height\":\"21cm\",\"marginRight\":\"0cm\",\"marginLeft\":\"0cm\",\"timeout\":59956,\"margin\":{\"right\":\"0cm\",\"left\":\"0cm\"}}","meta":{"rootId":"q4vv1ywd9kiak2h","id":"q4vv1ywd9kiak2h"},"id":"x8kvkeotky8hyqb","previousOperationId":"jcqe5pl1rizd7y9"}
{"type":"operationEnd","operationId":"jcqe5pl1rizd7y9","timestamp":1701788301094,"id":"djhetum5pnrbzmq","previousEventId":"dhwwz3c3wrkld3w","previousOperationId":"jcqe5pl1rizd7y9"}
{"type":"log","timestamp":1701788301094,"level":"debug","message":"Skipping storing report.","meta":{"rootId":"q4vv1ywd9kiak2h","id":"q4vv1ywd9kiak2h"},"id":"782chcd1kusyh4k","previousOperationId":"jcqe5pl1rizd7y9"}
{"type":"log","timestamp":1701788301094,"level":"info","message":"Rendering request 24 finished in 140 ms","meta":{"rootId":"q4vv1ywd9kiak2h","id":"q4vv1ywd9kiak2h"},"id":"tpqd8qb7k5o0855","previousOperationId":"jcqe5pl1rizd7y9"}
{"type":"operationEnd","subtype":"render","operationId":"3rorfpf3ohg8eva","timestamp":1701788301094,"id":"3r8572tlgo2fu0w","previousEventId":"djhetum5pnrbzmq","previousOperationId":"jcqe5pl1rizd7y9"}
{"type":"operationEnd","doDiffs":false,"previousEventId":"0sqw2z4cd334sxq","previousOperationId":"rgggnq7h9wod2sx","operationId":"rgggnq7h9wod2sx","timestamp":1701788301095,"id":"zp8wa7gu9w05i5d"}
