{"type":"operationStart","subtype":"profile","data":{"_id":"f5qkTwrn26iWGNT9","timestamp":"2023-12-04T11:45:21.588Z","state":"queued","mode":"standard","creationDate":"2023-12-04T11:45:21.591Z","modificationDate":"2023-12-04T11:45:21.591Z","shortid":"FbKZ0Hh","$entitySet":"profiles"},"doDiffs":false,"timestamp":1701690321590,"id":"nylxxe9uwmemvvh","previousOperationId":null,"operationId":"grgkek7zruzdgoa"}
{"type":"log","level":"info","message":"Render request 121 queued for execution and waiting for available worker","previousOperationId":"grgkek7zruzdgoa","timestamp":1701690321590,"id":"sg9wkf03g3qlejl"}
{"type":"operationStart","subtype":"render","name":"pns_index","previousOperationId":"grgkek7zruzdgoa","timestamp":1701690321611,"id":"saxgsgc1nmsryjx","previousEventId":"nylxxe9uwmemvvh","operationId":"b7t3oecb31sfcse"}
{"type":"log","timestamp":1701690321611,"level":"info","message":"Starting rendering request 121","meta":{"rootId":"q6orqi6jfd2ddib","id":"q6orqi6jfd2ddib"},"id":"m9lbd632o77vixm","previousOperationId":"b7t3oecb31sfcse"}
{"type":"log","timestamp":1701690321612,"level":"info","message":"Rendering template { name: pns_index, recipe: chrome-pdf, engine: handlebars, preview: true }","meta":{"rootId":"q6orqi6jfd2ddib","id":"q6orqi6jfd2ddib"},"id":"6yjw364w8h0syct","previousOperationId":"b7t3oecb31sfcse"}
{"type":"log","timestamp":1701690321613,"level":"debug","message":"Inline data specified.","meta":{"rootId":"q6orqi6jfd2ddib","id":"q6orqi6jfd2ddib"},"id":"tvpmsxj76rskn2v","previousOperationId":"b7t3oecb31sfcse"}
{"type":"log","timestamp":1701690321614,"level":"debug","message":"Base url not specified, skipping its injection.","meta":{"rootId":"q6orqi6jfd2ddib","id":"q6orqi6jfd2ddib"},"id":"02o4w4ulq2i2bkn","previousOperationId":"b7t3oecb31sfcse"}
{"type":"operationStart","subtype":"engine","name":"handlebars","timestamp":1701690321615,"id":"akofbrxtbkzeai1","previousEventId":"saxgsgc1nmsryjx","operationId":"qpoii9ba7zxwztv","previousOperationId":"b7t3oecb31sfcse"}
{"type":"log","timestamp":1701690321615,"level":"debug","message":"Rendering engine handlebars","meta":{"rootId":"q6orqi6jfd2ddib","id":"q6orqi6jfd2ddib"},"id":"9nlcxngvmu4q89i","previousOperationId":"qpoii9ba7zxwztv"}
{"type":"operationEnd","operationId":"qpoii9ba7zxwztv","timestamp":1701690321949,"id":"fmnq2gozyrer07r","previousEventId":"akofbrxtbkzeai1","previousOperationId":"qpoii9ba7zxwztv"}
{"type":"operationStart","subtype":"recipe","name":"chrome-pdf","timestamp":1701690321950,"id":"pltzbjickdliiur","previousEventId":"fmnq2gozyrer07r","operationId":"ryzldapwn2cf8if","previousOperationId":"qpoii9ba7zxwztv"}
{"type":"log","timestamp":1701690321950,"level":"debug","message":"Executing recipe chrome-pdf","meta":{"rootId":"q6orqi6jfd2ddib","id":"q6orqi6jfd2ddib"},"id":"ua34sa1ylkwws82","previousOperationId":"ryzldapwn2cf8if"}
{"type":"log","timestamp":1701690322211,"level":"debug","message":"Converting with chrome HeadlessChrome/117.0.5938.149 using chrome-pool strategy","meta":{"rootId":"q6orqi6jfd2ddib","id":"q6orqi6jfd2ddib"},"id":"l80pykbl2abdq9i","previousOperationId":"ryzldapwn2cf8if"}
{"type":"log","timestamp":1701690322266,"level":"debug","message":"Page request: GET (document) file:///var/folders/dp/qk79pfcj0y1fmtkkl08m76rc0000gn/T/jsreport/autocleanup/1103bad7-c2c0-434e-9eac-9462cd02906a-chrome-pdf.html","meta":{"rootId":"q6orqi6jfd2ddib","id":"q6orqi6jfd2ddib"},"id":"11peiae0668xjz6","previousOperationId":"ryzldapwn2cf8if"}
{"type":"log","timestamp":1701690322271,"level":"debug","message":"Page request finished: GET (document) 200 file:///var/folders/dp/qk79pfcj0y1fmtkkl08m76rc0000gn/T/jsreport/autocleanup/1103bad7-c2c0-434e-9eac-9462cd02906a-chrome-pdf.html","meta":{"rootId":"q6orqi6jfd2ddib","id":"q6orqi6jfd2ddib"},"id":"bl8j8fwyvs1qit6","previousOperationId":"ryzldapwn2cf8if"}
{"type":"log","timestamp":1701690322277,"level":"debug","message":"Custom viewport for chrome page width=800, height=2000","meta":{"rootId":"q6orqi6jfd2ddib","id":"q6orqi6jfd2ddib"},"id":"jfpaej9267dg9if","previousOperationId":"ryzldapwn2cf8if"}
{"type":"log","timestamp":1701690322279,"level":"debug","message":"Running chrome with params {\"printBackground\":true,\"width\":\"5.8cm\",\"height\":\"50cm\",\"timeout\":59636,\"margin\":{}}","meta":{"rootId":"q6orqi6jfd2ddib","id":"q6orqi6jfd2ddib"},"id":"807ugczmzw6het3","previousOperationId":"ryzldapwn2cf8if"}
{"type":"operationEnd","operationId":"ryzldapwn2cf8if","timestamp":1701690322318,"id":"dqsam4t2ts4dsw4","previousEventId":"pltzbjickdliiur","previousOperationId":"ryzldapwn2cf8if"}
{"type":"log","timestamp":1701690322318,"level":"debug","message":"Skipping storing report.","meta":{"rootId":"q6orqi6jfd2ddib","id":"q6orqi6jfd2ddib"},"id":"crrzg59qmr3ghsd","previousOperationId":"ryzldapwn2cf8if"}
{"type":"log","timestamp":1701690322318,"level":"info","message":"Rendering request 121 finished in 730 ms","meta":{"rootId":"q6orqi6jfd2ddib","id":"q6orqi6jfd2ddib"},"id":"kqagc6gtazofmky","previousOperationId":"ryzldapwn2cf8if"}
{"type":"operationEnd","subtype":"render","operationId":"b7t3oecb31sfcse","timestamp":1701690322318,"id":"a1foyrrb0tfxgyr","previousEventId":"dqsam4t2ts4dsw4","previousOperationId":"ryzldapwn2cf8if"}
{"type":"operationEnd","doDiffs":false,"previousEventId":"nylxxe9uwmemvvh","previousOperationId":"grgkek7zruzdgoa","operationId":"grgkek7zruzdgoa","timestamp":1701690322319,"id":"r3hkqs7qfxmbn0c"}
