{"type":"operationStart","subtype":"profile","data":{"_id":"98UXuOhlNOgMhi3m","timestamp":"2023-12-06T09:49:30.173Z","state":"queued","mode":"standard","creationDate":"2023-12-06T09:49:30.176Z","modificationDate":"2023-12-06T09:49:30.176Z","shortid":"MNJjwjP","$entitySet":"profiles"},"doDiffs":false,"timestamp":1701856170174,"id":"p6xcrty94hdoc7c","previousOperationId":null,"operationId":"s4j843unxtxwzs4"}
{"type":"log","level":"info","message":"Render request 53 queued for execution and waiting for available worker","previousOperationId":"s4j843unxtxwzs4","timestamp":1701856170176,"id":"4lo5pkhftbrl1si"}
{"type":"operationStart","subtype":"render","name":"pns_index","previousOperationId":"s4j843unxtxwzs4","timestamp":1701856170185,"id":"n6h9ciqouy6olb0","previousEventId":"p6xcrty94hdoc7c","operationId":"74uwaztag7sb67y"}
{"type":"log","timestamp":1701856170185,"level":"info","message":"Starting rendering request 53","meta":{"rootId":"q8jfqaq5764k5tg","id":"q8jfqaq5764k5tg"},"id":"9z35srjcou931qb","previousOperationId":"74uwaztag7sb67y"}
{"type":"log","timestamp":1701856170185,"level":"info","message":"Rendering template { name: pns_index, recipe: chrome-pdf, engine: handlebars, preview: true }","meta":{"rootId":"q8jfqaq5764k5tg","id":"q8jfqaq5764k5tg"},"id":"84qqqx9kcelwag1","previousOperationId":"74uwaztag7sb67y"}
{"type":"log","timestamp":1701856170186,"level":"debug","message":"Inline data specified.","meta":{"rootId":"q8jfqaq5764k5tg","id":"q8jfqaq5764k5tg"},"id":"eu1kx38zgpwp96r","previousOperationId":"74uwaztag7sb67y"}
{"type":"log","timestamp":1701856170187,"level":"debug","message":"Base url not specified, skipping its injection.","meta":{"rootId":"q8jfqaq5764k5tg","id":"q8jfqaq5764k5tg"},"id":"iek0hxkqde6anev","previousOperationId":"74uwaztag7sb67y"}
{"type":"log","timestamp":1701856170188,"level":"debug","message":"Replaced assets [\"styles.css\"]","meta":{"rootId":"q8jfqaq5764k5tg","id":"q8jfqaq5764k5tg"},"id":"fwitumxyyj30c7m","previousOperationId":"74uwaztag7sb67y"}
{"type":"operationStart","subtype":"engine","name":"handlebars","timestamp":1701856170188,"id":"4xuyrb05iojxmp7","previousEventId":"n6h9ciqouy6olb0","operationId":"f7sgp4fi4ds0s06","previousOperationId":"74uwaztag7sb67y"}
{"type":"log","timestamp":1701856170188,"level":"debug","message":"Rendering engine handlebars","meta":{"rootId":"q8jfqaq5764k5tg","id":"q8jfqaq5764k5tg"},"id":"gjukedpdzvpfdve","previousOperationId":"f7sgp4fi4ds0s06"}
{"type":"operationEnd","operationId":"f7sgp4fi4ds0s06","timestamp":1701856170218,"id":"nth321mqz81ebtj","previousEventId":"4xuyrb05iojxmp7","previousOperationId":"f7sgp4fi4ds0s06"}
{"type":"operationStart","subtype":"recipe","name":"chrome-pdf","timestamp":1701856170218,"id":"nzt9klixqtxzs4x","previousEventId":"nth321mqz81ebtj","operationId":"vvrysj7p28fwvbj","previousOperationId":"f7sgp4fi4ds0s06"}
{"type":"log","timestamp":1701856170218,"level":"debug","message":"Executing recipe chrome-pdf","meta":{"rootId":"q8jfqaq5764k5tg","id":"q8jfqaq5764k5tg"},"id":"onrwj95ly58autn","previousOperationId":"vvrysj7p28fwvbj"}
{"type":"log","timestamp":1701856170220,"level":"debug","message":"Converting with chrome HeadlessChrome/117.0.5938.149 using chrome-pool strategy","meta":{"rootId":"q8jfqaq5764k5tg","id":"q8jfqaq5764k5tg"},"id":"z355oxty1xrjb57","previousOperationId":"vvrysj7p28fwvbj"}
{"type":"log","timestamp":1701856170271,"level":"debug","message":"Page request: GET (document) file:///var/folders/dp/qk79pfcj0y1fmtkkl08m76rc0000gn/T/jsreport/autocleanup/27cd0c72-bffa-4d62-ad71-5c05059e71af-chrome-pdf.html","meta":{"rootId":"q8jfqaq5764k5tg","id":"q8jfqaq5764k5tg"},"id":"fpvex5q9cimprvg","previousOperationId":"vvrysj7p28fwvbj"}
{"type":"log","timestamp":1701856170276,"level":"debug","message":"Page request finished: GET (document) 200 file:///var/folders/dp/qk79pfcj0y1fmtkkl08m76rc0000gn/T/jsreport/autocleanup/27cd0c72-bffa-4d62-ad71-5c05059e71af-chrome-pdf.html","meta":{"rootId":"q8jfqaq5764k5tg","id":"q8jfqaq5764k5tg"},"id":"o36nru7uhwny2e4","previousOperationId":"vvrysj7p28fwvbj"}
{"type":"log","timestamp":1701856170286,"level":"debug","message":"Custom viewport for chrome page width=800, height=2000","meta":{"rootId":"q8jfqaq5764k5tg","id":"q8jfqaq5764k5tg"},"id":"8uiuj8y9u2z0yh9","previousOperationId":"vvrysj7p28fwvbj"}
{"type":"log","timestamp":1701856170292,"level":"debug","message":"Running chrome with params {\"printBackground\":true,\"width\":\"6.8cm\",\"height\":\"50cm\",\"marginRight\":\"0cm\",\"marginLeft\":\"0cm\",\"timeout\":59954,\"margin\":{\"right\":\"0cm\",\"left\":\"0cm\"}}","meta":{"rootId":"q8jfqaq5764k5tg","id":"q8jfqaq5764k5tg"},"id":"4kais5g14ppivl7","previousOperationId":"vvrysj7p28fwvbj"}
{"type":"operationEnd","operationId":"vvrysj7p28fwvbj","timestamp":1701856170318,"id":"exaz1rrafwufjy0","previousEventId":"nzt9klixqtxzs4x","previousOperationId":"vvrysj7p28fwvbj"}
{"type":"log","timestamp":1701856170318,"level":"debug","message":"Skipping storing report.","meta":{"rootId":"q8jfqaq5764k5tg","id":"q8jfqaq5764k5tg"},"id":"r79nupyjua3utxv","previousOperationId":"vvrysj7p28fwvbj"}
{"type":"log","timestamp":1701856170318,"level":"info","message":"Rendering request 53 finished in 145 ms","meta":{"rootId":"q8jfqaq5764k5tg","id":"q8jfqaq5764k5tg"},"id":"228s9o4vs8crj2i","previousOperationId":"vvrysj7p28fwvbj"}
{"type":"operationEnd","subtype":"render","operationId":"74uwaztag7sb67y","timestamp":1701856170318,"id":"38nmp7fpez0piv7","previousEventId":"exaz1rrafwufjy0","previousOperationId":"vvrysj7p28fwvbj"}
{"type":"operationEnd","doDiffs":false,"previousEventId":"p6xcrty94hdoc7c","previousOperationId":"s4j843unxtxwzs4","operationId":"s4j843unxtxwzs4","timestamp":1701856170319,"id":"9sf1inyihfhm1ez"}
