{"type":"operationStart","subtype":"profile","data":{"_id":"UyBLFlEOxrfKv544","timestamp":"2023-12-05T14:09:45.539Z","state":"queued","mode":"standard","creationDate":"2023-12-05T14:09:45.540Z","modificationDate":"2023-12-05T14:09:45.540Z","shortid":"5RdbM-d","$entitySet":"profiles"},"doDiffs":false,"timestamp":1701785385540,"id":"72lm33gnm5tuqyf","previousOperationId":null,"operationId":"xtfcdbi52w2lj7a"}
{"type":"log","level":"info","message":"Render request 5 queued for execution and waiting for available worker","previousOperationId":"xtfcdbi52w2lj7a","timestamp":1701785385540,"id":"0cpm9q57119ze94"}
{"type":"operationStart","subtype":"render","name":"pns_index","previousOperationId":"xtfcdbi52w2lj7a","timestamp":1701785385544,"id":"7ihhxuo9t2ddg2g","previousEventId":"72lm33gnm5tuqyf","operationId":"fvgp1ss7u3uzs9z"}
{"type":"log","timestamp":1701785385544,"level":"info","message":"Starting rendering request 5","meta":{"rootId":"qcjwvr4hz54wrzc","id":"qcjwvr4hz54wrzc"},"id":"1xa7zqzuopdafje","previousOperationId":"fvgp1ss7u3uzs9z"}
{"type":"log","timestamp":1701785385544,"level":"info","message":"Rendering template { name: pns_index, recipe: chrome-pdf, engine: handlebars, preview: true }","meta":{"rootId":"qcjwvr4hz54wrzc","id":"qcjwvr4hz54wrzc"},"id":"3r9j2l86pjv7zuk","previousOperationId":"fvgp1ss7u3uzs9z"}
{"type":"log","timestamp":1701785385545,"level":"debug","message":"Adding sample data flbhzmKcJ","meta":{"rootId":"qcjwvr4hz54wrzc","id":"qcjwvr4hz54wrzc"},"id":"n5pxvbnxwc5qlnt","previousOperationId":"fvgp1ss7u3uzs9z"}
{"type":"log","timestamp":1701785385545,"level":"debug","message":"Base url not specified, skipping its injection.","meta":{"rootId":"qcjwvr4hz54wrzc","id":"qcjwvr4hz54wrzc"},"id":"towrn7nt72864us","previousOperationId":"fvgp1ss7u3uzs9z"}
{"type":"log","timestamp":1701785385546,"level":"debug","message":"Replaced assets [\"styles.css\"]","meta":{"rootId":"qcjwvr4hz54wrzc","id":"qcjwvr4hz54wrzc"},"id":"khl8kr6cruyrmgt","previousOperationId":"fvgp1ss7u3uzs9z"}
{"type":"operationStart","subtype":"engine","name":"handlebars","timestamp":1701785385546,"id":"5t6qu3sagrram1j","previousEventId":"7ihhxuo9t2ddg2g","operationId":"zpmm7is78w9u1e7","previousOperationId":"fvgp1ss7u3uzs9z"}
{"type":"log","timestamp":1701785385546,"level":"debug","message":"Rendering engine handlebars","meta":{"rootId":"qcjwvr4hz54wrzc","id":"qcjwvr4hz54wrzc"},"id":"cv3fihzyoccotjl","previousOperationId":"zpmm7is78w9u1e7"}
{"type":"operationEnd","operationId":"zpmm7is78w9u1e7","timestamp":1701785385566,"id":"c0lj39wy80650iy","previousEventId":"5t6qu3sagrram1j","previousOperationId":"zpmm7is78w9u1e7"}
{"type":"operationStart","subtype":"recipe","name":"chrome-pdf","timestamp":1701785385566,"id":"usyyo2kxh0tyo0e","previousEventId":"c0lj39wy80650iy","operationId":"75snw56dnrz6tab","previousOperationId":"zpmm7is78w9u1e7"}
{"type":"log","timestamp":1701785385566,"level":"debug","message":"Executing recipe chrome-pdf","meta":{"rootId":"qcjwvr4hz54wrzc","id":"qcjwvr4hz54wrzc"},"id":"s0siijsww3a2dg1","previousOperationId":"75snw56dnrz6tab"}
{"type":"log","timestamp":1701785385568,"level":"debug","message":"Converting with chrome HeadlessChrome/117.0.5938.149 using chrome-pool strategy","meta":{"rootId":"qcjwvr4hz54wrzc","id":"qcjwvr4hz54wrzc"},"id":"4hee6s81iu2z6bu","previousOperationId":"75snw56dnrz6tab"}
{"type":"log","timestamp":1701785385610,"level":"debug","message":"Page request: GET (document) file:///var/folders/dp/qk79pfcj0y1fmtkkl08m76rc0000gn/T/jsreport/autocleanup/0a7f58f1-7129-4ed1-93b3-d7d747cfd6ba-chrome-pdf.html","meta":{"rootId":"qcjwvr4hz54wrzc","id":"qcjwvr4hz54wrzc"},"id":"fai14ae23v2hhqa","previousOperationId":"75snw56dnrz6tab"}
{"type":"log","timestamp":1701785385615,"level":"debug","message":"Page request finished: GET (document) 200 file:///var/folders/dp/qk79pfcj0y1fmtkkl08m76rc0000gn/T/jsreport/autocleanup/0a7f58f1-7129-4ed1-93b3-d7d747cfd6ba-chrome-pdf.html","meta":{"rootId":"qcjwvr4hz54wrzc","id":"qcjwvr4hz54wrzc"},"id":"43bdnqq7ynz4ox9","previousOperationId":"75snw56dnrz6tab"}
{"type":"log","timestamp":1701785385625,"level":"debug","message":"Custom viewport for chrome page width=800, height=2000","meta":{"rootId":"qcjwvr4hz54wrzc","id":"qcjwvr4hz54wrzc"},"id":"32qzuy60o07cnxm","previousOperationId":"75snw56dnrz6tab"}
{"type":"log","timestamp":1701785385626,"level":"debug","message":"Running chrome with params {\"printBackground\":true,\"width\":\"5.8cm\",\"height\":\"21cm\",\"marginRight\":\"0cm\",\"marginLeft\":\"0cm\",\"timeout\":59971,\"margin\":{\"right\":\"0cm\",\"left\":\"0cm\"}}","meta":{"rootId":"qcjwvr4hz54wrzc","id":"qcjwvr4hz54wrzc"},"id":"vdqi6la8gxzxtku","previousOperationId":"75snw56dnrz6tab"}
{"type":"operationEnd","operationId":"75snw56dnrz6tab","timestamp":1701785385660,"id":"njha3rse9tw4w2c","previousEventId":"usyyo2kxh0tyo0e","previousOperationId":"75snw56dnrz6tab"}
{"type":"log","timestamp":1701785385660,"level":"debug","message":"Skipping storing report.","meta":{"rootId":"qcjwvr4hz54wrzc","id":"qcjwvr4hz54wrzc"},"id":"rbl41hegraoggzt","previousOperationId":"75snw56dnrz6tab"}
{"type":"log","timestamp":1701785385660,"level":"info","message":"Rendering request 5 finished in 121 ms","meta":{"rootId":"qcjwvr4hz54wrzc","id":"qcjwvr4hz54wrzc"},"id":"sj7vhkctdfcy0r2","previousOperationId":"75snw56dnrz6tab"}
{"type":"operationEnd","subtype":"render","operationId":"fvgp1ss7u3uzs9z","timestamp":1701785385660,"id":"whext4g2tyngyn5","previousEventId":"njha3rse9tw4w2c","previousOperationId":"75snw56dnrz6tab"}
{"type":"operationEnd","doDiffs":false,"previousEventId":"72lm33gnm5tuqyf","previousOperationId":"xtfcdbi52w2lj7a","operationId":"xtfcdbi52w2lj7a","timestamp":1701785385662,"id":"4mraaxu1dxexq8f"}
