{"type":"operationStart","subtype":"profile","data":{"_id":"rOlSQDkEFQXdIbM5","timestamp":"2023-11-28T13:42:12.243Z","state":"queued","mode":"standard","creationDate":"2023-11-28T13:42:12.245Z","modificationDate":"2023-11-28T13:42:12.245Z","shortid":"eoO-4S9","$entitySet":"profiles"},"doDiffs":false,"timestamp":1701178932244,"id":"jeoqozv5mygxwyt","previousOperationId":null,"operationId":"q1snimh2fxohvm0"}
{"type":"log","level":"info","message":"Render request 85 queued for execution and waiting for available worker","previousOperationId":"q1snimh2fxohvm0","timestamp":1701178932244,"id":"7deb83ew95nphgl"}
{"type":"operationStart","subtype":"render","name":"pns_index","previousOperationId":"q1snimh2fxohvm0","timestamp":1701178932252,"id":"7k3ssn56immuhsj","previousEventId":"jeoqozv5mygxwyt","operationId":"4c7jyxvyk0prkgc"}
{"type":"log","timestamp":1701178932253,"level":"info","message":"Starting rendering request 85","meta":{"rootId":"qncve7k3rg703tl","id":"qncve7k3rg703tl"},"id":"ebc9jp4qxfa0vtp","previousOperationId":"4c7jyxvyk0prkgc"}
{"type":"log","timestamp":1701178932253,"level":"info","message":"Rendering template { name: pns_index, recipe: chrome-pdf, engine: handlebars, preview: true }","meta":{"rootId":"qncve7k3rg703tl","id":"qncve7k3rg703tl"},"id":"5x6k6oz7u21hlcz","previousOperationId":"4c7jyxvyk0prkgc"}
{"type":"log","timestamp":1701178932253,"level":"debug","message":"Inline data specified.","meta":{"rootId":"qncve7k3rg703tl","id":"qncve7k3rg703tl"},"id":"u12405l5jbos8uk","previousOperationId":"4c7jyxvyk0prkgc"}
{"type":"log","timestamp":1701178932255,"level":"debug","message":"Base url not specified, skipping its injection.","meta":{"rootId":"qncve7k3rg703tl","id":"qncve7k3rg703tl"},"id":"lxavke6om6haoqn","previousOperationId":"4c7jyxvyk0prkgc"}
{"type":"operationStart","subtype":"engine","name":"handlebars","timestamp":1701178932255,"id":"73lgsldda40kt2b","previousEventId":"7k3ssn56immuhsj","operationId":"duibjntf71hli5j","previousOperationId":"4c7jyxvyk0prkgc"}
{"type":"log","timestamp":1701178932255,"level":"debug","message":"Rendering engine handlebars","meta":{"rootId":"qncve7k3rg703tl","id":"qncve7k3rg703tl"},"id":"3j5120sgrxc6mra","previousOperationId":"duibjntf71hli5j"}
{"type":"operationEnd","operationId":"duibjntf71hli5j","timestamp":1701178932276,"id":"vngyhvs0360gye8","previousEventId":"73lgsldda40kt2b","previousOperationId":"duibjntf71hli5j"}
{"type":"operationStart","subtype":"recipe","name":"chrome-pdf","timestamp":1701178932276,"id":"v2mjxq5uqf08rfo","previousEventId":"vngyhvs0360gye8","operationId":"ldc2inmkwa1madv","previousOperationId":"duibjntf71hli5j"}
{"type":"log","timestamp":1701178932276,"level":"debug","message":"Executing recipe chrome-pdf","meta":{"rootId":"qncve7k3rg703tl","id":"qncve7k3rg703tl"},"id":"sjc6fqu9gzf5prq","previousOperationId":"ldc2inmkwa1madv"}
{"type":"log","timestamp":1701178932279,"level":"debug","message":"Converting with chrome HeadlessChrome/117.0.5938.149 using chrome-pool strategy","meta":{"rootId":"qncve7k3rg703tl","id":"qncve7k3rg703tl"},"id":"u24lidp3aa4v990","previousOperationId":"ldc2inmkwa1madv"}
{"type":"log","timestamp":1701178932327,"level":"debug","message":"Page request: GET (document) file:///var/folders/dp/qk79pfcj0y1fmtkkl08m76rc0000gn/T/jsreport/autocleanup/1f4deaac-886c-499d-99f9-8bcadbc27f47-chrome-pdf.html","meta":{"rootId":"qncve7k3rg703tl","id":"qncve7k3rg703tl"},"id":"nflhrtcpm1jf3xb","previousOperationId":"ldc2inmkwa1madv"}
{"type":"log","timestamp":1701178932332,"level":"debug","message":"Page request finished: GET (document) 200 file:///var/folders/dp/qk79pfcj0y1fmtkkl08m76rc0000gn/T/jsreport/autocleanup/1f4deaac-886c-499d-99f9-8bcadbc27f47-chrome-pdf.html","meta":{"rootId":"qncve7k3rg703tl","id":"qncve7k3rg703tl"},"id":"wbip4i483ai9o1t","previousOperationId":"ldc2inmkwa1madv"}
{"type":"log","timestamp":1701178932343,"level":"debug","message":"Custom viewport for chrome page width=800, height=2000","meta":{"rootId":"qncve7k3rg703tl","id":"qncve7k3rg703tl"},"id":"0rxk8kqbyail1nj","previousOperationId":"ldc2inmkwa1madv"}
{"type":"log","timestamp":1701178932344,"level":"debug","message":"Running chrome with params {\"printBackground\":true,\"width\":\"5.8cm\",\"height\":\"50cm\",\"timeout\":59964,\"margin\":{}}","meta":{"rootId":"qncve7k3rg703tl","id":"qncve7k3rg703tl"},"id":"iwjzbn0wc4f304y","previousOperationId":"ldc2inmkwa1madv"}
{"type":"operationEnd","operationId":"ldc2inmkwa1madv","timestamp":1701178932373,"id":"v6w5p1d830i9m9o","previousEventId":"v2mjxq5uqf08rfo","previousOperationId":"ldc2inmkwa1madv"}
{"type":"log","timestamp":1701178932373,"level":"debug","message":"Skipping storing report.","meta":{"rootId":"qncve7k3rg703tl","id":"qncve7k3rg703tl"},"id":"8gszlcbpnt828pi","previousOperationId":"ldc2inmkwa1madv"}
{"type":"log","timestamp":1701178932373,"level":"info","message":"Rendering request 85 finished in 130 ms","meta":{"rootId":"qncve7k3rg703tl","id":"qncve7k3rg703tl"},"id":"jd13lmmgtvijan4","previousOperationId":"ldc2inmkwa1madv"}
{"type":"operationEnd","subtype":"render","operationId":"4c7jyxvyk0prkgc","timestamp":1701178932373,"id":"wwfaztfza3uv9pv","previousEventId":"v6w5p1d830i9m9o","previousOperationId":"ldc2inmkwa1madv"}
{"type":"operationEnd","doDiffs":false,"previousEventId":"jeoqozv5mygxwyt","previousOperationId":"q1snimh2fxohvm0","operationId":"q1snimh2fxohvm0","timestamp":1701178932374,"id":"pgxlt3h1vtzzvtw"}
