{"type":"operationStart","subtype":"profile","data":{"_id":"8W2EHNqqRuEQhSux","timestamp":"2023-11-28T10:20:58.302Z","state":"queued","mode":"standard","creationDate":"2023-11-28T10:20:58.303Z","modificationDate":"2023-11-28T10:20:58.303Z","shortid":"FG1F97t","$entitySet":"profiles"},"doDiffs":false,"timestamp":1701166858303,"id":"hf9ezg1rpnjkwrw","previousOperationId":null,"operationId":"39kkcfau7rsweuq"}
{"type":"log","level":"info","message":"Render request 25 queued for execution and waiting for available worker","previousOperationId":"39kkcfau7rsweuq","timestamp":1701166858303,"id":"o84mqlh96qvyn0q"}
{"type":"operationStart","subtype":"render","name":"pns_index","previousOperationId":"39kkcfau7rsweuq","timestamp":1701166858314,"id":"vzf4qub3wstvdvt","previousEventId":"hf9ezg1rpnjkwrw","operationId":"v1vayaq8nhjja2y"}
{"type":"log","timestamp":1701166858314,"level":"info","message":"Starting rendering request 25","meta":{"rootId":"qsnqvjn0kq3tz8d","id":"qsnqvjn0kq3tz8d"},"id":"qruqisrwvqv007f","previousOperationId":"v1vayaq8nhjja2y"}
{"type":"log","timestamp":1701166858314,"level":"info","message":"Rendering template { name: pns_index, recipe: chrome-pdf, engine: handlebars, preview: true }","meta":{"rootId":"qsnqvjn0kq3tz8d","id":"qsnqvjn0kq3tz8d"},"id":"ozb36saycde9uc2","previousOperationId":"v1vayaq8nhjja2y"}
{"type":"log","timestamp":1701166858315,"level":"debug","message":"Inline data specified.","meta":{"rootId":"qsnqvjn0kq3tz8d","id":"qsnqvjn0kq3tz8d"},"id":"454gaemlahfh67g","previousOperationId":"v1vayaq8nhjja2y"}
{"type":"log","timestamp":1701166858315,"level":"debug","message":"Base url not specified, skipping its injection.","meta":{"rootId":"qsnqvjn0kq3tz8d","id":"qsnqvjn0kq3tz8d"},"id":"ycg3o3vhorhx7jm","previousOperationId":"v1vayaq8nhjja2y"}
{"type":"operationStart","subtype":"engine","name":"handlebars","timestamp":1701166858315,"id":"68q71fc6hc13hpf","previousEventId":"vzf4qub3wstvdvt","operationId":"r2gwjae8k1zd04i","previousOperationId":"v1vayaq8nhjja2y"}
{"type":"log","timestamp":1701166858315,"level":"debug","message":"Rendering engine handlebars","meta":{"rootId":"qsnqvjn0kq3tz8d","id":"qsnqvjn0kq3tz8d"},"id":"g3jo04du6qt7m87","previousOperationId":"r2gwjae8k1zd04i"}
{"type":"operationEnd","operationId":"r2gwjae8k1zd04i","timestamp":1701166858331,"id":"dqf01pm9bxgvdbc","previousEventId":"68q71fc6hc13hpf","previousOperationId":"r2gwjae8k1zd04i"}
{"type":"operationStart","subtype":"recipe","name":"chrome-pdf","timestamp":1701166858331,"id":"q032i87if3ig0xw","previousEventId":"dqf01pm9bxgvdbc","operationId":"6nwuoj3cj5l8ldi","previousOperationId":"r2gwjae8k1zd04i"}
{"type":"log","timestamp":1701166858331,"level":"debug","message":"Executing recipe chrome-pdf","meta":{"rootId":"qsnqvjn0kq3tz8d","id":"qsnqvjn0kq3tz8d"},"id":"yergihex004d77z","previousOperationId":"6nwuoj3cj5l8ldi"}
{"type":"log","timestamp":1701166858333,"level":"debug","message":"Converting with chrome HeadlessChrome/117.0.5938.149 using chrome-pool strategy","meta":{"rootId":"qsnqvjn0kq3tz8d","id":"qsnqvjn0kq3tz8d"},"id":"gpxh0jwki7upo05","previousOperationId":"6nwuoj3cj5l8ldi"}
{"type":"log","timestamp":1701166858378,"level":"debug","message":"Page request: GET (document) file:///var/folders/dp/qk79pfcj0y1fmtkkl08m76rc0000gn/T/jsreport/autocleanup/63ce5c9b-15be-4dae-b4a6-be2a45c0047f-chrome-pdf.html","meta":{"rootId":"qsnqvjn0kq3tz8d","id":"qsnqvjn0kq3tz8d"},"id":"dm1k5jaeaybcgf2","previousOperationId":"6nwuoj3cj5l8ldi"}
{"type":"log","timestamp":1701166858384,"level":"debug","message":"Page request finished: GET (document) 200 file:///var/folders/dp/qk79pfcj0y1fmtkkl08m76rc0000gn/T/jsreport/autocleanup/63ce5c9b-15be-4dae-b4a6-be2a45c0047f-chrome-pdf.html","meta":{"rootId":"qsnqvjn0kq3tz8d","id":"qsnqvjn0kq3tz8d"},"id":"n4konri2zsgzobt","previousOperationId":"6nwuoj3cj5l8ldi"}
{"type":"log","timestamp":1701166858393,"level":"debug","message":"Running chrome with params {\"printBackground\":true,\"width\":\"8cm\",\"timeout\":59970,\"margin\":{}}","meta":{"rootId":"qsnqvjn0kq3tz8d","id":"qsnqvjn0kq3tz8d"},"id":"45yphaytf1y6j82","previousOperationId":"6nwuoj3cj5l8ldi"}
{"type":"operationEnd","operationId":"6nwuoj3cj5l8ldi","timestamp":1701166858418,"id":"9bmt76ygs7ybz29","previousEventId":"q032i87if3ig0xw","previousOperationId":"6nwuoj3cj5l8ldi"}
{"type":"log","timestamp":1701166858418,"level":"debug","message":"Skipping storing report.","meta":{"rootId":"qsnqvjn0kq3tz8d","id":"qsnqvjn0kq3tz8d"},"id":"f7ykagi3nij9x25","previousOperationId":"6nwuoj3cj5l8ldi"}
{"type":"log","timestamp":1701166858418,"level":"info","message":"Rendering request 25 finished in 116 ms","meta":{"rootId":"qsnqvjn0kq3tz8d","id":"qsnqvjn0kq3tz8d"},"id":"qzrkgy4jxr6gik9","previousOperationId":"6nwuoj3cj5l8ldi"}
{"type":"operationEnd","subtype":"render","operationId":"v1vayaq8nhjja2y","timestamp":1701166858418,"id":"kofk0r85jf7er2x","previousEventId":"9bmt76ygs7ybz29","previousOperationId":"6nwuoj3cj5l8ldi"}
{"type":"operationEnd","doDiffs":false,"previousEventId":"hf9ezg1rpnjkwrw","previousOperationId":"39kkcfau7rsweuq","operationId":"39kkcfau7rsweuq","timestamp":1701166858424,"id":"62plha5jorl95v3"}
