{"type":"operationStart","subtype":"profile","data":{"_id":"oun3k5y4zlTSvse9","timestamp":"2023-11-28T13:40:09.725Z","state":"queued","mode":"standard","creationDate":"2023-11-28T13:40:09.726Z","modificationDate":"2023-11-28T13:40:09.726Z","shortid":"GX73O32","$entitySet":"profiles"},"doDiffs":false,"timestamp":1701178809726,"id":"0hxzkz1gw87rcfv","previousOperationId":null,"operationId":"tvhg8kkug8q8d97"}
{"type":"log","level":"info","message":"Render request 84 queued for execution and waiting for available worker","previousOperationId":"tvhg8kkug8q8d97","timestamp":1701178809726,"id":"1yomjtksdlquy2l"}
{"type":"operationStart","subtype":"render","name":"pns_index","previousOperationId":"tvhg8kkug8q8d97","timestamp":1701178809733,"id":"9fps95ufgev8edo","previousEventId":"0hxzkz1gw87rcfv","operationId":"6vuat8kzgnnis1k"}
{"type":"log","timestamp":1701178809733,"level":"info","message":"Starting rendering request 84","meta":{"rootId":"rlx5ranc59lob1z","id":"rlx5ranc59lob1z"},"id":"51ayy77hoh7xybd","previousOperationId":"6vuat8kzgnnis1k"}
{"type":"log","timestamp":1701178809734,"level":"info","message":"Rendering template { name: pns_index, recipe: chrome-pdf, engine: handlebars, preview: true }","meta":{"rootId":"rlx5ranc59lob1z","id":"rlx5ranc59lob1z"},"id":"k35eylvmeq30jli","previousOperationId":"6vuat8kzgnnis1k"}
{"type":"log","timestamp":1701178809736,"level":"debug","message":"Inline data specified.","meta":{"rootId":"rlx5ranc59lob1z","id":"rlx5ranc59lob1z"},"id":"zgllsia3mbi4koc","previousOperationId":"6vuat8kzgnnis1k"}
{"type":"log","timestamp":1701178809739,"level":"debug","message":"Base url not specified, skipping its injection.","meta":{"rootId":"rlx5ranc59lob1z","id":"rlx5ranc59lob1z"},"id":"r20cajng1ex86z7","previousOperationId":"6vuat8kzgnnis1k"}
{"type":"operationStart","subtype":"engine","name":"handlebars","timestamp":1701178809739,"id":"j4u6ash6crrv47n","previousEventId":"9fps95ufgev8edo","operationId":"dzid3l6hzzwqq98","previousOperationId":"6vuat8kzgnnis1k"}
{"type":"log","timestamp":1701178809739,"level":"debug","message":"Rendering engine handlebars","meta":{"rootId":"rlx5ranc59lob1z","id":"rlx5ranc59lob1z"},"id":"kdnttrv0wxl1u82","previousOperationId":"dzid3l6hzzwqq98"}
{"type":"operationEnd","operationId":"dzid3l6hzzwqq98","timestamp":1701178809762,"id":"7ndus6he5eotjid","previousEventId":"j4u6ash6crrv47n","previousOperationId":"dzid3l6hzzwqq98"}
{"type":"operationStart","subtype":"recipe","name":"chrome-pdf","timestamp":1701178809762,"id":"gg0wbh3pykds86s","previousEventId":"7ndus6he5eotjid","operationId":"t4bdrxgayp6zent","previousOperationId":"dzid3l6hzzwqq98"}
{"type":"log","timestamp":1701178809762,"level":"debug","message":"Executing recipe chrome-pdf","meta":{"rootId":"rlx5ranc59lob1z","id":"rlx5ranc59lob1z"},"id":"qi7gvktnpfytblc","previousOperationId":"t4bdrxgayp6zent"}
{"type":"log","timestamp":1701178809764,"level":"debug","message":"Converting with chrome HeadlessChrome/117.0.5938.149 using chrome-pool strategy","meta":{"rootId":"rlx5ranc59lob1z","id":"rlx5ranc59lob1z"},"id":"z7a28s2ac4hvpms","previousOperationId":"t4bdrxgayp6zent"}
{"type":"log","timestamp":1701178809810,"level":"debug","message":"Page request: GET (document) file:///var/folders/dp/qk79pfcj0y1fmtkkl08m76rc0000gn/T/jsreport/autocleanup/d1b526b5-80be-490a-9125-d3098ec37ab0-chrome-pdf.html","meta":{"rootId":"rlx5ranc59lob1z","id":"rlx5ranc59lob1z"},"id":"pvxvw3jrd99qv5v","previousOperationId":"t4bdrxgayp6zent"}
{"type":"log","timestamp":1701178809815,"level":"debug","message":"Page request finished: GET (document) 200 file:///var/folders/dp/qk79pfcj0y1fmtkkl08m76rc0000gn/T/jsreport/autocleanup/d1b526b5-80be-490a-9125-d3098ec37ab0-chrome-pdf.html","meta":{"rootId":"rlx5ranc59lob1z","id":"rlx5ranc59lob1z"},"id":"4dwqsza8pw85j21","previousOperationId":"t4bdrxgayp6zent"}
{"type":"log","timestamp":1701178809826,"level":"debug","message":"Custom viewport for chrome page width=800, height=2000","meta":{"rootId":"rlx5ranc59lob1z","id":"rlx5ranc59lob1z"},"id":"0wgo8xz9oeibij6","previousOperationId":"t4bdrxgayp6zent"}
{"type":"log","timestamp":1701178809827,"level":"debug","message":"Running chrome with params {\"printBackground\":true,\"width\":\"5.8cm\",\"height\":\"50cm\",\"timeout\":59961,\"margin\":{}}","meta":{"rootId":"rlx5ranc59lob1z","id":"rlx5ranc59lob1z"},"id":"2jh0eldhzj3h0q4","previousOperationId":"t4bdrxgayp6zent"}
{"type":"operationEnd","operationId":"t4bdrxgayp6zent","timestamp":1701178809852,"id":"mp2zl7cs3znz79p","previousEventId":"gg0wbh3pykds86s","previousOperationId":"t4bdrxgayp6zent"}
{"type":"log","timestamp":1701178809852,"level":"debug","message":"Skipping storing report.","meta":{"rootId":"rlx5ranc59lob1z","id":"rlx5ranc59lob1z"},"id":"c6ocmwavwp4nz0r","previousOperationId":"t4bdrxgayp6zent"}
{"type":"log","timestamp":1701178809852,"level":"info","message":"Rendering request 84 finished in 127 ms","meta":{"rootId":"rlx5ranc59lob1z","id":"rlx5ranc59lob1z"},"id":"vkqgdddigbspnt9","previousOperationId":"t4bdrxgayp6zent"}
{"type":"operationEnd","subtype":"render","operationId":"6vuat8kzgnnis1k","timestamp":1701178809852,"id":"0ygo8kgmi4w6cyx","previousEventId":"mp2zl7cs3znz79p","previousOperationId":"t4bdrxgayp6zent"}
{"type":"operationEnd","doDiffs":false,"previousEventId":"0hxzkz1gw87rcfv","previousOperationId":"tvhg8kkug8q8d97","operationId":"tvhg8kkug8q8d97","timestamp":1701178809854,"id":"asvfcjd366zufuu"}
