{"type":"operationStart","subtype":"profile","data":{"_id":"S9uNoRLKSPYryOIm","timestamp":"2023-11-27T19:25:26.379Z","state":"queued","mode":"standard","creationDate":"2023-11-27T19:25:26.380Z","modificationDate":"2023-11-27T19:25:26.380Z","shortid":"5ss0Cvi","$entitySet":"profiles"},"doDiffs":false,"timestamp":1701113126380,"id":"w5pfmo1jj191xzu","previousOperationId":null,"operationId":"xmdiflpqglwtrqb"}
{"type":"log","level":"info","message":"Render request 56 queued for execution and waiting for available worker","previousOperationId":"xmdiflpqglwtrqb","timestamp":1701113126380,"id":"n7efo7czycek9gl"}
{"type":"operationStart","subtype":"render","name":"pns_index","previousOperationId":"xmdiflpqglwtrqb","timestamp":1701113126387,"id":"gi2p7x3ea5w2p2a","previousEventId":"w5pfmo1jj191xzu","operationId":"wm82lj6r3137k4m"}
{"type":"log","timestamp":1701113126387,"level":"info","message":"Starting rendering request 56","meta":{"rootId":"rslgvs4qu38z46w","id":"rslgvs4qu38z46w"},"id":"0xnrwbc854p961r","previousOperationId":"wm82lj6r3137k4m"}
{"type":"log","timestamp":1701113126387,"level":"info","message":"Rendering template { name: pns_index, recipe: chrome-pdf, engine: handlebars, preview: true }","meta":{"rootId":"rslgvs4qu38z46w","id":"rslgvs4qu38z46w"},"id":"u2ht8esni6n3g09","previousOperationId":"wm82lj6r3137k4m"}
{"type":"log","timestamp":1701113126389,"level":"debug","message":"Inline data specified.","meta":{"rootId":"rslgvs4qu38z46w","id":"rslgvs4qu38z46w"},"id":"kurm5skmlakrwcz","previousOperationId":"wm82lj6r3137k4m"}
{"type":"log","timestamp":1701113126391,"level":"debug","message":"Base url not specified, skipping its injection.","meta":{"rootId":"rslgvs4qu38z46w","id":"rslgvs4qu38z46w"},"id":"8cdaom2b8wtxvhu","previousOperationId":"wm82lj6r3137k4m"}
{"type":"operationStart","subtype":"engine","name":"handlebars","timestamp":1701113126392,"id":"uo5ie7y2rwr0dr3","previousEventId":"gi2p7x3ea5w2p2a","operationId":"a1qjsogpwgvb0r8","previousOperationId":"wm82lj6r3137k4m"}
{"type":"log","timestamp":1701113126392,"level":"debug","message":"Rendering engine handlebars","meta":{"rootId":"rslgvs4qu38z46w","id":"rslgvs4qu38z46w"},"id":"xxhh0vm83wzqhuv","previousOperationId":"a1qjsogpwgvb0r8"}
{"type":"operationEnd","operationId":"a1qjsogpwgvb0r8","timestamp":1701113126412,"id":"c95sxig6lasz4eh","previousEventId":"uo5ie7y2rwr0dr3","previousOperationId":"a1qjsogpwgvb0r8"}
{"type":"operationStart","subtype":"recipe","name":"chrome-pdf","timestamp":1701113126413,"id":"8hnjc4mldd2vdh7","previousEventId":"c95sxig6lasz4eh","operationId":"t1pb7oqke2mis90","previousOperationId":"a1qjsogpwgvb0r8"}
{"type":"log","timestamp":1701113126413,"level":"debug","message":"Executing recipe chrome-pdf","meta":{"rootId":"rslgvs4qu38z46w","id":"rslgvs4qu38z46w"},"id":"kg9j4ek96dgxpvm","previousOperationId":"t1pb7oqke2mis90"}
{"type":"log","timestamp":1701113126414,"level":"debug","message":"Converting with chrome HeadlessChrome/117.0.5938.149 using chrome-pool strategy","meta":{"rootId":"rslgvs4qu38z46w","id":"rslgvs4qu38z46w"},"id":"9kuo9xw73q6o2pa","previousOperationId":"t1pb7oqke2mis90"}
{"type":"log","timestamp":1701113126452,"level":"debug","message":"Page request: GET (document) file:///var/folders/dp/qk79pfcj0y1fmtkkl08m76rc0000gn/T/jsreport/autocleanup/fc0b436c-0279-464b-a5ff-7139ffee1798-chrome-pdf.html","meta":{"rootId":"rslgvs4qu38z46w","id":"rslgvs4qu38z46w"},"id":"xq1c3vm56vrs60q","previousOperationId":"t1pb7oqke2mis90"}
{"type":"log","timestamp":1701113126458,"level":"debug","message":"Page request finished: GET (document) 200 file:///var/folders/dp/qk79pfcj0y1fmtkkl08m76rc0000gn/T/jsreport/autocleanup/fc0b436c-0279-464b-a5ff-7139ffee1798-chrome-pdf.html","meta":{"rootId":"rslgvs4qu38z46w","id":"rslgvs4qu38z46w"},"id":"6wvnhz8nk4h7nyq","previousOperationId":"t1pb7oqke2mis90"}
{"type":"log","timestamp":1701113126465,"level":"debug","message":"Running chrome with params {\"printBackground\":true,\"timeout\":59966,\"margin\":{}}","meta":{"rootId":"rslgvs4qu38z46w","id":"rslgvs4qu38z46w"},"id":"rbvogr2f09ps8dq","previousOperationId":"t1pb7oqke2mis90"}
{"type":"operationEnd","operationId":"t1pb7oqke2mis90","timestamp":1701113126492,"id":"pbdu2hhmmsn0x13","previousEventId":"8hnjc4mldd2vdh7","previousOperationId":"t1pb7oqke2mis90"}
{"type":"log","timestamp":1701113126492,"level":"debug","message":"Skipping storing report.","meta":{"rootId":"rslgvs4qu38z46w","id":"rslgvs4qu38z46w"},"id":"0jxko6q4q7ffgav","previousOperationId":"t1pb7oqke2mis90"}
{"type":"log","timestamp":1701113126492,"level":"info","message":"Rendering request 56 finished in 113 ms","meta":{"rootId":"rslgvs4qu38z46w","id":"rslgvs4qu38z46w"},"id":"rj4vaxatkfo1wsm","previousOperationId":"t1pb7oqke2mis90"}
{"type":"operationEnd","subtype":"render","operationId":"wm82lj6r3137k4m","timestamp":1701113126492,"id":"2sltzx7jepk0bou","previousEventId":"pbdu2hhmmsn0x13","previousOperationId":"t1pb7oqke2mis90"}
{"type":"operationEnd","doDiffs":false,"previousEventId":"w5pfmo1jj191xzu","previousOperationId":"xmdiflpqglwtrqb","operationId":"xmdiflpqglwtrqb","timestamp":1701113126493,"id":"068kzmq62w93puj"}
