{"type":"operationStart","subtype":"profile","data":{"_id":"XCG4XKui7AIVurqN","timestamp":"2023-12-04T11:26:21.598Z","state":"queued","mode":"standard","creationDate":"2023-12-04T11:26:21.601Z","modificationDate":"2023-12-04T11:26:21.601Z","shortid":"hHtmxmM","$entitySet":"profiles"},"doDiffs":false,"timestamp":1701689181599,"id":"3qmu1l6140pqe2g","previousOperationId":null,"operationId":"y07g4pdhwn22p64"}
{"type":"log","level":"info","message":"Render request 113 queued for execution and waiting for available worker","previousOperationId":"y07g4pdhwn22p64","timestamp":1701689181600,"id":"u6qozer9khpbqlh"}
{"type":"operationStart","subtype":"render","name":"pns_index","previousOperationId":"y07g4pdhwn22p64","timestamp":1701689181619,"id":"4c50c0kp8jsy17d","previousEventId":"3qmu1l6140pqe2g","operationId":"gl7i566yxgf9fok"}
{"type":"log","timestamp":1701689181619,"level":"info","message":"Starting rendering request 113","meta":{"rootId":"sjt91vejl65e9k2","id":"sjt91vejl65e9k2"},"id":"nolzqg2mlldhgjz","previousOperationId":"gl7i566yxgf9fok"}
{"type":"log","timestamp":1701689181619,"level":"info","message":"Rendering template { name: pns_index, recipe: chrome-pdf, engine: handlebars, preview: true }","meta":{"rootId":"sjt91vejl65e9k2","id":"sjt91vejl65e9k2"},"id":"8f1oqg0zx0jtwso","previousOperationId":"gl7i566yxgf9fok"}
{"type":"log","timestamp":1701689181620,"level":"debug","message":"Inline data specified.","meta":{"rootId":"sjt91vejl65e9k2","id":"sjt91vejl65e9k2"},"id":"m2jh8re3ymqiyff","previousOperationId":"gl7i566yxgf9fok"}
{"type":"log","timestamp":1701689181622,"level":"debug","message":"Base url not specified, skipping its injection.","meta":{"rootId":"sjt91vejl65e9k2","id":"sjt91vejl65e9k2"},"id":"ooozicth3nozphj","previousOperationId":"gl7i566yxgf9fok"}
{"type":"operationStart","subtype":"engine","name":"handlebars","timestamp":1701689181623,"id":"bs8bav0f9wj4jcg","previousEventId":"4c50c0kp8jsy17d","operationId":"4t3iow14w11grya","previousOperationId":"gl7i566yxgf9fok"}
{"type":"log","timestamp":1701689181623,"level":"debug","message":"Rendering engine handlebars","meta":{"rootId":"sjt91vejl65e9k2","id":"sjt91vejl65e9k2"},"id":"jc8rbdnesyf23jd","previousOperationId":"4t3iow14w11grya"}
{"type":"operationEnd","operationId":"4t3iow14w11grya","timestamp":1701689181654,"id":"vg9eojetjyzd0qb","previousEventId":"bs8bav0f9wj4jcg","previousOperationId":"4t3iow14w11grya"}
{"type":"operationStart","subtype":"recipe","name":"chrome-pdf","timestamp":1701689181654,"id":"k56vr59axvqfgbo","previousEventId":"vg9eojetjyzd0qb","operationId":"auley12yu3wdcwj","previousOperationId":"4t3iow14w11grya"}
{"type":"log","timestamp":1701689181654,"level":"debug","message":"Executing recipe chrome-pdf","meta":{"rootId":"sjt91vejl65e9k2","id":"sjt91vejl65e9k2"},"id":"9hvsmtru2ea6amg","previousOperationId":"auley12yu3wdcwj"}
{"type":"log","timestamp":1701689181657,"level":"debug","message":"Converting with chrome HeadlessChrome/117.0.5938.149 using chrome-pool strategy","meta":{"rootId":"sjt91vejl65e9k2","id":"sjt91vejl65e9k2"},"id":"ct1bksbq06q7fz1","previousOperationId":"auley12yu3wdcwj"}
{"type":"log","timestamp":1701689181711,"level":"debug","message":"Page request: GET (document) file:///var/folders/dp/qk79pfcj0y1fmtkkl08m76rc0000gn/T/jsreport/autocleanup/affea947-581f-4e94-b4ee-2ffd4c46d0f4-chrome-pdf.html","meta":{"rootId":"sjt91vejl65e9k2","id":"sjt91vejl65e9k2"},"id":"0t9dyplgqq73yn7","previousOperationId":"auley12yu3wdcwj"}
{"type":"log","timestamp":1701689181715,"level":"debug","message":"Page request finished: GET (document) 200 file:///var/folders/dp/qk79pfcj0y1fmtkkl08m76rc0000gn/T/jsreport/autocleanup/affea947-581f-4e94-b4ee-2ffd4c46d0f4-chrome-pdf.html","meta":{"rootId":"sjt91vejl65e9k2","id":"sjt91vejl65e9k2"},"id":"yqmus6ffzku8vw0","previousOperationId":"auley12yu3wdcwj"}
{"type":"log","timestamp":1701689181723,"level":"debug","message":"Custom viewport for chrome page width=800, height=2000","meta":{"rootId":"sjt91vejl65e9k2","id":"sjt91vejl65e9k2"},"id":"rb85btonf5zbhuk","previousOperationId":"auley12yu3wdcwj"}
{"type":"log","timestamp":1701689181736,"level":"debug","message":"Running chrome with params {\"printBackground\":true,\"width\":\"5.8cm\",\"height\":\"50cm\",\"timeout\":59942,\"margin\":{}}","meta":{"rootId":"sjt91vejl65e9k2","id":"sjt91vejl65e9k2"},"id":"rmmm8863ovtjulv","previousOperationId":"auley12yu3wdcwj"}
{"type":"operationEnd","operationId":"auley12yu3wdcwj","timestamp":1701689181766,"id":"do0wjihv2aek4rn","previousEventId":"k56vr59axvqfgbo","previousOperationId":"auley12yu3wdcwj"}
{"type":"log","timestamp":1701689181766,"level":"debug","message":"Skipping storing report.","meta":{"rootId":"sjt91vejl65e9k2","id":"sjt91vejl65e9k2"},"id":"rf9d70gg6spfcrf","previousOperationId":"auley12yu3wdcwj"}
{"type":"log","timestamp":1701689181766,"level":"info","message":"Rendering request 113 finished in 168 ms","meta":{"rootId":"sjt91vejl65e9k2","id":"sjt91vejl65e9k2"},"id":"2iv47fq8jrb3pje","previousOperationId":"auley12yu3wdcwj"}
{"type":"operationEnd","subtype":"render","operationId":"gl7i566yxgf9fok","timestamp":1701689181766,"id":"z08992y4pmpd0ei","previousEventId":"do0wjihv2aek4rn","previousOperationId":"auley12yu3wdcwj"}
{"type":"operationEnd","doDiffs":false,"previousEventId":"3qmu1l6140pqe2g","previousOperationId":"y07g4pdhwn22p64","operationId":"y07g4pdhwn22p64","timestamp":1701689181768,"id":"jd7ae3xt9zgf64k"}
