{"type":"operationStart","subtype":"profile","data":{"_id":"Yq1iFsXELiMHZyRf","timestamp":"2023-11-28T11:54:36.857Z","state":"queued","mode":"standard","creationDate":"2023-11-28T11:54:36.858Z","modificationDate":"2023-11-28T11:54:36.858Z","shortid":"i2u5OFR","$entitySet":"profiles"},"doDiffs":false,"timestamp":1701172476857,"id":"oeqeh3fxic3fnqk","previousOperationId":null,"operationId":"lb5k6agb1atfuvg"}
{"type":"log","level":"info","message":"Render request 21 queued for execution and waiting for available worker","previousOperationId":"lb5k6agb1atfuvg","timestamp":1701172476857,"id":"vp6v74eaas2w25a"}
{"type":"operationStart","subtype":"render","name":"pns_index","previousOperationId":"lb5k6agb1atfuvg","timestamp":1701172476865,"id":"tdiw03rwgujqayn","previousEventId":"oeqeh3fxic3fnqk","operationId":"d6pmiuox3sfm2qr"}
{"type":"log","timestamp":1701172476865,"level":"info","message":"Starting rendering request 21","meta":{"rootId":"smpgyzuimaxf8u2","id":"smpgyzuimaxf8u2"},"id":"cyog67w1e6upir9","previousOperationId":"d6pmiuox3sfm2qr"}
{"type":"log","timestamp":1701172476865,"level":"info","message":"Rendering template { name: pns_index, recipe: chrome-pdf, engine: handlebars, preview: true }","meta":{"rootId":"smpgyzuimaxf8u2","id":"smpgyzuimaxf8u2"},"id":"4qmrdic3rhtc7kc","previousOperationId":"d6pmiuox3sfm2qr"}
{"type":"log","timestamp":1701172476866,"level":"debug","message":"Inline data specified.","meta":{"rootId":"smpgyzuimaxf8u2","id":"smpgyzuimaxf8u2"},"id":"9qf1283sghtope6","previousOperationId":"d6pmiuox3sfm2qr"}
{"type":"log","timestamp":1701172476867,"level":"debug","message":"Base url not specified, skipping its injection.","meta":{"rootId":"smpgyzuimaxf8u2","id":"smpgyzuimaxf8u2"},"id":"8gmj7i5rccnqhgm","previousOperationId":"d6pmiuox3sfm2qr"}
{"type":"operationStart","subtype":"engine","name":"handlebars","timestamp":1701172476867,"id":"hv1jsd77n8gmzfi","previousEventId":"tdiw03rwgujqayn","operationId":"c7j21b5nmkdbwsg","previousOperationId":"d6pmiuox3sfm2qr"}
{"type":"log","timestamp":1701172476867,"level":"debug","message":"Rendering engine handlebars","meta":{"rootId":"smpgyzuimaxf8u2","id":"smpgyzuimaxf8u2"},"id":"fo4dkdsof7ji5s0","previousOperationId":"c7j21b5nmkdbwsg"}
{"type":"operationEnd","operationId":"c7j21b5nmkdbwsg","timestamp":1701172476902,"id":"0cmal0njn5z8ntj","previousEventId":"hv1jsd77n8gmzfi","previousOperationId":"c7j21b5nmkdbwsg"}
{"type":"operationStart","subtype":"recipe","name":"chrome-pdf","timestamp":1701172476902,"id":"wcy6vsotmowcvmz","previousEventId":"0cmal0njn5z8ntj","operationId":"uvhk99nbixawxnl","previousOperationId":"c7j21b5nmkdbwsg"}
{"type":"log","timestamp":1701172476902,"level":"debug","message":"Executing recipe chrome-pdf","meta":{"rootId":"smpgyzuimaxf8u2","id":"smpgyzuimaxf8u2"},"id":"acd1i9quyui9ife","previousOperationId":"uvhk99nbixawxnl"}
{"type":"log","timestamp":1701172476906,"level":"debug","message":"Converting with chrome HeadlessChrome/117.0.5938.149 using chrome-pool strategy","meta":{"rootId":"smpgyzuimaxf8u2","id":"smpgyzuimaxf8u2"},"id":"z6oqw709fvg9ncb","previousOperationId":"uvhk99nbixawxnl"}
{"type":"log","timestamp":1701172476948,"level":"debug","message":"Page request: GET (document) file:///var/folders/dp/qk79pfcj0y1fmtkkl08m76rc0000gn/T/jsreport/autocleanup/42ee232a-5ec7-4453-9d20-ab61d30924aa-chrome-pdf.html","meta":{"rootId":"smpgyzuimaxf8u2","id":"smpgyzuimaxf8u2"},"id":"ptbfu5qai3vci7g","previousOperationId":"uvhk99nbixawxnl"}
{"type":"log","timestamp":1701172476952,"level":"debug","message":"Page request finished: GET (document) 200 file:///var/folders/dp/qk79pfcj0y1fmtkkl08m76rc0000gn/T/jsreport/autocleanup/42ee232a-5ec7-4453-9d20-ab61d30924aa-chrome-pdf.html","meta":{"rootId":"smpgyzuimaxf8u2","id":"smpgyzuimaxf8u2"},"id":"lcw0hqpcpreyo6v","previousOperationId":"uvhk99nbixawxnl"}
{"type":"log","timestamp":1701172476963,"level":"debug","message":"Running chrome with params {\"printBackground\":true,\"width\":\"8cm\",\"height\":\"50cm\",\"timeout\":59951,\"margin\":{}}","meta":{"rootId":"smpgyzuimaxf8u2","id":"smpgyzuimaxf8u2"},"id":"272jafgwp6uobo9","previousOperationId":"uvhk99nbixawxnl"}
{"type":"operationEnd","operationId":"uvhk99nbixawxnl","timestamp":1701172476983,"id":"tj5pysvxefaym0e","previousEventId":"wcy6vsotmowcvmz","previousOperationId":"uvhk99nbixawxnl"}
{"type":"log","timestamp":1701172476983,"level":"debug","message":"Skipping storing report.","meta":{"rootId":"smpgyzuimaxf8u2","id":"smpgyzuimaxf8u2"},"id":"3ld48wanvx3o6rc","previousOperationId":"uvhk99nbixawxnl"}
{"type":"log","timestamp":1701172476983,"level":"info","message":"Rendering request 21 finished in 127 ms","meta":{"rootId":"smpgyzuimaxf8u2","id":"smpgyzuimaxf8u2"},"id":"o8iml8fbrq438a7","previousOperationId":"uvhk99nbixawxnl"}
{"type":"operationEnd","subtype":"render","operationId":"d6pmiuox3sfm2qr","timestamp":1701172476983,"id":"1bx88jpyldcg6vw","previousEventId":"tj5pysvxefaym0e","previousOperationId":"uvhk99nbixawxnl"}
{"type":"operationEnd","doDiffs":false,"previousEventId":"oeqeh3fxic3fnqk","previousOperationId":"lb5k6agb1atfuvg","operationId":"lb5k6agb1atfuvg","timestamp":1701172476984,"id":"lsrdvadg1vo8xtx"}
