{"type":"operationStart","subtype":"profile","data":{"_id":"VwJp9MZVsJDTYMWt","timestamp":"2023-11-30T08:31:08.265Z","state":"queued","mode":"standard","creationDate":"2023-11-30T08:31:08.268Z","modificationDate":"2023-11-30T08:31:08.268Z","shortid":"0bXjzr4","$entitySet":"profiles"},"doDiffs":false,"timestamp":1701333068266,"id":"eoqbxmurcm1zu9c","previousOperationId":null,"operationId":"m8l7mzmt788p3jd"}
{"type":"log","level":"info","message":"Render request 4 queued for execution and waiting for available worker","previousOperationId":"m8l7mzmt788p3jd","timestamp":1701333068267,"id":"dnanmliv6spsev1"}
{"type":"operationStart","subtype":"render","name":"pns_index","previousOperationId":"m8l7mzmt788p3jd","timestamp":1701333068284,"id":"0r5qrzioi8ouzsj","previousEventId":"eoqbxmurcm1zu9c","operationId":"2tiavym631i2njc"}
{"type":"log","timestamp":1701333068285,"level":"info","message":"Starting rendering request 4","meta":{"rootId":"srj191xpw72vf2f","id":"srj191xpw72vf2f"},"id":"kk2e1jce1b692pk","previousOperationId":"2tiavym631i2njc"}
{"type":"log","timestamp":1701333068285,"level":"info","message":"Rendering template { name: pns_index, recipe: chrome-pdf, engine: handlebars, preview: true }","meta":{"rootId":"srj191xpw72vf2f","id":"srj191xpw72vf2f"},"id":"pqsbbm10iwjngbp","previousOperationId":"2tiavym631i2njc"}
{"type":"log","timestamp":1701333068285,"level":"debug","message":"Inline data specified.","meta":{"rootId":"srj191xpw72vf2f","id":"srj191xpw72vf2f"},"id":"snm0qbn0621lxvy","previousOperationId":"2tiavym631i2njc"}
{"type":"log","timestamp":1701333068286,"level":"debug","message":"Base url not specified, skipping its injection.","meta":{"rootId":"srj191xpw72vf2f","id":"srj191xpw72vf2f"},"id":"g8ri9w6ez455hvo","previousOperationId":"2tiavym631i2njc"}
{"type":"operationStart","subtype":"engine","name":"handlebars","timestamp":1701333068287,"id":"kyf4f355z7gbvus","previousEventId":"0r5qrzioi8ouzsj","operationId":"3hx91307f0fpe90","previousOperationId":"2tiavym631i2njc"}
{"type":"log","timestamp":1701333068287,"level":"debug","message":"Rendering engine handlebars","meta":{"rootId":"srj191xpw72vf2f","id":"srj191xpw72vf2f"},"id":"9hm39ecp79jwp9n","previousOperationId":"3hx91307f0fpe90"}
{"type":"operationEnd","operationId":"3hx91307f0fpe90","timestamp":1701333068326,"id":"r6ajeigip4oweyt","previousEventId":"kyf4f355z7gbvus","previousOperationId":"3hx91307f0fpe90"}
{"type":"operationStart","subtype":"recipe","name":"chrome-pdf","timestamp":1701333068326,"id":"jfbndfvt55lxgwt","previousEventId":"r6ajeigip4oweyt","operationId":"g1uiyjen3ww3ewn","previousOperationId":"3hx91307f0fpe90"}
{"type":"log","timestamp":1701333068326,"level":"debug","message":"Executing recipe chrome-pdf","meta":{"rootId":"srj191xpw72vf2f","id":"srj191xpw72vf2f"},"id":"9lyd3baahpv0q94","previousOperationId":"g1uiyjen3ww3ewn"}
{"type":"log","timestamp":1701333068328,"level":"debug","message":"Converting with chrome HeadlessChrome/117.0.5938.149 using chrome-pool strategy","meta":{"rootId":"srj191xpw72vf2f","id":"srj191xpw72vf2f"},"id":"i1wl7gnuoy8dvsl","previousOperationId":"g1uiyjen3ww3ewn"}
{"type":"log","timestamp":1701333068378,"level":"debug","message":"Page request: GET (document) file:///var/folders/dp/qk79pfcj0y1fmtkkl08m76rc0000gn/T/jsreport/autocleanup/24dde32b-3ef7-413c-8b07-d98a13380d53-chrome-pdf.html","meta":{"rootId":"srj191xpw72vf2f","id":"srj191xpw72vf2f"},"id":"vj60dsx2zep0swf","previousOperationId":"g1uiyjen3ww3ewn"}
{"type":"log","timestamp":1701333068384,"level":"debug","message":"Page request finished: GET (document) 200 file:///var/folders/dp/qk79pfcj0y1fmtkkl08m76rc0000gn/T/jsreport/autocleanup/24dde32b-3ef7-413c-8b07-d98a13380d53-chrome-pdf.html","meta":{"rootId":"srj191xpw72vf2f","id":"srj191xpw72vf2f"},"id":"gifq8zxo3orwxgx","previousOperationId":"g1uiyjen3ww3ewn"}
{"type":"log","timestamp":1701333068390,"level":"debug","message":"Custom viewport for chrome page width=800, height=2000","meta":{"rootId":"srj191xpw72vf2f","id":"srj191xpw72vf2f"},"id":"vgd6t5du7olmrzm","previousOperationId":"g1uiyjen3ww3ewn"}
{"type":"log","timestamp":1701333068392,"level":"debug","message":"Running chrome with params {\"printBackground\":true,\"width\":\"5.8cm\",\"height\":\"50cm\",\"timeout\":59938,\"margin\":{}}","meta":{"rootId":"srj191xpw72vf2f","id":"srj191xpw72vf2f"},"id":"vmldlhsmuwpu6pd","previousOperationId":"g1uiyjen3ww3ewn"}
{"type":"operationEnd","operationId":"g1uiyjen3ww3ewn","timestamp":1701333068429,"id":"05qzga3whz4i6e7","previousEventId":"jfbndfvt55lxgwt","previousOperationId":"g1uiyjen3ww3ewn"}
{"type":"log","timestamp":1701333068429,"level":"debug","message":"Skipping storing report.","meta":{"rootId":"srj191xpw72vf2f","id":"srj191xpw72vf2f"},"id":"j3vzy3qa22coi14","previousOperationId":"g1uiyjen3ww3ewn"}
{"type":"log","timestamp":1701333068429,"level":"info","message":"Rendering request 4 finished in 164 ms","meta":{"rootId":"srj191xpw72vf2f","id":"srj191xpw72vf2f"},"id":"uq2fy56peqsyjnw","previousOperationId":"g1uiyjen3ww3ewn"}
{"type":"operationEnd","subtype":"render","operationId":"2tiavym631i2njc","timestamp":1701333068429,"id":"ysy5c8kvgacklsz","previousEventId":"05qzga3whz4i6e7","previousOperationId":"g1uiyjen3ww3ewn"}
{"type":"operationEnd","doDiffs":false,"previousEventId":"eoqbxmurcm1zu9c","previousOperationId":"m8l7mzmt788p3jd","operationId":"m8l7mzmt788p3jd","timestamp":1701333068430,"id":"s0spm9im6zl67sj"}
