{"type":"operationStart","subtype":"profile","data":{"_id":"JfQzoikvssgoCF2b","timestamp":"2023-12-05T13:54:28.696Z","state":"queued","mode":"standard","creationDate":"2023-12-05T13:54:28.697Z","modificationDate":"2023-12-05T13:54:28.697Z","shortid":"pKikvJN","$entitySet":"profiles"},"doDiffs":false,"timestamp":1701784468696,"id":"xl5r7allrjkue12","previousOperationId":null,"operationId":"hn1c5y50ml17zg8"}
{"type":"log","level":"info","message":"Render request 5 queued for execution and waiting for available worker","previousOperationId":"hn1c5y50ml17zg8","timestamp":1701784468696,"id":"t77sbgwpv5cvxap"}
{"type":"operationStart","subtype":"render","name":"pns_index","previousOperationId":"hn1c5y50ml17zg8","timestamp":1701784468703,"id":"j64tkjp2jdr12v7","previousEventId":"xl5r7allrjkue12","operationId":"by3a7gw1c4nelk5"}
{"type":"log","timestamp":1701784468703,"level":"info","message":"Starting rendering request 5","meta":{"rootId":"t0dnf37wdczkt4o","id":"t0dnf37wdczkt4o"},"id":"jaj02kph5hy67xs","previousOperationId":"by3a7gw1c4nelk5"}
{"type":"log","timestamp":1701784468703,"level":"info","message":"Rendering template { name: pns_index, recipe: chrome-pdf, engine: handlebars, preview: true }","meta":{"rootId":"t0dnf37wdczkt4o","id":"t0dnf37wdczkt4o"},"id":"nhxis7l1fqxp216","previousOperationId":"by3a7gw1c4nelk5"}
{"type":"log","timestamp":1701784468703,"level":"debug","message":"Adding sample data flbhzmKcJ","meta":{"rootId":"t0dnf37wdczkt4o","id":"t0dnf37wdczkt4o"},"id":"izpuz96f53lg8ly","previousOperationId":"by3a7gw1c4nelk5"}
{"type":"log","timestamp":1701784468704,"level":"debug","message":"Base url not specified, skipping its injection.","meta":{"rootId":"t0dnf37wdczkt4o","id":"t0dnf37wdczkt4o"},"id":"21orpafpglylu0c","previousOperationId":"by3a7gw1c4nelk5"}
{"type":"log","timestamp":1701784468705,"level":"debug","message":"Replaced assets [\"styles.css\"]","meta":{"rootId":"t0dnf37wdczkt4o","id":"t0dnf37wdczkt4o"},"id":"wzaxxkjmyy2p0qu","previousOperationId":"by3a7gw1c4nelk5"}
{"type":"operationStart","subtype":"engine","name":"handlebars","timestamp":1701784468705,"id":"q4bzjw7uqdo1eu3","previousEventId":"j64tkjp2jdr12v7","operationId":"sqyedercvmqhofz","previousOperationId":"by3a7gw1c4nelk5"}
{"type":"log","timestamp":1701784468705,"level":"debug","message":"Rendering engine handlebars","meta":{"rootId":"t0dnf37wdczkt4o","id":"t0dnf37wdczkt4o"},"id":"h0ln47gmruht4sp","previousOperationId":"sqyedercvmqhofz"}
{"type":"operationEnd","operationId":"sqyedercvmqhofz","timestamp":1701784468726,"id":"gd6gy0fzp9uyre0","previousEventId":"q4bzjw7uqdo1eu3","previousOperationId":"sqyedercvmqhofz"}
{"type":"operationStart","subtype":"recipe","name":"chrome-pdf","timestamp":1701784468726,"id":"5tn72mx8vk258w2","previousEventId":"gd6gy0fzp9uyre0","operationId":"4duo59sfck9lc8s","previousOperationId":"sqyedercvmqhofz"}
{"type":"log","timestamp":1701784468726,"level":"debug","message":"Executing recipe chrome-pdf","meta":{"rootId":"t0dnf37wdczkt4o","id":"t0dnf37wdczkt4o"},"id":"brvb95jfmn0rrd1","previousOperationId":"4duo59sfck9lc8s"}
{"type":"log","timestamp":1701784468731,"level":"debug","message":"Converting with chrome HeadlessChrome/117.0.5938.149 using chrome-pool strategy","meta":{"rootId":"t0dnf37wdczkt4o","id":"t0dnf37wdczkt4o"},"id":"m0wfop9c8mud6yb","previousOperationId":"4duo59sfck9lc8s"}
{"type":"log","timestamp":1701784468785,"level":"debug","message":"Page request: GET (document) file:///var/folders/dp/qk79pfcj0y1fmtkkl08m76rc0000gn/T/jsreport/autocleanup/4943dd4f-6026-4cba-9bf5-22a9cf6a4b4b-chrome-pdf.html","meta":{"rootId":"t0dnf37wdczkt4o","id":"t0dnf37wdczkt4o"},"id":"lthzugi5vejzny9","previousOperationId":"4duo59sfck9lc8s"}
{"type":"log","timestamp":1701784468790,"level":"debug","message":"Page request finished: GET (document) 200 file:///var/folders/dp/qk79pfcj0y1fmtkkl08m76rc0000gn/T/jsreport/autocleanup/4943dd4f-6026-4cba-9bf5-22a9cf6a4b4b-chrome-pdf.html","meta":{"rootId":"t0dnf37wdczkt4o","id":"t0dnf37wdczkt4o"},"id":"sx1p71ep00cu22x","previousOperationId":"4duo59sfck9lc8s"}
{"type":"log","timestamp":1701784468802,"level":"debug","message":"Custom viewport for chrome page width=800, height=2000","meta":{"rootId":"t0dnf37wdczkt4o","id":"t0dnf37wdczkt4o"},"id":"4bzbnl5ebd6d4q7","previousOperationId":"4duo59sfck9lc8s"}
{"type":"log","timestamp":1701784468803,"level":"debug","message":"Running chrome with params {\"printBackground\":true,\"width\":\"5.8cm\",\"height\":\"21cm\",\"marginRight\":\"0cm\",\"marginLeft\":\"0cm\",\"timeout\":59966,\"margin\":{\"right\":\"0cm\",\"left\":\"0cm\"}}","meta":{"rootId":"t0dnf37wdczkt4o","id":"t0dnf37wdczkt4o"},"id":"gf4hio2jonuj3ln","previousOperationId":"4duo59sfck9lc8s"}
{"type":"operationEnd","operationId":"4duo59sfck9lc8s","timestamp":1701784468837,"id":"xcbqn28me457unw","previousEventId":"5tn72mx8vk258w2","previousOperationId":"4duo59sfck9lc8s"}
{"type":"log","timestamp":1701784468837,"level":"debug","message":"Skipping storing report.","meta":{"rootId":"t0dnf37wdczkt4o","id":"t0dnf37wdczkt4o"},"id":"xa26lzke7u4anr7","previousOperationId":"4duo59sfck9lc8s"}
{"type":"log","timestamp":1701784468837,"level":"info","message":"Rendering request 5 finished in 142 ms","meta":{"rootId":"t0dnf37wdczkt4o","id":"t0dnf37wdczkt4o"},"id":"mfiky4gp623jztr","previousOperationId":"4duo59sfck9lc8s"}
{"type":"operationEnd","subtype":"render","operationId":"by3a7gw1c4nelk5","timestamp":1701784468837,"id":"r1ekdeivoju1lb1","previousEventId":"xcbqn28me457unw","previousOperationId":"4duo59sfck9lc8s"}
{"type":"operationEnd","doDiffs":false,"previousEventId":"xl5r7allrjkue12","previousOperationId":"hn1c5y50ml17zg8","operationId":"hn1c5y50ml17zg8","timestamp":1701784468838,"id":"n94wlsc6cbqj4of"}
