{"type":"operationStart","subtype":"profile","data":{"_id":"nkIS5uAelIHkJONF","timestamp":"2023-12-04T11:56:39.322Z","state":"queued","mode":"standard","creationDate":"2023-12-04T11:56:39.323Z","modificationDate":"2023-12-04T11:56:39.323Z","shortid":"d-6dFV3","$entitySet":"profiles"},"doDiffs":false,"timestamp":1701690999323,"id":"r7oaa8bi4q2q00y","previousOperationId":null,"operationId":"0yw3h6c8ewhceqg"}
{"type":"log","level":"info","message":"Render request 133 queued for execution and waiting for available worker","previousOperationId":"0yw3h6c8ewhceqg","timestamp":1701690999323,"id":"apef5o1ujk9z68m"}
{"type":"operationStart","subtype":"render","name":"pns_index","previousOperationId":"0yw3h6c8ewhceqg","timestamp":1701690999331,"id":"fhgbe2k11qcgy5l","previousEventId":"r7oaa8bi4q2q00y","operationId":"9sqk464sd1ua9ot"}
{"type":"log","timestamp":1701690999331,"level":"info","message":"Starting rendering request 133","meta":{"rootId":"t6d12d9m9q4xfpe","id":"t6d12d9m9q4xfpe"},"id":"z9iy4ufo6oft9iw","previousOperationId":"9sqk464sd1ua9ot"}
{"type":"log","timestamp":1701690999331,"level":"info","message":"Rendering template { name: pns_index, recipe: chrome-pdf, engine: handlebars, preview: true }","meta":{"rootId":"t6d12d9m9q4xfpe","id":"t6d12d9m9q4xfpe"},"id":"krzsbnx86bn1vub","previousOperationId":"9sqk464sd1ua9ot"}
{"type":"log","timestamp":1701690999332,"level":"debug","message":"Inline data specified.","meta":{"rootId":"t6d12d9m9q4xfpe","id":"t6d12d9m9q4xfpe"},"id":"6ob5euhw8imf36y","previousOperationId":"9sqk464sd1ua9ot"}
{"type":"log","timestamp":1701690999334,"level":"debug","message":"Base url not specified, skipping its injection.","meta":{"rootId":"t6d12d9m9q4xfpe","id":"t6d12d9m9q4xfpe"},"id":"p73yczw6rvwd0gg","previousOperationId":"9sqk464sd1ua9ot"}
{"type":"operationStart","subtype":"engine","name":"handlebars","timestamp":1701690999335,"id":"eazib1xuz8mnh73","previousEventId":"fhgbe2k11qcgy5l","operationId":"bhi8sh11u3vqg1c","previousOperationId":"9sqk464sd1ua9ot"}
{"type":"log","timestamp":1701690999335,"level":"debug","message":"Rendering engine handlebars","meta":{"rootId":"t6d12d9m9q4xfpe","id":"t6d12d9m9q4xfpe"},"id":"j1amvqmwy0jbh2j","previousOperationId":"bhi8sh11u3vqg1c"}
{"type":"operationEnd","operationId":"bhi8sh11u3vqg1c","timestamp":1701690999364,"id":"no3i3tix5jl77ph","previousEventId":"eazib1xuz8mnh73","previousOperationId":"bhi8sh11u3vqg1c"}
{"type":"operationStart","subtype":"recipe","name":"chrome-pdf","timestamp":1701690999364,"id":"nhldcr65bboo4he","previousEventId":"no3i3tix5jl77ph","operationId":"45g3rpo69cdc4yd","previousOperationId":"bhi8sh11u3vqg1c"}
{"type":"log","timestamp":1701690999364,"level":"debug","message":"Executing recipe chrome-pdf","meta":{"rootId":"t6d12d9m9q4xfpe","id":"t6d12d9m9q4xfpe"},"id":"u1uxd8nya364z9t","previousOperationId":"45g3rpo69cdc4yd"}
{"type":"log","timestamp":1701690999368,"level":"debug","message":"Converting with chrome HeadlessChrome/117.0.5938.149 using chrome-pool strategy","meta":{"rootId":"t6d12d9m9q4xfpe","id":"t6d12d9m9q4xfpe"},"id":"9zyr2z0bsp6dsdp","previousOperationId":"45g3rpo69cdc4yd"}
{"type":"log","timestamp":1701690999410,"level":"debug","message":"Page request: GET (document) file:///var/folders/dp/qk79pfcj0y1fmtkkl08m76rc0000gn/T/jsreport/autocleanup/22f2cea4-32dd-490a-98a5-a7946b406e10-chrome-pdf.html","meta":{"rootId":"t6d12d9m9q4xfpe","id":"t6d12d9m9q4xfpe"},"id":"urhc2zs0betqmsz","previousOperationId":"45g3rpo69cdc4yd"}
{"type":"log","timestamp":1701690999415,"level":"debug","message":"Page request finished: GET (document) 200 file:///var/folders/dp/qk79pfcj0y1fmtkkl08m76rc0000gn/T/jsreport/autocleanup/22f2cea4-32dd-490a-98a5-a7946b406e10-chrome-pdf.html","meta":{"rootId":"t6d12d9m9q4xfpe","id":"t6d12d9m9q4xfpe"},"id":"7u06152jij5idn3","previousOperationId":"45g3rpo69cdc4yd"}
{"type":"log","timestamp":1701690999426,"level":"debug","message":"Custom viewport for chrome page width=800, height=2000","meta":{"rootId":"t6d12d9m9q4xfpe","id":"t6d12d9m9q4xfpe"},"id":"hc8d348g7d7l3et","previousOperationId":"45g3rpo69cdc4yd"}
{"type":"log","timestamp":1701690999432,"level":"debug","message":"Running chrome with params {\"printBackground\":true,\"width\":\"5.8cm\",\"height\":\"50cm\",\"timeout\":59955,\"margin\":{}}","meta":{"rootId":"t6d12d9m9q4xfpe","id":"t6d12d9m9q4xfpe"},"id":"pj6uyugcrypzqqp","previousOperationId":"45g3rpo69cdc4yd"}
{"type":"operationEnd","operationId":"45g3rpo69cdc4yd","timestamp":1701690999459,"id":"k2w4fib56ewsa0g","previousEventId":"nhldcr65bboo4he","previousOperationId":"45g3rpo69cdc4yd"}
{"type":"log","timestamp":1701690999459,"level":"debug","message":"Skipping storing report.","meta":{"rootId":"t6d12d9m9q4xfpe","id":"t6d12d9m9q4xfpe"},"id":"9dknmki1nie4gk1","previousOperationId":"45g3rpo69cdc4yd"}
{"type":"log","timestamp":1701690999459,"level":"info","message":"Rendering request 133 finished in 137 ms","meta":{"rootId":"t6d12d9m9q4xfpe","id":"t6d12d9m9q4xfpe"},"id":"x4dfbqm2rih02g5","previousOperationId":"45g3rpo69cdc4yd"}
{"type":"operationEnd","subtype":"render","operationId":"9sqk464sd1ua9ot","timestamp":1701690999459,"id":"f26gxf6jkss262n","previousEventId":"k2w4fib56ewsa0g","previousOperationId":"45g3rpo69cdc4yd"}
{"type":"operationEnd","doDiffs":false,"previousEventId":"r7oaa8bi4q2q00y","previousOperationId":"0yw3h6c8ewhceqg","operationId":"0yw3h6c8ewhceqg","timestamp":1701690999460,"id":"4yvlurh2fdj7jlu"}
