{"type":"operationStart","subtype":"profile","data":{"_id":"mybahdK6Z2Xr0Z2h","timestamp":"2023-11-28T10:20:19.713Z","state":"queued","mode":"standard","creationDate":"2023-11-28T10:20:19.715Z","modificationDate":"2023-11-28T10:20:19.715Z","shortid":"9siNotB","$entitySet":"profiles"},"doDiffs":false,"timestamp":1701166819714,"id":"gx8kcvh0lsgb2ag","previousOperationId":null,"operationId":"sxpd5jp3l38bd5j"}
{"type":"log","level":"info","message":"Render request 23 queued for execution and waiting for available worker","previousOperationId":"sxpd5jp3l38bd5j","timestamp":1701166819714,"id":"b8o5e6ygv2aeh9s"}
{"type":"operationStart","subtype":"render","name":"pns_index","previousOperationId":"sxpd5jp3l38bd5j","timestamp":1701166819719,"id":"fuki8sae1udcfyt","previousEventId":"gx8kcvh0lsgb2ag","operationId":"rwwp5gxr9bu6k4t"}
{"type":"log","timestamp":1701166819720,"level":"info","message":"Starting rendering request 23","meta":{"rootId":"t7j3dibta3u8vaq","id":"t7j3dibta3u8vaq"},"id":"oizt6ywdb0tvah7","previousOperationId":"rwwp5gxr9bu6k4t"}
{"type":"log","timestamp":1701166819720,"level":"info","message":"Rendering template { name: pns_index, recipe: chrome-pdf, engine: handlebars, preview: true }","meta":{"rootId":"t7j3dibta3u8vaq","id":"t7j3dibta3u8vaq"},"id":"wi9waaumlswbfgx","previousOperationId":"rwwp5gxr9bu6k4t"}
{"type":"log","timestamp":1701166819720,"level":"debug","message":"Inline data specified.","meta":{"rootId":"t7j3dibta3u8vaq","id":"t7j3dibta3u8vaq"},"id":"8jg9tuz966gp1cg","previousOperationId":"rwwp5gxr9bu6k4t"}
{"type":"log","timestamp":1701166819722,"level":"debug","message":"Base url not specified, skipping its injection.","meta":{"rootId":"t7j3dibta3u8vaq","id":"t7j3dibta3u8vaq"},"id":"atip7z84x7lgbts","previousOperationId":"rwwp5gxr9bu6k4t"}
{"type":"operationStart","subtype":"engine","name":"handlebars","timestamp":1701166819722,"id":"h3h99q4w1jum8a5","previousEventId":"fuki8sae1udcfyt","operationId":"bzv4na5cgy6uqas","previousOperationId":"rwwp5gxr9bu6k4t"}
{"type":"log","timestamp":1701166819722,"level":"debug","message":"Rendering engine handlebars","meta":{"rootId":"t7j3dibta3u8vaq","id":"t7j3dibta3u8vaq"},"id":"1e2e139b79jy1ke","previousOperationId":"bzv4na5cgy6uqas"}
{"type":"operationEnd","operationId":"bzv4na5cgy6uqas","timestamp":1701166819757,"id":"kg9u40t4hitp92t","previousEventId":"h3h99q4w1jum8a5","previousOperationId":"bzv4na5cgy6uqas"}
{"type":"operationStart","subtype":"recipe","name":"chrome-pdf","timestamp":1701166819757,"id":"vkvu6ewjnurycs7","previousEventId":"kg9u40t4hitp92t","operationId":"mi7bwqxo834cmp5","previousOperationId":"bzv4na5cgy6uqas"}
{"type":"log","timestamp":1701166819757,"level":"debug","message":"Executing recipe chrome-pdf","meta":{"rootId":"t7j3dibta3u8vaq","id":"t7j3dibta3u8vaq"},"id":"k5qn0pjnl4mvanm","previousOperationId":"mi7bwqxo834cmp5"}
{"type":"log","timestamp":1701166819759,"level":"debug","message":"Converting with chrome HeadlessChrome/117.0.5938.149 using chrome-pool strategy","meta":{"rootId":"t7j3dibta3u8vaq","id":"t7j3dibta3u8vaq"},"id":"i9kd4u8ddaoe9vx","previousOperationId":"mi7bwqxo834cmp5"}
{"type":"log","timestamp":1701166819806,"level":"debug","message":"Page request: GET (document) file:///var/folders/dp/qk79pfcj0y1fmtkkl08m76rc0000gn/T/jsreport/autocleanup/1e28eac5-6d87-41ce-b777-d9dcb780e2f2-chrome-pdf.html","meta":{"rootId":"t7j3dibta3u8vaq","id":"t7j3dibta3u8vaq"},"id":"hvrk4rs8utw786r","previousOperationId":"mi7bwqxo834cmp5"}
{"type":"log","timestamp":1701166819811,"level":"debug","message":"Page request finished: GET (document) 200 file:///var/folders/dp/qk79pfcj0y1fmtkkl08m76rc0000gn/T/jsreport/autocleanup/1e28eac5-6d87-41ce-b777-d9dcb780e2f2-chrome-pdf.html","meta":{"rootId":"t7j3dibta3u8vaq","id":"t7j3dibta3u8vaq"},"id":"t9na61wfo4suhi8","previousOperationId":"mi7bwqxo834cmp5"}
{"type":"log","timestamp":1701166819822,"level":"debug","message":"Running chrome with params {\"printBackground\":true,\"width\":\"8cm\",\"timeout\":59954,\"margin\":{}}","meta":{"rootId":"t7j3dibta3u8vaq","id":"t7j3dibta3u8vaq"},"id":"ubi8lsbtxoaoc02","previousOperationId":"mi7bwqxo834cmp5"}
{"type":"operationEnd","operationId":"mi7bwqxo834cmp5","timestamp":1701166819851,"id":"1v6lckmxei5ltgu","previousEventId":"vkvu6ewjnurycs7","previousOperationId":"mi7bwqxo834cmp5"}
{"type":"log","timestamp":1701166819851,"level":"debug","message":"Skipping storing report.","meta":{"rootId":"t7j3dibta3u8vaq","id":"t7j3dibta3u8vaq"},"id":"25a4nqpha5i1x1z","previousOperationId":"mi7bwqxo834cmp5"}
{"type":"log","timestamp":1701166819851,"level":"info","message":"Rendering request 23 finished in 138 ms","meta":{"rootId":"t7j3dibta3u8vaq","id":"t7j3dibta3u8vaq"},"id":"o07u455gso5vqq7","previousOperationId":"mi7bwqxo834cmp5"}
{"type":"operationEnd","subtype":"render","operationId":"rwwp5gxr9bu6k4t","timestamp":1701166819851,"id":"wni943975lqoijj","previousEventId":"1v6lckmxei5ltgu","previousOperationId":"mi7bwqxo834cmp5"}
{"type":"operationEnd","doDiffs":false,"previousEventId":"gx8kcvh0lsgb2ag","previousOperationId":"sxpd5jp3l38bd5j","operationId":"sxpd5jp3l38bd5j","timestamp":1701166819852,"id":"1nfgaicrflf9dzc"}
