{"type":"operationStart","subtype":"profile","data":{"_id":"DSO3DhQEs1x8G68i","timestamp":"2023-11-28T11:33:06.032Z","state":"queued","mode":"standard","creationDate":"2023-11-28T11:33:06.034Z","modificationDate":"2023-11-28T11:33:06.034Z","shortid":"y379qBW","$entitySet":"profiles"},"doDiffs":false,"timestamp":1701171186034,"id":"ofvs088gb67gfuc","previousOperationId":null,"operationId":"phhgdxfxpi9s3bu"}
{"type":"log","level":"info","message":"Render request 11 queued for execution and waiting for available worker","previousOperationId":"phhgdxfxpi9s3bu","timestamp":1701171186034,"id":"5wwk8crs7gh8c99"}
{"type":"operationStart","subtype":"render","name":"pns_index","previousOperationId":"phhgdxfxpi9s3bu","timestamp":1701171186042,"id":"goarxs2p7ywh9xa","previousEventId":"ofvs088gb67gfuc","operationId":"fhuq8b5ncfmknja"}
{"type":"log","timestamp":1701171186042,"level":"info","message":"Starting rendering request 11","meta":{"rootId":"t9mn187kj1k131i","id":"t9mn187kj1k131i"},"id":"0d3y99ijea573nz","previousOperationId":"fhuq8b5ncfmknja"}
{"type":"log","timestamp":1701171186042,"level":"info","message":"Rendering template { name: pns_index, recipe: chrome-pdf, engine: handlebars, preview: true }","meta":{"rootId":"t9mn187kj1k131i","id":"t9mn187kj1k131i"},"id":"qkku8d1z749vcrc","previousOperationId":"fhuq8b5ncfmknja"}
{"type":"log","timestamp":1701171186043,"level":"debug","message":"Inline data specified.","meta":{"rootId":"t9mn187kj1k131i","id":"t9mn187kj1k131i"},"id":"lrema4yhu96topf","previousOperationId":"fhuq8b5ncfmknja"}
{"type":"log","timestamp":1701171186044,"level":"debug","message":"Base url not specified, skipping its injection.","meta":{"rootId":"t9mn187kj1k131i","id":"t9mn187kj1k131i"},"id":"9i1p0mcbyv9w4ig","previousOperationId":"fhuq8b5ncfmknja"}
{"type":"operationStart","subtype":"engine","name":"handlebars","timestamp":1701171186044,"id":"uoymzvh5q1nivfk","previousEventId":"goarxs2p7ywh9xa","operationId":"3bhjxi7ros3jpxv","previousOperationId":"fhuq8b5ncfmknja"}
{"type":"log","timestamp":1701171186044,"level":"debug","message":"Rendering engine handlebars","meta":{"rootId":"t9mn187kj1k131i","id":"t9mn187kj1k131i"},"id":"2lsq3tmv48svrku","previousOperationId":"3bhjxi7ros3jpxv"}
{"type":"operationEnd","operationId":"3bhjxi7ros3jpxv","timestamp":1701171186074,"id":"jfu49ohgox0aetk","previousEventId":"uoymzvh5q1nivfk","previousOperationId":"3bhjxi7ros3jpxv"}
{"type":"operationStart","subtype":"recipe","name":"chrome-pdf","timestamp":1701171186074,"id":"nnp8jbx47dzv7h6","previousEventId":"jfu49ohgox0aetk","operationId":"9yxnk1r2gnc4j4m","previousOperationId":"3bhjxi7ros3jpxv"}
{"type":"log","timestamp":1701171186074,"level":"debug","message":"Executing recipe chrome-pdf","meta":{"rootId":"t9mn187kj1k131i","id":"t9mn187kj1k131i"},"id":"41c48l72zvmtx37","previousOperationId":"9yxnk1r2gnc4j4m"}
{"type":"log","timestamp":1701171186075,"level":"debug","message":"Converting with chrome HeadlessChrome/117.0.5938.149 using chrome-pool strategy","meta":{"rootId":"t9mn187kj1k131i","id":"t9mn187kj1k131i"},"id":"pqv07a27eu1871r","previousOperationId":"9yxnk1r2gnc4j4m"}
{"type":"log","timestamp":1701171186123,"level":"debug","message":"Page request: GET (document) file:///var/folders/dp/qk79pfcj0y1fmtkkl08m76rc0000gn/T/jsreport/autocleanup/8325d310-675c-4bf0-a055-313dd250e362-chrome-pdf.html","meta":{"rootId":"t9mn187kj1k131i","id":"t9mn187kj1k131i"},"id":"d3fzounh23rfv6a","previousOperationId":"9yxnk1r2gnc4j4m"}
{"type":"log","timestamp":1701171186127,"level":"debug","message":"Page request finished: GET (document) 200 file:///var/folders/dp/qk79pfcj0y1fmtkkl08m76rc0000gn/T/jsreport/autocleanup/8325d310-675c-4bf0-a055-313dd250e362-chrome-pdf.html","meta":{"rootId":"t9mn187kj1k131i","id":"t9mn187kj1k131i"},"id":"ln2lkx5l8ks0i8e","previousOperationId":"9yxnk1r2gnc4j4m"}
{"type":"log","timestamp":1701171186137,"level":"debug","message":"Running chrome with params {\"printBackground\":true,\"width\":\"8cm\",\"timeout\":59956,\"margin\":{}}","meta":{"rootId":"t9mn187kj1k131i","id":"t9mn187kj1k131i"},"id":"36ufrbuk458xk9e","previousOperationId":"9yxnk1r2gnc4j4m"}
{"type":"operationEnd","operationId":"9yxnk1r2gnc4j4m","timestamp":1701171186160,"id":"w80ofcvsb7fbt94","previousEventId":"nnp8jbx47dzv7h6","previousOperationId":"9yxnk1r2gnc4j4m"}
{"type":"log","timestamp":1701171186160,"level":"debug","message":"Skipping storing report.","meta":{"rootId":"t9mn187kj1k131i","id":"t9mn187kj1k131i"},"id":"igityekhxnrm8kt","previousOperationId":"9yxnk1r2gnc4j4m"}
{"type":"log","timestamp":1701171186160,"level":"info","message":"Rendering request 11 finished in 129 ms","meta":{"rootId":"t9mn187kj1k131i","id":"t9mn187kj1k131i"},"id":"826eyhmcst1w6t1","previousOperationId":"9yxnk1r2gnc4j4m"}
{"type":"operationEnd","subtype":"render","operationId":"fhuq8b5ncfmknja","timestamp":1701171186160,"id":"q47us04565sc7b3","previousEventId":"w80ofcvsb7fbt94","previousOperationId":"9yxnk1r2gnc4j4m"}
{"type":"operationEnd","doDiffs":false,"previousEventId":"ofvs088gb67gfuc","previousOperationId":"phhgdxfxpi9s3bu","operationId":"phhgdxfxpi9s3bu","timestamp":1701171186161,"id":"lmu1rratuu1y087"}
