{"type":"operationStart","subtype":"profile","data":{"_id":"J707I6fkQVon4SHk","timestamp":"2023-12-04T11:08:24.751Z","state":"queued","mode":"standard","creationDate":"2023-12-04T11:08:24.752Z","modificationDate":"2023-12-04T11:08:24.752Z","shortid":"iQHpg11","$entitySet":"profiles"},"doDiffs":false,"timestamp":1701688104752,"id":"k9fv6wfhttm3xmq","previousOperationId":null,"operationId":"s42hox03l6rd4cm"}
{"type":"log","level":"info","message":"Render request 107 queued for execution and waiting for available worker","previousOperationId":"s42hox03l6rd4cm","timestamp":1701688104752,"id":"9ya7z1gldrjhy9e"}
{"type":"operationStart","subtype":"render","name":"pns_index","previousOperationId":"s42hox03l6rd4cm","timestamp":1701688104762,"id":"46ct0w5z615c54k","previousEventId":"k9fv6wfhttm3xmq","operationId":"hwoq1gcg4jb1woe"}
{"type":"log","timestamp":1701688104762,"level":"info","message":"Starting rendering request 107","meta":{"rootId":"ta01mfc6vw86d49","id":"ta01mfc6vw86d49"},"id":"lwgpong8qkdox1p","previousOperationId":"hwoq1gcg4jb1woe"}
{"type":"log","timestamp":1701688104762,"level":"info","message":"Rendering template { name: pns_index, recipe: chrome-pdf, engine: handlebars, preview: true }","meta":{"rootId":"ta01mfc6vw86d49","id":"ta01mfc6vw86d49"},"id":"i9um9zixc3fevpi","previousOperationId":"hwoq1gcg4jb1woe"}
{"type":"log","timestamp":1701688104763,"level":"debug","message":"Inline data specified.","meta":{"rootId":"ta01mfc6vw86d49","id":"ta01mfc6vw86d49"},"id":"mbf3wqfrfg0u3yx","previousOperationId":"hwoq1gcg4jb1woe"}
{"type":"log","timestamp":1701688104765,"level":"debug","message":"Base url not specified, skipping its injection.","meta":{"rootId":"ta01mfc6vw86d49","id":"ta01mfc6vw86d49"},"id":"7rdal4vtjm0pkni","previousOperationId":"hwoq1gcg4jb1woe"}
{"type":"operationStart","subtype":"engine","name":"handlebars","timestamp":1701688104765,"id":"p82c7ja4wrrr5td","previousEventId":"46ct0w5z615c54k","operationId":"v80ehhvsspos1r7","previousOperationId":"hwoq1gcg4jb1woe"}
{"type":"log","timestamp":1701688104765,"level":"debug","message":"Rendering engine handlebars","meta":{"rootId":"ta01mfc6vw86d49","id":"ta01mfc6vw86d49"},"id":"030xbfd0dwtg4ul","previousOperationId":"v80ehhvsspos1r7"}
{"type":"operationEnd","operationId":"v80ehhvsspos1r7","timestamp":1701688104788,"id":"d6gd8oxzogcpvry","previousEventId":"p82c7ja4wrrr5td","previousOperationId":"v80ehhvsspos1r7"}
{"type":"operationStart","subtype":"recipe","name":"chrome-pdf","timestamp":1701688104788,"id":"qwifv20rvqzmwdy","previousEventId":"d6gd8oxzogcpvry","operationId":"j7dn2lh9761929m","previousOperationId":"v80ehhvsspos1r7"}
{"type":"log","timestamp":1701688104788,"level":"debug","message":"Executing recipe chrome-pdf","meta":{"rootId":"ta01mfc6vw86d49","id":"ta01mfc6vw86d49"},"id":"xazmgi7lyvpau58","previousOperationId":"j7dn2lh9761929m"}
{"type":"log","timestamp":1701688104790,"level":"debug","message":"Converting with chrome HeadlessChrome/117.0.5938.149 using chrome-pool strategy","meta":{"rootId":"ta01mfc6vw86d49","id":"ta01mfc6vw86d49"},"id":"iq4esfuw1k5uvnj","previousOperationId":"j7dn2lh9761929m"}
{"type":"log","timestamp":1701688104836,"level":"debug","message":"Page request: GET (document) file:///var/folders/dp/qk79pfcj0y1fmtkkl08m76rc0000gn/T/jsreport/autocleanup/b086e691-eea1-4f9f-b67b-9a02312a7902-chrome-pdf.html","meta":{"rootId":"ta01mfc6vw86d49","id":"ta01mfc6vw86d49"},"id":"9qz6o58r89j1wqg","previousOperationId":"j7dn2lh9761929m"}
{"type":"log","timestamp":1701688104840,"level":"debug","message":"Page request finished: GET (document) 200 file:///var/folders/dp/qk79pfcj0y1fmtkkl08m76rc0000gn/T/jsreport/autocleanup/b086e691-eea1-4f9f-b67b-9a02312a7902-chrome-pdf.html","meta":{"rootId":"ta01mfc6vw86d49","id":"ta01mfc6vw86d49"},"id":"nduaqujfk4ecn32","previousOperationId":"j7dn2lh9761929m"}
{"type":"log","timestamp":1701688104852,"level":"debug","message":"Custom viewport for chrome page width=800, height=2000","meta":{"rootId":"ta01mfc6vw86d49","id":"ta01mfc6vw86d49"},"id":"l1albaqig8erop2","previousOperationId":"j7dn2lh9761929m"}
{"type":"log","timestamp":1701688104860,"level":"debug","message":"Running chrome with params {\"printBackground\":true,\"width\":\"5.8cm\",\"height\":\"50cm\",\"timeout\":59962,\"margin\":{}}","meta":{"rootId":"ta01mfc6vw86d49","id":"ta01mfc6vw86d49"},"id":"cp3hi44zcrl1607","previousOperationId":"j7dn2lh9761929m"}
{"type":"operationEnd","operationId":"j7dn2lh9761929m","timestamp":1701688104884,"id":"x53tbbop5qzumfw","previousEventId":"qwifv20rvqzmwdy","previousOperationId":"j7dn2lh9761929m"}
{"type":"log","timestamp":1701688104884,"level":"debug","message":"Skipping storing report.","meta":{"rootId":"ta01mfc6vw86d49","id":"ta01mfc6vw86d49"},"id":"ycb8haykw39wesn","previousOperationId":"j7dn2lh9761929m"}
{"type":"log","timestamp":1701688104884,"level":"info","message":"Rendering request 107 finished in 133 ms","meta":{"rootId":"ta01mfc6vw86d49","id":"ta01mfc6vw86d49"},"id":"old7ks7067cqdz9","previousOperationId":"j7dn2lh9761929m"}
{"type":"operationEnd","subtype":"render","operationId":"hwoq1gcg4jb1woe","timestamp":1701688104884,"id":"61mzi681xz61e23","previousEventId":"x53tbbop5qzumfw","previousOperationId":"j7dn2lh9761929m"}
{"type":"operationEnd","doDiffs":false,"previousEventId":"k9fv6wfhttm3xmq","previousOperationId":"s42hox03l6rd4cm","operationId":"s42hox03l6rd4cm","timestamp":1701688104886,"id":"w6jqcn2aczv0h1y"}
