{"type":"operationStart","subtype":"profile","data":{"_id":"UTMD90a5018JxWoZ","timestamp":"2023-12-04T11:54:37.898Z","state":"queued","mode":"standard","creationDate":"2023-12-04T11:54:37.900Z","modificationDate":"2023-12-04T11:54:37.900Z","shortid":"c7Sm8J-","$entitySet":"profiles"},"doDiffs":false,"timestamp":1701690877899,"id":"2fsci2c5h2dprz1","previousOperationId":null,"operationId":"pnyos6fdld1d2xb"}
{"type":"log","level":"info","message":"Render request 131 queued for execution and waiting for available worker","previousOperationId":"pnyos6fdld1d2xb","timestamp":1701690877899,"id":"6gx7vejxpfkwfpc"}
{"type":"operationStart","subtype":"render","name":"pns_index","previousOperationId":"pnyos6fdld1d2xb","timestamp":1701690877906,"id":"elx5lo7ftcahv7u","previousEventId":"2fsci2c5h2dprz1","operationId":"eo9zj8ani1do5vk"}
{"type":"log","timestamp":1701690877906,"level":"info","message":"Starting rendering request 131","meta":{"rootId":"tj2hohyvf24edpx","id":"tj2hohyvf24edpx"},"id":"6lrjqsjzi7ym9t3","previousOperationId":"eo9zj8ani1do5vk"}
{"type":"log","timestamp":1701690877906,"level":"info","message":"Rendering template { name: pns_index, recipe: chrome-pdf, engine: handlebars, preview: true }","meta":{"rootId":"tj2hohyvf24edpx","id":"tj2hohyvf24edpx"},"id":"ocrfy5r1t0wcdef","previousOperationId":"eo9zj8ani1do5vk"}
{"type":"log","timestamp":1701690877908,"level":"debug","message":"Inline data specified.","meta":{"rootId":"tj2hohyvf24edpx","id":"tj2hohyvf24edpx"},"id":"1fusd5p6mv0wx6h","previousOperationId":"eo9zj8ani1do5vk"}
{"type":"log","timestamp":1701690877911,"level":"debug","message":"Base url not specified, skipping its injection.","meta":{"rootId":"tj2hohyvf24edpx","id":"tj2hohyvf24edpx"},"id":"zg42aj24a1p27ep","previousOperationId":"eo9zj8ani1do5vk"}
{"type":"operationStart","subtype":"engine","name":"handlebars","timestamp":1701690877911,"id":"o1zroasbazspjlx","previousEventId":"elx5lo7ftcahv7u","operationId":"erhe119ipebzejb","previousOperationId":"eo9zj8ani1do5vk"}
{"type":"log","timestamp":1701690877911,"level":"debug","message":"Rendering engine handlebars","meta":{"rootId":"tj2hohyvf24edpx","id":"tj2hohyvf24edpx"},"id":"74ftallm2u3smp0","previousOperationId":"erhe119ipebzejb"}
{"type":"operationEnd","operationId":"erhe119ipebzejb","timestamp":1701690877941,"id":"fev0d1ha9wle2w6","previousEventId":"o1zroasbazspjlx","previousOperationId":"erhe119ipebzejb"}
{"type":"operationStart","subtype":"recipe","name":"chrome-pdf","timestamp":1701690877941,"id":"27racbipdoe6dvw","previousEventId":"fev0d1ha9wle2w6","operationId":"mrh2r2swk8vq1tj","previousOperationId":"erhe119ipebzejb"}
{"type":"log","timestamp":1701690877941,"level":"debug","message":"Executing recipe chrome-pdf","meta":{"rootId":"tj2hohyvf24edpx","id":"tj2hohyvf24edpx"},"id":"rnwik2h0spyy0ue","previousOperationId":"mrh2r2swk8vq1tj"}
{"type":"log","timestamp":1701690877942,"level":"debug","message":"Converting with chrome HeadlessChrome/117.0.5938.149 using chrome-pool strategy","meta":{"rootId":"tj2hohyvf24edpx","id":"tj2hohyvf24edpx"},"id":"4a9jub9abafjio4","previousOperationId":"mrh2r2swk8vq1tj"}
{"type":"log","timestamp":1701690877988,"level":"debug","message":"Page request: GET (document) file:///var/folders/dp/qk79pfcj0y1fmtkkl08m76rc0000gn/T/jsreport/autocleanup/6720abea-e8da-4541-9c82-097197234f40-chrome-pdf.html","meta":{"rootId":"tj2hohyvf24edpx","id":"tj2hohyvf24edpx"},"id":"ws29654g7jkadho","previousOperationId":"mrh2r2swk8vq1tj"}
{"type":"log","timestamp":1701690877993,"level":"debug","message":"Page request finished: GET (document) 200 file:///var/folders/dp/qk79pfcj0y1fmtkkl08m76rc0000gn/T/jsreport/autocleanup/6720abea-e8da-4541-9c82-097197234f40-chrome-pdf.html","meta":{"rootId":"tj2hohyvf24edpx","id":"tj2hohyvf24edpx"},"id":"n23rcq5weuck2ka","previousOperationId":"mrh2r2swk8vq1tj"}
{"type":"log","timestamp":1701690878003,"level":"debug","message":"Custom viewport for chrome page width=800, height=2000","meta":{"rootId":"tj2hohyvf24edpx","id":"tj2hohyvf24edpx"},"id":"3940selrpi0es1a","previousOperationId":"mrh2r2swk8vq1tj"}
{"type":"log","timestamp":1701690878005,"level":"debug","message":"Running chrome with params {\"printBackground\":true,\"width\":\"5.8cm\",\"height\":\"50cm\",\"timeout\":59956,\"margin\":{}}","meta":{"rootId":"tj2hohyvf24edpx","id":"tj2hohyvf24edpx"},"id":"ulr8lr76gbikaml","previousOperationId":"mrh2r2swk8vq1tj"}
{"type":"operationEnd","operationId":"mrh2r2swk8vq1tj","timestamp":1701690878039,"id":"rbl4aau3q3p50dt","previousEventId":"27racbipdoe6dvw","previousOperationId":"mrh2r2swk8vq1tj"}
{"type":"log","timestamp":1701690878039,"level":"debug","message":"Skipping storing report.","meta":{"rootId":"tj2hohyvf24edpx","id":"tj2hohyvf24edpx"},"id":"3vtnuk4lpzfhf0c","previousOperationId":"mrh2r2swk8vq1tj"}
{"type":"log","timestamp":1701690878039,"level":"info","message":"Rendering request 131 finished in 141 ms","meta":{"rootId":"tj2hohyvf24edpx","id":"tj2hohyvf24edpx"},"id":"00n0y2etf6nvlbn","previousOperationId":"mrh2r2swk8vq1tj"}
{"type":"operationEnd","subtype":"render","operationId":"eo9zj8ani1do5vk","timestamp":1701690878039,"id":"534uehupkheskrp","previousEventId":"rbl4aau3q3p50dt","previousOperationId":"mrh2r2swk8vq1tj"}
{"type":"operationEnd","doDiffs":false,"previousEventId":"2fsci2c5h2dprz1","previousOperationId":"pnyos6fdld1d2xb","operationId":"pnyos6fdld1d2xb","timestamp":1701690878041,"id":"4w43lxm5lyabytc"}
