{"type":"operationStart","subtype":"profile","data":{"_id":"2OkprSIh1hRw1oaR","timestamp":"2023-11-28T11:44:59.288Z","state":"queued","mode":"standard","creationDate":"2023-11-28T11:44:59.289Z","modificationDate":"2023-11-28T11:44:59.289Z","shortid":"yqyNJMY","$entitySet":"profiles"},"doDiffs":false,"timestamp":1701171899289,"id":"su5sgf0doxs7k9a","previousOperationId":null,"operationId":"be9r1rcjof9slz1"}
{"type":"log","level":"info","message":"Render request 20 queued for execution and waiting for available worker","previousOperationId":"be9r1rcjof9slz1","timestamp":1701171899289,"id":"rfn59ghlx6b42lt"}
{"type":"operationStart","subtype":"render","name":"pns_index","previousOperationId":"be9r1rcjof9slz1","timestamp":1701171899304,"id":"f6wtuml2edu4rnx","previousEventId":"su5sgf0doxs7k9a","operationId":"ca9zqwmy9g73bey"}
{"type":"log","timestamp":1701171899304,"level":"info","message":"Starting rendering request 20","meta":{"rootId":"u1798n4p2c1j0t6","id":"u1798n4p2c1j0t6"},"id":"wh953xmkkmivrtg","previousOperationId":"ca9zqwmy9g73bey"}
{"type":"log","timestamp":1701171899305,"level":"info","message":"Rendering template { name: pns_index, recipe: chrome-pdf, engine: handlebars, preview: true }","meta":{"rootId":"u1798n4p2c1j0t6","id":"u1798n4p2c1j0t6"},"id":"p6ihbu6wjcbvbh3","previousOperationId":"ca9zqwmy9g73bey"}
{"type":"log","timestamp":1701171899305,"level":"debug","message":"Inline data specified.","meta":{"rootId":"u1798n4p2c1j0t6","id":"u1798n4p2c1j0t6"},"id":"0gtjd9g6s9efmwt","previousOperationId":"ca9zqwmy9g73bey"}
{"type":"log","timestamp":1701171899317,"level":"debug","message":"Base url not specified, skipping its injection.","meta":{"rootId":"u1798n4p2c1j0t6","id":"u1798n4p2c1j0t6"},"id":"wgl33tqf2g4ffun","previousOperationId":"ca9zqwmy9g73bey"}
{"type":"operationStart","subtype":"engine","name":"handlebars","timestamp":1701171899318,"id":"wa3smslc4whh8tc","previousEventId":"f6wtuml2edu4rnx","operationId":"npgcf8j2vhu9de7","previousOperationId":"ca9zqwmy9g73bey"}
{"type":"log","timestamp":1701171899318,"level":"debug","message":"Rendering engine handlebars","meta":{"rootId":"u1798n4p2c1j0t6","id":"u1798n4p2c1j0t6"},"id":"eyhbwod0gf3cnka","previousOperationId":"npgcf8j2vhu9de7"}
{"type":"operationEnd","operationId":"npgcf8j2vhu9de7","timestamp":1701171899334,"id":"04i6fpx174996ju","previousEventId":"wa3smslc4whh8tc","previousOperationId":"npgcf8j2vhu9de7"}
{"type":"operationStart","subtype":"recipe","name":"chrome-pdf","timestamp":1701171899334,"id":"gpv2rbxpvuzq453","previousEventId":"04i6fpx174996ju","operationId":"6awxfxh8a7c5hj6","previousOperationId":"npgcf8j2vhu9de7"}
{"type":"log","timestamp":1701171899334,"level":"debug","message":"Executing recipe chrome-pdf","meta":{"rootId":"u1798n4p2c1j0t6","id":"u1798n4p2c1j0t6"},"id":"rlxzf54fibkf3ly","previousOperationId":"6awxfxh8a7c5hj6"}
{"type":"log","timestamp":1701171899336,"level":"debug","message":"Converting with chrome HeadlessChrome/117.0.5938.149 using chrome-pool strategy","meta":{"rootId":"u1798n4p2c1j0t6","id":"u1798n4p2c1j0t6"},"id":"j4lqk87z7x0fp4b","previousOperationId":"6awxfxh8a7c5hj6"}
{"type":"log","timestamp":1701171899383,"level":"debug","message":"Page request: GET (document) file:///var/folders/dp/qk79pfcj0y1fmtkkl08m76rc0000gn/T/jsreport/autocleanup/a33fbcc0-3295-4941-b637-1a88e7da0ba1-chrome-pdf.html","meta":{"rootId":"u1798n4p2c1j0t6","id":"u1798n4p2c1j0t6"},"id":"ek9xmozwngkippp","previousOperationId":"6awxfxh8a7c5hj6"}
{"type":"log","timestamp":1701171899389,"level":"debug","message":"Page request finished: GET (document) 200 file:///var/folders/dp/qk79pfcj0y1fmtkkl08m76rc0000gn/T/jsreport/autocleanup/a33fbcc0-3295-4941-b637-1a88e7da0ba1-chrome-pdf.html","meta":{"rootId":"u1798n4p2c1j0t6","id":"u1798n4p2c1j0t6"},"id":"w1jezdon5m28v7s","previousOperationId":"6awxfxh8a7c5hj6"}
{"type":"log","timestamp":1701171899396,"level":"debug","message":"Running chrome with params {\"printBackground\":true,\"width\":\"8cm\",\"height\":\"50cm\",\"timeout\":59953,\"margin\":{}}","meta":{"rootId":"u1798n4p2c1j0t6","id":"u1798n4p2c1j0t6"},"id":"6i2np8g3ntngpas","previousOperationId":"6awxfxh8a7c5hj6"}
{"type":"operationEnd","operationId":"6awxfxh8a7c5hj6","timestamp":1701171899424,"id":"9rnrep9a7xrstw2","previousEventId":"gpv2rbxpvuzq453","previousOperationId":"6awxfxh8a7c5hj6"}
{"type":"log","timestamp":1701171899424,"level":"debug","message":"Skipping storing report.","meta":{"rootId":"u1798n4p2c1j0t6","id":"u1798n4p2c1j0t6"},"id":"0rpzbdi0zi4rcj1","previousOperationId":"6awxfxh8a7c5hj6"}
{"type":"log","timestamp":1701171899424,"level":"info","message":"Rendering request 20 finished in 136 ms","meta":{"rootId":"u1798n4p2c1j0t6","id":"u1798n4p2c1j0t6"},"id":"f8vxkxeq772kzk6","previousOperationId":"6awxfxh8a7c5hj6"}
{"type":"operationEnd","subtype":"render","operationId":"ca9zqwmy9g73bey","timestamp":1701171899424,"id":"q0wc14kxl9hx6f6","previousEventId":"9rnrep9a7xrstw2","previousOperationId":"6awxfxh8a7c5hj6"}
{"type":"operationEnd","doDiffs":false,"previousEventId":"su5sgf0doxs7k9a","previousOperationId":"be9r1rcjof9slz1","operationId":"be9r1rcjof9slz1","timestamp":1701171899425,"id":"0x7nmjsll6xm1l0"}
