{"type":"operationStart","subtype":"profile","data":{"_id":"t8ECN2HUdSflfYAb","timestamp":"2023-12-06T10:07:35.826Z","state":"queued","mode":"standard","creationDate":"2023-12-06T10:07:35.826Z","modificationDate":"2023-12-06T10:07:35.826Z","shortid":"7TJLEPH","$entitySet":"profiles"},"doDiffs":false,"timestamp":1701857255826,"id":"nafjn5hyl9lgk6t","previousOperationId":null,"operationId":"w3q1thn4de9zxah"}
{"type":"log","level":"info","message":"Render request 78 queued for execution and waiting for available worker","previousOperationId":"w3q1thn4de9zxah","timestamp":1701857255826,"id":"awr8jqv99gd9ke4"}
{"type":"operationStart","subtype":"render","name":"pns_index","previousOperationId":"w3q1thn4de9zxah","timestamp":1701857255830,"id":"cpun3fnfotheuss","previousEventId":"nafjn5hyl9lgk6t","operationId":"vr0w2rrtjh3znjw"}
{"type":"log","timestamp":1701857255830,"level":"info","message":"Starting rendering request 78","meta":{"rootId":"u2n04auy6qseoc0","id":"u2n04auy6qseoc0"},"id":"y4kmrep06rfzfby","previousOperationId":"vr0w2rrtjh3znjw"}
{"type":"log","timestamp":1701857255830,"level":"info","message":"Rendering template { name: pns_index, recipe: chrome-pdf, engine: handlebars, preview: true }","meta":{"rootId":"u2n04auy6qseoc0","id":"u2n04auy6qseoc0"},"id":"u6w9767uxq44c1k","previousOperationId":"vr0w2rrtjh3znjw"}
{"type":"log","timestamp":1701857255830,"level":"debug","message":"Inline data specified.","meta":{"rootId":"u2n04auy6qseoc0","id":"u2n04auy6qseoc0"},"id":"moyasizvpclg3dv","previousOperationId":"vr0w2rrtjh3znjw"}
{"type":"log","timestamp":1701857255831,"level":"debug","message":"Base url not specified, skipping its injection.","meta":{"rootId":"u2n04auy6qseoc0","id":"u2n04auy6qseoc0"},"id":"lgjnhh6dhhtetgr","previousOperationId":"vr0w2rrtjh3znjw"}
{"type":"log","timestamp":1701857255831,"level":"debug","message":"Replaced assets [\"styles.css\"]","meta":{"rootId":"u2n04auy6qseoc0","id":"u2n04auy6qseoc0"},"id":"dqp5611ejoy0hf6","previousOperationId":"vr0w2rrtjh3znjw"}
{"type":"operationStart","subtype":"engine","name":"handlebars","timestamp":1701857255831,"id":"kel2o65korxt0ai","previousEventId":"cpun3fnfotheuss","operationId":"k42o4m6sgohnjy3","previousOperationId":"vr0w2rrtjh3znjw"}
{"type":"log","timestamp":1701857255831,"level":"debug","message":"Rendering engine handlebars","meta":{"rootId":"u2n04auy6qseoc0","id":"u2n04auy6qseoc0"},"id":"pxry5luu633nn16","previousOperationId":"k42o4m6sgohnjy3"}
{"type":"operationEnd","operationId":"k42o4m6sgohnjy3","timestamp":1701857255847,"id":"qvkhz5apsa5voe4","previousEventId":"kel2o65korxt0ai","previousOperationId":"k42o4m6sgohnjy3"}
{"type":"operationStart","subtype":"recipe","name":"chrome-pdf","timestamp":1701857255848,"id":"03oy169p2i23eyj","previousEventId":"qvkhz5apsa5voe4","operationId":"j9jqw1dy3vab7np","previousOperationId":"k42o4m6sgohnjy3"}
{"type":"log","timestamp":1701857255848,"level":"debug","message":"Executing recipe chrome-pdf","meta":{"rootId":"u2n04auy6qseoc0","id":"u2n04auy6qseoc0"},"id":"vtw4njx0qxpuh4i","previousOperationId":"j9jqw1dy3vab7np"}
{"type":"log","timestamp":1701857255849,"level":"debug","message":"Converting with chrome HeadlessChrome/117.0.5938.149 using chrome-pool strategy","meta":{"rootId":"u2n04auy6qseoc0","id":"u2n04auy6qseoc0"},"id":"4f427kghznmf260","previousOperationId":"j9jqw1dy3vab7np"}
{"type":"log","timestamp":1701857255891,"level":"debug","message":"Page request: GET (document) file:///var/folders/dp/qk79pfcj0y1fmtkkl08m76rc0000gn/T/jsreport/autocleanup/17d70bf0-73f7-47ee-aec7-a2a150a7515f-chrome-pdf.html","meta":{"rootId":"u2n04auy6qseoc0","id":"u2n04auy6qseoc0"},"id":"k2r9zih0wlai4dh","previousOperationId":"j9jqw1dy3vab7np"}
{"type":"log","timestamp":1701857255896,"level":"debug","message":"Page request finished: GET (document) 200 file:///var/folders/dp/qk79pfcj0y1fmtkkl08m76rc0000gn/T/jsreport/autocleanup/17d70bf0-73f7-47ee-aec7-a2a150a7515f-chrome-pdf.html","meta":{"rootId":"u2n04auy6qseoc0","id":"u2n04auy6qseoc0"},"id":"lvamdv0kygxwzwu","previousOperationId":"j9jqw1dy3vab7np"}
{"type":"log","timestamp":1701857255907,"level":"debug","message":"Custom viewport for chrome page width=800, height=2000","meta":{"rootId":"u2n04auy6qseoc0","id":"u2n04auy6qseoc0"},"id":"6utyc64fa1zuoob","previousOperationId":"j9jqw1dy3vab7np"}
{"type":"log","timestamp":1701857255908,"level":"debug","message":"Running chrome with params {\"printBackground\":true,\"width\":\"6.8cm\",\"height\":\"60cm\",\"marginRight\":\"0cm\",\"marginLeft\":\"0cm\",\"timeout\":59978,\"margin\":{\"right\":\"0cm\",\"left\":\"0cm\"}}","meta":{"rootId":"u2n04auy6qseoc0","id":"u2n04auy6qseoc0"},"id":"otxw5y93h242llx","previousOperationId":"j9jqw1dy3vab7np"}
{"type":"operationEnd","operationId":"j9jqw1dy3vab7np","timestamp":1701857255935,"id":"m8szns0ud0vsfrf","previousEventId":"03oy169p2i23eyj","previousOperationId":"j9jqw1dy3vab7np"}
{"type":"log","timestamp":1701857255935,"level":"debug","message":"Skipping storing report.","meta":{"rootId":"u2n04auy6qseoc0","id":"u2n04auy6qseoc0"},"id":"6e7akhdbw4qism6","previousOperationId":"j9jqw1dy3vab7np"}
{"type":"log","timestamp":1701857255935,"level":"info","message":"Rendering request 78 finished in 109 ms","meta":{"rootId":"u2n04auy6qseoc0","id":"u2n04auy6qseoc0"},"id":"11mdwk7u6kinh3w","previousOperationId":"j9jqw1dy3vab7np"}
{"type":"operationEnd","subtype":"render","operationId":"vr0w2rrtjh3znjw","timestamp":1701857255935,"id":"mtbwmrk2z65sfy7","previousEventId":"m8szns0ud0vsfrf","previousOperationId":"j9jqw1dy3vab7np"}
{"type":"operationEnd","doDiffs":false,"previousEventId":"nafjn5hyl9lgk6t","previousOperationId":"w3q1thn4de9zxah","operationId":"w3q1thn4de9zxah","timestamp":1701857255937,"id":"pzcpd7muklfvib8"}
