{"type":"operationStart","subtype":"profile","data":{"_id":"jyAEOpcWkV0GPOv3","timestamp":"2023-12-06T10:00:54.103Z","state":"queued","mode":"standard","creationDate":"2023-12-06T10:00:54.105Z","modificationDate":"2023-12-06T10:00:54.105Z","shortid":"qJqM2rw","$entitySet":"profiles"},"doDiffs":false,"timestamp":1701856854104,"id":"h1imqt0krxz7ka1","previousOperationId":null,"operationId":"61p2d6mzv256256"}
{"type":"log","level":"info","message":"Render request 67 queued for execution and waiting for available worker","previousOperationId":"61p2d6mzv256256","timestamp":1701856854104,"id":"mv1oeircijadg08"}
{"type":"operationStart","subtype":"render","name":"pns_index","previousOperationId":"61p2d6mzv256256","timestamp":1701856854112,"id":"dks3afp2jw6f464","previousEventId":"h1imqt0krxz7ka1","operationId":"ocpkpuv798qdnzo"}
{"type":"log","timestamp":1701856854112,"level":"info","message":"Starting rendering request 67","meta":{"rootId":"usmq1k79chinwks","id":"usmq1k79chinwks"},"id":"vs3ujs7377eh9hk","previousOperationId":"ocpkpuv798qdnzo"}
{"type":"log","timestamp":1701856854112,"level":"info","message":"Rendering template { name: pns_index, recipe: chrome-pdf, engine: handlebars, preview: true }","meta":{"rootId":"usmq1k79chinwks","id":"usmq1k79chinwks"},"id":"hk0a19lk1w8py89","previousOperationId":"ocpkpuv798qdnzo"}
{"type":"log","timestamp":1701856854113,"level":"debug","message":"Inline data specified.","meta":{"rootId":"usmq1k79chinwks","id":"usmq1k79chinwks"},"id":"v68ybed9miy03wb","previousOperationId":"ocpkpuv798qdnzo"}
{"type":"log","timestamp":1701856854119,"level":"debug","message":"Base url not specified, skipping its injection.","meta":{"rootId":"usmq1k79chinwks","id":"usmq1k79chinwks"},"id":"tkhxu1m1boixueg","previousOperationId":"ocpkpuv798qdnzo"}
{"type":"log","timestamp":1701856854120,"level":"debug","message":"Replaced assets [\"styles.css\"]","meta":{"rootId":"usmq1k79chinwks","id":"usmq1k79chinwks"},"id":"99ml4bnsrv2rbs4","previousOperationId":"ocpkpuv798qdnzo"}
{"type":"operationStart","subtype":"engine","name":"handlebars","timestamp":1701856854120,"id":"jrurc0z6vvb8m06","previousEventId":"dks3afp2jw6f464","operationId":"p06wpo46kuenzas","previousOperationId":"ocpkpuv798qdnzo"}
{"type":"log","timestamp":1701856854120,"level":"debug","message":"Rendering engine handlebars","meta":{"rootId":"usmq1k79chinwks","id":"usmq1k79chinwks"},"id":"9lf1woghfi916c9","previousOperationId":"p06wpo46kuenzas"}
{"type":"operationEnd","operationId":"p06wpo46kuenzas","timestamp":1701856854152,"id":"wzfhftmg6nfbl4a","previousEventId":"jrurc0z6vvb8m06","previousOperationId":"p06wpo46kuenzas"}
{"type":"operationStart","subtype":"recipe","name":"chrome-pdf","timestamp":1701856854152,"id":"8xcb866r9sdd7bs","previousEventId":"wzfhftmg6nfbl4a","operationId":"d7ws07e908l7o10","previousOperationId":"p06wpo46kuenzas"}
{"type":"log","timestamp":1701856854152,"level":"debug","message":"Executing recipe chrome-pdf","meta":{"rootId":"usmq1k79chinwks","id":"usmq1k79chinwks"},"id":"qnq5v8nikmdlni1","previousOperationId":"d7ws07e908l7o10"}
{"type":"log","timestamp":1701856854154,"level":"debug","message":"Converting with chrome HeadlessChrome/117.0.5938.149 using chrome-pool strategy","meta":{"rootId":"usmq1k79chinwks","id":"usmq1k79chinwks"},"id":"e0bg87s05xar684","previousOperationId":"d7ws07e908l7o10"}
{"type":"log","timestamp":1701856854202,"level":"debug","message":"Page request: GET (document) file:///var/folders/dp/qk79pfcj0y1fmtkkl08m76rc0000gn/T/jsreport/autocleanup/92342683-c386-4372-b304-5a7228fe1147-chrome-pdf.html","meta":{"rootId":"usmq1k79chinwks","id":"usmq1k79chinwks"},"id":"tkvojeqdjkdu7mr","previousOperationId":"d7ws07e908l7o10"}
{"type":"log","timestamp":1701856854207,"level":"debug","message":"Page request finished: GET (document) 200 file:///var/folders/dp/qk79pfcj0y1fmtkkl08m76rc0000gn/T/jsreport/autocleanup/92342683-c386-4372-b304-5a7228fe1147-chrome-pdf.html","meta":{"rootId":"usmq1k79chinwks","id":"usmq1k79chinwks"},"id":"x81uq775fhcms17","previousOperationId":"d7ws07e908l7o10"}
{"type":"log","timestamp":1701856854216,"level":"debug","message":"Custom viewport for chrome page width=800, height=2000","meta":{"rootId":"usmq1k79chinwks","id":"usmq1k79chinwks"},"id":"o2csivk9ht6j6z0","previousOperationId":"d7ws07e908l7o10"}
{"type":"log","timestamp":1701856854217,"level":"debug","message":"Running chrome with params {\"printBackground\":true,\"width\":\"6.8cm\",\"height\":\"50cm\",\"marginRight\":\"0cm\",\"marginLeft\":\"0cm\",\"timeout\":59950,\"margin\":{\"right\":\"0cm\",\"left\":\"0cm\"}}","meta":{"rootId":"usmq1k79chinwks","id":"usmq1k79chinwks"},"id":"dav2h1zf8vdoyjp","previousOperationId":"d7ws07e908l7o10"}
{"type":"operationEnd","operationId":"d7ws07e908l7o10","timestamp":1701856854243,"id":"wg8csyx0fvcfdeq","previousEventId":"8xcb866r9sdd7bs","previousOperationId":"d7ws07e908l7o10"}
{"type":"log","timestamp":1701856854243,"level":"debug","message":"Skipping storing report.","meta":{"rootId":"usmq1k79chinwks","id":"usmq1k79chinwks"},"id":"ws28zbfslgzidc8","previousOperationId":"d7ws07e908l7o10"}
{"type":"log","timestamp":1701856854243,"level":"info","message":"Rendering request 67 finished in 140 ms","meta":{"rootId":"usmq1k79chinwks","id":"usmq1k79chinwks"},"id":"1whlcfeto3aju2c","previousOperationId":"d7ws07e908l7o10"}
{"type":"operationEnd","subtype":"render","operationId":"ocpkpuv798qdnzo","timestamp":1701856854243,"id":"8jnevryjdrf55xq","previousEventId":"wg8csyx0fvcfdeq","previousOperationId":"d7ws07e908l7o10"}
{"type":"operationEnd","doDiffs":false,"previousEventId":"h1imqt0krxz7ka1","previousOperationId":"61p2d6mzv256256","operationId":"61p2d6mzv256256","timestamp":1701856854244,"id":"ie176q17gngjc18"}
