{"type":"operationStart","subtype":"profile","data":{"_id":"2cZpWAeeUCaIdd0k","timestamp":"2023-12-05T10:38:56.539Z","state":"queued","mode":"standard","creationDate":"2023-12-05T10:38:56.543Z","modificationDate":"2023-12-05T10:38:56.543Z","shortid":"bWYc0HS","$entitySet":"profiles"},"doDiffs":false,"timestamp":1701772736540,"id":"5a2z9xirb7hwzww","previousOperationId":null,"operationId":"9ef2hiptf6hmliq"}
{"type":"log","level":"info","message":"Render request 2 queued for execution and waiting for available worker","previousOperationId":"9ef2hiptf6hmliq","timestamp":1701772736540,"id":"kb6b5d19k81682t"}
{"type":"operationStart","subtype":"render","name":"pns_index","previousOperationId":"9ef2hiptf6hmliq","timestamp":1701772736555,"id":"o7d9q6w5y7y98nm","previousEventId":"5a2z9xirb7hwzww","operationId":"bi9995kseliyc62"}
{"type":"log","timestamp":1701772736556,"level":"info","message":"Starting rendering request 2","meta":{"rootId":"uxsan2vvf1stit8","id":"uxsan2vvf1stit8"},"id":"m85r2zwlest5pwq","previousOperationId":"bi9995kseliyc62"}
{"type":"log","timestamp":1701772736557,"level":"info","message":"Rendering template { name: pns_index, recipe: chrome-pdf, engine: handlebars, preview: true }","meta":{"rootId":"uxsan2vvf1stit8","id":"uxsan2vvf1stit8"},"id":"wrh9b6yqj18v5u7","previousOperationId":"bi9995kseliyc62"}
{"type":"log","timestamp":1701772736559,"level":"debug","message":"Adding sample data flbhzmKcJ","meta":{"rootId":"uxsan2vvf1stit8","id":"uxsan2vvf1stit8"},"id":"ynfkjvo4358m5v4","previousOperationId":"bi9995kseliyc62"}
{"type":"log","timestamp":1701772736560,"level":"debug","message":"Base url not specified, skipping its injection.","meta":{"rootId":"uxsan2vvf1stit8","id":"uxsan2vvf1stit8"},"id":"5o29136umf8tzsi","previousOperationId":"bi9995kseliyc62"}
{"type":"log","timestamp":1701772736562,"level":"debug","message":"Replaced assets [\"styles.css\"]","meta":{"rootId":"uxsan2vvf1stit8","id":"uxsan2vvf1stit8"},"id":"71q7pntd8ul98d4","previousOperationId":"bi9995kseliyc62"}
{"type":"operationStart","subtype":"engine","name":"handlebars","timestamp":1701772736562,"id":"86n1gj2562uuvfm","previousEventId":"o7d9q6w5y7y98nm","operationId":"2l2uymoypqatbsb","previousOperationId":"bi9995kseliyc62"}
{"type":"log","timestamp":1701772736562,"level":"debug","message":"Rendering engine handlebars","meta":{"rootId":"uxsan2vvf1stit8","id":"uxsan2vvf1stit8"},"id":"nmxv6rwwiiqab52","previousOperationId":"2l2uymoypqatbsb"}
{"type":"operationEnd","operationId":"2l2uymoypqatbsb","timestamp":1701772736849,"id":"pfuotv2or6a6i6q","previousEventId":"86n1gj2562uuvfm","previousOperationId":"2l2uymoypqatbsb"}
{"type":"operationStart","subtype":"recipe","name":"chrome-pdf","timestamp":1701772736850,"id":"bjbiwx6di5fdv8z","previousEventId":"pfuotv2or6a6i6q","operationId":"gop9fw6ewo6c8dt","previousOperationId":"2l2uymoypqatbsb"}
{"type":"log","timestamp":1701772736850,"level":"debug","message":"Executing recipe chrome-pdf","meta":{"rootId":"uxsan2vvf1stit8","id":"uxsan2vvf1stit8"},"id":"u2q37b232elcqll","previousOperationId":"gop9fw6ewo6c8dt"}
{"type":"log","timestamp":1701772736976,"level":"debug","message":"Converting with chrome HeadlessChrome/117.0.5938.149 using chrome-pool strategy","meta":{"rootId":"uxsan2vvf1stit8","id":"uxsan2vvf1stit8"},"id":"cefp052tuwsj02u","previousOperationId":"gop9fw6ewo6c8dt"}
{"type":"log","timestamp":1701772737034,"level":"debug","message":"Page request: GET (document) file:///var/folders/dp/qk79pfcj0y1fmtkkl08m76rc0000gn/T/jsreport/autocleanup/789c8151-78a7-4c2d-9926-fe145756ebd4-chrome-pdf.html","meta":{"rootId":"uxsan2vvf1stit8","id":"uxsan2vvf1stit8"},"id":"65pdf3nwoysmov2","previousOperationId":"gop9fw6ewo6c8dt"}
{"type":"log","timestamp":1701772737040,"level":"debug","message":"Page request finished: GET (document) 200 file:///var/folders/dp/qk79pfcj0y1fmtkkl08m76rc0000gn/T/jsreport/autocleanup/789c8151-78a7-4c2d-9926-fe145756ebd4-chrome-pdf.html","meta":{"rootId":"uxsan2vvf1stit8","id":"uxsan2vvf1stit8"},"id":"8oi7sal569jlnhh","previousOperationId":"gop9fw6ewo6c8dt"}
{"type":"log","timestamp":1701772737046,"level":"debug","message":"Custom viewport for chrome page width=800, height=2000","meta":{"rootId":"uxsan2vvf1stit8","id":"uxsan2vvf1stit8"},"id":"mon35z4fp3obcz5","previousOperationId":"gop9fw6ewo6c8dt"}
{"type":"log","timestamp":1701772737046,"level":"debug","message":"Running chrome with params {\"printBackground\":true,\"width\":\"5.8cm\",\"height\":\"21cm\",\"marginRight\":\"0cm\",\"marginLeft\":\"0cm\",\"timeout\":59685,\"margin\":{\"right\":\"0cm\",\"left\":\"0cm\"}}","meta":{"rootId":"uxsan2vvf1stit8","id":"uxsan2vvf1stit8"},"id":"z5vta9rg8ee7bjj","previousOperationId":"gop9fw6ewo6c8dt"}
{"type":"operationEnd","operationId":"gop9fw6ewo6c8dt","timestamp":1701772737078,"id":"yo70e9njpv6gxov","previousEventId":"bjbiwx6di5fdv8z","previousOperationId":"gop9fw6ewo6c8dt"}
{"type":"log","timestamp":1701772737079,"level":"debug","message":"Skipping storing report.","meta":{"rootId":"uxsan2vvf1stit8","id":"uxsan2vvf1stit8"},"id":"1oayz8cnc3iznbl","previousOperationId":"gop9fw6ewo6c8dt"}
{"type":"log","timestamp":1701772737079,"level":"info","message":"Rendering request 2 finished in 541 ms","meta":{"rootId":"uxsan2vvf1stit8","id":"uxsan2vvf1stit8"},"id":"3f5wss8yr2k16k3","previousOperationId":"gop9fw6ewo6c8dt"}
{"type":"operationEnd","subtype":"render","operationId":"bi9995kseliyc62","timestamp":1701772737079,"id":"2m25ed0k39esm9j","previousEventId":"yo70e9njpv6gxov","previousOperationId":"gop9fw6ewo6c8dt"}
{"type":"operationEnd","doDiffs":false,"previousEventId":"5a2z9xirb7hwzww","previousOperationId":"9ef2hiptf6hmliq","operationId":"9ef2hiptf6hmliq","timestamp":1701772737081,"id":"g7zjkq676tjsn8o"}
