{"type":"operationStart","subtype":"profile","data":{"_id":"NsjmiPaEmOWppMD7","timestamp":"2023-11-28T11:41:17.845Z","state":"queued","mode":"standard","creationDate":"2023-11-28T11:41:17.847Z","modificationDate":"2023-11-28T11:41:17.847Z","shortid":"ataZS7v","$entitySet":"profiles"},"doDiffs":false,"timestamp":1701171677846,"id":"6s9i7zgtqbup5ny","previousOperationId":null,"operationId":"zn6az7vf7czx52t"}
{"type":"log","level":"info","message":"Render request 19 queued for execution and waiting for available worker","previousOperationId":"zn6az7vf7czx52t","timestamp":1701171677846,"id":"dpi2xfk7aasnbmo"}
{"type":"operationStart","subtype":"render","name":"pns_index","previousOperationId":"zn6az7vf7czx52t","timestamp":1701171677856,"id":"g6ytdn8bsdm6dyo","previousEventId":"6s9i7zgtqbup5ny","operationId":"7n88rlbuw0jawvw"}
{"type":"log","timestamp":1701171677856,"level":"info","message":"Starting rendering request 19","meta":{"rootId":"vcqxaro46neana4","id":"vcqxaro46neana4"},"id":"p0b5nb4vrhzpzhg","previousOperationId":"7n88rlbuw0jawvw"}
{"type":"log","timestamp":1701171677856,"level":"info","message":"Rendering template { name: pns_index, recipe: chrome-pdf, engine: handlebars, preview: true }","meta":{"rootId":"vcqxaro46neana4","id":"vcqxaro46neana4"},"id":"y7byzbecyt50kjt","previousOperationId":"7n88rlbuw0jawvw"}
{"type":"log","timestamp":1701171677857,"level":"debug","message":"Inline data specified.","meta":{"rootId":"vcqxaro46neana4","id":"vcqxaro46neana4"},"id":"jzegumaz09qyp8r","previousOperationId":"7n88rlbuw0jawvw"}
{"type":"log","timestamp":1701171677865,"level":"debug","message":"Base url not specified, skipping its injection.","meta":{"rootId":"vcqxaro46neana4","id":"vcqxaro46neana4"},"id":"9uv56xfet05cx50","previousOperationId":"7n88rlbuw0jawvw"}
{"type":"operationStart","subtype":"engine","name":"handlebars","timestamp":1701171677865,"id":"j37ia2yvz2450b1","previousEventId":"g6ytdn8bsdm6dyo","operationId":"lhn4meu3jhfpmua","previousOperationId":"7n88rlbuw0jawvw"}
{"type":"log","timestamp":1701171677865,"level":"debug","message":"Rendering engine handlebars","meta":{"rootId":"vcqxaro46neana4","id":"vcqxaro46neana4"},"id":"uz3q66dks8mpik7","previousOperationId":"lhn4meu3jhfpmua"}
{"type":"operationEnd","operationId":"lhn4meu3jhfpmua","timestamp":1701171677888,"id":"8hdu44iomw4bfjq","previousEventId":"j37ia2yvz2450b1","previousOperationId":"lhn4meu3jhfpmua"}
{"type":"operationStart","subtype":"recipe","name":"chrome-pdf","timestamp":1701171677888,"id":"0trag7wmtefvjz9","previousEventId":"8hdu44iomw4bfjq","operationId":"el8om97d5j17ia2","previousOperationId":"lhn4meu3jhfpmua"}
{"type":"log","timestamp":1701171677888,"level":"debug","message":"Executing recipe chrome-pdf","meta":{"rootId":"vcqxaro46neana4","id":"vcqxaro46neana4"},"id":"mwziebjow112cj3","previousOperationId":"el8om97d5j17ia2"}
{"type":"log","timestamp":1701171677890,"level":"debug","message":"Converting with chrome HeadlessChrome/117.0.5938.149 using chrome-pool strategy","meta":{"rootId":"vcqxaro46neana4","id":"vcqxaro46neana4"},"id":"5votfsynzv8w5rq","previousOperationId":"el8om97d5j17ia2"}
{"type":"log","timestamp":1701171677937,"level":"debug","message":"Page request: GET (document) file:///var/folders/dp/qk79pfcj0y1fmtkkl08m76rc0000gn/T/jsreport/autocleanup/76e216a1-c0bb-4001-b246-5c7b6244ee5a-chrome-pdf.html","meta":{"rootId":"vcqxaro46neana4","id":"vcqxaro46neana4"},"id":"o75zs3tq8ev0gyr","previousOperationId":"el8om97d5j17ia2"}
{"type":"log","timestamp":1701171677942,"level":"debug","message":"Page request finished: GET (document) 200 file:///var/folders/dp/qk79pfcj0y1fmtkkl08m76rc0000gn/T/jsreport/autocleanup/76e216a1-c0bb-4001-b246-5c7b6244ee5a-chrome-pdf.html","meta":{"rootId":"vcqxaro46neana4","id":"vcqxaro46neana4"},"id":"g9a4627hdjivbsy","previousOperationId":"el8om97d5j17ia2"}
{"type":"log","timestamp":1701171677952,"level":"debug","message":"Running chrome with params {\"printBackground\":true,\"width\":\"8cm\",\"height\":\"50cm\",\"timeout\":59955,\"margin\":{}}","meta":{"rootId":"vcqxaro46neana4","id":"vcqxaro46neana4"},"id":"p4ksyne1eived8w","previousOperationId":"el8om97d5j17ia2"}
{"type":"operationEnd","operationId":"el8om97d5j17ia2","timestamp":1701171677976,"id":"g83sr4k3f290mhs","previousEventId":"0trag7wmtefvjz9","previousOperationId":"el8om97d5j17ia2"}
{"type":"log","timestamp":1701171677976,"level":"debug","message":"Skipping storing report.","meta":{"rootId":"vcqxaro46neana4","id":"vcqxaro46neana4"},"id":"z1fjb0d5efsrxo6","previousOperationId":"el8om97d5j17ia2"}
{"type":"log","timestamp":1701171677977,"level":"info","message":"Rendering request 19 finished in 132 ms","meta":{"rootId":"vcqxaro46neana4","id":"vcqxaro46neana4"},"id":"p8seyzdox71my4m","previousOperationId":"el8om97d5j17ia2"}
{"type":"operationEnd","subtype":"render","operationId":"7n88rlbuw0jawvw","timestamp":1701171677977,"id":"sw9hqqbhv8nbstv","previousEventId":"g83sr4k3f290mhs","previousOperationId":"el8om97d5j17ia2"}
{"type":"operationEnd","doDiffs":false,"previousEventId":"6s9i7zgtqbup5ny","previousOperationId":"zn6az7vf7czx52t","operationId":"zn6az7vf7czx52t","timestamp":1701171677978,"id":"ebhdsnclavqtanv"}
