{"type":"operationStart","subtype":"profile","data":{"_id":"l2dInu4d5H0Udp9Y","timestamp":"2023-12-06T09:52:05.203Z","state":"queued","mode":"standard","creationDate":"2023-12-06T09:52:05.207Z","modificationDate":"2023-12-06T09:52:05.207Z","shortid":"kTi8Aa0","$entitySet":"profiles"},"doDiffs":false,"timestamp":1701856325206,"id":"95d5pdt0n76jnxj","previousOperationId":null,"operationId":"z9p5un8emusi56c"}
{"type":"log","level":"info","message":"Render request 59 queued for execution and waiting for available worker","previousOperationId":"z9p5un8emusi56c","timestamp":1701856325207,"id":"95m0jb762rts1sy"}
{"type":"operationStart","subtype":"render","name":"pns_index","previousOperationId":"z9p5un8emusi56c","timestamp":1701856325214,"id":"pshc0fg84nqsfra","previousEventId":"95d5pdt0n76jnxj","operationId":"oe1ld0bf3d9xwlp"}
{"type":"log","timestamp":1701856325214,"level":"info","message":"Starting rendering request 59","meta":{"rootId":"vlj2xs1cx8fm5si","id":"vlj2xs1cx8fm5si"},"id":"s05b5yuru8jzdj0","previousOperationId":"oe1ld0bf3d9xwlp"}
{"type":"log","timestamp":1701856325214,"level":"info","message":"Rendering template { name: pns_index, recipe: chrome-pdf, engine: handlebars, preview: true }","meta":{"rootId":"vlj2xs1cx8fm5si","id":"vlj2xs1cx8fm5si"},"id":"9xcynr9sdqywj8f","previousOperationId":"oe1ld0bf3d9xwlp"}
{"type":"log","timestamp":1701856325214,"level":"debug","message":"Inline data specified.","meta":{"rootId":"vlj2xs1cx8fm5si","id":"vlj2xs1cx8fm5si"},"id":"3n5x0h4cbt64m0z","previousOperationId":"oe1ld0bf3d9xwlp"}
{"type":"log","timestamp":1701856325215,"level":"debug","message":"Base url not specified, skipping its injection.","meta":{"rootId":"vlj2xs1cx8fm5si","id":"vlj2xs1cx8fm5si"},"id":"uhqx6s81adtclng","previousOperationId":"oe1ld0bf3d9xwlp"}
{"type":"log","timestamp":1701856325215,"level":"debug","message":"Replaced assets [\"styles.css\"]","meta":{"rootId":"vlj2xs1cx8fm5si","id":"vlj2xs1cx8fm5si"},"id":"5onr2tonbgp4pej","previousOperationId":"oe1ld0bf3d9xwlp"}
{"type":"operationStart","subtype":"engine","name":"handlebars","timestamp":1701856325215,"id":"9mddsxq2n33nfdy","previousEventId":"pshc0fg84nqsfra","operationId":"0iaix55h9bxttap","previousOperationId":"oe1ld0bf3d9xwlp"}
{"type":"log","timestamp":1701856325215,"level":"debug","message":"Rendering engine handlebars","meta":{"rootId":"vlj2xs1cx8fm5si","id":"vlj2xs1cx8fm5si"},"id":"3zoq5aisqas2ko8","previousOperationId":"0iaix55h9bxttap"}
{"type":"operationEnd","operationId":"0iaix55h9bxttap","timestamp":1701856325234,"id":"x0jy05zbwxzfia9","previousEventId":"9mddsxq2n33nfdy","previousOperationId":"0iaix55h9bxttap"}
{"type":"operationStart","subtype":"recipe","name":"chrome-pdf","timestamp":1701856325234,"id":"ekr9eeqz6mgpxvu","previousEventId":"x0jy05zbwxzfia9","operationId":"um359wt4abuii5t","previousOperationId":"0iaix55h9bxttap"}
{"type":"log","timestamp":1701856325234,"level":"debug","message":"Executing recipe chrome-pdf","meta":{"rootId":"vlj2xs1cx8fm5si","id":"vlj2xs1cx8fm5si"},"id":"9bycr6z6lz1dtml","previousOperationId":"um359wt4abuii5t"}
{"type":"log","timestamp":1701856325237,"level":"debug","message":"Converting with chrome HeadlessChrome/117.0.5938.149 using chrome-pool strategy","meta":{"rootId":"vlj2xs1cx8fm5si","id":"vlj2xs1cx8fm5si"},"id":"l7uogaxnefljt6u","previousOperationId":"um359wt4abuii5t"}
{"type":"log","timestamp":1701856325277,"level":"debug","message":"Page request: GET (document) file:///var/folders/dp/qk79pfcj0y1fmtkkl08m76rc0000gn/T/jsreport/autocleanup/39b83012-fffb-44b4-9a93-9a9f644d4329-chrome-pdf.html","meta":{"rootId":"vlj2xs1cx8fm5si","id":"vlj2xs1cx8fm5si"},"id":"cx0f9aherbs9a3b","previousOperationId":"um359wt4abuii5t"}
{"type":"log","timestamp":1701856325282,"level":"debug","message":"Page request finished: GET (document) 200 file:///var/folders/dp/qk79pfcj0y1fmtkkl08m76rc0000gn/T/jsreport/autocleanup/39b83012-fffb-44b4-9a93-9a9f644d4329-chrome-pdf.html","meta":{"rootId":"vlj2xs1cx8fm5si","id":"vlj2xs1cx8fm5si"},"id":"84xskc66j8espil","previousOperationId":"um359wt4abuii5t"}
{"type":"log","timestamp":1701856325289,"level":"debug","message":"Custom viewport for chrome page width=800, height=2000","meta":{"rootId":"vlj2xs1cx8fm5si","id":"vlj2xs1cx8fm5si"},"id":"pjb6ri38ufu2eky","previousOperationId":"um359wt4abuii5t"}
{"type":"log","timestamp":1701856325291,"level":"debug","message":"Running chrome with params {\"printBackground\":true,\"width\":\"6.8cm\",\"height\":\"50cm\",\"marginRight\":\"0cm\",\"marginLeft\":\"0cm\",\"timeout\":59967,\"margin\":{\"right\":\"0cm\",\"left\":\"0cm\"}}","meta":{"rootId":"vlj2xs1cx8fm5si","id":"vlj2xs1cx8fm5si"},"id":"575znvh20siurko","previousOperationId":"um359wt4abuii5t"}
{"type":"operationEnd","operationId":"um359wt4abuii5t","timestamp":1701856325318,"id":"u7b537pc7kxgnxk","previousEventId":"ekr9eeqz6mgpxvu","previousOperationId":"um359wt4abuii5t"}
{"type":"log","timestamp":1701856325318,"level":"debug","message":"Skipping storing report.","meta":{"rootId":"vlj2xs1cx8fm5si","id":"vlj2xs1cx8fm5si"},"id":"o5kmszy5eyip70v","previousOperationId":"um359wt4abuii5t"}
{"type":"log","timestamp":1701856325318,"level":"info","message":"Rendering request 59 finished in 115 ms","meta":{"rootId":"vlj2xs1cx8fm5si","id":"vlj2xs1cx8fm5si"},"id":"8kimaru058kr9zx","previousOperationId":"um359wt4abuii5t"}
{"type":"operationEnd","subtype":"render","operationId":"oe1ld0bf3d9xwlp","timestamp":1701856325318,"id":"nuuytqfbrlou2m6","previousEventId":"u7b537pc7kxgnxk","previousOperationId":"um359wt4abuii5t"}
{"type":"operationEnd","doDiffs":false,"previousEventId":"95d5pdt0n76jnxj","previousOperationId":"z9p5un8emusi56c","operationId":"z9p5un8emusi56c","timestamp":1701856325319,"id":"kifsgxzfmumdlbj"}
