{"type":"operationStart","subtype":"profile","data":{"_id":"1Ek3mJk4My6vCC4V","timestamp":"2023-11-28T13:45:13.571Z","state":"queued","mode":"standard","creationDate":"2023-11-28T13:45:13.573Z","modificationDate":"2023-11-28T13:45:13.573Z","shortid":"Ud4Z6qK","$entitySet":"profiles"},"doDiffs":false,"timestamp":1701179113572,"id":"9t4yk7mqh44ple9","previousOperationId":null,"operationId":"fzzaw6wcvicauyz"}
{"type":"log","level":"info","message":"Render request 92 queued for execution and waiting for available worker","previousOperationId":"fzzaw6wcvicauyz","timestamp":1701179113572,"id":"enz6w898xx6l6vn"}
{"type":"operationStart","subtype":"render","name":"pns_index","previousOperationId":"fzzaw6wcvicauyz","timestamp":1701179113580,"id":"gpid694kmkhmlea","previousEventId":"9t4yk7mqh44ple9","operationId":"q8pvklseufrl8w5"}
{"type":"log","timestamp":1701179113580,"level":"info","message":"Starting rendering request 92","meta":{"rootId":"vmiwc9e0gcdkhr8","id":"vmiwc9e0gcdkhr8"},"id":"c5uz279aykq1amx","previousOperationId":"q8pvklseufrl8w5"}
{"type":"log","timestamp":1701179113580,"level":"info","message":"Rendering template { name: pns_index, recipe: chrome-pdf, engine: handlebars, preview: true }","meta":{"rootId":"vmiwc9e0gcdkhr8","id":"vmiwc9e0gcdkhr8"},"id":"6cl9sw425bgc7mk","previousOperationId":"q8pvklseufrl8w5"}
{"type":"log","timestamp":1701179113581,"level":"debug","message":"Inline data specified.","meta":{"rootId":"vmiwc9e0gcdkhr8","id":"vmiwc9e0gcdkhr8"},"id":"q9kwl4zzx1uk4q9","previousOperationId":"q8pvklseufrl8w5"}
{"type":"log","timestamp":1701179113585,"level":"debug","message":"Base url not specified, skipping its injection.","meta":{"rootId":"vmiwc9e0gcdkhr8","id":"vmiwc9e0gcdkhr8"},"id":"vrhf1k7gjeqyg73","previousOperationId":"q8pvklseufrl8w5"}
{"type":"operationStart","subtype":"engine","name":"handlebars","timestamp":1701179113585,"id":"vrlorv18yp5f2r9","previousEventId":"gpid694kmkhmlea","operationId":"a5o0v4fxnv4m5bw","previousOperationId":"q8pvklseufrl8w5"}
{"type":"log","timestamp":1701179113585,"level":"debug","message":"Rendering engine handlebars","meta":{"rootId":"vmiwc9e0gcdkhr8","id":"vmiwc9e0gcdkhr8"},"id":"yf1i5i1evbw127g","previousOperationId":"a5o0v4fxnv4m5bw"}
{"type":"operationEnd","operationId":"a5o0v4fxnv4m5bw","timestamp":1701179113617,"id":"rwbk0twu2j8tvy5","previousEventId":"vrlorv18yp5f2r9","previousOperationId":"a5o0v4fxnv4m5bw"}
{"type":"operationStart","subtype":"recipe","name":"chrome-pdf","timestamp":1701179113618,"id":"7k2b6upifcug9l7","previousEventId":"rwbk0twu2j8tvy5","operationId":"do52j4paejlx2br","previousOperationId":"a5o0v4fxnv4m5bw"}
{"type":"log","timestamp":1701179113618,"level":"debug","message":"Executing recipe chrome-pdf","meta":{"rootId":"vmiwc9e0gcdkhr8","id":"vmiwc9e0gcdkhr8"},"id":"4j3jvgwcvbzuhoe","previousOperationId":"do52j4paejlx2br"}
{"type":"log","timestamp":1701179113620,"level":"debug","message":"Converting with chrome HeadlessChrome/117.0.5938.149 using chrome-pool strategy","meta":{"rootId":"vmiwc9e0gcdkhr8","id":"vmiwc9e0gcdkhr8"},"id":"tjlbx1vhgyuzoe6","previousOperationId":"do52j4paejlx2br"}
{"type":"log","timestamp":1701179113670,"level":"debug","message":"Page request: GET (document) file:///var/folders/dp/qk79pfcj0y1fmtkkl08m76rc0000gn/T/jsreport/autocleanup/3c01a601-d046-4028-becd-e0269f584ed3-chrome-pdf.html","meta":{"rootId":"vmiwc9e0gcdkhr8","id":"vmiwc9e0gcdkhr8"},"id":"ihac765niqwll3q","previousOperationId":"do52j4paejlx2br"}
{"type":"log","timestamp":1701179113675,"level":"debug","message":"Page request finished: GET (document) 200 file:///var/folders/dp/qk79pfcj0y1fmtkkl08m76rc0000gn/T/jsreport/autocleanup/3c01a601-d046-4028-becd-e0269f584ed3-chrome-pdf.html","meta":{"rootId":"vmiwc9e0gcdkhr8","id":"vmiwc9e0gcdkhr8"},"id":"u8gnxzp8w5kh9zs","previousOperationId":"do52j4paejlx2br"}
{"type":"log","timestamp":1701179113684,"level":"debug","message":"Custom viewport for chrome page width=800, height=2000","meta":{"rootId":"vmiwc9e0gcdkhr8","id":"vmiwc9e0gcdkhr8"},"id":"uxm8815k2nus7si","previousOperationId":"do52j4paejlx2br"}
{"type":"log","timestamp":1701179113686,"level":"debug","message":"Running chrome with params {\"printBackground\":true,\"width\":\"5.8cm\",\"height\":\"50cm\",\"timeout\":59952,\"margin\":{}}","meta":{"rootId":"vmiwc9e0gcdkhr8","id":"vmiwc9e0gcdkhr8"},"id":"wv94d8laavd0q8y","previousOperationId":"do52j4paejlx2br"}
{"type":"operationEnd","operationId":"do52j4paejlx2br","timestamp":1701179113711,"id":"g4e87r81lcpd6hm","previousEventId":"7k2b6upifcug9l7","previousOperationId":"do52j4paejlx2br"}
{"type":"log","timestamp":1701179113712,"level":"debug","message":"Skipping storing report.","meta":{"rootId":"vmiwc9e0gcdkhr8","id":"vmiwc9e0gcdkhr8"},"id":"fcdk6sc7q8nbisb","previousOperationId":"do52j4paejlx2br"}
{"type":"log","timestamp":1701179113712,"level":"info","message":"Rendering request 92 finished in 141 ms","meta":{"rootId":"vmiwc9e0gcdkhr8","id":"vmiwc9e0gcdkhr8"},"id":"eewsbiofsh4a5va","previousOperationId":"do52j4paejlx2br"}
{"type":"operationEnd","subtype":"render","operationId":"q8pvklseufrl8w5","timestamp":1701179113712,"id":"pr9fahu2ifpyb33","previousEventId":"g4e87r81lcpd6hm","previousOperationId":"do52j4paejlx2br"}
{"type":"operationEnd","doDiffs":false,"previousEventId":"9t4yk7mqh44ple9","previousOperationId":"fzzaw6wcvicauyz","operationId":"fzzaw6wcvicauyz","timestamp":1701179113713,"id":"9xwt2t9pe97w5g6"}
