{"type":"operationStart","subtype":"profile","data":{"_id":"2kP06GNvLxiVr8bo","timestamp":"2023-11-28T11:38:06.518Z","state":"queued","mode":"standard","creationDate":"2023-11-28T11:38:06.519Z","modificationDate":"2023-11-28T11:38:06.519Z","shortid":"nDmUQLZ","$entitySet":"profiles"},"doDiffs":false,"timestamp":1701171486518,"id":"xb4zn5fztatfap5","previousOperationId":null,"operationId":"jkhupzsbtz6qy4c"}
{"type":"log","level":"info","message":"Render request 17 queued for execution and waiting for available worker","previousOperationId":"jkhupzsbtz6qy4c","timestamp":1701171486519,"id":"f1np234gprngxdf"}
{"type":"operationStart","subtype":"render","name":"pns_index","previousOperationId":"jkhupzsbtz6qy4c","timestamp":1701171486531,"id":"fla2x35bfjwx75k","previousEventId":"xb4zn5fztatfap5","operationId":"p9lj8ha6mumrqo3"}
{"type":"log","timestamp":1701171486531,"level":"info","message":"Starting rendering request 17","meta":{"rootId":"vsu9j0yiqudh50m","id":"vsu9j0yiqudh50m"},"id":"zor6q4f5lr5bn6a","previousOperationId":"p9lj8ha6mumrqo3"}
{"type":"log","timestamp":1701171486532,"level":"info","message":"Rendering template { name: pns_index, recipe: chrome-pdf, engine: handlebars, preview: true }","meta":{"rootId":"vsu9j0yiqudh50m","id":"vsu9j0yiqudh50m"},"id":"ipr29bwept3wkgp","previousOperationId":"p9lj8ha6mumrqo3"}
{"type":"log","timestamp":1701171486532,"level":"debug","message":"Inline data specified.","meta":{"rootId":"vsu9j0yiqudh50m","id":"vsu9j0yiqudh50m"},"id":"b0ufigsn2ycrey5","previousOperationId":"p9lj8ha6mumrqo3"}
{"type":"log","timestamp":1701171486535,"level":"debug","message":"Base url not specified, skipping its injection.","meta":{"rootId":"vsu9j0yiqudh50m","id":"vsu9j0yiqudh50m"},"id":"va6mi2drj5wnl07","previousOperationId":"p9lj8ha6mumrqo3"}
{"type":"operationStart","subtype":"engine","name":"handlebars","timestamp":1701171486535,"id":"56h3sd0v5l2581k","previousEventId":"fla2x35bfjwx75k","operationId":"bi2r6wsu31yxfij","previousOperationId":"p9lj8ha6mumrqo3"}
{"type":"log","timestamp":1701171486535,"level":"debug","message":"Rendering engine handlebars","meta":{"rootId":"vsu9j0yiqudh50m","id":"vsu9j0yiqudh50m"},"id":"sdur68isxxchfo3","previousOperationId":"bi2r6wsu31yxfij"}
{"type":"operationEnd","operationId":"bi2r6wsu31yxfij","timestamp":1701171486561,"id":"6o6xxz1ebsbxdp9","previousEventId":"56h3sd0v5l2581k","previousOperationId":"bi2r6wsu31yxfij"}
{"type":"operationStart","subtype":"recipe","name":"chrome-pdf","timestamp":1701171486562,"id":"4duwyzav4aod1gn","previousEventId":"6o6xxz1ebsbxdp9","operationId":"xi28u2jtndrbkih","previousOperationId":"bi2r6wsu31yxfij"}
{"type":"log","timestamp":1701171486562,"level":"debug","message":"Executing recipe chrome-pdf","meta":{"rootId":"vsu9j0yiqudh50m","id":"vsu9j0yiqudh50m"},"id":"r6qwpl5k093tgxy","previousOperationId":"xi28u2jtndrbkih"}
{"type":"log","timestamp":1701171486563,"level":"debug","message":"Converting with chrome HeadlessChrome/117.0.5938.149 using chrome-pool strategy","meta":{"rootId":"vsu9j0yiqudh50m","id":"vsu9j0yiqudh50m"},"id":"ogat16364afx778","previousOperationId":"xi28u2jtndrbkih"}
{"type":"log","timestamp":1701171486611,"level":"debug","message":"Page request: GET (document) file:///var/folders/dp/qk79pfcj0y1fmtkkl08m76rc0000gn/T/jsreport/autocleanup/cdfffec9-2c6d-4fc6-9e86-7a2226ba5220-chrome-pdf.html","meta":{"rootId":"vsu9j0yiqudh50m","id":"vsu9j0yiqudh50m"},"id":"lhm925rr4v259cs","previousOperationId":"xi28u2jtndrbkih"}
{"type":"log","timestamp":1701171486616,"level":"debug","message":"Page request finished: GET (document) 200 file:///var/folders/dp/qk79pfcj0y1fmtkkl08m76rc0000gn/T/jsreport/autocleanup/cdfffec9-2c6d-4fc6-9e86-7a2226ba5220-chrome-pdf.html","meta":{"rootId":"vsu9j0yiqudh50m","id":"vsu9j0yiqudh50m"},"id":"aoh333y1h58x1fk","previousOperationId":"xi28u2jtndrbkih"}
{"type":"log","timestamp":1701171486625,"level":"debug","message":"Running chrome with params {\"printBackground\":true,\"width\":\"8cm\",\"height\":\"50cm\",\"timeout\":59956,\"margin\":{}}","meta":{"rootId":"vsu9j0yiqudh50m","id":"vsu9j0yiqudh50m"},"id":"dtxueeh0eldpjmo","previousOperationId":"xi28u2jtndrbkih"}
{"type":"operationEnd","operationId":"xi28u2jtndrbkih","timestamp":1701171486646,"id":"lijy7e1mehogh5s","previousEventId":"4duwyzav4aod1gn","previousOperationId":"xi28u2jtndrbkih"}
{"type":"log","timestamp":1701171486646,"level":"debug","message":"Skipping storing report.","meta":{"rootId":"vsu9j0yiqudh50m","id":"vsu9j0yiqudh50m"},"id":"xi57mppmdms9kqy","previousOperationId":"xi28u2jtndrbkih"}
{"type":"log","timestamp":1701171486646,"level":"info","message":"Rendering request 17 finished in 128 ms","meta":{"rootId":"vsu9j0yiqudh50m","id":"vsu9j0yiqudh50m"},"id":"pxgfobxxl9h0jw5","previousOperationId":"xi28u2jtndrbkih"}
{"type":"operationEnd","subtype":"render","operationId":"p9lj8ha6mumrqo3","timestamp":1701171486647,"id":"a2a7o7gkztu3ici","previousEventId":"lijy7e1mehogh5s","previousOperationId":"xi28u2jtndrbkih"}
{"type":"operationEnd","doDiffs":false,"previousEventId":"xb4zn5fztatfap5","previousOperationId":"jkhupzsbtz6qy4c","operationId":"jkhupzsbtz6qy4c","timestamp":1701171486648,"id":"qikha3y88urei28"}
