{"type":"operationStart","subtype":"profile","data":{"_id":"KNr5wkYucoEuG0lk","timestamp":"2023-12-06T10:06:21.064Z","state":"queued","mode":"standard","creationDate":"2023-12-06T10:06:21.065Z","modificationDate":"2023-12-06T10:06:21.065Z","shortid":"0-IYqet","$entitySet":"profiles"},"doDiffs":false,"timestamp":1701857181065,"id":"754h3q5wionojw5","previousOperationId":null,"operationId":"q311v7zn2wpczui"}
{"type":"log","level":"info","message":"Render request 75 queued for execution and waiting for available worker","previousOperationId":"q311v7zn2wpczui","timestamp":1701857181065,"id":"kmjpqdqrwuwky1f"}
{"type":"operationStart","subtype":"render","name":"pns_index","previousOperationId":"q311v7zn2wpczui","timestamp":1701857181074,"id":"hmpooeirda9hgbr","previousEventId":"754h3q5wionojw5","operationId":"axyq9zdj39nzkld"}
{"type":"log","timestamp":1701857181075,"level":"info","message":"Starting rendering request 75","meta":{"rootId":"vvdduht2z5gz2ey","id":"vvdduht2z5gz2ey"},"id":"ofss4cxmldozxml","previousOperationId":"axyq9zdj39nzkld"}
{"type":"log","timestamp":1701857181075,"level":"info","message":"Rendering template { name: pns_index, recipe: chrome-pdf, engine: handlebars, preview: true }","meta":{"rootId":"vvdduht2z5gz2ey","id":"vvdduht2z5gz2ey"},"id":"ga5w435n2adi67v","previousOperationId":"axyq9zdj39nzkld"}
{"type":"log","timestamp":1701857181075,"level":"debug","message":"Inline data specified.","meta":{"rootId":"vvdduht2z5gz2ey","id":"vvdduht2z5gz2ey"},"id":"b9lay9vpw32e03d","previousOperationId":"axyq9zdj39nzkld"}
{"type":"log","timestamp":1701857181077,"level":"debug","message":"Base url not specified, skipping its injection.","meta":{"rootId":"vvdduht2z5gz2ey","id":"vvdduht2z5gz2ey"},"id":"hd7fryj94qcfby0","previousOperationId":"axyq9zdj39nzkld"}
{"type":"log","timestamp":1701857181088,"level":"debug","message":"Replaced assets [\"styles.css\"]","meta":{"rootId":"vvdduht2z5gz2ey","id":"vvdduht2z5gz2ey"},"id":"1e2ctrmh87jco5h","previousOperationId":"axyq9zdj39nzkld"}
{"type":"operationStart","subtype":"engine","name":"handlebars","timestamp":1701857181088,"id":"vwih0b4c5hdptx6","previousEventId":"hmpooeirda9hgbr","operationId":"q8uv9hqz11bwsbs","previousOperationId":"axyq9zdj39nzkld"}
{"type":"log","timestamp":1701857181088,"level":"debug","message":"Rendering engine handlebars","meta":{"rootId":"vvdduht2z5gz2ey","id":"vvdduht2z5gz2ey"},"id":"m0sark4f32jokx7","previousOperationId":"q8uv9hqz11bwsbs"}
{"type":"operationEnd","operationId":"q8uv9hqz11bwsbs","timestamp":1701857181121,"id":"8sb9r6jm03olybh","previousEventId":"vwih0b4c5hdptx6","previousOperationId":"q8uv9hqz11bwsbs"}
{"type":"operationStart","subtype":"recipe","name":"chrome-pdf","timestamp":1701857181121,"id":"waahrm9joo4lz58","previousEventId":"8sb9r6jm03olybh","operationId":"tdzdw3ly8f3elza","previousOperationId":"q8uv9hqz11bwsbs"}
{"type":"log","timestamp":1701857181121,"level":"debug","message":"Executing recipe chrome-pdf","meta":{"rootId":"vvdduht2z5gz2ey","id":"vvdduht2z5gz2ey"},"id":"d3okzvwgstxm2k3","previousOperationId":"tdzdw3ly8f3elza"}
{"type":"log","timestamp":1701857181125,"level":"debug","message":"Converting with chrome HeadlessChrome/117.0.5938.149 using chrome-pool strategy","meta":{"rootId":"vvdduht2z5gz2ey","id":"vvdduht2z5gz2ey"},"id":"beoo3xvhi97cynk","previousOperationId":"tdzdw3ly8f3elza"}
{"type":"log","timestamp":1701857181169,"level":"debug","message":"Page request: GET (document) file:///var/folders/dp/qk79pfcj0y1fmtkkl08m76rc0000gn/T/jsreport/autocleanup/dc3da0d0-8f64-48c3-a786-d5718a2b524a-chrome-pdf.html","meta":{"rootId":"vvdduht2z5gz2ey","id":"vvdduht2z5gz2ey"},"id":"j5ok1xwkofnyxev","previousOperationId":"tdzdw3ly8f3elza"}
{"type":"log","timestamp":1701857181173,"level":"debug","message":"Page request finished: GET (document) 200 file:///var/folders/dp/qk79pfcj0y1fmtkkl08m76rc0000gn/T/jsreport/autocleanup/dc3da0d0-8f64-48c3-a786-d5718a2b524a-chrome-pdf.html","meta":{"rootId":"vvdduht2z5gz2ey","id":"vvdduht2z5gz2ey"},"id":"w6s182ztctg2cro","previousOperationId":"tdzdw3ly8f3elza"}
{"type":"log","timestamp":1701857181184,"level":"debug","message":"Custom viewport for chrome page width=800, height=2000","meta":{"rootId":"vvdduht2z5gz2ey","id":"vvdduht2z5gz2ey"},"id":"zxz4mk1nq1kh3tv","previousOperationId":"tdzdw3ly8f3elza"}
{"type":"log","timestamp":1701857181185,"level":"debug","message":"Running chrome with params {\"printBackground\":true,\"width\":\"6.8cm\",\"height\":\"60cm\",\"marginRight\":\"0cm\",\"marginLeft\":\"0cm\",\"timeout\":59939,\"margin\":{\"right\":\"0cm\",\"left\":\"0cm\"}}","meta":{"rootId":"vvdduht2z5gz2ey","id":"vvdduht2z5gz2ey"},"id":"m4vsg9u48nwsym4","previousOperationId":"tdzdw3ly8f3elza"}
{"type":"operationEnd","operationId":"tdzdw3ly8f3elza","timestamp":1701857181215,"id":"zf83gfuq0d7eh24","previousEventId":"waahrm9joo4lz58","previousOperationId":"tdzdw3ly8f3elza"}
{"type":"log","timestamp":1701857181215,"level":"debug","message":"Skipping storing report.","meta":{"rootId":"vvdduht2z5gz2ey","id":"vvdduht2z5gz2ey"},"id":"fzkw2dpstflt5og","previousOperationId":"tdzdw3ly8f3elza"}
{"type":"log","timestamp":1701857181215,"level":"info","message":"Rendering request 75 finished in 151 ms","meta":{"rootId":"vvdduht2z5gz2ey","id":"vvdduht2z5gz2ey"},"id":"c7sch5w7rhuoo1n","previousOperationId":"tdzdw3ly8f3elza"}
{"type":"operationEnd","subtype":"render","operationId":"axyq9zdj39nzkld","timestamp":1701857181215,"id":"gk70ybdb9my4108","previousEventId":"zf83gfuq0d7eh24","previousOperationId":"tdzdw3ly8f3elza"}
{"type":"operationEnd","doDiffs":false,"previousEventId":"754h3q5wionojw5","previousOperationId":"q311v7zn2wpczui","operationId":"q311v7zn2wpczui","timestamp":1701857181216,"id":"pb8idh5ypvkm8r2"}
