{"type":"operationStart","subtype":"profile","data":{"_id":"KBaC5mSDZPFayzHa","timestamp":"2023-12-06T09:43:17.132Z","state":"queued","mode":"standard","creationDate":"2023-12-06T09:43:17.134Z","modificationDate":"2023-12-06T09:43:17.134Z","shortid":"wO1M2so","$entitySet":"profiles"},"doDiffs":false,"timestamp":1701855797133,"id":"ittwghgzu2bevse","previousOperationId":null,"operationId":"9i3easnwb9v843j"}
{"type":"log","level":"info","message":"Render request 43 queued for execution and waiting for available worker","previousOperationId":"9i3easnwb9v843j","timestamp":1701855797133,"id":"ok8h9aphyyh8vti"}
{"type":"operationStart","subtype":"render","name":"pns_index","previousOperationId":"9i3easnwb9v843j","timestamp":1701855797143,"id":"xorlrabz3q0bn1i","previousEventId":"ittwghgzu2bevse","operationId":"ixwvatt12wixix3"}
{"type":"log","timestamp":1701855797143,"level":"info","message":"Starting rendering request 43","meta":{"rootId":"w30edyqm3z9mmra","id":"w30edyqm3z9mmra"},"id":"i6q0onncpv7bpu2","previousOperationId":"ixwvatt12wixix3"}
{"type":"log","timestamp":1701855797143,"level":"info","message":"Rendering template { name: pns_index, recipe: chrome-pdf, engine: handlebars, preview: true }","meta":{"rootId":"w30edyqm3z9mmra","id":"w30edyqm3z9mmra"},"id":"b8s72f6lqpuj4my","previousOperationId":"ixwvatt12wixix3"}
{"type":"log","timestamp":1701855797149,"level":"debug","message":"Inline data specified.","meta":{"rootId":"w30edyqm3z9mmra","id":"w30edyqm3z9mmra"},"id":"zyhhb7tg1nr43kq","previousOperationId":"ixwvatt12wixix3"}
{"type":"log","timestamp":1701855797157,"level":"debug","message":"Base url not specified, skipping its injection.","meta":{"rootId":"w30edyqm3z9mmra","id":"w30edyqm3z9mmra"},"id":"lh3ljzqfhkfgtqo","previousOperationId":"ixwvatt12wixix3"}
{"type":"log","timestamp":1701855797158,"level":"debug","message":"Replaced assets [\"styles.css\"]","meta":{"rootId":"w30edyqm3z9mmra","id":"w30edyqm3z9mmra"},"id":"ymxzgsbq4rmji6i","previousOperationId":"ixwvatt12wixix3"}
{"type":"operationStart","subtype":"engine","name":"handlebars","timestamp":1701855797158,"id":"uz1bdzrwyhvbm19","previousEventId":"xorlrabz3q0bn1i","operationId":"3t0tg7mtslwi4n3","previousOperationId":"ixwvatt12wixix3"}
{"type":"log","timestamp":1701855797158,"level":"debug","message":"Rendering engine handlebars","meta":{"rootId":"w30edyqm3z9mmra","id":"w30edyqm3z9mmra"},"id":"zxugk6cki2q72ty","previousOperationId":"3t0tg7mtslwi4n3"}
{"type":"operationEnd","operationId":"3t0tg7mtslwi4n3","timestamp":1701855797195,"id":"zuyseg6f6cjdvv9","previousEventId":"uz1bdzrwyhvbm19","previousOperationId":"3t0tg7mtslwi4n3"}
{"type":"operationStart","subtype":"recipe","name":"chrome-pdf","timestamp":1701855797195,"id":"evzxot69oq40e03","previousEventId":"zuyseg6f6cjdvv9","operationId":"vitpen4uie2hnt3","previousOperationId":"3t0tg7mtslwi4n3"}
{"type":"log","timestamp":1701855797195,"level":"debug","message":"Executing recipe chrome-pdf","meta":{"rootId":"w30edyqm3z9mmra","id":"w30edyqm3z9mmra"},"id":"74bjvf6zlf6yur0","previousOperationId":"vitpen4uie2hnt3"}
{"type":"log","timestamp":1701855797196,"level":"debug","message":"Converting with chrome HeadlessChrome/117.0.5938.149 using chrome-pool strategy","meta":{"rootId":"w30edyqm3z9mmra","id":"w30edyqm3z9mmra"},"id":"1g21gtq2yr8ulyv","previousOperationId":"vitpen4uie2hnt3"}
{"type":"log","timestamp":1701855797241,"level":"debug","message":"Page request: GET (document) file:///var/folders/dp/qk79pfcj0y1fmtkkl08m76rc0000gn/T/jsreport/autocleanup/b9ba1128-c662-478b-921b-427afd6bcf35-chrome-pdf.html","meta":{"rootId":"w30edyqm3z9mmra","id":"w30edyqm3z9mmra"},"id":"fyxissv0s9463kl","previousOperationId":"vitpen4uie2hnt3"}
{"type":"log","timestamp":1701855797245,"level":"debug","message":"Page request finished: GET (document) 200 file:///var/folders/dp/qk79pfcj0y1fmtkkl08m76rc0000gn/T/jsreport/autocleanup/b9ba1128-c662-478b-921b-427afd6bcf35-chrome-pdf.html","meta":{"rootId":"w30edyqm3z9mmra","id":"w30edyqm3z9mmra"},"id":"jk3vo7aujzqtgs8","previousOperationId":"vitpen4uie2hnt3"}
{"type":"log","timestamp":1701855797256,"level":"debug","message":"Custom viewport for chrome page width=800, height=2000","meta":{"rootId":"w30edyqm3z9mmra","id":"w30edyqm3z9mmra"},"id":"018f0vbhq30eovh","previousOperationId":"vitpen4uie2hnt3"}
{"type":"log","timestamp":1701855797261,"level":"debug","message":"Running chrome with params {\"printBackground\":true,\"width\":\"5.8cm\",\"height\":\"40cm\",\"marginRight\":\"0cm\",\"marginLeft\":\"0cm\",\"timeout\":59936,\"margin\":{\"right\":\"0cm\",\"left\":\"0cm\"}}","meta":{"rootId":"w30edyqm3z9mmra","id":"w30edyqm3z9mmra"},"id":"kpn7e4z6rl8ou04","previousOperationId":"vitpen4uie2hnt3"}
{"type":"operationEnd","operationId":"vitpen4uie2hnt3","timestamp":1701855797282,"id":"8z17uwuvia518ui","previousEventId":"evzxot69oq40e03","previousOperationId":"vitpen4uie2hnt3"}
{"type":"log","timestamp":1701855797282,"level":"debug","message":"Skipping storing report.","meta":{"rootId":"w30edyqm3z9mmra","id":"w30edyqm3z9mmra"},"id":"ek716nri3gdrri5","previousOperationId":"vitpen4uie2hnt3"}
{"type":"log","timestamp":1701855797282,"level":"info","message":"Rendering request 43 finished in 150 ms","meta":{"rootId":"w30edyqm3z9mmra","id":"w30edyqm3z9mmra"},"id":"6ma4fhgih2k8gs6","previousOperationId":"vitpen4uie2hnt3"}
{"type":"operationEnd","subtype":"render","operationId":"ixwvatt12wixix3","timestamp":1701855797282,"id":"3oxrl4ibrs4kiq9","previousEventId":"8z17uwuvia518ui","previousOperationId":"vitpen4uie2hnt3"}
{"type":"operationEnd","doDiffs":false,"previousEventId":"ittwghgzu2bevse","previousOperationId":"9i3easnwb9v843j","operationId":"9i3easnwb9v843j","timestamp":1701855797284,"id":"wfqdqxrciaqwtsu"}
