{"type":"operationStart","subtype":"profile","data":{"_id":"AD9nytIVQ5MD6vQC","timestamp":"2023-12-04T13:17:24.289Z","state":"queued","mode":"standard","creationDate":"2023-12-04T13:17:24.290Z","modificationDate":"2023-12-04T13:17:24.290Z","shortid":"L66eakT","$entitySet":"profiles"},"doDiffs":false,"timestamp":1701695844290,"id":"3cm8o1knis7f901","previousOperationId":null,"operationId":"d6e22laq9yjxgc0"}
{"type":"log","level":"info","message":"Render request 36 queued for execution and waiting for available worker","previousOperationId":"d6e22laq9yjxgc0","timestamp":1701695844290,"id":"wcn1jomt0a7visy"}
{"type":"operationStart","subtype":"render","name":"pns_index","previousOperationId":"d6e22laq9yjxgc0","timestamp":1701695844299,"id":"4zx6klvljv2lkz2","previousEventId":"3cm8o1knis7f901","operationId":"shpxw8gubm78hbr"}
{"type":"log","timestamp":1701695844299,"level":"info","message":"Starting rendering request 36","meta":{"rootId":"wixo7f890kp0trm","id":"wixo7f890kp0trm"},"id":"d0vu5esoyg1686h","previousOperationId":"shpxw8gubm78hbr"}
{"type":"log","timestamp":1701695844299,"level":"info","message":"Rendering template { name: pns_index, recipe: chrome-pdf, engine: handlebars, preview: true }","meta":{"rootId":"wixo7f890kp0trm","id":"wixo7f890kp0trm"},"id":"pclko5eooqo8sia","previousOperationId":"shpxw8gubm78hbr"}
{"type":"log","timestamp":1701695844300,"level":"debug","message":"Inline data specified.","meta":{"rootId":"wixo7f890kp0trm","id":"wixo7f890kp0trm"},"id":"eorckf59rhs5e6f","previousOperationId":"shpxw8gubm78hbr"}
{"type":"log","timestamp":1701695844302,"level":"debug","message":"Base url not specified, skipping its injection.","meta":{"rootId":"wixo7f890kp0trm","id":"wixo7f890kp0trm"},"id":"y8x30oyf66ag06t","previousOperationId":"shpxw8gubm78hbr"}
{"type":"log","timestamp":1701695844304,"level":"debug","message":"Replaced assets [\"styles.css\"]","meta":{"rootId":"wixo7f890kp0trm","id":"wixo7f890kp0trm"},"id":"welep1f26xrfn3d","previousOperationId":"shpxw8gubm78hbr"}
{"type":"operationStart","subtype":"engine","name":"handlebars","timestamp":1701695844304,"id":"ixj0eir81z9dnfg","previousEventId":"4zx6klvljv2lkz2","operationId":"qohkxuqc72fzu6q","previousOperationId":"shpxw8gubm78hbr"}
{"type":"log","timestamp":1701695844304,"level":"debug","message":"Rendering engine handlebars","meta":{"rootId":"wixo7f890kp0trm","id":"wixo7f890kp0trm"},"id":"2kt0oz6wjvv2qs8","previousOperationId":"qohkxuqc72fzu6q"}
{"type":"operationEnd","operationId":"qohkxuqc72fzu6q","timestamp":1701695844332,"id":"8niuchlkxptg2lf","previousEventId":"ixj0eir81z9dnfg","previousOperationId":"qohkxuqc72fzu6q"}
{"type":"operationStart","subtype":"recipe","name":"chrome-pdf","timestamp":1701695844332,"id":"k52xg878ayrflnx","previousEventId":"8niuchlkxptg2lf","operationId":"v0gawufdl35cj84","previousOperationId":"qohkxuqc72fzu6q"}
{"type":"log","timestamp":1701695844332,"level":"debug","message":"Executing recipe chrome-pdf","meta":{"rootId":"wixo7f890kp0trm","id":"wixo7f890kp0trm"},"id":"cvoaxx0ves0mpdc","previousOperationId":"v0gawufdl35cj84"}
{"type":"log","timestamp":1701695844335,"level":"debug","message":"Converting with chrome HeadlessChrome/117.0.5938.149 using chrome-pool strategy","meta":{"rootId":"wixo7f890kp0trm","id":"wixo7f890kp0trm"},"id":"2k1gkjd7pcxu8aa","previousOperationId":"v0gawufdl35cj84"}
{"type":"log","timestamp":1701695844384,"level":"debug","message":"Page request: GET (document) file:///var/folders/dp/qk79pfcj0y1fmtkkl08m76rc0000gn/T/jsreport/autocleanup/054adfc9-8c4a-4167-bc33-4b854108b88a-chrome-pdf.html","meta":{"rootId":"wixo7f890kp0trm","id":"wixo7f890kp0trm"},"id":"6ba33txkw98efvl","previousOperationId":"v0gawufdl35cj84"}
{"type":"log","timestamp":1701695844389,"level":"debug","message":"Page request finished: GET (document) 200 file:///var/folders/dp/qk79pfcj0y1fmtkkl08m76rc0000gn/T/jsreport/autocleanup/054adfc9-8c4a-4167-bc33-4b854108b88a-chrome-pdf.html","meta":{"rootId":"wixo7f890kp0trm","id":"wixo7f890kp0trm"},"id":"418u355n6zeacx0","previousOperationId":"v0gawufdl35cj84"}
{"type":"log","timestamp":1701695844399,"level":"debug","message":"Custom viewport for chrome page width=800, height=2000","meta":{"rootId":"wixo7f890kp0trm","id":"wixo7f890kp0trm"},"id":"3usqfydcr9b5ilo","previousOperationId":"v0gawufdl35cj84"}
{"type":"log","timestamp":1701695844401,"level":"debug","message":"Running chrome with params {\"printBackground\":true,\"width\":\"5.8cm\",\"height\":\"50cm\",\"timeout\":59955,\"margin\":{}}","meta":{"rootId":"wixo7f890kp0trm","id":"wixo7f890kp0trm"},"id":"423is5akyxe8r9n","previousOperationId":"v0gawufdl35cj84"}
{"type":"operationEnd","operationId":"v0gawufdl35cj84","timestamp":1701695844436,"id":"vc2ywn40ssxj0i0","previousEventId":"k52xg878ayrflnx","previousOperationId":"v0gawufdl35cj84"}
{"type":"log","timestamp":1701695844436,"level":"debug","message":"Skipping storing report.","meta":{"rootId":"wixo7f890kp0trm","id":"wixo7f890kp0trm"},"id":"j84wnyg4tx3uo96","previousOperationId":"v0gawufdl35cj84"}
{"type":"log","timestamp":1701695844436,"level":"info","message":"Rendering request 36 finished in 147 ms","meta":{"rootId":"wixo7f890kp0trm","id":"wixo7f890kp0trm"},"id":"jr5h1dqs0jnh053","previousOperationId":"v0gawufdl35cj84"}
{"type":"operationEnd","subtype":"render","operationId":"shpxw8gubm78hbr","timestamp":1701695844436,"id":"1w8nwmoeh57194b","previousEventId":"vc2ywn40ssxj0i0","previousOperationId":"v0gawufdl35cj84"}
{"type":"operationEnd","doDiffs":false,"previousEventId":"3cm8o1knis7f901","previousOperationId":"d6e22laq9yjxgc0","operationId":"d6e22laq9yjxgc0","timestamp":1701695844438,"id":"ebv4cfnsg1aowsc"}
