{"type":"operationStart","subtype":"profile","data":{"_id":"6H7gAxPrJKKBWFLC","timestamp":"2023-11-28T10:19:55.905Z","state":"queued","mode":"standard","creationDate":"2023-11-28T10:19:55.907Z","modificationDate":"2023-11-28T10:19:55.907Z","shortid":"MVTJnqZ","$entitySet":"profiles"},"doDiffs":false,"timestamp":1701166795906,"id":"ltaqjtxq6w7m8pd","previousOperationId":null,"operationId":"usphu4lwgpq8ghv"}
{"type":"log","level":"info","message":"Render request 21 queued for execution and waiting for available worker","previousOperationId":"usphu4lwgpq8ghv","timestamp":1701166795906,"id":"3e2hgghscrkf2c0"}
{"type":"operationStart","subtype":"render","name":"pns_index","previousOperationId":"usphu4lwgpq8ghv","timestamp":1701166795915,"id":"egvb4v3fgplw5qu","previousEventId":"ltaqjtxq6w7m8pd","operationId":"44t0piqtwas6tbu"}
{"type":"log","timestamp":1701166795915,"level":"info","message":"Starting rendering request 21","meta":{"rootId":"wjeto7lvkt4gvnc","id":"wjeto7lvkt4gvnc"},"id":"rhlo9l3hqoeb86n","previousOperationId":"44t0piqtwas6tbu"}
{"type":"log","timestamp":1701166795915,"level":"info","message":"Rendering template { name: pns_index, recipe: chrome-pdf, engine: handlebars, preview: true }","meta":{"rootId":"wjeto7lvkt4gvnc","id":"wjeto7lvkt4gvnc"},"id":"xkiutkwapyn96xa","previousOperationId":"44t0piqtwas6tbu"}
{"type":"log","timestamp":1701166795919,"level":"debug","message":"Inline data specified.","meta":{"rootId":"wjeto7lvkt4gvnc","id":"wjeto7lvkt4gvnc"},"id":"m7dtt8h7490333q","previousOperationId":"44t0piqtwas6tbu"}
{"type":"log","timestamp":1701166795926,"level":"debug","message":"Base url not specified, skipping its injection.","meta":{"rootId":"wjeto7lvkt4gvnc","id":"wjeto7lvkt4gvnc"},"id":"vt8s7bsw1riccra","previousOperationId":"44t0piqtwas6tbu"}
{"type":"operationStart","subtype":"engine","name":"handlebars","timestamp":1701166795927,"id":"6xfg9jwaomlrvvr","previousEventId":"egvb4v3fgplw5qu","operationId":"exrslqmvmg2kcfl","previousOperationId":"44t0piqtwas6tbu"}
{"type":"log","timestamp":1701166795927,"level":"debug","message":"Rendering engine handlebars","meta":{"rootId":"wjeto7lvkt4gvnc","id":"wjeto7lvkt4gvnc"},"id":"pk3swnvf4ueg0x3","previousOperationId":"exrslqmvmg2kcfl"}
{"type":"operationEnd","operationId":"exrslqmvmg2kcfl","timestamp":1701166795942,"id":"rspgiemqfgw4koe","previousEventId":"6xfg9jwaomlrvvr","previousOperationId":"exrslqmvmg2kcfl"}
{"type":"operationStart","subtype":"recipe","name":"chrome-pdf","timestamp":1701166795942,"id":"ka0j7w2r4fc1wrd","previousEventId":"rspgiemqfgw4koe","operationId":"0axvp306jzq5pal","previousOperationId":"exrslqmvmg2kcfl"}
{"type":"log","timestamp":1701166795942,"level":"debug","message":"Executing recipe chrome-pdf","meta":{"rootId":"wjeto7lvkt4gvnc","id":"wjeto7lvkt4gvnc"},"id":"trdkw6azytb1ipj","previousOperationId":"0axvp306jzq5pal"}
{"type":"log","timestamp":1701166795944,"level":"debug","message":"Converting with chrome HeadlessChrome/117.0.5938.149 using chrome-pool strategy","meta":{"rootId":"wjeto7lvkt4gvnc","id":"wjeto7lvkt4gvnc"},"id":"xf2w2tzq6ma224j","previousOperationId":"0axvp306jzq5pal"}
{"type":"log","timestamp":1701166795988,"level":"debug","message":"Page request: GET (document) file:///var/folders/dp/qk79pfcj0y1fmtkkl08m76rc0000gn/T/jsreport/autocleanup/5740f976-9b90-4c94-8032-c0aa7a066b84-chrome-pdf.html","meta":{"rootId":"wjeto7lvkt4gvnc","id":"wjeto7lvkt4gvnc"},"id":"ye38jtr1n6pufug","previousOperationId":"0axvp306jzq5pal"}
{"type":"log","timestamp":1701166795994,"level":"debug","message":"Page request finished: GET (document) 200 file:///var/folders/dp/qk79pfcj0y1fmtkkl08m76rc0000gn/T/jsreport/autocleanup/5740f976-9b90-4c94-8032-c0aa7a066b84-chrome-pdf.html","meta":{"rootId":"wjeto7lvkt4gvnc","id":"wjeto7lvkt4gvnc"},"id":"t9y44et1gtggbzw","previousOperationId":"0axvp306jzq5pal"}
{"type":"log","timestamp":1701166796002,"level":"debug","message":"Running chrome with params {\"printBackground\":true,\"width\":\"8cm\",\"timeout\":59962,\"margin\":{}}","meta":{"rootId":"wjeto7lvkt4gvnc","id":"wjeto7lvkt4gvnc"},"id":"jzarpx887k35jlf","previousOperationId":"0axvp306jzq5pal"}
{"type":"operationEnd","operationId":"0axvp306jzq5pal","timestamp":1701166796025,"id":"cxjfg5oae360fpy","previousEventId":"ka0j7w2r4fc1wrd","previousOperationId":"0axvp306jzq5pal"}
{"type":"log","timestamp":1701166796025,"level":"debug","message":"Skipping storing report.","meta":{"rootId":"wjeto7lvkt4gvnc","id":"wjeto7lvkt4gvnc"},"id":"fod54o0m2ee8n2c","previousOperationId":"0axvp306jzq5pal"}
{"type":"log","timestamp":1701166796025,"level":"info","message":"Rendering request 21 finished in 120 ms","meta":{"rootId":"wjeto7lvkt4gvnc","id":"wjeto7lvkt4gvnc"},"id":"kubjzlq2typoj69","previousOperationId":"0axvp306jzq5pal"}
{"type":"operationEnd","subtype":"render","operationId":"44t0piqtwas6tbu","timestamp":1701166796025,"id":"hwzkrj8gdf3qyvx","previousEventId":"cxjfg5oae360fpy","previousOperationId":"0axvp306jzq5pal"}
{"type":"operationEnd","doDiffs":false,"previousEventId":"ltaqjtxq6w7m8pd","previousOperationId":"usphu4lwgpq8ghv","operationId":"usphu4lwgpq8ghv","timestamp":1701166796027,"id":"omzo5rng2wtfnfz"}
