{"type":"operationStart","subtype":"profile","data":{"_id":"mV7YhS5gzvsqe044","timestamp":"2023-12-06T09:51:07.550Z","state":"queued","mode":"standard","creationDate":"2023-12-06T09:51:07.553Z","modificationDate":"2023-12-06T09:51:07.553Z","shortid":"H9JPjsJ","$entitySet":"profiles"},"doDiffs":false,"timestamp":1701856267551,"id":"dahrcpxosdr7wns","previousOperationId":null,"operationId":"9qyrj88h44dykxg"}
{"type":"log","level":"info","message":"Render request 56 queued for execution and waiting for available worker","previousOperationId":"9qyrj88h44dykxg","timestamp":1701856267552,"id":"z4oeu97ndeq9i20"}
{"type":"operationStart","subtype":"render","name":"pns_index","previousOperationId":"9qyrj88h44dykxg","timestamp":1701856267560,"id":"yikt5w2ndjmusp6","previousEventId":"dahrcpxosdr7wns","operationId":"oha3m3o47mnq6o7"}
{"type":"log","timestamp":1701856267560,"level":"info","message":"Starting rendering request 56","meta":{"rootId":"wov28ovawl0i1ns","id":"wov28ovawl0i1ns"},"id":"s41772ta3upn91e","previousOperationId":"oha3m3o47mnq6o7"}
{"type":"log","timestamp":1701856267560,"level":"info","message":"Rendering template { name: pns_index, recipe: chrome-pdf, engine: handlebars, preview: true }","meta":{"rootId":"wov28ovawl0i1ns","id":"wov28ovawl0i1ns"},"id":"ybj5flg3fte9vp7","previousOperationId":"oha3m3o47mnq6o7"}
{"type":"log","timestamp":1701856267562,"level":"debug","message":"Inline data specified.","meta":{"rootId":"wov28ovawl0i1ns","id":"wov28ovawl0i1ns"},"id":"wpuizzz1d91b3se","previousOperationId":"oha3m3o47mnq6o7"}
{"type":"log","timestamp":1701856267563,"level":"debug","message":"Base url not specified, skipping its injection.","meta":{"rootId":"wov28ovawl0i1ns","id":"wov28ovawl0i1ns"},"id":"ljwkzds3wr6lgdf","previousOperationId":"oha3m3o47mnq6o7"}
{"type":"log","timestamp":1701856267564,"level":"debug","message":"Replaced assets [\"styles.css\"]","meta":{"rootId":"wov28ovawl0i1ns","id":"wov28ovawl0i1ns"},"id":"hk1c18yvfxinvw2","previousOperationId":"oha3m3o47mnq6o7"}
{"type":"operationStart","subtype":"engine","name":"handlebars","timestamp":1701856267564,"id":"cp9drbzzkiiklg3","previousEventId":"yikt5w2ndjmusp6","operationId":"m6l3ckbadal9b2n","previousOperationId":"oha3m3o47mnq6o7"}
{"type":"log","timestamp":1701856267564,"level":"debug","message":"Rendering engine handlebars","meta":{"rootId":"wov28ovawl0i1ns","id":"wov28ovawl0i1ns"},"id":"g8b79iwy3ay1qkv","previousOperationId":"m6l3ckbadal9b2n"}
{"type":"operationEnd","operationId":"m6l3ckbadal9b2n","timestamp":1701856267593,"id":"ntmaoxutoo1meww","previousEventId":"cp9drbzzkiiklg3","previousOperationId":"m6l3ckbadal9b2n"}
{"type":"operationStart","subtype":"recipe","name":"chrome-pdf","timestamp":1701856267593,"id":"ger30sxa74su67a","previousEventId":"ntmaoxutoo1meww","operationId":"fvwyfkpxpzfj0qh","previousOperationId":"m6l3ckbadal9b2n"}
{"type":"log","timestamp":1701856267593,"level":"debug","message":"Executing recipe chrome-pdf","meta":{"rootId":"wov28ovawl0i1ns","id":"wov28ovawl0i1ns"},"id":"uolkl8mkuesns6i","previousOperationId":"fvwyfkpxpzfj0qh"}
{"type":"log","timestamp":1701856267596,"level":"debug","message":"Converting with chrome HeadlessChrome/117.0.5938.149 using chrome-pool strategy","meta":{"rootId":"wov28ovawl0i1ns","id":"wov28ovawl0i1ns"},"id":"aog1xvydp0pbl1z","previousOperationId":"fvwyfkpxpzfj0qh"}
{"type":"log","timestamp":1701856267639,"level":"debug","message":"Page request: GET (document) file:///var/folders/dp/qk79pfcj0y1fmtkkl08m76rc0000gn/T/jsreport/autocleanup/ec82fe1e-6216-446a-91f3-47e64ac9ac81-chrome-pdf.html","meta":{"rootId":"wov28ovawl0i1ns","id":"wov28ovawl0i1ns"},"id":"u1oesponbrx4nyj","previousOperationId":"fvwyfkpxpzfj0qh"}
{"type":"log","timestamp":1701856267643,"level":"debug","message":"Page request finished: GET (document) 200 file:///var/folders/dp/qk79pfcj0y1fmtkkl08m76rc0000gn/T/jsreport/autocleanup/ec82fe1e-6216-446a-91f3-47e64ac9ac81-chrome-pdf.html","meta":{"rootId":"wov28ovawl0i1ns","id":"wov28ovawl0i1ns"},"id":"j68vfwxrvnbg1hv","previousOperationId":"fvwyfkpxpzfj0qh"}
{"type":"log","timestamp":1701856267652,"level":"debug","message":"Custom viewport for chrome page width=800, height=2000","meta":{"rootId":"wov28ovawl0i1ns","id":"wov28ovawl0i1ns"},"id":"fttbqgy67927s76","previousOperationId":"fvwyfkpxpzfj0qh"}
{"type":"log","timestamp":1701856267653,"level":"debug","message":"Running chrome with params {\"printBackground\":true,\"width\":\"6.8cm\",\"height\":\"50cm\",\"marginRight\":\"0cm\",\"marginLeft\":\"0cm\",\"timeout\":59955,\"margin\":{\"right\":\"0cm\",\"left\":\"0cm\"}}","meta":{"rootId":"wov28ovawl0i1ns","id":"wov28ovawl0i1ns"},"id":"tr1omigtnjgaq6v","previousOperationId":"fvwyfkpxpzfj0qh"}
{"type":"operationEnd","operationId":"fvwyfkpxpzfj0qh","timestamp":1701856267679,"id":"mafi9p5s84vb7gy","previousEventId":"ger30sxa74su67a","previousOperationId":"fvwyfkpxpzfj0qh"}
{"type":"log","timestamp":1701856267679,"level":"debug","message":"Skipping storing report.","meta":{"rootId":"wov28ovawl0i1ns","id":"wov28ovawl0i1ns"},"id":"oxulbygyt4qai5j","previousOperationId":"fvwyfkpxpzfj0qh"}
{"type":"log","timestamp":1701856267679,"level":"info","message":"Rendering request 56 finished in 129 ms","meta":{"rootId":"wov28ovawl0i1ns","id":"wov28ovawl0i1ns"},"id":"ubskfb9t2iqb065","previousOperationId":"fvwyfkpxpzfj0qh"}
{"type":"operationEnd","subtype":"render","operationId":"oha3m3o47mnq6o7","timestamp":1701856267679,"id":"n6a7frz5heb85bj","previousEventId":"mafi9p5s84vb7gy","previousOperationId":"fvwyfkpxpzfj0qh"}
{"type":"operationEnd","doDiffs":false,"previousEventId":"dahrcpxosdr7wns","previousOperationId":"9qyrj88h44dykxg","operationId":"9qyrj88h44dykxg","timestamp":1701856267680,"id":"pd5hfz3qvc6irax"}
