{"type":"operationStart","subtype":"profile","data":{"_id":"suZd74sexNH7nB5l","timestamp":"2023-12-06T09:16:33.767Z","state":"queued","mode":"standard","creationDate":"2023-12-06T09:16:33.768Z","modificationDate":"2023-12-06T09:16:33.768Z","shortid":"uCN4NF1","$entitySet":"profiles"},"doDiffs":false,"timestamp":1701854193768,"id":"zhij9iini1pmq9k","previousOperationId":null,"operationId":"o1pt4st0sx2gj1w"}
{"type":"log","level":"info","message":"Render request 10 queued for execution and waiting for available worker","previousOperationId":"o1pt4st0sx2gj1w","timestamp":1701854193768,"id":"sxuqotr1ua9btm3"}
{"type":"operationStart","subtype":"render","name":"pns_index","previousOperationId":"o1pt4st0sx2gj1w","timestamp":1701854193771,"id":"py1ybblvzkqs178","previousEventId":"zhij9iini1pmq9k","operationId":"p0luvia7a53gd1z"}
{"type":"log","timestamp":1701854193771,"level":"info","message":"Starting rendering request 10","meta":{"rootId":"wr7mlfjvi69q7ij","id":"wr7mlfjvi69q7ij"},"id":"4xn8wzs4b13lix4","previousOperationId":"p0luvia7a53gd1z"}
{"type":"log","timestamp":1701854193771,"level":"info","message":"Rendering template { name: pns_index, recipe: chrome-pdf, engine: handlebars, preview: true }","meta":{"rootId":"wr7mlfjvi69q7ij","id":"wr7mlfjvi69q7ij"},"id":"8pedty4awbeh1lg","previousOperationId":"p0luvia7a53gd1z"}
{"type":"log","timestamp":1701854193772,"level":"debug","message":"Adding sample data flbhzmKcJ","meta":{"rootId":"wr7mlfjvi69q7ij","id":"wr7mlfjvi69q7ij"},"id":"e0hocmlweaaej4l","previousOperationId":"p0luvia7a53gd1z"}
{"type":"log","timestamp":1701854193772,"level":"debug","message":"Base url not specified, skipping its injection.","meta":{"rootId":"wr7mlfjvi69q7ij","id":"wr7mlfjvi69q7ij"},"id":"c5ucirkwhlqjkx2","previousOperationId":"p0luvia7a53gd1z"}
{"type":"log","timestamp":1701854193773,"level":"debug","message":"Replaced assets [\"styles.css\"]","meta":{"rootId":"wr7mlfjvi69q7ij","id":"wr7mlfjvi69q7ij"},"id":"3mcohsqo8bsygn6","previousOperationId":"p0luvia7a53gd1z"}
{"type":"operationStart","subtype":"engine","name":"handlebars","timestamp":1701854193773,"id":"5lgraxul0f46sm1","previousEventId":"py1ybblvzkqs178","operationId":"64zdsij6z49qsie","previousOperationId":"p0luvia7a53gd1z"}
{"type":"log","timestamp":1701854193773,"level":"debug","message":"Rendering engine handlebars","meta":{"rootId":"wr7mlfjvi69q7ij","id":"wr7mlfjvi69q7ij"},"id":"apjhnhjsmz336cs","previousOperationId":"64zdsij6z49qsie"}
{"type":"operationEnd","operationId":"64zdsij6z49qsie","timestamp":1701854193792,"id":"gcmzdx0q3v65i4b","previousEventId":"5lgraxul0f46sm1","previousOperationId":"64zdsij6z49qsie"}
{"type":"operationStart","subtype":"recipe","name":"chrome-pdf","timestamp":1701854193792,"id":"ona87rip1aztmzw","previousEventId":"gcmzdx0q3v65i4b","operationId":"e3dsw80j4cbg75h","previousOperationId":"64zdsij6z49qsie"}
{"type":"log","timestamp":1701854193792,"level":"debug","message":"Executing recipe chrome-pdf","meta":{"rootId":"wr7mlfjvi69q7ij","id":"wr7mlfjvi69q7ij"},"id":"85859jq4cn1yr09","previousOperationId":"e3dsw80j4cbg75h"}
{"type":"log","timestamp":1701854193794,"level":"debug","message":"Converting with chrome HeadlessChrome/117.0.5938.149 using chrome-pool strategy","meta":{"rootId":"wr7mlfjvi69q7ij","id":"wr7mlfjvi69q7ij"},"id":"tbwrp5szryht15w","previousOperationId":"e3dsw80j4cbg75h"}
{"type":"log","timestamp":1701854193837,"level":"debug","message":"Page request: GET (document) file:///var/folders/dp/qk79pfcj0y1fmtkkl08m76rc0000gn/T/jsreport/autocleanup/d7617ce0-1f23-4740-b70b-dd9097e33f30-chrome-pdf.html","meta":{"rootId":"wr7mlfjvi69q7ij","id":"wr7mlfjvi69q7ij"},"id":"b2mq1g2f3g5vw41","previousOperationId":"e3dsw80j4cbg75h"}
{"type":"log","timestamp":1701854193841,"level":"debug","message":"Page request finished: GET (document) 200 file:///var/folders/dp/qk79pfcj0y1fmtkkl08m76rc0000gn/T/jsreport/autocleanup/d7617ce0-1f23-4740-b70b-dd9097e33f30-chrome-pdf.html","meta":{"rootId":"wr7mlfjvi69q7ij","id":"wr7mlfjvi69q7ij"},"id":"o7q7u03g9dfk3wp","previousOperationId":"e3dsw80j4cbg75h"}
{"type":"log","timestamp":1701854193852,"level":"debug","message":"Custom viewport for chrome page width=800, height=2000","meta":{"rootId":"wr7mlfjvi69q7ij","id":"wr7mlfjvi69q7ij"},"id":"bm56jhn2jetihwa","previousOperationId":"e3dsw80j4cbg75h"}
{"type":"log","timestamp":1701854193852,"level":"debug","message":"Running chrome with params {\"printBackground\":true,\"width\":\"5.8cm\",\"height\":\"21cm\",\"marginRight\":\"0cm\",\"marginLeft\":\"0cm\",\"timeout\":59974,\"margin\":{\"right\":\"0cm\",\"left\":\"0cm\"}}","meta":{"rootId":"wr7mlfjvi69q7ij","id":"wr7mlfjvi69q7ij"},"id":"299lqj46kqkc3xb","previousOperationId":"e3dsw80j4cbg75h"}
{"type":"operationEnd","operationId":"e3dsw80j4cbg75h","timestamp":1701854193880,"id":"lh1rrd4yu1558bc","previousEventId":"ona87rip1aztmzw","previousOperationId":"e3dsw80j4cbg75h"}
{"type":"log","timestamp":1701854193880,"level":"debug","message":"Skipping storing report.","meta":{"rootId":"wr7mlfjvi69q7ij","id":"wr7mlfjvi69q7ij"},"id":"ourbvvqrtsxsnwv","previousOperationId":"e3dsw80j4cbg75h"}
{"type":"log","timestamp":1701854193880,"level":"info","message":"Rendering request 10 finished in 113 ms","meta":{"rootId":"wr7mlfjvi69q7ij","id":"wr7mlfjvi69q7ij"},"id":"tt6dantp8y96pub","previousOperationId":"e3dsw80j4cbg75h"}
{"type":"operationEnd","subtype":"render","operationId":"p0luvia7a53gd1z","timestamp":1701854193880,"id":"tb116ysg8z6ie8b","previousEventId":"lh1rrd4yu1558bc","previousOperationId":"e3dsw80j4cbg75h"}
{"type":"operationEnd","doDiffs":false,"previousEventId":"zhij9iini1pmq9k","previousOperationId":"o1pt4st0sx2gj1w","operationId":"o1pt4st0sx2gj1w","timestamp":1701854193882,"id":"acw3qq3gkraym2d"}
