{"type":"operationStart","subtype":"profile","data":{"_id":"eOIrIsd9Nv5LWWbR","timestamp":"2023-11-28T13:38:39.272Z","state":"queued","mode":"standard","creationDate":"2023-11-28T13:38:39.275Z","modificationDate":"2023-11-28T13:38:39.275Z","shortid":"LCe4hSR","$entitySet":"profiles"},"doDiffs":false,"timestamp":1701178719274,"id":"n3l6fgdiwzgsbu4","previousOperationId":null,"operationId":"83ioifbyi9zyyuh"}
{"type":"log","level":"info","message":"Render request 83 queued for execution and waiting for available worker","previousOperationId":"83ioifbyi9zyyuh","timestamp":1701178719274,"id":"ou2yba070bp8lwv"}
{"type":"operationStart","subtype":"render","name":"pns_index","previousOperationId":"83ioifbyi9zyyuh","timestamp":1701178719286,"id":"idm74u2yhc06x1h","previousEventId":"n3l6fgdiwzgsbu4","operationId":"ua2rj39sb8it5rp"}
{"type":"log","timestamp":1701178719286,"level":"info","message":"Starting rendering request 83","meta":{"rootId":"x45fy7d4kdd0mz1","id":"x45fy7d4kdd0mz1"},"id":"6fdrlhlgfuu86en","previousOperationId":"ua2rj39sb8it5rp"}
{"type":"log","timestamp":1701178719287,"level":"info","message":"Rendering template { name: pns_index, recipe: chrome-pdf, engine: handlebars, preview: true }","meta":{"rootId":"x45fy7d4kdd0mz1","id":"x45fy7d4kdd0mz1"},"id":"a5o02hn2o8rmz1o","previousOperationId":"ua2rj39sb8it5rp"}
{"type":"log","timestamp":1701178719289,"level":"debug","message":"Adding sample data flbhzmKcJ","meta":{"rootId":"x45fy7d4kdd0mz1","id":"x45fy7d4kdd0mz1"},"id":"dp28ok0ltc2legu","previousOperationId":"ua2rj39sb8it5rp"}
{"type":"log","timestamp":1701178719292,"level":"debug","message":"Base url not specified, skipping its injection.","meta":{"rootId":"x45fy7d4kdd0mz1","id":"x45fy7d4kdd0mz1"},"id":"9j9zdpjusguxl09","previousOperationId":"ua2rj39sb8it5rp"}
{"type":"operationStart","subtype":"engine","name":"handlebars","timestamp":1701178719292,"id":"jqklo8loige5bfo","previousEventId":"idm74u2yhc06x1h","operationId":"19tnpj2pvhif078","previousOperationId":"ua2rj39sb8it5rp"}
{"type":"log","timestamp":1701178719292,"level":"debug","message":"Rendering engine handlebars","meta":{"rootId":"x45fy7d4kdd0mz1","id":"x45fy7d4kdd0mz1"},"id":"k9tdu0t88h3wchs","previousOperationId":"19tnpj2pvhif078"}
{"type":"operationEnd","operationId":"19tnpj2pvhif078","timestamp":1701178719312,"id":"6gr6i1jny5fmghw","previousEventId":"jqklo8loige5bfo","previousOperationId":"19tnpj2pvhif078"}
{"type":"operationStart","subtype":"recipe","name":"chrome-pdf","timestamp":1701178719312,"id":"3cvzz33920noeos","previousEventId":"6gr6i1jny5fmghw","operationId":"tt90b09u4yjpj08","previousOperationId":"19tnpj2pvhif078"}
{"type":"log","timestamp":1701178719312,"level":"debug","message":"Executing recipe chrome-pdf","meta":{"rootId":"x45fy7d4kdd0mz1","id":"x45fy7d4kdd0mz1"},"id":"9x4akm5ljyq7dpn","previousOperationId":"tt90b09u4yjpj08"}
{"type":"log","timestamp":1701178719313,"level":"debug","message":"Converting with chrome HeadlessChrome/117.0.5938.149 using chrome-pool strategy","meta":{"rootId":"x45fy7d4kdd0mz1","id":"x45fy7d4kdd0mz1"},"id":"z6gejfsuumclxi2","previousOperationId":"tt90b09u4yjpj08"}
{"type":"log","timestamp":1701178719355,"level":"debug","message":"Page request: GET (document) file:///var/folders/dp/qk79pfcj0y1fmtkkl08m76rc0000gn/T/jsreport/autocleanup/449339c6-18fb-4aa1-83dd-0b8a687fc5df-chrome-pdf.html","meta":{"rootId":"x45fy7d4kdd0mz1","id":"x45fy7d4kdd0mz1"},"id":"9xbuvbqerhedet6","previousOperationId":"tt90b09u4yjpj08"}
{"type":"log","timestamp":1701178719360,"level":"debug","message":"Page request finished: GET (document) 200 file:///var/folders/dp/qk79pfcj0y1fmtkkl08m76rc0000gn/T/jsreport/autocleanup/449339c6-18fb-4aa1-83dd-0b8a687fc5df-chrome-pdf.html","meta":{"rootId":"x45fy7d4kdd0mz1","id":"x45fy7d4kdd0mz1"},"id":"zxr85bi9uardpy1","previousOperationId":"tt90b09u4yjpj08"}
{"type":"log","timestamp":1701178719371,"level":"debug","message":"Custom viewport for chrome page width=800, height=2000","meta":{"rootId":"x45fy7d4kdd0mz1","id":"x45fy7d4kdd0mz1"},"id":"lacnj34h1tsl0e2","previousOperationId":"tt90b09u4yjpj08"}
{"type":"log","timestamp":1701178719372,"level":"debug","message":"Running chrome with params {\"printBackground\":true,\"width\":\"5.8cm\",\"height\":\"50cm\",\"timeout\":59959,\"margin\":{}}","meta":{"rootId":"x45fy7d4kdd0mz1","id":"x45fy7d4kdd0mz1"},"id":"vzf1js639mallkz","previousOperationId":"tt90b09u4yjpj08"}
{"type":"operationEnd","operationId":"tt90b09u4yjpj08","timestamp":1701178719398,"id":"c07ard5nbc5byww","previousEventId":"3cvzz33920noeos","previousOperationId":"tt90b09u4yjpj08"}
{"type":"log","timestamp":1701178719399,"level":"debug","message":"Skipping storing report.","meta":{"rootId":"x45fy7d4kdd0mz1","id":"x45fy7d4kdd0mz1"},"id":"4zkgrawuqgt7ss1","previousOperationId":"tt90b09u4yjpj08"}
{"type":"log","timestamp":1701178719399,"level":"info","message":"Rendering request 83 finished in 127 ms","meta":{"rootId":"x45fy7d4kdd0mz1","id":"x45fy7d4kdd0mz1"},"id":"78pumqlnno56rwb","previousOperationId":"tt90b09u4yjpj08"}
{"type":"operationEnd","subtype":"render","operationId":"ua2rj39sb8it5rp","timestamp":1701178719399,"id":"ky9c2v04dhkajgt","previousEventId":"c07ard5nbc5byww","previousOperationId":"tt90b09u4yjpj08"}
{"type":"operationEnd","doDiffs":false,"previousEventId":"n3l6fgdiwzgsbu4","previousOperationId":"83ioifbyi9zyyuh","operationId":"83ioifbyi9zyyuh","timestamp":1701178719400,"id":"hjsbvozv4gi87ln"}
