{"type":"operationStart","subtype":"profile","data":{"_id":"3v8J0dHRHJef6cn8","timestamp":"2023-11-28T13:25:41.135Z","state":"queued","mode":"standard","creationDate":"2023-11-28T13:25:41.136Z","modificationDate":"2023-11-28T13:25:41.136Z","shortid":"i1NE7S3","$entitySet":"profiles"},"doDiffs":false,"timestamp":1701177941136,"id":"qomw0cl4nsndi1m","previousOperationId":null,"operationId":"g377xjgt0ikklmb"}
{"type":"log","level":"info","message":"Render request 68 queued for execution and waiting for available worker","previousOperationId":"g377xjgt0ikklmb","timestamp":1701177941136,"id":"60hbz0uap614dvs"}
{"type":"operationStart","subtype":"render","name":"pns_index","previousOperationId":"g377xjgt0ikklmb","timestamp":1701177941142,"id":"49t9tmqohz0uifw","previousEventId":"qomw0cl4nsndi1m","operationId":"jwjbsl4ilj2gwq7"}
{"type":"log","timestamp":1701177941142,"level":"info","message":"Starting rendering request 68","meta":{"rootId":"x6u5n51okd3lp1s","id":"x6u5n51okd3lp1s"},"id":"habwwjkjg1gdfzu","previousOperationId":"jwjbsl4ilj2gwq7"}
{"type":"log","timestamp":1701177941142,"level":"info","message":"Rendering template { name: pns_index, recipe: chrome-pdf, engine: handlebars, preview: true }","meta":{"rootId":"x6u5n51okd3lp1s","id":"x6u5n51okd3lp1s"},"id":"t58fuddz9lgby0e","previousOperationId":"jwjbsl4ilj2gwq7"}
{"type":"log","timestamp":1701177941144,"level":"debug","message":"Inline data specified.","meta":{"rootId":"x6u5n51okd3lp1s","id":"x6u5n51okd3lp1s"},"id":"akb6k628lmipdmk","previousOperationId":"jwjbsl4ilj2gwq7"}
{"type":"log","timestamp":1701177941148,"level":"debug","message":"Base url not specified, skipping its injection.","meta":{"rootId":"x6u5n51okd3lp1s","id":"x6u5n51okd3lp1s"},"id":"o0vtau716g67fht","previousOperationId":"jwjbsl4ilj2gwq7"}
{"type":"operationStart","subtype":"engine","name":"handlebars","timestamp":1701177941148,"id":"nvfr456v7g9mmag","previousEventId":"49t9tmqohz0uifw","operationId":"u774ixo27k72okj","previousOperationId":"jwjbsl4ilj2gwq7"}
{"type":"log","timestamp":1701177941148,"level":"debug","message":"Rendering engine handlebars","meta":{"rootId":"x6u5n51okd3lp1s","id":"x6u5n51okd3lp1s"},"id":"brd2wwyqgkhr4hj","previousOperationId":"u774ixo27k72okj"}
{"type":"operationEnd","operationId":"u774ixo27k72okj","timestamp":1701177941179,"id":"bdltteihpfoe667","previousEventId":"nvfr456v7g9mmag","previousOperationId":"u774ixo27k72okj"}
{"type":"operationStart","subtype":"recipe","name":"chrome-pdf","timestamp":1701177941179,"id":"e3tw065bkw4lm8z","previousEventId":"bdltteihpfoe667","operationId":"gv8lcu2maerqzr9","previousOperationId":"u774ixo27k72okj"}
{"type":"log","timestamp":1701177941179,"level":"debug","message":"Executing recipe chrome-pdf","meta":{"rootId":"x6u5n51okd3lp1s","id":"x6u5n51okd3lp1s"},"id":"4ckj2ndwoz5jyp7","previousOperationId":"gv8lcu2maerqzr9"}
{"type":"log","timestamp":1701177941181,"level":"debug","message":"Converting with chrome HeadlessChrome/117.0.5938.149 using chrome-pool strategy","meta":{"rootId":"x6u5n51okd3lp1s","id":"x6u5n51okd3lp1s"},"id":"ntoiqf62979ay45","previousOperationId":"gv8lcu2maerqzr9"}
{"type":"log","timestamp":1701177941229,"level":"debug","message":"Page request: GET (document) file:///var/folders/dp/qk79pfcj0y1fmtkkl08m76rc0000gn/T/jsreport/autocleanup/92627d02-740c-4550-aa98-6da2661e0335-chrome-pdf.html","meta":{"rootId":"x6u5n51okd3lp1s","id":"x6u5n51okd3lp1s"},"id":"vxee58zzmf9yqvl","previousOperationId":"gv8lcu2maerqzr9"}
{"type":"log","timestamp":1701177941234,"level":"debug","message":"Page request finished: GET (document) 200 file:///var/folders/dp/qk79pfcj0y1fmtkkl08m76rc0000gn/T/jsreport/autocleanup/92627d02-740c-4550-aa98-6da2661e0335-chrome-pdf.html","meta":{"rootId":"x6u5n51okd3lp1s","id":"x6u5n51okd3lp1s"},"id":"7mkn3lj4vfzzs1w","previousOperationId":"gv8lcu2maerqzr9"}
{"type":"log","timestamp":1701177941246,"level":"debug","message":"Custom viewport for chrome page width=800, height=2000","meta":{"rootId":"x6u5n51okd3lp1s","id":"x6u5n51okd3lp1s"},"id":"hjps391l7rzacd8","previousOperationId":"gv8lcu2maerqzr9"}
{"type":"log","timestamp":1701177941250,"level":"debug","message":"Running chrome with params {\"printBackground\":true,\"width\":\"5.8cm\",\"height\":\"50cm\",\"timeout\":59955,\"margin\":{}}","meta":{"rootId":"x6u5n51okd3lp1s","id":"x6u5n51okd3lp1s"},"id":"wltvpf450zypdzq","previousOperationId":"gv8lcu2maerqzr9"}
{"type":"operationEnd","operationId":"gv8lcu2maerqzr9","timestamp":1701177941274,"id":"siurc15n23f09zf","previousEventId":"e3tw065bkw4lm8z","previousOperationId":"gv8lcu2maerqzr9"}
{"type":"log","timestamp":1701177941274,"level":"debug","message":"Skipping storing report.","meta":{"rootId":"x6u5n51okd3lp1s","id":"x6u5n51okd3lp1s"},"id":"pb1b934ywisx3s3","previousOperationId":"gv8lcu2maerqzr9"}
{"type":"log","timestamp":1701177941274,"level":"info","message":"Rendering request 68 finished in 139 ms","meta":{"rootId":"x6u5n51okd3lp1s","id":"x6u5n51okd3lp1s"},"id":"8wj0c14we8vkf21","previousOperationId":"gv8lcu2maerqzr9"}
{"type":"operationEnd","subtype":"render","operationId":"jwjbsl4ilj2gwq7","timestamp":1701177941274,"id":"0xk3zxdr4mijai7","previousEventId":"siurc15n23f09zf","previousOperationId":"gv8lcu2maerqzr9"}
{"type":"operationEnd","doDiffs":false,"previousEventId":"qomw0cl4nsndi1m","previousOperationId":"g377xjgt0ikklmb","operationId":"g377xjgt0ikklmb","timestamp":1701177941276,"id":"b5gftl8a6df5k5o"}
