{"type":"operationStart","subtype":"profile","data":{"_id":"7ojl51gFj7ZuKiex","timestamp":"2023-12-06T10:01:52.782Z","state":"queued","mode":"standard","creationDate":"2023-12-06T10:01:52.784Z","modificationDate":"2023-12-06T10:01:52.784Z","shortid":"9lV9pb_","$entitySet":"profiles"},"doDiffs":false,"timestamp":1701856912783,"id":"x88hzb4773uiu3o","previousOperationId":null,"operationId":"83zkm2yg6do3phd"}
{"type":"log","level":"info","message":"Render request 68 queued for execution and waiting for available worker","previousOperationId":"83zkm2yg6do3phd","timestamp":1701856912784,"id":"58qe56xf6nbozm8"}
{"type":"operationStart","subtype":"render","name":"pns_index","previousOperationId":"83zkm2yg6do3phd","timestamp":1701856912797,"id":"hyyjxl5tyi1uu8t","previousEventId":"x88hzb4773uiu3o","operationId":"coxamvg85yzk9e1"}
{"type":"log","timestamp":1701856912798,"level":"info","message":"Starting rendering request 68","meta":{"rootId":"xc7mj5hejz3ft5e","id":"xc7mj5hejz3ft5e"},"id":"7n2nqwupgnfevc6","previousOperationId":"coxamvg85yzk9e1"}
{"type":"log","timestamp":1701856912798,"level":"info","message":"Rendering template { name: pns_index, recipe: chrome-pdf, engine: handlebars, preview: true }","meta":{"rootId":"xc7mj5hejz3ft5e","id":"xc7mj5hejz3ft5e"},"id":"pgn5bnxhfa0bwx3","previousOperationId":"coxamvg85yzk9e1"}
{"type":"log","timestamp":1701856912798,"level":"debug","message":"Inline data specified.","meta":{"rootId":"xc7mj5hejz3ft5e","id":"xc7mj5hejz3ft5e"},"id":"3z6fuqvcd5lqz5v","previousOperationId":"coxamvg85yzk9e1"}
{"type":"log","timestamp":1701856912799,"level":"debug","message":"Base url not specified, skipping its injection.","meta":{"rootId":"xc7mj5hejz3ft5e","id":"xc7mj5hejz3ft5e"},"id":"gliupflfasbi9jk","previousOperationId":"coxamvg85yzk9e1"}
{"type":"log","timestamp":1701856912800,"level":"debug","message":"Replaced assets [\"styles.css\"]","meta":{"rootId":"xc7mj5hejz3ft5e","id":"xc7mj5hejz3ft5e"},"id":"wxyf85282lfmxsn","previousOperationId":"coxamvg85yzk9e1"}
{"type":"operationStart","subtype":"engine","name":"handlebars","timestamp":1701856912800,"id":"8hc7s3cbc9dgio6","previousEventId":"hyyjxl5tyi1uu8t","operationId":"vgaqqcwkmbz5sfg","previousOperationId":"coxamvg85yzk9e1"}
{"type":"log","timestamp":1701856912800,"level":"debug","message":"Rendering engine handlebars","meta":{"rootId":"xc7mj5hejz3ft5e","id":"xc7mj5hejz3ft5e"},"id":"02work2ggwj7o9o","previousOperationId":"vgaqqcwkmbz5sfg"}
{"type":"operationEnd","operationId":"vgaqqcwkmbz5sfg","timestamp":1701856912832,"id":"3cf4hsyv6eh5894","previousEventId":"8hc7s3cbc9dgio6","previousOperationId":"vgaqqcwkmbz5sfg"}
{"type":"operationStart","subtype":"recipe","name":"chrome-pdf","timestamp":1701856912832,"id":"mtaenaw3bsmcd99","previousEventId":"3cf4hsyv6eh5894","operationId":"43zky14kcq9tvrb","previousOperationId":"vgaqqcwkmbz5sfg"}
{"type":"log","timestamp":1701856912832,"level":"debug","message":"Executing recipe chrome-pdf","meta":{"rootId":"xc7mj5hejz3ft5e","id":"xc7mj5hejz3ft5e"},"id":"ffv896zd1qyc00i","previousOperationId":"43zky14kcq9tvrb"}
{"type":"log","timestamp":1701856912834,"level":"debug","message":"Converting with chrome HeadlessChrome/117.0.5938.149 using chrome-pool strategy","meta":{"rootId":"xc7mj5hejz3ft5e","id":"xc7mj5hejz3ft5e"},"id":"bej0jr2wzxnur4g","previousOperationId":"43zky14kcq9tvrb"}
{"type":"log","timestamp":1701856912888,"level":"debug","message":"Page request: GET (document) file:///var/folders/dp/qk79pfcj0y1fmtkkl08m76rc0000gn/T/jsreport/autocleanup/b1068f48-0b41-44f8-b2f3-e9c230287c58-chrome-pdf.html","meta":{"rootId":"xc7mj5hejz3ft5e","id":"xc7mj5hejz3ft5e"},"id":"n452gc0f4z0v5nn","previousOperationId":"43zky14kcq9tvrb"}
{"type":"log","timestamp":1701856912892,"level":"debug","message":"Page request finished: GET (document) 200 file:///var/folders/dp/qk79pfcj0y1fmtkkl08m76rc0000gn/T/jsreport/autocleanup/b1068f48-0b41-44f8-b2f3-e9c230287c58-chrome-pdf.html","meta":{"rootId":"xc7mj5hejz3ft5e","id":"xc7mj5hejz3ft5e"},"id":"qm15wyj7nwb9qyi","previousOperationId":"43zky14kcq9tvrb"}
{"type":"log","timestamp":1701856912900,"level":"debug","message":"Custom viewport for chrome page width=800, height=2000","meta":{"rootId":"xc7mj5hejz3ft5e","id":"xc7mj5hejz3ft5e"},"id":"ukz6aulyfo95t3h","previousOperationId":"43zky14kcq9tvrb"}
{"type":"log","timestamp":1701856912901,"level":"debug","message":"Running chrome with params {\"printBackground\":true,\"width\":\"6.8cm\",\"height\":\"50cm\",\"marginRight\":\"0cm\",\"marginLeft\":\"0cm\",\"timeout\":59949,\"margin\":{\"right\":\"0cm\",\"left\":\"0cm\"}}","meta":{"rootId":"xc7mj5hejz3ft5e","id":"xc7mj5hejz3ft5e"},"id":"3skvud1nwd9p0qf","previousOperationId":"43zky14kcq9tvrb"}
{"type":"operationEnd","operationId":"43zky14kcq9tvrb","timestamp":1701856912927,"id":"qs6naqiy8ilywwm","previousEventId":"mtaenaw3bsmcd99","previousOperationId":"43zky14kcq9tvrb"}
{"type":"log","timestamp":1701856912927,"level":"debug","message":"Skipping storing report.","meta":{"rootId":"xc7mj5hejz3ft5e","id":"xc7mj5hejz3ft5e"},"id":"vbwxjf9upi3ddj4","previousOperationId":"43zky14kcq9tvrb"}
{"type":"log","timestamp":1701856912927,"level":"info","message":"Rendering request 68 finished in 145 ms","meta":{"rootId":"xc7mj5hejz3ft5e","id":"xc7mj5hejz3ft5e"},"id":"1bgdjhc4593540g","previousOperationId":"43zky14kcq9tvrb"}
{"type":"operationEnd","subtype":"render","operationId":"coxamvg85yzk9e1","timestamp":1701856912927,"id":"k0mwonk1jyl7ixl","previousEventId":"qs6naqiy8ilywwm","previousOperationId":"43zky14kcq9tvrb"}
{"type":"operationEnd","doDiffs":false,"previousEventId":"x88hzb4773uiu3o","previousOperationId":"83zkm2yg6do3phd","operationId":"83zkm2yg6do3phd","timestamp":1701856912929,"id":"269uc2vd7a5q4qa"}
