{"type":"operationStart","subtype":"profile","data":{"_id":"Rt5ZwGpxh1dem0ka","timestamp":"2023-12-05T13:54:46.352Z","state":"queued","mode":"standard","creationDate":"2023-12-05T13:54:46.355Z","modificationDate":"2023-12-05T13:54:46.355Z","shortid":"S7BC6qw","$entitySet":"profiles"},"doDiffs":false,"timestamp":1701784486354,"id":"tj7xj1h5vewpnia","previousOperationId":null,"operationId":"umor2rjwwu83j49"}
{"type":"log","level":"info","message":"Render request 6 queued for execution and waiting for available worker","previousOperationId":"umor2rjwwu83j49","timestamp":1701784486354,"id":"xbriyl34acka8u4"}
{"type":"operationStart","subtype":"render","name":"pns_index","previousOperationId":"umor2rjwwu83j49","timestamp":1701784486365,"id":"lksua6hvlswq0ip","previousEventId":"tj7xj1h5vewpnia","operationId":"qj7xdi496z1qdue"}
{"type":"log","timestamp":1701784486366,"level":"info","message":"Starting rendering request 6","meta":{"rootId":"y57oksruczxgnnd","id":"y57oksruczxgnnd"},"id":"kxg6lf7mfwpby55","previousOperationId":"qj7xdi496z1qdue"}
{"type":"log","timestamp":1701784486366,"level":"info","message":"Rendering template { name: pns_index, recipe: chrome-pdf, engine: handlebars, preview: true }","meta":{"rootId":"y57oksruczxgnnd","id":"y57oksruczxgnnd"},"id":"pinztom9614sguw","previousOperationId":"qj7xdi496z1qdue"}
{"type":"log","timestamp":1701784486368,"level":"debug","message":"Adding sample data flbhzmKcJ","meta":{"rootId":"y57oksruczxgnnd","id":"y57oksruczxgnnd"},"id":"6xvqrkq2i341g47","previousOperationId":"qj7xdi496z1qdue"}
{"type":"log","timestamp":1701784486370,"level":"debug","message":"Base url not specified, skipping its injection.","meta":{"rootId":"y57oksruczxgnnd","id":"y57oksruczxgnnd"},"id":"gr6dwmo8igrllk2","previousOperationId":"qj7xdi496z1qdue"}
{"type":"log","timestamp":1701784486371,"level":"debug","message":"Replaced assets [\"styles.css\"]","meta":{"rootId":"y57oksruczxgnnd","id":"y57oksruczxgnnd"},"id":"w06sgsvgag6z25c","previousOperationId":"qj7xdi496z1qdue"}
{"type":"operationStart","subtype":"engine","name":"handlebars","timestamp":1701784486371,"id":"38yzvu1lyen5pau","previousEventId":"lksua6hvlswq0ip","operationId":"2wkcg3selsuum1o","previousOperationId":"qj7xdi496z1qdue"}
{"type":"log","timestamp":1701784486371,"level":"debug","message":"Rendering engine handlebars","meta":{"rootId":"y57oksruczxgnnd","id":"y57oksruczxgnnd"},"id":"399co58m6442gs5","previousOperationId":"2wkcg3selsuum1o"}
{"type":"operationEnd","operationId":"2wkcg3selsuum1o","timestamp":1701784486400,"id":"zdqvzsz40nb428s","previousEventId":"38yzvu1lyen5pau","previousOperationId":"2wkcg3selsuum1o"}
{"type":"operationStart","subtype":"recipe","name":"chrome-pdf","timestamp":1701784486401,"id":"wz7c91zkgmdrkvq","previousEventId":"zdqvzsz40nb428s","operationId":"zfnblgx8ajz1hzw","previousOperationId":"2wkcg3selsuum1o"}
{"type":"log","timestamp":1701784486401,"level":"debug","message":"Executing recipe chrome-pdf","meta":{"rootId":"y57oksruczxgnnd","id":"y57oksruczxgnnd"},"id":"hwdpb7iql3e9wbe","previousOperationId":"zfnblgx8ajz1hzw"}
{"type":"log","timestamp":1701784486403,"level":"debug","message":"Converting with chrome HeadlessChrome/117.0.5938.149 using chrome-pool strategy","meta":{"rootId":"y57oksruczxgnnd","id":"y57oksruczxgnnd"},"id":"36t95rzr2ira17v","previousOperationId":"zfnblgx8ajz1hzw"}
{"type":"log","timestamp":1701784486450,"level":"debug","message":"Page request: GET (document) file:///var/folders/dp/qk79pfcj0y1fmtkkl08m76rc0000gn/T/jsreport/autocleanup/aba4a22a-57ba-4a3e-aabf-3da330ee5d40-chrome-pdf.html","meta":{"rootId":"y57oksruczxgnnd","id":"y57oksruczxgnnd"},"id":"ykgfjj17t4msn5p","previousOperationId":"zfnblgx8ajz1hzw"}
{"type":"log","timestamp":1701784486455,"level":"debug","message":"Page request finished: GET (document) 200 file:///var/folders/dp/qk79pfcj0y1fmtkkl08m76rc0000gn/T/jsreport/autocleanup/aba4a22a-57ba-4a3e-aabf-3da330ee5d40-chrome-pdf.html","meta":{"rootId":"y57oksruczxgnnd","id":"y57oksruczxgnnd"},"id":"5p277fj2thotnt7","previousOperationId":"zfnblgx8ajz1hzw"}
{"type":"log","timestamp":1701784486463,"level":"debug","message":"Custom viewport for chrome page width=800, height=2000","meta":{"rootId":"y57oksruczxgnnd","id":"y57oksruczxgnnd"},"id":"2gj7fdi0lw6qi6z","previousOperationId":"zfnblgx8ajz1hzw"}
{"type":"log","timestamp":1701784486466,"level":"debug","message":"Running chrome with params {\"printBackground\":true,\"width\":\"5.8cm\",\"height\":\"21cm\",\"marginRight\":\"0cm\",\"marginLeft\":\"0cm\",\"timeout\":59950,\"margin\":{\"right\":\"0cm\",\"left\":\"0cm\"}}","meta":{"rootId":"y57oksruczxgnnd","id":"y57oksruczxgnnd"},"id":"9627ti9h1t1qx95","previousOperationId":"zfnblgx8ajz1hzw"}
{"type":"operationEnd","operationId":"zfnblgx8ajz1hzw","timestamp":1701784486503,"id":"4s71e98zf7mfdw9","previousEventId":"wz7c91zkgmdrkvq","previousOperationId":"zfnblgx8ajz1hzw"}
{"type":"log","timestamp":1701784486503,"level":"debug","message":"Skipping storing report.","meta":{"rootId":"y57oksruczxgnnd","id":"y57oksruczxgnnd"},"id":"5lftt4gstfznd9m","previousOperationId":"zfnblgx8ajz1hzw"}
{"type":"log","timestamp":1701784486503,"level":"info","message":"Rendering request 6 finished in 151 ms","meta":{"rootId":"y57oksruczxgnnd","id":"y57oksruczxgnnd"},"id":"oge182qcqlr90t6","previousOperationId":"zfnblgx8ajz1hzw"}
{"type":"operationEnd","subtype":"render","operationId":"qj7xdi496z1qdue","timestamp":1701784486503,"id":"6g9527i67xuwch6","previousEventId":"4s71e98zf7mfdw9","previousOperationId":"zfnblgx8ajz1hzw"}
{"type":"operationEnd","doDiffs":false,"previousEventId":"tj7xj1h5vewpnia","previousOperationId":"umor2rjwwu83j49","operationId":"umor2rjwwu83j49","timestamp":1701784486507,"id":"wpvst0f4skub65m"}
