{"type":"operationStart","subtype":"profile","data":{"_id":"sKiCkeWOuoQl7SeO","timestamp":"2023-11-28T12:31:41.747Z","state":"queued","mode":"standard","creationDate":"2023-11-28T12:31:41.748Z","modificationDate":"2023-11-28T12:31:41.748Z","shortid":"etZA5EB","$entitySet":"profiles"},"doDiffs":false,"timestamp":1701174701748,"id":"sgog9g8n288m3dd","previousOperationId":null,"operationId":"n5yc7f7oa4dhx9p"}
{"type":"log","level":"info","message":"Render request 42 queued for execution and waiting for available worker","previousOperationId":"n5yc7f7oa4dhx9p","timestamp":1701174701748,"id":"q1xgmf57lf2lmxa"}
{"type":"operationStart","subtype":"render","name":"pns_index","previousOperationId":"n5yc7f7oa4dhx9p","timestamp":1701174701757,"id":"dlvvaamz8bym296","previousEventId":"sgog9g8n288m3dd","operationId":"arogu7vjvpfmqcl"}
{"type":"log","timestamp":1701174701757,"level":"info","message":"Starting rendering request 42","meta":{"rootId":"yzdgfz731hjb3j0","id":"yzdgfz731hjb3j0"},"id":"jwkqymqqtrqfq8s","previousOperationId":"arogu7vjvpfmqcl"}
{"type":"log","timestamp":1701174701757,"level":"info","message":"Rendering template { name: pns_index, recipe: chrome-pdf, engine: handlebars, preview: true }","meta":{"rootId":"yzdgfz731hjb3j0","id":"yzdgfz731hjb3j0"},"id":"1yi0opf1zsdtg0h","previousOperationId":"arogu7vjvpfmqcl"}
{"type":"log","timestamp":1701174701757,"level":"debug","message":"Inline data specified.","meta":{"rootId":"yzdgfz731hjb3j0","id":"yzdgfz731hjb3j0"},"id":"krdb5aydx1ddoyw","previousOperationId":"arogu7vjvpfmqcl"}
{"type":"log","timestamp":1701174701761,"level":"debug","message":"Base url not specified, skipping its injection.","meta":{"rootId":"yzdgfz731hjb3j0","id":"yzdgfz731hjb3j0"},"id":"rlw9tyi9reppyxd","previousOperationId":"arogu7vjvpfmqcl"}
{"type":"operationStart","subtype":"engine","name":"handlebars","timestamp":1701174701761,"id":"i3m8xh0ht8gvjhd","previousEventId":"dlvvaamz8bym296","operationId":"53tku0z8rj6q56e","previousOperationId":"arogu7vjvpfmqcl"}
{"type":"log","timestamp":1701174701761,"level":"debug","message":"Rendering engine handlebars","meta":{"rootId":"yzdgfz731hjb3j0","id":"yzdgfz731hjb3j0"},"id":"840vgj7n4urplqp","previousOperationId":"53tku0z8rj6q56e"}
{"type":"operationEnd","operationId":"53tku0z8rj6q56e","timestamp":1701174701784,"id":"jwp4stx6ce0lk1k","previousEventId":"i3m8xh0ht8gvjhd","previousOperationId":"53tku0z8rj6q56e"}
{"type":"operationStart","subtype":"recipe","name":"chrome-pdf","timestamp":1701174701784,"id":"20qbx7z2zv5r9jv","previousEventId":"jwp4stx6ce0lk1k","operationId":"s97t8f0bzzmvd7m","previousOperationId":"53tku0z8rj6q56e"}
{"type":"log","timestamp":1701174701784,"level":"debug","message":"Executing recipe chrome-pdf","meta":{"rootId":"yzdgfz731hjb3j0","id":"yzdgfz731hjb3j0"},"id":"unm5bc40frsth5u","previousOperationId":"s97t8f0bzzmvd7m"}
{"type":"log","timestamp":1701174701785,"level":"debug","message":"Converting with chrome HeadlessChrome/117.0.5938.149 using chrome-pool strategy","meta":{"rootId":"yzdgfz731hjb3j0","id":"yzdgfz731hjb3j0"},"id":"r513alsi4e45mbq","previousOperationId":"s97t8f0bzzmvd7m"}
{"type":"log","timestamp":1701174701833,"level":"debug","message":"Page request: GET (document) file:///var/folders/dp/qk79pfcj0y1fmtkkl08m76rc0000gn/T/jsreport/autocleanup/7a1267c0-a617-4706-a694-db1adf2c3b65-chrome-pdf.html","meta":{"rootId":"yzdgfz731hjb3j0","id":"yzdgfz731hjb3j0"},"id":"ovjzf28u3l9ju8r","previousOperationId":"s97t8f0bzzmvd7m"}
{"type":"log","timestamp":1701174701838,"level":"debug","message":"Page request finished: GET (document) 200 file:///var/folders/dp/qk79pfcj0y1fmtkkl08m76rc0000gn/T/jsreport/autocleanup/7a1267c0-a617-4706-a694-db1adf2c3b65-chrome-pdf.html","meta":{"rootId":"yzdgfz731hjb3j0","id":"yzdgfz731hjb3j0"},"id":"scxrk5hpl433mql","previousOperationId":"s97t8f0bzzmvd7m"}
{"type":"log","timestamp":1701174701848,"level":"debug","message":"Custom viewport for chrome page width=800, height=2000","meta":{"rootId":"yzdgfz731hjb3j0","id":"yzdgfz731hjb3j0"},"id":"vjhl8z6vrmlsusy","previousOperationId":"s97t8f0bzzmvd7m"}
{"type":"log","timestamp":1701174701849,"level":"debug","message":"Running chrome with params {\"printBackground\":true,\"width\":\"8cm\",\"height\":\"50cm\",\"timeout\":59962,\"margin\":{}}","meta":{"rootId":"yzdgfz731hjb3j0","id":"yzdgfz731hjb3j0"},"id":"4btggrggl9hdlk7","previousOperationId":"s97t8f0bzzmvd7m"}
{"type":"operationEnd","operationId":"s97t8f0bzzmvd7m","timestamp":1701174701868,"id":"qlfpwsk7dcsgpaq","previousEventId":"20qbx7z2zv5r9jv","previousOperationId":"s97t8f0bzzmvd7m"}
{"type":"log","timestamp":1701174701868,"level":"debug","message":"Skipping storing report.","meta":{"rootId":"yzdgfz731hjb3j0","id":"yzdgfz731hjb3j0"},"id":"3vjv23avjsg1h69","previousOperationId":"s97t8f0bzzmvd7m"}
{"type":"log","timestamp":1701174701868,"level":"info","message":"Rendering request 42 finished in 121 ms","meta":{"rootId":"yzdgfz731hjb3j0","id":"yzdgfz731hjb3j0"},"id":"viz3r7ahuis9dof","previousOperationId":"s97t8f0bzzmvd7m"}
{"type":"operationEnd","subtype":"render","operationId":"arogu7vjvpfmqcl","timestamp":1701174701868,"id":"29kl2prger6i946","previousEventId":"qlfpwsk7dcsgpaq","previousOperationId":"s97t8f0bzzmvd7m"}
{"type":"operationEnd","doDiffs":false,"previousEventId":"sgog9g8n288m3dd","previousOperationId":"n5yc7f7oa4dhx9p","operationId":"n5yc7f7oa4dhx9p","timestamp":1701174701870,"id":"9ge5eh1wedtwbmn"}
