{"type":"operationStart","subtype":"profile","data":{"_id":"Q4pqN6lQc6epr7rq","timestamp":"2023-12-05T07:51:28.081Z","state":"queued","mode":"standard","creationDate":"2023-12-05T07:51:28.083Z","modificationDate":"2023-12-05T07:51:28.083Z","shortid":"DC6ORm2","$entitySet":"profiles"},"doDiffs":false,"timestamp":1701762688082,"id":"7nn5ey2f1gdp5r9","previousOperationId":null,"operationId":"gq1u9fho3q7rluv"}
{"type":"log","level":"info","message":"Render request 5 queued for execution and waiting for available worker","previousOperationId":"gq1u9fho3q7rluv","timestamp":1701762688082,"id":"v97h3tuasqqteaw"}
{"type":"operationStart","subtype":"render","name":"pns_index","previousOperationId":"gq1u9fho3q7rluv","timestamp":1701762688093,"id":"7wdnec6ld1wjxgh","previousEventId":"7nn5ey2f1gdp5r9","operationId":"947a0tk6jtb5nne"}
{"type":"log","timestamp":1701762688094,"level":"info","message":"Starting rendering request 5","meta":{"rootId":"z3q51wmvanngm8d","id":"z3q51wmvanngm8d"},"id":"qpwgaubnuvmbn76","previousOperationId":"947a0tk6jtb5nne"}
{"type":"log","timestamp":1701762688094,"level":"info","message":"Rendering template { name: pns_index, recipe: chrome-pdf, engine: handlebars, preview: true }","meta":{"rootId":"z3q51wmvanngm8d","id":"z3q51wmvanngm8d"},"id":"ejzy8bxodox767y","previousOperationId":"947a0tk6jtb5nne"}
{"type":"log","timestamp":1701762688095,"level":"debug","message":"Adding sample data flbhzmKcJ","meta":{"rootId":"z3q51wmvanngm8d","id":"z3q51wmvanngm8d"},"id":"eozo5kmt51k1oo3","previousOperationId":"947a0tk6jtb5nne"}
{"type":"log","timestamp":1701762688097,"level":"debug","message":"Base url not specified, skipping its injection.","meta":{"rootId":"z3q51wmvanngm8d","id":"z3q51wmvanngm8d"},"id":"8o9we6qdv8uckqx","previousOperationId":"947a0tk6jtb5nne"}
{"type":"log","timestamp":1701762688103,"level":"debug","message":"Replaced assets [\"styles.css\"]","meta":{"rootId":"z3q51wmvanngm8d","id":"z3q51wmvanngm8d"},"id":"8vjhrfxzwaam8i6","previousOperationId":"947a0tk6jtb5nne"}
{"type":"operationStart","subtype":"engine","name":"handlebars","timestamp":1701762688103,"id":"dbvzf1kkl8cyyw9","previousEventId":"7wdnec6ld1wjxgh","operationId":"r1qse40i2l7wk39","previousOperationId":"947a0tk6jtb5nne"}
{"type":"log","timestamp":1701762688103,"level":"debug","message":"Rendering engine handlebars","meta":{"rootId":"z3q51wmvanngm8d","id":"z3q51wmvanngm8d"},"id":"suyir4dnfolug2s","previousOperationId":"r1qse40i2l7wk39"}
{"type":"operationEnd","operationId":"r1qse40i2l7wk39","timestamp":1701762688111,"id":"pk54ggtrw73edax","previousEventId":"dbvzf1kkl8cyyw9","previousOperationId":"r1qse40i2l7wk39"}
{"type":"operationStart","subtype":"recipe","name":"chrome-pdf","timestamp":1701762688111,"id":"f00rz1qpw3od1ja","previousEventId":"pk54ggtrw73edax","operationId":"arc45osjk6kflbx","previousOperationId":"r1qse40i2l7wk39"}
{"type":"log","timestamp":1701762688111,"level":"debug","message":"Executing recipe chrome-pdf","meta":{"rootId":"z3q51wmvanngm8d","id":"z3q51wmvanngm8d"},"id":"0nawp0ehbzvcf4t","previousOperationId":"arc45osjk6kflbx"}
{"type":"log","timestamp":1701762688113,"level":"debug","message":"Converting with chrome HeadlessChrome/117.0.5938.149 using chrome-pool strategy","meta":{"rootId":"z3q51wmvanngm8d","id":"z3q51wmvanngm8d"},"id":"u9okrdnt526dmor","previousOperationId":"arc45osjk6kflbx"}
{"type":"log","timestamp":1701762688164,"level":"debug","message":"Page request: GET (document) file:///var/folders/dp/qk79pfcj0y1fmtkkl08m76rc0000gn/T/jsreport/autocleanup/ad106682-6cfc-489f-b9b7-fff2b5bcf130-chrome-pdf.html","meta":{"rootId":"z3q51wmvanngm8d","id":"z3q51wmvanngm8d"},"id":"2gjtbic1uy9pokg","previousOperationId":"arc45osjk6kflbx"}
{"type":"log","timestamp":1701762688169,"level":"debug","message":"Page request finished: GET (document) 200 file:///var/folders/dp/qk79pfcj0y1fmtkkl08m76rc0000gn/T/jsreport/autocleanup/ad106682-6cfc-489f-b9b7-fff2b5bcf130-chrome-pdf.html","meta":{"rootId":"z3q51wmvanngm8d","id":"z3q51wmvanngm8d"},"id":"nas9tn1i234y5xz","previousOperationId":"arc45osjk6kflbx"}
{"type":"log","timestamp":1701762688181,"level":"debug","message":"Custom viewport for chrome page width=800, height=2000","meta":{"rootId":"z3q51wmvanngm8d","id":"z3q51wmvanngm8d"},"id":"pndrkxsm4xior9g","previousOperationId":"arc45osjk6kflbx"}
{"type":"log","timestamp":1701762688183,"level":"debug","message":"Running chrome with params {\"printBackground\":true,\"width\":\"5.8cm\",\"height\":\"21cm\",\"timeout\":59969,\"margin\":{}}","meta":{"rootId":"z3q51wmvanngm8d","id":"z3q51wmvanngm8d"},"id":"h5nrtre55n2ufr9","previousOperationId":"arc45osjk6kflbx"}
{"type":"operationEnd","operationId":"arc45osjk6kflbx","timestamp":1701762688220,"id":"2s824dic9403si8","previousEventId":"f00rz1qpw3od1ja","previousOperationId":"arc45osjk6kflbx"}
{"type":"log","timestamp":1701762688220,"level":"debug","message":"Skipping storing report.","meta":{"rootId":"z3q51wmvanngm8d","id":"z3q51wmvanngm8d"},"id":"i3n5ckr0h3n1wly","previousOperationId":"arc45osjk6kflbx"}
{"type":"log","timestamp":1701762688220,"level":"info","message":"Rendering request 5 finished in 139 ms","meta":{"rootId":"z3q51wmvanngm8d","id":"z3q51wmvanngm8d"},"id":"0en3wg1lmxc2mkw","previousOperationId":"arc45osjk6kflbx"}
{"type":"operationEnd","subtype":"render","operationId":"947a0tk6jtb5nne","timestamp":1701762688221,"id":"g44f7l7p4i8uajr","previousEventId":"2s824dic9403si8","previousOperationId":"arc45osjk6kflbx"}
{"type":"operationEnd","doDiffs":false,"previousEventId":"7nn5ey2f1gdp5r9","previousOperationId":"gq1u9fho3q7rluv","operationId":"gq1u9fho3q7rluv","timestamp":1701762688222,"id":"zvkdfrumcsj1zfy"}
