{"type":"operationStart","subtype":"profile","data":{"_id":"cCKQ94TJDeaTd5KK","timestamp":"2023-12-05T13:55:02.646Z","state":"queued","mode":"standard","creationDate":"2023-12-05T13:55:02.648Z","modificationDate":"2023-12-05T13:55:02.648Z","shortid":"rlEPt0C","$entitySet":"profiles"},"doDiffs":false,"timestamp":1701784502647,"id":"qwrh2k7isbd2s7g","previousOperationId":null,"operationId":"telnk3om9o9kkuq"}
{"type":"log","level":"info","message":"Render request 7 queued for execution and waiting for available worker","previousOperationId":"telnk3om9o9kkuq","timestamp":1701784502648,"id":"umtp70f2ly1uji8"}
{"type":"operationStart","subtype":"render","name":"pns_index","previousOperationId":"telnk3om9o9kkuq","timestamp":1701784502658,"id":"khbexskhm1iq4o4","previousEventId":"qwrh2k7isbd2s7g","operationId":"vjp7f5g399965ms"}
{"type":"log","timestamp":1701784502658,"level":"info","message":"Starting rendering request 7","meta":{"rootId":"z6paezielpffgjt","id":"z6paezielpffgjt"},"id":"ns4ol821scghb9g","previousOperationId":"vjp7f5g399965ms"}
{"type":"log","timestamp":1701784502659,"level":"info","message":"Rendering template { name: pns_index, recipe: chrome-pdf, engine: handlebars, preview: true }","meta":{"rootId":"z6paezielpffgjt","id":"z6paezielpffgjt"},"id":"k1p7lzdhhrght4o","previousOperationId":"vjp7f5g399965ms"}
{"type":"log","timestamp":1701784502662,"level":"debug","message":"Adding sample data flbhzmKcJ","meta":{"rootId":"z6paezielpffgjt","id":"z6paezielpffgjt"},"id":"gev8rnd1qcdvcld","previousOperationId":"vjp7f5g399965ms"}
{"type":"log","timestamp":1701784502664,"level":"debug","message":"Base url not specified, skipping its injection.","meta":{"rootId":"z6paezielpffgjt","id":"z6paezielpffgjt"},"id":"53e0ut1divmesed","previousOperationId":"vjp7f5g399965ms"}
{"type":"log","timestamp":1701784502674,"level":"debug","message":"Replaced assets [\"styles.css\"]","meta":{"rootId":"z6paezielpffgjt","id":"z6paezielpffgjt"},"id":"n3g76r2gs5zn5pn","previousOperationId":"vjp7f5g399965ms"}
{"type":"operationStart","subtype":"engine","name":"handlebars","timestamp":1701784502675,"id":"rd8vmjh0at3m2d5","previousEventId":"khbexskhm1iq4o4","operationId":"lyuy21c4iwqhmtv","previousOperationId":"vjp7f5g399965ms"}
{"type":"log","timestamp":1701784502675,"level":"debug","message":"Rendering engine handlebars","meta":{"rootId":"z6paezielpffgjt","id":"z6paezielpffgjt"},"id":"220wsnxdtwzol71","previousOperationId":"lyuy21c4iwqhmtv"}
{"type":"operationEnd","operationId":"lyuy21c4iwqhmtv","timestamp":1701784502701,"id":"knsre2xkj0ll7zd","previousEventId":"rd8vmjh0at3m2d5","previousOperationId":"lyuy21c4iwqhmtv"}
{"type":"operationStart","subtype":"recipe","name":"chrome-pdf","timestamp":1701784502701,"id":"f41gm8mocjw3kbq","previousEventId":"knsre2xkj0ll7zd","operationId":"1yscw5ch6b7b29z","previousOperationId":"lyuy21c4iwqhmtv"}
{"type":"log","timestamp":1701784502701,"level":"debug","message":"Executing recipe chrome-pdf","meta":{"rootId":"z6paezielpffgjt","id":"z6paezielpffgjt"},"id":"3zhok0v2agup75l","previousOperationId":"1yscw5ch6b7b29z"}
{"type":"log","timestamp":1701784502702,"level":"debug","message":"Converting with chrome HeadlessChrome/117.0.5938.149 using chrome-pool strategy","meta":{"rootId":"z6paezielpffgjt","id":"z6paezielpffgjt"},"id":"044fo01z9h6qd6a","previousOperationId":"1yscw5ch6b7b29z"}
{"type":"log","timestamp":1701784502750,"level":"debug","message":"Page request: GET (document) file:///var/folders/dp/qk79pfcj0y1fmtkkl08m76rc0000gn/T/jsreport/autocleanup/5dd7829f-1e66-42e1-ba32-19fbe0e50e5b-chrome-pdf.html","meta":{"rootId":"z6paezielpffgjt","id":"z6paezielpffgjt"},"id":"gdckkywt8puno1p","previousOperationId":"1yscw5ch6b7b29z"}
{"type":"log","timestamp":1701784502754,"level":"debug","message":"Page request finished: GET (document) 200 file:///var/folders/dp/qk79pfcj0y1fmtkkl08m76rc0000gn/T/jsreport/autocleanup/5dd7829f-1e66-42e1-ba32-19fbe0e50e5b-chrome-pdf.html","meta":{"rootId":"z6paezielpffgjt","id":"z6paezielpffgjt"},"id":"iyqunowfcbma4bc","previousOperationId":"1yscw5ch6b7b29z"}
{"type":"log","timestamp":1701784502764,"level":"debug","message":"Custom viewport for chrome page width=800, height=2000","meta":{"rootId":"z6paezielpffgjt","id":"z6paezielpffgjt"},"id":"7gatqptugbcoisc","previousOperationId":"1yscw5ch6b7b29z"}
{"type":"log","timestamp":1701784502765,"level":"debug","message":"Running chrome with params {\"printBackground\":true,\"width\":\"5.8cm\",\"height\":\"21cm\",\"marginRight\":\"0cm\",\"marginLeft\":\"0cm\",\"timeout\":59944,\"margin\":{\"right\":\"0cm\",\"left\":\"0cm\"}}","meta":{"rootId":"z6paezielpffgjt","id":"z6paezielpffgjt"},"id":"9j9of8d3aqdktg0","previousOperationId":"1yscw5ch6b7b29z"}
{"type":"operationEnd","operationId":"1yscw5ch6b7b29z","timestamp":1701784502804,"id":"lh84sv6kblslpq1","previousEventId":"f41gm8mocjw3kbq","previousOperationId":"1yscw5ch6b7b29z"}
{"type":"log","timestamp":1701784502804,"level":"debug","message":"Skipping storing report.","meta":{"rootId":"z6paezielpffgjt","id":"z6paezielpffgjt"},"id":"c4j5kb8pri8t2xe","previousOperationId":"1yscw5ch6b7b29z"}
{"type":"log","timestamp":1701784502804,"level":"info","message":"Rendering request 7 finished in 158 ms","meta":{"rootId":"z6paezielpffgjt","id":"z6paezielpffgjt"},"id":"0nty1wu9xq6ygly","previousOperationId":"1yscw5ch6b7b29z"}
{"type":"operationEnd","subtype":"render","operationId":"vjp7f5g399965ms","timestamp":1701784502804,"id":"dj2nxhydteffu9u","previousEventId":"lh84sv6kblslpq1","previousOperationId":"1yscw5ch6b7b29z"}
{"type":"operationEnd","doDiffs":false,"previousEventId":"qwrh2k7isbd2s7g","previousOperationId":"telnk3om9o9kkuq","operationId":"telnk3om9o9kkuq","timestamp":1701784502806,"id":"fhtqxixyaaxix4s"}
