{"type":"operationStart","subtype":"profile","data":{"_id":"1xw6lNlCZXPg2NbL","timestamp":"2023-12-04T13:02:53.472Z","state":"queued","mode":"standard","creationDate":"2023-12-04T13:02:53.473Z","modificationDate":"2023-12-04T13:02:53.473Z","shortid":"a4QMnpH","$entitySet":"profiles"},"doDiffs":false,"timestamp":1701694973472,"id":"uko2bmqcesl5nni","previousOperationId":null,"operationId":"s2xk8ag10u5xebq"}
{"type":"log","level":"info","message":"Render request 26 queued for execution and waiting for available worker","previousOperationId":"s2xk8ag10u5xebq","timestamp":1701694973472,"id":"u0bohyvi0nnmy2y"}
{"type":"operationStart","subtype":"render","name":"pns_index","previousOperationId":"s2xk8ag10u5xebq","timestamp":1701694973484,"id":"1mdn90e8a4syyfp","previousEventId":"uko2bmqcesl5nni","operationId":"z6n6ki3vfbkro5w"}
{"type":"log","timestamp":1701694973485,"level":"info","message":"Starting rendering request 26","meta":{"rootId":"z7cdt74bba4ccg0","id":"z7cdt74bba4ccg0"},"id":"nyj1c6m9f4h2ym7","previousOperationId":"z6n6ki3vfbkro5w"}
{"type":"log","timestamp":1701694973485,"level":"info","message":"Rendering template { name: pns_index, recipe: chrome-pdf, engine: handlebars, preview: true }","meta":{"rootId":"z7cdt74bba4ccg0","id":"z7cdt74bba4ccg0"},"id":"17brdjer79colv8","previousOperationId":"z6n6ki3vfbkro5w"}
{"type":"log","timestamp":1701694973489,"level":"debug","message":"Inline data specified.","meta":{"rootId":"z7cdt74bba4ccg0","id":"z7cdt74bba4ccg0"},"id":"gf2m7myaxoq7i8m","previousOperationId":"z6n6ki3vfbkro5w"}
{"type":"log","timestamp":1701694973493,"level":"debug","message":"Base url not specified, skipping its injection.","meta":{"rootId":"z7cdt74bba4ccg0","id":"z7cdt74bba4ccg0"},"id":"e303mj0pnu7d6i9","previousOperationId":"z6n6ki3vfbkro5w"}
{"type":"log","timestamp":1701694973494,"level":"debug","message":"Replaced assets [\"styles.css\"]","meta":{"rootId":"z7cdt74bba4ccg0","id":"z7cdt74bba4ccg0"},"id":"uzvg1fglcqqepbr","previousOperationId":"z6n6ki3vfbkro5w"}
{"type":"operationStart","subtype":"engine","name":"handlebars","timestamp":1701694973494,"id":"6cao3boub8x0wy5","previousEventId":"1mdn90e8a4syyfp","operationId":"0iz58tissrqc17a","previousOperationId":"z6n6ki3vfbkro5w"}
{"type":"log","timestamp":1701694973494,"level":"debug","message":"Rendering engine handlebars","meta":{"rootId":"z7cdt74bba4ccg0","id":"z7cdt74bba4ccg0"},"id":"mo2b7dd0yr5hzc6","previousOperationId":"0iz58tissrqc17a"}
{"type":"operationEnd","operationId":"0iz58tissrqc17a","timestamp":1701694973516,"id":"vgfl6wlvlo7lzev","previousEventId":"6cao3boub8x0wy5","previousOperationId":"0iz58tissrqc17a"}
{"type":"operationStart","subtype":"recipe","name":"chrome-pdf","timestamp":1701694973517,"id":"mxaezk6ismuvzau","previousEventId":"vgfl6wlvlo7lzev","operationId":"2uygartlp1252z0","previousOperationId":"0iz58tissrqc17a"}
{"type":"log","timestamp":1701694973517,"level":"debug","message":"Executing recipe chrome-pdf","meta":{"rootId":"z7cdt74bba4ccg0","id":"z7cdt74bba4ccg0"},"id":"h068gj0wazftb1u","previousOperationId":"2uygartlp1252z0"}
{"type":"log","timestamp":1701694973518,"level":"debug","message":"Converting with chrome HeadlessChrome/117.0.5938.149 using chrome-pool strategy","meta":{"rootId":"z7cdt74bba4ccg0","id":"z7cdt74bba4ccg0"},"id":"efijm65176tiwie","previousOperationId":"2uygartlp1252z0"}
{"type":"log","timestamp":1701694973568,"level":"debug","message":"Page request: GET (document) file:///var/folders/dp/qk79pfcj0y1fmtkkl08m76rc0000gn/T/jsreport/autocleanup/67a0bbdc-da2d-4158-b24e-d984c1eb0a01-chrome-pdf.html","meta":{"rootId":"z7cdt74bba4ccg0","id":"z7cdt74bba4ccg0"},"id":"3ejujj18lhxryqh","previousOperationId":"2uygartlp1252z0"}
{"type":"log","timestamp":1701694973573,"level":"debug","message":"Page request finished: GET (document) 200 file:///var/folders/dp/qk79pfcj0y1fmtkkl08m76rc0000gn/T/jsreport/autocleanup/67a0bbdc-da2d-4158-b24e-d984c1eb0a01-chrome-pdf.html","meta":{"rootId":"z7cdt74bba4ccg0","id":"z7cdt74bba4ccg0"},"id":"wx8ru1wrjboj8xr","previousOperationId":"2uygartlp1252z0"}
{"type":"log","timestamp":1701694973583,"level":"debug","message":"Custom viewport for chrome page width=800, height=2000","meta":{"rootId":"z7cdt74bba4ccg0","id":"z7cdt74bba4ccg0"},"id":"a2faitfwde6uq4z","previousOperationId":"2uygartlp1252z0"}
{"type":"log","timestamp":1701694973584,"level":"debug","message":"Running chrome with params {\"printBackground\":true,\"width\":\"5.8cm\",\"height\":\"50cm\",\"timeout\":59953,\"margin\":{}}","meta":{"rootId":"z7cdt74bba4ccg0","id":"z7cdt74bba4ccg0"},"id":"0s7hrmzjebd6pba","previousOperationId":"2uygartlp1252z0"}
{"type":"operationEnd","operationId":"2uygartlp1252z0","timestamp":1701694973620,"id":"axobhordtesc8hb","previousEventId":"mxaezk6ismuvzau","previousOperationId":"2uygartlp1252z0"}
{"type":"log","timestamp":1701694973620,"level":"debug","message":"Skipping storing report.","meta":{"rootId":"z7cdt74bba4ccg0","id":"z7cdt74bba4ccg0"},"id":"mgfnuqvufsehnnm","previousOperationId":"2uygartlp1252z0"}
{"type":"log","timestamp":1701694973620,"level":"info","message":"Rendering request 26 finished in 149 ms","meta":{"rootId":"z7cdt74bba4ccg0","id":"z7cdt74bba4ccg0"},"id":"tl5dr89y1rf89tr","previousOperationId":"2uygartlp1252z0"}
{"type":"operationEnd","subtype":"render","operationId":"z6n6ki3vfbkro5w","timestamp":1701694973620,"id":"avk752gius80kh1","previousEventId":"axobhordtesc8hb","previousOperationId":"2uygartlp1252z0"}
{"type":"operationEnd","doDiffs":false,"previousEventId":"uko2bmqcesl5nni","previousOperationId":"s2xk8ag10u5xebq","operationId":"s2xk8ag10u5xebq","timestamp":1701694973622,"id":"kfxsrij4ag3tdp0"}
