{"type":"operationStart","subtype":"profile","data":{"_id":"ZYO155sCR6s88sYc","timestamp":"2023-12-06T11:18:00.689Z","state":"queued","mode":"standard","creationDate":"2023-12-06T11:18:00.690Z","modificationDate":"2023-12-06T11:18:00.690Z","shortid":"_pWKP0X","$entitySet":"profiles"},"doDiffs":false,"timestamp":1701861480690,"id":"b6d96w5hls3zbdn","previousOperationId":null,"operationId":"eun5zl4w7xpbt3v"}
{"type":"log","level":"info","message":"Render request 114 queued for execution and waiting for available worker","previousOperationId":"eun5zl4w7xpbt3v","timestamp":1701861480690,"id":"lggachmlwiipljy"}
{"type":"operationStart","subtype":"render","name":"pns_index","previousOperationId":"eun5zl4w7xpbt3v","timestamp":1701861480700,"id":"w5iqd4ewjg9fouj","previousEventId":"b6d96w5hls3zbdn","operationId":"atxszx1bte84d7b"}
{"type":"log","timestamp":1701861480700,"level":"info","message":"Starting rendering request 114","meta":{"rootId":"zv6beqtrunbol5h","id":"zv6beqtrunbol5h"},"id":"ybrhvq6vtn7233x","previousOperationId":"atxszx1bte84d7b"}
{"type":"log","timestamp":1701861480700,"level":"info","message":"Rendering template { name: pns_index, recipe: chrome-pdf, engine: handlebars, preview: true }","meta":{"rootId":"zv6beqtrunbol5h","id":"zv6beqtrunbol5h"},"id":"oz9eb24vc6wf3jp","previousOperationId":"atxszx1bte84d7b"}
{"type":"log","timestamp":1701861480701,"level":"debug","message":"Inline data specified.","meta":{"rootId":"zv6beqtrunbol5h","id":"zv6beqtrunbol5h"},"id":"2n154t1fd0kt1af","previousOperationId":"atxszx1bte84d7b"}
{"type":"log","timestamp":1701861480702,"level":"debug","message":"Base url not specified, skipping its injection.","meta":{"rootId":"zv6beqtrunbol5h","id":"zv6beqtrunbol5h"},"id":"arbnz1e15rksasx","previousOperationId":"atxszx1bte84d7b"}
{"type":"log","timestamp":1701861480703,"level":"debug","message":"Replaced assets [\"styles.css\"]","meta":{"rootId":"zv6beqtrunbol5h","id":"zv6beqtrunbol5h"},"id":"qxq8yed1u01p4ql","previousOperationId":"atxszx1bte84d7b"}
{"type":"operationStart","subtype":"engine","name":"handlebars","timestamp":1701861480703,"id":"cucdoet5ukfs92b","previousEventId":"w5iqd4ewjg9fouj","operationId":"fvhe27mtx2bv22j","previousOperationId":"atxszx1bte84d7b"}
{"type":"log","timestamp":1701861480703,"level":"debug","message":"Rendering engine handlebars","meta":{"rootId":"zv6beqtrunbol5h","id":"zv6beqtrunbol5h"},"id":"wwb76j3awmz437c","previousOperationId":"fvhe27mtx2bv22j"}
{"type":"operationEnd","operationId":"fvhe27mtx2bv22j","timestamp":1701861480731,"id":"h51vt4sk4w2guer","previousEventId":"cucdoet5ukfs92b","previousOperationId":"fvhe27mtx2bv22j"}
{"type":"operationStart","subtype":"recipe","name":"chrome-pdf","timestamp":1701861480731,"id":"hdn8a7ygik6mzd2","previousEventId":"h51vt4sk4w2guer","operationId":"9twcbf9hvh6nw79","previousOperationId":"fvhe27mtx2bv22j"}
{"type":"log","timestamp":1701861480731,"level":"debug","message":"Executing recipe chrome-pdf","meta":{"rootId":"zv6beqtrunbol5h","id":"zv6beqtrunbol5h"},"id":"zgbhwg2wdsjfja3","previousOperationId":"9twcbf9hvh6nw79"}
{"type":"log","timestamp":1701861480734,"level":"debug","message":"Converting with chrome HeadlessChrome/117.0.5938.149 using chrome-pool strategy","meta":{"rootId":"zv6beqtrunbol5h","id":"zv6beqtrunbol5h"},"id":"y80y08faosifuxs","previousOperationId":"9twcbf9hvh6nw79"}
{"type":"log","timestamp":1701861480777,"level":"debug","message":"Page request: GET (document) file:///var/folders/dp/qk79pfcj0y1fmtkkl08m76rc0000gn/T/jsreport/autocleanup/3b2856ba-4ba6-458f-a4ff-9cf01d1d104c-chrome-pdf.html","meta":{"rootId":"zv6beqtrunbol5h","id":"zv6beqtrunbol5h"},"id":"zjai2i58rl5udv8","previousOperationId":"9twcbf9hvh6nw79"}
{"type":"log","timestamp":1701861480782,"level":"debug","message":"Page request finished: GET (document) 200 file:///var/folders/dp/qk79pfcj0y1fmtkkl08m76rc0000gn/T/jsreport/autocleanup/3b2856ba-4ba6-458f-a4ff-9cf01d1d104c-chrome-pdf.html","meta":{"rootId":"zv6beqtrunbol5h","id":"zv6beqtrunbol5h"},"id":"fffjqxsaj1mcnzx","previousOperationId":"9twcbf9hvh6nw79"}
{"type":"log","timestamp":1701861480790,"level":"debug","message":"Custom viewport for chrome page width=800, height=2000","meta":{"rootId":"zv6beqtrunbol5h","id":"zv6beqtrunbol5h"},"id":"n0sqzt8xl6ojc6t","previousOperationId":"9twcbf9hvh6nw79"}
{"type":"log","timestamp":1701861480792,"level":"debug","message":"Running chrome with params {\"printBackground\":true,\"width\":\"6.8cm\",\"height\":\"60cm\",\"marginRight\":\"0cm\",\"marginLeft\":\"0cm\",\"timeout\":59956,\"margin\":{\"right\":\"0cm\",\"left\":\"0cm\"}}","meta":{"rootId":"zv6beqtrunbol5h","id":"zv6beqtrunbol5h"},"id":"3rs5uixnq4qau3i","previousOperationId":"9twcbf9hvh6nw79"}
{"type":"operationEnd","operationId":"9twcbf9hvh6nw79","timestamp":1701861480821,"id":"nlpj0wvlo7goghx","previousEventId":"hdn8a7ygik6mzd2","previousOperationId":"9twcbf9hvh6nw79"}
{"type":"log","timestamp":1701861480821,"level":"debug","message":"Skipping storing report.","meta":{"rootId":"zv6beqtrunbol5h","id":"zv6beqtrunbol5h"},"id":"1a6s8byvkqur6mf","previousOperationId":"9twcbf9hvh6nw79"}
{"type":"log","timestamp":1701861480821,"level":"info","message":"Rendering request 114 finished in 132 ms","meta":{"rootId":"zv6beqtrunbol5h","id":"zv6beqtrunbol5h"},"id":"6pl6obamnrz1wqq","previousOperationId":"9twcbf9hvh6nw79"}
{"type":"operationEnd","subtype":"render","operationId":"atxszx1bte84d7b","timestamp":1701861480821,"id":"an9ryohyt90l9sk","previousEventId":"nlpj0wvlo7goghx","previousOperationId":"9twcbf9hvh6nw79"}
{"type":"operationEnd","doDiffs":false,"previousEventId":"b6d96w5hls3zbdn","previousOperationId":"eun5zl4w7xpbt3v","operationId":"eun5zl4w7xpbt3v","timestamp":1701861480822,"id":"laiawaiesop6wb9"}
