{"type":"operationStart","subtype":"profile","data":{"_id":"GixtaroYMXV8JBfj","timestamp":"2023-11-30T08:31:13.765Z","state":"queued","mode":"standard","creationDate":"2023-11-30T08:31:13.767Z","modificationDate":"2023-11-30T08:31:13.767Z","shortid":"mNFkSyv","$entitySet":"profiles"},"doDiffs":false,"timestamp":1701333073766,"id":"uxty89nwhbtkrkj","previousOperationId":null,"operationId":"higddy23m547np9"}
{"type":"log","level":"info","message":"Render request 5 queued for execution and waiting for available worker","previousOperationId":"higddy23m547np9","timestamp":1701333073766,"id":"737812c9igbcw71"}
{"type":"operationStart","subtype":"render","name":"pns_index","previousOperationId":"higddy23m547np9","timestamp":1701333073773,"id":"zya4slk4t4i7ivi","previousEventId":"uxty89nwhbtkrkj","operationId":"7hqejzpnr1kiie8"}
{"type":"log","timestamp":1701333073773,"level":"info","message":"Starting rendering request 5","meta":{"rootId":"zxeov68z42l5vpk","id":"zxeov68z42l5vpk"},"id":"hnrni7oonn1fy3p","previousOperationId":"7hqejzpnr1kiie8"}
{"type":"log","timestamp":1701333073773,"level":"info","message":"Rendering template { name: pns_index, recipe: chrome-pdf, engine: handlebars, preview: true }","meta":{"rootId":"zxeov68z42l5vpk","id":"zxeov68z42l5vpk"},"id":"mqyrheea29sweou","previousOperationId":"7hqejzpnr1kiie8"}
{"type":"log","timestamp":1701333073773,"level":"debug","message":"Inline data specified.","meta":{"rootId":"zxeov68z42l5vpk","id":"zxeov68z42l5vpk"},"id":"swktgnzjxxh6i2c","previousOperationId":"7hqejzpnr1kiie8"}
{"type":"log","timestamp":1701333073778,"level":"debug","message":"Base url not specified, skipping its injection.","meta":{"rootId":"zxeov68z42l5vpk","id":"zxeov68z42l5vpk"},"id":"kfiyj8r0yozismg","previousOperationId":"7hqejzpnr1kiie8"}
{"type":"operationStart","subtype":"engine","name":"handlebars","timestamp":1701333073778,"id":"juxhrd4x07w3l1d","previousEventId":"zya4slk4t4i7ivi","operationId":"3vixunr0e5t3q90","previousOperationId":"7hqejzpnr1kiie8"}
{"type":"log","timestamp":1701333073778,"level":"debug","message":"Rendering engine handlebars","meta":{"rootId":"zxeov68z42l5vpk","id":"zxeov68z42l5vpk"},"id":"v0om9mdnr2fmcee","previousOperationId":"3vixunr0e5t3q90"}
{"type":"operationEnd","operationId":"3vixunr0e5t3q90","timestamp":1701333073816,"id":"y4nkk2qu0ik39ff","previousEventId":"juxhrd4x07w3l1d","previousOperationId":"3vixunr0e5t3q90"}
{"type":"operationStart","subtype":"recipe","name":"chrome-pdf","timestamp":1701333073816,"id":"38gagumf63loc6l","previousEventId":"y4nkk2qu0ik39ff","operationId":"857htv55qz9lvqo","previousOperationId":"3vixunr0e5t3q90"}
{"type":"log","timestamp":1701333073816,"level":"debug","message":"Executing recipe chrome-pdf","meta":{"rootId":"zxeov68z42l5vpk","id":"zxeov68z42l5vpk"},"id":"x7gk3a0v2lvzje9","previousOperationId":"857htv55qz9lvqo"}
{"type":"log","timestamp":1701333073817,"level":"debug","message":"Converting with chrome HeadlessChrome/117.0.5938.149 using chrome-pool strategy","meta":{"rootId":"zxeov68z42l5vpk","id":"zxeov68z42l5vpk"},"id":"2en1hzm6748648s","previousOperationId":"857htv55qz9lvqo"}
{"type":"log","timestamp":1701333073864,"level":"debug","message":"Page request: GET (document) file:///var/folders/dp/qk79pfcj0y1fmtkkl08m76rc0000gn/T/jsreport/autocleanup/832fe6c4-07b7-43b8-b9a7-353a33143f7e-chrome-pdf.html","meta":{"rootId":"zxeov68z42l5vpk","id":"zxeov68z42l5vpk"},"id":"z0pnevucdwumkge","previousOperationId":"857htv55qz9lvqo"}
{"type":"log","timestamp":1701333073869,"level":"debug","message":"Page request finished: GET (document) 200 file:///var/folders/dp/qk79pfcj0y1fmtkkl08m76rc0000gn/T/jsreport/autocleanup/832fe6c4-07b7-43b8-b9a7-353a33143f7e-chrome-pdf.html","meta":{"rootId":"zxeov68z42l5vpk","id":"zxeov68z42l5vpk"},"id":"a9v59ndsadf64a9","previousOperationId":"857htv55qz9lvqo"}
{"type":"log","timestamp":1701333073877,"level":"debug","message":"Custom viewport for chrome page width=800, height=2000","meta":{"rootId":"zxeov68z42l5vpk","id":"zxeov68z42l5vpk"},"id":"7ca1py5mbpl5k84","previousOperationId":"857htv55qz9lvqo"}
{"type":"log","timestamp":1701333073879,"level":"debug","message":"Running chrome with params {\"printBackground\":true,\"width\":\"5.8cm\",\"height\":\"50cm\",\"timeout\":59948,\"margin\":{}}","meta":{"rootId":"zxeov68z42l5vpk","id":"zxeov68z42l5vpk"},"id":"b0vzrk9w4zonwao","previousOperationId":"857htv55qz9lvqo"}
{"type":"operationEnd","operationId":"857htv55qz9lvqo","timestamp":1701333073909,"id":"i1y51dh65785dng","previousEventId":"38gagumf63loc6l","previousOperationId":"857htv55qz9lvqo"}
{"type":"log","timestamp":1701333073909,"level":"debug","message":"Skipping storing report.","meta":{"rootId":"zxeov68z42l5vpk","id":"zxeov68z42l5vpk"},"id":"jjxlopok1g1nsuf","previousOperationId":"857htv55qz9lvqo"}
{"type":"log","timestamp":1701333073909,"level":"info","message":"Rendering request 5 finished in 144 ms","meta":{"rootId":"zxeov68z42l5vpk","id":"zxeov68z42l5vpk"},"id":"bmlgxfj5m91bs0e","previousOperationId":"857htv55qz9lvqo"}
{"type":"operationEnd","subtype":"render","operationId":"7hqejzpnr1kiie8","timestamp":1701333073909,"id":"xep3kmsd1hf3op2","previousEventId":"i1y51dh65785dng","previousOperationId":"857htv55qz9lvqo"}
{"type":"operationEnd","doDiffs":false,"previousEventId":"uxty89nwhbtkrkj","previousOperationId":"higddy23m547np9","operationId":"higddy23m547np9","timestamp":1701333073911,"id":"rvcd1avflj7vlg6"}
