{"type":"operationStart","subtype":"profile","data":{"_id":"XklY01WVZqj1gko7","timestamp":"2023-12-04T11:57:38.312Z","state":"queued","mode":"standard","creationDate":"2023-12-04T11:57:38.314Z","modificationDate":"2023-12-04T11:57:38.314Z","shortid":"IFsmvQe","$entitySet":"profiles"},"doDiffs":false,"timestamp":1701691058313,"id":"v6elgmogh2xf6tt","previousOperationId":null,"operationId":"5mwekpo0wm61fns"}
{"type":"log","level":"info","message":"Render request 134 queued for execution and waiting for available worker","previousOperationId":"5mwekpo0wm61fns","timestamp":1701691058313,"id":"w39fzrsd16fwxkn"}
{"type":"operationStart","subtype":"render","name":"pns_index","previousOperationId":"5mwekpo0wm61fns","timestamp":1701691058324,"id":"yerfmpuwoldb97a","previousEventId":"v6elgmogh2xf6tt","operationId":"3r7e07hu9nercqz"}
{"type":"log","timestamp":1701691058324,"level":"info","message":"Starting rendering request 134","meta":{"rootId":"zylpzdqetfg1pra","id":"zylpzdqetfg1pra"},"id":"c6mm2mygjw459lv","previousOperationId":"3r7e07hu9nercqz"}
{"type":"log","timestamp":1701691058324,"level":"info","message":"Rendering template { name: pns_index, recipe: chrome-pdf, engine: handlebars, preview: true }","meta":{"rootId":"zylpzdqetfg1pra","id":"zylpzdqetfg1pra"},"id":"x9n5e7kt6i3vhph","previousOperationId":"3r7e07hu9nercqz"}
{"type":"log","timestamp":1701691058325,"level":"debug","message":"Inline data specified.","meta":{"rootId":"zylpzdqetfg1pra","id":"zylpzdqetfg1pra"},"id":"lz55yo19tc9fde6","previousOperationId":"3r7e07hu9nercqz"}
{"type":"log","timestamp":1701691058326,"level":"debug","message":"Base url not specified, skipping its injection.","meta":{"rootId":"zylpzdqetfg1pra","id":"zylpzdqetfg1pra"},"id":"uy40wnuk2dz9bva","previousOperationId":"3r7e07hu9nercqz"}
{"type":"operationStart","subtype":"engine","name":"handlebars","timestamp":1701691058326,"id":"jf2o1ciyz0xlbpp","previousEventId":"yerfmpuwoldb97a","operationId":"8wzao6eypf57v8g","previousOperationId":"3r7e07hu9nercqz"}
{"type":"log","timestamp":1701691058326,"level":"debug","message":"Rendering engine handlebars","meta":{"rootId":"zylpzdqetfg1pra","id":"zylpzdqetfg1pra"},"id":"5x7mpjfrbogmxxe","previousOperationId":"8wzao6eypf57v8g"}
{"type":"operationEnd","operationId":"8wzao6eypf57v8g","timestamp":1701691058336,"id":"5wml1g04zvnq215","previousEventId":"jf2o1ciyz0xlbpp","previousOperationId":"8wzao6eypf57v8g"}
{"type":"operationStart","subtype":"recipe","name":"chrome-pdf","timestamp":1701691058337,"id":"gv952jrlyg0vrqq","previousEventId":"5wml1g04zvnq215","operationId":"6r123funac1jaqf","previousOperationId":"8wzao6eypf57v8g"}
{"type":"log","timestamp":1701691058337,"level":"debug","message":"Executing recipe chrome-pdf","meta":{"rootId":"zylpzdqetfg1pra","id":"zylpzdqetfg1pra"},"id":"odgyscctkojw1sh","previousOperationId":"6r123funac1jaqf"}
{"type":"log","timestamp":1701691058338,"level":"debug","message":"Converting with chrome HeadlessChrome/117.0.5938.149 using chrome-pool strategy","meta":{"rootId":"zylpzdqetfg1pra","id":"zylpzdqetfg1pra"},"id":"kmcapllfdgrh2eg","previousOperationId":"6r123funac1jaqf"}
{"type":"log","timestamp":1701691058390,"level":"debug","message":"Page request: GET (document) file:///var/folders/dp/qk79pfcj0y1fmtkkl08m76rc0000gn/T/jsreport/autocleanup/5b4bd5c9-7c5b-4ae1-83ff-c7a431884436-chrome-pdf.html","meta":{"rootId":"zylpzdqetfg1pra","id":"zylpzdqetfg1pra"},"id":"kq1b2kt09z7y6v6","previousOperationId":"6r123funac1jaqf"}
{"type":"log","timestamp":1701691058396,"level":"debug","message":"Page request finished: GET (document) 200 file:///var/folders/dp/qk79pfcj0y1fmtkkl08m76rc0000gn/T/jsreport/autocleanup/5b4bd5c9-7c5b-4ae1-83ff-c7a431884436-chrome-pdf.html","meta":{"rootId":"zylpzdqetfg1pra","id":"zylpzdqetfg1pra"},"id":"g7m2icd4w5y0cfu","previousOperationId":"6r123funac1jaqf"}
{"type":"log","timestamp":1701691058406,"level":"debug","message":"Custom viewport for chrome page width=800, height=2000","meta":{"rootId":"zylpzdqetfg1pra","id":"zylpzdqetfg1pra"},"id":"gzelaajubi3n9bx","previousOperationId":"6r123funac1jaqf"}
{"type":"log","timestamp":1701691058407,"level":"debug","message":"Running chrome with params {\"printBackground\":true,\"width\":\"5.8cm\",\"height\":\"50cm\",\"timeout\":59975,\"margin\":{}}","meta":{"rootId":"zylpzdqetfg1pra","id":"zylpzdqetfg1pra"},"id":"aouiedchaxz95fb","previousOperationId":"6r123funac1jaqf"}
{"type":"operationEnd","operationId":"6r123funac1jaqf","timestamp":1701691058443,"id":"gssc8p486gkx8h2","previousEventId":"gv952jrlyg0vrqq","previousOperationId":"6r123funac1jaqf"}
{"type":"log","timestamp":1701691058443,"level":"debug","message":"Skipping storing report.","meta":{"rootId":"zylpzdqetfg1pra","id":"zylpzdqetfg1pra"},"id":"c28195gtfl0ba66","previousOperationId":"6r123funac1jaqf"}
{"type":"log","timestamp":1701691058443,"level":"info","message":"Rendering request 134 finished in 131 ms","meta":{"rootId":"zylpzdqetfg1pra","id":"zylpzdqetfg1pra"},"id":"6v0u2at687hdvt7","previousOperationId":"6r123funac1jaqf"}
{"type":"operationEnd","subtype":"render","operationId":"3r7e07hu9nercqz","timestamp":1701691058443,"id":"oh2rgdixj4wrf4l","previousEventId":"gssc8p486gkx8h2","previousOperationId":"6r123funac1jaqf"}
{"type":"operationEnd","doDiffs":false,"previousEventId":"v6elgmogh2xf6tt","previousOperationId":"5mwekpo0wm61fns","operationId":"5mwekpo0wm61fns","timestamp":1701691058445,"id":"yt8h5ljsgyz3gy1"}
