{"type":"operationStart","subtype":"profile","data":{"_id":"ERvGayzuiFtDSdLL","timestamp":"2023-12-01T10:06:19.679Z","state":"queued","mode":"standard","creationDate":"2023-12-01T10:06:19.680Z","modificationDate":"2023-12-01T10:06:19.680Z","shortid":"A9G3HHw","$entitySet":"profiles"},"doDiffs":false,"timestamp":1701425179680,"id":"vabnlrszcgw8a5f","previousOperationId":null,"operationId":"16p3sowamcx2768"}
{"type":"log","level":"info","message":"Render request 80 queued for execution and waiting for available worker","previousOperationId":"16p3sowamcx2768","timestamp":1701425179680,"id":"9gqg2kd4j21j27r"}
{"type":"operationStart","subtype":"render","name":"header-footer","previousOperationId":"16p3sowamcx2768","timestamp":1701425179686,"id":"7l71sqmubj86zb7","previousEventId":"vabnlrszcgw8a5f","operationId":"ptdhbr2mlsf9xj9"}
{"type":"log","timestamp":1701425179686,"level":"info","message":"Starting rendering request 80","meta":{"rootId":"ka2on29ss3tgbad","id":"ka2on29ss3tgbad"},"id":"e7yblem7k324ttn","previousOperationId":"ptdhbr2mlsf9xj9"}
{"type":"log","timestamp":1701425179686,"level":"info","message":"Rendering template { name: header-footer, recipe: chrome-pdf, engine: handlebars, preview: true }","meta":{"rootId":"ka2on29ss3tgbad","id":"ka2on29ss3tgbad"},"id":"1oy5mgrkp0qzwjo","previousOperationId":"ptdhbr2mlsf9xj9"}
{"type":"log","timestamp":1701425179687,"level":"debug","message":"Data item not defined for this template.","meta":{"rootId":"ka2on29ss3tgbad","id":"ka2on29ss3tgbad"},"id":"o05acwgxabk5kre","previousOperationId":"ptdhbr2mlsf9xj9"}
{"type":"log","timestamp":1701425179694,"level":"debug","message":"Base url not specified, skipping its injection.","meta":{"rootId":"ka2on29ss3tgbad","id":"ka2on29ss3tgbad"},"id":"5v1uxd82qahr9pp","previousOperationId":"ptdhbr2mlsf9xj9"}
{"type":"operationStart","subtype":"engine","name":"handlebars","timestamp":1701425179694,"id":"cuvxdynl014q2gp","previousEventId":"7l71sqmubj86zb7","operationId":"mg7a439e48k167i","previousOperationId":"ptdhbr2mlsf9xj9"}
{"type":"log","timestamp":1701425179694,"level":"debug","message":"Rendering engine handlebars","meta":{"rootId":"ka2on29ss3tgbad","id":"ka2on29ss3tgbad"},"id":"b1nx4eg0dwupnd7","previousOperationId":"mg7a439e48k167i"}
{"type":"operationEnd","operationId":"mg7a439e48k167i","timestamp":1701425179700,"id":"2pugugfuis7k6y7","previousEventId":"cuvxdynl014q2gp","previousOperationId":"mg7a439e48k167i"}
{"type":"operationStart","subtype":"recipe","name":"chrome-pdf","timestamp":1701425179701,"id":"2ojxmhy0ftedo76","previousEventId":"2pugugfuis7k6y7","operationId":"7uiu8kiet933o4w","previousOperationId":"mg7a439e48k167i"}
{"type":"log","timestamp":1701425179701,"level":"debug","message":"Executing recipe chrome-pdf","meta":{"rootId":"ka2on29ss3tgbad","id":"ka2on29ss3tgbad"},"id":"l6d9gadbnyl2ffw","previousOperationId":"7uiu8kiet933o4w"}
{"type":"log","timestamp":1701425179702,"level":"debug","message":"Converting with chrome HeadlessChrome/117.0.5938.149 using chrome-pool strategy","meta":{"rootId":"ka2on29ss3tgbad","id":"ka2on29ss3tgbad"},"id":"j3y9cg02l2wq4li","previousOperationId":"7uiu8kiet933o4w"}
{"type":"log","timestamp":1701425179752,"level":"debug","message":"Page request: GET (document) file:///var/folders/dp/qk79pfcj0y1fmtkkl08m76rc0000gn/T/jsreport/autocleanup/7ea325d7-cfda-4384-a65a-2dd7f395cb29-chrome-pdf.html","meta":{"rootId":"ka2on29ss3tgbad","id":"ka2on29ss3tgbad"},"id":"wel02r9yrgjckwn","previousOperationId":"7uiu8kiet933o4w"}
{"type":"log","timestamp":1701425179757,"level":"debug","message":"Page request finished: GET (document) 200 file:///var/folders/dp/qk79pfcj0y1fmtkkl08m76rc0000gn/T/jsreport/autocleanup/7ea325d7-cfda-4384-a65a-2dd7f395cb29-chrome-pdf.html","meta":{"rootId":"ka2on29ss3tgbad","id":"ka2on29ss3tgbad"},"id":"fzsec3mx0219wlk","previousOperationId":"7uiu8kiet933o4w"}
{"type":"log","timestamp":1701425179758,"level":"debug","message":"Running chrome with params {\"timeout\":59978,\"margin\":{},\"printBackground\":true}","meta":{"rootId":"ka2on29ss3tgbad","id":"ka2on29ss3tgbad"},"id":"20zmflahq0jzrfd","previousOperationId":"7uiu8kiet933o4w"}
{"type":"operationEnd","operationId":"7uiu8kiet933o4w","timestamp":1701425179762,"id":"wl5olmmmoyce6uk","previousEventId":"2ojxmhy0ftedo76","previousOperationId":"7uiu8kiet933o4w"}
{"type":"log","timestamp":1701425179762,"level":"debug","message":"Skipping storing report.","meta":{"rootId":"ka2on29ss3tgbad","id":"ka2on29ss3tgbad"},"id":"sedgkh5e9je0ar9","previousOperationId":"7uiu8kiet933o4w"}
{"type":"log","timestamp":1701425179762,"level":"info","message":"Rendering request 80 finished in 83 ms","meta":{"rootId":"ka2on29ss3tgbad","id":"ka2on29ss3tgbad"},"id":"rns8ixb8awydfei","previousOperationId":"7uiu8kiet933o4w"}
{"type":"operationEnd","subtype":"render","operationId":"ptdhbr2mlsf9xj9","timestamp":1701425179762,"id":"mhk6cgq1a0awaos","previousEventId":"wl5olmmmoyce6uk","previousOperationId":"7uiu8kiet933o4w"}
{"type":"operationEnd","doDiffs":false,"previousEventId":"vabnlrszcgw8a5f","previousOperationId":"16p3sowamcx2768","operationId":"16p3sowamcx2768","timestamp":1701425179763,"id":"qcr6z9uwtqdtmkn"}
