{"type":"operationStart","subtype":"profile","data":{"_id":"UieXMoXvrZFSMRk4","timestamp":"2023-11-27T14:54:03.935Z","state":"queued","mode":"standard","creationDate":"2023-11-27T14:54:03.936Z","modificationDate":"2023-11-27T14:54:03.936Z","shortid":"KF6t-Gs","$entitySet":"profiles"},"doDiffs":false,"timestamp":1701096843936,"id":"697nnp756narjyk","previousOperationId":null,"operationId":"5q4pf8vezmgm0fe"}
{"type":"log","level":"info","message":"Render request 158 queued for execution and waiting for available worker","previousOperationId":"5q4pf8vezmgm0fe","timestamp":1701096843936,"id":"nygkpjujp20nlsk"}
{"type":"operationStart","subtype":"render","name":"pns_index","previousOperationId":"5q4pf8vezmgm0fe","timestamp":1701096843940,"id":"58ekmcpakocygsp","previousEventId":"697nnp756narjyk","operationId":"5v71ikn1m9zky82"}
{"type":"log","timestamp":1701096843940,"level":"info","message":"Starting rendering request 158","meta":{"rootId":"lfrcttp3qqg2nhp","id":"lfrcttp3qqg2nhp"},"id":"g9afi6fl73vjse5","previousOperationId":"5v71ikn1m9zky82"}
{"type":"log","timestamp":1701096843941,"level":"info","message":"Rendering template { name: pns_index, recipe: chrome-pdf, engine: handlebars, preview: true }","meta":{"rootId":"lfrcttp3qqg2nhp","id":"lfrcttp3qqg2nhp"},"id":"jic072oo1esu9wd","previousOperationId":"5v71ikn1m9zky82"}
{"type":"log","timestamp":1701096843941,"level":"debug","message":"Adding sample data flbhzmKcJ","meta":{"rootId":"lfrcttp3qqg2nhp","id":"lfrcttp3qqg2nhp"},"id":"37tyzvfdoapqt8e","previousOperationId":"5v71ikn1m9zky82"}
{"type":"log","timestamp":1701096843942,"level":"debug","message":"Base url not specified, skipping its injection.","meta":{"rootId":"lfrcttp3qqg2nhp","id":"lfrcttp3qqg2nhp"},"id":"pl53pjxzsipe5b7","previousOperationId":"5v71ikn1m9zky82"}
{"type":"operationStart","subtype":"engine","name":"handlebars","timestamp":1701096843942,"id":"7tiqymtmdg2axcz","previousEventId":"58ekmcpakocygsp","operationId":"4qxknixej1y2nfb","previousOperationId":"5v71ikn1m9zky82"}
{"type":"log","timestamp":1701096843942,"level":"debug","message":"Rendering engine handlebars","meta":{"rootId":"lfrcttp3qqg2nhp","id":"lfrcttp3qqg2nhp"},"id":"ls4np1j5ccc9y71","previousOperationId":"4qxknixej1y2nfb"}
{"type":"operationEnd","operationId":"4qxknixej1y2nfb","timestamp":1701096843949,"id":"bkckt7ucqcqca20","previousEventId":"7tiqymtmdg2axcz","previousOperationId":"4qxknixej1y2nfb"}
{"type":"operationStart","subtype":"recipe","name":"chrome-pdf","timestamp":1701096843950,"id":"o2b0lqreylkkpyo","previousEventId":"bkckt7ucqcqca20","operationId":"u5fjoazujg1l7vh","previousOperationId":"4qxknixej1y2nfb"}
{"type":"log","timestamp":1701096843950,"level":"debug","message":"Executing recipe chrome-pdf","meta":{"rootId":"lfrcttp3qqg2nhp","id":"lfrcttp3qqg2nhp"},"id":"qzutv7wsuxl6m8y","previousOperationId":"u5fjoazujg1l7vh"}
{"type":"log","timestamp":1701096843951,"level":"debug","message":"Converting with chrome HeadlessChrome/117.0.5938.149 using chrome-pool strategy","meta":{"rootId":"lfrcttp3qqg2nhp","id":"lfrcttp3qqg2nhp"},"id":"bi2is06dejhc8bz","previousOperationId":"u5fjoazujg1l7vh"}
{"type":"log","timestamp":1701096843991,"level":"debug","message":"Page request: GET (document) file:///var/folders/dp/qk79pfcj0y1fmtkkl08m76rc0000gn/T/jsreport/autocleanup/ea089cda-918a-4ca7-a42a-f55c912932fe-chrome-pdf.html","meta":{"rootId":"lfrcttp3qqg2nhp","id":"lfrcttp3qqg2nhp"},"id":"f28npejqioycrw7","previousOperationId":"u5fjoazujg1l7vh"}
{"type":"log","timestamp":1701096843997,"level":"debug","message":"Page request finished: GET (document) 200 file:///var/folders/dp/qk79pfcj0y1fmtkkl08m76rc0000gn/T/jsreport/autocleanup/ea089cda-918a-4ca7-a42a-f55c912932fe-chrome-pdf.html","meta":{"rootId":"lfrcttp3qqg2nhp","id":"lfrcttp3qqg2nhp"},"id":"lcl3exwwvo2j8b7","previousOperationId":"u5fjoazujg1l7vh"}
{"type":"log","timestamp":1701096844004,"level":"debug","message":"Running chrome with params {\"printBackground\":true,\"timeout\":59985,\"margin\":{}}","meta":{"rootId":"lfrcttp3qqg2nhp","id":"lfrcttp3qqg2nhp"},"id":"7tcmw74jj8notqh","previousOperationId":"u5fjoazujg1l7vh"}
{"type":"operationEnd","operationId":"u5fjoazujg1l7vh","timestamp":1701096844020,"id":"xaks1ytcjpx3wzo","previousEventId":"o2b0lqreylkkpyo","previousOperationId":"u5fjoazujg1l7vh"}
{"type":"log","timestamp":1701096844020,"level":"debug","message":"Skipping storing report.","meta":{"rootId":"lfrcttp3qqg2nhp","id":"lfrcttp3qqg2nhp"},"id":"98sa5weehq7czz5","previousOperationId":"u5fjoazujg1l7vh"}
{"type":"log","timestamp":1701096844021,"level":"info","message":"Rendering request 158 finished in 86 ms","meta":{"rootId":"lfrcttp3qqg2nhp","id":"lfrcttp3qqg2nhp"},"id":"v3cpd5gf3aj3a88","previousOperationId":"u5fjoazujg1l7vh"}
{"type":"operationEnd","subtype":"render","operationId":"5v71ikn1m9zky82","timestamp":1701096844021,"id":"2b7ek6xm0iyi2tt","previousEventId":"xaks1ytcjpx3wzo","previousOperationId":"u5fjoazujg1l7vh"}
{"type":"operationEnd","doDiffs":false,"previousEventId":"697nnp756narjyk","previousOperationId":"5q4pf8vezmgm0fe","operationId":"5q4pf8vezmgm0fe","timestamp":1701096844022,"id":"5myg0kjpzemskm0"}
