{"type":"operationStart","subtype":"profile","data":{"_id":"LfNvKiGVmzJ017kC","timestamp":"2023-11-27T11:09:58.861Z","state":"queued","mode":"standard","creationDate":"2023-11-27T11:09:58.862Z","modificationDate":"2023-11-27T11:09:58.862Z","shortid":"XMhFl-4","$entitySet":"profiles"},"doDiffs":false,"timestamp":1701083398862,"id":"azc9j745w2zcu3z","previousOperationId":null,"operationId":"j86k9b2o6mnq8d4"}
{"type":"log","level":"info","message":"Render request 70 queued for execution and waiting for available worker","previousOperationId":"j86k9b2o6mnq8d4","timestamp":1701083398862,"id":"e3q5d028p630xj8"}
{"type":"operationStart","subtype":"render","name":"sporazum_fizicko","previousOperationId":"j86k9b2o6mnq8d4","timestamp":1701083398866,"id":"wnxkw0cb5mt7nec","previousEventId":"azc9j745w2zcu3z","operationId":"ac9jmps9ch9xlf2"}
{"type":"log","timestamp":1701083398867,"level":"info","message":"Starting rendering request 70","meta":{"rootId":"056psr6da1d6mwd","id":"056psr6da1d6mwd"},"id":"m8910ph0qcujxv9","previousOperationId":"ac9jmps9ch9xlf2"}
{"type":"log","timestamp":1701083398867,"level":"info","message":"Rendering template { name: sporazum_fizicko, recipe: chrome-pdf, engine: handlebars, preview: true }","meta":{"rootId":"056psr6da1d6mwd","id":"056psr6da1d6mwd"},"id":"hb7b56l5dxpzx22","previousOperationId":"ac9jmps9ch9xlf2"}
{"type":"log","timestamp":1701083398868,"level":"debug","message":"Adding sample data ddGak933b","meta":{"rootId":"056psr6da1d6mwd","id":"056psr6da1d6mwd"},"id":"rltua30olc18c1z","previousOperationId":"ac9jmps9ch9xlf2"}
{"type":"log","timestamp":1701083398869,"level":"debug","message":"Base url not specified, skipping its injection.","meta":{"rootId":"056psr6da1d6mwd","id":"056psr6da1d6mwd"},"id":"r0yw618byhk53vy","previousOperationId":"ac9jmps9ch9xlf2"}
{"type":"operationStart","subtype":"engine","name":"handlebars","timestamp":1701083398870,"id":"2193cuwgu8937r1","previousEventId":"wnxkw0cb5mt7nec","operationId":"2fwczt5zg4ca4av","previousOperationId":"ac9jmps9ch9xlf2"}
{"type":"log","timestamp":1701083398870,"level":"debug","message":"Rendering engine handlebars","meta":{"rootId":"056psr6da1d6mwd","id":"056psr6da1d6mwd"},"id":"ubcnyty26dgsza6","previousOperationId":"2fwczt5zg4ca4av"}
{"type":"operationEnd","operationId":"2fwczt5zg4ca4av","timestamp":1701083398893,"id":"ap2i8esmlvsuad6","previousEventId":"2193cuwgu8937r1","previousOperationId":"2fwczt5zg4ca4av"}
{"type":"operationStart","subtype":"recipe","name":"chrome-pdf","timestamp":1701083398894,"id":"b2szffuyghrfnix","previousEventId":"ap2i8esmlvsuad6","operationId":"42r7rzwizf7g55n","previousOperationId":"2fwczt5zg4ca4av"}
{"type":"log","timestamp":1701083398894,"level":"debug","message":"Executing recipe chrome-pdf","meta":{"rootId":"056psr6da1d6mwd","id":"056psr6da1d6mwd"},"id":"gc8me0evo10c0r5","previousOperationId":"42r7rzwizf7g55n"}
{"type":"log","timestamp":1701083398895,"level":"debug","message":"Converting with chrome HeadlessChrome/117.0.5938.149 using chrome-pool strategy","meta":{"rootId":"056psr6da1d6mwd","id":"056psr6da1d6mwd"},"id":"tb8f5tsk2dae221","previousOperationId":"42r7rzwizf7g55n"}
{"type":"log","timestamp":1701083398944,"level":"debug","message":"Page request: GET (document) file:///var/folders/dp/qk79pfcj0y1fmtkkl08m76rc0000gn/T/jsreport/autocleanup/17f5d0c8-c9c1-467d-ac29-8b322b77c656-chrome-pdf.html","meta":{"rootId":"056psr6da1d6mwd","id":"056psr6da1d6mwd"},"id":"pk1qig09vf2myz2","previousOperationId":"42r7rzwizf7g55n"}
{"type":"log","timestamp":1701083398948,"level":"debug","message":"Page request finished: GET (document) 200 file:///var/folders/dp/qk79pfcj0y1fmtkkl08m76rc0000gn/T/jsreport/autocleanup/17f5d0c8-c9c1-467d-ac29-8b322b77c656-chrome-pdf.html","meta":{"rootId":"056psr6da1d6mwd","id":"056psr6da1d6mwd"},"id":"ggjiefhqg6zets6","previousOperationId":"42r7rzwizf7g55n"}
{"type":"log","timestamp":1701083398959,"level":"debug","message":"Running chrome with params {\"printBackground\":true,\"marginTop\":\"2cm\",\"marginBottom\":\"2cm\",\"timeout\":59967,\"margin\":{\"top\":\"2cm\",\"bottom\":\"2cm\"}}","meta":{"rootId":"056psr6da1d6mwd","id":"056psr6da1d6mwd"},"id":"fsb37ja5ehs5u84","previousOperationId":"42r7rzwizf7g55n"}
{"type":"operationEnd","operationId":"42r7rzwizf7g55n","timestamp":1701083398979,"id":"ws3ax2awebcuoqw","previousEventId":"b2szffuyghrfnix","previousOperationId":"42r7rzwizf7g55n"}
{"type":"log","timestamp":1701083398979,"level":"info","message":"pdf-utils is starting pdf processing","meta":{"rootId":"056psr6da1d6mwd","id":"056psr6da1d6mwd"},"id":"z4ojtsqq5av90df","previousOperationId":"42r7rzwizf7g55n"}
{"type":"operationStart","subtype":"pdfUtils","name":"pdf utils","timestamp":1701083398979,"id":"c8gi9mpbmsl1hhg","previousEventId":"ws3ax2awebcuoqw","operationId":"zh5e2oj22ccxfy6","previousOperationId":"42r7rzwizf7g55n"}
{"type":"log","timestamp":1701083398979,"level":"debug","message":"pdf-utils detected 1 pdf operation(s) to process","meta":{"rootId":"056psr6da1d6mwd","id":"056psr6da1d6mwd"},"id":"0rwj46ecqmwjy2m","previousOperationId":"zh5e2oj22ccxfy6"}
{"type":"log","timestamp":1701083398998,"level":"debug","message":"pdf-utils running pdf operation merge","meta":{"rootId":"056psr6da1d6mwd","id":"056psr6da1d6mwd"},"id":"zozvrysbj3jzfg0","previousOperationId":"zh5e2oj22ccxfy6"}
{"type":"operationStart","subtype":"pdfUtilsMerge","name":"pdf utils merge","previousOperationId":"zh5e2oj22ccxfy6","timestamp":1701083398998,"id":"8kskmdn2aeffqh2","previousEventId":"c8gi9mpbmsl1hhg","operationId":"xzqeg3jz54dxp42"}
{"type":"operationStart","subtype":"render","name":"header-footer","previousOperationId":"xzqeg3jz54dxp42","timestamp":1701083398998,"id":"zhj87jxa4otzb49","previousEventId":"8kskmdn2aeffqh2","operationId":"dvurr7ypfms6jfe"}
{"type":"log","timestamp":1701083398998,"level":"info","message":"Starting rendering (child) request","meta":{"rootId":"056psr6da1d6mwd","id":"4vuwbmgs9zbx3yj"},"id":"fmro1npt0f1yobe","previousOperationId":"dvurr7ypfms6jfe"}
{"type":"log","timestamp":1701083398998,"level":"info","message":"Rendering template { name: header-footer, recipe: chrome-pdf, engine: handlebars, preview: true }","meta":{"rootId":"056psr6da1d6mwd","id":"4vuwbmgs9zbx3yj"},"id":"1elussf96cd41xv","previousOperationId":"dvurr7ypfms6jfe"}
{"type":"log","timestamp":1701083398998,"level":"debug","message":"Inline data specified.","meta":{"rootId":"056psr6da1d6mwd","id":"4vuwbmgs9zbx3yj"},"id":"yntqaw2nbhabwus","previousOperationId":"dvurr7ypfms6jfe"}
{"type":"log","timestamp":1701083399001,"level":"debug","message":"Base url not specified, skipping its injection.","meta":{"rootId":"056psr6da1d6mwd","id":"4vuwbmgs9zbx3yj"},"id":"66meu3jm0zq2zfx","previousOperationId":"dvurr7ypfms6jfe"}
{"type":"operationStart","subtype":"engine","name":"handlebars","timestamp":1701083399001,"id":"eoybx713kzo9obq","previousEventId":"zhj87jxa4otzb49","operationId":"dkp2tz2ztopfrg7","previousOperationId":"dvurr7ypfms6jfe"}
{"type":"log","timestamp":1701083399001,"level":"debug","message":"Rendering engine handlebars","meta":{"rootId":"056psr6da1d6mwd","id":"4vuwbmgs9zbx3yj"},"id":"ou22g39wdnli1qj","previousOperationId":"dkp2tz2ztopfrg7"}
{"type":"operationEnd","operationId":"dkp2tz2ztopfrg7","timestamp":1701083399006,"id":"rfma2vs9aehifxq","previousEventId":"eoybx713kzo9obq","previousOperationId":"dkp2tz2ztopfrg7"}
{"type":"operationStart","subtype":"recipe","name":"chrome-pdf","timestamp":1701083399006,"id":"bsqw1ujm70g8yni","previousEventId":"rfma2vs9aehifxq","operationId":"s5h2ocqbx6x06vp","previousOperationId":"dkp2tz2ztopfrg7"}
{"type":"log","timestamp":1701083399006,"level":"debug","message":"Executing recipe chrome-pdf","meta":{"rootId":"056psr6da1d6mwd","id":"4vuwbmgs9zbx3yj"},"id":"5f8o79bcaoewhc5","previousOperationId":"s5h2ocqbx6x06vp"}
{"type":"log","timestamp":1701083399008,"level":"debug","message":"Converting with chrome HeadlessChrome/117.0.5938.149 using chrome-pool strategy","meta":{"rootId":"056psr6da1d6mwd","id":"4vuwbmgs9zbx3yj"},"id":"8wp6b36v1n2ys6v","previousOperationId":"s5h2ocqbx6x06vp"}
{"type":"log","timestamp":1701083399045,"level":"debug","message":"Page request: GET (document) file:///var/folders/dp/qk79pfcj0y1fmtkkl08m76rc0000gn/T/jsreport/autocleanup/f8e34cd1-1336-44c9-944f-d5b9f0c5d9f7-chrome-pdf.html","meta":{"rootId":"056psr6da1d6mwd","id":"4vuwbmgs9zbx3yj"},"id":"rb62f8tkwaiheu7","previousOperationId":"s5h2ocqbx6x06vp"}
{"type":"log","timestamp":1701083399049,"level":"debug","message":"Page request finished: GET (document) 200 file:///var/folders/dp/qk79pfcj0y1fmtkkl08m76rc0000gn/T/jsreport/autocleanup/f8e34cd1-1336-44c9-944f-d5b9f0c5d9f7-chrome-pdf.html","meta":{"rootId":"056psr6da1d6mwd","id":"4vuwbmgs9zbx3yj"},"id":"yh80lcgyyz312uj","previousOperationId":"s5h2ocqbx6x06vp"}
{"type":"log","timestamp":1701083399057,"level":"debug","message":"Running chrome with params {\"timeout\":59854,\"margin\":{},\"printBackground\":true}","meta":{"rootId":"056psr6da1d6mwd","id":"4vuwbmgs9zbx3yj"},"id":"iax4lbxukhxmrzj","previousOperationId":"s5h2ocqbx6x06vp"}
{"type":"operationEnd","operationId":"s5h2ocqbx6x06vp","timestamp":1701083399063,"id":"bufuuf1utdx8oek","previousEventId":"bsqw1ujm70g8yni","previousOperationId":"s5h2ocqbx6x06vp"}
{"type":"log","timestamp":1701083399063,"level":"debug","message":"Skipping storing report.","meta":{"rootId":"056psr6da1d6mwd","id":"4vuwbmgs9zbx3yj"},"id":"qeyisqodi07g1la","previousOperationId":"s5h2ocqbx6x06vp"}
{"type":"log","timestamp":1701083399063,"level":"info","message":"Rendering (child) request finished in 202 ms","meta":{"rootId":"056psr6da1d6mwd","id":"4vuwbmgs9zbx3yj"},"id":"riitqdun2jsm88k","previousOperationId":"s5h2ocqbx6x06vp"}
{"type":"operationEnd","subtype":"render","operationId":"dvurr7ypfms6jfe","timestamp":1701083399063,"id":"ak4f5ak3dse4gvp","previousEventId":"bufuuf1utdx8oek","previousOperationId":"s5h2ocqbx6x06vp"}
{"type":"operationEnd","operationId":"xzqeg3jz54dxp42","timestamp":1701083399067,"id":"4tjybo5as637ez2","previousEventId":"8kskmdn2aeffqh2","previousOperationId":"xzqeg3jz54dxp42"}
{"type":"log","timestamp":1701083399067,"level":"debug","message":"pdf-utils postproces start","meta":{"rootId":"056psr6da1d6mwd","id":"056psr6da1d6mwd"},"id":"qy7g0ujne6j3p1h","previousOperationId":"xzqeg3jz54dxp42"}
{"type":"log","timestamp":1701083399074,"level":"debug","message":"pdf-utils postproces end","meta":{"rootId":"056psr6da1d6mwd","id":"056psr6da1d6mwd"},"id":"77wl7321wd5i9w6","previousOperationId":"xzqeg3jz54dxp42"}
{"type":"operationEnd","operationId":"zh5e2oj22ccxfy6","timestamp":1701083399074,"id":"jev7rowokty8yig","previousEventId":"4tjybo5as637ez2","previousOperationId":"xzqeg3jz54dxp42"}
{"type":"log","timestamp":1701083399074,"level":"info","message":"pdf-utils pdf processing was finished","meta":{"rootId":"056psr6da1d6mwd","id":"056psr6da1d6mwd"},"id":"1fflq4fn4iypkjt","previousOperationId":"zh5e2oj22ccxfy6"}
{"type":"log","timestamp":1701083399074,"level":"debug","message":"Skipping storing report.","meta":{"rootId":"056psr6da1d6mwd","id":"056psr6da1d6mwd"},"id":"zg1066rql17nght","previousOperationId":"zh5e2oj22ccxfy6"}
{"type":"log","timestamp":1701083399074,"level":"info","message":"Rendering request 70 finished in 213 ms","meta":{"rootId":"056psr6da1d6mwd","id":"056psr6da1d6mwd"},"id":"l4fhhz5wddl7y3q","previousOperationId":"zh5e2oj22ccxfy6"}
{"type":"operationEnd","subtype":"render","operationId":"ac9jmps9ch9xlf2","timestamp":1701083399074,"id":"25gobk26lbv3c2j","previousEventId":"jev7rowokty8yig","previousOperationId":"zh5e2oj22ccxfy6"}
{"type":"operationEnd","doDiffs":false,"previousEventId":"azc9j745w2zcu3z","previousOperationId":"j86k9b2o6mnq8d4","operationId":"j86k9b2o6mnq8d4","timestamp":1701083399076,"id":"tvk76uz5hn859kv"}
