{"type":"operationStart","subtype":"profile","data":{"_id":"zAwooblzqTQvWaN4","timestamp":"2023-11-28T12:47:56.626Z","state":"queued","mode":"standard","creationDate":"2023-11-28T12:47:56.629Z","modificationDate":"2023-11-28T12:47:56.629Z","shortid":"8hcZfH7","$entitySet":"profiles"},"doDiffs":false,"timestamp":1701175676628,"id":"3hpbupnxwa6rabk","previousOperationId":null,"operationId":"sqkv4djtjcxbv11"}
{"type":"log","level":"info","message":"Render request 58 queued for execution and waiting for available worker","previousOperationId":"sqkv4djtjcxbv11","timestamp":1701175676629,"id":"zb5cqmj8is5yn08"}
{"type":"operationStart","subtype":"render","name":"sporazum_fizicko","previousOperationId":"sqkv4djtjcxbv11","timestamp":1701175676640,"id":"kj9ce44u25frq28","previousEventId":"3hpbupnxwa6rabk","operationId":"y7ljspm9bw4xomk"}
{"type":"log","timestamp":1701175676641,"level":"info","message":"Starting rendering request 58","meta":{"rootId":"2ems51iluwla2v7","id":"2ems51iluwla2v7"},"id":"uqq2xh7671dm3oz","previousOperationId":"y7ljspm9bw4xomk"}
{"type":"log","timestamp":1701175676642,"level":"info","message":"Rendering template { name: sporazum_fizicko, recipe: chrome-pdf, engine: handlebars, preview: true }","meta":{"rootId":"2ems51iluwla2v7","id":"2ems51iluwla2v7"},"id":"w8eiodjo6oobfp6","previousOperationId":"y7ljspm9bw4xomk"}
{"type":"log","timestamp":1701175676645,"level":"debug","message":"Adding sample data ddGak933b","meta":{"rootId":"2ems51iluwla2v7","id":"2ems51iluwla2v7"},"id":"5kuo4rfetivplaz","previousOperationId":"y7ljspm9bw4xomk"}
{"type":"log","timestamp":1701175676648,"level":"debug","message":"Base url not specified, skipping its injection.","meta":{"rootId":"2ems51iluwla2v7","id":"2ems51iluwla2v7"},"id":"hjgviaub7jyzawg","previousOperationId":"y7ljspm9bw4xomk"}
{"type":"operationStart","subtype":"engine","name":"handlebars","timestamp":1701175676648,"id":"yldizaymrdr05ob","previousEventId":"kj9ce44u25frq28","operationId":"3rmjr41imaarqbe","previousOperationId":"y7ljspm9bw4xomk"}
{"type":"log","timestamp":1701175676648,"level":"debug","message":"Rendering engine handlebars","meta":{"rootId":"2ems51iluwla2v7","id":"2ems51iluwla2v7"},"id":"da5qg2f5ss8am9g","previousOperationId":"3rmjr41imaarqbe"}
{"type":"operationEnd","operationId":"3rmjr41imaarqbe","timestamp":1701175676673,"id":"izb2sdncbtp9unw","previousEventId":"yldizaymrdr05ob","previousOperationId":"3rmjr41imaarqbe"}
{"type":"operationStart","subtype":"recipe","name":"chrome-pdf","timestamp":1701175676673,"id":"ebqpemy0uzi868g","previousEventId":"izb2sdncbtp9unw","operationId":"he7655swwrintq3","previousOperationId":"3rmjr41imaarqbe"}
{"type":"log","timestamp":1701175676673,"level":"debug","message":"Executing recipe chrome-pdf","meta":{"rootId":"2ems51iluwla2v7","id":"2ems51iluwla2v7"},"id":"648lt25w77b6lo2","previousOperationId":"he7655swwrintq3"}
{"type":"log","timestamp":1701175676676,"level":"debug","message":"Converting with chrome HeadlessChrome/117.0.5938.149 using chrome-pool strategy","meta":{"rootId":"2ems51iluwla2v7","id":"2ems51iluwla2v7"},"id":"mqp6z5ax7t4vlcf","previousOperationId":"he7655swwrintq3"}
{"type":"log","timestamp":1701175676721,"level":"debug","message":"Page request: GET (document) file:///var/folders/dp/qk79pfcj0y1fmtkkl08m76rc0000gn/T/jsreport/autocleanup/2803581f-080f-4b27-ad15-a3c877b66b4e-chrome-pdf.html","meta":{"rootId":"2ems51iluwla2v7","id":"2ems51iluwla2v7"},"id":"fkpp7merckobjvx","previousOperationId":"he7655swwrintq3"}
{"type":"log","timestamp":1701175676727,"level":"debug","message":"Page request finished: GET (document) 200 file:///var/folders/dp/qk79pfcj0y1fmtkkl08m76rc0000gn/T/jsreport/autocleanup/2803581f-080f-4b27-ad15-a3c877b66b4e-chrome-pdf.html","meta":{"rootId":"2ems51iluwla2v7","id":"2ems51iluwla2v7"},"id":"esoow1zr7c9diky","previousOperationId":"he7655swwrintq3"}
{"type":"log","timestamp":1701175676736,"level":"debug","message":"Running chrome with params {\"printBackground\":true,\"marginTop\":\"2cm\",\"marginBottom\":\"2cm\",\"timeout\":59951,\"margin\":{\"top\":\"2cm\",\"bottom\":\"2cm\"}}","meta":{"rootId":"2ems51iluwla2v7","id":"2ems51iluwla2v7"},"id":"rxup5j6x7sya3kf","previousOperationId":"he7655swwrintq3"}
{"type":"operationEnd","operationId":"he7655swwrintq3","timestamp":1701175676759,"id":"0uaufi247tvwpgh","previousEventId":"ebqpemy0uzi868g","previousOperationId":"he7655swwrintq3"}
{"type":"log","timestamp":1701175676759,"level":"info","message":"pdf-utils is starting pdf processing","meta":{"rootId":"2ems51iluwla2v7","id":"2ems51iluwla2v7"},"id":"e8z6pr4qnolda70","previousOperationId":"he7655swwrintq3"}
{"type":"operationStart","subtype":"pdfUtils","name":"pdf utils","timestamp":1701175676849,"id":"arubgzmye0uc321","previousEventId":"0uaufi247tvwpgh","operationId":"pcl8jnnfe9z151d","previousOperationId":"he7655swwrintq3"}
{"type":"log","timestamp":1701175676849,"level":"debug","message":"pdf-utils detected 1 pdf operation(s) to process","meta":{"rootId":"2ems51iluwla2v7","id":"2ems51iluwla2v7"},"id":"flvu8i06qrjymlq","previousOperationId":"pcl8jnnfe9z151d"}
{"type":"log","timestamp":1701175676909,"level":"debug","message":"pdf-utils running pdf operation merge","meta":{"rootId":"2ems51iluwla2v7","id":"2ems51iluwla2v7"},"id":"ipce8ijt1vle70r","previousOperationId":"pcl8jnnfe9z151d"}
{"type":"operationStart","subtype":"pdfUtilsMerge","name":"pdf utils merge","previousOperationId":"pcl8jnnfe9z151d","timestamp":1701175676909,"id":"5pcp65dc0a4zy99","previousEventId":"arubgzmye0uc321","operationId":"gci9ek524z9bkb9"}
{"type":"operationStart","subtype":"render","name":"header-footer","previousOperationId":"gci9ek524z9bkb9","timestamp":1701175676910,"id":"9pw89r0xb96td7a","previousEventId":"5pcp65dc0a4zy99","operationId":"k47y7hbhjqcmvb5"}
{"type":"log","timestamp":1701175676910,"level":"info","message":"Starting rendering (child) request","meta":{"rootId":"2ems51iluwla2v7","id":"tf5duk9axx9bw6x"},"id":"0m7rnobh92zufgz","previousOperationId":"k47y7hbhjqcmvb5"}
{"type":"log","timestamp":1701175676910,"level":"info","message":"Rendering template { name: header-footer, recipe: chrome-pdf, engine: handlebars, preview: true }","meta":{"rootId":"2ems51iluwla2v7","id":"tf5duk9axx9bw6x"},"id":"vpz9l4fg2oqab4u","previousOperationId":"k47y7hbhjqcmvb5"}
{"type":"log","timestamp":1701175676911,"level":"debug","message":"Inline data specified.","meta":{"rootId":"2ems51iluwla2v7","id":"tf5duk9axx9bw6x"},"id":"bobdsfln7xbq820","previousOperationId":"k47y7hbhjqcmvb5"}
{"type":"log","timestamp":1701175676912,"level":"debug","message":"Base url not specified, skipping its injection.","meta":{"rootId":"2ems51iluwla2v7","id":"tf5duk9axx9bw6x"},"id":"s437sqoywc1m9ga","previousOperationId":"k47y7hbhjqcmvb5"}
{"type":"operationStart","subtype":"engine","name":"handlebars","timestamp":1701175676912,"id":"9ifdufsokshznzf","previousEventId":"9pw89r0xb96td7a","operationId":"lp3uta3bocdfyep","previousOperationId":"k47y7hbhjqcmvb5"}
{"type":"log","timestamp":1701175676912,"level":"debug","message":"Rendering engine handlebars","meta":{"rootId":"2ems51iluwla2v7","id":"tf5duk9axx9bw6x"},"id":"54zo6avmqbboc4u","previousOperationId":"lp3uta3bocdfyep"}
{"type":"operationEnd","operationId":"lp3uta3bocdfyep","timestamp":1701175676995,"id":"wsrj7bbbc5v6wxk","previousEventId":"9ifdufsokshznzf","previousOperationId":"lp3uta3bocdfyep"}
{"type":"operationStart","subtype":"recipe","name":"chrome-pdf","timestamp":1701175676995,"id":"pursyls96lm2he5","previousEventId":"wsrj7bbbc5v6wxk","operationId":"9udlypmgnnzgh9a","previousOperationId":"lp3uta3bocdfyep"}
{"type":"log","timestamp":1701175676995,"level":"debug","message":"Executing recipe chrome-pdf","meta":{"rootId":"2ems51iluwla2v7","id":"tf5duk9axx9bw6x"},"id":"w2ra4g2zaip3sje","previousOperationId":"9udlypmgnnzgh9a"}
{"type":"log","timestamp":1701175676996,"level":"debug","message":"Converting with chrome HeadlessChrome/117.0.5938.149 using chrome-pool strategy","meta":{"rootId":"2ems51iluwla2v7","id":"tf5duk9axx9bw6x"},"id":"2wug9jg430tedon","previousOperationId":"9udlypmgnnzgh9a"}
{"type":"log","timestamp":1701175677052,"level":"debug","message":"Page request: GET (document) file:///var/folders/dp/qk79pfcj0y1fmtkkl08m76rc0000gn/T/jsreport/autocleanup/a3a424b7-3f96-429d-a77b-23b777fd3821-chrome-pdf.html","meta":{"rootId":"2ems51iluwla2v7","id":"tf5duk9axx9bw6x"},"id":"6npt19ifmbivby2","previousOperationId":"9udlypmgnnzgh9a"}
{"type":"log","timestamp":1701175677057,"level":"debug","message":"Page request finished: GET (document) 200 file:///var/folders/dp/qk79pfcj0y1fmtkkl08m76rc0000gn/T/jsreport/autocleanup/a3a424b7-3f96-429d-a77b-23b777fd3821-chrome-pdf.html","meta":{"rootId":"2ems51iluwla2v7","id":"tf5duk9axx9bw6x"},"id":"kmwxtx3kb6z5xvd","previousOperationId":"9udlypmgnnzgh9a"}
{"type":"log","timestamp":1701175677062,"level":"debug","message":"Running chrome with params {\"timeout\":59630,\"margin\":{},\"printBackground\":true}","meta":{"rootId":"2ems51iluwla2v7","id":"tf5duk9axx9bw6x"},"id":"2ba1e530nisf5am","previousOperationId":"9udlypmgnnzgh9a"}
{"type":"operationEnd","operationId":"9udlypmgnnzgh9a","timestamp":1701175677067,"id":"1z8en5wy6nrxzyg","previousEventId":"pursyls96lm2he5","previousOperationId":"9udlypmgnnzgh9a"}
{"type":"log","timestamp":1701175677067,"level":"debug","message":"Skipping storing report.","meta":{"rootId":"2ems51iluwla2v7","id":"tf5duk9axx9bw6x"},"id":"rl8pt50iwfmi6tp","previousOperationId":"9udlypmgnnzgh9a"}
{"type":"log","timestamp":1701175677067,"level":"info","message":"Rendering (child) request finished in 441 ms","meta":{"rootId":"2ems51iluwla2v7","id":"tf5duk9axx9bw6x"},"id":"g8lr6utmsf09bch","previousOperationId":"9udlypmgnnzgh9a"}
{"type":"operationEnd","subtype":"render","operationId":"k47y7hbhjqcmvb5","timestamp":1701175677067,"id":"vet6qg59obb8dmq","previousEventId":"1z8en5wy6nrxzyg","previousOperationId":"9udlypmgnnzgh9a"}
{"type":"operationEnd","operationId":"gci9ek524z9bkb9","timestamp":1701175677082,"id":"ry7t9tequa22ha3","previousEventId":"5pcp65dc0a4zy99","previousOperationId":"gci9ek524z9bkb9"}
{"type":"log","timestamp":1701175677082,"level":"debug","message":"pdf-utils postproces start","meta":{"rootId":"2ems51iluwla2v7","id":"2ems51iluwla2v7"},"id":"sk4mnf7sy0y3t82","previousOperationId":"gci9ek524z9bkb9"}
{"type":"log","timestamp":1701175677094,"level":"debug","message":"pdf-utils postproces end","meta":{"rootId":"2ems51iluwla2v7","id":"2ems51iluwla2v7"},"id":"mht2nn69yus1srg","previousOperationId":"gci9ek524z9bkb9"}
{"type":"operationEnd","operationId":"pcl8jnnfe9z151d","timestamp":1701175677094,"id":"c1pgrl161tenj5f","previousEventId":"ry7t9tequa22ha3","previousOperationId":"gci9ek524z9bkb9"}
{"type":"log","timestamp":1701175677094,"level":"info","message":"pdf-utils pdf processing was finished","meta":{"rootId":"2ems51iluwla2v7","id":"2ems51iluwla2v7"},"id":"a67tbzbl2te6pkr","previousOperationId":"pcl8jnnfe9z151d"}
{"type":"log","timestamp":1701175677094,"level":"debug","message":"Skipping storing report.","meta":{"rootId":"2ems51iluwla2v7","id":"2ems51iluwla2v7"},"id":"scclrv6j2etkd9q","previousOperationId":"pcl8jnnfe9z151d"}
{"type":"log","timestamp":1701175677094,"level":"info","message":"Rendering request 58 finished in 468 ms","meta":{"rootId":"2ems51iluwla2v7","id":"2ems51iluwla2v7"},"id":"pr58f34p27qp9p9","previousOperationId":"pcl8jnnfe9z151d"}
{"type":"operationEnd","subtype":"render","operationId":"y7ljspm9bw4xomk","timestamp":1701175677094,"id":"e417pcjifg5vtd2","previousEventId":"c1pgrl161tenj5f","previousOperationId":"pcl8jnnfe9z151d"}
{"type":"operationEnd","doDiffs":false,"previousEventId":"3hpbupnxwa6rabk","previousOperationId":"sqkv4djtjcxbv11","operationId":"sqkv4djtjcxbv11","timestamp":1701175677096,"id":"14h55e9x7u8gk8h"}
