{"type":"operationStart","subtype":"profile","data":{"_id":"LYV4lhvXhtzxJL7I","timestamp":"2023-11-27T08:58:13.413Z","state":"queued","mode":"standard","creationDate":"2023-11-27T08:58:13.415Z","modificationDate":"2023-11-27T08:58:13.415Z","shortid":"t4QVWeO","$entitySet":"profiles"},"doDiffs":false,"timestamp":1701075493414,"id":"k5mbquplch3gw8p","previousOperationId":null,"operationId":"hj2ydl6g2e0b48m"}
{"type":"log","level":"info","message":"Render request 30 queued for execution and waiting for available worker","previousOperationId":"hj2ydl6g2e0b48m","timestamp":1701075493414,"id":"hb7h0wel39bmvif"}
{"type":"operationStart","subtype":"render","name":"sporazum_fizicko","previousOperationId":"hj2ydl6g2e0b48m","timestamp":1701075493422,"id":"xkac11h4f3daabn","previousEventId":"k5mbquplch3gw8p","operationId":"lud0x6xjl1z3s6k"}
{"type":"log","timestamp":1701075493422,"level":"info","message":"Starting rendering request 30","meta":{"rootId":"41mn1zib4kuadx4","id":"41mn1zib4kuadx4"},"id":"u1h7qdvx02qvq79","previousOperationId":"lud0x6xjl1z3s6k"}
{"type":"log","timestamp":1701075493423,"level":"info","message":"Rendering template { name: sporazum_fizicko, recipe: chrome-pdf, engine: handlebars, preview: true }","meta":{"rootId":"41mn1zib4kuadx4","id":"41mn1zib4kuadx4"},"id":"7c6ethmjmptdlmx","previousOperationId":"lud0x6xjl1z3s6k"}
{"type":"log","timestamp":1701075493424,"level":"debug","message":"Adding sample data ddGak933b","meta":{"rootId":"41mn1zib4kuadx4","id":"41mn1zib4kuadx4"},"id":"cob9pop0qwvky4v","previousOperationId":"lud0x6xjl1z3s6k"}
{"type":"log","timestamp":1701075493426,"level":"debug","message":"Base url not specified, skipping its injection.","meta":{"rootId":"41mn1zib4kuadx4","id":"41mn1zib4kuadx4"},"id":"ocrtxdvzkf6pmc8","previousOperationId":"lud0x6xjl1z3s6k"}
{"type":"operationStart","subtype":"engine","name":"handlebars","timestamp":1701075493427,"id":"c6r313y1ze9a40i","previousEventId":"xkac11h4f3daabn","operationId":"l5bw3b8sggwap45","previousOperationId":"lud0x6xjl1z3s6k"}
{"type":"log","timestamp":1701075493427,"level":"debug","message":"Rendering engine handlebars","meta":{"rootId":"41mn1zib4kuadx4","id":"41mn1zib4kuadx4"},"id":"ls3lg465ysa2yi9","previousOperationId":"l5bw3b8sggwap45"}
{"type":"operationEnd","operationId":"l5bw3b8sggwap45","timestamp":1701075493438,"id":"ucjacj1d1ob1a0v","previousEventId":"c6r313y1ze9a40i","previousOperationId":"l5bw3b8sggwap45"}
{"type":"operationStart","subtype":"recipe","name":"chrome-pdf","timestamp":1701075493438,"id":"thicgkybv08l2tp","previousEventId":"ucjacj1d1ob1a0v","operationId":"yoiotsw0cpufmbf","previousOperationId":"l5bw3b8sggwap45"}
{"type":"log","timestamp":1701075493438,"level":"debug","message":"Executing recipe chrome-pdf","meta":{"rootId":"41mn1zib4kuadx4","id":"41mn1zib4kuadx4"},"id":"tjp4lieq3a96vv7","previousOperationId":"yoiotsw0cpufmbf"}
{"type":"log","timestamp":1701075493441,"level":"debug","message":"Converting with chrome HeadlessChrome/117.0.5938.149 using chrome-pool strategy","meta":{"rootId":"41mn1zib4kuadx4","id":"41mn1zib4kuadx4"},"id":"hyu23d14oc0paz5","previousOperationId":"yoiotsw0cpufmbf"}
{"type":"log","timestamp":1701075493496,"level":"debug","message":"Page request: GET (document) file:///var/folders/dp/qk79pfcj0y1fmtkkl08m76rc0000gn/T/jsreport/autocleanup/70e0cce7-925c-4c8c-919a-1e43e6d0c0da-chrome-pdf.html","meta":{"rootId":"41mn1zib4kuadx4","id":"41mn1zib4kuadx4"},"id":"rde46t0p876u91u","previousOperationId":"yoiotsw0cpufmbf"}
{"type":"log","timestamp":1701075493501,"level":"debug","message":"Page request finished: GET (document) 200 file:///var/folders/dp/qk79pfcj0y1fmtkkl08m76rc0000gn/T/jsreport/autocleanup/70e0cce7-925c-4c8c-919a-1e43e6d0c0da-chrome-pdf.html","meta":{"rootId":"41mn1zib4kuadx4","id":"41mn1zib4kuadx4"},"id":"qbcxmu9xmmcaq2v","previousOperationId":"yoiotsw0cpufmbf"}
{"type":"log","timestamp":1701075493512,"level":"debug","message":"Running chrome with params {\"printBackground\":true,\"timeout\":59974,\"margin\":{}}","meta":{"rootId":"41mn1zib4kuadx4","id":"41mn1zib4kuadx4"},"id":"jp1azmzoktyvm6h","previousOperationId":"yoiotsw0cpufmbf"}
{"type":"operationEnd","operationId":"yoiotsw0cpufmbf","timestamp":1701075493539,"id":"23p3snxtzl15w7l","previousEventId":"thicgkybv08l2tp","previousOperationId":"yoiotsw0cpufmbf"}
{"type":"log","timestamp":1701075493539,"level":"debug","message":"Skipping storing report.","meta":{"rootId":"41mn1zib4kuadx4","id":"41mn1zib4kuadx4"},"id":"jmlp8bkcgvft0ju","previousOperationId":"yoiotsw0cpufmbf"}
{"type":"log","timestamp":1701075493539,"level":"info","message":"Rendering request 30 finished in 126 ms","meta":{"rootId":"41mn1zib4kuadx4","id":"41mn1zib4kuadx4"},"id":"2z9x26xtc3fildk","previousOperationId":"yoiotsw0cpufmbf"}
{"type":"operationEnd","subtype":"render","operationId":"lud0x6xjl1z3s6k","timestamp":1701075493539,"id":"fuod3tedjd44cdf","previousEventId":"23p3snxtzl15w7l","previousOperationId":"yoiotsw0cpufmbf"}
{"type":"operationEnd","doDiffs":false,"previousEventId":"k5mbquplch3gw8p","previousOperationId":"hj2ydl6g2e0b48m","operationId":"hj2ydl6g2e0b48m","timestamp":1701075493542,"id":"amztvdr49ukismd"}
