{"type":"operationStart","subtype":"profile","data":{"_id":"sbVWrDBvkmfwp2eP","timestamp":"2023-11-27T09:01:51.721Z","state":"queued","mode":"standard","creationDate":"2023-11-27T09:01:51.723Z","modificationDate":"2023-11-27T09:01:51.723Z","shortid":"EBguTKu","$entitySet":"profiles"},"doDiffs":false,"timestamp":1701075711722,"id":"dlmj80d1j3xew48","previousOperationId":null,"operationId":"d4p1tlf571a4roh"}
{"type":"log","level":"info","message":"Render request 31 queued for execution and waiting for available worker","previousOperationId":"d4p1tlf571a4roh","timestamp":1701075711722,"id":"l34btet1ia0dabf"}
{"type":"operationStart","subtype":"render","name":"sporazum_fizicko","previousOperationId":"d4p1tlf571a4roh","timestamp":1701075711732,"id":"aajg2gjwf1tjh3h","previousEventId":"dlmj80d1j3xew48","operationId":"gby5e94nwh6yi0b"}
{"type":"log","timestamp":1701075711732,"level":"info","message":"Starting rendering request 31","meta":{"rootId":"4qqkj9bfwv3k9op","id":"4qqkj9bfwv3k9op"},"id":"ubcsnkdo3ufhaym","previousOperationId":"gby5e94nwh6yi0b"}
{"type":"log","timestamp":1701075711733,"level":"info","message":"Rendering template { name: sporazum_fizicko, recipe: chrome-pdf, engine: handlebars, preview: true }","meta":{"rootId":"4qqkj9bfwv3k9op","id":"4qqkj9bfwv3k9op"},"id":"2iiktopagibb3qq","previousOperationId":"gby5e94nwh6yi0b"}
{"type":"log","timestamp":1701075711734,"level":"debug","message":"Inline data specified.","meta":{"rootId":"4qqkj9bfwv3k9op","id":"4qqkj9bfwv3k9op"},"id":"u2f0vjd395pl8hb","previousOperationId":"gby5e94nwh6yi0b"}
{"type":"log","timestamp":1701075711736,"level":"debug","message":"Base url not specified, skipping its injection.","meta":{"rootId":"4qqkj9bfwv3k9op","id":"4qqkj9bfwv3k9op"},"id":"b14023ko9i7btbu","previousOperationId":"gby5e94nwh6yi0b"}
{"type":"operationStart","subtype":"engine","name":"handlebars","timestamp":1701075711737,"id":"pojzt8npmb0nfv0","previousEventId":"aajg2gjwf1tjh3h","operationId":"r2sgucl2p3mh4j5","previousOperationId":"gby5e94nwh6yi0b"}
{"type":"log","timestamp":1701075711737,"level":"debug","message":"Rendering engine handlebars","meta":{"rootId":"4qqkj9bfwv3k9op","id":"4qqkj9bfwv3k9op"},"id":"pgrernl0cju1z7s","previousOperationId":"r2sgucl2p3mh4j5"}
{"type":"operationEnd","operationId":"r2sgucl2p3mh4j5","timestamp":1701075711759,"id":"6wmwxifvm3pym10","previousEventId":"pojzt8npmb0nfv0","previousOperationId":"r2sgucl2p3mh4j5"}
{"type":"operationStart","subtype":"recipe","name":"chrome-pdf","timestamp":1701075711760,"id":"qrklawjul5c1g5c","previousEventId":"6wmwxifvm3pym10","operationId":"k8cnsfj5y7msbkb","previousOperationId":"r2sgucl2p3mh4j5"}
{"type":"log","timestamp":1701075711760,"level":"debug","message":"Executing recipe chrome-pdf","meta":{"rootId":"4qqkj9bfwv3k9op","id":"4qqkj9bfwv3k9op"},"id":"re3jdu68tdm1jjy","previousOperationId":"k8cnsfj5y7msbkb"}
{"type":"log","timestamp":1701075711763,"level":"debug","message":"Converting with chrome HeadlessChrome/117.0.5938.149 using chrome-pool strategy","meta":{"rootId":"4qqkj9bfwv3k9op","id":"4qqkj9bfwv3k9op"},"id":"y3x0x98srxbd4r4","previousOperationId":"k8cnsfj5y7msbkb"}
{"type":"log","timestamp":1701075711823,"level":"debug","message":"Page request: GET (document) file:///var/folders/dp/qk79pfcj0y1fmtkkl08m76rc0000gn/T/jsreport/autocleanup/ae18d342-9f7a-4866-acf0-034ebfbba09d-chrome-pdf.html","meta":{"rootId":"4qqkj9bfwv3k9op","id":"4qqkj9bfwv3k9op"},"id":"8exqyk1jj1pqxy4","previousOperationId":"k8cnsfj5y7msbkb"}
{"type":"log","timestamp":1701075711828,"level":"debug","message":"Page request finished: GET (document) 200 file:///var/folders/dp/qk79pfcj0y1fmtkkl08m76rc0000gn/T/jsreport/autocleanup/ae18d342-9f7a-4866-acf0-034ebfbba09d-chrome-pdf.html","meta":{"rootId":"4qqkj9bfwv3k9op","id":"4qqkj9bfwv3k9op"},"id":"1v6ft3f0h0rik6z","previousOperationId":"k8cnsfj5y7msbkb"}
{"type":"log","timestamp":1701075711836,"level":"debug","message":"Running chrome with params {\"printBackground\":true,\"timeout\":59959,\"margin\":{}}","meta":{"rootId":"4qqkj9bfwv3k9op","id":"4qqkj9bfwv3k9op"},"id":"tmg1nj6xg601nwv","previousOperationId":"k8cnsfj5y7msbkb"}
{"type":"operationEnd","operationId":"k8cnsfj5y7msbkb","timestamp":1701075711857,"id":"bznmalvhkfba80x","previousEventId":"qrklawjul5c1g5c","previousOperationId":"k8cnsfj5y7msbkb"}
{"type":"log","timestamp":1701075711857,"level":"debug","message":"Skipping storing report.","meta":{"rootId":"4qqkj9bfwv3k9op","id":"4qqkj9bfwv3k9op"},"id":"g4lqsqn40ky0zgk","previousOperationId":"k8cnsfj5y7msbkb"}
{"type":"log","timestamp":1701075711857,"level":"info","message":"Rendering request 31 finished in 136 ms","meta":{"rootId":"4qqkj9bfwv3k9op","id":"4qqkj9bfwv3k9op"},"id":"14hjkqohtt2qgtp","previousOperationId":"k8cnsfj5y7msbkb"}
{"type":"operationEnd","subtype":"render","operationId":"gby5e94nwh6yi0b","timestamp":1701075711857,"id":"phlnp4vugkjfuf7","previousEventId":"bznmalvhkfba80x","previousOperationId":"k8cnsfj5y7msbkb"}
{"type":"operationEnd","doDiffs":false,"previousEventId":"dlmj80d1j3xew48","previousOperationId":"d4p1tlf571a4roh","operationId":"d4p1tlf571a4roh","timestamp":1701075711859,"id":"qhjt5jg44xntw39"}
