{"type":"operationStart","subtype":"profile","data":{"_id":"5pTCkXpZAx3pg2T7","timestamp":"2023-11-27T11:09:08.166Z","state":"queued","mode":"standard","creationDate":"2023-11-27T11:09:08.167Z","modificationDate":"2023-11-27T11:09:08.167Z","shortid":"nc3AAuO","$entitySet":"profiles"},"doDiffs":false,"timestamp":1701083348166,"id":"qvxcbigo06hrt0n","previousOperationId":null,"operationId":"scp694om1htwrnr"}
{"type":"log","level":"info","message":"Render request 67 queued for execution and waiting for available worker","previousOperationId":"scp694om1htwrnr","timestamp":1701083348166,"id":"vytbervbcmgoxz9"}
{"type":"operationStart","subtype":"render","name":"sporazum_fizicko","previousOperationId":"scp694om1htwrnr","timestamp":1701083348175,"id":"fgq02qmvpi4c94e","previousEventId":"qvxcbigo06hrt0n","operationId":"f977rs2ft9tzsle"}
{"type":"log","timestamp":1701083348177,"level":"info","message":"Starting rendering request 67","meta":{"rootId":"978rwlxkjwgxk4q","id":"978rwlxkjwgxk4q"},"id":"zdfxx2feijbro0z","previousOperationId":"f977rs2ft9tzsle"}
{"type":"log","timestamp":1701083348177,"level":"info","message":"Rendering template { name: sporazum_fizicko, recipe: chrome-pdf, engine: handlebars, preview: true }","meta":{"rootId":"978rwlxkjwgxk4q","id":"978rwlxkjwgxk4q"},"id":"hsgw63bo0alwot6","previousOperationId":"f977rs2ft9tzsle"}
{"type":"log","timestamp":1701083348180,"level":"debug","message":"Adding sample data ddGak933b","meta":{"rootId":"978rwlxkjwgxk4q","id":"978rwlxkjwgxk4q"},"id":"1yjht65uh8ukk3z","previousOperationId":"f977rs2ft9tzsle"}
{"type":"log","timestamp":1701083348182,"level":"debug","message":"Base url not specified, skipping its injection.","meta":{"rootId":"978rwlxkjwgxk4q","id":"978rwlxkjwgxk4q"},"id":"rwl91s4s8kk8hr4","previousOperationId":"f977rs2ft9tzsle"}
{"type":"operationStart","subtype":"engine","name":"handlebars","timestamp":1701083348182,"id":"hs2nug6jj1blrnb","previousEventId":"fgq02qmvpi4c94e","operationId":"fwap646u70ljes3","previousOperationId":"f977rs2ft9tzsle"}
{"type":"log","timestamp":1701083348182,"level":"debug","message":"Rendering engine handlebars","meta":{"rootId":"978rwlxkjwgxk4q","id":"978rwlxkjwgxk4q"},"id":"vr4qcfkcjh0b5pm","previousOperationId":"fwap646u70ljes3"}
{"type":"operationEnd","operationId":"fwap646u70ljes3","timestamp":1701083348202,"id":"fzrxn8fcvwg4sco","previousEventId":"hs2nug6jj1blrnb","previousOperationId":"fwap646u70ljes3"}
{"type":"operationStart","subtype":"recipe","name":"chrome-pdf","timestamp":1701083348203,"id":"75n514eruqnlz24","previousEventId":"fzrxn8fcvwg4sco","operationId":"grjk73l07lzukj0","previousOperationId":"fwap646u70ljes3"}
{"type":"log","timestamp":1701083348203,"level":"debug","message":"Executing recipe chrome-pdf","meta":{"rootId":"978rwlxkjwgxk4q","id":"978rwlxkjwgxk4q"},"id":"wj24nxdetbq0riu","previousOperationId":"grjk73l07lzukj0"}
{"type":"log","timestamp":1701083348205,"level":"debug","message":"Converting with chrome HeadlessChrome/117.0.5938.149 using chrome-pool strategy","meta":{"rootId":"978rwlxkjwgxk4q","id":"978rwlxkjwgxk4q"},"id":"syr42mm8t3qoyyl","previousOperationId":"grjk73l07lzukj0"}
{"type":"log","timestamp":1701083348248,"level":"debug","message":"Page request: GET (document) file:///var/folders/dp/qk79pfcj0y1fmtkkl08m76rc0000gn/T/jsreport/autocleanup/46961a25-1dcc-4aee-8bcb-ca15499f901d-chrome-pdf.html","meta":{"rootId":"978rwlxkjwgxk4q","id":"978rwlxkjwgxk4q"},"id":"7qgltilmmcjbier","previousOperationId":"grjk73l07lzukj0"}
{"type":"log","timestamp":1701083348253,"level":"debug","message":"Page request finished: GET (document) 200 file:///var/folders/dp/qk79pfcj0y1fmtkkl08m76rc0000gn/T/jsreport/autocleanup/46961a25-1dcc-4aee-8bcb-ca15499f901d-chrome-pdf.html","meta":{"rootId":"978rwlxkjwgxk4q","id":"978rwlxkjwgxk4q"},"id":"ywwdjhcgiwsy0hw","previousOperationId":"grjk73l07lzukj0"}
{"type":"log","timestamp":1701083348265,"level":"debug","message":"Running chrome with params {\"printBackground\":true,\"marginTop\":\"2cm\",\"marginBottom\":\"2cm\",\"timeout\":59962,\"margin\":{\"top\":\"2cm\",\"bottom\":\"2cm\"}}","meta":{"rootId":"978rwlxkjwgxk4q","id":"978rwlxkjwgxk4q"},"id":"np1on9265p2hm8e","previousOperationId":"grjk73l07lzukj0"}
{"type":"operationEnd","operationId":"grjk73l07lzukj0","timestamp":1701083348284,"id":"54z04qh7fybv4uf","previousEventId":"75n514eruqnlz24","previousOperationId":"grjk73l07lzukj0"}
{"type":"log","timestamp":1701083348284,"level":"info","message":"pdf-utils is starting pdf processing","meta":{"rootId":"978rwlxkjwgxk4q","id":"978rwlxkjwgxk4q"},"id":"14y35h7wmyjeqlc","previousOperationId":"grjk73l07lzukj0"}
{"type":"operationStart","subtype":"pdfUtils","name":"pdf utils","timestamp":1701083348284,"id":"u7w4ixwsj05b1xy","previousEventId":"54z04qh7fybv4uf","operationId":"xz55a684ys59kd3","previousOperationId":"grjk73l07lzukj0"}
{"type":"log","timestamp":1701083348284,"level":"debug","message":"pdf-utils detected 1 pdf operation(s) to process","meta":{"rootId":"978rwlxkjwgxk4q","id":"978rwlxkjwgxk4q"},"id":"4ob012d67dluont","previousOperationId":"xz55a684ys59kd3"}
{"type":"log","timestamp":1701083348303,"level":"debug","message":"pdf-utils running pdf operation merge","meta":{"rootId":"978rwlxkjwgxk4q","id":"978rwlxkjwgxk4q"},"id":"a5frcgis9e83lmv","previousOperationId":"xz55a684ys59kd3"}
{"type":"operationStart","subtype":"pdfUtilsMerge","name":"pdf utils merge","previousOperationId":"xz55a684ys59kd3","timestamp":1701083348303,"id":"t0fsk9ax8z1ysk6","previousEventId":"u7w4ixwsj05b1xy","operationId":"ldqgpt4gjlqv1mr"}
{"type":"operationStart","subtype":"render","name":"header-footer","previousOperationId":"ldqgpt4gjlqv1mr","timestamp":1701083348304,"id":"y6gtonicrlasvzf","previousEventId":"t0fsk9ax8z1ysk6","operationId":"uq0h0om4yzjm1fh"}
{"type":"log","timestamp":1701083348304,"level":"info","message":"Starting rendering (child) request","meta":{"rootId":"978rwlxkjwgxk4q","id":"bh112evl2kha3au"},"id":"5py1s10hytc495k","previousOperationId":"uq0h0om4yzjm1fh"}
{"type":"log","timestamp":1701083348304,"level":"info","message":"Rendering template { name: header-footer, recipe: chrome-pdf, engine: handlebars, preview: true }","meta":{"rootId":"978rwlxkjwgxk4q","id":"bh112evl2kha3au"},"id":"5gdbn8v0ubxz6y0","previousOperationId":"uq0h0om4yzjm1fh"}
{"type":"log","timestamp":1701083348304,"level":"debug","message":"Inline data specified.","meta":{"rootId":"978rwlxkjwgxk4q","id":"bh112evl2kha3au"},"id":"fa3wyx11fv1o4u8","previousOperationId":"uq0h0om4yzjm1fh"}
{"type":"log","timestamp":1701083348305,"level":"debug","message":"Base url not specified, skipping its injection.","meta":{"rootId":"978rwlxkjwgxk4q","id":"bh112evl2kha3au"},"id":"afr5gx3lsoliu0p","previousOperationId":"uq0h0om4yzjm1fh"}
{"type":"operationStart","subtype":"engine","name":"handlebars","timestamp":1701083348305,"id":"7abi6txjpl8xvsw","previousEventId":"y6gtonicrlasvzf","operationId":"n539q7vb50qmavd","previousOperationId":"uq0h0om4yzjm1fh"}
{"type":"log","timestamp":1701083348305,"level":"debug","message":"Rendering engine handlebars","meta":{"rootId":"978rwlxkjwgxk4q","id":"bh112evl2kha3au"},"id":"e7dhku547zd9bid","previousOperationId":"n539q7vb50qmavd"}
{"type":"operationEnd","operationId":"n539q7vb50qmavd","timestamp":1701083348310,"id":"ku06hssklbwg6m9","previousEventId":"7abi6txjpl8xvsw","previousOperationId":"n539q7vb50qmavd"}
{"type":"operationStart","subtype":"recipe","name":"chrome-pdf","timestamp":1701083348310,"id":"dbxxkzxl4grc18a","previousEventId":"ku06hssklbwg6m9","operationId":"smhaffh7z1w753s","previousOperationId":"n539q7vb50qmavd"}
{"type":"log","timestamp":1701083348311,"level":"debug","message":"Executing recipe chrome-pdf","meta":{"rootId":"978rwlxkjwgxk4q","id":"bh112evl2kha3au"},"id":"73hlgq9n6j289zq","previousOperationId":"smhaffh7z1w753s"}
{"type":"log","timestamp":1701083348312,"level":"debug","message":"Converting with chrome HeadlessChrome/117.0.5938.149 using chrome-pool strategy","meta":{"rootId":"978rwlxkjwgxk4q","id":"bh112evl2kha3au"},"id":"ae1q7jk6s5p0f77","previousOperationId":"smhaffh7z1w753s"}
{"type":"log","timestamp":1701083348349,"level":"debug","message":"Page request: GET (document) file:///var/folders/dp/qk79pfcj0y1fmtkkl08m76rc0000gn/T/jsreport/autocleanup/18ee237b-710a-4aac-9214-49eca1542d6c-chrome-pdf.html","meta":{"rootId":"978rwlxkjwgxk4q","id":"bh112evl2kha3au"},"id":"xmhi4ne76sc8k9s","previousOperationId":"smhaffh7z1w753s"}
{"type":"log","timestamp":1701083348354,"level":"debug","message":"Page request finished: GET (document) 200 file:///var/folders/dp/qk79pfcj0y1fmtkkl08m76rc0000gn/T/jsreport/autocleanup/18ee237b-710a-4aac-9214-49eca1542d6c-chrome-pdf.html","meta":{"rootId":"978rwlxkjwgxk4q","id":"bh112evl2kha3au"},"id":"qptbue7l1lax21h","previousOperationId":"smhaffh7z1w753s"}
{"type":"log","timestamp":1701083348361,"level":"debug","message":"Running chrome with params {\"timeout\":59855,\"margin\":{},\"printBackground\":true}","meta":{"rootId":"978rwlxkjwgxk4q","id":"bh112evl2kha3au"},"id":"bcwy724f00w63z2","previousOperationId":"smhaffh7z1w753s"}
{"type":"operationEnd","operationId":"smhaffh7z1w753s","timestamp":1701083348368,"id":"5ta7djzhh90hcto","previousEventId":"dbxxkzxl4grc18a","previousOperationId":"smhaffh7z1w753s"}
{"type":"log","timestamp":1701083348368,"level":"debug","message":"Skipping storing report.","meta":{"rootId":"978rwlxkjwgxk4q","id":"bh112evl2kha3au"},"id":"dz4z8j7i0jz6mn7","previousOperationId":"smhaffh7z1w753s"}
{"type":"log","timestamp":1701083348368,"level":"info","message":"Rendering (child) request finished in 202 ms","meta":{"rootId":"978rwlxkjwgxk4q","id":"bh112evl2kha3au"},"id":"1bbzqz0mdupjpoy","previousOperationId":"smhaffh7z1w753s"}
{"type":"operationEnd","subtype":"render","operationId":"uq0h0om4yzjm1fh","timestamp":1701083348368,"id":"vjvmd7zi7nmj5zf","previousEventId":"5ta7djzhh90hcto","previousOperationId":"smhaffh7z1w753s"}
{"type":"operationEnd","operationId":"ldqgpt4gjlqv1mr","timestamp":1701083348373,"id":"gsjomwfaqlvb1ia","previousEventId":"t0fsk9ax8z1ysk6","previousOperationId":"ldqgpt4gjlqv1mr"}
{"type":"log","timestamp":1701083348373,"level":"debug","message":"pdf-utils postproces start","meta":{"rootId":"978rwlxkjwgxk4q","id":"978rwlxkjwgxk4q"},"id":"huaky6islef7wsa","previousOperationId":"ldqgpt4gjlqv1mr"}
{"type":"log","timestamp":1701083348380,"level":"debug","message":"pdf-utils postproces end","meta":{"rootId":"978rwlxkjwgxk4q","id":"978rwlxkjwgxk4q"},"id":"8alct27p6q0kjyj","previousOperationId":"ldqgpt4gjlqv1mr"}
{"type":"operationEnd","operationId":"xz55a684ys59kd3","timestamp":1701083348380,"id":"53d0a050b5i6egw","previousEventId":"gsjomwfaqlvb1ia","previousOperationId":"ldqgpt4gjlqv1mr"}
{"type":"log","timestamp":1701083348380,"level":"info","message":"pdf-utils pdf processing was finished","meta":{"rootId":"978rwlxkjwgxk4q","id":"978rwlxkjwgxk4q"},"id":"8d3ka6sq7e973pa","previousOperationId":"xz55a684ys59kd3"}
{"type":"log","timestamp":1701083348380,"level":"debug","message":"Skipping storing report.","meta":{"rootId":"978rwlxkjwgxk4q","id":"978rwlxkjwgxk4q"},"id":"lp7eed27pe4f8t5","previousOperationId":"xz55a684ys59kd3"}
{"type":"log","timestamp":1701083348380,"level":"info","message":"Rendering request 67 finished in 214 ms","meta":{"rootId":"978rwlxkjwgxk4q","id":"978rwlxkjwgxk4q"},"id":"uiqrexsep44hqbd","previousOperationId":"xz55a684ys59kd3"}
{"type":"operationEnd","subtype":"render","operationId":"f977rs2ft9tzsle","timestamp":1701083348380,"id":"8urlsoirajrqdsf","previousEventId":"53d0a050b5i6egw","previousOperationId":"xz55a684ys59kd3"}
{"type":"operationEnd","doDiffs":false,"previousEventId":"qvxcbigo06hrt0n","previousOperationId":"scp694om1htwrnr","operationId":"scp694om1htwrnr","timestamp":1701083348382,"id":"x4y5uoajeldmyqy"}
