{"type":"operationStart","subtype":"profile","data":{"_id":"iwscS2ULQwNhjidR","timestamp":"2023-11-27T10:57:44.293Z","state":"queued","mode":"standard","creationDate":"2023-11-27T10:57:44.294Z","modificationDate":"2023-11-27T10:57:44.294Z","shortid":"zSvVFS2","$entitySet":"profiles"},"doDiffs":false,"timestamp":1701082664293,"id":"9o6auvszb9y82oe","previousOperationId":null,"operationId":"04urfobff1m949f"}
{"type":"log","level":"info","message":"Render request 54 queued for execution and waiting for available worker","previousOperationId":"04urfobff1m949f","timestamp":1701082664293,"id":"8gkof5gdlzyfo0s"}
{"type":"operationStart","subtype":"render","name":"sporazum_fizicko","previousOperationId":"04urfobff1m949f","timestamp":1701082664300,"id":"aywng15kiexecjm","previousEventId":"9o6auvszb9y82oe","operationId":"bxzdu9chmuweab7"}
{"type":"log","timestamp":1701082664300,"level":"info","message":"Starting rendering request 54","meta":{"rootId":"9akuji05xpmal9j","id":"9akuji05xpmal9j"},"id":"mzejtizhbntin29","previousOperationId":"bxzdu9chmuweab7"}
{"type":"log","timestamp":1701082664300,"level":"info","message":"Rendering template { name: sporazum_fizicko, recipe: chrome-pdf, engine: handlebars, preview: true }","meta":{"rootId":"9akuji05xpmal9j","id":"9akuji05xpmal9j"},"id":"8oy82l8z16bn2hn","previousOperationId":"bxzdu9chmuweab7"}
{"type":"log","timestamp":1701082664300,"level":"debug","message":"Inline data specified.","meta":{"rootId":"9akuji05xpmal9j","id":"9akuji05xpmal9j"},"id":"f3lgzf6j659axk0","previousOperationId":"bxzdu9chmuweab7"}
{"type":"log","timestamp":1701082664301,"level":"debug","message":"Base url not specified, skipping its injection.","meta":{"rootId":"9akuji05xpmal9j","id":"9akuji05xpmal9j"},"id":"xj3y7kb1znq33ic","previousOperationId":"bxzdu9chmuweab7"}
{"type":"operationStart","subtype":"engine","name":"handlebars","timestamp":1701082664302,"id":"agra3znd6f8q0ex","previousEventId":"aywng15kiexecjm","operationId":"4xvwjzf1s6vkkny","previousOperationId":"bxzdu9chmuweab7"}
{"type":"log","timestamp":1701082664302,"level":"debug","message":"Rendering engine handlebars","meta":{"rootId":"9akuji05xpmal9j","id":"9akuji05xpmal9j"},"id":"lspredtgqse008n","previousOperationId":"4xvwjzf1s6vkkny"}
{"type":"operationEnd","operationId":"4xvwjzf1s6vkkny","timestamp":1701082664315,"id":"fiu73gin8ywvait","previousEventId":"agra3znd6f8q0ex","previousOperationId":"4xvwjzf1s6vkkny"}
{"type":"operationStart","subtype":"recipe","name":"chrome-pdf","timestamp":1701082664315,"id":"1ia3v2bg5mbartn","previousEventId":"fiu73gin8ywvait","operationId":"gswhrfj7oifyi1a","previousOperationId":"4xvwjzf1s6vkkny"}
{"type":"log","timestamp":1701082664315,"level":"debug","message":"Executing recipe chrome-pdf","meta":{"rootId":"9akuji05xpmal9j","id":"9akuji05xpmal9j"},"id":"tmb91tp6rxw4xkk","previousOperationId":"gswhrfj7oifyi1a"}
{"type":"log","timestamp":1701082664316,"level":"debug","message":"Converting with chrome HeadlessChrome/117.0.5938.149 using chrome-pool strategy","meta":{"rootId":"9akuji05xpmal9j","id":"9akuji05xpmal9j"},"id":"c6q4hqkqscsw8k3","previousOperationId":"gswhrfj7oifyi1a"}
{"type":"log","timestamp":1701082664359,"level":"debug","message":"Page request: GET (document) file:///var/folders/dp/qk79pfcj0y1fmtkkl08m76rc0000gn/T/jsreport/autocleanup/234362e5-bb05-4e38-b77f-f506ab17e0b6-chrome-pdf.html","meta":{"rootId":"9akuji05xpmal9j","id":"9akuji05xpmal9j"},"id":"tevmaikaqhg071v","previousOperationId":"gswhrfj7oifyi1a"}
{"type":"log","timestamp":1701082664364,"level":"debug","message":"Page request finished: GET (document) 200 file:///var/folders/dp/qk79pfcj0y1fmtkkl08m76rc0000gn/T/jsreport/autocleanup/234362e5-bb05-4e38-b77f-f506ab17e0b6-chrome-pdf.html","meta":{"rootId":"9akuji05xpmal9j","id":"9akuji05xpmal9j"},"id":"2mvtwcw9njz2pxu","previousOperationId":"gswhrfj7oifyi1a"}
{"type":"log","timestamp":1701082664378,"level":"debug","message":"Running chrome with params {\"printBackground\":true,\"marginTop\":\"2cm\",\"marginBottom\":\"2cm\",\"timeout\":59977,\"margin\":{\"top\":\"2cm\",\"bottom\":\"2cm\"}}","meta":{"rootId":"9akuji05xpmal9j","id":"9akuji05xpmal9j"},"id":"dzwn0ypt3fh7on5","previousOperationId":"gswhrfj7oifyi1a"}
{"type":"operationEnd","operationId":"gswhrfj7oifyi1a","timestamp":1701082664397,"id":"h8zc934h4g4na6h","previousEventId":"1ia3v2bg5mbartn","previousOperationId":"gswhrfj7oifyi1a"}
{"type":"log","timestamp":1701082664397,"level":"info","message":"pdf-utils is starting pdf processing","meta":{"rootId":"9akuji05xpmal9j","id":"9akuji05xpmal9j"},"id":"rsosi4nvf799cme","previousOperationId":"gswhrfj7oifyi1a"}
{"type":"operationStart","subtype":"pdfUtils","name":"pdf utils","timestamp":1701082664397,"id":"8ux3flqyutxllki","previousEventId":"h8zc934h4g4na6h","operationId":"qes8s7vk281bsjv","previousOperationId":"gswhrfj7oifyi1a"}
{"type":"log","timestamp":1701082664397,"level":"debug","message":"pdf-utils detected 1 pdf operation(s) to process","meta":{"rootId":"9akuji05xpmal9j","id":"9akuji05xpmal9j"},"id":"4fs4i9bvms64vfn","previousOperationId":"qes8s7vk281bsjv"}
{"type":"log","timestamp":1701082664422,"level":"debug","message":"pdf-utils running pdf operation merge","meta":{"rootId":"9akuji05xpmal9j","id":"9akuji05xpmal9j"},"id":"ij8qpppz1a11i11","previousOperationId":"qes8s7vk281bsjv"}
{"type":"operationStart","subtype":"pdfUtilsMerge","name":"pdf utils merge","previousOperationId":"qes8s7vk281bsjv","timestamp":1701082664422,"id":"lz5ifxloicv06yk","previousEventId":"8ux3flqyutxllki","operationId":"7xezxhaz04omc2e"}
{"type":"operationStart","subtype":"render","name":"header-footer","previousOperationId":"7xezxhaz04omc2e","timestamp":1701082664422,"id":"lnzoml9fderfqro","previousEventId":"lz5ifxloicv06yk","operationId":"ri6hi4p94b5bv9e"}
{"type":"log","timestamp":1701082664422,"level":"info","message":"Starting rendering (child) request","meta":{"rootId":"9akuji05xpmal9j","id":"rld2jdazrir86gz"},"id":"y4578yw8n6v7kvf","previousOperationId":"ri6hi4p94b5bv9e"}
{"type":"log","timestamp":1701082664422,"level":"info","message":"Rendering template { name: header-footer, recipe: chrome-pdf, engine: handlebars, preview: true }","meta":{"rootId":"9akuji05xpmal9j","id":"rld2jdazrir86gz"},"id":"5g65cdaieqjcbww","previousOperationId":"ri6hi4p94b5bv9e"}
{"type":"log","timestamp":1701082664422,"level":"debug","message":"Inline data specified.","meta":{"rootId":"9akuji05xpmal9j","id":"rld2jdazrir86gz"},"id":"xuhsjsm40mtmvc1","previousOperationId":"ri6hi4p94b5bv9e"}
{"type":"log","timestamp":1701082664423,"level":"debug","message":"Base url not specified, skipping its injection.","meta":{"rootId":"9akuji05xpmal9j","id":"rld2jdazrir86gz"},"id":"ouwsh5hg3g1ygyl","previousOperationId":"ri6hi4p94b5bv9e"}
{"type":"operationStart","subtype":"engine","name":"handlebars","timestamp":1701082664423,"id":"jpc1zbqwb0b7yid","previousEventId":"lnzoml9fderfqro","operationId":"8jy3thmg5mjw3oe","previousOperationId":"ri6hi4p94b5bv9e"}
{"type":"log","timestamp":1701082664423,"level":"debug","message":"Rendering engine handlebars","meta":{"rootId":"9akuji05xpmal9j","id":"rld2jdazrir86gz"},"id":"p87mb6fickvvhaf","previousOperationId":"8jy3thmg5mjw3oe"}
{"type":"operationEnd","operationId":"8jy3thmg5mjw3oe","timestamp":1701082664428,"id":"girm7z79wbp1k86","previousEventId":"jpc1zbqwb0b7yid","previousOperationId":"8jy3thmg5mjw3oe"}
{"type":"operationStart","subtype":"recipe","name":"chrome-pdf","timestamp":1701082664428,"id":"sf4ift9q2uprcmq","previousEventId":"girm7z79wbp1k86","operationId":"vexcbcvmbbf7ig8","previousOperationId":"8jy3thmg5mjw3oe"}
{"type":"log","timestamp":1701082664428,"level":"debug","message":"Executing recipe chrome-pdf","meta":{"rootId":"9akuji05xpmal9j","id":"rld2jdazrir86gz"},"id":"t3tnff78opdjs0o","previousOperationId":"vexcbcvmbbf7ig8"}
{"type":"log","timestamp":1701082664429,"level":"debug","message":"Converting with chrome HeadlessChrome/117.0.5938.149 using chrome-pool strategy","meta":{"rootId":"9akuji05xpmal9j","id":"rld2jdazrir86gz"},"id":"xl8jek1g158qzoa","previousOperationId":"vexcbcvmbbf7ig8"}
{"type":"log","timestamp":1701082664466,"level":"debug","message":"Page request: GET (document) file:///var/folders/dp/qk79pfcj0y1fmtkkl08m76rc0000gn/T/jsreport/autocleanup/578edf7d-713d-42b2-b9bd-172abd0a23e9-chrome-pdf.html","meta":{"rootId":"9akuji05xpmal9j","id":"rld2jdazrir86gz"},"id":"sifdjgjji53bxcs","previousOperationId":"vexcbcvmbbf7ig8"}
{"type":"log","timestamp":1701082664470,"level":"debug","message":"Page request finished: GET (document) 200 file:///var/folders/dp/qk79pfcj0y1fmtkkl08m76rc0000gn/T/jsreport/autocleanup/578edf7d-713d-42b2-b9bd-172abd0a23e9-chrome-pdf.html","meta":{"rootId":"9akuji05xpmal9j","id":"rld2jdazrir86gz"},"id":"ewryaxl16nids1c","previousOperationId":"vexcbcvmbbf7ig8"}
{"type":"log","timestamp":1701082664477,"level":"debug","message":"Running chrome with params {\"timeout\":59864,\"margin\":{},\"printBackground\":true}","meta":{"rootId":"9akuji05xpmal9j","id":"rld2jdazrir86gz"},"id":"6oc746dsqkyc2xi","previousOperationId":"vexcbcvmbbf7ig8"}
{"type":"operationEnd","operationId":"vexcbcvmbbf7ig8","timestamp":1701082664483,"id":"lnvlluycuvsww7u","previousEventId":"sf4ift9q2uprcmq","previousOperationId":"vexcbcvmbbf7ig8"}
{"type":"log","timestamp":1701082664483,"level":"debug","message":"Skipping storing report.","meta":{"rootId":"9akuji05xpmal9j","id":"rld2jdazrir86gz"},"id":"9ssl1vjp14wkfi7","previousOperationId":"vexcbcvmbbf7ig8"}
{"type":"log","timestamp":1701082664484,"level":"info","message":"Rendering (child) request finished in 191 ms","meta":{"rootId":"9akuji05xpmal9j","id":"rld2jdazrir86gz"},"id":"62o7tezxgoh3bnh","previousOperationId":"vexcbcvmbbf7ig8"}
{"type":"operationEnd","subtype":"render","operationId":"ri6hi4p94b5bv9e","timestamp":1701082664484,"id":"0bmxyir7b41yaw1","previousEventId":"lnvlluycuvsww7u","previousOperationId":"vexcbcvmbbf7ig8"}
{"type":"operationEnd","operationId":"7xezxhaz04omc2e","timestamp":1701082664491,"id":"7pl08ohp6xfymde","previousEventId":"lz5ifxloicv06yk","previousOperationId":"7xezxhaz04omc2e"}
{"type":"log","timestamp":1701082664491,"level":"debug","message":"pdf-utils postproces start","meta":{"rootId":"9akuji05xpmal9j","id":"9akuji05xpmal9j"},"id":"ziv5bnmaurqxtjb","previousOperationId":"7xezxhaz04omc2e"}
{"type":"log","timestamp":1701082664501,"level":"debug","message":"pdf-utils postproces end","meta":{"rootId":"9akuji05xpmal9j","id":"9akuji05xpmal9j"},"id":"gtlk8fqvq35gja6","previousOperationId":"7xezxhaz04omc2e"}
{"type":"operationEnd","operationId":"qes8s7vk281bsjv","timestamp":1701082664501,"id":"fnwn9dx40ua3ufq","previousEventId":"7pl08ohp6xfymde","previousOperationId":"7xezxhaz04omc2e"}
{"type":"log","timestamp":1701082664501,"level":"info","message":"pdf-utils pdf processing was finished","meta":{"rootId":"9akuji05xpmal9j","id":"9akuji05xpmal9j"},"id":"4we0uyemb6fg7l4","previousOperationId":"qes8s7vk281bsjv"}
{"type":"log","timestamp":1701082664501,"level":"debug","message":"Skipping storing report.","meta":{"rootId":"9akuji05xpmal9j","id":"9akuji05xpmal9j"},"id":"phxkrifcxt6tiy8","previousOperationId":"qes8s7vk281bsjv"}
{"type":"log","timestamp":1701082664501,"level":"info","message":"Rendering request 54 finished in 208 ms","meta":{"rootId":"9akuji05xpmal9j","id":"9akuji05xpmal9j"},"id":"uzb5dj1mkymzvig","previousOperationId":"qes8s7vk281bsjv"}
{"type":"operationEnd","subtype":"render","operationId":"bxzdu9chmuweab7","timestamp":1701082664501,"id":"ml7o739fpeesyyg","previousEventId":"fnwn9dx40ua3ufq","previousOperationId":"qes8s7vk281bsjv"}
{"type":"operationEnd","doDiffs":false,"previousEventId":"9o6auvszb9y82oe","previousOperationId":"04urfobff1m949f","operationId":"04urfobff1m949f","timestamp":1701082664504,"id":"t9cy5wh8fkaj7xc"}
