{"type":"operationStart","subtype":"profile","data":{"_id":"enRmPxfQR0uAC37O","timestamp":"2023-11-27T09:37:21.781Z","state":"queued","mode":"standard","creationDate":"2023-11-27T09:37:21.781Z","modificationDate":"2023-11-27T09:37:21.781Z","shortid":"lxa5MOr","$entitySet":"profiles"},"doDiffs":false,"timestamp":1701077841781,"id":"b4gligubx8f9ls3","previousOperationId":null,"operationId":"684i989sslw0ml1"}
{"type":"log","level":"info","message":"Render request 48 queued for execution and waiting for available worker","previousOperationId":"684i989sslw0ml1","timestamp":1701077841781,"id":"wj5w3ca5gp4121h"}
{"type":"operationStart","subtype":"render","name":"sporazum_fizicko","previousOperationId":"684i989sslw0ml1","timestamp":1701077841784,"id":"z8ehfhm4ifxyo8j","previousEventId":"b4gligubx8f9ls3","operationId":"xq65ep26bujmltk"}
{"type":"log","timestamp":1701077841784,"level":"info","message":"Starting rendering request 48","meta":{"rootId":"9vc1m4a22altfey","id":"9vc1m4a22altfey"},"id":"aam7i8nwdif0mdg","previousOperationId":"xq65ep26bujmltk"}
{"type":"log","timestamp":1701077841784,"level":"info","message":"Rendering template { name: sporazum_fizicko, recipe: chrome-pdf, engine: handlebars, preview: true }","meta":{"rootId":"9vc1m4a22altfey","id":"9vc1m4a22altfey"},"id":"efpus0tgqk5sgsl","previousOperationId":"xq65ep26bujmltk"}
{"type":"log","timestamp":1701077841785,"level":"debug","message":"Inline data specified.","meta":{"rootId":"9vc1m4a22altfey","id":"9vc1m4a22altfey"},"id":"6kbknjr5co2hv4b","previousOperationId":"xq65ep26bujmltk"}
{"type":"log","timestamp":1701077841786,"level":"debug","message":"Base url not specified, skipping its injection.","meta":{"rootId":"9vc1m4a22altfey","id":"9vc1m4a22altfey"},"id":"4hl4yjn37vvsa7e","previousOperationId":"xq65ep26bujmltk"}
{"type":"operationStart","subtype":"engine","name":"handlebars","timestamp":1701077841786,"id":"0n6qq3wy9sdpfvy","previousEventId":"z8ehfhm4ifxyo8j","operationId":"no5xui7bjplj5ee","previousOperationId":"xq65ep26bujmltk"}
{"type":"log","timestamp":1701077841786,"level":"debug","message":"Rendering engine handlebars","meta":{"rootId":"9vc1m4a22altfey","id":"9vc1m4a22altfey"},"id":"xpddw2rva0ip8wm","previousOperationId":"no5xui7bjplj5ee"}
{"type":"operationEnd","operationId":"no5xui7bjplj5ee","timestamp":1701077841796,"id":"nsocf3yrjx15ar1","previousEventId":"0n6qq3wy9sdpfvy","previousOperationId":"no5xui7bjplj5ee"}
{"type":"operationStart","subtype":"recipe","name":"chrome-pdf","timestamp":1701077841796,"id":"lssqg2az4obtouq","previousEventId":"nsocf3yrjx15ar1","operationId":"3ux5e555rp2vsdy","previousOperationId":"no5xui7bjplj5ee"}
{"type":"log","timestamp":1701077841796,"level":"debug","message":"Executing recipe chrome-pdf","meta":{"rootId":"9vc1m4a22altfey","id":"9vc1m4a22altfey"},"id":"g05vdu9nz6c15gf","previousOperationId":"3ux5e555rp2vsdy"}
{"type":"log","timestamp":1701077841798,"level":"debug","message":"Converting with chrome HeadlessChrome/117.0.5938.149 using chrome-pool strategy","meta":{"rootId":"9vc1m4a22altfey","id":"9vc1m4a22altfey"},"id":"qg1bgxn6yaxzg1y","previousOperationId":"3ux5e555rp2vsdy"}
{"type":"log","timestamp":1701077841836,"level":"debug","message":"Page request: GET (document) file:///var/folders/dp/qk79pfcj0y1fmtkkl08m76rc0000gn/T/jsreport/autocleanup/6feb8dbc-2e1b-434e-8623-e6521ba8f994-chrome-pdf.html","meta":{"rootId":"9vc1m4a22altfey","id":"9vc1m4a22altfey"},"id":"k0g9gcgnw33duls","previousOperationId":"3ux5e555rp2vsdy"}
{"type":"log","timestamp":1701077841840,"level":"debug","message":"Page request finished: GET (document) 200 file:///var/folders/dp/qk79pfcj0y1fmtkkl08m76rc0000gn/T/jsreport/autocleanup/6feb8dbc-2e1b-434e-8623-e6521ba8f994-chrome-pdf.html","meta":{"rootId":"9vc1m4a22altfey","id":"9vc1m4a22altfey"},"id":"f8th4hc9a49irky","previousOperationId":"3ux5e555rp2vsdy"}
{"type":"log","timestamp":1701077841849,"level":"debug","message":"Running chrome with params {\"printBackground\":true,\"timeout\":59984,\"margin\":{}}","meta":{"rootId":"9vc1m4a22altfey","id":"9vc1m4a22altfey"},"id":"defovr2m6a2ig2p","previousOperationId":"3ux5e555rp2vsdy"}
{"type":"operationEnd","operationId":"3ux5e555rp2vsdy","timestamp":1701077841870,"id":"zzk0v8v5huvmgub","previousEventId":"lssqg2az4obtouq","previousOperationId":"3ux5e555rp2vsdy"}
{"type":"log","timestamp":1701077841870,"level":"debug","message":"Skipping storing report.","meta":{"rootId":"9vc1m4a22altfey","id":"9vc1m4a22altfey"},"id":"qm8la3e7r5m32qs","previousOperationId":"3ux5e555rp2vsdy"}
{"type":"log","timestamp":1701077841870,"level":"info","message":"Rendering request 48 finished in 89 ms","meta":{"rootId":"9vc1m4a22altfey","id":"9vc1m4a22altfey"},"id":"3bb81p7tl7rrj20","previousOperationId":"3ux5e555rp2vsdy"}
{"type":"operationEnd","subtype":"render","operationId":"xq65ep26bujmltk","timestamp":1701077841870,"id":"pvvp4f59vfrgit7","previousEventId":"zzk0v8v5huvmgub","previousOperationId":"3ux5e555rp2vsdy"}
{"type":"operationEnd","doDiffs":false,"previousEventId":"b4gligubx8f9ls3","previousOperationId":"684i989sslw0ml1","operationId":"684i989sslw0ml1","timestamp":1701077841871,"id":"8bg3tthengy60wi"}
