{"type":"operationStart","subtype":"profile","data":{"_id":"nW2WJuUZbojLonj2","timestamp":"2023-11-27T11:09:23.470Z","state":"queued","mode":"standard","creationDate":"2023-11-27T11:09:23.473Z","modificationDate":"2023-11-27T11:09:23.473Z","shortid":"UZRfpGx","$entitySet":"profiles"},"doDiffs":false,"timestamp":1701083363471,"id":"pw6nzwrnun7qqrw","previousOperationId":null,"operationId":"r7m2dqme8xvu1pf"}
{"type":"log","level":"info","message":"Render request 68 queued for execution and waiting for available worker","previousOperationId":"r7m2dqme8xvu1pf","timestamp":1701083363471,"id":"l3oekitjzhxuvdk"}
{"type":"operationStart","subtype":"render","name":"sporazum_fizicko","previousOperationId":"r7m2dqme8xvu1pf","timestamp":1701083363480,"id":"udi2trc011q77xr","previousEventId":"pw6nzwrnun7qqrw","operationId":"39c04fkw5mdhqzr"}
{"type":"log","timestamp":1701083363481,"level":"info","message":"Starting rendering request 68","meta":{"rootId":"cnohol212ikrrlq","id":"cnohol212ikrrlq"},"id":"w8gnfquk9zo38fa","previousOperationId":"39c04fkw5mdhqzr"}
{"type":"log","timestamp":1701083363481,"level":"info","message":"Rendering template { name: sporazum_fizicko, recipe: chrome-pdf, engine: handlebars, preview: true }","meta":{"rootId":"cnohol212ikrrlq","id":"cnohol212ikrrlq"},"id":"kjadk2b6n5fnj74","previousOperationId":"39c04fkw5mdhqzr"}
{"type":"log","timestamp":1701083363483,"level":"debug","message":"Adding sample data ddGak933b","meta":{"rootId":"cnohol212ikrrlq","id":"cnohol212ikrrlq"},"id":"y9v7br9mtv8mwai","previousOperationId":"39c04fkw5mdhqzr"}
{"type":"log","timestamp":1701083363485,"level":"debug","message":"Base url not specified, skipping its injection.","meta":{"rootId":"cnohol212ikrrlq","id":"cnohol212ikrrlq"},"id":"uzx33dp437jgktk","previousOperationId":"39c04fkw5mdhqzr"}
{"type":"operationStart","subtype":"engine","name":"handlebars","timestamp":1701083363486,"id":"pt3h6ngfs0ze884","previousEventId":"udi2trc011q77xr","operationId":"jkp0ldtpeb6vi22","previousOperationId":"39c04fkw5mdhqzr"}
{"type":"log","timestamp":1701083363487,"level":"debug","message":"Rendering engine handlebars","meta":{"rootId":"cnohol212ikrrlq","id":"cnohol212ikrrlq"},"id":"az9th33107tdlwf","previousOperationId":"jkp0ldtpeb6vi22"}
{"type":"operationEnd","operationId":"jkp0ldtpeb6vi22","timestamp":1701083363508,"id":"mtmqaggubr2uu7d","previousEventId":"pt3h6ngfs0ze884","previousOperationId":"jkp0ldtpeb6vi22"}
{"type":"operationStart","subtype":"recipe","name":"chrome-pdf","timestamp":1701083363508,"id":"tsft4m2anriem81","previousEventId":"mtmqaggubr2uu7d","operationId":"3qgm7qm0gi6v59c","previousOperationId":"jkp0ldtpeb6vi22"}
{"type":"log","timestamp":1701083363508,"level":"debug","message":"Executing recipe chrome-pdf","meta":{"rootId":"cnohol212ikrrlq","id":"cnohol212ikrrlq"},"id":"zoirl4j34fenfmh","previousOperationId":"3qgm7qm0gi6v59c"}
{"type":"log","timestamp":1701083363511,"level":"debug","message":"Converting with chrome HeadlessChrome/117.0.5938.149 using chrome-pool strategy","meta":{"rootId":"cnohol212ikrrlq","id":"cnohol212ikrrlq"},"id":"ek5a9bjkiy19gjx","previousOperationId":"3qgm7qm0gi6v59c"}
{"type":"log","timestamp":1701083363557,"level":"debug","message":"Page request: GET (document) file:///var/folders/dp/qk79pfcj0y1fmtkkl08m76rc0000gn/T/jsreport/autocleanup/20c105ad-1668-4b60-9cbc-25732bf2a05e-chrome-pdf.html","meta":{"rootId":"cnohol212ikrrlq","id":"cnohol212ikrrlq"},"id":"hp30yjthnn1e6fa","previousOperationId":"3qgm7qm0gi6v59c"}
{"type":"log","timestamp":1701083363561,"level":"debug","message":"Page request finished: GET (document) 200 file:///var/folders/dp/qk79pfcj0y1fmtkkl08m76rc0000gn/T/jsreport/autocleanup/20c105ad-1668-4b60-9cbc-25732bf2a05e-chrome-pdf.html","meta":{"rootId":"cnohol212ikrrlq","id":"cnohol212ikrrlq"},"id":"jxayizvn85a27tx","previousOperationId":"3qgm7qm0gi6v59c"}
{"type":"log","timestamp":1701083363572,"level":"debug","message":"Running chrome with params {\"printBackground\":true,\"marginTop\":\"2cm\",\"marginBottom\":\"2cm\",\"timeout\":59961,\"margin\":{\"top\":\"2cm\",\"bottom\":\"2cm\"}}","meta":{"rootId":"cnohol212ikrrlq","id":"cnohol212ikrrlq"},"id":"473doi6av8fhzq4","previousOperationId":"3qgm7qm0gi6v59c"}
{"type":"operationEnd","operationId":"3qgm7qm0gi6v59c","timestamp":1701083363591,"id":"b420conl84fo1uu","previousEventId":"tsft4m2anriem81","previousOperationId":"3qgm7qm0gi6v59c"}
{"type":"log","timestamp":1701083363592,"level":"info","message":"pdf-utils is starting pdf processing","meta":{"rootId":"cnohol212ikrrlq","id":"cnohol212ikrrlq"},"id":"olmqpr7x073mw7u","previousOperationId":"3qgm7qm0gi6v59c"}
{"type":"operationStart","subtype":"pdfUtils","name":"pdf utils","timestamp":1701083363592,"id":"j0uw1hkzt3hlbjs","previousEventId":"b420conl84fo1uu","operationId":"jwjrrbzxs81karw","previousOperationId":"3qgm7qm0gi6v59c"}
{"type":"log","timestamp":1701083363592,"level":"debug","message":"pdf-utils detected 1 pdf operation(s) to process","meta":{"rootId":"cnohol212ikrrlq","id":"cnohol212ikrrlq"},"id":"difm6ruelvdd26p","previousOperationId":"jwjrrbzxs81karw"}
{"type":"log","timestamp":1701083363616,"level":"debug","message":"pdf-utils running pdf operation merge","meta":{"rootId":"cnohol212ikrrlq","id":"cnohol212ikrrlq"},"id":"kndv02vyy7vb2j9","previousOperationId":"jwjrrbzxs81karw"}
{"type":"operationStart","subtype":"pdfUtilsMerge","name":"pdf utils merge","previousOperationId":"jwjrrbzxs81karw","timestamp":1701083363616,"id":"d117t7ivfz1rp1b","previousEventId":"j0uw1hkzt3hlbjs","operationId":"1q8x7obi04mo7fe"}
{"type":"operationStart","subtype":"render","name":"header-footer","previousOperationId":"1q8x7obi04mo7fe","timestamp":1701083363616,"id":"91td1fa41k0gm9p","previousEventId":"d117t7ivfz1rp1b","operationId":"dxs931hcnkb7rm6"}
{"type":"log","timestamp":1701083363616,"level":"info","message":"Starting rendering (child) request","meta":{"rootId":"cnohol212ikrrlq","id":"t1dqhsate4llp0d"},"id":"5s9dnuxysc5phk8","previousOperationId":"dxs931hcnkb7rm6"}
{"type":"log","timestamp":1701083363616,"level":"info","message":"Rendering template { name: header-footer, recipe: chrome-pdf, engine: handlebars, preview: true }","meta":{"rootId":"cnohol212ikrrlq","id":"t1dqhsate4llp0d"},"id":"6iicnpx8x5y9tdo","previousOperationId":"dxs931hcnkb7rm6"}
{"type":"log","timestamp":1701083363616,"level":"debug","message":"Inline data specified.","meta":{"rootId":"cnohol212ikrrlq","id":"t1dqhsate4llp0d"},"id":"irpgn56juw6kt6c","previousOperationId":"dxs931hcnkb7rm6"}
{"type":"log","timestamp":1701083363617,"level":"debug","message":"Base url not specified, skipping its injection.","meta":{"rootId":"cnohol212ikrrlq","id":"t1dqhsate4llp0d"},"id":"7gst0ru9kx91uu1","previousOperationId":"dxs931hcnkb7rm6"}
{"type":"operationStart","subtype":"engine","name":"handlebars","timestamp":1701083363617,"id":"x8h7mdox9e9diwf","previousEventId":"91td1fa41k0gm9p","operationId":"xh2u1pcwjhy9pm0","previousOperationId":"dxs931hcnkb7rm6"}
{"type":"log","timestamp":1701083363617,"level":"debug","message":"Rendering engine handlebars","meta":{"rootId":"cnohol212ikrrlq","id":"t1dqhsate4llp0d"},"id":"aldkw0fx1dvd65a","previousOperationId":"xh2u1pcwjhy9pm0"}
{"type":"operationEnd","operationId":"xh2u1pcwjhy9pm0","timestamp":1701083363622,"id":"9u6fqfmombwd63s","previousEventId":"x8h7mdox9e9diwf","previousOperationId":"xh2u1pcwjhy9pm0"}
{"type":"operationStart","subtype":"recipe","name":"chrome-pdf","timestamp":1701083363622,"id":"z3cyo5sihdoof89","previousEventId":"9u6fqfmombwd63s","operationId":"419l0p7r755sksm","previousOperationId":"xh2u1pcwjhy9pm0"}
{"type":"log","timestamp":1701083363622,"level":"debug","message":"Executing recipe chrome-pdf","meta":{"rootId":"cnohol212ikrrlq","id":"t1dqhsate4llp0d"},"id":"tyyih8fzazxllcv","previousOperationId":"419l0p7r755sksm"}
{"type":"log","timestamp":1701083363623,"level":"debug","message":"Converting with chrome HeadlessChrome/117.0.5938.149 using chrome-pool strategy","meta":{"rootId":"cnohol212ikrrlq","id":"t1dqhsate4llp0d"},"id":"zkytbds9hy6zkob","previousOperationId":"419l0p7r755sksm"}
{"type":"log","timestamp":1701083363659,"level":"debug","message":"Page request: GET (document) file:///var/folders/dp/qk79pfcj0y1fmtkkl08m76rc0000gn/T/jsreport/autocleanup/ac88b2d7-e5f9-4254-9bd0-e636d5283c78-chrome-pdf.html","meta":{"rootId":"cnohol212ikrrlq","id":"t1dqhsate4llp0d"},"id":"zby1th6iqt8lay1","previousOperationId":"419l0p7r755sksm"}
{"type":"log","timestamp":1701083363664,"level":"debug","message":"Page request finished: GET (document) 200 file:///var/folders/dp/qk79pfcj0y1fmtkkl08m76rc0000gn/T/jsreport/autocleanup/ac88b2d7-e5f9-4254-9bd0-e636d5283c78-chrome-pdf.html","meta":{"rootId":"cnohol212ikrrlq","id":"t1dqhsate4llp0d"},"id":"gb73nw7ffkg5bg2","previousOperationId":"419l0p7r755sksm"}
{"type":"log","timestamp":1701083363672,"level":"debug","message":"Running chrome with params {\"timeout\":59847,\"margin\":{},\"printBackground\":true}","meta":{"rootId":"cnohol212ikrrlq","id":"t1dqhsate4llp0d"},"id":"q2t0vcachio4n84","previousOperationId":"419l0p7r755sksm"}
{"type":"operationEnd","operationId":"419l0p7r755sksm","timestamp":1701083363678,"id":"d7on8wjg3h2zapu","previousEventId":"z3cyo5sihdoof89","previousOperationId":"419l0p7r755sksm"}
{"type":"log","timestamp":1701083363678,"level":"debug","message":"Skipping storing report.","meta":{"rootId":"cnohol212ikrrlq","id":"t1dqhsate4llp0d"},"id":"yfwjxlj395edg7r","previousOperationId":"419l0p7r755sksm"}
{"type":"log","timestamp":1701083363678,"level":"info","message":"Rendering (child) request finished in 208 ms","meta":{"rootId":"cnohol212ikrrlq","id":"t1dqhsate4llp0d"},"id":"77ctjwvh9iuokgu","previousOperationId":"419l0p7r755sksm"}
{"type":"operationEnd","subtype":"render","operationId":"dxs931hcnkb7rm6","timestamp":1701083363678,"id":"tfj36s4v0sm2485","previousEventId":"d7on8wjg3h2zapu","previousOperationId":"419l0p7r755sksm"}
{"type":"operationEnd","operationId":"1q8x7obi04mo7fe","timestamp":1701083363682,"id":"ybp2hbibia8p1uc","previousEventId":"d117t7ivfz1rp1b","previousOperationId":"1q8x7obi04mo7fe"}
{"type":"log","timestamp":1701083363682,"level":"debug","message":"pdf-utils postproces start","meta":{"rootId":"cnohol212ikrrlq","id":"cnohol212ikrrlq"},"id":"yzabovx7bmgnaip","previousOperationId":"1q8x7obi04mo7fe"}
{"type":"log","timestamp":1701083363689,"level":"debug","message":"pdf-utils postproces end","meta":{"rootId":"cnohol212ikrrlq","id":"cnohol212ikrrlq"},"id":"infdknelr9oxcds","previousOperationId":"1q8x7obi04mo7fe"}
{"type":"operationEnd","operationId":"jwjrrbzxs81karw","timestamp":1701083363689,"id":"q48jw3khb2urv5v","previousEventId":"ybp2hbibia8p1uc","previousOperationId":"1q8x7obi04mo7fe"}
{"type":"log","timestamp":1701083363689,"level":"info","message":"pdf-utils pdf processing was finished","meta":{"rootId":"cnohol212ikrrlq","id":"cnohol212ikrrlq"},"id":"nrxje6kvpkowskd","previousOperationId":"jwjrrbzxs81karw"}
{"type":"log","timestamp":1701083363689,"level":"debug","message":"Skipping storing report.","meta":{"rootId":"cnohol212ikrrlq","id":"cnohol212ikrrlq"},"id":"28i245i77a4jrgk","previousOperationId":"jwjrrbzxs81karw"}
{"type":"log","timestamp":1701083363689,"level":"info","message":"Rendering request 68 finished in 219 ms","meta":{"rootId":"cnohol212ikrrlq","id":"cnohol212ikrrlq"},"id":"09e13xuez97gs7v","previousOperationId":"jwjrrbzxs81karw"}
{"type":"operationEnd","subtype":"render","operationId":"39c04fkw5mdhqzr","timestamp":1701083363689,"id":"xx7wplt0u9s57gx","previousEventId":"q48jw3khb2urv5v","previousOperationId":"jwjrrbzxs81karw"}
{"type":"operationEnd","doDiffs":false,"previousEventId":"pw6nzwrnun7qqrw","previousOperationId":"r7m2dqme8xvu1pf","operationId":"r7m2dqme8xvu1pf","timestamp":1701083363691,"id":"9yavxvan81hqobe"}
