{"type":"operationStart","subtype":"profile","data":{"_id":"7BsPR0sgiobtdyvV","timestamp":"2023-11-27T11:30:33.135Z","state":"queued","mode":"standard","creationDate":"2023-11-27T11:30:33.136Z","modificationDate":"2023-11-27T11:30:33.136Z","shortid":"q3aYJ7O","$entitySet":"profiles"},"doDiffs":false,"timestamp":1701084633136,"id":"q4a905l38u4falc","previousOperationId":null,"operationId":"o9raidyvi88apbt"}
{"type":"log","level":"info","message":"Render request 82 queued for execution and waiting for available worker","previousOperationId":"o9raidyvi88apbt","timestamp":1701084633136,"id":"u6nn4qhclcjvudj"}
{"type":"operationStart","subtype":"render","name":"sporazum_fizicko","previousOperationId":"o9raidyvi88apbt","timestamp":1701084633145,"id":"t3eecbxh6zgvira","previousEventId":"q4a905l38u4falc","operationId":"ibek81eu18vytgh"}
{"type":"log","timestamp":1701084633145,"level":"info","message":"Starting rendering request 82","meta":{"rootId":"cz8las9fcx4bo87","id":"cz8las9fcx4bo87"},"id":"xidf4d3c8ccnkdo","previousOperationId":"ibek81eu18vytgh"}
{"type":"log","timestamp":1701084633145,"level":"info","message":"Rendering template { name: sporazum_fizicko, recipe: chrome-pdf, engine: handlebars, preview: true }","meta":{"rootId":"cz8las9fcx4bo87","id":"cz8las9fcx4bo87"},"id":"63uqjvn1s0glc4q","previousOperationId":"ibek81eu18vytgh"}
{"type":"log","timestamp":1701084633146,"level":"debug","message":"Inline data specified.","meta":{"rootId":"cz8las9fcx4bo87","id":"cz8las9fcx4bo87"},"id":"z0ajhs9glswdxkp","previousOperationId":"ibek81eu18vytgh"}
{"type":"log","timestamp":1701084633147,"level":"debug","message":"Base url not specified, skipping its injection.","meta":{"rootId":"cz8las9fcx4bo87","id":"cz8las9fcx4bo87"},"id":"w6eeqvxopy253ts","previousOperationId":"ibek81eu18vytgh"}
{"type":"operationStart","subtype":"engine","name":"handlebars","timestamp":1701084633148,"id":"633o001kdcmfnc4","previousEventId":"t3eecbxh6zgvira","operationId":"6b5c1c3jnrlzwcw","previousOperationId":"ibek81eu18vytgh"}
{"type":"log","timestamp":1701084633148,"level":"debug","message":"Rendering engine handlebars","meta":{"rootId":"cz8las9fcx4bo87","id":"cz8las9fcx4bo87"},"id":"q558ajzok130l63","previousOperationId":"6b5c1c3jnrlzwcw"}
{"type":"operationEnd","operationId":"6b5c1c3jnrlzwcw","timestamp":1701084633170,"id":"3ovthir0cmrcycs","previousEventId":"633o001kdcmfnc4","previousOperationId":"6b5c1c3jnrlzwcw"}
{"type":"operationStart","subtype":"recipe","name":"chrome-pdf","timestamp":1701084633171,"id":"0f3n0y9up9jzeq0","previousEventId":"3ovthir0cmrcycs","operationId":"klw0rmw92sae17q","previousOperationId":"6b5c1c3jnrlzwcw"}
{"type":"log","timestamp":1701084633171,"level":"debug","message":"Executing recipe chrome-pdf","meta":{"rootId":"cz8las9fcx4bo87","id":"cz8las9fcx4bo87"},"id":"cq6bs1a96yd145a","previousOperationId":"klw0rmw92sae17q"}
{"type":"log","timestamp":1701084633172,"level":"debug","message":"Converting with chrome HeadlessChrome/117.0.5938.149 using chrome-pool strategy","meta":{"rootId":"cz8las9fcx4bo87","id":"cz8las9fcx4bo87"},"id":"0cmfso5ul2quk7y","previousOperationId":"klw0rmw92sae17q"}
{"type":"log","timestamp":1701084633223,"level":"debug","message":"Page request: GET (document) file:///var/folders/dp/qk79pfcj0y1fmtkkl08m76rc0000gn/T/jsreport/autocleanup/f9d5323d-a8d3-46e9-a24c-06f3802ead0d-chrome-pdf.html","meta":{"rootId":"cz8las9fcx4bo87","id":"cz8las9fcx4bo87"},"id":"hbi7sgmuh0vkksd","previousOperationId":"klw0rmw92sae17q"}
{"type":"log","timestamp":1701084633228,"level":"debug","message":"Page request finished: GET (document) 200 file:///var/folders/dp/qk79pfcj0y1fmtkkl08m76rc0000gn/T/jsreport/autocleanup/f9d5323d-a8d3-46e9-a24c-06f3802ead0d-chrome-pdf.html","meta":{"rootId":"cz8las9fcx4bo87","id":"cz8las9fcx4bo87"},"id":"g7ubv2gm8hd2pca","previousOperationId":"klw0rmw92sae17q"}
{"type":"log","timestamp":1701084633238,"level":"debug","message":"Running chrome with params {\"printBackground\":true,\"marginTop\":\"2cm\",\"marginBottom\":\"2cm\",\"timeout\":59964,\"margin\":{\"top\":\"2cm\",\"bottom\":\"2cm\"}}","meta":{"rootId":"cz8las9fcx4bo87","id":"cz8las9fcx4bo87"},"id":"45ul8bt3i40bexp","previousOperationId":"klw0rmw92sae17q"}
{"type":"operationEnd","operationId":"klw0rmw92sae17q","timestamp":1701084633262,"id":"fwuqagsz9ybr1gx","previousEventId":"0f3n0y9up9jzeq0","previousOperationId":"klw0rmw92sae17q"}
{"type":"log","timestamp":1701084633262,"level":"info","message":"pdf-utils is starting pdf processing","meta":{"rootId":"cz8las9fcx4bo87","id":"cz8las9fcx4bo87"},"id":"ljqxcr4oss3ce7d","previousOperationId":"klw0rmw92sae17q"}
{"type":"operationStart","subtype":"pdfUtils","name":"pdf utils","timestamp":1701084633262,"id":"i6dr6av115hpzn7","previousEventId":"fwuqagsz9ybr1gx","operationId":"aevpofgkv1z6o55","previousOperationId":"klw0rmw92sae17q"}
{"type":"log","timestamp":1701084633262,"level":"debug","message":"pdf-utils detected 1 pdf operation(s) to process","meta":{"rootId":"cz8las9fcx4bo87","id":"cz8las9fcx4bo87"},"id":"yid1q8buuotzs41","previousOperationId":"aevpofgkv1z6o55"}
{"type":"log","timestamp":1701084633281,"level":"debug","message":"pdf-utils running pdf operation merge","meta":{"rootId":"cz8las9fcx4bo87","id":"cz8las9fcx4bo87"},"id":"89odv9dqpq01vid","previousOperationId":"aevpofgkv1z6o55"}
{"type":"operationStart","subtype":"pdfUtilsMerge","name":"pdf utils merge","previousOperationId":"aevpofgkv1z6o55","timestamp":1701084633281,"id":"5u4sgka2lddkfhx","previousEventId":"i6dr6av115hpzn7","operationId":"na8h18c8hpwfzql"}
{"type":"operationStart","subtype":"render","name":"header-footer","previousOperationId":"na8h18c8hpwfzql","timestamp":1701084633281,"id":"ztdk0nwm0pby22a","previousEventId":"5u4sgka2lddkfhx","operationId":"pdpu67xtdr8mrve"}
{"type":"log","timestamp":1701084633281,"level":"info","message":"Starting rendering (child) request","meta":{"rootId":"cz8las9fcx4bo87","id":"6sdbosp05225pgz"},"id":"vaukl86ujo0uyc8","previousOperationId":"pdpu67xtdr8mrve"}
{"type":"log","timestamp":1701084633281,"level":"info","message":"Rendering template { name: header-footer, recipe: chrome-pdf, engine: handlebars, preview: true }","meta":{"rootId":"cz8las9fcx4bo87","id":"6sdbosp05225pgz"},"id":"iyrais6rnikyia3","previousOperationId":"pdpu67xtdr8mrve"}
{"type":"log","timestamp":1701084633282,"level":"debug","message":"Inline data specified.","meta":{"rootId":"cz8las9fcx4bo87","id":"6sdbosp05225pgz"},"id":"2spnkk4n7ck298q","previousOperationId":"pdpu67xtdr8mrve"}
{"type":"log","timestamp":1701084633283,"level":"debug","message":"Base url not specified, skipping its injection.","meta":{"rootId":"cz8las9fcx4bo87","id":"6sdbosp05225pgz"},"id":"1enppdi6eytwlk7","previousOperationId":"pdpu67xtdr8mrve"}
{"type":"operationStart","subtype":"engine","name":"handlebars","timestamp":1701084633283,"id":"isotu6lmu8n51o5","previousEventId":"ztdk0nwm0pby22a","operationId":"4wtb6opc2b693zp","previousOperationId":"pdpu67xtdr8mrve"}
{"type":"log","timestamp":1701084633283,"level":"debug","message":"Rendering engine handlebars","meta":{"rootId":"cz8las9fcx4bo87","id":"6sdbosp05225pgz"},"id":"6ygk16onve5ab2p","previousOperationId":"4wtb6opc2b693zp"}
{"type":"operationEnd","operationId":"4wtb6opc2b693zp","timestamp":1701084633287,"id":"49kh0a7r2gha7n1","previousEventId":"isotu6lmu8n51o5","previousOperationId":"4wtb6opc2b693zp"}
{"type":"operationStart","subtype":"recipe","name":"chrome-pdf","timestamp":1701084633288,"id":"9c81g8dg35roi48","previousEventId":"49kh0a7r2gha7n1","operationId":"p54z13p5ohggkpe","previousOperationId":"4wtb6opc2b693zp"}
{"type":"log","timestamp":1701084633288,"level":"debug","message":"Executing recipe chrome-pdf","meta":{"rootId":"cz8las9fcx4bo87","id":"6sdbosp05225pgz"},"id":"39u6s7z0v124w34","previousOperationId":"p54z13p5ohggkpe"}
{"type":"log","timestamp":1701084633289,"level":"debug","message":"Converting with chrome HeadlessChrome/117.0.5938.149 using chrome-pool strategy","meta":{"rootId":"cz8las9fcx4bo87","id":"6sdbosp05225pgz"},"id":"2rxcj2lr14m7b51","previousOperationId":"p54z13p5ohggkpe"}
{"type":"log","timestamp":1701084633326,"level":"debug","message":"Page request: GET (document) file:///var/folders/dp/qk79pfcj0y1fmtkkl08m76rc0000gn/T/jsreport/autocleanup/b03e567c-bdf8-4bba-bbb3-07800b014c74-chrome-pdf.html","meta":{"rootId":"cz8las9fcx4bo87","id":"6sdbosp05225pgz"},"id":"oednm2b6mg9jcr9","previousOperationId":"p54z13p5ohggkpe"}
{"type":"log","timestamp":1701084633330,"level":"debug","message":"Page request finished: GET (document) 200 file:///var/folders/dp/qk79pfcj0y1fmtkkl08m76rc0000gn/T/jsreport/autocleanup/b03e567c-bdf8-4bba-bbb3-07800b014c74-chrome-pdf.html","meta":{"rootId":"cz8las9fcx4bo87","id":"6sdbosp05225pgz"},"id":"qpn6ghst05wcxjx","previousOperationId":"p54z13p5ohggkpe"}
{"type":"log","timestamp":1701084633337,"level":"debug","message":"Running chrome with params {\"timeout\":59846,\"margin\":{},\"printBackground\":true}","meta":{"rootId":"cz8las9fcx4bo87","id":"6sdbosp05225pgz"},"id":"2okdxjc9v65mgyf","previousOperationId":"p54z13p5ohggkpe"}
{"type":"operationEnd","operationId":"p54z13p5ohggkpe","timestamp":1701084633343,"id":"owcnwt7vcqlkz4f","previousEventId":"9c81g8dg35roi48","previousOperationId":"p54z13p5ohggkpe"}
{"type":"log","timestamp":1701084633344,"level":"debug","message":"Skipping storing report.","meta":{"rootId":"cz8las9fcx4bo87","id":"6sdbosp05225pgz"},"id":"3tl0yfhuaxmdytg","previousOperationId":"p54z13p5ohggkpe"}
{"type":"log","timestamp":1701084633344,"level":"info","message":"Rendering (child) request finished in 209 ms","meta":{"rootId":"cz8las9fcx4bo87","id":"6sdbosp05225pgz"},"id":"x31iv9tesdsuo98","previousOperationId":"p54z13p5ohggkpe"}
{"type":"operationEnd","subtype":"render","operationId":"pdpu67xtdr8mrve","timestamp":1701084633344,"id":"xs5yqdd971rej1v","previousEventId":"owcnwt7vcqlkz4f","previousOperationId":"p54z13p5ohggkpe"}
{"type":"operationEnd","operationId":"na8h18c8hpwfzql","timestamp":1701084633350,"id":"l8aztj3vmr1o1bq","previousEventId":"5u4sgka2lddkfhx","previousOperationId":"na8h18c8hpwfzql"}
{"type":"log","timestamp":1701084633350,"level":"debug","message":"pdf-utils postproces start","meta":{"rootId":"cz8las9fcx4bo87","id":"cz8las9fcx4bo87"},"id":"ta1ai46q3h4lq7h","previousOperationId":"na8h18c8hpwfzql"}
{"type":"log","timestamp":1701084633358,"level":"debug","message":"pdf-utils postproces end","meta":{"rootId":"cz8las9fcx4bo87","id":"cz8las9fcx4bo87"},"id":"k0837cl4rm7b9ov","previousOperationId":"na8h18c8hpwfzql"}
{"type":"operationEnd","operationId":"aevpofgkv1z6o55","timestamp":1701084633358,"id":"lymo1rf8n8q9o34","previousEventId":"l8aztj3vmr1o1bq","previousOperationId":"na8h18c8hpwfzql"}
{"type":"log","timestamp":1701084633358,"level":"info","message":"pdf-utils pdf processing was finished","meta":{"rootId":"cz8las9fcx4bo87","id":"cz8las9fcx4bo87"},"id":"uo1sokdw69jef7f","previousOperationId":"aevpofgkv1z6o55"}
{"type":"log","timestamp":1701084633358,"level":"debug","message":"Skipping storing report.","meta":{"rootId":"cz8las9fcx4bo87","id":"cz8las9fcx4bo87"},"id":"axk0e5ms7spumal","previousOperationId":"aevpofgkv1z6o55"}
{"type":"log","timestamp":1701084633358,"level":"info","message":"Rendering request 82 finished in 223 ms","meta":{"rootId":"cz8las9fcx4bo87","id":"cz8las9fcx4bo87"},"id":"n9kpzgbwi8zwhur","previousOperationId":"aevpofgkv1z6o55"}
{"type":"operationEnd","subtype":"render","operationId":"ibek81eu18vytgh","timestamp":1701084633358,"id":"3uurkdnbf2efetg","previousEventId":"lymo1rf8n8q9o34","previousOperationId":"aevpofgkv1z6o55"}
{"type":"operationEnd","doDiffs":false,"previousEventId":"q4a905l38u4falc","previousOperationId":"o9raidyvi88apbt","operationId":"o9raidyvi88apbt","timestamp":1701084633360,"id":"8af92hdy31klstb"}
