{"type":"operationStart","subtype":"profile","data":{"_id":"okhdB1EZHXc3cvaO","timestamp":"2023-11-27T09:21:04.913Z","state":"queued","mode":"standard","creationDate":"2023-11-27T09:21:04.914Z","modificationDate":"2023-11-27T09:21:04.914Z","shortid":"8WXsEiA","$entitySet":"profiles"},"doDiffs":false,"timestamp":1701076864913,"id":"uui8g2m1qd1z8qo","previousOperationId":null,"operationId":"3rrh6f1kqprh4l1"}
{"type":"log","level":"info","message":"Render request 36 queued for execution and waiting for available worker","previousOperationId":"3rrh6f1kqprh4l1","timestamp":1701076864913,"id":"3n29lvporf0dkpf"}
{"type":"operationStart","subtype":"render","name":"sporazum_fizicko","previousOperationId":"3rrh6f1kqprh4l1","timestamp":1701076864919,"id":"qej9saiihuhdx2q","previousEventId":"uui8g2m1qd1z8qo","operationId":"t8ldgyu0pbubrky"}
{"type":"log","timestamp":1701076864919,"level":"info","message":"Starting rendering request 36","meta":{"rootId":"dxnrv44ofyn4qmk","id":"dxnrv44ofyn4qmk"},"id":"frzvwr0w9os1gcc","previousOperationId":"t8ldgyu0pbubrky"}
{"type":"log","timestamp":1701076864920,"level":"info","message":"Rendering template { name: sporazum_fizicko, recipe: chrome-pdf, engine: handlebars, preview: true }","meta":{"rootId":"dxnrv44ofyn4qmk","id":"dxnrv44ofyn4qmk"},"id":"gd5t9tmnssat4sr","previousOperationId":"t8ldgyu0pbubrky"}
{"type":"log","timestamp":1701076864920,"level":"debug","message":"Inline data specified.","meta":{"rootId":"dxnrv44ofyn4qmk","id":"dxnrv44ofyn4qmk"},"id":"q57ex3v8e3adehu","previousOperationId":"t8ldgyu0pbubrky"}
{"type":"log","timestamp":1701076864921,"level":"debug","message":"Base url not specified, skipping its injection.","meta":{"rootId":"dxnrv44ofyn4qmk","id":"dxnrv44ofyn4qmk"},"id":"be4xxxp4irjr3vz","previousOperationId":"t8ldgyu0pbubrky"}
{"type":"operationStart","subtype":"engine","name":"handlebars","timestamp":1701076864922,"id":"lt8bp288cw1sz4x","previousEventId":"qej9saiihuhdx2q","operationId":"4tpsknb9d6zcixb","previousOperationId":"t8ldgyu0pbubrky"}
{"type":"log","timestamp":1701076864922,"level":"debug","message":"Rendering engine handlebars","meta":{"rootId":"dxnrv44ofyn4qmk","id":"dxnrv44ofyn4qmk"},"id":"5vrlnb329oxq9d7","previousOperationId":"4tpsknb9d6zcixb"}
{"type":"operationEnd","operationId":"4tpsknb9d6zcixb","timestamp":1701076864935,"id":"laxssbf8387g5hy","previousEventId":"lt8bp288cw1sz4x","previousOperationId":"4tpsknb9d6zcixb"}
{"type":"operationStart","subtype":"recipe","name":"chrome-pdf","timestamp":1701076864935,"id":"p6k45dlj0whfxzz","previousEventId":"laxssbf8387g5hy","operationId":"f75t8f1n7605kdi","previousOperationId":"4tpsknb9d6zcixb"}
{"type":"log","timestamp":1701076864935,"level":"debug","message":"Executing recipe chrome-pdf","meta":{"rootId":"dxnrv44ofyn4qmk","id":"dxnrv44ofyn4qmk"},"id":"ix0o2j90k0u7kfr","previousOperationId":"f75t8f1n7605kdi"}
{"type":"log","timestamp":1701076864936,"level":"debug","message":"Converting with chrome HeadlessChrome/117.0.5938.149 using chrome-pool strategy","meta":{"rootId":"dxnrv44ofyn4qmk","id":"dxnrv44ofyn4qmk"},"id":"tbt98mu0z8wchm6","previousOperationId":"f75t8f1n7605kdi"}
{"type":"log","timestamp":1701076864977,"level":"debug","message":"Page request: GET (document) file:///var/folders/dp/qk79pfcj0y1fmtkkl08m76rc0000gn/T/jsreport/autocleanup/c5a24b00-0638-42d0-a93d-7db928e073ff-chrome-pdf.html","meta":{"rootId":"dxnrv44ofyn4qmk","id":"dxnrv44ofyn4qmk"},"id":"wwfz406n56a7ra5","previousOperationId":"f75t8f1n7605kdi"}
{"type":"log","timestamp":1701076864981,"level":"debug","message":"Page request finished: GET (document) 200 file:///var/folders/dp/qk79pfcj0y1fmtkkl08m76rc0000gn/T/jsreport/autocleanup/c5a24b00-0638-42d0-a93d-7db928e073ff-chrome-pdf.html","meta":{"rootId":"dxnrv44ofyn4qmk","id":"dxnrv44ofyn4qmk"},"id":"kvk58hthddd0smc","previousOperationId":"f75t8f1n7605kdi"}
{"type":"log","timestamp":1701076864991,"level":"debug","message":"Running chrome with params {\"printBackground\":true,\"timeout\":59978,\"margin\":{}}","meta":{"rootId":"dxnrv44ofyn4qmk","id":"dxnrv44ofyn4qmk"},"id":"lys6e58nfwznaab","previousOperationId":"f75t8f1n7605kdi"}
{"type":"operationEnd","operationId":"f75t8f1n7605kdi","timestamp":1701076865011,"id":"5v4kvwx0xjhcmfm","previousEventId":"p6k45dlj0whfxzz","previousOperationId":"f75t8f1n7605kdi"}
{"type":"log","timestamp":1701076865011,"level":"debug","message":"Skipping storing report.","meta":{"rootId":"dxnrv44ofyn4qmk","id":"dxnrv44ofyn4qmk"},"id":"v06rfx0ak40wuy6","previousOperationId":"f75t8f1n7605kdi"}
{"type":"log","timestamp":1701076865011,"level":"info","message":"Rendering request 36 finished in 98 ms","meta":{"rootId":"dxnrv44ofyn4qmk","id":"dxnrv44ofyn4qmk"},"id":"ulo212dzs3xdo8w","previousOperationId":"f75t8f1n7605kdi"}
{"type":"operationEnd","subtype":"render","operationId":"t8ldgyu0pbubrky","timestamp":1701076865011,"id":"v4xa83jpkf1duiw","previousEventId":"5v4kvwx0xjhcmfm","previousOperationId":"f75t8f1n7605kdi"}
{"type":"operationEnd","doDiffs":false,"previousEventId":"uui8g2m1qd1z8qo","previousOperationId":"3rrh6f1kqprh4l1","operationId":"3rrh6f1kqprh4l1","timestamp":1701076865013,"id":"yhy2toqiuw3g37t"}
