{"type":"operationStart","subtype":"profile","data":{"_id":"zrCmVtyooVFcUtcq","timestamp":"2023-11-27T09:29:02.630Z","state":"queued","mode":"standard","creationDate":"2023-11-27T09:29:02.632Z","modificationDate":"2023-11-27T09:29:02.632Z","shortid":"2FKZYj3","$entitySet":"profiles"},"doDiffs":false,"timestamp":1701077342632,"id":"4anu852w5gg9109","previousOperationId":null,"operationId":"s9i738jyno8dosm"}
{"type":"log","level":"info","message":"Render request 40 queued for execution and waiting for available worker","previousOperationId":"s9i738jyno8dosm","timestamp":1701077342632,"id":"3tw5ppdisk6p3eo"}
{"type":"operationStart","subtype":"render","name":"sporazum_fizicko","previousOperationId":"s9i738jyno8dosm","timestamp":1701077342639,"id":"n2wu8jt7k5be1a5","previousEventId":"4anu852w5gg9109","operationId":"0kugf0fju8ulq5w"}
{"type":"log","timestamp":1701077342639,"level":"info","message":"Starting rendering request 40","meta":{"rootId":"ezwmvrszm9q7vvy","id":"ezwmvrszm9q7vvy"},"id":"6cu9a93hjbeiiwp","previousOperationId":"0kugf0fju8ulq5w"}
{"type":"log","timestamp":1701077342639,"level":"info","message":"Rendering template { name: sporazum_fizicko, recipe: chrome-pdf, engine: handlebars, preview: true }","meta":{"rootId":"ezwmvrszm9q7vvy","id":"ezwmvrszm9q7vvy"},"id":"r36dda1ui3l3r02","previousOperationId":"0kugf0fju8ulq5w"}
{"type":"log","timestamp":1701077342640,"level":"debug","message":"Inline data specified.","meta":{"rootId":"ezwmvrszm9q7vvy","id":"ezwmvrszm9q7vvy"},"id":"6cbad6rh6gwx3p6","previousOperationId":"0kugf0fju8ulq5w"}
{"type":"log","timestamp":1701077342641,"level":"debug","message":"Base url not specified, skipping its injection.","meta":{"rootId":"ezwmvrszm9q7vvy","id":"ezwmvrszm9q7vvy"},"id":"uo76r6is5utz9cm","previousOperationId":"0kugf0fju8ulq5w"}
{"type":"operationStart","subtype":"engine","name":"handlebars","timestamp":1701077342641,"id":"3k49tcwuaovph63","previousEventId":"n2wu8jt7k5be1a5","operationId":"x6ayq19i7hzazng","previousOperationId":"0kugf0fju8ulq5w"}
{"type":"log","timestamp":1701077342641,"level":"debug","message":"Rendering engine handlebars","meta":{"rootId":"ezwmvrszm9q7vvy","id":"ezwmvrszm9q7vvy"},"id":"rnibxjx3cre0v1g","previousOperationId":"x6ayq19i7hzazng"}
{"type":"operationEnd","operationId":"x6ayq19i7hzazng","timestamp":1701077342664,"id":"qhg6s9cgnafmmwm","previousEventId":"3k49tcwuaovph63","previousOperationId":"x6ayq19i7hzazng"}
{"type":"operationStart","subtype":"recipe","name":"chrome-pdf","timestamp":1701077342665,"id":"oh7wbd43085h1w3","previousEventId":"qhg6s9cgnafmmwm","operationId":"m4mqupctn4eygjf","previousOperationId":"x6ayq19i7hzazng"}
{"type":"log","timestamp":1701077342665,"level":"debug","message":"Executing recipe chrome-pdf","meta":{"rootId":"ezwmvrszm9q7vvy","id":"ezwmvrszm9q7vvy"},"id":"8wp4bhbmrizxvqo","previousOperationId":"m4mqupctn4eygjf"}
{"type":"log","timestamp":1701077342666,"level":"debug","message":"Converting with chrome HeadlessChrome/117.0.5938.149 using chrome-pool strategy","meta":{"rootId":"ezwmvrszm9q7vvy","id":"ezwmvrszm9q7vvy"},"id":"b1bujym4a6wc38f","previousOperationId":"m4mqupctn4eygjf"}
{"type":"log","timestamp":1701077342720,"level":"debug","message":"Page request: GET (document) file:///var/folders/dp/qk79pfcj0y1fmtkkl08m76rc0000gn/T/jsreport/autocleanup/f0d48020-7086-4916-863b-ac6157dda7f1-chrome-pdf.html","meta":{"rootId":"ezwmvrszm9q7vvy","id":"ezwmvrszm9q7vvy"},"id":"2ll4fp2ij4arigw","previousOperationId":"m4mqupctn4eygjf"}
{"type":"log","timestamp":1701077342724,"level":"debug","message":"Page request finished: GET (document) 200 file:///var/folders/dp/qk79pfcj0y1fmtkkl08m76rc0000gn/T/jsreport/autocleanup/f0d48020-7086-4916-863b-ac6157dda7f1-chrome-pdf.html","meta":{"rootId":"ezwmvrszm9q7vvy","id":"ezwmvrszm9q7vvy"},"id":"tc3iheegiw2rllt","previousOperationId":"m4mqupctn4eygjf"}
{"type":"log","timestamp":1701077342736,"level":"debug","message":"Running chrome with params {\"printBackground\":true,\"timeout\":59965,\"margin\":{}}","meta":{"rootId":"ezwmvrszm9q7vvy","id":"ezwmvrszm9q7vvy"},"id":"mvftym2uvp2pe91","previousOperationId":"m4mqupctn4eygjf"}
{"type":"operationEnd","operationId":"m4mqupctn4eygjf","timestamp":1701077342756,"id":"s2np5lgt52crtfe","previousEventId":"oh7wbd43085h1w3","previousOperationId":"m4mqupctn4eygjf"}
{"type":"log","timestamp":1701077342756,"level":"debug","message":"Skipping storing report.","meta":{"rootId":"ezwmvrszm9q7vvy","id":"ezwmvrszm9q7vvy"},"id":"wigt6vub7oalv79","previousOperationId":"m4mqupctn4eygjf"}
{"type":"log","timestamp":1701077342756,"level":"info","message":"Rendering request 40 finished in 126 ms","meta":{"rootId":"ezwmvrszm9q7vvy","id":"ezwmvrszm9q7vvy"},"id":"0uk4se1ugjtohhb","previousOperationId":"m4mqupctn4eygjf"}
{"type":"operationEnd","subtype":"render","operationId":"0kugf0fju8ulq5w","timestamp":1701077342756,"id":"jgu6zmsennefx4t","previousEventId":"s2np5lgt52crtfe","previousOperationId":"m4mqupctn4eygjf"}
{"type":"operationEnd","doDiffs":false,"previousEventId":"4anu852w5gg9109","previousOperationId":"s9i738jyno8dosm","operationId":"s9i738jyno8dosm","timestamp":1701077342757,"id":"9o866kmhkrlyy5s"}
