{"type":"operationStart","subtype":"profile","data":{"_id":"IPa7tGExEBmdI5YZ","timestamp":"2023-11-27T09:20:18.912Z","state":"queued","mode":"standard","creationDate":"2023-11-27T09:20:18.913Z","modificationDate":"2023-11-27T09:20:18.913Z","shortid":"MbZBaS8","$entitySet":"profiles"},"doDiffs":false,"timestamp":1701076818913,"id":"fw2in4zu1qi4wgg","previousOperationId":null,"operationId":"6embpru8s8tsgmy"}
{"type":"log","level":"info","message":"Render request 34 queued for execution and waiting for available worker","previousOperationId":"6embpru8s8tsgmy","timestamp":1701076818913,"id":"pacferasb74aely"}
{"type":"operationStart","subtype":"render","name":"sporazum_fizicko","previousOperationId":"6embpru8s8tsgmy","timestamp":1701076818917,"id":"jj3t1psm8tniezq","previousEventId":"fw2in4zu1qi4wgg","operationId":"44elffgxajckcqz"}
{"type":"log","timestamp":1701076818917,"level":"info","message":"Starting rendering request 34","meta":{"rootId":"h5wzfbtxst3l5xi","id":"h5wzfbtxst3l5xi"},"id":"hroxm898ag76dqf","previousOperationId":"44elffgxajckcqz"}
{"type":"log","timestamp":1701076818917,"level":"info","message":"Rendering template { name: sporazum_fizicko, recipe: chrome-pdf, engine: handlebars, preview: true }","meta":{"rootId":"h5wzfbtxst3l5xi","id":"h5wzfbtxst3l5xi"},"id":"l7f0dyrmp4mbcr4","previousOperationId":"44elffgxajckcqz"}
{"type":"log","timestamp":1701076818918,"level":"debug","message":"Inline data specified.","meta":{"rootId":"h5wzfbtxst3l5xi","id":"h5wzfbtxst3l5xi"},"id":"ok82b008ilqn95a","previousOperationId":"44elffgxajckcqz"}
{"type":"log","timestamp":1701076818918,"level":"debug","message":"Base url not specified, skipping its injection.","meta":{"rootId":"h5wzfbtxst3l5xi","id":"h5wzfbtxst3l5xi"},"id":"tio31ha1wmdbipq","previousOperationId":"44elffgxajckcqz"}
{"type":"operationStart","subtype":"engine","name":"handlebars","timestamp":1701076818919,"id":"v2xff9o3glh9lhc","previousEventId":"jj3t1psm8tniezq","operationId":"pgqrewa5gkxeb8l","previousOperationId":"44elffgxajckcqz"}
{"type":"log","timestamp":1701076818919,"level":"debug","message":"Rendering engine handlebars","meta":{"rootId":"h5wzfbtxst3l5xi","id":"h5wzfbtxst3l5xi"},"id":"25agvb538c9y6n5","previousOperationId":"pgqrewa5gkxeb8l"}
{"type":"operationEnd","operationId":"pgqrewa5gkxeb8l","timestamp":1701076818931,"id":"gkmzshwn3zc7hd5","previousEventId":"v2xff9o3glh9lhc","previousOperationId":"pgqrewa5gkxeb8l"}
{"type":"operationStart","subtype":"recipe","name":"chrome-pdf","timestamp":1701076818931,"id":"h61u0nl7qeyp0yp","previousEventId":"gkmzshwn3zc7hd5","operationId":"g2uymk1twb8bpwc","previousOperationId":"pgqrewa5gkxeb8l"}
{"type":"log","timestamp":1701076818931,"level":"debug","message":"Executing recipe chrome-pdf","meta":{"rootId":"h5wzfbtxst3l5xi","id":"h5wzfbtxst3l5xi"},"id":"dhspnwsrrjyfwdm","previousOperationId":"g2uymk1twb8bpwc"}
{"type":"log","timestamp":1701076818933,"level":"debug","message":"Converting with chrome HeadlessChrome/117.0.5938.149 using chrome-pool strategy","meta":{"rootId":"h5wzfbtxst3l5xi","id":"h5wzfbtxst3l5xi"},"id":"caf5na6iljrij23","previousOperationId":"g2uymk1twb8bpwc"}
{"type":"log","timestamp":1701076818977,"level":"debug","message":"Page request: GET (document) file:///var/folders/dp/qk79pfcj0y1fmtkkl08m76rc0000gn/T/jsreport/autocleanup/d9346f53-7f57-40ea-a973-967b87d88696-chrome-pdf.html","meta":{"rootId":"h5wzfbtxst3l5xi","id":"h5wzfbtxst3l5xi"},"id":"lto490ivip4cgkl","previousOperationId":"g2uymk1twb8bpwc"}
{"type":"log","timestamp":1701076818982,"level":"debug","message":"Page request finished: GET (document) 200 file:///var/folders/dp/qk79pfcj0y1fmtkkl08m76rc0000gn/T/jsreport/autocleanup/d9346f53-7f57-40ea-a973-967b87d88696-chrome-pdf.html","meta":{"rootId":"h5wzfbtxst3l5xi","id":"h5wzfbtxst3l5xi"},"id":"ttcgh92up2pztcb","previousOperationId":"g2uymk1twb8bpwc"}
{"type":"log","timestamp":1701076818993,"level":"debug","message":"Running chrome with params {\"printBackground\":true,\"timeout\":59980,\"margin\":{}}","meta":{"rootId":"h5wzfbtxst3l5xi","id":"h5wzfbtxst3l5xi"},"id":"jm2husv76a78lg6","previousOperationId":"g2uymk1twb8bpwc"}
{"type":"operationEnd","operationId":"g2uymk1twb8bpwc","timestamp":1701076819013,"id":"dq1ww1c1pww3vbt","previousEventId":"h61u0nl7qeyp0yp","previousOperationId":"g2uymk1twb8bpwc"}
{"type":"log","timestamp":1701076819013,"level":"debug","message":"Skipping storing report.","meta":{"rootId":"h5wzfbtxst3l5xi","id":"h5wzfbtxst3l5xi"},"id":"bwqmht2b4sy2nn7","previousOperationId":"g2uymk1twb8bpwc"}
{"type":"log","timestamp":1701076819013,"level":"info","message":"Rendering request 34 finished in 101 ms","meta":{"rootId":"h5wzfbtxst3l5xi","id":"h5wzfbtxst3l5xi"},"id":"t3triglr6iwr8wh","previousOperationId":"g2uymk1twb8bpwc"}
{"type":"operationEnd","subtype":"render","operationId":"44elffgxajckcqz","timestamp":1701076819013,"id":"upzneyr498vdyfa","previousEventId":"dq1ww1c1pww3vbt","previousOperationId":"g2uymk1twb8bpwc"}
{"type":"operationEnd","doDiffs":false,"previousEventId":"fw2in4zu1qi4wgg","previousOperationId":"6embpru8s8tsgmy","operationId":"6embpru8s8tsgmy","timestamp":1701076819014,"id":"z6uxyichu4vki8n"}
