{"type":"operationStart","subtype":"profile","data":{"_id":"lk11rEWHeD5pZsoj","timestamp":"2023-11-27T10:58:07.345Z","state":"queued","mode":"standard","creationDate":"2023-11-27T10:58:07.346Z","modificationDate":"2023-11-27T10:58:07.346Z","shortid":"-eRR749","$entitySet":"profiles"},"doDiffs":false,"timestamp":1701082687346,"id":"hi21w8yfig1gtss","previousOperationId":null,"operationId":"msctsq2lns3d7p3"}
{"type":"log","level":"info","message":"Render request 55 queued for execution and waiting for available worker","previousOperationId":"msctsq2lns3d7p3","timestamp":1701082687346,"id":"z74l1rbzw0gkjyq"}
{"type":"operationStart","subtype":"render","name":"sporazum_fizicko","previousOperationId":"msctsq2lns3d7p3","timestamp":1701082687363,"id":"elo3ltv7jlxhndi","previousEventId":"hi21w8yfig1gtss","operationId":"6gldlguxshukok3"}
{"type":"log","timestamp":1701082687363,"level":"info","message":"Starting rendering request 55","meta":{"rootId":"k3giahsluuaj05p","id":"k3giahsluuaj05p"},"id":"beihlm0mp7e5w0k","previousOperationId":"6gldlguxshukok3"}
{"type":"log","timestamp":1701082687363,"level":"info","message":"Rendering template { name: sporazum_fizicko, recipe: chrome-pdf, engine: handlebars, preview: true }","meta":{"rootId":"k3giahsluuaj05p","id":"k3giahsluuaj05p"},"id":"pvsck5x8vy46zdc","previousOperationId":"6gldlguxshukok3"}
{"type":"log","timestamp":1701082687364,"level":"debug","message":"Inline data specified.","meta":{"rootId":"k3giahsluuaj05p","id":"k3giahsluuaj05p"},"id":"yxkyg74906bug68","previousOperationId":"6gldlguxshukok3"}
{"type":"log","timestamp":1701082687367,"level":"debug","message":"Base url not specified, skipping its injection.","meta":{"rootId":"k3giahsluuaj05p","id":"k3giahsluuaj05p"},"id":"72tmagfg6hd43tv","previousOperationId":"6gldlguxshukok3"}
{"type":"operationStart","subtype":"engine","name":"handlebars","timestamp":1701082687367,"id":"yv3jgi83abwxyu7","previousEventId":"elo3ltv7jlxhndi","operationId":"1tdv6o69qabxmpn","previousOperationId":"6gldlguxshukok3"}
{"type":"log","timestamp":1701082687367,"level":"debug","message":"Rendering engine handlebars","meta":{"rootId":"k3giahsluuaj05p","id":"k3giahsluuaj05p"},"id":"3ijf7h7hmt439f2","previousOperationId":"1tdv6o69qabxmpn"}
{"type":"operationEnd","operationId":"1tdv6o69qabxmpn","timestamp":1701082687380,"id":"vij0n6dx1riqhhp","previousEventId":"yv3jgi83abwxyu7","previousOperationId":"1tdv6o69qabxmpn"}
{"type":"operationStart","subtype":"recipe","name":"chrome-pdf","timestamp":1701082687380,"id":"016a8khf3zn8h6e","previousEventId":"vij0n6dx1riqhhp","operationId":"mclpvbksns0a5nn","previousOperationId":"1tdv6o69qabxmpn"}
{"type":"log","timestamp":1701082687380,"level":"debug","message":"Executing recipe chrome-pdf","meta":{"rootId":"k3giahsluuaj05p","id":"k3giahsluuaj05p"},"id":"418ux67za7shj14","previousOperationId":"mclpvbksns0a5nn"}
{"type":"log","timestamp":1701082687383,"level":"debug","message":"Converting with chrome HeadlessChrome/117.0.5938.149 using chrome-pool strategy","meta":{"rootId":"k3giahsluuaj05p","id":"k3giahsluuaj05p"},"id":"yx71d0l1t6daips","previousOperationId":"mclpvbksns0a5nn"}
{"type":"log","timestamp":1701082687428,"level":"debug","message":"Page request: GET (document) file:///var/folders/dp/qk79pfcj0y1fmtkkl08m76rc0000gn/T/jsreport/autocleanup/60eb47a2-9072-4846-9307-361912f869d8-chrome-pdf.html","meta":{"rootId":"k3giahsluuaj05p","id":"k3giahsluuaj05p"},"id":"1gtpeld0l28tzgl","previousOperationId":"mclpvbksns0a5nn"}
{"type":"log","timestamp":1701082687433,"level":"debug","message":"Page request finished: GET (document) 200 file:///var/folders/dp/qk79pfcj0y1fmtkkl08m76rc0000gn/T/jsreport/autocleanup/60eb47a2-9072-4846-9307-361912f869d8-chrome-pdf.html","meta":{"rootId":"k3giahsluuaj05p","id":"k3giahsluuaj05p"},"id":"lplql1cishmzu5o","previousOperationId":"mclpvbksns0a5nn"}
{"type":"log","timestamp":1701082687444,"level":"debug","message":"Running chrome with params {\"printBackground\":true,\"marginTop\":\"2cm\",\"marginBottom\":\"2cm\",\"timeout\":59963,\"margin\":{\"top\":\"2cm\",\"bottom\":\"2cm\"}}","meta":{"rootId":"k3giahsluuaj05p","id":"k3giahsluuaj05p"},"id":"l8retn69z9y6os9","previousOperationId":"mclpvbksns0a5nn"}
{"type":"operationEnd","operationId":"mclpvbksns0a5nn","timestamp":1701082687463,"id":"owpbf04wd5epluw","previousEventId":"016a8khf3zn8h6e","previousOperationId":"mclpvbksns0a5nn"}
{"type":"log","timestamp":1701082687463,"level":"info","message":"pdf-utils is starting pdf processing","meta":{"rootId":"k3giahsluuaj05p","id":"k3giahsluuaj05p"},"id":"vz154my0reyjz92","previousOperationId":"mclpvbksns0a5nn"}
{"type":"operationStart","subtype":"pdfUtils","name":"pdf utils","timestamp":1701082687463,"id":"esqytbvaukr3ual","previousEventId":"owpbf04wd5epluw","operationId":"nwkncddqe18zjb2","previousOperationId":"mclpvbksns0a5nn"}
{"type":"log","timestamp":1701082687463,"level":"debug","message":"pdf-utils detected 1 pdf operation(s) to process","meta":{"rootId":"k3giahsluuaj05p","id":"k3giahsluuaj05p"},"id":"xaycl1k1l1amftx","previousOperationId":"nwkncddqe18zjb2"}
{"type":"log","timestamp":1701082687488,"level":"debug","message":"pdf-utils running pdf operation merge","meta":{"rootId":"k3giahsluuaj05p","id":"k3giahsluuaj05p"},"id":"0t6noz4j6j7zvcr","previousOperationId":"nwkncddqe18zjb2"}
{"type":"operationStart","subtype":"pdfUtilsMerge","name":"pdf utils merge","previousOperationId":"nwkncddqe18zjb2","timestamp":1701082687488,"id":"e98qfdzm760ghks","previousEventId":"esqytbvaukr3ual","operationId":"whbls17lv9lvvuy"}
{"type":"operationStart","subtype":"render","name":"header-footer","previousOperationId":"whbls17lv9lvvuy","timestamp":1701082687488,"id":"ezepn2b72wexdln","previousEventId":"e98qfdzm760ghks","operationId":"58ofrw33nb7mnce"}
{"type":"log","timestamp":1701082687488,"level":"info","message":"Starting rendering (child) request","meta":{"rootId":"k3giahsluuaj05p","id":"ah626cddbpewsem"},"id":"9elsn56omfiexkt","previousOperationId":"58ofrw33nb7mnce"}
{"type":"log","timestamp":1701082687488,"level":"info","message":"Rendering template { name: header-footer, recipe: chrome-pdf, engine: handlebars, preview: true }","meta":{"rootId":"k3giahsluuaj05p","id":"ah626cddbpewsem"},"id":"mt2re0xkuh04pvb","previousOperationId":"58ofrw33nb7mnce"}
{"type":"log","timestamp":1701082687488,"level":"debug","message":"Inline data specified.","meta":{"rootId":"k3giahsluuaj05p","id":"ah626cddbpewsem"},"id":"hqlx09x0mq9y54j","previousOperationId":"58ofrw33nb7mnce"}
{"type":"log","timestamp":1701082687489,"level":"debug","message":"Base url not specified, skipping its injection.","meta":{"rootId":"k3giahsluuaj05p","id":"ah626cddbpewsem"},"id":"wtbmv2ojf294o13","previousOperationId":"58ofrw33nb7mnce"}
{"type":"operationStart","subtype":"engine","name":"handlebars","timestamp":1701082687489,"id":"y8m3jgoqoga2xqo","previousEventId":"ezepn2b72wexdln","operationId":"utm66f7or97pnbl","previousOperationId":"58ofrw33nb7mnce"}
{"type":"log","timestamp":1701082687489,"level":"debug","message":"Rendering engine handlebars","meta":{"rootId":"k3giahsluuaj05p","id":"ah626cddbpewsem"},"id":"74l652n7retxxfe","previousOperationId":"utm66f7or97pnbl"}
{"type":"operationEnd","operationId":"utm66f7or97pnbl","timestamp":1701082687494,"id":"pp3y3cy8p149ngi","previousEventId":"y8m3jgoqoga2xqo","previousOperationId":"utm66f7or97pnbl"}
{"type":"operationStart","subtype":"recipe","name":"chrome-pdf","timestamp":1701082687494,"id":"tf3lx4uroadovw4","previousEventId":"pp3y3cy8p149ngi","operationId":"56itq8f4tgvnga9","previousOperationId":"utm66f7or97pnbl"}
{"type":"log","timestamp":1701082687494,"level":"debug","message":"Executing recipe chrome-pdf","meta":{"rootId":"k3giahsluuaj05p","id":"ah626cddbpewsem"},"id":"3kz4j6ypb6s2311","previousOperationId":"56itq8f4tgvnga9"}
{"type":"log","timestamp":1701082687495,"level":"debug","message":"Converting with chrome HeadlessChrome/117.0.5938.149 using chrome-pool strategy","meta":{"rootId":"k3giahsluuaj05p","id":"ah626cddbpewsem"},"id":"a38m4zjbxy4e33j","previousOperationId":"56itq8f4tgvnga9"}
{"type":"log","timestamp":1701082687531,"level":"debug","message":"Page request: GET (document) file:///var/folders/dp/qk79pfcj0y1fmtkkl08m76rc0000gn/T/jsreport/autocleanup/8e7649ea-9760-4f9c-8491-78a20553e96a-chrome-pdf.html","meta":{"rootId":"k3giahsluuaj05p","id":"ah626cddbpewsem"},"id":"0pdagz9mupdhph8","previousOperationId":"56itq8f4tgvnga9"}
{"type":"log","timestamp":1701082687536,"level":"debug","message":"Page request finished: GET (document) 200 file:///var/folders/dp/qk79pfcj0y1fmtkkl08m76rc0000gn/T/jsreport/autocleanup/8e7649ea-9760-4f9c-8491-78a20553e96a-chrome-pdf.html","meta":{"rootId":"k3giahsluuaj05p","id":"ah626cddbpewsem"},"id":"qg6z1xsujzuk0t1","previousOperationId":"56itq8f4tgvnga9"}
{"type":"log","timestamp":1701082687545,"level":"debug","message":"Running chrome with params {\"timeout\":59850,\"margin\":{},\"printBackground\":true}","meta":{"rootId":"k3giahsluuaj05p","id":"ah626cddbpewsem"},"id":"1anl8eae8tervff","previousOperationId":"56itq8f4tgvnga9"}
{"type":"operationEnd","operationId":"56itq8f4tgvnga9","timestamp":1701082687552,"id":"q27s23b958cazhk","previousEventId":"tf3lx4uroadovw4","previousOperationId":"56itq8f4tgvnga9"}
{"type":"log","timestamp":1701082687552,"level":"debug","message":"Skipping storing report.","meta":{"rootId":"k3giahsluuaj05p","id":"ah626cddbpewsem"},"id":"2mtad66aj75ynxo","previousOperationId":"56itq8f4tgvnga9"}
{"type":"log","timestamp":1701082687552,"level":"info","message":"Rendering (child) request finished in 207 ms","meta":{"rootId":"k3giahsluuaj05p","id":"ah626cddbpewsem"},"id":"4nk6w00x1wn3p6k","previousOperationId":"56itq8f4tgvnga9"}
{"type":"operationEnd","subtype":"render","operationId":"58ofrw33nb7mnce","timestamp":1701082687552,"id":"xghqkqnryasd6w0","previousEventId":"q27s23b958cazhk","previousOperationId":"56itq8f4tgvnga9"}
{"type":"operationEnd","operationId":"whbls17lv9lvvuy","timestamp":1701082687557,"id":"4p57pc44qr00apx","previousEventId":"e98qfdzm760ghks","previousOperationId":"whbls17lv9lvvuy"}
{"type":"log","timestamp":1701082687557,"level":"debug","message":"pdf-utils postproces start","meta":{"rootId":"k3giahsluuaj05p","id":"k3giahsluuaj05p"},"id":"imw4lfbjso513wb","previousOperationId":"whbls17lv9lvvuy"}
{"type":"log","timestamp":1701082687564,"level":"debug","message":"pdf-utils postproces end","meta":{"rootId":"k3giahsluuaj05p","id":"k3giahsluuaj05p"},"id":"ho9zw76xth8xjp6","previousOperationId":"whbls17lv9lvvuy"}
{"type":"operationEnd","operationId":"nwkncddqe18zjb2","timestamp":1701082687564,"id":"918uztfnhkj1v7l","previousEventId":"4p57pc44qr00apx","previousOperationId":"whbls17lv9lvvuy"}
{"type":"log","timestamp":1701082687564,"level":"info","message":"pdf-utils pdf processing was finished","meta":{"rootId":"k3giahsluuaj05p","id":"k3giahsluuaj05p"},"id":"bgi9r97raya6wxb","previousOperationId":"nwkncddqe18zjb2"}
{"type":"log","timestamp":1701082687564,"level":"debug","message":"Skipping storing report.","meta":{"rootId":"k3giahsluuaj05p","id":"k3giahsluuaj05p"},"id":"9m5u7k8ko4voemt","previousOperationId":"nwkncddqe18zjb2"}
{"type":"log","timestamp":1701082687564,"level":"info","message":"Rendering request 55 finished in 219 ms","meta":{"rootId":"k3giahsluuaj05p","id":"k3giahsluuaj05p"},"id":"ig9wkpjmxwvsv0f","previousOperationId":"nwkncddqe18zjb2"}
{"type":"operationEnd","subtype":"render","operationId":"6gldlguxshukok3","timestamp":1701082687564,"id":"w5m5mxsc8c9jc3t","previousEventId":"918uztfnhkj1v7l","previousOperationId":"nwkncddqe18zjb2"}
{"type":"operationEnd","doDiffs":false,"previousEventId":"hi21w8yfig1gtss","previousOperationId":"msctsq2lns3d7p3","operationId":"msctsq2lns3d7p3","timestamp":1701082687567,"id":"yfyniggzz3i2mw4"}
