{"type":"operationStart","subtype":"profile","data":{"_id":"RPWj4szF7diwlMpT","timestamp":"2023-11-27T13:55:05.755Z","state":"queued","mode":"standard","creationDate":"2023-11-27T13:55:05.756Z","modificationDate":"2023-11-27T13:55:05.756Z","shortid":"P1zLJhN","$entitySet":"profiles"},"doDiffs":false,"timestamp":1701093305756,"id":"rcg0vqac0ip5pcv","previousOperationId":null,"operationId":"sl4dkgz9tae5h8s"}
{"type":"log","level":"info","message":"Render request 129 queued for execution and waiting for available worker","previousOperationId":"sl4dkgz9tae5h8s","timestamp":1701093305756,"id":"nqajxxwyou701dg"}
{"type":"operationStart","subtype":"render","name":"sporazum_fizicko","previousOperationId":"sl4dkgz9tae5h8s","timestamp":1701093305762,"id":"4q996xjl6w5riy5","previousEventId":"rcg0vqac0ip5pcv","operationId":"qxhhorqs4jt9f36"}
{"type":"log","timestamp":1701093305762,"level":"info","message":"Starting rendering request 129","meta":{"rootId":"qrylh96r8icxr6t","id":"qrylh96r8icxr6t"},"id":"q9orfp6yjap0q3o","previousOperationId":"qxhhorqs4jt9f36"}
{"type":"log","timestamp":1701093305763,"level":"info","message":"Rendering template { name: sporazum_fizicko, recipe: chrome-pdf, engine: handlebars, preview: true }","meta":{"rootId":"qrylh96r8icxr6t","id":"qrylh96r8icxr6t"},"id":"dyp6k2kjb20o1x0","previousOperationId":"qxhhorqs4jt9f36"}
{"type":"log","timestamp":1701093305768,"level":"debug","message":"Inline data specified.","meta":{"rootId":"qrylh96r8icxr6t","id":"qrylh96r8icxr6t"},"id":"1hsb6iayo5hg5yg","previousOperationId":"qxhhorqs4jt9f36"}
{"type":"log","timestamp":1701093305770,"level":"debug","message":"Base url not specified, skipping its injection.","meta":{"rootId":"qrylh96r8icxr6t","id":"qrylh96r8icxr6t"},"id":"7b2o4wcjr5z8jal","previousOperationId":"qxhhorqs4jt9f36"}
{"type":"operationStart","subtype":"engine","name":"handlebars","timestamp":1701093305770,"id":"xzc8wt1rtf5g849","previousEventId":"4q996xjl6w5riy5","operationId":"b2rl99kjxxuorkg","previousOperationId":"qxhhorqs4jt9f36"}
{"type":"log","timestamp":1701093305770,"level":"debug","message":"Rendering engine handlebars","meta":{"rootId":"qrylh96r8icxr6t","id":"qrylh96r8icxr6t"},"id":"gqd5b1c0zogrial","previousOperationId":"b2rl99kjxxuorkg"}
{"type":"operationEnd","operationId":"b2rl99kjxxuorkg","timestamp":1701093305793,"id":"haapsb598psvmmo","previousEventId":"xzc8wt1rtf5g849","previousOperationId":"b2rl99kjxxuorkg"}
{"type":"operationStart","subtype":"recipe","name":"chrome-pdf","timestamp":1701093305793,"id":"ld1z2zok06wv0tj","previousEventId":"haapsb598psvmmo","operationId":"aaabr0l5qauxfdi","previousOperationId":"b2rl99kjxxuorkg"}
{"type":"log","timestamp":1701093305793,"level":"debug","message":"Executing recipe chrome-pdf","meta":{"rootId":"qrylh96r8icxr6t","id":"qrylh96r8icxr6t"},"id":"yrbprm71onm64qf","previousOperationId":"aaabr0l5qauxfdi"}
{"type":"log","timestamp":1701093305795,"level":"debug","message":"Converting with chrome HeadlessChrome/117.0.5938.149 using chrome-pool strategy","meta":{"rootId":"qrylh96r8icxr6t","id":"qrylh96r8icxr6t"},"id":"bo5ndeh6u8pg7cs","previousOperationId":"aaabr0l5qauxfdi"}
{"type":"log","timestamp":1701093305842,"level":"debug","message":"Page request: GET (document) file:///var/folders/dp/qk79pfcj0y1fmtkkl08m76rc0000gn/T/jsreport/autocleanup/d1681bd9-0e6e-4bff-a250-4f9ed6ba3afe-chrome-pdf.html","meta":{"rootId":"qrylh96r8icxr6t","id":"qrylh96r8icxr6t"},"id":"jor7xaohzxgzi06","previousOperationId":"aaabr0l5qauxfdi"}
{"type":"log","timestamp":1701093305846,"level":"debug","message":"Page request finished: GET (document) 200 file:///var/folders/dp/qk79pfcj0y1fmtkkl08m76rc0000gn/T/jsreport/autocleanup/d1681bd9-0e6e-4bff-a250-4f9ed6ba3afe-chrome-pdf.html","meta":{"rootId":"qrylh96r8icxr6t","id":"qrylh96r8icxr6t"},"id":"ftz9962rzb80727","previousOperationId":"aaabr0l5qauxfdi"}
{"type":"log","timestamp":1701093305859,"level":"debug","message":"Running chrome with params {\"printBackground\":true,\"marginTop\":\"2cm\",\"marginBottom\":\"2cm\",\"timeout\":59960,\"margin\":{\"top\":\"2cm\",\"bottom\":\"2cm\"}}","meta":{"rootId":"qrylh96r8icxr6t","id":"qrylh96r8icxr6t"},"id":"vitnts6zqzvprr0","previousOperationId":"aaabr0l5qauxfdi"}
{"type":"operationEnd","operationId":"aaabr0l5qauxfdi","timestamp":1701093305879,"id":"yzbdufxuyxzpzyr","previousEventId":"ld1z2zok06wv0tj","previousOperationId":"aaabr0l5qauxfdi"}
{"type":"log","timestamp":1701093305879,"level":"info","message":"pdf-utils is starting pdf processing","meta":{"rootId":"qrylh96r8icxr6t","id":"qrylh96r8icxr6t"},"id":"ircrkz705em6zdf","previousOperationId":"aaabr0l5qauxfdi"}
{"type":"operationStart","subtype":"pdfUtils","name":"pdf utils","timestamp":1701093305879,"id":"d7imvaldrzprg50","previousEventId":"yzbdufxuyxzpzyr","operationId":"j2xks603o218d2n","previousOperationId":"aaabr0l5qauxfdi"}
{"type":"log","timestamp":1701093305879,"level":"debug","message":"pdf-utils detected 1 pdf operation(s) to process","meta":{"rootId":"qrylh96r8icxr6t","id":"qrylh96r8icxr6t"},"id":"wlk4unyqvqt3w6p","previousOperationId":"j2xks603o218d2n"}
{"type":"log","timestamp":1701093305901,"level":"debug","message":"pdf-utils running pdf operation merge","meta":{"rootId":"qrylh96r8icxr6t","id":"qrylh96r8icxr6t"},"id":"erx42i4l9jhy63n","previousOperationId":"j2xks603o218d2n"}
{"type":"operationStart","subtype":"pdfUtilsMerge","name":"pdf utils merge","previousOperationId":"j2xks603o218d2n","timestamp":1701093305901,"id":"mer1xsjwal4h3xx","previousEventId":"d7imvaldrzprg50","operationId":"8ikia0tmye78you"}
{"type":"operationStart","subtype":"render","name":"header-footer","previousOperationId":"8ikia0tmye78you","timestamp":1701093305901,"id":"eu8vcj7cd7by265","previousEventId":"mer1xsjwal4h3xx","operationId":"g2d7lubcrdfidza"}
{"type":"log","timestamp":1701093305901,"level":"info","message":"Starting rendering (child) request","meta":{"rootId":"qrylh96r8icxr6t","id":"xpwmlg5ec5zso0i"},"id":"urknvi314i1q471","previousOperationId":"g2d7lubcrdfidza"}
{"type":"log","timestamp":1701093305902,"level":"info","message":"Rendering template { name: header-footer, recipe: chrome-pdf, engine: handlebars, preview: true }","meta":{"rootId":"qrylh96r8icxr6t","id":"xpwmlg5ec5zso0i"},"id":"gm993afoiatdpep","previousOperationId":"g2d7lubcrdfidza"}
{"type":"log","timestamp":1701093305902,"level":"debug","message":"Inline data specified.","meta":{"rootId":"qrylh96r8icxr6t","id":"xpwmlg5ec5zso0i"},"id":"4b9pfhgoxloed8c","previousOperationId":"g2d7lubcrdfidza"}
{"type":"log","timestamp":1701093305902,"level":"debug","message":"Base url not specified, skipping its injection.","meta":{"rootId":"qrylh96r8icxr6t","id":"xpwmlg5ec5zso0i"},"id":"e8wxfqaav34fq4z","previousOperationId":"g2d7lubcrdfidza"}
{"type":"operationStart","subtype":"engine","name":"handlebars","timestamp":1701093305902,"id":"y8c3mhsn7qhsnyd","previousEventId":"eu8vcj7cd7by265","operationId":"jgadgvltl5wk2xu","previousOperationId":"g2d7lubcrdfidza"}
{"type":"log","timestamp":1701093305902,"level":"debug","message":"Rendering engine handlebars","meta":{"rootId":"qrylh96r8icxr6t","id":"xpwmlg5ec5zso0i"},"id":"gl4nqjx1t2bvq0x","previousOperationId":"jgadgvltl5wk2xu"}
{"type":"operationEnd","operationId":"jgadgvltl5wk2xu","timestamp":1701093305906,"id":"8kw8wcgziie2m5s","previousEventId":"y8c3mhsn7qhsnyd","previousOperationId":"jgadgvltl5wk2xu"}
{"type":"operationStart","subtype":"recipe","name":"chrome-pdf","timestamp":1701093305906,"id":"o11vfi16wrc5bh3","previousEventId":"8kw8wcgziie2m5s","operationId":"mfbbi4z13ckqzq7","previousOperationId":"jgadgvltl5wk2xu"}
{"type":"log","timestamp":1701093305906,"level":"debug","message":"Executing recipe chrome-pdf","meta":{"rootId":"qrylh96r8icxr6t","id":"xpwmlg5ec5zso0i"},"id":"994qqqeemxo0fqy","previousOperationId":"mfbbi4z13ckqzq7"}
{"type":"log","timestamp":1701093305907,"level":"debug","message":"Converting with chrome HeadlessChrome/117.0.5938.149 using chrome-pool strategy","meta":{"rootId":"qrylh96r8icxr6t","id":"xpwmlg5ec5zso0i"},"id":"pc2hmrxyjiro00r","previousOperationId":"mfbbi4z13ckqzq7"}
{"type":"log","timestamp":1701093305946,"level":"debug","message":"Page request: GET (document) file:///var/folders/dp/qk79pfcj0y1fmtkkl08m76rc0000gn/T/jsreport/autocleanup/7e67069a-aef9-4e80-990f-49fbdef5627b-chrome-pdf.html","meta":{"rootId":"qrylh96r8icxr6t","id":"xpwmlg5ec5zso0i"},"id":"vtbffk0u6yiunw5","previousOperationId":"mfbbi4z13ckqzq7"}
{"type":"log","timestamp":1701093305951,"level":"debug","message":"Page request finished: GET (document) 200 file:///var/folders/dp/qk79pfcj0y1fmtkkl08m76rc0000gn/T/jsreport/autocleanup/7e67069a-aef9-4e80-990f-49fbdef5627b-chrome-pdf.html","meta":{"rootId":"qrylh96r8icxr6t","id":"xpwmlg5ec5zso0i"},"id":"ytn7h4k0708tyx6","previousOperationId":"mfbbi4z13ckqzq7"}
{"type":"log","timestamp":1701093305958,"level":"debug","message":"Running chrome with params {\"timeout\":59848,\"margin\":{},\"printBackground\":true}","meta":{"rootId":"qrylh96r8icxr6t","id":"xpwmlg5ec5zso0i"},"id":"c6f59o5uhgw4r4p","previousOperationId":"mfbbi4z13ckqzq7"}
{"type":"operationEnd","operationId":"mfbbi4z13ckqzq7","timestamp":1701093305964,"id":"wyapfmr10gu91g9","previousEventId":"o11vfi16wrc5bh3","previousOperationId":"mfbbi4z13ckqzq7"}
{"type":"log","timestamp":1701093305964,"level":"debug","message":"Skipping storing report.","meta":{"rootId":"qrylh96r8icxr6t","id":"xpwmlg5ec5zso0i"},"id":"0rdjlgb070qsfh6","previousOperationId":"mfbbi4z13ckqzq7"}
{"type":"log","timestamp":1701093305964,"level":"info","message":"Rendering (child) request finished in 209 ms","meta":{"rootId":"qrylh96r8icxr6t","id":"xpwmlg5ec5zso0i"},"id":"vzayt7500kdnc1i","previousOperationId":"mfbbi4z13ckqzq7"}
{"type":"operationEnd","subtype":"render","operationId":"g2d7lubcrdfidza","timestamp":1701093305964,"id":"ag5e225xpos9ib4","previousEventId":"wyapfmr10gu91g9","previousOperationId":"mfbbi4z13ckqzq7"}
{"type":"operationEnd","operationId":"8ikia0tmye78you","timestamp":1701093305968,"id":"9e3kuz8syl8mpzy","previousEventId":"mer1xsjwal4h3xx","previousOperationId":"8ikia0tmye78you"}
{"type":"log","timestamp":1701093305968,"level":"debug","message":"pdf-utils postproces start","meta":{"rootId":"qrylh96r8icxr6t","id":"qrylh96r8icxr6t"},"id":"jpeughsiyw4nqkw","previousOperationId":"8ikia0tmye78you"}
{"type":"log","timestamp":1701093305975,"level":"debug","message":"pdf-utils postproces end","meta":{"rootId":"qrylh96r8icxr6t","id":"qrylh96r8icxr6t"},"id":"4mmpya3vndiip49","previousOperationId":"8ikia0tmye78you"}
{"type":"operationEnd","operationId":"j2xks603o218d2n","timestamp":1701093305975,"id":"ckrwrite0nkpi8m","previousEventId":"9e3kuz8syl8mpzy","previousOperationId":"8ikia0tmye78you"}
{"type":"log","timestamp":1701093305975,"level":"info","message":"pdf-utils pdf processing was finished","meta":{"rootId":"qrylh96r8icxr6t","id":"qrylh96r8icxr6t"},"id":"5na2htaiydh3sql","previousOperationId":"j2xks603o218d2n"}
{"type":"log","timestamp":1701093305975,"level":"debug","message":"Skipping storing report.","meta":{"rootId":"qrylh96r8icxr6t","id":"qrylh96r8icxr6t"},"id":"h3p455gfyd74ntq","previousOperationId":"j2xks603o218d2n"}
{"type":"log","timestamp":1701093305975,"level":"info","message":"Rendering request 129 finished in 220 ms","meta":{"rootId":"qrylh96r8icxr6t","id":"qrylh96r8icxr6t"},"id":"7wrzhvxtvkwq89a","previousOperationId":"j2xks603o218d2n"}
{"type":"operationEnd","subtype":"render","operationId":"qxhhorqs4jt9f36","timestamp":1701093305975,"id":"a2gxtdwxrflwf9m","previousEventId":"ckrwrite0nkpi8m","previousOperationId":"j2xks603o218d2n"}
{"type":"operationEnd","doDiffs":false,"previousEventId":"rcg0vqac0ip5pcv","previousOperationId":"sl4dkgz9tae5h8s","operationId":"sl4dkgz9tae5h8s","timestamp":1701093305976,"id":"5nnx1pgp14kfybb"}
