{"type":"operationStart","subtype":"profile","data":{"_id":"Lr57SypD4FFbwmN8","timestamp":"2023-11-27T11:06:13.209Z","state":"queued","mode":"standard","creationDate":"2023-11-27T11:06:13.211Z","modificationDate":"2023-11-27T11:06:13.211Z","shortid":"SGA7Uaj","$entitySet":"profiles"},"doDiffs":false,"timestamp":1701083173210,"id":"eiprwr0ov8ux23c","previousOperationId":null,"operationId":"fynedb5cx6ij1h3"}
{"type":"log","level":"info","message":"Render request 64 queued for execution and waiting for available worker","previousOperationId":"fynedb5cx6ij1h3","timestamp":1701083173210,"id":"rqcs649v9sqa9e6"}
{"type":"operationStart","subtype":"render","name":"sporazum_fizicko","previousOperationId":"fynedb5cx6ij1h3","timestamp":1701083173228,"id":"dofx8y1use19w54","previousEventId":"eiprwr0ov8ux23c","operationId":"vmu6fnlrb9mb4b6"}
{"type":"log","timestamp":1701083173228,"level":"info","message":"Starting rendering request 64","meta":{"rootId":"rtp00sq0zsrdkbr","id":"rtp00sq0zsrdkbr"},"id":"nnlnyyf9wbx123z","previousOperationId":"vmu6fnlrb9mb4b6"}
{"type":"log","timestamp":1701083173228,"level":"info","message":"Rendering template { name: sporazum_fizicko, recipe: chrome-pdf, engine: handlebars, preview: true }","meta":{"rootId":"rtp00sq0zsrdkbr","id":"rtp00sq0zsrdkbr"},"id":"0529xr4onvjyqeb","previousOperationId":"vmu6fnlrb9mb4b6"}
{"type":"log","timestamp":1701083173229,"level":"debug","message":"Inline data specified.","meta":{"rootId":"rtp00sq0zsrdkbr","id":"rtp00sq0zsrdkbr"},"id":"h3shenj9t3rstyy","previousOperationId":"vmu6fnlrb9mb4b6"}
{"type":"log","timestamp":1701083173230,"level":"debug","message":"Base url not specified, skipping its injection.","meta":{"rootId":"rtp00sq0zsrdkbr","id":"rtp00sq0zsrdkbr"},"id":"mxzfagwqccw2317","previousOperationId":"vmu6fnlrb9mb4b6"}
{"type":"operationStart","subtype":"engine","name":"handlebars","timestamp":1701083173230,"id":"9o96b0ervzvj2mu","previousEventId":"dofx8y1use19w54","operationId":"g29lpappdtczs30","previousOperationId":"vmu6fnlrb9mb4b6"}
{"type":"log","timestamp":1701083173230,"level":"debug","message":"Rendering engine handlebars","meta":{"rootId":"rtp00sq0zsrdkbr","id":"rtp00sq0zsrdkbr"},"id":"vo2ik4m42m7byhn","previousOperationId":"g29lpappdtczs30"}
{"type":"operationEnd","operationId":"g29lpappdtczs30","timestamp":1701083173253,"id":"h07d40o27pbwhbm","previousEventId":"9o96b0ervzvj2mu","previousOperationId":"g29lpappdtczs30"}
{"type":"operationStart","subtype":"recipe","name":"chrome-pdf","timestamp":1701083173254,"id":"0nxz3c0czxojdbp","previousEventId":"h07d40o27pbwhbm","operationId":"8a2yasye27fahfk","previousOperationId":"g29lpappdtczs30"}
{"type":"log","timestamp":1701083173254,"level":"debug","message":"Executing recipe chrome-pdf","meta":{"rootId":"rtp00sq0zsrdkbr","id":"rtp00sq0zsrdkbr"},"id":"3rpgo7ivkjdulzd","previousOperationId":"8a2yasye27fahfk"}
{"type":"log","timestamp":1701083173255,"level":"debug","message":"Converting with chrome HeadlessChrome/117.0.5938.149 using chrome-pool strategy","meta":{"rootId":"rtp00sq0zsrdkbr","id":"rtp00sq0zsrdkbr"},"id":"umt481z8d4jaz1q","previousOperationId":"8a2yasye27fahfk"}
{"type":"log","timestamp":1701083173300,"level":"debug","message":"Page request: GET (document) file:///var/folders/dp/qk79pfcj0y1fmtkkl08m76rc0000gn/T/jsreport/autocleanup/9264f72e-ea52-4f29-a3e0-e4d816a489ea-chrome-pdf.html","meta":{"rootId":"rtp00sq0zsrdkbr","id":"rtp00sq0zsrdkbr"},"id":"935g7r6ys7zgq8c","previousOperationId":"8a2yasye27fahfk"}
{"type":"log","timestamp":1701083173305,"level":"debug","message":"Page request finished: GET (document) 200 file:///var/folders/dp/qk79pfcj0y1fmtkkl08m76rc0000gn/T/jsreport/autocleanup/9264f72e-ea52-4f29-a3e0-e4d816a489ea-chrome-pdf.html","meta":{"rootId":"rtp00sq0zsrdkbr","id":"rtp00sq0zsrdkbr"},"id":"vd3lp45avtnctw3","previousOperationId":"8a2yasye27fahfk"}
{"type":"log","timestamp":1701083173315,"level":"debug","message":"Running chrome with params {\"printBackground\":true,\"marginTop\":\"2cm\",\"marginBottom\":\"2cm\",\"timeout\":59954,\"margin\":{\"top\":\"2cm\",\"bottom\":\"2cm\"}}","meta":{"rootId":"rtp00sq0zsrdkbr","id":"rtp00sq0zsrdkbr"},"id":"pwafk2acni7e963","previousOperationId":"8a2yasye27fahfk"}
{"type":"operationEnd","operationId":"8a2yasye27fahfk","timestamp":1701083173335,"id":"2vy7aute1f1ve21","previousEventId":"0nxz3c0czxojdbp","previousOperationId":"8a2yasye27fahfk"}
{"type":"log","timestamp":1701083173335,"level":"info","message":"pdf-utils is starting pdf processing","meta":{"rootId":"rtp00sq0zsrdkbr","id":"rtp00sq0zsrdkbr"},"id":"zew88rph3o9len8","previousOperationId":"8a2yasye27fahfk"}
{"type":"operationStart","subtype":"pdfUtils","name":"pdf utils","timestamp":1701083173336,"id":"6glxgr2gxl7c4py","previousEventId":"2vy7aute1f1ve21","operationId":"eomeyzducgp1hfu","previousOperationId":"8a2yasye27fahfk"}
{"type":"log","timestamp":1701083173336,"level":"debug","message":"pdf-utils detected 1 pdf operation(s) to process","meta":{"rootId":"rtp00sq0zsrdkbr","id":"rtp00sq0zsrdkbr"},"id":"9asg29koo7pk92v","previousOperationId":"eomeyzducgp1hfu"}
{"type":"log","timestamp":1701083173359,"level":"debug","message":"pdf-utils running pdf operation merge","meta":{"rootId":"rtp00sq0zsrdkbr","id":"rtp00sq0zsrdkbr"},"id":"wrgtdl5ix3dn71o","previousOperationId":"eomeyzducgp1hfu"}
{"type":"operationStart","subtype":"pdfUtilsMerge","name":"pdf utils merge","previousOperationId":"eomeyzducgp1hfu","timestamp":1701083173359,"id":"tc092lhm8yj8d6k","previousEventId":"6glxgr2gxl7c4py","operationId":"32uk14j5b37uvtb"}
{"type":"operationStart","subtype":"render","name":"header-footer","previousOperationId":"32uk14j5b37uvtb","timestamp":1701083173359,"id":"a4fqbx0szh8282e","previousEventId":"tc092lhm8yj8d6k","operationId":"l8l8ormdkhrcks6"}
{"type":"log","timestamp":1701083173359,"level":"info","message":"Starting rendering (child) request","meta":{"rootId":"rtp00sq0zsrdkbr","id":"6bd93w6m95jy57s"},"id":"x91glu84cwvzag1","previousOperationId":"l8l8ormdkhrcks6"}
{"type":"log","timestamp":1701083173359,"level":"info","message":"Rendering template { name: header-footer, recipe: chrome-pdf, engine: handlebars, preview: true }","meta":{"rootId":"rtp00sq0zsrdkbr","id":"6bd93w6m95jy57s"},"id":"0aak4to65knm5ab","previousOperationId":"l8l8ormdkhrcks6"}
{"type":"log","timestamp":1701083173361,"level":"debug","message":"Inline data specified.","meta":{"rootId":"rtp00sq0zsrdkbr","id":"6bd93w6m95jy57s"},"id":"v6grq4qg8icqmi5","previousOperationId":"l8l8ormdkhrcks6"}
{"type":"log","timestamp":1701083173362,"level":"debug","message":"Base url not specified, skipping its injection.","meta":{"rootId":"rtp00sq0zsrdkbr","id":"6bd93w6m95jy57s"},"id":"oh98uve2kq9cb86","previousOperationId":"l8l8ormdkhrcks6"}
{"type":"operationStart","subtype":"engine","name":"handlebars","timestamp":1701083173362,"id":"zvdoh2khhdvy6jf","previousEventId":"a4fqbx0szh8282e","operationId":"ae6twnf572ynk5k","previousOperationId":"l8l8ormdkhrcks6"}
{"type":"log","timestamp":1701083173362,"level":"debug","message":"Rendering engine handlebars","meta":{"rootId":"rtp00sq0zsrdkbr","id":"6bd93w6m95jy57s"},"id":"nmbw5em7fj8ljhy","previousOperationId":"ae6twnf572ynk5k"}
{"type":"operationEnd","operationId":"ae6twnf572ynk5k","timestamp":1701083173364,"id":"myoigzurti469um","previousEventId":"zvdoh2khhdvy6jf","previousOperationId":"ae6twnf572ynk5k"}
{"type":"operationStart","subtype":"recipe","name":"chrome-pdf","timestamp":1701083173365,"id":"gkbsvjiebvo269s","previousEventId":"myoigzurti469um","operationId":"gyaiqtbr9j96vai","previousOperationId":"ae6twnf572ynk5k"}
{"type":"log","timestamp":1701083173365,"level":"debug","message":"Executing recipe chrome-pdf","meta":{"rootId":"rtp00sq0zsrdkbr","id":"6bd93w6m95jy57s"},"id":"aic6qnpvfmhlu7w","previousOperationId":"gyaiqtbr9j96vai"}
{"type":"log","timestamp":1701083173365,"level":"debug","message":"Converting with chrome HeadlessChrome/117.0.5938.149 using chrome-pool strategy","meta":{"rootId":"rtp00sq0zsrdkbr","id":"6bd93w6m95jy57s"},"id":"1tzmgowkri256c0","previousOperationId":"gyaiqtbr9j96vai"}
{"type":"log","timestamp":1701083173402,"level":"debug","message":"Page request: GET (document) file:///var/folders/dp/qk79pfcj0y1fmtkkl08m76rc0000gn/T/jsreport/autocleanup/687851dd-6792-43e8-87e7-9bbb875f272d-chrome-pdf.html","meta":{"rootId":"rtp00sq0zsrdkbr","id":"6bd93w6m95jy57s"},"id":"529pj3iohrrkpvq","previousOperationId":"gyaiqtbr9j96vai"}
{"type":"log","timestamp":1701083173407,"level":"debug","message":"Page request finished: GET (document) 200 file:///var/folders/dp/qk79pfcj0y1fmtkkl08m76rc0000gn/T/jsreport/autocleanup/687851dd-6792-43e8-87e7-9bbb875f272d-chrome-pdf.html","meta":{"rootId":"rtp00sq0zsrdkbr","id":"6bd93w6m95jy57s"},"id":"cthpt7bmqlxu5ra","previousOperationId":"gyaiqtbr9j96vai"}
{"type":"log","timestamp":1701083173414,"level":"debug","message":"Running chrome with params {\"timeout\":59844,\"margin\":{},\"printBackground\":true}","meta":{"rootId":"rtp00sq0zsrdkbr","id":"6bd93w6m95jy57s"},"id":"d317ggijcb6hv1r","previousOperationId":"gyaiqtbr9j96vai"}
{"type":"operationEnd","operationId":"gyaiqtbr9j96vai","timestamp":1701083173420,"id":"d4gnifd9nrw051h","previousEventId":"gkbsvjiebvo269s","previousOperationId":"gyaiqtbr9j96vai"}
{"type":"log","timestamp":1701083173420,"level":"debug","message":"Skipping storing report.","meta":{"rootId":"rtp00sq0zsrdkbr","id":"6bd93w6m95jy57s"},"id":"s884f2x0m90my34","previousOperationId":"gyaiqtbr9j96vai"}
{"type":"log","timestamp":1701083173420,"level":"info","message":"Rendering (child) request finished in 211 ms","meta":{"rootId":"rtp00sq0zsrdkbr","id":"6bd93w6m95jy57s"},"id":"dxp3ptryur4nzwo","previousOperationId":"gyaiqtbr9j96vai"}
{"type":"operationEnd","subtype":"render","operationId":"l8l8ormdkhrcks6","timestamp":1701083173420,"id":"v4qihbwepg6urpy","previousEventId":"d4gnifd9nrw051h","previousOperationId":"gyaiqtbr9j96vai"}
{"type":"operationEnd","operationId":"32uk14j5b37uvtb","timestamp":1701083173424,"id":"roxwqh1ywa02rpb","previousEventId":"tc092lhm8yj8d6k","previousOperationId":"32uk14j5b37uvtb"}
{"type":"log","timestamp":1701083173424,"level":"debug","message":"pdf-utils postproces start","meta":{"rootId":"rtp00sq0zsrdkbr","id":"rtp00sq0zsrdkbr"},"id":"se4dhkalhdpdl5c","previousOperationId":"32uk14j5b37uvtb"}
{"type":"log","timestamp":1701083173431,"level":"debug","message":"pdf-utils postproces end","meta":{"rootId":"rtp00sq0zsrdkbr","id":"rtp00sq0zsrdkbr"},"id":"3zy3sxjy5207c9h","previousOperationId":"32uk14j5b37uvtb"}
{"type":"operationEnd","operationId":"eomeyzducgp1hfu","timestamp":1701083173431,"id":"drbx11hz28gzk8c","previousEventId":"roxwqh1ywa02rpb","previousOperationId":"32uk14j5b37uvtb"}
{"type":"log","timestamp":1701083173431,"level":"info","message":"pdf-utils pdf processing was finished","meta":{"rootId":"rtp00sq0zsrdkbr","id":"rtp00sq0zsrdkbr"},"id":"1yx9g96npevvwls","previousOperationId":"eomeyzducgp1hfu"}
{"type":"log","timestamp":1701083173431,"level":"debug","message":"Skipping storing report.","meta":{"rootId":"rtp00sq0zsrdkbr","id":"rtp00sq0zsrdkbr"},"id":"tck59ffqpjl4zaj","previousOperationId":"eomeyzducgp1hfu"}
{"type":"log","timestamp":1701083173431,"level":"info","message":"Rendering request 64 finished in 222 ms","meta":{"rootId":"rtp00sq0zsrdkbr","id":"rtp00sq0zsrdkbr"},"id":"orptw967ygrdlk3","previousOperationId":"eomeyzducgp1hfu"}
{"type":"operationEnd","subtype":"render","operationId":"vmu6fnlrb9mb4b6","timestamp":1701083173431,"id":"1fqz6fq8j1dhu91","previousEventId":"drbx11hz28gzk8c","previousOperationId":"eomeyzducgp1hfu"}
{"type":"operationEnd","doDiffs":false,"previousEventId":"eiprwr0ov8ux23c","previousOperationId":"fynedb5cx6ij1h3","operationId":"fynedb5cx6ij1h3","timestamp":1701083173433,"id":"t3149eupeuultm5"}
