{"type":"operationStart","subtype":"profile","data":{"_id":"waXmOwFNedpviWtq","timestamp":"2023-11-27T11:16:57.376Z","state":"queued","mode":"standard","creationDate":"2023-11-27T11:16:57.377Z","modificationDate":"2023-11-27T11:16:57.377Z","shortid":"coF8hBV","$entitySet":"profiles"},"doDiffs":false,"timestamp":1701083817376,"id":"wi74770kh1pay57","previousOperationId":null,"operationId":"7miambsv1324z4o"}
{"type":"log","level":"info","message":"Render request 71 queued for execution and waiting for available worker","previousOperationId":"7miambsv1324z4o","timestamp":1701083817376,"id":"4fjjvvliztjyk37"}
{"type":"operationStart","subtype":"render","name":"sporazum_fizicko","previousOperationId":"7miambsv1324z4o","timestamp":1701083817387,"id":"c6g4ut649ulfe5e","previousEventId":"wi74770kh1pay57","operationId":"9x24qx2omgdbs5l"}
{"type":"log","timestamp":1701083817387,"level":"info","message":"Starting rendering request 71","meta":{"rootId":"s2l7nes7ff4f86f","id":"s2l7nes7ff4f86f"},"id":"jnzod4zxg10qw3f","previousOperationId":"9x24qx2omgdbs5l"}
{"type":"log","timestamp":1701083817387,"level":"info","message":"Rendering template { name: sporazum_fizicko, recipe: chrome-pdf, engine: handlebars, preview: true }","meta":{"rootId":"s2l7nes7ff4f86f","id":"s2l7nes7ff4f86f"},"id":"wgaaf141q23mi1u","previousOperationId":"9x24qx2omgdbs5l"}
{"type":"log","timestamp":1701083817388,"level":"debug","message":"Inline data specified.","meta":{"rootId":"s2l7nes7ff4f86f","id":"s2l7nes7ff4f86f"},"id":"wa9sfu79y4ras26","previousOperationId":"9x24qx2omgdbs5l"}
{"type":"log","timestamp":1701083817390,"level":"debug","message":"Base url not specified, skipping its injection.","meta":{"rootId":"s2l7nes7ff4f86f","id":"s2l7nes7ff4f86f"},"id":"k5iv2f6rkhi597s","previousOperationId":"9x24qx2omgdbs5l"}
{"type":"operationStart","subtype":"engine","name":"handlebars","timestamp":1701083817390,"id":"dqf6r5rb1fboqiy","previousEventId":"c6g4ut649ulfe5e","operationId":"s6j9y84zriloak1","previousOperationId":"9x24qx2omgdbs5l"}
{"type":"log","timestamp":1701083817390,"level":"debug","message":"Rendering engine handlebars","meta":{"rootId":"s2l7nes7ff4f86f","id":"s2l7nes7ff4f86f"},"id":"t7c0m50fzxpjgj8","previousOperationId":"s6j9y84zriloak1"}
{"type":"operationEnd","operationId":"s6j9y84zriloak1","timestamp":1701083817417,"id":"dzcdlseh5jw3gkr","previousEventId":"dqf6r5rb1fboqiy","previousOperationId":"s6j9y84zriloak1"}
{"type":"operationStart","subtype":"recipe","name":"chrome-pdf","timestamp":1701083817417,"id":"sj97b9c9pgmsqdc","previousEventId":"dzcdlseh5jw3gkr","operationId":"wudaydz4gwgj2f0","previousOperationId":"s6j9y84zriloak1"}
{"type":"log","timestamp":1701083817417,"level":"debug","message":"Executing recipe chrome-pdf","meta":{"rootId":"s2l7nes7ff4f86f","id":"s2l7nes7ff4f86f"},"id":"16ufiau9ma2tzfi","previousOperationId":"wudaydz4gwgj2f0"}
{"type":"log","timestamp":1701083817419,"level":"debug","message":"Converting with chrome HeadlessChrome/117.0.5938.149 using chrome-pool strategy","meta":{"rootId":"s2l7nes7ff4f86f","id":"s2l7nes7ff4f86f"},"id":"ox8heyxkaaymcyd","previousOperationId":"wudaydz4gwgj2f0"}
{"type":"log","timestamp":1701083817469,"level":"debug","message":"Page request: GET (document) file:///var/folders/dp/qk79pfcj0y1fmtkkl08m76rc0000gn/T/jsreport/autocleanup/9a531b20-7e78-46b6-aa89-ed9562b2938f-chrome-pdf.html","meta":{"rootId":"s2l7nes7ff4f86f","id":"s2l7nes7ff4f86f"},"id":"c9bfw782hw46fcb","previousOperationId":"wudaydz4gwgj2f0"}
{"type":"log","timestamp":1701083817474,"level":"debug","message":"Page request finished: GET (document) 200 file:///var/folders/dp/qk79pfcj0y1fmtkkl08m76rc0000gn/T/jsreport/autocleanup/9a531b20-7e78-46b6-aa89-ed9562b2938f-chrome-pdf.html","meta":{"rootId":"s2l7nes7ff4f86f","id":"s2l7nes7ff4f86f"},"id":"vegolnc0eknvvbv","previousOperationId":"wudaydz4gwgj2f0"}
{"type":"log","timestamp":1701083817484,"level":"debug","message":"Running chrome with params {\"printBackground\":true,\"marginTop\":\"2cm\",\"marginBottom\":\"2cm\",\"timeout\":59958,\"margin\":{\"top\":\"2cm\",\"bottom\":\"2cm\"}}","meta":{"rootId":"s2l7nes7ff4f86f","id":"s2l7nes7ff4f86f"},"id":"06rqew14e1x2xfe","previousOperationId":"wudaydz4gwgj2f0"}
{"type":"operationEnd","operationId":"wudaydz4gwgj2f0","timestamp":1701083817504,"id":"xor76dbxj1i0n40","previousEventId":"sj97b9c9pgmsqdc","previousOperationId":"wudaydz4gwgj2f0"}
{"type":"log","timestamp":1701083817504,"level":"info","message":"pdf-utils is starting pdf processing","meta":{"rootId":"s2l7nes7ff4f86f","id":"s2l7nes7ff4f86f"},"id":"7v3hm0s3vgwq21j","previousOperationId":"wudaydz4gwgj2f0"}
{"type":"operationStart","subtype":"pdfUtils","name":"pdf utils","timestamp":1701083817504,"id":"9xw2rqs9w6f83f1","previousEventId":"xor76dbxj1i0n40","operationId":"kgtkc9stjx98fkd","previousOperationId":"wudaydz4gwgj2f0"}
{"type":"log","timestamp":1701083817504,"level":"debug","message":"pdf-utils detected 1 pdf operation(s) to process","meta":{"rootId":"s2l7nes7ff4f86f","id":"s2l7nes7ff4f86f"},"id":"hieedmif0yk5n1v","previousOperationId":"kgtkc9stjx98fkd"}
{"type":"log","timestamp":1701083817522,"level":"debug","message":"pdf-utils running pdf operation merge","meta":{"rootId":"s2l7nes7ff4f86f","id":"s2l7nes7ff4f86f"},"id":"41gme3wyyw7wybe","previousOperationId":"kgtkc9stjx98fkd"}
{"type":"operationStart","subtype":"pdfUtilsMerge","name":"pdf utils merge","previousOperationId":"kgtkc9stjx98fkd","timestamp":1701083817522,"id":"j6hso93wcg2wg6h","previousEventId":"9xw2rqs9w6f83f1","operationId":"pqqq5apiagkguuj"}
{"type":"operationStart","subtype":"render","name":"header-footer","previousOperationId":"pqqq5apiagkguuj","timestamp":1701083817522,"id":"xbg38imb7qmbv2y","previousEventId":"j6hso93wcg2wg6h","operationId":"prvua3gfthkrrb4"}
{"type":"log","timestamp":1701083817522,"level":"info","message":"Starting rendering (child) request","meta":{"rootId":"s2l7nes7ff4f86f","id":"5nl0e61ycb1w2uo"},"id":"cdg4tcjcuo0k55y","previousOperationId":"prvua3gfthkrrb4"}
{"type":"log","timestamp":1701083817523,"level":"info","message":"Rendering template { name: header-footer, recipe: chrome-pdf, engine: handlebars, preview: true }","meta":{"rootId":"s2l7nes7ff4f86f","id":"5nl0e61ycb1w2uo"},"id":"wvve7swmys1qpj1","previousOperationId":"prvua3gfthkrrb4"}
{"type":"log","timestamp":1701083817523,"level":"debug","message":"Inline data specified.","meta":{"rootId":"s2l7nes7ff4f86f","id":"5nl0e61ycb1w2uo"},"id":"nkxder0tnjcs5u9","previousOperationId":"prvua3gfthkrrb4"}
{"type":"log","timestamp":1701083817523,"level":"debug","message":"Base url not specified, skipping its injection.","meta":{"rootId":"s2l7nes7ff4f86f","id":"5nl0e61ycb1w2uo"},"id":"9z2w09ry0cfca63","previousOperationId":"prvua3gfthkrrb4"}
{"type":"operationStart","subtype":"engine","name":"handlebars","timestamp":1701083817523,"id":"so0948ullckyy97","previousEventId":"xbg38imb7qmbv2y","operationId":"vibe91jmnbtj4o7","previousOperationId":"prvua3gfthkrrb4"}
{"type":"log","timestamp":1701083817523,"level":"debug","message":"Rendering engine handlebars","meta":{"rootId":"s2l7nes7ff4f86f","id":"5nl0e61ycb1w2uo"},"id":"rhgmjiyuu8219lg","previousOperationId":"vibe91jmnbtj4o7"}
{"type":"operationEnd","operationId":"vibe91jmnbtj4o7","timestamp":1701083817526,"id":"g5fruwqtidve652","previousEventId":"so0948ullckyy97","previousOperationId":"vibe91jmnbtj4o7"}
{"type":"operationStart","subtype":"recipe","name":"chrome-pdf","timestamp":1701083817526,"id":"iak8qlsa2vo9426","previousEventId":"g5fruwqtidve652","operationId":"42hn08ekfcd0kli","previousOperationId":"vibe91jmnbtj4o7"}
{"type":"log","timestamp":1701083817526,"level":"debug","message":"Executing recipe chrome-pdf","meta":{"rootId":"s2l7nes7ff4f86f","id":"5nl0e61ycb1w2uo"},"id":"q7i3z5eimjunl27","previousOperationId":"42hn08ekfcd0kli"}
{"type":"log","timestamp":1701083817527,"level":"debug","message":"Converting with chrome HeadlessChrome/117.0.5938.149 using chrome-pool strategy","meta":{"rootId":"s2l7nes7ff4f86f","id":"5nl0e61ycb1w2uo"},"id":"9ljbr9nl1lyxqpb","previousOperationId":"42hn08ekfcd0kli"}
{"type":"log","timestamp":1701083817563,"level":"debug","message":"Page request: GET (document) file:///var/folders/dp/qk79pfcj0y1fmtkkl08m76rc0000gn/T/jsreport/autocleanup/ff246cb7-2e7f-4ff3-9d94-c13e7aa4f568-chrome-pdf.html","meta":{"rootId":"s2l7nes7ff4f86f","id":"5nl0e61ycb1w2uo"},"id":"ursbsziixdydyy2","previousOperationId":"42hn08ekfcd0kli"}
{"type":"log","timestamp":1701083817576,"level":"debug","message":"Page request finished: GET (document) 200 file:///var/folders/dp/qk79pfcj0y1fmtkkl08m76rc0000gn/T/jsreport/autocleanup/ff246cb7-2e7f-4ff3-9d94-c13e7aa4f568-chrome-pdf.html","meta":{"rootId":"s2l7nes7ff4f86f","id":"5nl0e61ycb1w2uo"},"id":"df9jh84zk5fzg3g","previousOperationId":"42hn08ekfcd0kli"}
{"type":"log","timestamp":1701083817582,"level":"debug","message":"Running chrome with params {\"timeout\":59849,\"margin\":{},\"printBackground\":true}","meta":{"rootId":"s2l7nes7ff4f86f","id":"5nl0e61ycb1w2uo"},"id":"0zsaew7a2i7ix3a","previousOperationId":"42hn08ekfcd0kli"}
{"type":"operationEnd","operationId":"42hn08ekfcd0kli","timestamp":1701083817592,"id":"j2po77recvll1x9","previousEventId":"iak8qlsa2vo9426","previousOperationId":"42hn08ekfcd0kli"}
{"type":"log","timestamp":1701083817592,"level":"debug","message":"Skipping storing report.","meta":{"rootId":"s2l7nes7ff4f86f","id":"5nl0e61ycb1w2uo"},"id":"evs665s59mjy2kc","previousOperationId":"42hn08ekfcd0kli"}
{"type":"log","timestamp":1701083817592,"level":"info","message":"Rendering (child) request finished in 216 ms","meta":{"rootId":"s2l7nes7ff4f86f","id":"5nl0e61ycb1w2uo"},"id":"1qwfy03b4m13qid","previousOperationId":"42hn08ekfcd0kli"}
{"type":"operationEnd","subtype":"render","operationId":"prvua3gfthkrrb4","timestamp":1701083817592,"id":"utn5fyse6eyp3yo","previousEventId":"j2po77recvll1x9","previousOperationId":"42hn08ekfcd0kli"}
{"type":"operationEnd","operationId":"pqqq5apiagkguuj","timestamp":1701083817597,"id":"x4e8c1o231bzvyr","previousEventId":"j6hso93wcg2wg6h","previousOperationId":"pqqq5apiagkguuj"}
{"type":"log","timestamp":1701083817597,"level":"debug","message":"pdf-utils postproces start","meta":{"rootId":"s2l7nes7ff4f86f","id":"s2l7nes7ff4f86f"},"id":"3i52saa1jfx888b","previousOperationId":"pqqq5apiagkguuj"}
{"type":"log","timestamp":1701083817604,"level":"debug","message":"pdf-utils postproces end","meta":{"rootId":"s2l7nes7ff4f86f","id":"s2l7nes7ff4f86f"},"id":"3j2pxta8uz9h1gf","previousOperationId":"pqqq5apiagkguuj"}
{"type":"operationEnd","operationId":"kgtkc9stjx98fkd","timestamp":1701083817604,"id":"1apeklp3u7iqreq","previousEventId":"x4e8c1o231bzvyr","previousOperationId":"pqqq5apiagkguuj"}
{"type":"log","timestamp":1701083817604,"level":"info","message":"pdf-utils pdf processing was finished","meta":{"rootId":"s2l7nes7ff4f86f","id":"s2l7nes7ff4f86f"},"id":"va2ru33fc0pk540","previousOperationId":"kgtkc9stjx98fkd"}
{"type":"log","timestamp":1701083817604,"level":"debug","message":"Skipping storing report.","meta":{"rootId":"s2l7nes7ff4f86f","id":"s2l7nes7ff4f86f"},"id":"0fd1mzniesxx69n","previousOperationId":"kgtkc9stjx98fkd"}
{"type":"log","timestamp":1701083817604,"level":"info","message":"Rendering request 71 finished in 228 ms","meta":{"rootId":"s2l7nes7ff4f86f","id":"s2l7nes7ff4f86f"},"id":"wnk99tlzdysndei","previousOperationId":"kgtkc9stjx98fkd"}
{"type":"operationEnd","subtype":"render","operationId":"9x24qx2omgdbs5l","timestamp":1701083817604,"id":"cb7k0f3bdwjidpf","previousEventId":"1apeklp3u7iqreq","previousOperationId":"kgtkc9stjx98fkd"}
{"type":"operationEnd","doDiffs":false,"previousEventId":"wi74770kh1pay57","previousOperationId":"7miambsv1324z4o","operationId":"7miambsv1324z4o","timestamp":1701083817606,"id":"rc46avplwpqofz7"}
