{"type":"operationStart","subtype":"profile","data":{"_id":"w5EaFkTQ4cafd3bp","timestamp":"2023-11-27T09:34:37.100Z","state":"queued","mode":"standard","creationDate":"2023-11-27T09:34:37.105Z","modificationDate":"2023-11-27T09:34:37.105Z","shortid":"vwdGCkw","$entitySet":"profiles"},"doDiffs":false,"timestamp":1701077677104,"id":"5qz94i4bobdkczz","previousOperationId":null,"operationId":"xvvb4nusn25xz8a"}
{"type":"log","level":"info","message":"Render request 43 queued for execution and waiting for available worker","previousOperationId":"xvvb4nusn25xz8a","timestamp":1701077677104,"id":"2xtlyz9rr4moll5"}
{"type":"operationStart","subtype":"render","name":"sporazum_fizicko","previousOperationId":"xvvb4nusn25xz8a","timestamp":1701077677124,"id":"x55rre4gx0hv92v","previousEventId":"5qz94i4bobdkczz","operationId":"n236yi963avhale"}
{"type":"log","timestamp":1701077677125,"level":"info","message":"Starting rendering request 43","meta":{"rootId":"s7qmpu5p8dotejj","id":"s7qmpu5p8dotejj"},"id":"0ea5ql3f1jt79mg","previousOperationId":"n236yi963avhale"}
{"type":"log","timestamp":1701077677125,"level":"info","message":"Rendering template { name: sporazum_fizicko, recipe: chrome-pdf, engine: handlebars, preview: true }","meta":{"rootId":"s7qmpu5p8dotejj","id":"s7qmpu5p8dotejj"},"id":"2ri7hfk948rhjow","previousOperationId":"n236yi963avhale"}
{"type":"log","timestamp":1701077677125,"level":"debug","message":"Inline data specified.","meta":{"rootId":"s7qmpu5p8dotejj","id":"s7qmpu5p8dotejj"},"id":"1j508zfnhiwqvt2","previousOperationId":"n236yi963avhale"}
{"type":"log","timestamp":1701077677128,"level":"debug","message":"Base url not specified, skipping its injection.","meta":{"rootId":"s7qmpu5p8dotejj","id":"s7qmpu5p8dotejj"},"id":"bgf5meo1hvdwtfh","previousOperationId":"n236yi963avhale"}
{"type":"operationStart","subtype":"engine","name":"handlebars","timestamp":1701077677128,"id":"22fd28awmq8czj7","previousEventId":"x55rre4gx0hv92v","operationId":"uywe91smxwq4gcj","previousOperationId":"n236yi963avhale"}
{"type":"log","timestamp":1701077677128,"level":"debug","message":"Rendering engine handlebars","meta":{"rootId":"s7qmpu5p8dotejj","id":"s7qmpu5p8dotejj"},"id":"r9qm40n3lgdsutz","previousOperationId":"uywe91smxwq4gcj"}
{"type":"operationEnd","operationId":"uywe91smxwq4gcj","timestamp":1701077677142,"id":"6k2cer0t1gslncm","previousEventId":"22fd28awmq8czj7","previousOperationId":"uywe91smxwq4gcj"}
{"type":"operationStart","subtype":"recipe","name":"chrome-pdf","timestamp":1701077677142,"id":"lnj2vm134kbso6w","previousEventId":"6k2cer0t1gslncm","operationId":"i1xnis5alylvl3n","previousOperationId":"uywe91smxwq4gcj"}
{"type":"log","timestamp":1701077677142,"level":"debug","message":"Executing recipe chrome-pdf","meta":{"rootId":"s7qmpu5p8dotejj","id":"s7qmpu5p8dotejj"},"id":"scdzkvnqdwxcr1t","previousOperationId":"i1xnis5alylvl3n"}
{"type":"log","timestamp":1701077677143,"level":"debug","message":"Converting with chrome HeadlessChrome/117.0.5938.149 using chrome-pool strategy","meta":{"rootId":"s7qmpu5p8dotejj","id":"s7qmpu5p8dotejj"},"id":"2che8badcuest7t","previousOperationId":"i1xnis5alylvl3n"}
{"type":"log","timestamp":1701077677191,"level":"debug","message":"Page request: GET (document) file:///var/folders/dp/qk79pfcj0y1fmtkkl08m76rc0000gn/T/jsreport/autocleanup/e6df6212-98f3-49e7-9c8e-53c917b5ebee-chrome-pdf.html","meta":{"rootId":"s7qmpu5p8dotejj","id":"s7qmpu5p8dotejj"},"id":"2gis50a4igyqakb","previousOperationId":"i1xnis5alylvl3n"}
{"type":"log","timestamp":1701077677196,"level":"debug","message":"Page request finished: GET (document) 200 file:///var/folders/dp/qk79pfcj0y1fmtkkl08m76rc0000gn/T/jsreport/autocleanup/e6df6212-98f3-49e7-9c8e-53c917b5ebee-chrome-pdf.html","meta":{"rootId":"s7qmpu5p8dotejj","id":"s7qmpu5p8dotejj"},"id":"lqqza7el4cfomr5","previousOperationId":"i1xnis5alylvl3n"}
{"type":"log","timestamp":1701077677223,"level":"debug","message":"Running chrome with params {\"printBackground\":true,\"timeout\":59957,\"margin\":{}}","meta":{"rootId":"s7qmpu5p8dotejj","id":"s7qmpu5p8dotejj"},"id":"myti7uobo0jex3m","previousOperationId":"i1xnis5alylvl3n"}
{"type":"operationEnd","operationId":"i1xnis5alylvl3n","timestamp":1701077677241,"id":"l9woaj6ax7xje2g","previousEventId":"lnj2vm134kbso6w","previousOperationId":"i1xnis5alylvl3n"}
{"type":"log","timestamp":1701077677241,"level":"debug","message":"Skipping storing report.","meta":{"rootId":"s7qmpu5p8dotejj","id":"s7qmpu5p8dotejj"},"id":"3se2zm9v1pha0hn","previousOperationId":"i1xnis5alylvl3n"}
{"type":"log","timestamp":1701077677241,"level":"info","message":"Rendering request 43 finished in 141 ms","meta":{"rootId":"s7qmpu5p8dotejj","id":"s7qmpu5p8dotejj"},"id":"vc6wqh9i2k5j6sy","previousOperationId":"i1xnis5alylvl3n"}
{"type":"operationEnd","subtype":"render","operationId":"n236yi963avhale","timestamp":1701077677241,"id":"6spia2d82f20b02","previousEventId":"l9woaj6ax7xje2g","previousOperationId":"i1xnis5alylvl3n"}
{"type":"operationEnd","doDiffs":false,"previousEventId":"5qz94i4bobdkczz","previousOperationId":"xvvb4nusn25xz8a","operationId":"xvvb4nusn25xz8a","timestamp":1701077677243,"id":"p3x8fge8croj0c0"}
