{"type":"operationStart","subtype":"profile","data":{"_id":"1DlgGrqdl7MzrPxV","timestamp":"2023-11-27T11:09:43.740Z","state":"queued","mode":"standard","creationDate":"2023-11-27T11:09:43.741Z","modificationDate":"2023-11-27T11:09:43.741Z","shortid":"bYW780D","$entitySet":"profiles"},"doDiffs":false,"timestamp":1701083383741,"id":"t5dxs8hxlbmn242","previousOperationId":null,"operationId":"2r08wtnjztn60j6"}
{"type":"log","level":"info","message":"Render request 69 queued for execution and waiting for available worker","previousOperationId":"2r08wtnjztn60j6","timestamp":1701083383741,"id":"qjui1ac3o1zyy3g"}
{"type":"operationStart","subtype":"render","name":"sporazum_fizicko","previousOperationId":"2r08wtnjztn60j6","timestamp":1701083383745,"id":"hz0mzijbwiwq9zj","previousEventId":"t5dxs8hxlbmn242","operationId":"w3oiw401x93uraw"}
{"type":"log","timestamp":1701083383745,"level":"info","message":"Starting rendering request 69","meta":{"rootId":"vz0v8oahf8mrugp","id":"vz0v8oahf8mrugp"},"id":"8duyvg1e1q7dn1f","previousOperationId":"w3oiw401x93uraw"}
{"type":"log","timestamp":1701083383745,"level":"info","message":"Rendering template { name: sporazum_fizicko, recipe: chrome-pdf, engine: handlebars, preview: true }","meta":{"rootId":"vz0v8oahf8mrugp","id":"vz0v8oahf8mrugp"},"id":"7i61r37kz598mnz","previousOperationId":"w3oiw401x93uraw"}
{"type":"log","timestamp":1701083383746,"level":"debug","message":"Adding sample data ddGak933b","meta":{"rootId":"vz0v8oahf8mrugp","id":"vz0v8oahf8mrugp"},"id":"tba2htl1laoxikh","previousOperationId":"w3oiw401x93uraw"}
{"type":"log","timestamp":1701083383747,"level":"debug","message":"Base url not specified, skipping its injection.","meta":{"rootId":"vz0v8oahf8mrugp","id":"vz0v8oahf8mrugp"},"id":"ajo3qrua8ptuxye","previousOperationId":"w3oiw401x93uraw"}
{"type":"operationStart","subtype":"engine","name":"handlebars","timestamp":1701083383747,"id":"h6gv30jxgbktk12","previousEventId":"hz0mzijbwiwq9zj","operationId":"2fs5o67gyhuoynf","previousOperationId":"w3oiw401x93uraw"}
{"type":"log","timestamp":1701083383747,"level":"debug","message":"Rendering engine handlebars","meta":{"rootId":"vz0v8oahf8mrugp","id":"vz0v8oahf8mrugp"},"id":"zovjmsj6ikd9x76","previousOperationId":"2fs5o67gyhuoynf"}
{"type":"operationEnd","operationId":"2fs5o67gyhuoynf","timestamp":1701083383759,"id":"m2iagt61u22j5hl","previousEventId":"h6gv30jxgbktk12","previousOperationId":"2fs5o67gyhuoynf"}
{"type":"operationStart","subtype":"recipe","name":"chrome-pdf","timestamp":1701083383760,"id":"0jdy8xddaipn9bt","previousEventId":"m2iagt61u22j5hl","operationId":"ibnjlzkdw6ho9co","previousOperationId":"2fs5o67gyhuoynf"}
{"type":"log","timestamp":1701083383760,"level":"debug","message":"Executing recipe chrome-pdf","meta":{"rootId":"vz0v8oahf8mrugp","id":"vz0v8oahf8mrugp"},"id":"qnoj6oyg8gqswe4","previousOperationId":"ibnjlzkdw6ho9co"}
{"type":"log","timestamp":1701083383761,"level":"debug","message":"Converting with chrome HeadlessChrome/117.0.5938.149 using chrome-pool strategy","meta":{"rootId":"vz0v8oahf8mrugp","id":"vz0v8oahf8mrugp"},"id":"t45l8iw3c4jcf26","previousOperationId":"ibnjlzkdw6ho9co"}
{"type":"log","timestamp":1701083383799,"level":"debug","message":"Page request: GET (document) file:///var/folders/dp/qk79pfcj0y1fmtkkl08m76rc0000gn/T/jsreport/autocleanup/e849c992-2a12-4f34-ad7a-74a864ad53b1-chrome-pdf.html","meta":{"rootId":"vz0v8oahf8mrugp","id":"vz0v8oahf8mrugp"},"id":"ak29nzrgh3fb2e1","previousOperationId":"ibnjlzkdw6ho9co"}
{"type":"log","timestamp":1701083383804,"level":"debug","message":"Page request finished: GET (document) 200 file:///var/folders/dp/qk79pfcj0y1fmtkkl08m76rc0000gn/T/jsreport/autocleanup/e849c992-2a12-4f34-ad7a-74a864ad53b1-chrome-pdf.html","meta":{"rootId":"vz0v8oahf8mrugp","id":"vz0v8oahf8mrugp"},"id":"uesakvkysnqft0c","previousOperationId":"ibnjlzkdw6ho9co"}
{"type":"log","timestamp":1701083383813,"level":"debug","message":"Running chrome with params {\"printBackground\":true,\"marginTop\":\"2cm\",\"marginBottom\":\"2cm\",\"timeout\":59980,\"margin\":{\"top\":\"2cm\",\"bottom\":\"2cm\"}}","meta":{"rootId":"vz0v8oahf8mrugp","id":"vz0v8oahf8mrugp"},"id":"6pxksnclla0zhfz","previousOperationId":"ibnjlzkdw6ho9co"}
{"type":"operationEnd","operationId":"ibnjlzkdw6ho9co","timestamp":1701083383832,"id":"5u2h6y7jpaiubug","previousEventId":"0jdy8xddaipn9bt","previousOperationId":"ibnjlzkdw6ho9co"}
{"type":"log","timestamp":1701083383832,"level":"info","message":"pdf-utils is starting pdf processing","meta":{"rootId":"vz0v8oahf8mrugp","id":"vz0v8oahf8mrugp"},"id":"jv98n8rqjqs090u","previousOperationId":"ibnjlzkdw6ho9co"}
{"type":"operationStart","subtype":"pdfUtils","name":"pdf utils","timestamp":1701083383832,"id":"f23ec57z2o7k1bn","previousEventId":"5u2h6y7jpaiubug","operationId":"b5xyuth97gxra0o","previousOperationId":"ibnjlzkdw6ho9co"}
{"type":"log","timestamp":1701083383832,"level":"debug","message":"pdf-utils detected 1 pdf operation(s) to process","meta":{"rootId":"vz0v8oahf8mrugp","id":"vz0v8oahf8mrugp"},"id":"y67v702kahpe8du","previousOperationId":"b5xyuth97gxra0o"}
{"type":"log","timestamp":1701083383856,"level":"debug","message":"pdf-utils running pdf operation merge","meta":{"rootId":"vz0v8oahf8mrugp","id":"vz0v8oahf8mrugp"},"id":"4mg5ju6k80jd2nz","previousOperationId":"b5xyuth97gxra0o"}
{"type":"operationStart","subtype":"pdfUtilsMerge","name":"pdf utils merge","previousOperationId":"b5xyuth97gxra0o","timestamp":1701083383856,"id":"qanqbxrxpqlo0vu","previousEventId":"f23ec57z2o7k1bn","operationId":"zb3nrir4yhnq8pu"}
{"type":"operationStart","subtype":"render","name":"header-footer","previousOperationId":"zb3nrir4yhnq8pu","timestamp":1701083383856,"id":"1ibhh9qrozogwer","previousEventId":"qanqbxrxpqlo0vu","operationId":"6fe8lme4jrmnhpj"}
{"type":"log","timestamp":1701083383856,"level":"info","message":"Starting rendering (child) request","meta":{"rootId":"vz0v8oahf8mrugp","id":"aciayk9w8mue66j"},"id":"fci47khoqhbxodu","previousOperationId":"6fe8lme4jrmnhpj"}
{"type":"log","timestamp":1701083383856,"level":"info","message":"Rendering template { name: header-footer, recipe: chrome-pdf, engine: handlebars, preview: true }","meta":{"rootId":"vz0v8oahf8mrugp","id":"aciayk9w8mue66j"},"id":"pwejkn8251kitcq","previousOperationId":"6fe8lme4jrmnhpj"}
{"type":"log","timestamp":1701083383858,"level":"debug","message":"Inline data specified.","meta":{"rootId":"vz0v8oahf8mrugp","id":"aciayk9w8mue66j"},"id":"4qlpp37saglx884","previousOperationId":"6fe8lme4jrmnhpj"}
{"type":"log","timestamp":1701083383858,"level":"debug","message":"Base url not specified, skipping its injection.","meta":{"rootId":"vz0v8oahf8mrugp","id":"aciayk9w8mue66j"},"id":"0uhxhv10z63neu5","previousOperationId":"6fe8lme4jrmnhpj"}
{"type":"operationStart","subtype":"engine","name":"handlebars","timestamp":1701083383858,"id":"06v2rmay54ps8pg","previousEventId":"1ibhh9qrozogwer","operationId":"wf9llyx5kyjhva2","previousOperationId":"6fe8lme4jrmnhpj"}
{"type":"log","timestamp":1701083383858,"level":"debug","message":"Rendering engine handlebars","meta":{"rootId":"vz0v8oahf8mrugp","id":"aciayk9w8mue66j"},"id":"765pe296cvutrhw","previousOperationId":"wf9llyx5kyjhva2"}
{"type":"operationEnd","operationId":"wf9llyx5kyjhva2","timestamp":1701083383861,"id":"a3poc6smi4husx9","previousEventId":"06v2rmay54ps8pg","previousOperationId":"wf9llyx5kyjhva2"}
{"type":"operationStart","subtype":"recipe","name":"chrome-pdf","timestamp":1701083383861,"id":"ojn6z43i09o95tv","previousEventId":"a3poc6smi4husx9","operationId":"2f8fgmz2nhbol2p","previousOperationId":"wf9llyx5kyjhva2"}
{"type":"log","timestamp":1701083383861,"level":"debug","message":"Executing recipe chrome-pdf","meta":{"rootId":"vz0v8oahf8mrugp","id":"aciayk9w8mue66j"},"id":"m0gx23s543ndlsu","previousOperationId":"2f8fgmz2nhbol2p"}
{"type":"log","timestamp":1701083383862,"level":"debug","message":"Converting with chrome HeadlessChrome/117.0.5938.149 using chrome-pool strategy","meta":{"rootId":"vz0v8oahf8mrugp","id":"aciayk9w8mue66j"},"id":"sfe7k9c514nfo2f","previousOperationId":"2f8fgmz2nhbol2p"}
{"type":"log","timestamp":1701083383899,"level":"debug","message":"Page request: GET (document) file:///var/folders/dp/qk79pfcj0y1fmtkkl08m76rc0000gn/T/jsreport/autocleanup/cd4c34aa-1d5e-473d-a666-9b2ef835face-chrome-pdf.html","meta":{"rootId":"vz0v8oahf8mrugp","id":"aciayk9w8mue66j"},"id":"vmmp4qpgrzf5k8v","previousOperationId":"2f8fgmz2nhbol2p"}
{"type":"log","timestamp":1701083383904,"level":"debug","message":"Page request finished: GET (document) 200 file:///var/folders/dp/qk79pfcj0y1fmtkkl08m76rc0000gn/T/jsreport/autocleanup/cd4c34aa-1d5e-473d-a666-9b2ef835face-chrome-pdf.html","meta":{"rootId":"vz0v8oahf8mrugp","id":"aciayk9w8mue66j"},"id":"ah60n5y9bi76fbd","previousOperationId":"2f8fgmz2nhbol2p"}
{"type":"log","timestamp":1701083383911,"level":"debug","message":"Running chrome with params {\"timeout\":59878,\"margin\":{},\"printBackground\":true}","meta":{"rootId":"vz0v8oahf8mrugp","id":"aciayk9w8mue66j"},"id":"bbpy37enwr0dxb4","previousOperationId":"2f8fgmz2nhbol2p"}
{"type":"operationEnd","operationId":"2f8fgmz2nhbol2p","timestamp":1701083383916,"id":"1dh1i243i8lge5p","previousEventId":"ojn6z43i09o95tv","previousOperationId":"2f8fgmz2nhbol2p"}
{"type":"log","timestamp":1701083383916,"level":"debug","message":"Skipping storing report.","meta":{"rootId":"vz0v8oahf8mrugp","id":"aciayk9w8mue66j"},"id":"mlx1saa8vd22zv3","previousOperationId":"2f8fgmz2nhbol2p"}
{"type":"log","timestamp":1701083383916,"level":"info","message":"Rendering (child) request finished in 176 ms","meta":{"rootId":"vz0v8oahf8mrugp","id":"aciayk9w8mue66j"},"id":"wle2hob7v8x328g","previousOperationId":"2f8fgmz2nhbol2p"}
{"type":"operationEnd","subtype":"render","operationId":"6fe8lme4jrmnhpj","timestamp":1701083383916,"id":"sut3occ0wodl7f9","previousEventId":"1dh1i243i8lge5p","previousOperationId":"2f8fgmz2nhbol2p"}
{"type":"operationEnd","operationId":"zb3nrir4yhnq8pu","timestamp":1701083383921,"id":"pe6k1uu2ku0gdyi","previousEventId":"qanqbxrxpqlo0vu","previousOperationId":"zb3nrir4yhnq8pu"}
{"type":"log","timestamp":1701083383921,"level":"debug","message":"pdf-utils postproces start","meta":{"rootId":"vz0v8oahf8mrugp","id":"vz0v8oahf8mrugp"},"id":"yr6mgmxfjyn9p63","previousOperationId":"zb3nrir4yhnq8pu"}
{"type":"log","timestamp":1701083383928,"level":"debug","message":"pdf-utils postproces end","meta":{"rootId":"vz0v8oahf8mrugp","id":"vz0v8oahf8mrugp"},"id":"27mluokz0m90htn","previousOperationId":"zb3nrir4yhnq8pu"}
{"type":"operationEnd","operationId":"b5xyuth97gxra0o","timestamp":1701083383928,"id":"v4j3gxye0m3nki6","previousEventId":"pe6k1uu2ku0gdyi","previousOperationId":"zb3nrir4yhnq8pu"}
{"type":"log","timestamp":1701083383928,"level":"info","message":"pdf-utils pdf processing was finished","meta":{"rootId":"vz0v8oahf8mrugp","id":"vz0v8oahf8mrugp"},"id":"vadftoig3v7fvex","previousOperationId":"b5xyuth97gxra0o"}
{"type":"log","timestamp":1701083383928,"level":"debug","message":"Skipping storing report.","meta":{"rootId":"vz0v8oahf8mrugp","id":"vz0v8oahf8mrugp"},"id":"qlcnc9r9q146381","previousOperationId":"b5xyuth97gxra0o"}
{"type":"log","timestamp":1701083383928,"level":"info","message":"Rendering request 69 finished in 188 ms","meta":{"rootId":"vz0v8oahf8mrugp","id":"vz0v8oahf8mrugp"},"id":"8xx470tw7pupm0u","previousOperationId":"b5xyuth97gxra0o"}
{"type":"operationEnd","subtype":"render","operationId":"w3oiw401x93uraw","timestamp":1701083383928,"id":"ln6jh5rqoqgm1wc","previousEventId":"v4j3gxye0m3nki6","previousOperationId":"b5xyuth97gxra0o"}
{"type":"operationEnd","doDiffs":false,"previousEventId":"t5dxs8hxlbmn242","previousOperationId":"2r08wtnjztn60j6","operationId":"2r08wtnjztn60j6","timestamp":1701083383930,"id":"jz2at77t0dc2231"}
