{"type":"operationStart","subtype":"profile","data":{"_id":"JPzCSSYP1qJCxlA6","timestamp":"2023-11-27T09:20:39.251Z","state":"queued","mode":"standard","creationDate":"2023-11-27T09:20:39.252Z","modificationDate":"2023-11-27T09:20:39.252Z","shortid":"Ymff1s9","$entitySet":"profiles"},"doDiffs":false,"timestamp":1701076839251,"id":"0xbj9hz8fmterom","previousOperationId":null,"operationId":"v6q43al7g102228"}
{"type":"log","level":"info","message":"Render request 35 queued for execution and waiting for available worker","previousOperationId":"v6q43al7g102228","timestamp":1701076839251,"id":"fchteie2gikdv5f"}
{"type":"operationStart","subtype":"render","name":"sporazum_fizicko","previousOperationId":"v6q43al7g102228","timestamp":1701076839258,"id":"rxthv2f6su0nr93","previousEventId":"0xbj9hz8fmterom","operationId":"83hn079n0ffkmb9"}
{"type":"log","timestamp":1701076839258,"level":"info","message":"Starting rendering request 35","meta":{"rootId":"wzs84m5zq44v67z","id":"wzs84m5zq44v67z"},"id":"q739p5k544q0c2f","previousOperationId":"83hn079n0ffkmb9"}
{"type":"log","timestamp":1701076839258,"level":"info","message":"Rendering template { name: sporazum_fizicko, recipe: chrome-pdf, engine: handlebars, preview: true }","meta":{"rootId":"wzs84m5zq44v67z","id":"wzs84m5zq44v67z"},"id":"97c7lmbiynk4d0f","previousOperationId":"83hn079n0ffkmb9"}
{"type":"log","timestamp":1701076839259,"level":"debug","message":"Inline data specified.","meta":{"rootId":"wzs84m5zq44v67z","id":"wzs84m5zq44v67z"},"id":"xyeos1bkfvpj4f3","previousOperationId":"83hn079n0ffkmb9"}
{"type":"log","timestamp":1701076839263,"level":"debug","message":"Base url not specified, skipping its injection.","meta":{"rootId":"wzs84m5zq44v67z","id":"wzs84m5zq44v67z"},"id":"yfaj516w0fzx3o3","previousOperationId":"83hn079n0ffkmb9"}
{"type":"operationStart","subtype":"engine","name":"handlebars","timestamp":1701076839263,"id":"w9hi4l1t02ojhyh","previousEventId":"rxthv2f6su0nr93","operationId":"8i6jhn5qg4omuw5","previousOperationId":"83hn079n0ffkmb9"}
{"type":"log","timestamp":1701076839263,"level":"debug","message":"Rendering engine handlebars","meta":{"rootId":"wzs84m5zq44v67z","id":"wzs84m5zq44v67z"},"id":"d6r42y0yb70cimu","previousOperationId":"8i6jhn5qg4omuw5"}
{"type":"operationEnd","operationId":"8i6jhn5qg4omuw5","timestamp":1701076839280,"id":"hnvwsfj9neaot32","previousEventId":"w9hi4l1t02ojhyh","previousOperationId":"8i6jhn5qg4omuw5"}
{"type":"operationStart","subtype":"recipe","name":"chrome-pdf","timestamp":1701076839280,"id":"ba962j5fdcw5dj1","previousEventId":"hnvwsfj9neaot32","operationId":"259tyoj0foso7ua","previousOperationId":"8i6jhn5qg4omuw5"}
{"type":"log","timestamp":1701076839280,"level":"debug","message":"Executing recipe chrome-pdf","meta":{"rootId":"wzs84m5zq44v67z","id":"wzs84m5zq44v67z"},"id":"h952cu3zkxnvo29","previousOperationId":"259tyoj0foso7ua"}
{"type":"log","timestamp":1701076839281,"level":"debug","message":"Converting with chrome HeadlessChrome/117.0.5938.149 using chrome-pool strategy","meta":{"rootId":"wzs84m5zq44v67z","id":"wzs84m5zq44v67z"},"id":"j16yjqsn121ap53","previousOperationId":"259tyoj0foso7ua"}
{"type":"log","timestamp":1701076839325,"level":"debug","message":"Page request: GET (document) file:///var/folders/dp/qk79pfcj0y1fmtkkl08m76rc0000gn/T/jsreport/autocleanup/c90eadc4-2510-47ea-b86a-b12960f1aaa3-chrome-pdf.html","meta":{"rootId":"wzs84m5zq44v67z","id":"wzs84m5zq44v67z"},"id":"6xzs9s3i8uh3wbc","previousOperationId":"259tyoj0foso7ua"}
{"type":"log","timestamp":1701076839330,"level":"debug","message":"Page request finished: GET (document) 200 file:///var/folders/dp/qk79pfcj0y1fmtkkl08m76rc0000gn/T/jsreport/autocleanup/c90eadc4-2510-47ea-b86a-b12960f1aaa3-chrome-pdf.html","meta":{"rootId":"wzs84m5zq44v67z","id":"wzs84m5zq44v67z"},"id":"w1eoq9uopz2jl0x","previousOperationId":"259tyoj0foso7ua"}
{"type":"log","timestamp":1701076839344,"level":"debug","message":"Running chrome with params {\"printBackground\":true,\"timeout\":59970,\"margin\":{}}","meta":{"rootId":"wzs84m5zq44v67z","id":"wzs84m5zq44v67z"},"id":"mljd86teq6cws4j","previousOperationId":"259tyoj0foso7ua"}
{"type":"operationEnd","operationId":"259tyoj0foso7ua","timestamp":1701076839363,"id":"17zqfd31x3s12hl","previousEventId":"ba962j5fdcw5dj1","previousOperationId":"259tyoj0foso7ua"}
{"type":"log","timestamp":1701076839363,"level":"debug","message":"Skipping storing report.","meta":{"rootId":"wzs84m5zq44v67z","id":"wzs84m5zq44v67z"},"id":"80d4mzu4xf30kug","previousOperationId":"259tyoj0foso7ua"}
{"type":"log","timestamp":1701076839363,"level":"info","message":"Rendering request 35 finished in 112 ms","meta":{"rootId":"wzs84m5zq44v67z","id":"wzs84m5zq44v67z"},"id":"edafd6anssjhzgl","previousOperationId":"259tyoj0foso7ua"}
{"type":"operationEnd","subtype":"render","operationId":"83hn079n0ffkmb9","timestamp":1701076839363,"id":"xo0tsdhwe3yshqw","previousEventId":"17zqfd31x3s12hl","previousOperationId":"259tyoj0foso7ua"}
{"type":"operationEnd","doDiffs":false,"previousEventId":"0xbj9hz8fmterom","previousOperationId":"v6q43al7g102228","operationId":"v6q43al7g102228","timestamp":1701076839365,"id":"x3g51xfcdveg25x"}
