{"type":"operationStart","subtype":"profile","data":{"_id":"2t7Wbbr5mKSS2rk1","timestamp":"2023-11-27T11:06:30.768Z","state":"queued","mode":"standard","creationDate":"2023-11-27T11:06:30.769Z","modificationDate":"2023-11-27T11:06:30.769Z","shortid":"uyYTBk2","$entitySet":"profiles"},"doDiffs":false,"timestamp":1701083190768,"id":"pjl1pcq00g76523","previousOperationId":null,"operationId":"cn8mqqcgj5dmonc"}
{"type":"log","level":"info","message":"Render request 65 queued for execution and waiting for available worker","previousOperationId":"cn8mqqcgj5dmonc","timestamp":1701083190768,"id":"7j9tzw4z4fl392v"}
{"type":"operationStart","subtype":"render","name":"sporazum_fizicko","previousOperationId":"cn8mqqcgj5dmonc","timestamp":1701083190778,"id":"0ifb1ixsq407u3a","previousEventId":"pjl1pcq00g76523","operationId":"ctmxdsd5dw83h93"}
{"type":"log","timestamp":1701083190778,"level":"info","message":"Starting rendering request 65","meta":{"rootId":"xqshqywx9cegn9t","id":"xqshqywx9cegn9t"},"id":"0x2rvphfkz7s97s","previousOperationId":"ctmxdsd5dw83h93"}
{"type":"log","timestamp":1701083190778,"level":"info","message":"Rendering template { name: sporazum_fizicko, recipe: chrome-pdf, engine: handlebars, preview: true }","meta":{"rootId":"xqshqywx9cegn9t","id":"xqshqywx9cegn9t"},"id":"bnqgvaidpnuyq2n","previousOperationId":"ctmxdsd5dw83h93"}
{"type":"log","timestamp":1701083190779,"level":"debug","message":"Inline data specified.","meta":{"rootId":"xqshqywx9cegn9t","id":"xqshqywx9cegn9t"},"id":"2t2ncdtnr1mwg24","previousOperationId":"ctmxdsd5dw83h93"}
{"type":"log","timestamp":1701083190780,"level":"debug","message":"Base url not specified, skipping its injection.","meta":{"rootId":"xqshqywx9cegn9t","id":"xqshqywx9cegn9t"},"id":"76rkszri6327jop","previousOperationId":"ctmxdsd5dw83h93"}
{"type":"operationStart","subtype":"engine","name":"handlebars","timestamp":1701083190780,"id":"hmin423ehjj8ts1","previousEventId":"0ifb1ixsq407u3a","operationId":"di795f3ms0j15xg","previousOperationId":"ctmxdsd5dw83h93"}
{"type":"log","timestamp":1701083190780,"level":"debug","message":"Rendering engine handlebars","meta":{"rootId":"xqshqywx9cegn9t","id":"xqshqywx9cegn9t"},"id":"4qjefsf5midi6hk","previousOperationId":"di795f3ms0j15xg"}
{"type":"operationEnd","operationId":"di795f3ms0j15xg","timestamp":1701083190789,"id":"p1ekkyvme5y9d62","previousEventId":"hmin423ehjj8ts1","previousOperationId":"di795f3ms0j15xg"}
{"type":"operationStart","subtype":"recipe","name":"chrome-pdf","timestamp":1701083190789,"id":"wgsugauf3drto88","previousEventId":"p1ekkyvme5y9d62","operationId":"p3uuocc5u977he7","previousOperationId":"di795f3ms0j15xg"}
{"type":"log","timestamp":1701083190789,"level":"debug","message":"Executing recipe chrome-pdf","meta":{"rootId":"xqshqywx9cegn9t","id":"xqshqywx9cegn9t"},"id":"ifbj952r38z8wd1","previousOperationId":"p3uuocc5u977he7"}
{"type":"log","timestamp":1701083190790,"level":"debug","message":"Converting with chrome HeadlessChrome/117.0.5938.149 using chrome-pool strategy","meta":{"rootId":"xqshqywx9cegn9t","id":"xqshqywx9cegn9t"},"id":"50rpt5qb8t2c96a","previousOperationId":"p3uuocc5u977he7"}
{"type":"log","timestamp":1701083190843,"level":"debug","message":"Page request: GET (document) file:///var/folders/dp/qk79pfcj0y1fmtkkl08m76rc0000gn/T/jsreport/autocleanup/a8f598eb-602e-43b5-8985-5f27bc4b3d11-chrome-pdf.html","meta":{"rootId":"xqshqywx9cegn9t","id":"xqshqywx9cegn9t"},"id":"hxj9f21whwo73b0","previousOperationId":"p3uuocc5u977he7"}
{"type":"log","timestamp":1701083190848,"level":"debug","message":"Page request finished: GET (document) 200 file:///var/folders/dp/qk79pfcj0y1fmtkkl08m76rc0000gn/T/jsreport/autocleanup/a8f598eb-602e-43b5-8985-5f27bc4b3d11-chrome-pdf.html","meta":{"rootId":"xqshqywx9cegn9t","id":"xqshqywx9cegn9t"},"id":"r2bjlg0oodxkltj","previousOperationId":"p3uuocc5u977he7"}
{"type":"log","timestamp":1701083190860,"level":"debug","message":"Running chrome with params {\"printBackground\":true,\"marginTop\":\"2cm\",\"marginBottom\":\"2cm\",\"timeout\":59977,\"margin\":{\"top\":\"2cm\",\"bottom\":\"2cm\"}}","meta":{"rootId":"xqshqywx9cegn9t","id":"xqshqywx9cegn9t"},"id":"c31qtvo1ssmh337","previousOperationId":"p3uuocc5u977he7"}
{"type":"operationEnd","operationId":"p3uuocc5u977he7","timestamp":1701083190879,"id":"9fnj7uzseh26gw4","previousEventId":"wgsugauf3drto88","previousOperationId":"p3uuocc5u977he7"}
{"type":"log","timestamp":1701083190879,"level":"info","message":"pdf-utils is starting pdf processing","meta":{"rootId":"xqshqywx9cegn9t","id":"xqshqywx9cegn9t"},"id":"rswyi9a0qw5wr3h","previousOperationId":"p3uuocc5u977he7"}
{"type":"operationStart","subtype":"pdfUtils","name":"pdf utils","timestamp":1701083190879,"id":"ahs5vrx39u3pu0u","previousEventId":"9fnj7uzseh26gw4","operationId":"z84g8m9yez9eqmc","previousOperationId":"p3uuocc5u977he7"}
{"type":"log","timestamp":1701083190879,"level":"debug","message":"pdf-utils detected 1 pdf operation(s) to process","meta":{"rootId":"xqshqywx9cegn9t","id":"xqshqywx9cegn9t"},"id":"zqpp68f3qxah3vc","previousOperationId":"z84g8m9yez9eqmc"}
{"type":"log","timestamp":1701083190898,"level":"debug","message":"pdf-utils running pdf operation merge","meta":{"rootId":"xqshqywx9cegn9t","id":"xqshqywx9cegn9t"},"id":"fhxph9phvzgrrrr","previousOperationId":"z84g8m9yez9eqmc"}
{"type":"operationStart","subtype":"pdfUtilsMerge","name":"pdf utils merge","previousOperationId":"z84g8m9yez9eqmc","timestamp":1701083190898,"id":"zgf967zuol5vnh6","previousEventId":"ahs5vrx39u3pu0u","operationId":"wcw9n6gbe9k2nxs"}
{"type":"operationStart","subtype":"render","name":"header-footer","previousOperationId":"wcw9n6gbe9k2nxs","timestamp":1701083190899,"id":"z8cnz9g2j2ym6h8","previousEventId":"zgf967zuol5vnh6","operationId":"o4bjg18ys7v3mxf"}
{"type":"log","timestamp":1701083190899,"level":"info","message":"Starting rendering (child) request","meta":{"rootId":"xqshqywx9cegn9t","id":"oef1qgitnto2ewp"},"id":"d1wyd7ha5j2igh1","previousOperationId":"o4bjg18ys7v3mxf"}
{"type":"log","timestamp":1701083190899,"level":"info","message":"Rendering template { name: header-footer, recipe: chrome-pdf, engine: handlebars, preview: true }","meta":{"rootId":"xqshqywx9cegn9t","id":"oef1qgitnto2ewp"},"id":"cwh6f01ag1yq6bq","previousOperationId":"o4bjg18ys7v3mxf"}
{"type":"log","timestamp":1701083190899,"level":"debug","message":"Inline data specified.","meta":{"rootId":"xqshqywx9cegn9t","id":"oef1qgitnto2ewp"},"id":"4w01euk8hcsw0kt","previousOperationId":"o4bjg18ys7v3mxf"}
{"type":"log","timestamp":1701083190899,"level":"debug","message":"Base url not specified, skipping its injection.","meta":{"rootId":"xqshqywx9cegn9t","id":"oef1qgitnto2ewp"},"id":"2xqp9ev8seruheb","previousOperationId":"o4bjg18ys7v3mxf"}
{"type":"operationStart","subtype":"engine","name":"handlebars","timestamp":1701083190899,"id":"j5ojjm7hobg2fzq","previousEventId":"z8cnz9g2j2ym6h8","operationId":"ozcp0wwva105tiz","previousOperationId":"o4bjg18ys7v3mxf"}
{"type":"log","timestamp":1701083190899,"level":"debug","message":"Rendering engine handlebars","meta":{"rootId":"xqshqywx9cegn9t","id":"oef1qgitnto2ewp"},"id":"toph2xposr25hwj","previousOperationId":"ozcp0wwva105tiz"}
{"type":"operationEnd","operationId":"ozcp0wwva105tiz","timestamp":1701083190903,"id":"abuog588ogo9ctz","previousEventId":"j5ojjm7hobg2fzq","previousOperationId":"ozcp0wwva105tiz"}
{"type":"operationStart","subtype":"recipe","name":"chrome-pdf","timestamp":1701083190903,"id":"2tfh9gs94nx4mdm","previousEventId":"abuog588ogo9ctz","operationId":"xwri259tyimabvw","previousOperationId":"ozcp0wwva105tiz"}
{"type":"log","timestamp":1701083190903,"level":"debug","message":"Executing recipe chrome-pdf","meta":{"rootId":"xqshqywx9cegn9t","id":"oef1qgitnto2ewp"},"id":"idc8lz77obz6bzz","previousOperationId":"xwri259tyimabvw"}
{"type":"log","timestamp":1701083190904,"level":"debug","message":"Converting with chrome HeadlessChrome/117.0.5938.149 using chrome-pool strategy","meta":{"rootId":"xqshqywx9cegn9t","id":"oef1qgitnto2ewp"},"id":"3sz7bw01wo2e2r6","previousOperationId":"xwri259tyimabvw"}
{"type":"log","timestamp":1701083190941,"level":"debug","message":"Page request: GET (document) file:///var/folders/dp/qk79pfcj0y1fmtkkl08m76rc0000gn/T/jsreport/autocleanup/0cd1b95f-09ff-4792-a656-3047a4363ad0-chrome-pdf.html","meta":{"rootId":"xqshqywx9cegn9t","id":"oef1qgitnto2ewp"},"id":"vlyyb7v891cngv7","previousOperationId":"xwri259tyimabvw"}
{"type":"log","timestamp":1701083190946,"level":"debug","message":"Page request finished: GET (document) 200 file:///var/folders/dp/qk79pfcj0y1fmtkkl08m76rc0000gn/T/jsreport/autocleanup/0cd1b95f-09ff-4792-a656-3047a4363ad0-chrome-pdf.html","meta":{"rootId":"xqshqywx9cegn9t","id":"oef1qgitnto2ewp"},"id":"ufdzas139lj8qp9","previousOperationId":"xwri259tyimabvw"}
{"type":"log","timestamp":1701083190953,"level":"debug","message":"Running chrome with params {\"timeout\":59863,\"margin\":{},\"printBackground\":true}","meta":{"rootId":"xqshqywx9cegn9t","id":"oef1qgitnto2ewp"},"id":"g7phy5tqqs0sus5","previousOperationId":"xwri259tyimabvw"}
{"type":"operationEnd","operationId":"xwri259tyimabvw","timestamp":1701083190958,"id":"mzi9i8p0apkqdvh","previousEventId":"2tfh9gs94nx4mdm","previousOperationId":"xwri259tyimabvw"}
{"type":"log","timestamp":1701083190958,"level":"debug","message":"Skipping storing report.","meta":{"rootId":"xqshqywx9cegn9t","id":"oef1qgitnto2ewp"},"id":"7mwq3mzj5fvhb0t","previousOperationId":"xwri259tyimabvw"}
{"type":"log","timestamp":1701083190958,"level":"info","message":"Rendering (child) request finished in 191 ms","meta":{"rootId":"xqshqywx9cegn9t","id":"oef1qgitnto2ewp"},"id":"uh86cwvxai0ndvz","previousOperationId":"xwri259tyimabvw"}
{"type":"operationEnd","subtype":"render","operationId":"o4bjg18ys7v3mxf","timestamp":1701083190958,"id":"69fzoecxg11vrct","previousEventId":"mzi9i8p0apkqdvh","previousOperationId":"xwri259tyimabvw"}
{"type":"operationEnd","operationId":"wcw9n6gbe9k2nxs","timestamp":1701083190963,"id":"ghxdvqxby2z0fxm","previousEventId":"zgf967zuol5vnh6","previousOperationId":"wcw9n6gbe9k2nxs"}
{"type":"log","timestamp":1701083190963,"level":"debug","message":"pdf-utils postproces start","meta":{"rootId":"xqshqywx9cegn9t","id":"xqshqywx9cegn9t"},"id":"ds4l4ph9zecttij","previousOperationId":"wcw9n6gbe9k2nxs"}
{"type":"log","timestamp":1701083190970,"level":"debug","message":"pdf-utils postproces end","meta":{"rootId":"xqshqywx9cegn9t","id":"xqshqywx9cegn9t"},"id":"ry8bpxm9d1j6yj1","previousOperationId":"wcw9n6gbe9k2nxs"}
{"type":"operationEnd","operationId":"z84g8m9yez9eqmc","timestamp":1701083190970,"id":"s96ssgtp0lzgypq","previousEventId":"ghxdvqxby2z0fxm","previousOperationId":"wcw9n6gbe9k2nxs"}
{"type":"log","timestamp":1701083190970,"level":"info","message":"pdf-utils pdf processing was finished","meta":{"rootId":"xqshqywx9cegn9t","id":"xqshqywx9cegn9t"},"id":"a6vmxaiy9m9jiqx","previousOperationId":"z84g8m9yez9eqmc"}
{"type":"log","timestamp":1701083190970,"level":"debug","message":"Skipping storing report.","meta":{"rootId":"xqshqywx9cegn9t","id":"xqshqywx9cegn9t"},"id":"eoixl68y51j0bpz","previousOperationId":"z84g8m9yez9eqmc"}
{"type":"log","timestamp":1701083190970,"level":"info","message":"Rendering request 65 finished in 203 ms","meta":{"rootId":"xqshqywx9cegn9t","id":"xqshqywx9cegn9t"},"id":"8lu3u54z0g2png6","previousOperationId":"z84g8m9yez9eqmc"}
{"type":"operationEnd","subtype":"render","operationId":"ctmxdsd5dw83h93","timestamp":1701083190970,"id":"87y0luk5el1ex2m","previousEventId":"s96ssgtp0lzgypq","previousOperationId":"z84g8m9yez9eqmc"}
{"type":"operationEnd","doDiffs":false,"previousEventId":"pjl1pcq00g76523","previousOperationId":"cn8mqqcgj5dmonc","operationId":"cn8mqqcgj5dmonc","timestamp":1701083190972,"id":"880k694l3egs4bx"}
