{"type":"operationStart","subtype":"profile","data":{"_id":"hzRAbHgM52xSzqEq","timestamp":"2023-11-27T10:57:05.168Z","state":"queued","mode":"standard","creationDate":"2023-11-27T10:57:05.170Z","modificationDate":"2023-11-27T10:57:05.170Z","shortid":"7PMcVw-","$entitySet":"profiles"},"doDiffs":false,"timestamp":1701082625169,"id":"9fln1l1lz8bhb6k","previousOperationId":null,"operationId":"o9j7ho69dm9nfx7"}
{"type":"log","level":"info","message":"Render request 52 queued for execution and waiting for available worker","previousOperationId":"o9j7ho69dm9nfx7","timestamp":1701082625169,"id":"a6j1vtc62nuccmc"}
{"type":"operationStart","subtype":"render","name":"sporazum_fizicko","previousOperationId":"o9j7ho69dm9nfx7","timestamp":1701082625182,"id":"h82g4c95zmj1pgk","previousEventId":"9fln1l1lz8bhb6k","operationId":"5udsitromep5g9u"}
{"type":"log","timestamp":1701082625182,"level":"info","message":"Starting rendering request 52","meta":{"rootId":"yy8iz5vxauec7wy","id":"yy8iz5vxauec7wy"},"id":"jn3e7eeq9xp724s","previousOperationId":"5udsitromep5g9u"}
{"type":"log","timestamp":1701082625182,"level":"info","message":"Rendering template { name: sporazum_fizicko, recipe: chrome-pdf, engine: handlebars, preview: true }","meta":{"rootId":"yy8iz5vxauec7wy","id":"yy8iz5vxauec7wy"},"id":"g7b39ccwf29i4z5","previousOperationId":"5udsitromep5g9u"}
{"type":"log","timestamp":1701082625185,"level":"debug","message":"Inline data specified.","meta":{"rootId":"yy8iz5vxauec7wy","id":"yy8iz5vxauec7wy"},"id":"y6qs75tgzoth01m","previousOperationId":"5udsitromep5g9u"}
{"type":"log","timestamp":1701082625188,"level":"debug","message":"Base url not specified, skipping its injection.","meta":{"rootId":"yy8iz5vxauec7wy","id":"yy8iz5vxauec7wy"},"id":"l96zqrlz8p126kb","previousOperationId":"5udsitromep5g9u"}
{"type":"operationStart","subtype":"engine","name":"handlebars","timestamp":1701082625188,"id":"bhm41lg68bn4dhf","previousEventId":"h82g4c95zmj1pgk","operationId":"m4qa5iapq5ekh7o","previousOperationId":"5udsitromep5g9u"}
{"type":"log","timestamp":1701082625188,"level":"debug","message":"Rendering engine handlebars","meta":{"rootId":"yy8iz5vxauec7wy","id":"yy8iz5vxauec7wy"},"id":"0zh387nf1aya7vl","previousOperationId":"m4qa5iapq5ekh7o"}
{"type":"operationEnd","operationId":"m4qa5iapq5ekh7o","timestamp":1701082625197,"id":"gs7o3ucipzr3fte","previousEventId":"bhm41lg68bn4dhf","previousOperationId":"m4qa5iapq5ekh7o"}
{"type":"operationStart","subtype":"recipe","name":"chrome-pdf","timestamp":1701082625197,"id":"d3eh2lsc0tli099","previousEventId":"gs7o3ucipzr3fte","operationId":"bups063xg9r5u4i","previousOperationId":"m4qa5iapq5ekh7o"}
{"type":"log","timestamp":1701082625197,"level":"debug","message":"Executing recipe chrome-pdf","meta":{"rootId":"yy8iz5vxauec7wy","id":"yy8iz5vxauec7wy"},"id":"fryjtc1ixocf9ty","previousOperationId":"bups063xg9r5u4i"}
{"type":"log","timestamp":1701082625199,"level":"debug","message":"Converting with chrome HeadlessChrome/117.0.5938.149 using chrome-pool strategy","meta":{"rootId":"yy8iz5vxauec7wy","id":"yy8iz5vxauec7wy"},"id":"fuc7svfvojxzubz","previousOperationId":"bups063xg9r5u4i"}
{"type":"log","timestamp":1701082625248,"level":"debug","message":"Page request: GET (document) file:///var/folders/dp/qk79pfcj0y1fmtkkl08m76rc0000gn/T/jsreport/autocleanup/a59c777b-5a87-4768-8c7d-840a637e7914-chrome-pdf.html","meta":{"rootId":"yy8iz5vxauec7wy","id":"yy8iz5vxauec7wy"},"id":"9bk7ov6ybvfk7kc","previousOperationId":"bups063xg9r5u4i"}
{"type":"log","timestamp":1701082625253,"level":"debug","message":"Page request finished: GET (document) 200 file:///var/folders/dp/qk79pfcj0y1fmtkkl08m76rc0000gn/T/jsreport/autocleanup/a59c777b-5a87-4768-8c7d-840a637e7914-chrome-pdf.html","meta":{"rootId":"yy8iz5vxauec7wy","id":"yy8iz5vxauec7wy"},"id":"dj5mstrevxia2ah","previousOperationId":"bups063xg9r5u4i"}
{"type":"log","timestamp":1701082625264,"level":"debug","message":"Running chrome with params {\"printBackground\":true,\"marginTop\":\"2cm\",\"marginBottom\":\"2cm\",\"timeout\":59970,\"margin\":{\"top\":\"2cm\",\"bottom\":\"2cm\"}}","meta":{"rootId":"yy8iz5vxauec7wy","id":"yy8iz5vxauec7wy"},"id":"afhd9ppgaaf1w9l","previousOperationId":"bups063xg9r5u4i"}
{"type":"operationEnd","operationId":"bups063xg9r5u4i","timestamp":1701082625286,"id":"3p6qlv3entb9saf","previousEventId":"d3eh2lsc0tli099","previousOperationId":"bups063xg9r5u4i"}
{"type":"log","timestamp":1701082625286,"level":"info","message":"pdf-utils is starting pdf processing","meta":{"rootId":"yy8iz5vxauec7wy","id":"yy8iz5vxauec7wy"},"id":"g0g40uopn0ob7yc","previousOperationId":"bups063xg9r5u4i"}
{"type":"operationStart","subtype":"pdfUtils","name":"pdf utils","timestamp":1701082625286,"id":"mjo2tvj6juc4ksd","previousEventId":"3p6qlv3entb9saf","operationId":"qbmc11h6ep8jrdz","previousOperationId":"bups063xg9r5u4i"}
{"type":"log","timestamp":1701082625286,"level":"debug","message":"pdf-utils detected 1 pdf operation(s) to process","meta":{"rootId":"yy8iz5vxauec7wy","id":"yy8iz5vxauec7wy"},"id":"uiqoifn5p9u04t5","previousOperationId":"qbmc11h6ep8jrdz"}
{"type":"log","timestamp":1701082625305,"level":"debug","message":"pdf-utils running pdf operation merge","meta":{"rootId":"yy8iz5vxauec7wy","id":"yy8iz5vxauec7wy"},"id":"sxo2a0tig3q7qfn","previousOperationId":"qbmc11h6ep8jrdz"}
{"type":"operationStart","subtype":"pdfUtilsMerge","name":"pdf utils merge","previousOperationId":"qbmc11h6ep8jrdz","timestamp":1701082625305,"id":"xrlgf9882u4c2ob","previousEventId":"mjo2tvj6juc4ksd","operationId":"imzivao2r4uptic"}
{"type":"operationStart","subtype":"render","name":"header-footer","previousOperationId":"imzivao2r4uptic","timestamp":1701082625305,"id":"s68jbxydflw433m","previousEventId":"xrlgf9882u4c2ob","operationId":"c9c3j1q7faajk3o"}
{"type":"log","timestamp":1701082625305,"level":"info","message":"Starting rendering (child) request","meta":{"rootId":"yy8iz5vxauec7wy","id":"pqc0u9hljxtzmvd"},"id":"h8llhce10yp718v","previousOperationId":"c9c3j1q7faajk3o"}
{"type":"log","timestamp":1701082625305,"level":"info","message":"Rendering template { name: header-footer, recipe: chrome-pdf, engine: handlebars, preview: true }","meta":{"rootId":"yy8iz5vxauec7wy","id":"pqc0u9hljxtzmvd"},"id":"nx8xp1txkkkhptw","previousOperationId":"c9c3j1q7faajk3o"}
{"type":"log","timestamp":1701082625305,"level":"debug","message":"Inline data specified.","meta":{"rootId":"yy8iz5vxauec7wy","id":"pqc0u9hljxtzmvd"},"id":"6pmvgzhvfkqhck4","previousOperationId":"c9c3j1q7faajk3o"}
{"type":"log","timestamp":1701082625306,"level":"debug","message":"Base url not specified, skipping its injection.","meta":{"rootId":"yy8iz5vxauec7wy","id":"pqc0u9hljxtzmvd"},"id":"q5q5xzu2ogdzw9u","previousOperationId":"c9c3j1q7faajk3o"}
{"type":"operationStart","subtype":"engine","name":"handlebars","timestamp":1701082625307,"id":"fkngj7htvc65zhy","previousEventId":"s68jbxydflw433m","operationId":"1djta946ofigi89","previousOperationId":"c9c3j1q7faajk3o"}
{"type":"log","timestamp":1701082625307,"level":"debug","message":"Rendering engine handlebars","meta":{"rootId":"yy8iz5vxauec7wy","id":"pqc0u9hljxtzmvd"},"id":"amwyn4i4ahi24r8","previousOperationId":"1djta946ofigi89"}
{"type":"operationEnd","operationId":"1djta946ofigi89","timestamp":1701082625311,"id":"ttbwlawmhmt0kyq","previousEventId":"fkngj7htvc65zhy","previousOperationId":"1djta946ofigi89"}
{"type":"operationStart","subtype":"recipe","name":"chrome-pdf","timestamp":1701082625311,"id":"a9fwv6mbpqyj6r9","previousEventId":"ttbwlawmhmt0kyq","operationId":"b65m6vwzqzr9sys","previousOperationId":"1djta946ofigi89"}
{"type":"log","timestamp":1701082625311,"level":"debug","message":"Executing recipe chrome-pdf","meta":{"rootId":"yy8iz5vxauec7wy","id":"pqc0u9hljxtzmvd"},"id":"wb9i54p42b2vagz","previousOperationId":"b65m6vwzqzr9sys"}
{"type":"log","timestamp":1701082625311,"level":"debug","message":"Converting with chrome HeadlessChrome/117.0.5938.149 using chrome-pool strategy","meta":{"rootId":"yy8iz5vxauec7wy","id":"pqc0u9hljxtzmvd"},"id":"ey28l86049xu7tj","previousOperationId":"b65m6vwzqzr9sys"}
{"type":"log","timestamp":1701082625349,"level":"debug","message":"Page request: GET (document) file:///var/folders/dp/qk79pfcj0y1fmtkkl08m76rc0000gn/T/jsreport/autocleanup/8b9fab5e-ea84-4504-a126-fca884cef502-chrome-pdf.html","meta":{"rootId":"yy8iz5vxauec7wy","id":"pqc0u9hljxtzmvd"},"id":"9ylexnw9lsku0r0","previousOperationId":"b65m6vwzqzr9sys"}
{"type":"log","timestamp":1701082625354,"level":"debug","message":"Page request finished: GET (document) 200 file:///var/folders/dp/qk79pfcj0y1fmtkkl08m76rc0000gn/T/jsreport/autocleanup/8b9fab5e-ea84-4504-a126-fca884cef502-chrome-pdf.html","meta":{"rootId":"yy8iz5vxauec7wy","id":"pqc0u9hljxtzmvd"},"id":"65jar06aekw0gf6","previousOperationId":"b65m6vwzqzr9sys"}
{"type":"log","timestamp":1701082625361,"level":"debug","message":"Running chrome with params {\"timeout\":59857,\"margin\":{},\"printBackground\":true}","meta":{"rootId":"yy8iz5vxauec7wy","id":"pqc0u9hljxtzmvd"},"id":"v0fwzu7w93wea48","previousOperationId":"b65m6vwzqzr9sys"}
{"type":"operationEnd","operationId":"b65m6vwzqzr9sys","timestamp":1701082625366,"id":"iubf8gcrv0y30k6","previousEventId":"a9fwv6mbpqyj6r9","previousOperationId":"b65m6vwzqzr9sys"}
{"type":"log","timestamp":1701082625366,"level":"debug","message":"Skipping storing report.","meta":{"rootId":"yy8iz5vxauec7wy","id":"pqc0u9hljxtzmvd"},"id":"ykvfm2zj4e6msv0","previousOperationId":"b65m6vwzqzr9sys"}
{"type":"log","timestamp":1701082625367,"level":"info","message":"Rendering (child) request finished in 199 ms","meta":{"rootId":"yy8iz5vxauec7wy","id":"pqc0u9hljxtzmvd"},"id":"ddciy5hmlejahuq","previousOperationId":"b65m6vwzqzr9sys"}
{"type":"operationEnd","subtype":"render","operationId":"c9c3j1q7faajk3o","timestamp":1701082625367,"id":"avpa7e4kq52bybx","previousEventId":"iubf8gcrv0y30k6","previousOperationId":"b65m6vwzqzr9sys"}
{"type":"operationEnd","operationId":"imzivao2r4uptic","timestamp":1701082625371,"id":"bwb3ikqr15tu1jq","previousEventId":"xrlgf9882u4c2ob","previousOperationId":"imzivao2r4uptic"}
{"type":"log","timestamp":1701082625371,"level":"debug","message":"pdf-utils postproces start","meta":{"rootId":"yy8iz5vxauec7wy","id":"yy8iz5vxauec7wy"},"id":"ffpfnlkw0s5j738","previousOperationId":"imzivao2r4uptic"}
{"type":"log","timestamp":1701082625379,"level":"debug","message":"pdf-utils postproces end","meta":{"rootId":"yy8iz5vxauec7wy","id":"yy8iz5vxauec7wy"},"id":"y7wzsguxv47tkfp","previousOperationId":"imzivao2r4uptic"}
{"type":"operationEnd","operationId":"qbmc11h6ep8jrdz","timestamp":1701082625379,"id":"9ptvmgx7a3r2g17","previousEventId":"bwb3ikqr15tu1jq","previousOperationId":"imzivao2r4uptic"}
{"type":"log","timestamp":1701082625379,"level":"info","message":"pdf-utils pdf processing was finished","meta":{"rootId":"yy8iz5vxauec7wy","id":"yy8iz5vxauec7wy"},"id":"m8148zqz7mwzenv","previousOperationId":"qbmc11h6ep8jrdz"}
{"type":"log","timestamp":1701082625379,"level":"debug","message":"Skipping storing report.","meta":{"rootId":"yy8iz5vxauec7wy","id":"yy8iz5vxauec7wy"},"id":"x7fm522pquizy6n","previousOperationId":"qbmc11h6ep8jrdz"}
{"type":"log","timestamp":1701082625379,"level":"info","message":"Rendering request 52 finished in 211 ms","meta":{"rootId":"yy8iz5vxauec7wy","id":"yy8iz5vxauec7wy"},"id":"nnwxn9tn5ltvagt","previousOperationId":"qbmc11h6ep8jrdz"}
{"type":"operationEnd","subtype":"render","operationId":"5udsitromep5g9u","timestamp":1701082625379,"id":"vnr2kfwm8mx241t","previousEventId":"9ptvmgx7a3r2g17","previousOperationId":"qbmc11h6ep8jrdz"}
{"type":"operationEnd","doDiffs":false,"previousEventId":"9fln1l1lz8bhb6k","previousOperationId":"o9j7ho69dm9nfx7","operationId":"o9j7ho69dm9nfx7","timestamp":1701082625382,"id":"stofv66tp79064v"}
