{"type":"operationStart","subtype":"profile","data":{"_id":"kGGw2Synzs6BwpQ5","timestamp":"2023-11-27T11:02:08.508Z","state":"queued","mode":"standard","creationDate":"2023-11-27T11:02:08.509Z","modificationDate":"2023-11-27T11:02:08.509Z","shortid":"T4gNaxh","$entitySet":"profiles"},"doDiffs":false,"timestamp":1701082928508,"id":"pe6fsbx3no129z1","previousOperationId":null,"operationId":"morbhxebzt8g8rr"}
{"type":"log","level":"info","message":"Render request 61 queued for execution and waiting for available worker","previousOperationId":"morbhxebzt8g8rr","timestamp":1701082928508,"id":"tgrtqhxuf0mp7r1"}
{"type":"operationStart","subtype":"render","name":"sporazum_fizicko","previousOperationId":"morbhxebzt8g8rr","timestamp":1701082928516,"id":"62u14fw8wh9caux","previousEventId":"pe6fsbx3no129z1","operationId":"hgqbxo7g6xoupma"}
{"type":"log","timestamp":1701082928516,"level":"info","message":"Starting rendering request 61","meta":{"rootId":"zdhaesnvipuxgw2","id":"zdhaesnvipuxgw2"},"id":"uvr698xqxm79ef2","previousOperationId":"hgqbxo7g6xoupma"}
{"type":"log","timestamp":1701082928517,"level":"info","message":"Rendering template { name: sporazum_fizicko, recipe: chrome-pdf, engine: handlebars, preview: true }","meta":{"rootId":"zdhaesnvipuxgw2","id":"zdhaesnvipuxgw2"},"id":"awiclgx0eirng9v","previousOperationId":"hgqbxo7g6xoupma"}
{"type":"log","timestamp":1701082928517,"level":"debug","message":"Inline data specified.","meta":{"rootId":"zdhaesnvipuxgw2","id":"zdhaesnvipuxgw2"},"id":"7d4tg7bppvau3h8","previousOperationId":"hgqbxo7g6xoupma"}
{"type":"log","timestamp":1701082928520,"level":"debug","message":"Base url not specified, skipping its injection.","meta":{"rootId":"zdhaesnvipuxgw2","id":"zdhaesnvipuxgw2"},"id":"viiai6klzzonfcb","previousOperationId":"hgqbxo7g6xoupma"}
{"type":"operationStart","subtype":"engine","name":"handlebars","timestamp":1701082928520,"id":"bjpwqzmxdqi9pd5","previousEventId":"62u14fw8wh9caux","operationId":"j84gntlyiq0xl47","previousOperationId":"hgqbxo7g6xoupma"}
{"type":"log","timestamp":1701082928520,"level":"debug","message":"Rendering engine handlebars","meta":{"rootId":"zdhaesnvipuxgw2","id":"zdhaesnvipuxgw2"},"id":"5pn7dhv63yacgwc","previousOperationId":"j84gntlyiq0xl47"}
{"type":"operationEnd","operationId":"j84gntlyiq0xl47","timestamp":1701082928544,"id":"0xr3hwcch1s3hda","previousEventId":"bjpwqzmxdqi9pd5","previousOperationId":"j84gntlyiq0xl47"}
{"type":"operationStart","subtype":"recipe","name":"chrome-pdf","timestamp":1701082928544,"id":"436fe3y5ld2zgab","previousEventId":"0xr3hwcch1s3hda","operationId":"u30i88vdv3e0fnc","previousOperationId":"j84gntlyiq0xl47"}
{"type":"log","timestamp":1701082928544,"level":"debug","message":"Executing recipe chrome-pdf","meta":{"rootId":"zdhaesnvipuxgw2","id":"zdhaesnvipuxgw2"},"id":"iwy8bra4rpzxg9m","previousOperationId":"u30i88vdv3e0fnc"}
{"type":"log","timestamp":1701082928546,"level":"debug","message":"Converting with chrome HeadlessChrome/117.0.5938.149 using chrome-pool strategy","meta":{"rootId":"zdhaesnvipuxgw2","id":"zdhaesnvipuxgw2"},"id":"tiw3at3uc9f9bl5","previousOperationId":"u30i88vdv3e0fnc"}
{"type":"log","timestamp":1701082928593,"level":"debug","message":"Page request: GET (document) file:///var/folders/dp/qk79pfcj0y1fmtkkl08m76rc0000gn/T/jsreport/autocleanup/e2856187-4944-49c7-960d-aa79442068c9-chrome-pdf.html","meta":{"rootId":"zdhaesnvipuxgw2","id":"zdhaesnvipuxgw2"},"id":"7q0hwn5qogjnpeg","previousOperationId":"u30i88vdv3e0fnc"}
{"type":"log","timestamp":1701082928598,"level":"debug","message":"Page request finished: GET (document) 200 file:///var/folders/dp/qk79pfcj0y1fmtkkl08m76rc0000gn/T/jsreport/autocleanup/e2856187-4944-49c7-960d-aa79442068c9-chrome-pdf.html","meta":{"rootId":"zdhaesnvipuxgw2","id":"zdhaesnvipuxgw2"},"id":"hwasjoht55bx2xg","previousOperationId":"u30i88vdv3e0fnc"}
{"type":"log","timestamp":1701082928610,"level":"debug","message":"Running chrome with params {\"printBackground\":true,\"marginTop\":\"2cm\",\"marginBottom\":\"2cm\",\"timeout\":59963,\"margin\":{\"top\":\"2cm\",\"bottom\":\"2cm\"}}","meta":{"rootId":"zdhaesnvipuxgw2","id":"zdhaesnvipuxgw2"},"id":"r5mhjok8fy3ejbd","previousOperationId":"u30i88vdv3e0fnc"}
{"type":"operationEnd","operationId":"u30i88vdv3e0fnc","timestamp":1701082928629,"id":"gtuwv46udllp2ij","previousEventId":"436fe3y5ld2zgab","previousOperationId":"u30i88vdv3e0fnc"}
{"type":"log","timestamp":1701082928629,"level":"info","message":"pdf-utils is starting pdf processing","meta":{"rootId":"zdhaesnvipuxgw2","id":"zdhaesnvipuxgw2"},"id":"7x2wrovv5j9esdd","previousOperationId":"u30i88vdv3e0fnc"}
{"type":"operationStart","subtype":"pdfUtils","name":"pdf utils","timestamp":1701082928629,"id":"992bidlvfcsro9w","previousEventId":"gtuwv46udllp2ij","operationId":"5jtfk80h7fn2t2i","previousOperationId":"u30i88vdv3e0fnc"}
{"type":"log","timestamp":1701082928629,"level":"debug","message":"pdf-utils detected 1 pdf operation(s) to process","meta":{"rootId":"zdhaesnvipuxgw2","id":"zdhaesnvipuxgw2"},"id":"sz9u5i0o9556ifm","previousOperationId":"5jtfk80h7fn2t2i"}
{"type":"log","timestamp":1701082928660,"level":"debug","message":"pdf-utils running pdf operation merge","meta":{"rootId":"zdhaesnvipuxgw2","id":"zdhaesnvipuxgw2"},"id":"0rvdcr3uq0agfzq","previousOperationId":"5jtfk80h7fn2t2i"}
{"type":"operationStart","subtype":"pdfUtilsMerge","name":"pdf utils merge","previousOperationId":"5jtfk80h7fn2t2i","timestamp":1701082928660,"id":"9ilee0jbpsrugqv","previousEventId":"992bidlvfcsro9w","operationId":"k3s37ir8ijv4qyv"}
{"type":"operationStart","subtype":"render","name":"header-footer","previousOperationId":"k3s37ir8ijv4qyv","timestamp":1701082928660,"id":"1b7tthjrhbrei08","previousEventId":"9ilee0jbpsrugqv","operationId":"ry8dtrnl0nax179"}
{"type":"log","timestamp":1701082928660,"level":"info","message":"Starting rendering (child) request","meta":{"rootId":"zdhaesnvipuxgw2","id":"clo2cajui9whd3m"},"id":"bys8567xjbf4bbv","previousOperationId":"ry8dtrnl0nax179"}
{"type":"log","timestamp":1701082928660,"level":"info","message":"Rendering template { name: header-footer, recipe: chrome-pdf, engine: handlebars, preview: true }","meta":{"rootId":"zdhaesnvipuxgw2","id":"clo2cajui9whd3m"},"id":"39lhwpkard2um5n","previousOperationId":"ry8dtrnl0nax179"}
{"type":"log","timestamp":1701082928661,"level":"debug","message":"Inline data specified.","meta":{"rootId":"zdhaesnvipuxgw2","id":"clo2cajui9whd3m"},"id":"4bf6k3l124l8rf7","previousOperationId":"ry8dtrnl0nax179"}
{"type":"log","timestamp":1701082928661,"level":"debug","message":"Base url not specified, skipping its injection.","meta":{"rootId":"zdhaesnvipuxgw2","id":"clo2cajui9whd3m"},"id":"cox1p05719vsnj3","previousOperationId":"ry8dtrnl0nax179"}
{"type":"operationStart","subtype":"engine","name":"handlebars","timestamp":1701082928661,"id":"7onvq8q3fqrezna","previousEventId":"1b7tthjrhbrei08","operationId":"5glzhg3q1wdrde7","previousOperationId":"ry8dtrnl0nax179"}
{"type":"log","timestamp":1701082928661,"level":"debug","message":"Rendering engine handlebars","meta":{"rootId":"zdhaesnvipuxgw2","id":"clo2cajui9whd3m"},"id":"l2ziuy872lmb0fq","previousOperationId":"5glzhg3q1wdrde7"}
{"type":"operationEnd","operationId":"5glzhg3q1wdrde7","timestamp":1701082928664,"id":"sl7sr15fe9dvz88","previousEventId":"7onvq8q3fqrezna","previousOperationId":"5glzhg3q1wdrde7"}
{"type":"operationStart","subtype":"recipe","name":"chrome-pdf","timestamp":1701082928664,"id":"j4s69jc8ctujqv1","previousEventId":"sl7sr15fe9dvz88","operationId":"edk8zhsoxbjfkjm","previousOperationId":"5glzhg3q1wdrde7"}
{"type":"log","timestamp":1701082928664,"level":"debug","message":"Executing recipe chrome-pdf","meta":{"rootId":"zdhaesnvipuxgw2","id":"clo2cajui9whd3m"},"id":"66skqqz0b0pj3oc","previousOperationId":"edk8zhsoxbjfkjm"}
{"type":"log","timestamp":1701082928665,"level":"debug","message":"Converting with chrome HeadlessChrome/117.0.5938.149 using chrome-pool strategy","meta":{"rootId":"zdhaesnvipuxgw2","id":"clo2cajui9whd3m"},"id":"kvycsp8snod4pm8","previousOperationId":"edk8zhsoxbjfkjm"}
{"type":"log","timestamp":1701082928703,"level":"debug","message":"Page request: GET (document) file:///var/folders/dp/qk79pfcj0y1fmtkkl08m76rc0000gn/T/jsreport/autocleanup/7ee49bca-63c1-4033-bb02-0683108941b0-chrome-pdf.html","meta":{"rootId":"zdhaesnvipuxgw2","id":"clo2cajui9whd3m"},"id":"jh6yv306c1hoq0f","previousOperationId":"edk8zhsoxbjfkjm"}
{"type":"log","timestamp":1701082928707,"level":"debug","message":"Page request finished: GET (document) 200 file:///var/folders/dp/qk79pfcj0y1fmtkkl08m76rc0000gn/T/jsreport/autocleanup/7ee49bca-63c1-4033-bb02-0683108941b0-chrome-pdf.html","meta":{"rootId":"zdhaesnvipuxgw2","id":"clo2cajui9whd3m"},"id":"slkwe5zhjdtkhiw","previousOperationId":"edk8zhsoxbjfkjm"}
{"type":"log","timestamp":1701082928715,"level":"debug","message":"Running chrome with params {\"timeout\":59843,\"margin\":{},\"printBackground\":true}","meta":{"rootId":"zdhaesnvipuxgw2","id":"clo2cajui9whd3m"},"id":"r59ouuvd18d5f46","previousOperationId":"edk8zhsoxbjfkjm"}
{"type":"operationEnd","operationId":"edk8zhsoxbjfkjm","timestamp":1701082928720,"id":"t8g31el15nd6uz1","previousEventId":"j4s69jc8ctujqv1","previousOperationId":"edk8zhsoxbjfkjm"}
{"type":"log","timestamp":1701082928720,"level":"debug","message":"Skipping storing report.","meta":{"rootId":"zdhaesnvipuxgw2","id":"clo2cajui9whd3m"},"id":"omsqckflvrc2cat","previousOperationId":"edk8zhsoxbjfkjm"}
{"type":"log","timestamp":1701082928720,"level":"info","message":"Rendering (child) request finished in 212 ms","meta":{"rootId":"zdhaesnvipuxgw2","id":"clo2cajui9whd3m"},"id":"5p0sg7t6m7j3hzm","previousOperationId":"edk8zhsoxbjfkjm"}
{"type":"operationEnd","subtype":"render","operationId":"ry8dtrnl0nax179","timestamp":1701082928720,"id":"gzpfo0rvuwilt5k","previousEventId":"t8g31el15nd6uz1","previousOperationId":"edk8zhsoxbjfkjm"}
{"type":"operationEnd","operationId":"k3s37ir8ijv4qyv","timestamp":1701082928727,"id":"7x52f57gwndcqlm","previousEventId":"9ilee0jbpsrugqv","previousOperationId":"k3s37ir8ijv4qyv"}
{"type":"log","timestamp":1701082928727,"level":"debug","message":"pdf-utils postproces start","meta":{"rootId":"zdhaesnvipuxgw2","id":"zdhaesnvipuxgw2"},"id":"6evtd6nk9bcpt0p","previousOperationId":"k3s37ir8ijv4qyv"}
{"type":"log","timestamp":1701082928736,"level":"debug","message":"pdf-utils postproces end","meta":{"rootId":"zdhaesnvipuxgw2","id":"zdhaesnvipuxgw2"},"id":"7f480vqfpym7qe9","previousOperationId":"k3s37ir8ijv4qyv"}
{"type":"operationEnd","operationId":"5jtfk80h7fn2t2i","timestamp":1701082928736,"id":"atalmnasj1zaca5","previousEventId":"7x52f57gwndcqlm","previousOperationId":"k3s37ir8ijv4qyv"}
{"type":"log","timestamp":1701082928736,"level":"info","message":"pdf-utils pdf processing was finished","meta":{"rootId":"zdhaesnvipuxgw2","id":"zdhaesnvipuxgw2"},"id":"b9x7q6gs383go9c","previousOperationId":"5jtfk80h7fn2t2i"}
{"type":"log","timestamp":1701082928736,"level":"debug","message":"Skipping storing report.","meta":{"rootId":"zdhaesnvipuxgw2","id":"zdhaesnvipuxgw2"},"id":"6x0guzzml0hicpd","previousOperationId":"5jtfk80h7fn2t2i"}
{"type":"log","timestamp":1701082928736,"level":"info","message":"Rendering request 61 finished in 228 ms","meta":{"rootId":"zdhaesnvipuxgw2","id":"zdhaesnvipuxgw2"},"id":"kplwemhbcajjquu","previousOperationId":"5jtfk80h7fn2t2i"}
{"type":"operationEnd","subtype":"render","operationId":"hgqbxo7g6xoupma","timestamp":1701082928736,"id":"wrbgw7dt8g7fvun","previousEventId":"atalmnasj1zaca5","previousOperationId":"5jtfk80h7fn2t2i"}
{"type":"operationEnd","doDiffs":false,"previousEventId":"pe6fsbx3no129z1","previousOperationId":"morbhxebzt8g8rr","operationId":"morbhxebzt8g8rr","timestamp":1701082928738,"id":"u404fv4eo2gy0bl"}
