{"type":"operationStart","subtype":"profile","data":{"_id":"Ga4VoWiKuyB7yzqr","timestamp":"2023-11-27T08:49:56.262Z","state":"queued","mode":"standard","creationDate":"2023-11-27T08:49:56.264Z","modificationDate":"2023-11-27T08:49:56.264Z","shortid":"798xXr5","$entitySet":"profiles"},"doDiffs":false,"timestamp":1701074996263,"id":"fywtmmyqkqd1wix","previousOperationId":null,"operationId":"gas3n1iv5t1ay3r"}
{"type":"log","level":"info","message":"Render request 28 queued for execution and waiting for available worker","previousOperationId":"gas3n1iv5t1ay3r","timestamp":1701074996263,"id":"jjaf9apx1mttbqb"}
{"type":"operationStart","subtype":"render","name":"header-footer","previousOperationId":"gas3n1iv5t1ay3r","timestamp":1701074996272,"id":"0yqkvgcffy94b7v","previousEventId":"fywtmmyqkqd1wix","operationId":"d8p34qrd6k6pd8d"}
{"type":"log","timestamp":1701074996272,"level":"info","message":"Starting rendering request 28","meta":{"rootId":"haqbnmbgp4dankd","id":"haqbnmbgp4dankd"},"id":"cra14rwy6myvcvd","previousOperationId":"d8p34qrd6k6pd8d"}
{"type":"log","timestamp":1701074996272,"level":"info","message":"Rendering template { name: header-footer, recipe: chrome-pdf, engine: handlebars, preview: true }","meta":{"rootId":"haqbnmbgp4dankd","id":"haqbnmbgp4dankd"},"id":"9t4ovimtfxcxixv","previousOperationId":"d8p34qrd6k6pd8d"}
{"type":"log","timestamp":1701074996273,"level":"debug","message":"Data item not defined for this template.","meta":{"rootId":"haqbnmbgp4dankd","id":"haqbnmbgp4dankd"},"id":"94gm7i6e1a9tfvu","previousOperationId":"d8p34qrd6k6pd8d"}
{"type":"log","timestamp":1701074996284,"level":"debug","message":"Base url not specified, skipping its injection.","meta":{"rootId":"haqbnmbgp4dankd","id":"haqbnmbgp4dankd"},"id":"motlv2cqoc88xvg","previousOperationId":"d8p34qrd6k6pd8d"}
{"type":"operationStart","subtype":"engine","name":"handlebars","timestamp":1701074996284,"id":"6rcr2ewu1re0mus","previousEventId":"0yqkvgcffy94b7v","operationId":"cfx1h5zbpuuxfhq","previousOperationId":"d8p34qrd6k6pd8d"}
{"type":"log","timestamp":1701074996284,"level":"debug","message":"Rendering engine handlebars","meta":{"rootId":"haqbnmbgp4dankd","id":"haqbnmbgp4dankd"},"id":"6mqktrr30lcifjs","previousOperationId":"cfx1h5zbpuuxfhq"}
{"type":"operationEnd","operationId":"cfx1h5zbpuuxfhq","timestamp":1701074996296,"id":"lf4vo5q0mwh6znf","previousEventId":"6rcr2ewu1re0mus","previousOperationId":"cfx1h5zbpuuxfhq"}
{"type":"operationStart","subtype":"recipe","name":"chrome-pdf","timestamp":1701074996296,"id":"r8399fdtm88mqxh","previousEventId":"lf4vo5q0mwh6znf","operationId":"kg1kqffl2gu8iz6","previousOperationId":"cfx1h5zbpuuxfhq"}
{"type":"log","timestamp":1701074996296,"level":"debug","message":"Executing recipe chrome-pdf","meta":{"rootId":"haqbnmbgp4dankd","id":"haqbnmbgp4dankd"},"id":"nss0kp7nbesngc8","previousOperationId":"kg1kqffl2gu8iz6"}
{"type":"log","timestamp":1701074996301,"level":"debug","message":"Converting with chrome HeadlessChrome/117.0.5938.149 using chrome-pool strategy","meta":{"rootId":"haqbnmbgp4dankd","id":"haqbnmbgp4dankd"},"id":"em30gzbn2j1l3k3","previousOperationId":"kg1kqffl2gu8iz6"}
{"type":"log","timestamp":1701074996340,"level":"debug","message":"Page request: GET (document) file:///var/folders/dp/qk79pfcj0y1fmtkkl08m76rc0000gn/T/jsreport/autocleanup/dba0f3fb-0da2-4b80-9b13-03de9a4b20eb-chrome-pdf.html","meta":{"rootId":"haqbnmbgp4dankd","id":"haqbnmbgp4dankd"},"id":"d1zroffp3axcbvv","previousOperationId":"kg1kqffl2gu8iz6"}
{"type":"log","timestamp":1701074996345,"level":"debug","message":"Page request finished: GET (document) 200 file:///var/folders/dp/qk79pfcj0y1fmtkkl08m76rc0000gn/T/jsreport/autocleanup/dba0f3fb-0da2-4b80-9b13-03de9a4b20eb-chrome-pdf.html","meta":{"rootId":"haqbnmbgp4dankd","id":"haqbnmbgp4dankd"},"id":"hwv6fjh8zqiaj2z","previousOperationId":"kg1kqffl2gu8iz6"}
{"type":"log","timestamp":1701074996346,"level":"debug","message":"Running chrome with params {\"timeout\":59962,\"margin\":{},\"printBackground\":true}","meta":{"rootId":"haqbnmbgp4dankd","id":"haqbnmbgp4dankd"},"id":"1f08bvcvay0zjc5","previousOperationId":"kg1kqffl2gu8iz6"}
{"type":"operationEnd","operationId":"kg1kqffl2gu8iz6","timestamp":1701074996349,"id":"6vvjueify2c4t6w","previousEventId":"r8399fdtm88mqxh","previousOperationId":"kg1kqffl2gu8iz6"}
{"type":"log","timestamp":1701074996349,"level":"debug","message":"Skipping storing report.","meta":{"rootId":"haqbnmbgp4dankd","id":"haqbnmbgp4dankd"},"id":"tcsa3svp0om5ewk","previousOperationId":"kg1kqffl2gu8iz6"}
{"type":"log","timestamp":1701074996349,"level":"info","message":"Rendering request 28 finished in 87 ms","meta":{"rootId":"haqbnmbgp4dankd","id":"haqbnmbgp4dankd"},"id":"1u1qxs53zvgx2ee","previousOperationId":"kg1kqffl2gu8iz6"}
{"type":"operationEnd","subtype":"render","operationId":"d8p34qrd6k6pd8d","timestamp":1701074996349,"id":"ufiv3pp15vmwqyj","previousEventId":"6vvjueify2c4t6w","previousOperationId":"kg1kqffl2gu8iz6"}
{"type":"operationEnd","doDiffs":false,"previousEventId":"fywtmmyqkqd1wix","previousOperationId":"gas3n1iv5t1ay3r","operationId":"gas3n1iv5t1ay3r","timestamp":1701074996351,"id":"jz5xur19px3c9kh"}
