{"type":"operationStart","subtype":"profile","data":{"_id":"gVWveLCrakuQJT7Z","timestamp":"2023-11-27T08:49:07.625Z","state":"queued","mode":"standard","creationDate":"2023-11-27T08:49:07.626Z","modificationDate":"2023-11-27T08:49:07.626Z","shortid":"_zYp_zc","$entitySet":"profiles"},"doDiffs":false,"timestamp":1701074947626,"id":"ysoizgyxrlg9hhw","previousOperationId":null,"operationId":"18yggrfct51pgic"}
{"type":"log","level":"info","message":"Render request 26 queued for execution and waiting for available worker","previousOperationId":"18yggrfct51pgic","timestamp":1701074947626,"id":"s8cb9fldq7kxh68"}
{"type":"operationStart","subtype":"render","name":"header-footer","previousOperationId":"18yggrfct51pgic","timestamp":1701074947633,"id":"lba9jsiudzjulc7","previousEventId":"ysoizgyxrlg9hhw","operationId":"v8qdsnw1r1l8y5x"}
{"type":"log","timestamp":1701074947633,"level":"info","message":"Starting rendering request 26","meta":{"rootId":"lp1oepv8x5cq1ud","id":"lp1oepv8x5cq1ud"},"id":"4idx47as8l4vheh","previousOperationId":"v8qdsnw1r1l8y5x"}
{"type":"log","timestamp":1701074947633,"level":"info","message":"Rendering template { name: header-footer, recipe: chrome-pdf, engine: handlebars, preview: true }","meta":{"rootId":"lp1oepv8x5cq1ud","id":"lp1oepv8x5cq1ud"},"id":"eqih5bb8e0ie94c","previousOperationId":"v8qdsnw1r1l8y5x"}
{"type":"log","timestamp":1701074947634,"level":"debug","message":"Data item not defined for this template.","meta":{"rootId":"lp1oepv8x5cq1ud","id":"lp1oepv8x5cq1ud"},"id":"znys3bwi0nuezgz","previousOperationId":"v8qdsnw1r1l8y5x"}
{"type":"log","timestamp":1701074947635,"level":"debug","message":"Base url not specified, skipping its injection.","meta":{"rootId":"lp1oepv8x5cq1ud","id":"lp1oepv8x5cq1ud"},"id":"9mtr5jpp8g6nv03","previousOperationId":"v8qdsnw1r1l8y5x"}
{"type":"operationStart","subtype":"engine","name":"handlebars","timestamp":1701074947635,"id":"aajiwew7hmr1dbe","previousEventId":"lba9jsiudzjulc7","operationId":"0nomzs3oby885kr","previousOperationId":"v8qdsnw1r1l8y5x"}
{"type":"log","timestamp":1701074947635,"level":"debug","message":"Rendering engine handlebars","meta":{"rootId":"lp1oepv8x5cq1ud","id":"lp1oepv8x5cq1ud"},"id":"9dr01wwviuf2mi8","previousOperationId":"0nomzs3oby885kr"}
{"type":"operationEnd","operationId":"0nomzs3oby885kr","timestamp":1701074947652,"id":"pojsndb8kr31uiz","previousEventId":"aajiwew7hmr1dbe","previousOperationId":"0nomzs3oby885kr"}
{"type":"operationStart","subtype":"recipe","name":"chrome-pdf","timestamp":1701074947652,"id":"r0i84xmpf2qxqor","previousEventId":"pojsndb8kr31uiz","operationId":"7larn990wuqf3d2","previousOperationId":"0nomzs3oby885kr"}
{"type":"log","timestamp":1701074947652,"level":"debug","message":"Executing recipe chrome-pdf","meta":{"rootId":"lp1oepv8x5cq1ud","id":"lp1oepv8x5cq1ud"},"id":"73jkehqc1m27l3x","previousOperationId":"7larn990wuqf3d2"}
{"type":"log","timestamp":1701074947843,"level":"debug","message":"Converting with chrome HeadlessChrome/117.0.5938.149 using chrome-pool strategy","meta":{"rootId":"lp1oepv8x5cq1ud","id":"lp1oepv8x5cq1ud"},"id":"jk00q3c5k4q7xzm","previousOperationId":"7larn990wuqf3d2"}
{"type":"log","timestamp":1701074947886,"level":"debug","message":"Page request: GET (document) file:///var/folders/dp/qk79pfcj0y1fmtkkl08m76rc0000gn/T/jsreport/autocleanup/7fbc4ab4-5543-484f-8ab0-f389d69f5c95-chrome-pdf.html","meta":{"rootId":"lp1oepv8x5cq1ud","id":"lp1oepv8x5cq1ud"},"id":"osx1bsji9xu8nyk","previousOperationId":"7larn990wuqf3d2"}
{"type":"log","timestamp":1701074947891,"level":"debug","message":"Page request finished: GET (document) 200 file:///var/folders/dp/qk79pfcj0y1fmtkkl08m76rc0000gn/T/jsreport/autocleanup/7fbc4ab4-5543-484f-8ab0-f389d69f5c95-chrome-pdf.html","meta":{"rootId":"lp1oepv8x5cq1ud","id":"lp1oepv8x5cq1ud"},"id":"fnzg3z60hz78lwm","previousOperationId":"7larn990wuqf3d2"}
{"type":"log","timestamp":1701074947892,"level":"debug","message":"Running chrome with params {\"timeout\":59972,\"margin\":{},\"printBackground\":true}","meta":{"rootId":"lp1oepv8x5cq1ud","id":"lp1oepv8x5cq1ud"},"id":"xdg7pjqtmhbjwdm","previousOperationId":"7larn990wuqf3d2"}
{"type":"operationEnd","operationId":"7larn990wuqf3d2","timestamp":1701074947896,"id":"uwdqwt73ulidxsu","previousEventId":"r0i84xmpf2qxqor","previousOperationId":"7larn990wuqf3d2"}
{"type":"log","timestamp":1701074947896,"level":"debug","message":"Skipping storing report.","meta":{"rootId":"lp1oepv8x5cq1ud","id":"lp1oepv8x5cq1ud"},"id":"psq6xmxw7fouqse","previousOperationId":"7larn990wuqf3d2"}
{"type":"log","timestamp":1701074947896,"level":"info","message":"Rendering request 26 finished in 271 ms","meta":{"rootId":"lp1oepv8x5cq1ud","id":"lp1oepv8x5cq1ud"},"id":"rtle93utmxdsfvj","previousOperationId":"7larn990wuqf3d2"}
{"type":"operationEnd","subtype":"render","operationId":"v8qdsnw1r1l8y5x","timestamp":1701074947896,"id":"lb0vvmj4rrgorro","previousEventId":"uwdqwt73ulidxsu","previousOperationId":"7larn990wuqf3d2"}
{"type":"operationEnd","doDiffs":false,"previousEventId":"ysoizgyxrlg9hhw","previousOperationId":"18yggrfct51pgic","operationId":"18yggrfct51pgic","timestamp":1701074947897,"id":"ej3b2o1zuiyk4qc"}
