{"type":"operationStart","subtype":"profile","data":{"_id":"ZVF5IkLkqifIvhml","timestamp":"2023-11-27T08:41:49.749Z","state":"queued","mode":"standard","creationDate":"2023-11-27T08:41:49.750Z","modificationDate":"2023-11-27T08:41:49.750Z","shortid":"taUx3Bp","$entitySet":"profiles"},"doDiffs":false,"timestamp":1701074509749,"id":"egpsjejt70h4oml","previousOperationId":null,"operationId":"rp9fvi1y0tqrfxs"}
{"type":"log","level":"info","message":"Render request 25 queued for execution and waiting for available worker","previousOperationId":"rp9fvi1y0tqrfxs","timestamp":1701074509750,"id":"4zh2vyq55m9w64q"}
{"type":"operationStart","subtype":"render","name":"header-footer","previousOperationId":"rp9fvi1y0tqrfxs","timestamp":1701074509755,"id":"ordrpa9c0y3ryl4","previousEventId":"egpsjejt70h4oml","operationId":"btxm6xuq3n6svue"}
{"type":"log","timestamp":1701074509755,"level":"info","message":"Starting rendering request 25","meta":{"rootId":"ms38tkvfg21vbv4","id":"ms38tkvfg21vbv4"},"id":"5x77bsx2dkikw78","previousOperationId":"btxm6xuq3n6svue"}
{"type":"log","timestamp":1701074509756,"level":"info","message":"Rendering template { name: header-footer, recipe: chrome-pdf, engine: handlebars, preview: true }","meta":{"rootId":"ms38tkvfg21vbv4","id":"ms38tkvfg21vbv4"},"id":"c1b4w9tmqow1yt7","previousOperationId":"btxm6xuq3n6svue"}
{"type":"log","timestamp":1701074509756,"level":"debug","message":"Data item not defined for this template.","meta":{"rootId":"ms38tkvfg21vbv4","id":"ms38tkvfg21vbv4"},"id":"5pcdu2d5di44rf6","previousOperationId":"btxm6xuq3n6svue"}
{"type":"log","timestamp":1701074509758,"level":"debug","message":"Base url not specified, skipping its injection.","meta":{"rootId":"ms38tkvfg21vbv4","id":"ms38tkvfg21vbv4"},"id":"u65utk8ko7dniqc","previousOperationId":"btxm6xuq3n6svue"}
{"type":"operationStart","subtype":"engine","name":"handlebars","timestamp":1701074509758,"id":"yxlbo0wghzwmucs","previousEventId":"ordrpa9c0y3ryl4","operationId":"1j0y5prfoh0thiu","previousOperationId":"btxm6xuq3n6svue"}
{"type":"log","timestamp":1701074509758,"level":"debug","message":"Rendering engine handlebars","meta":{"rootId":"ms38tkvfg21vbv4","id":"ms38tkvfg21vbv4"},"id":"6b5gzcj4gwtuzu9","previousOperationId":"1j0y5prfoh0thiu"}
{"type":"operationEnd","operationId":"1j0y5prfoh0thiu","timestamp":1701074509772,"id":"7lh5p70qd9habnu","previousEventId":"yxlbo0wghzwmucs","previousOperationId":"1j0y5prfoh0thiu"}
{"type":"operationStart","subtype":"recipe","name":"chrome-pdf","timestamp":1701074509772,"id":"p8r9is4lknotubs","previousEventId":"7lh5p70qd9habnu","operationId":"fxlr74dbg5u9uzn","previousOperationId":"1j0y5prfoh0thiu"}
{"type":"log","timestamp":1701074509772,"level":"debug","message":"Executing recipe chrome-pdf","meta":{"rootId":"ms38tkvfg21vbv4","id":"ms38tkvfg21vbv4"},"id":"q417p5yvpybn7ur","previousOperationId":"fxlr74dbg5u9uzn"}
{"type":"log","timestamp":1701074509774,"level":"debug","message":"Converting with chrome HeadlessChrome/117.0.5938.149 using chrome-pool strategy","meta":{"rootId":"ms38tkvfg21vbv4","id":"ms38tkvfg21vbv4"},"id":"xzec3fw818u9mw1","previousOperationId":"fxlr74dbg5u9uzn"}
{"type":"log","timestamp":1701074509827,"level":"debug","message":"Page request: GET (document) file:///var/folders/dp/qk79pfcj0y1fmtkkl08m76rc0000gn/T/jsreport/autocleanup/4f317394-988e-4483-aa34-39d223984a7a-chrome-pdf.html","meta":{"rootId":"ms38tkvfg21vbv4","id":"ms38tkvfg21vbv4"},"id":"a3fm1xc8c7fq0rj","previousOperationId":"fxlr74dbg5u9uzn"}
{"type":"log","timestamp":1701074509832,"level":"debug","message":"Page request finished: GET (document) 200 file:///var/folders/dp/qk79pfcj0y1fmtkkl08m76rc0000gn/T/jsreport/autocleanup/4f317394-988e-4483-aa34-39d223984a7a-chrome-pdf.html","meta":{"rootId":"ms38tkvfg21vbv4","id":"ms38tkvfg21vbv4"},"id":"poedmdvr5xw9md0","previousOperationId":"fxlr74dbg5u9uzn"}
{"type":"log","timestamp":1701074509833,"level":"debug","message":"Running chrome with params {\"timeout\":59976,\"margin\":{},\"printBackground\":true}","meta":{"rootId":"ms38tkvfg21vbv4","id":"ms38tkvfg21vbv4"},"id":"fhk60evxoxo311b","previousOperationId":"fxlr74dbg5u9uzn"}
{"type":"operationEnd","operationId":"fxlr74dbg5u9uzn","timestamp":1701074509836,"id":"aeynvheq11k0uuq","previousEventId":"p8r9is4lknotubs","previousOperationId":"fxlr74dbg5u9uzn"}
{"type":"log","timestamp":1701074509836,"level":"debug","message":"Skipping storing report.","meta":{"rootId":"ms38tkvfg21vbv4","id":"ms38tkvfg21vbv4"},"id":"7z8mbprgqzbvz6h","previousOperationId":"fxlr74dbg5u9uzn"}
{"type":"log","timestamp":1701074509836,"level":"info","message":"Rendering request 25 finished in 87 ms","meta":{"rootId":"ms38tkvfg21vbv4","id":"ms38tkvfg21vbv4"},"id":"p4ilxa4bvbtu9ly","previousOperationId":"fxlr74dbg5u9uzn"}
{"type":"operationEnd","subtype":"render","operationId":"btxm6xuq3n6svue","timestamp":1701074509836,"id":"705ewuqngrxhn1f","previousEventId":"aeynvheq11k0uuq","previousOperationId":"fxlr74dbg5u9uzn"}
{"type":"operationEnd","doDiffs":false,"previousEventId":"egpsjejt70h4oml","previousOperationId":"rp9fvi1y0tqrfxs","operationId":"rp9fvi1y0tqrfxs","timestamp":1701074509837,"id":"fne9kzzu6f1zhtv"}
