{"type":"operationStart","subtype":"profile","data":{"_id":"coDjNsaBqHY49tDv","timestamp":"2023-11-21T11:51:11.930Z","state":"queued","mode":"standard","creationDate":"2023-11-21T11:51:11.932Z","modificationDate":"2023-11-21T11:51:11.932Z","shortid":"3oFJ1kO","$entitySet":"profiles"},"doDiffs":false,"timestamp":1700567471931,"id":"1z2wdj5gxji1tb9","previousOperationId":null,"operationId":"l85wjd4ez03yjzl"}
{"type":"log","level":"info","message":"Render request 26 queued for execution and waiting for available worker","previousOperationId":"l85wjd4ez03yjzl","timestamp":1700567471931,"id":"ilnjwuh7yilyscs"}
{"type":"operationStart","subtype":"render","name":"header-footer","previousOperationId":"l85wjd4ez03yjzl","timestamp":1700567471948,"id":"v7v8veh9dl1sljk","previousEventId":"1z2wdj5gxji1tb9","operationId":"b3stqu6ohdm07hb"}
{"type":"log","timestamp":1700567471948,"level":"info","message":"Starting rendering request 26","meta":{"rootId":"6qdhdlbfxnzyey3","id":"6qdhdlbfxnzyey3"},"id":"xgp722avh3l9x8z","previousOperationId":"b3stqu6ohdm07hb"}
{"type":"log","timestamp":1700567471949,"level":"info","message":"Rendering template { name: header-footer, recipe: chrome-pdf, engine: handlebars, preview: true }","meta":{"rootId":"6qdhdlbfxnzyey3","id":"6qdhdlbfxnzyey3"},"id":"pjbeaja1l38xeac","previousOperationId":"b3stqu6ohdm07hb"}
{"type":"log","timestamp":1700567471951,"level":"debug","message":"Data item not defined for this template.","meta":{"rootId":"6qdhdlbfxnzyey3","id":"6qdhdlbfxnzyey3"},"id":"ov7c8qjyghfsvld","previousOperationId":"b3stqu6ohdm07hb"}
{"type":"log","timestamp":1700567471952,"level":"debug","message":"Base url not specified, skipping its injection.","meta":{"rootId":"6qdhdlbfxnzyey3","id":"6qdhdlbfxnzyey3"},"id":"pvfxsxnisx4g3aj","previousOperationId":"b3stqu6ohdm07hb"}
{"type":"operationStart","subtype":"engine","name":"handlebars","timestamp":1700567471953,"id":"qmw63cmikpm3vx4","previousEventId":"v7v8veh9dl1sljk","operationId":"b9nyobrugeyc9fl","previousOperationId":"b3stqu6ohdm07hb"}
{"type":"log","timestamp":1700567471953,"level":"debug","message":"Rendering engine handlebars","meta":{"rootId":"6qdhdlbfxnzyey3","id":"6qdhdlbfxnzyey3"},"id":"1vkhjscuzmbuzuj","previousOperationId":"b9nyobrugeyc9fl"}
{"type":"operationEnd","operationId":"b9nyobrugeyc9fl","timestamp":1700567471964,"id":"mpbba6mt7ns4e9v","previousEventId":"qmw63cmikpm3vx4","previousOperationId":"b9nyobrugeyc9fl"}
{"type":"operationStart","subtype":"recipe","name":"chrome-pdf","timestamp":1700567471965,"id":"csee7puq2ed1jbe","previousEventId":"mpbba6mt7ns4e9v","operationId":"72twtji9uzgqmfr","previousOperationId":"b9nyobrugeyc9fl"}
{"type":"log","timestamp":1700567471965,"level":"debug","message":"Executing recipe chrome-pdf","meta":{"rootId":"6qdhdlbfxnzyey3","id":"6qdhdlbfxnzyey3"},"id":"dd7dts1nvx3aa3z","previousOperationId":"72twtji9uzgqmfr"}
{"type":"log","timestamp":1700567471967,"level":"debug","message":"Converting with chrome HeadlessChrome/117.0.5938.149 using chrome-pool strategy","meta":{"rootId":"6qdhdlbfxnzyey3","id":"6qdhdlbfxnzyey3"},"id":"yj7ggutdzje2r3x","previousOperationId":"72twtji9uzgqmfr"}
{"type":"log","timestamp":1700567472020,"level":"debug","message":"Page request: GET (document) file:///var/folders/dp/qk79pfcj0y1fmtkkl08m76rc0000gn/T/jsreport/autocleanup/caa53182-a7e4-49a8-be2e-ee23f05c56f7-chrome-pdf.html","meta":{"rootId":"6qdhdlbfxnzyey3","id":"6qdhdlbfxnzyey3"},"id":"oavaysdscf9052a","previousOperationId":"72twtji9uzgqmfr"}
{"type":"log","timestamp":1700567472026,"level":"debug","message":"Page request finished: GET (document) 200 file:///var/folders/dp/qk79pfcj0y1fmtkkl08m76rc0000gn/T/jsreport/autocleanup/caa53182-a7e4-49a8-be2e-ee23f05c56f7-chrome-pdf.html","meta":{"rootId":"6qdhdlbfxnzyey3","id":"6qdhdlbfxnzyey3"},"id":"2s4dgkc5e8yz5b7","previousOperationId":"72twtji9uzgqmfr"}
{"type":"log","timestamp":1700567472026,"level":"debug","message":"Running chrome with params {\"timeout\":59964,\"margin\":{},\"printBackground\":true}","meta":{"rootId":"6qdhdlbfxnzyey3","id":"6qdhdlbfxnzyey3"},"id":"jk8p6ivm13oxo3w","previousOperationId":"72twtji9uzgqmfr"}
{"type":"operationEnd","operationId":"72twtji9uzgqmfr","timestamp":1700567472030,"id":"wr3cjgu9aa1igi3","previousEventId":"csee7puq2ed1jbe","previousOperationId":"72twtji9uzgqmfr"}
{"type":"log","timestamp":1700567472030,"level":"debug","message":"Skipping storing report.","meta":{"rootId":"6qdhdlbfxnzyey3","id":"6qdhdlbfxnzyey3"},"id":"aqeve97x9ck42m7","previousOperationId":"72twtji9uzgqmfr"}
{"type":"log","timestamp":1700567472030,"level":"info","message":"Rendering request 26 finished in 100 ms","meta":{"rootId":"6qdhdlbfxnzyey3","id":"6qdhdlbfxnzyey3"},"id":"73umvhqtison44n","previousOperationId":"72twtji9uzgqmfr"}
{"type":"operationEnd","subtype":"render","operationId":"b3stqu6ohdm07hb","timestamp":1700567472030,"id":"c2ns11qwckwd7nw","previousEventId":"wr3cjgu9aa1igi3","previousOperationId":"72twtji9uzgqmfr"}
{"type":"operationEnd","doDiffs":false,"previousEventId":"1z2wdj5gxji1tb9","previousOperationId":"l85wjd4ez03yjzl","operationId":"l85wjd4ez03yjzl","timestamp":1700567472031,"id":"zd6gyyartwxdah6"}
