{"type":"operationStart","subtype":"profile","data":{"_id":"yrxYGWfRbuWnLK9k","timestamp":"2023-11-21T11:51:32.044Z","state":"queued","mode":"standard","creationDate":"2023-11-21T11:51:32.045Z","modificationDate":"2023-11-21T11:51:32.045Z","shortid":"vDFEFmR","$entitySet":"profiles"},"doDiffs":false,"timestamp":1700567492045,"id":"8g68927wvlumxt9","previousOperationId":null,"operationId":"etfgab2r7a4vjwx"}
{"type":"log","level":"info","message":"Render request 28 queued for execution and waiting for available worker","previousOperationId":"etfgab2r7a4vjwx","timestamp":1700567492045,"id":"u37tj47ilmsm63s"}
{"type":"operationStart","subtype":"render","name":"header-footer","previousOperationId":"etfgab2r7a4vjwx","timestamp":1700567492049,"id":"18nqp639eej4dax","previousEventId":"8g68927wvlumxt9","operationId":"20fdowkfpf10big"}
{"type":"log","timestamp":1700567492049,"level":"info","message":"Starting rendering request 28","meta":{"rootId":"hgnrtxixdry8qu1","id":"hgnrtxixdry8qu1"},"id":"h8megpxsa3lq0gj","previousOperationId":"20fdowkfpf10big"}
{"type":"log","timestamp":1700567492049,"level":"info","message":"Rendering template { name: header-footer, recipe: chrome-pdf, engine: handlebars, preview: true }","meta":{"rootId":"hgnrtxixdry8qu1","id":"hgnrtxixdry8qu1"},"id":"oldnaag1jed4npg","previousOperationId":"20fdowkfpf10big"}
{"type":"log","timestamp":1700567492049,"level":"debug","message":"Data item not defined for this template.","meta":{"rootId":"hgnrtxixdry8qu1","id":"hgnrtxixdry8qu1"},"id":"zarfffa0y3t625p","previousOperationId":"20fdowkfpf10big"}
{"type":"log","timestamp":1700567492050,"level":"debug","message":"Base url not specified, skipping its injection.","meta":{"rootId":"hgnrtxixdry8qu1","id":"hgnrtxixdry8qu1"},"id":"ihfpvrvczpjes0l","previousOperationId":"20fdowkfpf10big"}
{"type":"operationStart","subtype":"engine","name":"handlebars","timestamp":1700567492050,"id":"30iokbeek6vskxo","previousEventId":"18nqp639eej4dax","operationId":"a0pz83u0917y9sa","previousOperationId":"20fdowkfpf10big"}
{"type":"log","timestamp":1700567492050,"level":"debug","message":"Rendering engine handlebars","meta":{"rootId":"hgnrtxixdry8qu1","id":"hgnrtxixdry8qu1"},"id":"rz21lzxrr0s3y89","previousOperationId":"a0pz83u0917y9sa"}
{"type":"operationEnd","operationId":"a0pz83u0917y9sa","timestamp":1700567492056,"id":"nj8agkrt4dau86e","previousEventId":"30iokbeek6vskxo","previousOperationId":"a0pz83u0917y9sa"}
{"type":"operationStart","subtype":"recipe","name":"chrome-pdf","timestamp":1700567492056,"id":"5dw5e10vxnb1jrz","previousEventId":"nj8agkrt4dau86e","operationId":"veij2ex8w64062g","previousOperationId":"a0pz83u0917y9sa"}
{"type":"log","timestamp":1700567492056,"level":"debug","message":"Executing recipe chrome-pdf","meta":{"rootId":"hgnrtxixdry8qu1","id":"hgnrtxixdry8qu1"},"id":"zif92u2jht719og","previousOperationId":"veij2ex8w64062g"}
{"type":"log","timestamp":1700567492057,"level":"debug","message":"Converting with chrome HeadlessChrome/117.0.5938.149 using chrome-pool strategy","meta":{"rootId":"hgnrtxixdry8qu1","id":"hgnrtxixdry8qu1"},"id":"jrsu08txfgwbs5l","previousOperationId":"veij2ex8w64062g"}
{"type":"log","timestamp":1700567492102,"level":"debug","message":"Page request: GET (document) file:///var/folders/dp/qk79pfcj0y1fmtkkl08m76rc0000gn/T/jsreport/autocleanup/e044a37d-da65-4885-a034-78d3ab20d604-chrome-pdf.html","meta":{"rootId":"hgnrtxixdry8qu1","id":"hgnrtxixdry8qu1"},"id":"j1jpd5gnxqbu0xt","previousOperationId":"veij2ex8w64062g"}
{"type":"log","timestamp":1700567492107,"level":"debug","message":"Page request finished: GET (document) 200 file:///var/folders/dp/qk79pfcj0y1fmtkkl08m76rc0000gn/T/jsreport/autocleanup/e044a37d-da65-4885-a034-78d3ab20d604-chrome-pdf.html","meta":{"rootId":"hgnrtxixdry8qu1","id":"hgnrtxixdry8qu1"},"id":"udbmqjitojumvnc","previousOperationId":"veij2ex8w64062g"}
{"type":"log","timestamp":1700567492107,"level":"debug","message":"Running chrome with params {\"timeout\":59988,\"margin\":{},\"printBackground\":true}","meta":{"rootId":"hgnrtxixdry8qu1","id":"hgnrtxixdry8qu1"},"id":"9opa112br7quzm0","previousOperationId":"veij2ex8w64062g"}
{"type":"operationEnd","operationId":"veij2ex8w64062g","timestamp":1700567492111,"id":"3fdopjt2o76tb1t","previousEventId":"5dw5e10vxnb1jrz","previousOperationId":"veij2ex8w64062g"}
{"type":"log","timestamp":1700567492111,"level":"debug","message":"Skipping storing report.","meta":{"rootId":"hgnrtxixdry8qu1","id":"hgnrtxixdry8qu1"},"id":"xouwbkcdmdd4rfc","previousOperationId":"veij2ex8w64062g"}
{"type":"log","timestamp":1700567492111,"level":"info","message":"Rendering request 28 finished in 67 ms","meta":{"rootId":"hgnrtxixdry8qu1","id":"hgnrtxixdry8qu1"},"id":"u6vxvtajo67noyt","previousOperationId":"veij2ex8w64062g"}
{"type":"operationEnd","subtype":"render","operationId":"20fdowkfpf10big","timestamp":1700567492111,"id":"6xbcfexcc3yc6wh","previousEventId":"3fdopjt2o76tb1t","previousOperationId":"veij2ex8w64062g"}
{"type":"operationEnd","doDiffs":false,"previousEventId":"8g68927wvlumxt9","previousOperationId":"etfgab2r7a4vjwx","operationId":"etfgab2r7a4vjwx","timestamp":1700567492113,"id":"gpneto5exyvsrpd"}
