{"type":"operationStart","subtype":"profile","data":{"_id":"4Wc0UbL6sWQUT5jR","timestamp":"2023-12-01T09:19:35.053Z","state":"queued","mode":"standard","creationDate":"2023-12-01T09:19:35.055Z","modificationDate":"2023-12-01T09:19:35.055Z","shortid":"8Ge220c","$entitySet":"profiles"},"doDiffs":false,"timestamp":1701422375054,"id":"fwhnjpl0zrb2zsi","previousOperationId":null,"operationId":"x9izp8dfc3lbf6u"}
{"type":"log","level":"info","message":"Render request 47 queued for execution and waiting for available worker","previousOperationId":"x9izp8dfc3lbf6u","timestamp":1701422375055,"id":"mpuuiledkysaqje"}
{"type":"operationStart","subtype":"render","name":"header-footer","previousOperationId":"x9izp8dfc3lbf6u","timestamp":1701422375070,"id":"znk0o7oo0ymo2a0","previousEventId":"fwhnjpl0zrb2zsi","operationId":"h0rjchbv5ti2e2m"}
{"type":"log","timestamp":1701422375070,"level":"info","message":"Starting rendering request 47","meta":{"rootId":"poact288x5uiukh","id":"poact288x5uiukh"},"id":"v56bzaugsvrnbyu","previousOperationId":"h0rjchbv5ti2e2m"}
{"type":"log","timestamp":1701422375070,"level":"info","message":"Rendering template { name: header-footer, recipe: chrome-pdf, engine: handlebars, preview: true }","meta":{"rootId":"poact288x5uiukh","id":"poact288x5uiukh"},"id":"9mnuy1u3pj8ngw0","previousOperationId":"h0rjchbv5ti2e2m"}
{"type":"log","timestamp":1701422375071,"level":"debug","message":"Data item not defined for this template.","meta":{"rootId":"poact288x5uiukh","id":"poact288x5uiukh"},"id":"84gim9v0wyh51cf","previousOperationId":"h0rjchbv5ti2e2m"}
{"type":"log","timestamp":1701422375074,"level":"debug","message":"Base url not specified, skipping its injection.","meta":{"rootId":"poact288x5uiukh","id":"poact288x5uiukh"},"id":"yijdz0wty2a5zpj","previousOperationId":"h0rjchbv5ti2e2m"}
{"type":"operationStart","subtype":"engine","name":"handlebars","timestamp":1701422375074,"id":"kydx7usfdgztrcg","previousEventId":"znk0o7oo0ymo2a0","operationId":"x579fkgjpkbc673","previousOperationId":"h0rjchbv5ti2e2m"}
{"type":"log","timestamp":1701422375074,"level":"debug","message":"Rendering engine handlebars","meta":{"rootId":"poact288x5uiukh","id":"poact288x5uiukh"},"id":"6a7xg3eq7b2vo1l","previousOperationId":"x579fkgjpkbc673"}
{"type":"operationEnd","operationId":"x579fkgjpkbc673","timestamp":1701422375079,"id":"q22nmgls9qvhkej","previousEventId":"kydx7usfdgztrcg","previousOperationId":"x579fkgjpkbc673"}
{"type":"operationStart","subtype":"recipe","name":"chrome-pdf","timestamp":1701422375079,"id":"6j80v555hy0ecq5","previousEventId":"q22nmgls9qvhkej","operationId":"p2etxg6shqs6c5a","previousOperationId":"x579fkgjpkbc673"}
{"type":"log","timestamp":1701422375079,"level":"debug","message":"Executing recipe chrome-pdf","meta":{"rootId":"poact288x5uiukh","id":"poact288x5uiukh"},"id":"cdfe0lf3u0nvd3x","previousOperationId":"p2etxg6shqs6c5a"}
{"type":"log","timestamp":1701422375081,"level":"debug","message":"Converting with chrome HeadlessChrome/117.0.5938.149 using chrome-pool strategy","meta":{"rootId":"poact288x5uiukh","id":"poact288x5uiukh"},"id":"i6rn2dgkryuwkja","previousOperationId":"p2etxg6shqs6c5a"}
{"type":"log","timestamp":1701422375127,"level":"debug","message":"Page request: GET (document) file:///var/folders/dp/qk79pfcj0y1fmtkkl08m76rc0000gn/T/jsreport/autocleanup/032dca78-4473-464a-bb8d-fd54afa29530-chrome-pdf.html","meta":{"rootId":"poact288x5uiukh","id":"poact288x5uiukh"},"id":"gco41cfivjvie7m","previousOperationId":"p2etxg6shqs6c5a"}
{"type":"log","timestamp":1701422375132,"level":"debug","message":"Page request finished: GET (document) 200 file:///var/folders/dp/qk79pfcj0y1fmtkkl08m76rc0000gn/T/jsreport/autocleanup/032dca78-4473-464a-bb8d-fd54afa29530-chrome-pdf.html","meta":{"rootId":"poact288x5uiukh","id":"poact288x5uiukh"},"id":"nfxl7egtyta2urt","previousOperationId":"p2etxg6shqs6c5a"}
{"type":"log","timestamp":1701422375133,"level":"debug","message":"Running chrome with params {\"timeout\":59972,\"margin\":{},\"printBackground\":true}","meta":{"rootId":"poact288x5uiukh","id":"poact288x5uiukh"},"id":"6kiv4vjvd5q6ffr","previousOperationId":"p2etxg6shqs6c5a"}
{"type":"operationEnd","operationId":"p2etxg6shqs6c5a","timestamp":1701422375137,"id":"5ujgs1k3yrkk681","previousEventId":"6j80v555hy0ecq5","previousOperationId":"p2etxg6shqs6c5a"}
{"type":"log","timestamp":1701422375137,"level":"debug","message":"Skipping storing report.","meta":{"rootId":"poact288x5uiukh","id":"poact288x5uiukh"},"id":"9sdrdie41d7rbo6","previousOperationId":"p2etxg6shqs6c5a"}
{"type":"log","timestamp":1701422375137,"level":"info","message":"Rendering request 47 finished in 84 ms","meta":{"rootId":"poact288x5uiukh","id":"poact288x5uiukh"},"id":"aah9up21s75gndt","previousOperationId":"p2etxg6shqs6c5a"}
{"type":"operationEnd","subtype":"render","operationId":"h0rjchbv5ti2e2m","timestamp":1701422375137,"id":"0743dj2t3mk84ba","previousEventId":"5ujgs1k3yrkk681","previousOperationId":"p2etxg6shqs6c5a"}
{"type":"operationEnd","doDiffs":false,"previousEventId":"fwhnjpl0zrb2zsi","previousOperationId":"x9izp8dfc3lbf6u","operationId":"x9izp8dfc3lbf6u","timestamp":1701422375139,"id":"578gse9x8usq3wt"}
