{"type":"operationStart","subtype":"profile","data":{"_id":"SR840IB77N7oa9sk","timestamp":"2023-12-01T09:19:11.226Z","state":"queued","mode":"standard","creationDate":"2023-12-01T09:19:11.228Z","modificationDate":"2023-12-01T09:19:11.228Z","shortid":"lJ5jYJg","$entitySet":"profiles"},"doDiffs":false,"timestamp":1701422351227,"id":"e2uxhd8xmytqe2k","previousOperationId":null,"operationId":"zxswxuxcpfndaai"}
{"type":"log","level":"info","message":"Render request 45 queued for execution and waiting for available worker","previousOperationId":"zxswxuxcpfndaai","timestamp":1701422351227,"id":"8ap8y4d018n8vdc"}
{"type":"operationStart","subtype":"render","name":"header-footer","previousOperationId":"zxswxuxcpfndaai","timestamp":1701422351238,"id":"m60cu7v1uney2ny","previousEventId":"e2uxhd8xmytqe2k","operationId":"8ekv8bnm1doc4c2"}
{"type":"log","timestamp":1701422351238,"level":"info","message":"Starting rendering request 45","meta":{"rootId":"suyhn9ofccceyg6","id":"suyhn9ofccceyg6"},"id":"qxj4ko74s4grhwv","previousOperationId":"8ekv8bnm1doc4c2"}
{"type":"log","timestamp":1701422351238,"level":"info","message":"Rendering template { name: header-footer, recipe: chrome-pdf, engine: handlebars, preview: true }","meta":{"rootId":"suyhn9ofccceyg6","id":"suyhn9ofccceyg6"},"id":"3onne7qgzzoblw5","previousOperationId":"8ekv8bnm1doc4c2"}
{"type":"log","timestamp":1701422351239,"level":"debug","message":"Data item not defined for this template.","meta":{"rootId":"suyhn9ofccceyg6","id":"suyhn9ofccceyg6"},"id":"hhadx795tyxnqb2","previousOperationId":"8ekv8bnm1doc4c2"}
{"type":"log","timestamp":1701422351241,"level":"debug","message":"Base url not specified, skipping its injection.","meta":{"rootId":"suyhn9ofccceyg6","id":"suyhn9ofccceyg6"},"id":"q64r267g1gsu1m7","previousOperationId":"8ekv8bnm1doc4c2"}
{"type":"operationStart","subtype":"engine","name":"handlebars","timestamp":1701422351241,"id":"dknf48h1dbwx5q9","previousEventId":"m60cu7v1uney2ny","operationId":"qclcusuoqx9bwb4","previousOperationId":"8ekv8bnm1doc4c2"}
{"type":"log","timestamp":1701422351241,"level":"debug","message":"Rendering engine handlebars","meta":{"rootId":"suyhn9ofccceyg6","id":"suyhn9ofccceyg6"},"id":"0byfsz653e7pm8n","previousOperationId":"qclcusuoqx9bwb4"}
{"type":"operationEnd","operationId":"qclcusuoqx9bwb4","timestamp":1701422351250,"id":"zcjun5u3ww87jqe","previousEventId":"dknf48h1dbwx5q9","previousOperationId":"qclcusuoqx9bwb4"}
{"type":"operationStart","subtype":"recipe","name":"chrome-pdf","timestamp":1701422351250,"id":"5xn8ooq6weyqntl","previousEventId":"zcjun5u3ww87jqe","operationId":"0vyop40fj4yshmc","previousOperationId":"qclcusuoqx9bwb4"}
{"type":"log","timestamp":1701422351250,"level":"debug","message":"Executing recipe chrome-pdf","meta":{"rootId":"suyhn9ofccceyg6","id":"suyhn9ofccceyg6"},"id":"4mnpvv71ytxvd0s","previousOperationId":"0vyop40fj4yshmc"}
{"type":"log","timestamp":1701422351251,"level":"debug","message":"Converting with chrome HeadlessChrome/117.0.5938.149 using chrome-pool strategy","meta":{"rootId":"suyhn9ofccceyg6","id":"suyhn9ofccceyg6"},"id":"12fl73ps155b06c","previousOperationId":"0vyop40fj4yshmc"}
{"type":"log","timestamp":1701422351294,"level":"debug","message":"Page request: GET (document) file:///var/folders/dp/qk79pfcj0y1fmtkkl08m76rc0000gn/T/jsreport/autocleanup/8f46002e-99f8-41cd-a1ae-1a6d9713879b-chrome-pdf.html","meta":{"rootId":"suyhn9ofccceyg6","id":"suyhn9ofccceyg6"},"id":"3xn17wa0icadgpo","previousOperationId":"0vyop40fj4yshmc"}
{"type":"log","timestamp":1701422351300,"level":"debug","message":"Page request finished: GET (document) 200 file:///var/folders/dp/qk79pfcj0y1fmtkkl08m76rc0000gn/T/jsreport/autocleanup/8f46002e-99f8-41cd-a1ae-1a6d9713879b-chrome-pdf.html","meta":{"rootId":"suyhn9ofccceyg6","id":"suyhn9ofccceyg6"},"id":"p841xhy6clqsixz","previousOperationId":"0vyop40fj4yshmc"}
{"type":"log","timestamp":1701422351301,"level":"debug","message":"Running chrome with params {\"timeout\":59974,\"margin\":{},\"printBackground\":true}","meta":{"rootId":"suyhn9ofccceyg6","id":"suyhn9ofccceyg6"},"id":"xdnsmz8ojkze82i","previousOperationId":"0vyop40fj4yshmc"}
{"type":"operationEnd","operationId":"0vyop40fj4yshmc","timestamp":1701422351304,"id":"qeu333f1av8piqo","previousEventId":"5xn8ooq6weyqntl","previousOperationId":"0vyop40fj4yshmc"}
{"type":"log","timestamp":1701422351304,"level":"debug","message":"Skipping storing report.","meta":{"rootId":"suyhn9ofccceyg6","id":"suyhn9ofccceyg6"},"id":"j1j28bbypex97i9","previousOperationId":"0vyop40fj4yshmc"}
{"type":"log","timestamp":1701422351304,"level":"info","message":"Rendering request 45 finished in 79 ms","meta":{"rootId":"suyhn9ofccceyg6","id":"suyhn9ofccceyg6"},"id":"vrme7zrxlazc67b","previousOperationId":"0vyop40fj4yshmc"}
{"type":"operationEnd","subtype":"render","operationId":"8ekv8bnm1doc4c2","timestamp":1701422351304,"id":"uqgrsvxhzjsr5yq","previousEventId":"qeu333f1av8piqo","previousOperationId":"0vyop40fj4yshmc"}
{"type":"operationEnd","doDiffs":false,"previousEventId":"e2uxhd8xmytqe2k","previousOperationId":"zxswxuxcpfndaai","operationId":"zxswxuxcpfndaai","timestamp":1701422351306,"id":"x4y1rvppu479cx9"}
