{"type":"operationStart","subtype":"profile","data":{"_id":"kEvO88ayUAY47I9n","timestamp":"2023-11-27T12:47:48.783Z","state":"queued","mode":"standard","creationDate":"2023-11-27T12:47:48.784Z","modificationDate":"2023-11-27T12:47:48.784Z","shortid":"B7dZkDY","$entitySet":"profiles"},"doDiffs":false,"timestamp":1701089268783,"id":"plmae2m7zq58t7t","previousOperationId":null,"operationId":"qa0vw0eqp699yer"}
{"type":"log","level":"info","message":"Render request 112 queued for execution and waiting for available worker","previousOperationId":"qa0vw0eqp699yer","timestamp":1701089268783,"id":"3gsi3bwaha8cpba"}
{"type":"operationStart","subtype":"render","name":"sporazum_odgovorno","previousOperationId":"qa0vw0eqp699yer","timestamp":1701089268791,"id":"v670aj8tmzv1h5q","previousEventId":"plmae2m7zq58t7t","operationId":"l7b5zynr59eb71x"}
{"type":"log","timestamp":1701089268791,"level":"info","message":"Starting rendering request 112","meta":{"rootId":"08mzwu21djy3ezn","id":"08mzwu21djy3ezn"},"id":"tcwjpa2lfu1xs31","previousOperationId":"l7b5zynr59eb71x"}
{"type":"log","timestamp":1701089268792,"level":"info","message":"Rendering template { name: sporazum_odgovorno, recipe: chrome-pdf, engine: handlebars, preview: true }","meta":{"rootId":"08mzwu21djy3ezn","id":"08mzwu21djy3ezn"},"id":"8peyow4ip9x3an5","previousOperationId":"l7b5zynr59eb71x"}
{"type":"log","timestamp":1701089268793,"level":"debug","message":"Inline data specified.","meta":{"rootId":"08mzwu21djy3ezn","id":"08mzwu21djy3ezn"},"id":"j1f5nh0iqhamice","previousOperationId":"l7b5zynr59eb71x"}
{"type":"log","timestamp":1701089268797,"level":"debug","message":"Base url not specified, skipping its injection.","meta":{"rootId":"08mzwu21djy3ezn","id":"08mzwu21djy3ezn"},"id":"hlxyvxlr4fwz7fa","previousOperationId":"l7b5zynr59eb71x"}
{"type":"operationStart","subtype":"engine","name":"handlebars","timestamp":1701089268797,"id":"qn8mm5lw86nlm6z","previousEventId":"v670aj8tmzv1h5q","operationId":"zcldygpc7ih7ww5","previousOperationId":"l7b5zynr59eb71x"}
{"type":"log","timestamp":1701089268797,"level":"debug","message":"Rendering engine handlebars","meta":{"rootId":"08mzwu21djy3ezn","id":"08mzwu21djy3ezn"},"id":"g3lus14grrpt73s","previousOperationId":"zcldygpc7ih7ww5"}
{"type":"operationEnd","operationId":"zcldygpc7ih7ww5","timestamp":1701089268807,"id":"c8zjrf0v13eo6kj","previousEventId":"qn8mm5lw86nlm6z","previousOperationId":"zcldygpc7ih7ww5"}
{"type":"operationStart","subtype":"recipe","name":"chrome-pdf","timestamp":1701089268808,"id":"09gmzattvagpwvr","previousEventId":"c8zjrf0v13eo6kj","operationId":"syx6kedmoxeosbj","previousOperationId":"zcldygpc7ih7ww5"}
{"type":"log","timestamp":1701089268808,"level":"debug","message":"Executing recipe chrome-pdf","meta":{"rootId":"08mzwu21djy3ezn","id":"08mzwu21djy3ezn"},"id":"k4mlc6vch9se8w8","previousOperationId":"syx6kedmoxeosbj"}
{"type":"log","timestamp":1701089268810,"level":"debug","message":"Converting with chrome HeadlessChrome/117.0.5938.149 using chrome-pool strategy","meta":{"rootId":"08mzwu21djy3ezn","id":"08mzwu21djy3ezn"},"id":"l7c4xa0pizsqcae","previousOperationId":"syx6kedmoxeosbj"}
{"type":"log","timestamp":1701089268865,"level":"debug","message":"Page request: GET (document) file:///var/folders/dp/qk79pfcj0y1fmtkkl08m76rc0000gn/T/jsreport/autocleanup/0fab0dde-6b5b-4839-9ff6-7ddd7e63e909-chrome-pdf.html","meta":{"rootId":"08mzwu21djy3ezn","id":"08mzwu21djy3ezn"},"id":"ezrn5jal9gc4dqx","previousOperationId":"syx6kedmoxeosbj"}
{"type":"log","timestamp":1701089268870,"level":"debug","message":"Page request finished: GET (document) 200 file:///var/folders/dp/qk79pfcj0y1fmtkkl08m76rc0000gn/T/jsreport/autocleanup/0fab0dde-6b5b-4839-9ff6-7ddd7e63e909-chrome-pdf.html","meta":{"rootId":"08mzwu21djy3ezn","id":"08mzwu21djy3ezn"},"id":"b9irwgv1iucaek8","previousOperationId":"syx6kedmoxeosbj"}
{"type":"log","timestamp":1701089268884,"level":"debug","message":"Running chrome with params {\"printBackground\":true,\"format\":\"a4\",\"marginTop\":\"2cm\",\"marginBottom\":\"2cm\",\"timeout\":59973,\"margin\":{\"top\":\"2cm\",\"bottom\":\"2cm\"}}","meta":{"rootId":"08mzwu21djy3ezn","id":"08mzwu21djy3ezn"},"id":"k8s0pfh6l00f58o","previousOperationId":"syx6kedmoxeosbj"}
{"type":"operationEnd","operationId":"syx6kedmoxeosbj","timestamp":1701089268907,"id":"kfxyibzawfe04d4","previousEventId":"09gmzattvagpwvr","previousOperationId":"syx6kedmoxeosbj"}
{"type":"log","timestamp":1701089268907,"level":"info","message":"pdf-utils is starting pdf processing","meta":{"rootId":"08mzwu21djy3ezn","id":"08mzwu21djy3ezn"},"id":"futu2acwiinjpdd","previousOperationId":"syx6kedmoxeosbj"}
{"type":"operationStart","subtype":"pdfUtils","name":"pdf utils","timestamp":1701089268907,"id":"juxefj359fvlne3","previousEventId":"kfxyibzawfe04d4","operationId":"utz62eufw1jrba0","previousOperationId":"syx6kedmoxeosbj"}
{"type":"log","timestamp":1701089268907,"level":"debug","message":"pdf-utils detected 1 pdf operation(s) to process","meta":{"rootId":"08mzwu21djy3ezn","id":"08mzwu21djy3ezn"},"id":"3p2rp6dq29zs8dh","previousOperationId":"utz62eufw1jrba0"}
{"type":"log","timestamp":1701089268924,"level":"debug","message":"pdf-utils running pdf operation merge","meta":{"rootId":"08mzwu21djy3ezn","id":"08mzwu21djy3ezn"},"id":"ixs7kqw70aiv4ql","previousOperationId":"utz62eufw1jrba0"}
{"type":"operationStart","subtype":"pdfUtilsMerge","name":"pdf utils merge","previousOperationId":"utz62eufw1jrba0","timestamp":1701089268924,"id":"a7yrp0t7uj6rtsv","previousEventId":"juxefj359fvlne3","operationId":"90td4nxut1t8tmu"}
{"type":"operationStart","subtype":"render","name":"header-footer","previousOperationId":"90td4nxut1t8tmu","timestamp":1701089268925,"id":"5y2b497t7uhxim2","previousEventId":"a7yrp0t7uj6rtsv","operationId":"zpva6gy264q0cjx"}
{"type":"log","timestamp":1701089268925,"level":"info","message":"Starting rendering (child) request","meta":{"rootId":"08mzwu21djy3ezn","id":"pwklhgxbi1ef8ey"},"id":"pue4su7760adkhi","previousOperationId":"zpva6gy264q0cjx"}
{"type":"log","timestamp":1701089268925,"level":"info","message":"Rendering template { name: header-footer, recipe: chrome-pdf, engine: handlebars, preview: true }","meta":{"rootId":"08mzwu21djy3ezn","id":"pwklhgxbi1ef8ey"},"id":"fd7qxdhgtp6x0qt","previousOperationId":"zpva6gy264q0cjx"}
{"type":"log","timestamp":1701089268925,"level":"debug","message":"Inline data specified.","meta":{"rootId":"08mzwu21djy3ezn","id":"pwklhgxbi1ef8ey"},"id":"2qssse0h0dzrwj8","previousOperationId":"zpva6gy264q0cjx"}
{"type":"log","timestamp":1701089268925,"level":"debug","message":"Base url not specified, skipping its injection.","meta":{"rootId":"08mzwu21djy3ezn","id":"pwklhgxbi1ef8ey"},"id":"1ls150j5ukkv7s4","previousOperationId":"zpva6gy264q0cjx"}
{"type":"operationStart","subtype":"engine","name":"handlebars","timestamp":1701089268925,"id":"09pq3te8bc5ymht","previousEventId":"5y2b497t7uhxim2","operationId":"ieon2g4u7h0kcrd","previousOperationId":"zpva6gy264q0cjx"}
{"type":"log","timestamp":1701089268925,"level":"debug","message":"Rendering engine handlebars","meta":{"rootId":"08mzwu21djy3ezn","id":"pwklhgxbi1ef8ey"},"id":"umsk29prfhmpirj","previousOperationId":"ieon2g4u7h0kcrd"}
{"type":"operationEnd","operationId":"ieon2g4u7h0kcrd","timestamp":1701089268929,"id":"t4yxdaq1fumxiqj","previousEventId":"09pq3te8bc5ymht","previousOperationId":"ieon2g4u7h0kcrd"}
{"type":"operationStart","subtype":"recipe","name":"chrome-pdf","timestamp":1701089268929,"id":"rjztld35v0wob7y","previousEventId":"t4yxdaq1fumxiqj","operationId":"b9uzcvbls7z4yoi","previousOperationId":"ieon2g4u7h0kcrd"}
{"type":"log","timestamp":1701089268929,"level":"debug","message":"Executing recipe chrome-pdf","meta":{"rootId":"08mzwu21djy3ezn","id":"pwklhgxbi1ef8ey"},"id":"936alvfpc96693w","previousOperationId":"b9uzcvbls7z4yoi"}
{"type":"log","timestamp":1701089268930,"level":"debug","message":"Converting with chrome HeadlessChrome/117.0.5938.149 using chrome-pool strategy","meta":{"rootId":"08mzwu21djy3ezn","id":"pwklhgxbi1ef8ey"},"id":"s0tcgzaud9xfz8h","previousOperationId":"b9uzcvbls7z4yoi"}
{"type":"log","timestamp":1701089268967,"level":"debug","message":"Page request: GET (document) file:///var/folders/dp/qk79pfcj0y1fmtkkl08m76rc0000gn/T/jsreport/autocleanup/53d11090-edfe-4bdd-b0a2-515791e44b58-chrome-pdf.html","meta":{"rootId":"08mzwu21djy3ezn","id":"pwklhgxbi1ef8ey"},"id":"48wvd3k5uzbpwz2","previousOperationId":"b9uzcvbls7z4yoi"}
{"type":"log","timestamp":1701089268971,"level":"debug","message":"Page request finished: GET (document) 200 file:///var/folders/dp/qk79pfcj0y1fmtkkl08m76rc0000gn/T/jsreport/autocleanup/53d11090-edfe-4bdd-b0a2-515791e44b58-chrome-pdf.html","meta":{"rootId":"08mzwu21djy3ezn","id":"pwklhgxbi1ef8ey"},"id":"8fr2v8txywerd8h","previousOperationId":"b9uzcvbls7z4yoi"}
{"type":"log","timestamp":1701089268979,"level":"debug","message":"Running chrome with params {\"timeout\":59854,\"margin\":{},\"printBackground\":true}","meta":{"rootId":"08mzwu21djy3ezn","id":"pwklhgxbi1ef8ey"},"id":"7oebh900alpd5pi","previousOperationId":"b9uzcvbls7z4yoi"}
{"type":"operationEnd","operationId":"b9uzcvbls7z4yoi","timestamp":1701089268985,"id":"2wgmdxpoc4csp2k","previousEventId":"rjztld35v0wob7y","previousOperationId":"b9uzcvbls7z4yoi"}
{"type":"log","timestamp":1701089268985,"level":"debug","message":"Skipping storing report.","meta":{"rootId":"08mzwu21djy3ezn","id":"pwklhgxbi1ef8ey"},"id":"5bea621xurf8vcm","previousOperationId":"b9uzcvbls7z4yoi"}
{"type":"log","timestamp":1701089268985,"level":"info","message":"Rendering (child) request finished in 202 ms","meta":{"rootId":"08mzwu21djy3ezn","id":"pwklhgxbi1ef8ey"},"id":"cbc5fiaduclesoi","previousOperationId":"b9uzcvbls7z4yoi"}
{"type":"operationEnd","subtype":"render","operationId":"zpva6gy264q0cjx","timestamp":1701089268985,"id":"uuln4nqupf9ga0k","previousEventId":"2wgmdxpoc4csp2k","previousOperationId":"b9uzcvbls7z4yoi"}
{"type":"operationEnd","operationId":"90td4nxut1t8tmu","timestamp":1701089268989,"id":"8up6qo9bystwcls","previousEventId":"a7yrp0t7uj6rtsv","previousOperationId":"90td4nxut1t8tmu"}
{"type":"log","timestamp":1701089268989,"level":"debug","message":"pdf-utils postproces start","meta":{"rootId":"08mzwu21djy3ezn","id":"08mzwu21djy3ezn"},"id":"3uqsrul2ecb9ldc","previousOperationId":"90td4nxut1t8tmu"}
{"type":"log","timestamp":1701089268995,"level":"debug","message":"pdf-utils postproces end","meta":{"rootId":"08mzwu21djy3ezn","id":"08mzwu21djy3ezn"},"id":"m1r1qpha1srvq4f","previousOperationId":"90td4nxut1t8tmu"}
{"type":"operationEnd","operationId":"utz62eufw1jrba0","timestamp":1701089268995,"id":"ahf3u1ba8zme0cq","previousEventId":"8up6qo9bystwcls","previousOperationId":"90td4nxut1t8tmu"}
{"type":"log","timestamp":1701089268995,"level":"info","message":"pdf-utils pdf processing was finished","meta":{"rootId":"08mzwu21djy3ezn","id":"08mzwu21djy3ezn"},"id":"ub296a12noj2a63","previousOperationId":"utz62eufw1jrba0"}
{"type":"log","timestamp":1701089268995,"level":"debug","message":"Skipping storing report.","meta":{"rootId":"08mzwu21djy3ezn","id":"08mzwu21djy3ezn"},"id":"k6yoyau0r291baz","previousOperationId":"utz62eufw1jrba0"}
{"type":"log","timestamp":1701089268995,"level":"info","message":"Rendering request 112 finished in 212 ms","meta":{"rootId":"08mzwu21djy3ezn","id":"08mzwu21djy3ezn"},"id":"hiz987908lwcwhy","previousOperationId":"utz62eufw1jrba0"}
{"type":"operationEnd","subtype":"render","operationId":"l7b5zynr59eb71x","timestamp":1701089268995,"id":"ea1cg3zfzbtla2t","previousEventId":"ahf3u1ba8zme0cq","previousOperationId":"utz62eufw1jrba0"}
{"type":"operationEnd","doDiffs":false,"previousEventId":"plmae2m7zq58t7t","previousOperationId":"qa0vw0eqp699yer","operationId":"qa0vw0eqp699yer","timestamp":1701089268998,"id":"ebm2ob876fcsf3g"}
