{"type":"operationStart","subtype":"profile","data":{"_id":"5XRkdRXK099BUcKU","timestamp":"2023-11-27T12:27:18.318Z","state":"queued","mode":"standard","creationDate":"2023-11-27T12:27:18.322Z","modificationDate":"2023-11-27T12:27:18.322Z","shortid":"rwblA1j","$entitySet":"profiles"},"doDiffs":false,"timestamp":1701088038320,"id":"ppr72xv4zv7xk51","previousOperationId":null,"operationId":"2m2z5xv01ehh356"}
{"type":"log","level":"info","message":"Render request 107 queued for execution and waiting for available worker","previousOperationId":"2m2z5xv01ehh356","timestamp":1701088038320,"id":"i0lm5iitiamh5g5"}
{"type":"operationStart","subtype":"render","name":"sporazum_odgovorno","previousOperationId":"2m2z5xv01ehh356","timestamp":1701088038340,"id":"t4n8rpqnvupldar","previousEventId":"ppr72xv4zv7xk51","operationId":"j267fmqs4p6lljt"}
{"type":"log","timestamp":1701088038340,"level":"info","message":"Starting rendering request 107","meta":{"rootId":"2vc0x4rcc98uipe","id":"2vc0x4rcc98uipe"},"id":"hkei01f4cyqip99","previousOperationId":"j267fmqs4p6lljt"}
{"type":"log","timestamp":1701088038341,"level":"info","message":"Rendering template { name: sporazum_odgovorno, recipe: chrome-pdf, engine: handlebars, preview: true }","meta":{"rootId":"2vc0x4rcc98uipe","id":"2vc0x4rcc98uipe"},"id":"2sgxwnqnsinkko7","previousOperationId":"j267fmqs4p6lljt"}
{"type":"log","timestamp":1701088038342,"level":"debug","message":"Inline data specified.","meta":{"rootId":"2vc0x4rcc98uipe","id":"2vc0x4rcc98uipe"},"id":"qz1f980cn44uyb6","previousOperationId":"j267fmqs4p6lljt"}
{"type":"log","timestamp":1701088038345,"level":"debug","message":"Base url not specified, skipping its injection.","meta":{"rootId":"2vc0x4rcc98uipe","id":"2vc0x4rcc98uipe"},"id":"97tx5g18rsn7s1q","previousOperationId":"j267fmqs4p6lljt"}
{"type":"operationStart","subtype":"engine","name":"handlebars","timestamp":1701088038346,"id":"fvh1supzay8u9l2","previousEventId":"t4n8rpqnvupldar","operationId":"o2z3qaqpwetnuye","previousOperationId":"j267fmqs4p6lljt"}
{"type":"log","timestamp":1701088038346,"level":"debug","message":"Rendering engine handlebars","meta":{"rootId":"2vc0x4rcc98uipe","id":"2vc0x4rcc98uipe"},"id":"w5hxv5ffdwzpcqz","previousOperationId":"o2z3qaqpwetnuye"}
{"type":"operationEnd","operationId":"o2z3qaqpwetnuye","timestamp":1701088038369,"id":"8mb3dc1n8idyj5x","previousEventId":"fvh1supzay8u9l2","previousOperationId":"o2z3qaqpwetnuye"}
{"type":"operationStart","subtype":"recipe","name":"chrome-pdf","timestamp":1701088038370,"id":"b0th8abgu6p4bcs","previousEventId":"8mb3dc1n8idyj5x","operationId":"59ujjcqj30ypmxx","previousOperationId":"o2z3qaqpwetnuye"}
{"type":"log","timestamp":1701088038370,"level":"debug","message":"Executing recipe chrome-pdf","meta":{"rootId":"2vc0x4rcc98uipe","id":"2vc0x4rcc98uipe"},"id":"hmmtow0pb7xke4z","previousOperationId":"59ujjcqj30ypmxx"}
{"type":"log","timestamp":1701088038372,"level":"debug","message":"Converting with chrome HeadlessChrome/117.0.5938.149 using chrome-pool strategy","meta":{"rootId":"2vc0x4rcc98uipe","id":"2vc0x4rcc98uipe"},"id":"3vyzsqprn2r1dbu","previousOperationId":"59ujjcqj30ypmxx"}
{"type":"log","timestamp":1701088038416,"level":"debug","message":"Page request: GET (document) file:///var/folders/dp/qk79pfcj0y1fmtkkl08m76rc0000gn/T/jsreport/autocleanup/c37a2b02-95c9-4987-ab79-9b847db657de-chrome-pdf.html","meta":{"rootId":"2vc0x4rcc98uipe","id":"2vc0x4rcc98uipe"},"id":"rdm0p1xzazlrvxd","previousOperationId":"59ujjcqj30ypmxx"}
{"type":"log","timestamp":1701088038421,"level":"debug","message":"Page request finished: GET (document) 200 file:///var/folders/dp/qk79pfcj0y1fmtkkl08m76rc0000gn/T/jsreport/autocleanup/c37a2b02-95c9-4987-ab79-9b847db657de-chrome-pdf.html","meta":{"rootId":"2vc0x4rcc98uipe","id":"2vc0x4rcc98uipe"},"id":"n7nlv1ccehuucy0","previousOperationId":"59ujjcqj30ypmxx"}
{"type":"log","timestamp":1701088038431,"level":"debug","message":"Running chrome with params {\"printBackground\":true,\"format\":\"a4\",\"marginTop\":\"2cm\",\"marginBottom\":\"2cm\",\"timeout\":59947,\"margin\":{\"top\":\"2cm\",\"bottom\":\"2cm\"}}","meta":{"rootId":"2vc0x4rcc98uipe","id":"2vc0x4rcc98uipe"},"id":"unuzpb7qihstbxl","previousOperationId":"59ujjcqj30ypmxx"}
{"type":"operationEnd","operationId":"59ujjcqj30ypmxx","timestamp":1701088038452,"id":"gb0out18eslp3c5","previousEventId":"b0th8abgu6p4bcs","previousOperationId":"59ujjcqj30ypmxx"}
{"type":"log","timestamp":1701088038452,"level":"info","message":"pdf-utils is starting pdf processing","meta":{"rootId":"2vc0x4rcc98uipe","id":"2vc0x4rcc98uipe"},"id":"3x6p9ahz2o4djb5","previousOperationId":"59ujjcqj30ypmxx"}
{"type":"operationStart","subtype":"pdfUtils","name":"pdf utils","timestamp":1701088038452,"id":"eoeuupogijlhjik","previousEventId":"gb0out18eslp3c5","operationId":"ig960ymecqyx9c3","previousOperationId":"59ujjcqj30ypmxx"}
{"type":"log","timestamp":1701088038452,"level":"debug","message":"pdf-utils detected 1 pdf operation(s) to process","meta":{"rootId":"2vc0x4rcc98uipe","id":"2vc0x4rcc98uipe"},"id":"6o8dom3x92tagp9","previousOperationId":"ig960ymecqyx9c3"}
{"type":"log","timestamp":1701088038471,"level":"debug","message":"pdf-utils running pdf operation merge","meta":{"rootId":"2vc0x4rcc98uipe","id":"2vc0x4rcc98uipe"},"id":"koa3147d6x82yhr","previousOperationId":"ig960ymecqyx9c3"}
{"type":"operationStart","subtype":"pdfUtilsMerge","name":"pdf utils merge","previousOperationId":"ig960ymecqyx9c3","timestamp":1701088038471,"id":"bl5nnp25qnjav6r","previousEventId":"eoeuupogijlhjik","operationId":"8t71u6qhi90xo6l"}
{"type":"operationStart","subtype":"render","name":"header-footer","previousOperationId":"8t71u6qhi90xo6l","timestamp":1701088038472,"id":"68ujsmk8z85p4l1","previousEventId":"bl5nnp25qnjav6r","operationId":"54azkf5214c8q68"}
{"type":"log","timestamp":1701088038472,"level":"info","message":"Starting rendering (child) request","meta":{"rootId":"2vc0x4rcc98uipe","id":"guutofu9j1cv43c"},"id":"j02eyuy5ofz4k7j","previousOperationId":"54azkf5214c8q68"}
{"type":"log","timestamp":1701088038472,"level":"info","message":"Rendering template { name: header-footer, recipe: chrome-pdf, engine: handlebars, preview: true }","meta":{"rootId":"2vc0x4rcc98uipe","id":"guutofu9j1cv43c"},"id":"mvvjqo57k52a5j7","previousOperationId":"54azkf5214c8q68"}
{"type":"log","timestamp":1701088038473,"level":"debug","message":"Inline data specified.","meta":{"rootId":"2vc0x4rcc98uipe","id":"guutofu9j1cv43c"},"id":"l4dv8lw2q1zmwkz","previousOperationId":"54azkf5214c8q68"}
{"type":"log","timestamp":1701088038474,"level":"debug","message":"Base url not specified, skipping its injection.","meta":{"rootId":"2vc0x4rcc98uipe","id":"guutofu9j1cv43c"},"id":"jghkk93l353x4vm","previousOperationId":"54azkf5214c8q68"}
{"type":"operationStart","subtype":"engine","name":"handlebars","timestamp":1701088038474,"id":"s53lkrctg21yd1y","previousEventId":"68ujsmk8z85p4l1","operationId":"0q8lbqz5pigq1tp","previousOperationId":"54azkf5214c8q68"}
{"type":"log","timestamp":1701088038474,"level":"debug","message":"Rendering engine handlebars","meta":{"rootId":"2vc0x4rcc98uipe","id":"guutofu9j1cv43c"},"id":"k9ffuw7ej34c0ef","previousOperationId":"0q8lbqz5pigq1tp"}
{"type":"operationEnd","operationId":"0q8lbqz5pigq1tp","timestamp":1701088038477,"id":"levzn9coip0dycy","previousEventId":"s53lkrctg21yd1y","previousOperationId":"0q8lbqz5pigq1tp"}
{"type":"operationStart","subtype":"recipe","name":"chrome-pdf","timestamp":1701088038477,"id":"ttshrxe9po5bswo","previousEventId":"levzn9coip0dycy","operationId":"5q3pfowtnvp3m2w","previousOperationId":"0q8lbqz5pigq1tp"}
{"type":"log","timestamp":1701088038477,"level":"debug","message":"Executing recipe chrome-pdf","meta":{"rootId":"2vc0x4rcc98uipe","id":"guutofu9j1cv43c"},"id":"pizj5wzvie3ocbn","previousOperationId":"5q3pfowtnvp3m2w"}
{"type":"log","timestamp":1701088038477,"level":"debug","message":"Converting with chrome HeadlessChrome/117.0.5938.149 using chrome-pool strategy","meta":{"rootId":"2vc0x4rcc98uipe","id":"guutofu9j1cv43c"},"id":"nrtrepfgilbel1y","previousOperationId":"5q3pfowtnvp3m2w"}
{"type":"log","timestamp":1701088038515,"level":"debug","message":"Page request: GET (document) file:///var/folders/dp/qk79pfcj0y1fmtkkl08m76rc0000gn/T/jsreport/autocleanup/b70f9593-a063-46b3-ae97-e4ee9a921528-chrome-pdf.html","meta":{"rootId":"2vc0x4rcc98uipe","id":"guutofu9j1cv43c"},"id":"9lho3fvvfrt0kze","previousOperationId":"5q3pfowtnvp3m2w"}
{"type":"log","timestamp":1701088038519,"level":"debug","message":"Page request finished: GET (document) 200 file:///var/folders/dp/qk79pfcj0y1fmtkkl08m76rc0000gn/T/jsreport/autocleanup/b70f9593-a063-46b3-ae97-e4ee9a921528-chrome-pdf.html","meta":{"rootId":"2vc0x4rcc98uipe","id":"guutofu9j1cv43c"},"id":"465fi4h0fxvjq3q","previousOperationId":"5q3pfowtnvp3m2w"}
{"type":"log","timestamp":1701088038526,"level":"debug","message":"Running chrome with params {\"timeout\":59841,\"margin\":{},\"printBackground\":true}","meta":{"rootId":"2vc0x4rcc98uipe","id":"guutofu9j1cv43c"},"id":"v6a8vyb70rzv22c","previousOperationId":"5q3pfowtnvp3m2w"}
{"type":"operationEnd","operationId":"5q3pfowtnvp3m2w","timestamp":1701088038532,"id":"9x2plzdp6cdak0y","previousEventId":"ttshrxe9po5bswo","previousOperationId":"5q3pfowtnvp3m2w"}
{"type":"log","timestamp":1701088038532,"level":"debug","message":"Skipping storing report.","meta":{"rootId":"2vc0x4rcc98uipe","id":"guutofu9j1cv43c"},"id":"7e54oj8wmhrrv8t","previousOperationId":"5q3pfowtnvp3m2w"}
{"type":"log","timestamp":1701088038532,"level":"info","message":"Rendering (child) request finished in 214 ms","meta":{"rootId":"2vc0x4rcc98uipe","id":"guutofu9j1cv43c"},"id":"el7pweonjuih269","previousOperationId":"5q3pfowtnvp3m2w"}
{"type":"operationEnd","subtype":"render","operationId":"54azkf5214c8q68","timestamp":1701088038532,"id":"1dvrcn63uqvsagi","previousEventId":"9x2plzdp6cdak0y","previousOperationId":"5q3pfowtnvp3m2w"}
{"type":"operationEnd","operationId":"8t71u6qhi90xo6l","timestamp":1701088038536,"id":"8qk1pk7vcpsp82h","previousEventId":"bl5nnp25qnjav6r","previousOperationId":"8t71u6qhi90xo6l"}
{"type":"log","timestamp":1701088038536,"level":"debug","message":"pdf-utils postproces start","meta":{"rootId":"2vc0x4rcc98uipe","id":"2vc0x4rcc98uipe"},"id":"pk088tn5r64y3zp","previousOperationId":"8t71u6qhi90xo6l"}
{"type":"log","timestamp":1701088038543,"level":"debug","message":"pdf-utils postproces end","meta":{"rootId":"2vc0x4rcc98uipe","id":"2vc0x4rcc98uipe"},"id":"ubl7xqy71ajs628","previousOperationId":"8t71u6qhi90xo6l"}
{"type":"operationEnd","operationId":"ig960ymecqyx9c3","timestamp":1701088038543,"id":"o0jzrrwh9uxliik","previousEventId":"8qk1pk7vcpsp82h","previousOperationId":"8t71u6qhi90xo6l"}
{"type":"log","timestamp":1701088038543,"level":"info","message":"pdf-utils pdf processing was finished","meta":{"rootId":"2vc0x4rcc98uipe","id":"2vc0x4rcc98uipe"},"id":"du6djiec59ncwd4","previousOperationId":"ig960ymecqyx9c3"}
{"type":"log","timestamp":1701088038543,"level":"debug","message":"Skipping storing report.","meta":{"rootId":"2vc0x4rcc98uipe","id":"2vc0x4rcc98uipe"},"id":"0sorzm66f4gba82","previousOperationId":"ig960ymecqyx9c3"}
{"type":"log","timestamp":1701088038543,"level":"info","message":"Rendering request 107 finished in 225 ms","meta":{"rootId":"2vc0x4rcc98uipe","id":"2vc0x4rcc98uipe"},"id":"soanoqq91by6alt","previousOperationId":"ig960ymecqyx9c3"}
{"type":"operationEnd","subtype":"render","operationId":"j267fmqs4p6lljt","timestamp":1701088038543,"id":"3zwz0onvlo2ozpy","previousEventId":"o0jzrrwh9uxliik","previousOperationId":"ig960ymecqyx9c3"}
{"type":"operationEnd","doDiffs":false,"previousEventId":"ppr72xv4zv7xk51","previousOperationId":"2m2z5xv01ehh356","operationId":"2m2z5xv01ehh356","timestamp":1701088038546,"id":"6iiz3yzk5x8mfwo"}
