{"type":"operationStart","subtype":"profile","data":{"_id":"dlSl1kEXptRLQYUD","timestamp":"2023-11-27T12:49:42.363Z","state":"queued","mode":"standard","creationDate":"2023-11-27T12:49:42.365Z","modificationDate":"2023-11-27T12:49:42.365Z","shortid":"z5FkY2K","$entitySet":"profiles"},"doDiffs":false,"timestamp":1701089382364,"id":"akd7j8s0kqbvkzh","previousOperationId":null,"operationId":"a0esks436v6ak8e"}
{"type":"log","level":"info","message":"Render request 115 queued for execution and waiting for available worker","previousOperationId":"a0esks436v6ak8e","timestamp":1701089382365,"id":"xmcjlg9qhbwk7f5"}
{"type":"operationStart","subtype":"render","name":"sporazum_odgovorno","previousOperationId":"a0esks436v6ak8e","timestamp":1701089382374,"id":"ha6se2dul24258y","previousEventId":"akd7j8s0kqbvkzh","operationId":"owos2gkl0cuqa5i"}
{"type":"log","timestamp":1701089382375,"level":"info","message":"Starting rendering request 115","meta":{"rootId":"fuy3smu4eogrk89","id":"fuy3smu4eogrk89"},"id":"3jfa070xipa8g7h","previousOperationId":"owos2gkl0cuqa5i"}
{"type":"log","timestamp":1701089382375,"level":"info","message":"Rendering template { name: sporazum_odgovorno, recipe: chrome-pdf, engine: handlebars, preview: true }","meta":{"rootId":"fuy3smu4eogrk89","id":"fuy3smu4eogrk89"},"id":"4nkcu0c8d7xsxxj","previousOperationId":"owos2gkl0cuqa5i"}
{"type":"log","timestamp":1701089382376,"level":"debug","message":"Inline data specified.","meta":{"rootId":"fuy3smu4eogrk89","id":"fuy3smu4eogrk89"},"id":"desaq4nkpbbsbpc","previousOperationId":"owos2gkl0cuqa5i"}
{"type":"log","timestamp":1701089382377,"level":"debug","message":"Base url not specified, skipping its injection.","meta":{"rootId":"fuy3smu4eogrk89","id":"fuy3smu4eogrk89"},"id":"te9v1etd1nrf0gu","previousOperationId":"owos2gkl0cuqa5i"}
{"type":"operationStart","subtype":"engine","name":"handlebars","timestamp":1701089382377,"id":"a8n8z7ijbqcgr0n","previousEventId":"ha6se2dul24258y","operationId":"1uvepired9ymqz5","previousOperationId":"owos2gkl0cuqa5i"}
{"type":"log","timestamp":1701089382377,"level":"debug","message":"Rendering engine handlebars","meta":{"rootId":"fuy3smu4eogrk89","id":"fuy3smu4eogrk89"},"id":"vecbt8yrm52mf23","previousOperationId":"1uvepired9ymqz5"}
{"type":"operationEnd","operationId":"1uvepired9ymqz5","timestamp":1701089382402,"id":"x90e54gfludmd0l","previousEventId":"a8n8z7ijbqcgr0n","previousOperationId":"1uvepired9ymqz5"}
{"type":"operationStart","subtype":"recipe","name":"chrome-pdf","timestamp":1701089382402,"id":"0bsd7997wc68urh","previousEventId":"x90e54gfludmd0l","operationId":"pc5w9va4r80yodo","previousOperationId":"1uvepired9ymqz5"}
{"type":"log","timestamp":1701089382402,"level":"debug","message":"Executing recipe chrome-pdf","meta":{"rootId":"fuy3smu4eogrk89","id":"fuy3smu4eogrk89"},"id":"om4qmiqg6gdljrq","previousOperationId":"pc5w9va4r80yodo"}
{"type":"log","timestamp":1701089382404,"level":"debug","message":"Converting with chrome HeadlessChrome/117.0.5938.149 using chrome-pool strategy","meta":{"rootId":"fuy3smu4eogrk89","id":"fuy3smu4eogrk89"},"id":"p2suz3pl81h3d2s","previousOperationId":"pc5w9va4r80yodo"}
{"type":"log","timestamp":1701089382460,"level":"debug","message":"Page request: GET (document) file:///var/folders/dp/qk79pfcj0y1fmtkkl08m76rc0000gn/T/jsreport/autocleanup/545b1d4d-9dbf-49e5-b7b9-b2960631b401-chrome-pdf.html","meta":{"rootId":"fuy3smu4eogrk89","id":"fuy3smu4eogrk89"},"id":"fvlkxq759nx2un2","previousOperationId":"pc5w9va4r80yodo"}
{"type":"log","timestamp":1701089382465,"level":"debug","message":"Page request finished: GET (document) 200 file:///var/folders/dp/qk79pfcj0y1fmtkkl08m76rc0000gn/T/jsreport/autocleanup/545b1d4d-9dbf-49e5-b7b9-b2960631b401-chrome-pdf.html","meta":{"rootId":"fuy3smu4eogrk89","id":"fuy3smu4eogrk89"},"id":"jiwntvhjitqf5cw","previousOperationId":"pc5w9va4r80yodo"}
{"type":"log","timestamp":1701089382477,"level":"debug","message":"Running chrome with params {\"printBackground\":true,\"format\":\"a4\",\"marginTop\":\"2cm\",\"marginBottom\":\"2cm\",\"timeout\":59959,\"margin\":{\"top\":\"2cm\",\"bottom\":\"2cm\"}}","meta":{"rootId":"fuy3smu4eogrk89","id":"fuy3smu4eogrk89"},"id":"ppwg44ytf5wxe85","previousOperationId":"pc5w9va4r80yodo"}
{"type":"operationEnd","operationId":"pc5w9va4r80yodo","timestamp":1701089382504,"id":"vgzgvotgxb8dmup","previousEventId":"0bsd7997wc68urh","previousOperationId":"pc5w9va4r80yodo"}
{"type":"log","timestamp":1701089382504,"level":"info","message":"pdf-utils is starting pdf processing","meta":{"rootId":"fuy3smu4eogrk89","id":"fuy3smu4eogrk89"},"id":"xswruivszrz34ap","previousOperationId":"pc5w9va4r80yodo"}
{"type":"operationStart","subtype":"pdfUtils","name":"pdf utils","timestamp":1701089382504,"id":"vl1mwrsdi58667l","previousEventId":"vgzgvotgxb8dmup","operationId":"ix86wknvmmq1yvh","previousOperationId":"pc5w9va4r80yodo"}
{"type":"log","timestamp":1701089382504,"level":"debug","message":"pdf-utils detected 1 pdf operation(s) to process","meta":{"rootId":"fuy3smu4eogrk89","id":"fuy3smu4eogrk89"},"id":"mhml7fvblrgy12z","previousOperationId":"ix86wknvmmq1yvh"}
{"type":"log","timestamp":1701089382522,"level":"debug","message":"pdf-utils running pdf operation merge","meta":{"rootId":"fuy3smu4eogrk89","id":"fuy3smu4eogrk89"},"id":"0xpfmyjlsrtgcmu","previousOperationId":"ix86wknvmmq1yvh"}
{"type":"operationStart","subtype":"pdfUtilsMerge","name":"pdf utils merge","previousOperationId":"ix86wknvmmq1yvh","timestamp":1701089382522,"id":"4ni59za8fl1e744","previousEventId":"vl1mwrsdi58667l","operationId":"h97dhjx5eeqzud7"}
{"type":"operationStart","subtype":"render","name":"header-footer","previousOperationId":"h97dhjx5eeqzud7","timestamp":1701089382523,"id":"o0jhadf3kgd6gfl","previousEventId":"4ni59za8fl1e744","operationId":"g02j8n37059tu2g"}
{"type":"log","timestamp":1701089382523,"level":"info","message":"Starting rendering (child) request","meta":{"rootId":"fuy3smu4eogrk89","id":"smfnrez37lc7h6h"},"id":"1ns62jes96r3czt","previousOperationId":"g02j8n37059tu2g"}
{"type":"log","timestamp":1701089382523,"level":"info","message":"Rendering template { name: header-footer, recipe: chrome-pdf, engine: handlebars, preview: true }","meta":{"rootId":"fuy3smu4eogrk89","id":"smfnrez37lc7h6h"},"id":"lxltb9798vrgfge","previousOperationId":"g02j8n37059tu2g"}
{"type":"log","timestamp":1701089382523,"level":"debug","message":"Inline data specified.","meta":{"rootId":"fuy3smu4eogrk89","id":"smfnrez37lc7h6h"},"id":"xtlfxl03sgurenm","previousOperationId":"g02j8n37059tu2g"}
{"type":"log","timestamp":1701089382524,"level":"debug","message":"Base url not specified, skipping its injection.","meta":{"rootId":"fuy3smu4eogrk89","id":"smfnrez37lc7h6h"},"id":"gmrgtnip1vm3wqm","previousOperationId":"g02j8n37059tu2g"}
{"type":"operationStart","subtype":"engine","name":"handlebars","timestamp":1701089382524,"id":"grfoxhe4kzad4nz","previousEventId":"o0jhadf3kgd6gfl","operationId":"3q04kevf4s602vm","previousOperationId":"g02j8n37059tu2g"}
{"type":"log","timestamp":1701089382524,"level":"debug","message":"Rendering engine handlebars","meta":{"rootId":"fuy3smu4eogrk89","id":"smfnrez37lc7h6h"},"id":"oj1kxplyexb7zps","previousOperationId":"3q04kevf4s602vm"}
{"type":"operationEnd","operationId":"3q04kevf4s602vm","timestamp":1701089382527,"id":"y8gennf934w3nbo","previousEventId":"grfoxhe4kzad4nz","previousOperationId":"3q04kevf4s602vm"}
{"type":"operationStart","subtype":"recipe","name":"chrome-pdf","timestamp":1701089382527,"id":"vwmm9zzdqbp7wse","previousEventId":"y8gennf934w3nbo","operationId":"r1ai7thn8en2d2p","previousOperationId":"3q04kevf4s602vm"}
{"type":"log","timestamp":1701089382527,"level":"debug","message":"Executing recipe chrome-pdf","meta":{"rootId":"fuy3smu4eogrk89","id":"smfnrez37lc7h6h"},"id":"einbr0ke0liepcv","previousOperationId":"r1ai7thn8en2d2p"}
{"type":"log","timestamp":1701089382527,"level":"debug","message":"Converting with chrome HeadlessChrome/117.0.5938.149 using chrome-pool strategy","meta":{"rootId":"fuy3smu4eogrk89","id":"smfnrez37lc7h6h"},"id":"kihwlnghtkvqtzm","previousOperationId":"r1ai7thn8en2d2p"}
{"type":"log","timestamp":1701089382564,"level":"debug","message":"Page request: GET (document) file:///var/folders/dp/qk79pfcj0y1fmtkkl08m76rc0000gn/T/jsreport/autocleanup/0971e774-4572-4b70-ae03-c2ffd989c678-chrome-pdf.html","meta":{"rootId":"fuy3smu4eogrk89","id":"smfnrez37lc7h6h"},"id":"f5lcww1ipbv57jd","previousOperationId":"r1ai7thn8en2d2p"}
{"type":"log","timestamp":1701089382568,"level":"debug","message":"Page request finished: GET (document) 200 file:///var/folders/dp/qk79pfcj0y1fmtkkl08m76rc0000gn/T/jsreport/autocleanup/0971e774-4572-4b70-ae03-c2ffd989c678-chrome-pdf.html","meta":{"rootId":"fuy3smu4eogrk89","id":"smfnrez37lc7h6h"},"id":"iriy9hlg4opx7y5","previousOperationId":"r1ai7thn8en2d2p"}
{"type":"log","timestamp":1701089382577,"level":"debug","message":"Running chrome with params {\"timeout\":59836,\"margin\":{},\"printBackground\":true}","meta":{"rootId":"fuy3smu4eogrk89","id":"smfnrez37lc7h6h"},"id":"hmnyg6fmouyaqk5","previousOperationId":"r1ai7thn8en2d2p"}
{"type":"operationEnd","operationId":"r1ai7thn8en2d2p","timestamp":1701089382583,"id":"vrh5k5o29fbm9mt","previousEventId":"vwmm9zzdqbp7wse","previousOperationId":"r1ai7thn8en2d2p"}
{"type":"log","timestamp":1701089382583,"level":"debug","message":"Skipping storing report.","meta":{"rootId":"fuy3smu4eogrk89","id":"smfnrez37lc7h6h"},"id":"lhsbwjzxy75j0tp","previousOperationId":"r1ai7thn8en2d2p"}
{"type":"log","timestamp":1701089382583,"level":"info","message":"Rendering (child) request finished in 220 ms","meta":{"rootId":"fuy3smu4eogrk89","id":"smfnrez37lc7h6h"},"id":"idrcr43k2k608ev","previousOperationId":"r1ai7thn8en2d2p"}
{"type":"operationEnd","subtype":"render","operationId":"g02j8n37059tu2g","timestamp":1701089382583,"id":"zhfk0ov2ojzihs9","previousEventId":"vrh5k5o29fbm9mt","previousOperationId":"r1ai7thn8en2d2p"}
{"type":"operationEnd","operationId":"h97dhjx5eeqzud7","timestamp":1701089382588,"id":"ig2pchbuevx9gsw","previousEventId":"4ni59za8fl1e744","previousOperationId":"h97dhjx5eeqzud7"}
{"type":"log","timestamp":1701089382588,"level":"debug","message":"pdf-utils postproces start","meta":{"rootId":"fuy3smu4eogrk89","id":"fuy3smu4eogrk89"},"id":"y1a9qiojfmtgq4r","previousOperationId":"h97dhjx5eeqzud7"}
{"type":"log","timestamp":1701089382594,"level":"debug","message":"pdf-utils postproces end","meta":{"rootId":"fuy3smu4eogrk89","id":"fuy3smu4eogrk89"},"id":"bvc50aek7crmxp3","previousOperationId":"h97dhjx5eeqzud7"}
{"type":"operationEnd","operationId":"ix86wknvmmq1yvh","timestamp":1701089382594,"id":"pussgx0odch7t9k","previousEventId":"ig2pchbuevx9gsw","previousOperationId":"h97dhjx5eeqzud7"}
{"type":"log","timestamp":1701089382594,"level":"info","message":"pdf-utils pdf processing was finished","meta":{"rootId":"fuy3smu4eogrk89","id":"fuy3smu4eogrk89"},"id":"am97lesx5atf9yb","previousOperationId":"ix86wknvmmq1yvh"}
{"type":"log","timestamp":1701089382594,"level":"debug","message":"Skipping storing report.","meta":{"rootId":"fuy3smu4eogrk89","id":"fuy3smu4eogrk89"},"id":"wqrowrvkphz1g2h","previousOperationId":"ix86wknvmmq1yvh"}
{"type":"log","timestamp":1701089382594,"level":"info","message":"Rendering request 115 finished in 231 ms","meta":{"rootId":"fuy3smu4eogrk89","id":"fuy3smu4eogrk89"},"id":"dr6iqm2q7yj7jft","previousOperationId":"ix86wknvmmq1yvh"}
{"type":"operationEnd","subtype":"render","operationId":"owos2gkl0cuqa5i","timestamp":1701089382594,"id":"e8rh93do8905pp6","previousEventId":"pussgx0odch7t9k","previousOperationId":"ix86wknvmmq1yvh"}
{"type":"operationEnd","doDiffs":false,"previousEventId":"akd7j8s0kqbvkzh","previousOperationId":"a0esks436v6ak8e","operationId":"a0esks436v6ak8e","timestamp":1701089382596,"id":"vp9m3ss7ztyvozy"}
