{"type":"operationStart","subtype":"profile","data":{"_id":"AUqvi1H1UaqMfJAG","timestamp":"2023-11-27T13:00:59.600Z","state":"queued","mode":"standard","creationDate":"2023-11-27T13:00:59.603Z","modificationDate":"2023-11-27T13:00:59.603Z","shortid":"fBdTL98","$entitySet":"profiles"},"doDiffs":false,"timestamp":1701090059601,"id":"gvyf7yez4m3fh2n","previousOperationId":null,"operationId":"hew16amgop0zsgf"}
{"type":"log","level":"info","message":"Render request 117 queued for execution and waiting for available worker","previousOperationId":"hew16amgop0zsgf","timestamp":1701090059601,"id":"2nkjwaic69mh10a"}
{"type":"operationStart","subtype":"render","name":"sporazum_odgovorno","previousOperationId":"hew16amgop0zsgf","timestamp":1701090059613,"id":"xzlrrkt7ztpd0yx","previousEventId":"gvyf7yez4m3fh2n","operationId":"eydqw5lz3cmks81"}
{"type":"log","timestamp":1701090059614,"level":"info","message":"Starting rendering request 117","meta":{"rootId":"gr9e08diesthvxs","id":"gr9e08diesthvxs"},"id":"k1xj6vgdmy6qmnu","previousOperationId":"eydqw5lz3cmks81"}
{"type":"log","timestamp":1701090059614,"level":"info","message":"Rendering template { name: sporazum_odgovorno, recipe: chrome-pdf, engine: handlebars, preview: true }","meta":{"rootId":"gr9e08diesthvxs","id":"gr9e08diesthvxs"},"id":"iziu756zs60c1t4","previousOperationId":"eydqw5lz3cmks81"}
{"type":"log","timestamp":1701090059615,"level":"debug","message":"Inline data specified.","meta":{"rootId":"gr9e08diesthvxs","id":"gr9e08diesthvxs"},"id":"zlue9e3cnlq4f1q","previousOperationId":"eydqw5lz3cmks81"}
{"type":"log","timestamp":1701090059618,"level":"debug","message":"Base url not specified, skipping its injection.","meta":{"rootId":"gr9e08diesthvxs","id":"gr9e08diesthvxs"},"id":"1p9o3m4g2cgs4ld","previousOperationId":"eydqw5lz3cmks81"}
{"type":"operationStart","subtype":"engine","name":"handlebars","timestamp":1701090059618,"id":"xobhlj8dnux128n","previousEventId":"xzlrrkt7ztpd0yx","operationId":"uxtle7jggrlmkib","previousOperationId":"eydqw5lz3cmks81"}
{"type":"log","timestamp":1701090059618,"level":"debug","message":"Rendering engine handlebars","meta":{"rootId":"gr9e08diesthvxs","id":"gr9e08diesthvxs"},"id":"f6py8aroowf7wae","previousOperationId":"uxtle7jggrlmkib"}
{"type":"operationEnd","operationId":"uxtle7jggrlmkib","timestamp":1701090059633,"id":"81pfu9c0esywzpg","previousEventId":"xobhlj8dnux128n","previousOperationId":"uxtle7jggrlmkib"}
{"type":"operationStart","subtype":"recipe","name":"chrome-pdf","timestamp":1701090059633,"id":"7a9jdp3l4v83b43","previousEventId":"81pfu9c0esywzpg","operationId":"bmwp3asdpsfrzu7","previousOperationId":"uxtle7jggrlmkib"}
{"type":"log","timestamp":1701090059633,"level":"debug","message":"Executing recipe chrome-pdf","meta":{"rootId":"gr9e08diesthvxs","id":"gr9e08diesthvxs"},"id":"7tp5up77md05lwb","previousOperationId":"bmwp3asdpsfrzu7"}
{"type":"log","timestamp":1701090059635,"level":"debug","message":"Converting with chrome HeadlessChrome/117.0.5938.149 using chrome-pool strategy","meta":{"rootId":"gr9e08diesthvxs","id":"gr9e08diesthvxs"},"id":"zll08s2edhvjnh6","previousOperationId":"bmwp3asdpsfrzu7"}
{"type":"log","timestamp":1701090059693,"level":"debug","message":"Page request: GET (document) file:///var/folders/dp/qk79pfcj0y1fmtkkl08m76rc0000gn/T/jsreport/autocleanup/5d245aab-4675-4aea-8e6a-336696fc1661-chrome-pdf.html","meta":{"rootId":"gr9e08diesthvxs","id":"gr9e08diesthvxs"},"id":"o6lpcgjtrzroo0s","previousOperationId":"bmwp3asdpsfrzu7"}
{"type":"log","timestamp":1701090059698,"level":"debug","message":"Page request finished: GET (document) 200 file:///var/folders/dp/qk79pfcj0y1fmtkkl08m76rc0000gn/T/jsreport/autocleanup/5d245aab-4675-4aea-8e6a-336696fc1661-chrome-pdf.html","meta":{"rootId":"gr9e08diesthvxs","id":"gr9e08diesthvxs"},"id":"zfk85bcnbmvax6y","previousOperationId":"bmwp3asdpsfrzu7"}
{"type":"log","timestamp":1701090059706,"level":"debug","message":"Running chrome with params {\"printBackground\":true,\"format\":\"a4\",\"marginTop\":\"2cm\",\"marginBottom\":\"2cm\",\"timeout\":59966,\"margin\":{\"top\":\"2cm\",\"bottom\":\"2cm\"}}","meta":{"rootId":"gr9e08diesthvxs","id":"gr9e08diesthvxs"},"id":"myqqsikgyl6sqsl","previousOperationId":"bmwp3asdpsfrzu7"}
{"type":"operationEnd","operationId":"bmwp3asdpsfrzu7","timestamp":1701090059733,"id":"g8imtm1tw5odv2g","previousEventId":"7a9jdp3l4v83b43","previousOperationId":"bmwp3asdpsfrzu7"}
{"type":"log","timestamp":1701090059733,"level":"info","message":"pdf-utils is starting pdf processing","meta":{"rootId":"gr9e08diesthvxs","id":"gr9e08diesthvxs"},"id":"7ehsmudsfrkb149","previousOperationId":"bmwp3asdpsfrzu7"}
{"type":"operationStart","subtype":"pdfUtils","name":"pdf utils","timestamp":1701090059733,"id":"fpa5cjrsi2agbc8","previousEventId":"g8imtm1tw5odv2g","operationId":"9vxkcgcfqziw2zk","previousOperationId":"bmwp3asdpsfrzu7"}
{"type":"log","timestamp":1701090059733,"level":"debug","message":"pdf-utils detected 1 pdf operation(s) to process","meta":{"rootId":"gr9e08diesthvxs","id":"gr9e08diesthvxs"},"id":"cehuwgap7kyvlkl","previousOperationId":"9vxkcgcfqziw2zk"}
{"type":"log","timestamp":1701090059758,"level":"debug","message":"pdf-utils running pdf operation merge","meta":{"rootId":"gr9e08diesthvxs","id":"gr9e08diesthvxs"},"id":"mk3onguws6z8cj0","previousOperationId":"9vxkcgcfqziw2zk"}
{"type":"operationStart","subtype":"pdfUtilsMerge","name":"pdf utils merge","previousOperationId":"9vxkcgcfqziw2zk","timestamp":1701090059758,"id":"4v9fphe5jo0tdty","previousEventId":"fpa5cjrsi2agbc8","operationId":"y6set3g7vt7y0dv"}
{"type":"operationStart","subtype":"render","name":"header-footer","previousOperationId":"y6set3g7vt7y0dv","timestamp":1701090059758,"id":"iq13jfj5j5vobcf","previousEventId":"4v9fphe5jo0tdty","operationId":"mjckhnhhw0r7iba"}
{"type":"log","timestamp":1701090059758,"level":"info","message":"Starting rendering (child) request","meta":{"rootId":"gr9e08diesthvxs","id":"2huaeis90ccxyvu"},"id":"dzcm67zlpnf57ny","previousOperationId":"mjckhnhhw0r7iba"}
{"type":"log","timestamp":1701090059758,"level":"info","message":"Rendering template { name: header-footer, recipe: chrome-pdf, engine: handlebars, preview: true }","meta":{"rootId":"gr9e08diesthvxs","id":"2huaeis90ccxyvu"},"id":"odo7p1ii63wr7ds","previousOperationId":"mjckhnhhw0r7iba"}
{"type":"log","timestamp":1701090059758,"level":"debug","message":"Inline data specified.","meta":{"rootId":"gr9e08diesthvxs","id":"2huaeis90ccxyvu"},"id":"d2hi7jipdoorwds","previousOperationId":"mjckhnhhw0r7iba"}
{"type":"log","timestamp":1701090059759,"level":"debug","message":"Base url not specified, skipping its injection.","meta":{"rootId":"gr9e08diesthvxs","id":"2huaeis90ccxyvu"},"id":"ffwhpztyikahl2r","previousOperationId":"mjckhnhhw0r7iba"}
{"type":"operationStart","subtype":"engine","name":"handlebars","timestamp":1701090059759,"id":"6yeriwt35gbhe48","previousEventId":"iq13jfj5j5vobcf","operationId":"vakgcl804kfj1rz","previousOperationId":"mjckhnhhw0r7iba"}
{"type":"log","timestamp":1701090059759,"level":"debug","message":"Rendering engine handlebars","meta":{"rootId":"gr9e08diesthvxs","id":"2huaeis90ccxyvu"},"id":"bxkq2m7o03f9hnr","previousOperationId":"vakgcl804kfj1rz"}
{"type":"operationEnd","operationId":"vakgcl804kfj1rz","timestamp":1701090059762,"id":"fzod9zhmvoqur3i","previousEventId":"6yeriwt35gbhe48","previousOperationId":"vakgcl804kfj1rz"}
{"type":"operationStart","subtype":"recipe","name":"chrome-pdf","timestamp":1701090059762,"id":"k3vdkyth3adbtfd","previousEventId":"fzod9zhmvoqur3i","operationId":"f24bv03ek67jw2v","previousOperationId":"vakgcl804kfj1rz"}
{"type":"log","timestamp":1701090059762,"level":"debug","message":"Executing recipe chrome-pdf","meta":{"rootId":"gr9e08diesthvxs","id":"2huaeis90ccxyvu"},"id":"dl0g4t4psxfeat3","previousOperationId":"f24bv03ek67jw2v"}
{"type":"log","timestamp":1701090059763,"level":"debug","message":"Converting with chrome HeadlessChrome/117.0.5938.149 using chrome-pool strategy","meta":{"rootId":"gr9e08diesthvxs","id":"2huaeis90ccxyvu"},"id":"wpppf52cygv74ke","previousOperationId":"f24bv03ek67jw2v"}
{"type":"log","timestamp":1701090059802,"level":"debug","message":"Page request: GET (document) file:///var/folders/dp/qk79pfcj0y1fmtkkl08m76rc0000gn/T/jsreport/autocleanup/26f81978-5307-4425-9ff4-ee577c9c1393-chrome-pdf.html","meta":{"rootId":"gr9e08diesthvxs","id":"2huaeis90ccxyvu"},"id":"b8p2dx9scpsc209","previousOperationId":"f24bv03ek67jw2v"}
{"type":"log","timestamp":1701090059807,"level":"debug","message":"Page request finished: GET (document) 200 file:///var/folders/dp/qk79pfcj0y1fmtkkl08m76rc0000gn/T/jsreport/autocleanup/26f81978-5307-4425-9ff4-ee577c9c1393-chrome-pdf.html","meta":{"rootId":"gr9e08diesthvxs","id":"2huaeis90ccxyvu"},"id":"uyasqq7o0gq5w0f","previousOperationId":"f24bv03ek67jw2v"}
{"type":"log","timestamp":1701090059813,"level":"debug","message":"Running chrome with params {\"timeout\":59837,\"margin\":{},\"printBackground\":true}","meta":{"rootId":"gr9e08diesthvxs","id":"2huaeis90ccxyvu"},"id":"3vgm1m2m1azpexo","previousOperationId":"f24bv03ek67jw2v"}
{"type":"operationEnd","operationId":"f24bv03ek67jw2v","timestamp":1701090059820,"id":"0834bov49w8b8im","previousEventId":"k3vdkyth3adbtfd","previousOperationId":"f24bv03ek67jw2v"}
{"type":"log","timestamp":1701090059820,"level":"debug","message":"Skipping storing report.","meta":{"rootId":"gr9e08diesthvxs","id":"2huaeis90ccxyvu"},"id":"pzncm48p95zj831","previousOperationId":"f24bv03ek67jw2v"}
{"type":"log","timestamp":1701090059820,"level":"info","message":"Rendering (child) request finished in 220 ms","meta":{"rootId":"gr9e08diesthvxs","id":"2huaeis90ccxyvu"},"id":"i7m0zzlhh7cq5zn","previousOperationId":"f24bv03ek67jw2v"}
{"type":"operationEnd","subtype":"render","operationId":"mjckhnhhw0r7iba","timestamp":1701090059820,"id":"5ozkf86ho73qq6t","previousEventId":"0834bov49w8b8im","previousOperationId":"f24bv03ek67jw2v"}
{"type":"operationEnd","operationId":"y6set3g7vt7y0dv","timestamp":1701090059824,"id":"nfrw1mrcve4iul7","previousEventId":"4v9fphe5jo0tdty","previousOperationId":"y6set3g7vt7y0dv"}
{"type":"log","timestamp":1701090059824,"level":"debug","message":"pdf-utils postproces start","meta":{"rootId":"gr9e08diesthvxs","id":"gr9e08diesthvxs"},"id":"df4j2st6fi535za","previousOperationId":"y6set3g7vt7y0dv"}
{"type":"log","timestamp":1701090059831,"level":"debug","message":"pdf-utils postproces end","meta":{"rootId":"gr9e08diesthvxs","id":"gr9e08diesthvxs"},"id":"en9puj4ywz19k5u","previousOperationId":"y6set3g7vt7y0dv"}
{"type":"operationEnd","operationId":"9vxkcgcfqziw2zk","timestamp":1701090059831,"id":"nqgyl358of9dn8j","previousEventId":"nfrw1mrcve4iul7","previousOperationId":"y6set3g7vt7y0dv"}
{"type":"log","timestamp":1701090059831,"level":"info","message":"pdf-utils pdf processing was finished","meta":{"rootId":"gr9e08diesthvxs","id":"gr9e08diesthvxs"},"id":"ao42fxlh6jf3m4u","previousOperationId":"9vxkcgcfqziw2zk"}
{"type":"log","timestamp":1701090059831,"level":"debug","message":"Skipping storing report.","meta":{"rootId":"gr9e08diesthvxs","id":"gr9e08diesthvxs"},"id":"1z5ra4aaxquvvw3","previousOperationId":"9vxkcgcfqziw2zk"}
{"type":"log","timestamp":1701090059832,"level":"info","message":"Rendering request 117 finished in 232 ms","meta":{"rootId":"gr9e08diesthvxs","id":"gr9e08diesthvxs"},"id":"peaq1jzisq871ej","previousOperationId":"9vxkcgcfqziw2zk"}
{"type":"operationEnd","subtype":"render","operationId":"eydqw5lz3cmks81","timestamp":1701090059832,"id":"7tbu9bx5yqrvf07","previousEventId":"nqgyl358of9dn8j","previousOperationId":"9vxkcgcfqziw2zk"}
{"type":"operationEnd","doDiffs":false,"previousEventId":"gvyf7yez4m3fh2n","previousOperationId":"hew16amgop0zsgf","operationId":"hew16amgop0zsgf","timestamp":1701090059834,"id":"o2uuhxsq5nrz1rp"}
