{"type":"operationStart","subtype":"profile","data":{"_id":"gZyTdd18vVSbuys2","timestamp":"2023-11-27T12:46:44.980Z","state":"queued","mode":"standard","creationDate":"2023-11-27T12:46:44.983Z","modificationDate":"2023-11-27T12:46:44.983Z","shortid":"K2zVYCr","$entitySet":"profiles"},"doDiffs":false,"timestamp":1701089204983,"id":"djxz1da9kwrp7q7","previousOperationId":null,"operationId":"sqk8d3nh6gqeuai"}
{"type":"log","level":"info","message":"Render request 111 queued for execution and waiting for available worker","previousOperationId":"sqk8d3nh6gqeuai","timestamp":1701089204983,"id":"zraeq8o5z2ugr46"}
{"type":"operationStart","subtype":"render","name":"sporazum_odgovorno","previousOperationId":"sqk8d3nh6gqeuai","timestamp":1701089204996,"id":"qghms6ee6jy1y1q","previousEventId":"djxz1da9kwrp7q7","operationId":"r9avszf1t9gmtns"}
{"type":"log","timestamp":1701089204996,"level":"info","message":"Starting rendering request 111","meta":{"rootId":"i425ltkf06sfky8","id":"i425ltkf06sfky8"},"id":"sm8g97akevvl45g","previousOperationId":"r9avszf1t9gmtns"}
{"type":"log","timestamp":1701089204997,"level":"info","message":"Rendering template { name: sporazum_odgovorno, recipe: chrome-pdf, engine: handlebars, preview: true }","meta":{"rootId":"i425ltkf06sfky8","id":"i425ltkf06sfky8"},"id":"veo2fpks9hgv5q7","previousOperationId":"r9avszf1t9gmtns"}
{"type":"log","timestamp":1701089204997,"level":"debug","message":"Inline data specified.","meta":{"rootId":"i425ltkf06sfky8","id":"i425ltkf06sfky8"},"id":"wn6u58yv2v3zcbq","previousOperationId":"r9avszf1t9gmtns"}
{"type":"log","timestamp":1701089204999,"level":"debug","message":"Base url not specified, skipping its injection.","meta":{"rootId":"i425ltkf06sfky8","id":"i425ltkf06sfky8"},"id":"g87wf5g0vr3iw79","previousOperationId":"r9avszf1t9gmtns"}
{"type":"operationStart","subtype":"engine","name":"handlebars","timestamp":1701089204999,"id":"h11u7hcvwc311g8","previousEventId":"qghms6ee6jy1y1q","operationId":"frbnaz0qafxxvnh","previousOperationId":"r9avszf1t9gmtns"}
{"type":"log","timestamp":1701089204999,"level":"debug","message":"Rendering engine handlebars","meta":{"rootId":"i425ltkf06sfky8","id":"i425ltkf06sfky8"},"id":"avioy4uqpt2455l","previousOperationId":"frbnaz0qafxxvnh"}
{"type":"operationEnd","operationId":"frbnaz0qafxxvnh","timestamp":1701089205024,"id":"3o8obs2lm97ggcz","previousEventId":"h11u7hcvwc311g8","previousOperationId":"frbnaz0qafxxvnh"}
{"type":"operationStart","subtype":"recipe","name":"chrome-pdf","timestamp":1701089205024,"id":"z9z15q77zh5klri","previousEventId":"3o8obs2lm97ggcz","operationId":"ql56kjw5mgb6qqc","previousOperationId":"frbnaz0qafxxvnh"}
{"type":"log","timestamp":1701089205024,"level":"debug","message":"Executing recipe chrome-pdf","meta":{"rootId":"i425ltkf06sfky8","id":"i425ltkf06sfky8"},"id":"cf14lmcv1hcseq4","previousOperationId":"ql56kjw5mgb6qqc"}
{"type":"log","timestamp":1701089205026,"level":"debug","message":"Converting with chrome HeadlessChrome/117.0.5938.149 using chrome-pool strategy","meta":{"rootId":"i425ltkf06sfky8","id":"i425ltkf06sfky8"},"id":"nky51g5uvyuo9p5","previousOperationId":"ql56kjw5mgb6qqc"}
{"type":"log","timestamp":1701089205077,"level":"debug","message":"Page request: GET (document) file:///var/folders/dp/qk79pfcj0y1fmtkkl08m76rc0000gn/T/jsreport/autocleanup/2ea623cf-c1e3-4ba1-b073-cfd1e7eb9859-chrome-pdf.html","meta":{"rootId":"i425ltkf06sfky8","id":"i425ltkf06sfky8"},"id":"n3mgr904mhfr5yh","previousOperationId":"ql56kjw5mgb6qqc"}
{"type":"log","timestamp":1701089205081,"level":"debug","message":"Page request finished: GET (document) 200 file:///var/folders/dp/qk79pfcj0y1fmtkkl08m76rc0000gn/T/jsreport/autocleanup/2ea623cf-c1e3-4ba1-b073-cfd1e7eb9859-chrome-pdf.html","meta":{"rootId":"i425ltkf06sfky8","id":"i425ltkf06sfky8"},"id":"d6hym9ttl5z190s","previousOperationId":"ql56kjw5mgb6qqc"}
{"type":"log","timestamp":1701089205091,"level":"debug","message":"Running chrome with params {\"printBackground\":true,\"format\":\"a4\",\"marginTop\":\"2cm\",\"marginBottom\":\"2cm\",\"timeout\":59955,\"margin\":{\"top\":\"2cm\",\"bottom\":\"2cm\"}}","meta":{"rootId":"i425ltkf06sfky8","id":"i425ltkf06sfky8"},"id":"dt3rqy6eurr6zql","previousOperationId":"ql56kjw5mgb6qqc"}
{"type":"operationEnd","operationId":"ql56kjw5mgb6qqc","timestamp":1701089205117,"id":"ufqv1qjiashn0k7","previousEventId":"z9z15q77zh5klri","previousOperationId":"ql56kjw5mgb6qqc"}
{"type":"log","timestamp":1701089205117,"level":"info","message":"pdf-utils is starting pdf processing","meta":{"rootId":"i425ltkf06sfky8","id":"i425ltkf06sfky8"},"id":"1g3lqetg3cz6gca","previousOperationId":"ql56kjw5mgb6qqc"}
{"type":"operationStart","subtype":"pdfUtils","name":"pdf utils","timestamp":1701089205117,"id":"y9pork28ar4jupo","previousEventId":"ufqv1qjiashn0k7","operationId":"95fwtceslgp6kqz","previousOperationId":"ql56kjw5mgb6qqc"}
{"type":"log","timestamp":1701089205117,"level":"debug","message":"pdf-utils detected 1 pdf operation(s) to process","meta":{"rootId":"i425ltkf06sfky8","id":"i425ltkf06sfky8"},"id":"yrrenv74y2fmsxt","previousOperationId":"95fwtceslgp6kqz"}
{"type":"log","timestamp":1701089205138,"level":"debug","message":"pdf-utils running pdf operation merge","meta":{"rootId":"i425ltkf06sfky8","id":"i425ltkf06sfky8"},"id":"omcy14t5moyn04i","previousOperationId":"95fwtceslgp6kqz"}
{"type":"operationStart","subtype":"pdfUtilsMerge","name":"pdf utils merge","previousOperationId":"95fwtceslgp6kqz","timestamp":1701089205138,"id":"pm2sg7a2okjpbgw","previousEventId":"y9pork28ar4jupo","operationId":"d5yxhn523jlfl0x"}
{"type":"operationStart","subtype":"render","name":"header-footer","previousOperationId":"d5yxhn523jlfl0x","timestamp":1701089205139,"id":"ue7lvft7vtinuj0","previousEventId":"pm2sg7a2okjpbgw","operationId":"souimo9rbpctsh0"}
{"type":"log","timestamp":1701089205139,"level":"info","message":"Starting rendering (child) request","meta":{"rootId":"i425ltkf06sfky8","id":"gs7et36b39kap6w"},"id":"j231dw7xjjvge3c","previousOperationId":"souimo9rbpctsh0"}
{"type":"log","timestamp":1701089205139,"level":"info","message":"Rendering template { name: header-footer, recipe: chrome-pdf, engine: handlebars, preview: true }","meta":{"rootId":"i425ltkf06sfky8","id":"gs7et36b39kap6w"},"id":"eymdktn3425a1fp","previousOperationId":"souimo9rbpctsh0"}
{"type":"log","timestamp":1701089205139,"level":"debug","message":"Inline data specified.","meta":{"rootId":"i425ltkf06sfky8","id":"gs7et36b39kap6w"},"id":"xexykxh4wq4ynh4","previousOperationId":"souimo9rbpctsh0"}
{"type":"log","timestamp":1701089205139,"level":"debug","message":"Base url not specified, skipping its injection.","meta":{"rootId":"i425ltkf06sfky8","id":"gs7et36b39kap6w"},"id":"bgurmqhjsz8dntk","previousOperationId":"souimo9rbpctsh0"}
{"type":"operationStart","subtype":"engine","name":"handlebars","timestamp":1701089205139,"id":"7y8xvrlgvjyduxg","previousEventId":"ue7lvft7vtinuj0","operationId":"jh4phvzjjvttmw0","previousOperationId":"souimo9rbpctsh0"}
{"type":"log","timestamp":1701089205139,"level":"debug","message":"Rendering engine handlebars","meta":{"rootId":"i425ltkf06sfky8","id":"gs7et36b39kap6w"},"id":"bkq3t3los4hk95g","previousOperationId":"jh4phvzjjvttmw0"}
{"type":"operationEnd","operationId":"jh4phvzjjvttmw0","timestamp":1701089205143,"id":"26lipfpn24ifygp","previousEventId":"7y8xvrlgvjyduxg","previousOperationId":"jh4phvzjjvttmw0"}
{"type":"operationStart","subtype":"recipe","name":"chrome-pdf","timestamp":1701089205143,"id":"xzo28yd6znas406","previousEventId":"26lipfpn24ifygp","operationId":"rl04rqwperj6tog","previousOperationId":"jh4phvzjjvttmw0"}
{"type":"log","timestamp":1701089205143,"level":"debug","message":"Executing recipe chrome-pdf","meta":{"rootId":"i425ltkf06sfky8","id":"gs7et36b39kap6w"},"id":"a7j0dlxkl7zwj4e","previousOperationId":"rl04rqwperj6tog"}
{"type":"log","timestamp":1701089205144,"level":"debug","message":"Converting with chrome HeadlessChrome/117.0.5938.149 using chrome-pool strategy","meta":{"rootId":"i425ltkf06sfky8","id":"gs7et36b39kap6w"},"id":"okjve1efdnbia1n","previousOperationId":"rl04rqwperj6tog"}
{"type":"log","timestamp":1701089205187,"level":"debug","message":"Page request: GET (document) file:///var/folders/dp/qk79pfcj0y1fmtkkl08m76rc0000gn/T/jsreport/autocleanup/cc40dc11-5947-4e84-a555-381f994a3e65-chrome-pdf.html","meta":{"rootId":"i425ltkf06sfky8","id":"gs7et36b39kap6w"},"id":"u1ctfzk1phq89l3","previousOperationId":"rl04rqwperj6tog"}
{"type":"log","timestamp":1701089205193,"level":"debug","message":"Page request finished: GET (document) 200 file:///var/folders/dp/qk79pfcj0y1fmtkkl08m76rc0000gn/T/jsreport/autocleanup/cc40dc11-5947-4e84-a555-381f994a3e65-chrome-pdf.html","meta":{"rootId":"i425ltkf06sfky8","id":"gs7et36b39kap6w"},"id":"j4b6rl05kemq1d3","previousOperationId":"rl04rqwperj6tog"}
{"type":"log","timestamp":1701089205202,"level":"debug","message":"Running chrome with params {\"timeout\":59836,\"margin\":{},\"printBackground\":true}","meta":{"rootId":"i425ltkf06sfky8","id":"gs7et36b39kap6w"},"id":"tzrc9rnxwhevng6","previousOperationId":"rl04rqwperj6tog"}
{"type":"operationEnd","operationId":"rl04rqwperj6tog","timestamp":1701089205208,"id":"kz5e13ppxqfph1m","previousEventId":"xzo28yd6znas406","previousOperationId":"rl04rqwperj6tog"}
{"type":"log","timestamp":1701089205208,"level":"debug","message":"Skipping storing report.","meta":{"rootId":"i425ltkf06sfky8","id":"gs7et36b39kap6w"},"id":"bseg2tjjqtqic8k","previousOperationId":"rl04rqwperj6tog"}
{"type":"log","timestamp":1701089205208,"level":"info","message":"Rendering (child) request finished in 228 ms","meta":{"rootId":"i425ltkf06sfky8","id":"gs7et36b39kap6w"},"id":"j6krkjgsfowqhee","previousOperationId":"rl04rqwperj6tog"}
{"type":"operationEnd","subtype":"render","operationId":"souimo9rbpctsh0","timestamp":1701089205208,"id":"yuqz1kylrgp05wr","previousEventId":"kz5e13ppxqfph1m","previousOperationId":"rl04rqwperj6tog"}
{"type":"operationEnd","operationId":"d5yxhn523jlfl0x","timestamp":1701089205212,"id":"nmnreltk60phsio","previousEventId":"pm2sg7a2okjpbgw","previousOperationId":"d5yxhn523jlfl0x"}
{"type":"log","timestamp":1701089205212,"level":"debug","message":"pdf-utils postproces start","meta":{"rootId":"i425ltkf06sfky8","id":"i425ltkf06sfky8"},"id":"q793efp7acgw5fe","previousOperationId":"d5yxhn523jlfl0x"}
{"type":"log","timestamp":1701089205219,"level":"debug","message":"pdf-utils postproces end","meta":{"rootId":"i425ltkf06sfky8","id":"i425ltkf06sfky8"},"id":"3b19s33o9l09lx6","previousOperationId":"d5yxhn523jlfl0x"}
{"type":"operationEnd","operationId":"95fwtceslgp6kqz","timestamp":1701089205219,"id":"nznsser56npdrsy","previousEventId":"nmnreltk60phsio","previousOperationId":"d5yxhn523jlfl0x"}
{"type":"log","timestamp":1701089205219,"level":"info","message":"pdf-utils pdf processing was finished","meta":{"rootId":"i425ltkf06sfky8","id":"i425ltkf06sfky8"},"id":"akfqb6fgzbvh6d1","previousOperationId":"95fwtceslgp6kqz"}
{"type":"log","timestamp":1701089205219,"level":"debug","message":"Skipping storing report.","meta":{"rootId":"i425ltkf06sfky8","id":"i425ltkf06sfky8"},"id":"ws4kqswhgwgx3xt","previousOperationId":"95fwtceslgp6kqz"}
{"type":"log","timestamp":1701089205219,"level":"info","message":"Rendering request 111 finished in 239 ms","meta":{"rootId":"i425ltkf06sfky8","id":"i425ltkf06sfky8"},"id":"pkykv5961g8h5ew","previousOperationId":"95fwtceslgp6kqz"}
{"type":"operationEnd","subtype":"render","operationId":"r9avszf1t9gmtns","timestamp":1701089205219,"id":"kzueju7rpjjybpu","previousEventId":"nznsser56npdrsy","previousOperationId":"95fwtceslgp6kqz"}
{"type":"operationEnd","doDiffs":false,"previousEventId":"djxz1da9kwrp7q7","previousOperationId":"sqk8d3nh6gqeuai","operationId":"sqk8d3nh6gqeuai","timestamp":1701089205220,"id":"ekk5gp6utwmr3r9"}
