{"type":"operationStart","subtype":"profile","data":{"_id":"XBDYRUiUAb40weBd","timestamp":"2023-11-27T12:36:12.942Z","state":"queued","mode":"standard","creationDate":"2023-11-27T12:36:12.944Z","modificationDate":"2023-11-27T12:36:12.944Z","shortid":"lw8bt-9","$entitySet":"profiles"},"doDiffs":false,"timestamp":1701088572943,"id":"10bihtre4cac6ro","previousOperationId":null,"operationId":"0f8xxzoj690994v"}
{"type":"log","level":"info","message":"Render request 109 queued for execution and waiting for available worker","previousOperationId":"0f8xxzoj690994v","timestamp":1701088572943,"id":"66vy8byahxyd9mj"}
{"type":"operationStart","subtype":"render","name":"sporazum_odgovorno","previousOperationId":"0f8xxzoj690994v","timestamp":1701088572954,"id":"lmkykn1tutkscve","previousEventId":"10bihtre4cac6ro","operationId":"50vkdka5lb4n0dz"}
{"type":"log","timestamp":1701088572954,"level":"info","message":"Starting rendering request 109","meta":{"rootId":"jcdrm2fjtf26jxc","id":"jcdrm2fjtf26jxc"},"id":"rw1gxpk7pt3byu7","previousOperationId":"50vkdka5lb4n0dz"}
{"type":"log","timestamp":1701088572955,"level":"info","message":"Rendering template { name: sporazum_odgovorno, recipe: chrome-pdf, engine: handlebars, preview: true }","meta":{"rootId":"jcdrm2fjtf26jxc","id":"jcdrm2fjtf26jxc"},"id":"738wb17pdj3o6ud","previousOperationId":"50vkdka5lb4n0dz"}
{"type":"log","timestamp":1701088572956,"level":"debug","message":"Adding sample data BBCHzcseQ","meta":{"rootId":"jcdrm2fjtf26jxc","id":"jcdrm2fjtf26jxc"},"id":"69s564vykxyshvd","previousOperationId":"50vkdka5lb4n0dz"}
{"type":"log","timestamp":1701088572958,"level":"debug","message":"Base url not specified, skipping its injection.","meta":{"rootId":"jcdrm2fjtf26jxc","id":"jcdrm2fjtf26jxc"},"id":"2lgm5wfnxnd73yk","previousOperationId":"50vkdka5lb4n0dz"}
{"type":"operationStart","subtype":"engine","name":"handlebars","timestamp":1701088572958,"id":"ac7lxwacmmj6gzb","previousEventId":"lmkykn1tutkscve","operationId":"e5bvhrsbs3af4fk","previousOperationId":"50vkdka5lb4n0dz"}
{"type":"log","timestamp":1701088572958,"level":"debug","message":"Rendering engine handlebars","meta":{"rootId":"jcdrm2fjtf26jxc","id":"jcdrm2fjtf26jxc"},"id":"so3t9pcjh0w8eba","previousOperationId":"e5bvhrsbs3af4fk"}
{"type":"operationEnd","operationId":"e5bvhrsbs3af4fk","timestamp":1701088572981,"id":"9uiinslc75n0d0i","previousEventId":"ac7lxwacmmj6gzb","previousOperationId":"e5bvhrsbs3af4fk"}
{"type":"operationStart","subtype":"recipe","name":"chrome-pdf","timestamp":1701088572982,"id":"0jnoem6n0cr8qxk","previousEventId":"9uiinslc75n0d0i","operationId":"v0ltssef0k3umtq","previousOperationId":"e5bvhrsbs3af4fk"}
{"type":"log","timestamp":1701088572982,"level":"debug","message":"Executing recipe chrome-pdf","meta":{"rootId":"jcdrm2fjtf26jxc","id":"jcdrm2fjtf26jxc"},"id":"n597y4gf7voixvs","previousOperationId":"v0ltssef0k3umtq"}
{"type":"log","timestamp":1701088572987,"level":"debug","message":"Converting with chrome HeadlessChrome/117.0.5938.149 using chrome-pool strategy","meta":{"rootId":"jcdrm2fjtf26jxc","id":"jcdrm2fjtf26jxc"},"id":"etd3g9gql6blr1m","previousOperationId":"v0ltssef0k3umtq"}
{"type":"log","timestamp":1701088573039,"level":"debug","message":"Page request: GET (document) file:///var/folders/dp/qk79pfcj0y1fmtkkl08m76rc0000gn/T/jsreport/autocleanup/b4073b09-086e-4a71-aa6d-36e34039997f-chrome-pdf.html","meta":{"rootId":"jcdrm2fjtf26jxc","id":"jcdrm2fjtf26jxc"},"id":"y1rcjgug6lm6tr8","previousOperationId":"v0ltssef0k3umtq"}
{"type":"log","timestamp":1701088573044,"level":"debug","message":"Page request finished: GET (document) 200 file:///var/folders/dp/qk79pfcj0y1fmtkkl08m76rc0000gn/T/jsreport/autocleanup/b4073b09-086e-4a71-aa6d-36e34039997f-chrome-pdf.html","meta":{"rootId":"jcdrm2fjtf26jxc","id":"jcdrm2fjtf26jxc"},"id":"n1r00tutfjrz7qt","previousOperationId":"v0ltssef0k3umtq"}
{"type":"log","timestamp":1701088573051,"level":"debug","message":"Running chrome with params {\"printBackground\":true,\"format\":\"a4\",\"marginTop\":\"2cm\",\"marginBottom\":\"2cm\",\"timeout\":59957,\"margin\":{\"top\":\"2cm\",\"bottom\":\"2cm\"}}","meta":{"rootId":"jcdrm2fjtf26jxc","id":"jcdrm2fjtf26jxc"},"id":"68l9lcirnekyuiz","previousOperationId":"v0ltssef0k3umtq"}
{"type":"operationEnd","operationId":"v0ltssef0k3umtq","timestamp":1701088573072,"id":"i9yhohk4od8bmdr","previousEventId":"0jnoem6n0cr8qxk","previousOperationId":"v0ltssef0k3umtq"}
{"type":"log","timestamp":1701088573072,"level":"info","message":"pdf-utils is starting pdf processing","meta":{"rootId":"jcdrm2fjtf26jxc","id":"jcdrm2fjtf26jxc"},"id":"fouwdoesmij4ij6","previousOperationId":"v0ltssef0k3umtq"}
{"type":"operationStart","subtype":"pdfUtils","name":"pdf utils","timestamp":1701088573072,"id":"cy36lerfwagj86w","previousEventId":"i9yhohk4od8bmdr","operationId":"ara0wetni767q2x","previousOperationId":"v0ltssef0k3umtq"}
{"type":"log","timestamp":1701088573072,"level":"debug","message":"pdf-utils detected 1 pdf operation(s) to process","meta":{"rootId":"jcdrm2fjtf26jxc","id":"jcdrm2fjtf26jxc"},"id":"6fz0g88bpnr24ki","previousOperationId":"ara0wetni767q2x"}
{"type":"log","timestamp":1701088573095,"level":"debug","message":"pdf-utils running pdf operation merge","meta":{"rootId":"jcdrm2fjtf26jxc","id":"jcdrm2fjtf26jxc"},"id":"w82m3cjep5irght","previousOperationId":"ara0wetni767q2x"}
{"type":"operationStart","subtype":"pdfUtilsMerge","name":"pdf utils merge","previousOperationId":"ara0wetni767q2x","timestamp":1701088573095,"id":"y55fyba6sa2vlsm","previousEventId":"cy36lerfwagj86w","operationId":"hwaxga8qaa5i7k4"}
{"type":"operationStart","subtype":"render","name":"header-footer","previousOperationId":"hwaxga8qaa5i7k4","timestamp":1701088573095,"id":"wqestvus66wa0m6","previousEventId":"y55fyba6sa2vlsm","operationId":"z46odd392h3duep"}
{"type":"log","timestamp":1701088573095,"level":"info","message":"Starting rendering (child) request","meta":{"rootId":"jcdrm2fjtf26jxc","id":"scabjcnquyvq7gn"},"id":"dpxxhtofyrycrs4","previousOperationId":"z46odd392h3duep"}
{"type":"log","timestamp":1701088573095,"level":"info","message":"Rendering template { name: header-footer, recipe: chrome-pdf, engine: handlebars, preview: true }","meta":{"rootId":"jcdrm2fjtf26jxc","id":"scabjcnquyvq7gn"},"id":"rn04279wzfpufzu","previousOperationId":"z46odd392h3duep"}
{"type":"log","timestamp":1701088573095,"level":"debug","message":"Inline data specified.","meta":{"rootId":"jcdrm2fjtf26jxc","id":"scabjcnquyvq7gn"},"id":"6kkf2xfauv3kojo","previousOperationId":"z46odd392h3duep"}
{"type":"log","timestamp":1701088573096,"level":"debug","message":"Base url not specified, skipping its injection.","meta":{"rootId":"jcdrm2fjtf26jxc","id":"scabjcnquyvq7gn"},"id":"dd5fo4vbky2eoz8","previousOperationId":"z46odd392h3duep"}
{"type":"operationStart","subtype":"engine","name":"handlebars","timestamp":1701088573096,"id":"mcl1c0j2y7axsr5","previousEventId":"wqestvus66wa0m6","operationId":"itm3cfmvtx4kj5t","previousOperationId":"z46odd392h3duep"}
{"type":"log","timestamp":1701088573096,"level":"debug","message":"Rendering engine handlebars","meta":{"rootId":"jcdrm2fjtf26jxc","id":"scabjcnquyvq7gn"},"id":"rd7jn05rdfl4nqk","previousOperationId":"itm3cfmvtx4kj5t"}
{"type":"operationEnd","operationId":"itm3cfmvtx4kj5t","timestamp":1701088573099,"id":"129yjberoswyy0o","previousEventId":"mcl1c0j2y7axsr5","previousOperationId":"itm3cfmvtx4kj5t"}
{"type":"operationStart","subtype":"recipe","name":"chrome-pdf","timestamp":1701088573099,"id":"1sdc6hsh1bpurqn","previousEventId":"129yjberoswyy0o","operationId":"pbd5e3lqra4gkq0","previousOperationId":"itm3cfmvtx4kj5t"}
{"type":"log","timestamp":1701088573099,"level":"debug","message":"Executing recipe chrome-pdf","meta":{"rootId":"jcdrm2fjtf26jxc","id":"scabjcnquyvq7gn"},"id":"jyd9vakj1z6v61w","previousOperationId":"pbd5e3lqra4gkq0"}
{"type":"log","timestamp":1701088573100,"level":"debug","message":"Converting with chrome HeadlessChrome/117.0.5938.149 using chrome-pool strategy","meta":{"rootId":"jcdrm2fjtf26jxc","id":"scabjcnquyvq7gn"},"id":"ecyxy15fla0rmbj","previousOperationId":"pbd5e3lqra4gkq0"}
{"type":"log","timestamp":1701088573136,"level":"debug","message":"Page request: GET (document) file:///var/folders/dp/qk79pfcj0y1fmtkkl08m76rc0000gn/T/jsreport/autocleanup/d48423e4-4f42-4818-8c4f-4bf795f8d512-chrome-pdf.html","meta":{"rootId":"jcdrm2fjtf26jxc","id":"scabjcnquyvq7gn"},"id":"4gxbjvktdez11sv","previousOperationId":"pbd5e3lqra4gkq0"}
{"type":"log","timestamp":1701088573141,"level":"debug","message":"Page request finished: GET (document) 200 file:///var/folders/dp/qk79pfcj0y1fmtkkl08m76rc0000gn/T/jsreport/autocleanup/d48423e4-4f42-4818-8c4f-4bf795f8d512-chrome-pdf.html","meta":{"rootId":"jcdrm2fjtf26jxc","id":"scabjcnquyvq7gn"},"id":"7tz57uqnec6ed62","previousOperationId":"pbd5e3lqra4gkq0"}
{"type":"log","timestamp":1701088573150,"level":"debug","message":"Running chrome with params {\"timeout\":59843,\"margin\":{},\"printBackground\":true}","meta":{"rootId":"jcdrm2fjtf26jxc","id":"scabjcnquyvq7gn"},"id":"q68frz13ar2nhcs","previousOperationId":"pbd5e3lqra4gkq0"}
{"type":"operationEnd","operationId":"pbd5e3lqra4gkq0","timestamp":1701088573155,"id":"po9y5htsmvpw4vt","previousEventId":"1sdc6hsh1bpurqn","previousOperationId":"pbd5e3lqra4gkq0"}
{"type":"log","timestamp":1701088573155,"level":"debug","message":"Skipping storing report.","meta":{"rootId":"jcdrm2fjtf26jxc","id":"scabjcnquyvq7gn"},"id":"xqovjii2lpkmjdl","previousOperationId":"pbd5e3lqra4gkq0"}
{"type":"log","timestamp":1701088573155,"level":"info","message":"Rendering (child) request finished in 213 ms","meta":{"rootId":"jcdrm2fjtf26jxc","id":"scabjcnquyvq7gn"},"id":"10ju2zsqb8fsjz8","previousOperationId":"pbd5e3lqra4gkq0"}
{"type":"operationEnd","subtype":"render","operationId":"z46odd392h3duep","timestamp":1701088573155,"id":"i4mq7072gxbpzew","previousEventId":"po9y5htsmvpw4vt","previousOperationId":"pbd5e3lqra4gkq0"}
{"type":"operationEnd","operationId":"hwaxga8qaa5i7k4","timestamp":1701088573160,"id":"uk2rg11rxya713b","previousEventId":"y55fyba6sa2vlsm","previousOperationId":"hwaxga8qaa5i7k4"}
{"type":"log","timestamp":1701088573160,"level":"debug","message":"pdf-utils postproces start","meta":{"rootId":"jcdrm2fjtf26jxc","id":"jcdrm2fjtf26jxc"},"id":"nontqre3k394o9r","previousOperationId":"hwaxga8qaa5i7k4"}
{"type":"log","timestamp":1701088573166,"level":"debug","message":"pdf-utils postproces end","meta":{"rootId":"jcdrm2fjtf26jxc","id":"jcdrm2fjtf26jxc"},"id":"mm2eyujtqm5yh2p","previousOperationId":"hwaxga8qaa5i7k4"}
{"type":"operationEnd","operationId":"ara0wetni767q2x","timestamp":1701088573166,"id":"ueigb5ndp4383uy","previousEventId":"uk2rg11rxya713b","previousOperationId":"hwaxga8qaa5i7k4"}
{"type":"log","timestamp":1701088573166,"level":"info","message":"pdf-utils pdf processing was finished","meta":{"rootId":"jcdrm2fjtf26jxc","id":"jcdrm2fjtf26jxc"},"id":"lcllwa19b95axae","previousOperationId":"ara0wetni767q2x"}
{"type":"log","timestamp":1701088573166,"level":"debug","message":"Skipping storing report.","meta":{"rootId":"jcdrm2fjtf26jxc","id":"jcdrm2fjtf26jxc"},"id":"3ygy3mx1io1ocac","previousOperationId":"ara0wetni767q2x"}
{"type":"log","timestamp":1701088573166,"level":"info","message":"Rendering request 109 finished in 224 ms","meta":{"rootId":"jcdrm2fjtf26jxc","id":"jcdrm2fjtf26jxc"},"id":"ipyqvmxfya6h955","previousOperationId":"ara0wetni767q2x"}
{"type":"operationEnd","subtype":"render","operationId":"50vkdka5lb4n0dz","timestamp":1701088573166,"id":"kbeu1bwhwj5vanb","previousEventId":"ueigb5ndp4383uy","previousOperationId":"ara0wetni767q2x"}
{"type":"operationEnd","doDiffs":false,"previousEventId":"10bihtre4cac6ro","previousOperationId":"0f8xxzoj690994v","operationId":"0f8xxzoj690994v","timestamp":1701088573168,"id":"reijun5222gvxqh"}
