{"type":"operationStart","subtype":"profile","data":{"_id":"aHBY5WMEMErho60E","timestamp":"2023-11-27T16:06:41.110Z","state":"queued","mode":"standard","creationDate":"2023-11-27T16:06:41.112Z","modificationDate":"2023-11-27T16:06:41.112Z","shortid":"pZ9lGpp","$entitySet":"profiles"},"doDiffs":false,"timestamp":1701101201111,"id":"8b22u1zbw5rdq8b","previousOperationId":null,"operationId":"f1ha5yf5eyawtop"}
{"type":"log","level":"info","message":"Render request 170 queued for execution and waiting for available worker","previousOperationId":"f1ha5yf5eyawtop","timestamp":1701101201112,"id":"0q4zq5vlv7hz6jv"}
{"type":"operationStart","subtype":"render","name":"sporazum_odgovorno","previousOperationId":"f1ha5yf5eyawtop","timestamp":1701101201116,"id":"2ey56m8yg7gu7rv","previousEventId":"8b22u1zbw5rdq8b","operationId":"dfjys7u35la36p3"}
{"type":"log","timestamp":1701101201116,"level":"info","message":"Starting rendering request 170","meta":{"rootId":"kx3vn56cfzuzk2j","id":"kx3vn56cfzuzk2j"},"id":"lykmdqx702cuv58","previousOperationId":"dfjys7u35la36p3"}
{"type":"log","timestamp":1701101201117,"level":"info","message":"Rendering template { name: sporazum_odgovorno, recipe: chrome-pdf, engine: handlebars, preview: true }","meta":{"rootId":"kx3vn56cfzuzk2j","id":"kx3vn56cfzuzk2j"},"id":"xtn1779nkmp7roc","previousOperationId":"dfjys7u35la36p3"}
{"type":"log","timestamp":1701101201117,"level":"debug","message":"Inline data specified.","meta":{"rootId":"kx3vn56cfzuzk2j","id":"kx3vn56cfzuzk2j"},"id":"err70y365l9e6js","previousOperationId":"dfjys7u35la36p3"}
{"type":"log","timestamp":1701101201118,"level":"debug","message":"Base url not specified, skipping its injection.","meta":{"rootId":"kx3vn56cfzuzk2j","id":"kx3vn56cfzuzk2j"},"id":"aqoqdo6kfd3ms0g","previousOperationId":"dfjys7u35la36p3"}
{"type":"operationStart","subtype":"engine","name":"handlebars","timestamp":1701101201118,"id":"6yps5z99t9xvvei","previousEventId":"2ey56m8yg7gu7rv","operationId":"2j1gwsqgamuyb1m","previousOperationId":"dfjys7u35la36p3"}
{"type":"log","timestamp":1701101201118,"level":"debug","message":"Rendering engine handlebars","meta":{"rootId":"kx3vn56cfzuzk2j","id":"kx3vn56cfzuzk2j"},"id":"sqdi24xru3saq5n","previousOperationId":"2j1gwsqgamuyb1m"}
{"type":"operationEnd","operationId":"2j1gwsqgamuyb1m","timestamp":1701101201132,"id":"s1qcj6cjv8ycai6","previousEventId":"6yps5z99t9xvvei","previousOperationId":"2j1gwsqgamuyb1m"}
{"type":"operationStart","subtype":"recipe","name":"chrome-pdf","timestamp":1701101201133,"id":"dztgeqsijcs8y7m","previousEventId":"s1qcj6cjv8ycai6","operationId":"1ejutn3uhbew3l1","previousOperationId":"2j1gwsqgamuyb1m"}
{"type":"log","timestamp":1701101201133,"level":"debug","message":"Executing recipe chrome-pdf","meta":{"rootId":"kx3vn56cfzuzk2j","id":"kx3vn56cfzuzk2j"},"id":"x1avn41zhocht9b","previousOperationId":"1ejutn3uhbew3l1"}
{"type":"log","timestamp":1701101201479,"level":"debug","message":"Converting with chrome HeadlessChrome/117.0.5938.149 using chrome-pool strategy","meta":{"rootId":"kx3vn56cfzuzk2j","id":"kx3vn56cfzuzk2j"},"id":"lli8jjbejtj6vgv","previousOperationId":"1ejutn3uhbew3l1"}
{"type":"log","timestamp":1701101201543,"level":"debug","message":"Page request: GET (document) file:///var/folders/dp/qk79pfcj0y1fmtkkl08m76rc0000gn/T/jsreport/autocleanup/6cc3ac0c-ec74-46b4-be80-9198b5c5bacb-chrome-pdf.html","meta":{"rootId":"kx3vn56cfzuzk2j","id":"kx3vn56cfzuzk2j"},"id":"z3fsliqfqqaq92i","previousOperationId":"1ejutn3uhbew3l1"}
{"type":"log","timestamp":1701101201549,"level":"debug","message":"Page request finished: GET (document) 200 file:///var/folders/dp/qk79pfcj0y1fmtkkl08m76rc0000gn/T/jsreport/autocleanup/6cc3ac0c-ec74-46b4-be80-9198b5c5bacb-chrome-pdf.html","meta":{"rootId":"kx3vn56cfzuzk2j","id":"kx3vn56cfzuzk2j"},"id":"mrpp5hmtz7x0t63","previousOperationId":"1ejutn3uhbew3l1"}
{"type":"log","timestamp":1701101201559,"level":"debug","message":"Running chrome with params {\"printBackground\":true,\"format\":\"a4\",\"marginTop\":\"2cm\",\"marginBottom\":\"2cm\",\"timeout\":59976,\"margin\":{\"top\":\"2cm\",\"bottom\":\"2cm\"}}","meta":{"rootId":"kx3vn56cfzuzk2j","id":"kx3vn56cfzuzk2j"},"id":"0kp80ry1wzl8e4p","previousOperationId":"1ejutn3uhbew3l1"}
{"type":"operationEnd","operationId":"1ejutn3uhbew3l1","timestamp":1701101201580,"id":"ev6t37p760bmjax","previousEventId":"dztgeqsijcs8y7m","previousOperationId":"1ejutn3uhbew3l1"}
{"type":"log","timestamp":1701101201580,"level":"info","message":"pdf-utils is starting pdf processing","meta":{"rootId":"kx3vn56cfzuzk2j","id":"kx3vn56cfzuzk2j"},"id":"gt1r0z4ft6cprtu","previousOperationId":"1ejutn3uhbew3l1"}
{"type":"operationStart","subtype":"pdfUtils","name":"pdf utils","timestamp":1701101201580,"id":"id0lr93h6pbr1jf","previousEventId":"ev6t37p760bmjax","operationId":"9pkczdsicb7jhbk","previousOperationId":"1ejutn3uhbew3l1"}
{"type":"log","timestamp":1701101201580,"level":"debug","message":"pdf-utils detected 1 pdf operation(s) to process","meta":{"rootId":"kx3vn56cfzuzk2j","id":"kx3vn56cfzuzk2j"},"id":"yzc7ltnsqzmgey8","previousOperationId":"9pkczdsicb7jhbk"}
{"type":"log","timestamp":1701101201616,"level":"debug","message":"pdf-utils running pdf operation merge","meta":{"rootId":"kx3vn56cfzuzk2j","id":"kx3vn56cfzuzk2j"},"id":"uhvlbfqs3cqldfi","previousOperationId":"9pkczdsicb7jhbk"}
{"type":"operationStart","subtype":"pdfUtilsMerge","name":"pdf utils merge","previousOperationId":"9pkczdsicb7jhbk","timestamp":1701101201616,"id":"ssfkv0kzmlyxzyg","previousEventId":"id0lr93h6pbr1jf","operationId":"hepd2vhu3fistf7"}
{"type":"operationStart","subtype":"render","name":"header-footer","previousOperationId":"hepd2vhu3fistf7","timestamp":1701101201616,"id":"ewwkmkuxngz5wz5","previousEventId":"ssfkv0kzmlyxzyg","operationId":"b8zhc6ta7x0elxy"}
{"type":"log","timestamp":1701101201616,"level":"info","message":"Starting rendering (child) request","meta":{"rootId":"kx3vn56cfzuzk2j","id":"mis7li1n48ta86u"},"id":"5h3b0mqmziua7n3","previousOperationId":"b8zhc6ta7x0elxy"}
{"type":"log","timestamp":1701101201616,"level":"info","message":"Rendering template { name: header-footer, recipe: chrome-pdf, engine: handlebars, preview: true }","meta":{"rootId":"kx3vn56cfzuzk2j","id":"mis7li1n48ta86u"},"id":"rq6ufxvyk23x5w7","previousOperationId":"b8zhc6ta7x0elxy"}
{"type":"log","timestamp":1701101201616,"level":"debug","message":"Inline data specified.","meta":{"rootId":"kx3vn56cfzuzk2j","id":"mis7li1n48ta86u"},"id":"mclxev9kcr60w1p","previousOperationId":"b8zhc6ta7x0elxy"}
{"type":"log","timestamp":1701101201617,"level":"debug","message":"Base url not specified, skipping its injection.","meta":{"rootId":"kx3vn56cfzuzk2j","id":"mis7li1n48ta86u"},"id":"8udi46xxikrrjz4","previousOperationId":"b8zhc6ta7x0elxy"}
{"type":"operationStart","subtype":"engine","name":"handlebars","timestamp":1701101201617,"id":"v2336hrear7ukaz","previousEventId":"ewwkmkuxngz5wz5","operationId":"d43jr3ita37a6bz","previousOperationId":"b8zhc6ta7x0elxy"}
{"type":"log","timestamp":1701101201617,"level":"debug","message":"Rendering engine handlebars","meta":{"rootId":"kx3vn56cfzuzk2j","id":"mis7li1n48ta86u"},"id":"ceonpi0853fungg","previousOperationId":"d43jr3ita37a6bz"}
{"type":"operationEnd","operationId":"d43jr3ita37a6bz","timestamp":1701101201624,"id":"edz10wn54x9vd4j","previousEventId":"v2336hrear7ukaz","previousOperationId":"d43jr3ita37a6bz"}
{"type":"operationStart","subtype":"recipe","name":"chrome-pdf","timestamp":1701101201625,"id":"9ln1ck93y6d18ky","previousEventId":"edz10wn54x9vd4j","operationId":"0cuws6onvbm4wwe","previousOperationId":"d43jr3ita37a6bz"}
{"type":"log","timestamp":1701101201625,"level":"debug","message":"Executing recipe chrome-pdf","meta":{"rootId":"kx3vn56cfzuzk2j","id":"mis7li1n48ta86u"},"id":"1lk5zxofsej229f","previousOperationId":"0cuws6onvbm4wwe"}
{"type":"log","timestamp":1701101201626,"level":"debug","message":"Converting with chrome HeadlessChrome/117.0.5938.149 using chrome-pool strategy","meta":{"rootId":"kx3vn56cfzuzk2j","id":"mis7li1n48ta86u"},"id":"vp14h6lzaix7ado","previousOperationId":"0cuws6onvbm4wwe"}
{"type":"log","timestamp":1701101201685,"level":"debug","message":"Page request: GET (document) file:///var/folders/dp/qk79pfcj0y1fmtkkl08m76rc0000gn/T/jsreport/autocleanup/86cc4e36-1f5b-4bf1-8ca8-f32d3fd80a71-chrome-pdf.html","meta":{"rootId":"kx3vn56cfzuzk2j","id":"mis7li1n48ta86u"},"id":"zambhkduisqugvm","previousOperationId":"0cuws6onvbm4wwe"}
{"type":"log","timestamp":1701101201691,"level":"debug","message":"Page request finished: GET (document) 200 file:///var/folders/dp/qk79pfcj0y1fmtkkl08m76rc0000gn/T/jsreport/autocleanup/86cc4e36-1f5b-4bf1-8ca8-f32d3fd80a71-chrome-pdf.html","meta":{"rootId":"kx3vn56cfzuzk2j","id":"mis7li1n48ta86u"},"id":"gl2rx4z90io3k31","previousOperationId":"0cuws6onvbm4wwe"}
{"type":"log","timestamp":1701101201696,"level":"debug","message":"Running chrome with params {\"timeout\":59484,\"margin\":{},\"printBackground\":true}","meta":{"rootId":"kx3vn56cfzuzk2j","id":"mis7li1n48ta86u"},"id":"qw8nujq6aq7skxo","previousOperationId":"0cuws6onvbm4wwe"}
{"type":"operationEnd","operationId":"0cuws6onvbm4wwe","timestamp":1701101201702,"id":"5mb2tbvofcroxv5","previousEventId":"9ln1ck93y6d18ky","previousOperationId":"0cuws6onvbm4wwe"}
{"type":"log","timestamp":1701101201702,"level":"debug","message":"Skipping storing report.","meta":{"rootId":"kx3vn56cfzuzk2j","id":"mis7li1n48ta86u"},"id":"n2fyww1h7sczfce","previousOperationId":"0cuws6onvbm4wwe"}
{"type":"log","timestamp":1701101201702,"level":"info","message":"Rendering (child) request finished in 592 ms","meta":{"rootId":"kx3vn56cfzuzk2j","id":"mis7li1n48ta86u"},"id":"hcjswa6u02rz514","previousOperationId":"0cuws6onvbm4wwe"}
{"type":"operationEnd","subtype":"render","operationId":"b8zhc6ta7x0elxy","timestamp":1701101201702,"id":"jll25r7lauwf49y","previousEventId":"5mb2tbvofcroxv5","previousOperationId":"0cuws6onvbm4wwe"}
{"type":"operationEnd","operationId":"hepd2vhu3fistf7","timestamp":1701101201708,"id":"yoi5ir4jzp71uwc","previousEventId":"ssfkv0kzmlyxzyg","previousOperationId":"hepd2vhu3fistf7"}
{"type":"log","timestamp":1701101201708,"level":"debug","message":"pdf-utils postproces start","meta":{"rootId":"kx3vn56cfzuzk2j","id":"kx3vn56cfzuzk2j"},"id":"dmyvhxfm3i43724","previousOperationId":"hepd2vhu3fistf7"}
{"type":"log","timestamp":1701101201716,"level":"debug","message":"pdf-utils postproces end","meta":{"rootId":"kx3vn56cfzuzk2j","id":"kx3vn56cfzuzk2j"},"id":"yfzatnpru537ndb","previousOperationId":"hepd2vhu3fistf7"}
{"type":"operationEnd","operationId":"9pkczdsicb7jhbk","timestamp":1701101201716,"id":"h3bxg9hbvbvgtgv","previousEventId":"yoi5ir4jzp71uwc","previousOperationId":"hepd2vhu3fistf7"}
{"type":"log","timestamp":1701101201716,"level":"info","message":"pdf-utils pdf processing was finished","meta":{"rootId":"kx3vn56cfzuzk2j","id":"kx3vn56cfzuzk2j"},"id":"zf6h3paosm715zg","previousOperationId":"9pkczdsicb7jhbk"}
{"type":"log","timestamp":1701101201716,"level":"debug","message":"Skipping storing report.","meta":{"rootId":"kx3vn56cfzuzk2j","id":"kx3vn56cfzuzk2j"},"id":"7rp9dh0ba14hebz","previousOperationId":"9pkczdsicb7jhbk"}
{"type":"log","timestamp":1701101201716,"level":"info","message":"Rendering request 170 finished in 606 ms","meta":{"rootId":"kx3vn56cfzuzk2j","id":"kx3vn56cfzuzk2j"},"id":"8dmv1seun8g1wie","previousOperationId":"9pkczdsicb7jhbk"}
{"type":"operationEnd","subtype":"render","operationId":"dfjys7u35la36p3","timestamp":1701101201716,"id":"j1zszum3qtjwyb3","previousEventId":"h3bxg9hbvbvgtgv","previousOperationId":"9pkczdsicb7jhbk"}
{"type":"operationEnd","doDiffs":false,"previousEventId":"8b22u1zbw5rdq8b","previousOperationId":"f1ha5yf5eyawtop","operationId":"f1ha5yf5eyawtop","timestamp":1701101201718,"id":"lfdrmud1zrhqfw5"}
