{"type":"operationStart","subtype":"profile","data":{"_id":"gQqp6xKPPGoiS5DU","timestamp":"2023-11-27T13:01:22.403Z","state":"queued","mode":"standard","creationDate":"2023-11-27T13:01:22.406Z","modificationDate":"2023-11-27T13:01:22.406Z","shortid":"a_kpU4Q","$entitySet":"profiles"},"doDiffs":false,"timestamp":1701090082405,"id":"uqbw5hktjxvhw16","previousOperationId":null,"operationId":"ij0jk292x1af0yg"}
{"type":"log","level":"info","message":"Render request 118 queued for execution and waiting for available worker","previousOperationId":"ij0jk292x1af0yg","timestamp":1701090082405,"id":"slgpb36mtbs9vaq"}
{"type":"operationStart","subtype":"render","name":"sporazum_odgovorno","previousOperationId":"ij0jk292x1af0yg","timestamp":1701090082414,"id":"bn7z4a38fr5sxr7","previousEventId":"uqbw5hktjxvhw16","operationId":"kogpjhpflxwesog"}
{"type":"log","timestamp":1701090082415,"level":"info","message":"Starting rendering request 118","meta":{"rootId":"lbjxdl6dhb53yg0","id":"lbjxdl6dhb53yg0"},"id":"gngpw57hzqrzt8b","previousOperationId":"kogpjhpflxwesog"}
{"type":"log","timestamp":1701090082415,"level":"info","message":"Rendering template { name: sporazum_odgovorno, recipe: chrome-pdf, engine: handlebars, preview: true }","meta":{"rootId":"lbjxdl6dhb53yg0","id":"lbjxdl6dhb53yg0"},"id":"irrbl54815jacx9","previousOperationId":"kogpjhpflxwesog"}
{"type":"log","timestamp":1701090082416,"level":"debug","message":"Inline data specified.","meta":{"rootId":"lbjxdl6dhb53yg0","id":"lbjxdl6dhb53yg0"},"id":"cdsmt1z29xqq0ii","previousOperationId":"kogpjhpflxwesog"}
{"type":"log","timestamp":1701090082422,"level":"debug","message":"Base url not specified, skipping its injection.","meta":{"rootId":"lbjxdl6dhb53yg0","id":"lbjxdl6dhb53yg0"},"id":"znrwueo4agor0h2","previousOperationId":"kogpjhpflxwesog"}
{"type":"operationStart","subtype":"engine","name":"handlebars","timestamp":1701090082422,"id":"2zxtrjcrdlj5t5a","previousEventId":"bn7z4a38fr5sxr7","operationId":"872da2jzml5yvpm","previousOperationId":"kogpjhpflxwesog"}
{"type":"log","timestamp":1701090082422,"level":"debug","message":"Rendering engine handlebars","meta":{"rootId":"lbjxdl6dhb53yg0","id":"lbjxdl6dhb53yg0"},"id":"91gyxvl38nnj170","previousOperationId":"872da2jzml5yvpm"}
{"type":"operationEnd","operationId":"872da2jzml5yvpm","timestamp":1701090082441,"id":"2ywnjsibb4ko9j9","previousEventId":"2zxtrjcrdlj5t5a","previousOperationId":"872da2jzml5yvpm"}
{"type":"operationStart","subtype":"recipe","name":"chrome-pdf","timestamp":1701090082442,"id":"a986alh0j3dmf65","previousEventId":"2ywnjsibb4ko9j9","operationId":"dy2affgo74njcox","previousOperationId":"872da2jzml5yvpm"}
{"type":"log","timestamp":1701090082442,"level":"debug","message":"Executing recipe chrome-pdf","meta":{"rootId":"lbjxdl6dhb53yg0","id":"lbjxdl6dhb53yg0"},"id":"hisr34p69ydc8pn","previousOperationId":"dy2affgo74njcox"}
{"type":"log","timestamp":1701090082444,"level":"debug","message":"Converting with chrome HeadlessChrome/117.0.5938.149 using chrome-pool strategy","meta":{"rootId":"lbjxdl6dhb53yg0","id":"lbjxdl6dhb53yg0"},"id":"s490vhs2c6xodhr","previousOperationId":"dy2affgo74njcox"}
{"type":"log","timestamp":1701090082495,"level":"debug","message":"Page request: GET (document) file:///var/folders/dp/qk79pfcj0y1fmtkkl08m76rc0000gn/T/jsreport/autocleanup/7e5b218d-9144-4e37-bf69-d08616dfd859-chrome-pdf.html","meta":{"rootId":"lbjxdl6dhb53yg0","id":"lbjxdl6dhb53yg0"},"id":"2aoqf0fgguo859r","previousOperationId":"dy2affgo74njcox"}
{"type":"log","timestamp":1701090082499,"level":"debug","message":"Page request finished: GET (document) 200 file:///var/folders/dp/qk79pfcj0y1fmtkkl08m76rc0000gn/T/jsreport/autocleanup/7e5b218d-9144-4e37-bf69-d08616dfd859-chrome-pdf.html","meta":{"rootId":"lbjxdl6dhb53yg0","id":"lbjxdl6dhb53yg0"},"id":"jm7xbjtfpchinkx","previousOperationId":"dy2affgo74njcox"}
{"type":"log","timestamp":1701090082509,"level":"debug","message":"Running chrome with params {\"printBackground\":true,\"format\":\"a4\",\"marginTop\":\"2cm\",\"marginBottom\":\"2cm\",\"timeout\":59960,\"margin\":{\"top\":\"2cm\",\"bottom\":\"2cm\"}}","meta":{"rootId":"lbjxdl6dhb53yg0","id":"lbjxdl6dhb53yg0"},"id":"wvgqkzdgqci0t80","previousOperationId":"dy2affgo74njcox"}
{"type":"operationEnd","operationId":"dy2affgo74njcox","timestamp":1701090082531,"id":"za5o7f7dkktqkdn","previousEventId":"a986alh0j3dmf65","previousOperationId":"dy2affgo74njcox"}
{"type":"log","timestamp":1701090082531,"level":"info","message":"pdf-utils is starting pdf processing","meta":{"rootId":"lbjxdl6dhb53yg0","id":"lbjxdl6dhb53yg0"},"id":"xdbm3ff07aiy27b","previousOperationId":"dy2affgo74njcox"}
{"type":"operationStart","subtype":"pdfUtils","name":"pdf utils","timestamp":1701090082531,"id":"h04fd2fsmuzl6dx","previousEventId":"za5o7f7dkktqkdn","operationId":"6sm1nu7mq0o3uhf","previousOperationId":"dy2affgo74njcox"}
{"type":"log","timestamp":1701090082531,"level":"debug","message":"pdf-utils detected 1 pdf operation(s) to process","meta":{"rootId":"lbjxdl6dhb53yg0","id":"lbjxdl6dhb53yg0"},"id":"fivzfg3j16tfyl9","previousOperationId":"6sm1nu7mq0o3uhf"}
{"type":"log","timestamp":1701090082553,"level":"debug","message":"pdf-utils running pdf operation merge","meta":{"rootId":"lbjxdl6dhb53yg0","id":"lbjxdl6dhb53yg0"},"id":"ap98d3p2h3onqak","previousOperationId":"6sm1nu7mq0o3uhf"}
{"type":"operationStart","subtype":"pdfUtilsMerge","name":"pdf utils merge","previousOperationId":"6sm1nu7mq0o3uhf","timestamp":1701090082554,"id":"h3gjqehyfqk5zgk","previousEventId":"h04fd2fsmuzl6dx","operationId":"syp9i8q3pjqynca"}
{"type":"operationStart","subtype":"render","name":"header-footer","previousOperationId":"syp9i8q3pjqynca","timestamp":1701090082554,"id":"cjru6r6kv4ec7tg","previousEventId":"h3gjqehyfqk5zgk","operationId":"o6gbgoazobkojpe"}
{"type":"log","timestamp":1701090082554,"level":"info","message":"Starting rendering (child) request","meta":{"rootId":"lbjxdl6dhb53yg0","id":"wbv82cnlrezmfd4"},"id":"j02hhnavn5tjh9i","previousOperationId":"o6gbgoazobkojpe"}
{"type":"log","timestamp":1701090082554,"level":"info","message":"Rendering template { name: header-footer, recipe: chrome-pdf, engine: handlebars, preview: true }","meta":{"rootId":"lbjxdl6dhb53yg0","id":"wbv82cnlrezmfd4"},"id":"1cordncjwqut1bs","previousOperationId":"o6gbgoazobkojpe"}
{"type":"log","timestamp":1701090082554,"level":"debug","message":"Inline data specified.","meta":{"rootId":"lbjxdl6dhb53yg0","id":"wbv82cnlrezmfd4"},"id":"gdowea6dkiybkxa","previousOperationId":"o6gbgoazobkojpe"}
{"type":"log","timestamp":1701090082555,"level":"debug","message":"Base url not specified, skipping its injection.","meta":{"rootId":"lbjxdl6dhb53yg0","id":"wbv82cnlrezmfd4"},"id":"b07s54jzccuqgx8","previousOperationId":"o6gbgoazobkojpe"}
{"type":"operationStart","subtype":"engine","name":"handlebars","timestamp":1701090082555,"id":"e2m2dyocbwhap6t","previousEventId":"cjru6r6kv4ec7tg","operationId":"guspasdehbnonmc","previousOperationId":"o6gbgoazobkojpe"}
{"type":"log","timestamp":1701090082555,"level":"debug","message":"Rendering engine handlebars","meta":{"rootId":"lbjxdl6dhb53yg0","id":"wbv82cnlrezmfd4"},"id":"pqmipk6ewk9lid3","previousOperationId":"guspasdehbnonmc"}
{"type":"operationEnd","operationId":"guspasdehbnonmc","timestamp":1701090082562,"id":"azzlyr21pmktevy","previousEventId":"e2m2dyocbwhap6t","previousOperationId":"guspasdehbnonmc"}
{"type":"operationStart","subtype":"recipe","name":"chrome-pdf","timestamp":1701090082562,"id":"fh96mv6zy775jg7","previousEventId":"azzlyr21pmktevy","operationId":"3zd12tlphy6ukey","previousOperationId":"guspasdehbnonmc"}
{"type":"log","timestamp":1701090082562,"level":"debug","message":"Executing recipe chrome-pdf","meta":{"rootId":"lbjxdl6dhb53yg0","id":"wbv82cnlrezmfd4"},"id":"i7rd5udle5ktvra","previousOperationId":"3zd12tlphy6ukey"}
{"type":"log","timestamp":1701090082564,"level":"debug","message":"Converting with chrome HeadlessChrome/117.0.5938.149 using chrome-pool strategy","meta":{"rootId":"lbjxdl6dhb53yg0","id":"wbv82cnlrezmfd4"},"id":"f49b82jr6uw9jbj","previousOperationId":"3zd12tlphy6ukey"}
{"type":"log","timestamp":1701090082601,"level":"debug","message":"Page request: GET (document) file:///var/folders/dp/qk79pfcj0y1fmtkkl08m76rc0000gn/T/jsreport/autocleanup/aa8322a4-7de0-4b3e-aba9-f4db8662aa39-chrome-pdf.html","meta":{"rootId":"lbjxdl6dhb53yg0","id":"wbv82cnlrezmfd4"},"id":"c6hay9xmcjhw2gb","previousOperationId":"3zd12tlphy6ukey"}
{"type":"log","timestamp":1701090082606,"level":"debug","message":"Page request finished: GET (document) 200 file:///var/folders/dp/qk79pfcj0y1fmtkkl08m76rc0000gn/T/jsreport/autocleanup/aa8322a4-7de0-4b3e-aba9-f4db8662aa39-chrome-pdf.html","meta":{"rootId":"lbjxdl6dhb53yg0","id":"wbv82cnlrezmfd4"},"id":"7e6y40bcme5svnd","previousOperationId":"3zd12tlphy6ukey"}
{"type":"log","timestamp":1701090082614,"level":"debug","message":"Running chrome with params {\"timeout\":59840,\"margin\":{},\"printBackground\":true}","meta":{"rootId":"lbjxdl6dhb53yg0","id":"wbv82cnlrezmfd4"},"id":"l9hp8vbw1em30xy","previousOperationId":"3zd12tlphy6ukey"}
{"type":"operationEnd","operationId":"3zd12tlphy6ukey","timestamp":1701090082620,"id":"p2u9l1l5ys841wt","previousEventId":"fh96mv6zy775jg7","previousOperationId":"3zd12tlphy6ukey"}
{"type":"log","timestamp":1701090082620,"level":"debug","message":"Skipping storing report.","meta":{"rootId":"lbjxdl6dhb53yg0","id":"wbv82cnlrezmfd4"},"id":"ynjay344fmhausy","previousOperationId":"3zd12tlphy6ukey"}
{"type":"log","timestamp":1701090082620,"level":"info","message":"Rendering (child) request finished in 217 ms","meta":{"rootId":"lbjxdl6dhb53yg0","id":"wbv82cnlrezmfd4"},"id":"wlw1anmpe5lunu9","previousOperationId":"3zd12tlphy6ukey"}
{"type":"operationEnd","subtype":"render","operationId":"o6gbgoazobkojpe","timestamp":1701090082620,"id":"il6b33dd0pczxz5","previousEventId":"p2u9l1l5ys841wt","previousOperationId":"3zd12tlphy6ukey"}
{"type":"operationEnd","operationId":"syp9i8q3pjqynca","timestamp":1701090082624,"id":"wh2uejia2pew1gv","previousEventId":"h3gjqehyfqk5zgk","previousOperationId":"syp9i8q3pjqynca"}
{"type":"log","timestamp":1701090082624,"level":"debug","message":"pdf-utils postproces start","meta":{"rootId":"lbjxdl6dhb53yg0","id":"lbjxdl6dhb53yg0"},"id":"pum9vku749d6ng0","previousOperationId":"syp9i8q3pjqynca"}
{"type":"log","timestamp":1701090082631,"level":"debug","message":"pdf-utils postproces end","meta":{"rootId":"lbjxdl6dhb53yg0","id":"lbjxdl6dhb53yg0"},"id":"ldo7vf4uu940oaj","previousOperationId":"syp9i8q3pjqynca"}
{"type":"operationEnd","operationId":"6sm1nu7mq0o3uhf","timestamp":1701090082631,"id":"ng8hn2yy0lpvq29","previousEventId":"wh2uejia2pew1gv","previousOperationId":"syp9i8q3pjqynca"}
{"type":"log","timestamp":1701090082631,"level":"info","message":"pdf-utils pdf processing was finished","meta":{"rootId":"lbjxdl6dhb53yg0","id":"lbjxdl6dhb53yg0"},"id":"wm3o36o00h1z5i2","previousOperationId":"6sm1nu7mq0o3uhf"}
{"type":"log","timestamp":1701090082631,"level":"debug","message":"Skipping storing report.","meta":{"rootId":"lbjxdl6dhb53yg0","id":"lbjxdl6dhb53yg0"},"id":"l4ob0lbkhotevxg","previousOperationId":"6sm1nu7mq0o3uhf"}
{"type":"log","timestamp":1701090082631,"level":"info","message":"Rendering request 118 finished in 228 ms","meta":{"rootId":"lbjxdl6dhb53yg0","id":"lbjxdl6dhb53yg0"},"id":"0dkttlnou7jsbqp","previousOperationId":"6sm1nu7mq0o3uhf"}
{"type":"operationEnd","subtype":"render","operationId":"kogpjhpflxwesog","timestamp":1701090082631,"id":"sy9qnucwins3q8p","previousEventId":"ng8hn2yy0lpvq29","previousOperationId":"6sm1nu7mq0o3uhf"}
{"type":"operationEnd","doDiffs":false,"previousEventId":"uqbw5hktjxvhw16","previousOperationId":"ij0jk292x1af0yg","operationId":"ij0jk292x1af0yg","timestamp":1701090082634,"id":"hqfyrd5fber4hgz"}
