{"type":"operationStart","subtype":"profile","data":{"_id":"XlN5df6XVHZHBuvZ","timestamp":"2023-11-27T12:49:21.392Z","state":"queued","mode":"standard","creationDate":"2023-11-27T12:49:21.393Z","modificationDate":"2023-11-27T12:49:21.393Z","shortid":"41c438R","$entitySet":"profiles"},"doDiffs":false,"timestamp":1701089361392,"id":"fz83c1uvdhxhssw","previousOperationId":null,"operationId":"w7grwg2aknsq65x"}
{"type":"log","level":"info","message":"Render request 114 queued for execution and waiting for available worker","previousOperationId":"w7grwg2aknsq65x","timestamp":1701089361392,"id":"wtrwjjvaeek7684"}
{"type":"operationStart","subtype":"render","name":"sporazum_odgovorno","previousOperationId":"w7grwg2aknsq65x","timestamp":1701089361399,"id":"pppknaydz7vxi0p","previousEventId":"fz83c1uvdhxhssw","operationId":"92m9k6q6m1dx87t"}
{"type":"log","timestamp":1701089361399,"level":"info","message":"Starting rendering request 114","meta":{"rootId":"m4d992uqmoouzsq","id":"m4d992uqmoouzsq"},"id":"9e0xc192dseeub1","previousOperationId":"92m9k6q6m1dx87t"}
{"type":"log","timestamp":1701089361399,"level":"info","message":"Rendering template { name: sporazum_odgovorno, recipe: chrome-pdf, engine: handlebars, preview: true }","meta":{"rootId":"m4d992uqmoouzsq","id":"m4d992uqmoouzsq"},"id":"y859emjdcb59k6q","previousOperationId":"92m9k6q6m1dx87t"}
{"type":"log","timestamp":1701089361400,"level":"debug","message":"Inline data specified.","meta":{"rootId":"m4d992uqmoouzsq","id":"m4d992uqmoouzsq"},"id":"2pmr10a8fle4b5h","previousOperationId":"92m9k6q6m1dx87t"}
{"type":"log","timestamp":1701089361401,"level":"debug","message":"Base url not specified, skipping its injection.","meta":{"rootId":"m4d992uqmoouzsq","id":"m4d992uqmoouzsq"},"id":"9lajrl2m3lv9txj","previousOperationId":"92m9k6q6m1dx87t"}
{"type":"operationStart","subtype":"engine","name":"handlebars","timestamp":1701089361401,"id":"7kuv2k149u2e958","previousEventId":"pppknaydz7vxi0p","operationId":"8r1vp36zvpm9hne","previousOperationId":"92m9k6q6m1dx87t"}
{"type":"log","timestamp":1701089361401,"level":"debug","message":"Rendering engine handlebars","meta":{"rootId":"m4d992uqmoouzsq","id":"m4d992uqmoouzsq"},"id":"3civ93v79r12cms","previousOperationId":"8r1vp36zvpm9hne"}
{"type":"operationEnd","operationId":"8r1vp36zvpm9hne","timestamp":1701089361417,"id":"d108eke49abeag1","previousEventId":"7kuv2k149u2e958","previousOperationId":"8r1vp36zvpm9hne"}
{"type":"operationStart","subtype":"recipe","name":"chrome-pdf","timestamp":1701089361418,"id":"3u3ygcv6an3dbij","previousEventId":"d108eke49abeag1","operationId":"3ukohhnhtbea88z","previousOperationId":"8r1vp36zvpm9hne"}
{"type":"log","timestamp":1701089361418,"level":"debug","message":"Executing recipe chrome-pdf","meta":{"rootId":"m4d992uqmoouzsq","id":"m4d992uqmoouzsq"},"id":"3jndtdkdcftcimf","previousOperationId":"3ukohhnhtbea88z"}
{"type":"log","timestamp":1701089361419,"level":"debug","message":"Converting with chrome HeadlessChrome/117.0.5938.149 using chrome-pool strategy","meta":{"rootId":"m4d992uqmoouzsq","id":"m4d992uqmoouzsq"},"id":"gufyc7dslh392i6","previousOperationId":"3ukohhnhtbea88z"}
{"type":"log","timestamp":1701089361457,"level":"debug","message":"Page request: GET (document) file:///var/folders/dp/qk79pfcj0y1fmtkkl08m76rc0000gn/T/jsreport/autocleanup/3546bd2f-a4c1-482e-b6cd-f67beb306e30-chrome-pdf.html","meta":{"rootId":"m4d992uqmoouzsq","id":"m4d992uqmoouzsq"},"id":"q92t3875z6hqqqy","previousOperationId":"3ukohhnhtbea88z"}
{"type":"log","timestamp":1701089361461,"level":"debug","message":"Page request finished: GET (document) 200 file:///var/folders/dp/qk79pfcj0y1fmtkkl08m76rc0000gn/T/jsreport/autocleanup/3546bd2f-a4c1-482e-b6cd-f67beb306e30-chrome-pdf.html","meta":{"rootId":"m4d992uqmoouzsq","id":"m4d992uqmoouzsq"},"id":"kuzr8jv0yxhc1ql","previousOperationId":"3ukohhnhtbea88z"}
{"type":"log","timestamp":1701089361470,"level":"debug","message":"Running chrome with params {\"printBackground\":true,\"format\":\"a4\",\"marginTop\":\"2cm\",\"marginBottom\":\"2cm\",\"timeout\":59974,\"margin\":{\"top\":\"2cm\",\"bottom\":\"2cm\"}}","meta":{"rootId":"m4d992uqmoouzsq","id":"m4d992uqmoouzsq"},"id":"wr1jk4rw3271wnz","previousOperationId":"3ukohhnhtbea88z"}
{"type":"operationEnd","operationId":"3ukohhnhtbea88z","timestamp":1701089361489,"id":"89mtajezrfssra0","previousEventId":"3u3ygcv6an3dbij","previousOperationId":"3ukohhnhtbea88z"}
{"type":"log","timestamp":1701089361489,"level":"info","message":"pdf-utils is starting pdf processing","meta":{"rootId":"m4d992uqmoouzsq","id":"m4d992uqmoouzsq"},"id":"veh0g1t87tc0lru","previousOperationId":"3ukohhnhtbea88z"}
{"type":"operationStart","subtype":"pdfUtils","name":"pdf utils","timestamp":1701089361489,"id":"chth60c8qykm9ew","previousEventId":"89mtajezrfssra0","operationId":"7oomfv3f9rofxsq","previousOperationId":"3ukohhnhtbea88z"}
{"type":"log","timestamp":1701089361489,"level":"debug","message":"pdf-utils detected 1 pdf operation(s) to process","meta":{"rootId":"m4d992uqmoouzsq","id":"m4d992uqmoouzsq"},"id":"cxof6eccrseo6aq","previousOperationId":"7oomfv3f9rofxsq"}
{"type":"log","timestamp":1701089361507,"level":"debug","message":"pdf-utils running pdf operation merge","meta":{"rootId":"m4d992uqmoouzsq","id":"m4d992uqmoouzsq"},"id":"gppvopk3l5kmnw1","previousOperationId":"7oomfv3f9rofxsq"}
{"type":"operationStart","subtype":"pdfUtilsMerge","name":"pdf utils merge","previousOperationId":"7oomfv3f9rofxsq","timestamp":1701089361507,"id":"bdu19hnx1cia1sg","previousEventId":"chth60c8qykm9ew","operationId":"xu6qbf0wioetdy7"}
{"type":"operationStart","subtype":"render","name":"header-footer","previousOperationId":"xu6qbf0wioetdy7","timestamp":1701089361508,"id":"9zdc9ckvr15tmhw","previousEventId":"bdu19hnx1cia1sg","operationId":"jhcga09tdfu5uze"}
{"type":"log","timestamp":1701089361508,"level":"info","message":"Starting rendering (child) request","meta":{"rootId":"m4d992uqmoouzsq","id":"vy3htc4zb8iznnc"},"id":"0mxqf0pu3say25j","previousOperationId":"jhcga09tdfu5uze"}
{"type":"log","timestamp":1701089361508,"level":"info","message":"Rendering template { name: header-footer, recipe: chrome-pdf, engine: handlebars, preview: true }","meta":{"rootId":"m4d992uqmoouzsq","id":"vy3htc4zb8iznnc"},"id":"0fa7p4p5ivtenr3","previousOperationId":"jhcga09tdfu5uze"}
{"type":"log","timestamp":1701089361508,"level":"debug","message":"Inline data specified.","meta":{"rootId":"m4d992uqmoouzsq","id":"vy3htc4zb8iznnc"},"id":"hacchdgaisrt1b3","previousOperationId":"jhcga09tdfu5uze"}
{"type":"log","timestamp":1701089361508,"level":"debug","message":"Base url not specified, skipping its injection.","meta":{"rootId":"m4d992uqmoouzsq","id":"vy3htc4zb8iznnc"},"id":"kbeby5vxmiftrs9","previousOperationId":"jhcga09tdfu5uze"}
{"type":"operationStart","subtype":"engine","name":"handlebars","timestamp":1701089361508,"id":"m68wu7jarf5bqzm","previousEventId":"9zdc9ckvr15tmhw","operationId":"iiszsq348hrru2k","previousOperationId":"jhcga09tdfu5uze"}
{"type":"log","timestamp":1701089361508,"level":"debug","message":"Rendering engine handlebars","meta":{"rootId":"m4d992uqmoouzsq","id":"vy3htc4zb8iznnc"},"id":"d3z1jbrj8r3t4f2","previousOperationId":"iiszsq348hrru2k"}
{"type":"operationEnd","operationId":"iiszsq348hrru2k","timestamp":1701089361511,"id":"okqzh993yseaik5","previousEventId":"m68wu7jarf5bqzm","previousOperationId":"iiszsq348hrru2k"}
{"type":"operationStart","subtype":"recipe","name":"chrome-pdf","timestamp":1701089361511,"id":"cnodi3gdoczdmsy","previousEventId":"okqzh993yseaik5","operationId":"f1z0w7cnd1s10u5","previousOperationId":"iiszsq348hrru2k"}
{"type":"log","timestamp":1701089361511,"level":"debug","message":"Executing recipe chrome-pdf","meta":{"rootId":"m4d992uqmoouzsq","id":"vy3htc4zb8iznnc"},"id":"y8u68u01ctgrubz","previousOperationId":"f1z0w7cnd1s10u5"}
{"type":"log","timestamp":1701089361512,"level":"debug","message":"Converting with chrome HeadlessChrome/117.0.5938.149 using chrome-pool strategy","meta":{"rootId":"m4d992uqmoouzsq","id":"vy3htc4zb8iznnc"},"id":"z0w4qmg8h68czt6","previousOperationId":"f1z0w7cnd1s10u5"}
{"type":"log","timestamp":1701089361553,"level":"debug","message":"Page request: GET (document) file:///var/folders/dp/qk79pfcj0y1fmtkkl08m76rc0000gn/T/jsreport/autocleanup/3068d4fd-12bc-4e74-afa4-40f10ee2577f-chrome-pdf.html","meta":{"rootId":"m4d992uqmoouzsq","id":"vy3htc4zb8iznnc"},"id":"fmkslffwxzw5fmt","previousOperationId":"f1z0w7cnd1s10u5"}
{"type":"log","timestamp":1701089361558,"level":"debug","message":"Page request finished: GET (document) 200 file:///var/folders/dp/qk79pfcj0y1fmtkkl08m76rc0000gn/T/jsreport/autocleanup/3068d4fd-12bc-4e74-afa4-40f10ee2577f-chrome-pdf.html","meta":{"rootId":"m4d992uqmoouzsq","id":"vy3htc4zb8iznnc"},"id":"8zizi1e3dg02g0v","previousOperationId":"f1z0w7cnd1s10u5"}
{"type":"log","timestamp":1701089361565,"level":"debug","message":"Running chrome with params {\"timeout\":59880,\"margin\":{},\"printBackground\":true}","meta":{"rootId":"m4d992uqmoouzsq","id":"vy3htc4zb8iznnc"},"id":"j9zzx3haktk6qc8","previousOperationId":"f1z0w7cnd1s10u5"}
{"type":"operationEnd","operationId":"f1z0w7cnd1s10u5","timestamp":1701089361570,"id":"9a6fzko3ifph0ut","previousEventId":"cnodi3gdoczdmsy","previousOperationId":"f1z0w7cnd1s10u5"}
{"type":"log","timestamp":1701089361570,"level":"debug","message":"Skipping storing report.","meta":{"rootId":"m4d992uqmoouzsq","id":"vy3htc4zb8iznnc"},"id":"2imy8lxqdku7z65","previousOperationId":"f1z0w7cnd1s10u5"}
{"type":"log","timestamp":1701089361570,"level":"info","message":"Rendering (child) request finished in 178 ms","meta":{"rootId":"m4d992uqmoouzsq","id":"vy3htc4zb8iznnc"},"id":"arwswpamrtsl2td","previousOperationId":"f1z0w7cnd1s10u5"}
{"type":"operationEnd","subtype":"render","operationId":"jhcga09tdfu5uze","timestamp":1701089361570,"id":"7t7gq0jt20xnqx6","previousEventId":"9a6fzko3ifph0ut","previousOperationId":"f1z0w7cnd1s10u5"}
{"type":"operationEnd","operationId":"xu6qbf0wioetdy7","timestamp":1701089361574,"id":"6dooi0k1i10x2uh","previousEventId":"bdu19hnx1cia1sg","previousOperationId":"xu6qbf0wioetdy7"}
{"type":"log","timestamp":1701089361574,"level":"debug","message":"pdf-utils postproces start","meta":{"rootId":"m4d992uqmoouzsq","id":"m4d992uqmoouzsq"},"id":"wolb7s75gwggobk","previousOperationId":"xu6qbf0wioetdy7"}
{"type":"log","timestamp":1701089361581,"level":"debug","message":"pdf-utils postproces end","meta":{"rootId":"m4d992uqmoouzsq","id":"m4d992uqmoouzsq"},"id":"absg8z6ntta4bp4","previousOperationId":"xu6qbf0wioetdy7"}
{"type":"operationEnd","operationId":"7oomfv3f9rofxsq","timestamp":1701089361581,"id":"uj3pf1emmrv7db4","previousEventId":"6dooi0k1i10x2uh","previousOperationId":"xu6qbf0wioetdy7"}
{"type":"log","timestamp":1701089361581,"level":"info","message":"pdf-utils pdf processing was finished","meta":{"rootId":"m4d992uqmoouzsq","id":"m4d992uqmoouzsq"},"id":"0gve9uun9xuhij4","previousOperationId":"7oomfv3f9rofxsq"}
{"type":"log","timestamp":1701089361581,"level":"debug","message":"Skipping storing report.","meta":{"rootId":"m4d992uqmoouzsq","id":"m4d992uqmoouzsq"},"id":"drkbzul8fnkof35","previousOperationId":"7oomfv3f9rofxsq"}
{"type":"log","timestamp":1701089361581,"level":"info","message":"Rendering request 114 finished in 189 ms","meta":{"rootId":"m4d992uqmoouzsq","id":"m4d992uqmoouzsq"},"id":"dap7lbmqglz3o25","previousOperationId":"7oomfv3f9rofxsq"}
{"type":"operationEnd","subtype":"render","operationId":"92m9k6q6m1dx87t","timestamp":1701089361581,"id":"gv31imvlc0t581f","previousEventId":"uj3pf1emmrv7db4","previousOperationId":"7oomfv3f9rofxsq"}
{"type":"operationEnd","doDiffs":false,"previousEventId":"fz83c1uvdhxhssw","previousOperationId":"w7grwg2aknsq65x","operationId":"w7grwg2aknsq65x","timestamp":1701089361583,"id":"odisbkygw6x4f4q"}
