{"type":"operationStart","subtype":"profile","data":{"_id":"wCpkFJEPOCAU4Jdh","timestamp":"2023-11-27T12:46:13.039Z","state":"queued","mode":"standard","creationDate":"2023-11-27T12:46:13.041Z","modificationDate":"2023-11-27T12:46:13.041Z","shortid":"QeJjXrw","$entitySet":"profiles"},"doDiffs":false,"timestamp":1701089173040,"id":"q11ldj33jappzf6","previousOperationId":null,"operationId":"7cyxibigb0m0bbs"}
{"type":"log","level":"info","message":"Render request 110 queued for execution and waiting for available worker","previousOperationId":"7cyxibigb0m0bbs","timestamp":1701089173040,"id":"7rb9dpoquceefu6"}
{"type":"operationStart","subtype":"render","name":"sporazum_odgovorno","previousOperationId":"7cyxibigb0m0bbs","timestamp":1701089173047,"id":"qwpbpokyjger0up","previousEventId":"q11ldj33jappzf6","operationId":"4krbeac81ewr7nk"}
{"type":"log","timestamp":1701089173047,"level":"info","message":"Starting rendering request 110","meta":{"rootId":"slg1w662ntjxdat","id":"slg1w662ntjxdat"},"id":"4qa9ssutfec2hz6","previousOperationId":"4krbeac81ewr7nk"}
{"type":"log","timestamp":1701089173048,"level":"info","message":"Rendering template { name: sporazum_odgovorno, recipe: chrome-pdf, engine: handlebars, preview: true }","meta":{"rootId":"slg1w662ntjxdat","id":"slg1w662ntjxdat"},"id":"itsbdz2pptwjyfs","previousOperationId":"4krbeac81ewr7nk"}
{"type":"log","timestamp":1701089173049,"level":"debug","message":"Adding sample data BBCHzcseQ","meta":{"rootId":"slg1w662ntjxdat","id":"slg1w662ntjxdat"},"id":"6afjjq5r16men53","previousOperationId":"4krbeac81ewr7nk"}
{"type":"log","timestamp":1701089173052,"level":"debug","message":"Base url not specified, skipping its injection.","meta":{"rootId":"slg1w662ntjxdat","id":"slg1w662ntjxdat"},"id":"4gn5gwciynrmsyf","previousOperationId":"4krbeac81ewr7nk"}
{"type":"operationStart","subtype":"engine","name":"handlebars","timestamp":1701089173053,"id":"ae93hgo7tif491c","previousEventId":"qwpbpokyjger0up","operationId":"v28uld8190nmdi1","previousOperationId":"4krbeac81ewr7nk"}
{"type":"log","timestamp":1701089173053,"level":"debug","message":"Rendering engine handlebars","meta":{"rootId":"slg1w662ntjxdat","id":"slg1w662ntjxdat"},"id":"scxd8io1w6op9rm","previousOperationId":"v28uld8190nmdi1"}
{"type":"operationEnd","operationId":"v28uld8190nmdi1","timestamp":1701089173077,"id":"vau6yqpcjfjf5cn","previousEventId":"ae93hgo7tif491c","previousOperationId":"v28uld8190nmdi1"}
{"type":"operationStart","subtype":"recipe","name":"chrome-pdf","timestamp":1701089173077,"id":"1gwmyf42m2mqyk9","previousEventId":"vau6yqpcjfjf5cn","operationId":"36r27hhurju8n5l","previousOperationId":"v28uld8190nmdi1"}
{"type":"log","timestamp":1701089173077,"level":"debug","message":"Executing recipe chrome-pdf","meta":{"rootId":"slg1w662ntjxdat","id":"slg1w662ntjxdat"},"id":"xoq2tkgfggkq1z0","previousOperationId":"36r27hhurju8n5l"}
{"type":"log","timestamp":1701089173079,"level":"debug","message":"Converting with chrome HeadlessChrome/117.0.5938.149 using chrome-pool strategy","meta":{"rootId":"slg1w662ntjxdat","id":"slg1w662ntjxdat"},"id":"2wo8mf0qjbwmwyt","previousOperationId":"36r27hhurju8n5l"}
{"type":"log","timestamp":1701089173128,"level":"debug","message":"Page request: GET (document) file:///var/folders/dp/qk79pfcj0y1fmtkkl08m76rc0000gn/T/jsreport/autocleanup/8fb1973c-d6ef-494b-bc3f-b301483a61d0-chrome-pdf.html","meta":{"rootId":"slg1w662ntjxdat","id":"slg1w662ntjxdat"},"id":"ig2mx5vxeie4wks","previousOperationId":"36r27hhurju8n5l"}
{"type":"log","timestamp":1701089173132,"level":"debug","message":"Page request finished: GET (document) 200 file:///var/folders/dp/qk79pfcj0y1fmtkkl08m76rc0000gn/T/jsreport/autocleanup/8fb1973c-d6ef-494b-bc3f-b301483a61d0-chrome-pdf.html","meta":{"rootId":"slg1w662ntjxdat","id":"slg1w662ntjxdat"},"id":"6qaz6w5nr5hjir8","previousOperationId":"36r27hhurju8n5l"}
{"type":"log","timestamp":1701089173146,"level":"debug","message":"Running chrome with params {\"printBackground\":true,\"format\":\"a4\",\"marginTop\":\"2cm\",\"marginBottom\":\"2cm\",\"timeout\":59961,\"margin\":{\"top\":\"2cm\",\"bottom\":\"2cm\"}}","meta":{"rootId":"slg1w662ntjxdat","id":"slg1w662ntjxdat"},"id":"lat4bcymb5yjpch","previousOperationId":"36r27hhurju8n5l"}
{"type":"operationEnd","operationId":"36r27hhurju8n5l","timestamp":1701089173170,"id":"dxgr6bx5e4zn99l","previousEventId":"1gwmyf42m2mqyk9","previousOperationId":"36r27hhurju8n5l"}
{"type":"log","timestamp":1701089173170,"level":"info","message":"pdf-utils is starting pdf processing","meta":{"rootId":"slg1w662ntjxdat","id":"slg1w662ntjxdat"},"id":"1srww9ys1v51g7o","previousOperationId":"36r27hhurju8n5l"}
{"type":"operationStart","subtype":"pdfUtils","name":"pdf utils","timestamp":1701089173171,"id":"tg9q6q1w5t9s73k","previousEventId":"dxgr6bx5e4zn99l","operationId":"bh6zgamax2lheq3","previousOperationId":"36r27hhurju8n5l"}
{"type":"log","timestamp":1701089173171,"level":"debug","message":"pdf-utils detected 1 pdf operation(s) to process","meta":{"rootId":"slg1w662ntjxdat","id":"slg1w662ntjxdat"},"id":"yob20a9rg268ciy","previousOperationId":"bh6zgamax2lheq3"}
{"type":"log","timestamp":1701089173194,"level":"debug","message":"pdf-utils running pdf operation merge","meta":{"rootId":"slg1w662ntjxdat","id":"slg1w662ntjxdat"},"id":"d59v1iv1xda5ec5","previousOperationId":"bh6zgamax2lheq3"}
{"type":"operationStart","subtype":"pdfUtilsMerge","name":"pdf utils merge","previousOperationId":"bh6zgamax2lheq3","timestamp":1701089173194,"id":"x0qqrv14ijz1zyr","previousEventId":"tg9q6q1w5t9s73k","operationId":"k1gfpqun3fia2t2"}
{"type":"operationStart","subtype":"render","name":"header-footer","previousOperationId":"k1gfpqun3fia2t2","timestamp":1701089173197,"id":"r2q0jzrnshz4qx9","previousEventId":"x0qqrv14ijz1zyr","operationId":"a5tqlxmpfhhh8ob"}
{"type":"log","timestamp":1701089173197,"level":"info","message":"Starting rendering (child) request","meta":{"rootId":"slg1w662ntjxdat","id":"6ekg7nqjr76vhen"},"id":"0xbzsvnlcnvyng7","previousOperationId":"a5tqlxmpfhhh8ob"}
{"type":"log","timestamp":1701089173197,"level":"info","message":"Rendering template { name: header-footer, recipe: chrome-pdf, engine: handlebars, preview: true }","meta":{"rootId":"slg1w662ntjxdat","id":"6ekg7nqjr76vhen"},"id":"bmnvj4k6fs1lwtd","previousOperationId":"a5tqlxmpfhhh8ob"}
{"type":"log","timestamp":1701089173198,"level":"debug","message":"Inline data specified.","meta":{"rootId":"slg1w662ntjxdat","id":"6ekg7nqjr76vhen"},"id":"hfpbwm095rv6sl6","previousOperationId":"a5tqlxmpfhhh8ob"}
{"type":"log","timestamp":1701089173200,"level":"debug","message":"Base url not specified, skipping its injection.","meta":{"rootId":"slg1w662ntjxdat","id":"6ekg7nqjr76vhen"},"id":"0hyar46vu4y93v3","previousOperationId":"a5tqlxmpfhhh8ob"}
{"type":"operationStart","subtype":"engine","name":"handlebars","timestamp":1701089173200,"id":"xgyvehfypztyukm","previousEventId":"r2q0jzrnshz4qx9","operationId":"fm8kbvzo2p44spc","previousOperationId":"a5tqlxmpfhhh8ob"}
{"type":"log","timestamp":1701089173200,"level":"debug","message":"Rendering engine handlebars","meta":{"rootId":"slg1w662ntjxdat","id":"6ekg7nqjr76vhen"},"id":"h2x9yymbelm4ash","previousOperationId":"fm8kbvzo2p44spc"}
{"type":"operationEnd","operationId":"fm8kbvzo2p44spc","timestamp":1701089173203,"id":"srvuugzaseq0cqb","previousEventId":"xgyvehfypztyukm","previousOperationId":"fm8kbvzo2p44spc"}
{"type":"operationStart","subtype":"recipe","name":"chrome-pdf","timestamp":1701089173203,"id":"k2d906jzk6x68df","previousEventId":"srvuugzaseq0cqb","operationId":"ueyr6oe3n5xvo51","previousOperationId":"fm8kbvzo2p44spc"}
{"type":"log","timestamp":1701089173203,"level":"debug","message":"Executing recipe chrome-pdf","meta":{"rootId":"slg1w662ntjxdat","id":"6ekg7nqjr76vhen"},"id":"m8igkzmjaho3lhq","previousOperationId":"ueyr6oe3n5xvo51"}
{"type":"log","timestamp":1701089173204,"level":"debug","message":"Converting with chrome HeadlessChrome/117.0.5938.149 using chrome-pool strategy","meta":{"rootId":"slg1w662ntjxdat","id":"6ekg7nqjr76vhen"},"id":"31r3f4zsotbm36k","previousOperationId":"ueyr6oe3n5xvo51"}
{"type":"log","timestamp":1701089173246,"level":"debug","message":"Page request: GET (document) file:///var/folders/dp/qk79pfcj0y1fmtkkl08m76rc0000gn/T/jsreport/autocleanup/24760f28-0b0f-420f-8ca4-6435c34e7e62-chrome-pdf.html","meta":{"rootId":"slg1w662ntjxdat","id":"6ekg7nqjr76vhen"},"id":"ooxu006p6n46nq4","previousOperationId":"ueyr6oe3n5xvo51"}
{"type":"log","timestamp":1701089173251,"level":"debug","message":"Page request finished: GET (document) 200 file:///var/folders/dp/qk79pfcj0y1fmtkkl08m76rc0000gn/T/jsreport/autocleanup/24760f28-0b0f-420f-8ca4-6435c34e7e62-chrome-pdf.html","meta":{"rootId":"slg1w662ntjxdat","id":"6ekg7nqjr76vhen"},"id":"lqxurzr825reyyh","previousOperationId":"ueyr6oe3n5xvo51"}
{"type":"log","timestamp":1701089173258,"level":"debug","message":"Running chrome with params {\"timeout\":59835,\"margin\":{},\"printBackground\":true}","meta":{"rootId":"slg1w662ntjxdat","id":"6ekg7nqjr76vhen"},"id":"h64qznaevh4y9rn","previousOperationId":"ueyr6oe3n5xvo51"}
{"type":"operationEnd","operationId":"ueyr6oe3n5xvo51","timestamp":1701089173264,"id":"nkf8dw3hxkum3bv","previousEventId":"k2d906jzk6x68df","previousOperationId":"ueyr6oe3n5xvo51"}
{"type":"log","timestamp":1701089173264,"level":"debug","message":"Skipping storing report.","meta":{"rootId":"slg1w662ntjxdat","id":"6ekg7nqjr76vhen"},"id":"rq7jjk7d1f61002","previousOperationId":"ueyr6oe3n5xvo51"}
{"type":"log","timestamp":1701089173264,"level":"info","message":"Rendering (child) request finished in 225 ms","meta":{"rootId":"slg1w662ntjxdat","id":"6ekg7nqjr76vhen"},"id":"naa6640pkrw69if","previousOperationId":"ueyr6oe3n5xvo51"}
{"type":"operationEnd","subtype":"render","operationId":"a5tqlxmpfhhh8ob","timestamp":1701089173264,"id":"vdnw45718i1vso8","previousEventId":"nkf8dw3hxkum3bv","previousOperationId":"ueyr6oe3n5xvo51"}
{"type":"operationEnd","operationId":"k1gfpqun3fia2t2","timestamp":1701089173268,"id":"uyifzr0epusutzv","previousEventId":"x0qqrv14ijz1zyr","previousOperationId":"k1gfpqun3fia2t2"}
{"type":"log","timestamp":1701089173268,"level":"debug","message":"pdf-utils postproces start","meta":{"rootId":"slg1w662ntjxdat","id":"slg1w662ntjxdat"},"id":"icdc92r2ny09gif","previousOperationId":"k1gfpqun3fia2t2"}
{"type":"log","timestamp":1701089173275,"level":"debug","message":"pdf-utils postproces end","meta":{"rootId":"slg1w662ntjxdat","id":"slg1w662ntjxdat"},"id":"8ka77vm9cyaa3bz","previousOperationId":"k1gfpqun3fia2t2"}
{"type":"operationEnd","operationId":"bh6zgamax2lheq3","timestamp":1701089173275,"id":"4ieem6w1ovnjy2i","previousEventId":"uyifzr0epusutzv","previousOperationId":"k1gfpqun3fia2t2"}
{"type":"log","timestamp":1701089173275,"level":"info","message":"pdf-utils pdf processing was finished","meta":{"rootId":"slg1w662ntjxdat","id":"slg1w662ntjxdat"},"id":"gksq017mik2hh9z","previousOperationId":"bh6zgamax2lheq3"}
{"type":"log","timestamp":1701089173275,"level":"debug","message":"Skipping storing report.","meta":{"rootId":"slg1w662ntjxdat","id":"slg1w662ntjxdat"},"id":"v3lh2jwqne0jtgd","previousOperationId":"bh6zgamax2lheq3"}
{"type":"log","timestamp":1701089173275,"level":"info","message":"Rendering request 110 finished in 236 ms","meta":{"rootId":"slg1w662ntjxdat","id":"slg1w662ntjxdat"},"id":"q5jrmkqp5vkk3er","previousOperationId":"bh6zgamax2lheq3"}
{"type":"operationEnd","subtype":"render","operationId":"4krbeac81ewr7nk","timestamp":1701089173275,"id":"0yjbtwf4giw44dt","previousEventId":"4ieem6w1ovnjy2i","previousOperationId":"bh6zgamax2lheq3"}
{"type":"operationEnd","doDiffs":false,"previousEventId":"q11ldj33jappzf6","previousOperationId":"7cyxibigb0m0bbs","operationId":"7cyxibigb0m0bbs","timestamp":1701089173277,"id":"hgf0hiwnk4isjwn"}
