{"type":"operationStart","subtype":"profile","data":{"_id":"gEMQE6OhNXwnkiaz","timestamp":"2023-11-27T13:05:16.058Z","state":"queued","mode":"standard","creationDate":"2023-11-27T13:05:16.061Z","modificationDate":"2023-11-27T13:05:16.061Z","shortid":"r_qpYiN","$entitySet":"profiles"},"doDiffs":false,"timestamp":1701090316060,"id":"jpynf46yapf3z36","previousOperationId":null,"operationId":"1jtdzwrbabw55la"}
{"type":"log","level":"info","message":"Render request 121 queued for execution and waiting for available worker","previousOperationId":"1jtdzwrbabw55la","timestamp":1701090316061,"id":"kpxp8ikgk16301n"}
{"type":"operationStart","subtype":"render","name":"sporazum_odgovorno","previousOperationId":"1jtdzwrbabw55la","timestamp":1701090316070,"id":"im44xpqu062z5et","previousEventId":"jpynf46yapf3z36","operationId":"hq89nv8et598lr9"}
{"type":"log","timestamp":1701090316070,"level":"info","message":"Starting rendering request 121","meta":{"rootId":"wvupsckce4szaes","id":"wvupsckce4szaes"},"id":"m2k17g84dylu1qk","previousOperationId":"hq89nv8et598lr9"}
{"type":"log","timestamp":1701090316071,"level":"info","message":"Rendering template { name: sporazum_odgovorno, recipe: chrome-pdf, engine: handlebars, preview: true }","meta":{"rootId":"wvupsckce4szaes","id":"wvupsckce4szaes"},"id":"7uli0iswq3bum7v","previousOperationId":"hq89nv8et598lr9"}
{"type":"log","timestamp":1701090316073,"level":"debug","message":"Inline data specified.","meta":{"rootId":"wvupsckce4szaes","id":"wvupsckce4szaes"},"id":"u0h4vdwz7fohmnu","previousOperationId":"hq89nv8et598lr9"}
{"type":"log","timestamp":1701090316080,"level":"debug","message":"Base url not specified, skipping its injection.","meta":{"rootId":"wvupsckce4szaes","id":"wvupsckce4szaes"},"id":"zj6pti1ij419oa8","previousOperationId":"hq89nv8et598lr9"}
{"type":"operationStart","subtype":"engine","name":"handlebars","timestamp":1701090316080,"id":"45xieqvioqmlf1x","previousEventId":"im44xpqu062z5et","operationId":"m808ew8un3e5ve8","previousOperationId":"hq89nv8et598lr9"}
{"type":"log","timestamp":1701090316080,"level":"debug","message":"Rendering engine handlebars","meta":{"rootId":"wvupsckce4szaes","id":"wvupsckce4szaes"},"id":"x0ytvsvu00c8sw0","previousOperationId":"m808ew8un3e5ve8"}
{"type":"operationEnd","operationId":"m808ew8un3e5ve8","timestamp":1701090316091,"id":"x3kikq247vodjf9","previousEventId":"45xieqvioqmlf1x","previousOperationId":"m808ew8un3e5ve8"}
{"type":"operationStart","subtype":"recipe","name":"chrome-pdf","timestamp":1701090316092,"id":"t9dgd0m8887yaaa","previousEventId":"x3kikq247vodjf9","operationId":"19i2678wl3pljn3","previousOperationId":"m808ew8un3e5ve8"}
{"type":"log","timestamp":1701090316092,"level":"debug","message":"Executing recipe chrome-pdf","meta":{"rootId":"wvupsckce4szaes","id":"wvupsckce4szaes"},"id":"emji69bcm0yuidw","previousOperationId":"19i2678wl3pljn3"}
{"type":"log","timestamp":1701090316093,"level":"debug","message":"Converting with chrome HeadlessChrome/117.0.5938.149 using chrome-pool strategy","meta":{"rootId":"wvupsckce4szaes","id":"wvupsckce4szaes"},"id":"9rusc9q1yw3pqm3","previousOperationId":"19i2678wl3pljn3"}
{"type":"log","timestamp":1701090316136,"level":"debug","message":"Page request: GET (document) file:///var/folders/dp/qk79pfcj0y1fmtkkl08m76rc0000gn/T/jsreport/autocleanup/4233bc46-c77c-4b39-8012-f0ad96e07667-chrome-pdf.html","meta":{"rootId":"wvupsckce4szaes","id":"wvupsckce4szaes"},"id":"t3lb2hcryn6ab70","previousOperationId":"19i2678wl3pljn3"}
{"type":"log","timestamp":1701090316140,"level":"debug","message":"Page request finished: GET (document) 200 file:///var/folders/dp/qk79pfcj0y1fmtkkl08m76rc0000gn/T/jsreport/autocleanup/4233bc46-c77c-4b39-8012-f0ad96e07667-chrome-pdf.html","meta":{"rootId":"wvupsckce4szaes","id":"wvupsckce4szaes"},"id":"ba65t55hs815eh2","previousOperationId":"19i2678wl3pljn3"}
{"type":"log","timestamp":1701090316152,"level":"debug","message":"Running chrome with params {\"printBackground\":true,\"format\":\"a4\",\"marginTop\":\"2cm\",\"marginBottom\":\"2cm\",\"timeout\":59966,\"margin\":{\"top\":\"2cm\",\"bottom\":\"2cm\"}}","meta":{"rootId":"wvupsckce4szaes","id":"wvupsckce4szaes"},"id":"9dq46vxg7vk7sak","previousOperationId":"19i2678wl3pljn3"}
{"type":"operationEnd","operationId":"19i2678wl3pljn3","timestamp":1701090316177,"id":"9r9mkaxq15ioape","previousEventId":"t9dgd0m8887yaaa","previousOperationId":"19i2678wl3pljn3"}
{"type":"log","timestamp":1701090316177,"level":"info","message":"pdf-utils is starting pdf processing","meta":{"rootId":"wvupsckce4szaes","id":"wvupsckce4szaes"},"id":"p1aa4how9mwdpkt","previousOperationId":"19i2678wl3pljn3"}
{"type":"operationStart","subtype":"pdfUtils","name":"pdf utils","timestamp":1701090316177,"id":"pqq95iadvkb4vo0","previousEventId":"9r9mkaxq15ioape","operationId":"zzxsb6o6y7qgywm","previousOperationId":"19i2678wl3pljn3"}
{"type":"log","timestamp":1701090316177,"level":"debug","message":"pdf-utils detected 1 pdf operation(s) to process","meta":{"rootId":"wvupsckce4szaes","id":"wvupsckce4szaes"},"id":"f2770o1pik3rsm1","previousOperationId":"zzxsb6o6y7qgywm"}
{"type":"log","timestamp":1701090316203,"level":"debug","message":"pdf-utils running pdf operation merge","meta":{"rootId":"wvupsckce4szaes","id":"wvupsckce4szaes"},"id":"jcu7y72wpwnzt6v","previousOperationId":"zzxsb6o6y7qgywm"}
{"type":"operationStart","subtype":"pdfUtilsMerge","name":"pdf utils merge","previousOperationId":"zzxsb6o6y7qgywm","timestamp":1701090316203,"id":"t60a9fcosf3p7x3","previousEventId":"pqq95iadvkb4vo0","operationId":"2ki8ubduqvi7ugq"}
{"type":"operationStart","subtype":"render","name":"header-footer","previousOperationId":"2ki8ubduqvi7ugq","timestamp":1701090316204,"id":"wyw1emul7wdc0xq","previousEventId":"t60a9fcosf3p7x3","operationId":"n6dqewag8dj4r6z"}
{"type":"log","timestamp":1701090316204,"level":"info","message":"Starting rendering (child) request","meta":{"rootId":"wvupsckce4szaes","id":"h5pwccfpddoyb0f"},"id":"9pb3ezu7rfe9bnq","previousOperationId":"n6dqewag8dj4r6z"}
{"type":"log","timestamp":1701090316205,"level":"info","message":"Rendering template { name: header-footer, recipe: chrome-pdf, engine: handlebars, preview: true }","meta":{"rootId":"wvupsckce4szaes","id":"h5pwccfpddoyb0f"},"id":"b06n77kwqcl3dln","previousOperationId":"n6dqewag8dj4r6z"}
{"type":"log","timestamp":1701090316207,"level":"debug","message":"Inline data specified.","meta":{"rootId":"wvupsckce4szaes","id":"h5pwccfpddoyb0f"},"id":"tsiuh8iotmyqwak","previousOperationId":"n6dqewag8dj4r6z"}
{"type":"log","timestamp":1701090316207,"level":"debug","message":"Base url not specified, skipping its injection.","meta":{"rootId":"wvupsckce4szaes","id":"h5pwccfpddoyb0f"},"id":"awfsmir10xasoki","previousOperationId":"n6dqewag8dj4r6z"}
{"type":"operationStart","subtype":"engine","name":"handlebars","timestamp":1701090316207,"id":"vdmwr37h30ckfcm","previousEventId":"wyw1emul7wdc0xq","operationId":"hpmwipx2nqq0azw","previousOperationId":"n6dqewag8dj4r6z"}
{"type":"log","timestamp":1701090316207,"level":"debug","message":"Rendering engine handlebars","meta":{"rootId":"wvupsckce4szaes","id":"h5pwccfpddoyb0f"},"id":"4b1xbx9s1obrzqn","previousOperationId":"hpmwipx2nqq0azw"}
{"type":"operationEnd","operationId":"hpmwipx2nqq0azw","timestamp":1701090316211,"id":"fwu68iwnorr4it6","previousEventId":"vdmwr37h30ckfcm","previousOperationId":"hpmwipx2nqq0azw"}
{"type":"operationStart","subtype":"recipe","name":"chrome-pdf","timestamp":1701090316211,"id":"fxn59kv64c09atm","previousEventId":"fwu68iwnorr4it6","operationId":"bywljvbfrru5z19","previousOperationId":"hpmwipx2nqq0azw"}
{"type":"log","timestamp":1701090316211,"level":"debug","message":"Executing recipe chrome-pdf","meta":{"rootId":"wvupsckce4szaes","id":"h5pwccfpddoyb0f"},"id":"a5oivhauzjbv118","previousOperationId":"bywljvbfrru5z19"}
{"type":"log","timestamp":1701090316211,"level":"debug","message":"Converting with chrome HeadlessChrome/117.0.5938.149 using chrome-pool strategy","meta":{"rootId":"wvupsckce4szaes","id":"h5pwccfpddoyb0f"},"id":"76foj9dvcl1iq5o","previousOperationId":"bywljvbfrru5z19"}
{"type":"log","timestamp":1701090316261,"level":"debug","message":"Page request: GET (document) file:///var/folders/dp/qk79pfcj0y1fmtkkl08m76rc0000gn/T/jsreport/autocleanup/9ff9d72c-df62-4dc9-bc72-e59a5aa4b0b4-chrome-pdf.html","meta":{"rootId":"wvupsckce4szaes","id":"h5pwccfpddoyb0f"},"id":"22lobc0jrk37eq5","previousOperationId":"bywljvbfrru5z19"}
{"type":"log","timestamp":1701090316265,"level":"debug","message":"Page request finished: GET (document) 200 file:///var/folders/dp/qk79pfcj0y1fmtkkl08m76rc0000gn/T/jsreport/autocleanup/9ff9d72c-df62-4dc9-bc72-e59a5aa4b0b4-chrome-pdf.html","meta":{"rootId":"wvupsckce4szaes","id":"h5pwccfpddoyb0f"},"id":"qnn1nkp0241z4lu","previousOperationId":"bywljvbfrru5z19"}
{"type":"log","timestamp":1701090316272,"level":"debug","message":"Running chrome with params {\"timeout\":59847,\"margin\":{},\"printBackground\":true}","meta":{"rootId":"wvupsckce4szaes","id":"h5pwccfpddoyb0f"},"id":"sctdxhhispgum9t","previousOperationId":"bywljvbfrru5z19"}
{"type":"operationEnd","operationId":"bywljvbfrru5z19","timestamp":1701090316278,"id":"9l9misql3i1bgul","previousEventId":"fxn59kv64c09atm","previousOperationId":"bywljvbfrru5z19"}
{"type":"log","timestamp":1701090316278,"level":"debug","message":"Skipping storing report.","meta":{"rootId":"wvupsckce4szaes","id":"h5pwccfpddoyb0f"},"id":"ryef13rletpz2on","previousOperationId":"bywljvbfrru5z19"}
{"type":"log","timestamp":1701090316278,"level":"info","message":"Rendering (child) request finished in 220 ms","meta":{"rootId":"wvupsckce4szaes","id":"h5pwccfpddoyb0f"},"id":"ttzofy7nj34efin","previousOperationId":"bywljvbfrru5z19"}
{"type":"operationEnd","subtype":"render","operationId":"n6dqewag8dj4r6z","timestamp":1701090316278,"id":"7hbqo1ksk3wz74z","previousEventId":"9l9misql3i1bgul","previousOperationId":"bywljvbfrru5z19"}
{"type":"operationEnd","operationId":"2ki8ubduqvi7ugq","timestamp":1701090316283,"id":"y84rs9cat2gfikw","previousEventId":"t60a9fcosf3p7x3","previousOperationId":"2ki8ubduqvi7ugq"}
{"type":"log","timestamp":1701090316283,"level":"debug","message":"pdf-utils postproces start","meta":{"rootId":"wvupsckce4szaes","id":"wvupsckce4szaes"},"id":"dy3x5vf9q9k095q","previousOperationId":"2ki8ubduqvi7ugq"}
{"type":"log","timestamp":1701090316289,"level":"debug","message":"pdf-utils postproces end","meta":{"rootId":"wvupsckce4szaes","id":"wvupsckce4szaes"},"id":"ta1ovr6yy6jcuq0","previousOperationId":"2ki8ubduqvi7ugq"}
{"type":"operationEnd","operationId":"zzxsb6o6y7qgywm","timestamp":1701090316289,"id":"98owrc6c11pd2n3","previousEventId":"y84rs9cat2gfikw","previousOperationId":"2ki8ubduqvi7ugq"}
{"type":"log","timestamp":1701090316289,"level":"info","message":"pdf-utils pdf processing was finished","meta":{"rootId":"wvupsckce4szaes","id":"wvupsckce4szaes"},"id":"6kivmtwzvhx639u","previousOperationId":"zzxsb6o6y7qgywm"}
{"type":"log","timestamp":1701090316289,"level":"debug","message":"Skipping storing report.","meta":{"rootId":"wvupsckce4szaes","id":"wvupsckce4szaes"},"id":"hdl68k4491nww0h","previousOperationId":"zzxsb6o6y7qgywm"}
{"type":"log","timestamp":1701090316289,"level":"info","message":"Rendering request 121 finished in 231 ms","meta":{"rootId":"wvupsckce4szaes","id":"wvupsckce4szaes"},"id":"0ialz4v8ixk2pc2","previousOperationId":"zzxsb6o6y7qgywm"}
{"type":"operationEnd","subtype":"render","operationId":"hq89nv8et598lr9","timestamp":1701090316289,"id":"56y2axqi6btxapv","previousEventId":"98owrc6c11pd2n3","previousOperationId":"zzxsb6o6y7qgywm"}
{"type":"operationEnd","doDiffs":false,"previousEventId":"jpynf46yapf3z36","previousOperationId":"1jtdzwrbabw55la","operationId":"1jtdzwrbabw55la","timestamp":1701090316291,"id":"6qn74fe16lcf4l3"}
