{"type":"operationStart","subtype":"profile","data":{"_id":"ID1kE9yZOCxzI4gR","timestamp":"2023-12-04T12:22:22.139Z","state":"queued","mode":"standard","creationDate":"2023-12-04T12:22:22.141Z","modificationDate":"2023-12-04T12:22:22.141Z","shortid":"n0vXh2A","$entitySet":"profiles"},"doDiffs":false,"timestamp":1701692542140,"id":"ahgqvbcku1kumph","previousOperationId":null,"operationId":"rg1pyrq2j26sars"}
{"type":"log","level":"info","message":"Render request 161 queued for execution and waiting for available worker","previousOperationId":"rg1pyrq2j26sars","timestamp":1701692542140,"id":"gro5855y0ngj1yn"}
{"type":"operationStart","subtype":"render","name":"pmo_slip_index","previousOperationId":"rg1pyrq2j26sars","timestamp":1701692542145,"id":"c9krqfkayzw9m7i","previousEventId":"ahgqvbcku1kumph","operationId":"lsph0t33ugeo9qw"}
{"type":"log","timestamp":1701692542146,"level":"info","message":"Starting rendering request 161","meta":{"rootId":"0eb9kuwzhrvmn5x","id":"0eb9kuwzhrvmn5x"},"id":"g0buv3r9syjkn74","previousOperationId":"lsph0t33ugeo9qw"}
{"type":"log","timestamp":1701692542146,"level":"info","message":"Rendering template { name: pmo_slip_index, recipe: chrome-pdf, engine: handlebars, preview: true }","meta":{"rootId":"0eb9kuwzhrvmn5x","id":"0eb9kuwzhrvmn5x"},"id":"5bdw99h4a8dqvac","previousOperationId":"lsph0t33ugeo9qw"}
{"type":"log","timestamp":1701692542147,"level":"debug","message":"Adding sample data VeFzNfc","meta":{"rootId":"0eb9kuwzhrvmn5x","id":"0eb9kuwzhrvmn5x"},"id":"l2hlvsaf92pitbr","previousOperationId":"lsph0t33ugeo9qw"}
{"type":"log","timestamp":1701692542148,"level":"debug","message":"Base url not specified, skipping its injection.","meta":{"rootId":"0eb9kuwzhrvmn5x","id":"0eb9kuwzhrvmn5x"},"id":"8xg3ycom7z1wn3j","previousOperationId":"lsph0t33ugeo9qw"}
{"type":"operationStart","subtype":"engine","name":"handlebars","timestamp":1701692542148,"id":"3gttil6f9abvygk","previousEventId":"c9krqfkayzw9m7i","operationId":"54liihfci28hw60","previousOperationId":"lsph0t33ugeo9qw"}
{"type":"log","timestamp":1701692542149,"level":"debug","message":"Rendering engine handlebars","meta":{"rootId":"0eb9kuwzhrvmn5x","id":"0eb9kuwzhrvmn5x"},"id":"oc2jbthox0sjefx","previousOperationId":"54liihfci28hw60"}
{"type":"operationEnd","operationId":"54liihfci28hw60","timestamp":1701692542168,"id":"k5fxdvc8r7wf17d","previousEventId":"3gttil6f9abvygk","previousOperationId":"54liihfci28hw60"}
{"type":"operationStart","subtype":"recipe","name":"chrome-pdf","timestamp":1701692542169,"id":"bw6u9n6y9bsyu3p","previousEventId":"k5fxdvc8r7wf17d","operationId":"2aot68hvg3e9iza","previousOperationId":"54liihfci28hw60"}
{"type":"log","timestamp":1701692542169,"level":"debug","message":"Executing recipe chrome-pdf","meta":{"rootId":"0eb9kuwzhrvmn5x","id":"0eb9kuwzhrvmn5x"},"id":"f8c6eb1r68swvop","previousOperationId":"2aot68hvg3e9iza"}
{"type":"log","timestamp":1701692542171,"level":"debug","message":"Converting with chrome HeadlessChrome/117.0.5938.149 using chrome-pool strategy","meta":{"rootId":"0eb9kuwzhrvmn5x","id":"0eb9kuwzhrvmn5x"},"id":"cu58ij35mjibd9j","previousOperationId":"2aot68hvg3e9iza"}
{"type":"log","timestamp":1701692542217,"level":"debug","message":"Page request: GET (document) file:///var/folders/dp/qk79pfcj0y1fmtkkl08m76rc0000gn/T/jsreport/autocleanup/9a49c0b7-53ba-4f28-ae2d-f93b10d6d33c-chrome-pdf.html","meta":{"rootId":"0eb9kuwzhrvmn5x","id":"0eb9kuwzhrvmn5x"},"id":"hgx486k019ei5ux","previousOperationId":"2aot68hvg3e9iza"}
{"type":"log","timestamp":1701692542222,"level":"debug","message":"Page request finished: GET (document) 200 file:///var/folders/dp/qk79pfcj0y1fmtkkl08m76rc0000gn/T/jsreport/autocleanup/9a49c0b7-53ba-4f28-ae2d-f93b10d6d33c-chrome-pdf.html","meta":{"rootId":"0eb9kuwzhrvmn5x","id":"0eb9kuwzhrvmn5x"},"id":"sax702icefjocuw","previousOperationId":"2aot68hvg3e9iza"}
{"type":"log","timestamp":1701692542232,"level":"debug","message":"Running chrome with params {\"printBackground\":true,\"width\":\"7cm\",\"height\":\"3000px\",\"timeout\":59969,\"margin\":{}}","meta":{"rootId":"0eb9kuwzhrvmn5x","id":"0eb9kuwzhrvmn5x"},"id":"lcntcvax1iis5m2","previousOperationId":"2aot68hvg3e9iza"}
{"type":"operationEnd","operationId":"2aot68hvg3e9iza","timestamp":1701692542257,"id":"lmq3o7bsk2i1k8u","previousEventId":"bw6u9n6y9bsyu3p","previousOperationId":"2aot68hvg3e9iza"}
{"type":"log","timestamp":1701692542257,"level":"debug","message":"Skipping storing report.","meta":{"rootId":"0eb9kuwzhrvmn5x","id":"0eb9kuwzhrvmn5x"},"id":"7xnmlajy5cl3i90","previousOperationId":"2aot68hvg3e9iza"}
{"type":"log","timestamp":1701692542257,"level":"info","message":"Rendering request 161 finished in 118 ms","meta":{"rootId":"0eb9kuwzhrvmn5x","id":"0eb9kuwzhrvmn5x"},"id":"3lk5a0zfqfad1bg","previousOperationId":"2aot68hvg3e9iza"}
{"type":"operationEnd","subtype":"render","operationId":"lsph0t33ugeo9qw","timestamp":1701692542257,"id":"hunarapix5f3xhi","previousEventId":"lmq3o7bsk2i1k8u","previousOperationId":"2aot68hvg3e9iza"}
{"type":"operationEnd","doDiffs":false,"previousEventId":"ahgqvbcku1kumph","previousOperationId":"rg1pyrq2j26sars","operationId":"rg1pyrq2j26sars","timestamp":1701692542258,"id":"6ta0pxkx2stbz61"}
