{"type":"operationStart","subtype":"profile","data":{"_id":"HLXl9jipmMEFMLIC","timestamp":"2023-12-01T11:24:12.217Z","state":"queued","mode":"standard","creationDate":"2023-12-01T11:24:12.219Z","modificationDate":"2023-12-01T11:24:12.219Z","shortid":"z4FKA2a","$entitySet":"profiles"},"doDiffs":false,"timestamp":1701429852218,"id":"m4f5vn24nebvy1f","previousOperationId":null,"operationId":"4ct44czebneu3y0"}
{"type":"log","level":"info","message":"Render request 104 queued for execution and waiting for available worker","previousOperationId":"4ct44czebneu3y0","timestamp":1701429852218,"id":"ok4nc3jhoqr73zz"}
{"type":"operationStart","subtype":"render","name":"pmo_slip_index","previousOperationId":"4ct44czebneu3y0","timestamp":1701429852225,"id":"wz2te0cobhfhudm","previousEventId":"m4f5vn24nebvy1f","operationId":"bz2klckzvvef8r2"}
{"type":"log","timestamp":1701429852225,"level":"info","message":"Starting rendering request 104","meta":{"rootId":"160w71b8butlau9","id":"160w71b8butlau9"},"id":"3k5njsvpircbcmc","previousOperationId":"bz2klckzvvef8r2"}
{"type":"log","timestamp":1701429852225,"level":"info","message":"Rendering template { name: pmo_slip_index, recipe: chrome-pdf, engine: handlebars, preview: true }","meta":{"rootId":"160w71b8butlau9","id":"160w71b8butlau9"},"id":"vv6xkhb86wah1y4","previousOperationId":"bz2klckzvvef8r2"}
{"type":"log","timestamp":1701429852226,"level":"debug","message":"Inline data specified.","meta":{"rootId":"160w71b8butlau9","id":"160w71b8butlau9"},"id":"wry970w96yk1qnp","previousOperationId":"bz2klckzvvef8r2"}
{"type":"log","timestamp":1701429852235,"level":"debug","message":"Base url not specified, skipping its injection.","meta":{"rootId":"160w71b8butlau9","id":"160w71b8butlau9"},"id":"6g5lmalmvbvkxeh","previousOperationId":"bz2klckzvvef8r2"}
{"type":"operationStart","subtype":"engine","name":"handlebars","timestamp":1701429852235,"id":"xginhzr8fpxo9w1","previousEventId":"wz2te0cobhfhudm","operationId":"46d68lc9g4s7bia","previousOperationId":"bz2klckzvvef8r2"}
{"type":"log","timestamp":1701429852235,"level":"debug","message":"Rendering engine handlebars","meta":{"rootId":"160w71b8butlau9","id":"160w71b8butlau9"},"id":"0z397tm810ia4er","previousOperationId":"46d68lc9g4s7bia"}
{"type":"operationEnd","operationId":"46d68lc9g4s7bia","timestamp":1701429852244,"id":"ooiuvkl6l4gerxs","previousEventId":"xginhzr8fpxo9w1","previousOperationId":"46d68lc9g4s7bia"}
{"type":"operationStart","subtype":"recipe","name":"chrome-pdf","timestamp":1701429852244,"id":"pql04ayuqq6qw7o","previousEventId":"ooiuvkl6l4gerxs","operationId":"ifhoai091nr1729","previousOperationId":"46d68lc9g4s7bia"}
{"type":"log","timestamp":1701429852245,"level":"debug","message":"Executing recipe chrome-pdf","meta":{"rootId":"160w71b8butlau9","id":"160w71b8butlau9"},"id":"7zcztl003al3sxy","previousOperationId":"ifhoai091nr1729"}
{"type":"log","timestamp":1701429852247,"level":"debug","message":"Converting with chrome HeadlessChrome/117.0.5938.149 using chrome-pool strategy","meta":{"rootId":"160w71b8butlau9","id":"160w71b8butlau9"},"id":"tzztz96pnn4wy8s","previousOperationId":"ifhoai091nr1729"}
{"type":"log","timestamp":1701429852314,"level":"debug","message":"Page request: GET (document) file:///var/folders/dp/qk79pfcj0y1fmtkkl08m76rc0000gn/T/jsreport/autocleanup/3387c8ba-600a-4ab6-82ba-d11a2a50c285-chrome-pdf.html","meta":{"rootId":"160w71b8butlau9","id":"160w71b8butlau9"},"id":"5kn2kqgzp5ew1k0","previousOperationId":"ifhoai091nr1729"}
{"type":"log","timestamp":1701429852320,"level":"debug","message":"Page request finished: GET (document) 200 file:///var/folders/dp/qk79pfcj0y1fmtkkl08m76rc0000gn/T/jsreport/autocleanup/3387c8ba-600a-4ab6-82ba-d11a2a50c285-chrome-pdf.html","meta":{"rootId":"160w71b8butlau9","id":"160w71b8butlau9"},"id":"bl7uxflp842wt0x","previousOperationId":"ifhoai091nr1729"}
{"type":"log","timestamp":1701429852333,"level":"debug","message":"Running chrome with params {\"printBackground\":true,\"width\":\"7cm\",\"height\":\"30cm\",\"timeout\":59971,\"margin\":{}}","meta":{"rootId":"160w71b8butlau9","id":"160w71b8butlau9"},"id":"q44fkoritzahu12","previousOperationId":"ifhoai091nr1729"}
{"type":"operationEnd","operationId":"ifhoai091nr1729","timestamp":1701429852354,"id":"xc3g6giozzrc35m","previousEventId":"pql04ayuqq6qw7o","previousOperationId":"ifhoai091nr1729"}
{"type":"log","timestamp":1701429852354,"level":"debug","message":"Skipping storing report.","meta":{"rootId":"160w71b8butlau9","id":"160w71b8butlau9"},"id":"n2olmvmnh1mb3p4","previousOperationId":"ifhoai091nr1729"}
{"type":"log","timestamp":1701429852354,"level":"info","message":"Rendering request 104 finished in 137 ms","meta":{"rootId":"160w71b8butlau9","id":"160w71b8butlau9"},"id":"2ihqo0az15vevc6","previousOperationId":"ifhoai091nr1729"}
{"type":"operationEnd","subtype":"render","operationId":"bz2klckzvvef8r2","timestamp":1701429852354,"id":"yp0xz16vsker8jf","previousEventId":"xc3g6giozzrc35m","previousOperationId":"ifhoai091nr1729"}
{"type":"operationEnd","doDiffs":false,"previousEventId":"m4f5vn24nebvy1f","previousOperationId":"4ct44czebneu3y0","operationId":"4ct44czebneu3y0","timestamp":1701429852356,"id":"y7fw3oid172at01"}
