{"type":"operationStart","subtype":"profile","data":{"_id":"tzLDeb9d59lRE9TE","timestamp":"2023-11-30T11:53:28.268Z","state":"queued","mode":"standard","creationDate":"2023-11-30T11:53:28.272Z","modificationDate":"2023-11-30T11:53:28.272Z","shortid":"0KOnx1s","$entitySet":"profiles"},"doDiffs":false,"timestamp":1701345208270,"id":"jbnx6luyy22ndlx","previousOperationId":null,"operationId":"27qtxgg5cvpygfh"}
{"type":"log","level":"info","message":"Render request 21 queued for execution and waiting for available worker","previousOperationId":"27qtxgg5cvpygfh","timestamp":1701345208270,"id":"ygk62l9db9pe2g6"}
{"type":"operationStart","subtype":"render","name":"pmo_slip_index","previousOperationId":"27qtxgg5cvpygfh","timestamp":1701345208285,"id":"pqf1b67k98l03o6","previousEventId":"jbnx6luyy22ndlx","operationId":"53t4exusyzz841d"}
{"type":"log","timestamp":1701345208285,"level":"info","message":"Starting rendering request 21","meta":{"rootId":"1azlk85y7uap0t7","id":"1azlk85y7uap0t7"},"id":"oztdlfyconu2ics","previousOperationId":"53t4exusyzz841d"}
{"type":"log","timestamp":1701345208286,"level":"info","message":"Rendering template { name: pmo_slip_index, recipe: chrome-pdf, engine: handlebars, preview: true }","meta":{"rootId":"1azlk85y7uap0t7","id":"1azlk85y7uap0t7"},"id":"bktgva8fziw2fky","previousOperationId":"53t4exusyzz841d"}
{"type":"log","timestamp":1701345208286,"level":"debug","message":"Adding sample data VeFzNfc","meta":{"rootId":"1azlk85y7uap0t7","id":"1azlk85y7uap0t7"},"id":"hhqzlic9xbkfq1a","previousOperationId":"53t4exusyzz841d"}
{"type":"log","timestamp":1701345208287,"level":"debug","message":"Base url not specified, skipping its injection.","meta":{"rootId":"1azlk85y7uap0t7","id":"1azlk85y7uap0t7"},"id":"168pqvftd508ge5","previousOperationId":"53t4exusyzz841d"}
{"type":"operationStart","subtype":"engine","name":"handlebars","timestamp":1701345208288,"id":"7uf1h3jf0bdlf42","previousEventId":"pqf1b67k98l03o6","operationId":"oc4akeqfy8l3f9b","previousOperationId":"53t4exusyzz841d"}
{"type":"log","timestamp":1701345208288,"level":"debug","message":"Rendering engine handlebars","meta":{"rootId":"1azlk85y7uap0t7","id":"1azlk85y7uap0t7"},"id":"ns0jhkdbbl8ujt1","previousOperationId":"oc4akeqfy8l3f9b"}
{"type":"operationEnd","operationId":"oc4akeqfy8l3f9b","timestamp":1701345208297,"id":"tg4n8f5ux3c2f1d","previousEventId":"7uf1h3jf0bdlf42","previousOperationId":"oc4akeqfy8l3f9b"}
{"type":"operationStart","subtype":"recipe","name":"chrome-pdf","timestamp":1701345208297,"id":"9kauxkaom2oz7m9","previousEventId":"tg4n8f5ux3c2f1d","operationId":"iy6c3srizdzjdqo","previousOperationId":"oc4akeqfy8l3f9b"}
{"type":"log","timestamp":1701345208297,"level":"debug","message":"Executing recipe chrome-pdf","meta":{"rootId":"1azlk85y7uap0t7","id":"1azlk85y7uap0t7"},"id":"r5zt8gwb7kpyx8f","previousOperationId":"iy6c3srizdzjdqo"}
{"type":"log","timestamp":1701345208300,"level":"debug","message":"Converting with chrome HeadlessChrome/117.0.5938.149 using chrome-pool strategy","meta":{"rootId":"1azlk85y7uap0t7","id":"1azlk85y7uap0t7"},"id":"ub3lqkanc593qi2","previousOperationId":"iy6c3srizdzjdqo"}
{"type":"log","timestamp":1701345208349,"level":"debug","message":"Page request: GET (document) file:///var/folders/dp/qk79pfcj0y1fmtkkl08m76rc0000gn/T/jsreport/autocleanup/8e67744e-beb5-412f-a31d-ba95ca2bb7b5-chrome-pdf.html","meta":{"rootId":"1azlk85y7uap0t7","id":"1azlk85y7uap0t7"},"id":"qt33306xxnpuvr8","previousOperationId":"iy6c3srizdzjdqo"}
{"type":"log","timestamp":1701345208354,"level":"debug","message":"Page request finished: GET (document) 200 file:///var/folders/dp/qk79pfcj0y1fmtkkl08m76rc0000gn/T/jsreport/autocleanup/8e67744e-beb5-412f-a31d-ba95ca2bb7b5-chrome-pdf.html","meta":{"rootId":"1azlk85y7uap0t7","id":"1azlk85y7uap0t7"},"id":"nc4vvlt5lrxqlbr","previousOperationId":"iy6c3srizdzjdqo"}
{"type":"log","timestamp":1701345208367,"level":"debug","message":"Running chrome with params {\"printBackground\":true,\"width\":\"7cm\",\"height\":\"30cm\",\"timeout\":59970,\"margin\":{}}","meta":{"rootId":"1azlk85y7uap0t7","id":"1azlk85y7uap0t7"},"id":"4arv60ryo5i1q8s","previousOperationId":"iy6c3srizdzjdqo"}
{"type":"operationEnd","operationId":"iy6c3srizdzjdqo","timestamp":1701345208389,"id":"7pbedlz4paejivb","previousEventId":"9kauxkaom2oz7m9","previousOperationId":"iy6c3srizdzjdqo"}
{"type":"log","timestamp":1701345208389,"level":"debug","message":"Skipping storing report.","meta":{"rootId":"1azlk85y7uap0t7","id":"1azlk85y7uap0t7"},"id":"tp00s5wk3ry7hh7","previousOperationId":"iy6c3srizdzjdqo"}
{"type":"log","timestamp":1701345208389,"level":"info","message":"Rendering request 21 finished in 121 ms","meta":{"rootId":"1azlk85y7uap0t7","id":"1azlk85y7uap0t7"},"id":"0cail7zriewiwkr","previousOperationId":"iy6c3srizdzjdqo"}
{"type":"operationEnd","subtype":"render","operationId":"53t4exusyzz841d","timestamp":1701345208389,"id":"2cc55l4qi543d8p","previousEventId":"7pbedlz4paejivb","previousOperationId":"iy6c3srizdzjdqo"}
{"type":"operationEnd","doDiffs":false,"previousEventId":"jbnx6luyy22ndlx","previousOperationId":"27qtxgg5cvpygfh","operationId":"27qtxgg5cvpygfh","timestamp":1701345208390,"id":"jrwa5suudm2eqma"}
