{"type":"operationStart","subtype":"profile","data":{"_id":"pP7dJeTkd4ZdbYXF","timestamp":"2023-12-04T08:33:31.070Z","state":"queued","mode":"standard","creationDate":"2023-12-04T08:33:31.071Z","modificationDate":"2023-12-04T08:33:31.071Z","shortid":"GBiAihh","$entitySet":"profiles"},"doDiffs":false,"timestamp":1701678811071,"id":"0mqqp3fhdni2c3k","previousOperationId":null,"operationId":"y7f2eaw9ro51c7g"}
{"type":"log","level":"info","message":"Render request 7 queued for execution and waiting for available worker","previousOperationId":"y7f2eaw9ro51c7g","timestamp":1701678811071,"id":"v3ubptmthoi09rx"}
{"type":"operationStart","subtype":"render","name":"pmo_slip_index","previousOperationId":"y7f2eaw9ro51c7g","timestamp":1701678811082,"id":"plnh4m7xo9babqv","previousEventId":"0mqqp3fhdni2c3k","operationId":"7jnohrjhmwrf7dk"}
{"type":"log","timestamp":1701678811083,"level":"info","message":"Starting rendering request 7","meta":{"rootId":"1xzgnxtmt7996bt","id":"1xzgnxtmt7996bt"},"id":"kfz0cgn5waug1lj","previousOperationId":"7jnohrjhmwrf7dk"}
{"type":"log","timestamp":1701678811083,"level":"info","message":"Rendering template { name: pmo_slip_index, recipe: chrome-pdf, engine: handlebars, preview: true }","meta":{"rootId":"1xzgnxtmt7996bt","id":"1xzgnxtmt7996bt"},"id":"oolimsxdqrvxy0v","previousOperationId":"7jnohrjhmwrf7dk"}
{"type":"log","timestamp":1701678811085,"level":"debug","message":"Adding sample data VeFzNfc","meta":{"rootId":"1xzgnxtmt7996bt","id":"1xzgnxtmt7996bt"},"id":"m7ldul4rqh7cej4","previousOperationId":"7jnohrjhmwrf7dk"}
{"type":"log","timestamp":1701678811087,"level":"debug","message":"Base url not specified, skipping its injection.","meta":{"rootId":"1xzgnxtmt7996bt","id":"1xzgnxtmt7996bt"},"id":"urijjflwv4zxmuo","previousOperationId":"7jnohrjhmwrf7dk"}
{"type":"operationStart","subtype":"engine","name":"handlebars","timestamp":1701678811090,"id":"00kx0q9mwfo1gqg","previousEventId":"plnh4m7xo9babqv","operationId":"b6j2jb55zq0tkn0","previousOperationId":"7jnohrjhmwrf7dk"}
{"type":"log","timestamp":1701678811090,"level":"debug","message":"Rendering engine handlebars","meta":{"rootId":"1xzgnxtmt7996bt","id":"1xzgnxtmt7996bt"},"id":"vhnnwvgsh6abq8d","previousOperationId":"b6j2jb55zq0tkn0"}
{"type":"operationEnd","operationId":"b6j2jb55zq0tkn0","timestamp":1701678811116,"id":"4nz92ecfuwzg4r2","previousEventId":"00kx0q9mwfo1gqg","previousOperationId":"b6j2jb55zq0tkn0"}
{"type":"operationStart","subtype":"recipe","name":"chrome-pdf","timestamp":1701678811116,"id":"pd51r41643so6xm","previousEventId":"4nz92ecfuwzg4r2","operationId":"j8qy5epqwp7ng3l","previousOperationId":"b6j2jb55zq0tkn0"}
{"type":"log","timestamp":1701678811116,"level":"debug","message":"Executing recipe chrome-pdf","meta":{"rootId":"1xzgnxtmt7996bt","id":"1xzgnxtmt7996bt"},"id":"obhfgtg6sax1g6c","previousOperationId":"j8qy5epqwp7ng3l"}
{"type":"log","timestamp":1701678811119,"level":"debug","message":"Converting with chrome HeadlessChrome/117.0.5938.149 using chrome-pool strategy","meta":{"rootId":"1xzgnxtmt7996bt","id":"1xzgnxtmt7996bt"},"id":"i5k2drdcy0auzh0","previousOperationId":"j8qy5epqwp7ng3l"}
{"type":"log","timestamp":1701678811163,"level":"debug","message":"Page request: GET (document) file:///var/folders/dp/qk79pfcj0y1fmtkkl08m76rc0000gn/T/jsreport/autocleanup/7a1f20ac-93e5-4a5a-b43d-0c27a6a07afd-chrome-pdf.html","meta":{"rootId":"1xzgnxtmt7996bt","id":"1xzgnxtmt7996bt"},"id":"eximf0n03gx2mjg","previousOperationId":"j8qy5epqwp7ng3l"}
{"type":"log","timestamp":1701678811168,"level":"debug","message":"Page request finished: GET (document) 200 file:///var/folders/dp/qk79pfcj0y1fmtkkl08m76rc0000gn/T/jsreport/autocleanup/7a1f20ac-93e5-4a5a-b43d-0c27a6a07afd-chrome-pdf.html","meta":{"rootId":"1xzgnxtmt7996bt","id":"1xzgnxtmt7996bt"},"id":"wjixucyy145e8g5","previousOperationId":"j8qy5epqwp7ng3l"}
{"type":"log","timestamp":1701678811178,"level":"debug","message":"Running chrome with params {\"printBackground\":true,\"width\":\"7cm\",\"height\":\"30cm\",\"timeout\":59952,\"margin\":{}}","meta":{"rootId":"1xzgnxtmt7996bt","id":"1xzgnxtmt7996bt"},"id":"l2ez88yiynjgqm0","previousOperationId":"j8qy5epqwp7ng3l"}
{"type":"operationEnd","operationId":"j8qy5epqwp7ng3l","timestamp":1701678811201,"id":"pn517py6nl4z8qt","previousEventId":"pd51r41643so6xm","previousOperationId":"j8qy5epqwp7ng3l"}
{"type":"log","timestamp":1701678811201,"level":"debug","message":"Skipping storing report.","meta":{"rootId":"1xzgnxtmt7996bt","id":"1xzgnxtmt7996bt"},"id":"rkeyht1ert4vb1f","previousOperationId":"j8qy5epqwp7ng3l"}
{"type":"log","timestamp":1701678811201,"level":"info","message":"Rendering request 7 finished in 132 ms","meta":{"rootId":"1xzgnxtmt7996bt","id":"1xzgnxtmt7996bt"},"id":"vrsvzye4mfwed84","previousOperationId":"j8qy5epqwp7ng3l"}
{"type":"operationEnd","subtype":"render","operationId":"7jnohrjhmwrf7dk","timestamp":1701678811201,"id":"6w6kjo03repjkm5","previousEventId":"pn517py6nl4z8qt","previousOperationId":"j8qy5epqwp7ng3l"}
{"type":"operationEnd","doDiffs":false,"previousEventId":"0mqqp3fhdni2c3k","previousOperationId":"y7f2eaw9ro51c7g","operationId":"y7f2eaw9ro51c7g","timestamp":1701678811203,"id":"k27ych5h0wn3d8a"}
