{"type":"operationStart","subtype":"profile","data":{"_id":"s7GjdYdZ3Q6mzAKl","timestamp":"2023-12-06T11:48:50.497Z","state":"queued","mode":"standard","creationDate":"2023-12-06T11:48:50.499Z","modificationDate":"2023-12-06T11:48:50.499Z","shortid":"z5o1_CZ","$entitySet":"profiles"},"doDiffs":false,"timestamp":1701863330498,"id":"9bl8xxa8yq39xue","previousOperationId":null,"operationId":"lzpike8qov0p9px"}
{"type":"log","level":"info","message":"Render request 129 queued for execution and waiting for available worker","previousOperationId":"lzpike8qov0p9px","timestamp":1701863330498,"id":"r1w6x4apm4ots7g"}
{"type":"operationStart","subtype":"render","name":"pmo_slip_index","previousOperationId":"lzpike8qov0p9px","timestamp":1701863330507,"id":"m7xkv5rmeyplm21","previousEventId":"9bl8xxa8yq39xue","operationId":"nsj2q6ncd8kab78"}
{"type":"log","timestamp":1701863330507,"level":"info","message":"Starting rendering request 129","meta":{"rootId":"2hkincih3man84h","id":"2hkincih3man84h"},"id":"40iuj5cdhnkkn2x","previousOperationId":"nsj2q6ncd8kab78"}
{"type":"log","timestamp":1701863330508,"level":"info","message":"Rendering template { name: pmo_slip_index, recipe: chrome-pdf, engine: handlebars, preview: true }","meta":{"rootId":"2hkincih3man84h","id":"2hkincih3man84h"},"id":"3oow4shlg1ffib5","previousOperationId":"nsj2q6ncd8kab78"}
{"type":"log","timestamp":1701863330508,"level":"debug","message":"Inline data specified.","meta":{"rootId":"2hkincih3man84h","id":"2hkincih3man84h"},"id":"ee8k1dqdjy8zmur","previousOperationId":"nsj2q6ncd8kab78"}
{"type":"log","timestamp":1701863330512,"level":"debug","message":"Base url not specified, skipping its injection.","meta":{"rootId":"2hkincih3man84h","id":"2hkincih3man84h"},"id":"gayzpjwurawbejh","previousOperationId":"nsj2q6ncd8kab78"}
{"type":"log","timestamp":1701863330513,"level":"debug","message":"Replaced assets [\"styles.css\"]","meta":{"rootId":"2hkincih3man84h","id":"2hkincih3man84h"},"id":"mw1t3xn2rqeq79x","previousOperationId":"nsj2q6ncd8kab78"}
{"type":"operationStart","subtype":"engine","name":"handlebars","timestamp":1701863330513,"id":"kpsznm8zou0cnju","previousEventId":"m7xkv5rmeyplm21","operationId":"xiqbucmmymr1i7r","previousOperationId":"nsj2q6ncd8kab78"}
{"type":"log","timestamp":1701863330513,"level":"debug","message":"Rendering engine handlebars","meta":{"rootId":"2hkincih3man84h","id":"2hkincih3man84h"},"id":"turpxmn967ohtrc","previousOperationId":"xiqbucmmymr1i7r"}
{"type":"operationEnd","operationId":"xiqbucmmymr1i7r","timestamp":1701863330519,"id":"tkvw1f0mtna7nlg","previousEventId":"kpsznm8zou0cnju","previousOperationId":"xiqbucmmymr1i7r"}
{"type":"operationStart","subtype":"recipe","name":"chrome-pdf","timestamp":1701863330520,"id":"snvwh9k8l6yqjwj","previousEventId":"tkvw1f0mtna7nlg","operationId":"rad4spj315tl6io","previousOperationId":"xiqbucmmymr1i7r"}
{"type":"log","timestamp":1701863330520,"level":"debug","message":"Executing recipe chrome-pdf","meta":{"rootId":"2hkincih3man84h","id":"2hkincih3man84h"},"id":"9xs7rwo2iz6lnfh","previousOperationId":"rad4spj315tl6io"}
{"type":"log","timestamp":1701863330521,"level":"debug","message":"Converting with chrome HeadlessChrome/117.0.5938.149 using chrome-pool strategy","meta":{"rootId":"2hkincih3man84h","id":"2hkincih3man84h"},"id":"t7s3hm4z7skzt5i","previousOperationId":"rad4spj315tl6io"}
{"type":"log","timestamp":1701863330573,"level":"debug","message":"Page request: GET (document) file:///var/folders/dp/qk79pfcj0y1fmtkkl08m76rc0000gn/T/jsreport/autocleanup/acce2f88-7f7a-40a8-9f24-9455e7a4df86-chrome-pdf.html","meta":{"rootId":"2hkincih3man84h","id":"2hkincih3man84h"},"id":"5w6jrainjxu75vv","previousOperationId":"rad4spj315tl6io"}
{"type":"log","timestamp":1701863330578,"level":"debug","message":"Page request finished: GET (document) 200 file:///var/folders/dp/qk79pfcj0y1fmtkkl08m76rc0000gn/T/jsreport/autocleanup/acce2f88-7f7a-40a8-9f24-9455e7a4df86-chrome-pdf.html","meta":{"rootId":"2hkincih3man84h","id":"2hkincih3man84h"},"id":"x3mevxx9wf58qq8","previousOperationId":"rad4spj315tl6io"}
{"type":"log","timestamp":1701863330590,"level":"debug","message":"Running chrome with params {\"printBackground\":true,\"width\":\"5.8cm\",\"height\":\"17cm\",\"timeout\":59977,\"margin\":{}}","meta":{"rootId":"2hkincih3man84h","id":"2hkincih3man84h"},"id":"83peb6hh75vsg4a","previousOperationId":"rad4spj315tl6io"}
{"type":"operationEnd","operationId":"rad4spj315tl6io","timestamp":1701863330607,"id":"dhuahphl0pzfyol","previousEventId":"snvwh9k8l6yqjwj","previousOperationId":"rad4spj315tl6io"}
{"type":"log","timestamp":1701863330607,"level":"debug","message":"Skipping storing report.","meta":{"rootId":"2hkincih3man84h","id":"2hkincih3man84h"},"id":"h46nn8lkxf4h5fh","previousOperationId":"rad4spj315tl6io"}
{"type":"log","timestamp":1701863330607,"level":"info","message":"Rendering request 129 finished in 110 ms","meta":{"rootId":"2hkincih3man84h","id":"2hkincih3man84h"},"id":"qowpi2wa82puzxr","previousOperationId":"rad4spj315tl6io"}
{"type":"operationEnd","subtype":"render","operationId":"nsj2q6ncd8kab78","timestamp":1701863330607,"id":"edmir8x6ee81kyu","previousEventId":"dhuahphl0pzfyol","previousOperationId":"rad4spj315tl6io"}
{"type":"operationEnd","doDiffs":false,"previousEventId":"9bl8xxa8yq39xue","previousOperationId":"lzpike8qov0p9px","operationId":"lzpike8qov0p9px","timestamp":1701863330609,"id":"90giylsr9uq8ebd"}
