{"type":"operationStart","subtype":"profile","data":{"_id":"wiBZmaN4FnsdpQhF","timestamp":"2023-11-27T18:58:53.957Z","state":"queued","mode":"standard","creationDate":"2023-11-27T18:58:53.959Z","modificationDate":"2023-11-27T18:58:53.959Z","shortid":"6z0K1og","$entitySet":"profiles"},"doDiffs":false,"timestamp":1701111533958,"id":"d1ivqadzik9lwnr","previousOperationId":null,"operationId":"s9gnzketpf7t8td"}
{"type":"log","level":"info","message":"Render request 48 queued for execution and waiting for available worker","previousOperationId":"s9gnzketpf7t8td","timestamp":1701111533958,"id":"hambatzbndv9dqs"}
{"type":"operationStart","subtype":"render","name":"pmo_slip_index","previousOperationId":"s9gnzketpf7t8td","timestamp":1701111533971,"id":"v7gow0srkxwb5n7","previousEventId":"d1ivqadzik9lwnr","operationId":"8q8jushzusuxnva"}
{"type":"log","timestamp":1701111533971,"level":"info","message":"Starting rendering request 48","meta":{"rootId":"3jvdykg20dh05go","id":"3jvdykg20dh05go"},"id":"fa4ne1i4sztratv","previousOperationId":"8q8jushzusuxnva"}
{"type":"log","timestamp":1701111533971,"level":"info","message":"Rendering template { name: pmo_slip_index, recipe: chrome-pdf, engine: handlebars, preview: true }","meta":{"rootId":"3jvdykg20dh05go","id":"3jvdykg20dh05go"},"id":"cvcp2mbg6uy7oa9","previousOperationId":"8q8jushzusuxnva"}
{"type":"log","timestamp":1701111533972,"level":"debug","message":"Inline data specified.","meta":{"rootId":"3jvdykg20dh05go","id":"3jvdykg20dh05go"},"id":"0t27yux7tzk0fie","previousOperationId":"8q8jushzusuxnva"}
{"type":"log","timestamp":1701111533974,"level":"debug","message":"Base url not specified, skipping its injection.","meta":{"rootId":"3jvdykg20dh05go","id":"3jvdykg20dh05go"},"id":"t39i8g73is3nlnu","previousOperationId":"8q8jushzusuxnva"}
{"type":"operationStart","subtype":"engine","name":"handlebars","timestamp":1701111533974,"id":"0m9fef7d8xu9lra","previousEventId":"v7gow0srkxwb5n7","operationId":"sxtpjrk00yl3bhd","previousOperationId":"8q8jushzusuxnva"}
{"type":"log","timestamp":1701111533974,"level":"debug","message":"Rendering engine handlebars","meta":{"rootId":"3jvdykg20dh05go","id":"3jvdykg20dh05go"},"id":"rxg2ztsi6ck3a6c","previousOperationId":"sxtpjrk00yl3bhd"}
{"type":"operationEnd","operationId":"sxtpjrk00yl3bhd","timestamp":1701111533987,"id":"s3vag35mj7kd9hb","previousEventId":"0m9fef7d8xu9lra","previousOperationId":"sxtpjrk00yl3bhd"}
{"type":"operationStart","subtype":"recipe","name":"chrome-pdf","timestamp":1701111533988,"id":"d3ncx5ht6slea1r","previousEventId":"s3vag35mj7kd9hb","operationId":"7xwyddql0yv8d3x","previousOperationId":"sxtpjrk00yl3bhd"}
{"type":"log","timestamp":1701111533988,"level":"debug","message":"Executing recipe chrome-pdf","meta":{"rootId":"3jvdykg20dh05go","id":"3jvdykg20dh05go"},"id":"h5n7rw2yjipr00r","previousOperationId":"7xwyddql0yv8d3x"}
{"type":"log","timestamp":1701111533989,"level":"debug","message":"Converting with chrome HeadlessChrome/117.0.5938.149 using chrome-pool strategy","meta":{"rootId":"3jvdykg20dh05go","id":"3jvdykg20dh05go"},"id":"6mtdizv1js4dio6","previousOperationId":"7xwyddql0yv8d3x"}
{"type":"log","timestamp":1701111534030,"level":"debug","message":"Page request: GET (document) file:///var/folders/dp/qk79pfcj0y1fmtkkl08m76rc0000gn/T/jsreport/autocleanup/cc9da922-a57b-4dd6-bf7d-85ba23c873b9-chrome-pdf.html","meta":{"rootId":"3jvdykg20dh05go","id":"3jvdykg20dh05go"},"id":"rwjltlw5ozof08m","previousOperationId":"7xwyddql0yv8d3x"}
{"type":"log","timestamp":1701111534036,"level":"debug","message":"Page request finished: GET (document) 200 file:///var/folders/dp/qk79pfcj0y1fmtkkl08m76rc0000gn/T/jsreport/autocleanup/cc9da922-a57b-4dd6-bf7d-85ba23c873b9-chrome-pdf.html","meta":{"rootId":"3jvdykg20dh05go","id":"3jvdykg20dh05go"},"id":"bhj80ipmhxbuaej","previousOperationId":"7xwyddql0yv8d3x"}
{"type":"log","timestamp":1701111534043,"level":"debug","message":"Running chrome with params {\"printBackground\":true,\"width\":\"7cm\",\"height\":\"30cm\",\"timeout\":59969,\"margin\":{}}","meta":{"rootId":"3jvdykg20dh05go","id":"3jvdykg20dh05go"},"id":"r7x25wgtq860mc9","previousOperationId":"7xwyddql0yv8d3x"}
{"type":"operationEnd","operationId":"7xwyddql0yv8d3x","timestamp":1701111534060,"id":"ru0zh43uv663eqr","previousEventId":"d3ncx5ht6slea1r","previousOperationId":"7xwyddql0yv8d3x"}
{"type":"log","timestamp":1701111534060,"level":"debug","message":"Skipping storing report.","meta":{"rootId":"3jvdykg20dh05go","id":"3jvdykg20dh05go"},"id":"895ll4riz10kybx","previousOperationId":"7xwyddql0yv8d3x"}
{"type":"log","timestamp":1701111534060,"level":"info","message":"Rendering request 48 finished in 103 ms","meta":{"rootId":"3jvdykg20dh05go","id":"3jvdykg20dh05go"},"id":"glddeh81x7j1atc","previousOperationId":"7xwyddql0yv8d3x"}
{"type":"operationEnd","subtype":"render","operationId":"8q8jushzusuxnva","timestamp":1701111534060,"id":"c25bljpdftdzksi","previousEventId":"ru0zh43uv663eqr","previousOperationId":"7xwyddql0yv8d3x"}
{"type":"operationEnd","doDiffs":false,"previousEventId":"d1ivqadzik9lwnr","previousOperationId":"s9gnzketpf7t8td","operationId":"s9gnzketpf7t8td","timestamp":1701111534061,"id":"yb2eirl019s32bx"}
