{"type":"operationStart","subtype":"profile","data":{"_id":"6atcBlHzQ2SxeQO1","timestamp":"2023-12-05T14:29:58.084Z","state":"queued","mode":"standard","creationDate":"2023-12-05T14:29:58.087Z","modificationDate":"2023-12-05T14:29:58.087Z","shortid":"6jDChI7","$entitySet":"profiles"},"doDiffs":false,"timestamp":1701786598085,"id":"ysqxxqr06tgpw28","previousOperationId":null,"operationId":"cohfyo0x27esg6r"}
{"type":"log","level":"info","message":"Render request 7 queued for execution and waiting for available worker","previousOperationId":"cohfyo0x27esg6r","timestamp":1701786598086,"id":"lfhj9q345kbrwxp"}
{"type":"operationStart","subtype":"render","name":"pmo_slip_index","previousOperationId":"cohfyo0x27esg6r","timestamp":1701786598103,"id":"a37dvev3d6y0xd8","previousEventId":"ysqxxqr06tgpw28","operationId":"q3cl6ftlptpk9i1"}
{"type":"log","timestamp":1701786598103,"level":"info","message":"Starting rendering request 7","meta":{"rootId":"3rbmwgcgdlc9sv0","id":"3rbmwgcgdlc9sv0"},"id":"802o2gbtnz9776x","previousOperationId":"q3cl6ftlptpk9i1"}
{"type":"log","timestamp":1701786598104,"level":"info","message":"Rendering template { name: pmo_slip_index, recipe: chrome-pdf, engine: handlebars, preview: true }","meta":{"rootId":"3rbmwgcgdlc9sv0","id":"3rbmwgcgdlc9sv0"},"id":"r36tz8fpdjvwmcp","previousOperationId":"q3cl6ftlptpk9i1"}
{"type":"log","timestamp":1701786598105,"level":"debug","message":"Adding sample data VeFzNfc","meta":{"rootId":"3rbmwgcgdlc9sv0","id":"3rbmwgcgdlc9sv0"},"id":"j24b3icw4l6muqw","previousOperationId":"q3cl6ftlptpk9i1"}
{"type":"log","timestamp":1701786598108,"level":"debug","message":"Base url not specified, skipping its injection.","meta":{"rootId":"3rbmwgcgdlc9sv0","id":"3rbmwgcgdlc9sv0"},"id":"r3g6c237u0f1r05","previousOperationId":"q3cl6ftlptpk9i1"}
{"type":"log","timestamp":1701786598111,"level":"debug","message":"Replaced assets [\"styles.css\"]","meta":{"rootId":"3rbmwgcgdlc9sv0","id":"3rbmwgcgdlc9sv0"},"id":"bwzkrzn9gf8duvm","previousOperationId":"q3cl6ftlptpk9i1"}
{"type":"operationStart","subtype":"engine","name":"handlebars","timestamp":1701786598111,"id":"udfok8xnt8ex7uh","previousEventId":"a37dvev3d6y0xd8","operationId":"ko92m5qluq6od01","previousOperationId":"q3cl6ftlptpk9i1"}
{"type":"log","timestamp":1701786598111,"level":"debug","message":"Rendering engine handlebars","meta":{"rootId":"3rbmwgcgdlc9sv0","id":"3rbmwgcgdlc9sv0"},"id":"lzmaqrhwmvp8t4v","previousOperationId":"ko92m5qluq6od01"}
{"type":"operationEnd","operationId":"ko92m5qluq6od01","timestamp":1701786598144,"id":"g00hbh6xfnvwn0k","previousEventId":"udfok8xnt8ex7uh","previousOperationId":"ko92m5qluq6od01"}
{"type":"operationStart","subtype":"recipe","name":"chrome-pdf","timestamp":1701786598145,"id":"fpqmh8gj0thvod2","previousEventId":"g00hbh6xfnvwn0k","operationId":"qpwup7khqhe02fz","previousOperationId":"ko92m5qluq6od01"}
{"type":"log","timestamp":1701786598145,"level":"debug","message":"Executing recipe chrome-pdf","meta":{"rootId":"3rbmwgcgdlc9sv0","id":"3rbmwgcgdlc9sv0"},"id":"r8aexbjewaildj0","previousOperationId":"qpwup7khqhe02fz"}
{"type":"log","timestamp":1701786598430,"level":"debug","message":"Converting with chrome HeadlessChrome/117.0.5938.149 using chrome-pool strategy","meta":{"rootId":"3rbmwgcgdlc9sv0","id":"3rbmwgcgdlc9sv0"},"id":"knub2n0xrwrbxo1","previousOperationId":"qpwup7khqhe02fz"}
{"type":"log","timestamp":1701786598512,"level":"debug","message":"Page request: GET (document) file:///var/folders/dp/qk79pfcj0y1fmtkkl08m76rc0000gn/T/jsreport/autocleanup/8307875b-032e-4f42-b67f-f19f59a1f64d-chrome-pdf.html","meta":{"rootId":"3rbmwgcgdlc9sv0","id":"3rbmwgcgdlc9sv0"},"id":"9lekfc6xo1tq8sn","previousOperationId":"qpwup7khqhe02fz"}
{"type":"log","timestamp":1701786598523,"level":"debug","message":"Page request finished: GET (document) 200 file:///var/folders/dp/qk79pfcj0y1fmtkkl08m76rc0000gn/T/jsreport/autocleanup/8307875b-032e-4f42-b67f-f19f59a1f64d-chrome-pdf.html","meta":{"rootId":"3rbmwgcgdlc9sv0","id":"3rbmwgcgdlc9sv0"},"id":"n8kqxt41jp5pokl","previousOperationId":"qpwup7khqhe02fz"}
{"type":"log","timestamp":1701786598540,"level":"debug","message":"Running chrome with params {\"printBackground\":true,\"width\":\"7cm\",\"height\":\"3000px\",\"timeout\":59932,\"margin\":{}}","meta":{"rootId":"3rbmwgcgdlc9sv0","id":"3rbmwgcgdlc9sv0"},"id":"s0byrc8h1vurahr","previousOperationId":"qpwup7khqhe02fz"}
{"type":"operationEnd","operationId":"qpwup7khqhe02fz","timestamp":1701786598585,"id":"ynzqfwpzrwk6so2","previousEventId":"fpqmh8gj0thvod2","previousOperationId":"qpwup7khqhe02fz"}
{"type":"log","timestamp":1701786598585,"level":"debug","message":"Skipping storing report.","meta":{"rootId":"3rbmwgcgdlc9sv0","id":"3rbmwgcgdlc9sv0"},"id":"1d78tri48o55b99","previousOperationId":"qpwup7khqhe02fz"}
{"type":"log","timestamp":1701786598585,"level":"info","message":"Rendering request 7 finished in 507 ms","meta":{"rootId":"3rbmwgcgdlc9sv0","id":"3rbmwgcgdlc9sv0"},"id":"tzvzh3m4sertcfn","previousOperationId":"qpwup7khqhe02fz"}
{"type":"operationEnd","subtype":"render","operationId":"q3cl6ftlptpk9i1","timestamp":1701786598585,"id":"u4m5im9g6fblyfi","previousEventId":"ynzqfwpzrwk6so2","previousOperationId":"qpwup7khqhe02fz"}
{"type":"operationEnd","doDiffs":false,"previousEventId":"ysqxxqr06tgpw28","previousOperationId":"cohfyo0x27esg6r","operationId":"cohfyo0x27esg6r","timestamp":1701786598587,"id":"k2k4jwj2uqhdfrr"}
