{"type":"operationStart","subtype":"profile","data":{"_id":"VoSRwZJSsKX5MXEx","timestamp":"2023-12-01T11:12:46.927Z","state":"queued","mode":"standard","creationDate":"2023-12-01T11:12:46.928Z","modificationDate":"2023-12-01T11:12:46.928Z","shortid":"pf8tor9","$entitySet":"profiles"},"doDiffs":false,"timestamp":1701429166927,"id":"kekd94mxkx2tlai","previousOperationId":null,"operationId":"7px2sz9y94hdf13"}
{"type":"log","level":"info","message":"Render request 101 queued for execution and waiting for available worker","previousOperationId":"7px2sz9y94hdf13","timestamp":1701429166928,"id":"fjgbi9qpofpa2ah"}
{"type":"operationStart","subtype":"render","name":"pmo_slip_index","previousOperationId":"7px2sz9y94hdf13","timestamp":1701429166938,"id":"z9hs9vfy4nfjv9x","previousEventId":"kekd94mxkx2tlai","operationId":"0vmdv51nesl5isz"}
{"type":"log","timestamp":1701429166939,"level":"info","message":"Starting rendering request 101","meta":{"rootId":"4f9gug9myjttvqw","id":"4f9gug9myjttvqw"},"id":"vck6fm72gk43vn9","previousOperationId":"0vmdv51nesl5isz"}
{"type":"log","timestamp":1701429166939,"level":"info","message":"Rendering template { name: pmo_slip_index, recipe: chrome-pdf, engine: handlebars, preview: true }","meta":{"rootId":"4f9gug9myjttvqw","id":"4f9gug9myjttvqw"},"id":"zmnfpbpoh2jmaqt","previousOperationId":"0vmdv51nesl5isz"}
{"type":"log","timestamp":1701429166939,"level":"debug","message":"Adding sample data VeFzNfc","meta":{"rootId":"4f9gug9myjttvqw","id":"4f9gug9myjttvqw"},"id":"rcnkna0lj8wl0j5","previousOperationId":"0vmdv51nesl5isz"}
{"type":"log","timestamp":1701429166941,"level":"debug","message":"Base url not specified, skipping its injection.","meta":{"rootId":"4f9gug9myjttvqw","id":"4f9gug9myjttvqw"},"id":"771kvq26c4qz07r","previousOperationId":"0vmdv51nesl5isz"}
{"type":"operationStart","subtype":"engine","name":"handlebars","timestamp":1701429166941,"id":"nvd21s27twdy8eq","previousEventId":"z9hs9vfy4nfjv9x","operationId":"h0cpi646s06kt34","previousOperationId":"0vmdv51nesl5isz"}
{"type":"log","timestamp":1701429166941,"level":"debug","message":"Rendering engine handlebars","meta":{"rootId":"4f9gug9myjttvqw","id":"4f9gug9myjttvqw"},"id":"po25h3bg8si0vgc","previousOperationId":"h0cpi646s06kt34"}
{"type":"operationEnd","operationId":"h0cpi646s06kt34","timestamp":1701429166955,"id":"wm932247992boe1","previousEventId":"nvd21s27twdy8eq","previousOperationId":"h0cpi646s06kt34"}
{"type":"operationStart","subtype":"recipe","name":"chrome-pdf","timestamp":1701429166956,"id":"nk0ug8jfyczubwd","previousEventId":"wm932247992boe1","operationId":"3hdljihupqpiqfz","previousOperationId":"h0cpi646s06kt34"}
{"type":"log","timestamp":1701429166956,"level":"debug","message":"Executing recipe chrome-pdf","meta":{"rootId":"4f9gug9myjttvqw","id":"4f9gug9myjttvqw"},"id":"2ov7ou9yfae4pth","previousOperationId":"3hdljihupqpiqfz"}
{"type":"log","timestamp":1701429166957,"level":"debug","message":"Converting with chrome HeadlessChrome/117.0.5938.149 using chrome-pool strategy","meta":{"rootId":"4f9gug9myjttvqw","id":"4f9gug9myjttvqw"},"id":"ad8fqwm9tznua7g","previousOperationId":"3hdljihupqpiqfz"}
{"type":"log","timestamp":1701429166997,"level":"debug","message":"Page request: GET (document) file:///var/folders/dp/qk79pfcj0y1fmtkkl08m76rc0000gn/T/jsreport/autocleanup/1402ad3b-01a8-4cea-a769-64a5407d288f-chrome-pdf.html","meta":{"rootId":"4f9gug9myjttvqw","id":"4f9gug9myjttvqw"},"id":"ewjhjeelmq1b9pw","previousOperationId":"3hdljihupqpiqfz"}
{"type":"log","timestamp":1701429167002,"level":"debug","message":"Page request finished: GET (document) 200 file:///var/folders/dp/qk79pfcj0y1fmtkkl08m76rc0000gn/T/jsreport/autocleanup/1402ad3b-01a8-4cea-a769-64a5407d288f-chrome-pdf.html","meta":{"rootId":"4f9gug9myjttvqw","id":"4f9gug9myjttvqw"},"id":"nch56fq1xd9p5pk","previousOperationId":"3hdljihupqpiqfz"}
{"type":"log","timestamp":1701429167012,"level":"debug","message":"Running chrome with params {\"printBackground\":true,\"width\":\"7cm\",\"height\":\"30cm\",\"timeout\":59971,\"margin\":{}}","meta":{"rootId":"4f9gug9myjttvqw","id":"4f9gug9myjttvqw"},"id":"rc6s7rnqedgsc5x","previousOperationId":"3hdljihupqpiqfz"}
{"type":"operationEnd","operationId":"3hdljihupqpiqfz","timestamp":1701429167032,"id":"8f8k6ro1i7qo4y8","previousEventId":"nk0ug8jfyczubwd","previousOperationId":"3hdljihupqpiqfz"}
{"type":"log","timestamp":1701429167032,"level":"debug","message":"Skipping storing report.","meta":{"rootId":"4f9gug9myjttvqw","id":"4f9gug9myjttvqw"},"id":"s0540yb5ngr49o4","previousOperationId":"3hdljihupqpiqfz"}
{"type":"log","timestamp":1701429167032,"level":"info","message":"Rendering request 101 finished in 105 ms","meta":{"rootId":"4f9gug9myjttvqw","id":"4f9gug9myjttvqw"},"id":"fzv03nl8nmp2h4e","previousOperationId":"3hdljihupqpiqfz"}
{"type":"operationEnd","subtype":"render","operationId":"0vmdv51nesl5isz","timestamp":1701429167032,"id":"o3njkezmvouc07c","previousEventId":"8f8k6ro1i7qo4y8","previousOperationId":"3hdljihupqpiqfz"}
{"type":"operationEnd","doDiffs":false,"previousEventId":"kekd94mxkx2tlai","previousOperationId":"7px2sz9y94hdf13","operationId":"7px2sz9y94hdf13","timestamp":1701429167034,"id":"dbvk2jwgmmqayjl"}
