{"type":"operationStart","subtype":"profile","data":{"_id":"NR4Ec2Rj8puTVF7i","timestamp":"2023-11-27T18:33:29.620Z","state":"queued","mode":"standard","creationDate":"2023-11-27T18:33:29.621Z","modificationDate":"2023-11-27T18:33:29.621Z","shortid":"_GBf6w-","$entitySet":"profiles"},"doDiffs":false,"timestamp":1701110009620,"id":"q5sh47m2uyfxrea","previousOperationId":null,"operationId":"sgl49yyc34xb1he"}
{"type":"log","level":"info","message":"Render request 20 queued for execution and waiting for available worker","previousOperationId":"sgl49yyc34xb1he","timestamp":1701110009621,"id":"sinl00sp7l4iamw"}
{"type":"operationStart","subtype":"render","name":"pmo_slip_index","previousOperationId":"sgl49yyc34xb1he","timestamp":1701110009633,"id":"ow1w6j1tpjumxhp","previousEventId":"q5sh47m2uyfxrea","operationId":"t2pw2tfvtytbmar"}
{"type":"log","timestamp":1701110009633,"level":"info","message":"Starting rendering request 20","meta":{"rootId":"5aru5axcx3ty8c9","id":"5aru5axcx3ty8c9"},"id":"ntb2q0ujoq2cw6t","previousOperationId":"t2pw2tfvtytbmar"}
{"type":"log","timestamp":1701110009633,"level":"info","message":"Rendering template { name: pmo_slip_index, recipe: chrome-pdf, engine: handlebars, preview: true }","meta":{"rootId":"5aru5axcx3ty8c9","id":"5aru5axcx3ty8c9"},"id":"cthe77mu2ov09s9","previousOperationId":"t2pw2tfvtytbmar"}
{"type":"log","timestamp":1701110009634,"level":"debug","message":"Adding sample data flbhzmKcJ","meta":{"rootId":"5aru5axcx3ty8c9","id":"5aru5axcx3ty8c9"},"id":"e0o10lc1vy4wod5","previousOperationId":"t2pw2tfvtytbmar"}
{"type":"log","timestamp":1701110009637,"level":"debug","message":"Base url not specified, skipping its injection.","meta":{"rootId":"5aru5axcx3ty8c9","id":"5aru5axcx3ty8c9"},"id":"yxn4rafz5a4h813","previousOperationId":"t2pw2tfvtytbmar"}
{"type":"operationStart","subtype":"engine","name":"handlebars","timestamp":1701110009637,"id":"jtc1cf7edygmh6o","previousEventId":"ow1w6j1tpjumxhp","operationId":"unh9f2kf7h8hrt8","previousOperationId":"t2pw2tfvtytbmar"}
{"type":"log","timestamp":1701110009637,"level":"debug","message":"Rendering engine handlebars","meta":{"rootId":"5aru5axcx3ty8c9","id":"5aru5axcx3ty8c9"},"id":"48d6u2r436jhs6z","previousOperationId":"unh9f2kf7h8hrt8"}
{"type":"operationEnd","operationId":"unh9f2kf7h8hrt8","timestamp":1701110009648,"id":"xjtthkfgoji4iw7","previousEventId":"jtc1cf7edygmh6o","previousOperationId":"unh9f2kf7h8hrt8"}
{"type":"operationStart","subtype":"recipe","name":"chrome-pdf","timestamp":1701110009649,"id":"rztrgfolrqd9jq5","previousEventId":"xjtthkfgoji4iw7","operationId":"62gsujp0mibs2qc","previousOperationId":"unh9f2kf7h8hrt8"}
{"type":"log","timestamp":1701110009649,"level":"debug","message":"Executing recipe chrome-pdf","meta":{"rootId":"5aru5axcx3ty8c9","id":"5aru5axcx3ty8c9"},"id":"t7nb9kwo33oi20k","previousOperationId":"62gsujp0mibs2qc"}
{"type":"log","timestamp":1701110009650,"level":"debug","message":"Converting with chrome HeadlessChrome/117.0.5938.149 using chrome-pool strategy","meta":{"rootId":"5aru5axcx3ty8c9","id":"5aru5axcx3ty8c9"},"id":"qb7penjbaumf16b","previousOperationId":"62gsujp0mibs2qc"}
{"type":"log","timestamp":1701110009694,"level":"debug","message":"Page request: GET (document) file:///var/folders/dp/qk79pfcj0y1fmtkkl08m76rc0000gn/T/jsreport/autocleanup/8d70eb60-e2f2-47db-9d11-17744c1aadb4-chrome-pdf.html","meta":{"rootId":"5aru5axcx3ty8c9","id":"5aru5axcx3ty8c9"},"id":"wv2qj6pe9p9twfu","previousOperationId":"62gsujp0mibs2qc"}
{"type":"log","timestamp":1701110009700,"level":"debug","message":"Page request finished: GET (document) 200 file:///var/folders/dp/qk79pfcj0y1fmtkkl08m76rc0000gn/T/jsreport/autocleanup/8d70eb60-e2f2-47db-9d11-17744c1aadb4-chrome-pdf.html","meta":{"rootId":"5aru5axcx3ty8c9","id":"5aru5axcx3ty8c9"},"id":"az3e1id39bex8uw","previousOperationId":"62gsujp0mibs2qc"}
{"type":"log","timestamp":1701110009706,"level":"debug","message":"Running chrome with params {\"printBackground\":true,\"width\":\"7cm\",\"height\":\"30cm\",\"timeout\":59971,\"margin\":{}}","meta":{"rootId":"5aru5axcx3ty8c9","id":"5aru5axcx3ty8c9"},"id":"34gw4yw99ki02jp","previousOperationId":"62gsujp0mibs2qc"}
{"type":"operationEnd","operationId":"62gsujp0mibs2qc","timestamp":1701110009718,"id":"kvbi1og4eako3ud","previousEventId":"rztrgfolrqd9jq5","previousOperationId":"62gsujp0mibs2qc"}
{"type":"log","timestamp":1701110009718,"level":"debug","message":"Skipping storing report.","meta":{"rootId":"5aru5axcx3ty8c9","id":"5aru5axcx3ty8c9"},"id":"p60oi9zdas121z4","previousOperationId":"62gsujp0mibs2qc"}
{"type":"log","timestamp":1701110009719,"level":"info","message":"Rendering request 20 finished in 99 ms","meta":{"rootId":"5aru5axcx3ty8c9","id":"5aru5axcx3ty8c9"},"id":"00bob78ifk920mh","previousOperationId":"62gsujp0mibs2qc"}
{"type":"operationEnd","subtype":"render","operationId":"t2pw2tfvtytbmar","timestamp":1701110009719,"id":"r92dwsizejid92t","previousEventId":"kvbi1og4eako3ud","previousOperationId":"62gsujp0mibs2qc"}
{"type":"operationEnd","doDiffs":false,"previousEventId":"q5sh47m2uyfxrea","previousOperationId":"sgl49yyc34xb1he","operationId":"sgl49yyc34xb1he","timestamp":1701110009721,"id":"wr1lzkn2p9ubtks"}
