{"type":"operationStart","subtype":"profile","data":{"_id":"mH5Rr9KNUOPNHOAA","timestamp":"2023-11-27T19:22:29.519Z","state":"queued","mode":"standard","creationDate":"2023-11-27T19:22:29.520Z","modificationDate":"2023-11-27T19:22:29.520Z","shortid":"DDm16jY","$entitySet":"profiles"},"doDiffs":false,"timestamp":1701112949519,"id":"f1dkd90aqwtztls","previousOperationId":null,"operationId":"xygpnl0sikcyuc2"}
{"type":"log","level":"info","message":"Render request 52 queued for execution and waiting for available worker","previousOperationId":"xygpnl0sikcyuc2","timestamp":1701112949520,"id":"xhgfco9q5oc2usq"}
{"type":"operationStart","subtype":"render","name":"pmo_slip_index","previousOperationId":"xygpnl0sikcyuc2","timestamp":1701112949528,"id":"0cax0hwyfsw8fev","previousEventId":"f1dkd90aqwtztls","operationId":"wq6f0r9zf2yzy69"}
{"type":"log","timestamp":1701112949528,"level":"info","message":"Starting rendering request 52","meta":{"rootId":"5p2b4185gie5yrd","id":"5p2b4185gie5yrd"},"id":"l4vfyi96p4srt9d","previousOperationId":"wq6f0r9zf2yzy69"}
{"type":"log","timestamp":1701112949530,"level":"info","message":"Rendering template { name: pmo_slip_index, recipe: chrome-pdf, engine: handlebars, preview: true }","meta":{"rootId":"5p2b4185gie5yrd","id":"5p2b4185gie5yrd"},"id":"itcfg5or0gd1v2z","previousOperationId":"wq6f0r9zf2yzy69"}
{"type":"log","timestamp":1701112949532,"level":"debug","message":"Inline data specified.","meta":{"rootId":"5p2b4185gie5yrd","id":"5p2b4185gie5yrd"},"id":"gvcpwyc62t5lloc","previousOperationId":"wq6f0r9zf2yzy69"}
{"type":"log","timestamp":1701112949537,"level":"debug","message":"Base url not specified, skipping its injection.","meta":{"rootId":"5p2b4185gie5yrd","id":"5p2b4185gie5yrd"},"id":"pdzcxyuip5rpc3e","previousOperationId":"wq6f0r9zf2yzy69"}
{"type":"operationStart","subtype":"engine","name":"handlebars","timestamp":1701112949537,"id":"h5a1fv6tp8blbkj","previousEventId":"0cax0hwyfsw8fev","operationId":"45qbc8eozn0foff","previousOperationId":"wq6f0r9zf2yzy69"}
{"type":"log","timestamp":1701112949537,"level":"debug","message":"Rendering engine handlebars","meta":{"rootId":"5p2b4185gie5yrd","id":"5p2b4185gie5yrd"},"id":"twp4cjeslpe6nuy","previousOperationId":"45qbc8eozn0foff"}
{"type":"operationEnd","operationId":"45qbc8eozn0foff","timestamp":1701112949558,"id":"utjzy26f8gu256u","previousEventId":"h5a1fv6tp8blbkj","previousOperationId":"45qbc8eozn0foff"}
{"type":"operationStart","subtype":"recipe","name":"chrome-pdf","timestamp":1701112949558,"id":"zo6h3a1iozri0q2","previousEventId":"utjzy26f8gu256u","operationId":"heajw1uzft0ss6r","previousOperationId":"45qbc8eozn0foff"}
{"type":"log","timestamp":1701112949558,"level":"debug","message":"Executing recipe chrome-pdf","meta":{"rootId":"5p2b4185gie5yrd","id":"5p2b4185gie5yrd"},"id":"59czl2ntdxuhh1u","previousOperationId":"heajw1uzft0ss6r"}
{"type":"log","timestamp":1701112949559,"level":"debug","message":"Converting with chrome HeadlessChrome/117.0.5938.149 using chrome-pool strategy","meta":{"rootId":"5p2b4185gie5yrd","id":"5p2b4185gie5yrd"},"id":"h151oxiczu32dlv","previousOperationId":"heajw1uzft0ss6r"}
{"type":"log","timestamp":1701112949599,"level":"debug","message":"Page request: GET (document) file:///var/folders/dp/qk79pfcj0y1fmtkkl08m76rc0000gn/T/jsreport/autocleanup/fd9b3aef-c54c-4c42-aa49-ee2b39a3c315-chrome-pdf.html","meta":{"rootId":"5p2b4185gie5yrd","id":"5p2b4185gie5yrd"},"id":"pzizjalywapf96o","previousOperationId":"heajw1uzft0ss6r"}
{"type":"log","timestamp":1701112949604,"level":"debug","message":"Page request finished: GET (document) 200 file:///var/folders/dp/qk79pfcj0y1fmtkkl08m76rc0000gn/T/jsreport/autocleanup/fd9b3aef-c54c-4c42-aa49-ee2b39a3c315-chrome-pdf.html","meta":{"rootId":"5p2b4185gie5yrd","id":"5p2b4185gie5yrd"},"id":"tb2jxs1jejp0fs7","previousOperationId":"heajw1uzft0ss6r"}
{"type":"log","timestamp":1701112949613,"level":"debug","message":"Running chrome with params {\"printBackground\":true,\"width\":\"7cm\",\"height\":\"30cm\",\"timeout\":59960,\"margin\":{}}","meta":{"rootId":"5p2b4185gie5yrd","id":"5p2b4185gie5yrd"},"id":"uh2spvnv84ognvk","previousOperationId":"heajw1uzft0ss6r"}
{"type":"operationEnd","operationId":"heajw1uzft0ss6r","timestamp":1701112949635,"id":"nkh82zananffmm3","previousEventId":"zo6h3a1iozri0q2","previousOperationId":"heajw1uzft0ss6r"}
{"type":"log","timestamp":1701112949636,"level":"debug","message":"Skipping storing report.","meta":{"rootId":"5p2b4185gie5yrd","id":"5p2b4185gie5yrd"},"id":"hkcb4wff7r0nxnn","previousOperationId":"heajw1uzft0ss6r"}
{"type":"log","timestamp":1701112949636,"level":"info","message":"Rendering request 52 finished in 117 ms","meta":{"rootId":"5p2b4185gie5yrd","id":"5p2b4185gie5yrd"},"id":"tt7ebi9ebkvtmpa","previousOperationId":"heajw1uzft0ss6r"}
{"type":"operationEnd","subtype":"render","operationId":"wq6f0r9zf2yzy69","timestamp":1701112949636,"id":"g2c9x4bvpassqqc","previousEventId":"nkh82zananffmm3","previousOperationId":"heajw1uzft0ss6r"}
{"type":"operationEnd","doDiffs":false,"previousEventId":"f1dkd90aqwtztls","previousOperationId":"xygpnl0sikcyuc2","operationId":"xygpnl0sikcyuc2","timestamp":1701112949638,"id":"66sd2y7brxfi568"}
