{"type":"operationStart","subtype":"profile","data":{"_id":"mntBnsSuNSmMjIbd","timestamp":"2023-11-27T18:57:24.141Z","state":"queued","mode":"standard","creationDate":"2023-11-27T18:57:24.143Z","modificationDate":"2023-11-27T18:57:24.143Z","shortid":"lsyh6eq","$entitySet":"profiles"},"doDiffs":false,"timestamp":1701111444142,"id":"cn5wreg8ilcgh3f","previousOperationId":null,"operationId":"t4uyc43j8e4vofi"}
{"type":"log","level":"info","message":"Render request 38 queued for execution and waiting for available worker","previousOperationId":"t4uyc43j8e4vofi","timestamp":1701111444142,"id":"kr6d6t7uangadv4"}
{"type":"operationStart","subtype":"render","name":"pmo_slip_index","previousOperationId":"t4uyc43j8e4vofi","timestamp":1701111444154,"id":"7fcc094mncegg22","previousEventId":"cn5wreg8ilcgh3f","operationId":"wvdrlxs2sbj0xwv"}
{"type":"log","timestamp":1701111444154,"level":"info","message":"Starting rendering request 38","meta":{"rootId":"5ujj92qf7b9dl1w","id":"5ujj92qf7b9dl1w"},"id":"9zwuj7d5cjsnfyc","previousOperationId":"wvdrlxs2sbj0xwv"}
{"type":"log","timestamp":1701111444154,"level":"info","message":"Rendering template { name: pmo_slip_index, recipe: chrome-pdf, engine: handlebars, preview: true }","meta":{"rootId":"5ujj92qf7b9dl1w","id":"5ujj92qf7b9dl1w"},"id":"17j3lviynxj9uhq","previousOperationId":"wvdrlxs2sbj0xwv"}
{"type":"log","timestamp":1701111444155,"level":"debug","message":"Inline data specified.","meta":{"rootId":"5ujj92qf7b9dl1w","id":"5ujj92qf7b9dl1w"},"id":"ov1fxlo7kby6jz4","previousOperationId":"wvdrlxs2sbj0xwv"}
{"type":"log","timestamp":1701111444156,"level":"debug","message":"Base url not specified, skipping its injection.","meta":{"rootId":"5ujj92qf7b9dl1w","id":"5ujj92qf7b9dl1w"},"id":"2ue7o1q3xm6b6tn","previousOperationId":"wvdrlxs2sbj0xwv"}
{"type":"operationStart","subtype":"engine","name":"handlebars","timestamp":1701111444156,"id":"t2zxz84q1gma1bq","previousEventId":"7fcc094mncegg22","operationId":"zy19b8k2n57357u","previousOperationId":"wvdrlxs2sbj0xwv"}
{"type":"log","timestamp":1701111444156,"level":"debug","message":"Rendering engine handlebars","meta":{"rootId":"5ujj92qf7b9dl1w","id":"5ujj92qf7b9dl1w"},"id":"mq8q9ilqzd3y157","previousOperationId":"zy19b8k2n57357u"}
{"type":"operationEnd","operationId":"zy19b8k2n57357u","timestamp":1701111444180,"id":"nayw7slv36tbzmu","previousEventId":"t2zxz84q1gma1bq","previousOperationId":"zy19b8k2n57357u"}
{"type":"operationStart","subtype":"recipe","name":"chrome-pdf","timestamp":1701111444180,"id":"78a8ix3ygc7jdwx","previousEventId":"nayw7slv36tbzmu","operationId":"fzy36g4h0frrlee","previousOperationId":"zy19b8k2n57357u"}
{"type":"log","timestamp":1701111444180,"level":"debug","message":"Executing recipe chrome-pdf","meta":{"rootId":"5ujj92qf7b9dl1w","id":"5ujj92qf7b9dl1w"},"id":"qf4g8u0zbjzzaa5","previousOperationId":"fzy36g4h0frrlee"}
{"type":"log","timestamp":1701111444181,"level":"debug","message":"Converting with chrome HeadlessChrome/117.0.5938.149 using chrome-pool strategy","meta":{"rootId":"5ujj92qf7b9dl1w","id":"5ujj92qf7b9dl1w"},"id":"xnqpudpmt4vjd1k","previousOperationId":"fzy36g4h0frrlee"}
{"type":"log","timestamp":1701111444218,"level":"debug","message":"Page request: GET (document) file:///var/folders/dp/qk79pfcj0y1fmtkkl08m76rc0000gn/T/jsreport/autocleanup/958bf2ae-6428-4ed4-b7b8-d3c384fe5d98-chrome-pdf.html","meta":{"rootId":"5ujj92qf7b9dl1w","id":"5ujj92qf7b9dl1w"},"id":"vkfdls7wyqghjqz","previousOperationId":"fzy36g4h0frrlee"}
{"type":"log","timestamp":1701111444224,"level":"debug","message":"Page request finished: GET (document) 200 file:///var/folders/dp/qk79pfcj0y1fmtkkl08m76rc0000gn/T/jsreport/autocleanup/958bf2ae-6428-4ed4-b7b8-d3c384fe5d98-chrome-pdf.html","meta":{"rootId":"5ujj92qf7b9dl1w","id":"5ujj92qf7b9dl1w"},"id":"8wxl5niv6cbnjx2","previousOperationId":"fzy36g4h0frrlee"}
{"type":"log","timestamp":1701111444232,"level":"debug","message":"Running chrome with params {\"printBackground\":true,\"width\":\"7cm\",\"height\":\"30cm\",\"timeout\":59961,\"margin\":{}}","meta":{"rootId":"5ujj92qf7b9dl1w","id":"5ujj92qf7b9dl1w"},"id":"korxoid1ax9me8g","previousOperationId":"fzy36g4h0frrlee"}
{"type":"operationEnd","operationId":"fzy36g4h0frrlee","timestamp":1701111444248,"id":"u023g8tk9240zmo","previousEventId":"78a8ix3ygc7jdwx","previousOperationId":"fzy36g4h0frrlee"}
{"type":"log","timestamp":1701111444248,"level":"debug","message":"Skipping storing report.","meta":{"rootId":"5ujj92qf7b9dl1w","id":"5ujj92qf7b9dl1w"},"id":"exbvuc2sdkfwa7d","previousOperationId":"fzy36g4h0frrlee"}
{"type":"log","timestamp":1701111444249,"level":"info","message":"Rendering request 38 finished in 107 ms","meta":{"rootId":"5ujj92qf7b9dl1w","id":"5ujj92qf7b9dl1w"},"id":"8ovwd9xf5pc1fya","previousOperationId":"fzy36g4h0frrlee"}
{"type":"operationEnd","subtype":"render","operationId":"wvdrlxs2sbj0xwv","timestamp":1701111444249,"id":"t9xra1k3k6ru07p","previousEventId":"u023g8tk9240zmo","previousOperationId":"fzy36g4h0frrlee"}
{"type":"operationEnd","doDiffs":false,"previousEventId":"cn5wreg8ilcgh3f","previousOperationId":"t4uyc43j8e4vofi","operationId":"t4uyc43j8e4vofi","timestamp":1701111444251,"id":"2stwijrdsm6syv6"}
