{"type":"operationStart","subtype":"profile","data":{"_id":"JE7rng7bd57Ax5WF","timestamp":"2023-12-06T09:11:30.403Z","state":"queued","mode":"standard","creationDate":"2023-12-06T09:11:30.404Z","modificationDate":"2023-12-06T09:11:30.404Z","shortid":"02eUBAD","$entitySet":"profiles"},"doDiffs":false,"timestamp":1701853890404,"id":"ads6oli5ppereu9","previousOperationId":null,"operationId":"9dhsy5k6yka8hda"}
{"type":"log","level":"info","message":"Render request 2 queued for execution and waiting for available worker","previousOperationId":"9dhsy5k6yka8hda","timestamp":1701853890404,"id":"cgq6lkcn535h7wc"}
{"type":"operationStart","subtype":"render","name":"pmo_slip_index","previousOperationId":"9dhsy5k6yka8hda","timestamp":1701853890410,"id":"eqmbu1er3h96318","previousEventId":"ads6oli5ppereu9","operationId":"zos811rdk6heh3l"}
{"type":"log","timestamp":1701853890410,"level":"info","message":"Starting rendering request 2","meta":{"rootId":"67yva1zu0nj3tfi","id":"67yva1zu0nj3tfi"},"id":"5sayuvdyhaflo42","previousOperationId":"zos811rdk6heh3l"}
{"type":"log","timestamp":1701853890411,"level":"info","message":"Rendering template { name: pmo_slip_index, recipe: chrome-pdf, engine: handlebars, preview: true }","meta":{"rootId":"67yva1zu0nj3tfi","id":"67yva1zu0nj3tfi"},"id":"v4ycs9kr66thxba","previousOperationId":"zos811rdk6heh3l"}
{"type":"log","timestamp":1701853890412,"level":"debug","message":"Adding sample data VeFzNfc","meta":{"rootId":"67yva1zu0nj3tfi","id":"67yva1zu0nj3tfi"},"id":"pvkfi97k5ig9zln","previousOperationId":"zos811rdk6heh3l"}
{"type":"log","timestamp":1701853890413,"level":"debug","message":"Base url not specified, skipping its injection.","meta":{"rootId":"67yva1zu0nj3tfi","id":"67yva1zu0nj3tfi"},"id":"qiul8yvitqmq997","previousOperationId":"zos811rdk6heh3l"}
{"type":"log","timestamp":1701853890415,"level":"debug","message":"Replaced assets [\"styles.css\"]","meta":{"rootId":"67yva1zu0nj3tfi","id":"67yva1zu0nj3tfi"},"id":"2oyv1z5qy0arpi2","previousOperationId":"zos811rdk6heh3l"}
{"type":"operationStart","subtype":"engine","name":"handlebars","timestamp":1701853890416,"id":"u3fufuntsz1v3z8","previousEventId":"eqmbu1er3h96318","operationId":"vxuu9vmx8yi0926","previousOperationId":"zos811rdk6heh3l"}
{"type":"log","timestamp":1701853890416,"level":"debug","message":"Rendering engine handlebars","meta":{"rootId":"67yva1zu0nj3tfi","id":"67yva1zu0nj3tfi"},"id":"zqaie6sf8m4qvdr","previousOperationId":"vxuu9vmx8yi0926"}
{"type":"operationEnd","operationId":"vxuu9vmx8yi0926","timestamp":1701853890684,"id":"6l9z7yyuhkmyo4c","previousEventId":"u3fufuntsz1v3z8","previousOperationId":"vxuu9vmx8yi0926"}
{"type":"operationStart","subtype":"recipe","name":"chrome-pdf","timestamp":1701853890684,"id":"lvnga405ghb8ubx","previousEventId":"6l9z7yyuhkmyo4c","operationId":"ev3m6komcxscl9v","previousOperationId":"vxuu9vmx8yi0926"}
{"type":"log","timestamp":1701853890684,"level":"debug","message":"Executing recipe chrome-pdf","meta":{"rootId":"67yva1zu0nj3tfi","id":"67yva1zu0nj3tfi"},"id":"pjgjqycwug8dp7j","previousOperationId":"ev3m6komcxscl9v"}
{"type":"log","timestamp":1701853890860,"level":"debug","message":"Converting with chrome HeadlessChrome/117.0.5938.149 using chrome-pool strategy","meta":{"rootId":"67yva1zu0nj3tfi","id":"67yva1zu0nj3tfi"},"id":"1tbwwahog7u8pjl","previousOperationId":"ev3m6komcxscl9v"}
{"type":"log","timestamp":1701853890907,"level":"debug","message":"Page request: GET (document) file:///var/folders/dp/qk79pfcj0y1fmtkkl08m76rc0000gn/T/jsreport/autocleanup/a52d7c8a-add8-49c6-b90e-15ba4d4a2e63-chrome-pdf.html","meta":{"rootId":"67yva1zu0nj3tfi","id":"67yva1zu0nj3tfi"},"id":"3an8sflms7imtiv","previousOperationId":"ev3m6komcxscl9v"}
{"type":"log","timestamp":1701853890912,"level":"debug","message":"Page request finished: GET (document) 200 file:///var/folders/dp/qk79pfcj0y1fmtkkl08m76rc0000gn/T/jsreport/autocleanup/a52d7c8a-add8-49c6-b90e-15ba4d4a2e63-chrome-pdf.html","meta":{"rootId":"67yva1zu0nj3tfi","id":"67yva1zu0nj3tfi"},"id":"kgosmmnsr5oeh2w","previousOperationId":"ev3m6komcxscl9v"}
{"type":"log","timestamp":1701853890917,"level":"debug","message":"Running chrome with params {\"printBackground\":true,\"width\":\"7cm\",\"height\":\"3000px\",\"timeout\":59717,\"margin\":{}}","meta":{"rootId":"67yva1zu0nj3tfi","id":"67yva1zu0nj3tfi"},"id":"x2r09vplfa3a2fk","previousOperationId":"ev3m6komcxscl9v"}
{"type":"operationEnd","operationId":"ev3m6komcxscl9v","timestamp":1701853890942,"id":"a6ewdu4elq4yjhl","previousEventId":"lvnga405ghb8ubx","previousOperationId":"ev3m6komcxscl9v"}
{"type":"log","timestamp":1701853890942,"level":"debug","message":"Skipping storing report.","meta":{"rootId":"67yva1zu0nj3tfi","id":"67yva1zu0nj3tfi"},"id":"v3u1i3ags2ynb0r","previousOperationId":"ev3m6komcxscl9v"}
{"type":"log","timestamp":1701853890942,"level":"info","message":"Rendering request 2 finished in 539 ms","meta":{"rootId":"67yva1zu0nj3tfi","id":"67yva1zu0nj3tfi"},"id":"oy2avxndqisbith","previousOperationId":"ev3m6komcxscl9v"}
{"type":"operationEnd","subtype":"render","operationId":"zos811rdk6heh3l","timestamp":1701853890942,"id":"bypl8i6y70azysb","previousEventId":"a6ewdu4elq4yjhl","previousOperationId":"ev3m6komcxscl9v"}
{"type":"operationEnd","doDiffs":false,"previousEventId":"ads6oli5ppereu9","previousOperationId":"9dhsy5k6yka8hda","operationId":"9dhsy5k6yka8hda","timestamp":1701853890944,"id":"37zm2kz1fgispz3"}
