{"type":"operationStart","subtype":"profile","data":{"_id":"eyAaT5AguMWSIwuy","timestamp":"2023-12-01T12:31:26.665Z","state":"queued","mode":"standard","creationDate":"2023-12-01T12:31:26.666Z","modificationDate":"2023-12-01T12:31:26.666Z","shortid":"ltIEWvW","$entitySet":"profiles"},"doDiffs":false,"timestamp":1701433886666,"id":"ast53d1cydpz6vi","previousOperationId":null,"operationId":"0l7lhsg62stm275"}
{"type":"log","level":"info","message":"Render request 113 queued for execution and waiting for available worker","previousOperationId":"0l7lhsg62stm275","timestamp":1701433886666,"id":"xw20365nhmsw4un"}
{"type":"operationStart","subtype":"render","name":"pmo_slip_index","previousOperationId":"0l7lhsg62stm275","timestamp":1701433886674,"id":"a8ivfwsjgqo590y","previousEventId":"ast53d1cydpz6vi","operationId":"zuozfcuofpg6lgz"}
{"type":"log","timestamp":1701433886674,"level":"info","message":"Starting rendering request 113","meta":{"rootId":"6y605k6rmkq01gq","id":"6y605k6rmkq01gq"},"id":"oacowq0xnx6sg89","previousOperationId":"zuozfcuofpg6lgz"}
{"type":"log","timestamp":1701433886675,"level":"info","message":"Rendering template { name: pmo_slip_index, recipe: chrome-pdf, engine: handlebars, preview: true }","meta":{"rootId":"6y605k6rmkq01gq","id":"6y605k6rmkq01gq"},"id":"7y8ex7hp3pit4oz","previousOperationId":"zuozfcuofpg6lgz"}
{"type":"log","timestamp":1701433886675,"level":"debug","message":"Inline data specified.","meta":{"rootId":"6y605k6rmkq01gq","id":"6y605k6rmkq01gq"},"id":"gue00o01ple4nrf","previousOperationId":"zuozfcuofpg6lgz"}
{"type":"log","timestamp":1701433886676,"level":"debug","message":"Base url not specified, skipping its injection.","meta":{"rootId":"6y605k6rmkq01gq","id":"6y605k6rmkq01gq"},"id":"lvdvqbmmwmp13j0","previousOperationId":"zuozfcuofpg6lgz"}
{"type":"operationStart","subtype":"engine","name":"handlebars","timestamp":1701433886676,"id":"3gup8bvy2xtb122","previousEventId":"a8ivfwsjgqo590y","operationId":"t64ln5m0pdr3hdy","previousOperationId":"zuozfcuofpg6lgz"}
{"type":"log","timestamp":1701433886676,"level":"debug","message":"Rendering engine handlebars","meta":{"rootId":"6y605k6rmkq01gq","id":"6y605k6rmkq01gq"},"id":"agx6ei9lhdwwn5z","previousOperationId":"t64ln5m0pdr3hdy"}
{"type":"operationEnd","operationId":"t64ln5m0pdr3hdy","timestamp":1701433886698,"id":"2nhq31ryyvc2jjf","previousEventId":"3gup8bvy2xtb122","previousOperationId":"t64ln5m0pdr3hdy"}
{"type":"operationStart","subtype":"recipe","name":"chrome-pdf","timestamp":1701433886699,"id":"p0fa0abze3er6a8","previousEventId":"2nhq31ryyvc2jjf","operationId":"b3y8yaqwmkksws9","previousOperationId":"t64ln5m0pdr3hdy"}
{"type":"log","timestamp":1701433886699,"level":"debug","message":"Executing recipe chrome-pdf","meta":{"rootId":"6y605k6rmkq01gq","id":"6y605k6rmkq01gq"},"id":"en8uakeui0s2ym5","previousOperationId":"b3y8yaqwmkksws9"}
{"type":"log","timestamp":1701433886700,"level":"debug","message":"Converting with chrome HeadlessChrome/117.0.5938.149 using chrome-pool strategy","meta":{"rootId":"6y605k6rmkq01gq","id":"6y605k6rmkq01gq"},"id":"csarv5bac2fdfck","previousOperationId":"b3y8yaqwmkksws9"}
{"type":"log","timestamp":1701433886748,"level":"debug","message":"Page request: GET (document) file:///var/folders/dp/qk79pfcj0y1fmtkkl08m76rc0000gn/T/jsreport/autocleanup/910f7b4f-9ddc-4b29-813f-db5ec415be27-chrome-pdf.html","meta":{"rootId":"6y605k6rmkq01gq","id":"6y605k6rmkq01gq"},"id":"p7karmk5o5mjvy3","previousOperationId":"b3y8yaqwmkksws9"}
{"type":"log","timestamp":1701433886753,"level":"debug","message":"Page request finished: GET (document) 200 file:///var/folders/dp/qk79pfcj0y1fmtkkl08m76rc0000gn/T/jsreport/autocleanup/910f7b4f-9ddc-4b29-813f-db5ec415be27-chrome-pdf.html","meta":{"rootId":"6y605k6rmkq01gq","id":"6y605k6rmkq01gq"},"id":"jl6xpvx7qmfx375","previousOperationId":"b3y8yaqwmkksws9"}
{"type":"log","timestamp":1701433886765,"level":"debug","message":"Running chrome with params {\"printBackground\":true,\"width\":\"7cm\",\"height\":\"30cm\",\"timeout\":59966,\"margin\":{}}","meta":{"rootId":"6y605k6rmkq01gq","id":"6y605k6rmkq01gq"},"id":"8h0sk2caktf4ded","previousOperationId":"b3y8yaqwmkksws9"}
{"type":"operationEnd","operationId":"b3y8yaqwmkksws9","timestamp":1701433886790,"id":"czaicrvih11lpg8","previousEventId":"p0fa0abze3er6a8","previousOperationId":"b3y8yaqwmkksws9"}
{"type":"log","timestamp":1701433886790,"level":"debug","message":"Skipping storing report.","meta":{"rootId":"6y605k6rmkq01gq","id":"6y605k6rmkq01gq"},"id":"p5q861cx850swd1","previousOperationId":"b3y8yaqwmkksws9"}
{"type":"log","timestamp":1701433886790,"level":"info","message":"Rendering request 113 finished in 125 ms","meta":{"rootId":"6y605k6rmkq01gq","id":"6y605k6rmkq01gq"},"id":"n5q2vmubez06kaw","previousOperationId":"b3y8yaqwmkksws9"}
{"type":"operationEnd","subtype":"render","operationId":"zuozfcuofpg6lgz","timestamp":1701433886790,"id":"qfferinqzd56btb","previousEventId":"czaicrvih11lpg8","previousOperationId":"b3y8yaqwmkksws9"}
{"type":"operationEnd","doDiffs":false,"previousEventId":"ast53d1cydpz6vi","previousOperationId":"0l7lhsg62stm275","operationId":"0l7lhsg62stm275","timestamp":1701433886791,"id":"slhzxsyaulwrwu5"}
