{"type":"operationStart","subtype":"profile","data":{"_id":"VR5SwkoodtZaKUpl","timestamp":"2023-12-01T11:11:27.543Z","state":"queued","mode":"standard","creationDate":"2023-12-01T11:11:27.544Z","modificationDate":"2023-12-01T11:11:27.544Z","shortid":"U2OTtW0","$entitySet":"profiles"},"doDiffs":false,"timestamp":1701429087544,"id":"i9pr530xrv56gy5","previousOperationId":null,"operationId":"n7eklmjjld14zps"}
{"type":"log","level":"info","message":"Render request 98 queued for execution and waiting for available worker","previousOperationId":"n7eklmjjld14zps","timestamp":1701429087544,"id":"817kcft95kowlk1"}
{"type":"operationStart","subtype":"render","name":"pmo_slip_index","previousOperationId":"n7eklmjjld14zps","timestamp":1701429087555,"id":"j7ywb7885wqnpoz","previousEventId":"i9pr530xrv56gy5","operationId":"77nnqkfhul8rvco"}
{"type":"log","timestamp":1701429087555,"level":"info","message":"Starting rendering request 98","meta":{"rootId":"7exynk34qluvbdw","id":"7exynk34qluvbdw"},"id":"102jqf755t24ltq","previousOperationId":"77nnqkfhul8rvco"}
{"type":"log","timestamp":1701429087556,"level":"info","message":"Rendering template { name: pmo_slip_index, recipe: chrome-pdf, engine: handlebars, preview: true }","meta":{"rootId":"7exynk34qluvbdw","id":"7exynk34qluvbdw"},"id":"hwjsoi0gu178dhv","previousOperationId":"77nnqkfhul8rvco"}
{"type":"log","timestamp":1701429087557,"level":"debug","message":"Adding sample data VeFzNfc","meta":{"rootId":"7exynk34qluvbdw","id":"7exynk34qluvbdw"},"id":"p39jrxqursa0vmw","previousOperationId":"77nnqkfhul8rvco"}
{"type":"log","timestamp":1701429087563,"level":"debug","message":"Base url not specified, skipping its injection.","meta":{"rootId":"7exynk34qluvbdw","id":"7exynk34qluvbdw"},"id":"1spir901vs4j17u","previousOperationId":"77nnqkfhul8rvco"}
{"type":"operationStart","subtype":"engine","name":"handlebars","timestamp":1701429087563,"id":"vkbsmmhqi1cjx8f","previousEventId":"j7ywb7885wqnpoz","operationId":"gp4n1xi9eafl0va","previousOperationId":"77nnqkfhul8rvco"}
{"type":"log","timestamp":1701429087563,"level":"debug","message":"Rendering engine handlebars","meta":{"rootId":"7exynk34qluvbdw","id":"7exynk34qluvbdw"},"id":"fskkt8490le27fk","previousOperationId":"gp4n1xi9eafl0va"}
{"type":"operationEnd","operationId":"gp4n1xi9eafl0va","timestamp":1701429087575,"id":"1xwcauq1hokhcuf","previousEventId":"vkbsmmhqi1cjx8f","previousOperationId":"gp4n1xi9eafl0va"}
{"type":"operationStart","subtype":"recipe","name":"chrome-pdf","timestamp":1701429087576,"id":"zmq1nu568tc8lor","previousEventId":"1xwcauq1hokhcuf","operationId":"yxyy9uj852i7wvl","previousOperationId":"gp4n1xi9eafl0va"}
{"type":"log","timestamp":1701429087576,"level":"debug","message":"Executing recipe chrome-pdf","meta":{"rootId":"7exynk34qluvbdw","id":"7exynk34qluvbdw"},"id":"hnh088wxjc8m164","previousOperationId":"yxyy9uj852i7wvl"}
{"type":"log","timestamp":1701429087577,"level":"debug","message":"Converting with chrome HeadlessChrome/117.0.5938.149 using chrome-pool strategy","meta":{"rootId":"7exynk34qluvbdw","id":"7exynk34qluvbdw"},"id":"c4hae0ca9l5rn71","previousOperationId":"yxyy9uj852i7wvl"}
{"type":"log","timestamp":1701429087620,"level":"debug","message":"Page request: GET (document) file:///var/folders/dp/qk79pfcj0y1fmtkkl08m76rc0000gn/T/jsreport/autocleanup/9d702e06-58f2-40f0-af9c-ab1123f0bb74-chrome-pdf.html","meta":{"rootId":"7exynk34qluvbdw","id":"7exynk34qluvbdw"},"id":"tnm8kxrd0wp63ih","previousOperationId":"yxyy9uj852i7wvl"}
{"type":"log","timestamp":1701429087625,"level":"debug","message":"Page request finished: GET (document) 200 file:///var/folders/dp/qk79pfcj0y1fmtkkl08m76rc0000gn/T/jsreport/autocleanup/9d702e06-58f2-40f0-af9c-ab1123f0bb74-chrome-pdf.html","meta":{"rootId":"7exynk34qluvbdw","id":"7exynk34qluvbdw"},"id":"taj639bhpf3trf9","previousOperationId":"yxyy9uj852i7wvl"}
{"type":"log","timestamp":1701429087636,"level":"debug","message":"Running chrome with params {\"printBackground\":true,\"width\":\"7cm\",\"height\":\"30cm\",\"timeout\":59967,\"margin\":{}}","meta":{"rootId":"7exynk34qluvbdw","id":"7exynk34qluvbdw"},"id":"9cj3beufz6id01w","previousOperationId":"yxyy9uj852i7wvl"}
{"type":"operationEnd","operationId":"yxyy9uj852i7wvl","timestamp":1701429087657,"id":"mtsqjqeoi1mrvo8","previousEventId":"zmq1nu568tc8lor","previousOperationId":"yxyy9uj852i7wvl"}
{"type":"log","timestamp":1701429087657,"level":"debug","message":"Skipping storing report.","meta":{"rootId":"7exynk34qluvbdw","id":"7exynk34qluvbdw"},"id":"u7alnepxs3mirpy","previousOperationId":"yxyy9uj852i7wvl"}
{"type":"log","timestamp":1701429087657,"level":"info","message":"Rendering request 98 finished in 114 ms","meta":{"rootId":"7exynk34qluvbdw","id":"7exynk34qluvbdw"},"id":"dv8llqt2485jypf","previousOperationId":"yxyy9uj852i7wvl"}
{"type":"operationEnd","subtype":"render","operationId":"77nnqkfhul8rvco","timestamp":1701429087657,"id":"johzlvkmkxmjof0","previousEventId":"mtsqjqeoi1mrvo8","previousOperationId":"yxyy9uj852i7wvl"}
{"type":"operationEnd","doDiffs":false,"previousEventId":"i9pr530xrv56gy5","previousOperationId":"n7eklmjjld14zps","operationId":"n7eklmjjld14zps","timestamp":1701429087659,"id":"l2b6hjndcyqg3a0"}
