{"type":"operationStart","subtype":"profile","data":{"_id":"fbBRgyIZNQlwr6KD","timestamp":"2023-12-01T11:13:13.753Z","state":"queued","mode":"standard","creationDate":"2023-12-01T11:13:13.754Z","modificationDate":"2023-12-01T11:13:13.754Z","shortid":"KGMqxEf","$entitySet":"profiles"},"doDiffs":false,"timestamp":1701429193753,"id":"4xvfaksdmaa2mjg","previousOperationId":null,"operationId":"j92ae6s8xf3lnzv"}
{"type":"log","level":"info","message":"Render request 102 queued for execution and waiting for available worker","previousOperationId":"j92ae6s8xf3lnzv","timestamp":1701429193754,"id":"l902ucxhdumzbk1"}
{"type":"operationStart","subtype":"render","name":"pmo_slip_index","previousOperationId":"j92ae6s8xf3lnzv","timestamp":1701429193764,"id":"3xdowujdvbkowom","previousEventId":"4xvfaksdmaa2mjg","operationId":"uvfwqxb4et1ukno"}
{"type":"log","timestamp":1701429193764,"level":"info","message":"Starting rendering request 102","meta":{"rootId":"84r1ub8vzgdsndv","id":"84r1ub8vzgdsndv"},"id":"fx616qjgqksth3x","previousOperationId":"uvfwqxb4et1ukno"}
{"type":"log","timestamp":1701429193764,"level":"info","message":"Rendering template { name: pmo_slip_index, recipe: chrome-pdf, engine: handlebars, preview: true }","meta":{"rootId":"84r1ub8vzgdsndv","id":"84r1ub8vzgdsndv"},"id":"i3rvmat50es2175","previousOperationId":"uvfwqxb4et1ukno"}
{"type":"log","timestamp":1701429193765,"level":"debug","message":"Adding sample data VeFzNfc","meta":{"rootId":"84r1ub8vzgdsndv","id":"84r1ub8vzgdsndv"},"id":"r1u7dwzws1mbdbq","previousOperationId":"uvfwqxb4et1ukno"}
{"type":"log","timestamp":1701429193767,"level":"debug","message":"Base url not specified, skipping its injection.","meta":{"rootId":"84r1ub8vzgdsndv","id":"84r1ub8vzgdsndv"},"id":"9rskhc3s7k25ly8","previousOperationId":"uvfwqxb4et1ukno"}
{"type":"operationStart","subtype":"engine","name":"handlebars","timestamp":1701429193767,"id":"u4hlg1hv08cxwsx","previousEventId":"3xdowujdvbkowom","operationId":"gdddwgoy8awmh3l","previousOperationId":"uvfwqxb4et1ukno"}
{"type":"log","timestamp":1701429193767,"level":"debug","message":"Rendering engine handlebars","meta":{"rootId":"84r1ub8vzgdsndv","id":"84r1ub8vzgdsndv"},"id":"fz4fjr5104ekbod","previousOperationId":"gdddwgoy8awmh3l"}
{"type":"operationEnd","operationId":"gdddwgoy8awmh3l","timestamp":1701429193784,"id":"gqa0xlv4i54y6pg","previousEventId":"u4hlg1hv08cxwsx","previousOperationId":"gdddwgoy8awmh3l"}
{"type":"operationStart","subtype":"recipe","name":"chrome-pdf","timestamp":1701429193784,"id":"ey03xx1g9riloeg","previousEventId":"gqa0xlv4i54y6pg","operationId":"y4lk2c335wm7tgs","previousOperationId":"gdddwgoy8awmh3l"}
{"type":"log","timestamp":1701429193784,"level":"debug","message":"Executing recipe chrome-pdf","meta":{"rootId":"84r1ub8vzgdsndv","id":"84r1ub8vzgdsndv"},"id":"a116f53fa7i9riu","previousOperationId":"y4lk2c335wm7tgs"}
{"type":"log","timestamp":1701429193786,"level":"debug","message":"Converting with chrome HeadlessChrome/117.0.5938.149 using chrome-pool strategy","meta":{"rootId":"84r1ub8vzgdsndv","id":"84r1ub8vzgdsndv"},"id":"n2hznz320dxvw33","previousOperationId":"y4lk2c335wm7tgs"}
{"type":"log","timestamp":1701429193823,"level":"debug","message":"Page request: GET (document) file:///var/folders/dp/qk79pfcj0y1fmtkkl08m76rc0000gn/T/jsreport/autocleanup/468ae1d0-fb75-427e-ba72-f898117b871b-chrome-pdf.html","meta":{"rootId":"84r1ub8vzgdsndv","id":"84r1ub8vzgdsndv"},"id":"7fpwu6gjh7d3e6d","previousOperationId":"y4lk2c335wm7tgs"}
{"type":"log","timestamp":1701429193828,"level":"debug","message":"Page request finished: GET (document) 200 file:///var/folders/dp/qk79pfcj0y1fmtkkl08m76rc0000gn/T/jsreport/autocleanup/468ae1d0-fb75-427e-ba72-f898117b871b-chrome-pdf.html","meta":{"rootId":"84r1ub8vzgdsndv","id":"84r1ub8vzgdsndv"},"id":"gnl0uec36f89ltl","previousOperationId":"y4lk2c335wm7tgs"}
{"type":"log","timestamp":1701429193836,"level":"debug","message":"Running chrome with params {\"printBackground\":true,\"width\":\"7cm\",\"height\":\"30cm\",\"timeout\":59968,\"margin\":{}}","meta":{"rootId":"84r1ub8vzgdsndv","id":"84r1ub8vzgdsndv"},"id":"n6aq0mz7c9mtgg8","previousOperationId":"y4lk2c335wm7tgs"}
{"type":"operationEnd","operationId":"y4lk2c335wm7tgs","timestamp":1701429193855,"id":"2x1pxof3tylo0bc","previousEventId":"ey03xx1g9riloeg","previousOperationId":"y4lk2c335wm7tgs"}
{"type":"log","timestamp":1701429193855,"level":"debug","message":"Skipping storing report.","meta":{"rootId":"84r1ub8vzgdsndv","id":"84r1ub8vzgdsndv"},"id":"r41u6t3v38rvb44","previousOperationId":"y4lk2c335wm7tgs"}
{"type":"log","timestamp":1701429193855,"level":"info","message":"Rendering request 102 finished in 102 ms","meta":{"rootId":"84r1ub8vzgdsndv","id":"84r1ub8vzgdsndv"},"id":"uj30w5klfuomzsw","previousOperationId":"y4lk2c335wm7tgs"}
{"type":"operationEnd","subtype":"render","operationId":"uvfwqxb4et1ukno","timestamp":1701429193855,"id":"qu0otxirntqocsy","previousEventId":"2x1pxof3tylo0bc","previousOperationId":"y4lk2c335wm7tgs"}
{"type":"operationEnd","doDiffs":false,"previousEventId":"4xvfaksdmaa2mjg","previousOperationId":"j92ae6s8xf3lnzv","operationId":"j92ae6s8xf3lnzv","timestamp":1701429193856,"id":"h1gcfwzkdxaumg2"}
