{"type":"operationStart","subtype":"profile","data":{"_id":"k4Vxe9YBs13jgUQg","timestamp":"2023-12-13T11:32:58.496Z","state":"queued","mode":"standard","creationDate":"2023-12-13T11:32:58.498Z","modificationDate":"2023-12-13T11:32:58.498Z","shortid":"ZAENDqs","$entitySet":"profiles"},"doDiffs":false,"timestamp":1702467178497,"id":"ucklheusvbjlt22","previousOperationId":null,"operationId":"pf36mvtzbu39lo1"}
{"type":"log","level":"info","message":"Render request 1 queued for execution and waiting for available worker","previousOperationId":"pf36mvtzbu39lo1","timestamp":1702467178498,"id":"af05e4rnnqesqac"}
{"type":"operationStart","subtype":"render","name":"pmo_slip_index","previousOperationId":"pf36mvtzbu39lo1","timestamp":1702467178512,"id":"c54rypw7c5843h3","previousEventId":"ucklheusvbjlt22","operationId":"3r8lljldbq3yw65"}
{"type":"log","timestamp":1702467178512,"level":"info","message":"Starting rendering request 1","meta":{"rootId":"8fw0tcfb3quls7h","id":"8fw0tcfb3quls7h"},"id":"sekd8l2q74gnu8u","previousOperationId":"3r8lljldbq3yw65"}
{"type":"log","timestamp":1702467178512,"level":"info","message":"Rendering template { name: pmo_slip_index, recipe: chrome-pdf, engine: handlebars, preview: true }","meta":{"rootId":"8fw0tcfb3quls7h","id":"8fw0tcfb3quls7h"},"id":"wyspd5ckg607hqz","previousOperationId":"3r8lljldbq3yw65"}
{"type":"log","timestamp":1702467178513,"level":"debug","message":"Adding sample data VeFzNfc","meta":{"rootId":"8fw0tcfb3quls7h","id":"8fw0tcfb3quls7h"},"id":"sgjgmr6f3j2j1zt","previousOperationId":"3r8lljldbq3yw65"}
{"type":"log","timestamp":1702467178514,"level":"debug","message":"Base url not specified, skipping its injection.","meta":{"rootId":"8fw0tcfb3quls7h","id":"8fw0tcfb3quls7h"},"id":"xll0yggbwg51ysq","previousOperationId":"3r8lljldbq3yw65"}
{"type":"log","timestamp":1702467178517,"level":"debug","message":"Replaced assets [\"styles.css\"]","meta":{"rootId":"8fw0tcfb3quls7h","id":"8fw0tcfb3quls7h"},"id":"3a3r415tvlky5g1","previousOperationId":"3r8lljldbq3yw65"}
{"type":"operationStart","subtype":"engine","name":"handlebars","timestamp":1702467178517,"id":"i751ygisaf1cdd8","previousEventId":"c54rypw7c5843h3","operationId":"u54m3yloe406z60","previousOperationId":"3r8lljldbq3yw65"}
{"type":"log","timestamp":1702467178517,"level":"debug","message":"Rendering engine handlebars","meta":{"rootId":"8fw0tcfb3quls7h","id":"8fw0tcfb3quls7h"},"id":"k5det6b1d3agv8x","previousOperationId":"u54m3yloe406z60"}
{"type":"operationEnd","operationId":"u54m3yloe406z60","timestamp":1702467178777,"id":"i8cqhdo7ovb1i9z","previousEventId":"i751ygisaf1cdd8","previousOperationId":"u54m3yloe406z60"}
{"type":"operationStart","subtype":"recipe","name":"chrome-pdf","timestamp":1702467178777,"id":"5wakv2y1qmeoj89","previousEventId":"i8cqhdo7ovb1i9z","operationId":"lu64f8vgc5027zi","previousOperationId":"u54m3yloe406z60"}
{"type":"log","timestamp":1702467178777,"level":"debug","message":"Executing recipe chrome-pdf","meta":{"rootId":"8fw0tcfb3quls7h","id":"8fw0tcfb3quls7h"},"id":"lzdthevwpdqfhht","previousOperationId":"lu64f8vgc5027zi"}
{"type":"log","timestamp":1702467180354,"level":"debug","message":"Converting with chrome HeadlessChrome/117.0.5938.149 using chrome-pool strategy","meta":{"rootId":"8fw0tcfb3quls7h","id":"8fw0tcfb3quls7h"},"id":"zi0qf6lwi2lcmuy","previousOperationId":"lu64f8vgc5027zi"}
{"type":"log","timestamp":1702467180539,"level":"debug","message":"Page request: GET (document) file:///var/folders/dp/qk79pfcj0y1fmtkkl08m76rc0000gn/T/jsreport/autocleanup/50f66419-5520-426f-a670-4dcab79799ab-chrome-pdf.html","meta":{"rootId":"8fw0tcfb3quls7h","id":"8fw0tcfb3quls7h"},"id":"i9q1hzg0hsckccp","previousOperationId":"lu64f8vgc5027zi"}
{"type":"log","timestamp":1702467180547,"level":"debug","message":"Page request finished: GET (document) 200 file:///var/folders/dp/qk79pfcj0y1fmtkkl08m76rc0000gn/T/jsreport/autocleanup/50f66419-5520-426f-a670-4dcab79799ab-chrome-pdf.html","meta":{"rootId":"8fw0tcfb3quls7h","id":"8fw0tcfb3quls7h"},"id":"sv4ckpxcdmc7qfl","previousOperationId":"lu64f8vgc5027zi"}
{"type":"log","timestamp":1702467180556,"level":"debug","message":"Running chrome with params {\"printBackground\":true,\"width\":\"5.8cm\",\"height\":\"40cm\",\"timeout\":59716,\"margin\":{}}","meta":{"rootId":"8fw0tcfb3quls7h","id":"8fw0tcfb3quls7h"},"id":"qpjm621wulq8m65","previousOperationId":"lu64f8vgc5027zi"}
{"type":"operationEnd","operationId":"lu64f8vgc5027zi","timestamp":1702467180584,"id":"fkxqwb6o8arzxvk","previousEventId":"5wakv2y1qmeoj89","previousOperationId":"lu64f8vgc5027zi"}
{"type":"log","timestamp":1702467180585,"level":"debug","message":"Skipping storing report.","meta":{"rootId":"8fw0tcfb3quls7h","id":"8fw0tcfb3quls7h"},"id":"gb3aq4hwgna0u8i","previousOperationId":"lu64f8vgc5027zi"}
{"type":"log","timestamp":1702467180585,"level":"info","message":"Rendering request 1 finished in 2089 ms","meta":{"rootId":"8fw0tcfb3quls7h","id":"8fw0tcfb3quls7h"},"id":"ld18hbh62gwo63y","previousOperationId":"lu64f8vgc5027zi"}
{"type":"operationEnd","subtype":"render","operationId":"3r8lljldbq3yw65","timestamp":1702467180585,"id":"jadvrq9e26acd0x","previousEventId":"fkxqwb6o8arzxvk","previousOperationId":"lu64f8vgc5027zi"}
{"type":"operationEnd","doDiffs":false,"previousEventId":"ucklheusvbjlt22","previousOperationId":"pf36mvtzbu39lo1","operationId":"pf36mvtzbu39lo1","timestamp":1702467180587,"id":"2i1t8j5qk2htthj"}
