{"type":"operationStart","subtype":"profile","data":{"_id":"pc0TW1ewsokYkHbp","timestamp":"2023-12-06T11:15:58.903Z","state":"queued","mode":"standard","creationDate":"2023-12-06T11:15:58.904Z","modificationDate":"2023-12-06T11:15:58.904Z","shortid":"S_mrmtO","$entitySet":"profiles"},"doDiffs":false,"timestamp":1701861358903,"id":"xj75iikn8o6amab","previousOperationId":null,"operationId":"9yjwt26m1aeospc"}
{"type":"log","level":"info","message":"Render request 111 queued for execution and waiting for available worker","previousOperationId":"9yjwt26m1aeospc","timestamp":1701861358903,"id":"u2vzrwr0zmkoy19"}
{"type":"operationStart","subtype":"render","name":"pmo_slip_index","previousOperationId":"9yjwt26m1aeospc","timestamp":1701861358918,"id":"setisrn7nfzvowb","previousEventId":"xj75iikn8o6amab","operationId":"z6plzawp4upql16"}
{"type":"log","timestamp":1701861358918,"level":"info","message":"Starting rendering request 111","meta":{"rootId":"aa4hgaczkxnpnxl","id":"aa4hgaczkxnpnxl"},"id":"1o9mfa32005nxyb","previousOperationId":"z6plzawp4upql16"}
{"type":"log","timestamp":1701861358919,"level":"info","message":"Rendering template { name: pmo_slip_index, recipe: chrome-pdf, engine: handlebars, preview: true }","meta":{"rootId":"aa4hgaczkxnpnxl","id":"aa4hgaczkxnpnxl"},"id":"d4l4usf9ymhw0h9","previousOperationId":"z6plzawp4upql16"}
{"type":"log","timestamp":1701861358920,"level":"debug","message":"Inline data specified.","meta":{"rootId":"aa4hgaczkxnpnxl","id":"aa4hgaczkxnpnxl"},"id":"76j25bb6fgecrc3","previousOperationId":"z6plzawp4upql16"}
{"type":"log","timestamp":1701861358921,"level":"debug","message":"Base url not specified, skipping its injection.","meta":{"rootId":"aa4hgaczkxnpnxl","id":"aa4hgaczkxnpnxl"},"id":"kkhhmd7v29qu05n","previousOperationId":"z6plzawp4upql16"}
{"type":"log","timestamp":1701861358922,"level":"debug","message":"Replaced assets [\"styles.css\"]","meta":{"rootId":"aa4hgaczkxnpnxl","id":"aa4hgaczkxnpnxl"},"id":"tq7xbn7onv53dat","previousOperationId":"z6plzawp4upql16"}
{"type":"operationStart","subtype":"engine","name":"handlebars","timestamp":1701861358922,"id":"uqnpofkdnxshtv4","previousEventId":"setisrn7nfzvowb","operationId":"wms26wtfyy05x6s","previousOperationId":"z6plzawp4upql16"}
{"type":"log","timestamp":1701861358922,"level":"debug","message":"Rendering engine handlebars","meta":{"rootId":"aa4hgaczkxnpnxl","id":"aa4hgaczkxnpnxl"},"id":"08wb9521k1b8cig","previousOperationId":"wms26wtfyy05x6s"}
{"type":"operationEnd","operationId":"wms26wtfyy05x6s","timestamp":1701861358937,"id":"2y86zkbaibrlrt6","previousEventId":"uqnpofkdnxshtv4","previousOperationId":"wms26wtfyy05x6s"}
{"type":"operationStart","subtype":"recipe","name":"chrome-pdf","timestamp":1701861358938,"id":"ha2km36iany4elk","previousEventId":"2y86zkbaibrlrt6","operationId":"gqkpy1m8lmpdig7","previousOperationId":"wms26wtfyy05x6s"}
{"type":"log","timestamp":1701861358938,"level":"debug","message":"Executing recipe chrome-pdf","meta":{"rootId":"aa4hgaczkxnpnxl","id":"aa4hgaczkxnpnxl"},"id":"2g6egk4ekatkzea","previousOperationId":"gqkpy1m8lmpdig7"}
{"type":"log","timestamp":1701861358940,"level":"debug","message":"Converting with chrome HeadlessChrome/117.0.5938.149 using chrome-pool strategy","meta":{"rootId":"aa4hgaczkxnpnxl","id":"aa4hgaczkxnpnxl"},"id":"sp2hzxo72hzoszq","previousOperationId":"gqkpy1m8lmpdig7"}
{"type":"log","timestamp":1701861359000,"level":"debug","message":"Page request: GET (document) file:///var/folders/dp/qk79pfcj0y1fmtkkl08m76rc0000gn/T/jsreport/autocleanup/86a0919c-a785-419f-bb0b-a0c80bc56b16-chrome-pdf.html","meta":{"rootId":"aa4hgaczkxnpnxl","id":"aa4hgaczkxnpnxl"},"id":"qmam4evhgdojq4g","previousOperationId":"gqkpy1m8lmpdig7"}
{"type":"log","timestamp":1701861359005,"level":"debug","message":"Page request finished: GET (document) 200 file:///var/folders/dp/qk79pfcj0y1fmtkkl08m76rc0000gn/T/jsreport/autocleanup/86a0919c-a785-419f-bb0b-a0c80bc56b16-chrome-pdf.html","meta":{"rootId":"aa4hgaczkxnpnxl","id":"aa4hgaczkxnpnxl"},"id":"o6uddnk1u3mjc1a","previousOperationId":"gqkpy1m8lmpdig7"}
{"type":"log","timestamp":1701861359014,"level":"debug","message":"Running chrome with params {\"printBackground\":true,\"width\":\"7cm\",\"height\":\"20cm\",\"timeout\":59963,\"margin\":{}}","meta":{"rootId":"aa4hgaczkxnpnxl","id":"aa4hgaczkxnpnxl"},"id":"kpu8967nyi94xsj","previousOperationId":"gqkpy1m8lmpdig7"}
{"type":"operationEnd","operationId":"gqkpy1m8lmpdig7","timestamp":1701861359034,"id":"gzh3eo220nwx5lw","previousEventId":"ha2km36iany4elk","previousOperationId":"gqkpy1m8lmpdig7"}
{"type":"log","timestamp":1701861359034,"level":"debug","message":"Skipping storing report.","meta":{"rootId":"aa4hgaczkxnpnxl","id":"aa4hgaczkxnpnxl"},"id":"t1iy5fy6sjnckym","previousOperationId":"gqkpy1m8lmpdig7"}
{"type":"log","timestamp":1701861359034,"level":"info","message":"Rendering request 111 finished in 132 ms","meta":{"rootId":"aa4hgaczkxnpnxl","id":"aa4hgaczkxnpnxl"},"id":"gh1ap25iy23gm5i","previousOperationId":"gqkpy1m8lmpdig7"}
{"type":"operationEnd","subtype":"render","operationId":"z6plzawp4upql16","timestamp":1701861359034,"id":"47ggxxm1xf94l2x","previousEventId":"gzh3eo220nwx5lw","previousOperationId":"gqkpy1m8lmpdig7"}
{"type":"operationEnd","doDiffs":false,"previousEventId":"xj75iikn8o6amab","previousOperationId":"9yjwt26m1aeospc","operationId":"9yjwt26m1aeospc","timestamp":1701861359035,"id":"mub02jblomsuaql"}
