{"type":"operationStart","subtype":"profile","data":{"_id":"Ds9FpwANSonD2mbi","timestamp":"2023-12-05T15:05:22.307Z","state":"queued","mode":"standard","creationDate":"2023-12-05T15:05:22.308Z","modificationDate":"2023-12-05T15:05:22.308Z","shortid":"oeZLM07","$entitySet":"profiles"},"doDiffs":false,"timestamp":1701788722308,"id":"nnsq2jkwkkfd6qz","previousOperationId":null,"operationId":"h8php2e44ymr4rf"}
{"type":"log","level":"info","message":"Render request 28 queued for execution and waiting for available worker","previousOperationId":"h8php2e44ymr4rf","timestamp":1701788722308,"id":"6iu5yg12i1gj495"}
{"type":"operationStart","subtype":"render","name":"pmo_slip_index","previousOperationId":"h8php2e44ymr4rf","timestamp":1701788722318,"id":"1qgkqtoczppazyk","previousEventId":"nnsq2jkwkkfd6qz","operationId":"v84qcole29c1yb4"}
{"type":"log","timestamp":1701788722318,"level":"info","message":"Starting rendering request 28","meta":{"rootId":"add3uixdlvytdf0","id":"add3uixdlvytdf0"},"id":"uk539vc5z8nwhmu","previousOperationId":"v84qcole29c1yb4"}
{"type":"log","timestamp":1701788722318,"level":"info","message":"Rendering template { name: pmo_slip_index, recipe: chrome-pdf, engine: handlebars, preview: true }","meta":{"rootId":"add3uixdlvytdf0","id":"add3uixdlvytdf0"},"id":"zlyaj03ob5895bh","previousOperationId":"v84qcole29c1yb4"}
{"type":"log","timestamp":1701788722321,"level":"debug","message":"Inline data specified.","meta":{"rootId":"add3uixdlvytdf0","id":"add3uixdlvytdf0"},"id":"cfrww662h0vm61s","previousOperationId":"v84qcole29c1yb4"}
{"type":"log","timestamp":1701788722325,"level":"debug","message":"Base url not specified, skipping its injection.","meta":{"rootId":"add3uixdlvytdf0","id":"add3uixdlvytdf0"},"id":"ftk7dukcbh1ehd1","previousOperationId":"v84qcole29c1yb4"}
{"type":"log","timestamp":1701788722327,"level":"debug","message":"Replaced assets [\"styles.css\"]","meta":{"rootId":"add3uixdlvytdf0","id":"add3uixdlvytdf0"},"id":"sboron6ki0nahwg","previousOperationId":"v84qcole29c1yb4"}
{"type":"operationStart","subtype":"engine","name":"handlebars","timestamp":1701788722327,"id":"rnj1iyqeom8okvx","previousEventId":"1qgkqtoczppazyk","operationId":"4lpfijanc0dxwq1","previousOperationId":"v84qcole29c1yb4"}
{"type":"log","timestamp":1701788722327,"level":"debug","message":"Rendering engine handlebars","meta":{"rootId":"add3uixdlvytdf0","id":"add3uixdlvytdf0"},"id":"x2a01m0m7j5vaim","previousOperationId":"4lpfijanc0dxwq1"}
{"type":"operationEnd","operationId":"4lpfijanc0dxwq1","timestamp":1701788722344,"id":"phaozrff5rjhund","previousEventId":"rnj1iyqeom8okvx","previousOperationId":"4lpfijanc0dxwq1"}
{"type":"operationStart","subtype":"recipe","name":"chrome-pdf","timestamp":1701788722345,"id":"zfzt7eodnp01iz0","previousEventId":"phaozrff5rjhund","operationId":"f1eytlmemv1k6qo","previousOperationId":"4lpfijanc0dxwq1"}
{"type":"log","timestamp":1701788722345,"level":"debug","message":"Executing recipe chrome-pdf","meta":{"rootId":"add3uixdlvytdf0","id":"add3uixdlvytdf0"},"id":"dmu44u44vlkze95","previousOperationId":"f1eytlmemv1k6qo"}
{"type":"log","timestamp":1701788722347,"level":"debug","message":"Converting with chrome HeadlessChrome/117.0.5938.149 using chrome-pool strategy","meta":{"rootId":"add3uixdlvytdf0","id":"add3uixdlvytdf0"},"id":"54g2vedfe4o46nb","previousOperationId":"f1eytlmemv1k6qo"}
{"type":"log","timestamp":1701788722393,"level":"debug","message":"Page request: GET (document) file:///var/folders/dp/qk79pfcj0y1fmtkkl08m76rc0000gn/T/jsreport/autocleanup/8bad3766-3b7f-4b56-b92d-6a418fb2df94-chrome-pdf.html","meta":{"rootId":"add3uixdlvytdf0","id":"add3uixdlvytdf0"},"id":"g7tnxuc14itlron","previousOperationId":"f1eytlmemv1k6qo"}
{"type":"log","timestamp":1701788722398,"level":"debug","message":"Page request finished: GET (document) 200 file:///var/folders/dp/qk79pfcj0y1fmtkkl08m76rc0000gn/T/jsreport/autocleanup/8bad3766-3b7f-4b56-b92d-6a418fb2df94-chrome-pdf.html","meta":{"rootId":"add3uixdlvytdf0","id":"add3uixdlvytdf0"},"id":"xswy02aayx1e9up","previousOperationId":"f1eytlmemv1k6qo"}
{"type":"log","timestamp":1701788722407,"level":"debug","message":"Running chrome with params {\"printBackground\":true,\"width\":\"7cm\",\"height\":\"3000px\",\"timeout\":59960,\"margin\":{}}","meta":{"rootId":"add3uixdlvytdf0","id":"add3uixdlvytdf0"},"id":"188rae3is4k2c8r","previousOperationId":"f1eytlmemv1k6qo"}
{"type":"operationEnd","operationId":"f1eytlmemv1k6qo","timestamp":1701788722431,"id":"74gahtnw1aywxio","previousEventId":"zfzt7eodnp01iz0","previousOperationId":"f1eytlmemv1k6qo"}
{"type":"log","timestamp":1701788722431,"level":"debug","message":"Skipping storing report.","meta":{"rootId":"add3uixdlvytdf0","id":"add3uixdlvytdf0"},"id":"7aeb5v5a0rmxppn","previousOperationId":"f1eytlmemv1k6qo"}
{"type":"log","timestamp":1701788722431,"level":"info","message":"Rendering request 28 finished in 124 ms","meta":{"rootId":"add3uixdlvytdf0","id":"add3uixdlvytdf0"},"id":"ee0a9wjbsmugqd8","previousOperationId":"f1eytlmemv1k6qo"}
{"type":"operationEnd","subtype":"render","operationId":"v84qcole29c1yb4","timestamp":1701788722431,"id":"tjvvw684mcikigi","previousEventId":"74gahtnw1aywxio","previousOperationId":"f1eytlmemv1k6qo"}
{"type":"operationEnd","doDiffs":false,"previousEventId":"nnsq2jkwkkfd6qz","previousOperationId":"h8php2e44ymr4rf","operationId":"h8php2e44ymr4rf","timestamp":1701788722433,"id":"bvn0acym249ae03"}
