{"type":"operationStart","subtype":"profile","data":{"_id":"NLUdvqxkQXRWV4rm","timestamp":"2023-11-30T11:51:09.960Z","state":"queued","mode":"standard","creationDate":"2023-11-30T11:51:09.963Z","modificationDate":"2023-11-30T11:51:09.963Z","shortid":"J7yfyOM","$entitySet":"profiles"},"doDiffs":false,"timestamp":1701345069962,"id":"0mf53o14st1tmwt","previousOperationId":null,"operationId":"3bztu5vlyberid4"}
{"type":"log","level":"info","message":"Render request 20 queued for execution and waiting for available worker","previousOperationId":"3bztu5vlyberid4","timestamp":1701345069962,"id":"r5hs040q3j3c76b"}
{"type":"operationStart","subtype":"render","name":"pmo_slip_index","previousOperationId":"3bztu5vlyberid4","timestamp":1701345069970,"id":"n9cqquh92uty951","previousEventId":"0mf53o14st1tmwt","operationId":"pedto38jbwwgvib"}
{"type":"log","timestamp":1701345069971,"level":"info","message":"Starting rendering request 20","meta":{"rootId":"aecqu4bnjfv5olm","id":"aecqu4bnjfv5olm"},"id":"4ing6x1yhzkcfii","previousOperationId":"pedto38jbwwgvib"}
{"type":"log","timestamp":1701345069972,"level":"info","message":"Rendering template { name: pmo_slip_index, recipe: chrome-pdf, engine: handlebars, preview: true }","meta":{"rootId":"aecqu4bnjfv5olm","id":"aecqu4bnjfv5olm"},"id":"6rhtpn0uaqu7gez","previousOperationId":"pedto38jbwwgvib"}
{"type":"log","timestamp":1701345069974,"level":"debug","message":"Adding sample data VeFzNfc","meta":{"rootId":"aecqu4bnjfv5olm","id":"aecqu4bnjfv5olm"},"id":"suxhg57nhswo0d4","previousOperationId":"pedto38jbwwgvib"}
{"type":"log","timestamp":1701345069976,"level":"debug","message":"Base url not specified, skipping its injection.","meta":{"rootId":"aecqu4bnjfv5olm","id":"aecqu4bnjfv5olm"},"id":"3xixhd1mp9c5uip","previousOperationId":"pedto38jbwwgvib"}
{"type":"operationStart","subtype":"engine","name":"handlebars","timestamp":1701345069977,"id":"c9gi2569nmueyql","previousEventId":"n9cqquh92uty951","operationId":"6rzsz2o36gbyiah","previousOperationId":"pedto38jbwwgvib"}
{"type":"log","timestamp":1701345069977,"level":"debug","message":"Rendering engine handlebars","meta":{"rootId":"aecqu4bnjfv5olm","id":"aecqu4bnjfv5olm"},"id":"jwzv7puh0o9ed46","previousOperationId":"6rzsz2o36gbyiah"}
{"type":"operationEnd","operationId":"6rzsz2o36gbyiah","timestamp":1701345070012,"id":"mofoygqpjkyn66x","previousEventId":"c9gi2569nmueyql","previousOperationId":"6rzsz2o36gbyiah"}
{"type":"operationStart","subtype":"recipe","name":"chrome-pdf","timestamp":1701345070012,"id":"cl4nwuaewuejck2","previousEventId":"mofoygqpjkyn66x","operationId":"47pbmgq4ad12v6n","previousOperationId":"6rzsz2o36gbyiah"}
{"type":"log","timestamp":1701345070012,"level":"debug","message":"Executing recipe chrome-pdf","meta":{"rootId":"aecqu4bnjfv5olm","id":"aecqu4bnjfv5olm"},"id":"3cfqojz6w9lfaw8","previousOperationId":"47pbmgq4ad12v6n"}
{"type":"log","timestamp":1701345070014,"level":"debug","message":"Converting with chrome HeadlessChrome/117.0.5938.149 using chrome-pool strategy","meta":{"rootId":"aecqu4bnjfv5olm","id":"aecqu4bnjfv5olm"},"id":"vu50nfzloxta210","previousOperationId":"47pbmgq4ad12v6n"}
{"type":"log","timestamp":1701345070068,"level":"debug","message":"Page request: GET (document) file:///var/folders/dp/qk79pfcj0y1fmtkkl08m76rc0000gn/T/jsreport/autocleanup/5ebf8be8-0a92-4dd5-9314-b08c31e9a690-chrome-pdf.html","meta":{"rootId":"aecqu4bnjfv5olm","id":"aecqu4bnjfv5olm"},"id":"73wdd2mhhvbuzr1","previousOperationId":"47pbmgq4ad12v6n"}
{"type":"log","timestamp":1701345070073,"level":"debug","message":"Page request finished: GET (document) 200 file:///var/folders/dp/qk79pfcj0y1fmtkkl08m76rc0000gn/T/jsreport/autocleanup/5ebf8be8-0a92-4dd5-9314-b08c31e9a690-chrome-pdf.html","meta":{"rootId":"aecqu4bnjfv5olm","id":"aecqu4bnjfv5olm"},"id":"ffwgpr46iwrqpu1","previousOperationId":"47pbmgq4ad12v6n"}
{"type":"log","timestamp":1701345070081,"level":"debug","message":"Running chrome with params {\"printBackground\":true,\"width\":\"7cm\",\"height\":\"30cm\",\"timeout\":59946,\"margin\":{}}","meta":{"rootId":"aecqu4bnjfv5olm","id":"aecqu4bnjfv5olm"},"id":"jdo8jv3qrjtrvp6","previousOperationId":"47pbmgq4ad12v6n"}
{"type":"operationEnd","operationId":"47pbmgq4ad12v6n","timestamp":1701345070101,"id":"hmq55v92m00gujc","previousEventId":"cl4nwuaewuejck2","previousOperationId":"47pbmgq4ad12v6n"}
{"type":"log","timestamp":1701345070101,"level":"debug","message":"Skipping storing report.","meta":{"rootId":"aecqu4bnjfv5olm","id":"aecqu4bnjfv5olm"},"id":"52wzhraj0k7640n","previousOperationId":"47pbmgq4ad12v6n"}
{"type":"log","timestamp":1701345070101,"level":"info","message":"Rendering request 20 finished in 141 ms","meta":{"rootId":"aecqu4bnjfv5olm","id":"aecqu4bnjfv5olm"},"id":"guc1imjms7gmxoa","previousOperationId":"47pbmgq4ad12v6n"}
{"type":"operationEnd","subtype":"render","operationId":"pedto38jbwwgvib","timestamp":1701345070101,"id":"0xwk34d7plf42mn","previousEventId":"hmq55v92m00gujc","previousOperationId":"47pbmgq4ad12v6n"}
{"type":"operationEnd","doDiffs":false,"previousEventId":"0mf53o14st1tmwt","previousOperationId":"3bztu5vlyberid4","operationId":"3bztu5vlyberid4","timestamp":1701345070103,"id":"jbrbmpuj75xiiru"}
