{"type":"operationStart","subtype":"profile","data":{"_id":"ckSlwSwtaGLFJvri","timestamp":"2023-11-27T18:51:37.992Z","state":"queued","mode":"standard","creationDate":"2023-11-27T18:51:37.993Z","modificationDate":"2023-11-27T18:51:37.993Z","shortid":"fQMxp7L","$entitySet":"profiles"},"doDiffs":false,"timestamp":1701111097992,"id":"gfdn4oum3tu5n6r","previousOperationId":null,"operationId":"t9komfnsih43746"}
{"type":"log","level":"info","message":"Render request 31 queued for execution and waiting for available worker","previousOperationId":"t9komfnsih43746","timestamp":1701111097993,"id":"6n6ho5oi1av4v23"}
{"type":"operationStart","subtype":"render","name":"pmo_slip_index","previousOperationId":"t9komfnsih43746","timestamp":1701111097999,"id":"or2n4gn6a6w44n8","previousEventId":"gfdn4oum3tu5n6r","operationId":"j82qi9btd5vvnev"}
{"type":"log","timestamp":1701111097999,"level":"info","message":"Starting rendering request 31","meta":{"rootId":"aocj5y288s9mcd4","id":"aocj5y288s9mcd4"},"id":"7br2c18mybl93u9","previousOperationId":"j82qi9btd5vvnev"}
{"type":"log","timestamp":1701111097999,"level":"info","message":"Rendering template { name: pmo_slip_index, recipe: chrome-pdf, engine: handlebars, preview: true }","meta":{"rootId":"aocj5y288s9mcd4","id":"aocj5y288s9mcd4"},"id":"kua1g9zgdtrt3gb","previousOperationId":"j82qi9btd5vvnev"}
{"type":"log","timestamp":1701111098000,"level":"debug","message":"Adding sample data flbhzmKcJ","meta":{"rootId":"aocj5y288s9mcd4","id":"aocj5y288s9mcd4"},"id":"2gyojikna3bkb0x","previousOperationId":"j82qi9btd5vvnev"}
{"type":"log","timestamp":1701111098001,"level":"debug","message":"Base url not specified, skipping its injection.","meta":{"rootId":"aocj5y288s9mcd4","id":"aocj5y288s9mcd4"},"id":"4n6nq1vrphsnpmh","previousOperationId":"j82qi9btd5vvnev"}
{"type":"operationStart","subtype":"engine","name":"handlebars","timestamp":1701111098001,"id":"mmxtrdr5oh624z7","previousEventId":"or2n4gn6a6w44n8","operationId":"pa35ef1w5qet5ni","previousOperationId":"j82qi9btd5vvnev"}
{"type":"log","timestamp":1701111098001,"level":"debug","message":"Rendering engine handlebars","meta":{"rootId":"aocj5y288s9mcd4","id":"aocj5y288s9mcd4"},"id":"73a41usiwchwp3z","previousOperationId":"pa35ef1w5qet5ni"}
{"type":"operationEnd","operationId":"pa35ef1w5qet5ni","timestamp":1701111098015,"id":"i2j9rpwty9yikw4","previousEventId":"mmxtrdr5oh624z7","previousOperationId":"pa35ef1w5qet5ni"}
{"type":"operationStart","subtype":"recipe","name":"chrome-pdf","timestamp":1701111098015,"id":"prfj64aq1fjx11p","previousEventId":"i2j9rpwty9yikw4","operationId":"nxaes8byc1lv3e0","previousOperationId":"pa35ef1w5qet5ni"}
{"type":"log","timestamp":1701111098015,"level":"debug","message":"Executing recipe chrome-pdf","meta":{"rootId":"aocj5y288s9mcd4","id":"aocj5y288s9mcd4"},"id":"ojmflh8tou829fb","previousOperationId":"nxaes8byc1lv3e0"}
{"type":"log","timestamp":1701111098017,"level":"debug","message":"Converting with chrome HeadlessChrome/117.0.5938.149 using chrome-pool strategy","meta":{"rootId":"aocj5y288s9mcd4","id":"aocj5y288s9mcd4"},"id":"k1y0unph1ispa55","previousOperationId":"nxaes8byc1lv3e0"}
{"type":"log","timestamp":1701111098057,"level":"debug","message":"Page request: GET (document) file:///var/folders/dp/qk79pfcj0y1fmtkkl08m76rc0000gn/T/jsreport/autocleanup/9ff4b7a6-e7b8-41bc-8eb1-747a6dba499b-chrome-pdf.html","meta":{"rootId":"aocj5y288s9mcd4","id":"aocj5y288s9mcd4"},"id":"l5ukfpbaropq2rj","previousOperationId":"nxaes8byc1lv3e0"}
{"type":"log","timestamp":1701111098062,"level":"debug","message":"Page request finished: GET (document) 200 file:///var/folders/dp/qk79pfcj0y1fmtkkl08m76rc0000gn/T/jsreport/autocleanup/9ff4b7a6-e7b8-41bc-8eb1-747a6dba499b-chrome-pdf.html","meta":{"rootId":"aocj5y288s9mcd4","id":"aocj5y288s9mcd4"},"id":"oef25g9urh041o9","previousOperationId":"nxaes8byc1lv3e0"}
{"type":"log","timestamp":1701111098070,"level":"debug","message":"Running chrome with params {\"printBackground\":true,\"width\":\"7cm\",\"height\":\"30cm\",\"timeout\":59976,\"margin\":{}}","meta":{"rootId":"aocj5y288s9mcd4","id":"aocj5y288s9mcd4"},"id":"z9489rg81qlhfb3","previousOperationId":"nxaes8byc1lv3e0"}
{"type":"operationEnd","operationId":"nxaes8byc1lv3e0","timestamp":1701111098083,"id":"a2uqd8xors4ahlf","previousEventId":"prfj64aq1fjx11p","previousOperationId":"nxaes8byc1lv3e0"}
{"type":"log","timestamp":1701111098083,"level":"debug","message":"Skipping storing report.","meta":{"rootId":"aocj5y288s9mcd4","id":"aocj5y288s9mcd4"},"id":"60cnppe0j9xro93","previousOperationId":"nxaes8byc1lv3e0"}
{"type":"log","timestamp":1701111098083,"level":"info","message":"Rendering request 31 finished in 91 ms","meta":{"rootId":"aocj5y288s9mcd4","id":"aocj5y288s9mcd4"},"id":"46ckxck2lamq1vh","previousOperationId":"nxaes8byc1lv3e0"}
{"type":"operationEnd","subtype":"render","operationId":"j82qi9btd5vvnev","timestamp":1701111098083,"id":"3sphzhbk6k7elq6","previousEventId":"a2uqd8xors4ahlf","previousOperationId":"nxaes8byc1lv3e0"}
{"type":"operationEnd","doDiffs":false,"previousEventId":"gfdn4oum3tu5n6r","previousOperationId":"t9komfnsih43746","operationId":"t9komfnsih43746","timestamp":1701111098085,"id":"rq8166adttvm0jw"}
