{"type":"operationStart","subtype":"profile","data":{"_id":"LffkCMBHJbbsxKgd","timestamp":"2023-12-01T10:45:16.277Z","state":"queued","mode":"standard","creationDate":"2023-12-01T10:45:16.279Z","modificationDate":"2023-12-01T10:45:16.279Z","shortid":"DqImUMH","$entitySet":"profiles"},"doDiffs":false,"timestamp":1701427516278,"id":"irk61uhu8yac8rk","previousOperationId":null,"operationId":"2mi2r7zkg0clz95"}
{"type":"log","level":"info","message":"Render request 93 queued for execution and waiting for available worker","previousOperationId":"2mi2r7zkg0clz95","timestamp":1701427516278,"id":"g4ismwh831eaamw"}
{"type":"operationStart","subtype":"render","name":"pmo_slip_index","previousOperationId":"2mi2r7zkg0clz95","timestamp":1701427516285,"id":"rj5nyim0gyd9u3l","previousEventId":"irk61uhu8yac8rk","operationId":"0sxmccvorrq9qgz"}
{"type":"log","timestamp":1701427516285,"level":"info","message":"Starting rendering request 93","meta":{"rootId":"ax7p381ce5tb4y7","id":"ax7p381ce5tb4y7"},"id":"dx9svyegslb69d7","previousOperationId":"0sxmccvorrq9qgz"}
{"type":"log","timestamp":1701427516285,"level":"info","message":"Rendering template { name: pmo_slip_index, recipe: chrome-pdf, engine: handlebars, preview: true }","meta":{"rootId":"ax7p381ce5tb4y7","id":"ax7p381ce5tb4y7"},"id":"4mzkv03j4vw86om","previousOperationId":"0sxmccvorrq9qgz"}
{"type":"log","timestamp":1701427516287,"level":"debug","message":"Adding sample data VeFzNfc","meta":{"rootId":"ax7p381ce5tb4y7","id":"ax7p381ce5tb4y7"},"id":"jtzechrujf7to4p","previousOperationId":"0sxmccvorrq9qgz"}
{"type":"log","timestamp":1701427516292,"level":"debug","message":"Base url not specified, skipping its injection.","meta":{"rootId":"ax7p381ce5tb4y7","id":"ax7p381ce5tb4y7"},"id":"gjcrkkfyl6mdscv","previousOperationId":"0sxmccvorrq9qgz"}
{"type":"operationStart","subtype":"engine","name":"handlebars","timestamp":1701427516293,"id":"y2f9gyc352s934m","previousEventId":"rj5nyim0gyd9u3l","operationId":"sl4vkml49r9acxv","previousOperationId":"0sxmccvorrq9qgz"}
{"type":"log","timestamp":1701427516293,"level":"debug","message":"Rendering engine handlebars","meta":{"rootId":"ax7p381ce5tb4y7","id":"ax7p381ce5tb4y7"},"id":"1egl1eyv3tioqw4","previousOperationId":"sl4vkml49r9acxv"}
{"type":"operationEnd","operationId":"sl4vkml49r9acxv","timestamp":1701427516307,"id":"960ewz04u45vitp","previousEventId":"y2f9gyc352s934m","previousOperationId":"sl4vkml49r9acxv"}
{"type":"operationStart","subtype":"recipe","name":"chrome-pdf","timestamp":1701427516308,"id":"ozety9lytiqjatl","previousEventId":"960ewz04u45vitp","operationId":"5bu6wt8o6vzur4m","previousOperationId":"sl4vkml49r9acxv"}
{"type":"log","timestamp":1701427516308,"level":"debug","message":"Executing recipe chrome-pdf","meta":{"rootId":"ax7p381ce5tb4y7","id":"ax7p381ce5tb4y7"},"id":"6vsi3qgcu9snbmn","previousOperationId":"5bu6wt8o6vzur4m"}
{"type":"log","timestamp":1701427516309,"level":"debug","message":"Converting with chrome HeadlessChrome/117.0.5938.149 using chrome-pool strategy","meta":{"rootId":"ax7p381ce5tb4y7","id":"ax7p381ce5tb4y7"},"id":"r9wc7bcp4671pbu","previousOperationId":"5bu6wt8o6vzur4m"}
{"type":"log","timestamp":1701427516357,"level":"debug","message":"Page request: GET (document) file:///var/folders/dp/qk79pfcj0y1fmtkkl08m76rc0000gn/T/jsreport/autocleanup/c62ff60e-0eb9-49be-ab33-a8d47ab6e7d2-chrome-pdf.html","meta":{"rootId":"ax7p381ce5tb4y7","id":"ax7p381ce5tb4y7"},"id":"lc2tjaq89ifxy0q","previousOperationId":"5bu6wt8o6vzur4m"}
{"type":"log","timestamp":1701427516362,"level":"debug","message":"Page request finished: GET (document) 200 file:///var/folders/dp/qk79pfcj0y1fmtkkl08m76rc0000gn/T/jsreport/autocleanup/c62ff60e-0eb9-49be-ab33-a8d47ab6e7d2-chrome-pdf.html","meta":{"rootId":"ax7p381ce5tb4y7","id":"ax7p381ce5tb4y7"},"id":"m73v2njd5uyecb6","previousOperationId":"5bu6wt8o6vzur4m"}
{"type":"log","timestamp":1701427516374,"level":"debug","message":"Running chrome with params {\"printBackground\":true,\"width\":\"7cm\",\"height\":\"30cm\",\"timeout\":59968,\"margin\":{}}","meta":{"rootId":"ax7p381ce5tb4y7","id":"ax7p381ce5tb4y7"},"id":"uja8ika6011oxo3","previousOperationId":"5bu6wt8o6vzur4m"}
{"type":"operationEnd","operationId":"5bu6wt8o6vzur4m","timestamp":1701427516394,"id":"nzjy2uf5d2u6koa","previousEventId":"ozety9lytiqjatl","previousOperationId":"5bu6wt8o6vzur4m"}
{"type":"log","timestamp":1701427516394,"level":"debug","message":"Skipping storing report.","meta":{"rootId":"ax7p381ce5tb4y7","id":"ax7p381ce5tb4y7"},"id":"btdvf15husg3lff","previousOperationId":"5bu6wt8o6vzur4m"}
{"type":"log","timestamp":1701427516394,"level":"info","message":"Rendering request 93 finished in 117 ms","meta":{"rootId":"ax7p381ce5tb4y7","id":"ax7p381ce5tb4y7"},"id":"d06er5pqt3pzd66","previousOperationId":"5bu6wt8o6vzur4m"}
{"type":"operationEnd","subtype":"render","operationId":"0sxmccvorrq9qgz","timestamp":1701427516394,"id":"we87nuowou8bcg3","previousEventId":"nzjy2uf5d2u6koa","previousOperationId":"5bu6wt8o6vzur4m"}
{"type":"operationEnd","doDiffs":false,"previousEventId":"irk61uhu8yac8rk","previousOperationId":"2mi2r7zkg0clz95","operationId":"2mi2r7zkg0clz95","timestamp":1701427516395,"id":"2nzd7d8rfr42v5j"}
