{"type":"operationStart","subtype":"profile","data":{"_id":"xMaStE350x2BgiUP","timestamp":"2023-12-01T11:44:02.515Z","state":"queued","mode":"standard","creationDate":"2023-12-01T11:44:02.519Z","modificationDate":"2023-12-01T11:44:02.519Z","shortid":"Uu6qtWy","$entitySet":"profiles"},"doDiffs":false,"timestamp":1701431042517,"id":"4bs6lbaar8orez6","previousOperationId":null,"operationId":"2071e8v7afyxq7m"}
{"type":"log","level":"info","message":"Render request 109 queued for execution and waiting for available worker","previousOperationId":"2071e8v7afyxq7m","timestamp":1701431042517,"id":"p9b30nunice1sag"}
{"type":"operationStart","subtype":"render","name":"pmo_slip_index","previousOperationId":"2071e8v7afyxq7m","timestamp":1701431042525,"id":"qz2rprmm8cuzhd6","previousEventId":"4bs6lbaar8orez6","operationId":"wrsdije0p6zb8b0"}
{"type":"log","timestamp":1701431042525,"level":"info","message":"Starting rendering request 109","meta":{"rootId":"b3gkmgq3bgsrr4l","id":"b3gkmgq3bgsrr4l"},"id":"4tt4871wdjt185h","previousOperationId":"wrsdije0p6zb8b0"}
{"type":"log","timestamp":1701431042525,"level":"info","message":"Rendering template { name: pmo_slip_index, recipe: chrome-pdf, engine: handlebars, preview: true }","meta":{"rootId":"b3gkmgq3bgsrr4l","id":"b3gkmgq3bgsrr4l"},"id":"jckgp1k96yvo3bc","previousOperationId":"wrsdije0p6zb8b0"}
{"type":"log","timestamp":1701431042526,"level":"debug","message":"Inline data specified.","meta":{"rootId":"b3gkmgq3bgsrr4l","id":"b3gkmgq3bgsrr4l"},"id":"qtvwzpdlzscb1m4","previousOperationId":"wrsdije0p6zb8b0"}
{"type":"log","timestamp":1701431042527,"level":"debug","message":"Base url not specified, skipping its injection.","meta":{"rootId":"b3gkmgq3bgsrr4l","id":"b3gkmgq3bgsrr4l"},"id":"p6t3qezxmvrxb7c","previousOperationId":"wrsdije0p6zb8b0"}
{"type":"operationStart","subtype":"engine","name":"handlebars","timestamp":1701431042527,"id":"zq6mu352nyw0c2o","previousEventId":"qz2rprmm8cuzhd6","operationId":"urpfd5jhlbytsbc","previousOperationId":"wrsdije0p6zb8b0"}
{"type":"log","timestamp":1701431042527,"level":"debug","message":"Rendering engine handlebars","meta":{"rootId":"b3gkmgq3bgsrr4l","id":"b3gkmgq3bgsrr4l"},"id":"u6msmpe9vzybt06","previousOperationId":"urpfd5jhlbytsbc"}
{"type":"operationEnd","operationId":"urpfd5jhlbytsbc","timestamp":1701431042552,"id":"uozsm35jp81y0f8","previousEventId":"zq6mu352nyw0c2o","previousOperationId":"urpfd5jhlbytsbc"}
{"type":"operationStart","subtype":"recipe","name":"chrome-pdf","timestamp":1701431042552,"id":"rrlw03thio00gbf","previousEventId":"uozsm35jp81y0f8","operationId":"9tufyu6cisncj32","previousOperationId":"urpfd5jhlbytsbc"}
{"type":"log","timestamp":1701431042552,"level":"debug","message":"Executing recipe chrome-pdf","meta":{"rootId":"b3gkmgq3bgsrr4l","id":"b3gkmgq3bgsrr4l"},"id":"cn8i3p2fp3v3ybj","previousOperationId":"9tufyu6cisncj32"}
{"type":"log","timestamp":1701431042553,"level":"debug","message":"Converting with chrome HeadlessChrome/117.0.5938.149 using chrome-pool strategy","meta":{"rootId":"b3gkmgq3bgsrr4l","id":"b3gkmgq3bgsrr4l"},"id":"tvpuk0sjnm10xey","previousOperationId":"9tufyu6cisncj32"}
{"type":"log","timestamp":1701431042602,"level":"debug","message":"Page request: GET (document) file:///var/folders/dp/qk79pfcj0y1fmtkkl08m76rc0000gn/T/jsreport/autocleanup/e78bdb1a-19f8-4e29-98d0-6ac52563fc31-chrome-pdf.html","meta":{"rootId":"b3gkmgq3bgsrr4l","id":"b3gkmgq3bgsrr4l"},"id":"s8mu9lh334jnggz","previousOperationId":"9tufyu6cisncj32"}
{"type":"log","timestamp":1701431042607,"level":"debug","message":"Page request finished: GET (document) 200 file:///var/folders/dp/qk79pfcj0y1fmtkkl08m76rc0000gn/T/jsreport/autocleanup/e78bdb1a-19f8-4e29-98d0-6ac52563fc31-chrome-pdf.html","meta":{"rootId":"b3gkmgq3bgsrr4l","id":"b3gkmgq3bgsrr4l"},"id":"ruxc91dkjyim1g9","previousOperationId":"9tufyu6cisncj32"}
{"type":"log","timestamp":1701431042619,"level":"debug","message":"Running chrome with params {\"printBackground\":true,\"width\":\"7cm\",\"height\":\"30cm\",\"timeout\":59962,\"margin\":{}}","meta":{"rootId":"b3gkmgq3bgsrr4l","id":"b3gkmgq3bgsrr4l"},"id":"x35mhu2cefgfsz6","previousOperationId":"9tufyu6cisncj32"}
{"type":"operationEnd","operationId":"9tufyu6cisncj32","timestamp":1701431042643,"id":"5vtw2qxx40m6pon","previousEventId":"rrlw03thio00gbf","previousOperationId":"9tufyu6cisncj32"}
{"type":"log","timestamp":1701431042644,"level":"debug","message":"Skipping storing report.","meta":{"rootId":"b3gkmgq3bgsrr4l","id":"b3gkmgq3bgsrr4l"},"id":"cvx77w1paj172wu","previousOperationId":"9tufyu6cisncj32"}
{"type":"log","timestamp":1701431042644,"level":"info","message":"Rendering request 109 finished in 129 ms","meta":{"rootId":"b3gkmgq3bgsrr4l","id":"b3gkmgq3bgsrr4l"},"id":"z8tuk9j5zu84vhf","previousOperationId":"9tufyu6cisncj32"}
{"type":"operationEnd","subtype":"render","operationId":"wrsdije0p6zb8b0","timestamp":1701431042644,"id":"i96os7mfmm4si17","previousEventId":"5vtw2qxx40m6pon","previousOperationId":"9tufyu6cisncj32"}
{"type":"operationEnd","doDiffs":false,"previousEventId":"4bs6lbaar8orez6","previousOperationId":"2071e8v7afyxq7m","operationId":"2071e8v7afyxq7m","timestamp":1701431042644,"id":"x98ugg5fy705m22"}
