{"type":"operationStart","subtype":"profile","data":{"_id":"AJ9al44RFAtH2CEq","timestamp":"2023-11-27T18:58:43.891Z","state":"queued","mode":"standard","creationDate":"2023-11-27T18:58:43.892Z","modificationDate":"2023-11-27T18:58:43.892Z","shortid":"DWaw9Dw","$entitySet":"profiles"},"doDiffs":false,"timestamp":1701111523891,"id":"djcqa47el0pgt3n","previousOperationId":null,"operationId":"a51lykm9f3pe8l9"}
{"type":"log","level":"info","message":"Render request 47 queued for execution and waiting for available worker","previousOperationId":"a51lykm9f3pe8l9","timestamp":1701111523891,"id":"syzt80qm9btglm2"}
{"type":"operationStart","subtype":"render","name":"pmo_slip_index","previousOperationId":"a51lykm9f3pe8l9","timestamp":1701111523901,"id":"2u2cfxg7iufl4b7","previousEventId":"djcqa47el0pgt3n","operationId":"i3zyo4xkswpwh20"}
{"type":"log","timestamp":1701111523901,"level":"info","message":"Starting rendering request 47","meta":{"rootId":"casjq4n7k6yo658","id":"casjq4n7k6yo658"},"id":"p1ln2c3ifwwqtdt","previousOperationId":"i3zyo4xkswpwh20"}
{"type":"log","timestamp":1701111523901,"level":"info","message":"Rendering template { name: pmo_slip_index, recipe: chrome-pdf, engine: handlebars, preview: true }","meta":{"rootId":"casjq4n7k6yo658","id":"casjq4n7k6yo658"},"id":"1mzdbmukp73b34v","previousOperationId":"i3zyo4xkswpwh20"}
{"type":"log","timestamp":1701111523902,"level":"debug","message":"Inline data specified.","meta":{"rootId":"casjq4n7k6yo658","id":"casjq4n7k6yo658"},"id":"ntdny2iorllr82d","previousOperationId":"i3zyo4xkswpwh20"}
{"type":"log","timestamp":1701111523903,"level":"debug","message":"Base url not specified, skipping its injection.","meta":{"rootId":"casjq4n7k6yo658","id":"casjq4n7k6yo658"},"id":"ctvwptv8on4ptz1","previousOperationId":"i3zyo4xkswpwh20"}
{"type":"operationStart","subtype":"engine","name":"handlebars","timestamp":1701111523903,"id":"x3ml46j6iozltnm","previousEventId":"2u2cfxg7iufl4b7","operationId":"205xiq1ved4t33h","previousOperationId":"i3zyo4xkswpwh20"}
{"type":"log","timestamp":1701111523903,"level":"debug","message":"Rendering engine handlebars","meta":{"rootId":"casjq4n7k6yo658","id":"casjq4n7k6yo658"},"id":"n1a2b2d3u6nn23i","previousOperationId":"205xiq1ved4t33h"}
{"type":"operationEnd","operationId":"205xiq1ved4t33h","timestamp":1701111523912,"id":"uira1lpztaji0df","previousEventId":"x3ml46j6iozltnm","previousOperationId":"205xiq1ved4t33h"}
{"type":"operationStart","subtype":"recipe","name":"chrome-pdf","timestamp":1701111523913,"id":"830lbh0uzycfp18","previousEventId":"uira1lpztaji0df","operationId":"ejwg0h6yz285ke1","previousOperationId":"205xiq1ved4t33h"}
{"type":"log","timestamp":1701111523913,"level":"debug","message":"Executing recipe chrome-pdf","meta":{"rootId":"casjq4n7k6yo658","id":"casjq4n7k6yo658"},"id":"ul8oh2hhlgjzftw","previousOperationId":"ejwg0h6yz285ke1"}
{"type":"log","timestamp":1701111523914,"level":"debug","message":"Converting with chrome HeadlessChrome/117.0.5938.149 using chrome-pool strategy","meta":{"rootId":"casjq4n7k6yo658","id":"casjq4n7k6yo658"},"id":"5s61e3ijnmu53lj","previousOperationId":"ejwg0h6yz285ke1"}
{"type":"log","timestamp":1701111523952,"level":"debug","message":"Page request: GET (document) file:///var/folders/dp/qk79pfcj0y1fmtkkl08m76rc0000gn/T/jsreport/autocleanup/621d67e2-96b7-445d-910e-99ad844890bb-chrome-pdf.html","meta":{"rootId":"casjq4n7k6yo658","id":"casjq4n7k6yo658"},"id":"bbifd9gfi8to913","previousOperationId":"ejwg0h6yz285ke1"}
{"type":"log","timestamp":1701111523958,"level":"debug","message":"Page request finished: GET (document) 200 file:///var/folders/dp/qk79pfcj0y1fmtkkl08m76rc0000gn/T/jsreport/autocleanup/621d67e2-96b7-445d-910e-99ad844890bb-chrome-pdf.html","meta":{"rootId":"casjq4n7k6yo658","id":"casjq4n7k6yo658"},"id":"vp5py6w6ysck7s5","previousOperationId":"ejwg0h6yz285ke1"}
{"type":"log","timestamp":1701111523964,"level":"debug","message":"Running chrome with params {\"printBackground\":true,\"width\":\"7cm\",\"height\":\"30cm\",\"timeout\":59977,\"margin\":{}}","meta":{"rootId":"casjq4n7k6yo658","id":"casjq4n7k6yo658"},"id":"9jcz9xl8idbjdox","previousOperationId":"ejwg0h6yz285ke1"}
{"type":"operationEnd","operationId":"ejwg0h6yz285ke1","timestamp":1701111523981,"id":"2u4w655qwvlhoh4","previousEventId":"830lbh0uzycfp18","previousOperationId":"ejwg0h6yz285ke1"}
{"type":"log","timestamp":1701111523981,"level":"debug","message":"Skipping storing report.","meta":{"rootId":"casjq4n7k6yo658","id":"casjq4n7k6yo658"},"id":"nn9jiih5d62h3kp","previousOperationId":"ejwg0h6yz285ke1"}
{"type":"log","timestamp":1701111523981,"level":"info","message":"Rendering request 47 finished in 91 ms","meta":{"rootId":"casjq4n7k6yo658","id":"casjq4n7k6yo658"},"id":"c0pte0eq84tuuxv","previousOperationId":"ejwg0h6yz285ke1"}
{"type":"operationEnd","subtype":"render","operationId":"i3zyo4xkswpwh20","timestamp":1701111523981,"id":"m3y97x8huqqgtao","previousEventId":"2u4w655qwvlhoh4","previousOperationId":"ejwg0h6yz285ke1"}
{"type":"operationEnd","doDiffs":false,"previousEventId":"djcqa47el0pgt3n","previousOperationId":"a51lykm9f3pe8l9","operationId":"a51lykm9f3pe8l9","timestamp":1701111523982,"id":"t1s9l89329y5450"}
