{"type":"operationStart","subtype":"profile","data":{"_id":"4jI70fzUrLM0QkpZ","timestamp":"2023-12-05T14:35:38.568Z","state":"queued","mode":"standard","creationDate":"2023-12-05T14:35:38.571Z","modificationDate":"2023-12-05T14:35:38.571Z","shortid":"WYPCsuH","$entitySet":"profiles"},"doDiffs":false,"timestamp":1701786938570,"id":"h75a0ncdentv3oz","previousOperationId":null,"operationId":"h8nhccvb2r823kr"}
{"type":"log","level":"info","message":"Render request 10 queued for execution and waiting for available worker","previousOperationId":"h8nhccvb2r823kr","timestamp":1701786938571,"id":"rezf82mskf9q4ha"}
{"type":"operationStart","subtype":"render","name":"pmo_slip_index","previousOperationId":"h8nhccvb2r823kr","timestamp":1701786938576,"id":"o9i3tt7m46r386u","previousEventId":"h75a0ncdentv3oz","operationId":"58jmmh1o6igz3e9"}
{"type":"log","timestamp":1701786938576,"level":"info","message":"Starting rendering request 10","meta":{"rootId":"cc1d7otbwamolwk","id":"cc1d7otbwamolwk"},"id":"m4r6yu6ugexqbs8","previousOperationId":"58jmmh1o6igz3e9"}
{"type":"log","timestamp":1701786938576,"level":"info","message":"Rendering template { name: pmo_slip_index, recipe: chrome-pdf, engine: handlebars, preview: true }","meta":{"rootId":"cc1d7otbwamolwk","id":"cc1d7otbwamolwk"},"id":"v3wljdg6xhkn1bl","previousOperationId":"58jmmh1o6igz3e9"}
{"type":"log","timestamp":1701786938576,"level":"debug","message":"Adding sample data VeFzNfc","meta":{"rootId":"cc1d7otbwamolwk","id":"cc1d7otbwamolwk"},"id":"pc0ffkja6qvkrsg","previousOperationId":"58jmmh1o6igz3e9"}
{"type":"log","timestamp":1701786938577,"level":"debug","message":"Base url not specified, skipping its injection.","meta":{"rootId":"cc1d7otbwamolwk","id":"cc1d7otbwamolwk"},"id":"yotj00leya8s6bh","previousOperationId":"58jmmh1o6igz3e9"}
{"type":"log","timestamp":1701786938578,"level":"debug","message":"Replaced assets [\"styles.css\"]","meta":{"rootId":"cc1d7otbwamolwk","id":"cc1d7otbwamolwk"},"id":"fua3tdrylehzxvm","previousOperationId":"58jmmh1o6igz3e9"}
{"type":"operationStart","subtype":"engine","name":"handlebars","timestamp":1701786938578,"id":"hywimtqq65uq0cl","previousEventId":"o9i3tt7m46r386u","operationId":"72vzpb0cn2gkjdy","previousOperationId":"58jmmh1o6igz3e9"}
{"type":"log","timestamp":1701786938578,"level":"debug","message":"Rendering engine handlebars","meta":{"rootId":"cc1d7otbwamolwk","id":"cc1d7otbwamolwk"},"id":"acwpldz1et18e9n","previousOperationId":"72vzpb0cn2gkjdy"}
{"type":"operationEnd","operationId":"72vzpb0cn2gkjdy","timestamp":1701786938591,"id":"n99vsya8sf9qnqs","previousEventId":"hywimtqq65uq0cl","previousOperationId":"72vzpb0cn2gkjdy"}
{"type":"operationStart","subtype":"recipe","name":"chrome-pdf","timestamp":1701786938591,"id":"20o88q6w2lobz9t","previousEventId":"n99vsya8sf9qnqs","operationId":"se8wrpnkov8ucyj","previousOperationId":"72vzpb0cn2gkjdy"}
{"type":"log","timestamp":1701786938591,"level":"debug","message":"Executing recipe chrome-pdf","meta":{"rootId":"cc1d7otbwamolwk","id":"cc1d7otbwamolwk"},"id":"femzcg85f2r19kd","previousOperationId":"se8wrpnkov8ucyj"}
{"type":"log","timestamp":1701786938592,"level":"debug","message":"Converting with chrome HeadlessChrome/117.0.5938.149 using chrome-pool strategy","meta":{"rootId":"cc1d7otbwamolwk","id":"cc1d7otbwamolwk"},"id":"tx3tbhs6r0v9jcd","previousOperationId":"se8wrpnkov8ucyj"}
{"type":"log","timestamp":1701786938633,"level":"debug","message":"Page request: GET (document) file:///var/folders/dp/qk79pfcj0y1fmtkkl08m76rc0000gn/T/jsreport/autocleanup/da6d946f-2127-40b6-9938-cc6807c532bc-chrome-pdf.html","meta":{"rootId":"cc1d7otbwamolwk","id":"cc1d7otbwamolwk"},"id":"ilxcffvlt2s8vt7","previousOperationId":"se8wrpnkov8ucyj"}
{"type":"log","timestamp":1701786938637,"level":"debug","message":"Page request finished: GET (document) 200 file:///var/folders/dp/qk79pfcj0y1fmtkkl08m76rc0000gn/T/jsreport/autocleanup/da6d946f-2127-40b6-9938-cc6807c532bc-chrome-pdf.html","meta":{"rootId":"cc1d7otbwamolwk","id":"cc1d7otbwamolwk"},"id":"ov32wdgkr9y0hj3","previousOperationId":"se8wrpnkov8ucyj"}
{"type":"log","timestamp":1701786938648,"level":"debug","message":"Running chrome with params {\"printBackground\":true,\"width\":\"7cm\",\"height\":\"3000px\",\"timeout\":59976,\"margin\":{}}","meta":{"rootId":"cc1d7otbwamolwk","id":"cc1d7otbwamolwk"},"id":"te4tmxiz1x864dy","previousOperationId":"se8wrpnkov8ucyj"}
{"type":"operationEnd","operationId":"se8wrpnkov8ucyj","timestamp":1701786938672,"id":"toc0dmqjdcg550j","previousEventId":"20o88q6w2lobz9t","previousOperationId":"se8wrpnkov8ucyj"}
{"type":"log","timestamp":1701786938672,"level":"debug","message":"Skipping storing report.","meta":{"rootId":"cc1d7otbwamolwk","id":"cc1d7otbwamolwk"},"id":"pv3fo770ve4jbor","previousOperationId":"se8wrpnkov8ucyj"}
{"type":"log","timestamp":1701786938672,"level":"info","message":"Rendering request 10 finished in 104 ms","meta":{"rootId":"cc1d7otbwamolwk","id":"cc1d7otbwamolwk"},"id":"aw1tbgi6vbhueq9","previousOperationId":"se8wrpnkov8ucyj"}
{"type":"operationEnd","subtype":"render","operationId":"58jmmh1o6igz3e9","timestamp":1701786938672,"id":"8680lwrxtfj34bf","previousEventId":"toc0dmqjdcg550j","previousOperationId":"se8wrpnkov8ucyj"}
{"type":"operationEnd","doDiffs":false,"previousEventId":"h75a0ncdentv3oz","previousOperationId":"h8nhccvb2r823kr","operationId":"h8nhccvb2r823kr","timestamp":1701786938673,"id":"ywe6uec5uprmzyx"}
