{"type":"operationStart","subtype":"profile","data":{"_id":"33k0fb93zyZnbRXG","timestamp":"2023-12-06T11:18:56.341Z","state":"queued","mode":"standard","creationDate":"2023-12-06T11:18:56.343Z","modificationDate":"2023-12-06T11:18:56.343Z","shortid":"uvoTc-y","$entitySet":"profiles"},"doDiffs":false,"timestamp":1701861536342,"id":"t38zkvvi3vppiw1","previousOperationId":null,"operationId":"09gs9qauysi80zi"}
{"type":"log","level":"info","message":"Render request 119 queued for execution and waiting for available worker","previousOperationId":"09gs9qauysi80zi","timestamp":1701861536343,"id":"4y1ci9x0ivn5ulm"}
{"type":"operationStart","subtype":"render","name":"pmo_slip_index","previousOperationId":"09gs9qauysi80zi","timestamp":1701861536355,"id":"oxe75bibe9845dt","previousEventId":"t38zkvvi3vppiw1","operationId":"z744r3bgufxvbge"}
{"type":"log","timestamp":1701861536355,"level":"info","message":"Starting rendering request 119","meta":{"rootId":"cpzotgc7ix1xowi","id":"cpzotgc7ix1xowi"},"id":"9tmyjdtkiiomshq","previousOperationId":"z744r3bgufxvbge"}
{"type":"log","timestamp":1701861536355,"level":"info","message":"Rendering template { name: pmo_slip_index, recipe: chrome-pdf, engine: handlebars, preview: true }","meta":{"rootId":"cpzotgc7ix1xowi","id":"cpzotgc7ix1xowi"},"id":"3pc83iv38v87fw1","previousOperationId":"z744r3bgufxvbge"}
{"type":"log","timestamp":1701861536356,"level":"debug","message":"Inline data specified.","meta":{"rootId":"cpzotgc7ix1xowi","id":"cpzotgc7ix1xowi"},"id":"ik6nm6xhlhz5d6o","previousOperationId":"z744r3bgufxvbge"}
{"type":"log","timestamp":1701861536358,"level":"debug","message":"Base url not specified, skipping its injection.","meta":{"rootId":"cpzotgc7ix1xowi","id":"cpzotgc7ix1xowi"},"id":"h9t75v7s0fvrwdg","previousOperationId":"z744r3bgufxvbge"}
{"type":"log","timestamp":1701861536361,"level":"debug","message":"Replaced assets [\"styles.css\"]","meta":{"rootId":"cpzotgc7ix1xowi","id":"cpzotgc7ix1xowi"},"id":"dkxghd4lqw4zsko","previousOperationId":"z744r3bgufxvbge"}
{"type":"operationStart","subtype":"engine","name":"handlebars","timestamp":1701861536361,"id":"jrrz4f51mm1jej5","previousEventId":"oxe75bibe9845dt","operationId":"s1ezayoehgozglu","previousOperationId":"z744r3bgufxvbge"}
{"type":"log","timestamp":1701861536361,"level":"debug","message":"Rendering engine handlebars","meta":{"rootId":"cpzotgc7ix1xowi","id":"cpzotgc7ix1xowi"},"id":"qamp5vjoflr185k","previousOperationId":"s1ezayoehgozglu"}
{"type":"operationEnd","operationId":"s1ezayoehgozglu","timestamp":1701861536369,"id":"kj4pzokqxan8cgp","previousEventId":"jrrz4f51mm1jej5","previousOperationId":"s1ezayoehgozglu"}
{"type":"operationStart","subtype":"recipe","name":"chrome-pdf","timestamp":1701861536369,"id":"wsitmo85hivl5b1","previousEventId":"kj4pzokqxan8cgp","operationId":"an644hwonm0muwy","previousOperationId":"s1ezayoehgozglu"}
{"type":"log","timestamp":1701861536369,"level":"debug","message":"Executing recipe chrome-pdf","meta":{"rootId":"cpzotgc7ix1xowi","id":"cpzotgc7ix1xowi"},"id":"f4qgilw1r1qdoo4","previousOperationId":"an644hwonm0muwy"}
{"type":"log","timestamp":1701861536370,"level":"debug","message":"Converting with chrome HeadlessChrome/117.0.5938.149 using chrome-pool strategy","meta":{"rootId":"cpzotgc7ix1xowi","id":"cpzotgc7ix1xowi"},"id":"6a3y8bffhgn0qqk","previousOperationId":"an644hwonm0muwy"}
{"type":"log","timestamp":1701861536417,"level":"debug","message":"Page request: GET (document) file:///var/folders/dp/qk79pfcj0y1fmtkkl08m76rc0000gn/T/jsreport/autocleanup/3044081f-f3b3-4528-a908-79214635783a-chrome-pdf.html","meta":{"rootId":"cpzotgc7ix1xowi","id":"cpzotgc7ix1xowi"},"id":"77biqtuj7dzp3ip","previousOperationId":"an644hwonm0muwy"}
{"type":"log","timestamp":1701861536423,"level":"debug","message":"Page request finished: GET (document) 200 file:///var/folders/dp/qk79pfcj0y1fmtkkl08m76rc0000gn/T/jsreport/autocleanup/3044081f-f3b3-4528-a908-79214635783a-chrome-pdf.html","meta":{"rootId":"cpzotgc7ix1xowi","id":"cpzotgc7ix1xowi"},"id":"4htz6sstn11z0am","previousOperationId":"an644hwonm0muwy"}
{"type":"log","timestamp":1701861536433,"level":"debug","message":"Running chrome with params {\"printBackground\":true,\"width\":\"7cm\",\"height\":\"17cm\",\"timeout\":59972,\"margin\":{}}","meta":{"rootId":"cpzotgc7ix1xowi","id":"cpzotgc7ix1xowi"},"id":"oh1cbvu1zpltiul","previousOperationId":"an644hwonm0muwy"}
{"type":"operationEnd","operationId":"an644hwonm0muwy","timestamp":1701861536453,"id":"m65en13y93t8o6z","previousEventId":"wsitmo85hivl5b1","previousOperationId":"an644hwonm0muwy"}
{"type":"log","timestamp":1701861536453,"level":"debug","message":"Skipping storing report.","meta":{"rootId":"cpzotgc7ix1xowi","id":"cpzotgc7ix1xowi"},"id":"hyo1r2aeg4ge3rx","previousOperationId":"an644hwonm0muwy"}
{"type":"log","timestamp":1701861536453,"level":"info","message":"Rendering request 119 finished in 112 ms","meta":{"rootId":"cpzotgc7ix1xowi","id":"cpzotgc7ix1xowi"},"id":"wl7311n6mp0l3tm","previousOperationId":"an644hwonm0muwy"}
{"type":"operationEnd","subtype":"render","operationId":"z744r3bgufxvbge","timestamp":1701861536453,"id":"k0zbypa0h8lrcby","previousEventId":"m65en13y93t8o6z","previousOperationId":"an644hwonm0muwy"}
{"type":"operationEnd","doDiffs":false,"previousEventId":"t38zkvvi3vppiw1","previousOperationId":"09gs9qauysi80zi","operationId":"09gs9qauysi80zi","timestamp":1701861536454,"id":"5ccqp3qys8swtx5"}
