{"type":"operationStart","subtype":"profile","data":{"_id":"Ee71GJFJkqbzThkk","timestamp":"2023-12-06T11:49:01.861Z","state":"queued","mode":"standard","creationDate":"2023-12-06T11:49:01.863Z","modificationDate":"2023-12-06T11:49:01.863Z","shortid":"BOcIO0D","$entitySet":"profiles"},"doDiffs":false,"timestamp":1701863341862,"id":"92a0swukpi306ij","previousOperationId":null,"operationId":"6fjjwtbxibsg5k8"}
{"type":"log","level":"info","message":"Render request 130 queued for execution and waiting for available worker","previousOperationId":"6fjjwtbxibsg5k8","timestamp":1701863341862,"id":"2ev39y67aucvh8m"}
{"type":"operationStart","subtype":"render","name":"pmo_slip_index","previousOperationId":"6fjjwtbxibsg5k8","timestamp":1701863341872,"id":"9qum54xjkwblcd6","previousEventId":"92a0swukpi306ij","operationId":"bsgqeq8o75d0b8c"}
{"type":"log","timestamp":1701863341872,"level":"info","message":"Starting rendering request 130","meta":{"rootId":"ctchsd28fvgt3ip","id":"ctchsd28fvgt3ip"},"id":"wzoangrvwac5atd","previousOperationId":"bsgqeq8o75d0b8c"}
{"type":"log","timestamp":1701863341872,"level":"info","message":"Rendering template { name: pmo_slip_index, recipe: chrome-pdf, engine: handlebars, preview: true }","meta":{"rootId":"ctchsd28fvgt3ip","id":"ctchsd28fvgt3ip"},"id":"pvhaetwxhdvfpp4","previousOperationId":"bsgqeq8o75d0b8c"}
{"type":"log","timestamp":1701863341873,"level":"debug","message":"Inline data specified.","meta":{"rootId":"ctchsd28fvgt3ip","id":"ctchsd28fvgt3ip"},"id":"vkrmux4k6ljeo1v","previousOperationId":"bsgqeq8o75d0b8c"}
{"type":"log","timestamp":1701863341885,"level":"debug","message":"Base url not specified, skipping its injection.","meta":{"rootId":"ctchsd28fvgt3ip","id":"ctchsd28fvgt3ip"},"id":"rontqmpvj5gh7ee","previousOperationId":"bsgqeq8o75d0b8c"}
{"type":"log","timestamp":1701863341886,"level":"debug","message":"Replaced assets [\"styles.css\"]","meta":{"rootId":"ctchsd28fvgt3ip","id":"ctchsd28fvgt3ip"},"id":"5d7iu7neq5jbtbv","previousOperationId":"bsgqeq8o75d0b8c"}
{"type":"operationStart","subtype":"engine","name":"handlebars","timestamp":1701863341886,"id":"jbeodat4w37pzab","previousEventId":"9qum54xjkwblcd6","operationId":"yzbr6xjgqnktwhl","previousOperationId":"bsgqeq8o75d0b8c"}
{"type":"log","timestamp":1701863341886,"level":"debug","message":"Rendering engine handlebars","meta":{"rootId":"ctchsd28fvgt3ip","id":"ctchsd28fvgt3ip"},"id":"kl02o74k3qkfp5x","previousOperationId":"yzbr6xjgqnktwhl"}
{"type":"operationEnd","operationId":"yzbr6xjgqnktwhl","timestamp":1701863341892,"id":"4232fvl9cebanuv","previousEventId":"jbeodat4w37pzab","previousOperationId":"yzbr6xjgqnktwhl"}
{"type":"operationStart","subtype":"recipe","name":"chrome-pdf","timestamp":1701863341892,"id":"nzysncm5420uhfr","previousEventId":"4232fvl9cebanuv","operationId":"0r6fjtd2tbbmfl2","previousOperationId":"yzbr6xjgqnktwhl"}
{"type":"log","timestamp":1701863341892,"level":"debug","message":"Executing recipe chrome-pdf","meta":{"rootId":"ctchsd28fvgt3ip","id":"ctchsd28fvgt3ip"},"id":"3dwsqbv4pb32stu","previousOperationId":"0r6fjtd2tbbmfl2"}
{"type":"log","timestamp":1701863341893,"level":"debug","message":"Converting with chrome HeadlessChrome/117.0.5938.149 using chrome-pool strategy","meta":{"rootId":"ctchsd28fvgt3ip","id":"ctchsd28fvgt3ip"},"id":"am4ggemzekhfy1q","previousOperationId":"0r6fjtd2tbbmfl2"}
{"type":"log","timestamp":1701863341944,"level":"debug","message":"Page request: GET (document) file:///var/folders/dp/qk79pfcj0y1fmtkkl08m76rc0000gn/T/jsreport/autocleanup/0045880f-fe04-413c-837e-e90e508cff77-chrome-pdf.html","meta":{"rootId":"ctchsd28fvgt3ip","id":"ctchsd28fvgt3ip"},"id":"ajetp8l6ug6ag1x","previousOperationId":"0r6fjtd2tbbmfl2"}
{"type":"log","timestamp":1701863341950,"level":"debug","message":"Page request finished: GET (document) 200 file:///var/folders/dp/qk79pfcj0y1fmtkkl08m76rc0000gn/T/jsreport/autocleanup/0045880f-fe04-413c-837e-e90e508cff77-chrome-pdf.html","meta":{"rootId":"ctchsd28fvgt3ip","id":"ctchsd28fvgt3ip"},"id":"p0ax0r04mtfqio6","previousOperationId":"0r6fjtd2tbbmfl2"}
{"type":"log","timestamp":1701863341961,"level":"debug","message":"Running chrome with params {\"printBackground\":true,\"width\":\"5.8cm\",\"height\":\"30cm\",\"timeout\":59969,\"margin\":{}}","meta":{"rootId":"ctchsd28fvgt3ip","id":"ctchsd28fvgt3ip"},"id":"h5ut3lzyk7ex1dm","previousOperationId":"0r6fjtd2tbbmfl2"}
{"type":"operationEnd","operationId":"0r6fjtd2tbbmfl2","timestamp":1701863341982,"id":"ha1hl9nvx9g31bp","previousEventId":"nzysncm5420uhfr","previousOperationId":"0r6fjtd2tbbmfl2"}
{"type":"log","timestamp":1701863341982,"level":"debug","message":"Skipping storing report.","meta":{"rootId":"ctchsd28fvgt3ip","id":"ctchsd28fvgt3ip"},"id":"u9t3ekyi5y9eyui","previousOperationId":"0r6fjtd2tbbmfl2"}
{"type":"log","timestamp":1701863341982,"level":"info","message":"Rendering request 130 finished in 121 ms","meta":{"rootId":"ctchsd28fvgt3ip","id":"ctchsd28fvgt3ip"},"id":"jh1cn4bmpuj4ph1","previousOperationId":"0r6fjtd2tbbmfl2"}
{"type":"operationEnd","subtype":"render","operationId":"bsgqeq8o75d0b8c","timestamp":1701863341982,"id":"9pd2z2wt6r5dfqb","previousEventId":"ha1hl9nvx9g31bp","previousOperationId":"0r6fjtd2tbbmfl2"}
{"type":"operationEnd","doDiffs":false,"previousEventId":"92a0swukpi306ij","previousOperationId":"6fjjwtbxibsg5k8","operationId":"6fjjwtbxibsg5k8","timestamp":1701863341984,"id":"g9q3gzu2bad77aq"}
