{"type":"operationStart","subtype":"profile","data":{"_id":"30n6iaAFsgvigbMz","timestamp":"2023-12-04T12:54:41.131Z","state":"queued","mode":"standard","creationDate":"2023-12-04T12:54:41.134Z","modificationDate":"2023-12-04T12:54:41.134Z","shortid":"nvHeN5c","$entitySet":"profiles"},"doDiffs":false,"timestamp":1701694481132,"id":"7saa6gygp5ukrpc","previousOperationId":null,"operationId":"qa1vi0ncbfw9yru"}
{"type":"log","level":"info","message":"Render request 18 queued for execution and waiting for available worker","previousOperationId":"qa1vi0ncbfw9yru","timestamp":1701694481133,"id":"ri1pmgiourkz27n"}
{"type":"operationStart","subtype":"render","name":"pmo_slip_index","previousOperationId":"qa1vi0ncbfw9yru","timestamp":1701694481153,"id":"93h60d2swaj7prh","previousEventId":"7saa6gygp5ukrpc","operationId":"qpko9ue0yh9q2mn"}
{"type":"log","timestamp":1701694481153,"level":"info","message":"Starting rendering request 18","meta":{"rootId":"d0de4enin6s9u2g","id":"d0de4enin6s9u2g"},"id":"a48y9r2hbwgznkj","previousOperationId":"qpko9ue0yh9q2mn"}
{"type":"log","timestamp":1701694481153,"level":"info","message":"Rendering template { name: pmo_slip_index, recipe: chrome-pdf, engine: handlebars, preview: true }","meta":{"rootId":"d0de4enin6s9u2g","id":"d0de4enin6s9u2g"},"id":"ow2p39wx6r8qnjg","previousOperationId":"qpko9ue0yh9q2mn"}
{"type":"log","timestamp":1701694481154,"level":"debug","message":"Adding sample data VeFzNfc","meta":{"rootId":"d0de4enin6s9u2g","id":"d0de4enin6s9u2g"},"id":"9uhqkteyoedrb45","previousOperationId":"qpko9ue0yh9q2mn"}
{"type":"log","timestamp":1701694481156,"level":"debug","message":"Base url not specified, skipping its injection.","meta":{"rootId":"d0de4enin6s9u2g","id":"d0de4enin6s9u2g"},"id":"d8ykspdjkf9y3cw","previousOperationId":"qpko9ue0yh9q2mn"}
{"type":"log","timestamp":1701694481157,"level":"debug","message":"Replaced assets [\"styles.css\"]","meta":{"rootId":"d0de4enin6s9u2g","id":"d0de4enin6s9u2g"},"id":"877632y1v1xh5tz","previousOperationId":"qpko9ue0yh9q2mn"}
{"type":"operationStart","subtype":"engine","name":"handlebars","timestamp":1701694481158,"id":"uap9s78oo48i2fv","previousEventId":"93h60d2swaj7prh","operationId":"g84uryo73dau64b","previousOperationId":"qpko9ue0yh9q2mn"}
{"type":"log","timestamp":1701694481158,"level":"debug","message":"Rendering engine handlebars","meta":{"rootId":"d0de4enin6s9u2g","id":"d0de4enin6s9u2g"},"id":"o32jt5go5li5v99","previousOperationId":"g84uryo73dau64b"}
{"type":"operationEnd","operationId":"g84uryo73dau64b","timestamp":1701694481178,"id":"9dawrm4w00w2rbc","previousEventId":"uap9s78oo48i2fv","previousOperationId":"g84uryo73dau64b"}
{"type":"operationStart","subtype":"recipe","name":"chrome-pdf","timestamp":1701694481178,"id":"ezorvfy6gfiwm7c","previousEventId":"9dawrm4w00w2rbc","operationId":"i4mzowaueb29wox","previousOperationId":"g84uryo73dau64b"}
{"type":"log","timestamp":1701694481178,"level":"debug","message":"Executing recipe chrome-pdf","meta":{"rootId":"d0de4enin6s9u2g","id":"d0de4enin6s9u2g"},"id":"tw16ip9gco73um6","previousOperationId":"i4mzowaueb29wox"}
{"type":"log","timestamp":1701694481181,"level":"debug","message":"Converting with chrome HeadlessChrome/117.0.5938.149 using chrome-pool strategy","meta":{"rootId":"d0de4enin6s9u2g","id":"d0de4enin6s9u2g"},"id":"zeiv2dmeq87c847","previousOperationId":"i4mzowaueb29wox"}
{"type":"log","timestamp":1701694481229,"level":"debug","message":"Page request: GET (document) file:///var/folders/dp/qk79pfcj0y1fmtkkl08m76rc0000gn/T/jsreport/autocleanup/5cb1ea9e-d680-4496-858f-225b55b3e64e-chrome-pdf.html","meta":{"rootId":"d0de4enin6s9u2g","id":"d0de4enin6s9u2g"},"id":"470ug3qvab8pwag","previousOperationId":"i4mzowaueb29wox"}
{"type":"log","timestamp":1701694481233,"level":"debug","message":"Page request finished: GET (document) 200 file:///var/folders/dp/qk79pfcj0y1fmtkkl08m76rc0000gn/T/jsreport/autocleanup/5cb1ea9e-d680-4496-858f-225b55b3e64e-chrome-pdf.html","meta":{"rootId":"d0de4enin6s9u2g","id":"d0de4enin6s9u2g"},"id":"49bhi89acka2ghh","previousOperationId":"i4mzowaueb29wox"}
{"type":"log","timestamp":1701694481243,"level":"debug","message":"Running chrome with params {\"printBackground\":true,\"width\":\"7cm\",\"height\":\"3000px\",\"timeout\":59950,\"margin\":{}}","meta":{"rootId":"d0de4enin6s9u2g","id":"d0de4enin6s9u2g"},"id":"avg42vc85m1lbkq","previousOperationId":"i4mzowaueb29wox"}
{"type":"operationEnd","operationId":"i4mzowaueb29wox","timestamp":1701694481268,"id":"7rooln005rjwm7m","previousEventId":"ezorvfy6gfiwm7c","previousOperationId":"i4mzowaueb29wox"}
{"type":"log","timestamp":1701694481268,"level":"debug","message":"Skipping storing report.","meta":{"rootId":"d0de4enin6s9u2g","id":"d0de4enin6s9u2g"},"id":"zev9ppy52jhx0co","previousOperationId":"i4mzowaueb29wox"}
{"type":"log","timestamp":1701694481269,"level":"info","message":"Rendering request 18 finished in 138 ms","meta":{"rootId":"d0de4enin6s9u2g","id":"d0de4enin6s9u2g"},"id":"yo9tfjweh4sqlfz","previousOperationId":"i4mzowaueb29wox"}
{"type":"operationEnd","subtype":"render","operationId":"qpko9ue0yh9q2mn","timestamp":1701694481269,"id":"igjt4qecyo14cqk","previousEventId":"7rooln005rjwm7m","previousOperationId":"i4mzowaueb29wox"}
{"type":"operationEnd","doDiffs":false,"previousEventId":"7saa6gygp5ukrpc","previousOperationId":"qa1vi0ncbfw9yru","operationId":"qa1vi0ncbfw9yru","timestamp":1701694481270,"id":"bfl2ny1bsw3gic9"}
