{"type":"operationStart","subtype":"profile","data":{"_id":"NIOlejEzrQj9A71G","timestamp":"2023-11-27T18:58:37.792Z","state":"queued","mode":"standard","creationDate":"2023-11-27T18:58:37.793Z","modificationDate":"2023-11-27T18:58:37.793Z","shortid":"SwmqQOz","$entitySet":"profiles"},"doDiffs":false,"timestamp":1701111517792,"id":"f55u5q5a3jfxj63","previousOperationId":null,"operationId":"7gc0j8v8vxu42lo"}
{"type":"log","level":"info","message":"Render request 46 queued for execution and waiting for available worker","previousOperationId":"7gc0j8v8vxu42lo","timestamp":1701111517792,"id":"zecws5ujvvf5ssy"}
{"type":"operationStart","subtype":"render","name":"pmo_slip_index","previousOperationId":"7gc0j8v8vxu42lo","timestamp":1701111517799,"id":"fvjvqh6tcmkgfyy","previousEventId":"f55u5q5a3jfxj63","operationId":"rnjp0rjwxw98u7y"}
{"type":"log","timestamp":1701111517799,"level":"info","message":"Starting rendering request 46","meta":{"rootId":"dh1em745gbmhuss","id":"dh1em745gbmhuss"},"id":"qhpzzldqgbq4l1w","previousOperationId":"rnjp0rjwxw98u7y"}
{"type":"log","timestamp":1701111517799,"level":"info","message":"Rendering template { name: pmo_slip_index, recipe: chrome-pdf, engine: handlebars, preview: true }","meta":{"rootId":"dh1em745gbmhuss","id":"dh1em745gbmhuss"},"id":"8y36i28xk5w1vxg","previousOperationId":"rnjp0rjwxw98u7y"}
{"type":"log","timestamp":1701111517799,"level":"debug","message":"Inline data specified.","meta":{"rootId":"dh1em745gbmhuss","id":"dh1em745gbmhuss"},"id":"hodokxwgu55gu99","previousOperationId":"rnjp0rjwxw98u7y"}
{"type":"log","timestamp":1701111517809,"level":"debug","message":"Base url not specified, skipping its injection.","meta":{"rootId":"dh1em745gbmhuss","id":"dh1em745gbmhuss"},"id":"8gmd97dim8o0bdp","previousOperationId":"rnjp0rjwxw98u7y"}
{"type":"operationStart","subtype":"engine","name":"handlebars","timestamp":1701111517809,"id":"2u5qnvcq2yvo0fl","previousEventId":"fvjvqh6tcmkgfyy","operationId":"py4coruxg8f758m","previousOperationId":"rnjp0rjwxw98u7y"}
{"type":"log","timestamp":1701111517809,"level":"debug","message":"Rendering engine handlebars","meta":{"rootId":"dh1em745gbmhuss","id":"dh1em745gbmhuss"},"id":"zauc03dhit80353","previousOperationId":"py4coruxg8f758m"}
{"type":"operationEnd","operationId":"py4coruxg8f758m","timestamp":1701111517818,"id":"ybbeao3kvd2n3mx","previousEventId":"2u5qnvcq2yvo0fl","previousOperationId":"py4coruxg8f758m"}
{"type":"operationStart","subtype":"recipe","name":"chrome-pdf","timestamp":1701111517818,"id":"niq841w5v8ufr05","previousEventId":"ybbeao3kvd2n3mx","operationId":"hinqdvv0do0nhu7","previousOperationId":"py4coruxg8f758m"}
{"type":"log","timestamp":1701111517818,"level":"debug","message":"Executing recipe chrome-pdf","meta":{"rootId":"dh1em745gbmhuss","id":"dh1em745gbmhuss"},"id":"fqwi845fqar6qeu","previousOperationId":"hinqdvv0do0nhu7"}
{"type":"log","timestamp":1701111517819,"level":"debug","message":"Converting with chrome HeadlessChrome/117.0.5938.149 using chrome-pool strategy","meta":{"rootId":"dh1em745gbmhuss","id":"dh1em745gbmhuss"},"id":"77ycj5qwpw2w69b","previousOperationId":"hinqdvv0do0nhu7"}
{"type":"log","timestamp":1701111517857,"level":"debug","message":"Page request: GET (document) file:///var/folders/dp/qk79pfcj0y1fmtkkl08m76rc0000gn/T/jsreport/autocleanup/99c19e83-eef4-4e97-892b-449b25b378b8-chrome-pdf.html","meta":{"rootId":"dh1em745gbmhuss","id":"dh1em745gbmhuss"},"id":"dfzh10edaz17ea6","previousOperationId":"hinqdvv0do0nhu7"}
{"type":"log","timestamp":1701111517862,"level":"debug","message":"Page request finished: GET (document) 200 file:///var/folders/dp/qk79pfcj0y1fmtkkl08m76rc0000gn/T/jsreport/autocleanup/99c19e83-eef4-4e97-892b-449b25b378b8-chrome-pdf.html","meta":{"rootId":"dh1em745gbmhuss","id":"dh1em745gbmhuss"},"id":"yl8moijj4pk8g0o","previousOperationId":"hinqdvv0do0nhu7"}
{"type":"log","timestamp":1701111517870,"level":"debug","message":"Running chrome with params {\"printBackground\":true,\"width\":\"7cm\",\"height\":\"30cm\",\"timeout\":59974,\"margin\":{}}","meta":{"rootId":"dh1em745gbmhuss","id":"dh1em745gbmhuss"},"id":"ubuo2md5ot0yhj2","previousOperationId":"hinqdvv0do0nhu7"}
{"type":"operationEnd","operationId":"hinqdvv0do0nhu7","timestamp":1701111517886,"id":"rqovybhv144j21c","previousEventId":"niq841w5v8ufr05","previousOperationId":"hinqdvv0do0nhu7"}
{"type":"log","timestamp":1701111517886,"level":"debug","message":"Skipping storing report.","meta":{"rootId":"dh1em745gbmhuss","id":"dh1em745gbmhuss"},"id":"e6vn1mh7yq180z6","previousOperationId":"hinqdvv0do0nhu7"}
{"type":"log","timestamp":1701111517886,"level":"info","message":"Rendering request 46 finished in 94 ms","meta":{"rootId":"dh1em745gbmhuss","id":"dh1em745gbmhuss"},"id":"oaaytekdhuvfr2p","previousOperationId":"hinqdvv0do0nhu7"}
{"type":"operationEnd","subtype":"render","operationId":"rnjp0rjwxw98u7y","timestamp":1701111517886,"id":"wpl1esdkdloph4x","previousEventId":"rqovybhv144j21c","previousOperationId":"hinqdvv0do0nhu7"}
{"type":"operationEnd","doDiffs":false,"previousEventId":"f55u5q5a3jfxj63","previousOperationId":"7gc0j8v8vxu42lo","operationId":"7gc0j8v8vxu42lo","timestamp":1701111517887,"id":"opkvfoxga8cuzjz"}
