{"type":"operationStart","subtype":"profile","data":{"_id":"T1z8tBDqHgZKAJ6u","timestamp":"2023-12-01T11:35:56.829Z","state":"queued","mode":"standard","creationDate":"2023-12-01T11:35:56.831Z","modificationDate":"2023-12-01T11:35:56.831Z","shortid":"tmJv87B","$entitySet":"profiles"},"doDiffs":false,"timestamp":1701430556830,"id":"0sh0zh0r3nvxpgz","previousOperationId":null,"operationId":"vm2phap64h27p73"}
{"type":"log","level":"info","message":"Render request 108 queued for execution and waiting for available worker","previousOperationId":"vm2phap64h27p73","timestamp":1701430556830,"id":"zjaksbm12i4e4ia"}
{"type":"operationStart","subtype":"render","name":"pmo_slip_index","previousOperationId":"vm2phap64h27p73","timestamp":1701430556837,"id":"l490umotcegf3qc","previousEventId":"0sh0zh0r3nvxpgz","operationId":"g40likye7pj8xfu"}
{"type":"log","timestamp":1701430556837,"level":"info","message":"Starting rendering request 108","meta":{"rootId":"e0wswkbpr4j44xm","id":"e0wswkbpr4j44xm"},"id":"dh0affu636xdwoi","previousOperationId":"g40likye7pj8xfu"}
{"type":"log","timestamp":1701430556837,"level":"info","message":"Rendering template { name: pmo_slip_index, recipe: chrome-pdf, engine: handlebars, preview: true }","meta":{"rootId":"e0wswkbpr4j44xm","id":"e0wswkbpr4j44xm"},"id":"f40f8nph2ozh4yb","previousOperationId":"g40likye7pj8xfu"}
{"type":"log","timestamp":1701430556838,"level":"debug","message":"Inline data specified.","meta":{"rootId":"e0wswkbpr4j44xm","id":"e0wswkbpr4j44xm"},"id":"qoz27gml2nnprql","previousOperationId":"g40likye7pj8xfu"}
{"type":"log","timestamp":1701430556839,"level":"debug","message":"Base url not specified, skipping its injection.","meta":{"rootId":"e0wswkbpr4j44xm","id":"e0wswkbpr4j44xm"},"id":"qjjb4aaz5diix2v","previousOperationId":"g40likye7pj8xfu"}
{"type":"operationStart","subtype":"engine","name":"handlebars","timestamp":1701430556839,"id":"l13acp9f2asru7o","previousEventId":"l490umotcegf3qc","operationId":"gs0bpfviy2uuqc7","previousOperationId":"g40likye7pj8xfu"}
{"type":"log","timestamp":1701430556839,"level":"debug","message":"Rendering engine handlebars","meta":{"rootId":"e0wswkbpr4j44xm","id":"e0wswkbpr4j44xm"},"id":"u210qj3bhcu8ohy","previousOperationId":"gs0bpfviy2uuqc7"}
{"type":"operationEnd","operationId":"gs0bpfviy2uuqc7","timestamp":1701430556861,"id":"4f3j7mt52ah77ln","previousEventId":"l13acp9f2asru7o","previousOperationId":"gs0bpfviy2uuqc7"}
{"type":"operationStart","subtype":"recipe","name":"chrome-pdf","timestamp":1701430556862,"id":"tgwymhnhr9vnq4u","previousEventId":"4f3j7mt52ah77ln","operationId":"8nblr8nvspwy467","previousOperationId":"gs0bpfviy2uuqc7"}
{"type":"log","timestamp":1701430556862,"level":"debug","message":"Executing recipe chrome-pdf","meta":{"rootId":"e0wswkbpr4j44xm","id":"e0wswkbpr4j44xm"},"id":"v53cujq9dsf7mp7","previousOperationId":"8nblr8nvspwy467"}
{"type":"log","timestamp":1701430556863,"level":"debug","message":"Converting with chrome HeadlessChrome/117.0.5938.149 using chrome-pool strategy","meta":{"rootId":"e0wswkbpr4j44xm","id":"e0wswkbpr4j44xm"},"id":"ofzoe1bo54q618q","previousOperationId":"8nblr8nvspwy467"}
{"type":"log","timestamp":1701430556910,"level":"debug","message":"Page request: GET (document) file:///var/folders/dp/qk79pfcj0y1fmtkkl08m76rc0000gn/T/jsreport/autocleanup/f9a4bf2f-d2a5-4492-a2f7-858c3f63e929-chrome-pdf.html","meta":{"rootId":"e0wswkbpr4j44xm","id":"e0wswkbpr4j44xm"},"id":"y91o7yccck8kav5","previousOperationId":"8nblr8nvspwy467"}
{"type":"log","timestamp":1701430556915,"level":"debug","message":"Page request finished: GET (document) 200 file:///var/folders/dp/qk79pfcj0y1fmtkkl08m76rc0000gn/T/jsreport/autocleanup/f9a4bf2f-d2a5-4492-a2f7-858c3f63e929-chrome-pdf.html","meta":{"rootId":"e0wswkbpr4j44xm","id":"e0wswkbpr4j44xm"},"id":"0sgwdk9btjsqg5l","previousOperationId":"8nblr8nvspwy467"}
{"type":"log","timestamp":1701430556926,"level":"debug","message":"Running chrome with params {\"printBackground\":true,\"width\":\"7cm\",\"height\":\"30cm\",\"timeout\":59966,\"margin\":{}}","meta":{"rootId":"e0wswkbpr4j44xm","id":"e0wswkbpr4j44xm"},"id":"afowivifgzqg9y2","previousOperationId":"8nblr8nvspwy467"}
{"type":"operationEnd","operationId":"8nblr8nvspwy467","timestamp":1701430556948,"id":"72fozzpns2snb8i","previousEventId":"tgwymhnhr9vnq4u","previousOperationId":"8nblr8nvspwy467"}
{"type":"log","timestamp":1701430556948,"level":"debug","message":"Skipping storing report.","meta":{"rootId":"e0wswkbpr4j44xm","id":"e0wswkbpr4j44xm"},"id":"3howrn7h3j90i8m","previousOperationId":"8nblr8nvspwy467"}
{"type":"log","timestamp":1701430556948,"level":"info","message":"Rendering request 108 finished in 119 ms","meta":{"rootId":"e0wswkbpr4j44xm","id":"e0wswkbpr4j44xm"},"id":"uyh4nduflywv884","previousOperationId":"8nblr8nvspwy467"}
{"type":"operationEnd","subtype":"render","operationId":"g40likye7pj8xfu","timestamp":1701430556948,"id":"5u6bb39nrp4l2b6","previousEventId":"72fozzpns2snb8i","previousOperationId":"8nblr8nvspwy467"}
{"type":"operationEnd","doDiffs":false,"previousEventId":"0sh0zh0r3nvxpgz","previousOperationId":"vm2phap64h27p73","operationId":"vm2phap64h27p73","timestamp":1701430556949,"id":"au6cmv6lm0hhvpu"}
