{"type":"operationStart","subtype":"profile","data":{"_id":"rhBNl04PXsk7RFfH","timestamp":"2023-12-06T11:18:42.158Z","state":"queued","mode":"standard","creationDate":"2023-12-06T11:18:42.160Z","modificationDate":"2023-12-06T11:18:42.160Z","shortid":"wx0u-4_","$entitySet":"profiles"},"doDiffs":false,"timestamp":1701861522159,"id":"ify746sqg4zcjgt","previousOperationId":null,"operationId":"jf4we1ilw4dwt9p"}
{"type":"log","level":"info","message":"Render request 117 queued for execution and waiting for available worker","previousOperationId":"jf4we1ilw4dwt9p","timestamp":1701861522159,"id":"oin27q0c4xcibwo"}
{"type":"operationStart","subtype":"render","name":"pmo_slip_index","previousOperationId":"jf4we1ilw4dwt9p","timestamp":1701861522170,"id":"g6c42o15ac07egq","previousEventId":"ify746sqg4zcjgt","operationId":"585000mqwc8w1vc"}
{"type":"log","timestamp":1701861522170,"level":"info","message":"Starting rendering request 117","meta":{"rootId":"e5vwp492vj5qk9y","id":"e5vwp492vj5qk9y"},"id":"hk8h363yywrgmaa","previousOperationId":"585000mqwc8w1vc"}
{"type":"log","timestamp":1701861522171,"level":"info","message":"Rendering template { name: pmo_slip_index, recipe: chrome-pdf, engine: handlebars, preview: true }","meta":{"rootId":"e5vwp492vj5qk9y","id":"e5vwp492vj5qk9y"},"id":"6ba2dhdz36q7i8u","previousOperationId":"585000mqwc8w1vc"}
{"type":"log","timestamp":1701861522171,"level":"debug","message":"Inline data specified.","meta":{"rootId":"e5vwp492vj5qk9y","id":"e5vwp492vj5qk9y"},"id":"y9j8jtfqx3rl7s7","previousOperationId":"585000mqwc8w1vc"}
{"type":"log","timestamp":1701861522173,"level":"debug","message":"Base url not specified, skipping its injection.","meta":{"rootId":"e5vwp492vj5qk9y","id":"e5vwp492vj5qk9y"},"id":"ayy752ua7rg048q","previousOperationId":"585000mqwc8w1vc"}
{"type":"log","timestamp":1701861522173,"level":"debug","message":"Replaced assets [\"styles.css\"]","meta":{"rootId":"e5vwp492vj5qk9y","id":"e5vwp492vj5qk9y"},"id":"pcgdsy3ap97trdq","previousOperationId":"585000mqwc8w1vc"}
{"type":"operationStart","subtype":"engine","name":"handlebars","timestamp":1701861522174,"id":"kjpggsfmw0jste7","previousEventId":"g6c42o15ac07egq","operationId":"aqt04349bmgo6vm","previousOperationId":"585000mqwc8w1vc"}
{"type":"log","timestamp":1701861522174,"level":"debug","message":"Rendering engine handlebars","meta":{"rootId":"e5vwp492vj5qk9y","id":"e5vwp492vj5qk9y"},"id":"00m0kunewmzl7v1","previousOperationId":"aqt04349bmgo6vm"}
{"type":"operationEnd","operationId":"aqt04349bmgo6vm","timestamp":1701861522190,"id":"0ks3izan5sx3yku","previousEventId":"kjpggsfmw0jste7","previousOperationId":"aqt04349bmgo6vm"}
{"type":"operationStart","subtype":"recipe","name":"chrome-pdf","timestamp":1701861522190,"id":"ijkzgznse0fdwpb","previousEventId":"0ks3izan5sx3yku","operationId":"ifbgxp5rg9vjo9a","previousOperationId":"aqt04349bmgo6vm"}
{"type":"log","timestamp":1701861522190,"level":"debug","message":"Executing recipe chrome-pdf","meta":{"rootId":"e5vwp492vj5qk9y","id":"e5vwp492vj5qk9y"},"id":"5rw4ir5a6k6eckp","previousOperationId":"ifbgxp5rg9vjo9a"}
{"type":"log","timestamp":1701861522191,"level":"debug","message":"Converting with chrome HeadlessChrome/117.0.5938.149 using chrome-pool strategy","meta":{"rootId":"e5vwp492vj5qk9y","id":"e5vwp492vj5qk9y"},"id":"84qb6d1suk1eaz5","previousOperationId":"ifbgxp5rg9vjo9a"}
{"type":"log","timestamp":1701861522243,"level":"debug","message":"Page request: GET (document) file:///var/folders/dp/qk79pfcj0y1fmtkkl08m76rc0000gn/T/jsreport/autocleanup/9b35cd99-8496-4cb1-9bdb-7944a0210663-chrome-pdf.html","meta":{"rootId":"e5vwp492vj5qk9y","id":"e5vwp492vj5qk9y"},"id":"yzru2w6y2awro1e","previousOperationId":"ifbgxp5rg9vjo9a"}
{"type":"log","timestamp":1701861522250,"level":"debug","message":"Page request finished: GET (document) 200 file:///var/folders/dp/qk79pfcj0y1fmtkkl08m76rc0000gn/T/jsreport/autocleanup/9b35cd99-8496-4cb1-9bdb-7944a0210663-chrome-pdf.html","meta":{"rootId":"e5vwp492vj5qk9y","id":"e5vwp492vj5qk9y"},"id":"m7mhub71ygbaqno","previousOperationId":"ifbgxp5rg9vjo9a"}
{"type":"log","timestamp":1701861522258,"level":"debug","message":"Running chrome with params {\"printBackground\":true,\"width\":\"7cm\",\"height\":\"30cm\",\"timeout\":59967,\"margin\":{}}","meta":{"rootId":"e5vwp492vj5qk9y","id":"e5vwp492vj5qk9y"},"id":"e6nsnvf6neybw9j","previousOperationId":"ifbgxp5rg9vjo9a"}
{"type":"operationEnd","operationId":"ifbgxp5rg9vjo9a","timestamp":1701861522277,"id":"gyyxoewc8fkm3pe","previousEventId":"ijkzgznse0fdwpb","previousOperationId":"ifbgxp5rg9vjo9a"}
{"type":"log","timestamp":1701861522277,"level":"debug","message":"Skipping storing report.","meta":{"rootId":"e5vwp492vj5qk9y","id":"e5vwp492vj5qk9y"},"id":"f7m6zycocwzp7k7","previousOperationId":"ifbgxp5rg9vjo9a"}
{"type":"log","timestamp":1701861522277,"level":"info","message":"Rendering request 117 finished in 119 ms","meta":{"rootId":"e5vwp492vj5qk9y","id":"e5vwp492vj5qk9y"},"id":"mdzya2pp8235dnh","previousOperationId":"ifbgxp5rg9vjo9a"}
{"type":"operationEnd","subtype":"render","operationId":"585000mqwc8w1vc","timestamp":1701861522277,"id":"s8y2re0cq5rlka0","previousEventId":"gyyxoewc8fkm3pe","previousOperationId":"ifbgxp5rg9vjo9a"}
{"type":"operationEnd","doDiffs":false,"previousEventId":"ify746sqg4zcjgt","previousOperationId":"jf4we1ilw4dwt9p","operationId":"jf4we1ilw4dwt9p","timestamp":1701861522278,"id":"gbcxh9jpk9d1dul"}
