{"type":"operationStart","subtype":"profile","data":{"_id":"HyalS5eOHF1I4Xa2","timestamp":"2023-12-05T15:06:01.806Z","state":"queued","mode":"standard","creationDate":"2023-12-05T15:06:01.807Z","modificationDate":"2023-12-05T15:06:01.807Z","shortid":"f71PwDs","$entitySet":"profiles"},"doDiffs":false,"timestamp":1701788761806,"id":"mimpq1nyqa5xmw7","previousOperationId":null,"operationId":"h36d0xbxsermc04"}
{"type":"log","level":"info","message":"Render request 30 queued for execution and waiting for available worker","previousOperationId":"h36d0xbxsermc04","timestamp":1701788761807,"id":"nvbiu22c6pvhqpz"}
{"type":"operationStart","subtype":"render","name":"pmo_slip_index","previousOperationId":"h36d0xbxsermc04","timestamp":1701788761814,"id":"v61zf9vxact54sc","previousEventId":"mimpq1nyqa5xmw7","operationId":"suv7fxfy7ng9xew"}
{"type":"log","timestamp":1701788761814,"level":"info","message":"Starting rendering request 30","meta":{"rootId":"elr1dj6a5i07r4j","id":"elr1dj6a5i07r4j"},"id":"dq7us9yunhrkq3x","previousOperationId":"suv7fxfy7ng9xew"}
{"type":"log","timestamp":1701788761814,"level":"info","message":"Rendering template { name: pmo_slip_index, recipe: chrome-pdf, engine: handlebars, preview: true }","meta":{"rootId":"elr1dj6a5i07r4j","id":"elr1dj6a5i07r4j"},"id":"w6f24jee4valwml","previousOperationId":"suv7fxfy7ng9xew"}
{"type":"log","timestamp":1701788761814,"level":"debug","message":"Inline data specified.","meta":{"rootId":"elr1dj6a5i07r4j","id":"elr1dj6a5i07r4j"},"id":"hwompp11zxvos7e","previousOperationId":"suv7fxfy7ng9xew"}
{"type":"log","timestamp":1701788761817,"level":"debug","message":"Base url not specified, skipping its injection.","meta":{"rootId":"elr1dj6a5i07r4j","id":"elr1dj6a5i07r4j"},"id":"p604b9exrraqpog","previousOperationId":"suv7fxfy7ng9xew"}
{"type":"log","timestamp":1701788761820,"level":"debug","message":"Replaced assets [\"styles.css\"]","meta":{"rootId":"elr1dj6a5i07r4j","id":"elr1dj6a5i07r4j"},"id":"e7orx16mz5sr654","previousOperationId":"suv7fxfy7ng9xew"}
{"type":"operationStart","subtype":"engine","name":"handlebars","timestamp":1701788761820,"id":"m6kvfrmic58vrux","previousEventId":"v61zf9vxact54sc","operationId":"iy5ssl09kyp9kah","previousOperationId":"suv7fxfy7ng9xew"}
{"type":"log","timestamp":1701788761820,"level":"debug","message":"Rendering engine handlebars","meta":{"rootId":"elr1dj6a5i07r4j","id":"elr1dj6a5i07r4j"},"id":"at31eim6ig9wofi","previousOperationId":"iy5ssl09kyp9kah"}
{"type":"operationEnd","operationId":"iy5ssl09kyp9kah","timestamp":1701788761846,"id":"v9fd66j4l90nbr3","previousEventId":"m6kvfrmic58vrux","previousOperationId":"iy5ssl09kyp9kah"}
{"type":"operationStart","subtype":"recipe","name":"chrome-pdf","timestamp":1701788761847,"id":"wbq3msraxyd3co7","previousEventId":"v9fd66j4l90nbr3","operationId":"0it3ind7dqignwd","previousOperationId":"iy5ssl09kyp9kah"}
{"type":"log","timestamp":1701788761847,"level":"debug","message":"Executing recipe chrome-pdf","meta":{"rootId":"elr1dj6a5i07r4j","id":"elr1dj6a5i07r4j"},"id":"qqih61c7b2c36ns","previousOperationId":"0it3ind7dqignwd"}
{"type":"log","timestamp":1701788761848,"level":"debug","message":"Converting with chrome HeadlessChrome/117.0.5938.149 using chrome-pool strategy","meta":{"rootId":"elr1dj6a5i07r4j","id":"elr1dj6a5i07r4j"},"id":"txswj0vcqp90k7t","previousOperationId":"0it3ind7dqignwd"}
{"type":"log","timestamp":1701788761892,"level":"debug","message":"Page request: GET (document) file:///var/folders/dp/qk79pfcj0y1fmtkkl08m76rc0000gn/T/jsreport/autocleanup/9eb38559-bc2c-4433-b000-05581509da78-chrome-pdf.html","meta":{"rootId":"elr1dj6a5i07r4j","id":"elr1dj6a5i07r4j"},"id":"rcg32elu38z42as","previousOperationId":"0it3ind7dqignwd"}
{"type":"log","timestamp":1701788761897,"level":"debug","message":"Page request finished: GET (document) 200 file:///var/folders/dp/qk79pfcj0y1fmtkkl08m76rc0000gn/T/jsreport/autocleanup/9eb38559-bc2c-4433-b000-05581509da78-chrome-pdf.html","meta":{"rootId":"elr1dj6a5i07r4j","id":"elr1dj6a5i07r4j"},"id":"ej9d09kyi4l3prw","previousOperationId":"0it3ind7dqignwd"}
{"type":"log","timestamp":1701788761907,"level":"debug","message":"Running chrome with params {\"printBackground\":true,\"width\":\"7cm\",\"height\":\"3000px\",\"timeout\":59958,\"margin\":{}}","meta":{"rootId":"elr1dj6a5i07r4j","id":"elr1dj6a5i07r4j"},"id":"4qsy2w9ti1mb4qt","previousOperationId":"0it3ind7dqignwd"}
{"type":"operationEnd","operationId":"0it3ind7dqignwd","timestamp":1701788761931,"id":"p94tzf6don2vyi3","previousEventId":"wbq3msraxyd3co7","previousOperationId":"0it3ind7dqignwd"}
{"type":"log","timestamp":1701788761931,"level":"debug","message":"Skipping storing report.","meta":{"rootId":"elr1dj6a5i07r4j","id":"elr1dj6a5i07r4j"},"id":"d6p7wp9jon6ymyh","previousOperationId":"0it3ind7dqignwd"}
{"type":"log","timestamp":1701788761931,"level":"info","message":"Rendering request 30 finished in 125 ms","meta":{"rootId":"elr1dj6a5i07r4j","id":"elr1dj6a5i07r4j"},"id":"uuz9nju23hkwsik","previousOperationId":"0it3ind7dqignwd"}
{"type":"operationEnd","subtype":"render","operationId":"suv7fxfy7ng9xew","timestamp":1701788761931,"id":"124zkhc9djk0y9j","previousEventId":"p94tzf6don2vyi3","previousOperationId":"0it3ind7dqignwd"}
{"type":"operationEnd","doDiffs":false,"previousEventId":"mimpq1nyqa5xmw7","previousOperationId":"h36d0xbxsermc04","operationId":"h36d0xbxsermc04","timestamp":1701788761932,"id":"w1bzon6zgumgzxc"}
