{"type":"operationStart","subtype":"profile","data":{"_id":"8Oea0R0m4Jol17Nr","timestamp":"2023-12-01T11:10:59.686Z","state":"queued","mode":"standard","creationDate":"2023-12-01T11:10:59.688Z","modificationDate":"2023-12-01T11:10:59.688Z","shortid":"BosyiF0","$entitySet":"profiles"},"doDiffs":false,"timestamp":1701429059687,"id":"xt82bhkbwbxnu54","previousOperationId":null,"operationId":"kt2o2a0w0efwp6q"}
{"type":"log","level":"info","message":"Render request 97 queued for execution and waiting for available worker","previousOperationId":"kt2o2a0w0efwp6q","timestamp":1701429059687,"id":"vcwnq318phvrjll"}
{"type":"operationStart","subtype":"render","name":"pmo_slip_index","previousOperationId":"kt2o2a0w0efwp6q","timestamp":1701429059690,"id":"dwrhjfauraxouaf","previousEventId":"xt82bhkbwbxnu54","operationId":"nw0wej93mfcmihn"}
{"type":"log","timestamp":1701429059690,"level":"info","message":"Starting rendering request 97","meta":{"rootId":"eodptutfe0cdjur","id":"eodptutfe0cdjur"},"id":"47n719g1e00f1dd","previousOperationId":"nw0wej93mfcmihn"}
{"type":"log","timestamp":1701429059690,"level":"info","message":"Rendering template { name: pmo_slip_index, recipe: chrome-pdf, engine: handlebars, preview: true }","meta":{"rootId":"eodptutfe0cdjur","id":"eodptutfe0cdjur"},"id":"yp1kq3cqwqtgxpc","previousOperationId":"nw0wej93mfcmihn"}
{"type":"log","timestamp":1701429059691,"level":"debug","message":"Adding sample data VeFzNfc","meta":{"rootId":"eodptutfe0cdjur","id":"eodptutfe0cdjur"},"id":"1ur8j6vi328gc1l","previousOperationId":"nw0wej93mfcmihn"}
{"type":"log","timestamp":1701429059691,"level":"debug","message":"Base url not specified, skipping its injection.","meta":{"rootId":"eodptutfe0cdjur","id":"eodptutfe0cdjur"},"id":"5pmo5om8vz4upbw","previousOperationId":"nw0wej93mfcmihn"}
{"type":"operationStart","subtype":"engine","name":"handlebars","timestamp":1701429059691,"id":"wsf66a8moaky1v7","previousEventId":"dwrhjfauraxouaf","operationId":"c9gkzwujnkk42sw","previousOperationId":"nw0wej93mfcmihn"}
{"type":"log","timestamp":1701429059691,"level":"debug","message":"Rendering engine handlebars","meta":{"rootId":"eodptutfe0cdjur","id":"eodptutfe0cdjur"},"id":"blkf7du2837zeys","previousOperationId":"c9gkzwujnkk42sw"}
{"type":"operationEnd","operationId":"c9gkzwujnkk42sw","timestamp":1701429059699,"id":"4rcwsvk9wyem9s1","previousEventId":"wsf66a8moaky1v7","previousOperationId":"c9gkzwujnkk42sw"}
{"type":"operationStart","subtype":"recipe","name":"chrome-pdf","timestamp":1701429059699,"id":"j4abzeozgeggn3z","previousEventId":"4rcwsvk9wyem9s1","operationId":"qfbhmjdl7pceast","previousOperationId":"c9gkzwujnkk42sw"}
{"type":"log","timestamp":1701429059699,"level":"debug","message":"Executing recipe chrome-pdf","meta":{"rootId":"eodptutfe0cdjur","id":"eodptutfe0cdjur"},"id":"j4zz0qonwu2k4ce","previousOperationId":"qfbhmjdl7pceast"}
{"type":"log","timestamp":1701429059701,"level":"debug","message":"Converting with chrome HeadlessChrome/117.0.5938.149 using chrome-pool strategy","meta":{"rootId":"eodptutfe0cdjur","id":"eodptutfe0cdjur"},"id":"zdihwldrt751xm3","previousOperationId":"qfbhmjdl7pceast"}
{"type":"log","timestamp":1701429059738,"level":"debug","message":"Page request: GET (document) file:///var/folders/dp/qk79pfcj0y1fmtkkl08m76rc0000gn/T/jsreport/autocleanup/fcdbeff8-3222-49b6-95f3-f51ee664f211-chrome-pdf.html","meta":{"rootId":"eodptutfe0cdjur","id":"eodptutfe0cdjur"},"id":"gm4op3fen410a81","previousOperationId":"qfbhmjdl7pceast"}
{"type":"log","timestamp":1701429059743,"level":"debug","message":"Page request finished: GET (document) 200 file:///var/folders/dp/qk79pfcj0y1fmtkkl08m76rc0000gn/T/jsreport/autocleanup/fcdbeff8-3222-49b6-95f3-f51ee664f211-chrome-pdf.html","meta":{"rootId":"eodptutfe0cdjur","id":"eodptutfe0cdjur"},"id":"vfp87zvyq9xhp99","previousOperationId":"qfbhmjdl7pceast"}
{"type":"log","timestamp":1701429059754,"level":"debug","message":"Running chrome with params {\"printBackground\":true,\"width\":\"7cm\",\"height\":\"30cm\",\"timeout\":59986,\"margin\":{}}","meta":{"rootId":"eodptutfe0cdjur","id":"eodptutfe0cdjur"},"id":"ci5zsoy9wqncx28","previousOperationId":"qfbhmjdl7pceast"}
{"type":"operationEnd","operationId":"qfbhmjdl7pceast","timestamp":1701429059775,"id":"i99kh2gknlyow0x","previousEventId":"j4abzeozgeggn3z","previousOperationId":"qfbhmjdl7pceast"}
{"type":"log","timestamp":1701429059775,"level":"debug","message":"Skipping storing report.","meta":{"rootId":"eodptutfe0cdjur","id":"eodptutfe0cdjur"},"id":"0uw4o91x1mhu68b","previousOperationId":"qfbhmjdl7pceast"}
{"type":"log","timestamp":1701429059775,"level":"info","message":"Rendering request 97 finished in 89 ms","meta":{"rootId":"eodptutfe0cdjur","id":"eodptutfe0cdjur"},"id":"meyi43k01hq0zm0","previousOperationId":"qfbhmjdl7pceast"}
{"type":"operationEnd","subtype":"render","operationId":"nw0wej93mfcmihn","timestamp":1701429059775,"id":"kkcu7r5iv2tau40","previousEventId":"i99kh2gknlyow0x","previousOperationId":"qfbhmjdl7pceast"}
{"type":"operationEnd","doDiffs":false,"previousEventId":"xt82bhkbwbxnu54","previousOperationId":"kt2o2a0w0efwp6q","operationId":"kt2o2a0w0efwp6q","timestamp":1701429059777,"id":"h60yr4m7c1ynrte"}
