{"type":"operationStart","subtype":"profile","data":{"_id":"etthcu1L2g8up5eZ","timestamp":"2023-12-14T09:00:13.580Z","state":"queued","mode":"standard","creationDate":"2023-12-14T09:00:13.582Z","modificationDate":"2023-12-14T09:00:13.582Z","shortid":"3C5j9BA","$entitySet":"profiles"},"doDiffs":false,"timestamp":1702544413581,"id":"tqsvbwimwaoculb","previousOperationId":null,"operationId":"umvlavfanhkqf96"}
{"type":"log","level":"info","message":"Render request 2 queued for execution and waiting for available worker","previousOperationId":"umvlavfanhkqf96","timestamp":1702544413581,"id":"z9b43sg0l19x7kl"}
{"type":"operationStart","subtype":"render","name":"pmo_slip_index","previousOperationId":"umvlavfanhkqf96","timestamp":1702544413606,"id":"k424kddr2r4guh8","previousEventId":"tqsvbwimwaoculb","operationId":"iczmyb4yrtf8dvu"}
{"type":"log","timestamp":1702544413607,"level":"info","message":"Starting rendering request 2","meta":{"rootId":"f0auxbal3f9lu8r","id":"f0auxbal3f9lu8r"},"id":"nbnrrzq3l3bw2eu","previousOperationId":"iczmyb4yrtf8dvu"}
{"type":"log","timestamp":1702544413607,"level":"info","message":"Rendering template { name: pmo_slip_index, recipe: chrome-pdf, engine: handlebars, preview: true }","meta":{"rootId":"f0auxbal3f9lu8r","id":"f0auxbal3f9lu8r"},"id":"5fknp2aawjoonvh","previousOperationId":"iczmyb4yrtf8dvu"}
{"type":"log","timestamp":1702544413608,"level":"debug","message":"Adding sample data VeFzNfc","meta":{"rootId":"f0auxbal3f9lu8r","id":"f0auxbal3f9lu8r"},"id":"q5ty257bp2zjhvx","previousOperationId":"iczmyb4yrtf8dvu"}
{"type":"log","timestamp":1702544413611,"level":"debug","message":"Base url not specified, skipping its injection.","meta":{"rootId":"f0auxbal3f9lu8r","id":"f0auxbal3f9lu8r"},"id":"16ym1d6kipag3vz","previousOperationId":"iczmyb4yrtf8dvu"}
{"type":"log","timestamp":1702544413620,"level":"debug","message":"Replaced assets [\"styles.css\"]","meta":{"rootId":"f0auxbal3f9lu8r","id":"f0auxbal3f9lu8r"},"id":"jmemmflmk2ufgn0","previousOperationId":"iczmyb4yrtf8dvu"}
{"type":"operationStart","subtype":"engine","name":"handlebars","timestamp":1702544413622,"id":"s3f9w8agc0d7igy","previousEventId":"k424kddr2r4guh8","operationId":"wr15uwji9w4qcfe","previousOperationId":"iczmyb4yrtf8dvu"}
{"type":"log","timestamp":1702544413622,"level":"debug","message":"Rendering engine handlebars","meta":{"rootId":"f0auxbal3f9lu8r","id":"f0auxbal3f9lu8r"},"id":"276ms92p8qw635l","previousOperationId":"wr15uwji9w4qcfe"}
{"type":"operationEnd","operationId":"wr15uwji9w4qcfe","timestamp":1702544413931,"id":"zo4h5ozhrb66n02","previousEventId":"s3f9w8agc0d7igy","previousOperationId":"wr15uwji9w4qcfe"}
{"type":"operationStart","subtype":"recipe","name":"chrome-pdf","timestamp":1702544413931,"id":"zuxmv9abp1q9qd1","previousEventId":"zo4h5ozhrb66n02","operationId":"qiekipjnzvt9vun","previousOperationId":"wr15uwji9w4qcfe"}
{"type":"log","timestamp":1702544413931,"level":"debug","message":"Executing recipe chrome-pdf","meta":{"rootId":"f0auxbal3f9lu8r","id":"f0auxbal3f9lu8r"},"id":"gjlib5bxm6cziyd","previousOperationId":"qiekipjnzvt9vun"}
{"type":"log","timestamp":1702544414170,"level":"debug","message":"Converting with chrome HeadlessChrome/117.0.5938.149 using chrome-pool strategy","meta":{"rootId":"f0auxbal3f9lu8r","id":"f0auxbal3f9lu8r"},"id":"txvdrmsng0qt02z","previousOperationId":"qiekipjnzvt9vun"}
{"type":"log","timestamp":1702544414225,"level":"debug","message":"Page request: GET (document) file:///var/folders/dp/qk79pfcj0y1fmtkkl08m76rc0000gn/T/jsreport/autocleanup/8760c7d2-c5dc-42ef-927a-991c005f17d8-chrome-pdf.html","meta":{"rootId":"f0auxbal3f9lu8r","id":"f0auxbal3f9lu8r"},"id":"mqw1gd6n8a9044i","previousOperationId":"qiekipjnzvt9vun"}
{"type":"log","timestamp":1702544414230,"level":"debug","message":"Page request finished: GET (document) 200 file:///var/folders/dp/qk79pfcj0y1fmtkkl08m76rc0000gn/T/jsreport/autocleanup/8760c7d2-c5dc-42ef-927a-991c005f17d8-chrome-pdf.html","meta":{"rootId":"f0auxbal3f9lu8r","id":"f0auxbal3f9lu8r"},"id":"7r1jg027h1f3tp4","previousOperationId":"qiekipjnzvt9vun"}
{"type":"log","timestamp":1702544414236,"level":"debug","message":"Running chrome with params {\"printBackground\":true,\"width\":\"5.8cm\",\"height\":\"40cm\",\"timeout\":59646,\"margin\":{}}","meta":{"rootId":"f0auxbal3f9lu8r","id":"f0auxbal3f9lu8r"},"id":"1u769vgxgcoo8dq","previousOperationId":"qiekipjnzvt9vun"}
{"type":"operationEnd","operationId":"qiekipjnzvt9vun","timestamp":1702544414262,"id":"147w653te1916at","previousEventId":"zuxmv9abp1q9qd1","previousOperationId":"qiekipjnzvt9vun"}
{"type":"log","timestamp":1702544414262,"level":"debug","message":"Skipping storing report.","meta":{"rootId":"f0auxbal3f9lu8r","id":"f0auxbal3f9lu8r"},"id":"n5gd46dz0v6ayeh","previousOperationId":"qiekipjnzvt9vun"}
{"type":"log","timestamp":1702544414262,"level":"info","message":"Rendering request 2 finished in 682 ms","meta":{"rootId":"f0auxbal3f9lu8r","id":"f0auxbal3f9lu8r"},"id":"onm7oaelu434r5l","previousOperationId":"qiekipjnzvt9vun"}
{"type":"operationEnd","subtype":"render","operationId":"iczmyb4yrtf8dvu","timestamp":1702544414263,"id":"jcae2fkedxkbx53","previousEventId":"147w653te1916at","previousOperationId":"qiekipjnzvt9vun"}
{"type":"operationEnd","doDiffs":false,"previousEventId":"tqsvbwimwaoculb","previousOperationId":"umvlavfanhkqf96","operationId":"umvlavfanhkqf96","timestamp":1702544414265,"id":"rwbyz9b0d7ye72o"}
