{"type":"operationStart","subtype":"profile","data":{"_id":"sJNVNp4XiOno2vcp","timestamp":"2023-12-04T11:58:19.404Z","state":"queued","mode":"standard","creationDate":"2023-12-04T11:58:19.405Z","modificationDate":"2023-12-04T11:58:19.405Z","shortid":"z2QIaL4","$entitySet":"profiles"},"doDiffs":false,"timestamp":1701691099405,"id":"ub29xdik5qhqz22","previousOperationId":null,"operationId":"iyevrgvkz02ee56"}
{"type":"log","level":"info","message":"Render request 135 queued for execution and waiting for available worker","previousOperationId":"iyevrgvkz02ee56","timestamp":1701691099405,"id":"qdkb1g6r0dlmjix"}
{"type":"operationStart","subtype":"render","name":"pmo_slip_index","previousOperationId":"iyevrgvkz02ee56","timestamp":1701691099415,"id":"qpwxyugti8aps0g","previousEventId":"ub29xdik5qhqz22","operationId":"r02x5acn1tzxw3y"}
{"type":"log","timestamp":1701691099415,"level":"info","message":"Starting rendering request 135","meta":{"rootId":"fbwpxac7cjavzs3","id":"fbwpxac7cjavzs3"},"id":"8bztre2whztl9ze","previousOperationId":"r02x5acn1tzxw3y"}
{"type":"log","timestamp":1701691099415,"level":"info","message":"Rendering template { name: pmo_slip_index, recipe: chrome-pdf, engine: handlebars, preview: true }","meta":{"rootId":"fbwpxac7cjavzs3","id":"fbwpxac7cjavzs3"},"id":"vaw6cv2x8ivwtm3","previousOperationId":"r02x5acn1tzxw3y"}
{"type":"log","timestamp":1701691099417,"level":"debug","message":"Adding sample data VeFzNfc","meta":{"rootId":"fbwpxac7cjavzs3","id":"fbwpxac7cjavzs3"},"id":"zlxrpblzfcv0mby","previousOperationId":"r02x5acn1tzxw3y"}
{"type":"log","timestamp":1701691099419,"level":"debug","message":"Base url not specified, skipping its injection.","meta":{"rootId":"fbwpxac7cjavzs3","id":"fbwpxac7cjavzs3"},"id":"zo3lyuirrrzr42z","previousOperationId":"r02x5acn1tzxw3y"}
{"type":"operationStart","subtype":"engine","name":"handlebars","timestamp":1701691099419,"id":"dnmdbvu6w8wn2ts","previousEventId":"qpwxyugti8aps0g","operationId":"smubofzytbhnfqd","previousOperationId":"r02x5acn1tzxw3y"}
{"type":"log","timestamp":1701691099419,"level":"debug","message":"Rendering engine handlebars","meta":{"rootId":"fbwpxac7cjavzs3","id":"fbwpxac7cjavzs3"},"id":"c86g6hl8dunllgs","previousOperationId":"smubofzytbhnfqd"}
{"type":"operationEnd","operationId":"smubofzytbhnfqd","timestamp":1701691099445,"id":"b7779d04zmnkmhf","previousEventId":"dnmdbvu6w8wn2ts","previousOperationId":"smubofzytbhnfqd"}
{"type":"operationStart","subtype":"recipe","name":"chrome-pdf","timestamp":1701691099445,"id":"ylgtwzl8r77cxj7","previousEventId":"b7779d04zmnkmhf","operationId":"kcwuwjeteq67mrj","previousOperationId":"smubofzytbhnfqd"}
{"type":"log","timestamp":1701691099445,"level":"debug","message":"Executing recipe chrome-pdf","meta":{"rootId":"fbwpxac7cjavzs3","id":"fbwpxac7cjavzs3"},"id":"1q5kf26x8h4csl3","previousOperationId":"kcwuwjeteq67mrj"}
{"type":"log","timestamp":1701691099447,"level":"debug","message":"Converting with chrome HeadlessChrome/117.0.5938.149 using chrome-pool strategy","meta":{"rootId":"fbwpxac7cjavzs3","id":"fbwpxac7cjavzs3"},"id":"jh56vcipuel9ftw","previousOperationId":"kcwuwjeteq67mrj"}
{"type":"log","timestamp":1701691099501,"level":"debug","message":"Page request: GET (document) file:///var/folders/dp/qk79pfcj0y1fmtkkl08m76rc0000gn/T/jsreport/autocleanup/2d42fa87-effa-4be0-bfd0-5b854a7e6e24-chrome-pdf.html","meta":{"rootId":"fbwpxac7cjavzs3","id":"fbwpxac7cjavzs3"},"id":"rmifyqrj068bwig","previousOperationId":"kcwuwjeteq67mrj"}
{"type":"log","timestamp":1701691099509,"level":"debug","message":"Page request finished: GET (document) 200 file:///var/folders/dp/qk79pfcj0y1fmtkkl08m76rc0000gn/T/jsreport/autocleanup/2d42fa87-effa-4be0-bfd0-5b854a7e6e24-chrome-pdf.html","meta":{"rootId":"fbwpxac7cjavzs3","id":"fbwpxac7cjavzs3"},"id":"98lnv2a32fs5yin","previousOperationId":"kcwuwjeteq67mrj"}
{"type":"log","timestamp":1701691099517,"level":"debug","message":"Running chrome with params {\"printBackground\":true,\"width\":\"7cm\",\"height\":\"30cm\",\"timeout\":59958,\"margin\":{}}","meta":{"rootId":"fbwpxac7cjavzs3","id":"fbwpxac7cjavzs3"},"id":"roaha2d0r8d9s3c","previousOperationId":"kcwuwjeteq67mrj"}
{"type":"operationEnd","operationId":"kcwuwjeteq67mrj","timestamp":1701691099540,"id":"hc3fvth49oz4ohp","previousEventId":"ylgtwzl8r77cxj7","previousOperationId":"kcwuwjeteq67mrj"}
{"type":"log","timestamp":1701691099540,"level":"debug","message":"Skipping storing report.","meta":{"rootId":"fbwpxac7cjavzs3","id":"fbwpxac7cjavzs3"},"id":"ccdpjrgz6d3fuks","previousOperationId":"kcwuwjeteq67mrj"}
{"type":"log","timestamp":1701691099541,"level":"info","message":"Rendering request 135 finished in 137 ms","meta":{"rootId":"fbwpxac7cjavzs3","id":"fbwpxac7cjavzs3"},"id":"9e6usgw8mpo1sck","previousOperationId":"kcwuwjeteq67mrj"}
{"type":"operationEnd","subtype":"render","operationId":"r02x5acn1tzxw3y","timestamp":1701691099541,"id":"k10d81cl3en4f11","previousEventId":"hc3fvth49oz4ohp","previousOperationId":"kcwuwjeteq67mrj"}
{"type":"operationEnd","doDiffs":false,"previousEventId":"ub29xdik5qhqz22","previousOperationId":"iyevrgvkz02ee56","operationId":"iyevrgvkz02ee56","timestamp":1701691099542,"id":"jvjjy2qgekkyfrs"}
