{"type":"operationStart","subtype":"profile","data":{"_id":"oLjkQ8v3LySRSDUm","timestamp":"2023-12-05T13:55:52.697Z","state":"queued","mode":"standard","creationDate":"2023-12-05T13:55:52.699Z","modificationDate":"2023-12-05T13:55:52.699Z","shortid":"9Ea74ak","$entitySet":"profiles"},"doDiffs":false,"timestamp":1701784552698,"id":"jf2twma58t50fve","previousOperationId":null,"operationId":"j5hpc9psyzp5i82"}
{"type":"log","level":"info","message":"Render request 8 queued for execution and waiting for available worker","previousOperationId":"j5hpc9psyzp5i82","timestamp":1701784552698,"id":"b3m8nbpkogyz01o"}
{"type":"operationStart","subtype":"render","name":"pmo_slip_index","previousOperationId":"j5hpc9psyzp5i82","timestamp":1701784552715,"id":"erqpg8lklfojr34","previousEventId":"jf2twma58t50fve","operationId":"bq1fd4of1i4l3jf"}
{"type":"log","timestamp":1701784552715,"level":"info","message":"Starting rendering request 8","meta":{"rootId":"fl38evvh9brwlbo","id":"fl38evvh9brwlbo"},"id":"zkntwo8ggr122c7","previousOperationId":"bq1fd4of1i4l3jf"}
{"type":"log","timestamp":1701784552715,"level":"info","message":"Rendering template { name: pmo_slip_index, recipe: chrome-pdf, engine: handlebars, preview: true }","meta":{"rootId":"fl38evvh9brwlbo","id":"fl38evvh9brwlbo"},"id":"q4ph5106hxk8y1t","previousOperationId":"bq1fd4of1i4l3jf"}
{"type":"log","timestamp":1701784552715,"level":"debug","message":"Inline data specified.","meta":{"rootId":"fl38evvh9brwlbo","id":"fl38evvh9brwlbo"},"id":"93n140vroj6dqin","previousOperationId":"bq1fd4of1i4l3jf"}
{"type":"log","timestamp":1701784552716,"level":"debug","message":"Base url not specified, skipping its injection.","meta":{"rootId":"fl38evvh9brwlbo","id":"fl38evvh9brwlbo"},"id":"k1wyn234trehp19","previousOperationId":"bq1fd4of1i4l3jf"}
{"type":"log","timestamp":1701784552717,"level":"debug","message":"Replaced assets [\"styles.css\"]","meta":{"rootId":"fl38evvh9brwlbo","id":"fl38evvh9brwlbo"},"id":"7h86codbexdxebj","previousOperationId":"bq1fd4of1i4l3jf"}
{"type":"operationStart","subtype":"engine","name":"handlebars","timestamp":1701784552717,"id":"owdsy1y104rkwqz","previousEventId":"erqpg8lklfojr34","operationId":"x7jzjor9nji7joz","previousOperationId":"bq1fd4of1i4l3jf"}
{"type":"log","timestamp":1701784552717,"level":"debug","message":"Rendering engine handlebars","meta":{"rootId":"fl38evvh9brwlbo","id":"fl38evvh9brwlbo"},"id":"uf1jexl11brn8is","previousOperationId":"x7jzjor9nji7joz"}
{"type":"operationEnd","operationId":"x7jzjor9nji7joz","timestamp":1701784552732,"id":"jtnbfc7hsd01wvy","previousEventId":"owdsy1y104rkwqz","previousOperationId":"x7jzjor9nji7joz"}
{"type":"operationStart","subtype":"recipe","name":"chrome-pdf","timestamp":1701784552732,"id":"ic2dk6zwa3nx7nm","previousEventId":"jtnbfc7hsd01wvy","operationId":"urm38mra2cg60eg","previousOperationId":"x7jzjor9nji7joz"}
{"type":"log","timestamp":1701784552732,"level":"debug","message":"Executing recipe chrome-pdf","meta":{"rootId":"fl38evvh9brwlbo","id":"fl38evvh9brwlbo"},"id":"snzrszb438phbfw","previousOperationId":"urm38mra2cg60eg"}
{"type":"log","timestamp":1701784552734,"level":"debug","message":"Converting with chrome HeadlessChrome/117.0.5938.149 using chrome-pool strategy","meta":{"rootId":"fl38evvh9brwlbo","id":"fl38evvh9brwlbo"},"id":"5wwpgvfbqzrs9gd","previousOperationId":"urm38mra2cg60eg"}
{"type":"log","timestamp":1701784552781,"level":"debug","message":"Page request: GET (document) file:///var/folders/dp/qk79pfcj0y1fmtkkl08m76rc0000gn/T/jsreport/autocleanup/52225b65-9bdb-4d95-a574-99ad3620495c-chrome-pdf.html","meta":{"rootId":"fl38evvh9brwlbo","id":"fl38evvh9brwlbo"},"id":"xrilig2s8wbcafx","previousOperationId":"urm38mra2cg60eg"}
{"type":"log","timestamp":1701784552786,"level":"debug","message":"Page request finished: GET (document) 200 file:///var/folders/dp/qk79pfcj0y1fmtkkl08m76rc0000gn/T/jsreport/autocleanup/52225b65-9bdb-4d95-a574-99ad3620495c-chrome-pdf.html","meta":{"rootId":"fl38evvh9brwlbo","id":"fl38evvh9brwlbo"},"id":"4mz1whpauvlpoqm","previousOperationId":"urm38mra2cg60eg"}
{"type":"log","timestamp":1701784552797,"level":"debug","message":"Running chrome with params {\"printBackground\":true,\"width\":\"7cm\",\"height\":\"3000px\",\"timeout\":59964,\"margin\":{}}","meta":{"rootId":"fl38evvh9brwlbo","id":"fl38evvh9brwlbo"},"id":"wkvk7iibd2kqi5a","previousOperationId":"urm38mra2cg60eg"}
{"type":"operationEnd","operationId":"urm38mra2cg60eg","timestamp":1701784552829,"id":"8w6am83oio737c3","previousEventId":"ic2dk6zwa3nx7nm","previousOperationId":"urm38mra2cg60eg"}
{"type":"log","timestamp":1701784552829,"level":"debug","message":"Skipping storing report.","meta":{"rootId":"fl38evvh9brwlbo","id":"fl38evvh9brwlbo"},"id":"op3a03kl05nulbk","previousOperationId":"urm38mra2cg60eg"}
{"type":"log","timestamp":1701784552829,"level":"info","message":"Rendering request 8 finished in 132 ms","meta":{"rootId":"fl38evvh9brwlbo","id":"fl38evvh9brwlbo"},"id":"sujdxyc9vky5i73","previousOperationId":"urm38mra2cg60eg"}
{"type":"operationEnd","subtype":"render","operationId":"bq1fd4of1i4l3jf","timestamp":1701784552829,"id":"eb6beboibcuccsl","previousEventId":"8w6am83oio737c3","previousOperationId":"urm38mra2cg60eg"}
{"type":"operationEnd","doDiffs":false,"previousEventId":"jf2twma58t50fve","previousOperationId":"j5hpc9psyzp5i82","operationId":"j5hpc9psyzp5i82","timestamp":1701784552831,"id":"l2wr5gyxt2wfrv1"}
