{"type":"operationStart","subtype":"profile","data":{"_id":"B5rWsXcagUhLljbJ","timestamp":"2023-11-27T18:36:00.190Z","state":"queued","mode":"standard","creationDate":"2023-11-27T18:36:00.191Z","modificationDate":"2023-11-27T18:36:00.191Z","shortid":"EzbMgMb","$entitySet":"profiles"},"doDiffs":false,"timestamp":1701110160191,"id":"9v7947vlq4nehbx","previousOperationId":null,"operationId":"aqexqcyxmr2taj0"}
{"type":"log","level":"info","message":"Render request 22 queued for execution and waiting for available worker","previousOperationId":"aqexqcyxmr2taj0","timestamp":1701110160191,"id":"2bjp06mbc032ve9"}
{"type":"operationStart","subtype":"render","name":"pmo_slip_index","previousOperationId":"aqexqcyxmr2taj0","timestamp":1701110160196,"id":"3ju46y6oqkhwuoq","previousEventId":"9v7947vlq4nehbx","operationId":"otl58u5o7silxzf"}
{"type":"log","timestamp":1701110160196,"level":"info","message":"Starting rendering request 22","meta":{"rootId":"forbvola033tzsk","id":"forbvola033tzsk"},"id":"hx0do6fmq9c3087","previousOperationId":"otl58u5o7silxzf"}
{"type":"log","timestamp":1701110160196,"level":"info","message":"Rendering template { name: pmo_slip_index, recipe: chrome-pdf, engine: handlebars, preview: true }","meta":{"rootId":"forbvola033tzsk","id":"forbvola033tzsk"},"id":"k7vr648iys6t08l","previousOperationId":"otl58u5o7silxzf"}
{"type":"log","timestamp":1701110160197,"level":"debug","message":"Adding sample data flbhzmKcJ","meta":{"rootId":"forbvola033tzsk","id":"forbvola033tzsk"},"id":"peazyv5fd6x3vwg","previousOperationId":"otl58u5o7silxzf"}
{"type":"log","timestamp":1701110160199,"level":"debug","message":"Base url not specified, skipping its injection.","meta":{"rootId":"forbvola033tzsk","id":"forbvola033tzsk"},"id":"hdjj3imxinq9uuy","previousOperationId":"otl58u5o7silxzf"}
{"type":"operationStart","subtype":"engine","name":"handlebars","timestamp":1701110160199,"id":"exhveuw8e7l3i7z","previousEventId":"3ju46y6oqkhwuoq","operationId":"3qh2rrvegs2pbm8","previousOperationId":"otl58u5o7silxzf"}
{"type":"log","timestamp":1701110160199,"level":"debug","message":"Rendering engine handlebars","meta":{"rootId":"forbvola033tzsk","id":"forbvola033tzsk"},"id":"ft7lyp2093q74ni","previousOperationId":"3qh2rrvegs2pbm8"}
{"type":"operationEnd","operationId":"3qh2rrvegs2pbm8","timestamp":1701110160215,"id":"ythnv4x89nz9uup","previousEventId":"exhveuw8e7l3i7z","previousOperationId":"3qh2rrvegs2pbm8"}
{"type":"operationStart","subtype":"recipe","name":"chrome-pdf","timestamp":1701110160215,"id":"9u8fxe1i09dz57x","previousEventId":"ythnv4x89nz9uup","operationId":"jw2m9rx969c9nwb","previousOperationId":"3qh2rrvegs2pbm8"}
{"type":"log","timestamp":1701110160215,"level":"debug","message":"Executing recipe chrome-pdf","meta":{"rootId":"forbvola033tzsk","id":"forbvola033tzsk"},"id":"s3fr4d6og3qqbiz","previousOperationId":"jw2m9rx969c9nwb"}
{"type":"log","timestamp":1701110160216,"level":"debug","message":"Converting with chrome HeadlessChrome/117.0.5938.149 using chrome-pool strategy","meta":{"rootId":"forbvola033tzsk","id":"forbvola033tzsk"},"id":"hrmqdi0xbhl6mrm","previousOperationId":"jw2m9rx969c9nwb"}
{"type":"log","timestamp":1701110160258,"level":"debug","message":"Page request: GET (document) file:///var/folders/dp/qk79pfcj0y1fmtkkl08m76rc0000gn/T/jsreport/autocleanup/b8aa1c78-52a8-4165-b8df-c8fca8fc7f98-chrome-pdf.html","meta":{"rootId":"forbvola033tzsk","id":"forbvola033tzsk"},"id":"rmyhu0wlj30h517","previousOperationId":"jw2m9rx969c9nwb"}
{"type":"log","timestamp":1701110160265,"level":"debug","message":"Page request finished: GET (document) 200 file:///var/folders/dp/qk79pfcj0y1fmtkkl08m76rc0000gn/T/jsreport/autocleanup/b8aa1c78-52a8-4165-b8df-c8fca8fc7f98-chrome-pdf.html","meta":{"rootId":"forbvola033tzsk","id":"forbvola033tzsk"},"id":"t0zhdkndirf3ulj","previousOperationId":"jw2m9rx969c9nwb"}
{"type":"log","timestamp":1701110160270,"level":"debug","message":"Running chrome with params {\"printBackground\":true,\"width\":\"7cm\",\"height\":\"30cm\",\"timeout\":59974,\"margin\":{}}","meta":{"rootId":"forbvola033tzsk","id":"forbvola033tzsk"},"id":"8wx494vkbk2a5s7","previousOperationId":"jw2m9rx969c9nwb"}
{"type":"operationEnd","operationId":"jw2m9rx969c9nwb","timestamp":1701110160283,"id":"tftopttokwfxnel","previousEventId":"9u8fxe1i09dz57x","previousOperationId":"jw2m9rx969c9nwb"}
{"type":"log","timestamp":1701110160283,"level":"debug","message":"Skipping storing report.","meta":{"rootId":"forbvola033tzsk","id":"forbvola033tzsk"},"id":"p925n8gujf3l5b3","previousOperationId":"jw2m9rx969c9nwb"}
{"type":"log","timestamp":1701110160283,"level":"info","message":"Rendering request 22 finished in 93 ms","meta":{"rootId":"forbvola033tzsk","id":"forbvola033tzsk"},"id":"5wqqf60z6vvw6j1","previousOperationId":"jw2m9rx969c9nwb"}
{"type":"operationEnd","subtype":"render","operationId":"otl58u5o7silxzf","timestamp":1701110160283,"id":"mxoq8ap7pfiucai","previousEventId":"tftopttokwfxnel","previousOperationId":"jw2m9rx969c9nwb"}
{"type":"operationEnd","doDiffs":false,"previousEventId":"9v7947vlq4nehbx","previousOperationId":"aqexqcyxmr2taj0","operationId":"aqexqcyxmr2taj0","timestamp":1701110160286,"id":"tagogiyxiyy44ro"}
