{"type":"operationStart","subtype":"profile","data":{"_id":"t8WN6i2GEasxx3nD","timestamp":"2023-11-27T18:53:40.170Z","state":"queued","mode":"standard","creationDate":"2023-11-27T18:53:40.172Z","modificationDate":"2023-11-27T18:53:40.172Z","shortid":"yLF7td5","$entitySet":"profiles"},"doDiffs":false,"timestamp":1701111220171,"id":"w19xtedthq7rotv","previousOperationId":null,"operationId":"ahbhnjhbq1d4pzh"}
{"type":"log","level":"info","message":"Render request 35 queued for execution and waiting for available worker","previousOperationId":"ahbhnjhbq1d4pzh","timestamp":1701111220171,"id":"9lij2zgyw84fziq"}
{"type":"operationStart","subtype":"render","name":"pmo_slip_index","previousOperationId":"ahbhnjhbq1d4pzh","timestamp":1701111220184,"id":"aebutn0z2tp59a1","previousEventId":"w19xtedthq7rotv","operationId":"0indndxrvviyjfu"}
{"type":"log","timestamp":1701111220185,"level":"info","message":"Starting rendering request 35","meta":{"rootId":"fxj7n7mnr1k8blk","id":"fxj7n7mnr1k8blk"},"id":"09pq3j5t2tqxkb1","previousOperationId":"0indndxrvviyjfu"}
{"type":"log","timestamp":1701111220185,"level":"info","message":"Rendering template { name: pmo_slip_index, recipe: chrome-pdf, engine: handlebars, preview: true }","meta":{"rootId":"fxj7n7mnr1k8blk","id":"fxj7n7mnr1k8blk"},"id":"r6quz3s96i1idxx","previousOperationId":"0indndxrvviyjfu"}
{"type":"log","timestamp":1701111220185,"level":"debug","message":"Inline data specified.","meta":{"rootId":"fxj7n7mnr1k8blk","id":"fxj7n7mnr1k8blk"},"id":"c21pb5lf079rygn","previousOperationId":"0indndxrvviyjfu"}
{"type":"log","timestamp":1701111220188,"level":"debug","message":"Base url not specified, skipping its injection.","meta":{"rootId":"fxj7n7mnr1k8blk","id":"fxj7n7mnr1k8blk"},"id":"7c847ys7o8yc6kw","previousOperationId":"0indndxrvviyjfu"}
{"type":"operationStart","subtype":"engine","name":"handlebars","timestamp":1701111220188,"id":"qjhmop6kydty0pm","previousEventId":"aebutn0z2tp59a1","operationId":"c34ns14gd07k87n","previousOperationId":"0indndxrvviyjfu"}
{"type":"log","timestamp":1701111220188,"level":"debug","message":"Rendering engine handlebars","meta":{"rootId":"fxj7n7mnr1k8blk","id":"fxj7n7mnr1k8blk"},"id":"11npmaj1zuzux8q","previousOperationId":"c34ns14gd07k87n"}
{"type":"operationEnd","operationId":"c34ns14gd07k87n","timestamp":1701111220199,"id":"n08lxgxrsz5iy1j","previousEventId":"qjhmop6kydty0pm","previousOperationId":"c34ns14gd07k87n"}
{"type":"operationStart","subtype":"recipe","name":"chrome-pdf","timestamp":1701111220199,"id":"qwwn6sy6qr6a7bd","previousEventId":"n08lxgxrsz5iy1j","operationId":"q0xu7c8xtqay4af","previousOperationId":"c34ns14gd07k87n"}
{"type":"log","timestamp":1701111220199,"level":"debug","message":"Executing recipe chrome-pdf","meta":{"rootId":"fxj7n7mnr1k8blk","id":"fxj7n7mnr1k8blk"},"id":"9g3rvhbjzh6gubk","previousOperationId":"q0xu7c8xtqay4af"}
{"type":"log","timestamp":1701111220200,"level":"debug","message":"Converting with chrome HeadlessChrome/117.0.5938.149 using chrome-pool strategy","meta":{"rootId":"fxj7n7mnr1k8blk","id":"fxj7n7mnr1k8blk"},"id":"2xlcfwivswtj9ro","previousOperationId":"q0xu7c8xtqay4af"}
{"type":"log","timestamp":1701111220239,"level":"debug","message":"Page request: GET (document) file:///var/folders/dp/qk79pfcj0y1fmtkkl08m76rc0000gn/T/jsreport/autocleanup/a01d0739-2a56-4945-9369-9315713536ba-chrome-pdf.html","meta":{"rootId":"fxj7n7mnr1k8blk","id":"fxj7n7mnr1k8blk"},"id":"b1djkyiks4f0b82","previousOperationId":"q0xu7c8xtqay4af"}
{"type":"log","timestamp":1701111220245,"level":"debug","message":"Page request finished: GET (document) 200 file:///var/folders/dp/qk79pfcj0y1fmtkkl08m76rc0000gn/T/jsreport/autocleanup/a01d0739-2a56-4945-9369-9315713536ba-chrome-pdf.html","meta":{"rootId":"fxj7n7mnr1k8blk","id":"fxj7n7mnr1k8blk"},"id":"g0pbzoz96zdu7i8","previousOperationId":"q0xu7c8xtqay4af"}
{"type":"log","timestamp":1701111220253,"level":"debug","message":"Running chrome with params {\"printBackground\":true,\"width\":\"7cm\",\"height\":\"30cm\",\"timeout\":59971,\"margin\":{}}","meta":{"rootId":"fxj7n7mnr1k8blk","id":"fxj7n7mnr1k8blk"},"id":"v5y9nod0l1oq9rx","previousOperationId":"q0xu7c8xtqay4af"}
{"type":"operationEnd","operationId":"q0xu7c8xtqay4af","timestamp":1701111220268,"id":"49b284vt6oc1yfp","previousEventId":"qwwn6sy6qr6a7bd","previousOperationId":"q0xu7c8xtqay4af"}
{"type":"log","timestamp":1701111220268,"level":"debug","message":"Skipping storing report.","meta":{"rootId":"fxj7n7mnr1k8blk","id":"fxj7n7mnr1k8blk"},"id":"j8p6xfwybzsha8j","previousOperationId":"q0xu7c8xtqay4af"}
{"type":"log","timestamp":1701111220269,"level":"info","message":"Rendering request 35 finished in 99 ms","meta":{"rootId":"fxj7n7mnr1k8blk","id":"fxj7n7mnr1k8blk"},"id":"bra5e9njaxw7xgr","previousOperationId":"q0xu7c8xtqay4af"}
{"type":"operationEnd","subtype":"render","operationId":"0indndxrvviyjfu","timestamp":1701111220269,"id":"tjycmze7grdx2fy","previousEventId":"49b284vt6oc1yfp","previousOperationId":"q0xu7c8xtqay4af"}
{"type":"operationEnd","doDiffs":false,"previousEventId":"w19xtedthq7rotv","previousOperationId":"ahbhnjhbq1d4pzh","operationId":"ahbhnjhbq1d4pzh","timestamp":1701111220271,"id":"i2me6m9lyg93boj"}
