{"type":"operationStart","subtype":"profile","data":{"_id":"rHn9GXFKDQOm8KaD","timestamp":"2023-11-27T18:58:14.950Z","state":"queued","mode":"standard","creationDate":"2023-11-27T18:58:14.951Z","modificationDate":"2023-11-27T18:58:14.951Z","shortid":"0OiQ6sw","$entitySet":"profiles"},"doDiffs":false,"timestamp":1701111494951,"id":"ukmtd676xd63twr","previousOperationId":null,"operationId":"vs4owr4ssb6dpk6"}
{"type":"log","level":"info","message":"Render request 44 queued for execution and waiting for available worker","previousOperationId":"vs4owr4ssb6dpk6","timestamp":1701111494951,"id":"5bbcheg20qn29rv"}
{"type":"operationStart","subtype":"render","name":"pmo_slip_index","previousOperationId":"vs4owr4ssb6dpk6","timestamp":1701111494959,"id":"1azh8edkse3k92l","previousEventId":"ukmtd676xd63twr","operationId":"9bm1pk426pmyb6y"}
{"type":"log","timestamp":1701111494959,"level":"info","message":"Starting rendering request 44","meta":{"rootId":"h2abq83e9z55mn8","id":"h2abq83e9z55mn8"},"id":"9jlql9dtrkxqak0","previousOperationId":"9bm1pk426pmyb6y"}
{"type":"log","timestamp":1701111494959,"level":"info","message":"Rendering template { name: pmo_slip_index, recipe: chrome-pdf, engine: handlebars, preview: true }","meta":{"rootId":"h2abq83e9z55mn8","id":"h2abq83e9z55mn8"},"id":"o56skc1h1zzmoye","previousOperationId":"9bm1pk426pmyb6y"}
{"type":"log","timestamp":1701111494960,"level":"debug","message":"Inline data specified.","meta":{"rootId":"h2abq83e9z55mn8","id":"h2abq83e9z55mn8"},"id":"5v1nmw2nnj6g4is","previousOperationId":"9bm1pk426pmyb6y"}
{"type":"log","timestamp":1701111494960,"level":"debug","message":"Base url not specified, skipping its injection.","meta":{"rootId":"h2abq83e9z55mn8","id":"h2abq83e9z55mn8"},"id":"6jghobio24xs7w3","previousOperationId":"9bm1pk426pmyb6y"}
{"type":"operationStart","subtype":"engine","name":"handlebars","timestamp":1701111494961,"id":"inf3ilyonp9nohm","previousEventId":"1azh8edkse3k92l","operationId":"sq7ceq26vl0v9ql","previousOperationId":"9bm1pk426pmyb6y"}
{"type":"log","timestamp":1701111494961,"level":"debug","message":"Rendering engine handlebars","meta":{"rootId":"h2abq83e9z55mn8","id":"h2abq83e9z55mn8"},"id":"qli4mo851bwvh31","previousOperationId":"sq7ceq26vl0v9ql"}
{"type":"operationEnd","operationId":"sq7ceq26vl0v9ql","timestamp":1701111494974,"id":"vskg7hl2h6wys5r","previousEventId":"inf3ilyonp9nohm","previousOperationId":"sq7ceq26vl0v9ql"}
{"type":"operationStart","subtype":"recipe","name":"chrome-pdf","timestamp":1701111494974,"id":"xf3q89ob3x9g6f7","previousEventId":"vskg7hl2h6wys5r","operationId":"xg0rqpikz7llptq","previousOperationId":"sq7ceq26vl0v9ql"}
{"type":"log","timestamp":1701111494974,"level":"debug","message":"Executing recipe chrome-pdf","meta":{"rootId":"h2abq83e9z55mn8","id":"h2abq83e9z55mn8"},"id":"ivwc03kxrnuzm7p","previousOperationId":"xg0rqpikz7llptq"}
{"type":"log","timestamp":1701111494976,"level":"debug","message":"Converting with chrome HeadlessChrome/117.0.5938.149 using chrome-pool strategy","meta":{"rootId":"h2abq83e9z55mn8","id":"h2abq83e9z55mn8"},"id":"psh2aoh2knk3sou","previousOperationId":"xg0rqpikz7llptq"}
{"type":"log","timestamp":1701111495016,"level":"debug","message":"Page request: GET (document) file:///var/folders/dp/qk79pfcj0y1fmtkkl08m76rc0000gn/T/jsreport/autocleanup/7ec84fbe-7531-4ab2-959a-fac3e1bae7c9-chrome-pdf.html","meta":{"rootId":"h2abq83e9z55mn8","id":"h2abq83e9z55mn8"},"id":"jf7qlwl895schyv","previousOperationId":"xg0rqpikz7llptq"}
{"type":"log","timestamp":1701111495022,"level":"debug","message":"Page request finished: GET (document) 200 file:///var/folders/dp/qk79pfcj0y1fmtkkl08m76rc0000gn/T/jsreport/autocleanup/7ec84fbe-7531-4ab2-959a-fac3e1bae7c9-chrome-pdf.html","meta":{"rootId":"h2abq83e9z55mn8","id":"h2abq83e9z55mn8"},"id":"yhkebd59rzd07d1","previousOperationId":"xg0rqpikz7llptq"}
{"type":"log","timestamp":1701111495028,"level":"debug","message":"Running chrome with params {\"printBackground\":true,\"width\":\"7cm\",\"height\":\"30cm\",\"timeout\":59975,\"margin\":{}}","meta":{"rootId":"h2abq83e9z55mn8","id":"h2abq83e9z55mn8"},"id":"327osomp10x2nmy","previousOperationId":"xg0rqpikz7llptq"}
{"type":"operationEnd","operationId":"xg0rqpikz7llptq","timestamp":1701111495044,"id":"nwj6xwkdwfmwq0a","previousEventId":"xf3q89ob3x9g6f7","previousOperationId":"xg0rqpikz7llptq"}
{"type":"log","timestamp":1701111495044,"level":"debug","message":"Skipping storing report.","meta":{"rootId":"h2abq83e9z55mn8","id":"h2abq83e9z55mn8"},"id":"qaex3nrbpb8kebn","previousOperationId":"xg0rqpikz7llptq"}
{"type":"log","timestamp":1701111495044,"level":"info","message":"Rendering request 44 finished in 94 ms","meta":{"rootId":"h2abq83e9z55mn8","id":"h2abq83e9z55mn8"},"id":"wyvvi5wkv1gabt9","previousOperationId":"xg0rqpikz7llptq"}
{"type":"operationEnd","subtype":"render","operationId":"9bm1pk426pmyb6y","timestamp":1701111495044,"id":"iifmkdgwxev86hk","previousEventId":"nwj6xwkdwfmwq0a","previousOperationId":"xg0rqpikz7llptq"}
{"type":"operationEnd","doDiffs":false,"previousEventId":"ukmtd676xd63twr","previousOperationId":"vs4owr4ssb6dpk6","operationId":"vs4owr4ssb6dpk6","timestamp":1701111495046,"id":"gz3l6u8j71wmpq7"}
