{"type":"operationStart","subtype":"profile","data":{"_id":"sva0RKB7pNab2UrM","timestamp":"2023-12-01T10:31:33.675Z","state":"queued","mode":"standard","creationDate":"2023-12-01T10:31:33.676Z","modificationDate":"2023-12-01T10:31:33.676Z","shortid":"lcuSl4l","$entitySet":"profiles"},"doDiffs":false,"timestamp":1701426693676,"id":"a1pajeucccq153p","previousOperationId":null,"operationId":"mf7ud4rpac3os5o"}
{"type":"log","level":"info","message":"Render request 91 queued for execution and waiting for available worker","previousOperationId":"mf7ud4rpac3os5o","timestamp":1701426693676,"id":"tauoj3feosufx1f"}
{"type":"operationStart","subtype":"render","name":"pmo_slip_index","previousOperationId":"mf7ud4rpac3os5o","timestamp":1701426693682,"id":"q2s8ydd5a5j81er","previousEventId":"a1pajeucccq153p","operationId":"gtd222ozhjqrx54"}
{"type":"log","timestamp":1701426693682,"level":"info","message":"Starting rendering request 91","meta":{"rootId":"hbucgo9r8l708t2","id":"hbucgo9r8l708t2"},"id":"yf6pubxffcxk7ok","previousOperationId":"gtd222ozhjqrx54"}
{"type":"log","timestamp":1701426693682,"level":"info","message":"Rendering template { name: pmo_slip_index, recipe: chrome-pdf, engine: handlebars, preview: true }","meta":{"rootId":"hbucgo9r8l708t2","id":"hbucgo9r8l708t2"},"id":"bgmrjj8nm9o266l","previousOperationId":"gtd222ozhjqrx54"}
{"type":"log","timestamp":1701426693683,"level":"debug","message":"Adding sample data VeFzNfc","meta":{"rootId":"hbucgo9r8l708t2","id":"hbucgo9r8l708t2"},"id":"cws1n513cnou95n","previousOperationId":"gtd222ozhjqrx54"}
{"type":"log","timestamp":1701426693684,"level":"debug","message":"Base url not specified, skipping its injection.","meta":{"rootId":"hbucgo9r8l708t2","id":"hbucgo9r8l708t2"},"id":"11c6srrssdthm82","previousOperationId":"gtd222ozhjqrx54"}
{"type":"operationStart","subtype":"engine","name":"handlebars","timestamp":1701426693684,"id":"3rms3oc0bl8f5ru","previousEventId":"q2s8ydd5a5j81er","operationId":"i4d7l5wwh6nvq0b","previousOperationId":"gtd222ozhjqrx54"}
{"type":"log","timestamp":1701426693684,"level":"debug","message":"Rendering engine handlebars","meta":{"rootId":"hbucgo9r8l708t2","id":"hbucgo9r8l708t2"},"id":"nz3st4ss0tg6ilm","previousOperationId":"i4d7l5wwh6nvq0b"}
{"type":"operationEnd","operationId":"i4d7l5wwh6nvq0b","timestamp":1701426693697,"id":"8vuzdf9xt3jhyip","previousEventId":"3rms3oc0bl8f5ru","previousOperationId":"i4d7l5wwh6nvq0b"}
{"type":"operationStart","subtype":"recipe","name":"chrome-pdf","timestamp":1701426693697,"id":"yl1guq4mkm68wsg","previousEventId":"8vuzdf9xt3jhyip","operationId":"q9htwyr25ai2qjb","previousOperationId":"i4d7l5wwh6nvq0b"}
{"type":"log","timestamp":1701426693697,"level":"debug","message":"Executing recipe chrome-pdf","meta":{"rootId":"hbucgo9r8l708t2","id":"hbucgo9r8l708t2"},"id":"4myvt4zmpmmhgcr","previousOperationId":"q9htwyr25ai2qjb"}
{"type":"log","timestamp":1701426693699,"level":"debug","message":"Converting with chrome HeadlessChrome/117.0.5938.149 using chrome-pool strategy","meta":{"rootId":"hbucgo9r8l708t2","id":"hbucgo9r8l708t2"},"id":"p64gzyf94kxekli","previousOperationId":"q9htwyr25ai2qjb"}
{"type":"log","timestamp":1701426693743,"level":"debug","message":"Page request: GET (document) file:///var/folders/dp/qk79pfcj0y1fmtkkl08m76rc0000gn/T/jsreport/autocleanup/7acc4716-0e60-4d0d-9c9b-9344b1582284-chrome-pdf.html","meta":{"rootId":"hbucgo9r8l708t2","id":"hbucgo9r8l708t2"},"id":"sglwp2hkkexttur","previousOperationId":"q9htwyr25ai2qjb"}
{"type":"log","timestamp":1701426693747,"level":"debug","message":"Page request finished: GET (document) 200 file:///var/folders/dp/qk79pfcj0y1fmtkkl08m76rc0000gn/T/jsreport/autocleanup/7acc4716-0e60-4d0d-9c9b-9344b1582284-chrome-pdf.html","meta":{"rootId":"hbucgo9r8l708t2","id":"hbucgo9r8l708t2"},"id":"zpmuo0osa9asu0x","previousOperationId":"q9htwyr25ai2qjb"}
{"type":"log","timestamp":1701426693758,"level":"debug","message":"Running chrome with params {\"printBackground\":true,\"width\":\"7cm\",\"height\":\"30cm\",\"timeout\":59976,\"margin\":{}}","meta":{"rootId":"hbucgo9r8l708t2","id":"hbucgo9r8l708t2"},"id":"2i1t44riolcj1nq","previousOperationId":"q9htwyr25ai2qjb"}
{"type":"operationEnd","operationId":"q9htwyr25ai2qjb","timestamp":1701426693778,"id":"rdmdmrxz0icr7yr","previousEventId":"yl1guq4mkm68wsg","previousOperationId":"q9htwyr25ai2qjb"}
{"type":"log","timestamp":1701426693778,"level":"debug","message":"Skipping storing report.","meta":{"rootId":"hbucgo9r8l708t2","id":"hbucgo9r8l708t2"},"id":"oluw0dxjgt53ebs","previousOperationId":"q9htwyr25ai2qjb"}
{"type":"log","timestamp":1701426693778,"level":"info","message":"Rendering request 91 finished in 103 ms","meta":{"rootId":"hbucgo9r8l708t2","id":"hbucgo9r8l708t2"},"id":"mdlfa2rkto1ai9o","previousOperationId":"q9htwyr25ai2qjb"}
{"type":"operationEnd","subtype":"render","operationId":"gtd222ozhjqrx54","timestamp":1701426693778,"id":"dco4kgbon0hs6al","previousEventId":"rdmdmrxz0icr7yr","previousOperationId":"q9htwyr25ai2qjb"}
{"type":"operationEnd","doDiffs":false,"previousEventId":"a1pajeucccq153p","previousOperationId":"mf7ud4rpac3os5o","operationId":"mf7ud4rpac3os5o","timestamp":1701426693779,"id":"owlkt5iv3ckpgtr"}
