{"type":"operationStart","subtype":"profile","data":{"_id":"8HT6vdm5G44SSGXA","timestamp":"2023-12-06T11:14:48.739Z","state":"queued","mode":"standard","creationDate":"2023-12-06T11:14:48.740Z","modificationDate":"2023-12-06T11:14:48.740Z","shortid":"I2V0ZlQ","$entitySet":"profiles"},"doDiffs":false,"timestamp":1701861288740,"id":"nwwjcwutecyj7vs","previousOperationId":null,"operationId":"h9giw7glbl993dw"}
{"type":"log","level":"info","message":"Render request 109 queued for execution and waiting for available worker","previousOperationId":"h9giw7glbl993dw","timestamp":1701861288740,"id":"7ca1uwjoywsm5u3"}
{"type":"operationStart","subtype":"render","name":"pmo_slip_index","previousOperationId":"h9giw7glbl993dw","timestamp":1701861288753,"id":"vzzzk95iyh746ns","previousEventId":"nwwjcwutecyj7vs","operationId":"p1nr1sxxlaj24jy"}
{"type":"log","timestamp":1701861288754,"level":"info","message":"Starting rendering request 109","meta":{"rootId":"hv3raz3i4oto40z","id":"hv3raz3i4oto40z"},"id":"8ogvdyuobdyiwtt","previousOperationId":"p1nr1sxxlaj24jy"}
{"type":"log","timestamp":1701861288755,"level":"info","message":"Rendering template { name: pmo_slip_index, recipe: chrome-pdf, engine: handlebars, preview: true }","meta":{"rootId":"hv3raz3i4oto40z","id":"hv3raz3i4oto40z"},"id":"3q7x2btsz12lkwu","previousOperationId":"p1nr1sxxlaj24jy"}
{"type":"log","timestamp":1701861288758,"level":"debug","message":"Inline data specified.","meta":{"rootId":"hv3raz3i4oto40z","id":"hv3raz3i4oto40z"},"id":"3f4vgy33ejlv6iw","previousOperationId":"p1nr1sxxlaj24jy"}
{"type":"log","timestamp":1701861288759,"level":"debug","message":"Base url not specified, skipping its injection.","meta":{"rootId":"hv3raz3i4oto40z","id":"hv3raz3i4oto40z"},"id":"zy9u0ea692dgt93","previousOperationId":"p1nr1sxxlaj24jy"}
{"type":"log","timestamp":1701861288760,"level":"debug","message":"Replaced assets [\"styles.css\"]","meta":{"rootId":"hv3raz3i4oto40z","id":"hv3raz3i4oto40z"},"id":"i547nmqc37g5c6k","previousOperationId":"p1nr1sxxlaj24jy"}
{"type":"operationStart","subtype":"engine","name":"handlebars","timestamp":1701861288760,"id":"xcoqoqxyitu9871","previousEventId":"vzzzk95iyh746ns","operationId":"2t6xqldlgh9j75m","previousOperationId":"p1nr1sxxlaj24jy"}
{"type":"log","timestamp":1701861288760,"level":"debug","message":"Rendering engine handlebars","meta":{"rootId":"hv3raz3i4oto40z","id":"hv3raz3i4oto40z"},"id":"s7l5m8mi96loqkv","previousOperationId":"2t6xqldlgh9j75m"}
{"type":"operationEnd","operationId":"2t6xqldlgh9j75m","timestamp":1701861288774,"id":"rsio6myz4olwsq5","previousEventId":"xcoqoqxyitu9871","previousOperationId":"2t6xqldlgh9j75m"}
{"type":"operationStart","subtype":"recipe","name":"chrome-pdf","timestamp":1701861288774,"id":"a8ksv80tfme805j","previousEventId":"rsio6myz4olwsq5","operationId":"mm883kiymurx5jn","previousOperationId":"2t6xqldlgh9j75m"}
{"type":"log","timestamp":1701861288774,"level":"debug","message":"Executing recipe chrome-pdf","meta":{"rootId":"hv3raz3i4oto40z","id":"hv3raz3i4oto40z"},"id":"nle42gnqw2g5anf","previousOperationId":"mm883kiymurx5jn"}
{"type":"log","timestamp":1701861288895,"level":"debug","message":"Converting with chrome HeadlessChrome/117.0.5938.149 using chrome-pool strategy","meta":{"rootId":"hv3raz3i4oto40z","id":"hv3raz3i4oto40z"},"id":"83y52wr3t38mjjm","previousOperationId":"mm883kiymurx5jn"}
{"type":"log","timestamp":1701861288959,"level":"debug","message":"Page request: GET (document) file:///var/folders/dp/qk79pfcj0y1fmtkkl08m76rc0000gn/T/jsreport/autocleanup/13c7ecec-2985-44f2-b305-bffaf0c85069-chrome-pdf.html","meta":{"rootId":"hv3raz3i4oto40z","id":"hv3raz3i4oto40z"},"id":"qa4xh0mfx4e05ns","previousOperationId":"mm883kiymurx5jn"}
{"type":"log","timestamp":1701861288967,"level":"debug","message":"Page request finished: GET (document) 200 file:///var/folders/dp/qk79pfcj0y1fmtkkl08m76rc0000gn/T/jsreport/autocleanup/13c7ecec-2985-44f2-b305-bffaf0c85069-chrome-pdf.html","meta":{"rootId":"hv3raz3i4oto40z","id":"hv3raz3i4oto40z"},"id":"inplau6hnv1atvt","previousOperationId":"mm883kiymurx5jn"}
{"type":"log","timestamp":1701861288971,"level":"debug","message":"Running chrome with params {\"printBackground\":true,\"width\":\"7cm\",\"height\":\"20cm\",\"timeout\":59964,\"margin\":{}}","meta":{"rootId":"hv3raz3i4oto40z","id":"hv3raz3i4oto40z"},"id":"hljsr5henwzgvk9","previousOperationId":"mm883kiymurx5jn"}
{"type":"operationEnd","operationId":"mm883kiymurx5jn","timestamp":1701861288996,"id":"06hn8g98cwn4sze","previousEventId":"a8ksv80tfme805j","previousOperationId":"mm883kiymurx5jn"}
{"type":"log","timestamp":1701861288996,"level":"debug","message":"Skipping storing report.","meta":{"rootId":"hv3raz3i4oto40z","id":"hv3raz3i4oto40z"},"id":"6rbgo6kj25xmd4e","previousOperationId":"mm883kiymurx5jn"}
{"type":"log","timestamp":1701861288996,"level":"info","message":"Rendering request 109 finished in 257 ms","meta":{"rootId":"hv3raz3i4oto40z","id":"hv3raz3i4oto40z"},"id":"ix8c4s0iyslgx9r","previousOperationId":"mm883kiymurx5jn"}
{"type":"operationEnd","subtype":"render","operationId":"p1nr1sxxlaj24jy","timestamp":1701861288996,"id":"mpgwv2l4tujh02b","previousEventId":"06hn8g98cwn4sze","previousOperationId":"mm883kiymurx5jn"}
{"type":"operationEnd","doDiffs":false,"previousEventId":"nwwjcwutecyj7vs","previousOperationId":"h9giw7glbl993dw","operationId":"h9giw7glbl993dw","timestamp":1701861288998,"id":"5guv1i1579kkjrs"}
