{"type":"operationStart","subtype":"profile","data":{"_id":"YPAASd4sLkcIpmqu","timestamp":"2023-12-01T11:07:26.327Z","state":"queued","mode":"standard","creationDate":"2023-12-01T11:07:26.328Z","modificationDate":"2023-12-01T11:07:26.328Z","shortid":"MsMBfOe","$entitySet":"profiles"},"doDiffs":false,"timestamp":1701428846327,"id":"2pl82tha39hclp4","previousOperationId":null,"operationId":"24l8allw6o75p5z"}
{"type":"log","level":"info","message":"Render request 94 queued for execution and waiting for available worker","previousOperationId":"24l8allw6o75p5z","timestamp":1701428846327,"id":"3xfchry6ubta31p"}
{"type":"operationStart","subtype":"render","name":"pmo_slip_index","previousOperationId":"24l8allw6o75p5z","timestamp":1701428846337,"id":"t2o6809ysmwivmv","previousEventId":"2pl82tha39hclp4","operationId":"fumoe802yg9s37k"}
{"type":"log","timestamp":1701428846337,"level":"info","message":"Starting rendering request 94","meta":{"rootId":"i44ut9z8ugmvxv1","id":"i44ut9z8ugmvxv1"},"id":"vqjxgyod7v8khd2","previousOperationId":"fumoe802yg9s37k"}
{"type":"log","timestamp":1701428846337,"level":"info","message":"Rendering template { name: pmo_slip_index, recipe: chrome-pdf, engine: handlebars, preview: true }","meta":{"rootId":"i44ut9z8ugmvxv1","id":"i44ut9z8ugmvxv1"},"id":"ppx8780wbrrdkkg","previousOperationId":"fumoe802yg9s37k"}
{"type":"log","timestamp":1701428846341,"level":"debug","message":"Adding sample data VeFzNfc","meta":{"rootId":"i44ut9z8ugmvxv1","id":"i44ut9z8ugmvxv1"},"id":"4w7vf4zsdlvwd0h","previousOperationId":"fumoe802yg9s37k"}
{"type":"log","timestamp":1701428846345,"level":"debug","message":"Base url not specified, skipping its injection.","meta":{"rootId":"i44ut9z8ugmvxv1","id":"i44ut9z8ugmvxv1"},"id":"oz0eoxlj6xpn6w1","previousOperationId":"fumoe802yg9s37k"}
{"type":"operationStart","subtype":"engine","name":"handlebars","timestamp":1701428846345,"id":"6vyachx6wv8aewz","previousEventId":"t2o6809ysmwivmv","operationId":"warkz4akpryj2cr","previousOperationId":"fumoe802yg9s37k"}
{"type":"log","timestamp":1701428846345,"level":"debug","message":"Rendering engine handlebars","meta":{"rootId":"i44ut9z8ugmvxv1","id":"i44ut9z8ugmvxv1"},"id":"gfpnfv2cwvm4vop","previousOperationId":"warkz4akpryj2cr"}
{"type":"operationEnd","operationId":"warkz4akpryj2cr","timestamp":1701428846362,"id":"c0mpofkfxcl52yv","previousEventId":"6vyachx6wv8aewz","previousOperationId":"warkz4akpryj2cr"}
{"type":"operationStart","subtype":"recipe","name":"chrome-pdf","timestamp":1701428846362,"id":"xggbz1cclb3lv54","previousEventId":"c0mpofkfxcl52yv","operationId":"04orf5n8q9nknq4","previousOperationId":"warkz4akpryj2cr"}
{"type":"log","timestamp":1701428846362,"level":"debug","message":"Executing recipe chrome-pdf","meta":{"rootId":"i44ut9z8ugmvxv1","id":"i44ut9z8ugmvxv1"},"id":"gdl0p4za1685a9t","previousOperationId":"04orf5n8q9nknq4"}
{"type":"log","timestamp":1701428846365,"level":"debug","message":"Converting with chrome HeadlessChrome/117.0.5938.149 using chrome-pool strategy","meta":{"rootId":"i44ut9z8ugmvxv1","id":"i44ut9z8ugmvxv1"},"id":"11teqb0eezfksay","previousOperationId":"04orf5n8q9nknq4"}
{"type":"log","timestamp":1701428846415,"level":"debug","message":"Page request: GET (document) file:///var/folders/dp/qk79pfcj0y1fmtkkl08m76rc0000gn/T/jsreport/autocleanup/2bb3ae4b-0d7b-468d-a536-291733ecb838-chrome-pdf.html","meta":{"rootId":"i44ut9z8ugmvxv1","id":"i44ut9z8ugmvxv1"},"id":"psww7j6sv9670c2","previousOperationId":"04orf5n8q9nknq4"}
{"type":"log","timestamp":1701428846420,"level":"debug","message":"Page request finished: GET (document) 200 file:///var/folders/dp/qk79pfcj0y1fmtkkl08m76rc0000gn/T/jsreport/autocleanup/2bb3ae4b-0d7b-468d-a536-291733ecb838-chrome-pdf.html","meta":{"rootId":"i44ut9z8ugmvxv1","id":"i44ut9z8ugmvxv1"},"id":"3ilvy9axc08g39s","previousOperationId":"04orf5n8q9nknq4"}
{"type":"log","timestamp":1701428846432,"level":"debug","message":"Running chrome with params {\"printBackground\":true,\"width\":\"7cm\",\"height\":\"30cm\",\"timeout\":59963,\"margin\":{}}","meta":{"rootId":"i44ut9z8ugmvxv1","id":"i44ut9z8ugmvxv1"},"id":"yjj5rhppjiwterg","previousOperationId":"04orf5n8q9nknq4"}
{"type":"operationEnd","operationId":"04orf5n8q9nknq4","timestamp":1701428846456,"id":"505y6tqw5sa4kbh","previousEventId":"xggbz1cclb3lv54","previousOperationId":"04orf5n8q9nknq4"}
{"type":"log","timestamp":1701428846456,"level":"debug","message":"Skipping storing report.","meta":{"rootId":"i44ut9z8ugmvxv1","id":"i44ut9z8ugmvxv1"},"id":"opmi1bytui55551","previousOperationId":"04orf5n8q9nknq4"}
{"type":"log","timestamp":1701428846456,"level":"info","message":"Rendering request 94 finished in 129 ms","meta":{"rootId":"i44ut9z8ugmvxv1","id":"i44ut9z8ugmvxv1"},"id":"k7gtbmvf4xnkvh5","previousOperationId":"04orf5n8q9nknq4"}
{"type":"operationEnd","subtype":"render","operationId":"fumoe802yg9s37k","timestamp":1701428846456,"id":"y4i5ihhupwea6pe","previousEventId":"505y6tqw5sa4kbh","previousOperationId":"04orf5n8q9nknq4"}
{"type":"operationEnd","doDiffs":false,"previousEventId":"2pl82tha39hclp4","previousOperationId":"24l8allw6o75p5z","operationId":"24l8allw6o75p5z","timestamp":1701428846457,"id":"lo20mltqct7dq5a"}
