{"type":"operationStart","subtype":"profile","data":{"_id":"nnNcnQ0Y8b1U0Q9K","timestamp":"2023-12-05T15:05:45.689Z","state":"queued","mode":"standard","creationDate":"2023-12-05T15:05:45.690Z","modificationDate":"2023-12-05T15:05:45.690Z","shortid":"bm-_huL","$entitySet":"profiles"},"doDiffs":false,"timestamp":1701788745689,"id":"q5bcyqwiudmefv8","previousOperationId":null,"operationId":"8mqxqpmah2ey2kv"}
{"type":"log","level":"info","message":"Render request 29 queued for execution and waiting for available worker","previousOperationId":"8mqxqpmah2ey2kv","timestamp":1701788745690,"id":"phjx0txal3w94ag"}
{"type":"operationStart","subtype":"render","name":"pmo_slip_index","previousOperationId":"8mqxqpmah2ey2kv","timestamp":1701788745699,"id":"egzqxh0ggr8h690","previousEventId":"q5bcyqwiudmefv8","operationId":"7tbxvsqf39iebw9"}
{"type":"log","timestamp":1701788745700,"level":"info","message":"Starting rendering request 29","meta":{"rootId":"ibtg6k1mu0dp1qp","id":"ibtg6k1mu0dp1qp"},"id":"zjvrkdrtejwrogn","previousOperationId":"7tbxvsqf39iebw9"}
{"type":"log","timestamp":1701788745700,"level":"info","message":"Rendering template { name: pmo_slip_index, recipe: chrome-pdf, engine: handlebars, preview: true }","meta":{"rootId":"ibtg6k1mu0dp1qp","id":"ibtg6k1mu0dp1qp"},"id":"94mbu2gn5iclzfq","previousOperationId":"7tbxvsqf39iebw9"}
{"type":"log","timestamp":1701788745700,"level":"debug","message":"Inline data specified.","meta":{"rootId":"ibtg6k1mu0dp1qp","id":"ibtg6k1mu0dp1qp"},"id":"ep4lqv69m08cd0n","previousOperationId":"7tbxvsqf39iebw9"}
{"type":"log","timestamp":1701788745702,"level":"debug","message":"Base url not specified, skipping its injection.","meta":{"rootId":"ibtg6k1mu0dp1qp","id":"ibtg6k1mu0dp1qp"},"id":"3jilw4z4mv041px","previousOperationId":"7tbxvsqf39iebw9"}
{"type":"log","timestamp":1701788745704,"level":"debug","message":"Replaced assets [\"styles.css\"]","meta":{"rootId":"ibtg6k1mu0dp1qp","id":"ibtg6k1mu0dp1qp"},"id":"tz7rbarteox7xib","previousOperationId":"7tbxvsqf39iebw9"}
{"type":"operationStart","subtype":"engine","name":"handlebars","timestamp":1701788745704,"id":"jnuuqnivhzyb7z9","previousEventId":"egzqxh0ggr8h690","operationId":"8h8yerbqhiuci4p","previousOperationId":"7tbxvsqf39iebw9"}
{"type":"log","timestamp":1701788745704,"level":"debug","message":"Rendering engine handlebars","meta":{"rootId":"ibtg6k1mu0dp1qp","id":"ibtg6k1mu0dp1qp"},"id":"m2o3n0llzxol5zz","previousOperationId":"8h8yerbqhiuci4p"}
{"type":"operationEnd","operationId":"8h8yerbqhiuci4p","timestamp":1701788745726,"id":"oybjd969i34rczm","previousEventId":"jnuuqnivhzyb7z9","previousOperationId":"8h8yerbqhiuci4p"}
{"type":"operationStart","subtype":"recipe","name":"chrome-pdf","timestamp":1701788745726,"id":"52xsidj3q3o95qz","previousEventId":"oybjd969i34rczm","operationId":"i55nty9431blz16","previousOperationId":"8h8yerbqhiuci4p"}
{"type":"log","timestamp":1701788745726,"level":"debug","message":"Executing recipe chrome-pdf","meta":{"rootId":"ibtg6k1mu0dp1qp","id":"ibtg6k1mu0dp1qp"},"id":"ixpjxav3wbkkkx1","previousOperationId":"i55nty9431blz16"}
{"type":"log","timestamp":1701788745727,"level":"debug","message":"Converting with chrome HeadlessChrome/117.0.5938.149 using chrome-pool strategy","meta":{"rootId":"ibtg6k1mu0dp1qp","id":"ibtg6k1mu0dp1qp"},"id":"vnl6rpoj96d3z2s","previousOperationId":"i55nty9431blz16"}
{"type":"log","timestamp":1701788745769,"level":"debug","message":"Page request: GET (document) file:///var/folders/dp/qk79pfcj0y1fmtkkl08m76rc0000gn/T/jsreport/autocleanup/9d03f589-efb9-4af1-a729-7bc29e8ea509-chrome-pdf.html","meta":{"rootId":"ibtg6k1mu0dp1qp","id":"ibtg6k1mu0dp1qp"},"id":"ohaguysa3gijeq4","previousOperationId":"i55nty9431blz16"}
{"type":"log","timestamp":1701788745774,"level":"debug","message":"Page request finished: GET (document) 200 file:///var/folders/dp/qk79pfcj0y1fmtkkl08m76rc0000gn/T/jsreport/autocleanup/9d03f589-efb9-4af1-a729-7bc29e8ea509-chrome-pdf.html","meta":{"rootId":"ibtg6k1mu0dp1qp","id":"ibtg6k1mu0dp1qp"},"id":"c8mmump6e41kx3o","previousOperationId":"i55nty9431blz16"}
{"type":"log","timestamp":1701788745783,"level":"debug","message":"Running chrome with params {\"printBackground\":true,\"width\":\"7cm\",\"height\":\"3000px\",\"timeout\":59962,\"margin\":{}}","meta":{"rootId":"ibtg6k1mu0dp1qp","id":"ibtg6k1mu0dp1qp"},"id":"ofl2gi6a0nk8lsc","previousOperationId":"i55nty9431blz16"}
{"type":"operationEnd","operationId":"i55nty9431blz16","timestamp":1701788745807,"id":"ox2vsz1cak9fv29","previousEventId":"52xsidj3q3o95qz","previousOperationId":"i55nty9431blz16"}
{"type":"log","timestamp":1701788745807,"level":"debug","message":"Skipping storing report.","meta":{"rootId":"ibtg6k1mu0dp1qp","id":"ibtg6k1mu0dp1qp"},"id":"njm1jxkzfddtx2t","previousOperationId":"i55nty9431blz16"}
{"type":"log","timestamp":1701788745807,"level":"info","message":"Rendering request 29 finished in 118 ms","meta":{"rootId":"ibtg6k1mu0dp1qp","id":"ibtg6k1mu0dp1qp"},"id":"0s7lmo8kcfp8f47","previousOperationId":"i55nty9431blz16"}
{"type":"operationEnd","subtype":"render","operationId":"7tbxvsqf39iebw9","timestamp":1701788745807,"id":"7fdrc9u5pi6rvgn","previousEventId":"ox2vsz1cak9fv29","previousOperationId":"i55nty9431blz16"}
{"type":"operationEnd","doDiffs":false,"previousEventId":"q5bcyqwiudmefv8","previousOperationId":"8mqxqpmah2ey2kv","operationId":"8mqxqpmah2ey2kv","timestamp":1701788745809,"id":"qy6o1v52j1tw9e2"}
