{"type":"operationStart","subtype":"profile","data":{"_id":"dpzByDc3nuEFwQx5","timestamp":"2023-11-27T18:42:52.402Z","state":"queued","mode":"standard","creationDate":"2023-11-27T18:42:52.404Z","modificationDate":"2023-11-27T18:42:52.404Z","shortid":"MwbojPG","$entitySet":"profiles"},"doDiffs":false,"timestamp":1701110572403,"id":"q1cqmr3tfaffgkn","previousOperationId":null,"operationId":"056jjm7n00mw9ol"}
{"type":"log","level":"info","message":"Render request 28 queued for execution and waiting for available worker","previousOperationId":"056jjm7n00mw9ol","timestamp":1701110572403,"id":"gykx9r6c2nxw76i"}
{"type":"operationStart","subtype":"render","name":"pmo_slip_index","previousOperationId":"056jjm7n00mw9ol","timestamp":1701110572414,"id":"51cttbivwit7gnt","previousEventId":"q1cqmr3tfaffgkn","operationId":"y900yg903hds4wa"}
{"type":"log","timestamp":1701110572414,"level":"info","message":"Starting rendering request 28","meta":{"rootId":"iqffjnlspw6tba2","id":"iqffjnlspw6tba2"},"id":"ait9m7jtygnkuq2","previousOperationId":"y900yg903hds4wa"}
{"type":"log","timestamp":1701110572414,"level":"info","message":"Rendering template { name: pmo_slip_index, recipe: chrome-pdf, engine: handlebars, preview: true }","meta":{"rootId":"iqffjnlspw6tba2","id":"iqffjnlspw6tba2"},"id":"u7zwo9clb0uv5wl","previousOperationId":"y900yg903hds4wa"}
{"type":"log","timestamp":1701110572415,"level":"debug","message":"Adding sample data flbhzmKcJ","meta":{"rootId":"iqffjnlspw6tba2","id":"iqffjnlspw6tba2"},"id":"0fxzx4l20ylw9nc","previousOperationId":"y900yg903hds4wa"}
{"type":"log","timestamp":1701110572416,"level":"debug","message":"Base url not specified, skipping its injection.","meta":{"rootId":"iqffjnlspw6tba2","id":"iqffjnlspw6tba2"},"id":"0aw4nhdh9iv0ltu","previousOperationId":"y900yg903hds4wa"}
{"type":"operationStart","subtype":"engine","name":"handlebars","timestamp":1701110572416,"id":"utqubpia09iv0ui","previousEventId":"51cttbivwit7gnt","operationId":"sumpmz1k5gg1e28","previousOperationId":"y900yg903hds4wa"}
{"type":"log","timestamp":1701110572416,"level":"debug","message":"Rendering engine handlebars","meta":{"rootId":"iqffjnlspw6tba2","id":"iqffjnlspw6tba2"},"id":"lwptgehnai5wkzk","previousOperationId":"sumpmz1k5gg1e28"}
{"type":"operationEnd","operationId":"sumpmz1k5gg1e28","timestamp":1701110572422,"id":"y5bhqza57onjgnp","previousEventId":"utqubpia09iv0ui","previousOperationId":"sumpmz1k5gg1e28"}
{"type":"operationStart","subtype":"recipe","name":"chrome-pdf","timestamp":1701110572422,"id":"ot1x41u4sj7f7pu","previousEventId":"y5bhqza57onjgnp","operationId":"9kdaxavt19azbwy","previousOperationId":"sumpmz1k5gg1e28"}
{"type":"log","timestamp":1701110572422,"level":"debug","message":"Executing recipe chrome-pdf","meta":{"rootId":"iqffjnlspw6tba2","id":"iqffjnlspw6tba2"},"id":"scpfa9nzsf28uzh","previousOperationId":"9kdaxavt19azbwy"}
{"type":"log","timestamp":1701110572423,"level":"debug","message":"Converting with chrome HeadlessChrome/117.0.5938.149 using chrome-pool strategy","meta":{"rootId":"iqffjnlspw6tba2","id":"iqffjnlspw6tba2"},"id":"tirq7813p0ljakd","previousOperationId":"9kdaxavt19azbwy"}
{"type":"log","timestamp":1701110572466,"level":"debug","message":"Page request: GET (document) file:///var/folders/dp/qk79pfcj0y1fmtkkl08m76rc0000gn/T/jsreport/autocleanup/6bdc5866-e3e4-4411-8456-2f3bf384c6cb-chrome-pdf.html","meta":{"rootId":"iqffjnlspw6tba2","id":"iqffjnlspw6tba2"},"id":"57hg14ooeyaqrau","previousOperationId":"9kdaxavt19azbwy"}
{"type":"log","timestamp":1701110572472,"level":"debug","message":"Page request finished: GET (document) 200 file:///var/folders/dp/qk79pfcj0y1fmtkkl08m76rc0000gn/T/jsreport/autocleanup/6bdc5866-e3e4-4411-8456-2f3bf384c6cb-chrome-pdf.html","meta":{"rootId":"iqffjnlspw6tba2","id":"iqffjnlspw6tba2"},"id":"bd6b740y4ssg2j7","previousOperationId":"9kdaxavt19azbwy"}
{"type":"log","timestamp":1701110572479,"level":"debug","message":"Running chrome with params {\"printBackground\":true,\"width\":\"7cm\",\"height\":\"30cm\",\"timeout\":59979,\"margin\":{}}","meta":{"rootId":"iqffjnlspw6tba2","id":"iqffjnlspw6tba2"},"id":"c3ylshddhfsp43n","previousOperationId":"9kdaxavt19azbwy"}
{"type":"operationEnd","operationId":"9kdaxavt19azbwy","timestamp":1701110572492,"id":"cqqc0sfouz6yz92","previousEventId":"ot1x41u4sj7f7pu","previousOperationId":"9kdaxavt19azbwy"}
{"type":"log","timestamp":1701110572492,"level":"debug","message":"Skipping storing report.","meta":{"rootId":"iqffjnlspw6tba2","id":"iqffjnlspw6tba2"},"id":"cs335eshrt1903c","previousOperationId":"9kdaxavt19azbwy"}
{"type":"log","timestamp":1701110572492,"level":"info","message":"Rendering request 28 finished in 90 ms","meta":{"rootId":"iqffjnlspw6tba2","id":"iqffjnlspw6tba2"},"id":"498atjysf3rqlst","previousOperationId":"9kdaxavt19azbwy"}
{"type":"operationEnd","subtype":"render","operationId":"y900yg903hds4wa","timestamp":1701110572492,"id":"57y02mb7yo663dg","previousEventId":"cqqc0sfouz6yz92","previousOperationId":"9kdaxavt19azbwy"}
{"type":"operationEnd","doDiffs":false,"previousEventId":"q1cqmr3tfaffgkn","previousOperationId":"056jjm7n00mw9ol","operationId":"056jjm7n00mw9ol","timestamp":1701110572494,"id":"6qj4qcrrk5bgv84"}
