{"type":"operationStart","subtype":"profile","data":{"_id":"JDFcSJVaogPPdMCn","timestamp":"2023-12-06T09:15:35.802Z","state":"queued","mode":"standard","creationDate":"2023-12-06T09:15:35.803Z","modificationDate":"2023-12-06T09:15:35.803Z","shortid":"DrjrKyd","$entitySet":"profiles"},"doDiffs":false,"timestamp":1701854135803,"id":"aa09j14oobrc9e4","previousOperationId":null,"operationId":"erejefn26cf5dsq"}
{"type":"log","level":"info","message":"Render request 8 queued for execution and waiting for available worker","previousOperationId":"erejefn26cf5dsq","timestamp":1701854135803,"id":"o0s0sguqx3picav"}
{"type":"operationStart","subtype":"render","name":"pmo_slip_index","previousOperationId":"erejefn26cf5dsq","timestamp":1701854135821,"id":"itmjvugbawh61yy","previousEventId":"aa09j14oobrc9e4","operationId":"0kewrxzb6qu59hs"}
{"type":"log","timestamp":1701854135821,"level":"info","message":"Starting rendering request 8","meta":{"rootId":"j44kv6ocbmoicnd","id":"j44kv6ocbmoicnd"},"id":"5o0y1s2wvqz54km","previousOperationId":"0kewrxzb6qu59hs"}
{"type":"log","timestamp":1701854135822,"level":"info","message":"Rendering template { name: pmo_slip_index, recipe: chrome-pdf, engine: handlebars, preview: true }","meta":{"rootId":"j44kv6ocbmoicnd","id":"j44kv6ocbmoicnd"},"id":"jt0gzv9gmiustqc","previousOperationId":"0kewrxzb6qu59hs"}
{"type":"log","timestamp":1701854135823,"level":"debug","message":"Inline data specified.","meta":{"rootId":"j44kv6ocbmoicnd","id":"j44kv6ocbmoicnd"},"id":"3c8elcivoydy28n","previousOperationId":"0kewrxzb6qu59hs"}
{"type":"log","timestamp":1701854135825,"level":"debug","message":"Base url not specified, skipping its injection.","meta":{"rootId":"j44kv6ocbmoicnd","id":"j44kv6ocbmoicnd"},"id":"5rg735l8nvfl37k","previousOperationId":"0kewrxzb6qu59hs"}
{"type":"log","timestamp":1701854135825,"level":"debug","message":"Replaced assets [\"styles.css\"]","meta":{"rootId":"j44kv6ocbmoicnd","id":"j44kv6ocbmoicnd"},"id":"qnes2oo3qilfut2","previousOperationId":"0kewrxzb6qu59hs"}
{"type":"operationStart","subtype":"engine","name":"handlebars","timestamp":1701854135825,"id":"hjjb6e5n530dgva","previousEventId":"itmjvugbawh61yy","operationId":"h6orzqn8biycm89","previousOperationId":"0kewrxzb6qu59hs"}
{"type":"log","timestamp":1701854135825,"level":"debug","message":"Rendering engine handlebars","meta":{"rootId":"j44kv6ocbmoicnd","id":"j44kv6ocbmoicnd"},"id":"r5qlchg89cn6vcy","previousOperationId":"h6orzqn8biycm89"}
{"type":"operationEnd","operationId":"h6orzqn8biycm89","timestamp":1701854135843,"id":"fydq7fkkvmepgx4","previousEventId":"hjjb6e5n530dgva","previousOperationId":"h6orzqn8biycm89"}
{"type":"operationStart","subtype":"recipe","name":"chrome-pdf","timestamp":1701854135843,"id":"2ocnx1bnuy0pipr","previousEventId":"fydq7fkkvmepgx4","operationId":"c0uoa12jsg8f6q9","previousOperationId":"h6orzqn8biycm89"}
{"type":"log","timestamp":1701854135843,"level":"debug","message":"Executing recipe chrome-pdf","meta":{"rootId":"j44kv6ocbmoicnd","id":"j44kv6ocbmoicnd"},"id":"dnjtks96pcczvmm","previousOperationId":"c0uoa12jsg8f6q9"}
{"type":"log","timestamp":1701854135845,"level":"debug","message":"Converting with chrome HeadlessChrome/117.0.5938.149 using chrome-pool strategy","meta":{"rootId":"j44kv6ocbmoicnd","id":"j44kv6ocbmoicnd"},"id":"gntdc1qmqorjigl","previousOperationId":"c0uoa12jsg8f6q9"}
{"type":"log","timestamp":1701854135898,"level":"debug","message":"Page request: GET (document) file:///var/folders/dp/qk79pfcj0y1fmtkkl08m76rc0000gn/T/jsreport/autocleanup/520308e9-bfa9-4a25-bbd4-c296715e834a-chrome-pdf.html","meta":{"rootId":"j44kv6ocbmoicnd","id":"j44kv6ocbmoicnd"},"id":"wlfgf35fjads8qt","previousOperationId":"c0uoa12jsg8f6q9"}
{"type":"log","timestamp":1701854135903,"level":"debug","message":"Page request finished: GET (document) 200 file:///var/folders/dp/qk79pfcj0y1fmtkkl08m76rc0000gn/T/jsreport/autocleanup/520308e9-bfa9-4a25-bbd4-c296715e834a-chrome-pdf.html","meta":{"rootId":"j44kv6ocbmoicnd","id":"j44kv6ocbmoicnd"},"id":"amlkg0eme5cmae3","previousOperationId":"c0uoa12jsg8f6q9"}
{"type":"log","timestamp":1701854135913,"level":"debug","message":"Running chrome with params {\"printBackground\":true,\"width\":\"7cm\",\"height\":\"3000px\",\"timeout\":59958,\"margin\":{}}","meta":{"rootId":"j44kv6ocbmoicnd","id":"j44kv6ocbmoicnd"},"id":"9rtykuktne2k1di","previousOperationId":"c0uoa12jsg8f6q9"}
{"type":"operationEnd","operationId":"c0uoa12jsg8f6q9","timestamp":1701854135936,"id":"6yu278zzym0g1hp","previousEventId":"2ocnx1bnuy0pipr","previousOperationId":"c0uoa12jsg8f6q9"}
{"type":"log","timestamp":1701854135936,"level":"debug","message":"Skipping storing report.","meta":{"rootId":"j44kv6ocbmoicnd","id":"j44kv6ocbmoicnd"},"id":"bxilwlholhun1te","previousOperationId":"c0uoa12jsg8f6q9"}
{"type":"log","timestamp":1701854135937,"level":"info","message":"Rendering request 8 finished in 135 ms","meta":{"rootId":"j44kv6ocbmoicnd","id":"j44kv6ocbmoicnd"},"id":"wvuyk6xpz9f786v","previousOperationId":"c0uoa12jsg8f6q9"}
{"type":"operationEnd","subtype":"render","operationId":"0kewrxzb6qu59hs","timestamp":1701854135937,"id":"rkb4uxumjc5c8hf","previousEventId":"6yu278zzym0g1hp","previousOperationId":"c0uoa12jsg8f6q9"}
{"type":"operationEnd","doDiffs":false,"previousEventId":"aa09j14oobrc9e4","previousOperationId":"erejefn26cf5dsq","operationId":"erejefn26cf5dsq","timestamp":1701854135938,"id":"c18ya5yvko7zfwi"}
