{"type":"operationStart","subtype":"profile","data":{"_id":"NqWynA41ICbvofn9","timestamp":"2023-12-06T09:18:10.652Z","state":"queued","mode":"standard","creationDate":"2023-12-06T09:18:10.654Z","modificationDate":"2023-12-06T09:18:10.654Z","shortid":"beL4dl6","$entitySet":"profiles"},"doDiffs":false,"timestamp":1701854290653,"id":"a574wsizyr2mx1j","previousOperationId":null,"operationId":"9kcsg0kwr12j032"}
{"type":"log","level":"info","message":"Render request 14 queued for execution and waiting for available worker","previousOperationId":"9kcsg0kwr12j032","timestamp":1701854290654,"id":"q65e5s0phlqj6xi"}
{"type":"operationStart","subtype":"render","name":"pmo_slip_index","previousOperationId":"9kcsg0kwr12j032","timestamp":1701854290661,"id":"uddzwgmaf2xhte9","previousEventId":"a574wsizyr2mx1j","operationId":"hpemcxdjyod8jmj"}
{"type":"log","timestamp":1701854290661,"level":"info","message":"Starting rendering request 14","meta":{"rootId":"j5v728y8t8frfuy","id":"j5v728y8t8frfuy"},"id":"vcnt7gr8mvj7717","previousOperationId":"hpemcxdjyod8jmj"}
{"type":"log","timestamp":1701854290661,"level":"info","message":"Rendering template { name: pmo_slip_index, recipe: chrome-pdf, engine: handlebars, preview: true }","meta":{"rootId":"j5v728y8t8frfuy","id":"j5v728y8t8frfuy"},"id":"yx7sfgvn5ahrlpk","previousOperationId":"hpemcxdjyod8jmj"}
{"type":"log","timestamp":1701854290662,"level":"debug","message":"Inline data specified.","meta":{"rootId":"j5v728y8t8frfuy","id":"j5v728y8t8frfuy"},"id":"vgpwyun8dffgv5f","previousOperationId":"hpemcxdjyod8jmj"}
{"type":"log","timestamp":1701854290669,"level":"debug","message":"Base url not specified, skipping its injection.","meta":{"rootId":"j5v728y8t8frfuy","id":"j5v728y8t8frfuy"},"id":"wwuwxnggi59ffvz","previousOperationId":"hpemcxdjyod8jmj"}
{"type":"log","timestamp":1701854290672,"level":"debug","message":"Replaced assets [\"styles.css\"]","meta":{"rootId":"j5v728y8t8frfuy","id":"j5v728y8t8frfuy"},"id":"4b8mp5nenpg3jfm","previousOperationId":"hpemcxdjyod8jmj"}
{"type":"operationStart","subtype":"engine","name":"handlebars","timestamp":1701854290672,"id":"6xruvinisommgdg","previousEventId":"uddzwgmaf2xhte9","operationId":"3044y9t2562qhbk","previousOperationId":"hpemcxdjyod8jmj"}
{"type":"log","timestamp":1701854290673,"level":"debug","message":"Rendering engine handlebars","meta":{"rootId":"j5v728y8t8frfuy","id":"j5v728y8t8frfuy"},"id":"49n4sbpiok04cf8","previousOperationId":"3044y9t2562qhbk"}
{"type":"operationEnd","operationId":"3044y9t2562qhbk","timestamp":1701854290695,"id":"qi4bbud3thzx9n9","previousEventId":"6xruvinisommgdg","previousOperationId":"3044y9t2562qhbk"}
{"type":"operationStart","subtype":"recipe","name":"chrome-pdf","timestamp":1701854290696,"id":"72bfp1dcvcg1e4x","previousEventId":"qi4bbud3thzx9n9","operationId":"9jnbq0t9hjvukqc","previousOperationId":"3044y9t2562qhbk"}
{"type":"log","timestamp":1701854290696,"level":"debug","message":"Executing recipe chrome-pdf","meta":{"rootId":"j5v728y8t8frfuy","id":"j5v728y8t8frfuy"},"id":"reralm8bv4r3fom","previousOperationId":"9jnbq0t9hjvukqc"}
{"type":"log","timestamp":1701854290698,"level":"debug","message":"Converting with chrome HeadlessChrome/117.0.5938.149 using chrome-pool strategy","meta":{"rootId":"j5v728y8t8frfuy","id":"j5v728y8t8frfuy"},"id":"95x7ynrwm6nltm2","previousOperationId":"9jnbq0t9hjvukqc"}
{"type":"log","timestamp":1701854290748,"level":"debug","message":"Page request: GET (document) file:///var/folders/dp/qk79pfcj0y1fmtkkl08m76rc0000gn/T/jsreport/autocleanup/4d7601e9-eb62-4269-9106-5bd5d07618e4-chrome-pdf.html","meta":{"rootId":"j5v728y8t8frfuy","id":"j5v728y8t8frfuy"},"id":"rf5nrkelhbibisb","previousOperationId":"9jnbq0t9hjvukqc"}
{"type":"log","timestamp":1701854290753,"level":"debug","message":"Page request finished: GET (document) 200 file:///var/folders/dp/qk79pfcj0y1fmtkkl08m76rc0000gn/T/jsreport/autocleanup/4d7601e9-eb62-4269-9106-5bd5d07618e4-chrome-pdf.html","meta":{"rootId":"j5v728y8t8frfuy","id":"j5v728y8t8frfuy"},"id":"xvwp0trawguzwo0","previousOperationId":"9jnbq0t9hjvukqc"}
{"type":"log","timestamp":1701854290763,"level":"debug","message":"Running chrome with params {\"printBackground\":true,\"width\":\"7cm\",\"height\":\"3000px\",\"timeout\":59954,\"margin\":{}}","meta":{"rootId":"j5v728y8t8frfuy","id":"j5v728y8t8frfuy"},"id":"m7xxlk4gp3e5ami","previousOperationId":"9jnbq0t9hjvukqc"}
{"type":"operationEnd","operationId":"9jnbq0t9hjvukqc","timestamp":1701854290785,"id":"nrt9pd69gh2jp02","previousEventId":"72bfp1dcvcg1e4x","previousOperationId":"9jnbq0t9hjvukqc"}
{"type":"log","timestamp":1701854290785,"level":"debug","message":"Skipping storing report.","meta":{"rootId":"j5v728y8t8frfuy","id":"j5v728y8t8frfuy"},"id":"120772sdls5lktj","previousOperationId":"9jnbq0t9hjvukqc"}
{"type":"log","timestamp":1701854290785,"level":"info","message":"Rendering request 14 finished in 133 ms","meta":{"rootId":"j5v728y8t8frfuy","id":"j5v728y8t8frfuy"},"id":"qx5ixuum9mch01t","previousOperationId":"9jnbq0t9hjvukqc"}
{"type":"operationEnd","subtype":"render","operationId":"hpemcxdjyod8jmj","timestamp":1701854290785,"id":"7r3m502pugs37yw","previousEventId":"nrt9pd69gh2jp02","previousOperationId":"9jnbq0t9hjvukqc"}
{"type":"operationEnd","doDiffs":false,"previousEventId":"a574wsizyr2mx1j","previousOperationId":"9kcsg0kwr12j032","operationId":"9kcsg0kwr12j032","timestamp":1701854290787,"id":"f6ediy1k6uyuwo3"}
