{"type":"operationStart","subtype":"profile","data":{"_id":"TVpxsNG7GUP38Wi5","timestamp":"2023-11-27T18:05:43.965Z","state":"queued","mode":"standard","creationDate":"2023-11-27T18:05:43.967Z","modificationDate":"2023-11-27T18:05:43.967Z","shortid":"AabdFwP","$entitySet":"profiles"},"doDiffs":false,"timestamp":1701108343966,"id":"ktsv5q3fc74eyj1","previousOperationId":null,"operationId":"8djuouv54ej7ylr"}
{"type":"log","level":"info","message":"Render request 3 queued for execution and waiting for available worker","previousOperationId":"8djuouv54ej7ylr","timestamp":1701108343966,"id":"pyan6lghzf1gkln"}
{"type":"operationStart","subtype":"render","name":"pmo_slip_index","previousOperationId":"8djuouv54ej7ylr","timestamp":1701108343974,"id":"ah7euowcma1mt3y","previousEventId":"ktsv5q3fc74eyj1","operationId":"b34xm4e68fydr0v"}
{"type":"log","timestamp":1701108343975,"level":"info","message":"Starting rendering request 3","meta":{"rootId":"jen81pg59h4jd0r","id":"jen81pg59h4jd0r"},"id":"1atceittifgxmjp","previousOperationId":"b34xm4e68fydr0v"}
{"type":"log","timestamp":1701108343975,"level":"info","message":"Rendering template { name: pmo_slip_index, recipe: chrome-pdf, engine: handlebars, preview: true }","meta":{"rootId":"jen81pg59h4jd0r","id":"jen81pg59h4jd0r"},"id":"1rrjwfjolxl8s4u","previousOperationId":"b34xm4e68fydr0v"}
{"type":"log","timestamp":1701108343977,"level":"debug","message":"Adding sample data flbhzmKcJ","meta":{"rootId":"jen81pg59h4jd0r","id":"jen81pg59h4jd0r"},"id":"y9ivc2loxljixec","previousOperationId":"b34xm4e68fydr0v"}
{"type":"log","timestamp":1701108343984,"level":"debug","message":"Base url not specified, skipping its injection.","meta":{"rootId":"jen81pg59h4jd0r","id":"jen81pg59h4jd0r"},"id":"xjw07gb4j1xwamc","previousOperationId":"b34xm4e68fydr0v"}
{"type":"operationStart","subtype":"engine","name":"handlebars","timestamp":1701108343984,"id":"iiynggoqxc09jjv","previousEventId":"ah7euowcma1mt3y","operationId":"gpp7v7y7ymzsnil","previousOperationId":"b34xm4e68fydr0v"}
{"type":"log","timestamp":1701108343984,"level":"debug","message":"Rendering engine handlebars","meta":{"rootId":"jen81pg59h4jd0r","id":"jen81pg59h4jd0r"},"id":"611awm4169cq0fb","previousOperationId":"gpp7v7y7ymzsnil"}
{"type":"operationEnd","operationId":"gpp7v7y7ymzsnil","timestamp":1701108344000,"id":"4lesiltc180ketk","previousEventId":"iiynggoqxc09jjv","previousOperationId":"gpp7v7y7ymzsnil"}
{"type":"operationStart","subtype":"recipe","name":"chrome-pdf","timestamp":1701108344000,"id":"pjj8j398twk4iif","previousEventId":"4lesiltc180ketk","operationId":"9s67iflmcq8jdcj","previousOperationId":"gpp7v7y7ymzsnil"}
{"type":"log","timestamp":1701108344000,"level":"debug","message":"Executing recipe chrome-pdf","meta":{"rootId":"jen81pg59h4jd0r","id":"jen81pg59h4jd0r"},"id":"g95dx3wnlneia10","previousOperationId":"9s67iflmcq8jdcj"}
{"type":"log","timestamp":1701108344144,"level":"debug","message":"Converting with chrome HeadlessChrome/117.0.5938.149 using chrome-pool strategy","meta":{"rootId":"jen81pg59h4jd0r","id":"jen81pg59h4jd0r"},"id":"iaofd86uh0iyun5","previousOperationId":"9s67iflmcq8jdcj"}
{"type":"log","timestamp":1701108344190,"level":"debug","message":"Page request: GET (document) file:///var/folders/dp/qk79pfcj0y1fmtkkl08m76rc0000gn/T/jsreport/autocleanup/c0987a3c-a91a-461d-9c2f-4dbcb2382a1b-chrome-pdf.html","meta":{"rootId":"jen81pg59h4jd0r","id":"jen81pg59h4jd0r"},"id":"ra2wosjovn3o6mn","previousOperationId":"9s67iflmcq8jdcj"}
{"type":"log","timestamp":1701108344195,"level":"debug","message":"Page request finished: GET (document) 200 file:///var/folders/dp/qk79pfcj0y1fmtkkl08m76rc0000gn/T/jsreport/autocleanup/c0987a3c-a91a-461d-9c2f-4dbcb2382a1b-chrome-pdf.html","meta":{"rootId":"jen81pg59h4jd0r","id":"jen81pg59h4jd0r"},"id":"yzjjt0udc2xf445","previousOperationId":"9s67iflmcq8jdcj"}
{"type":"log","timestamp":1701108344200,"level":"debug","message":"Running chrome with params {\"printBackground\":true,\"timeout\":59963,\"margin\":{}}","meta":{"rootId":"jen81pg59h4jd0r","id":"jen81pg59h4jd0r"},"id":"9ib0m7bdqf4pwfo","previousOperationId":"9s67iflmcq8jdcj"}
{"type":"operationEnd","operationId":"9s67iflmcq8jdcj","timestamp":1701108344216,"id":"5p2g5s8o44zflte","previousEventId":"pjj8j398twk4iif","previousOperationId":"9s67iflmcq8jdcj"}
{"type":"log","timestamp":1701108344216,"level":"debug","message":"Skipping storing report.","meta":{"rootId":"jen81pg59h4jd0r","id":"jen81pg59h4jd0r"},"id":"50ypdqcvue6845l","previousOperationId":"9s67iflmcq8jdcj"}
{"type":"log","timestamp":1701108344216,"level":"info","message":"Rendering request 3 finished in 251 ms","meta":{"rootId":"jen81pg59h4jd0r","id":"jen81pg59h4jd0r"},"id":"a9t06uv4w4uxcup","previousOperationId":"9s67iflmcq8jdcj"}
{"type":"operationEnd","subtype":"render","operationId":"b34xm4e68fydr0v","timestamp":1701108344216,"id":"a2fgmwl4g0g4vt3","previousEventId":"5p2g5s8o44zflte","previousOperationId":"9s67iflmcq8jdcj"}
{"type":"operationEnd","doDiffs":false,"previousEventId":"ktsv5q3fc74eyj1","previousOperationId":"8djuouv54ej7ylr","operationId":"8djuouv54ej7ylr","timestamp":1701108344218,"id":"aodi109sf905fk1"}
