{"type":"operationStart","subtype":"profile","data":{"_id":"ozUf2s4BJxTNoZXh","timestamp":"2023-12-06T11:53:07.131Z","state":"queued","mode":"standard","creationDate":"2023-12-06T11:53:07.136Z","modificationDate":"2023-12-06T11:53:07.136Z","shortid":"MnImv3i","$entitySet":"profiles"},"doDiffs":false,"timestamp":1701863587135,"id":"y4ccr7bplletlhv","previousOperationId":null,"operationId":"td3kngcwtym68b8"}
{"type":"log","level":"info","message":"Render request 138 queued for execution and waiting for available worker","previousOperationId":"td3kngcwtym68b8","timestamp":1701863587135,"id":"maz8mkko7jchk7q"}
{"type":"operationStart","subtype":"render","name":"pmo_slip_index","previousOperationId":"td3kngcwtym68b8","timestamp":1701863587149,"id":"341x9k8farxycba","previousEventId":"y4ccr7bplletlhv","operationId":"2yf6ikzbeyf0j44"}
{"type":"log","timestamp":1701863587149,"level":"info","message":"Starting rendering request 138","meta":{"rootId":"jisiwx8jykcx03d","id":"jisiwx8jykcx03d"},"id":"kjsiz8eq1ap4rha","previousOperationId":"2yf6ikzbeyf0j44"}
{"type":"log","timestamp":1701863587150,"level":"info","message":"Rendering template { name: pmo_slip_index, recipe: chrome-pdf, engine: handlebars, preview: true }","meta":{"rootId":"jisiwx8jykcx03d","id":"jisiwx8jykcx03d"},"id":"m0b3qhjukpz04qj","previousOperationId":"2yf6ikzbeyf0j44"}
{"type":"log","timestamp":1701863587150,"level":"debug","message":"Inline data specified.","meta":{"rootId":"jisiwx8jykcx03d","id":"jisiwx8jykcx03d"},"id":"kobvjthngnledzu","previousOperationId":"2yf6ikzbeyf0j44"}
{"type":"log","timestamp":1701863587155,"level":"debug","message":"Base url not specified, skipping its injection.","meta":{"rootId":"jisiwx8jykcx03d","id":"jisiwx8jykcx03d"},"id":"k6i9x7yjko6fyku","previousOperationId":"2yf6ikzbeyf0j44"}
{"type":"log","timestamp":1701863587157,"level":"debug","message":"Replaced assets [\"styles.css\"]","meta":{"rootId":"jisiwx8jykcx03d","id":"jisiwx8jykcx03d"},"id":"wa4zw5ru1zrqawk","previousOperationId":"2yf6ikzbeyf0j44"}
{"type":"operationStart","subtype":"engine","name":"handlebars","timestamp":1701863587157,"id":"wekzeoded85v7wv","previousEventId":"341x9k8farxycba","operationId":"kky7gsrwd4fq6iy","previousOperationId":"2yf6ikzbeyf0j44"}
{"type":"log","timestamp":1701863587157,"level":"debug","message":"Rendering engine handlebars","meta":{"rootId":"jisiwx8jykcx03d","id":"jisiwx8jykcx03d"},"id":"oicb8i93wh5oz37","previousOperationId":"kky7gsrwd4fq6iy"}
{"type":"operationEnd","operationId":"kky7gsrwd4fq6iy","timestamp":1701863587173,"id":"u0bn7lw5n9bavu4","previousEventId":"wekzeoded85v7wv","previousOperationId":"kky7gsrwd4fq6iy"}
{"type":"operationStart","subtype":"recipe","name":"chrome-pdf","timestamp":1701863587173,"id":"zec7rojg7mgl1b8","previousEventId":"u0bn7lw5n9bavu4","operationId":"w821o5g68vq2sa6","previousOperationId":"kky7gsrwd4fq6iy"}
{"type":"log","timestamp":1701863587173,"level":"debug","message":"Executing recipe chrome-pdf","meta":{"rootId":"jisiwx8jykcx03d","id":"jisiwx8jykcx03d"},"id":"uzkyrkkxkfa6s1z","previousOperationId":"w821o5g68vq2sa6"}
{"type":"log","timestamp":1701863587176,"level":"debug","message":"Converting with chrome HeadlessChrome/117.0.5938.149 using chrome-pool strategy","meta":{"rootId":"jisiwx8jykcx03d","id":"jisiwx8jykcx03d"},"id":"2y807ssy74ceyir","previousOperationId":"w821o5g68vq2sa6"}
{"type":"log","timestamp":1701863587228,"level":"debug","message":"Page request: GET (document) file:///var/folders/dp/qk79pfcj0y1fmtkkl08m76rc0000gn/T/jsreport/autocleanup/54f2ad8d-9477-4a6d-8287-418d5f540fb8-chrome-pdf.html","meta":{"rootId":"jisiwx8jykcx03d","id":"jisiwx8jykcx03d"},"id":"y8aj67fk82rpwa0","previousOperationId":"w821o5g68vq2sa6"}
{"type":"log","timestamp":1701863587232,"level":"debug","message":"Page request finished: GET (document) 200 file:///var/folders/dp/qk79pfcj0y1fmtkkl08m76rc0000gn/T/jsreport/autocleanup/54f2ad8d-9477-4a6d-8287-418d5f540fb8-chrome-pdf.html","meta":{"rootId":"jisiwx8jykcx03d","id":"jisiwx8jykcx03d"},"id":"4d65al6v4i52c3r","previousOperationId":"w821o5g68vq2sa6"}
{"type":"log","timestamp":1701863587243,"level":"debug","message":"Running chrome with params {\"printBackground\":true,\"width\":\"5.8cm\",\"height\":\"40cm\",\"timeout\":59956,\"margin\":{}}","meta":{"rootId":"jisiwx8jykcx03d","id":"jisiwx8jykcx03d"},"id":"fjuxzw1m8j9cna5","previousOperationId":"w821o5g68vq2sa6"}
{"type":"operationEnd","operationId":"w821o5g68vq2sa6","timestamp":1701863587270,"id":"931vaqcaqchnyso","previousEventId":"zec7rojg7mgl1b8","previousOperationId":"w821o5g68vq2sa6"}
{"type":"log","timestamp":1701863587270,"level":"debug","message":"Skipping storing report.","meta":{"rootId":"jisiwx8jykcx03d","id":"jisiwx8jykcx03d"},"id":"gwbziqzsak2wywc","previousOperationId":"w821o5g68vq2sa6"}
{"type":"log","timestamp":1701863587270,"level":"info","message":"Rendering request 138 finished in 139 ms","meta":{"rootId":"jisiwx8jykcx03d","id":"jisiwx8jykcx03d"},"id":"xckd417k4kmcui0","previousOperationId":"w821o5g68vq2sa6"}
{"type":"operationEnd","subtype":"render","operationId":"2yf6ikzbeyf0j44","timestamp":1701863587270,"id":"wrm2i01bevn93an","previousEventId":"931vaqcaqchnyso","previousOperationId":"w821o5g68vq2sa6"}
{"type":"operationEnd","doDiffs":false,"previousEventId":"y4ccr7bplletlhv","previousOperationId":"td3kngcwtym68b8","operationId":"td3kngcwtym68b8","timestamp":1701863587271,"id":"s6otf38vs3a0jcz"}
