{"type":"operationStart","subtype":"profile","data":{"_id":"RTOX2kugBcB02pKN","timestamp":"2023-12-05T14:39:56.676Z","state":"queued","mode":"standard","creationDate":"2023-12-05T14:39:56.677Z","modificationDate":"2023-12-05T14:39:56.677Z","shortid":"nw0Zzi4","$entitySet":"profiles"},"doDiffs":false,"timestamp":1701787196676,"id":"d1djiva38rcvhar","previousOperationId":null,"operationId":"evbuopfig867ba1"}
{"type":"log","level":"info","message":"Render request 14 queued for execution and waiting for available worker","previousOperationId":"evbuopfig867ba1","timestamp":1701787196676,"id":"7w0099ym5dyo0dt"}
{"type":"operationStart","subtype":"render","name":"pmo_slip_index","previousOperationId":"evbuopfig867ba1","timestamp":1701787196681,"id":"gt7wug532za2hes","previousEventId":"d1djiva38rcvhar","operationId":"ixrt9bwzb8ho407"}
{"type":"log","timestamp":1701787196681,"level":"info","message":"Starting rendering request 14","meta":{"rootId":"juortz9lsnnw485","id":"juortz9lsnnw485"},"id":"uikl7lzt27uduse","previousOperationId":"ixrt9bwzb8ho407"}
{"type":"log","timestamp":1701787196681,"level":"info","message":"Rendering template { name: pmo_slip_index, recipe: chrome-pdf, engine: handlebars, preview: true }","meta":{"rootId":"juortz9lsnnw485","id":"juortz9lsnnw485"},"id":"j8k469tivyewjjh","previousOperationId":"ixrt9bwzb8ho407"}
{"type":"log","timestamp":1701787196681,"level":"debug","message":"Adding sample data VeFzNfc","meta":{"rootId":"juortz9lsnnw485","id":"juortz9lsnnw485"},"id":"1ed919mrvn051vg","previousOperationId":"ixrt9bwzb8ho407"}
{"type":"log","timestamp":1701787196682,"level":"debug","message":"Base url not specified, skipping its injection.","meta":{"rootId":"juortz9lsnnw485","id":"juortz9lsnnw485"},"id":"i06136ih2prznhf","previousOperationId":"ixrt9bwzb8ho407"}
{"type":"log","timestamp":1701787196683,"level":"debug","message":"Replaced assets [\"styles.css\"]","meta":{"rootId":"juortz9lsnnw485","id":"juortz9lsnnw485"},"id":"cr6vld73ghlysfq","previousOperationId":"ixrt9bwzb8ho407"}
{"type":"operationStart","subtype":"engine","name":"handlebars","timestamp":1701787196683,"id":"b3n1fcfbl1zib5y","previousEventId":"gt7wug532za2hes","operationId":"16sxo5jfejy75b5","previousOperationId":"ixrt9bwzb8ho407"}
{"type":"log","timestamp":1701787196683,"level":"debug","message":"Rendering engine handlebars","meta":{"rootId":"juortz9lsnnw485","id":"juortz9lsnnw485"},"id":"u37waq7lu7zvhto","previousOperationId":"16sxo5jfejy75b5"}
{"type":"operationEnd","operationId":"16sxo5jfejy75b5","timestamp":1701787196698,"id":"dd5cm8h05bqgsi6","previousEventId":"b3n1fcfbl1zib5y","previousOperationId":"16sxo5jfejy75b5"}
{"type":"operationStart","subtype":"recipe","name":"chrome-pdf","timestamp":1701787196699,"id":"37vtmh57w6jwkgu","previousEventId":"dd5cm8h05bqgsi6","operationId":"vsx63mjgwfo21gy","previousOperationId":"16sxo5jfejy75b5"}
{"type":"log","timestamp":1701787196699,"level":"debug","message":"Executing recipe chrome-pdf","meta":{"rootId":"juortz9lsnnw485","id":"juortz9lsnnw485"},"id":"46a49fm0own9n2l","previousOperationId":"vsx63mjgwfo21gy"}
{"type":"log","timestamp":1701787196700,"level":"debug","message":"Converting with chrome HeadlessChrome/117.0.5938.149 using chrome-pool strategy","meta":{"rootId":"juortz9lsnnw485","id":"juortz9lsnnw485"},"id":"2p9ke8yufal3da2","previousOperationId":"vsx63mjgwfo21gy"}
{"type":"log","timestamp":1701787196740,"level":"debug","message":"Page request: GET (document) file:///var/folders/dp/qk79pfcj0y1fmtkkl08m76rc0000gn/T/jsreport/autocleanup/627fe02e-3b3f-4609-91a8-80752eff9830-chrome-pdf.html","meta":{"rootId":"juortz9lsnnw485","id":"juortz9lsnnw485"},"id":"9zdeww9g56qjly3","previousOperationId":"vsx63mjgwfo21gy"}
{"type":"log","timestamp":1701787196744,"level":"debug","message":"Page request finished: GET (document) 200 file:///var/folders/dp/qk79pfcj0y1fmtkkl08m76rc0000gn/T/jsreport/autocleanup/627fe02e-3b3f-4609-91a8-80752eff9830-chrome-pdf.html","meta":{"rootId":"juortz9lsnnw485","id":"juortz9lsnnw485"},"id":"93o2nsvdi96duew","previousOperationId":"vsx63mjgwfo21gy"}
{"type":"log","timestamp":1701787196755,"level":"debug","message":"Running chrome with params {\"printBackground\":true,\"width\":\"7cm\",\"height\":\"3000px\",\"timeout\":59976,\"margin\":{}}","meta":{"rootId":"juortz9lsnnw485","id":"juortz9lsnnw485"},"id":"bwrlzf0k7jydlna","previousOperationId":"vsx63mjgwfo21gy"}
{"type":"operationEnd","operationId":"vsx63mjgwfo21gy","timestamp":1701787196779,"id":"21tjx6d197yzva1","previousEventId":"37vtmh57w6jwkgu","previousOperationId":"vsx63mjgwfo21gy"}
{"type":"log","timestamp":1701787196779,"level":"debug","message":"Skipping storing report.","meta":{"rootId":"juortz9lsnnw485","id":"juortz9lsnnw485"},"id":"j4mn2bqnf8nv0kn","previousOperationId":"vsx63mjgwfo21gy"}
{"type":"log","timestamp":1701787196779,"level":"info","message":"Rendering request 14 finished in 103 ms","meta":{"rootId":"juortz9lsnnw485","id":"juortz9lsnnw485"},"id":"94if48fsosr4mx6","previousOperationId":"vsx63mjgwfo21gy"}
{"type":"operationEnd","subtype":"render","operationId":"ixrt9bwzb8ho407","timestamp":1701787196779,"id":"3m1lqfdybjluk6a","previousEventId":"21tjx6d197yzva1","previousOperationId":"vsx63mjgwfo21gy"}
{"type":"operationEnd","doDiffs":false,"previousEventId":"d1djiva38rcvhar","previousOperationId":"evbuopfig867ba1","operationId":"evbuopfig867ba1","timestamp":1701787196781,"id":"rwwkuaosvpr1h6l"}
