{"type":"operationStart","subtype":"profile","data":{"_id":"JdfriZwKWkHXlTMB","timestamp":"2023-11-27T18:58:30.635Z","state":"queued","mode":"standard","creationDate":"2023-11-27T18:58:30.636Z","modificationDate":"2023-11-27T18:58:30.636Z","shortid":"6N10RRG","$entitySet":"profiles"},"doDiffs":false,"timestamp":1701111510636,"id":"uiesre7gvd9655s","previousOperationId":null,"operationId":"qog5djw546h0nct"}
{"type":"log","level":"info","message":"Render request 45 queued for execution and waiting for available worker","previousOperationId":"qog5djw546h0nct","timestamp":1701111510636,"id":"25ayckgvhvokb6y"}
{"type":"operationStart","subtype":"render","name":"pmo_slip_index","previousOperationId":"qog5djw546h0nct","timestamp":1701111510643,"id":"a0w0t3bzb1256ff","previousEventId":"uiesre7gvd9655s","operationId":"5hyap8ck9lst8ys"}
{"type":"log","timestamp":1701111510643,"level":"info","message":"Starting rendering request 45","meta":{"rootId":"k67hgfm4yqin0ah","id":"k67hgfm4yqin0ah"},"id":"7ei1xky19q3a4rs","previousOperationId":"5hyap8ck9lst8ys"}
{"type":"log","timestamp":1701111510643,"level":"info","message":"Rendering template { name: pmo_slip_index, recipe: chrome-pdf, engine: handlebars, preview: true }","meta":{"rootId":"k67hgfm4yqin0ah","id":"k67hgfm4yqin0ah"},"id":"5vqf8zmhb5sd0d6","previousOperationId":"5hyap8ck9lst8ys"}
{"type":"log","timestamp":1701111510644,"level":"debug","message":"Inline data specified.","meta":{"rootId":"k67hgfm4yqin0ah","id":"k67hgfm4yqin0ah"},"id":"o25mpctnnyax2id","previousOperationId":"5hyap8ck9lst8ys"}
{"type":"log","timestamp":1701111510650,"level":"debug","message":"Base url not specified, skipping its injection.","meta":{"rootId":"k67hgfm4yqin0ah","id":"k67hgfm4yqin0ah"},"id":"xn6za2vrcmhpmf3","previousOperationId":"5hyap8ck9lst8ys"}
{"type":"operationStart","subtype":"engine","name":"handlebars","timestamp":1701111510650,"id":"k95olqxz40p6j54","previousEventId":"a0w0t3bzb1256ff","operationId":"oihogkdgo0wuopc","previousOperationId":"5hyap8ck9lst8ys"}
{"type":"log","timestamp":1701111510650,"level":"debug","message":"Rendering engine handlebars","meta":{"rootId":"k67hgfm4yqin0ah","id":"k67hgfm4yqin0ah"},"id":"s73fztj6hiw4qn6","previousOperationId":"oihogkdgo0wuopc"}
{"type":"operationEnd","operationId":"oihogkdgo0wuopc","timestamp":1701111510661,"id":"in268q0a9vznwjb","previousEventId":"k95olqxz40p6j54","previousOperationId":"oihogkdgo0wuopc"}
{"type":"operationStart","subtype":"recipe","name":"chrome-pdf","timestamp":1701111510661,"id":"tk1pad7k2top164","previousEventId":"in268q0a9vznwjb","operationId":"p4hl7bl4hikttw3","previousOperationId":"oihogkdgo0wuopc"}
{"type":"log","timestamp":1701111510661,"level":"debug","message":"Executing recipe chrome-pdf","meta":{"rootId":"k67hgfm4yqin0ah","id":"k67hgfm4yqin0ah"},"id":"xj83cn7nio12zfy","previousOperationId":"p4hl7bl4hikttw3"}
{"type":"log","timestamp":1701111510661,"level":"debug","message":"Converting with chrome HeadlessChrome/117.0.5938.149 using chrome-pool strategy","meta":{"rootId":"k67hgfm4yqin0ah","id":"k67hgfm4yqin0ah"},"id":"swe93mvzzgsyzrj","previousOperationId":"p4hl7bl4hikttw3"}
{"type":"log","timestamp":1701111510703,"level":"debug","message":"Page request: GET (document) file:///var/folders/dp/qk79pfcj0y1fmtkkl08m76rc0000gn/T/jsreport/autocleanup/a492ddc2-42c6-40a3-8fb2-79b563dcfb8e-chrome-pdf.html","meta":{"rootId":"k67hgfm4yqin0ah","id":"k67hgfm4yqin0ah"},"id":"i18v3zi3yl2bb9l","previousOperationId":"p4hl7bl4hikttw3"}
{"type":"log","timestamp":1701111510709,"level":"debug","message":"Page request finished: GET (document) 200 file:///var/folders/dp/qk79pfcj0y1fmtkkl08m76rc0000gn/T/jsreport/autocleanup/a492ddc2-42c6-40a3-8fb2-79b563dcfb8e-chrome-pdf.html","meta":{"rootId":"k67hgfm4yqin0ah","id":"k67hgfm4yqin0ah"},"id":"qpffz8fczhlr8mv","previousOperationId":"p4hl7bl4hikttw3"}
{"type":"log","timestamp":1701111510715,"level":"debug","message":"Running chrome with params {\"printBackground\":true,\"width\":\"7cm\",\"height\":\"30cm\",\"timeout\":59974,\"margin\":{}}","meta":{"rootId":"k67hgfm4yqin0ah","id":"k67hgfm4yqin0ah"},"id":"ofxzd1gusr9m82c","previousOperationId":"p4hl7bl4hikttw3"}
{"type":"operationEnd","operationId":"p4hl7bl4hikttw3","timestamp":1701111510732,"id":"g0yfpnhfsw1wn8o","previousEventId":"tk1pad7k2top164","previousOperationId":"p4hl7bl4hikttw3"}
{"type":"log","timestamp":1701111510732,"level":"debug","message":"Skipping storing report.","meta":{"rootId":"k67hgfm4yqin0ah","id":"k67hgfm4yqin0ah"},"id":"zqkwem8v5cnefwu","previousOperationId":"p4hl7bl4hikttw3"}
{"type":"log","timestamp":1701111510732,"level":"info","message":"Rendering request 45 finished in 97 ms","meta":{"rootId":"k67hgfm4yqin0ah","id":"k67hgfm4yqin0ah"},"id":"zwihld5nqz72wfv","previousOperationId":"p4hl7bl4hikttw3"}
{"type":"operationEnd","subtype":"render","operationId":"5hyap8ck9lst8ys","timestamp":1701111510732,"id":"nrfsx7cna0c8ce3","previousEventId":"g0yfpnhfsw1wn8o","previousOperationId":"p4hl7bl4hikttw3"}
{"type":"operationEnd","doDiffs":false,"previousEventId":"uiesre7gvd9655s","previousOperationId":"qog5djw546h0nct","operationId":"qog5djw546h0nct","timestamp":1701111510733,"id":"5v5rytcjwzdy5ns"}
