{"type":"operationStart","subtype":"profile","data":{"_id":"xUH87LtPR0p8s81r","timestamp":"2023-12-06T11:15:30.941Z","state":"queued","mode":"standard","creationDate":"2023-12-06T11:15:30.943Z","modificationDate":"2023-12-06T11:15:30.943Z","shortid":"3rsfiQc","$entitySet":"profiles"},"doDiffs":false,"timestamp":1701861330942,"id":"adziomyko5wjtz3","previousOperationId":null,"operationId":"gvyrakrfgcr6uja"}
{"type":"log","level":"info","message":"Render request 110 queued for execution and waiting for available worker","previousOperationId":"gvyrakrfgcr6uja","timestamp":1701861330942,"id":"ggxsq0wur1xu8rs"}
{"type":"operationStart","subtype":"render","name":"pmo_slip_index","previousOperationId":"gvyrakrfgcr6uja","timestamp":1701861330956,"id":"8xbv76oy2c4k6xf","previousEventId":"adziomyko5wjtz3","operationId":"s6ui5zhr9efkiov"}
{"type":"log","timestamp":1701861330957,"level":"info","message":"Starting rendering request 110","meta":{"rootId":"kqckn4zza58iky7","id":"kqckn4zza58iky7"},"id":"blsmv76w6camzxp","previousOperationId":"s6ui5zhr9efkiov"}
{"type":"log","timestamp":1701861330957,"level":"info","message":"Rendering template { name: pmo_slip_index, recipe: chrome-pdf, engine: handlebars, preview: true }","meta":{"rootId":"kqckn4zza58iky7","id":"kqckn4zza58iky7"},"id":"735t61veoyzfwei","previousOperationId":"s6ui5zhr9efkiov"}
{"type":"log","timestamp":1701861330958,"level":"debug","message":"Inline data specified.","meta":{"rootId":"kqckn4zza58iky7","id":"kqckn4zza58iky7"},"id":"d9zf9i0iwhpy8pp","previousOperationId":"s6ui5zhr9efkiov"}
{"type":"log","timestamp":1701861330959,"level":"debug","message":"Base url not specified, skipping its injection.","meta":{"rootId":"kqckn4zza58iky7","id":"kqckn4zza58iky7"},"id":"7ic900etdutc6y4","previousOperationId":"s6ui5zhr9efkiov"}
{"type":"log","timestamp":1701861330960,"level":"debug","message":"Replaced assets [\"styles.css\"]","meta":{"rootId":"kqckn4zza58iky7","id":"kqckn4zza58iky7"},"id":"jws429izu203a44","previousOperationId":"s6ui5zhr9efkiov"}
{"type":"operationStart","subtype":"engine","name":"handlebars","timestamp":1701861330960,"id":"n4vwc986ww5ml4h","previousEventId":"8xbv76oy2c4k6xf","operationId":"zqpekuc2vxl4wt4","previousOperationId":"s6ui5zhr9efkiov"}
{"type":"log","timestamp":1701861330960,"level":"debug","message":"Rendering engine handlebars","meta":{"rootId":"kqckn4zza58iky7","id":"kqckn4zza58iky7"},"id":"1k54che05bcziwg","previousOperationId":"zqpekuc2vxl4wt4"}
{"type":"operationEnd","operationId":"zqpekuc2vxl4wt4","timestamp":1701861330977,"id":"41idolm9lqesfcy","previousEventId":"n4vwc986ww5ml4h","previousOperationId":"zqpekuc2vxl4wt4"}
{"type":"operationStart","subtype":"recipe","name":"chrome-pdf","timestamp":1701861330977,"id":"kig66xj3imxcfi8","previousEventId":"41idolm9lqesfcy","operationId":"cc6izr1ktdysvzu","previousOperationId":"zqpekuc2vxl4wt4"}
{"type":"log","timestamp":1701861330977,"level":"debug","message":"Executing recipe chrome-pdf","meta":{"rootId":"kqckn4zza58iky7","id":"kqckn4zza58iky7"},"id":"5kdvtgrp8knbvgj","previousOperationId":"cc6izr1ktdysvzu"}
{"type":"log","timestamp":1701861330979,"level":"debug","message":"Converting with chrome HeadlessChrome/117.0.5938.149 using chrome-pool strategy","meta":{"rootId":"kqckn4zza58iky7","id":"kqckn4zza58iky7"},"id":"trqrfgcuip61z39","previousOperationId":"cc6izr1ktdysvzu"}
{"type":"log","timestamp":1701861331032,"level":"debug","message":"Page request: GET (document) file:///var/folders/dp/qk79pfcj0y1fmtkkl08m76rc0000gn/T/jsreport/autocleanup/668fd4fa-9c0d-409d-bf75-2bf469ed8227-chrome-pdf.html","meta":{"rootId":"kqckn4zza58iky7","id":"kqckn4zza58iky7"},"id":"59xjg5y39m7x501","previousOperationId":"cc6izr1ktdysvzu"}
{"type":"log","timestamp":1701861331037,"level":"debug","message":"Page request finished: GET (document) 200 file:///var/folders/dp/qk79pfcj0y1fmtkkl08m76rc0000gn/T/jsreport/autocleanup/668fd4fa-9c0d-409d-bf75-2bf469ed8227-chrome-pdf.html","meta":{"rootId":"kqckn4zza58iky7","id":"kqckn4zza58iky7"},"id":"p0dq72u21tqa1j6","previousOperationId":"cc6izr1ktdysvzu"}
{"type":"log","timestamp":1701861331046,"level":"debug","message":"Running chrome with params {\"printBackground\":true,\"width\":\"7cm\",\"height\":\"20cm\",\"timeout\":59963,\"margin\":{}}","meta":{"rootId":"kqckn4zza58iky7","id":"kqckn4zza58iky7"},"id":"2utvajh9hiuocmu","previousOperationId":"cc6izr1ktdysvzu"}
{"type":"operationEnd","operationId":"cc6izr1ktdysvzu","timestamp":1701861331065,"id":"20y4p9c9hhtmg9b","previousEventId":"kig66xj3imxcfi8","previousOperationId":"cc6izr1ktdysvzu"}
{"type":"log","timestamp":1701861331065,"level":"debug","message":"Skipping storing report.","meta":{"rootId":"kqckn4zza58iky7","id":"kqckn4zza58iky7"},"id":"4r0m3eglwbadoqe","previousOperationId":"cc6izr1ktdysvzu"}
{"type":"log","timestamp":1701861331065,"level":"info","message":"Rendering request 110 finished in 124 ms","meta":{"rootId":"kqckn4zza58iky7","id":"kqckn4zza58iky7"},"id":"eiyeepxdxu32ewd","previousOperationId":"cc6izr1ktdysvzu"}
{"type":"operationEnd","subtype":"render","operationId":"s6ui5zhr9efkiov","timestamp":1701861331065,"id":"pwblaolifp60jyf","previousEventId":"20y4p9c9hhtmg9b","previousOperationId":"cc6izr1ktdysvzu"}
{"type":"operationEnd","doDiffs":false,"previousEventId":"adziomyko5wjtz3","previousOperationId":"gvyrakrfgcr6uja","operationId":"gvyrakrfgcr6uja","timestamp":1701861331066,"id":"xcay9p9af0toebd"}
