{"type":"operationStart","subtype":"profile","data":{"_id":"PGxwmvDrXrgbOr1u","timestamp":"2023-12-01T11:48:52.426Z","state":"queued","mode":"standard","creationDate":"2023-12-01T11:48:52.428Z","modificationDate":"2023-12-01T11:48:52.428Z","shortid":"mj3PxQs","$entitySet":"profiles"},"doDiffs":false,"timestamp":1701431332426,"id":"j8nqibjtgdlrjik","previousOperationId":null,"operationId":"ucp5y3miug2agvh"}
{"type":"log","level":"info","message":"Render request 111 queued for execution and waiting for available worker","previousOperationId":"ucp5y3miug2agvh","timestamp":1701431332427,"id":"5qql9hoj4j0y8jw"}
{"type":"operationStart","subtype":"render","name":"pmo_slip_index","previousOperationId":"ucp5y3miug2agvh","timestamp":1701431332432,"id":"qlzzz00rqoki1wz","previousEventId":"j8nqibjtgdlrjik","operationId":"qsem96ldxmouscv"}
{"type":"log","timestamp":1701431332432,"level":"info","message":"Starting rendering request 111","meta":{"rootId":"l6zahzs2efp5w1a","id":"l6zahzs2efp5w1a"},"id":"nd7nilkufytzqhx","previousOperationId":"qsem96ldxmouscv"}
{"type":"log","timestamp":1701431332432,"level":"info","message":"Rendering template { name: pmo_slip_index, recipe: chrome-pdf, engine: handlebars, preview: true }","meta":{"rootId":"l6zahzs2efp5w1a","id":"l6zahzs2efp5w1a"},"id":"w8h21ip3hzfgnlp","previousOperationId":"qsem96ldxmouscv"}
{"type":"log","timestamp":1701431332432,"level":"debug","message":"Inline data specified.","meta":{"rootId":"l6zahzs2efp5w1a","id":"l6zahzs2efp5w1a"},"id":"bvmwqp8casz6k02","previousOperationId":"qsem96ldxmouscv"}
{"type":"log","timestamp":1701431332435,"level":"debug","message":"Base url not specified, skipping its injection.","meta":{"rootId":"l6zahzs2efp5w1a","id":"l6zahzs2efp5w1a"},"id":"ztzvg5inpz6beim","previousOperationId":"qsem96ldxmouscv"}
{"type":"operationStart","subtype":"engine","name":"handlebars","timestamp":1701431332435,"id":"lusm1wtyywiw0w6","previousEventId":"qlzzz00rqoki1wz","operationId":"argz64tuhwd936b","previousOperationId":"qsem96ldxmouscv"}
{"type":"log","timestamp":1701431332435,"level":"debug","message":"Rendering engine handlebars","meta":{"rootId":"l6zahzs2efp5w1a","id":"l6zahzs2efp5w1a"},"id":"626wm6eowhrluew","previousOperationId":"argz64tuhwd936b"}
{"type":"operationEnd","operationId":"argz64tuhwd936b","timestamp":1701431332454,"id":"k3vnc302pgqzkla","previousEventId":"lusm1wtyywiw0w6","previousOperationId":"argz64tuhwd936b"}
{"type":"operationStart","subtype":"recipe","name":"chrome-pdf","timestamp":1701431332454,"id":"21rcrnripiscrlo","previousEventId":"k3vnc302pgqzkla","operationId":"bvkpie9mtg6jp04","previousOperationId":"argz64tuhwd936b"}
{"type":"log","timestamp":1701431332454,"level":"debug","message":"Executing recipe chrome-pdf","meta":{"rootId":"l6zahzs2efp5w1a","id":"l6zahzs2efp5w1a"},"id":"dx7rnk8lditbx63","previousOperationId":"bvkpie9mtg6jp04"}
{"type":"log","timestamp":1701431332456,"level":"debug","message":"Converting with chrome HeadlessChrome/117.0.5938.149 using chrome-pool strategy","meta":{"rootId":"l6zahzs2efp5w1a","id":"l6zahzs2efp5w1a"},"id":"kr9sikytj7xd1ss","previousOperationId":"bvkpie9mtg6jp04"}
{"type":"log","timestamp":1701431332497,"level":"debug","message":"Page request: GET (document) file:///var/folders/dp/qk79pfcj0y1fmtkkl08m76rc0000gn/T/jsreport/autocleanup/f5cf1027-235d-446d-a5ac-416101633bac-chrome-pdf.html","meta":{"rootId":"l6zahzs2efp5w1a","id":"l6zahzs2efp5w1a"},"id":"zoh4qft9jxwinjc","previousOperationId":"bvkpie9mtg6jp04"}
{"type":"log","timestamp":1701431332502,"level":"debug","message":"Page request finished: GET (document) 200 file:///var/folders/dp/qk79pfcj0y1fmtkkl08m76rc0000gn/T/jsreport/autocleanup/f5cf1027-235d-446d-a5ac-416101633bac-chrome-pdf.html","meta":{"rootId":"l6zahzs2efp5w1a","id":"l6zahzs2efp5w1a"},"id":"lkbapiwirpdpz5m","previousOperationId":"bvkpie9mtg6jp04"}
{"type":"log","timestamp":1701431332515,"level":"debug","message":"Running chrome with params {\"printBackground\":true,\"width\":\"7cm\",\"height\":\"30cm\",\"timeout\":59971,\"margin\":{}}","meta":{"rootId":"l6zahzs2efp5w1a","id":"l6zahzs2efp5w1a"},"id":"bcx867by5lry22w","previousOperationId":"bvkpie9mtg6jp04"}
{"type":"operationEnd","operationId":"bvkpie9mtg6jp04","timestamp":1701431332538,"id":"6jcxpifp3p7jmkl","previousEventId":"21rcrnripiscrlo","previousOperationId":"bvkpie9mtg6jp04"}
{"type":"log","timestamp":1701431332538,"level":"debug","message":"Skipping storing report.","meta":{"rootId":"l6zahzs2efp5w1a","id":"l6zahzs2efp5w1a"},"id":"4w4wb1xr5m5mm0g","previousOperationId":"bvkpie9mtg6jp04"}
{"type":"log","timestamp":1701431332538,"level":"info","message":"Rendering request 111 finished in 112 ms","meta":{"rootId":"l6zahzs2efp5w1a","id":"l6zahzs2efp5w1a"},"id":"7thmwasx0l85zw9","previousOperationId":"bvkpie9mtg6jp04"}
{"type":"operationEnd","subtype":"render","operationId":"qsem96ldxmouscv","timestamp":1701431332538,"id":"65nn5t9vw3gpruv","previousEventId":"6jcxpifp3p7jmkl","previousOperationId":"bvkpie9mtg6jp04"}
{"type":"operationEnd","doDiffs":false,"previousEventId":"j8nqibjtgdlrjik","previousOperationId":"ucp5y3miug2agvh","operationId":"ucp5y3miug2agvh","timestamp":1701431332539,"id":"wmi2q3gbgk3p6gc"}
