{"type":"operationStart","subtype":"profile","data":{"_id":"a2zsHNqixfyOWlgh","timestamp":"2023-12-06T11:18:48.600Z","state":"queued","mode":"standard","creationDate":"2023-12-06T11:18:48.601Z","modificationDate":"2023-12-06T11:18:48.601Z","shortid":"uDFyC_J","$entitySet":"profiles"},"doDiffs":false,"timestamp":1701861528601,"id":"zwehd9a56sxw7ux","previousOperationId":null,"operationId":"lbqu5088zdna70d"}
{"type":"log","level":"info","message":"Render request 118 queued for execution and waiting for available worker","previousOperationId":"lbqu5088zdna70d","timestamp":1701861528601,"id":"j4z0ddu545hzl0e"}
{"type":"operationStart","subtype":"render","name":"pmo_slip_index","previousOperationId":"lbqu5088zdna70d","timestamp":1701861528616,"id":"a86ibh5311uxt4k","previousEventId":"zwehd9a56sxw7ux","operationId":"50rfqa8p5qlw188"}
{"type":"log","timestamp":1701861528616,"level":"info","message":"Starting rendering request 118","meta":{"rootId":"lpsf038rmm8x2fm","id":"lpsf038rmm8x2fm"},"id":"2d3qsmshv2dqv15","previousOperationId":"50rfqa8p5qlw188"}
{"type":"log","timestamp":1701861528618,"level":"info","message":"Rendering template { name: pmo_slip_index, recipe: chrome-pdf, engine: handlebars, preview: true }","meta":{"rootId":"lpsf038rmm8x2fm","id":"lpsf038rmm8x2fm"},"id":"3iwsw48p2k9mnve","previousOperationId":"50rfqa8p5qlw188"}
{"type":"log","timestamp":1701861528618,"level":"debug","message":"Inline data specified.","meta":{"rootId":"lpsf038rmm8x2fm","id":"lpsf038rmm8x2fm"},"id":"l339jqofrtdcriu","previousOperationId":"50rfqa8p5qlw188"}
{"type":"log","timestamp":1701861528620,"level":"debug","message":"Base url not specified, skipping its injection.","meta":{"rootId":"lpsf038rmm8x2fm","id":"lpsf038rmm8x2fm"},"id":"37ho0ks9ubhptvq","previousOperationId":"50rfqa8p5qlw188"}
{"type":"log","timestamp":1701861528621,"level":"debug","message":"Replaced assets [\"styles.css\"]","meta":{"rootId":"lpsf038rmm8x2fm","id":"lpsf038rmm8x2fm"},"id":"jx6cd9yroibou4s","previousOperationId":"50rfqa8p5qlw188"}
{"type":"operationStart","subtype":"engine","name":"handlebars","timestamp":1701861528622,"id":"4z3f9bvzakd2930","previousEventId":"a86ibh5311uxt4k","operationId":"2ghhobi5v8wppat","previousOperationId":"50rfqa8p5qlw188"}
{"type":"log","timestamp":1701861528622,"level":"debug","message":"Rendering engine handlebars","meta":{"rootId":"lpsf038rmm8x2fm","id":"lpsf038rmm8x2fm"},"id":"t0m6db1ars5us5z","previousOperationId":"2ghhobi5v8wppat"}
{"type":"operationEnd","operationId":"2ghhobi5v8wppat","timestamp":1701861528630,"id":"kaekzzmyfw3ari3","previousEventId":"4z3f9bvzakd2930","previousOperationId":"2ghhobi5v8wppat"}
{"type":"operationStart","subtype":"recipe","name":"chrome-pdf","timestamp":1701861528630,"id":"gijhjfd825jqbbj","previousEventId":"kaekzzmyfw3ari3","operationId":"g9euulvdl3fsmva","previousOperationId":"2ghhobi5v8wppat"}
{"type":"log","timestamp":1701861528630,"level":"debug","message":"Executing recipe chrome-pdf","meta":{"rootId":"lpsf038rmm8x2fm","id":"lpsf038rmm8x2fm"},"id":"knvpgboxyaw2tn0","previousOperationId":"g9euulvdl3fsmva"}
{"type":"log","timestamp":1701861528631,"level":"debug","message":"Converting with chrome HeadlessChrome/117.0.5938.149 using chrome-pool strategy","meta":{"rootId":"lpsf038rmm8x2fm","id":"lpsf038rmm8x2fm"},"id":"7g546d7fp4ccjmd","previousOperationId":"g9euulvdl3fsmva"}
{"type":"log","timestamp":1701861528679,"level":"debug","message":"Page request: GET (document) file:///var/folders/dp/qk79pfcj0y1fmtkkl08m76rc0000gn/T/jsreport/autocleanup/95cf2864-e421-4911-9261-1cf434a47d45-chrome-pdf.html","meta":{"rootId":"lpsf038rmm8x2fm","id":"lpsf038rmm8x2fm"},"id":"38c0k8a8z4u1xvq","previousOperationId":"g9euulvdl3fsmva"}
{"type":"log","timestamp":1701861528684,"level":"debug","message":"Page request finished: GET (document) 200 file:///var/folders/dp/qk79pfcj0y1fmtkkl08m76rc0000gn/T/jsreport/autocleanup/95cf2864-e421-4911-9261-1cf434a47d45-chrome-pdf.html","meta":{"rootId":"lpsf038rmm8x2fm","id":"lpsf038rmm8x2fm"},"id":"po9dcsou9o82x43","previousOperationId":"g9euulvdl3fsmva"}
{"type":"log","timestamp":1701861528697,"level":"debug","message":"Running chrome with params {\"printBackground\":true,\"width\":\"7cm\",\"height\":\"20cm\",\"timeout\":59969,\"margin\":{}}","meta":{"rootId":"lpsf038rmm8x2fm","id":"lpsf038rmm8x2fm"},"id":"q2pkrb2gj3jam4p","previousOperationId":"g9euulvdl3fsmva"}
{"type":"operationEnd","operationId":"g9euulvdl3fsmva","timestamp":1701861528716,"id":"hgvfmuj8z09m2lf","previousEventId":"gijhjfd825jqbbj","previousOperationId":"g9euulvdl3fsmva"}
{"type":"log","timestamp":1701861528716,"level":"debug","message":"Skipping storing report.","meta":{"rootId":"lpsf038rmm8x2fm","id":"lpsf038rmm8x2fm"},"id":"m2wgr4jekz6ogh0","previousOperationId":"g9euulvdl3fsmva"}
{"type":"log","timestamp":1701861528716,"level":"info","message":"Rendering request 118 finished in 116 ms","meta":{"rootId":"lpsf038rmm8x2fm","id":"lpsf038rmm8x2fm"},"id":"pto9fwbz07ejzrt","previousOperationId":"g9euulvdl3fsmva"}
{"type":"operationEnd","subtype":"render","operationId":"50rfqa8p5qlw188","timestamp":1701861528716,"id":"yry5pfdhqr6zx01","previousEventId":"hgvfmuj8z09m2lf","previousOperationId":"g9euulvdl3fsmva"}
{"type":"operationEnd","doDiffs":false,"previousEventId":"zwehd9a56sxw7ux","previousOperationId":"lbqu5088zdna70d","operationId":"lbqu5088zdna70d","timestamp":1701861528716,"id":"7xxvfrxw3q73svk"}
