{"type":"operationStart","subtype":"profile","data":{"_id":"cTL4kAq61eypQJ5u","timestamp":"2023-11-27T18:28:07.529Z","state":"queued","mode":"standard","creationDate":"2023-11-27T18:28:07.530Z","modificationDate":"2023-11-27T18:28:07.530Z","shortid":"-SZ6qP3","$entitySet":"profiles"},"doDiffs":false,"timestamp":1701109687529,"id":"mcj0exc1zpba6no","previousOperationId":null,"operationId":"qvdzuaddcqdx1we"}
{"type":"log","level":"info","message":"Render request 14 queued for execution and waiting for available worker","previousOperationId":"qvdzuaddcqdx1we","timestamp":1701109687530,"id":"pz1e5xn816z1zn0"}
{"type":"operationStart","subtype":"render","name":"pmo_slip_index","previousOperationId":"qvdzuaddcqdx1we","timestamp":1701109687538,"id":"nxmlih0verieqzq","previousEventId":"mcj0exc1zpba6no","operationId":"puudnya0dnv02yo"}
{"type":"log","timestamp":1701109687538,"level":"info","message":"Starting rendering request 14","meta":{"rootId":"m5sdhejuglksim2","id":"m5sdhejuglksim2"},"id":"y856lo87v17v52m","previousOperationId":"puudnya0dnv02yo"}
{"type":"log","timestamp":1701109687538,"level":"info","message":"Rendering template { name: pmo_slip_index, recipe: chrome-pdf, engine: handlebars, preview: true }","meta":{"rootId":"m5sdhejuglksim2","id":"m5sdhejuglksim2"},"id":"0x8pgaqgewyg9ut","previousOperationId":"puudnya0dnv02yo"}
{"type":"log","timestamp":1701109687539,"level":"debug","message":"Adding sample data flbhzmKcJ","meta":{"rootId":"m5sdhejuglksim2","id":"m5sdhejuglksim2"},"id":"9es4qg77917ympc","previousOperationId":"puudnya0dnv02yo"}
{"type":"log","timestamp":1701109687542,"level":"debug","message":"Base url not specified, skipping its injection.","meta":{"rootId":"m5sdhejuglksim2","id":"m5sdhejuglksim2"},"id":"tkb0wgvpu5qkypq","previousOperationId":"puudnya0dnv02yo"}
{"type":"operationStart","subtype":"engine","name":"handlebars","timestamp":1701109687543,"id":"061k297m18c9vt8","previousEventId":"nxmlih0verieqzq","operationId":"ua6cbm3v6x187qj","previousOperationId":"puudnya0dnv02yo"}
{"type":"log","timestamp":1701109687543,"level":"debug","message":"Rendering engine handlebars","meta":{"rootId":"m5sdhejuglksim2","id":"m5sdhejuglksim2"},"id":"5c3c2lkwu32g17l","previousOperationId":"ua6cbm3v6x187qj"}
{"type":"operationEnd","operationId":"ua6cbm3v6x187qj","timestamp":1701109687556,"id":"rvgvwo27fg9gxih","previousEventId":"061k297m18c9vt8","previousOperationId":"ua6cbm3v6x187qj"}
{"type":"operationStart","subtype":"recipe","name":"chrome-pdf","timestamp":1701109687556,"id":"keqicdq323qppmg","previousEventId":"rvgvwo27fg9gxih","operationId":"9uqs2pndokoyzhu","previousOperationId":"ua6cbm3v6x187qj"}
{"type":"log","timestamp":1701109687556,"level":"debug","message":"Executing recipe chrome-pdf","meta":{"rootId":"m5sdhejuglksim2","id":"m5sdhejuglksim2"},"id":"1o7jgn8kzs85q0w","previousOperationId":"9uqs2pndokoyzhu"}
{"type":"log","timestamp":1701109687558,"level":"debug","message":"Converting with chrome HeadlessChrome/117.0.5938.149 using chrome-pool strategy","meta":{"rootId":"m5sdhejuglksim2","id":"m5sdhejuglksim2"},"id":"pb5j1zf1ywyabhu","previousOperationId":"9uqs2pndokoyzhu"}
{"type":"log","timestamp":1701109687599,"level":"debug","message":"Page request: GET (document) file:///var/folders/dp/qk79pfcj0y1fmtkkl08m76rc0000gn/T/jsreport/autocleanup/78fd2ce5-b54c-4cbb-bf82-2c11f4550bdb-chrome-pdf.html","meta":{"rootId":"m5sdhejuglksim2","id":"m5sdhejuglksim2"},"id":"c9o2tmq5gacxrpk","previousOperationId":"9uqs2pndokoyzhu"}
{"type":"log","timestamp":1701109687605,"level":"debug","message":"Page request finished: GET (document) 200 file:///var/folders/dp/qk79pfcj0y1fmtkkl08m76rc0000gn/T/jsreport/autocleanup/78fd2ce5-b54c-4cbb-bf82-2c11f4550bdb-chrome-pdf.html","meta":{"rootId":"m5sdhejuglksim2","id":"m5sdhejuglksim2"},"id":"jnfrx7d2jul4h54","previousOperationId":"9uqs2pndokoyzhu"}
{"type":"log","timestamp":1701109687612,"level":"debug","message":"Running chrome with params {\"printBackground\":true,\"width\":\"7cm\",\"height\":\"30cm\",\"timeout\":59972,\"margin\":{}}","meta":{"rootId":"m5sdhejuglksim2","id":"m5sdhejuglksim2"},"id":"f87eg19hlm6hdmy","previousOperationId":"9uqs2pndokoyzhu"}
{"type":"operationEnd","operationId":"9uqs2pndokoyzhu","timestamp":1701109687628,"id":"jyt3xmtu5s4db5f","previousEventId":"keqicdq323qppmg","previousOperationId":"9uqs2pndokoyzhu"}
{"type":"log","timestamp":1701109687628,"level":"debug","message":"Skipping storing report.","meta":{"rootId":"m5sdhejuglksim2","id":"m5sdhejuglksim2"},"id":"x2qltqtyoprk4pv","previousOperationId":"9uqs2pndokoyzhu"}
{"type":"log","timestamp":1701109687628,"level":"info","message":"Rendering request 14 finished in 99 ms","meta":{"rootId":"m5sdhejuglksim2","id":"m5sdhejuglksim2"},"id":"3zz46igyx37seu6","previousOperationId":"9uqs2pndokoyzhu"}
{"type":"operationEnd","subtype":"render","operationId":"puudnya0dnv02yo","timestamp":1701109687628,"id":"o74bdx810t89o05","previousEventId":"jyt3xmtu5s4db5f","previousOperationId":"9uqs2pndokoyzhu"}
{"type":"operationEnd","doDiffs":false,"previousEventId":"mcj0exc1zpba6no","previousOperationId":"qvdzuaddcqdx1we","operationId":"qvdzuaddcqdx1we","timestamp":1701109687629,"id":"bfp5hrq6hum6vtb"}
