{"type":"operationStart","subtype":"profile","data":{"_id":"tyQgPZ5odeZOUvqr","timestamp":"2023-11-27T18:28:46.489Z","state":"queued","mode":"standard","creationDate":"2023-11-27T18:28:46.490Z","modificationDate":"2023-11-27T18:28:46.490Z","shortid":"T6Nckd9","$entitySet":"profiles"},"doDiffs":false,"timestamp":1701109726489,"id":"5pktyuo1aioi4y7","previousOperationId":null,"operationId":"whftlnfkx73wavu"}
{"type":"log","level":"info","message":"Render request 16 queued for execution and waiting for available worker","previousOperationId":"whftlnfkx73wavu","timestamp":1701109726489,"id":"n3ab45vi8e3mclc"}
{"type":"operationStart","subtype":"render","name":"pmo_slip_index","previousOperationId":"whftlnfkx73wavu","timestamp":1701109726495,"id":"ca4g3ujjbdnz1db","previousEventId":"5pktyuo1aioi4y7","operationId":"wz19g65lye2gz3f"}
{"type":"log","timestamp":1701109726495,"level":"info","message":"Starting rendering request 16","meta":{"rootId":"mc2tz4bgesm63dy","id":"mc2tz4bgesm63dy"},"id":"m2uod7fgnwzc51f","previousOperationId":"wz19g65lye2gz3f"}
{"type":"log","timestamp":1701109726495,"level":"info","message":"Rendering template { name: pmo_slip_index, recipe: chrome-pdf, engine: handlebars, preview: true }","meta":{"rootId":"mc2tz4bgesm63dy","id":"mc2tz4bgesm63dy"},"id":"63n8qcgdyj7urd1","previousOperationId":"wz19g65lye2gz3f"}
{"type":"log","timestamp":1701109726495,"level":"debug","message":"Adding sample data flbhzmKcJ","meta":{"rootId":"mc2tz4bgesm63dy","id":"mc2tz4bgesm63dy"},"id":"4hgmbhe00g21q1k","previousOperationId":"wz19g65lye2gz3f"}
{"type":"log","timestamp":1701109726497,"level":"debug","message":"Base url not specified, skipping its injection.","meta":{"rootId":"mc2tz4bgesm63dy","id":"mc2tz4bgesm63dy"},"id":"epoj7ll9zm333j1","previousOperationId":"wz19g65lye2gz3f"}
{"type":"operationStart","subtype":"engine","name":"handlebars","timestamp":1701109726497,"id":"km8mcdfprgwjqi9","previousEventId":"ca4g3ujjbdnz1db","operationId":"b82wch60gds905c","previousOperationId":"wz19g65lye2gz3f"}
{"type":"log","timestamp":1701109726497,"level":"debug","message":"Rendering engine handlebars","meta":{"rootId":"mc2tz4bgesm63dy","id":"mc2tz4bgesm63dy"},"id":"xa5f3k8dywy8l22","previousOperationId":"b82wch60gds905c"}
{"type":"operationEnd","operationId":"b82wch60gds905c","timestamp":1701109726517,"id":"ga0s7qvlyvwkd8g","previousEventId":"km8mcdfprgwjqi9","previousOperationId":"b82wch60gds905c"}
{"type":"operationStart","subtype":"recipe","name":"chrome-pdf","timestamp":1701109726517,"id":"s75nrmmhlzmhn8k","previousEventId":"ga0s7qvlyvwkd8g","operationId":"s9tqxth0va2atij","previousOperationId":"b82wch60gds905c"}
{"type":"log","timestamp":1701109726517,"level":"debug","message":"Executing recipe chrome-pdf","meta":{"rootId":"mc2tz4bgesm63dy","id":"mc2tz4bgesm63dy"},"id":"b9kj08ptf8dw860","previousOperationId":"s9tqxth0va2atij"}
{"type":"log","timestamp":1701109726519,"level":"debug","message":"Converting with chrome HeadlessChrome/117.0.5938.149 using chrome-pool strategy","meta":{"rootId":"mc2tz4bgesm63dy","id":"mc2tz4bgesm63dy"},"id":"3lwqia46bn57b3x","previousOperationId":"s9tqxth0va2atij"}
{"type":"log","timestamp":1701109726562,"level":"debug","message":"Page request: GET (document) file:///var/folders/dp/qk79pfcj0y1fmtkkl08m76rc0000gn/T/jsreport/autocleanup/b769e537-230a-44ae-8c0d-1a15a1e4b90a-chrome-pdf.html","meta":{"rootId":"mc2tz4bgesm63dy","id":"mc2tz4bgesm63dy"},"id":"1tkz9p36l5zq0rd","previousOperationId":"s9tqxth0va2atij"}
{"type":"log","timestamp":1701109726569,"level":"debug","message":"Page request finished: GET (document) 200 file:///var/folders/dp/qk79pfcj0y1fmtkkl08m76rc0000gn/T/jsreport/autocleanup/b769e537-230a-44ae-8c0d-1a15a1e4b90a-chrome-pdf.html","meta":{"rootId":"mc2tz4bgesm63dy","id":"mc2tz4bgesm63dy"},"id":"62nnuxqnr5mp4bt","previousOperationId":"s9tqxth0va2atij"}
{"type":"log","timestamp":1701109726574,"level":"debug","message":"Running chrome with params {\"printBackground\":true,\"width\":\"7cm\",\"height\":\"30cm\",\"timeout\":59970,\"margin\":{}}","meta":{"rootId":"mc2tz4bgesm63dy","id":"mc2tz4bgesm63dy"},"id":"gl5u64j1whyqpu2","previousOperationId":"s9tqxth0va2atij"}
{"type":"operationEnd","operationId":"s9tqxth0va2atij","timestamp":1701109726590,"id":"oabz2yn4djngygq","previousEventId":"s75nrmmhlzmhn8k","previousOperationId":"s9tqxth0va2atij"}
{"type":"log","timestamp":1701109726590,"level":"debug","message":"Skipping storing report.","meta":{"rootId":"mc2tz4bgesm63dy","id":"mc2tz4bgesm63dy"},"id":"prj64xb7h5tkacs","previousOperationId":"s9tqxth0va2atij"}
{"type":"log","timestamp":1701109726590,"level":"info","message":"Rendering request 16 finished in 101 ms","meta":{"rootId":"mc2tz4bgesm63dy","id":"mc2tz4bgesm63dy"},"id":"jl90o21kdge27qy","previousOperationId":"s9tqxth0va2atij"}
{"type":"operationEnd","subtype":"render","operationId":"wz19g65lye2gz3f","timestamp":1701109726590,"id":"g809uryv5qa8eoa","previousEventId":"oabz2yn4djngygq","previousOperationId":"s9tqxth0va2atij"}
{"type":"operationEnd","doDiffs":false,"previousEventId":"5pktyuo1aioi4y7","previousOperationId":"whftlnfkx73wavu","operationId":"whftlnfkx73wavu","timestamp":1701109726593,"id":"sfdpfavcmeul35c"}
