{"type":"operationStart","subtype":"profile","data":{"_id":"2ZXFxFBoIc8cDffN","timestamp":"2023-12-06T11:52:15.486Z","state":"queued","mode":"standard","creationDate":"2023-12-06T11:52:15.488Z","modificationDate":"2023-12-06T11:52:15.488Z","shortid":"8X3LMAH","$entitySet":"profiles"},"doDiffs":false,"timestamp":1701863535487,"id":"g162h5u8phtzieb","previousOperationId":null,"operationId":"evz6ssya9a99da3"}
{"type":"log","level":"info","message":"Render request 136 queued for execution and waiting for available worker","previousOperationId":"evz6ssya9a99da3","timestamp":1701863535487,"id":"f3wtd5yqt10qjgc"}
{"type":"operationStart","subtype":"render","name":"pmo_slip_index","previousOperationId":"evz6ssya9a99da3","timestamp":1701863535496,"id":"gvksj4kdi1b75t3","previousEventId":"g162h5u8phtzieb","operationId":"dgcjxghrof37ctc"}
{"type":"log","timestamp":1701863535496,"level":"info","message":"Starting rendering request 136","meta":{"rootId":"mref49wvcaglwsa","id":"mref49wvcaglwsa"},"id":"puj8fjmvb1wnrxq","previousOperationId":"dgcjxghrof37ctc"}
{"type":"log","timestamp":1701863535496,"level":"info","message":"Rendering template { name: pmo_slip_index, recipe: chrome-pdf, engine: handlebars, preview: true }","meta":{"rootId":"mref49wvcaglwsa","id":"mref49wvcaglwsa"},"id":"8b8gldgyfnx4mrc","previousOperationId":"dgcjxghrof37ctc"}
{"type":"log","timestamp":1701863535497,"level":"debug","message":"Inline data specified.","meta":{"rootId":"mref49wvcaglwsa","id":"mref49wvcaglwsa"},"id":"v4xk2roew7yeksa","previousOperationId":"dgcjxghrof37ctc"}
{"type":"log","timestamp":1701863535500,"level":"debug","message":"Base url not specified, skipping its injection.","meta":{"rootId":"mref49wvcaglwsa","id":"mref49wvcaglwsa"},"id":"0ts8148yvrr0b56","previousOperationId":"dgcjxghrof37ctc"}
{"type":"log","timestamp":1701863535501,"level":"debug","message":"Replaced assets [\"styles.css\"]","meta":{"rootId":"mref49wvcaglwsa","id":"mref49wvcaglwsa"},"id":"1un54eq8qmu062f","previousOperationId":"dgcjxghrof37ctc"}
{"type":"operationStart","subtype":"engine","name":"handlebars","timestamp":1701863535501,"id":"1zpczxtg7vrz1cl","previousEventId":"gvksj4kdi1b75t3","operationId":"iycg96w3e5e9dmq","previousOperationId":"dgcjxghrof37ctc"}
{"type":"log","timestamp":1701863535501,"level":"debug","message":"Rendering engine handlebars","meta":{"rootId":"mref49wvcaglwsa","id":"mref49wvcaglwsa"},"id":"s8lqqfwzrllbrkw","previousOperationId":"iycg96w3e5e9dmq"}
{"type":"operationEnd","operationId":"iycg96w3e5e9dmq","timestamp":1701863535525,"id":"2e3k52209aa4ysq","previousEventId":"1zpczxtg7vrz1cl","previousOperationId":"iycg96w3e5e9dmq"}
{"type":"operationStart","subtype":"recipe","name":"chrome-pdf","timestamp":1701863535526,"id":"bwkpsesjtc07esd","previousEventId":"2e3k52209aa4ysq","operationId":"1mudb87h1ery3r0","previousOperationId":"iycg96w3e5e9dmq"}
{"type":"log","timestamp":1701863535526,"level":"debug","message":"Executing recipe chrome-pdf","meta":{"rootId":"mref49wvcaglwsa","id":"mref49wvcaglwsa"},"id":"k7br4cv2976mjjv","previousOperationId":"1mudb87h1ery3r0"}
{"type":"log","timestamp":1701863535527,"level":"debug","message":"Converting with chrome HeadlessChrome/117.0.5938.149 using chrome-pool strategy","meta":{"rootId":"mref49wvcaglwsa","id":"mref49wvcaglwsa"},"id":"57al8k42f1rwfg0","previousOperationId":"1mudb87h1ery3r0"}
{"type":"log","timestamp":1701863535574,"level":"debug","message":"Page request: GET (document) file:///var/folders/dp/qk79pfcj0y1fmtkkl08m76rc0000gn/T/jsreport/autocleanup/6aca280f-c304-492a-8c41-9bdf9ba3dc46-chrome-pdf.html","meta":{"rootId":"mref49wvcaglwsa","id":"mref49wvcaglwsa"},"id":"fxe5nb3htlu07w3","previousOperationId":"1mudb87h1ery3r0"}
{"type":"log","timestamp":1701863535579,"level":"debug","message":"Page request finished: GET (document) 200 file:///var/folders/dp/qk79pfcj0y1fmtkkl08m76rc0000gn/T/jsreport/autocleanup/6aca280f-c304-492a-8c41-9bdf9ba3dc46-chrome-pdf.html","meta":{"rootId":"mref49wvcaglwsa","id":"mref49wvcaglwsa"},"id":"zq0c5vwxvq5786c","previousOperationId":"1mudb87h1ery3r0"}
{"type":"log","timestamp":1701863535590,"level":"debug","message":"Running chrome with params {\"printBackground\":true,\"width\":\"5.8cm\",\"height\":\"40cm\",\"timeout\":59959,\"margin\":{}}","meta":{"rootId":"mref49wvcaglwsa","id":"mref49wvcaglwsa"},"id":"q504xvs746h6ycb","previousOperationId":"1mudb87h1ery3r0"}
{"type":"operationEnd","operationId":"1mudb87h1ery3r0","timestamp":1701863535614,"id":"qtdnxyeyduk6xhm","previousEventId":"bwkpsesjtc07esd","previousOperationId":"1mudb87h1ery3r0"}
{"type":"log","timestamp":1701863535614,"level":"debug","message":"Skipping storing report.","meta":{"rootId":"mref49wvcaglwsa","id":"mref49wvcaglwsa"},"id":"d5p8hijsfmw7s9t","previousOperationId":"1mudb87h1ery3r0"}
{"type":"log","timestamp":1701863535614,"level":"info","message":"Rendering request 136 finished in 128 ms","meta":{"rootId":"mref49wvcaglwsa","id":"mref49wvcaglwsa"},"id":"bgszgbs50164n2x","previousOperationId":"1mudb87h1ery3r0"}
{"type":"operationEnd","subtype":"render","operationId":"dgcjxghrof37ctc","timestamp":1701863535614,"id":"irbofhs9wgoj52v","previousEventId":"qtdnxyeyduk6xhm","previousOperationId":"1mudb87h1ery3r0"}
{"type":"operationEnd","doDiffs":false,"previousEventId":"g162h5u8phtzieb","previousOperationId":"evz6ssya9a99da3","operationId":"evz6ssya9a99da3","timestamp":1701863535615,"id":"brwxr0f3twpn2w4"}
