{"type":"operationStart","subtype":"profile","data":{"_id":"DzDJZOPidQSzqbSa","timestamp":"2023-12-04T10:36:14.832Z","state":"queued","mode":"standard","creationDate":"2023-12-04T10:36:14.837Z","modificationDate":"2023-12-04T10:36:14.837Z","shortid":"9hG0vr0","$entitySet":"profiles"},"doDiffs":false,"timestamp":1701686174836,"id":"eha2wx6j4u3grzn","previousOperationId":null,"operationId":"msx7p07ordfly1n"}
{"type":"log","level":"info","message":"Render request 79 queued for execution and waiting for available worker","previousOperationId":"msx7p07ordfly1n","timestamp":1701686174836,"id":"wenzkbpr6wftot2"}
{"type":"operationStart","subtype":"render","name":"pmo_slip_index","previousOperationId":"msx7p07ordfly1n","timestamp":1701686174852,"id":"vz5z9fm731njc2e","previousEventId":"eha2wx6j4u3grzn","operationId":"neql8y3hu89urfg"}
{"type":"log","timestamp":1701686174853,"level":"info","message":"Starting rendering request 79","meta":{"rootId":"o55zl649rliyvem","id":"o55zl649rliyvem"},"id":"lmnvcsc4u3ucu5z","previousOperationId":"neql8y3hu89urfg"}
{"type":"log","timestamp":1701686174854,"level":"info","message":"Rendering template { name: pmo_slip_index, recipe: chrome-pdf, engine: handlebars, preview: true }","meta":{"rootId":"o55zl649rliyvem","id":"o55zl649rliyvem"},"id":"mwyq9t553e7vaac","previousOperationId":"neql8y3hu89urfg"}
{"type":"log","timestamp":1701686174858,"level":"debug","message":"Adding sample data VeFzNfc","meta":{"rootId":"o55zl649rliyvem","id":"o55zl649rliyvem"},"id":"wsvsvdy6jn3t69j","previousOperationId":"neql8y3hu89urfg"}
{"type":"log","timestamp":1701686174863,"level":"debug","message":"Base url not specified, skipping its injection.","meta":{"rootId":"o55zl649rliyvem","id":"o55zl649rliyvem"},"id":"jzoajjeix2p3fti","previousOperationId":"neql8y3hu89urfg"}
{"type":"operationStart","subtype":"engine","name":"handlebars","timestamp":1701686174864,"id":"kkn2fdb8o35b4s5","previousEventId":"vz5z9fm731njc2e","operationId":"6qa4dnrjoicojgv","previousOperationId":"neql8y3hu89urfg"}
{"type":"log","timestamp":1701686174864,"level":"debug","message":"Rendering engine handlebars","meta":{"rootId":"o55zl649rliyvem","id":"o55zl649rliyvem"},"id":"hanbic1wj232115","previousOperationId":"6qa4dnrjoicojgv"}
{"type":"operationEnd","operationId":"6qa4dnrjoicojgv","timestamp":1701686174872,"id":"zy2iuv0mcrrxoe7","previousEventId":"kkn2fdb8o35b4s5","previousOperationId":"6qa4dnrjoicojgv"}
{"type":"operationStart","subtype":"recipe","name":"chrome-pdf","timestamp":1701686174872,"id":"8l1wpdn2n7v9bxu","previousEventId":"zy2iuv0mcrrxoe7","operationId":"obzlbnssec7s25v","previousOperationId":"6qa4dnrjoicojgv"}
{"type":"log","timestamp":1701686174872,"level":"debug","message":"Executing recipe chrome-pdf","meta":{"rootId":"o55zl649rliyvem","id":"o55zl649rliyvem"},"id":"bxnq19rvpm76ft4","previousOperationId":"obzlbnssec7s25v"}
{"type":"log","timestamp":1701686174875,"level":"debug","message":"Converting with chrome HeadlessChrome/117.0.5938.149 using chrome-pool strategy","meta":{"rootId":"o55zl649rliyvem","id":"o55zl649rliyvem"},"id":"vqf32zldui3fpky","previousOperationId":"obzlbnssec7s25v"}
{"type":"log","timestamp":1701686174935,"level":"debug","message":"Page request: GET (document) file:///var/folders/dp/qk79pfcj0y1fmtkkl08m76rc0000gn/T/jsreport/autocleanup/b18fa505-5c90-48cb-ae88-6777537477f2-chrome-pdf.html","meta":{"rootId":"o55zl649rliyvem","id":"o55zl649rliyvem"},"id":"n4jlo354zqo9ug1","previousOperationId":"obzlbnssec7s25v"}
{"type":"log","timestamp":1701686174940,"level":"debug","message":"Page request finished: GET (document) 200 file:///var/folders/dp/qk79pfcj0y1fmtkkl08m76rc0000gn/T/jsreport/autocleanup/b18fa505-5c90-48cb-ae88-6777537477f2-chrome-pdf.html","meta":{"rootId":"o55zl649rliyvem","id":"o55zl649rliyvem"},"id":"d5zckx7eaez8h5u","previousOperationId":"obzlbnssec7s25v"}
{"type":"log","timestamp":1701686174951,"level":"debug","message":"Running chrome with params {\"printBackground\":true,\"width\":\"7cm\",\"height\":\"30cm\",\"timeout\":59957,\"margin\":{}}","meta":{"rootId":"o55zl649rliyvem","id":"o55zl649rliyvem"},"id":"9glsc3wny44yzmn","previousOperationId":"obzlbnssec7s25v"}
{"type":"operationEnd","operationId":"obzlbnssec7s25v","timestamp":1701686175000,"id":"chwst2axnqdw5jl","previousEventId":"8l1wpdn2n7v9bxu","previousOperationId":"obzlbnssec7s25v"}
{"type":"log","timestamp":1701686175000,"level":"debug","message":"Skipping storing report.","meta":{"rootId":"o55zl649rliyvem","id":"o55zl649rliyvem"},"id":"gzspx9jy16721j0","previousOperationId":"obzlbnssec7s25v"}
{"type":"log","timestamp":1701686175000,"level":"info","message":"Rendering request 79 finished in 169 ms","meta":{"rootId":"o55zl649rliyvem","id":"o55zl649rliyvem"},"id":"ll816inrxll8gdz","previousOperationId":"obzlbnssec7s25v"}
{"type":"operationEnd","subtype":"render","operationId":"neql8y3hu89urfg","timestamp":1701686175000,"id":"xulnajsvssharik","previousEventId":"chwst2axnqdw5jl","previousOperationId":"obzlbnssec7s25v"}
{"type":"operationEnd","doDiffs":false,"previousEventId":"eha2wx6j4u3grzn","previousOperationId":"msx7p07ordfly1n","operationId":"msx7p07ordfly1n","timestamp":1701686175001,"id":"ey2h3ryd3y4zf59"}
