{"type":"operationStart","subtype":"profile","data":{"_id":"4UeIZdkfi7sWq7hy","timestamp":"2023-11-27T18:17:20.159Z","state":"queued","mode":"standard","creationDate":"2023-11-27T18:17:20.160Z","modificationDate":"2023-11-27T18:17:20.160Z","shortid":"ebWDRXe","$entitySet":"profiles"},"doDiffs":false,"timestamp":1701109040159,"id":"yhkbkb6opshgl1e","previousOperationId":null,"operationId":"uvm4nl0lmjdo4ma"}
{"type":"log","level":"info","message":"Render request 7 queued for execution and waiting for available worker","previousOperationId":"uvm4nl0lmjdo4ma","timestamp":1701109040159,"id":"4orp0re9qtv943a"}
{"type":"operationStart","subtype":"render","name":"pmo_slip_index","previousOperationId":"uvm4nl0lmjdo4ma","timestamp":1701109040165,"id":"gnymgna6q7a996w","previousEventId":"yhkbkb6opshgl1e","operationId":"vfdg85kmo8zsafc"}
{"type":"log","timestamp":1701109040165,"level":"info","message":"Starting rendering request 7","meta":{"rootId":"oawqql2xo322li7","id":"oawqql2xo322li7"},"id":"gh21kssdg08ghnt","previousOperationId":"vfdg85kmo8zsafc"}
{"type":"log","timestamp":1701109040165,"level":"info","message":"Rendering template { name: pmo_slip_index, recipe: chrome-pdf, engine: handlebars, preview: true }","meta":{"rootId":"oawqql2xo322li7","id":"oawqql2xo322li7"},"id":"no7u2tpbt8bjn8o","previousOperationId":"vfdg85kmo8zsafc"}
{"type":"log","timestamp":1701109040166,"level":"debug","message":"Adding sample data flbhzmKcJ","meta":{"rootId":"oawqql2xo322li7","id":"oawqql2xo322li7"},"id":"unhzj9i9n8ss4lb","previousOperationId":"vfdg85kmo8zsafc"}
{"type":"log","timestamp":1701109040171,"level":"debug","message":"Base url not specified, skipping its injection.","meta":{"rootId":"oawqql2xo322li7","id":"oawqql2xo322li7"},"id":"05y3f6yymliw7q4","previousOperationId":"vfdg85kmo8zsafc"}
{"type":"operationStart","subtype":"engine","name":"handlebars","timestamp":1701109040172,"id":"8za593gikpeqlj6","previousEventId":"gnymgna6q7a996w","operationId":"fwn1n5jcmb0yqwu","previousOperationId":"vfdg85kmo8zsafc"}
{"type":"log","timestamp":1701109040172,"level":"debug","message":"Rendering engine handlebars","meta":{"rootId":"oawqql2xo322li7","id":"oawqql2xo322li7"},"id":"0nnp0a21ldu110z","previousOperationId":"fwn1n5jcmb0yqwu"}
{"type":"operationEnd","operationId":"fwn1n5jcmb0yqwu","timestamp":1701109040185,"id":"z723aff71k4i9su","previousEventId":"8za593gikpeqlj6","previousOperationId":"fwn1n5jcmb0yqwu"}
{"type":"operationStart","subtype":"recipe","name":"chrome-pdf","timestamp":1701109040186,"id":"050r5mea162zkvs","previousEventId":"z723aff71k4i9su","operationId":"351roszrq2a1drl","previousOperationId":"fwn1n5jcmb0yqwu"}
{"type":"log","timestamp":1701109040186,"level":"debug","message":"Executing recipe chrome-pdf","meta":{"rootId":"oawqql2xo322li7","id":"oawqql2xo322li7"},"id":"wosslyhccak6i9l","previousOperationId":"351roszrq2a1drl"}
{"type":"log","timestamp":1701109040186,"level":"debug","message":"Converting with chrome HeadlessChrome/117.0.5938.149 using chrome-pool strategy","meta":{"rootId":"oawqql2xo322li7","id":"oawqql2xo322li7"},"id":"st9xwli8onwxboc","previousOperationId":"351roszrq2a1drl"}
{"type":"log","timestamp":1701109040228,"level":"debug","message":"Page request: GET (document) file:///var/folders/dp/qk79pfcj0y1fmtkkl08m76rc0000gn/T/jsreport/autocleanup/6b386a5f-1d4d-4800-a31f-d70288492233-chrome-pdf.html","meta":{"rootId":"oawqql2xo322li7","id":"oawqql2xo322li7"},"id":"bwgzlfgf6b9a0qm","previousOperationId":"351roszrq2a1drl"}
{"type":"log","timestamp":1701109040234,"level":"debug","message":"Page request finished: GET (document) 200 file:///var/folders/dp/qk79pfcj0y1fmtkkl08m76rc0000gn/T/jsreport/autocleanup/6b386a5f-1d4d-4800-a31f-d70288492233-chrome-pdf.html","meta":{"rootId":"oawqql2xo322li7","id":"oawqql2xo322li7"},"id":"mbigok4aoeuhzpg","previousOperationId":"351roszrq2a1drl"}
{"type":"log","timestamp":1701109040240,"level":"debug","message":"Running chrome with params {\"printBackground\":true,\"width\":\"7cm\",\"height\":\"30cm\",\"timeout\":59972,\"margin\":{}}","meta":{"rootId":"oawqql2xo322li7","id":"oawqql2xo322li7"},"id":"chcjzlcgxq2hm0g","previousOperationId":"351roszrq2a1drl"}
{"type":"operationEnd","operationId":"351roszrq2a1drl","timestamp":1701109040257,"id":"w9ux4o3lt6r35fc","previousEventId":"050r5mea162zkvs","previousOperationId":"351roszrq2a1drl"}
{"type":"log","timestamp":1701109040257,"level":"debug","message":"Skipping storing report.","meta":{"rootId":"oawqql2xo322li7","id":"oawqql2xo322li7"},"id":"rapcba8rycq8b5w","previousOperationId":"351roszrq2a1drl"}
{"type":"log","timestamp":1701109040257,"level":"info","message":"Rendering request 7 finished in 99 ms","meta":{"rootId":"oawqql2xo322li7","id":"oawqql2xo322li7"},"id":"bhr3zhnhrsrkxni","previousOperationId":"351roszrq2a1drl"}
{"type":"operationEnd","subtype":"render","operationId":"vfdg85kmo8zsafc","timestamp":1701109040257,"id":"mu6o1lytblw571t","previousEventId":"w9ux4o3lt6r35fc","previousOperationId":"351roszrq2a1drl"}
{"type":"operationEnd","doDiffs":false,"previousEventId":"yhkbkb6opshgl1e","previousOperationId":"uvm4nl0lmjdo4ma","operationId":"uvm4nl0lmjdo4ma","timestamp":1701109040259,"id":"gpz7gjm71jcs4yz"}
