{"type":"operationStart","subtype":"profile","data":{"_id":"MRaVfEj2zuu5H7Vh","timestamp":"2023-12-01T11:47:35.180Z","state":"queued","mode":"standard","creationDate":"2023-12-01T11:47:35.181Z","modificationDate":"2023-12-01T11:47:35.181Z","shortid":"J_m8IY9","$entitySet":"profiles"},"doDiffs":false,"timestamp":1701431255181,"id":"lhv04je0us604ft","previousOperationId":null,"operationId":"oqp63sbg2femf4l"}
{"type":"log","level":"info","message":"Render request 110 queued for execution and waiting for available worker","previousOperationId":"oqp63sbg2femf4l","timestamp":1701431255181,"id":"1o3hj69wjsvj83u"}
{"type":"operationStart","subtype":"render","name":"pmo_slip_index","previousOperationId":"oqp63sbg2femf4l","timestamp":1701431255187,"id":"6ruy7dobl70xe6y","previousEventId":"lhv04je0us604ft","operationId":"i5c5a9vm6h6gzo2"}
{"type":"log","timestamp":1701431255187,"level":"info","message":"Starting rendering request 110","meta":{"rootId":"ogbhi2cx0im0vrx","id":"ogbhi2cx0im0vrx"},"id":"1uw974sak2k2xdr","previousOperationId":"i5c5a9vm6h6gzo2"}
{"type":"log","timestamp":1701431255187,"level":"info","message":"Rendering template { name: pmo_slip_index, recipe: chrome-pdf, engine: handlebars, preview: true }","meta":{"rootId":"ogbhi2cx0im0vrx","id":"ogbhi2cx0im0vrx"},"id":"bhankas6ac6hpgi","previousOperationId":"i5c5a9vm6h6gzo2"}
{"type":"log","timestamp":1701431255188,"level":"debug","message":"Inline data specified.","meta":{"rootId":"ogbhi2cx0im0vrx","id":"ogbhi2cx0im0vrx"},"id":"fliykw9xji02zog","previousOperationId":"i5c5a9vm6h6gzo2"}
{"type":"log","timestamp":1701431255189,"level":"debug","message":"Base url not specified, skipping its injection.","meta":{"rootId":"ogbhi2cx0im0vrx","id":"ogbhi2cx0im0vrx"},"id":"bpf87akqo8a9ca6","previousOperationId":"i5c5a9vm6h6gzo2"}
{"type":"operationStart","subtype":"engine","name":"handlebars","timestamp":1701431255190,"id":"3kvwoqchf4snf1t","previousEventId":"6ruy7dobl70xe6y","operationId":"whlmrk8lzfch9uu","previousOperationId":"i5c5a9vm6h6gzo2"}
{"type":"log","timestamp":1701431255190,"level":"debug","message":"Rendering engine handlebars","meta":{"rootId":"ogbhi2cx0im0vrx","id":"ogbhi2cx0im0vrx"},"id":"o6pp60sj3t4ei1t","previousOperationId":"whlmrk8lzfch9uu"}
{"type":"operationEnd","operationId":"whlmrk8lzfch9uu","timestamp":1701431255209,"id":"g4cd3442v6l1cvv","previousEventId":"3kvwoqchf4snf1t","previousOperationId":"whlmrk8lzfch9uu"}
{"type":"operationStart","subtype":"recipe","name":"chrome-pdf","timestamp":1701431255210,"id":"g0oxj4mbepkj7if","previousEventId":"g4cd3442v6l1cvv","operationId":"o1eeqyorefnbaen","previousOperationId":"whlmrk8lzfch9uu"}
{"type":"log","timestamp":1701431255210,"level":"debug","message":"Executing recipe chrome-pdf","meta":{"rootId":"ogbhi2cx0im0vrx","id":"ogbhi2cx0im0vrx"},"id":"pmdgrpv0hyeh78o","previousOperationId":"o1eeqyorefnbaen"}
{"type":"log","timestamp":1701431255211,"level":"debug","message":"Converting with chrome HeadlessChrome/117.0.5938.149 using chrome-pool strategy","meta":{"rootId":"ogbhi2cx0im0vrx","id":"ogbhi2cx0im0vrx"},"id":"fjqbo6pq0yrn9hy","previousOperationId":"o1eeqyorefnbaen"}
{"type":"log","timestamp":1701431255257,"level":"debug","message":"Page request: GET (document) file:///var/folders/dp/qk79pfcj0y1fmtkkl08m76rc0000gn/T/jsreport/autocleanup/0070bd4d-d9fa-4936-9071-84f802fce44e-chrome-pdf.html","meta":{"rootId":"ogbhi2cx0im0vrx","id":"ogbhi2cx0im0vrx"},"id":"tds9ddhe1hx4vuf","previousOperationId":"o1eeqyorefnbaen"}
{"type":"log","timestamp":1701431255262,"level":"debug","message":"Page request finished: GET (document) 200 file:///var/folders/dp/qk79pfcj0y1fmtkkl08m76rc0000gn/T/jsreport/autocleanup/0070bd4d-d9fa-4936-9071-84f802fce44e-chrome-pdf.html","meta":{"rootId":"ogbhi2cx0im0vrx","id":"ogbhi2cx0im0vrx"},"id":"3qr8upf3dduptfm","previousOperationId":"o1eeqyorefnbaen"}
{"type":"log","timestamp":1701431255276,"level":"debug","message":"Running chrome with params {\"printBackground\":true,\"width\":\"7cm\",\"height\":\"30cm\",\"timeout\":59970,\"margin\":{}}","meta":{"rootId":"ogbhi2cx0im0vrx","id":"ogbhi2cx0im0vrx"},"id":"wt2lpfl8azgrrcq","previousOperationId":"o1eeqyorefnbaen"}
{"type":"operationEnd","operationId":"o1eeqyorefnbaen","timestamp":1701431255299,"id":"icpv5turm4yr91a","previousEventId":"g0oxj4mbepkj7if","previousOperationId":"o1eeqyorefnbaen"}
{"type":"log","timestamp":1701431255299,"level":"debug","message":"Skipping storing report.","meta":{"rootId":"ogbhi2cx0im0vrx","id":"ogbhi2cx0im0vrx"},"id":"qbgzzwme52vnu6b","previousOperationId":"o1eeqyorefnbaen"}
{"type":"log","timestamp":1701431255300,"level":"info","message":"Rendering request 110 finished in 120 ms","meta":{"rootId":"ogbhi2cx0im0vrx","id":"ogbhi2cx0im0vrx"},"id":"1gze8nglbjbdgd5","previousOperationId":"o1eeqyorefnbaen"}
{"type":"operationEnd","subtype":"render","operationId":"i5c5a9vm6h6gzo2","timestamp":1701431255300,"id":"smm5all1fgwvyo7","previousEventId":"icpv5turm4yr91a","previousOperationId":"o1eeqyorefnbaen"}
{"type":"operationEnd","doDiffs":false,"previousEventId":"lhv04je0us604ft","previousOperationId":"oqp63sbg2femf4l","operationId":"oqp63sbg2femf4l","timestamp":1701431255301,"id":"ahgd6bjnm6bunow"}
