{"type":"operationStart","subtype":"profile","data":{"_id":"gQ00yD131aOWAXSE","timestamp":"2023-12-06T11:17:48.403Z","state":"queued","mode":"standard","creationDate":"2023-12-06T11:17:48.404Z","modificationDate":"2023-12-06T11:17:48.404Z","shortid":"XSRY7iI","$entitySet":"profiles"},"doDiffs":false,"timestamp":1701861468403,"id":"ekzn36qv7bdj4gt","previousOperationId":null,"operationId":"tw4ct7229z733cn"}
{"type":"log","level":"info","message":"Render request 113 queued for execution and waiting for available worker","previousOperationId":"tw4ct7229z733cn","timestamp":1701861468403,"id":"b1yow0tcapzi2r0"}
{"type":"operationStart","subtype":"render","name":"pmo_slip_index","previousOperationId":"tw4ct7229z733cn","timestamp":1701861468417,"id":"lh3ra74lkljuz6j","previousEventId":"ekzn36qv7bdj4gt","operationId":"v3k6b6t6324h02c"}
{"type":"log","timestamp":1701861468417,"level":"info","message":"Starting rendering request 113","meta":{"rootId":"ok4cze6srwvmnc4","id":"ok4cze6srwvmnc4"},"id":"8ruois15kx7s2od","previousOperationId":"v3k6b6t6324h02c"}
{"type":"log","timestamp":1701861468418,"level":"info","message":"Rendering template { name: pmo_slip_index, recipe: chrome-pdf, engine: handlebars, preview: true }","meta":{"rootId":"ok4cze6srwvmnc4","id":"ok4cze6srwvmnc4"},"id":"pth9lsfq69kxwry","previousOperationId":"v3k6b6t6324h02c"}
{"type":"log","timestamp":1701861468419,"level":"debug","message":"Inline data specified.","meta":{"rootId":"ok4cze6srwvmnc4","id":"ok4cze6srwvmnc4"},"id":"7b2rjziwe94y0ab","previousOperationId":"v3k6b6t6324h02c"}
{"type":"log","timestamp":1701861468420,"level":"debug","message":"Base url not specified, skipping its injection.","meta":{"rootId":"ok4cze6srwvmnc4","id":"ok4cze6srwvmnc4"},"id":"rhguidzytq3ptoe","previousOperationId":"v3k6b6t6324h02c"}
{"type":"log","timestamp":1701861468421,"level":"debug","message":"Replaced assets [\"styles.css\"]","meta":{"rootId":"ok4cze6srwvmnc4","id":"ok4cze6srwvmnc4"},"id":"um638obz34sepe8","previousOperationId":"v3k6b6t6324h02c"}
{"type":"operationStart","subtype":"engine","name":"handlebars","timestamp":1701861468421,"id":"iebm7ukox6lo9f7","previousEventId":"lh3ra74lkljuz6j","operationId":"tahcuudj3i5cyri","previousOperationId":"v3k6b6t6324h02c"}
{"type":"log","timestamp":1701861468421,"level":"debug","message":"Rendering engine handlebars","meta":{"rootId":"ok4cze6srwvmnc4","id":"ok4cze6srwvmnc4"},"id":"v4b1nwcz8ura85v","previousOperationId":"tahcuudj3i5cyri"}
{"type":"operationEnd","operationId":"tahcuudj3i5cyri","timestamp":1701861468436,"id":"qlhc3ghlw16ab3b","previousEventId":"iebm7ukox6lo9f7","previousOperationId":"tahcuudj3i5cyri"}
{"type":"operationStart","subtype":"recipe","name":"chrome-pdf","timestamp":1701861468436,"id":"wgyozxanbt288tf","previousEventId":"qlhc3ghlw16ab3b","operationId":"5qq26m9ab6iexi8","previousOperationId":"tahcuudj3i5cyri"}
{"type":"log","timestamp":1701861468436,"level":"debug","message":"Executing recipe chrome-pdf","meta":{"rootId":"ok4cze6srwvmnc4","id":"ok4cze6srwvmnc4"},"id":"exig7570mwl5tfs","previousOperationId":"5qq26m9ab6iexi8"}
{"type":"log","timestamp":1701861468437,"level":"debug","message":"Converting with chrome HeadlessChrome/117.0.5938.149 using chrome-pool strategy","meta":{"rootId":"ok4cze6srwvmnc4","id":"ok4cze6srwvmnc4"},"id":"k34q0hf48dsfua9","previousOperationId":"5qq26m9ab6iexi8"}
{"type":"log","timestamp":1701861468493,"level":"debug","message":"Page request: GET (document) file:///var/folders/dp/qk79pfcj0y1fmtkkl08m76rc0000gn/T/jsreport/autocleanup/83194862-f25e-4386-974c-6224b49c26fe-chrome-pdf.html","meta":{"rootId":"ok4cze6srwvmnc4","id":"ok4cze6srwvmnc4"},"id":"fbm1mbw9yadbg38","previousOperationId":"5qq26m9ab6iexi8"}
{"type":"log","timestamp":1701861468497,"level":"debug","message":"Page request finished: GET (document) 200 file:///var/folders/dp/qk79pfcj0y1fmtkkl08m76rc0000gn/T/jsreport/autocleanup/83194862-f25e-4386-974c-6224b49c26fe-chrome-pdf.html","meta":{"rootId":"ok4cze6srwvmnc4","id":"ok4cze6srwvmnc4"},"id":"4qbayvi03i0hw1j","previousOperationId":"5qq26m9ab6iexi8"}
{"type":"log","timestamp":1701861468506,"level":"debug","message":"Running chrome with params {\"printBackground\":true,\"width\":\"7cm\",\"height\":\"20cm\",\"timeout\":59966,\"margin\":{}}","meta":{"rootId":"ok4cze6srwvmnc4","id":"ok4cze6srwvmnc4"},"id":"5ak74x053qsb9zc","previousOperationId":"5qq26m9ab6iexi8"}
{"type":"operationEnd","operationId":"5qq26m9ab6iexi8","timestamp":1701861468525,"id":"m8wey3v152k3v7f","previousEventId":"wgyozxanbt288tf","previousOperationId":"5qq26m9ab6iexi8"}
{"type":"log","timestamp":1701861468525,"level":"debug","message":"Skipping storing report.","meta":{"rootId":"ok4cze6srwvmnc4","id":"ok4cze6srwvmnc4"},"id":"dual7a8n98dgkmo","previousOperationId":"5qq26m9ab6iexi8"}
{"type":"log","timestamp":1701861468525,"level":"info","message":"Rendering request 113 finished in 123 ms","meta":{"rootId":"ok4cze6srwvmnc4","id":"ok4cze6srwvmnc4"},"id":"l8fx1fwrbiucysx","previousOperationId":"5qq26m9ab6iexi8"}
{"type":"operationEnd","subtype":"render","operationId":"v3k6b6t6324h02c","timestamp":1701861468525,"id":"etkh7j1ipbbc35z","previousEventId":"m8wey3v152k3v7f","previousOperationId":"5qq26m9ab6iexi8"}
{"type":"operationEnd","doDiffs":false,"previousEventId":"ekzn36qv7bdj4gt","previousOperationId":"tw4ct7229z733cn","operationId":"tw4ct7229z733cn","timestamp":1701861468527,"id":"86oh1lis8yjoeic"}
