{"type":"operationStart","subtype":"profile","data":{"_id":"BlewXABJMlaeYlUL","timestamp":"2023-11-27T18:31:14.160Z","state":"queued","mode":"standard","creationDate":"2023-11-27T18:31:14.161Z","modificationDate":"2023-11-27T18:31:14.161Z","shortid":"D5Rq5r2","$entitySet":"profiles"},"doDiffs":false,"timestamp":1701109874160,"id":"tn86t5ff2hp9r8a","previousOperationId":null,"operationId":"qk0uursi4r51luy"}
{"type":"log","level":"info","message":"Render request 18 queued for execution and waiting for available worker","previousOperationId":"qk0uursi4r51luy","timestamp":1701109874160,"id":"pvsckw5c1l1xt6z"}
{"type":"operationStart","subtype":"render","name":"pmo_slip_index","previousOperationId":"qk0uursi4r51luy","timestamp":1701109874167,"id":"hq2zk32spw4cww8","previousEventId":"tn86t5ff2hp9r8a","operationId":"4io2oo8jivsavhw"}
{"type":"log","timestamp":1701109874167,"level":"info","message":"Starting rendering request 18","meta":{"rootId":"oukp0705ulujg0m","id":"oukp0705ulujg0m"},"id":"1z4budteaitv5n9","previousOperationId":"4io2oo8jivsavhw"}
{"type":"log","timestamp":1701109874167,"level":"info","message":"Rendering template { name: pmo_slip_index, recipe: chrome-pdf, engine: handlebars, preview: true }","meta":{"rootId":"oukp0705ulujg0m","id":"oukp0705ulujg0m"},"id":"y9qabh110dojpyk","previousOperationId":"4io2oo8jivsavhw"}
{"type":"log","timestamp":1701109874169,"level":"debug","message":"Adding sample data flbhzmKcJ","meta":{"rootId":"oukp0705ulujg0m","id":"oukp0705ulujg0m"},"id":"0w6i75cpz553vms","previousOperationId":"4io2oo8jivsavhw"}
{"type":"log","timestamp":1701109874173,"level":"debug","message":"Base url not specified, skipping its injection.","meta":{"rootId":"oukp0705ulujg0m","id":"oukp0705ulujg0m"},"id":"znaesnf2zuscn1o","previousOperationId":"4io2oo8jivsavhw"}
{"type":"operationStart","subtype":"engine","name":"handlebars","timestamp":1701109874173,"id":"a8e3djpyf6s5jat","previousEventId":"hq2zk32spw4cww8","operationId":"b7evh0i8zd65mg6","previousOperationId":"4io2oo8jivsavhw"}
{"type":"log","timestamp":1701109874173,"level":"debug","message":"Rendering engine handlebars","meta":{"rootId":"oukp0705ulujg0m","id":"oukp0705ulujg0m"},"id":"cylq1pb6wmio0ne","previousOperationId":"b7evh0i8zd65mg6"}
{"type":"operationEnd","operationId":"b7evh0i8zd65mg6","timestamp":1701109874186,"id":"r9utpgtzfx5gqlw","previousEventId":"a8e3djpyf6s5jat","previousOperationId":"b7evh0i8zd65mg6"}
{"type":"operationStart","subtype":"recipe","name":"chrome-pdf","timestamp":1701109874186,"id":"mvdvij0o0hwnzee","previousEventId":"r9utpgtzfx5gqlw","operationId":"x1hz8yk4keo48x6","previousOperationId":"b7evh0i8zd65mg6"}
{"type":"log","timestamp":1701109874186,"level":"debug","message":"Executing recipe chrome-pdf","meta":{"rootId":"oukp0705ulujg0m","id":"oukp0705ulujg0m"},"id":"b4x8io6p5sg4nh6","previousOperationId":"x1hz8yk4keo48x6"}
{"type":"log","timestamp":1701109874187,"level":"debug","message":"Converting with chrome HeadlessChrome/117.0.5938.149 using chrome-pool strategy","meta":{"rootId":"oukp0705ulujg0m","id":"oukp0705ulujg0m"},"id":"bqr77ulg26corzb","previousOperationId":"x1hz8yk4keo48x6"}
{"type":"log","timestamp":1701109874232,"level":"debug","message":"Page request: GET (document) file:///var/folders/dp/qk79pfcj0y1fmtkkl08m76rc0000gn/T/jsreport/autocleanup/b98d1f1a-6b06-48d9-8ffa-f225dc2f57bf-chrome-pdf.html","meta":{"rootId":"oukp0705ulujg0m","id":"oukp0705ulujg0m"},"id":"oamo8y0ctz4w9ph","previousOperationId":"x1hz8yk4keo48x6"}
{"type":"log","timestamp":1701109874237,"level":"debug","message":"Page request finished: GET (document) 200 file:///var/folders/dp/qk79pfcj0y1fmtkkl08m76rc0000gn/T/jsreport/autocleanup/b98d1f1a-6b06-48d9-8ffa-f225dc2f57bf-chrome-pdf.html","meta":{"rootId":"oukp0705ulujg0m","id":"oukp0705ulujg0m"},"id":"tb1xck7a8u8467p","previousOperationId":"x1hz8yk4keo48x6"}
{"type":"log","timestamp":1701109874244,"level":"debug","message":"Running chrome with params {\"printBackground\":true,\"width\":\"7cm\",\"height\":\"30cm\",\"timeout\":59972,\"margin\":{}}","meta":{"rootId":"oukp0705ulujg0m","id":"oukp0705ulujg0m"},"id":"i7qx0rz3kbw07vp","previousOperationId":"x1hz8yk4keo48x6"}
{"type":"operationEnd","operationId":"x1hz8yk4keo48x6","timestamp":1701109874257,"id":"e3pir8s07xlrm7f","previousEventId":"mvdvij0o0hwnzee","previousOperationId":"x1hz8yk4keo48x6"}
{"type":"log","timestamp":1701109874257,"level":"debug","message":"Skipping storing report.","meta":{"rootId":"oukp0705ulujg0m","id":"oukp0705ulujg0m"},"id":"ctmulzkyvwlpxte","previousOperationId":"x1hz8yk4keo48x6"}
{"type":"log","timestamp":1701109874257,"level":"info","message":"Rendering request 18 finished in 98 ms","meta":{"rootId":"oukp0705ulujg0m","id":"oukp0705ulujg0m"},"id":"pqmcqo08lyxyvij","previousOperationId":"x1hz8yk4keo48x6"}
{"type":"operationEnd","subtype":"render","operationId":"4io2oo8jivsavhw","timestamp":1701109874257,"id":"exhvhjs04p3drzo","previousEventId":"e3pir8s07xlrm7f","previousOperationId":"x1hz8yk4keo48x6"}
{"type":"operationEnd","doDiffs":false,"previousEventId":"tn86t5ff2hp9r8a","previousOperationId":"qk0uursi4r51luy","operationId":"qk0uursi4r51luy","timestamp":1701109874260,"id":"hejzp1elbkkpjbs"}
