{"type":"operationStart","subtype":"profile","data":{"_id":"pq8Qs9fXWN5Qc0ni","timestamp":"2023-12-01T11:11:42.148Z","state":"queued","mode":"standard","creationDate":"2023-12-01T11:11:42.149Z","modificationDate":"2023-12-01T11:11:42.149Z","shortid":"sjWGzck","$entitySet":"profiles"},"doDiffs":false,"timestamp":1701429102149,"id":"ntvik2isxd3lvux","previousOperationId":null,"operationId":"dnr45t72ghyul9k"}
{"type":"log","level":"info","message":"Render request 99 queued for execution and waiting for available worker","previousOperationId":"dnr45t72ghyul9k","timestamp":1701429102149,"id":"4e7erx93cfhelop"}
{"type":"operationStart","subtype":"render","name":"pmo_slip_index","previousOperationId":"dnr45t72ghyul9k","timestamp":1701429102151,"id":"gk09tcaeplgm8vj","previousEventId":"ntvik2isxd3lvux","operationId":"my1dwmlbjj78auj"}
{"type":"log","timestamp":1701429102151,"level":"info","message":"Starting rendering request 99","meta":{"rootId":"oxqhkdk94jpq4k1","id":"oxqhkdk94jpq4k1"},"id":"ikle8ucrnyf2hdd","previousOperationId":"my1dwmlbjj78auj"}
{"type":"log","timestamp":1701429102151,"level":"info","message":"Rendering template { name: pmo_slip_index, recipe: chrome-pdf, engine: handlebars, preview: true }","meta":{"rootId":"oxqhkdk94jpq4k1","id":"oxqhkdk94jpq4k1"},"id":"a1im4mdhs0owrkc","previousOperationId":"my1dwmlbjj78auj"}
{"type":"log","timestamp":1701429102152,"level":"debug","message":"Adding sample data VeFzNfc","meta":{"rootId":"oxqhkdk94jpq4k1","id":"oxqhkdk94jpq4k1"},"id":"wsu7nxsdgofrp2y","previousOperationId":"my1dwmlbjj78auj"}
{"type":"log","timestamp":1701429102152,"level":"debug","message":"Base url not specified, skipping its injection.","meta":{"rootId":"oxqhkdk94jpq4k1","id":"oxqhkdk94jpq4k1"},"id":"nm5vh0ypey1b8ma","previousOperationId":"my1dwmlbjj78auj"}
{"type":"operationStart","subtype":"engine","name":"handlebars","timestamp":1701429102152,"id":"xvcwgfuj2j9zyod","previousEventId":"gk09tcaeplgm8vj","operationId":"pp0oljku9gu4cl6","previousOperationId":"my1dwmlbjj78auj"}
{"type":"log","timestamp":1701429102152,"level":"debug","message":"Rendering engine handlebars","meta":{"rootId":"oxqhkdk94jpq4k1","id":"oxqhkdk94jpq4k1"},"id":"z2ojs5kr0vpd3ls","previousOperationId":"pp0oljku9gu4cl6"}
{"type":"operationEnd","operationId":"pp0oljku9gu4cl6","timestamp":1701429102160,"id":"ulgu4qx3b4sxbtp","previousEventId":"xvcwgfuj2j9zyod","previousOperationId":"pp0oljku9gu4cl6"}
{"type":"operationStart","subtype":"recipe","name":"chrome-pdf","timestamp":1701429102160,"id":"1p88wt410m5l7mm","previousEventId":"ulgu4qx3b4sxbtp","operationId":"wndf2qqftjc2r4r","previousOperationId":"pp0oljku9gu4cl6"}
{"type":"log","timestamp":1701429102160,"level":"debug","message":"Executing recipe chrome-pdf","meta":{"rootId":"oxqhkdk94jpq4k1","id":"oxqhkdk94jpq4k1"},"id":"dnsmhftxzrqp6ji","previousOperationId":"wndf2qqftjc2r4r"}
{"type":"log","timestamp":1701429102161,"level":"debug","message":"Converting with chrome HeadlessChrome/117.0.5938.149 using chrome-pool strategy","meta":{"rootId":"oxqhkdk94jpq4k1","id":"oxqhkdk94jpq4k1"},"id":"53yz5wfp7fdep7r","previousOperationId":"wndf2qqftjc2r4r"}
{"type":"log","timestamp":1701429102209,"level":"debug","message":"Page request: GET (document) file:///var/folders/dp/qk79pfcj0y1fmtkkl08m76rc0000gn/T/jsreport/autocleanup/36df2424-bbf7-4bf9-af0f-7706e8c46c70-chrome-pdf.html","meta":{"rootId":"oxqhkdk94jpq4k1","id":"oxqhkdk94jpq4k1"},"id":"g9rqjczjkrc44r8","previousOperationId":"wndf2qqftjc2r4r"}
{"type":"log","timestamp":1701429102216,"level":"debug","message":"Page request finished: GET (document) 200 file:///var/folders/dp/qk79pfcj0y1fmtkkl08m76rc0000gn/T/jsreport/autocleanup/36df2424-bbf7-4bf9-af0f-7706e8c46c70-chrome-pdf.html","meta":{"rootId":"oxqhkdk94jpq4k1","id":"oxqhkdk94jpq4k1"},"id":"51k1c6pr8jn01a2","previousOperationId":"wndf2qqftjc2r4r"}
{"type":"log","timestamp":1701429102223,"level":"debug","message":"Running chrome with params {\"printBackground\":true,\"width\":\"7cm\",\"height\":\"30cm\",\"timeout\":59987,\"margin\":{}}","meta":{"rootId":"oxqhkdk94jpq4k1","id":"oxqhkdk94jpq4k1"},"id":"hmjrfxotj0e212v","previousOperationId":"wndf2qqftjc2r4r"}
{"type":"operationEnd","operationId":"wndf2qqftjc2r4r","timestamp":1701429102243,"id":"z5o3wk6c8gz9z2y","previousEventId":"1p88wt410m5l7mm","previousOperationId":"wndf2qqftjc2r4r"}
{"type":"log","timestamp":1701429102243,"level":"debug","message":"Skipping storing report.","meta":{"rootId":"oxqhkdk94jpq4k1","id":"oxqhkdk94jpq4k1"},"id":"l6lqu2kckhtbl73","previousOperationId":"wndf2qqftjc2r4r"}
{"type":"log","timestamp":1701429102243,"level":"info","message":"Rendering request 99 finished in 95 ms","meta":{"rootId":"oxqhkdk94jpq4k1","id":"oxqhkdk94jpq4k1"},"id":"y9wnsjx401sgu8s","previousOperationId":"wndf2qqftjc2r4r"}
{"type":"operationEnd","subtype":"render","operationId":"my1dwmlbjj78auj","timestamp":1701429102243,"id":"xg78jwdappjoo7f","previousEventId":"z5o3wk6c8gz9z2y","previousOperationId":"wndf2qqftjc2r4r"}
{"type":"operationEnd","doDiffs":false,"previousEventId":"ntvik2isxd3lvux","previousOperationId":"dnr45t72ghyul9k","operationId":"dnr45t72ghyul9k","timestamp":1701429102244,"id":"7qsxibageqtocnm"}
