{"type":"operationStart","subtype":"profile","data":{"_id":"jTNePRtf3qfTj2n4","timestamp":"2023-12-05T13:45:58.569Z","state":"queued","mode":"standard","creationDate":"2023-12-05T13:45:58.572Z","modificationDate":"2023-12-05T13:45:58.572Z","shortid":"4bBhgLq","$entitySet":"profiles"},"doDiffs":false,"timestamp":1701783958570,"id":"fr9d8wxha4nnijd","previousOperationId":null,"operationId":"2jckzituy4oqvns"}
{"type":"log","level":"info","message":"Render request 2 queued for execution and waiting for available worker","previousOperationId":"2jckzituy4oqvns","timestamp":1701783958571,"id":"i76sd6219vx8718"}
{"type":"operationStart","subtype":"render","name":"pmo_slip_index","previousOperationId":"2jckzituy4oqvns","timestamp":1701783958592,"id":"xhfkritsakwi8il","previousEventId":"fr9d8wxha4nnijd","operationId":"qbo4e5a4fhvbk0z"}
{"type":"log","timestamp":1701783958593,"level":"info","message":"Starting rendering request 2","meta":{"rootId":"p7uu6sw04qmg8r0","id":"p7uu6sw04qmg8r0"},"id":"576w3z86sl7lyvs","previousOperationId":"qbo4e5a4fhvbk0z"}
{"type":"log","timestamp":1701783958595,"level":"info","message":"Rendering template { name: pmo_slip_index, recipe: chrome-pdf, engine: handlebars, preview: true }","meta":{"rootId":"p7uu6sw04qmg8r0","id":"p7uu6sw04qmg8r0"},"id":"i80ltb2q458xdx4","previousOperationId":"qbo4e5a4fhvbk0z"}
{"type":"log","timestamp":1701783958597,"level":"debug","message":"Adding sample data VeFzNfc","meta":{"rootId":"p7uu6sw04qmg8r0","id":"p7uu6sw04qmg8r0"},"id":"m5om6sj3rc4u8qt","previousOperationId":"qbo4e5a4fhvbk0z"}
{"type":"log","timestamp":1701783958599,"level":"debug","message":"Base url not specified, skipping its injection.","meta":{"rootId":"p7uu6sw04qmg8r0","id":"p7uu6sw04qmg8r0"},"id":"r6f78rgj6yy4z5i","previousOperationId":"qbo4e5a4fhvbk0z"}
{"type":"log","timestamp":1701783958602,"level":"debug","message":"Replaced assets [\"styles.css\"]","meta":{"rootId":"p7uu6sw04qmg8r0","id":"p7uu6sw04qmg8r0"},"id":"oo47se0ni5eqytk","previousOperationId":"qbo4e5a4fhvbk0z"}
{"type":"operationStart","subtype":"engine","name":"handlebars","timestamp":1701783958602,"id":"1wow65w1uc5pecz","previousEventId":"xhfkritsakwi8il","operationId":"kn096zzdkpb21wo","previousOperationId":"qbo4e5a4fhvbk0z"}
{"type":"log","timestamp":1701783958602,"level":"debug","message":"Rendering engine handlebars","meta":{"rootId":"p7uu6sw04qmg8r0","id":"p7uu6sw04qmg8r0"},"id":"gjhs4o0za3pvotq","previousOperationId":"kn096zzdkpb21wo"}
{"type":"operationEnd","operationId":"kn096zzdkpb21wo","timestamp":1701783958904,"id":"4t2v0ualt4txmp2","previousEventId":"1wow65w1uc5pecz","previousOperationId":"kn096zzdkpb21wo"}
{"type":"operationStart","subtype":"recipe","name":"chrome-pdf","timestamp":1701783958905,"id":"f8yadzle7npabv2","previousEventId":"4t2v0ualt4txmp2","operationId":"v0mj76n5ingnr73","previousOperationId":"kn096zzdkpb21wo"}
{"type":"log","timestamp":1701783958905,"level":"debug","message":"Executing recipe chrome-pdf","meta":{"rootId":"p7uu6sw04qmg8r0","id":"p7uu6sw04qmg8r0"},"id":"uv39vuwo8z2iaca","previousOperationId":"v0mj76n5ingnr73"}
{"type":"log","timestamp":1701783959098,"level":"debug","message":"Converting with chrome HeadlessChrome/117.0.5938.149 using chrome-pool strategy","meta":{"rootId":"p7uu6sw04qmg8r0","id":"p7uu6sw04qmg8r0"},"id":"635dks8td0oj60h","previousOperationId":"v0mj76n5ingnr73"}
{"type":"log","timestamp":1701783959210,"level":"debug","message":"Page request: GET (document) file:///var/folders/dp/qk79pfcj0y1fmtkkl08m76rc0000gn/T/jsreport/autocleanup/80370fc0-a65f-41af-8dea-e783eaf9ca1c-chrome-pdf.html","meta":{"rootId":"p7uu6sw04qmg8r0","id":"p7uu6sw04qmg8r0"},"id":"civdddyzcgazew7","previousOperationId":"v0mj76n5ingnr73"}
{"type":"log","timestamp":1701783959215,"level":"debug","message":"Page request finished: GET (document) 200 file:///var/folders/dp/qk79pfcj0y1fmtkkl08m76rc0000gn/T/jsreport/autocleanup/80370fc0-a65f-41af-8dea-e783eaf9ca1c-chrome-pdf.html","meta":{"rootId":"p7uu6sw04qmg8r0","id":"p7uu6sw04qmg8r0"},"id":"hcn5kk8mtgxtmj2","previousOperationId":"v0mj76n5ingnr73"}
{"type":"log","timestamp":1701783959221,"level":"debug","message":"Running chrome with params {\"printBackground\":true,\"width\":\"7cm\",\"height\":\"3000px\",\"timeout\":59662,\"margin\":{}}","meta":{"rootId":"p7uu6sw04qmg8r0","id":"p7uu6sw04qmg8r0"},"id":"x2gp2sub52szvpg","previousOperationId":"v0mj76n5ingnr73"}
{"type":"operationEnd","operationId":"v0mj76n5ingnr73","timestamp":1701783959258,"id":"4egfwsdr24djq29","previousEventId":"f8yadzle7npabv2","previousOperationId":"v0mj76n5ingnr73"}
{"type":"log","timestamp":1701783959259,"level":"debug","message":"Skipping storing report.","meta":{"rootId":"p7uu6sw04qmg8r0","id":"p7uu6sw04qmg8r0"},"id":"dujnt4kkwieagov","previousOperationId":"v0mj76n5ingnr73"}
{"type":"log","timestamp":1701783959259,"level":"info","message":"Rendering request 2 finished in 690 ms","meta":{"rootId":"p7uu6sw04qmg8r0","id":"p7uu6sw04qmg8r0"},"id":"f0c8wnxptv8dn0w","previousOperationId":"v0mj76n5ingnr73"}
{"type":"operationEnd","subtype":"render","operationId":"qbo4e5a4fhvbk0z","timestamp":1701783959259,"id":"u6cl0uz0xl0o7dz","previousEventId":"4egfwsdr24djq29","previousOperationId":"v0mj76n5ingnr73"}
{"type":"operationEnd","doDiffs":false,"previousEventId":"fr9d8wxha4nnijd","previousOperationId":"2jckzituy4oqvns","operationId":"2jckzituy4oqvns","timestamp":1701783959261,"id":"knph8uxdn5hn3h6"}
