{"type":"operationStart","subtype":"profile","data":{"_id":"pClfaNgOR68q4pJ9","timestamp":"2023-12-01T11:11:54.033Z","state":"queued","mode":"standard","creationDate":"2023-12-01T11:11:54.034Z","modificationDate":"2023-12-01T11:11:54.034Z","shortid":"ktSmeFw","$entitySet":"profiles"},"doDiffs":false,"timestamp":1701429114033,"id":"gmdbrbhwjfc5ply","previousOperationId":null,"operationId":"do2cylq0erpiphr"}
{"type":"log","level":"info","message":"Render request 100 queued for execution and waiting for available worker","previousOperationId":"do2cylq0erpiphr","timestamp":1701429114033,"id":"2dphpl58bnno58l"}
{"type":"operationStart","subtype":"render","name":"pmo_slip_index","previousOperationId":"do2cylq0erpiphr","timestamp":1701429114042,"id":"4bvw06y1h8g4bbj","previousEventId":"gmdbrbhwjfc5ply","operationId":"s2l0xmtz80rbl7e"}
{"type":"log","timestamp":1701429114042,"level":"info","message":"Starting rendering request 100","meta":{"rootId":"pwegmdwtyud3nmz","id":"pwegmdwtyud3nmz"},"id":"c2vezws7un7dt7s","previousOperationId":"s2l0xmtz80rbl7e"}
{"type":"log","timestamp":1701429114042,"level":"info","message":"Rendering template { name: pmo_slip_index, recipe: chrome-pdf, engine: handlebars, preview: true }","meta":{"rootId":"pwegmdwtyud3nmz","id":"pwegmdwtyud3nmz"},"id":"16y8hyjdtfuffoa","previousOperationId":"s2l0xmtz80rbl7e"}
{"type":"log","timestamp":1701429114042,"level":"debug","message":"Adding sample data VeFzNfc","meta":{"rootId":"pwegmdwtyud3nmz","id":"pwegmdwtyud3nmz"},"id":"4meje69758mwceb","previousOperationId":"s2l0xmtz80rbl7e"}
{"type":"log","timestamp":1701429114044,"level":"debug","message":"Base url not specified, skipping its injection.","meta":{"rootId":"pwegmdwtyud3nmz","id":"pwegmdwtyud3nmz"},"id":"3i6sm5qkkkdwu4w","previousOperationId":"s2l0xmtz80rbl7e"}
{"type":"operationStart","subtype":"engine","name":"handlebars","timestamp":1701429114044,"id":"maqwdqk7g82nwtt","previousEventId":"4bvw06y1h8g4bbj","operationId":"hb3xw1byei3ycrc","previousOperationId":"s2l0xmtz80rbl7e"}
{"type":"log","timestamp":1701429114044,"level":"debug","message":"Rendering engine handlebars","meta":{"rootId":"pwegmdwtyud3nmz","id":"pwegmdwtyud3nmz"},"id":"qbd6feskj146asu","previousOperationId":"hb3xw1byei3ycrc"}
{"type":"operationEnd","operationId":"hb3xw1byei3ycrc","timestamp":1701429114065,"id":"8a1fu5t3k6k3ldh","previousEventId":"maqwdqk7g82nwtt","previousOperationId":"hb3xw1byei3ycrc"}
{"type":"operationStart","subtype":"recipe","name":"chrome-pdf","timestamp":1701429114066,"id":"rsx523c1u0yzo4q","previousEventId":"8a1fu5t3k6k3ldh","operationId":"rqywqndebxawywd","previousOperationId":"hb3xw1byei3ycrc"}
{"type":"log","timestamp":1701429114066,"level":"debug","message":"Executing recipe chrome-pdf","meta":{"rootId":"pwegmdwtyud3nmz","id":"pwegmdwtyud3nmz"},"id":"yxwwf21ht20u3ho","previousOperationId":"rqywqndebxawywd"}
{"type":"log","timestamp":1701429114067,"level":"debug","message":"Converting with chrome HeadlessChrome/117.0.5938.149 using chrome-pool strategy","meta":{"rootId":"pwegmdwtyud3nmz","id":"pwegmdwtyud3nmz"},"id":"jb0fv39ra6kqgv7","previousOperationId":"rqywqndebxawywd"}
{"type":"log","timestamp":1701429114112,"level":"debug","message":"Page request: GET (document) file:///var/folders/dp/qk79pfcj0y1fmtkkl08m76rc0000gn/T/jsreport/autocleanup/15ead154-862e-45a8-b666-ac3a65cce0b8-chrome-pdf.html","meta":{"rootId":"pwegmdwtyud3nmz","id":"pwegmdwtyud3nmz"},"id":"k1l3jgd3qacq8k9","previousOperationId":"rqywqndebxawywd"}
{"type":"log","timestamp":1701429114117,"level":"debug","message":"Page request finished: GET (document) 200 file:///var/folders/dp/qk79pfcj0y1fmtkkl08m76rc0000gn/T/jsreport/autocleanup/15ead154-862e-45a8-b666-ac3a65cce0b8-chrome-pdf.html","meta":{"rootId":"pwegmdwtyud3nmz","id":"pwegmdwtyud3nmz"},"id":"zve36feadmsk75i","previousOperationId":"rqywqndebxawywd"}
{"type":"log","timestamp":1701429114128,"level":"debug","message":"Running chrome with params {\"printBackground\":true,\"width\":\"7cm\",\"height\":\"30cm\",\"timeout\":59966,\"margin\":{}}","meta":{"rootId":"pwegmdwtyud3nmz","id":"pwegmdwtyud3nmz"},"id":"18umu85qbkxtbek","previousOperationId":"rqywqndebxawywd"}
{"type":"operationEnd","operationId":"rqywqndebxawywd","timestamp":1701429114147,"id":"bp0vuugzgwt0hyk","previousEventId":"rsx523c1u0yzo4q","previousOperationId":"rqywqndebxawywd"}
{"type":"log","timestamp":1701429114147,"level":"debug","message":"Skipping storing report.","meta":{"rootId":"pwegmdwtyud3nmz","id":"pwegmdwtyud3nmz"},"id":"cp40wx0u4omngfi","previousOperationId":"rqywqndebxawywd"}
{"type":"log","timestamp":1701429114148,"level":"info","message":"Rendering request 100 finished in 115 ms","meta":{"rootId":"pwegmdwtyud3nmz","id":"pwegmdwtyud3nmz"},"id":"9ec04cmfle0qn2s","previousOperationId":"rqywqndebxawywd"}
{"type":"operationEnd","subtype":"render","operationId":"s2l0xmtz80rbl7e","timestamp":1701429114148,"id":"ndzp2ewpja7tiwr","previousEventId":"bp0vuugzgwt0hyk","previousOperationId":"rqywqndebxawywd"}
{"type":"operationEnd","doDiffs":false,"previousEventId":"gmdbrbhwjfc5ply","previousOperationId":"do2cylq0erpiphr","operationId":"do2cylq0erpiphr","timestamp":1701429114149,"id":"wfzkc2ek8ysmyw3"}
