{"type":"operationStart","subtype":"profile","data":{"_id":"xPZGu1DvmvGfH21O","timestamp":"2023-11-27T18:18:02.902Z","state":"queued","mode":"standard","creationDate":"2023-11-27T18:18:02.903Z","modificationDate":"2023-11-27T18:18:02.903Z","shortid":"6Afk4c-","$entitySet":"profiles"},"doDiffs":false,"timestamp":1701109082902,"id":"srphx4nezldj9rh","previousOperationId":null,"operationId":"qka16vtmx7t8qgn"}
{"type":"log","level":"info","message":"Render request 9 queued for execution and waiting for available worker","previousOperationId":"qka16vtmx7t8qgn","timestamp":1701109082902,"id":"idztexqrk9gqvbc"}
{"type":"operationStart","subtype":"render","name":"pmo_slip_index","previousOperationId":"qka16vtmx7t8qgn","timestamp":1701109082922,"id":"c0cf43vduflf7wo","previousEventId":"srphx4nezldj9rh","operationId":"bufq0rfpxy3vgnr"}
{"type":"log","timestamp":1701109082922,"level":"info","message":"Starting rendering request 9","meta":{"rootId":"qai4rbxsrku28ba","id":"qai4rbxsrku28ba"},"id":"4vqdoc13oysqlz8","previousOperationId":"bufq0rfpxy3vgnr"}
{"type":"log","timestamp":1701109082922,"level":"info","message":"Rendering template { name: pmo_slip_index, recipe: chrome-pdf, engine: handlebars, preview: true }","meta":{"rootId":"qai4rbxsrku28ba","id":"qai4rbxsrku28ba"},"id":"1mqsvs884wfjc9n","previousOperationId":"bufq0rfpxy3vgnr"}
{"type":"log","timestamp":1701109082923,"level":"debug","message":"Adding sample data flbhzmKcJ","meta":{"rootId":"qai4rbxsrku28ba","id":"qai4rbxsrku28ba"},"id":"kxgpmyqahm0dh4r","previousOperationId":"bufq0rfpxy3vgnr"}
{"type":"log","timestamp":1701109082925,"level":"debug","message":"Base url not specified, skipping its injection.","meta":{"rootId":"qai4rbxsrku28ba","id":"qai4rbxsrku28ba"},"id":"p3t3f71vp2unyv8","previousOperationId":"bufq0rfpxy3vgnr"}
{"type":"operationStart","subtype":"engine","name":"handlebars","timestamp":1701109082926,"id":"tb7743dthgd5lyp","previousEventId":"c0cf43vduflf7wo","operationId":"ztg5mu87ha1dgkr","previousOperationId":"bufq0rfpxy3vgnr"}
{"type":"log","timestamp":1701109082926,"level":"debug","message":"Rendering engine handlebars","meta":{"rootId":"qai4rbxsrku28ba","id":"qai4rbxsrku28ba"},"id":"o1p1okx7ur863dz","previousOperationId":"ztg5mu87ha1dgkr"}
{"type":"operationEnd","operationId":"ztg5mu87ha1dgkr","timestamp":1701109082933,"id":"6j05oxev0ga8jyv","previousEventId":"tb7743dthgd5lyp","previousOperationId":"ztg5mu87ha1dgkr"}
{"type":"operationStart","subtype":"recipe","name":"chrome-pdf","timestamp":1701109082933,"id":"rb35uws45o2drki","previousEventId":"6j05oxev0ga8jyv","operationId":"n75lvbpnv5badd5","previousOperationId":"ztg5mu87ha1dgkr"}
{"type":"log","timestamp":1701109082933,"level":"debug","message":"Executing recipe chrome-pdf","meta":{"rootId":"qai4rbxsrku28ba","id":"qai4rbxsrku28ba"},"id":"qooa1lt9k5s57o9","previousOperationId":"n75lvbpnv5badd5"}
{"type":"log","timestamp":1701109082934,"level":"debug","message":"Converting with chrome HeadlessChrome/117.0.5938.149 using chrome-pool strategy","meta":{"rootId":"qai4rbxsrku28ba","id":"qai4rbxsrku28ba"},"id":"apmht2ic817do5a","previousOperationId":"n75lvbpnv5badd5"}
{"type":"log","timestamp":1701109082976,"level":"debug","message":"Page request: GET (document) file:///var/folders/dp/qk79pfcj0y1fmtkkl08m76rc0000gn/T/jsreport/autocleanup/8d0a8c20-aa9c-4b18-862c-4142904e0f49-chrome-pdf.html","meta":{"rootId":"qai4rbxsrku28ba","id":"qai4rbxsrku28ba"},"id":"zk3yp8yeat2npos","previousOperationId":"n75lvbpnv5badd5"}
{"type":"log","timestamp":1701109082981,"level":"debug","message":"Page request finished: GET (document) 200 file:///var/folders/dp/qk79pfcj0y1fmtkkl08m76rc0000gn/T/jsreport/autocleanup/8d0a8c20-aa9c-4b18-862c-4142904e0f49-chrome-pdf.html","meta":{"rootId":"qai4rbxsrku28ba","id":"qai4rbxsrku28ba"},"id":"tb5sx12tnosl20h","previousOperationId":"n75lvbpnv5badd5"}
{"type":"log","timestamp":1701109082987,"level":"debug","message":"Running chrome with params {\"printBackground\":true,\"width\":\"7cm\",\"height\":\"30cm\",\"timeout\":59967,\"margin\":{}}","meta":{"rootId":"qai4rbxsrku28ba","id":"qai4rbxsrku28ba"},"id":"jzs29qf8syhlgyo","previousOperationId":"n75lvbpnv5badd5"}
{"type":"operationEnd","operationId":"n75lvbpnv5badd5","timestamp":1701109083002,"id":"32x7crh3pu3stz0","previousEventId":"rb35uws45o2drki","previousOperationId":"n75lvbpnv5badd5"}
{"type":"log","timestamp":1701109083002,"level":"debug","message":"Skipping storing report.","meta":{"rootId":"qai4rbxsrku28ba","id":"qai4rbxsrku28ba"},"id":"7f15q0awg5eg8ju","previousOperationId":"n75lvbpnv5badd5"}
{"type":"log","timestamp":1701109083002,"level":"info","message":"Rendering request 9 finished in 101 ms","meta":{"rootId":"qai4rbxsrku28ba","id":"qai4rbxsrku28ba"},"id":"zr9ufzz1a461lkz","previousOperationId":"n75lvbpnv5badd5"}
{"type":"operationEnd","subtype":"render","operationId":"bufq0rfpxy3vgnr","timestamp":1701109083002,"id":"tlztjtx7xclpf43","previousEventId":"32x7crh3pu3stz0","previousOperationId":"n75lvbpnv5badd5"}
{"type":"operationEnd","doDiffs":false,"previousEventId":"srphx4nezldj9rh","previousOperationId":"qka16vtmx7t8qgn","operationId":"qka16vtmx7t8qgn","timestamp":1701109083003,"id":"4vlf32negppfci1"}
