{"type":"operationStart","subtype":"profile","data":{"_id":"DH8yTjdjYloiIZY8","timestamp":"2023-11-27T18:31:38.887Z","state":"queued","mode":"standard","creationDate":"2023-11-27T18:31:38.889Z","modificationDate":"2023-11-27T18:31:38.889Z","shortid":"eQjdaq7","$entitySet":"profiles"},"doDiffs":false,"timestamp":1701109898888,"id":"chfvg4czc78fwgd","previousOperationId":null,"operationId":"cyn722jjfvzvy1j"}
{"type":"log","level":"info","message":"Render request 19 queued for execution and waiting for available worker","previousOperationId":"cyn722jjfvzvy1j","timestamp":1701109898888,"id":"tfxg2kapa7lysgn"}
{"type":"operationStart","subtype":"render","name":"pmo_slip_index","previousOperationId":"cyn722jjfvzvy1j","timestamp":1701109898906,"id":"jjy2pdcs8sr0ohz","previousEventId":"chfvg4czc78fwgd","operationId":"w4n4zkyl254ueix"}
{"type":"log","timestamp":1701109898906,"level":"info","message":"Starting rendering request 19","meta":{"rootId":"qlj09oxxfb1bhim","id":"qlj09oxxfb1bhim"},"id":"1mlb8ytf2u159xc","previousOperationId":"w4n4zkyl254ueix"}
{"type":"log","timestamp":1701109898907,"level":"info","message":"Rendering template { name: pmo_slip_index, recipe: chrome-pdf, engine: handlebars, preview: true }","meta":{"rootId":"qlj09oxxfb1bhim","id":"qlj09oxxfb1bhim"},"id":"kze8lo05io2ene5","previousOperationId":"w4n4zkyl254ueix"}
{"type":"log","timestamp":1701109898910,"level":"debug","message":"Adding sample data flbhzmKcJ","meta":{"rootId":"qlj09oxxfb1bhim","id":"qlj09oxxfb1bhim"},"id":"137unu4wy04ahc1","previousOperationId":"w4n4zkyl254ueix"}
{"type":"log","timestamp":1701109898914,"level":"debug","message":"Base url not specified, skipping its injection.","meta":{"rootId":"qlj09oxxfb1bhim","id":"qlj09oxxfb1bhim"},"id":"lokjg16icaa55hs","previousOperationId":"w4n4zkyl254ueix"}
{"type":"operationStart","subtype":"engine","name":"handlebars","timestamp":1701109898914,"id":"yu6t1ecrh5n6tz1","previousEventId":"jjy2pdcs8sr0ohz","operationId":"v1sw9i7tr0jw5ce","previousOperationId":"w4n4zkyl254ueix"}
{"type":"log","timestamp":1701109898914,"level":"debug","message":"Rendering engine handlebars","meta":{"rootId":"qlj09oxxfb1bhim","id":"qlj09oxxfb1bhim"},"id":"3d8ko1picjtbabm","previousOperationId":"v1sw9i7tr0jw5ce"}
{"type":"operationEnd","operationId":"v1sw9i7tr0jw5ce","timestamp":1701109898920,"id":"v42cemeq57dz7hb","previousEventId":"yu6t1ecrh5n6tz1","previousOperationId":"v1sw9i7tr0jw5ce"}
{"type":"operationStart","subtype":"recipe","name":"chrome-pdf","timestamp":1701109898920,"id":"y9oaheh9tfla6gl","previousEventId":"v42cemeq57dz7hb","operationId":"35k42vse38ap8n0","previousOperationId":"v1sw9i7tr0jw5ce"}
{"type":"log","timestamp":1701109898920,"level":"debug","message":"Executing recipe chrome-pdf","meta":{"rootId":"qlj09oxxfb1bhim","id":"qlj09oxxfb1bhim"},"id":"i6px8l5by63ega5","previousOperationId":"35k42vse38ap8n0"}
{"type":"log","timestamp":1701109898921,"level":"debug","message":"Converting with chrome HeadlessChrome/117.0.5938.149 using chrome-pool strategy","meta":{"rootId":"qlj09oxxfb1bhim","id":"qlj09oxxfb1bhim"},"id":"icw87x6wmbm0qi2","previousOperationId":"35k42vse38ap8n0"}
{"type":"log","timestamp":1701109898963,"level":"debug","message":"Page request: GET (document) file:///var/folders/dp/qk79pfcj0y1fmtkkl08m76rc0000gn/T/jsreport/autocleanup/699d2abb-8b54-4b7e-9890-8c05a4580cb6-chrome-pdf.html","meta":{"rootId":"qlj09oxxfb1bhim","id":"qlj09oxxfb1bhim"},"id":"gobq3jdfb38iofk","previousOperationId":"35k42vse38ap8n0"}
{"type":"log","timestamp":1701109898969,"level":"debug","message":"Page request finished: GET (document) 200 file:///var/folders/dp/qk79pfcj0y1fmtkkl08m76rc0000gn/T/jsreport/autocleanup/699d2abb-8b54-4b7e-9890-8c05a4580cb6-chrome-pdf.html","meta":{"rootId":"qlj09oxxfb1bhim","id":"qlj09oxxfb1bhim"},"id":"ibacvobao098757","previousOperationId":"35k42vse38ap8n0"}
{"type":"log","timestamp":1701109898975,"level":"debug","message":"Running chrome with params {\"printBackground\":true,\"width\":\"7cm\",\"height\":\"30cm\",\"timeout\":59966,\"margin\":{}}","meta":{"rootId":"qlj09oxxfb1bhim","id":"qlj09oxxfb1bhim"},"id":"5xzz7fvc5p7hfpy","previousOperationId":"35k42vse38ap8n0"}
{"type":"operationEnd","operationId":"35k42vse38ap8n0","timestamp":1701109898987,"id":"oezjv9ozg589yxd","previousEventId":"y9oaheh9tfla6gl","previousOperationId":"35k42vse38ap8n0"}
{"type":"log","timestamp":1701109898987,"level":"debug","message":"Skipping storing report.","meta":{"rootId":"qlj09oxxfb1bhim","id":"qlj09oxxfb1bhim"},"id":"e03v4qhw2xqzds0","previousOperationId":"35k42vse38ap8n0"}
{"type":"log","timestamp":1701109898987,"level":"info","message":"Rendering request 19 finished in 100 ms","meta":{"rootId":"qlj09oxxfb1bhim","id":"qlj09oxxfb1bhim"},"id":"n5pgc15o1ufhzt9","previousOperationId":"35k42vse38ap8n0"}
{"type":"operationEnd","subtype":"render","operationId":"w4n4zkyl254ueix","timestamp":1701109898987,"id":"fbikr7afuuli94w","previousEventId":"oezjv9ozg589yxd","previousOperationId":"35k42vse38ap8n0"}
{"type":"operationEnd","doDiffs":false,"previousEventId":"chfvg4czc78fwgd","previousOperationId":"cyn722jjfvzvy1j","operationId":"cyn722jjfvzvy1j","timestamp":1701109898989,"id":"9wh89jrkg8mh2nn"}
