{"type":"operationStart","subtype":"profile","data":{"_id":"rdODL78yS8nmaIHP","timestamp":"2023-12-06T09:13:07.508Z","state":"queued","mode":"standard","creationDate":"2023-12-06T09:13:07.510Z","modificationDate":"2023-12-06T09:13:07.510Z","shortid":"0_tq9FO","$entitySet":"profiles"},"doDiffs":false,"timestamp":1701853987509,"id":"m5q737abvomsips","previousOperationId":null,"operationId":"cl9oe3vq6oqjpjk"}
{"type":"log","level":"info","message":"Render request 4 queued for execution and waiting for available worker","previousOperationId":"cl9oe3vq6oqjpjk","timestamp":1701853987510,"id":"z6w5vlwg8of47pl"}
{"type":"operationStart","subtype":"render","name":"pmo_slip_index","previousOperationId":"cl9oe3vq6oqjpjk","timestamp":1701853987523,"id":"pmuj23dnsm3549q","previousEventId":"m5q737abvomsips","operationId":"mp3j1b17crzsr7w"}
{"type":"log","timestamp":1701853987524,"level":"info","message":"Starting rendering request 4","meta":{"rootId":"r6c6dsezd4j3nkf","id":"r6c6dsezd4j3nkf"},"id":"6uzs06twmfur578","previousOperationId":"mp3j1b17crzsr7w"}
{"type":"log","timestamp":1701853987524,"level":"info","message":"Rendering template { name: pmo_slip_index, recipe: chrome-pdf, engine: handlebars, preview: true }","meta":{"rootId":"r6c6dsezd4j3nkf","id":"r6c6dsezd4j3nkf"},"id":"2zuay8bk4596fqv","previousOperationId":"mp3j1b17crzsr7w"}
{"type":"log","timestamp":1701853987526,"level":"debug","message":"Adding sample data VeFzNfc","meta":{"rootId":"r6c6dsezd4j3nkf","id":"r6c6dsezd4j3nkf"},"id":"pbsosrffkxdhmdq","previousOperationId":"mp3j1b17crzsr7w"}
{"type":"log","timestamp":1701853987528,"level":"debug","message":"Base url not specified, skipping its injection.","meta":{"rootId":"r6c6dsezd4j3nkf","id":"r6c6dsezd4j3nkf"},"id":"dv1i1g22ohpvpk2","previousOperationId":"mp3j1b17crzsr7w"}
{"type":"log","timestamp":1701853987531,"level":"debug","message":"Replaced assets [\"styles.css\"]","meta":{"rootId":"r6c6dsezd4j3nkf","id":"r6c6dsezd4j3nkf"},"id":"tuvjerceou7qspx","previousOperationId":"mp3j1b17crzsr7w"}
{"type":"operationStart","subtype":"engine","name":"handlebars","timestamp":1701853987531,"id":"tsacfkq2c330sye","previousEventId":"pmuj23dnsm3549q","operationId":"b31eeoegrqupo2e","previousOperationId":"mp3j1b17crzsr7w"}
{"type":"log","timestamp":1701853987531,"level":"debug","message":"Rendering engine handlebars","meta":{"rootId":"r6c6dsezd4j3nkf","id":"r6c6dsezd4j3nkf"},"id":"w0tow9m2wjer6g3","previousOperationId":"b31eeoegrqupo2e"}
{"type":"operationEnd","operationId":"b31eeoegrqupo2e","timestamp":1701853987564,"id":"c4sfe9yuyxep4rh","previousEventId":"tsacfkq2c330sye","previousOperationId":"b31eeoegrqupo2e"}
{"type":"operationStart","subtype":"recipe","name":"chrome-pdf","timestamp":1701853987565,"id":"orpyflhwk0xkkah","previousEventId":"c4sfe9yuyxep4rh","operationId":"50z8xow6aada0mz","previousOperationId":"b31eeoegrqupo2e"}
{"type":"log","timestamp":1701853987565,"level":"debug","message":"Executing recipe chrome-pdf","meta":{"rootId":"r6c6dsezd4j3nkf","id":"r6c6dsezd4j3nkf"},"id":"ahkzkjeuke2b6fc","previousOperationId":"50z8xow6aada0mz"}
{"type":"log","timestamp":1701853987567,"level":"debug","message":"Converting with chrome HeadlessChrome/117.0.5938.149 using chrome-pool strategy","meta":{"rootId":"r6c6dsezd4j3nkf","id":"r6c6dsezd4j3nkf"},"id":"dhe9avxlnsc8j2b","previousOperationId":"50z8xow6aada0mz"}
{"type":"log","timestamp":1701853987623,"level":"debug","message":"Page request: GET (document) file:///var/folders/dp/qk79pfcj0y1fmtkkl08m76rc0000gn/T/jsreport/autocleanup/c5c7082c-f1f9-48a8-97d0-594ba0ca6a4e-chrome-pdf.html","meta":{"rootId":"r6c6dsezd4j3nkf","id":"r6c6dsezd4j3nkf"},"id":"sd1a8npil4wahen","previousOperationId":"50z8xow6aada0mz"}
{"type":"log","timestamp":1701853987628,"level":"debug","message":"Page request finished: GET (document) 200 file:///var/folders/dp/qk79pfcj0y1fmtkkl08m76rc0000gn/T/jsreport/autocleanup/c5c7082c-f1f9-48a8-97d0-594ba0ca6a4e-chrome-pdf.html","meta":{"rootId":"r6c6dsezd4j3nkf","id":"r6c6dsezd4j3nkf"},"id":"ziyv95k1cpr711d","previousOperationId":"50z8xow6aada0mz"}
{"type":"log","timestamp":1701853987634,"level":"debug","message":"Running chrome with params {\"printBackground\":true,\"width\":\"7cm\",\"height\":\"3000px\",\"timeout\":59942,\"margin\":{}}","meta":{"rootId":"r6c6dsezd4j3nkf","id":"r6c6dsezd4j3nkf"},"id":"a7cf3q6h4r7ka2n","previousOperationId":"50z8xow6aada0mz"}
{"type":"operationEnd","operationId":"50z8xow6aada0mz","timestamp":1701853987658,"id":"n6gm6qslzios2ai","previousEventId":"orpyflhwk0xkkah","previousOperationId":"50z8xow6aada0mz"}
{"type":"log","timestamp":1701853987658,"level":"debug","message":"Skipping storing report.","meta":{"rootId":"r6c6dsezd4j3nkf","id":"r6c6dsezd4j3nkf"},"id":"jepsgwyls2snqoo","previousOperationId":"50z8xow6aada0mz"}
{"type":"log","timestamp":1701853987658,"level":"info","message":"Rendering request 4 finished in 150 ms","meta":{"rootId":"r6c6dsezd4j3nkf","id":"r6c6dsezd4j3nkf"},"id":"99wa1cqrwg9nybh","previousOperationId":"50z8xow6aada0mz"}
{"type":"operationEnd","subtype":"render","operationId":"mp3j1b17crzsr7w","timestamp":1701853987658,"id":"qtsjvnqx53wwxum","previousEventId":"n6gm6qslzios2ai","previousOperationId":"50z8xow6aada0mz"}
{"type":"operationEnd","doDiffs":false,"previousEventId":"m5q737abvomsips","previousOperationId":"cl9oe3vq6oqjpjk","operationId":"cl9oe3vq6oqjpjk","timestamp":1701853987659,"id":"o15hyes3x2ur9ds"}
