{"type":"operationStart","subtype":"profile","data":{"_id":"ajtSmNxawtMd3Xny","timestamp":"2023-12-01T11:10:11.419Z","state":"queued","mode":"standard","creationDate":"2023-12-01T11:10:11.420Z","modificationDate":"2023-12-01T11:10:11.420Z","shortid":"108rW1B","$entitySet":"profiles"},"doDiffs":false,"timestamp":1701429011419,"id":"1lb0lka6u6umyai","previousOperationId":null,"operationId":"e6q3pfqet3brr2c"}
{"type":"log","level":"info","message":"Render request 95 queued for execution and waiting for available worker","previousOperationId":"e6q3pfqet3brr2c","timestamp":1701429011420,"id":"xy3vm2lynrkxqxm"}
{"type":"operationStart","subtype":"render","name":"pmo_slip_index","previousOperationId":"e6q3pfqet3brr2c","timestamp":1701429011430,"id":"1g2zbbx7zi6cg24","previousEventId":"1lb0lka6u6umyai","operationId":"gpz3eqrzcjewc5s"}
{"type":"log","timestamp":1701429011430,"level":"info","message":"Starting rendering request 95","meta":{"rootId":"rw3y4p0sumpisrp","id":"rw3y4p0sumpisrp"},"id":"wzgasf4fiac02w4","previousOperationId":"gpz3eqrzcjewc5s"}
{"type":"log","timestamp":1701429011432,"level":"info","message":"Rendering template { name: pmo_slip_index, recipe: chrome-pdf, engine: handlebars, preview: true }","meta":{"rootId":"rw3y4p0sumpisrp","id":"rw3y4p0sumpisrp"},"id":"iu8d35n27od295m","previousOperationId":"gpz3eqrzcjewc5s"}
{"type":"log","timestamp":1701429011434,"level":"debug","message":"Adding sample data VeFzNfc","meta":{"rootId":"rw3y4p0sumpisrp","id":"rw3y4p0sumpisrp"},"id":"6xkxa3v5jlf4taf","previousOperationId":"gpz3eqrzcjewc5s"}
{"type":"log","timestamp":1701429011436,"level":"debug","message":"Base url not specified, skipping its injection.","meta":{"rootId":"rw3y4p0sumpisrp","id":"rw3y4p0sumpisrp"},"id":"yq6r42jia4vzodz","previousOperationId":"gpz3eqrzcjewc5s"}
{"type":"operationStart","subtype":"engine","name":"handlebars","timestamp":1701429011437,"id":"zswupb1ufydbc25","previousEventId":"1g2zbbx7zi6cg24","operationId":"eiw72op4gkk79s1","previousOperationId":"gpz3eqrzcjewc5s"}
{"type":"log","timestamp":1701429011437,"level":"debug","message":"Rendering engine handlebars","meta":{"rootId":"rw3y4p0sumpisrp","id":"rw3y4p0sumpisrp"},"id":"jky54zt9d5g8pvi","previousOperationId":"eiw72op4gkk79s1"}
{"type":"operationEnd","operationId":"eiw72op4gkk79s1","timestamp":1701429011455,"id":"f3lepkhcogfz08n","previousEventId":"zswupb1ufydbc25","previousOperationId":"eiw72op4gkk79s1"}
{"type":"operationStart","subtype":"recipe","name":"chrome-pdf","timestamp":1701429011455,"id":"wzcbfg01zqw4eec","previousEventId":"f3lepkhcogfz08n","operationId":"rgb08vgq43i9n3x","previousOperationId":"eiw72op4gkk79s1"}
{"type":"log","timestamp":1701429011455,"level":"debug","message":"Executing recipe chrome-pdf","meta":{"rootId":"rw3y4p0sumpisrp","id":"rw3y4p0sumpisrp"},"id":"lkq06fqq8lml3hk","previousOperationId":"rgb08vgq43i9n3x"}
{"type":"log","timestamp":1701429011458,"level":"debug","message":"Converting with chrome HeadlessChrome/117.0.5938.149 using chrome-pool strategy","meta":{"rootId":"rw3y4p0sumpisrp","id":"rw3y4p0sumpisrp"},"id":"r4ygbp4dgis8ndb","previousOperationId":"rgb08vgq43i9n3x"}
{"type":"log","timestamp":1701429011506,"level":"debug","message":"Page request: GET (document) file:///var/folders/dp/qk79pfcj0y1fmtkkl08m76rc0000gn/T/jsreport/autocleanup/eaea2695-5171-4dc8-ad06-ce2e02139ee4-chrome-pdf.html","meta":{"rootId":"rw3y4p0sumpisrp","id":"rw3y4p0sumpisrp"},"id":"uwp25lhcgyl1k7r","previousOperationId":"rgb08vgq43i9n3x"}
{"type":"log","timestamp":1701429011510,"level":"debug","message":"Page request finished: GET (document) 200 file:///var/folders/dp/qk79pfcj0y1fmtkkl08m76rc0000gn/T/jsreport/autocleanup/eaea2695-5171-4dc8-ad06-ce2e02139ee4-chrome-pdf.html","meta":{"rootId":"rw3y4p0sumpisrp","id":"rw3y4p0sumpisrp"},"id":"n17h2lov8o8zf9v","previousOperationId":"rgb08vgq43i9n3x"}
{"type":"log","timestamp":1701429011530,"level":"debug","message":"Running chrome with params {\"printBackground\":true,\"width\":\"7cm\",\"height\":\"30cm\",\"timeout\":59962,\"margin\":{}}","meta":{"rootId":"rw3y4p0sumpisrp","id":"rw3y4p0sumpisrp"},"id":"bhfgvt8yd0kq9b1","previousOperationId":"rgb08vgq43i9n3x"}
{"type":"operationEnd","operationId":"rgb08vgq43i9n3x","timestamp":1701429011554,"id":"4g61jgwgn98xeef","previousEventId":"wzcbfg01zqw4eec","previousOperationId":"rgb08vgq43i9n3x"}
{"type":"log","timestamp":1701429011554,"level":"debug","message":"Skipping storing report.","meta":{"rootId":"rw3y4p0sumpisrp","id":"rw3y4p0sumpisrp"},"id":"dy997v1l33mgz4u","previousOperationId":"rgb08vgq43i9n3x"}
{"type":"log","timestamp":1701429011554,"level":"info","message":"Rendering request 95 finished in 135 ms","meta":{"rootId":"rw3y4p0sumpisrp","id":"rw3y4p0sumpisrp"},"id":"l4pcavix6jldj3i","previousOperationId":"rgb08vgq43i9n3x"}
{"type":"operationEnd","subtype":"render","operationId":"gpz3eqrzcjewc5s","timestamp":1701429011554,"id":"xlxp73jw86udsl9","previousEventId":"4g61jgwgn98xeef","previousOperationId":"rgb08vgq43i9n3x"}
{"type":"operationEnd","doDiffs":false,"previousEventId":"1lb0lka6u6umyai","previousOperationId":"e6q3pfqet3brr2c","operationId":"e6q3pfqet3brr2c","timestamp":1701429011555,"id":"btvec9vxw94m4rn"}
