{"type":"operationStart","subtype":"profile","data":{"_id":"yE5P4lb6Uzo1yAGS","timestamp":"2023-12-05T14:36:52.884Z","state":"queued","mode":"standard","creationDate":"2023-12-05T14:36:52.888Z","modificationDate":"2023-12-05T14:36:52.888Z","shortid":"dF3q_I6","$entitySet":"profiles"},"doDiffs":false,"timestamp":1701787012886,"id":"i0hjzgaer3rgckm","previousOperationId":null,"operationId":"e41fpjtl72aaoe7"}
{"type":"log","level":"info","message":"Render request 11 queued for execution and waiting for available worker","previousOperationId":"e41fpjtl72aaoe7","timestamp":1701787012886,"id":"dzh4nv98iekjjl0"}
{"type":"operationStart","subtype":"render","name":"pmo_slip_index","previousOperationId":"e41fpjtl72aaoe7","timestamp":1701787012898,"id":"bag6oyvpu9ukmv2","previousEventId":"i0hjzgaer3rgckm","operationId":"twgpgpcsg0b4h04"}
{"type":"log","timestamp":1701787012898,"level":"info","message":"Starting rendering request 11","meta":{"rootId":"t5byuzqw1fvxtd7","id":"t5byuzqw1fvxtd7"},"id":"iem7cigydlgz3k3","previousOperationId":"twgpgpcsg0b4h04"}
{"type":"log","timestamp":1701787012899,"level":"info","message":"Rendering template { name: pmo_slip_index, recipe: chrome-pdf, engine: handlebars, preview: true }","meta":{"rootId":"t5byuzqw1fvxtd7","id":"t5byuzqw1fvxtd7"},"id":"nupsht627r4t0kc","previousOperationId":"twgpgpcsg0b4h04"}
{"type":"log","timestamp":1701787012900,"level":"debug","message":"Adding sample data VeFzNfc","meta":{"rootId":"t5byuzqw1fvxtd7","id":"t5byuzqw1fvxtd7"},"id":"0ypesz7iom8rlxo","previousOperationId":"twgpgpcsg0b4h04"}
{"type":"log","timestamp":1701787012901,"level":"debug","message":"Base url not specified, skipping its injection.","meta":{"rootId":"t5byuzqw1fvxtd7","id":"t5byuzqw1fvxtd7"},"id":"evgjig2sfwplbdf","previousOperationId":"twgpgpcsg0b4h04"}
{"type":"log","timestamp":1701787012902,"level":"debug","message":"Replaced assets [\"styles.css\"]","meta":{"rootId":"t5byuzqw1fvxtd7","id":"t5byuzqw1fvxtd7"},"id":"a4700q0njpi5w1t","previousOperationId":"twgpgpcsg0b4h04"}
{"type":"operationStart","subtype":"engine","name":"handlebars","timestamp":1701787012902,"id":"j0cjph46pr2xpqc","previousEventId":"bag6oyvpu9ukmv2","operationId":"v6ja00o0ohjkyyk","previousOperationId":"twgpgpcsg0b4h04"}
{"type":"log","timestamp":1701787012902,"level":"debug","message":"Rendering engine handlebars","meta":{"rootId":"t5byuzqw1fvxtd7","id":"t5byuzqw1fvxtd7"},"id":"gb91u44atw4palv","previousOperationId":"v6ja00o0ohjkyyk"}
{"type":"operationEnd","operationId":"v6ja00o0ohjkyyk","timestamp":1701787012920,"id":"08p9josrno6os7q","previousEventId":"j0cjph46pr2xpqc","previousOperationId":"v6ja00o0ohjkyyk"}
{"type":"operationStart","subtype":"recipe","name":"chrome-pdf","timestamp":1701787012920,"id":"gi3mg5sjfytsbq0","previousEventId":"08p9josrno6os7q","operationId":"3r1m1mqz7ol18ej","previousOperationId":"v6ja00o0ohjkyyk"}
{"type":"log","timestamp":1701787012920,"level":"debug","message":"Executing recipe chrome-pdf","meta":{"rootId":"t5byuzqw1fvxtd7","id":"t5byuzqw1fvxtd7"},"id":"7ujw6nmf2oa88xx","previousOperationId":"3r1m1mqz7ol18ej"}
{"type":"log","timestamp":1701787012921,"level":"debug","message":"Converting with chrome HeadlessChrome/117.0.5938.149 using chrome-pool strategy","meta":{"rootId":"t5byuzqw1fvxtd7","id":"t5byuzqw1fvxtd7"},"id":"51pekq4c8g3d3ix","previousOperationId":"3r1m1mqz7ol18ej"}
{"type":"log","timestamp":1701787012970,"level":"debug","message":"Page request: GET (document) file:///var/folders/dp/qk79pfcj0y1fmtkkl08m76rc0000gn/T/jsreport/autocleanup/a511b174-d3e0-4995-b8fe-8f20425f9074-chrome-pdf.html","meta":{"rootId":"t5byuzqw1fvxtd7","id":"t5byuzqw1fvxtd7"},"id":"rixupos5sa2yt1z","previousOperationId":"3r1m1mqz7ol18ej"}
{"type":"log","timestamp":1701787012975,"level":"debug","message":"Page request finished: GET (document) 200 file:///var/folders/dp/qk79pfcj0y1fmtkkl08m76rc0000gn/T/jsreport/autocleanup/a511b174-d3e0-4995-b8fe-8f20425f9074-chrome-pdf.html","meta":{"rootId":"t5byuzqw1fvxtd7","id":"t5byuzqw1fvxtd7"},"id":"cxeme0604xq10gf","previousOperationId":"3r1m1mqz7ol18ej"}
{"type":"log","timestamp":1701787012984,"level":"debug","message":"Running chrome with params {\"printBackground\":true,\"width\":\"7cm\",\"height\":\"3000px\",\"timeout\":59963,\"margin\":{}}","meta":{"rootId":"t5byuzqw1fvxtd7","id":"t5byuzqw1fvxtd7"},"id":"1irx1ujlg8e6gas","previousOperationId":"3r1m1mqz7ol18ej"}
{"type":"operationEnd","operationId":"3r1m1mqz7ol18ej","timestamp":1701787013008,"id":"8kybfujsyn7fb29","previousEventId":"gi3mg5sjfytsbq0","previousOperationId":"3r1m1mqz7ol18ej"}
{"type":"log","timestamp":1701787013008,"level":"debug","message":"Skipping storing report.","meta":{"rootId":"t5byuzqw1fvxtd7","id":"t5byuzqw1fvxtd7"},"id":"cue7nfo5stnjzkc","previousOperationId":"3r1m1mqz7ol18ej"}
{"type":"log","timestamp":1701787013008,"level":"info","message":"Rendering request 11 finished in 124 ms","meta":{"rootId":"t5byuzqw1fvxtd7","id":"t5byuzqw1fvxtd7"},"id":"1u5tcnkbsy9yw3t","previousOperationId":"3r1m1mqz7ol18ej"}
{"type":"operationEnd","subtype":"render","operationId":"twgpgpcsg0b4h04","timestamp":1701787013008,"id":"9y3b5sljgfg0re5","previousEventId":"8kybfujsyn7fb29","previousOperationId":"3r1m1mqz7ol18ej"}
{"type":"operationEnd","doDiffs":false,"previousEventId":"i0hjzgaer3rgckm","previousOperationId":"e41fpjtl72aaoe7","operationId":"e41fpjtl72aaoe7","timestamp":1701787013010,"id":"9477mm1apxgvqhq"}
