{"type":"operationStart","subtype":"profile","data":{"_id":"HnbNSDSYj5LHP1Bq","timestamp":"2023-12-13T11:33:10.957Z","state":"queued","mode":"standard","creationDate":"2023-12-13T11:33:10.960Z","modificationDate":"2023-12-13T11:33:10.960Z","shortid":"7asC91_","$entitySet":"profiles"},"doDiffs":false,"timestamp":1702467190959,"id":"goquxcnnjq8nawt","previousOperationId":null,"operationId":"3b0h5g9glktu0eg"}
{"type":"log","level":"info","message":"Render request 2 queued for execution and waiting for available worker","previousOperationId":"3b0h5g9glktu0eg","timestamp":1702467190959,"id":"7rq22buiwig9fee"}
{"type":"operationStart","subtype":"render","name":"pmo_slip_index","previousOperationId":"3b0h5g9glktu0eg","timestamp":1702467190974,"id":"1p33l6tp3ld6v5t","previousEventId":"goquxcnnjq8nawt","operationId":"2rqvoav29s09uql"}
{"type":"log","timestamp":1702467190975,"level":"info","message":"Starting rendering request 2","meta":{"rootId":"t5smdy6187qhu36","id":"t5smdy6187qhu36"},"id":"lokjmogskvqsi64","previousOperationId":"2rqvoav29s09uql"}
{"type":"log","timestamp":1702467190976,"level":"info","message":"Rendering template { name: pmo_slip_index, recipe: chrome-pdf, engine: handlebars, preview: true }","meta":{"rootId":"t5smdy6187qhu36","id":"t5smdy6187qhu36"},"id":"bbocgh3ncnpjtpx","previousOperationId":"2rqvoav29s09uql"}
{"type":"log","timestamp":1702467190977,"level":"debug","message":"Adding sample data VeFzNfc","meta":{"rootId":"t5smdy6187qhu36","id":"t5smdy6187qhu36"},"id":"xaq2uazaz2kuaxu","previousOperationId":"2rqvoav29s09uql"}
{"type":"log","timestamp":1702467190978,"level":"debug","message":"Base url not specified, skipping its injection.","meta":{"rootId":"t5smdy6187qhu36","id":"t5smdy6187qhu36"},"id":"o824xz51lc60fvt","previousOperationId":"2rqvoav29s09uql"}
{"type":"log","timestamp":1702467190980,"level":"debug","message":"Replaced assets [\"styles.css\"]","meta":{"rootId":"t5smdy6187qhu36","id":"t5smdy6187qhu36"},"id":"ajrvsqyjc3t9lkd","previousOperationId":"2rqvoav29s09uql"}
{"type":"operationStart","subtype":"engine","name":"handlebars","timestamp":1702467190980,"id":"lqyut3h9pbjyjyw","previousEventId":"1p33l6tp3ld6v5t","operationId":"42bgvm185bhv3b6","previousOperationId":"2rqvoav29s09uql"}
{"type":"log","timestamp":1702467190980,"level":"debug","message":"Rendering engine handlebars","meta":{"rootId":"t5smdy6187qhu36","id":"t5smdy6187qhu36"},"id":"wgdptgzf5uhilvi","previousOperationId":"42bgvm185bhv3b6"}
{"type":"operationEnd","operationId":"42bgvm185bhv3b6","timestamp":1702467191203,"id":"g490sgd2g14mhai","previousEventId":"lqyut3h9pbjyjyw","previousOperationId":"42bgvm185bhv3b6"}
{"type":"operationStart","subtype":"recipe","name":"chrome-pdf","timestamp":1702467191203,"id":"j5g55jytr34uqu5","previousEventId":"g490sgd2g14mhai","operationId":"qj7ogkidgxrzkx8","previousOperationId":"42bgvm185bhv3b6"}
{"type":"log","timestamp":1702467191203,"level":"debug","message":"Executing recipe chrome-pdf","meta":{"rootId":"t5smdy6187qhu36","id":"t5smdy6187qhu36"},"id":"v069vcc8vy6mi2v","previousOperationId":"qj7ogkidgxrzkx8"}
{"type":"log","timestamp":1702467191303,"level":"debug","message":"Converting with chrome HeadlessChrome/117.0.5938.149 using chrome-pool strategy","meta":{"rootId":"t5smdy6187qhu36","id":"t5smdy6187qhu36"},"id":"bu2ap8069w9444x","previousOperationId":"qj7ogkidgxrzkx8"}
{"type":"log","timestamp":1702467191348,"level":"debug","message":"Page request: GET (document) file:///var/folders/dp/qk79pfcj0y1fmtkkl08m76rc0000gn/T/jsreport/autocleanup/9f862542-cf30-4968-8db2-4d25b10045e4-chrome-pdf.html","meta":{"rootId":"t5smdy6187qhu36","id":"t5smdy6187qhu36"},"id":"blmz9yb9nrfkf7l","previousOperationId":"qj7ogkidgxrzkx8"}
{"type":"log","timestamp":1702467191354,"level":"debug","message":"Page request finished: GET (document) 200 file:///var/folders/dp/qk79pfcj0y1fmtkkl08m76rc0000gn/T/jsreport/autocleanup/9f862542-cf30-4968-8db2-4d25b10045e4-chrome-pdf.html","meta":{"rootId":"t5smdy6187qhu36","id":"t5smdy6187qhu36"},"id":"mt9viui4bil3g96","previousOperationId":"qj7ogkidgxrzkx8"}
{"type":"log","timestamp":1702467191360,"level":"debug","message":"Running chrome with params {\"printBackground\":true,\"width\":\"5.8cm\",\"height\":\"40cm\",\"timeout\":59752,\"margin\":{}}","meta":{"rootId":"t5smdy6187qhu36","id":"t5smdy6187qhu36"},"id":"ctc52mb6ma7g35h","previousOperationId":"qj7ogkidgxrzkx8"}
{"type":"operationEnd","operationId":"qj7ogkidgxrzkx8","timestamp":1702467191384,"id":"xpnvmth2l9scm7f","previousEventId":"j5g55jytr34uqu5","previousOperationId":"qj7ogkidgxrzkx8"}
{"type":"log","timestamp":1702467191384,"level":"debug","message":"Skipping storing report.","meta":{"rootId":"t5smdy6187qhu36","id":"t5smdy6187qhu36"},"id":"gcd7itkez1o59c8","previousOperationId":"qj7ogkidgxrzkx8"}
{"type":"log","timestamp":1702467191384,"level":"info","message":"Rendering request 2 finished in 427 ms","meta":{"rootId":"t5smdy6187qhu36","id":"t5smdy6187qhu36"},"id":"cz2vlp359z8xj8g","previousOperationId":"qj7ogkidgxrzkx8"}
{"type":"operationEnd","subtype":"render","operationId":"2rqvoav29s09uql","timestamp":1702467191384,"id":"uzizxz53iu7rb2a","previousEventId":"xpnvmth2l9scm7f","previousOperationId":"qj7ogkidgxrzkx8"}
{"type":"operationEnd","doDiffs":false,"previousEventId":"goquxcnnjq8nawt","previousOperationId":"3b0h5g9glktu0eg","operationId":"3b0h5g9glktu0eg","timestamp":1702467191385,"id":"951wdgqb53yc6xw"}
