{"type":"operationStart","subtype":"profile","data":{"_id":"b9jthqGZdjkImFr2","timestamp":"2023-12-06T11:52:05.715Z","state":"queued","mode":"standard","creationDate":"2023-12-06T11:52:05.719Z","modificationDate":"2023-12-06T11:52:05.719Z","shortid":"WO_zqnW","$entitySet":"profiles"},"doDiffs":false,"timestamp":1701863525718,"id":"lb3au56dfezujrh","previousOperationId":null,"operationId":"9hlokslgn5yyf0f"}
{"type":"log","level":"info","message":"Render request 135 queued for execution and waiting for available worker","previousOperationId":"9hlokslgn5yyf0f","timestamp":1701863525718,"id":"h21bklg7uq9vlxi"}
{"type":"operationStart","subtype":"render","name":"pmo_slip_index","previousOperationId":"9hlokslgn5yyf0f","timestamp":1701863525730,"id":"jnlj3o86x9a8ptq","previousEventId":"lb3au56dfezujrh","operationId":"zastoeea17st3w3"}
{"type":"log","timestamp":1701863525730,"level":"info","message":"Starting rendering request 135","meta":{"rootId":"t7jn138f294nr13","id":"t7jn138f294nr13"},"id":"b6gfhabku8ekhpq","previousOperationId":"zastoeea17st3w3"}
{"type":"log","timestamp":1701863525730,"level":"info","message":"Rendering template { name: pmo_slip_index, recipe: chrome-pdf, engine: handlebars, preview: true }","meta":{"rootId":"t7jn138f294nr13","id":"t7jn138f294nr13"},"id":"g9m08ryelqzq1rr","previousOperationId":"zastoeea17st3w3"}
{"type":"log","timestamp":1701863525731,"level":"debug","message":"Inline data specified.","meta":{"rootId":"t7jn138f294nr13","id":"t7jn138f294nr13"},"id":"au7gd3ommo8bsba","previousOperationId":"zastoeea17st3w3"}
{"type":"log","timestamp":1701863525732,"level":"debug","message":"Base url not specified, skipping its injection.","meta":{"rootId":"t7jn138f294nr13","id":"t7jn138f294nr13"},"id":"ug69uh38ejkbcjj","previousOperationId":"zastoeea17st3w3"}
{"type":"log","timestamp":1701863525736,"level":"debug","message":"Replaced assets [\"styles.css\"]","meta":{"rootId":"t7jn138f294nr13","id":"t7jn138f294nr13"},"id":"m6pmzao6gm4au0w","previousOperationId":"zastoeea17st3w3"}
{"type":"operationStart","subtype":"engine","name":"handlebars","timestamp":1701863525736,"id":"3bxto4zd75xrm4b","previousEventId":"jnlj3o86x9a8ptq","operationId":"t55g2crqjrnkwe3","previousOperationId":"zastoeea17st3w3"}
{"type":"log","timestamp":1701863525736,"level":"debug","message":"Rendering engine handlebars","meta":{"rootId":"t7jn138f294nr13","id":"t7jn138f294nr13"},"id":"hi0qict3whxjjs4","previousOperationId":"t55g2crqjrnkwe3"}
{"type":"operationEnd","operationId":"t55g2crqjrnkwe3","timestamp":1701863525754,"id":"emfukdaxgezcvvb","previousEventId":"3bxto4zd75xrm4b","previousOperationId":"t55g2crqjrnkwe3"}
{"type":"operationStart","subtype":"recipe","name":"chrome-pdf","timestamp":1701863525754,"id":"6tns767fgm4fihy","previousEventId":"emfukdaxgezcvvb","operationId":"r2h5vjhvsesm2d2","previousOperationId":"t55g2crqjrnkwe3"}
{"type":"log","timestamp":1701863525754,"level":"debug","message":"Executing recipe chrome-pdf","meta":{"rootId":"t7jn138f294nr13","id":"t7jn138f294nr13"},"id":"r3lvz58o00ai4q9","previousOperationId":"r2h5vjhvsesm2d2"}
{"type":"log","timestamp":1701863525756,"level":"debug","message":"Converting with chrome HeadlessChrome/117.0.5938.149 using chrome-pool strategy","meta":{"rootId":"t7jn138f294nr13","id":"t7jn138f294nr13"},"id":"5vzr13tvf1krqt8","previousOperationId":"r2h5vjhvsesm2d2"}
{"type":"log","timestamp":1701863525805,"level":"debug","message":"Page request: GET (document) file:///var/folders/dp/qk79pfcj0y1fmtkkl08m76rc0000gn/T/jsreport/autocleanup/f021b9e1-42e2-44c1-bbd2-e0ecf41c7112-chrome-pdf.html","meta":{"rootId":"t7jn138f294nr13","id":"t7jn138f294nr13"},"id":"3a22qxaleqhug0s","previousOperationId":"r2h5vjhvsesm2d2"}
{"type":"log","timestamp":1701863525810,"level":"debug","message":"Page request finished: GET (document) 200 file:///var/folders/dp/qk79pfcj0y1fmtkkl08m76rc0000gn/T/jsreport/autocleanup/f021b9e1-42e2-44c1-bbd2-e0ecf41c7112-chrome-pdf.html","meta":{"rootId":"t7jn138f294nr13","id":"t7jn138f294nr13"},"id":"s9ceyr6ta3tnfu0","previousOperationId":"r2h5vjhvsesm2d2"}
{"type":"log","timestamp":1701863525821,"level":"debug","message":"Running chrome with params {\"printBackground\":true,\"width\":\"5.8cm\",\"height\":\"40cm\",\"timeout\":59959,\"margin\":{}}","meta":{"rootId":"t7jn138f294nr13","id":"t7jn138f294nr13"},"id":"asczagv8nddiont","previousOperationId":"r2h5vjhvsesm2d2"}
{"type":"operationEnd","operationId":"r2h5vjhvsesm2d2","timestamp":1701863525844,"id":"ppnlkgvejwss6al","previousEventId":"6tns767fgm4fihy","previousOperationId":"r2h5vjhvsesm2d2"}
{"type":"log","timestamp":1701863525844,"level":"debug","message":"Skipping storing report.","meta":{"rootId":"t7jn138f294nr13","id":"t7jn138f294nr13"},"id":"mtg6siuhn8ki2od","previousOperationId":"r2h5vjhvsesm2d2"}
{"type":"log","timestamp":1701863525844,"level":"info","message":"Rendering request 135 finished in 129 ms","meta":{"rootId":"t7jn138f294nr13","id":"t7jn138f294nr13"},"id":"kjvufvoitlnggk3","previousOperationId":"r2h5vjhvsesm2d2"}
{"type":"operationEnd","subtype":"render","operationId":"zastoeea17st3w3","timestamp":1701863525844,"id":"oz9pwjtjy05j6oe","previousEventId":"ppnlkgvejwss6al","previousOperationId":"r2h5vjhvsesm2d2"}
{"type":"operationEnd","doDiffs":false,"previousEventId":"lb3au56dfezujrh","previousOperationId":"9hlokslgn5yyf0f","operationId":"9hlokslgn5yyf0f","timestamp":1701863525845,"id":"s1e3nn0e9j34ygm"}
