{"type":"operationStart","subtype":"profile","data":{"_id":"SJtgnYAiEpwE6Um3","timestamp":"2023-12-01T11:27:34.612Z","state":"queued","mode":"standard","creationDate":"2023-12-01T11:27:34.613Z","modificationDate":"2023-12-01T11:27:34.613Z","shortid":"XsQpUqT","$entitySet":"profiles"},"doDiffs":false,"timestamp":1701430054613,"id":"h7i4lkutasozp5o","previousOperationId":null,"operationId":"pdwdb8nfgs1wux6"}
{"type":"log","level":"info","message":"Render request 105 queued for execution and waiting for available worker","previousOperationId":"pdwdb8nfgs1wux6","timestamp":1701430054613,"id":"8cevqxr4kynabyu"}
{"type":"operationStart","subtype":"render","name":"pmo_slip_index","previousOperationId":"pdwdb8nfgs1wux6","timestamp":1701430054631,"id":"8fvj68rvxcooytr","previousEventId":"h7i4lkutasozp5o","operationId":"gxjntcc60nvvhnk"}
{"type":"log","timestamp":1701430054632,"level":"info","message":"Starting rendering request 105","meta":{"rootId":"tel25yu9jhhma0z","id":"tel25yu9jhhma0z"},"id":"49kwn5xdxgkhxh0","previousOperationId":"gxjntcc60nvvhnk"}
{"type":"log","timestamp":1701430054632,"level":"info","message":"Rendering template { name: pmo_slip_index, recipe: chrome-pdf, engine: handlebars, preview: true }","meta":{"rootId":"tel25yu9jhhma0z","id":"tel25yu9jhhma0z"},"id":"76wjkuiu3lvm6na","previousOperationId":"gxjntcc60nvvhnk"}
{"type":"log","timestamp":1701430054632,"level":"debug","message":"Inline data specified.","meta":{"rootId":"tel25yu9jhhma0z","id":"tel25yu9jhhma0z"},"id":"jaj217x2npsj4zi","previousOperationId":"gxjntcc60nvvhnk"}
{"type":"log","timestamp":1701430054633,"level":"debug","message":"Base url not specified, skipping its injection.","meta":{"rootId":"tel25yu9jhhma0z","id":"tel25yu9jhhma0z"},"id":"cp9hrlov73biqh2","previousOperationId":"gxjntcc60nvvhnk"}
{"type":"operationStart","subtype":"engine","name":"handlebars","timestamp":1701430054634,"id":"34psmaeohrvuxyu","previousEventId":"8fvj68rvxcooytr","operationId":"kpjom39npker73z","previousOperationId":"gxjntcc60nvvhnk"}
{"type":"log","timestamp":1701430054634,"level":"debug","message":"Rendering engine handlebars","meta":{"rootId":"tel25yu9jhhma0z","id":"tel25yu9jhhma0z"},"id":"02fs539nitxqlel","previousOperationId":"kpjom39npker73z"}
{"type":"operationEnd","operationId":"kpjom39npker73z","timestamp":1701430054649,"id":"jbrbfgv2qwr4fdb","previousEventId":"34psmaeohrvuxyu","previousOperationId":"kpjom39npker73z"}
{"type":"operationStart","subtype":"recipe","name":"chrome-pdf","timestamp":1701430054650,"id":"gquk1thgiwala50","previousEventId":"jbrbfgv2qwr4fdb","operationId":"bgiz1mnm40fcpvi","previousOperationId":"kpjom39npker73z"}
{"type":"log","timestamp":1701430054650,"level":"debug","message":"Executing recipe chrome-pdf","meta":{"rootId":"tel25yu9jhhma0z","id":"tel25yu9jhhma0z"},"id":"otd9ywck9z9fv8p","previousOperationId":"bgiz1mnm40fcpvi"}
{"type":"log","timestamp":1701430054653,"level":"debug","message":"Converting with chrome HeadlessChrome/117.0.5938.149 using chrome-pool strategy","meta":{"rootId":"tel25yu9jhhma0z","id":"tel25yu9jhhma0z"},"id":"4o76hl6g3y1o649","previousOperationId":"bgiz1mnm40fcpvi"}
{"type":"log","timestamp":1701430054694,"level":"debug","message":"Page request: GET (document) file:///var/folders/dp/qk79pfcj0y1fmtkkl08m76rc0000gn/T/jsreport/autocleanup/65ab294a-0306-4044-ac03-2eb17d3f6d17-chrome-pdf.html","meta":{"rootId":"tel25yu9jhhma0z","id":"tel25yu9jhhma0z"},"id":"jbu951t2lbds7q0","previousOperationId":"bgiz1mnm40fcpvi"}
{"type":"log","timestamp":1701430054699,"level":"debug","message":"Page request finished: GET (document) 200 file:///var/folders/dp/qk79pfcj0y1fmtkkl08m76rc0000gn/T/jsreport/autocleanup/65ab294a-0306-4044-ac03-2eb17d3f6d17-chrome-pdf.html","meta":{"rootId":"tel25yu9jhhma0z","id":"tel25yu9jhhma0z"},"id":"1mgebz8aubld14p","previousOperationId":"bgiz1mnm40fcpvi"}
{"type":"log","timestamp":1701430054707,"level":"debug","message":"Running chrome with params {\"printBackground\":true,\"width\":\"7cm\",\"height\":\"30cm\",\"timeout\":59960,\"margin\":{}}","meta":{"rootId":"tel25yu9jhhma0z","id":"tel25yu9jhhma0z"},"id":"hyqxbfr5s1q6z88","previousOperationId":"bgiz1mnm40fcpvi"}
{"type":"operationEnd","operationId":"bgiz1mnm40fcpvi","timestamp":1701430054729,"id":"0boe6ctwmnbmey0","previousEventId":"gquk1thgiwala50","previousOperationId":"bgiz1mnm40fcpvi"}
{"type":"log","timestamp":1701430054729,"level":"debug","message":"Skipping storing report.","meta":{"rootId":"tel25yu9jhhma0z","id":"tel25yu9jhhma0z"},"id":"gru0izvsf52064x","previousOperationId":"bgiz1mnm40fcpvi"}
{"type":"log","timestamp":1701430054729,"level":"info","message":"Rendering request 105 finished in 117 ms","meta":{"rootId":"tel25yu9jhhma0z","id":"tel25yu9jhhma0z"},"id":"ssn9yw6rrowb0cn","previousOperationId":"bgiz1mnm40fcpvi"}
{"type":"operationEnd","subtype":"render","operationId":"gxjntcc60nvvhnk","timestamp":1701430054729,"id":"lufesh9wmgls849","previousEventId":"0boe6ctwmnbmey0","previousOperationId":"bgiz1mnm40fcpvi"}
{"type":"operationEnd","doDiffs":false,"previousEventId":"h7i4lkutasozp5o","previousOperationId":"pdwdb8nfgs1wux6","operationId":"pdwdb8nfgs1wux6","timestamp":1701430054730,"id":"ph44egx01sck9cf"}
