{"type":"operationStart","subtype":"profile","data":{"_id":"DlY8MbzvPyMPm1OY","timestamp":"2023-11-27T18:57:59.442Z","state":"queued","mode":"standard","creationDate":"2023-11-27T18:57:59.443Z","modificationDate":"2023-11-27T18:57:59.443Z","shortid":"C1EZggA","$entitySet":"profiles"},"doDiffs":false,"timestamp":1701111479443,"id":"sa97um5jr90h1mu","previousOperationId":null,"operationId":"ezyqx8yf5kgvumj"}
{"type":"log","level":"info","message":"Render request 41 queued for execution and waiting for available worker","previousOperationId":"ezyqx8yf5kgvumj","timestamp":1701111479443,"id":"p1a60a2vlj25vih"}
{"type":"operationStart","subtype":"render","name":"pmo_slip_index","previousOperationId":"ezyqx8yf5kgvumj","timestamp":1701111479450,"id":"pt9qcpbqudhek75","previousEventId":"sa97um5jr90h1mu","operationId":"nqpxzr2zga1g2dv"}
{"type":"log","timestamp":1701111479450,"level":"info","message":"Starting rendering request 41","meta":{"rootId":"tiehqhtws4si9ph","id":"tiehqhtws4si9ph"},"id":"a1d3ig4ao4dceoy","previousOperationId":"nqpxzr2zga1g2dv"}
{"type":"log","timestamp":1701111479450,"level":"info","message":"Rendering template { name: pmo_slip_index, recipe: chrome-pdf, engine: handlebars, preview: true }","meta":{"rootId":"tiehqhtws4si9ph","id":"tiehqhtws4si9ph"},"id":"zkn5mtnkhh0xart","previousOperationId":"nqpxzr2zga1g2dv"}
{"type":"log","timestamp":1701111479451,"level":"debug","message":"Inline data specified.","meta":{"rootId":"tiehqhtws4si9ph","id":"tiehqhtws4si9ph"},"id":"4iyrijfas79hb4x","previousOperationId":"nqpxzr2zga1g2dv"}
{"type":"log","timestamp":1701111479456,"level":"debug","message":"Base url not specified, skipping its injection.","meta":{"rootId":"tiehqhtws4si9ph","id":"tiehqhtws4si9ph"},"id":"jwvkoqlmgojj59s","previousOperationId":"nqpxzr2zga1g2dv"}
{"type":"operationStart","subtype":"engine","name":"handlebars","timestamp":1701111479456,"id":"vwgknazzlwus8bv","previousEventId":"pt9qcpbqudhek75","operationId":"6ilr39agrjez1l1","previousOperationId":"nqpxzr2zga1g2dv"}
{"type":"log","timestamp":1701111479456,"level":"debug","message":"Rendering engine handlebars","meta":{"rootId":"tiehqhtws4si9ph","id":"tiehqhtws4si9ph"},"id":"fuapc2q2vpziafd","previousOperationId":"6ilr39agrjez1l1"}
{"type":"operationEnd","operationId":"6ilr39agrjez1l1","timestamp":1701111479467,"id":"124dr2bjat871dx","previousEventId":"vwgknazzlwus8bv","previousOperationId":"6ilr39agrjez1l1"}
{"type":"operationStart","subtype":"recipe","name":"chrome-pdf","timestamp":1701111479467,"id":"kyq8hnalls1lhv6","previousEventId":"124dr2bjat871dx","operationId":"ykskrlbotl86fqf","previousOperationId":"6ilr39agrjez1l1"}
{"type":"log","timestamp":1701111479467,"level":"debug","message":"Executing recipe chrome-pdf","meta":{"rootId":"tiehqhtws4si9ph","id":"tiehqhtws4si9ph"},"id":"ms10fa5o2h3ftyp","previousOperationId":"ykskrlbotl86fqf"}
{"type":"log","timestamp":1701111479469,"level":"debug","message":"Converting with chrome HeadlessChrome/117.0.5938.149 using chrome-pool strategy","meta":{"rootId":"tiehqhtws4si9ph","id":"tiehqhtws4si9ph"},"id":"ddqfayjkjt7ln5y","previousOperationId":"ykskrlbotl86fqf"}
{"type":"log","timestamp":1701111479511,"level":"debug","message":"Page request: GET (document) file:///var/folders/dp/qk79pfcj0y1fmtkkl08m76rc0000gn/T/jsreport/autocleanup/c6205d59-da39-41c2-8b18-e2585832892e-chrome-pdf.html","meta":{"rootId":"tiehqhtws4si9ph","id":"tiehqhtws4si9ph"},"id":"iy8j1j81k9q9iy3","previousOperationId":"ykskrlbotl86fqf"}
{"type":"log","timestamp":1701111479517,"level":"debug","message":"Page request finished: GET (document) 200 file:///var/folders/dp/qk79pfcj0y1fmtkkl08m76rc0000gn/T/jsreport/autocleanup/c6205d59-da39-41c2-8b18-e2585832892e-chrome-pdf.html","meta":{"rootId":"tiehqhtws4si9ph","id":"tiehqhtws4si9ph"},"id":"n3g2gs458qzvged","previousOperationId":"ykskrlbotl86fqf"}
{"type":"log","timestamp":1701111479540,"level":"debug","message":"Running chrome with params {\"printBackground\":true,\"width\":\"7cm\",\"height\":\"30cm\",\"timeout\":59974,\"margin\":{}}","meta":{"rootId":"tiehqhtws4si9ph","id":"tiehqhtws4si9ph"},"id":"xogtqabugpe3htk","previousOperationId":"ykskrlbotl86fqf"}
{"type":"operationEnd","operationId":"ykskrlbotl86fqf","timestamp":1701111479562,"id":"om8tkt3aqzum873","previousEventId":"kyq8hnalls1lhv6","previousOperationId":"ykskrlbotl86fqf"}
{"type":"log","timestamp":1701111479562,"level":"debug","message":"Skipping storing report.","meta":{"rootId":"tiehqhtws4si9ph","id":"tiehqhtws4si9ph"},"id":"yp02zyydgx36k03","previousOperationId":"ykskrlbotl86fqf"}
{"type":"log","timestamp":1701111479562,"level":"info","message":"Rendering request 41 finished in 120 ms","meta":{"rootId":"tiehqhtws4si9ph","id":"tiehqhtws4si9ph"},"id":"6f28u9ae1907h3x","previousOperationId":"ykskrlbotl86fqf"}
{"type":"operationEnd","subtype":"render","operationId":"nqpxzr2zga1g2dv","timestamp":1701111479562,"id":"oru3plguxrugq6i","previousEventId":"om8tkt3aqzum873","previousOperationId":"ykskrlbotl86fqf"}
{"type":"operationEnd","doDiffs":false,"previousEventId":"sa97um5jr90h1mu","previousOperationId":"ezyqx8yf5kgvumj","operationId":"ezyqx8yf5kgvumj","timestamp":1701111479563,"id":"c0y5pkioe1lwhsb"}
