{"type":"operationStart","subtype":"profile","data":{"_id":"WwM6UB3fJYo5T7a0","timestamp":"2023-12-06T09:12:58.127Z","state":"queued","mode":"standard","creationDate":"2023-12-06T09:12:58.128Z","modificationDate":"2023-12-06T09:12:58.128Z","shortid":"Xu3b4xE","$entitySet":"profiles"},"doDiffs":false,"timestamp":1701853978128,"id":"arybwv1tmaako8v","previousOperationId":null,"operationId":"ls575fknffqgqp6"}
{"type":"log","level":"info","message":"Render request 3 queued for execution and waiting for available worker","previousOperationId":"ls575fknffqgqp6","timestamp":1701853978128,"id":"w7hfxwsatkra6p5"}
{"type":"operationStart","subtype":"render","name":"pmo_slip_index","previousOperationId":"ls575fknffqgqp6","timestamp":1701853978143,"id":"8hwle6fsqzmm9c0","previousEventId":"arybwv1tmaako8v","operationId":"tw5o5spiu5ooz2n"}
{"type":"log","timestamp":1701853978143,"level":"info","message":"Starting rendering request 3","meta":{"rootId":"u494q2j49v81g59","id":"u494q2j49v81g59"},"id":"26dtqr0ecn8l1iv","previousOperationId":"tw5o5spiu5ooz2n"}
{"type":"log","timestamp":1701853978143,"level":"info","message":"Rendering template { name: pmo_slip_index, recipe: chrome-pdf, engine: handlebars, preview: true }","meta":{"rootId":"u494q2j49v81g59","id":"u494q2j49v81g59"},"id":"j0zruj463krs18d","previousOperationId":"tw5o5spiu5ooz2n"}
{"type":"log","timestamp":1701853978144,"level":"debug","message":"Adding sample data VeFzNfc","meta":{"rootId":"u494q2j49v81g59","id":"u494q2j49v81g59"},"id":"25pamaw44ffeb8f","previousOperationId":"tw5o5spiu5ooz2n"}
{"type":"log","timestamp":1701853978146,"level":"debug","message":"Base url not specified, skipping its injection.","meta":{"rootId":"u494q2j49v81g59","id":"u494q2j49v81g59"},"id":"lz2p9w8qsv29nkb","previousOperationId":"tw5o5spiu5ooz2n"}
{"type":"log","timestamp":1701853978149,"level":"debug","message":"Replaced assets [\"styles.css\"]","meta":{"rootId":"u494q2j49v81g59","id":"u494q2j49v81g59"},"id":"cz7w349r1fo4b4p","previousOperationId":"tw5o5spiu5ooz2n"}
{"type":"operationStart","subtype":"engine","name":"handlebars","timestamp":1701853978149,"id":"x8u04h0osww7t0q","previousEventId":"8hwle6fsqzmm9c0","operationId":"j7pd58cshn22oga","previousOperationId":"tw5o5spiu5ooz2n"}
{"type":"log","timestamp":1701853978149,"level":"debug","message":"Rendering engine handlebars","meta":{"rootId":"u494q2j49v81g59","id":"u494q2j49v81g59"},"id":"n6edegl8rxw927b","previousOperationId":"j7pd58cshn22oga"}
{"type":"operationEnd","operationId":"j7pd58cshn22oga","timestamp":1701853978185,"id":"xv41z0q5qr32q22","previousEventId":"x8u04h0osww7t0q","previousOperationId":"j7pd58cshn22oga"}
{"type":"operationStart","subtype":"recipe","name":"chrome-pdf","timestamp":1701853978185,"id":"lyv1p9oa48va99m","previousEventId":"xv41z0q5qr32q22","operationId":"zvxl4b0nexcz0us","previousOperationId":"j7pd58cshn22oga"}
{"type":"log","timestamp":1701853978185,"level":"debug","message":"Executing recipe chrome-pdf","meta":{"rootId":"u494q2j49v81g59","id":"u494q2j49v81g59"},"id":"xst8aedz9hj2e2s","previousOperationId":"zvxl4b0nexcz0us"}
{"type":"log","timestamp":1701853978187,"level":"debug","message":"Converting with chrome HeadlessChrome/117.0.5938.149 using chrome-pool strategy","meta":{"rootId":"u494q2j49v81g59","id":"u494q2j49v81g59"},"id":"fhg7viwut444yzx","previousOperationId":"zvxl4b0nexcz0us"}
{"type":"log","timestamp":1701853978233,"level":"debug","message":"Page request: GET (document) file:///var/folders/dp/qk79pfcj0y1fmtkkl08m76rc0000gn/T/jsreport/autocleanup/9d7664a5-8222-4fa9-9045-5c98b01fc7fa-chrome-pdf.html","meta":{"rootId":"u494q2j49v81g59","id":"u494q2j49v81g59"},"id":"kj0yzqs8hbb2b5s","previousOperationId":"zvxl4b0nexcz0us"}
{"type":"log","timestamp":1701853978237,"level":"debug","message":"Page request finished: GET (document) 200 file:///var/folders/dp/qk79pfcj0y1fmtkkl08m76rc0000gn/T/jsreport/autocleanup/9d7664a5-8222-4fa9-9045-5c98b01fc7fa-chrome-pdf.html","meta":{"rootId":"u494q2j49v81g59","id":"u494q2j49v81g59"},"id":"zncjab6x5go9l8v","previousOperationId":"zvxl4b0nexcz0us"}
{"type":"log","timestamp":1701853978246,"level":"debug","message":"Running chrome with params {\"printBackground\":true,\"width\":\"7cm\",\"height\":\"3000px\",\"timeout\":59940,\"margin\":{}}","meta":{"rootId":"u494q2j49v81g59","id":"u494q2j49v81g59"},"id":"j2rk216b9xg3pn9","previousOperationId":"zvxl4b0nexcz0us"}
{"type":"operationEnd","operationId":"zvxl4b0nexcz0us","timestamp":1701853978270,"id":"d2ch23y6mcyaveq","previousEventId":"lyv1p9oa48va99m","previousOperationId":"zvxl4b0nexcz0us"}
{"type":"log","timestamp":1701853978270,"level":"debug","message":"Skipping storing report.","meta":{"rootId":"u494q2j49v81g59","id":"u494q2j49v81g59"},"id":"xkc4xmfvrgfogap","previousOperationId":"zvxl4b0nexcz0us"}
{"type":"log","timestamp":1701853978270,"level":"info","message":"Rendering request 3 finished in 143 ms","meta":{"rootId":"u494q2j49v81g59","id":"u494q2j49v81g59"},"id":"z5yocn3f6cylvr6","previousOperationId":"zvxl4b0nexcz0us"}
{"type":"operationEnd","subtype":"render","operationId":"tw5o5spiu5ooz2n","timestamp":1701853978270,"id":"o07gg3g4z9eohzz","previousEventId":"d2ch23y6mcyaveq","previousOperationId":"zvxl4b0nexcz0us"}
{"type":"operationEnd","doDiffs":false,"previousEventId":"arybwv1tmaako8v","previousOperationId":"ls575fknffqgqp6","operationId":"ls575fknffqgqp6","timestamp":1701853978272,"id":"wbylgnmshyd70ul"}
