{"type":"operationStart","subtype":"profile","data":{"_id":"q5GCSYPyCTK23axY","timestamp":"2023-11-27T18:52:42.533Z","state":"queued","mode":"standard","creationDate":"2023-11-27T18:52:42.534Z","modificationDate":"2023-11-27T18:52:42.534Z","shortid":"-INc_Km","$entitySet":"profiles"},"doDiffs":false,"timestamp":1701111162533,"id":"c9p6myqpjv12c8s","previousOperationId":null,"operationId":"4fem7bhc2cxnnox"}
{"type":"log","level":"info","message":"Render request 32 queued for execution and waiting for available worker","previousOperationId":"4fem7bhc2cxnnox","timestamp":1701111162533,"id":"migof8k29vqo4uy"}
{"type":"operationStart","subtype":"render","name":"pmo_slip_index","previousOperationId":"4fem7bhc2cxnnox","timestamp":1701111162541,"id":"3jnh44jgsboj3hu","previousEventId":"c9p6myqpjv12c8s","operationId":"1td7abj60f5ouwa"}
{"type":"log","timestamp":1701111162541,"level":"info","message":"Starting rendering request 32","meta":{"rootId":"u728sh1f9tv6o07","id":"u728sh1f9tv6o07"},"id":"5szg4qviwe34gde","previousOperationId":"1td7abj60f5ouwa"}
{"type":"log","timestamp":1701111162541,"level":"info","message":"Rendering template { name: pmo_slip_index, recipe: chrome-pdf, engine: handlebars, preview: true }","meta":{"rootId":"u728sh1f9tv6o07","id":"u728sh1f9tv6o07"},"id":"2s1l87o473o3lj5","previousOperationId":"1td7abj60f5ouwa"}
{"type":"log","timestamp":1701111162542,"level":"debug","message":"Inline data specified.","meta":{"rootId":"u728sh1f9tv6o07","id":"u728sh1f9tv6o07"},"id":"9z5n8oool42cylv","previousOperationId":"1td7abj60f5ouwa"}
{"type":"log","timestamp":1701111162543,"level":"debug","message":"Base url not specified, skipping its injection.","meta":{"rootId":"u728sh1f9tv6o07","id":"u728sh1f9tv6o07"},"id":"ywx3p21ixoeflmj","previousOperationId":"1td7abj60f5ouwa"}
{"type":"operationStart","subtype":"engine","name":"handlebars","timestamp":1701111162544,"id":"csvwjlhlb7y78nx","previousEventId":"3jnh44jgsboj3hu","operationId":"3gk1iw5kzkfqkcb","previousOperationId":"1td7abj60f5ouwa"}
{"type":"log","timestamp":1701111162544,"level":"debug","message":"Rendering engine handlebars","meta":{"rootId":"u728sh1f9tv6o07","id":"u728sh1f9tv6o07"},"id":"ny1rd6o7ra5255m","previousOperationId":"3gk1iw5kzkfqkcb"}
{"type":"operationEnd","operationId":"3gk1iw5kzkfqkcb","timestamp":1701111162558,"id":"lufs6j1qo3bqu0r","previousEventId":"csvwjlhlb7y78nx","previousOperationId":"3gk1iw5kzkfqkcb"}
{"type":"operationStart","subtype":"recipe","name":"chrome-pdf","timestamp":1701111162558,"id":"55mtkwottet4ca3","previousEventId":"lufs6j1qo3bqu0r","operationId":"es3bqh23jogun8t","previousOperationId":"3gk1iw5kzkfqkcb"}
{"type":"log","timestamp":1701111162558,"level":"debug","message":"Executing recipe chrome-pdf","meta":{"rootId":"u728sh1f9tv6o07","id":"u728sh1f9tv6o07"},"id":"pypu6pm8clnf9nt","previousOperationId":"es3bqh23jogun8t"}
{"type":"log","timestamp":1701111162562,"level":"debug","message":"Converting with chrome HeadlessChrome/117.0.5938.149 using chrome-pool strategy","meta":{"rootId":"u728sh1f9tv6o07","id":"u728sh1f9tv6o07"},"id":"cyq11xsr3z3qaw7","previousOperationId":"es3bqh23jogun8t"}
{"type":"log","timestamp":1701111162601,"level":"debug","message":"Page request: GET (document) file:///var/folders/dp/qk79pfcj0y1fmtkkl08m76rc0000gn/T/jsreport/autocleanup/c41e46a7-869f-406b-9eb7-875918c834b6-chrome-pdf.html","meta":{"rootId":"u728sh1f9tv6o07","id":"u728sh1f9tv6o07"},"id":"u6v7in1captnt1f","previousOperationId":"es3bqh23jogun8t"}
{"type":"log","timestamp":1701111162606,"level":"debug","message":"Page request finished: GET (document) 200 file:///var/folders/dp/qk79pfcj0y1fmtkkl08m76rc0000gn/T/jsreport/autocleanup/c41e46a7-869f-406b-9eb7-875918c834b6-chrome-pdf.html","meta":{"rootId":"u728sh1f9tv6o07","id":"u728sh1f9tv6o07"},"id":"cclzeu19722y70a","previousOperationId":"es3bqh23jogun8t"}
{"type":"log","timestamp":1701111162613,"level":"debug","message":"Running chrome with params {\"printBackground\":true,\"width\":\"7cm\",\"height\":\"30cm\",\"timeout\":59973,\"margin\":{}}","meta":{"rootId":"u728sh1f9tv6o07","id":"u728sh1f9tv6o07"},"id":"mhi7hae8pzfzz9s","previousOperationId":"es3bqh23jogun8t"}
{"type":"operationEnd","operationId":"es3bqh23jogun8t","timestamp":1701111162628,"id":"aew4egi92n2rcjp","previousEventId":"55mtkwottet4ca3","previousOperationId":"es3bqh23jogun8t"}
{"type":"log","timestamp":1701111162629,"level":"debug","message":"Skipping storing report.","meta":{"rootId":"u728sh1f9tv6o07","id":"u728sh1f9tv6o07"},"id":"3h2h749es9r8kwm","previousOperationId":"es3bqh23jogun8t"}
{"type":"log","timestamp":1701111162629,"level":"info","message":"Rendering request 32 finished in 96 ms","meta":{"rootId":"u728sh1f9tv6o07","id":"u728sh1f9tv6o07"},"id":"r7s4n9eca9nph4c","previousOperationId":"es3bqh23jogun8t"}
{"type":"operationEnd","subtype":"render","operationId":"1td7abj60f5ouwa","timestamp":1701111162629,"id":"cluuset9kmf9wvu","previousEventId":"aew4egi92n2rcjp","previousOperationId":"es3bqh23jogun8t"}
{"type":"operationEnd","doDiffs":false,"previousEventId":"c9p6myqpjv12c8s","previousOperationId":"4fem7bhc2cxnnox","operationId":"4fem7bhc2cxnnox","timestamp":1701111162630,"id":"vva3axwdco0yhwv"}
