{"type":"operationStart","subtype":"profile","data":{"_id":"M02W69HMxozF2sIm","timestamp":"2023-12-04T10:52:35.078Z","state":"queued","mode":"standard","creationDate":"2023-12-04T10:52:35.079Z","modificationDate":"2023-12-04T10:52:35.079Z","shortid":"XDlGwH5","$entitySet":"profiles"},"doDiffs":false,"timestamp":1701687155078,"id":"006d8kqx6ga22qn","previousOperationId":null,"operationId":"zlrv2lzyu4xa8zt"}
{"type":"log","level":"info","message":"Render request 91 queued for execution and waiting for available worker","previousOperationId":"zlrv2lzyu4xa8zt","timestamp":1701687155078,"id":"2dwgefatgmj5kgk"}
{"type":"operationStart","subtype":"render","name":"pmo_slip_index","previousOperationId":"zlrv2lzyu4xa8zt","timestamp":1701687155096,"id":"wy7v3qyumr9mxp7","previousEventId":"006d8kqx6ga22qn","operationId":"75d17karc4ukvbn"}
{"type":"log","timestamp":1701687155096,"level":"info","message":"Starting rendering request 91","meta":{"rootId":"ujzwt0npk01hqw5","id":"ujzwt0npk01hqw5"},"id":"3wjy0hkmh7iosqn","previousOperationId":"75d17karc4ukvbn"}
{"type":"log","timestamp":1701687155096,"level":"info","message":"Rendering template { name: pmo_slip_index, recipe: chrome-pdf, engine: handlebars, preview: true }","meta":{"rootId":"ujzwt0npk01hqw5","id":"ujzwt0npk01hqw5"},"id":"1cpqz73wxktarf6","previousOperationId":"75d17karc4ukvbn"}
{"type":"log","timestamp":1701687155096,"level":"debug","message":"Adding sample data VeFzNfc","meta":{"rootId":"ujzwt0npk01hqw5","id":"ujzwt0npk01hqw5"},"id":"kr7jxg3s561417m","previousOperationId":"75d17karc4ukvbn"}
{"type":"log","timestamp":1701687155097,"level":"debug","message":"Base url not specified, skipping its injection.","meta":{"rootId":"ujzwt0npk01hqw5","id":"ujzwt0npk01hqw5"},"id":"etphop8z397xrxt","previousOperationId":"75d17karc4ukvbn"}
{"type":"operationStart","subtype":"engine","name":"handlebars","timestamp":1701687155097,"id":"bbzcrkbtjbmygw1","previousEventId":"wy7v3qyumr9mxp7","operationId":"rfy9plur7t54noh","previousOperationId":"75d17karc4ukvbn"}
{"type":"log","timestamp":1701687155097,"level":"debug","message":"Rendering engine handlebars","meta":{"rootId":"ujzwt0npk01hqw5","id":"ujzwt0npk01hqw5"},"id":"68jhcgu54by8pbb","previousOperationId":"rfy9plur7t54noh"}
{"type":"operationEnd","operationId":"rfy9plur7t54noh","timestamp":1701687155102,"id":"bdbgyfakgihx5rq","previousEventId":"bbzcrkbtjbmygw1","previousOperationId":"rfy9plur7t54noh"}
{"type":"operationStart","subtype":"recipe","name":"chrome-pdf","timestamp":1701687155103,"id":"o0rqad925u5udsj","previousEventId":"bdbgyfakgihx5rq","operationId":"jeqxqxq4cri4jci","previousOperationId":"rfy9plur7t54noh"}
{"type":"log","timestamp":1701687155103,"level":"debug","message":"Executing recipe chrome-pdf","meta":{"rootId":"ujzwt0npk01hqw5","id":"ujzwt0npk01hqw5"},"id":"l35bvie7tkfoc1u","previousOperationId":"jeqxqxq4cri4jci"}
{"type":"log","timestamp":1701687155104,"level":"debug","message":"Converting with chrome HeadlessChrome/117.0.5938.149 using chrome-pool strategy","meta":{"rootId":"ujzwt0npk01hqw5","id":"ujzwt0npk01hqw5"},"id":"crtzbyiifmxbacv","previousOperationId":"jeqxqxq4cri4jci"}
{"type":"log","timestamp":1701687155162,"level":"debug","message":"Page request: GET (document) file:///var/folders/dp/qk79pfcj0y1fmtkkl08m76rc0000gn/T/jsreport/autocleanup/304c4ce6-a886-4b66-835c-c6e38d5fe08c-chrome-pdf.html","meta":{"rootId":"ujzwt0npk01hqw5","id":"ujzwt0npk01hqw5"},"id":"ecs4erhldft73me","previousOperationId":"jeqxqxq4cri4jci"}
{"type":"log","timestamp":1701687155167,"level":"debug","message":"Page request finished: GET (document) 200 file:///var/folders/dp/qk79pfcj0y1fmtkkl08m76rc0000gn/T/jsreport/autocleanup/304c4ce6-a886-4b66-835c-c6e38d5fe08c-chrome-pdf.html","meta":{"rootId":"ujzwt0npk01hqw5","id":"ujzwt0npk01hqw5"},"id":"mfxyp3owx54z1yu","previousOperationId":"jeqxqxq4cri4jci"}
{"type":"log","timestamp":1701687155180,"level":"debug","message":"Running chrome with params {\"printBackground\":true,\"width\":\"7cm\",\"height\":\"30cm\",\"timeout\":59975,\"margin\":{}}","meta":{"rootId":"ujzwt0npk01hqw5","id":"ujzwt0npk01hqw5"},"id":"yllzl7tx0bhwzxh","previousOperationId":"jeqxqxq4cri4jci"}
{"type":"operationEnd","operationId":"jeqxqxq4cri4jci","timestamp":1701687155203,"id":"8bbl2kovmztkf31","previousEventId":"o0rqad925u5udsj","previousOperationId":"jeqxqxq4cri4jci"}
{"type":"log","timestamp":1701687155203,"level":"debug","message":"Skipping storing report.","meta":{"rootId":"ujzwt0npk01hqw5","id":"ujzwt0npk01hqw5"},"id":"uheb6mqvxnrudrt","previousOperationId":"jeqxqxq4cri4jci"}
{"type":"log","timestamp":1701687155203,"level":"info","message":"Rendering request 91 finished in 125 ms","meta":{"rootId":"ujzwt0npk01hqw5","id":"ujzwt0npk01hqw5"},"id":"8optxbbiqeer3va","previousOperationId":"jeqxqxq4cri4jci"}
{"type":"operationEnd","subtype":"render","operationId":"75d17karc4ukvbn","timestamp":1701687155203,"id":"i8jwb49awdhysat","previousEventId":"8bbl2kovmztkf31","previousOperationId":"jeqxqxq4cri4jci"}
{"type":"operationEnd","doDiffs":false,"previousEventId":"006d8kqx6ga22qn","previousOperationId":"zlrv2lzyu4xa8zt","operationId":"zlrv2lzyu4xa8zt","timestamp":1701687155205,"id":"4qsjzupl2hxozjd"}
