{"type":"operationStart","subtype":"profile","data":{"_id":"jkGYrMh0ykmy38p9","timestamp":"2023-12-04T12:21:56.202Z","state":"queued","mode":"standard","creationDate":"2023-12-04T12:21:56.203Z","modificationDate":"2023-12-04T12:21:56.203Z","shortid":"dNzUCuX","$entitySet":"profiles"},"doDiffs":false,"timestamp":1701692516202,"id":"tgq52bkorx5gr72","previousOperationId":null,"operationId":"agrj3txmhsaa2y9"}
{"type":"log","level":"info","message":"Render request 160 queued for execution and waiting for available worker","previousOperationId":"agrj3txmhsaa2y9","timestamp":1701692516203,"id":"bc10qwy97ohrk9r"}
{"type":"operationStart","subtype":"render","name":"pmo_slip_index","previousOperationId":"agrj3txmhsaa2y9","timestamp":1701692516209,"id":"38jfggmp6he763i","previousEventId":"tgq52bkorx5gr72","operationId":"tvo9qfdu1s4nh1z"}
{"type":"log","timestamp":1701692516209,"level":"info","message":"Starting rendering request 160","meta":{"rootId":"urq816w59dbrq83","id":"urq816w59dbrq83"},"id":"5w42gcaxxqmz5e0","previousOperationId":"tvo9qfdu1s4nh1z"}
{"type":"log","timestamp":1701692516210,"level":"info","message":"Rendering template { name: pmo_slip_index, recipe: chrome-pdf, engine: handlebars, preview: true }","meta":{"rootId":"urq816w59dbrq83","id":"urq816w59dbrq83"},"id":"1277yrdp90p0vz4","previousOperationId":"tvo9qfdu1s4nh1z"}
{"type":"log","timestamp":1701692516212,"level":"debug","message":"Adding sample data VeFzNfc","meta":{"rootId":"urq816w59dbrq83","id":"urq816w59dbrq83"},"id":"wpz9ond7hixp94z","previousOperationId":"tvo9qfdu1s4nh1z"}
{"type":"log","timestamp":1701692516214,"level":"debug","message":"Base url not specified, skipping its injection.","meta":{"rootId":"urq816w59dbrq83","id":"urq816w59dbrq83"},"id":"b4jo2q1emj180wy","previousOperationId":"tvo9qfdu1s4nh1z"}
{"type":"operationStart","subtype":"engine","name":"handlebars","timestamp":1701692516215,"id":"o9zouzykbivrsdk","previousEventId":"38jfggmp6he763i","operationId":"6wxat9pjgagydix","previousOperationId":"tvo9qfdu1s4nh1z"}
{"type":"log","timestamp":1701692516215,"level":"debug","message":"Rendering engine handlebars","meta":{"rootId":"urq816w59dbrq83","id":"urq816w59dbrq83"},"id":"q9nzqeteae9w8nd","previousOperationId":"6wxat9pjgagydix"}
{"type":"operationEnd","operationId":"6wxat9pjgagydix","timestamp":1701692516239,"id":"350gz8o3ra68rdt","previousEventId":"o9zouzykbivrsdk","previousOperationId":"6wxat9pjgagydix"}
{"type":"operationStart","subtype":"recipe","name":"chrome-pdf","timestamp":1701692516239,"id":"51i8rmw5ec94fg6","previousEventId":"350gz8o3ra68rdt","operationId":"2lewq0w6da0n3r6","previousOperationId":"6wxat9pjgagydix"}
{"type":"log","timestamp":1701692516239,"level":"debug","message":"Executing recipe chrome-pdf","meta":{"rootId":"urq816w59dbrq83","id":"urq816w59dbrq83"},"id":"djwf6we4vrbt8pt","previousOperationId":"2lewq0w6da0n3r6"}
{"type":"log","timestamp":1701692516241,"level":"debug","message":"Converting with chrome HeadlessChrome/117.0.5938.149 using chrome-pool strategy","meta":{"rootId":"urq816w59dbrq83","id":"urq816w59dbrq83"},"id":"t6av5up9ganexj9","previousOperationId":"2lewq0w6da0n3r6"}
{"type":"log","timestamp":1701692516296,"level":"debug","message":"Page request: GET (document) file:///var/folders/dp/qk79pfcj0y1fmtkkl08m76rc0000gn/T/jsreport/autocleanup/9461ac74-bbce-4711-82bc-9562ce0c83b9-chrome-pdf.html","meta":{"rootId":"urq816w59dbrq83","id":"urq816w59dbrq83"},"id":"xhfwuuuc6pa1gbm","previousOperationId":"2lewq0w6da0n3r6"}
{"type":"log","timestamp":1701692516301,"level":"debug","message":"Page request finished: GET (document) 200 file:///var/folders/dp/qk79pfcj0y1fmtkkl08m76rc0000gn/T/jsreport/autocleanup/9461ac74-bbce-4711-82bc-9562ce0c83b9-chrome-pdf.html","meta":{"rootId":"urq816w59dbrq83","id":"urq816w59dbrq83"},"id":"elmwx7xoojje7rm","previousOperationId":"2lewq0w6da0n3r6"}
{"type":"log","timestamp":1701692516311,"level":"debug","message":"Running chrome with params {\"printBackground\":true,\"width\":\"7cm\",\"height\":\"3000px\",\"timeout\":59961,\"margin\":{}}","meta":{"rootId":"urq816w59dbrq83","id":"urq816w59dbrq83"},"id":"p1rq3btwkb7l75p","previousOperationId":"2lewq0w6da0n3r6"}
{"type":"operationEnd","operationId":"2lewq0w6da0n3r6","timestamp":1701692516341,"id":"lmcwn96q9vw0kf2","previousEventId":"51i8rmw5ec94fg6","previousOperationId":"2lewq0w6da0n3r6"}
{"type":"log","timestamp":1701692516341,"level":"debug","message":"Skipping storing report.","meta":{"rootId":"urq816w59dbrq83","id":"urq816w59dbrq83"},"id":"ddaaty6boy1j80t","previousOperationId":"2lewq0w6da0n3r6"}
{"type":"log","timestamp":1701692516341,"level":"info","message":"Rendering request 160 finished in 140 ms","meta":{"rootId":"urq816w59dbrq83","id":"urq816w59dbrq83"},"id":"v814ucphqparehs","previousOperationId":"2lewq0w6da0n3r6"}
{"type":"operationEnd","subtype":"render","operationId":"tvo9qfdu1s4nh1z","timestamp":1701692516341,"id":"oa8e9r83lwoan95","previousEventId":"lmcwn96q9vw0kf2","previousOperationId":"2lewq0w6da0n3r6"}
{"type":"operationEnd","doDiffs":false,"previousEventId":"tgq52bkorx5gr72","previousOperationId":"agrj3txmhsaa2y9","operationId":"agrj3txmhsaa2y9","timestamp":1701692516342,"id":"pcygpslcie0qjhs"}
