{"type":"operationStart","subtype":"profile","data":{"_id":"Z75VdmypwRpglYxD","timestamp":"2023-11-27T18:16:13.326Z","state":"queued","mode":"standard","creationDate":"2023-11-27T18:16:13.328Z","modificationDate":"2023-11-27T18:16:13.328Z","shortid":"ho3Q0qy","$entitySet":"profiles"},"doDiffs":false,"timestamp":1701108973327,"id":"l2f8vcltv2iqv0h","previousOperationId":null,"operationId":"sjrieadh78ne5lw"}
{"type":"log","level":"info","message":"Render request 5 queued for execution and waiting for available worker","previousOperationId":"sjrieadh78ne5lw","timestamp":1701108973327,"id":"ze8khuqbkcv2bn3"}
{"type":"operationStart","subtype":"render","name":"pmo_slip_index","previousOperationId":"sjrieadh78ne5lw","timestamp":1701108973333,"id":"21iv71ty82at3j9","previousEventId":"l2f8vcltv2iqv0h","operationId":"bat1hgplzdrzqhg"}
{"type":"log","timestamp":1701108973334,"level":"info","message":"Starting rendering request 5","meta":{"rootId":"vnj32wypt4vqo7z","id":"vnj32wypt4vqo7z"},"id":"6gzg82kipdpr1o5","previousOperationId":"bat1hgplzdrzqhg"}
{"type":"log","timestamp":1701108973334,"level":"info","message":"Rendering template { name: pmo_slip_index, recipe: chrome-pdf, engine: handlebars, preview: true }","meta":{"rootId":"vnj32wypt4vqo7z","id":"vnj32wypt4vqo7z"},"id":"qsg9edzwraz6o4c","previousOperationId":"bat1hgplzdrzqhg"}
{"type":"log","timestamp":1701108973335,"level":"debug","message":"Adding sample data flbhzmKcJ","meta":{"rootId":"vnj32wypt4vqo7z","id":"vnj32wypt4vqo7z"},"id":"wsljom5g1cgkgv9","previousOperationId":"bat1hgplzdrzqhg"}
{"type":"log","timestamp":1701108973337,"level":"debug","message":"Base url not specified, skipping its injection.","meta":{"rootId":"vnj32wypt4vqo7z","id":"vnj32wypt4vqo7z"},"id":"vnb3c47xhubfpls","previousOperationId":"bat1hgplzdrzqhg"}
{"type":"operationStart","subtype":"engine","name":"handlebars","timestamp":1701108973337,"id":"jswq3r6i2scncf3","previousEventId":"21iv71ty82at3j9","operationId":"vab77fpm9tmtiur","previousOperationId":"bat1hgplzdrzqhg"}
{"type":"log","timestamp":1701108973338,"level":"debug","message":"Rendering engine handlebars","meta":{"rootId":"vnj32wypt4vqo7z","id":"vnj32wypt4vqo7z"},"id":"qihfr5vd6vnzd0o","previousOperationId":"vab77fpm9tmtiur"}
{"type":"operationEnd","operationId":"vab77fpm9tmtiur","timestamp":1701108973353,"id":"j9rwcclcnhmgm2k","previousEventId":"jswq3r6i2scncf3","previousOperationId":"vab77fpm9tmtiur"}
{"type":"operationStart","subtype":"recipe","name":"chrome-pdf","timestamp":1701108973353,"id":"gq2apvqc6vhy9ym","previousEventId":"j9rwcclcnhmgm2k","operationId":"w62ok0lwn0tfa7b","previousOperationId":"vab77fpm9tmtiur"}
{"type":"log","timestamp":1701108973353,"level":"debug","message":"Executing recipe chrome-pdf","meta":{"rootId":"vnj32wypt4vqo7z","id":"vnj32wypt4vqo7z"},"id":"htywoo3cwbx7je5","previousOperationId":"w62ok0lwn0tfa7b"}
{"type":"log","timestamp":1701108973354,"level":"debug","message":"Converting with chrome HeadlessChrome/117.0.5938.149 using chrome-pool strategy","meta":{"rootId":"vnj32wypt4vqo7z","id":"vnj32wypt4vqo7z"},"id":"t50srev8sbj6ghh","previousOperationId":"w62ok0lwn0tfa7b"}
{"type":"log","timestamp":1701108973397,"level":"debug","message":"Page request: GET (document) file:///var/folders/dp/qk79pfcj0y1fmtkkl08m76rc0000gn/T/jsreport/autocleanup/63260a30-a3b1-4a77-a7f5-028d0e0bfde4-chrome-pdf.html","meta":{"rootId":"vnj32wypt4vqo7z","id":"vnj32wypt4vqo7z"},"id":"ztgxvwblazl74pq","previousOperationId":"w62ok0lwn0tfa7b"}
{"type":"log","timestamp":1701108973403,"level":"debug","message":"Page request finished: GET (document) 200 file:///var/folders/dp/qk79pfcj0y1fmtkkl08m76rc0000gn/T/jsreport/autocleanup/63260a30-a3b1-4a77-a7f5-028d0e0bfde4-chrome-pdf.html","meta":{"rootId":"vnj32wypt4vqo7z","id":"vnj32wypt4vqo7z"},"id":"300y4xgepg8zduh","previousOperationId":"w62ok0lwn0tfa7b"}
{"type":"log","timestamp":1701108973410,"level":"debug","message":"Running chrome with params {\"printBackground\":true,\"width\":\"7cm\",\"height\":\"30cm\",\"timeout\":59972,\"margin\":{}}","meta":{"rootId":"vnj32wypt4vqo7z","id":"vnj32wypt4vqo7z"},"id":"ychw3zqyfez747h","previousOperationId":"w62ok0lwn0tfa7b"}
{"type":"operationEnd","operationId":"w62ok0lwn0tfa7b","timestamp":1701108973426,"id":"jku1sfwei7y4m94","previousEventId":"gq2apvqc6vhy9ym","previousOperationId":"w62ok0lwn0tfa7b"}
{"type":"log","timestamp":1701108973426,"level":"debug","message":"Skipping storing report.","meta":{"rootId":"vnj32wypt4vqo7z","id":"vnj32wypt4vqo7z"},"id":"jsv53phmg9swo7l","previousOperationId":"w62ok0lwn0tfa7b"}
{"type":"log","timestamp":1701108973426,"level":"info","message":"Rendering request 5 finished in 100 ms","meta":{"rootId":"vnj32wypt4vqo7z","id":"vnj32wypt4vqo7z"},"id":"6aa8umq5mcbamso","previousOperationId":"w62ok0lwn0tfa7b"}
{"type":"operationEnd","subtype":"render","operationId":"bat1hgplzdrzqhg","timestamp":1701108973426,"id":"jrebr0q2tmr8vi9","previousEventId":"jku1sfwei7y4m94","previousOperationId":"w62ok0lwn0tfa7b"}
{"type":"operationEnd","doDiffs":false,"previousEventId":"l2f8vcltv2iqv0h","previousOperationId":"sjrieadh78ne5lw","operationId":"sjrieadh78ne5lw","timestamp":1701108973428,"id":"9gzv0otkpwwcy1i"}
