{"type":"operationStart","subtype":"profile","data":{"_id":"U9Vj8k0oOwkIhq7F","timestamp":"2023-11-27T18:04:58.849Z","state":"queued","mode":"standard","creationDate":"2023-11-27T18:04:58.853Z","modificationDate":"2023-11-27T18:04:58.853Z","shortid":"CCwWUyi","$entitySet":"profiles"},"doDiffs":false,"timestamp":1701108298850,"id":"pc8l9dvkkdducqc","previousOperationId":null,"operationId":"q7d4jtf0fvyfnu7"}
{"type":"log","level":"info","message":"Render request 2 queued for execution and waiting for available worker","previousOperationId":"q7d4jtf0fvyfnu7","timestamp":1701108298852,"id":"z1gj1lud27bk5cn"}
{"type":"operationStart","subtype":"render","name":"pmo_slip_index","previousOperationId":"q7d4jtf0fvyfnu7","timestamp":1701108298872,"id":"mcqdwxv7vqk01i6","previousEventId":"pc8l9dvkkdducqc","operationId":"nh812ckdcx4d46o"}
{"type":"log","timestamp":1701108298872,"level":"info","message":"Starting rendering request 2","meta":{"rootId":"w5itwp2ktkgg4ck","id":"w5itwp2ktkgg4ck"},"id":"vginw08o7mtaozw","previousOperationId":"nh812ckdcx4d46o"}
{"type":"log","timestamp":1701108298872,"level":"info","message":"Rendering template { name: pmo_slip_index, recipe: chrome-pdf, engine: handlebars, preview: true }","meta":{"rootId":"w5itwp2ktkgg4ck","id":"w5itwp2ktkgg4ck"},"id":"ye0mc7uwd3wbhqa","previousOperationId":"nh812ckdcx4d46o"}
{"type":"log","timestamp":1701108298874,"level":"debug","message":"Adding sample data flbhzmKcJ","meta":{"rootId":"w5itwp2ktkgg4ck","id":"w5itwp2ktkgg4ck"},"id":"giz0ecm8nxtgksj","previousOperationId":"nh812ckdcx4d46o"}
{"type":"log","timestamp":1701108298876,"level":"debug","message":"Base url not specified, skipping its injection.","meta":{"rootId":"w5itwp2ktkgg4ck","id":"w5itwp2ktkgg4ck"},"id":"e5qldvjngbohost","previousOperationId":"nh812ckdcx4d46o"}
{"type":"operationStart","subtype":"engine","name":"handlebars","timestamp":1701108298876,"id":"9xez54pwi52msrg","previousEventId":"mcqdwxv7vqk01i6","operationId":"ffoty2hqfbken89","previousOperationId":"nh812ckdcx4d46o"}
{"type":"log","timestamp":1701108298876,"level":"debug","message":"Rendering engine handlebars","meta":{"rootId":"w5itwp2ktkgg4ck","id":"w5itwp2ktkgg4ck"},"id":"qdnftr5piwi7pd7","previousOperationId":"ffoty2hqfbken89"}
{"type":"operationEnd","operationId":"ffoty2hqfbken89","timestamp":1701108299146,"id":"ozc2z5jgwymrtkg","previousEventId":"9xez54pwi52msrg","previousOperationId":"ffoty2hqfbken89"}
{"type":"operationStart","subtype":"recipe","name":"chrome-pdf","timestamp":1701108299147,"id":"wkbe8wwoagoemsx","previousEventId":"ozc2z5jgwymrtkg","operationId":"5943okbsukwrh9n","previousOperationId":"ffoty2hqfbken89"}
{"type":"log","timestamp":1701108299147,"level":"debug","message":"Executing recipe chrome-pdf","meta":{"rootId":"w5itwp2ktkgg4ck","id":"w5itwp2ktkgg4ck"},"id":"s07blc8m6b37ydo","previousOperationId":"5943okbsukwrh9n"}
{"type":"log","timestamp":1701108299313,"level":"debug","message":"Converting with chrome HeadlessChrome/117.0.5938.149 using chrome-pool strategy","meta":{"rootId":"w5itwp2ktkgg4ck","id":"w5itwp2ktkgg4ck"},"id":"mru9mhip0fj6k1i","previousOperationId":"5943okbsukwrh9n"}
{"type":"log","timestamp":1701108299422,"level":"debug","message":"Page request: GET (document) file:///var/folders/dp/qk79pfcj0y1fmtkkl08m76rc0000gn/T/jsreport/autocleanup/b83b6fbf-c993-4140-96c6-f27a566142a4-chrome-pdf.html","meta":{"rootId":"w5itwp2ktkgg4ck","id":"w5itwp2ktkgg4ck"},"id":"yzm9if6lokyp53r","previousOperationId":"5943okbsukwrh9n"}
{"type":"log","timestamp":1701108299428,"level":"debug","message":"Page request finished: GET (document) 200 file:///var/folders/dp/qk79pfcj0y1fmtkkl08m76rc0000gn/T/jsreport/autocleanup/b83b6fbf-c993-4140-96c6-f27a566142a4-chrome-pdf.html","meta":{"rootId":"w5itwp2ktkgg4ck","id":"w5itwp2ktkgg4ck"},"id":"ozhwyxt1dz1ylfu","previousOperationId":"5943okbsukwrh9n"}
{"type":"log","timestamp":1701108299434,"level":"debug","message":"Running chrome with params {\"printBackground\":true,\"timeout\":59696,\"margin\":{}}","meta":{"rootId":"w5itwp2ktkgg4ck","id":"w5itwp2ktkgg4ck"},"id":"jpd3l8nqwmj31g6","previousOperationId":"5943okbsukwrh9n"}
{"type":"operationEnd","operationId":"5943okbsukwrh9n","timestamp":1701108299450,"id":"nya2tvdbag94lr6","previousEventId":"wkbe8wwoagoemsx","previousOperationId":"5943okbsukwrh9n"}
{"type":"log","timestamp":1701108299451,"level":"debug","message":"Skipping storing report.","meta":{"rootId":"w5itwp2ktkgg4ck","id":"w5itwp2ktkgg4ck"},"id":"tkuhbvvf3qkp6fb","previousOperationId":"5943okbsukwrh9n"}
{"type":"log","timestamp":1701108299451,"level":"info","message":"Rendering request 2 finished in 603 ms","meta":{"rootId":"w5itwp2ktkgg4ck","id":"w5itwp2ktkgg4ck"},"id":"bl6jfr5vo1icvhm","previousOperationId":"5943okbsukwrh9n"}
{"type":"operationEnd","subtype":"render","operationId":"nh812ckdcx4d46o","timestamp":1701108299451,"id":"npjgbyp1x9kis9y","previousEventId":"nya2tvdbag94lr6","previousOperationId":"5943okbsukwrh9n"}
{"type":"operationEnd","doDiffs":false,"previousEventId":"pc8l9dvkkdducqc","previousOperationId":"q7d4jtf0fvyfnu7","operationId":"q7d4jtf0fvyfnu7","timestamp":1701108299453,"id":"ew6fwu16lw4huip"}
