{"type":"operationStart","subtype":"profile","data":{"_id":"lHqcjP4VGDEn9yVq","timestamp":"2023-12-06T09:15:17.549Z","state":"queued","mode":"standard","creationDate":"2023-12-06T09:15:17.551Z","modificationDate":"2023-12-06T09:15:17.551Z","shortid":"4qWBpi5","$entitySet":"profiles"},"doDiffs":false,"timestamp":1701854117550,"id":"0yeea7h2phbutj4","previousOperationId":null,"operationId":"61le8mr9p494m6o"}
{"type":"log","level":"info","message":"Render request 7 queued for execution and waiting for available worker","previousOperationId":"61le8mr9p494m6o","timestamp":1701854117550,"id":"ebu4mqcnk1q5eow"}
{"type":"operationStart","subtype":"render","name":"pmo_slip_index","previousOperationId":"61le8mr9p494m6o","timestamp":1701854117564,"id":"tk6qw1ac0p3031j","previousEventId":"0yeea7h2phbutj4","operationId":"dcuuwcs6kuvg8ib"}
{"type":"log","timestamp":1701854117564,"level":"info","message":"Starting rendering request 7","meta":{"rootId":"w8jiti4t36le4q6","id":"w8jiti4t36le4q6"},"id":"pvc9hoo5o2up6ei","previousOperationId":"dcuuwcs6kuvg8ib"}
{"type":"log","timestamp":1701854117564,"level":"info","message":"Rendering template { name: pmo_slip_index, recipe: chrome-pdf, engine: handlebars, preview: true }","meta":{"rootId":"w8jiti4t36le4q6","id":"w8jiti4t36le4q6"},"id":"rc0ee9e2jqwdsbo","previousOperationId":"dcuuwcs6kuvg8ib"}
{"type":"log","timestamp":1701854117565,"level":"debug","message":"Inline data specified.","meta":{"rootId":"w8jiti4t36le4q6","id":"w8jiti4t36le4q6"},"id":"n0hymy7qvxnbe34","previousOperationId":"dcuuwcs6kuvg8ib"}
{"type":"log","timestamp":1701854117568,"level":"debug","message":"Base url not specified, skipping its injection.","meta":{"rootId":"w8jiti4t36le4q6","id":"w8jiti4t36le4q6"},"id":"2zhnupg44arf1yl","previousOperationId":"dcuuwcs6kuvg8ib"}
{"type":"log","timestamp":1701854117569,"level":"debug","message":"Replaced assets [\"styles.css\"]","meta":{"rootId":"w8jiti4t36le4q6","id":"w8jiti4t36le4q6"},"id":"oen8fhvekn5n0t4","previousOperationId":"dcuuwcs6kuvg8ib"}
{"type":"operationStart","subtype":"engine","name":"handlebars","timestamp":1701854117569,"id":"nq0e6c56ua7013o","previousEventId":"tk6qw1ac0p3031j","operationId":"w9bh1m7y7qn0r0j","previousOperationId":"dcuuwcs6kuvg8ib"}
{"type":"log","timestamp":1701854117569,"level":"debug","message":"Rendering engine handlebars","meta":{"rootId":"w8jiti4t36le4q6","id":"w8jiti4t36le4q6"},"id":"4ukpgdgew7aay4d","previousOperationId":"w9bh1m7y7qn0r0j"}
{"type":"operationEnd","operationId":"w9bh1m7y7qn0r0j","timestamp":1701854117584,"id":"l7i5x12qufg7cho","previousEventId":"nq0e6c56ua7013o","previousOperationId":"w9bh1m7y7qn0r0j"}
{"type":"operationStart","subtype":"recipe","name":"chrome-pdf","timestamp":1701854117585,"id":"je3rulpkvunjjul","previousEventId":"l7i5x12qufg7cho","operationId":"wp14i94bxhmcqcc","previousOperationId":"w9bh1m7y7qn0r0j"}
{"type":"log","timestamp":1701854117585,"level":"debug","message":"Executing recipe chrome-pdf","meta":{"rootId":"w8jiti4t36le4q6","id":"w8jiti4t36le4q6"},"id":"dsdfd4hp44iak3r","previousOperationId":"wp14i94bxhmcqcc"}
{"type":"log","timestamp":1701854117586,"level":"debug","message":"Converting with chrome HeadlessChrome/117.0.5938.149 using chrome-pool strategy","meta":{"rootId":"w8jiti4t36le4q6","id":"w8jiti4t36le4q6"},"id":"zgx7oeqsy5iuy1o","previousOperationId":"wp14i94bxhmcqcc"}
{"type":"log","timestamp":1701854117633,"level":"debug","message":"Page request: GET (document) file:///var/folders/dp/qk79pfcj0y1fmtkkl08m76rc0000gn/T/jsreport/autocleanup/71afcbd8-b67f-4734-a90c-cb6dbecac51f-chrome-pdf.html","meta":{"rootId":"w8jiti4t36le4q6","id":"w8jiti4t36le4q6"},"id":"qizfco3cdellhnm","previousOperationId":"wp14i94bxhmcqcc"}
{"type":"log","timestamp":1701854117637,"level":"debug","message":"Page request finished: GET (document) 200 file:///var/folders/dp/qk79pfcj0y1fmtkkl08m76rc0000gn/T/jsreport/autocleanup/71afcbd8-b67f-4734-a90c-cb6dbecac51f-chrome-pdf.html","meta":{"rootId":"w8jiti4t36le4q6","id":"w8jiti4t36le4q6"},"id":"cshlkvlax7cri46","previousOperationId":"wp14i94bxhmcqcc"}
{"type":"log","timestamp":1701854117647,"level":"debug","message":"Running chrome with params {\"printBackground\":true,\"width\":\"7cm\",\"height\":\"3000px\",\"timeout\":59964,\"margin\":{}}","meta":{"rootId":"w8jiti4t36le4q6","id":"w8jiti4t36le4q6"},"id":"gk8eljdz4xwtsw0","previousOperationId":"wp14i94bxhmcqcc"}
{"type":"operationEnd","operationId":"wp14i94bxhmcqcc","timestamp":1701854117671,"id":"yd614kthujojy35","previousEventId":"je3rulpkvunjjul","previousOperationId":"wp14i94bxhmcqcc"}
{"type":"log","timestamp":1701854117671,"level":"debug","message":"Skipping storing report.","meta":{"rootId":"w8jiti4t36le4q6","id":"w8jiti4t36le4q6"},"id":"v1rzy8liuoxeb53","previousOperationId":"wp14i94bxhmcqcc"}
{"type":"log","timestamp":1701854117671,"level":"info","message":"Rendering request 7 finished in 122 ms","meta":{"rootId":"w8jiti4t36le4q6","id":"w8jiti4t36le4q6"},"id":"cyd7kvosnbyjo0u","previousOperationId":"wp14i94bxhmcqcc"}
{"type":"operationEnd","subtype":"render","operationId":"dcuuwcs6kuvg8ib","timestamp":1701854117671,"id":"6etppwhdkmueot4","previousEventId":"yd614kthujojy35","previousOperationId":"wp14i94bxhmcqcc"}
{"type":"operationEnd","doDiffs":false,"previousEventId":"0yeea7h2phbutj4","previousOperationId":"61le8mr9p494m6o","operationId":"61le8mr9p494m6o","timestamp":1701854117673,"id":"0vrx7of6pw4kxrv"}
