{"type":"operationStart","subtype":"profile","data":{"_id":"iOssvBQTdKyEHrTT","timestamp":"2023-11-27T18:28:12.552Z","state":"queued","mode":"standard","creationDate":"2023-11-27T18:28:12.553Z","modificationDate":"2023-11-27T18:28:12.553Z","shortid":"EDLHIKs","$entitySet":"profiles"},"doDiffs":false,"timestamp":1701109692553,"id":"1jcxpho04vj1fay","previousOperationId":null,"operationId":"owzjlyom0me58ek"}
{"type":"log","level":"info","message":"Render request 15 queued for execution and waiting for available worker","previousOperationId":"owzjlyom0me58ek","timestamp":1701109692553,"id":"z5r4yrscj0es68z"}
{"type":"operationStart","subtype":"render","name":"pmo_slip_index","previousOperationId":"owzjlyom0me58ek","timestamp":1701109692559,"id":"dch4ll0crqxqqtz","previousEventId":"1jcxpho04vj1fay","operationId":"v622jahhzxv34lw"}
{"type":"log","timestamp":1701109692559,"level":"info","message":"Starting rendering request 15","meta":{"rootId":"wul0n53hjp6ijst","id":"wul0n53hjp6ijst"},"id":"4jp0x9y5hpoqftu","previousOperationId":"v622jahhzxv34lw"}
{"type":"log","timestamp":1701109692559,"level":"info","message":"Rendering template { name: pmo_slip_index, recipe: chrome-pdf, engine: handlebars, preview: true }","meta":{"rootId":"wul0n53hjp6ijst","id":"wul0n53hjp6ijst"},"id":"7yohn2lff6zehxi","previousOperationId":"v622jahhzxv34lw"}
{"type":"log","timestamp":1701109692561,"level":"debug","message":"Adding sample data flbhzmKcJ","meta":{"rootId":"wul0n53hjp6ijst","id":"wul0n53hjp6ijst"},"id":"4ah4dtcn2sjsi1u","previousOperationId":"v622jahhzxv34lw"}
{"type":"log","timestamp":1701109692562,"level":"debug","message":"Base url not specified, skipping its injection.","meta":{"rootId":"wul0n53hjp6ijst","id":"wul0n53hjp6ijst"},"id":"le9riix3zso1i3a","previousOperationId":"v622jahhzxv34lw"}
{"type":"operationStart","subtype":"engine","name":"handlebars","timestamp":1701109692562,"id":"sf62a3cy2nfjvn7","previousEventId":"dch4ll0crqxqqtz","operationId":"02yyaiqspry6hxm","previousOperationId":"v622jahhzxv34lw"}
{"type":"log","timestamp":1701109692562,"level":"debug","message":"Rendering engine handlebars","meta":{"rootId":"wul0n53hjp6ijst","id":"wul0n53hjp6ijst"},"id":"truw2qp2qbfgj64","previousOperationId":"02yyaiqspry6hxm"}
{"type":"operationEnd","operationId":"02yyaiqspry6hxm","timestamp":1701109692579,"id":"6tf1skf7wghbndf","previousEventId":"sf62a3cy2nfjvn7","previousOperationId":"02yyaiqspry6hxm"}
{"type":"operationStart","subtype":"recipe","name":"chrome-pdf","timestamp":1701109692580,"id":"82dglrcl3xqyvj9","previousEventId":"6tf1skf7wghbndf","operationId":"2nrokth8ayvkeo3","previousOperationId":"02yyaiqspry6hxm"}
{"type":"log","timestamp":1701109692580,"level":"debug","message":"Executing recipe chrome-pdf","meta":{"rootId":"wul0n53hjp6ijst","id":"wul0n53hjp6ijst"},"id":"sdfc9uwdvuc41rs","previousOperationId":"2nrokth8ayvkeo3"}
{"type":"log","timestamp":1701109692581,"level":"debug","message":"Converting with chrome HeadlessChrome/117.0.5938.149 using chrome-pool strategy","meta":{"rootId":"wul0n53hjp6ijst","id":"wul0n53hjp6ijst"},"id":"uzdsudo8k7ip4c6","previousOperationId":"2nrokth8ayvkeo3"}
{"type":"log","timestamp":1701109692620,"level":"debug","message":"Page request: GET (document) file:///var/folders/dp/qk79pfcj0y1fmtkkl08m76rc0000gn/T/jsreport/autocleanup/1a91a8f3-5d29-4d2e-9cec-ffba8e2dd495-chrome-pdf.html","meta":{"rootId":"wul0n53hjp6ijst","id":"wul0n53hjp6ijst"},"id":"8ye4q4e9sknkgec","previousOperationId":"2nrokth8ayvkeo3"}
{"type":"log","timestamp":1701109692626,"level":"debug","message":"Page request finished: GET (document) 200 file:///var/folders/dp/qk79pfcj0y1fmtkkl08m76rc0000gn/T/jsreport/autocleanup/1a91a8f3-5d29-4d2e-9cec-ffba8e2dd495-chrome-pdf.html","meta":{"rootId":"wul0n53hjp6ijst","id":"wul0n53hjp6ijst"},"id":"ybt7d5d6f506243","previousOperationId":"2nrokth8ayvkeo3"}
{"type":"log","timestamp":1701109692633,"level":"debug","message":"Running chrome with params {\"printBackground\":true,\"width\":\"7cm\",\"height\":\"30cm\",\"timeout\":59972,\"margin\":{}}","meta":{"rootId":"wul0n53hjp6ijst","id":"wul0n53hjp6ijst"},"id":"fvevyk310xcrkxx","previousOperationId":"2nrokth8ayvkeo3"}
{"type":"operationEnd","operationId":"2nrokth8ayvkeo3","timestamp":1701109692647,"id":"t59utz6anaev44z","previousEventId":"82dglrcl3xqyvj9","previousOperationId":"2nrokth8ayvkeo3"}
{"type":"log","timestamp":1701109692647,"level":"debug","message":"Skipping storing report.","meta":{"rootId":"wul0n53hjp6ijst","id":"wul0n53hjp6ijst"},"id":"jhxmxhzhgnwv2wt","previousOperationId":"2nrokth8ayvkeo3"}
{"type":"log","timestamp":1701109692647,"level":"info","message":"Rendering request 15 finished in 95 ms","meta":{"rootId":"wul0n53hjp6ijst","id":"wul0n53hjp6ijst"},"id":"7in4m4cnazmgdwz","previousOperationId":"2nrokth8ayvkeo3"}
{"type":"operationEnd","subtype":"render","operationId":"v622jahhzxv34lw","timestamp":1701109692647,"id":"9c1vbh2k94jocn3","previousEventId":"t59utz6anaev44z","previousOperationId":"2nrokth8ayvkeo3"}
{"type":"operationEnd","doDiffs":false,"previousEventId":"1jcxpho04vj1fay","previousOperationId":"owzjlyom0me58ek","operationId":"owzjlyom0me58ek","timestamp":1701109692649,"id":"zys4j802pologni"}
