{"type":"operationStart","subtype":"profile","data":{"_id":"fhmAqSKRqtr3bbRB","timestamp":"2023-12-05T14:37:59.478Z","state":"queued","mode":"standard","creationDate":"2023-12-05T14:37:59.480Z","modificationDate":"2023-12-05T14:37:59.480Z","shortid":"Ib5FbuX","$entitySet":"profiles"},"doDiffs":false,"timestamp":1701787079479,"id":"l2w0bxz5ux4esgv","previousOperationId":null,"operationId":"6xxxbc8l1g5ufhf"}
{"type":"log","level":"info","message":"Render request 12 queued for execution and waiting for available worker","previousOperationId":"6xxxbc8l1g5ufhf","timestamp":1701787079479,"id":"esshnhv1e40fcp9"}
{"type":"operationStart","subtype":"render","name":"pmo_slip_index","previousOperationId":"6xxxbc8l1g5ufhf","timestamp":1701787079487,"id":"2mc0macgsmpay32","previousEventId":"l2w0bxz5ux4esgv","operationId":"jvx4hl9sbxjzjrr"}
{"type":"log","timestamp":1701787079487,"level":"info","message":"Starting rendering request 12","meta":{"rootId":"x7gmeo8sohyztze","id":"x7gmeo8sohyztze"},"id":"y891ux2ltspvw07","previousOperationId":"jvx4hl9sbxjzjrr"}
{"type":"log","timestamp":1701787079488,"level":"info","message":"Rendering template { name: pmo_slip_index, recipe: chrome-pdf, engine: handlebars, preview: true }","meta":{"rootId":"x7gmeo8sohyztze","id":"x7gmeo8sohyztze"},"id":"n8r97np8fe6wens","previousOperationId":"jvx4hl9sbxjzjrr"}
{"type":"log","timestamp":1701787079488,"level":"debug","message":"Adding sample data VeFzNfc","meta":{"rootId":"x7gmeo8sohyztze","id":"x7gmeo8sohyztze"},"id":"5noj9vr8gjpcjoc","previousOperationId":"jvx4hl9sbxjzjrr"}
{"type":"log","timestamp":1701787079492,"level":"debug","message":"Base url not specified, skipping its injection.","meta":{"rootId":"x7gmeo8sohyztze","id":"x7gmeo8sohyztze"},"id":"da1ytfcwowo4a8p","previousOperationId":"jvx4hl9sbxjzjrr"}
{"type":"log","timestamp":1701787079495,"level":"debug","message":"Replaced assets [\"styles.css\"]","meta":{"rootId":"x7gmeo8sohyztze","id":"x7gmeo8sohyztze"},"id":"s9ruvyjmm0u9iby","previousOperationId":"jvx4hl9sbxjzjrr"}
{"type":"operationStart","subtype":"engine","name":"handlebars","timestamp":1701787079495,"id":"4s4hr4lbo2397el","previousEventId":"2mc0macgsmpay32","operationId":"t3iffomjlfvly1w","previousOperationId":"jvx4hl9sbxjzjrr"}
{"type":"log","timestamp":1701787079495,"level":"debug","message":"Rendering engine handlebars","meta":{"rootId":"x7gmeo8sohyztze","id":"x7gmeo8sohyztze"},"id":"9q670i6r3bk74qk","previousOperationId":"t3iffomjlfvly1w"}
{"type":"operationEnd","operationId":"t3iffomjlfvly1w","timestamp":1701787079513,"id":"qza9s24gaz6je7p","previousEventId":"4s4hr4lbo2397el","previousOperationId":"t3iffomjlfvly1w"}
{"type":"operationStart","subtype":"recipe","name":"chrome-pdf","timestamp":1701787079513,"id":"xrr0z6k34rvhgvb","previousEventId":"qza9s24gaz6je7p","operationId":"uj0jtz783hmrejf","previousOperationId":"t3iffomjlfvly1w"}
{"type":"log","timestamp":1701787079513,"level":"debug","message":"Executing recipe chrome-pdf","meta":{"rootId":"x7gmeo8sohyztze","id":"x7gmeo8sohyztze"},"id":"2xu514kwdlogbb6","previousOperationId":"uj0jtz783hmrejf"}
{"type":"log","timestamp":1701787079514,"level":"debug","message":"Converting with chrome HeadlessChrome/117.0.5938.149 using chrome-pool strategy","meta":{"rootId":"x7gmeo8sohyztze","id":"x7gmeo8sohyztze"},"id":"9y0fp6bn2bwyoji","previousOperationId":"uj0jtz783hmrejf"}
{"type":"log","timestamp":1701787079563,"level":"debug","message":"Page request: GET (document) file:///var/folders/dp/qk79pfcj0y1fmtkkl08m76rc0000gn/T/jsreport/autocleanup/5b133f8a-b648-4a52-8628-3298a8203c88-chrome-pdf.html","meta":{"rootId":"x7gmeo8sohyztze","id":"x7gmeo8sohyztze"},"id":"t4cx7igr2nlotk0","previousOperationId":"uj0jtz783hmrejf"}
{"type":"log","timestamp":1701787079568,"level":"debug","message":"Page request finished: GET (document) 200 file:///var/folders/dp/qk79pfcj0y1fmtkkl08m76rc0000gn/T/jsreport/autocleanup/5b133f8a-b648-4a52-8628-3298a8203c88-chrome-pdf.html","meta":{"rootId":"x7gmeo8sohyztze","id":"x7gmeo8sohyztze"},"id":"l7v6v302d3r5i3s","previousOperationId":"uj0jtz783hmrejf"}
{"type":"log","timestamp":1701787079579,"level":"debug","message":"Running chrome with params {\"printBackground\":true,\"width\":\"7cm\",\"height\":\"3000px\",\"timeout\":59964,\"margin\":{}}","meta":{"rootId":"x7gmeo8sohyztze","id":"x7gmeo8sohyztze"},"id":"wu7w1algvlk94ys","previousOperationId":"uj0jtz783hmrejf"}
{"type":"operationEnd","operationId":"uj0jtz783hmrejf","timestamp":1701787079602,"id":"usqdpw1jq2ffw3l","previousEventId":"xrr0z6k34rvhgvb","previousOperationId":"uj0jtz783hmrejf"}
{"type":"log","timestamp":1701787079602,"level":"debug","message":"Skipping storing report.","meta":{"rootId":"x7gmeo8sohyztze","id":"x7gmeo8sohyztze"},"id":"ellkjm3c3izykt4","previousOperationId":"uj0jtz783hmrejf"}
{"type":"log","timestamp":1701787079602,"level":"info","message":"Rendering request 12 finished in 124 ms","meta":{"rootId":"x7gmeo8sohyztze","id":"x7gmeo8sohyztze"},"id":"v3qklk0525hyq24","previousOperationId":"uj0jtz783hmrejf"}
{"type":"operationEnd","subtype":"render","operationId":"jvx4hl9sbxjzjrr","timestamp":1701787079602,"id":"wppbe4xzmlq0t79","previousEventId":"usqdpw1jq2ffw3l","previousOperationId":"uj0jtz783hmrejf"}
{"type":"operationEnd","doDiffs":false,"previousEventId":"l2w0bxz5ux4esgv","previousOperationId":"6xxxbc8l1g5ufhf","operationId":"6xxxbc8l1g5ufhf","timestamp":1701787079604,"id":"zgmm6loqmtup4mr"}
