{"type":"operationStart","subtype":"profile","data":{"_id":"q88UPKITSBEZITtW","timestamp":"2023-12-05T12:04:56.979Z","state":"queued","mode":"standard","creationDate":"2023-12-05T12:04:56.983Z","modificationDate":"2023-12-05T12:04:56.983Z","shortid":"9Am3-jE","$entitySet":"profiles"},"doDiffs":false,"timestamp":1701777896982,"id":"i3rxuigms4zzz0l","previousOperationId":null,"operationId":"nfid3leosd0midh"}
{"type":"log","level":"info","message":"Render request 1 queued for execution and waiting for available worker","previousOperationId":"nfid3leosd0midh","timestamp":1701777896983,"id":"usar3e68sirf69a"}
{"type":"operationStart","subtype":"render","name":"pmo_slip_index","previousOperationId":"nfid3leosd0midh","timestamp":1701777897002,"id":"gh6t8lb4gw8dve4","previousEventId":"i3rxuigms4zzz0l","operationId":"xepe5ewshy9lt0b"}
{"type":"log","timestamp":1701777897003,"level":"info","message":"Starting rendering request 1","meta":{"rootId":"xa4lc80do0rmnfv","id":"xa4lc80do0rmnfv"},"id":"l7jqmle1b5fq47k","previousOperationId":"xepe5ewshy9lt0b"}
{"type":"log","timestamp":1701777897003,"level":"info","message":"Rendering template { name: pmo_slip_index, recipe: chrome-pdf, engine: handlebars, preview: true }","meta":{"rootId":"xa4lc80do0rmnfv","id":"xa4lc80do0rmnfv"},"id":"bti9mgbtpra8522","previousOperationId":"xepe5ewshy9lt0b"}
{"type":"log","timestamp":1701777897005,"level":"debug","message":"Adding sample data VeFzNfc","meta":{"rootId":"xa4lc80do0rmnfv","id":"xa4lc80do0rmnfv"},"id":"nucbo0n6jjz0f3h","previousOperationId":"xepe5ewshy9lt0b"}
{"type":"log","timestamp":1701777897007,"level":"debug","message":"Base url not specified, skipping its injection.","meta":{"rootId":"xa4lc80do0rmnfv","id":"xa4lc80do0rmnfv"},"id":"j6zd91zvytjtss4","previousOperationId":"xepe5ewshy9lt0b"}
{"type":"log","timestamp":1701777897010,"level":"debug","message":"Replaced assets [\"styles.css\"]","meta":{"rootId":"xa4lc80do0rmnfv","id":"xa4lc80do0rmnfv"},"id":"23tcfjjd3ps9qhd","previousOperationId":"xepe5ewshy9lt0b"}
{"type":"operationStart","subtype":"engine","name":"handlebars","timestamp":1701777897010,"id":"a9voto5hd25al61","previousEventId":"gh6t8lb4gw8dve4","operationId":"pqtpaalm8ep3kol","previousOperationId":"xepe5ewshy9lt0b"}
{"type":"log","timestamp":1701777897010,"level":"debug","message":"Rendering engine handlebars","meta":{"rootId":"xa4lc80do0rmnfv","id":"xa4lc80do0rmnfv"},"id":"j7hxf2lv2d9pwb8","previousOperationId":"pqtpaalm8ep3kol"}
{"type":"operationEnd","operationId":"pqtpaalm8ep3kol","timestamp":1701777897267,"id":"pa4ibjvd2vqycfi","previousEventId":"a9voto5hd25al61","previousOperationId":"pqtpaalm8ep3kol"}
{"type":"operationStart","subtype":"recipe","name":"chrome-pdf","timestamp":1701777897270,"id":"ecwghmowjs491iu","previousEventId":"pa4ibjvd2vqycfi","operationId":"zl7mzax0xrtz4p1","previousOperationId":"pqtpaalm8ep3kol"}
{"type":"log","timestamp":1701777897270,"level":"debug","message":"Executing recipe chrome-pdf","meta":{"rootId":"xa4lc80do0rmnfv","id":"xa4lc80do0rmnfv"},"id":"8f0d1juxfcqzr9k","previousOperationId":"zl7mzax0xrtz4p1"}
{"type":"log","timestamp":1701777897457,"level":"debug","message":"Converting with chrome HeadlessChrome/117.0.5938.149 using chrome-pool strategy","meta":{"rootId":"xa4lc80do0rmnfv","id":"xa4lc80do0rmnfv"},"id":"pru4v0g0w9f50qm","previousOperationId":"zl7mzax0xrtz4p1"}
{"type":"log","timestamp":1701777897502,"level":"debug","message":"Page request: GET (document) file:///var/folders/dp/qk79pfcj0y1fmtkkl08m76rc0000gn/T/jsreport/autocleanup/610cb281-f943-47f5-87cd-6f9133dcd990-chrome-pdf.html","meta":{"rootId":"xa4lc80do0rmnfv","id":"xa4lc80do0rmnfv"},"id":"luhti965t8n907g","previousOperationId":"zl7mzax0xrtz4p1"}
{"type":"log","timestamp":1701777897507,"level":"debug","message":"Page request finished: GET (document) 200 file:///var/folders/dp/qk79pfcj0y1fmtkkl08m76rc0000gn/T/jsreport/autocleanup/610cb281-f943-47f5-87cd-6f9133dcd990-chrome-pdf.html","meta":{"rootId":"xa4lc80do0rmnfv","id":"xa4lc80do0rmnfv"},"id":"onmhdrpzahtbto5","previousOperationId":"zl7mzax0xrtz4p1"}
{"type":"log","timestamp":1701777897514,"level":"debug","message":"Running chrome with params {\"printBackground\":true,\"width\":\"7cm\",\"height\":\"3000px\",\"timeout\":59707,\"margin\":{}}","meta":{"rootId":"xa4lc80do0rmnfv","id":"xa4lc80do0rmnfv"},"id":"96go54n9q5tcv7q","previousOperationId":"zl7mzax0xrtz4p1"}
{"type":"operationEnd","operationId":"zl7mzax0xrtz4p1","timestamp":1701777897541,"id":"rq5ko179pb3n5tu","previousEventId":"ecwghmowjs491iu","previousOperationId":"zl7mzax0xrtz4p1"}
{"type":"log","timestamp":1701777897541,"level":"debug","message":"Skipping storing report.","meta":{"rootId":"xa4lc80do0rmnfv","id":"xa4lc80do0rmnfv"},"id":"iv6wjp0tk6j3dn0","previousOperationId":"zl7mzax0xrtz4p1"}
{"type":"log","timestamp":1701777897541,"level":"info","message":"Rendering request 1 finished in 562 ms","meta":{"rootId":"xa4lc80do0rmnfv","id":"xa4lc80do0rmnfv"},"id":"6gsgzlvv339zf37","previousOperationId":"zl7mzax0xrtz4p1"}
{"type":"operationEnd","subtype":"render","operationId":"xepe5ewshy9lt0b","timestamp":1701777897541,"id":"o8pd5j78ztah8ps","previousEventId":"rq5ko179pb3n5tu","previousOperationId":"zl7mzax0xrtz4p1"}
{"type":"operationEnd","doDiffs":false,"previousEventId":"i3rxuigms4zzz0l","previousOperationId":"nfid3leosd0midh","operationId":"nfid3leosd0midh","timestamp":1701777897543,"id":"h5rrbxty60x2365"}
