{"type":"operationStart","subtype":"profile","data":{"_id":"RBihk3QR8Gw3YJEO","timestamp":"2023-11-27T18:36:18.282Z","state":"queued","mode":"standard","creationDate":"2023-11-27T18:36:18.283Z","modificationDate":"2023-11-27T18:36:18.283Z","shortid":"jS_dIKI","$entitySet":"profiles"},"doDiffs":false,"timestamp":1701110178282,"id":"gp92i3wtnmhy058","previousOperationId":null,"operationId":"po59vcqc5bwwu8z"}
{"type":"log","level":"info","message":"Render request 23 queued for execution and waiting for available worker","previousOperationId":"po59vcqc5bwwu8z","timestamp":1701110178283,"id":"v6ejvgbfkb6ul6o"}
{"type":"operationStart","subtype":"render","name":"pmo_slip_index","previousOperationId":"po59vcqc5bwwu8z","timestamp":1701110178288,"id":"5bccroisdadajh2","previousEventId":"gp92i3wtnmhy058","operationId":"halwwaj2r00bsv4"}
{"type":"log","timestamp":1701110178288,"level":"info","message":"Starting rendering request 23","meta":{"rootId":"xba637fzqnoo3m6","id":"xba637fzqnoo3m6"},"id":"lsjp7ijq936xw3e","previousOperationId":"halwwaj2r00bsv4"}
{"type":"log","timestamp":1701110178288,"level":"info","message":"Rendering template { name: pmo_slip_index, recipe: chrome-pdf, engine: handlebars, preview: true }","meta":{"rootId":"xba637fzqnoo3m6","id":"xba637fzqnoo3m6"},"id":"dg07b0y1uiy18v0","previousOperationId":"halwwaj2r00bsv4"}
{"type":"log","timestamp":1701110178289,"level":"debug","message":"Adding sample data flbhzmKcJ","meta":{"rootId":"xba637fzqnoo3m6","id":"xba637fzqnoo3m6"},"id":"udzzfbvnq2qvhap","previousOperationId":"halwwaj2r00bsv4"}
{"type":"log","timestamp":1701110178291,"level":"debug","message":"Base url not specified, skipping its injection.","meta":{"rootId":"xba637fzqnoo3m6","id":"xba637fzqnoo3m6"},"id":"3vzos6cd1dzmwtm","previousOperationId":"halwwaj2r00bsv4"}
{"type":"operationStart","subtype":"engine","name":"handlebars","timestamp":1701110178291,"id":"ywtgtfhacgsejvb","previousEventId":"5bccroisdadajh2","operationId":"a2vqzd33ae5fd1p","previousOperationId":"halwwaj2r00bsv4"}
{"type":"log","timestamp":1701110178291,"level":"debug","message":"Rendering engine handlebars","meta":{"rootId":"xba637fzqnoo3m6","id":"xba637fzqnoo3m6"},"id":"g0k2qztqb82iskg","previousOperationId":"a2vqzd33ae5fd1p"}
{"type":"operationEnd","operationId":"a2vqzd33ae5fd1p","timestamp":1701110178309,"id":"rs3v7cw91igbpo0","previousEventId":"ywtgtfhacgsejvb","previousOperationId":"a2vqzd33ae5fd1p"}
{"type":"operationStart","subtype":"recipe","name":"chrome-pdf","timestamp":1701110178309,"id":"snmugnwu1n6lno3","previousEventId":"rs3v7cw91igbpo0","operationId":"5qv6jap9e3b782o","previousOperationId":"a2vqzd33ae5fd1p"}
{"type":"log","timestamp":1701110178309,"level":"debug","message":"Executing recipe chrome-pdf","meta":{"rootId":"xba637fzqnoo3m6","id":"xba637fzqnoo3m6"},"id":"hb4md2m4unq6oj0","previousOperationId":"5qv6jap9e3b782o"}
{"type":"log","timestamp":1701110178310,"level":"debug","message":"Converting with chrome HeadlessChrome/117.0.5938.149 using chrome-pool strategy","meta":{"rootId":"xba637fzqnoo3m6","id":"xba637fzqnoo3m6"},"id":"lko7380h9x5fcrc","previousOperationId":"5qv6jap9e3b782o"}
{"type":"log","timestamp":1701110178352,"level":"debug","message":"Page request: GET (document) file:///var/folders/dp/qk79pfcj0y1fmtkkl08m76rc0000gn/T/jsreport/autocleanup/16f122ea-e2ea-4c9e-86fd-57f6952dad90-chrome-pdf.html","meta":{"rootId":"xba637fzqnoo3m6","id":"xba637fzqnoo3m6"},"id":"2bc0idg8zyiaoj2","previousOperationId":"5qv6jap9e3b782o"}
{"type":"log","timestamp":1701110178358,"level":"debug","message":"Page request finished: GET (document) 200 file:///var/folders/dp/qk79pfcj0y1fmtkkl08m76rc0000gn/T/jsreport/autocleanup/16f122ea-e2ea-4c9e-86fd-57f6952dad90-chrome-pdf.html","meta":{"rootId":"xba637fzqnoo3m6","id":"xba637fzqnoo3m6"},"id":"zqgnx3wxi0e46o4","previousOperationId":"5qv6jap9e3b782o"}
{"type":"log","timestamp":1701110178363,"level":"debug","message":"Running chrome with params {\"printBackground\":true,\"width\":\"7cm\",\"height\":\"30cm\",\"timeout\":59972,\"margin\":{}}","meta":{"rootId":"xba637fzqnoo3m6","id":"xba637fzqnoo3m6"},"id":"ehkxwbxv6kcshtj","previousOperationId":"5qv6jap9e3b782o"}
{"type":"operationEnd","operationId":"5qv6jap9e3b782o","timestamp":1701110178379,"id":"c29cjovf6b0mjj6","previousEventId":"snmugnwu1n6lno3","previousOperationId":"5qv6jap9e3b782o"}
{"type":"log","timestamp":1701110178379,"level":"debug","message":"Skipping storing report.","meta":{"rootId":"xba637fzqnoo3m6","id":"xba637fzqnoo3m6"},"id":"nmt73x2xo9fhump","previousOperationId":"5qv6jap9e3b782o"}
{"type":"log","timestamp":1701110178379,"level":"info","message":"Rendering request 23 finished in 97 ms","meta":{"rootId":"xba637fzqnoo3m6","id":"xba637fzqnoo3m6"},"id":"59jw75jsmtv2xab","previousOperationId":"5qv6jap9e3b782o"}
{"type":"operationEnd","subtype":"render","operationId":"halwwaj2r00bsv4","timestamp":1701110178379,"id":"jnbx863czrbqizk","previousEventId":"c29cjovf6b0mjj6","previousOperationId":"5qv6jap9e3b782o"}
{"type":"operationEnd","doDiffs":false,"previousEventId":"gp92i3wtnmhy058","previousOperationId":"po59vcqc5bwwu8z","operationId":"po59vcqc5bwwu8z","timestamp":1701110178380,"id":"80ox0032yzp8s3h"}
