{"type":"operationStart","subtype":"profile","data":{"_id":"STjzQ3ZQsWlTPdTN","timestamp":"2023-11-30T12:18:10.423Z","state":"queued","mode":"standard","creationDate":"2023-11-30T12:18:10.426Z","modificationDate":"2023-11-30T12:18:10.426Z","shortid":"XpinP_R","$entitySet":"profiles"},"doDiffs":false,"timestamp":1701346690425,"id":"i2k5b85ziur66j6","previousOperationId":null,"operationId":"r9i47ke68tdo2nz"}
{"type":"log","level":"info","message":"Render request 25 queued for execution and waiting for available worker","previousOperationId":"r9i47ke68tdo2nz","timestamp":1701346690425,"id":"t934ehygfnlq6ms"}
{"type":"operationStart","subtype":"render","name":"pmo_slip_index","previousOperationId":"r9i47ke68tdo2nz","timestamp":1701346690431,"id":"1my92ar0reh2c17","previousEventId":"i2k5b85ziur66j6","operationId":"aj3i79g7mb119a7"}
{"type":"log","timestamp":1701346690431,"level":"info","message":"Starting rendering request 25","meta":{"rootId":"ybnym894lh8p9x7","id":"ybnym894lh8p9x7"},"id":"bmgs2g08cl8ezj3","previousOperationId":"aj3i79g7mb119a7"}
{"type":"log","timestamp":1701346690432,"level":"info","message":"Rendering template { name: pmo_slip_index, recipe: chrome-pdf, engine: handlebars, preview: true }","meta":{"rootId":"ybnym894lh8p9x7","id":"ybnym894lh8p9x7"},"id":"19g16239xidp430","previousOperationId":"aj3i79g7mb119a7"}
{"type":"log","timestamp":1701346690433,"level":"debug","message":"Adding sample data VeFzNfc","meta":{"rootId":"ybnym894lh8p9x7","id":"ybnym894lh8p9x7"},"id":"qbtx5xbns62g9ul","previousOperationId":"aj3i79g7mb119a7"}
{"type":"log","timestamp":1701346690437,"level":"debug","message":"Base url not specified, skipping its injection.","meta":{"rootId":"ybnym894lh8p9x7","id":"ybnym894lh8p9x7"},"id":"1jpe4jwn6t1kjz7","previousOperationId":"aj3i79g7mb119a7"}
{"type":"operationStart","subtype":"engine","name":"handlebars","timestamp":1701346690438,"id":"umb09h0eng4il1q","previousEventId":"1my92ar0reh2c17","operationId":"rvdgzo2klmrfhjk","previousOperationId":"aj3i79g7mb119a7"}
{"type":"log","timestamp":1701346690438,"level":"debug","message":"Rendering engine handlebars","meta":{"rootId":"ybnym894lh8p9x7","id":"ybnym894lh8p9x7"},"id":"2z3m8hhq8mpgz8h","previousOperationId":"rvdgzo2klmrfhjk"}
{"type":"operationEnd","operationId":"rvdgzo2klmrfhjk","timestamp":1701346690450,"id":"72r6cb1qtapzpe0","previousEventId":"umb09h0eng4il1q","previousOperationId":"rvdgzo2klmrfhjk"}
{"type":"operationStart","subtype":"recipe","name":"chrome-pdf","timestamp":1701346690450,"id":"gdqh4lj2s8bzpx9","previousEventId":"72r6cb1qtapzpe0","operationId":"655hchy7mzqpe5t","previousOperationId":"rvdgzo2klmrfhjk"}
{"type":"log","timestamp":1701346690450,"level":"debug","message":"Executing recipe chrome-pdf","meta":{"rootId":"ybnym894lh8p9x7","id":"ybnym894lh8p9x7"},"id":"e7wf4e68dh69th3","previousOperationId":"655hchy7mzqpe5t"}
{"type":"log","timestamp":1701346690452,"level":"debug","message":"Converting with chrome HeadlessChrome/117.0.5938.149 using chrome-pool strategy","meta":{"rootId":"ybnym894lh8p9x7","id":"ybnym894lh8p9x7"},"id":"epkoa8qtdatd6fw","previousOperationId":"655hchy7mzqpe5t"}
{"type":"log","timestamp":1701346690497,"level":"debug","message":"Page request: GET (document) file:///var/folders/dp/qk79pfcj0y1fmtkkl08m76rc0000gn/T/jsreport/autocleanup/06fe6029-71be-489c-be73-71e5a3b810aa-chrome-pdf.html","meta":{"rootId":"ybnym894lh8p9x7","id":"ybnym894lh8p9x7"},"id":"286kms8yogfa6a1","previousOperationId":"655hchy7mzqpe5t"}
{"type":"log","timestamp":1701346690502,"level":"debug","message":"Page request finished: GET (document) 200 file:///var/folders/dp/qk79pfcj0y1fmtkkl08m76rc0000gn/T/jsreport/autocleanup/06fe6029-71be-489c-be73-71e5a3b810aa-chrome-pdf.html","meta":{"rootId":"ybnym894lh8p9x7","id":"ybnym894lh8p9x7"},"id":"792ka3jxcs84be9","previousOperationId":"655hchy7mzqpe5t"}
{"type":"log","timestamp":1701346690512,"level":"debug","message":"Running chrome with params {\"printBackground\":true,\"width\":\"7cm\",\"height\":\"30cm\",\"timeout\":59971,\"margin\":{}}","meta":{"rootId":"ybnym894lh8p9x7","id":"ybnym894lh8p9x7"},"id":"u4cudtdo0cecj9z","previousOperationId":"655hchy7mzqpe5t"}
{"type":"operationEnd","operationId":"655hchy7mzqpe5t","timestamp":1701346690528,"id":"6v53mwyjc770f8t","previousEventId":"gdqh4lj2s8bzpx9","previousOperationId":"655hchy7mzqpe5t"}
{"type":"log","timestamp":1701346690529,"level":"debug","message":"Skipping storing report.","meta":{"rootId":"ybnym894lh8p9x7","id":"ybnym894lh8p9x7"},"id":"skvx29dxuwy3ydb","previousOperationId":"655hchy7mzqpe5t"}
{"type":"log","timestamp":1701346690529,"level":"info","message":"Rendering request 25 finished in 107 ms","meta":{"rootId":"ybnym894lh8p9x7","id":"ybnym894lh8p9x7"},"id":"8s0g6i5phkr778t","previousOperationId":"655hchy7mzqpe5t"}
{"type":"operationEnd","subtype":"render","operationId":"aj3i79g7mb119a7","timestamp":1701346690529,"id":"53ysooddj1xzuqv","previousEventId":"6v53mwyjc770f8t","previousOperationId":"655hchy7mzqpe5t"}
{"type":"operationEnd","doDiffs":false,"previousEventId":"i2k5b85ziur66j6","previousOperationId":"r9i47ke68tdo2nz","operationId":"r9i47ke68tdo2nz","timestamp":1701346690530,"id":"w8o77xeynu7bxwi"}
