{"type":"operationStart","subtype":"profile","data":{"_id":"HEYaNM3nvXUkBoPF","timestamp":"2023-12-06T11:49:13.268Z","state":"queued","mode":"standard","creationDate":"2023-12-06T11:49:13.270Z","modificationDate":"2023-12-06T11:49:13.270Z","shortid":"Fb0dxxY","$entitySet":"profiles"},"doDiffs":false,"timestamp":1701863353269,"id":"j3zhmf26mobtvc0","previousOperationId":null,"operationId":"byqo2wz07xrbrui"}
{"type":"log","level":"info","message":"Render request 131 queued for execution and waiting for available worker","previousOperationId":"byqo2wz07xrbrui","timestamp":1701863353269,"id":"451bvkl1onwpbnq"}
{"type":"operationStart","subtype":"render","name":"pmo_slip_index","previousOperationId":"byqo2wz07xrbrui","timestamp":1701863353286,"id":"z82g20dzg87moks","previousEventId":"j3zhmf26mobtvc0","operationId":"rwswsitzpbncgr2"}
{"type":"log","timestamp":1701863353286,"level":"info","message":"Starting rendering request 131","meta":{"rootId":"yhlnsdirrndkn26","id":"yhlnsdirrndkn26"},"id":"vm37wvsiyx8wbuv","previousOperationId":"rwswsitzpbncgr2"}
{"type":"log","timestamp":1701863353286,"level":"info","message":"Rendering template { name: pmo_slip_index, recipe: chrome-pdf, engine: handlebars, preview: true }","meta":{"rootId":"yhlnsdirrndkn26","id":"yhlnsdirrndkn26"},"id":"e2x9sfqur86yoaj","previousOperationId":"rwswsitzpbncgr2"}
{"type":"log","timestamp":1701863353286,"level":"debug","message":"Inline data specified.","meta":{"rootId":"yhlnsdirrndkn26","id":"yhlnsdirrndkn26"},"id":"3p2zlbgz1qfix0y","previousOperationId":"rwswsitzpbncgr2"}
{"type":"log","timestamp":1701863353287,"level":"debug","message":"Base url not specified, skipping its injection.","meta":{"rootId":"yhlnsdirrndkn26","id":"yhlnsdirrndkn26"},"id":"ng44cfie0a5y271","previousOperationId":"rwswsitzpbncgr2"}
{"type":"log","timestamp":1701863353287,"level":"debug","message":"Replaced assets [\"styles.css\"]","meta":{"rootId":"yhlnsdirrndkn26","id":"yhlnsdirrndkn26"},"id":"b5jwp9sy1e68xl7","previousOperationId":"rwswsitzpbncgr2"}
{"type":"operationStart","subtype":"engine","name":"handlebars","timestamp":1701863353287,"id":"814ylliqrpr6mpu","previousEventId":"z82g20dzg87moks","operationId":"up01v1t5bodekn7","previousOperationId":"rwswsitzpbncgr2"}
{"type":"log","timestamp":1701863353287,"level":"debug","message":"Rendering engine handlebars","meta":{"rootId":"yhlnsdirrndkn26","id":"yhlnsdirrndkn26"},"id":"kdhe9w0njgpo8eq","previousOperationId":"up01v1t5bodekn7"}
{"type":"operationEnd","operationId":"up01v1t5bodekn7","timestamp":1701863353291,"id":"sc1yqarptchmnn8","previousEventId":"814ylliqrpr6mpu","previousOperationId":"up01v1t5bodekn7"}
{"type":"operationStart","subtype":"recipe","name":"chrome-pdf","timestamp":1701863353291,"id":"hra5172r27hmtrb","previousEventId":"sc1yqarptchmnn8","operationId":"q6at4olaxq2yfjy","previousOperationId":"up01v1t5bodekn7"}
{"type":"log","timestamp":1701863353291,"level":"debug","message":"Executing recipe chrome-pdf","meta":{"rootId":"yhlnsdirrndkn26","id":"yhlnsdirrndkn26"},"id":"c883a1gj4w4ktl1","previousOperationId":"q6at4olaxq2yfjy"}
{"type":"log","timestamp":1701863353292,"level":"debug","message":"Converting with chrome HeadlessChrome/117.0.5938.149 using chrome-pool strategy","meta":{"rootId":"yhlnsdirrndkn26","id":"yhlnsdirrndkn26"},"id":"tv27uqutkrbseqk","previousOperationId":"q6at4olaxq2yfjy"}
{"type":"log","timestamp":1701863353341,"level":"debug","message":"Page request: GET (document) file:///var/folders/dp/qk79pfcj0y1fmtkkl08m76rc0000gn/T/jsreport/autocleanup/d5ee89f4-7951-4323-9acd-51ef8d00e018-chrome-pdf.html","meta":{"rootId":"yhlnsdirrndkn26","id":"yhlnsdirrndkn26"},"id":"qqmk97u3jh6n0p5","previousOperationId":"q6at4olaxq2yfjy"}
{"type":"log","timestamp":1701863353346,"level":"debug","message":"Page request finished: GET (document) 200 file:///var/folders/dp/qk79pfcj0y1fmtkkl08m76rc0000gn/T/jsreport/autocleanup/d5ee89f4-7951-4323-9acd-51ef8d00e018-chrome-pdf.html","meta":{"rootId":"yhlnsdirrndkn26","id":"yhlnsdirrndkn26"},"id":"d7j9hiexftxil0v","previousOperationId":"q6at4olaxq2yfjy"}
{"type":"log","timestamp":1701863353357,"level":"debug","message":"Running chrome with params {\"printBackground\":true,\"width\":\"5.8cm\",\"height\":\"40cm\",\"timeout\":59977,\"margin\":{}}","meta":{"rootId":"yhlnsdirrndkn26","id":"yhlnsdirrndkn26"},"id":"70atqbhffapprvi","previousOperationId":"q6at4olaxq2yfjy"}
{"type":"operationEnd","operationId":"q6at4olaxq2yfjy","timestamp":1701863353377,"id":"ujq05qdikgaubuz","previousEventId":"hra5172r27hmtrb","previousOperationId":"q6at4olaxq2yfjy"}
{"type":"log","timestamp":1701863353377,"level":"debug","message":"Skipping storing report.","meta":{"rootId":"yhlnsdirrndkn26","id":"yhlnsdirrndkn26"},"id":"o6dpndxyfqfsfwv","previousOperationId":"q6at4olaxq2yfjy"}
{"type":"log","timestamp":1701863353377,"level":"info","message":"Rendering request 131 finished in 109 ms","meta":{"rootId":"yhlnsdirrndkn26","id":"yhlnsdirrndkn26"},"id":"7b39hhhk3dl8nav","previousOperationId":"q6at4olaxq2yfjy"}
{"type":"operationEnd","subtype":"render","operationId":"rwswsitzpbncgr2","timestamp":1701863353377,"id":"v8or4117ape71ai","previousEventId":"ujq05qdikgaubuz","previousOperationId":"q6at4olaxq2yfjy"}
{"type":"operationEnd","doDiffs":false,"previousEventId":"j3zhmf26mobtvc0","previousOperationId":"byqo2wz07xrbrui","operationId":"byqo2wz07xrbrui","timestamp":1701863353378,"id":"15r8sldwng70q8w"}
