{"type":"operationStart","subtype":"profile","data":{"_id":"qeqxYgsKQlUCRae9","timestamp":"2023-12-05T14:46:26.074Z","state":"queued","mode":"standard","creationDate":"2023-12-05T14:46:26.077Z","modificationDate":"2023-12-05T14:46:26.077Z","shortid":"JoJRZgO","$entitySet":"profiles"},"doDiffs":false,"timestamp":1701787586076,"id":"1j85ri9qjqsdzls","previousOperationId":null,"operationId":"q0vpti1ltqlt6c1"}
{"type":"log","level":"info","message":"Render request 16 queued for execution and waiting for available worker","previousOperationId":"q0vpti1ltqlt6c1","timestamp":1701787586077,"id":"yjj1vdv4g1m0e3s"}
{"type":"operationStart","subtype":"render","name":"pmo_slip_index","previousOperationId":"q0vpti1ltqlt6c1","timestamp":1701787586093,"id":"wc9nfbb8ydkathh","previousEventId":"1j85ri9qjqsdzls","operationId":"7s5i0go0h87xu9i"}
{"type":"log","timestamp":1701787586093,"level":"info","message":"Starting rendering request 16","meta":{"rootId":"yvgp7mou3dl834b","id":"yvgp7mou3dl834b"},"id":"6pmrx88gmp73jf3","previousOperationId":"7s5i0go0h87xu9i"}
{"type":"log","timestamp":1701787586094,"level":"info","message":"Rendering template { name: pmo_slip_index, recipe: chrome-pdf, engine: handlebars, preview: true }","meta":{"rootId":"yvgp7mou3dl834b","id":"yvgp7mou3dl834b"},"id":"4ajeo1iuq5q1kka","previousOperationId":"7s5i0go0h87xu9i"}
{"type":"log","timestamp":1701787586094,"level":"debug","message":"Inline data specified.","meta":{"rootId":"yvgp7mou3dl834b","id":"yvgp7mou3dl834b"},"id":"r6sy7d4wxvm1l4s","previousOperationId":"7s5i0go0h87xu9i"}
{"type":"log","timestamp":1701787586096,"level":"debug","message":"Base url not specified, skipping its injection.","meta":{"rootId":"yvgp7mou3dl834b","id":"yvgp7mou3dl834b"},"id":"bm1xo5llo0vl81t","previousOperationId":"7s5i0go0h87xu9i"}
{"type":"log","timestamp":1701787586097,"level":"debug","message":"Replaced assets [\"styles.css\"]","meta":{"rootId":"yvgp7mou3dl834b","id":"yvgp7mou3dl834b"},"id":"kokimjvol5zbyaf","previousOperationId":"7s5i0go0h87xu9i"}
{"type":"operationStart","subtype":"engine","name":"handlebars","timestamp":1701787586097,"id":"yqv6scbx0rtq4mg","previousEventId":"wc9nfbb8ydkathh","operationId":"yrjnwonzuvjaqke","previousOperationId":"7s5i0go0h87xu9i"}
{"type":"log","timestamp":1701787586097,"level":"debug","message":"Rendering engine handlebars","meta":{"rootId":"yvgp7mou3dl834b","id":"yvgp7mou3dl834b"},"id":"7g1hwmkugiijxpf","previousOperationId":"yrjnwonzuvjaqke"}
{"type":"operationEnd","operationId":"yrjnwonzuvjaqke","timestamp":1701787586114,"id":"6cs5mcm0tdmk9a8","previousEventId":"yqv6scbx0rtq4mg","previousOperationId":"yrjnwonzuvjaqke"}
{"type":"operationStart","subtype":"recipe","name":"chrome-pdf","timestamp":1701787586115,"id":"bgdh8qn96etqjb4","previousEventId":"6cs5mcm0tdmk9a8","operationId":"1kbnk9ecqy11itf","previousOperationId":"yrjnwonzuvjaqke"}
{"type":"log","timestamp":1701787586115,"level":"debug","message":"Executing recipe chrome-pdf","meta":{"rootId":"yvgp7mou3dl834b","id":"yvgp7mou3dl834b"},"id":"2rspnbo10zmnwah","previousOperationId":"1kbnk9ecqy11itf"}
{"type":"log","timestamp":1701787586117,"level":"debug","message":"Converting with chrome HeadlessChrome/117.0.5938.149 using chrome-pool strategy","meta":{"rootId":"yvgp7mou3dl834b","id":"yvgp7mou3dl834b"},"id":"f29g0skwkmnq207","previousOperationId":"1kbnk9ecqy11itf"}
{"type":"log","timestamp":1701787586163,"level":"debug","message":"Page request: GET (document) file:///var/folders/dp/qk79pfcj0y1fmtkkl08m76rc0000gn/T/jsreport/autocleanup/e5097b1e-f139-4145-ba1f-9cb91d3239de-chrome-pdf.html","meta":{"rootId":"yvgp7mou3dl834b","id":"yvgp7mou3dl834b"},"id":"e1m7fl9rayb1uvu","previousOperationId":"1kbnk9ecqy11itf"}
{"type":"log","timestamp":1701787586168,"level":"debug","message":"Page request finished: GET (document) 200 file:///var/folders/dp/qk79pfcj0y1fmtkkl08m76rc0000gn/T/jsreport/autocleanup/e5097b1e-f139-4145-ba1f-9cb91d3239de-chrome-pdf.html","meta":{"rootId":"yvgp7mou3dl834b","id":"yvgp7mou3dl834b"},"id":"7sf3ppy86y0p22x","previousOperationId":"1kbnk9ecqy11itf"}
{"type":"log","timestamp":1701787586180,"level":"debug","message":"Running chrome with params {\"printBackground\":true,\"width\":\"7cm\",\"height\":\"3000px\",\"timeout\":59958,\"margin\":{}}","meta":{"rootId":"yvgp7mou3dl834b","id":"yvgp7mou3dl834b"},"id":"4k9t3dcbh50pz0q","previousOperationId":"1kbnk9ecqy11itf"}
{"type":"operationEnd","operationId":"1kbnk9ecqy11itf","timestamp":1701787586202,"id":"kthol1yw0k0kk8a","previousEventId":"bgdh8qn96etqjb4","previousOperationId":"1kbnk9ecqy11itf"}
{"type":"log","timestamp":1701787586202,"level":"debug","message":"Skipping storing report.","meta":{"rootId":"yvgp7mou3dl834b","id":"yvgp7mou3dl834b"},"id":"4u8yzrwldewxyzt","previousOperationId":"1kbnk9ecqy11itf"}
{"type":"log","timestamp":1701787586202,"level":"info","message":"Rendering request 16 finished in 128 ms","meta":{"rootId":"yvgp7mou3dl834b","id":"yvgp7mou3dl834b"},"id":"thlmspkady3subp","previousOperationId":"1kbnk9ecqy11itf"}
{"type":"operationEnd","subtype":"render","operationId":"7s5i0go0h87xu9i","timestamp":1701787586202,"id":"9wqraqaxwt0lbyy","previousEventId":"kthol1yw0k0kk8a","previousOperationId":"1kbnk9ecqy11itf"}
{"type":"operationEnd","doDiffs":false,"previousEventId":"1j85ri9qjqsdzls","previousOperationId":"q0vpti1ltqlt6c1","operationId":"q0vpti1ltqlt6c1","timestamp":1701787586203,"id":"ujwaz4lk0kmj2fc"}
