{"type":"operationStart","subtype":"profile","data":{"_id":"M48IMEUSXNpuN3aE","timestamp":"2023-12-05T14:10:15.665Z","state":"queued","mode":"standard","creationDate":"2023-12-05T14:10:15.667Z","modificationDate":"2023-12-05T14:10:15.667Z","shortid":"aEz1dN4","$entitySet":"profiles"},"doDiffs":false,"timestamp":1701785415666,"id":"iezesa20lu2r911","previousOperationId":null,"operationId":"ocj0sax4f1lsdeo"}
{"type":"log","level":"info","message":"Render request 6 queued for execution and waiting for available worker","previousOperationId":"ocj0sax4f1lsdeo","timestamp":1701785415666,"id":"subky1njuk5nrxp"}
{"type":"operationStart","subtype":"render","name":"pmo_slip_index","previousOperationId":"ocj0sax4f1lsdeo","timestamp":1701785415678,"id":"78ctkz6ujajp3ph","previousEventId":"iezesa20lu2r911","operationId":"9plz230v3wux05m"}
{"type":"log","timestamp":1701785415678,"level":"info","message":"Starting rendering request 6","meta":{"rootId":"yynotk4dd2g5iez","id":"yynotk4dd2g5iez"},"id":"einog6qop73stku","previousOperationId":"9plz230v3wux05m"}
{"type":"log","timestamp":1701785415678,"level":"info","message":"Rendering template { name: pmo_slip_index, recipe: chrome-pdf, engine: handlebars, preview: true }","meta":{"rootId":"yynotk4dd2g5iez","id":"yynotk4dd2g5iez"},"id":"cu1ix3wzidzjvxq","previousOperationId":"9plz230v3wux05m"}
{"type":"log","timestamp":1701785415680,"level":"debug","message":"Adding sample data VeFzNfc","meta":{"rootId":"yynotk4dd2g5iez","id":"yynotk4dd2g5iez"},"id":"gt7c7eayo074pxl","previousOperationId":"9plz230v3wux05m"}
{"type":"log","timestamp":1701785415687,"level":"debug","message":"Base url not specified, skipping its injection.","meta":{"rootId":"yynotk4dd2g5iez","id":"yynotk4dd2g5iez"},"id":"xf51npzpssvm3zt","previousOperationId":"9plz230v3wux05m"}
{"type":"log","timestamp":1701785415688,"level":"debug","message":"Replaced assets [\"styles.css\"]","meta":{"rootId":"yynotk4dd2g5iez","id":"yynotk4dd2g5iez"},"id":"xw20l54hskvrj9a","previousOperationId":"9plz230v3wux05m"}
{"type":"operationStart","subtype":"engine","name":"handlebars","timestamp":1701785415688,"id":"0ng0hhl6adtvicc","previousEventId":"78ctkz6ujajp3ph","operationId":"39kg00jbblu8lu0","previousOperationId":"9plz230v3wux05m"}
{"type":"log","timestamp":1701785415688,"level":"debug","message":"Rendering engine handlebars","meta":{"rootId":"yynotk4dd2g5iez","id":"yynotk4dd2g5iez"},"id":"srdujc1q7kl1bgp","previousOperationId":"39kg00jbblu8lu0"}
{"type":"operationEnd","operationId":"39kg00jbblu8lu0","timestamp":1701785415709,"id":"dpdcg6r7m2bxgn7","previousEventId":"0ng0hhl6adtvicc","previousOperationId":"39kg00jbblu8lu0"}
{"type":"operationStart","subtype":"recipe","name":"chrome-pdf","timestamp":1701785415709,"id":"sofkbdujdgduzex","previousEventId":"dpdcg6r7m2bxgn7","operationId":"4m05te8exz6jsgp","previousOperationId":"39kg00jbblu8lu0"}
{"type":"log","timestamp":1701785415709,"level":"debug","message":"Executing recipe chrome-pdf","meta":{"rootId":"yynotk4dd2g5iez","id":"yynotk4dd2g5iez"},"id":"9cu6h6354oa76pc","previousOperationId":"4m05te8exz6jsgp"}
{"type":"log","timestamp":1701785415711,"level":"debug","message":"Converting with chrome HeadlessChrome/117.0.5938.149 using chrome-pool strategy","meta":{"rootId":"yynotk4dd2g5iez","id":"yynotk4dd2g5iez"},"id":"2a3ylhvgkiotyx2","previousOperationId":"4m05te8exz6jsgp"}
{"type":"log","timestamp":1701785415767,"level":"debug","message":"Page request: GET (document) file:///var/folders/dp/qk79pfcj0y1fmtkkl08m76rc0000gn/T/jsreport/autocleanup/7ae0268b-6d9e-4147-9b18-cb4e43898375-chrome-pdf.html","meta":{"rootId":"yynotk4dd2g5iez","id":"yynotk4dd2g5iez"},"id":"g8jeq8jfqxs3wv4","previousOperationId":"4m05te8exz6jsgp"}
{"type":"log","timestamp":1701785415772,"level":"debug","message":"Page request finished: GET (document) 200 file:///var/folders/dp/qk79pfcj0y1fmtkkl08m76rc0000gn/T/jsreport/autocleanup/7ae0268b-6d9e-4147-9b18-cb4e43898375-chrome-pdf.html","meta":{"rootId":"yynotk4dd2g5iez","id":"yynotk4dd2g5iez"},"id":"lx825gqvoou26qe","previousOperationId":"4m05te8exz6jsgp"}
{"type":"log","timestamp":1701785415780,"level":"debug","message":"Running chrome with params {\"printBackground\":true,\"width\":\"7cm\",\"height\":\"3000px\",\"timeout\":59955,\"margin\":{}}","meta":{"rootId":"yynotk4dd2g5iez","id":"yynotk4dd2g5iez"},"id":"6r1fhtkw7e426xr","previousOperationId":"4m05te8exz6jsgp"}
{"type":"operationEnd","operationId":"4m05te8exz6jsgp","timestamp":1701785415811,"id":"rp7fn7hw907ix9a","previousEventId":"sofkbdujdgduzex","previousOperationId":"4m05te8exz6jsgp"}
{"type":"log","timestamp":1701785415811,"level":"debug","message":"Skipping storing report.","meta":{"rootId":"yynotk4dd2g5iez","id":"yynotk4dd2g5iez"},"id":"hjexpmzfea6569k","previousOperationId":"4m05te8exz6jsgp"}
{"type":"log","timestamp":1701785415812,"level":"info","message":"Rendering request 6 finished in 147 ms","meta":{"rootId":"yynotk4dd2g5iez","id":"yynotk4dd2g5iez"},"id":"i9xmfx1gyakqyeu","previousOperationId":"4m05te8exz6jsgp"}
{"type":"operationEnd","subtype":"render","operationId":"9plz230v3wux05m","timestamp":1701785415812,"id":"gwzw94643ic21ht","previousEventId":"rp7fn7hw907ix9a","previousOperationId":"4m05te8exz6jsgp"}
{"type":"operationEnd","doDiffs":false,"previousEventId":"iezesa20lu2r911","previousOperationId":"ocj0sax4f1lsdeo","operationId":"ocj0sax4f1lsdeo","timestamp":1701785415813,"id":"nuq4lgz4k8ohdjs"}
