{"type":"operationStart","subtype":"profile","data":{"_id":"UZ4B5IX6i8UDKXmz","timestamp":"2023-12-06T11:51:03.410Z","state":"queued","mode":"standard","creationDate":"2023-12-06T11:51:03.412Z","modificationDate":"2023-12-06T11:51:03.412Z","shortid":"XohE2LX","$entitySet":"profiles"},"doDiffs":false,"timestamp":1701863463411,"id":"kv1vpidtciphbqq","previousOperationId":null,"operationId":"8z443fm3ofo5ga4"}
{"type":"log","level":"info","message":"Render request 133 queued for execution and waiting for available worker","previousOperationId":"8z443fm3ofo5ga4","timestamp":1701863463411,"id":"zdso3zfdxg1bipy"}
{"type":"operationStart","subtype":"render","name":"pmo_slip_index","previousOperationId":"8z443fm3ofo5ga4","timestamp":1701863463420,"id":"3ho8eegh9s70495","previousEventId":"kv1vpidtciphbqq","operationId":"2dd67ywhrhquoy4"}
{"type":"log","timestamp":1701863463420,"level":"info","message":"Starting rendering request 133","meta":{"rootId":"z18nwxfr6ud5li8","id":"z18nwxfr6ud5li8"},"id":"h0ibqv7b44zwcg6","previousOperationId":"2dd67ywhrhquoy4"}
{"type":"log","timestamp":1701863463421,"level":"info","message":"Rendering template { name: pmo_slip_index, recipe: chrome-pdf, engine: handlebars, preview: true }","meta":{"rootId":"z18nwxfr6ud5li8","id":"z18nwxfr6ud5li8"},"id":"z099w7y8ext6nj2","previousOperationId":"2dd67ywhrhquoy4"}
{"type":"log","timestamp":1701863463421,"level":"debug","message":"Inline data specified.","meta":{"rootId":"z18nwxfr6ud5li8","id":"z18nwxfr6ud5li8"},"id":"jmeawy7dnhvwx0g","previousOperationId":"2dd67ywhrhquoy4"}
{"type":"log","timestamp":1701863463428,"level":"debug","message":"Base url not specified, skipping its injection.","meta":{"rootId":"z18nwxfr6ud5li8","id":"z18nwxfr6ud5li8"},"id":"5yhheiarkuksaz8","previousOperationId":"2dd67ywhrhquoy4"}
{"type":"log","timestamp":1701863463430,"level":"debug","message":"Replaced assets [\"styles.css\"]","meta":{"rootId":"z18nwxfr6ud5li8","id":"z18nwxfr6ud5li8"},"id":"6ct03x7m507y78d","previousOperationId":"2dd67ywhrhquoy4"}
{"type":"operationStart","subtype":"engine","name":"handlebars","timestamp":1701863463430,"id":"wnekj2g6yw7u1qe","previousEventId":"3ho8eegh9s70495","operationId":"twvoa9ulm8h5nd5","previousOperationId":"2dd67ywhrhquoy4"}
{"type":"log","timestamp":1701863463430,"level":"debug","message":"Rendering engine handlebars","meta":{"rootId":"z18nwxfr6ud5li8","id":"z18nwxfr6ud5li8"},"id":"drxyr3ijcv44ofa","previousOperationId":"twvoa9ulm8h5nd5"}
{"type":"operationEnd","operationId":"twvoa9ulm8h5nd5","timestamp":1701863463459,"id":"b1kus5wupum917v","previousEventId":"wnekj2g6yw7u1qe","previousOperationId":"twvoa9ulm8h5nd5"}
{"type":"operationStart","subtype":"recipe","name":"chrome-pdf","timestamp":1701863463459,"id":"3ukwxlkbcqlandd","previousEventId":"b1kus5wupum917v","operationId":"pom15nufbukk4gz","previousOperationId":"twvoa9ulm8h5nd5"}
{"type":"log","timestamp":1701863463459,"level":"debug","message":"Executing recipe chrome-pdf","meta":{"rootId":"z18nwxfr6ud5li8","id":"z18nwxfr6ud5li8"},"id":"20ra9cvbomj99pi","previousOperationId":"pom15nufbukk4gz"}
{"type":"log","timestamp":1701863463461,"level":"debug","message":"Converting with chrome HeadlessChrome/117.0.5938.149 using chrome-pool strategy","meta":{"rootId":"z18nwxfr6ud5li8","id":"z18nwxfr6ud5li8"},"id":"xvkdtff8jl63oyi","previousOperationId":"pom15nufbukk4gz"}
{"type":"log","timestamp":1701863463508,"level":"debug","message":"Page request: GET (document) file:///var/folders/dp/qk79pfcj0y1fmtkkl08m76rc0000gn/T/jsreport/autocleanup/e150ad80-1295-4362-b24c-3cf091d56eeb-chrome-pdf.html","meta":{"rootId":"z18nwxfr6ud5li8","id":"z18nwxfr6ud5li8"},"id":"1pcokhds30f7btp","previousOperationId":"pom15nufbukk4gz"}
{"type":"log","timestamp":1701863463512,"level":"debug","message":"Page request finished: GET (document) 200 file:///var/folders/dp/qk79pfcj0y1fmtkkl08m76rc0000gn/T/jsreport/autocleanup/e150ad80-1295-4362-b24c-3cf091d56eeb-chrome-pdf.html","meta":{"rootId":"z18nwxfr6ud5li8","id":"z18nwxfr6ud5li8"},"id":"qw3zv5kd8gvlg7g","previousOperationId":"pom15nufbukk4gz"}
{"type":"log","timestamp":1701863463522,"level":"debug","message":"Running chrome with params {\"printBackground\":true,\"width\":\"5.8cm\",\"height\":\"40cm\",\"timeout\":59950,\"margin\":{}}","meta":{"rootId":"z18nwxfr6ud5li8","id":"z18nwxfr6ud5li8"},"id":"evpa18jsrwsy6ou","previousOperationId":"pom15nufbukk4gz"}
{"type":"operationEnd","operationId":"pom15nufbukk4gz","timestamp":1701863463547,"id":"xeluv24cfahu1r2","previousEventId":"3ukwxlkbcqlandd","previousOperationId":"pom15nufbukk4gz"}
{"type":"log","timestamp":1701863463547,"level":"debug","message":"Skipping storing report.","meta":{"rootId":"z18nwxfr6ud5li8","id":"z18nwxfr6ud5li8"},"id":"t8cec460ylrgcsv","previousOperationId":"pom15nufbukk4gz"}
{"type":"log","timestamp":1701863463547,"level":"info","message":"Rendering request 133 finished in 137 ms","meta":{"rootId":"z18nwxfr6ud5li8","id":"z18nwxfr6ud5li8"},"id":"krrok8msp8eomzv","previousOperationId":"pom15nufbukk4gz"}
{"type":"operationEnd","subtype":"render","operationId":"2dd67ywhrhquoy4","timestamp":1701863463547,"id":"21bkwf23a163na8","previousEventId":"xeluv24cfahu1r2","previousOperationId":"pom15nufbukk4gz"}
{"type":"operationEnd","doDiffs":false,"previousEventId":"kv1vpidtciphbqq","previousOperationId":"8z443fm3ofo5ga4","operationId":"8z443fm3ofo5ga4","timestamp":1701863463549,"id":"yh9qio7efecym3u"}
