{"type":"operationStart","subtype":"profile","data":{"_id":"AkNUnvTE4KHVFTGj","timestamp":"2023-11-27T18:51:03.627Z","state":"queued","mode":"standard","creationDate":"2023-11-27T18:51:03.629Z","modificationDate":"2023-11-27T18:51:03.629Z","shortid":"JaId7e7","$entitySet":"profiles"},"doDiffs":false,"timestamp":1701111063628,"id":"xwskgohwfvfw3x2","previousOperationId":null,"operationId":"q6oildkawi5m8ha"}
{"type":"log","level":"info","message":"Render request 29 queued for execution and waiting for available worker","previousOperationId":"q6oildkawi5m8ha","timestamp":1701111063628,"id":"b66g3z30zb4n1f3"}
{"type":"operationStart","subtype":"render","name":"pmo_slip_index","previousOperationId":"q6oildkawi5m8ha","timestamp":1701111063634,"id":"kozbz529yn3vfoh","previousEventId":"xwskgohwfvfw3x2","operationId":"pfio4q18gsysu2t"}
{"type":"log","timestamp":1701111063634,"level":"info","message":"Starting rendering request 29","meta":{"rootId":"z4cgvr3jigxnitt","id":"z4cgvr3jigxnitt"},"id":"gkdgqujqt89ch4a","previousOperationId":"pfio4q18gsysu2t"}
{"type":"log","timestamp":1701111063634,"level":"info","message":"Rendering template { name: pmo_slip_index, recipe: chrome-pdf, engine: handlebars, preview: true }","meta":{"rootId":"z4cgvr3jigxnitt","id":"z4cgvr3jigxnitt"},"id":"7ot0pdcjbfiu7ts","previousOperationId":"pfio4q18gsysu2t"}
{"type":"log","timestamp":1701111063635,"level":"debug","message":"Adding sample data flbhzmKcJ","meta":{"rootId":"z4cgvr3jigxnitt","id":"z4cgvr3jigxnitt"},"id":"xrrm1132f90fzt8","previousOperationId":"pfio4q18gsysu2t"}
{"type":"log","timestamp":1701111063637,"level":"debug","message":"Base url not specified, skipping its injection.","meta":{"rootId":"z4cgvr3jigxnitt","id":"z4cgvr3jigxnitt"},"id":"pz944em3cvwzldd","previousOperationId":"pfio4q18gsysu2t"}
{"type":"operationStart","subtype":"engine","name":"handlebars","timestamp":1701111063637,"id":"5lqwuekxtlj4h81","previousEventId":"kozbz529yn3vfoh","operationId":"9gc375cxnfl4nos","previousOperationId":"pfio4q18gsysu2t"}
{"type":"log","timestamp":1701111063637,"level":"debug","message":"Rendering engine handlebars","meta":{"rootId":"z4cgvr3jigxnitt","id":"z4cgvr3jigxnitt"},"id":"vfliq9i4k1yn08t","previousOperationId":"9gc375cxnfl4nos"}
{"type":"operationEnd","operationId":"9gc375cxnfl4nos","timestamp":1701111063652,"id":"x5cyk4qpr7oyxvg","previousEventId":"5lqwuekxtlj4h81","previousOperationId":"9gc375cxnfl4nos"}
{"type":"operationStart","subtype":"recipe","name":"chrome-pdf","timestamp":1701111063652,"id":"agqynkikhgncc7j","previousEventId":"x5cyk4qpr7oyxvg","operationId":"snhwuek61biw9mc","previousOperationId":"9gc375cxnfl4nos"}
{"type":"log","timestamp":1701111063652,"level":"debug","message":"Executing recipe chrome-pdf","meta":{"rootId":"z4cgvr3jigxnitt","id":"z4cgvr3jigxnitt"},"id":"9sb8igq0auhhgsd","previousOperationId":"snhwuek61biw9mc"}
{"type":"log","timestamp":1701111063653,"level":"debug","message":"Converting with chrome HeadlessChrome/117.0.5938.149 using chrome-pool strategy","meta":{"rootId":"z4cgvr3jigxnitt","id":"z4cgvr3jigxnitt"},"id":"ezj5vzrsxvnj52j","previousOperationId":"snhwuek61biw9mc"}
{"type":"log","timestamp":1701111063692,"level":"debug","message":"Page request: GET (document) file:///var/folders/dp/qk79pfcj0y1fmtkkl08m76rc0000gn/T/jsreport/autocleanup/cb8822c6-5257-414d-9e06-87aecd7451b0-chrome-pdf.html","meta":{"rootId":"z4cgvr3jigxnitt","id":"z4cgvr3jigxnitt"},"id":"j722v2td3ocewhc","previousOperationId":"snhwuek61biw9mc"}
{"type":"log","timestamp":1701111063697,"level":"debug","message":"Page request finished: GET (document) 200 file:///var/folders/dp/qk79pfcj0y1fmtkkl08m76rc0000gn/T/jsreport/autocleanup/cb8822c6-5257-414d-9e06-87aecd7451b0-chrome-pdf.html","meta":{"rootId":"z4cgvr3jigxnitt","id":"z4cgvr3jigxnitt"},"id":"h5d3r8ehujnzzdv","previousOperationId":"snhwuek61biw9mc"}
{"type":"log","timestamp":1701111063708,"level":"debug","message":"Running chrome with params {\"printBackground\":true,\"width\":\"7cm\",\"height\":\"30cm\",\"timeout\":59974,\"margin\":{}}","meta":{"rootId":"z4cgvr3jigxnitt","id":"z4cgvr3jigxnitt"},"id":"ohtxl3n6jpmvawi","previousOperationId":"snhwuek61biw9mc"}
{"type":"operationEnd","operationId":"snhwuek61biw9mc","timestamp":1701111063721,"id":"tgexfg92encu05m","previousEventId":"agqynkikhgncc7j","previousOperationId":"snhwuek61biw9mc"}
{"type":"log","timestamp":1701111063721,"level":"debug","message":"Skipping storing report.","meta":{"rootId":"z4cgvr3jigxnitt","id":"z4cgvr3jigxnitt"},"id":"eccvxakt4kauchm","previousOperationId":"snhwuek61biw9mc"}
{"type":"log","timestamp":1701111063721,"level":"info","message":"Rendering request 29 finished in 94 ms","meta":{"rootId":"z4cgvr3jigxnitt","id":"z4cgvr3jigxnitt"},"id":"hx42uqkdaexgr5q","previousOperationId":"snhwuek61biw9mc"}
{"type":"operationEnd","subtype":"render","operationId":"pfio4q18gsysu2t","timestamp":1701111063721,"id":"i0bl7ej6ld70hkj","previousEventId":"tgexfg92encu05m","previousOperationId":"snhwuek61biw9mc"}
{"type":"operationEnd","doDiffs":false,"previousEventId":"xwskgohwfvfw3x2","previousOperationId":"q6oildkawi5m8ha","operationId":"q6oildkawi5m8ha","timestamp":1701111063723,"id":"x5fg95wo03sh2fh"}
