{"type":"operationStart","subtype":"profile","data":{"_id":"IW3UAv1qVyKUSy3q","timestamp":"2023-12-06T09:14:02.977Z","state":"queued","mode":"standard","creationDate":"2023-12-06T09:14:02.982Z","modificationDate":"2023-12-06T09:14:02.982Z","shortid":"Rd0rrKU","$entitySet":"profiles"},"doDiffs":false,"timestamp":1701854042981,"id":"q15mldimvphxdxm","previousOperationId":null,"operationId":"5ir7fff7ttsw1rt"}
{"type":"log","level":"info","message":"Render request 5 queued for execution and waiting for available worker","previousOperationId":"5ir7fff7ttsw1rt","timestamp":1701854042981,"id":"dpwxpc9ug01qkc9"}
{"type":"operationStart","subtype":"render","name":"pmo_slip_index","previousOperationId":"5ir7fff7ttsw1rt","timestamp":1701854042997,"id":"v3oklc1x3wjb9ad","previousEventId":"q15mldimvphxdxm","operationId":"noigqr320vkosty"}
{"type":"log","timestamp":1701854042997,"level":"info","message":"Starting rendering request 5","meta":{"rootId":"zyt7j044l06ceqo","id":"zyt7j044l06ceqo"},"id":"kgc5zt7vsgo50s8","previousOperationId":"noigqr320vkosty"}
{"type":"log","timestamp":1701854042997,"level":"info","message":"Rendering template { name: pmo_slip_index, recipe: chrome-pdf, engine: handlebars, preview: true }","meta":{"rootId":"zyt7j044l06ceqo","id":"zyt7j044l06ceqo"},"id":"glg3sagif9yc8kn","previousOperationId":"noigqr320vkosty"}
{"type":"log","timestamp":1701854042998,"level":"debug","message":"Adding sample data VeFzNfc","meta":{"rootId":"zyt7j044l06ceqo","id":"zyt7j044l06ceqo"},"id":"ak87n441dh1bthp","previousOperationId":"noigqr320vkosty"}
{"type":"log","timestamp":1701854042999,"level":"debug","message":"Base url not specified, skipping its injection.","meta":{"rootId":"zyt7j044l06ceqo","id":"zyt7j044l06ceqo"},"id":"pkuj0i9sfrqc2nn","previousOperationId":"noigqr320vkosty"}
{"type":"log","timestamp":1701854043000,"level":"debug","message":"Replaced assets [\"styles.css\"]","meta":{"rootId":"zyt7j044l06ceqo","id":"zyt7j044l06ceqo"},"id":"4uqi46p1u8jh851","previousOperationId":"noigqr320vkosty"}
{"type":"operationStart","subtype":"engine","name":"handlebars","timestamp":1701854043000,"id":"jbquzcnh2mcmd27","previousEventId":"v3oklc1x3wjb9ad","operationId":"avfc8h2q5e8huyk","previousOperationId":"noigqr320vkosty"}
{"type":"log","timestamp":1701854043000,"level":"debug","message":"Rendering engine handlebars","meta":{"rootId":"zyt7j044l06ceqo","id":"zyt7j044l06ceqo"},"id":"qcjp2mug76um6wo","previousOperationId":"avfc8h2q5e8huyk"}
{"type":"operationEnd","operationId":"avfc8h2q5e8huyk","timestamp":1701854043022,"id":"4b0onqypj0nu0if","previousEventId":"jbquzcnh2mcmd27","previousOperationId":"avfc8h2q5e8huyk"}
{"type":"operationStart","subtype":"recipe","name":"chrome-pdf","timestamp":1701854043023,"id":"g1ha1iyany9x0uc","previousEventId":"4b0onqypj0nu0if","operationId":"j4pfctjmgzz9hki","previousOperationId":"avfc8h2q5e8huyk"}
{"type":"log","timestamp":1701854043023,"level":"debug","message":"Executing recipe chrome-pdf","meta":{"rootId":"zyt7j044l06ceqo","id":"zyt7j044l06ceqo"},"id":"47hysdpjegtkd3q","previousOperationId":"j4pfctjmgzz9hki"}
{"type":"log","timestamp":1701854043025,"level":"debug","message":"Converting with chrome HeadlessChrome/117.0.5938.149 using chrome-pool strategy","meta":{"rootId":"zyt7j044l06ceqo","id":"zyt7j044l06ceqo"},"id":"rydys8n6j7cf4xr","previousOperationId":"j4pfctjmgzz9hki"}
{"type":"log","timestamp":1701854043073,"level":"debug","message":"Page request: GET (document) file:///var/folders/dp/qk79pfcj0y1fmtkkl08m76rc0000gn/T/jsreport/autocleanup/d016793c-5daa-4700-9c72-6bd6fdcd6a1d-chrome-pdf.html","meta":{"rootId":"zyt7j044l06ceqo","id":"zyt7j044l06ceqo"},"id":"4ut9gabohph2sbf","previousOperationId":"j4pfctjmgzz9hki"}
{"type":"log","timestamp":1701854043078,"level":"debug","message":"Page request finished: GET (document) 200 file:///var/folders/dp/qk79pfcj0y1fmtkkl08m76rc0000gn/T/jsreport/autocleanup/d016793c-5daa-4700-9c72-6bd6fdcd6a1d-chrome-pdf.html","meta":{"rootId":"zyt7j044l06ceqo","id":"zyt7j044l06ceqo"},"id":"dsx2a1kwy0tt9m9","previousOperationId":"j4pfctjmgzz9hki"}
{"type":"log","timestamp":1701854043087,"level":"debug","message":"Running chrome with params {\"printBackground\":true,\"width\":\"7cm\",\"height\":\"3000px\",\"timeout\":59953,\"margin\":{}}","meta":{"rootId":"zyt7j044l06ceqo","id":"zyt7j044l06ceqo"},"id":"qo2qx7s9c4s62xn","previousOperationId":"j4pfctjmgzz9hki"}
{"type":"operationEnd","operationId":"j4pfctjmgzz9hki","timestamp":1701854043110,"id":"sqkva6yvbagnzan","previousEventId":"g1ha1iyany9x0uc","previousOperationId":"j4pfctjmgzz9hki"}
{"type":"log","timestamp":1701854043110,"level":"debug","message":"Skipping storing report.","meta":{"rootId":"zyt7j044l06ceqo","id":"zyt7j044l06ceqo"},"id":"6i0ova1rlnsgmgw","previousOperationId":"j4pfctjmgzz9hki"}
{"type":"log","timestamp":1701854043110,"level":"info","message":"Rendering request 5 finished in 133 ms","meta":{"rootId":"zyt7j044l06ceqo","id":"zyt7j044l06ceqo"},"id":"l1our3lb905jkg6","previousOperationId":"j4pfctjmgzz9hki"}
{"type":"operationEnd","subtype":"render","operationId":"noigqr320vkosty","timestamp":1701854043110,"id":"34sqvpirc5zuxxp","previousEventId":"sqkva6yvbagnzan","previousOperationId":"j4pfctjmgzz9hki"}
{"type":"operationEnd","doDiffs":false,"previousEventId":"q15mldimvphxdxm","previousOperationId":"5ir7fff7ttsw1rt","operationId":"5ir7fff7ttsw1rt","timestamp":1701854043112,"id":"3g3r40ucqyjicfh"}
