{"type":"operationStart","subtype":"profile","data":{"_id":"v1mGsSUwjWIrF4dH","timestamp":"2023-11-28T13:21:46.398Z","state":"queued","mode":"standard","creationDate":"2023-11-28T13:21:46.399Z","modificationDate":"2023-11-28T13:21:46.399Z","shortid":"rghvCNZ","$entitySet":"profiles"},"doDiffs":false,"timestamp":1701177706398,"id":"j1wxici504ak14r","previousOperationId":null,"operationId":"q0o91dlnwhzigs8"}
{"type":"log","level":"info","message":"Render request 67 queued for execution and waiting for available worker","previousOperationId":"q0o91dlnwhzigs8","timestamp":1701177706398,"id":"59h12uokcukzsk2"}
{"type":"operationStart","subtype":"render","name":"index_zahtev","previousOperationId":"q0o91dlnwhzigs8","timestamp":1701177706401,"id":"4gz4rt343rxsz6w","previousEventId":"j1wxici504ak14r","operationId":"qbz503sdjki5eq1"}
{"type":"log","timestamp":1701177706401,"level":"info","message":"Starting rendering request 67","meta":{"rootId":"34yt43liexq5f6p","id":"34yt43liexq5f6p"},"id":"n59nds9tvgnbgjj","previousOperationId":"qbz503sdjki5eq1"}
{"type":"log","timestamp":1701177706401,"level":"info","message":"Rendering template { name: index_zahtev, recipe: chrome-pdf, engine: handlebars, preview: false }","meta":{"rootId":"34yt43liexq5f6p","id":"34yt43liexq5f6p"},"id":"v9h4uz8y0bm1q9e","previousOperationId":"qbz503sdjki5eq1"}
{"type":"log","timestamp":1701177706401,"level":"debug","message":"Inline data specified.","meta":{"rootId":"34yt43liexq5f6p","id":"34yt43liexq5f6p"},"id":"phvypjvpi6supwn","previousOperationId":"qbz503sdjki5eq1"}
{"type":"log","timestamp":1701177706402,"level":"debug","message":"Base url not specified, skipping its injection.","meta":{"rootId":"34yt43liexq5f6p","id":"34yt43liexq5f6p"},"id":"1d7kzvx883hbrpc","previousOperationId":"qbz503sdjki5eq1"}
{"type":"log","timestamp":1701177706403,"level":"debug","message":"Replaced assets [\"styles.css\"]","meta":{"rootId":"34yt43liexq5f6p","id":"34yt43liexq5f6p"},"id":"q3vnwct2l30v44s","previousOperationId":"qbz503sdjki5eq1"}
{"type":"operationStart","subtype":"engine","name":"handlebars","timestamp":1701177706403,"id":"aihare2zlxjgwm8","previousEventId":"4gz4rt343rxsz6w","operationId":"xkz8693uj56ofx6","previousOperationId":"qbz503sdjki5eq1"}
{"type":"log","timestamp":1701177706403,"level":"debug","message":"Rendering engine handlebars","meta":{"rootId":"34yt43liexq5f6p","id":"34yt43liexq5f6p"},"id":"d41hv4wdolva0j2","previousOperationId":"xkz8693uj56ofx6"}
{"type":"operationEnd","operationId":"xkz8693uj56ofx6","timestamp":1701177706410,"id":"et7rft37q6xf0pt","previousEventId":"aihare2zlxjgwm8","previousOperationId":"xkz8693uj56ofx6"}
{"type":"operationStart","subtype":"recipe","name":"chrome-pdf","timestamp":1701177706410,"id":"6230wfd5d6wua45","previousEventId":"et7rft37q6xf0pt","operationId":"bhhz8joxl8gwqfg","previousOperationId":"xkz8693uj56ofx6"}
{"type":"log","timestamp":1701177706410,"level":"debug","message":"Executing recipe chrome-pdf","meta":{"rootId":"34yt43liexq5f6p","id":"34yt43liexq5f6p"},"id":"h3ag13jr6f2k3jp","previousOperationId":"bhhz8joxl8gwqfg"}
{"type":"log","timestamp":1701177706413,"level":"debug","message":"Converting with chrome HeadlessChrome/117.0.5938.149 using chrome-pool strategy","meta":{"rootId":"34yt43liexq5f6p","id":"34yt43liexq5f6p"},"id":"1iv4303wepvvam6","previousOperationId":"bhhz8joxl8gwqfg"}
{"type":"log","timestamp":1701177706452,"level":"debug","message":"Page request: GET (document) file:///var/folders/dp/qk79pfcj0y1fmtkkl08m76rc0000gn/T/jsreport/autocleanup/49ece65d-89db-46ce-acff-a1a2510206f4-chrome-pdf.html","meta":{"rootId":"34yt43liexq5f6p","id":"34yt43liexq5f6p"},"id":"akhhx42w3oohxjp","previousOperationId":"bhhz8joxl8gwqfg"}
{"type":"log","timestamp":1701177706456,"level":"debug","message":"Page request finished: GET (document) 200 file:///var/folders/dp/qk79pfcj0y1fmtkkl08m76rc0000gn/T/jsreport/autocleanup/49ece65d-89db-46ce-acff-a1a2510206f4-chrome-pdf.html","meta":{"rootId":"34yt43liexq5f6p","id":"34yt43liexq5f6p"},"id":"setqmq529hewotf","previousOperationId":"bhhz8joxl8gwqfg"}
{"type":"log","timestamp":1701177706464,"level":"debug","message":"Running chrome with params {\"printBackground\":true,\"marginTop\":\"2cm\",\"marginBottom\":\"2cm\",\"timeout\":59986,\"margin\":{\"top\":\"2cm\",\"bottom\":\"2cm\"}}","meta":{"rootId":"34yt43liexq5f6p","id":"34yt43liexq5f6p"},"id":"boijiifctex1v6q","previousOperationId":"bhhz8joxl8gwqfg"}
{"type":"operationEnd","operationId":"bhhz8joxl8gwqfg","timestamp":1701177706492,"id":"h17pew1bg4p5kx6","previousEventId":"6230wfd5d6wua45","previousOperationId":"bhhz8joxl8gwqfg"}
{"type":"log","timestamp":1701177706492,"level":"info","message":"pdf-utils is starting pdf processing","meta":{"rootId":"34yt43liexq5f6p","id":"34yt43liexq5f6p"},"id":"djbt60901rkqjuy","previousOperationId":"bhhz8joxl8gwqfg"}
{"type":"operationStart","subtype":"pdfUtils","name":"pdf utils","timestamp":1701177706492,"id":"tyaybtofb5494fh","previousEventId":"h17pew1bg4p5kx6","operationId":"mey877lvrm6qm89","previousOperationId":"bhhz8joxl8gwqfg"}
{"type":"log","timestamp":1701177706492,"level":"debug","message":"pdf-utils detected 1 pdf operation(s) to process","meta":{"rootId":"34yt43liexq5f6p","id":"34yt43liexq5f6p"},"id":"6s9ijsv1a0b5nio","previousOperationId":"mey877lvrm6qm89"}
{"type":"log","timestamp":1701177706525,"level":"debug","message":"pdf-utils running pdf operation merge","meta":{"rootId":"34yt43liexq5f6p","id":"34yt43liexq5f6p"},"id":"u6eq7m7stlxqrb9","previousOperationId":"mey877lvrm6qm89"}
{"type":"operationStart","subtype":"pdfUtilsMerge","name":"pdf utils merge","previousOperationId":"mey877lvrm6qm89","timestamp":1701177706525,"id":"gshkf17co3ey80e","previousEventId":"tyaybtofb5494fh","operationId":"94jhxy382m2fsil"}
{"type":"operationStart","subtype":"render","name":"header-footer","previousOperationId":"94jhxy382m2fsil","timestamp":1701177706526,"id":"bx7axhrwywr8s1l","previousEventId":"gshkf17co3ey80e","operationId":"quuf54iv6j9ea94"}
{"type":"log","timestamp":1701177706526,"level":"info","message":"Starting rendering (child) request","meta":{"rootId":"34yt43liexq5f6p","id":"d3m4863ubp998k8"},"id":"izr3x6yoehg2g0k","previousOperationId":"quuf54iv6j9ea94"}
{"type":"log","timestamp":1701177706526,"level":"info","message":"Rendering template { name: header-footer, recipe: chrome-pdf, engine: handlebars, preview: false }","meta":{"rootId":"34yt43liexq5f6p","id":"d3m4863ubp998k8"},"id":"73qfmyqs8el2ksc","previousOperationId":"quuf54iv6j9ea94"}
{"type":"log","timestamp":1701177706526,"level":"debug","message":"Inline data specified.","meta":{"rootId":"34yt43liexq5f6p","id":"d3m4863ubp998k8"},"id":"walxgfuq3cgercq","previousOperationId":"quuf54iv6j9ea94"}
{"type":"log","timestamp":1701177706526,"level":"debug","message":"Base url not specified, skipping its injection.","meta":{"rootId":"34yt43liexq5f6p","id":"d3m4863ubp998k8"},"id":"zej88ubpm0d2yxr","previousOperationId":"quuf54iv6j9ea94"}
{"type":"operationStart","subtype":"engine","name":"handlebars","timestamp":1701177706527,"id":"d9ffg738k810zxl","previousEventId":"bx7axhrwywr8s1l","operationId":"64m465jl2y1c4ll","previousOperationId":"quuf54iv6j9ea94"}
{"type":"log","timestamp":1701177706527,"level":"debug","message":"Rendering engine handlebars","meta":{"rootId":"34yt43liexq5f6p","id":"d3m4863ubp998k8"},"id":"osabasj89mgej1z","previousOperationId":"64m465jl2y1c4ll"}
{"type":"operationEnd","operationId":"64m465jl2y1c4ll","timestamp":1701177706530,"id":"4cbvryz0x0sg06c","previousEventId":"d9ffg738k810zxl","previousOperationId":"64m465jl2y1c4ll"}
{"type":"operationStart","subtype":"recipe","name":"chrome-pdf","timestamp":1701177706530,"id":"foejq870tvsmwnd","previousEventId":"4cbvryz0x0sg06c","operationId":"8x25k2ts05hskkc","previousOperationId":"64m465jl2y1c4ll"}
{"type":"log","timestamp":1701177706530,"level":"debug","message":"Executing recipe chrome-pdf","meta":{"rootId":"34yt43liexq5f6p","id":"d3m4863ubp998k8"},"id":"a3s3wnil2h55i8m","previousOperationId":"8x25k2ts05hskkc"}
{"type":"log","timestamp":1701177706530,"level":"debug","message":"Converting with chrome HeadlessChrome/117.0.5938.149 using chrome-pool strategy","meta":{"rootId":"34yt43liexq5f6p","id":"d3m4863ubp998k8"},"id":"cv6jw9l52uwyj1j","previousOperationId":"8x25k2ts05hskkc"}
{"type":"log","timestamp":1701177706567,"level":"debug","message":"Page request: GET (document) file:///var/folders/dp/qk79pfcj0y1fmtkkl08m76rc0000gn/T/jsreport/autocleanup/a6f65ac2-596f-4991-8b6d-4f0e0ce3e618-chrome-pdf.html","meta":{"rootId":"34yt43liexq5f6p","id":"d3m4863ubp998k8"},"id":"nst6nrc1ornrxbj","previousOperationId":"8x25k2ts05hskkc"}
{"type":"log","timestamp":1701177706573,"level":"debug","message":"Page request finished: GET (document) 200 file:///var/folders/dp/qk79pfcj0y1fmtkkl08m76rc0000gn/T/jsreport/autocleanup/a6f65ac2-596f-4991-8b6d-4f0e0ce3e618-chrome-pdf.html","meta":{"rootId":"34yt43liexq5f6p","id":"d3m4863ubp998k8"},"id":"pbj5wkaexbi941b","previousOperationId":"8x25k2ts05hskkc"}
{"type":"log","timestamp":1701177706582,"level":"debug","message":"Running chrome with params {\"timeout\":59868,\"margin\":{},\"printBackground\":true}","meta":{"rootId":"34yt43liexq5f6p","id":"d3m4863ubp998k8"},"id":"ylbijpk6m3axbdv","previousOperationId":"8x25k2ts05hskkc"}
{"type":"operationEnd","operationId":"8x25k2ts05hskkc","timestamp":1701177706588,"id":"p1f2rxny5s0e0kp","previousEventId":"foejq870tvsmwnd","previousOperationId":"8x25k2ts05hskkc"}
{"type":"log","timestamp":1701177706588,"level":"debug","message":"Skipping storing report.","meta":{"rootId":"34yt43liexq5f6p","id":"d3m4863ubp998k8"},"id":"67xi7s4wqbn4cwp","previousOperationId":"8x25k2ts05hskkc"}
{"type":"log","timestamp":1701177706588,"level":"info","message":"Rendering (child) request finished in 190 ms","meta":{"rootId":"34yt43liexq5f6p","id":"d3m4863ubp998k8"},"id":"t7tek425iqkxatk","previousOperationId":"8x25k2ts05hskkc"}
{"type":"operationEnd","subtype":"render","operationId":"quuf54iv6j9ea94","timestamp":1701177706588,"id":"n1ttm5axetq6yug","previousEventId":"p1f2rxny5s0e0kp","previousOperationId":"8x25k2ts05hskkc"}
{"type":"operationEnd","operationId":"94jhxy382m2fsil","timestamp":1701177706594,"id":"yn8viu7i3r3dsb8","previousEventId":"gshkf17co3ey80e","previousOperationId":"94jhxy382m2fsil"}
{"type":"log","timestamp":1701177706594,"level":"debug","message":"pdf-utils postproces start","meta":{"rootId":"34yt43liexq5f6p","id":"34yt43liexq5f6p"},"id":"o1eyg142zzxoxn8","previousOperationId":"94jhxy382m2fsil"}
{"type":"log","timestamp":1701177706605,"level":"debug","message":"pdf-utils postproces end","meta":{"rootId":"34yt43liexq5f6p","id":"34yt43liexq5f6p"},"id":"f1383cpaergaxcy","previousOperationId":"94jhxy382m2fsil"}
{"type":"operationEnd","operationId":"mey877lvrm6qm89","timestamp":1701177706605,"id":"ptg87mxtf63ijt5","previousEventId":"yn8viu7i3r3dsb8","previousOperationId":"94jhxy382m2fsil"}
{"type":"log","timestamp":1701177706605,"level":"info","message":"pdf-utils pdf processing was finished","meta":{"rootId":"34yt43liexq5f6p","id":"34yt43liexq5f6p"},"id":"8ydlnwp69mrdet3","previousOperationId":"mey877lvrm6qm89"}
{"type":"log","timestamp":1701177706605,"level":"debug","message":"Skipping storing report.","meta":{"rootId":"34yt43liexq5f6p","id":"34yt43liexq5f6p"},"id":"skfhk477x3b4ala","previousOperationId":"mey877lvrm6qm89"}
{"type":"log","timestamp":1701177706605,"level":"info","message":"Rendering request 67 finished in 207 ms","meta":{"rootId":"34yt43liexq5f6p","id":"34yt43liexq5f6p"},"id":"olwwuiqjg4b5mso","previousOperationId":"mey877lvrm6qm89"}
{"type":"operationEnd","subtype":"render","operationId":"qbz503sdjki5eq1","timestamp":1701177706605,"id":"x7sjn8ly21gx7zy","previousEventId":"ptg87mxtf63ijt5","previousOperationId":"mey877lvrm6qm89"}
{"type":"operationEnd","doDiffs":false,"previousEventId":"j1wxici504ak14r","previousOperationId":"q0o91dlnwhzigs8","operationId":"q0o91dlnwhzigs8","timestamp":1701177706606,"id":"m3iv4047a4dq7n8"}
