{"type":"operationStart","subtype":"profile","data":{"_id":"RA5OsxGkVBImJ92z","timestamp":"2023-11-28T13:06:30.979Z","state":"queued","mode":"standard","creationDate":"2023-11-28T13:06:30.985Z","modificationDate":"2023-11-28T13:06:30.985Z","shortid":"iHu-9E6","$entitySet":"profiles"},"doDiffs":false,"timestamp":1701176790983,"id":"13onovjjalfwssx","previousOperationId":null,"operationId":"5pcugvnnvgwym0t"}
{"type":"log","level":"info","message":"Render request 63 queued for execution and waiting for available worker","previousOperationId":"5pcugvnnvgwym0t","timestamp":1701176790984,"id":"vsegnsfnc83wz04"}
{"type":"operationStart","subtype":"render","name":"index_zahtev","previousOperationId":"5pcugvnnvgwym0t","timestamp":1701176791002,"id":"pgzerzbctoq2904","previousEventId":"13onovjjalfwssx","operationId":"x8hr3ecjxoei23i"}
{"type":"log","timestamp":1701176791002,"level":"info","message":"Starting rendering request 63","meta":{"rootId":"4d838qlptbvhyi8","id":"4d838qlptbvhyi8"},"id":"gmfh7gj8whs08q0","previousOperationId":"x8hr3ecjxoei23i"}
{"type":"log","timestamp":1701176791003,"level":"info","message":"Rendering template { name: index_zahtev, recipe: chrome-pdf, engine: handlebars, preview: true }","meta":{"rootId":"4d838qlptbvhyi8","id":"4d838qlptbvhyi8"},"id":"7gou65misvgtcem","previousOperationId":"x8hr3ecjxoei23i"}
{"type":"log","timestamp":1701176791004,"level":"debug","message":"Adding sample data -L42wIqB2","meta":{"rootId":"4d838qlptbvhyi8","id":"4d838qlptbvhyi8"},"id":"r0im3ashtp4zo58","previousOperationId":"x8hr3ecjxoei23i"}
{"type":"log","timestamp":1701176791005,"level":"debug","message":"Base url not specified, skipping its injection.","meta":{"rootId":"4d838qlptbvhyi8","id":"4d838qlptbvhyi8"},"id":"tmggnff973i5hik","previousOperationId":"x8hr3ecjxoei23i"}
{"type":"log","timestamp":1701176791007,"level":"debug","message":"Replaced assets [\"styles.css\"]","meta":{"rootId":"4d838qlptbvhyi8","id":"4d838qlptbvhyi8"},"id":"85cdmw23bi8k6k8","previousOperationId":"x8hr3ecjxoei23i"}
{"type":"operationStart","subtype":"engine","name":"handlebars","timestamp":1701176791007,"id":"afne3rjt46e8sqo","previousEventId":"pgzerzbctoq2904","operationId":"vxx78xcgyx7zvwj","previousOperationId":"x8hr3ecjxoei23i"}
{"type":"log","timestamp":1701176791007,"level":"debug","message":"Rendering engine handlebars","meta":{"rootId":"4d838qlptbvhyi8","id":"4d838qlptbvhyi8"},"id":"abwdfjpb71j6l5u","previousOperationId":"vxx78xcgyx7zvwj"}
{"type":"operationEnd","operationId":"vxx78xcgyx7zvwj","timestamp":1701176791015,"id":"w5gqez1kddaynd3","previousEventId":"afne3rjt46e8sqo","previousOperationId":"vxx78xcgyx7zvwj"}
{"type":"operationStart","subtype":"recipe","name":"chrome-pdf","timestamp":1701176791016,"id":"8zvmoktesx6xrea","previousEventId":"w5gqez1kddaynd3","operationId":"k1myaf1v693cf6c","previousOperationId":"vxx78xcgyx7zvwj"}
{"type":"log","timestamp":1701176791016,"level":"debug","message":"Executing recipe chrome-pdf","meta":{"rootId":"4d838qlptbvhyi8","id":"4d838qlptbvhyi8"},"id":"w3dv7mckld8buli","previousOperationId":"k1myaf1v693cf6c"}
{"type":"log","timestamp":1701176791018,"level":"debug","message":"Converting with chrome HeadlessChrome/117.0.5938.149 using chrome-pool strategy","meta":{"rootId":"4d838qlptbvhyi8","id":"4d838qlptbvhyi8"},"id":"ae5drypiy72b5iw","previousOperationId":"k1myaf1v693cf6c"}
{"type":"log","timestamp":1701176791085,"level":"debug","message":"Page request: GET (document) file:///var/folders/dp/qk79pfcj0y1fmtkkl08m76rc0000gn/T/jsreport/autocleanup/37643ff5-ffcd-433e-8af8-d6ee1689d247-chrome-pdf.html","meta":{"rootId":"4d838qlptbvhyi8","id":"4d838qlptbvhyi8"},"id":"u9xpr3fl02d1aeu","previousOperationId":"k1myaf1v693cf6c"}
{"type":"log","timestamp":1701176791090,"level":"debug","message":"Page request finished: GET (document) 200 file:///var/folders/dp/qk79pfcj0y1fmtkkl08m76rc0000gn/T/jsreport/autocleanup/37643ff5-ffcd-433e-8af8-d6ee1689d247-chrome-pdf.html","meta":{"rootId":"4d838qlptbvhyi8","id":"4d838qlptbvhyi8"},"id":"9mj3yrj0oxbgb7k","previousOperationId":"k1myaf1v693cf6c"}
{"type":"log","timestamp":1701176791098,"level":"debug","message":"Running chrome with params {\"printBackground\":true,\"marginTop\":\"2cm\",\"marginBottom\":\"2cm\",\"timeout\":59961,\"margin\":{\"top\":\"2cm\",\"bottom\":\"2cm\"}}","meta":{"rootId":"4d838qlptbvhyi8","id":"4d838qlptbvhyi8"},"id":"xd1uhav47jie761","previousOperationId":"k1myaf1v693cf6c"}
{"type":"operationEnd","operationId":"k1myaf1v693cf6c","timestamp":1701176791125,"id":"cbwrq6vge8lxw59","previousEventId":"8zvmoktesx6xrea","previousOperationId":"k1myaf1v693cf6c"}
{"type":"log","timestamp":1701176791125,"level":"info","message":"pdf-utils is starting pdf processing","meta":{"rootId":"4d838qlptbvhyi8","id":"4d838qlptbvhyi8"},"id":"gkn74mo8l9gmmfm","previousOperationId":"k1myaf1v693cf6c"}
{"type":"operationStart","subtype":"pdfUtils","name":"pdf utils","timestamp":1701176791125,"id":"9ub1an8witunsa1","previousEventId":"cbwrq6vge8lxw59","operationId":"7afnv6pq17c4ljp","previousOperationId":"k1myaf1v693cf6c"}
{"type":"log","timestamp":1701176791125,"level":"debug","message":"pdf-utils detected 1 pdf operation(s) to process","meta":{"rootId":"4d838qlptbvhyi8","id":"4d838qlptbvhyi8"},"id":"jwmlsd5wmtk4w8a","previousOperationId":"7afnv6pq17c4ljp"}
{"type":"log","timestamp":1701176791162,"level":"debug","message":"pdf-utils running pdf operation merge","meta":{"rootId":"4d838qlptbvhyi8","id":"4d838qlptbvhyi8"},"id":"ndbv6dxu7kem6xj","previousOperationId":"7afnv6pq17c4ljp"}
{"type":"operationStart","subtype":"pdfUtilsMerge","name":"pdf utils merge","previousOperationId":"7afnv6pq17c4ljp","timestamp":1701176791162,"id":"4j2pdyto6bhmb71","previousEventId":"9ub1an8witunsa1","operationId":"v90e2dgk2z7iqnm"}
{"type":"operationStart","subtype":"render","name":"header-footer","previousOperationId":"v90e2dgk2z7iqnm","timestamp":1701176791162,"id":"04qoxu2vjw08bmt","previousEventId":"4j2pdyto6bhmb71","operationId":"0ykk9qvbccd26h3"}
{"type":"log","timestamp":1701176791162,"level":"info","message":"Starting rendering (child) request","meta":{"rootId":"4d838qlptbvhyi8","id":"rijdgqs63wueziy"},"id":"v35fy51yhvxqgun","previousOperationId":"0ykk9qvbccd26h3"}
{"type":"log","timestamp":1701176791163,"level":"info","message":"Rendering template { name: header-footer, recipe: chrome-pdf, engine: handlebars, preview: true }","meta":{"rootId":"4d838qlptbvhyi8","id":"rijdgqs63wueziy"},"id":"2szcb7bh5vpcr9r","previousOperationId":"0ykk9qvbccd26h3"}
{"type":"log","timestamp":1701176791163,"level":"debug","message":"Inline data specified.","meta":{"rootId":"4d838qlptbvhyi8","id":"rijdgqs63wueziy"},"id":"7admi80jz1bhkh5","previousOperationId":"0ykk9qvbccd26h3"}
{"type":"log","timestamp":1701176791164,"level":"debug","message":"Base url not specified, skipping its injection.","meta":{"rootId":"4d838qlptbvhyi8","id":"rijdgqs63wueziy"},"id":"ytwpasycnp8g2bu","previousOperationId":"0ykk9qvbccd26h3"}
{"type":"operationStart","subtype":"engine","name":"handlebars","timestamp":1701176791164,"id":"yfzevsei4w0j094","previousEventId":"04qoxu2vjw08bmt","operationId":"kw834au2g2pead4","previousOperationId":"0ykk9qvbccd26h3"}
{"type":"log","timestamp":1701176791164,"level":"debug","message":"Rendering engine handlebars","meta":{"rootId":"4d838qlptbvhyi8","id":"rijdgqs63wueziy"},"id":"modrm45vh6cy3ld","previousOperationId":"kw834au2g2pead4"}
{"type":"operationEnd","operationId":"kw834au2g2pead4","timestamp":1701176791167,"id":"c15kv0r0wkkl16n","previousEventId":"yfzevsei4w0j094","previousOperationId":"kw834au2g2pead4"}
{"type":"operationStart","subtype":"recipe","name":"chrome-pdf","timestamp":1701176791167,"id":"54xvbwbwv9f2ph4","previousEventId":"c15kv0r0wkkl16n","operationId":"08b6oqhtiilvabn","previousOperationId":"kw834au2g2pead4"}
{"type":"log","timestamp":1701176791167,"level":"debug","message":"Executing recipe chrome-pdf","meta":{"rootId":"4d838qlptbvhyi8","id":"rijdgqs63wueziy"},"id":"vko2hhm27ipr0qq","previousOperationId":"08b6oqhtiilvabn"}
{"type":"log","timestamp":1701176791168,"level":"debug","message":"Converting with chrome HeadlessChrome/117.0.5938.149 using chrome-pool strategy","meta":{"rootId":"4d838qlptbvhyi8","id":"rijdgqs63wueziy"},"id":"1z95xkcygr44psi","previousOperationId":"08b6oqhtiilvabn"}
{"type":"log","timestamp":1701176791206,"level":"debug","message":"Page request: GET (document) file:///var/folders/dp/qk79pfcj0y1fmtkkl08m76rc0000gn/T/jsreport/autocleanup/41c0a4e8-ee86-4eb9-b3de-c6bf0a38dda0-chrome-pdf.html","meta":{"rootId":"4d838qlptbvhyi8","id":"rijdgqs63wueziy"},"id":"o90vhvmxbcvgimt","previousOperationId":"08b6oqhtiilvabn"}
{"type":"log","timestamp":1701176791211,"level":"debug","message":"Page request finished: GET (document) 200 file:///var/folders/dp/qk79pfcj0y1fmtkkl08m76rc0000gn/T/jsreport/autocleanup/41c0a4e8-ee86-4eb9-b3de-c6bf0a38dda0-chrome-pdf.html","meta":{"rootId":"4d838qlptbvhyi8","id":"rijdgqs63wueziy"},"id":"wwji0a27py2ti4s","previousOperationId":"08b6oqhtiilvabn"}
{"type":"log","timestamp":1701176791217,"level":"debug","message":"Running chrome with params {\"timeout\":59810,\"margin\":{},\"printBackground\":true}","meta":{"rootId":"4d838qlptbvhyi8","id":"rijdgqs63wueziy"},"id":"px2r2qmhgg369dj","previousOperationId":"08b6oqhtiilvabn"}
{"type":"operationEnd","operationId":"08b6oqhtiilvabn","timestamp":1701176791223,"id":"3fctbir2bnebgx5","previousEventId":"54xvbwbwv9f2ph4","previousOperationId":"08b6oqhtiilvabn"}
{"type":"log","timestamp":1701176791223,"level":"debug","message":"Skipping storing report.","meta":{"rootId":"4d838qlptbvhyi8","id":"rijdgqs63wueziy"},"id":"3zi0zhkrm6a8pnf","previousOperationId":"08b6oqhtiilvabn"}
{"type":"log","timestamp":1701176791223,"level":"info","message":"Rendering (child) request finished in 245 ms","meta":{"rootId":"4d838qlptbvhyi8","id":"rijdgqs63wueziy"},"id":"4nv3lqebjkc0zoh","previousOperationId":"08b6oqhtiilvabn"}
{"type":"operationEnd","subtype":"render","operationId":"0ykk9qvbccd26h3","timestamp":1701176791223,"id":"0g8cll7n1y20igc","previousEventId":"3fctbir2bnebgx5","previousOperationId":"08b6oqhtiilvabn"}
{"type":"operationEnd","operationId":"v90e2dgk2z7iqnm","timestamp":1701176791229,"id":"49jt26tuk2eeid0","previousEventId":"4j2pdyto6bhmb71","previousOperationId":"v90e2dgk2z7iqnm"}
{"type":"log","timestamp":1701176791229,"level":"debug","message":"pdf-utils postproces start","meta":{"rootId":"4d838qlptbvhyi8","id":"4d838qlptbvhyi8"},"id":"tl1a0gppu398ggt","previousOperationId":"v90e2dgk2z7iqnm"}
{"type":"log","timestamp":1701176791240,"level":"debug","message":"pdf-utils postproces end","meta":{"rootId":"4d838qlptbvhyi8","id":"4d838qlptbvhyi8"},"id":"doykn87zh4wllpv","previousOperationId":"v90e2dgk2z7iqnm"}
{"type":"operationEnd","operationId":"7afnv6pq17c4ljp","timestamp":1701176791241,"id":"jaokwl29p1n6y7n","previousEventId":"49jt26tuk2eeid0","previousOperationId":"v90e2dgk2z7iqnm"}
{"type":"log","timestamp":1701176791241,"level":"info","message":"pdf-utils pdf processing was finished","meta":{"rootId":"4d838qlptbvhyi8","id":"4d838qlptbvhyi8"},"id":"uxzhzxz650avox4","previousOperationId":"7afnv6pq17c4ljp"}
{"type":"log","timestamp":1701176791241,"level":"debug","message":"Skipping storing report.","meta":{"rootId":"4d838qlptbvhyi8","id":"4d838qlptbvhyi8"},"id":"zjbbjnfwdk7b42j","previousOperationId":"7afnv6pq17c4ljp"}
{"type":"log","timestamp":1701176791241,"level":"info","message":"Rendering request 63 finished in 263 ms","meta":{"rootId":"4d838qlptbvhyi8","id":"4d838qlptbvhyi8"},"id":"z7cg5rwi375ovdt","previousOperationId":"7afnv6pq17c4ljp"}
{"type":"operationEnd","subtype":"render","operationId":"x8hr3ecjxoei23i","timestamp":1701176791241,"id":"9qnru8qn77uj8wd","previousEventId":"jaokwl29p1n6y7n","previousOperationId":"7afnv6pq17c4ljp"}
{"type":"operationEnd","doDiffs":false,"previousEventId":"13onovjjalfwssx","previousOperationId":"5pcugvnnvgwym0t","operationId":"5pcugvnnvgwym0t","timestamp":1701176791243,"id":"moa2u5fhh76mse1"}
