{"type":"operationStart","subtype":"profile","data":{"_id":"eVZTLNEJrHIkhI69","timestamp":"2023-11-24T10:51:46.104Z","state":"queued","mode":"standard","creationDate":"2023-11-24T10:51:46.109Z","modificationDate":"2023-11-24T10:51:46.109Z","shortid":"9kBIEvO","$entitySet":"profiles"},"doDiffs":false,"timestamp":1700823106106,"id":"ovbkat4w4kr9fmg","previousOperationId":null,"operationId":"g9sspu5qe8g3zcm"}
{"type":"log","level":"info","message":"Render request 12 queued for execution and waiting for available worker","previousOperationId":"g9sspu5qe8g3zcm","timestamp":1700823106106,"id":"66q0t7styqup0m8"}
{"type":"operationStart","subtype":"render","name":"index_zahtev","previousOperationId":"g9sspu5qe8g3zcm","timestamp":1700823106126,"id":"1gxfba7vyc5rj85","previousEventId":"ovbkat4w4kr9fmg","operationId":"6ybn3ymc8x1r725"}
{"type":"log","timestamp":1700823106127,"level":"info","message":"Starting rendering request 12","meta":{"rootId":"5obp5s2fy7215xf","id":"5obp5s2fy7215xf"},"id":"by8imvnly22ycyc","previousOperationId":"6ybn3ymc8x1r725"}
{"type":"log","timestamp":1700823106127,"level":"info","message":"Rendering template { name: index_zahtev, recipe: chrome-pdf, engine: handlebars, preview: true }","meta":{"rootId":"5obp5s2fy7215xf","id":"5obp5s2fy7215xf"},"id":"9wq261nnjlkk6t2","previousOperationId":"6ybn3ymc8x1r725"}
{"type":"log","timestamp":1700823106127,"level":"debug","message":"Adding sample data -L42wIqB2","meta":{"rootId":"5obp5s2fy7215xf","id":"5obp5s2fy7215xf"},"id":"i1ztnukrg6chkqo","previousOperationId":"6ybn3ymc8x1r725"}
{"type":"log","timestamp":1700823106129,"level":"debug","message":"Base url not specified, skipping its injection.","meta":{"rootId":"5obp5s2fy7215xf","id":"5obp5s2fy7215xf"},"id":"r9tyfn8h082cbsy","previousOperationId":"6ybn3ymc8x1r725"}
{"type":"log","timestamp":1700823106131,"level":"debug","message":"Replaced assets [\"styles.css\"]","meta":{"rootId":"5obp5s2fy7215xf","id":"5obp5s2fy7215xf"},"id":"ykrd962c2jtrs1m","previousOperationId":"6ybn3ymc8x1r725"}
{"type":"operationStart","subtype":"engine","name":"handlebars","timestamp":1700823106131,"id":"7798asujr4s6yq9","previousEventId":"1gxfba7vyc5rj85","operationId":"mf4mtyxoqigose0","previousOperationId":"6ybn3ymc8x1r725"}
{"type":"log","timestamp":1700823106131,"level":"debug","message":"Rendering engine handlebars","meta":{"rootId":"5obp5s2fy7215xf","id":"5obp5s2fy7215xf"},"id":"mfba541126vs62i","previousOperationId":"mf4mtyxoqigose0"}
{"type":"operationEnd","operationId":"mf4mtyxoqigose0","timestamp":1700823106162,"id":"is1i5pw9qaeryhf","previousEventId":"7798asujr4s6yq9","previousOperationId":"mf4mtyxoqigose0"}
{"type":"operationStart","subtype":"recipe","name":"chrome-pdf","timestamp":1700823106163,"id":"5390g6rq8za3g0s","previousEventId":"is1i5pw9qaeryhf","operationId":"c0oodq84vw5hjlr","previousOperationId":"mf4mtyxoqigose0"}
{"type":"log","timestamp":1700823106163,"level":"debug","message":"Executing recipe chrome-pdf","meta":{"rootId":"5obp5s2fy7215xf","id":"5obp5s2fy7215xf"},"id":"h0owz0oaso7vx2r","previousOperationId":"c0oodq84vw5hjlr"}
{"type":"log","timestamp":1700823106460,"level":"debug","message":"Converting with chrome HeadlessChrome/117.0.5938.149 using chrome-pool strategy","meta":{"rootId":"5obp5s2fy7215xf","id":"5obp5s2fy7215xf"},"id":"o3in6vj5fi6ks8a","previousOperationId":"c0oodq84vw5hjlr"}
{"type":"log","timestamp":1700823106506,"level":"debug","message":"Page request: GET (document) file:///var/folders/dp/qk79pfcj0y1fmtkkl08m76rc0000gn/T/jsreport/autocleanup/44f65efd-199c-4aa2-9a9d-81408085a856-chrome-pdf.html","meta":{"rootId":"5obp5s2fy7215xf","id":"5obp5s2fy7215xf"},"id":"s1hr1eof21ahbfw","previousOperationId":"c0oodq84vw5hjlr"}
{"type":"log","timestamp":1700823106512,"level":"debug","message":"Page request finished: GET (document) 200 file:///var/folders/dp/qk79pfcj0y1fmtkkl08m76rc0000gn/T/jsreport/autocleanup/44f65efd-199c-4aa2-9a9d-81408085a856-chrome-pdf.html","meta":{"rootId":"5obp5s2fy7215xf","id":"5obp5s2fy7215xf"},"id":"b34p21vv6t96aiq","previousOperationId":"c0oodq84vw5hjlr"}
{"type":"log","timestamp":1700823106522,"level":"debug","message":"Running chrome with params {\"printBackground\":true,\"marginTop\":\"2cm\",\"marginBottom\":\"2cm\",\"timeout\":59937,\"margin\":{\"top\":\"2cm\",\"bottom\":\"2cm\"}}","meta":{"rootId":"5obp5s2fy7215xf","id":"5obp5s2fy7215xf"},"id":"jlqnyjog7h83o2a","previousOperationId":"c0oodq84vw5hjlr"}
{"type":"operationEnd","operationId":"c0oodq84vw5hjlr","timestamp":1700823106549,"id":"ggcw217som6v2t6","previousEventId":"5390g6rq8za3g0s","previousOperationId":"c0oodq84vw5hjlr"}
{"type":"log","timestamp":1700823106549,"level":"info","message":"pdf-utils is starting pdf processing","meta":{"rootId":"5obp5s2fy7215xf","id":"5obp5s2fy7215xf"},"id":"ntnw774pivsxofh","previousOperationId":"c0oodq84vw5hjlr"}
{"type":"operationStart","subtype":"pdfUtils","name":"pdf utils","timestamp":1700823106642,"id":"lziik8561gsv0lq","previousEventId":"ggcw217som6v2t6","operationId":"0mak3tb8e29cw2c","previousOperationId":"c0oodq84vw5hjlr"}
{"type":"log","timestamp":1700823106642,"level":"debug","message":"pdf-utils detected 1 pdf operation(s) to process","meta":{"rootId":"5obp5s2fy7215xf","id":"5obp5s2fy7215xf"},"id":"08fo1xjc0xp27bm","previousOperationId":"0mak3tb8e29cw2c"}
{"type":"log","timestamp":1700823106709,"level":"debug","message":"pdf-utils running pdf operation merge","meta":{"rootId":"5obp5s2fy7215xf","id":"5obp5s2fy7215xf"},"id":"y2l0wke1groguhn","previousOperationId":"0mak3tb8e29cw2c"}
{"type":"operationStart","subtype":"pdfUtilsMerge","name":"pdf utils merge","previousOperationId":"0mak3tb8e29cw2c","timestamp":1700823106709,"id":"kujah2wq73fh9ya","previousEventId":"lziik8561gsv0lq","operationId":"yzshx924wwqjr7f"}
{"type":"operationStart","subtype":"render","name":"header-footer","previousOperationId":"yzshx924wwqjr7f","timestamp":1700823106710,"id":"4leb79rrr6yjkq8","previousEventId":"kujah2wq73fh9ya","operationId":"g45dfgjz6nnvnlj"}
{"type":"log","timestamp":1700823106710,"level":"info","message":"Starting rendering (child) request","meta":{"rootId":"5obp5s2fy7215xf","id":"nnd35pyipomjfup"},"id":"40anzx4gilpcn49","previousOperationId":"g45dfgjz6nnvnlj"}
{"type":"log","timestamp":1700823106710,"level":"info","message":"Rendering template { name: header-footer, recipe: chrome-pdf, engine: handlebars, preview: true }","meta":{"rootId":"5obp5s2fy7215xf","id":"nnd35pyipomjfup"},"id":"og7lrkl6lxx1d1g","previousOperationId":"g45dfgjz6nnvnlj"}
{"type":"log","timestamp":1700823106712,"level":"debug","message":"Inline data specified.","meta":{"rootId":"5obp5s2fy7215xf","id":"nnd35pyipomjfup"},"id":"rmjht96iwlnmb67","previousOperationId":"g45dfgjz6nnvnlj"}
{"type":"log","timestamp":1700823106712,"level":"debug","message":"Base url not specified, skipping its injection.","meta":{"rootId":"5obp5s2fy7215xf","id":"nnd35pyipomjfup"},"id":"2d8uhtztf2utert","previousOperationId":"g45dfgjz6nnvnlj"}
{"type":"operationStart","subtype":"engine","name":"handlebars","timestamp":1700823106712,"id":"36hgg6fyp702yy5","previousEventId":"4leb79rrr6yjkq8","operationId":"sjih06or3kdceh5","previousOperationId":"g45dfgjz6nnvnlj"}
{"type":"log","timestamp":1700823106712,"level":"debug","message":"Rendering engine handlebars","meta":{"rootId":"5obp5s2fy7215xf","id":"nnd35pyipomjfup"},"id":"61lqgtyg9hq27b1","previousOperationId":"sjih06or3kdceh5"}
{"type":"operationEnd","operationId":"sjih06or3kdceh5","timestamp":1700823106798,"id":"96zfsye6yickhty","previousEventId":"36hgg6fyp702yy5","previousOperationId":"sjih06or3kdceh5"}
{"type":"operationStart","subtype":"recipe","name":"chrome-pdf","timestamp":1700823106798,"id":"uz0h83n6l0ypq1x","previousEventId":"96zfsye6yickhty","operationId":"wnxxmfyom41x3er","previousOperationId":"sjih06or3kdceh5"}
{"type":"log","timestamp":1700823106798,"level":"debug","message":"Executing recipe chrome-pdf","meta":{"rootId":"5obp5s2fy7215xf","id":"nnd35pyipomjfup"},"id":"tn6fo0zwb0e3nie","previousOperationId":"wnxxmfyom41x3er"}
{"type":"log","timestamp":1700823106800,"level":"debug","message":"Converting with chrome HeadlessChrome/117.0.5938.149 using chrome-pool strategy","meta":{"rootId":"5obp5s2fy7215xf","id":"nnd35pyipomjfup"},"id":"4a64gaqm9a87cgx","previousOperationId":"wnxxmfyom41x3er"}
{"type":"log","timestamp":1700823106852,"level":"debug","message":"Page request: GET (document) file:///var/folders/dp/qk79pfcj0y1fmtkkl08m76rc0000gn/T/jsreport/autocleanup/23d9f3b0-d728-4563-a369-f117787e79e8-chrome-pdf.html","meta":{"rootId":"5obp5s2fy7215xf","id":"nnd35pyipomjfup"},"id":"r05r46osgt7pinm","previousOperationId":"wnxxmfyom41x3er"}
{"type":"log","timestamp":1700823106857,"level":"debug","message":"Page request finished: GET (document) 200 file:///var/folders/dp/qk79pfcj0y1fmtkkl08m76rc0000gn/T/jsreport/autocleanup/23d9f3b0-d728-4563-a369-f117787e79e8-chrome-pdf.html","meta":{"rootId":"5obp5s2fy7215xf","id":"nnd35pyipomjfup"},"id":"0uv0mj18ik18d3o","previousOperationId":"wnxxmfyom41x3er"}
{"type":"log","timestamp":1700823106862,"level":"debug","message":"Running chrome with params {\"timeout\":59305,\"margin\":{},\"printBackground\":true}","meta":{"rootId":"5obp5s2fy7215xf","id":"nnd35pyipomjfup"},"id":"kaelyek5j5sz50i","previousOperationId":"wnxxmfyom41x3er"}
{"type":"operationEnd","operationId":"wnxxmfyom41x3er","timestamp":1700823106869,"id":"oivpb9gywhvn5df","previousEventId":"uz0h83n6l0ypq1x","previousOperationId":"wnxxmfyom41x3er"}
{"type":"log","timestamp":1700823106870,"level":"debug","message":"Skipping storing report.","meta":{"rootId":"5obp5s2fy7215xf","id":"nnd35pyipomjfup"},"id":"1vzmd8lov7sieau","previousOperationId":"wnxxmfyom41x3er"}
{"type":"log","timestamp":1700823106870,"level":"info","message":"Rendering (child) request finished in 766 ms","meta":{"rootId":"5obp5s2fy7215xf","id":"nnd35pyipomjfup"},"id":"kj5k4rmtdzw5gwe","previousOperationId":"wnxxmfyom41x3er"}
{"type":"operationEnd","subtype":"render","operationId":"g45dfgjz6nnvnlj","timestamp":1700823106870,"id":"d0gug631p8245mh","previousEventId":"oivpb9gywhvn5df","previousOperationId":"wnxxmfyom41x3er"}
{"type":"operationEnd","operationId":"yzshx924wwqjr7f","timestamp":1700823106883,"id":"t39nwapjsghy3hv","previousEventId":"kujah2wq73fh9ya","previousOperationId":"yzshx924wwqjr7f"}
{"type":"log","timestamp":1700823106883,"level":"debug","message":"pdf-utils postproces start","meta":{"rootId":"5obp5s2fy7215xf","id":"5obp5s2fy7215xf"},"id":"lmxb6ifge8xvob9","previousOperationId":"yzshx924wwqjr7f"}
{"type":"log","timestamp":1700823106897,"level":"debug","message":"pdf-utils postproces end","meta":{"rootId":"5obp5s2fy7215xf","id":"5obp5s2fy7215xf"},"id":"qegw3nvlrjkljhg","previousOperationId":"yzshx924wwqjr7f"}
{"type":"operationEnd","operationId":"0mak3tb8e29cw2c","timestamp":1700823106897,"id":"0fwq6c7x8suu6md","previousEventId":"t39nwapjsghy3hv","previousOperationId":"yzshx924wwqjr7f"}
{"type":"log","timestamp":1700823106897,"level":"info","message":"pdf-utils pdf processing was finished","meta":{"rootId":"5obp5s2fy7215xf","id":"5obp5s2fy7215xf"},"id":"9d2sabspno8bcbc","previousOperationId":"0mak3tb8e29cw2c"}
{"type":"log","timestamp":1700823106897,"level":"debug","message":"Skipping storing report.","meta":{"rootId":"5obp5s2fy7215xf","id":"5obp5s2fy7215xf"},"id":"kawjtw591tq5vfc","previousOperationId":"0mak3tb8e29cw2c"}
{"type":"log","timestamp":1700823106898,"level":"info","message":"Rendering request 12 finished in 794 ms","meta":{"rootId":"5obp5s2fy7215xf","id":"5obp5s2fy7215xf"},"id":"b7duf3juhjvkqah","previousOperationId":"0mak3tb8e29cw2c"}
{"type":"operationEnd","subtype":"render","operationId":"6ybn3ymc8x1r725","timestamp":1700823106898,"id":"l7k3pmbw1pcfjrj","previousEventId":"0fwq6c7x8suu6md","previousOperationId":"0mak3tb8e29cw2c"}
{"type":"operationEnd","doDiffs":false,"previousEventId":"ovbkat4w4kr9fmg","previousOperationId":"g9sspu5qe8g3zcm","operationId":"g9sspu5qe8g3zcm","timestamp":1700823106900,"id":"8rmydnmidfnmyia"}
