{"type":"operationStart","subtype":"profile","data":{"_id":"uJyDM0tJZcCv2z2v","timestamp":"2023-12-01T09:47:54.487Z","state":"queued","mode":"standard","creationDate":"2023-12-01T09:47:54.493Z","modificationDate":"2023-12-01T09:47:54.493Z","shortid":"kq4yAG1","$entitySet":"profiles"},"doDiffs":false,"timestamp":1701424074489,"id":"54g9nk5c7vrvpdc","previousOperationId":null,"operationId":"l1xhg9t7w49nowe"}
{"type":"log","level":"info","message":"Render request 64 queued for execution and waiting for available worker","previousOperationId":"l1xhg9t7w49nowe","timestamp":1701424074491,"id":"zdwynois6viknk0"}
{"type":"operationStart","subtype":"render","name":"index_zahtev","previousOperationId":"l1xhg9t7w49nowe","timestamp":1701424074511,"id":"wvagen2ose9884s","previousEventId":"54g9nk5c7vrvpdc","operationId":"zudz3iaodejq31c"}
{"type":"log","timestamp":1701424074512,"level":"info","message":"Starting rendering request 64","meta":{"rootId":"6c4j76hd5y3naad","id":"6c4j76hd5y3naad"},"id":"vp3fd1nbiwsxgij","previousOperationId":"zudz3iaodejq31c"}
{"type":"log","timestamp":1701424074512,"level":"info","message":"Rendering template { name: index_zahtev, recipe: chrome-pdf, engine: handlebars, preview: true }","meta":{"rootId":"6c4j76hd5y3naad","id":"6c4j76hd5y3naad"},"id":"95u411kwiptukj1","previousOperationId":"zudz3iaodejq31c"}
{"type":"log","timestamp":1701424074517,"level":"debug","message":"Inline data specified.","meta":{"rootId":"6c4j76hd5y3naad","id":"6c4j76hd5y3naad"},"id":"us1dp8cu97pk6x8","previousOperationId":"zudz3iaodejq31c"}
{"type":"log","timestamp":1701424074523,"level":"debug","message":"Base url not specified, skipping its injection.","meta":{"rootId":"6c4j76hd5y3naad","id":"6c4j76hd5y3naad"},"id":"2pfr4vif98x9w2a","previousOperationId":"zudz3iaodejq31c"}
{"type":"log","timestamp":1701424074524,"level":"debug","message":"Replaced assets [\"styles.css\"]","meta":{"rootId":"6c4j76hd5y3naad","id":"6c4j76hd5y3naad"},"id":"9f8m4micwv0lhut","previousOperationId":"zudz3iaodejq31c"}
{"type":"operationStart","subtype":"engine","name":"handlebars","timestamp":1701424074524,"id":"tky9ult4bg8nmc1","previousEventId":"wvagen2ose9884s","operationId":"5fbrf1mhhbwoxqi","previousOperationId":"zudz3iaodejq31c"}
{"type":"log","timestamp":1701424074524,"level":"debug","message":"Rendering engine handlebars","meta":{"rootId":"6c4j76hd5y3naad","id":"6c4j76hd5y3naad"},"id":"hyxgzz24z4kf2j2","previousOperationId":"5fbrf1mhhbwoxqi"}
{"type":"operationEnd","operationId":"5fbrf1mhhbwoxqi","timestamp":1701424074545,"id":"r8hcxv4z4a0tx3w","previousEventId":"tky9ult4bg8nmc1","previousOperationId":"5fbrf1mhhbwoxqi"}
{"type":"operationStart","subtype":"recipe","name":"chrome-pdf","timestamp":1701424074545,"id":"1mddpdfs2q46714","previousEventId":"r8hcxv4z4a0tx3w","operationId":"pe21e5byne3zr0e","previousOperationId":"5fbrf1mhhbwoxqi"}
{"type":"log","timestamp":1701424074545,"level":"debug","message":"Executing recipe chrome-pdf","meta":{"rootId":"6c4j76hd5y3naad","id":"6c4j76hd5y3naad"},"id":"408n9zkt9bo5438","previousOperationId":"pe21e5byne3zr0e"}
{"type":"log","timestamp":1701424074547,"level":"debug","message":"Converting with chrome HeadlessChrome/117.0.5938.149 using chrome-pool strategy","meta":{"rootId":"6c4j76hd5y3naad","id":"6c4j76hd5y3naad"},"id":"jpl7qntptnbyv1c","previousOperationId":"pe21e5byne3zr0e"}
{"type":"log","timestamp":1701424074595,"level":"debug","message":"Page request: GET (document) file:///var/folders/dp/qk79pfcj0y1fmtkkl08m76rc0000gn/T/jsreport/autocleanup/ff56f1f8-9edf-4735-af7e-1cdf24cdfabc-chrome-pdf.html","meta":{"rootId":"6c4j76hd5y3naad","id":"6c4j76hd5y3naad"},"id":"nd56e61b4lrxmal","previousOperationId":"pe21e5byne3zr0e"}
{"type":"log","timestamp":1701424074600,"level":"debug","message":"Page request finished: GET (document) 200 file:///var/folders/dp/qk79pfcj0y1fmtkkl08m76rc0000gn/T/jsreport/autocleanup/ff56f1f8-9edf-4735-af7e-1cdf24cdfabc-chrome-pdf.html","meta":{"rootId":"6c4j76hd5y3naad","id":"6c4j76hd5y3naad"},"id":"xe9ol6g4v3gq6ri","previousOperationId":"pe21e5byne3zr0e"}
{"type":"log","timestamp":1701424074610,"level":"debug","message":"Running chrome with params {\"printBackground\":true,\"marginTop\":\"2cm\",\"marginBottom\":\"2cm\",\"timeout\":59940,\"margin\":{\"top\":\"2cm\",\"bottom\":\"2cm\"}}","meta":{"rootId":"6c4j76hd5y3naad","id":"6c4j76hd5y3naad"},"id":"g7qwwfb51eb8yko","previousOperationId":"pe21e5byne3zr0e"}
{"type":"operationEnd","operationId":"pe21e5byne3zr0e","timestamp":1701424074633,"id":"6hstkh1ltf3bgwv","previousEventId":"1mddpdfs2q46714","previousOperationId":"pe21e5byne3zr0e"}
{"type":"log","timestamp":1701424074633,"level":"info","message":"pdf-utils is starting pdf processing","meta":{"rootId":"6c4j76hd5y3naad","id":"6c4j76hd5y3naad"},"id":"f9ibgme4p87ehow","previousOperationId":"pe21e5byne3zr0e"}
{"type":"operationStart","subtype":"pdfUtils","name":"pdf utils","timestamp":1701424074633,"id":"kedhf3vc2rxe9pn","previousEventId":"6hstkh1ltf3bgwv","operationId":"y1glu5zbb716733","previousOperationId":"pe21e5byne3zr0e"}
{"type":"log","timestamp":1701424074633,"level":"debug","message":"pdf-utils detected 1 pdf operation(s) to process","meta":{"rootId":"6c4j76hd5y3naad","id":"6c4j76hd5y3naad"},"id":"4k74h64bpuz8spk","previousOperationId":"y1glu5zbb716733"}
{"type":"log","timestamp":1701424074661,"level":"debug","message":"pdf-utils running pdf operation merge","meta":{"rootId":"6c4j76hd5y3naad","id":"6c4j76hd5y3naad"},"id":"umbr5j8doj6bwhk","previousOperationId":"y1glu5zbb716733"}
{"type":"operationStart","subtype":"pdfUtilsMerge","name":"pdf utils merge","previousOperationId":"y1glu5zbb716733","timestamp":1701424074661,"id":"cj0kzdf80byaskn","previousEventId":"kedhf3vc2rxe9pn","operationId":"k7p8084fpcgqjcz"}
{"type":"operationStart","subtype":"render","name":"header-footer","previousOperationId":"k7p8084fpcgqjcz","timestamp":1701424074662,"id":"ns6atb3o8uy6pdo","previousEventId":"cj0kzdf80byaskn","operationId":"ytjonm3dkszwjfl"}
{"type":"log","timestamp":1701424074662,"level":"info","message":"Starting rendering (child) request","meta":{"rootId":"6c4j76hd5y3naad","id":"z2pp4ori1jntzog"},"id":"viitshdwkkl5ydy","previousOperationId":"ytjonm3dkszwjfl"}
{"type":"log","timestamp":1701424074662,"level":"info","message":"Rendering template { name: header-footer, recipe: chrome-pdf, engine: handlebars, preview: true }","meta":{"rootId":"6c4j76hd5y3naad","id":"z2pp4ori1jntzog"},"id":"nlgulf00lz1m19f","previousOperationId":"ytjonm3dkszwjfl"}
{"type":"log","timestamp":1701424074662,"level":"debug","message":"Inline data specified.","meta":{"rootId":"6c4j76hd5y3naad","id":"z2pp4ori1jntzog"},"id":"gi7ma6482pjfbco","previousOperationId":"ytjonm3dkszwjfl"}
{"type":"log","timestamp":1701424074662,"level":"debug","message":"Base url not specified, skipping its injection.","meta":{"rootId":"6c4j76hd5y3naad","id":"z2pp4ori1jntzog"},"id":"jbby7nsqq5irzn9","previousOperationId":"ytjonm3dkszwjfl"}
{"type":"operationStart","subtype":"engine","name":"handlebars","timestamp":1701424074662,"id":"39apth8cc5i4py0","previousEventId":"ns6atb3o8uy6pdo","operationId":"u7c9dekvixp8loi","previousOperationId":"ytjonm3dkszwjfl"}
{"type":"log","timestamp":1701424074662,"level":"debug","message":"Rendering engine handlebars","meta":{"rootId":"6c4j76hd5y3naad","id":"z2pp4ori1jntzog"},"id":"buxhjbr0eho5viv","previousOperationId":"u7c9dekvixp8loi"}
{"type":"operationEnd","operationId":"u7c9dekvixp8loi","timestamp":1701424074665,"id":"6wsnl2gelyzjkso","previousEventId":"39apth8cc5i4py0","previousOperationId":"u7c9dekvixp8loi"}
{"type":"operationStart","subtype":"recipe","name":"chrome-pdf","timestamp":1701424074665,"id":"gteen9eium7pbkq","previousEventId":"6wsnl2gelyzjkso","operationId":"hcszqhmklu0x6c0","previousOperationId":"u7c9dekvixp8loi"}
{"type":"log","timestamp":1701424074665,"level":"debug","message":"Executing recipe chrome-pdf","meta":{"rootId":"6c4j76hd5y3naad","id":"z2pp4ori1jntzog"},"id":"j6jia4isl37pd7g","previousOperationId":"hcszqhmklu0x6c0"}
{"type":"log","timestamp":1701424074666,"level":"debug","message":"Converting with chrome HeadlessChrome/117.0.5938.149 using chrome-pool strategy","meta":{"rootId":"6c4j76hd5y3naad","id":"z2pp4ori1jntzog"},"id":"latv82oxtjqo1d2","previousOperationId":"hcszqhmklu0x6c0"}
{"type":"log","timestamp":1701424074703,"level":"debug","message":"Page request: GET (document) file:///var/folders/dp/qk79pfcj0y1fmtkkl08m76rc0000gn/T/jsreport/autocleanup/64c55b08-c9d0-4c13-9c01-2cc5f494dfa1-chrome-pdf.html","meta":{"rootId":"6c4j76hd5y3naad","id":"z2pp4ori1jntzog"},"id":"vkt20k8awo86077","previousOperationId":"hcszqhmklu0x6c0"}
{"type":"log","timestamp":1701424074708,"level":"debug","message":"Page request finished: GET (document) 200 file:///var/folders/dp/qk79pfcj0y1fmtkkl08m76rc0000gn/T/jsreport/autocleanup/64c55b08-c9d0-4c13-9c01-2cc5f494dfa1-chrome-pdf.html","meta":{"rootId":"6c4j76hd5y3naad","id":"z2pp4ori1jntzog"},"id":"nd6779sat6wna17","previousOperationId":"hcszqhmklu0x6c0"}
{"type":"log","timestamp":1701424074715,"level":"debug","message":"Running chrome with params {\"timeout\":59820,\"margin\":{},\"printBackground\":true}","meta":{"rootId":"6c4j76hd5y3naad","id":"z2pp4ori1jntzog"},"id":"og1g3trmk76fppc","previousOperationId":"hcszqhmklu0x6c0"}
{"type":"operationEnd","operationId":"hcszqhmklu0x6c0","timestamp":1701424074721,"id":"i3c0u8tmzm4mtq3","previousEventId":"gteen9eium7pbkq","previousOperationId":"hcszqhmklu0x6c0"}
{"type":"log","timestamp":1701424074721,"level":"debug","message":"Skipping storing report.","meta":{"rootId":"6c4j76hd5y3naad","id":"z2pp4ori1jntzog"},"id":"c8a4p4hj3ay2kgb","previousOperationId":"hcszqhmklu0x6c0"}
{"type":"log","timestamp":1701424074721,"level":"info","message":"Rendering (child) request finished in 235 ms","meta":{"rootId":"6c4j76hd5y3naad","id":"z2pp4ori1jntzog"},"id":"g20vubaqf8jakyk","previousOperationId":"hcszqhmklu0x6c0"}
{"type":"operationEnd","subtype":"render","operationId":"ytjonm3dkszwjfl","timestamp":1701424074721,"id":"fra3miud3a1mxb6","previousEventId":"i3c0u8tmzm4mtq3","previousOperationId":"hcszqhmklu0x6c0"}
{"type":"operationEnd","operationId":"k7p8084fpcgqjcz","timestamp":1701424074726,"id":"id1rhhbdvptzraj","previousEventId":"cj0kzdf80byaskn","previousOperationId":"k7p8084fpcgqjcz"}
{"type":"log","timestamp":1701424074726,"level":"debug","message":"pdf-utils postproces start","meta":{"rootId":"6c4j76hd5y3naad","id":"6c4j76hd5y3naad"},"id":"q25sa4878vyczuh","previousOperationId":"k7p8084fpcgqjcz"}
{"type":"log","timestamp":1701424074734,"level":"debug","message":"pdf-utils postproces end","meta":{"rootId":"6c4j76hd5y3naad","id":"6c4j76hd5y3naad"},"id":"u3748j1hchlh9it","previousOperationId":"k7p8084fpcgqjcz"}
{"type":"operationEnd","operationId":"y1glu5zbb716733","timestamp":1701424074734,"id":"cpv44fhdtw3sxt4","previousEventId":"id1rhhbdvptzraj","previousOperationId":"k7p8084fpcgqjcz"}
{"type":"log","timestamp":1701424074734,"level":"info","message":"pdf-utils pdf processing was finished","meta":{"rootId":"6c4j76hd5y3naad","id":"6c4j76hd5y3naad"},"id":"ielivjwxw8qzo7u","previousOperationId":"y1glu5zbb716733"}
{"type":"log","timestamp":1701424074734,"level":"debug","message":"Skipping storing report.","meta":{"rootId":"6c4j76hd5y3naad","id":"6c4j76hd5y3naad"},"id":"3qwdt9et7tr6sy9","previousOperationId":"y1glu5zbb716733"}
{"type":"log","timestamp":1701424074734,"level":"info","message":"Rendering request 64 finished in 248 ms","meta":{"rootId":"6c4j76hd5y3naad","id":"6c4j76hd5y3naad"},"id":"2w74ki0yeahhxn2","previousOperationId":"y1glu5zbb716733"}
{"type":"operationEnd","subtype":"render","operationId":"zudz3iaodejq31c","timestamp":1701424074734,"id":"65blbeazpi2hf93","previousEventId":"cpv44fhdtw3sxt4","previousOperationId":"y1glu5zbb716733"}
{"type":"operationEnd","doDiffs":false,"previousEventId":"54g9nk5c7vrvpdc","previousOperationId":"l1xhg9t7w49nowe","operationId":"l1xhg9t7w49nowe","timestamp":1701424074736,"id":"47t1v53ijm56ift"}
