{"type":"operationStart","subtype":"profile","data":{"_id":"0LqPhfLTrV9iYiqY","timestamp":"2023-12-01T09:52:59.059Z","state":"queued","mode":"standard","creationDate":"2023-12-01T09:52:59.061Z","modificationDate":"2023-12-01T09:52:59.061Z","shortid":"hiBSK-q","$entitySet":"profiles"},"doDiffs":false,"timestamp":1701424379060,"id":"9snnagtktxuzixt","previousOperationId":null,"operationId":"d2in6fqhg7z8ivf"}
{"type":"log","level":"info","message":"Render request 71 queued for execution and waiting for available worker","previousOperationId":"d2in6fqhg7z8ivf","timestamp":1701424379061,"id":"jvnwo1ltdlfe7t3"}
{"type":"operationStart","subtype":"render","name":"index_zahtev","previousOperationId":"d2in6fqhg7z8ivf","timestamp":1701424379074,"id":"der17jw4loxk0w3","previousEventId":"9snnagtktxuzixt","operationId":"6a3lzmc2e6mvgwa"}
{"type":"log","timestamp":1701424379074,"level":"info","message":"Starting rendering request 71","meta":{"rootId":"6mztfqpx96m42kt","id":"6mztfqpx96m42kt"},"id":"d9jvai7unhcum5a","previousOperationId":"6a3lzmc2e6mvgwa"}
{"type":"log","timestamp":1701424379075,"level":"info","message":"Rendering template { name: index_zahtev, recipe: chrome-pdf, engine: handlebars, preview: true }","meta":{"rootId":"6mztfqpx96m42kt","id":"6mztfqpx96m42kt"},"id":"yw3e1utyeqlleyj","previousOperationId":"6a3lzmc2e6mvgwa"}
{"type":"log","timestamp":1701424379076,"level":"debug","message":"Inline data specified.","meta":{"rootId":"6mztfqpx96m42kt","id":"6mztfqpx96m42kt"},"id":"ajqqdxw6xk4unau","previousOperationId":"6a3lzmc2e6mvgwa"}
{"type":"log","timestamp":1701424379077,"level":"debug","message":"Base url not specified, skipping its injection.","meta":{"rootId":"6mztfqpx96m42kt","id":"6mztfqpx96m42kt"},"id":"9k516vcbflfapiy","previousOperationId":"6a3lzmc2e6mvgwa"}
{"type":"log","timestamp":1701424379079,"level":"debug","message":"Replaced assets [\"styles.css\"]","meta":{"rootId":"6mztfqpx96m42kt","id":"6mztfqpx96m42kt"},"id":"70eawfqkqbuvw1r","previousOperationId":"6a3lzmc2e6mvgwa"}
{"type":"operationStart","subtype":"engine","name":"handlebars","timestamp":1701424379079,"id":"koe9v0y3wdsd561","previousEventId":"der17jw4loxk0w3","operationId":"k1qr35arm5kfdgi","previousOperationId":"6a3lzmc2e6mvgwa"}
{"type":"log","timestamp":1701424379079,"level":"debug","message":"Rendering engine handlebars","meta":{"rootId":"6mztfqpx96m42kt","id":"6mztfqpx96m42kt"},"id":"dvk8o6nggkxlhus","previousOperationId":"k1qr35arm5kfdgi"}
{"type":"operationEnd","operationId":"k1qr35arm5kfdgi","timestamp":1701424379084,"id":"h1tmrhhpezwx2jc","previousEventId":"koe9v0y3wdsd561","previousOperationId":"k1qr35arm5kfdgi"}
{"type":"operationStart","subtype":"recipe","name":"chrome-pdf","timestamp":1701424379084,"id":"pr4lty04zyqm9cg","previousEventId":"h1tmrhhpezwx2jc","operationId":"va9008ywbbwoyur","previousOperationId":"k1qr35arm5kfdgi"}
{"type":"log","timestamp":1701424379084,"level":"debug","message":"Executing recipe chrome-pdf","meta":{"rootId":"6mztfqpx96m42kt","id":"6mztfqpx96m42kt"},"id":"wyio1zl8ejxwrge","previousOperationId":"va9008ywbbwoyur"}
{"type":"log","timestamp":1701424379085,"level":"debug","message":"Converting with chrome HeadlessChrome/117.0.5938.149 using chrome-pool strategy","meta":{"rootId":"6mztfqpx96m42kt","id":"6mztfqpx96m42kt"},"id":"vsre0mw2tb20obq","previousOperationId":"va9008ywbbwoyur"}
{"type":"log","timestamp":1701424379134,"level":"debug","message":"Page request: GET (document) file:///var/folders/dp/qk79pfcj0y1fmtkkl08m76rc0000gn/T/jsreport/autocleanup/2b758eaa-73c1-4b95-9f49-c2d318170960-chrome-pdf.html","meta":{"rootId":"6mztfqpx96m42kt","id":"6mztfqpx96m42kt"},"id":"sui522g9x78e0ip","previousOperationId":"va9008ywbbwoyur"}
{"type":"log","timestamp":1701424379139,"level":"debug","message":"Page request finished: GET (document) 200 file:///var/folders/dp/qk79pfcj0y1fmtkkl08m76rc0000gn/T/jsreport/autocleanup/2b758eaa-73c1-4b95-9f49-c2d318170960-chrome-pdf.html","meta":{"rootId":"6mztfqpx96m42kt","id":"6mztfqpx96m42kt"},"id":"1nc76eohecvqz0s","previousOperationId":"va9008ywbbwoyur"}
{"type":"log","timestamp":1701424379150,"level":"debug","message":"Running chrome with params {\"printBackground\":true,\"marginTop\":\"2cm\",\"marginBottom\":\"2cm\",\"timeout\":59975,\"margin\":{\"top\":\"2cm\",\"bottom\":\"2cm\"}}","meta":{"rootId":"6mztfqpx96m42kt","id":"6mztfqpx96m42kt"},"id":"nxuycq5dqfoetj0","previousOperationId":"va9008ywbbwoyur"}
{"type":"operationEnd","operationId":"va9008ywbbwoyur","timestamp":1701424379174,"id":"4j3wpage9tt0lap","previousEventId":"pr4lty04zyqm9cg","previousOperationId":"va9008ywbbwoyur"}
{"type":"log","timestamp":1701424379174,"level":"info","message":"pdf-utils is starting pdf processing","meta":{"rootId":"6mztfqpx96m42kt","id":"6mztfqpx96m42kt"},"id":"m5p13vr9a363aha","previousOperationId":"va9008ywbbwoyur"}
{"type":"operationStart","subtype":"pdfUtils","name":"pdf utils","timestamp":1701424379174,"id":"f0xxe93ihwvayp7","previousEventId":"4j3wpage9tt0lap","operationId":"z9sg06mxqwc9eon","previousOperationId":"va9008ywbbwoyur"}
{"type":"log","timestamp":1701424379174,"level":"debug","message":"pdf-utils detected 1 pdf operation(s) to process","meta":{"rootId":"6mztfqpx96m42kt","id":"6mztfqpx96m42kt"},"id":"ixu00qobeqc2tv5","previousOperationId":"z9sg06mxqwc9eon"}
{"type":"log","timestamp":1701424379195,"level":"debug","message":"pdf-utils running pdf operation merge","meta":{"rootId":"6mztfqpx96m42kt","id":"6mztfqpx96m42kt"},"id":"qs9xu4gqgbm58tx","previousOperationId":"z9sg06mxqwc9eon"}
{"type":"operationStart","subtype":"pdfUtilsMerge","name":"pdf utils merge","previousOperationId":"z9sg06mxqwc9eon","timestamp":1701424379196,"id":"b6u1y9lq90ylb7j","previousEventId":"f0xxe93ihwvayp7","operationId":"a5wqjofa3wepwcf"}
{"type":"operationStart","subtype":"render","name":"header-footer","previousOperationId":"a5wqjofa3wepwcf","timestamp":1701424379196,"id":"k0kkb8okd6zgxas","previousEventId":"b6u1y9lq90ylb7j","operationId":"f500g28i3rsojbf"}
{"type":"log","timestamp":1701424379196,"level":"info","message":"Starting rendering (child) request","meta":{"rootId":"6mztfqpx96m42kt","id":"nd0b8no6ibtkbg4"},"id":"iih0r27oj7sldmy","previousOperationId":"f500g28i3rsojbf"}
{"type":"log","timestamp":1701424379196,"level":"info","message":"Rendering template { name: header-footer, recipe: chrome-pdf, engine: handlebars, preview: true }","meta":{"rootId":"6mztfqpx96m42kt","id":"nd0b8no6ibtkbg4"},"id":"wl2nd1hydcavwr5","previousOperationId":"f500g28i3rsojbf"}
{"type":"log","timestamp":1701424379196,"level":"debug","message":"Inline data specified.","meta":{"rootId":"6mztfqpx96m42kt","id":"nd0b8no6ibtkbg4"},"id":"mf19uvjtc783emq","previousOperationId":"f500g28i3rsojbf"}
{"type":"log","timestamp":1701424379197,"level":"debug","message":"Base url not specified, skipping its injection.","meta":{"rootId":"6mztfqpx96m42kt","id":"nd0b8no6ibtkbg4"},"id":"nf50mnpqs8i431k","previousOperationId":"f500g28i3rsojbf"}
{"type":"operationStart","subtype":"engine","name":"handlebars","timestamp":1701424379197,"id":"gxiczvytc6tixqd","previousEventId":"k0kkb8okd6zgxas","operationId":"r4wtxa91vibr6q3","previousOperationId":"f500g28i3rsojbf"}
{"type":"log","timestamp":1701424379197,"level":"debug","message":"Rendering engine handlebars","meta":{"rootId":"6mztfqpx96m42kt","id":"nd0b8no6ibtkbg4"},"id":"9n8wrygloe4ubd0","previousOperationId":"r4wtxa91vibr6q3"}
{"type":"operationEnd","operationId":"r4wtxa91vibr6q3","timestamp":1701424379200,"id":"uolpc3nm464d3ao","previousEventId":"gxiczvytc6tixqd","previousOperationId":"r4wtxa91vibr6q3"}
{"type":"operationStart","subtype":"recipe","name":"chrome-pdf","timestamp":1701424379200,"id":"m4d05ywe8d50bjo","previousEventId":"uolpc3nm464d3ao","operationId":"bk2y5evdjnhsjex","previousOperationId":"r4wtxa91vibr6q3"}
{"type":"log","timestamp":1701424379200,"level":"debug","message":"Executing recipe chrome-pdf","meta":{"rootId":"6mztfqpx96m42kt","id":"nd0b8no6ibtkbg4"},"id":"04nztw8kq2txdor","previousOperationId":"bk2y5evdjnhsjex"}
{"type":"log","timestamp":1701424379201,"level":"debug","message":"Converting with chrome HeadlessChrome/117.0.5938.149 using chrome-pool strategy","meta":{"rootId":"6mztfqpx96m42kt","id":"nd0b8no6ibtkbg4"},"id":"vkizk9gbuyywhty","previousOperationId":"bk2y5evdjnhsjex"}
{"type":"log","timestamp":1701424379238,"level":"debug","message":"Page request: GET (document) file:///var/folders/dp/qk79pfcj0y1fmtkkl08m76rc0000gn/T/jsreport/autocleanup/212e68fa-fe81-40bc-814f-3b0cd046b61a-chrome-pdf.html","meta":{"rootId":"6mztfqpx96m42kt","id":"nd0b8no6ibtkbg4"},"id":"47b9cuun5uwhndm","previousOperationId":"bk2y5evdjnhsjex"}
{"type":"log","timestamp":1701424379243,"level":"debug","message":"Page request finished: GET (document) 200 file:///var/folders/dp/qk79pfcj0y1fmtkkl08m76rc0000gn/T/jsreport/autocleanup/212e68fa-fe81-40bc-814f-3b0cd046b61a-chrome-pdf.html","meta":{"rootId":"6mztfqpx96m42kt","id":"nd0b8no6ibtkbg4"},"id":"1fpnmji4f6gohm1","previousOperationId":"bk2y5evdjnhsjex"}
{"type":"log","timestamp":1701424379249,"level":"debug","message":"Running chrome with params {\"timeout\":59858,\"margin\":{},\"printBackground\":true}","meta":{"rootId":"6mztfqpx96m42kt","id":"nd0b8no6ibtkbg4"},"id":"03hd0xh9ja755tz","previousOperationId":"bk2y5evdjnhsjex"}
{"type":"operationEnd","operationId":"bk2y5evdjnhsjex","timestamp":1701424379255,"id":"3zfnpf2gij3zety","previousEventId":"m4d05ywe8d50bjo","previousOperationId":"bk2y5evdjnhsjex"}
{"type":"log","timestamp":1701424379255,"level":"debug","message":"Skipping storing report.","meta":{"rootId":"6mztfqpx96m42kt","id":"nd0b8no6ibtkbg4"},"id":"32spd7k9fj25eze","previousOperationId":"bk2y5evdjnhsjex"}
{"type":"log","timestamp":1701424379255,"level":"info","message":"Rendering (child) request finished in 196 ms","meta":{"rootId":"6mztfqpx96m42kt","id":"nd0b8no6ibtkbg4"},"id":"2yaydxszh7awsqn","previousOperationId":"bk2y5evdjnhsjex"}
{"type":"operationEnd","subtype":"render","operationId":"f500g28i3rsojbf","timestamp":1701424379255,"id":"kn4tasgqffxke25","previousEventId":"3zfnpf2gij3zety","previousOperationId":"bk2y5evdjnhsjex"}
{"type":"operationEnd","operationId":"a5wqjofa3wepwcf","timestamp":1701424379260,"id":"8j95h848bck9p54","previousEventId":"b6u1y9lq90ylb7j","previousOperationId":"a5wqjofa3wepwcf"}
{"type":"log","timestamp":1701424379260,"level":"debug","message":"pdf-utils postproces start","meta":{"rootId":"6mztfqpx96m42kt","id":"6mztfqpx96m42kt"},"id":"yhtshhbaduziq5n","previousOperationId":"a5wqjofa3wepwcf"}
{"type":"log","timestamp":1701424379269,"level":"debug","message":"pdf-utils postproces end","meta":{"rootId":"6mztfqpx96m42kt","id":"6mztfqpx96m42kt"},"id":"58d0436fv6w2osy","previousOperationId":"a5wqjofa3wepwcf"}
{"type":"operationEnd","operationId":"z9sg06mxqwc9eon","timestamp":1701424379269,"id":"povbseyi0t5z7qg","previousEventId":"8j95h848bck9p54","previousOperationId":"a5wqjofa3wepwcf"}
{"type":"log","timestamp":1701424379269,"level":"info","message":"pdf-utils pdf processing was finished","meta":{"rootId":"6mztfqpx96m42kt","id":"6mztfqpx96m42kt"},"id":"ukxivm79xasou4v","previousOperationId":"z9sg06mxqwc9eon"}
{"type":"log","timestamp":1701424379269,"level":"debug","message":"Skipping storing report.","meta":{"rootId":"6mztfqpx96m42kt","id":"6mztfqpx96m42kt"},"id":"t8tyh2x7onlndot","previousOperationId":"z9sg06mxqwc9eon"}
{"type":"log","timestamp":1701424379269,"level":"info","message":"Rendering request 71 finished in 210 ms","meta":{"rootId":"6mztfqpx96m42kt","id":"6mztfqpx96m42kt"},"id":"fmtcn0z7p9lcafq","previousOperationId":"z9sg06mxqwc9eon"}
{"type":"operationEnd","subtype":"render","operationId":"6a3lzmc2e6mvgwa","timestamp":1701424379269,"id":"smdq9wwqibxjbp9","previousEventId":"povbseyi0t5z7qg","previousOperationId":"z9sg06mxqwc9eon"}
{"type":"operationEnd","doDiffs":false,"previousEventId":"9snnagtktxuzixt","previousOperationId":"d2in6fqhg7z8ivf","operationId":"d2in6fqhg7z8ivf","timestamp":1701424379271,"id":"j7m64c7zsw2o2id"}
