{"type":"operationStart","subtype":"profile","data":{"_id":"wENrIce9e0Wko8RC","timestamp":"2023-12-01T09:54:00.406Z","state":"queued","mode":"standard","creationDate":"2023-12-01T09:54:00.409Z","modificationDate":"2023-12-01T09:54:00.409Z","shortid":"X5rKm7i","$entitySet":"profiles"},"doDiffs":false,"timestamp":1701424440407,"id":"3szqfdoft5hsulu","previousOperationId":null,"operationId":"t15d5958ojjhs9h"}
{"type":"log","level":"info","message":"Render request 73 queued for execution and waiting for available worker","previousOperationId":"t15d5958ojjhs9h","timestamp":1701424440408,"id":"siacdiq9dqnr6dn"}
{"type":"operationStart","subtype":"render","name":"index_zahtev","previousOperationId":"t15d5958ojjhs9h","timestamp":1701424440422,"id":"j51vtwv7yfqviay","previousEventId":"3szqfdoft5hsulu","operationId":"sgt6ue1jgpix86a"}
{"type":"log","timestamp":1701424440422,"level":"info","message":"Starting rendering request 73","meta":{"rootId":"9xppui1bxtjo95k","id":"9xppui1bxtjo95k"},"id":"wpta2ooogfvy3en","previousOperationId":"sgt6ue1jgpix86a"}
{"type":"log","timestamp":1701424440422,"level":"info","message":"Rendering template { name: index_zahtev, recipe: chrome-pdf, engine: handlebars, preview: true }","meta":{"rootId":"9xppui1bxtjo95k","id":"9xppui1bxtjo95k"},"id":"e2mte430b7r1jpr","previousOperationId":"sgt6ue1jgpix86a"}
{"type":"log","timestamp":1701424440423,"level":"debug","message":"Inline data specified.","meta":{"rootId":"9xppui1bxtjo95k","id":"9xppui1bxtjo95k"},"id":"2boy18t0w6tqfjl","previousOperationId":"sgt6ue1jgpix86a"}
{"type":"log","timestamp":1701424440425,"level":"debug","message":"Base url not specified, skipping its injection.","meta":{"rootId":"9xppui1bxtjo95k","id":"9xppui1bxtjo95k"},"id":"3ldq9hzgjof4njp","previousOperationId":"sgt6ue1jgpix86a"}
{"type":"log","timestamp":1701424440426,"level":"debug","message":"Replaced assets [\"styles.css\"]","meta":{"rootId":"9xppui1bxtjo95k","id":"9xppui1bxtjo95k"},"id":"wojb7op2zi5zm7q","previousOperationId":"sgt6ue1jgpix86a"}
{"type":"operationStart","subtype":"engine","name":"handlebars","timestamp":1701424440426,"id":"rex1l8hmyahv202","previousEventId":"j51vtwv7yfqviay","operationId":"d25p7qu9e2jjwx9","previousOperationId":"sgt6ue1jgpix86a"}
{"type":"log","timestamp":1701424440426,"level":"debug","message":"Rendering engine handlebars","meta":{"rootId":"9xppui1bxtjo95k","id":"9xppui1bxtjo95k"},"id":"dsc89kepk2ib02r","previousOperationId":"d25p7qu9e2jjwx9"}
{"type":"operationEnd","operationId":"d25p7qu9e2jjwx9","timestamp":1701424440449,"id":"lo5i9jzp84pvfol","previousEventId":"rex1l8hmyahv202","previousOperationId":"d25p7qu9e2jjwx9"}
{"type":"operationStart","subtype":"recipe","name":"chrome-pdf","timestamp":1701424440449,"id":"uab2orbx9o5dtun","previousEventId":"lo5i9jzp84pvfol","operationId":"21t2bkyax9ux7yp","previousOperationId":"d25p7qu9e2jjwx9"}
{"type":"log","timestamp":1701424440449,"level":"debug","message":"Executing recipe chrome-pdf","meta":{"rootId":"9xppui1bxtjo95k","id":"9xppui1bxtjo95k"},"id":"9dgc3rhmokdc52q","previousOperationId":"21t2bkyax9ux7yp"}
{"type":"log","timestamp":1701424440452,"level":"debug","message":"Converting with chrome HeadlessChrome/117.0.5938.149 using chrome-pool strategy","meta":{"rootId":"9xppui1bxtjo95k","id":"9xppui1bxtjo95k"},"id":"sezllaj3pw662q7","previousOperationId":"21t2bkyax9ux7yp"}
{"type":"log","timestamp":1701424440493,"level":"debug","message":"Page request: GET (document) file:///var/folders/dp/qk79pfcj0y1fmtkkl08m76rc0000gn/T/jsreport/autocleanup/8368a21b-833e-4732-88a3-ace24fff76f3-chrome-pdf.html","meta":{"rootId":"9xppui1bxtjo95k","id":"9xppui1bxtjo95k"},"id":"eahdprwznw36kki","previousOperationId":"21t2bkyax9ux7yp"}
{"type":"log","timestamp":1701424440497,"level":"debug","message":"Page request finished: GET (document) 200 file:///var/folders/dp/qk79pfcj0y1fmtkkl08m76rc0000gn/T/jsreport/autocleanup/8368a21b-833e-4732-88a3-ace24fff76f3-chrome-pdf.html","meta":{"rootId":"9xppui1bxtjo95k","id":"9xppui1bxtjo95k"},"id":"v375ydv18ty78xv","previousOperationId":"21t2bkyax9ux7yp"}
{"type":"log","timestamp":1701424440506,"level":"debug","message":"Running chrome with params {\"printBackground\":true,\"marginTop\":\"2cm\",\"marginBottom\":\"2cm\",\"timeout\":59954,\"margin\":{\"top\":\"2cm\",\"bottom\":\"2cm\"}}","meta":{"rootId":"9xppui1bxtjo95k","id":"9xppui1bxtjo95k"},"id":"x7rx1vcjichlsy4","previousOperationId":"21t2bkyax9ux7yp"}
{"type":"operationEnd","operationId":"21t2bkyax9ux7yp","timestamp":1701424440530,"id":"j8ixzwq5r0b3jrr","previousEventId":"uab2orbx9o5dtun","previousOperationId":"21t2bkyax9ux7yp"}
{"type":"log","timestamp":1701424440530,"level":"info","message":"pdf-utils is starting pdf processing","meta":{"rootId":"9xppui1bxtjo95k","id":"9xppui1bxtjo95k"},"id":"9nepc0cwgaltwgg","previousOperationId":"21t2bkyax9ux7yp"}
{"type":"operationStart","subtype":"pdfUtils","name":"pdf utils","timestamp":1701424440530,"id":"5ih6ya76i2yj5zl","previousEventId":"j8ixzwq5r0b3jrr","operationId":"zfasldr2l4v8otx","previousOperationId":"21t2bkyax9ux7yp"}
{"type":"log","timestamp":1701424440530,"level":"debug","message":"pdf-utils detected 1 pdf operation(s) to process","meta":{"rootId":"9xppui1bxtjo95k","id":"9xppui1bxtjo95k"},"id":"2sr73vfofp589pe","previousOperationId":"zfasldr2l4v8otx"}
{"type":"log","timestamp":1701424440556,"level":"debug","message":"pdf-utils running pdf operation merge","meta":{"rootId":"9xppui1bxtjo95k","id":"9xppui1bxtjo95k"},"id":"44uikoq0jx3zda1","previousOperationId":"zfasldr2l4v8otx"}
{"type":"operationStart","subtype":"pdfUtilsMerge","name":"pdf utils merge","previousOperationId":"zfasldr2l4v8otx","timestamp":1701424440556,"id":"ndgg66gkcttcsdu","previousEventId":"5ih6ya76i2yj5zl","operationId":"msemr6so66wb8h9"}
{"type":"operationStart","subtype":"render","name":"header-footer","previousOperationId":"msemr6so66wb8h9","timestamp":1701424440556,"id":"mw8fgaq9i75y3h1","previousEventId":"ndgg66gkcttcsdu","operationId":"sdux90mh4qjcz08"}
{"type":"log","timestamp":1701424440556,"level":"info","message":"Starting rendering (child) request","meta":{"rootId":"9xppui1bxtjo95k","id":"0ee0sj9lvuwg7et"},"id":"1a6bjn7hmtm413a","previousOperationId":"sdux90mh4qjcz08"}
{"type":"log","timestamp":1701424440556,"level":"info","message":"Rendering template { name: header-footer, recipe: chrome-pdf, engine: handlebars, preview: true }","meta":{"rootId":"9xppui1bxtjo95k","id":"0ee0sj9lvuwg7et"},"id":"3zyitzrvqjo28bc","previousOperationId":"sdux90mh4qjcz08"}
{"type":"log","timestamp":1701424440556,"level":"debug","message":"Inline data specified.","meta":{"rootId":"9xppui1bxtjo95k","id":"0ee0sj9lvuwg7et"},"id":"olo9iodvr07se5d","previousOperationId":"sdux90mh4qjcz08"}
{"type":"log","timestamp":1701424440557,"level":"debug","message":"Base url not specified, skipping its injection.","meta":{"rootId":"9xppui1bxtjo95k","id":"0ee0sj9lvuwg7et"},"id":"kprc25betdlyndu","previousOperationId":"sdux90mh4qjcz08"}
{"type":"operationStart","subtype":"engine","name":"handlebars","timestamp":1701424440557,"id":"wagomgnuj60qtao","previousEventId":"mw8fgaq9i75y3h1","operationId":"voime7zhpndsxin","previousOperationId":"sdux90mh4qjcz08"}
{"type":"log","timestamp":1701424440557,"level":"debug","message":"Rendering engine handlebars","meta":{"rootId":"9xppui1bxtjo95k","id":"0ee0sj9lvuwg7et"},"id":"k0uh8xmxq3284sd","previousOperationId":"voime7zhpndsxin"}
{"type":"operationEnd","operationId":"voime7zhpndsxin","timestamp":1701424440561,"id":"o6j9mcxotactsje","previousEventId":"wagomgnuj60qtao","previousOperationId":"voime7zhpndsxin"}
{"type":"operationStart","subtype":"recipe","name":"chrome-pdf","timestamp":1701424440561,"id":"o466mhnwl6i4645","previousEventId":"o6j9mcxotactsje","operationId":"j38kiclcf10vdrf","previousOperationId":"voime7zhpndsxin"}
{"type":"log","timestamp":1701424440561,"level":"debug","message":"Executing recipe chrome-pdf","meta":{"rootId":"9xppui1bxtjo95k","id":"0ee0sj9lvuwg7et"},"id":"70exv2fnryopolb","previousOperationId":"j38kiclcf10vdrf"}
{"type":"log","timestamp":1701424440562,"level":"debug","message":"Converting with chrome HeadlessChrome/117.0.5938.149 using chrome-pool strategy","meta":{"rootId":"9xppui1bxtjo95k","id":"0ee0sj9lvuwg7et"},"id":"hnecdjuplbb2d3r","previousOperationId":"j38kiclcf10vdrf"}
{"type":"log","timestamp":1701424440599,"level":"debug","message":"Page request: GET (document) file:///var/folders/dp/qk79pfcj0y1fmtkkl08m76rc0000gn/T/jsreport/autocleanup/198ce051-ae7a-43ed-a168-d8c59ab43188-chrome-pdf.html","meta":{"rootId":"9xppui1bxtjo95k","id":"0ee0sj9lvuwg7et"},"id":"okf4p2m5344hmy8","previousOperationId":"j38kiclcf10vdrf"}
{"type":"log","timestamp":1701424440603,"level":"debug","message":"Page request finished: GET (document) 200 file:///var/folders/dp/qk79pfcj0y1fmtkkl08m76rc0000gn/T/jsreport/autocleanup/198ce051-ae7a-43ed-a168-d8c59ab43188-chrome-pdf.html","meta":{"rootId":"9xppui1bxtjo95k","id":"0ee0sj9lvuwg7et"},"id":"cptyvv6w5z3p0bz","previousOperationId":"j38kiclcf10vdrf"}
{"type":"log","timestamp":1701424440611,"level":"debug","message":"Running chrome with params {\"timeout\":59845,\"margin\":{},\"printBackground\":true}","meta":{"rootId":"9xppui1bxtjo95k","id":"0ee0sj9lvuwg7et"},"id":"j4m9ng09fbkcxgq","previousOperationId":"j38kiclcf10vdrf"}
{"type":"operationEnd","operationId":"j38kiclcf10vdrf","timestamp":1701424440617,"id":"1wtf0ys4m2o53hb","previousEventId":"o466mhnwl6i4645","previousOperationId":"j38kiclcf10vdrf"}
{"type":"log","timestamp":1701424440617,"level":"debug","message":"Skipping storing report.","meta":{"rootId":"9xppui1bxtjo95k","id":"0ee0sj9lvuwg7et"},"id":"h448qnrt6so9vwn","previousOperationId":"j38kiclcf10vdrf"}
{"type":"log","timestamp":1701424440617,"level":"info","message":"Rendering (child) request finished in 211 ms","meta":{"rootId":"9xppui1bxtjo95k","id":"0ee0sj9lvuwg7et"},"id":"739k0iu4js638mt","previousOperationId":"j38kiclcf10vdrf"}
{"type":"operationEnd","subtype":"render","operationId":"sdux90mh4qjcz08","timestamp":1701424440617,"id":"dtmvk9tf5pabcof","previousEventId":"1wtf0ys4m2o53hb","previousOperationId":"j38kiclcf10vdrf"}
{"type":"operationEnd","operationId":"msemr6so66wb8h9","timestamp":1701424440622,"id":"jq0525p1z2wxyxe","previousEventId":"ndgg66gkcttcsdu","previousOperationId":"msemr6so66wb8h9"}
{"type":"log","timestamp":1701424440622,"level":"debug","message":"pdf-utils postproces start","meta":{"rootId":"9xppui1bxtjo95k","id":"9xppui1bxtjo95k"},"id":"b3cvo6qtxtz3g0z","previousOperationId":"msemr6so66wb8h9"}
{"type":"log","timestamp":1701424440629,"level":"debug","message":"pdf-utils postproces end","meta":{"rootId":"9xppui1bxtjo95k","id":"9xppui1bxtjo95k"},"id":"gehz831dj7hre6x","previousOperationId":"msemr6so66wb8h9"}
{"type":"operationEnd","operationId":"zfasldr2l4v8otx","timestamp":1701424440630,"id":"p8qurhki8zylyb6","previousEventId":"jq0525p1z2wxyxe","previousOperationId":"msemr6so66wb8h9"}
{"type":"log","timestamp":1701424440630,"level":"info","message":"pdf-utils pdf processing was finished","meta":{"rootId":"9xppui1bxtjo95k","id":"9xppui1bxtjo95k"},"id":"x2huga01m1kxq4z","previousOperationId":"zfasldr2l4v8otx"}
{"type":"log","timestamp":1701424440630,"level":"debug","message":"Skipping storing report.","meta":{"rootId":"9xppui1bxtjo95k","id":"9xppui1bxtjo95k"},"id":"yub71w8grz6oe72","previousOperationId":"zfasldr2l4v8otx"}
{"type":"log","timestamp":1701424440630,"level":"info","message":"Rendering request 73 finished in 224 ms","meta":{"rootId":"9xppui1bxtjo95k","id":"9xppui1bxtjo95k"},"id":"kol99xdl5x5ndb2","previousOperationId":"zfasldr2l4v8otx"}
{"type":"operationEnd","subtype":"render","operationId":"sgt6ue1jgpix86a","timestamp":1701424440630,"id":"ob18y8o4lbmswk3","previousEventId":"p8qurhki8zylyb6","previousOperationId":"zfasldr2l4v8otx"}
{"type":"operationEnd","doDiffs":false,"previousEventId":"3szqfdoft5hsulu","previousOperationId":"t15d5958ojjhs9h","operationId":"t15d5958ojjhs9h","timestamp":1701424440631,"id":"4ieejhgmwr6wyk4"}
