{"type":"operationStart","subtype":"profile","data":{"_id":"Mkufg7WLDgBIi7wH","timestamp":"2023-12-01T09:39:08.827Z","state":"queued","mode":"standard","creationDate":"2023-12-01T09:39:08.829Z","modificationDate":"2023-12-01T09:39:08.829Z","shortid":"K_LgKPT","$entitySet":"profiles"},"doDiffs":false,"timestamp":1701423548828,"id":"4mi6enx238z9yep","previousOperationId":null,"operationId":"h2z7zuxg3n9ni6j"}
{"type":"log","level":"info","message":"Render request 59 queued for execution and waiting for available worker","previousOperationId":"h2z7zuxg3n9ni6j","timestamp":1701423548829,"id":"cnapxx54j1ly32g"}
{"type":"operationStart","subtype":"render","name":"index_zahtev","previousOperationId":"h2z7zuxg3n9ni6j","timestamp":1701423548842,"id":"12fsov8frizjd1f","previousEventId":"4mi6enx238z9yep","operationId":"b3fqkt58lramhea"}
{"type":"log","timestamp":1701423548842,"level":"info","message":"Starting rendering request 59","meta":{"rootId":"dnqzm3vs5csnhb1","id":"dnqzm3vs5csnhb1"},"id":"f0eysb9l4sjo1m4","previousOperationId":"b3fqkt58lramhea"}
{"type":"log","timestamp":1701423548842,"level":"info","message":"Rendering template { name: index_zahtev, recipe: chrome-pdf, engine: handlebars, preview: true }","meta":{"rootId":"dnqzm3vs5csnhb1","id":"dnqzm3vs5csnhb1"},"id":"c8h7w84zb3hjawm","previousOperationId":"b3fqkt58lramhea"}
{"type":"log","timestamp":1701423548843,"level":"debug","message":"Inline data specified.","meta":{"rootId":"dnqzm3vs5csnhb1","id":"dnqzm3vs5csnhb1"},"id":"zccqetsakf1eykx","previousOperationId":"b3fqkt58lramhea"}
{"type":"log","timestamp":1701423548845,"level":"debug","message":"Base url not specified, skipping its injection.","meta":{"rootId":"dnqzm3vs5csnhb1","id":"dnqzm3vs5csnhb1"},"id":"a4z5shj1jzj16mt","previousOperationId":"b3fqkt58lramhea"}
{"type":"log","timestamp":1701423548846,"level":"debug","message":"Replaced assets [\"styles.css\"]","meta":{"rootId":"dnqzm3vs5csnhb1","id":"dnqzm3vs5csnhb1"},"id":"lm2ib6ccucczezj","previousOperationId":"b3fqkt58lramhea"}
{"type":"operationStart","subtype":"engine","name":"handlebars","timestamp":1701423548846,"id":"lnh07sjlnmr3082","previousEventId":"12fsov8frizjd1f","operationId":"s5y518iu6al1hl8","previousOperationId":"b3fqkt58lramhea"}
{"type":"log","timestamp":1701423548846,"level":"debug","message":"Rendering engine handlebars","meta":{"rootId":"dnqzm3vs5csnhb1","id":"dnqzm3vs5csnhb1"},"id":"57poqbc9ezl2g9v","previousOperationId":"s5y518iu6al1hl8"}
{"type":"operationEnd","operationId":"s5y518iu6al1hl8","timestamp":1701423548873,"id":"g2mi225cg9kh2eg","previousEventId":"lnh07sjlnmr3082","previousOperationId":"s5y518iu6al1hl8"}
{"type":"operationStart","subtype":"recipe","name":"chrome-pdf","timestamp":1701423548873,"id":"ea7vm9azqt89x01","previousEventId":"g2mi225cg9kh2eg","operationId":"1td2tkibu227bhn","previousOperationId":"s5y518iu6al1hl8"}
{"type":"log","timestamp":1701423548873,"level":"debug","message":"Executing recipe chrome-pdf","meta":{"rootId":"dnqzm3vs5csnhb1","id":"dnqzm3vs5csnhb1"},"id":"gqih11lb9jfk22z","previousOperationId":"1td2tkibu227bhn"}
{"type":"log","timestamp":1701423548875,"level":"debug","message":"Converting with chrome HeadlessChrome/117.0.5938.149 using chrome-pool strategy","meta":{"rootId":"dnqzm3vs5csnhb1","id":"dnqzm3vs5csnhb1"},"id":"633c8bg9ewl23rq","previousOperationId":"1td2tkibu227bhn"}
{"type":"log","timestamp":1701423548920,"level":"debug","message":"Page request: GET (document) file:///var/folders/dp/qk79pfcj0y1fmtkkl08m76rc0000gn/T/jsreport/autocleanup/c859f441-1a73-4ed7-b5a9-f38ac65a7e31-chrome-pdf.html","meta":{"rootId":"dnqzm3vs5csnhb1","id":"dnqzm3vs5csnhb1"},"id":"puj650kcqmjxn04","previousOperationId":"1td2tkibu227bhn"}
{"type":"log","timestamp":1701423548924,"level":"debug","message":"Page request finished: GET (document) 200 file:///var/folders/dp/qk79pfcj0y1fmtkkl08m76rc0000gn/T/jsreport/autocleanup/c859f441-1a73-4ed7-b5a9-f38ac65a7e31-chrome-pdf.html","meta":{"rootId":"dnqzm3vs5csnhb1","id":"dnqzm3vs5csnhb1"},"id":"hhqzlm6s0q3pzmf","previousOperationId":"1td2tkibu227bhn"}
{"type":"log","timestamp":1701423548936,"level":"debug","message":"Running chrome with params {\"printBackground\":true,\"marginTop\":\"2cm\",\"marginBottom\":\"2cm\",\"timeout\":59953,\"margin\":{\"top\":\"2cm\",\"bottom\":\"2cm\"}}","meta":{"rootId":"dnqzm3vs5csnhb1","id":"dnqzm3vs5csnhb1"},"id":"bmom43gclzbj11h","previousOperationId":"1td2tkibu227bhn"}
{"type":"operationEnd","operationId":"1td2tkibu227bhn","timestamp":1701423548958,"id":"t8279k1weo7brgt","previousEventId":"ea7vm9azqt89x01","previousOperationId":"1td2tkibu227bhn"}
{"type":"log","timestamp":1701423548958,"level":"info","message":"pdf-utils is starting pdf processing","meta":{"rootId":"dnqzm3vs5csnhb1","id":"dnqzm3vs5csnhb1"},"id":"muwf8o5nvvsl4nw","previousOperationId":"1td2tkibu227bhn"}
{"type":"operationStart","subtype":"pdfUtils","name":"pdf utils","timestamp":1701423548958,"id":"ih3moz66jk6c13l","previousEventId":"t8279k1weo7brgt","operationId":"cvq9k1d9wa1ufcr","previousOperationId":"1td2tkibu227bhn"}
{"type":"log","timestamp":1701423548958,"level":"debug","message":"pdf-utils detected 1 pdf operation(s) to process","meta":{"rootId":"dnqzm3vs5csnhb1","id":"dnqzm3vs5csnhb1"},"id":"bx22gcaqwiz14ph","previousOperationId":"cvq9k1d9wa1ufcr"}
{"type":"log","timestamp":1701423548994,"level":"debug","message":"pdf-utils running pdf operation merge","meta":{"rootId":"dnqzm3vs5csnhb1","id":"dnqzm3vs5csnhb1"},"id":"wd3aib9uooifgqt","previousOperationId":"cvq9k1d9wa1ufcr"}
{"type":"operationStart","subtype":"pdfUtilsMerge","name":"pdf utils merge","previousOperationId":"cvq9k1d9wa1ufcr","timestamp":1701423548994,"id":"uozhjwfitsgb4t9","previousEventId":"ih3moz66jk6c13l","operationId":"o1rjrg5kbksrtht"}
{"type":"operationStart","subtype":"render","name":"header-footer","previousOperationId":"o1rjrg5kbksrtht","timestamp":1701423548995,"id":"0hlkn4gh1ran1mp","previousEventId":"uozhjwfitsgb4t9","operationId":"apenmxk9c44at96"}
{"type":"log","timestamp":1701423548995,"level":"info","message":"Starting rendering (child) request","meta":{"rootId":"dnqzm3vs5csnhb1","id":"kxwcr0i6aevqd65"},"id":"njsp6fkjgrgd367","previousOperationId":"apenmxk9c44at96"}
{"type":"log","timestamp":1701423548995,"level":"info","message":"Rendering template { name: header-footer, recipe: chrome-pdf, engine: handlebars, preview: true }","meta":{"rootId":"dnqzm3vs5csnhb1","id":"kxwcr0i6aevqd65"},"id":"2ye8y72euxtdco5","previousOperationId":"apenmxk9c44at96"}
{"type":"log","timestamp":1701423548995,"level":"debug","message":"Inline data specified.","meta":{"rootId":"dnqzm3vs5csnhb1","id":"kxwcr0i6aevqd65"},"id":"gjl7opiiv3feel1","previousOperationId":"apenmxk9c44at96"}
{"type":"log","timestamp":1701423548996,"level":"debug","message":"Base url not specified, skipping its injection.","meta":{"rootId":"dnqzm3vs5csnhb1","id":"kxwcr0i6aevqd65"},"id":"3hwdev5s4ov1efv","previousOperationId":"apenmxk9c44at96"}
{"type":"operationStart","subtype":"engine","name":"handlebars","timestamp":1701423548996,"id":"q0u755jljqz6l5g","previousEventId":"0hlkn4gh1ran1mp","operationId":"o01sd0ij8na3e0c","previousOperationId":"apenmxk9c44at96"}
{"type":"log","timestamp":1701423548996,"level":"debug","message":"Rendering engine handlebars","meta":{"rootId":"dnqzm3vs5csnhb1","id":"kxwcr0i6aevqd65"},"id":"472uwcwwhdmp8uv","previousOperationId":"o01sd0ij8na3e0c"}
{"type":"operationEnd","operationId":"o01sd0ij8na3e0c","timestamp":1701423549000,"id":"spfztnvqu4i5muc","previousEventId":"q0u755jljqz6l5g","previousOperationId":"o01sd0ij8na3e0c"}
{"type":"operationStart","subtype":"recipe","name":"chrome-pdf","timestamp":1701423549000,"id":"4f3p3n9174o2c87","previousEventId":"spfztnvqu4i5muc","operationId":"vtw4qgz62mtszzb","previousOperationId":"o01sd0ij8na3e0c"}
{"type":"log","timestamp":1701423549000,"level":"debug","message":"Executing recipe chrome-pdf","meta":{"rootId":"dnqzm3vs5csnhb1","id":"kxwcr0i6aevqd65"},"id":"gh8tg20aqo0payy","previousOperationId":"vtw4qgz62mtszzb"}
{"type":"log","timestamp":1701423549001,"level":"debug","message":"Converting with chrome HeadlessChrome/117.0.5938.149 using chrome-pool strategy","meta":{"rootId":"dnqzm3vs5csnhb1","id":"kxwcr0i6aevqd65"},"id":"00utz5og1erso3z","previousOperationId":"vtw4qgz62mtszzb"}
{"type":"log","timestamp":1701423549039,"level":"debug","message":"Page request: GET (document) file:///var/folders/dp/qk79pfcj0y1fmtkkl08m76rc0000gn/T/jsreport/autocleanup/8fdf2629-1614-48aa-9491-09da6d7e0d4e-chrome-pdf.html","meta":{"rootId":"dnqzm3vs5csnhb1","id":"kxwcr0i6aevqd65"},"id":"9ghnxehqsc5ddy8","previousOperationId":"vtw4qgz62mtszzb"}
{"type":"log","timestamp":1701423549044,"level":"debug","message":"Page request finished: GET (document) 200 file:///var/folders/dp/qk79pfcj0y1fmtkkl08m76rc0000gn/T/jsreport/autocleanup/8fdf2629-1614-48aa-9491-09da6d7e0d4e-chrome-pdf.html","meta":{"rootId":"dnqzm3vs5csnhb1","id":"kxwcr0i6aevqd65"},"id":"u8jus70w7sjeve3","previousOperationId":"vtw4qgz62mtszzb"}
{"type":"log","timestamp":1701423549051,"level":"debug","message":"Running chrome with params {\"timeout\":59826,\"margin\":{},\"printBackground\":true}","meta":{"rootId":"dnqzm3vs5csnhb1","id":"kxwcr0i6aevqd65"},"id":"g4waxfrp7hy1y90","previousOperationId":"vtw4qgz62mtszzb"}
{"type":"operationEnd","operationId":"vtw4qgz62mtszzb","timestamp":1701423549057,"id":"rwur6kpcvaidhlw","previousEventId":"4f3p3n9174o2c87","previousOperationId":"vtw4qgz62mtszzb"}
{"type":"log","timestamp":1701423549057,"level":"debug","message":"Skipping storing report.","meta":{"rootId":"dnqzm3vs5csnhb1","id":"kxwcr0i6aevqd65"},"id":"bb5a2tz1tcujiwz","previousOperationId":"vtw4qgz62mtszzb"}
{"type":"log","timestamp":1701423549057,"level":"info","message":"Rendering (child) request finished in 230 ms","meta":{"rootId":"dnqzm3vs5csnhb1","id":"kxwcr0i6aevqd65"},"id":"5cgyyfnc1wyww11","previousOperationId":"vtw4qgz62mtszzb"}
{"type":"operationEnd","subtype":"render","operationId":"apenmxk9c44at96","timestamp":1701423549057,"id":"1p6evrdwdtirgqd","previousEventId":"rwur6kpcvaidhlw","previousOperationId":"vtw4qgz62mtszzb"}
{"type":"operationEnd","operationId":"o1rjrg5kbksrtht","timestamp":1701423549063,"id":"r982ncn3bzz4hwf","previousEventId":"uozhjwfitsgb4t9","previousOperationId":"o1rjrg5kbksrtht"}
{"type":"log","timestamp":1701423549063,"level":"debug","message":"pdf-utils postproces start","meta":{"rootId":"dnqzm3vs5csnhb1","id":"dnqzm3vs5csnhb1"},"id":"7f62hq0bx32v5hd","previousOperationId":"o1rjrg5kbksrtht"}
{"type":"log","timestamp":1701423549074,"level":"debug","message":"pdf-utils postproces end","meta":{"rootId":"dnqzm3vs5csnhb1","id":"dnqzm3vs5csnhb1"},"id":"9ctx9cnv7bykpcm","previousOperationId":"o1rjrg5kbksrtht"}
{"type":"operationEnd","operationId":"cvq9k1d9wa1ufcr","timestamp":1701423549074,"id":"d9zupt8rs55o7vr","previousEventId":"r982ncn3bzz4hwf","previousOperationId":"o1rjrg5kbksrtht"}
{"type":"log","timestamp":1701423549074,"level":"info","message":"pdf-utils pdf processing was finished","meta":{"rootId":"dnqzm3vs5csnhb1","id":"dnqzm3vs5csnhb1"},"id":"kglcxs03deh0u1x","previousOperationId":"cvq9k1d9wa1ufcr"}
{"type":"log","timestamp":1701423549074,"level":"debug","message":"Skipping storing report.","meta":{"rootId":"dnqzm3vs5csnhb1","id":"dnqzm3vs5csnhb1"},"id":"u9bmnivk5y5brog","previousOperationId":"cvq9k1d9wa1ufcr"}
{"type":"log","timestamp":1701423549074,"level":"info","message":"Rendering request 59 finished in 247 ms","meta":{"rootId":"dnqzm3vs5csnhb1","id":"dnqzm3vs5csnhb1"},"id":"yj9i8xikss3gsin","previousOperationId":"cvq9k1d9wa1ufcr"}
{"type":"operationEnd","subtype":"render","operationId":"b3fqkt58lramhea","timestamp":1701423549074,"id":"k2yg03s85jphzof","previousEventId":"d9zupt8rs55o7vr","previousOperationId":"cvq9k1d9wa1ufcr"}
{"type":"operationEnd","doDiffs":false,"previousEventId":"4mi6enx238z9yep","previousOperationId":"h2z7zuxg3n9ni6j","operationId":"h2z7zuxg3n9ni6j","timestamp":1701423549077,"id":"4cccfng9zlrjm76"}
