{"type":"operationStart","subtype":"profile","data":{"_id":"wmebMd7jr6YSjqew","timestamp":"2023-12-01T10:05:25.034Z","state":"queued","mode":"standard","creationDate":"2023-12-01T10:05:25.035Z","modificationDate":"2023-12-01T10:05:25.035Z","shortid":"RjI2hPS","$entitySet":"profiles"},"doDiffs":false,"timestamp":1701425125034,"id":"hr348uovpryv2s9","previousOperationId":null,"operationId":"6feh232nwtyxb47"}
{"type":"log","level":"info","message":"Render request 78 queued for execution and waiting for available worker","previousOperationId":"6feh232nwtyxb47","timestamp":1701425125034,"id":"sxaqzaq8umzern7"}
{"type":"operationStart","subtype":"render","name":"index_zahtev","previousOperationId":"6feh232nwtyxb47","timestamp":1701425125041,"id":"ziuk66mooszvy98","previousEventId":"hr348uovpryv2s9","operationId":"fziz5wdo4sufjfc"}
{"type":"log","timestamp":1701425125041,"level":"info","message":"Starting rendering request 78","meta":{"rootId":"dp02f53d2ha6d90","id":"dp02f53d2ha6d90"},"id":"sl13oagdsszelev","previousOperationId":"fziz5wdo4sufjfc"}
{"type":"log","timestamp":1701425125041,"level":"info","message":"Rendering template { name: index_zahtev, recipe: chrome-pdf, engine: handlebars, preview: true }","meta":{"rootId":"dp02f53d2ha6d90","id":"dp02f53d2ha6d90"},"id":"g2bxviyz4v4k7lc","previousOperationId":"fziz5wdo4sufjfc"}
{"type":"log","timestamp":1701425125044,"level":"debug","message":"Inline data specified.","meta":{"rootId":"dp02f53d2ha6d90","id":"dp02f53d2ha6d90"},"id":"ae4l9apqfpclrcc","previousOperationId":"fziz5wdo4sufjfc"}
{"type":"log","timestamp":1701425125046,"level":"debug","message":"Base url not specified, skipping its injection.","meta":{"rootId":"dp02f53d2ha6d90","id":"dp02f53d2ha6d90"},"id":"143qzvbesn3mdwu","previousOperationId":"fziz5wdo4sufjfc"}
{"type":"log","timestamp":1701425125048,"level":"debug","message":"Replaced assets [\"styles.css\"]","meta":{"rootId":"dp02f53d2ha6d90","id":"dp02f53d2ha6d90"},"id":"nnztsum28o5mjq2","previousOperationId":"fziz5wdo4sufjfc"}
{"type":"operationStart","subtype":"engine","name":"handlebars","timestamp":1701425125048,"id":"m59qlhqgbk9gkbc","previousEventId":"ziuk66mooszvy98","operationId":"la6ip97wvvuwjc5","previousOperationId":"fziz5wdo4sufjfc"}
{"type":"log","timestamp":1701425125048,"level":"debug","message":"Rendering engine handlebars","meta":{"rootId":"dp02f53d2ha6d90","id":"dp02f53d2ha6d90"},"id":"is8go3nq1ajsv8z","previousOperationId":"la6ip97wvvuwjc5"}
{"type":"operationEnd","operationId":"la6ip97wvvuwjc5","timestamp":1701425125077,"id":"iao7m8uvrr21itn","previousEventId":"m59qlhqgbk9gkbc","previousOperationId":"la6ip97wvvuwjc5"}
{"type":"operationStart","subtype":"recipe","name":"chrome-pdf","timestamp":1701425125077,"id":"bb91zdk3pgz3v8b","previousEventId":"iao7m8uvrr21itn","operationId":"p3gxp38uj2taw2w","previousOperationId":"la6ip97wvvuwjc5"}
{"type":"log","timestamp":1701425125077,"level":"debug","message":"Executing recipe chrome-pdf","meta":{"rootId":"dp02f53d2ha6d90","id":"dp02f53d2ha6d90"},"id":"e8z2rmqcwcapkg0","previousOperationId":"p3gxp38uj2taw2w"}
{"type":"log","timestamp":1701425125079,"level":"debug","message":"Converting with chrome HeadlessChrome/117.0.5938.149 using chrome-pool strategy","meta":{"rootId":"dp02f53d2ha6d90","id":"dp02f53d2ha6d90"},"id":"3zvce1azyi7prw1","previousOperationId":"p3gxp38uj2taw2w"}
{"type":"log","timestamp":1701425125122,"level":"debug","message":"Page request: GET (document) file:///var/folders/dp/qk79pfcj0y1fmtkkl08m76rc0000gn/T/jsreport/autocleanup/71a01551-b7cd-4142-b671-bd3ac27e0c4b-chrome-pdf.html","meta":{"rootId":"dp02f53d2ha6d90","id":"dp02f53d2ha6d90"},"id":"gal1pratggufjeg","previousOperationId":"p3gxp38uj2taw2w"}
{"type":"log","timestamp":1701425125127,"level":"debug","message":"Page request finished: GET (document) 200 file:///var/folders/dp/qk79pfcj0y1fmtkkl08m76rc0000gn/T/jsreport/autocleanup/71a01551-b7cd-4142-b671-bd3ac27e0c4b-chrome-pdf.html","meta":{"rootId":"dp02f53d2ha6d90","id":"dp02f53d2ha6d90"},"id":"qpknrvfgrxrowh9","previousOperationId":"p3gxp38uj2taw2w"}
{"type":"log","timestamp":1701425125139,"level":"debug","message":"Running chrome with params {\"printBackground\":true,\"marginTop\":\"2cm\",\"marginBottom\":\"2cm\",\"timeout\":59956,\"margin\":{\"top\":\"2cm\",\"bottom\":\"2cm\"}}","meta":{"rootId":"dp02f53d2ha6d90","id":"dp02f53d2ha6d90"},"id":"hji75n4xy0xukit","previousOperationId":"p3gxp38uj2taw2w"}
{"type":"operationEnd","operationId":"p3gxp38uj2taw2w","timestamp":1701425125162,"id":"6jr525qua7frhlr","previousEventId":"bb91zdk3pgz3v8b","previousOperationId":"p3gxp38uj2taw2w"}
{"type":"log","timestamp":1701425125162,"level":"info","message":"pdf-utils is starting pdf processing","meta":{"rootId":"dp02f53d2ha6d90","id":"dp02f53d2ha6d90"},"id":"2hmaqqc84q4j1br","previousOperationId":"p3gxp38uj2taw2w"}
{"type":"operationStart","subtype":"pdfUtils","name":"pdf utils","timestamp":1701425125163,"id":"xf1v91zgzyc84a6","previousEventId":"6jr525qua7frhlr","operationId":"vom7933tfscuryw","previousOperationId":"p3gxp38uj2taw2w"}
{"type":"log","timestamp":1701425125163,"level":"debug","message":"pdf-utils detected 1 pdf operation(s) to process","meta":{"rootId":"dp02f53d2ha6d90","id":"dp02f53d2ha6d90"},"id":"5kkz3levmpqxeh1","previousOperationId":"vom7933tfscuryw"}
{"type":"log","timestamp":1701425125191,"level":"debug","message":"pdf-utils running pdf operation merge","meta":{"rootId":"dp02f53d2ha6d90","id":"dp02f53d2ha6d90"},"id":"3o0gh1xvzg6v2qh","previousOperationId":"vom7933tfscuryw"}
{"type":"operationStart","subtype":"pdfUtilsMerge","name":"pdf utils merge","previousOperationId":"vom7933tfscuryw","timestamp":1701425125191,"id":"0pi4c7n59hwodqn","previousEventId":"xf1v91zgzyc84a6","operationId":"p701mbk5yxnabqm"}
{"type":"operationStart","subtype":"render","name":"header-footer","previousOperationId":"p701mbk5yxnabqm","timestamp":1701425125192,"id":"94r8o50zdzn27ab","previousEventId":"0pi4c7n59hwodqn","operationId":"br9kyozcltd5eyu"}
{"type":"log","timestamp":1701425125192,"level":"info","message":"Starting rendering (child) request","meta":{"rootId":"dp02f53d2ha6d90","id":"189k6m1kkxie9q0"},"id":"h727sd0agqb7snb","previousOperationId":"br9kyozcltd5eyu"}
{"type":"log","timestamp":1701425125192,"level":"info","message":"Rendering template { name: header-footer, recipe: chrome-pdf, engine: handlebars, preview: true }","meta":{"rootId":"dp02f53d2ha6d90","id":"189k6m1kkxie9q0"},"id":"6xav8ymehx4eofx","previousOperationId":"br9kyozcltd5eyu"}
{"type":"log","timestamp":1701425125192,"level":"debug","message":"Inline data specified.","meta":{"rootId":"dp02f53d2ha6d90","id":"189k6m1kkxie9q0"},"id":"ntz51afbiwgitn0","previousOperationId":"br9kyozcltd5eyu"}
{"type":"log","timestamp":1701425125192,"level":"debug","message":"Base url not specified, skipping its injection.","meta":{"rootId":"dp02f53d2ha6d90","id":"189k6m1kkxie9q0"},"id":"0zqhlpnozveqnge","previousOperationId":"br9kyozcltd5eyu"}
{"type":"operationStart","subtype":"engine","name":"handlebars","timestamp":1701425125192,"id":"d8e5u7tm9d2xeff","previousEventId":"94r8o50zdzn27ab","operationId":"ocnzqughrgxdy5i","previousOperationId":"br9kyozcltd5eyu"}
{"type":"log","timestamp":1701425125192,"level":"debug","message":"Rendering engine handlebars","meta":{"rootId":"dp02f53d2ha6d90","id":"189k6m1kkxie9q0"},"id":"sug8wcdo6ao4z55","previousOperationId":"ocnzqughrgxdy5i"}
{"type":"operationEnd","operationId":"ocnzqughrgxdy5i","timestamp":1701425125196,"id":"dyvtdz5mm0gndzl","previousEventId":"d8e5u7tm9d2xeff","previousOperationId":"ocnzqughrgxdy5i"}
{"type":"operationStart","subtype":"recipe","name":"chrome-pdf","timestamp":1701425125196,"id":"9yqn6ezzf7vkhsh","previousEventId":"dyvtdz5mm0gndzl","operationId":"pw31tbcxwzkoe5e","previousOperationId":"ocnzqughrgxdy5i"}
{"type":"log","timestamp":1701425125196,"level":"debug","message":"Executing recipe chrome-pdf","meta":{"rootId":"dp02f53d2ha6d90","id":"189k6m1kkxie9q0"},"id":"snpsyd698gye9wz","previousOperationId":"pw31tbcxwzkoe5e"}
{"type":"log","timestamp":1701425125197,"level":"debug","message":"Converting with chrome HeadlessChrome/117.0.5938.149 using chrome-pool strategy","meta":{"rootId":"dp02f53d2ha6d90","id":"189k6m1kkxie9q0"},"id":"5s87uspqpl60s68","previousOperationId":"pw31tbcxwzkoe5e"}
{"type":"log","timestamp":1701425125247,"level":"debug","message":"Page request: GET (document) file:///var/folders/dp/qk79pfcj0y1fmtkkl08m76rc0000gn/T/jsreport/autocleanup/4b320725-db69-47bb-8a89-d246771b9f2d-chrome-pdf.html","meta":{"rootId":"dp02f53d2ha6d90","id":"189k6m1kkxie9q0"},"id":"2ukmj7ss83wzcnk","previousOperationId":"pw31tbcxwzkoe5e"}
{"type":"log","timestamp":1701425125254,"level":"debug","message":"Page request finished: GET (document) 200 file:///var/folders/dp/qk79pfcj0y1fmtkkl08m76rc0000gn/T/jsreport/autocleanup/4b320725-db69-47bb-8a89-d246771b9f2d-chrome-pdf.html","meta":{"rootId":"dp02f53d2ha6d90","id":"189k6m1kkxie9q0"},"id":"cdxuhmng8czd054","previousOperationId":"pw31tbcxwzkoe5e"}
{"type":"log","timestamp":1701425125260,"level":"debug","message":"Running chrome with params {\"timeout\":59838,\"margin\":{},\"printBackground\":true}","meta":{"rootId":"dp02f53d2ha6d90","id":"189k6m1kkxie9q0"},"id":"mdqev9cv7snufw7","previousOperationId":"pw31tbcxwzkoe5e"}
{"type":"operationEnd","operationId":"pw31tbcxwzkoe5e","timestamp":1701425125266,"id":"ouxg4yqd5qsgp92","previousEventId":"9yqn6ezzf7vkhsh","previousOperationId":"pw31tbcxwzkoe5e"}
{"type":"log","timestamp":1701425125266,"level":"debug","message":"Skipping storing report.","meta":{"rootId":"dp02f53d2ha6d90","id":"189k6m1kkxie9q0"},"id":"h7duti5k7qr1oi7","previousOperationId":"pw31tbcxwzkoe5e"}
{"type":"log","timestamp":1701425125266,"level":"info","message":"Rendering (child) request finished in 232 ms","meta":{"rootId":"dp02f53d2ha6d90","id":"189k6m1kkxie9q0"},"id":"h94eo94isa99jk5","previousOperationId":"pw31tbcxwzkoe5e"}
{"type":"operationEnd","subtype":"render","operationId":"br9kyozcltd5eyu","timestamp":1701425125266,"id":"xphqzccoaf3g6ig","previousEventId":"ouxg4yqd5qsgp92","previousOperationId":"pw31tbcxwzkoe5e"}
{"type":"operationEnd","operationId":"p701mbk5yxnabqm","timestamp":1701425125272,"id":"3ggexpwfglaeval","previousEventId":"0pi4c7n59hwodqn","previousOperationId":"p701mbk5yxnabqm"}
{"type":"log","timestamp":1701425125272,"level":"debug","message":"pdf-utils postproces start","meta":{"rootId":"dp02f53d2ha6d90","id":"dp02f53d2ha6d90"},"id":"4rihi2mq41ikraf","previousOperationId":"p701mbk5yxnabqm"}
{"type":"log","timestamp":1701425125280,"level":"debug","message":"pdf-utils postproces end","meta":{"rootId":"dp02f53d2ha6d90","id":"dp02f53d2ha6d90"},"id":"peja3s1zts0oih9","previousOperationId":"p701mbk5yxnabqm"}
{"type":"operationEnd","operationId":"vom7933tfscuryw","timestamp":1701425125280,"id":"v0ktkduo5vefyah","previousEventId":"3ggexpwfglaeval","previousOperationId":"p701mbk5yxnabqm"}
{"type":"log","timestamp":1701425125280,"level":"info","message":"pdf-utils pdf processing was finished","meta":{"rootId":"dp02f53d2ha6d90","id":"dp02f53d2ha6d90"},"id":"s78oxzupy9hquzg","previousOperationId":"vom7933tfscuryw"}
{"type":"log","timestamp":1701425125281,"level":"debug","message":"Skipping storing report.","meta":{"rootId":"dp02f53d2ha6d90","id":"dp02f53d2ha6d90"},"id":"11kj5js21e8izwl","previousOperationId":"vom7933tfscuryw"}
{"type":"log","timestamp":1701425125281,"level":"info","message":"Rendering request 78 finished in 247 ms","meta":{"rootId":"dp02f53d2ha6d90","id":"dp02f53d2ha6d90"},"id":"e606gwh7mkrsxvm","previousOperationId":"vom7933tfscuryw"}
{"type":"operationEnd","subtype":"render","operationId":"fziz5wdo4sufjfc","timestamp":1701425125281,"id":"uqrjtfq77jtbv7k","previousEventId":"v0ktkduo5vefyah","previousOperationId":"vom7933tfscuryw"}
{"type":"operationEnd","doDiffs":false,"previousEventId":"hr348uovpryv2s9","previousOperationId":"6feh232nwtyxb47","operationId":"6feh232nwtyxb47","timestamp":1701425125283,"id":"n4vymemi88w368p"}
