{"type":"operationStart","subtype":"profile","data":{"_id":"hIQSnRhqv9psQXNj","timestamp":"2023-12-01T10:00:46.526Z","state":"queued","mode":"standard","creationDate":"2023-12-01T10:00:46.527Z","modificationDate":"2023-12-01T10:00:46.527Z","shortid":"IqdxtXX","$entitySet":"profiles"},"doDiffs":false,"timestamp":1701424846527,"id":"yok7zbhjvc4qbxc","previousOperationId":null,"operationId":"9zn9fxi7knj0coy"}
{"type":"log","level":"info","message":"Render request 74 queued for execution and waiting for available worker","previousOperationId":"9zn9fxi7knj0coy","timestamp":1701424846527,"id":"xxe0jozzti84ogu"}
{"type":"operationStart","subtype":"render","name":"index_zahtev","previousOperationId":"9zn9fxi7knj0coy","timestamp":1701424846533,"id":"u5t33gkep26z5rw","previousEventId":"yok7zbhjvc4qbxc","operationId":"ruceswa5e798p5x"}
{"type":"log","timestamp":1701424846533,"level":"info","message":"Starting rendering request 74","meta":{"rootId":"duv9xoxd99p0m2q","id":"duv9xoxd99p0m2q"},"id":"cgpjpzitfivz6wh","previousOperationId":"ruceswa5e798p5x"}
{"type":"log","timestamp":1701424846533,"level":"info","message":"Rendering template { name: index_zahtev, recipe: chrome-pdf, engine: handlebars, preview: true }","meta":{"rootId":"duv9xoxd99p0m2q","id":"duv9xoxd99p0m2q"},"id":"di64vl63ovgo1nf","previousOperationId":"ruceswa5e798p5x"}
{"type":"log","timestamp":1701424846534,"level":"debug","message":"Inline data specified.","meta":{"rootId":"duv9xoxd99p0m2q","id":"duv9xoxd99p0m2q"},"id":"w9uqvp6s73y1fve","previousOperationId":"ruceswa5e798p5x"}
{"type":"log","timestamp":1701424846536,"level":"debug","message":"Base url not specified, skipping its injection.","meta":{"rootId":"duv9xoxd99p0m2q","id":"duv9xoxd99p0m2q"},"id":"ixfdvf7mdvtix7b","previousOperationId":"ruceswa5e798p5x"}
{"type":"log","timestamp":1701424846539,"level":"debug","message":"Replaced assets [\"styles.css\"]","meta":{"rootId":"duv9xoxd99p0m2q","id":"duv9xoxd99p0m2q"},"id":"h9qw10hsbjkz771","previousOperationId":"ruceswa5e798p5x"}
{"type":"operationStart","subtype":"engine","name":"handlebars","timestamp":1701424846539,"id":"umkgzs8ynmzvuqe","previousEventId":"u5t33gkep26z5rw","operationId":"gb7slgvce5j8y0o","previousOperationId":"ruceswa5e798p5x"}
{"type":"log","timestamp":1701424846539,"level":"debug","message":"Rendering engine handlebars","meta":{"rootId":"duv9xoxd99p0m2q","id":"duv9xoxd99p0m2q"},"id":"uibplxu77kbzybd","previousOperationId":"gb7slgvce5j8y0o"}
{"type":"operationEnd","operationId":"gb7slgvce5j8y0o","timestamp":1701424846567,"id":"tqyfweaso219f4e","previousEventId":"umkgzs8ynmzvuqe","previousOperationId":"gb7slgvce5j8y0o"}
{"type":"operationStart","subtype":"recipe","name":"chrome-pdf","timestamp":1701424846568,"id":"4i08ha6v5xppevd","previousEventId":"tqyfweaso219f4e","operationId":"g1r8xu6bv8z88xb","previousOperationId":"gb7slgvce5j8y0o"}
{"type":"log","timestamp":1701424846568,"level":"debug","message":"Executing recipe chrome-pdf","meta":{"rootId":"duv9xoxd99p0m2q","id":"duv9xoxd99p0m2q"},"id":"zaalann4hhi0iyn","previousOperationId":"g1r8xu6bv8z88xb"}
{"type":"log","timestamp":1701424846570,"level":"debug","message":"Converting with chrome HeadlessChrome/117.0.5938.149 using chrome-pool strategy","meta":{"rootId":"duv9xoxd99p0m2q","id":"duv9xoxd99p0m2q"},"id":"u015yopkj0db1o1","previousOperationId":"g1r8xu6bv8z88xb"}
{"type":"log","timestamp":1701424846610,"level":"debug","message":"Page request: GET (document) file:///var/folders/dp/qk79pfcj0y1fmtkkl08m76rc0000gn/T/jsreport/autocleanup/d24ac4fb-4331-4055-82ac-0de67f3d21c1-chrome-pdf.html","meta":{"rootId":"duv9xoxd99p0m2q","id":"duv9xoxd99p0m2q"},"id":"pnf2ooa5noc6txb","previousOperationId":"g1r8xu6bv8z88xb"}
{"type":"log","timestamp":1701424846615,"level":"debug","message":"Page request finished: GET (document) 200 file:///var/folders/dp/qk79pfcj0y1fmtkkl08m76rc0000gn/T/jsreport/autocleanup/d24ac4fb-4331-4055-82ac-0de67f3d21c1-chrome-pdf.html","meta":{"rootId":"duv9xoxd99p0m2q","id":"duv9xoxd99p0m2q"},"id":"4fbj9bkv6jxo08t","previousOperationId":"g1r8xu6bv8z88xb"}
{"type":"log","timestamp":1701424846624,"level":"debug","message":"Running chrome with params {\"printBackground\":true,\"marginTop\":\"2cm\",\"marginBottom\":\"2cm\",\"timeout\":59957,\"margin\":{\"top\":\"2cm\",\"bottom\":\"2cm\"}}","meta":{"rootId":"duv9xoxd99p0m2q","id":"duv9xoxd99p0m2q"},"id":"goqrd8nra63edox","previousOperationId":"g1r8xu6bv8z88xb"}
{"type":"operationEnd","operationId":"g1r8xu6bv8z88xb","timestamp":1701424846647,"id":"p6946jpv2bp43rr","previousEventId":"4i08ha6v5xppevd","previousOperationId":"g1r8xu6bv8z88xb"}
{"type":"log","timestamp":1701424846647,"level":"info","message":"pdf-utils is starting pdf processing","meta":{"rootId":"duv9xoxd99p0m2q","id":"duv9xoxd99p0m2q"},"id":"yjczu1s0rvugzzl","previousOperationId":"g1r8xu6bv8z88xb"}
{"type":"operationStart","subtype":"pdfUtils","name":"pdf utils","timestamp":1701424846648,"id":"j4e54kpwvx4okxd","previousEventId":"p6946jpv2bp43rr","operationId":"dc2lri1bb743plt","previousOperationId":"g1r8xu6bv8z88xb"}
{"type":"log","timestamp":1701424846648,"level":"debug","message":"pdf-utils detected 1 pdf operation(s) to process","meta":{"rootId":"duv9xoxd99p0m2q","id":"duv9xoxd99p0m2q"},"id":"bm2fik3h37md48c","previousOperationId":"dc2lri1bb743plt"}
{"type":"log","timestamp":1701424846674,"level":"debug","message":"pdf-utils running pdf operation merge","meta":{"rootId":"duv9xoxd99p0m2q","id":"duv9xoxd99p0m2q"},"id":"a7322brf8toxp9b","previousOperationId":"dc2lri1bb743plt"}
{"type":"operationStart","subtype":"pdfUtilsMerge","name":"pdf utils merge","previousOperationId":"dc2lri1bb743plt","timestamp":1701424846674,"id":"4ukr6cr6f58yifb","previousEventId":"j4e54kpwvx4okxd","operationId":"ovwflprqratoy1c"}
{"type":"operationStart","subtype":"render","name":"header-footer","previousOperationId":"ovwflprqratoy1c","timestamp":1701424846674,"id":"xz6ge9dujclbyt0","previousEventId":"4ukr6cr6f58yifb","operationId":"4z2747qk9f9410g"}
{"type":"log","timestamp":1701424846674,"level":"info","message":"Starting rendering (child) request","meta":{"rootId":"duv9xoxd99p0m2q","id":"c5txckuwvpnv5t0"},"id":"myqzx9q9xkkfxfa","previousOperationId":"4z2747qk9f9410g"}
{"type":"log","timestamp":1701424846674,"level":"info","message":"Rendering template { name: header-footer, recipe: chrome-pdf, engine: handlebars, preview: true }","meta":{"rootId":"duv9xoxd99p0m2q","id":"c5txckuwvpnv5t0"},"id":"h5bjpt3xq1fpau6","previousOperationId":"4z2747qk9f9410g"}
{"type":"log","timestamp":1701424846675,"level":"debug","message":"Inline data specified.","meta":{"rootId":"duv9xoxd99p0m2q","id":"c5txckuwvpnv5t0"},"id":"sg6457hg9d5iq5n","previousOperationId":"4z2747qk9f9410g"}
{"type":"log","timestamp":1701424846675,"level":"debug","message":"Base url not specified, skipping its injection.","meta":{"rootId":"duv9xoxd99p0m2q","id":"c5txckuwvpnv5t0"},"id":"53yr8om10uppve7","previousOperationId":"4z2747qk9f9410g"}
{"type":"operationStart","subtype":"engine","name":"handlebars","timestamp":1701424846675,"id":"bq2e9v2prtm4ze7","previousEventId":"xz6ge9dujclbyt0","operationId":"hdumgcpqq4p88jn","previousOperationId":"4z2747qk9f9410g"}
{"type":"log","timestamp":1701424846675,"level":"debug","message":"Rendering engine handlebars","meta":{"rootId":"duv9xoxd99p0m2q","id":"c5txckuwvpnv5t0"},"id":"mc3dwe2pe057hub","previousOperationId":"hdumgcpqq4p88jn"}
{"type":"operationEnd","operationId":"hdumgcpqq4p88jn","timestamp":1701424846679,"id":"n5une8bvcg2il9b","previousEventId":"bq2e9v2prtm4ze7","previousOperationId":"hdumgcpqq4p88jn"}
{"type":"operationStart","subtype":"recipe","name":"chrome-pdf","timestamp":1701424846679,"id":"4tixrg43r5ilm2n","previousEventId":"n5une8bvcg2il9b","operationId":"sx0o2kb1nbsyikh","previousOperationId":"hdumgcpqq4p88jn"}
{"type":"log","timestamp":1701424846679,"level":"debug","message":"Executing recipe chrome-pdf","meta":{"rootId":"duv9xoxd99p0m2q","id":"c5txckuwvpnv5t0"},"id":"j0pa00qfs17xsrv","previousOperationId":"sx0o2kb1nbsyikh"}
{"type":"log","timestamp":1701424846680,"level":"debug","message":"Converting with chrome HeadlessChrome/117.0.5938.149 using chrome-pool strategy","meta":{"rootId":"duv9xoxd99p0m2q","id":"c5txckuwvpnv5t0"},"id":"a4q3eoukjbif5he","previousOperationId":"sx0o2kb1nbsyikh"}
{"type":"log","timestamp":1701424846727,"level":"debug","message":"Page request: GET (document) file:///var/folders/dp/qk79pfcj0y1fmtkkl08m76rc0000gn/T/jsreport/autocleanup/5916e874-6e68-4bff-b30c-f7231cf2cd69-chrome-pdf.html","meta":{"rootId":"duv9xoxd99p0m2q","id":"c5txckuwvpnv5t0"},"id":"0s9uzsw110tl566","previousOperationId":"sx0o2kb1nbsyikh"}
{"type":"log","timestamp":1701424846732,"level":"debug","message":"Page request finished: GET (document) 200 file:///var/folders/dp/qk79pfcj0y1fmtkkl08m76rc0000gn/T/jsreport/autocleanup/5916e874-6e68-4bff-b30c-f7231cf2cd69-chrome-pdf.html","meta":{"rootId":"duv9xoxd99p0m2q","id":"c5txckuwvpnv5t0"},"id":"1cisbksh0kimf1c","previousOperationId":"sx0o2kb1nbsyikh"}
{"type":"log","timestamp":1701424846740,"level":"debug","message":"Running chrome with params {\"timeout\":59847,\"margin\":{},\"printBackground\":true}","meta":{"rootId":"duv9xoxd99p0m2q","id":"c5txckuwvpnv5t0"},"id":"q9pnpdhex6uo88k","previousOperationId":"sx0o2kb1nbsyikh"}
{"type":"operationEnd","operationId":"sx0o2kb1nbsyikh","timestamp":1701424846746,"id":"yj5o5zfqhyyrxkp","previousEventId":"4tixrg43r5ilm2n","previousOperationId":"sx0o2kb1nbsyikh"}
{"type":"log","timestamp":1701424846746,"level":"debug","message":"Skipping storing report.","meta":{"rootId":"duv9xoxd99p0m2q","id":"c5txckuwvpnv5t0"},"id":"jf3wszurx2zq55d","previousOperationId":"sx0o2kb1nbsyikh"}
{"type":"log","timestamp":1701424846746,"level":"info","message":"Rendering (child) request finished in 220 ms","meta":{"rootId":"duv9xoxd99p0m2q","id":"c5txckuwvpnv5t0"},"id":"rkcqh86odw6qs7s","previousOperationId":"sx0o2kb1nbsyikh"}
{"type":"operationEnd","subtype":"render","operationId":"4z2747qk9f9410g","timestamp":1701424846746,"id":"0vf5euazljh87p3","previousEventId":"yj5o5zfqhyyrxkp","previousOperationId":"sx0o2kb1nbsyikh"}
{"type":"operationEnd","operationId":"ovwflprqratoy1c","timestamp":1701424846751,"id":"h4hc93jbkyw0rgc","previousEventId":"4ukr6cr6f58yifb","previousOperationId":"ovwflprqratoy1c"}
{"type":"log","timestamp":1701424846751,"level":"debug","message":"pdf-utils postproces start","meta":{"rootId":"duv9xoxd99p0m2q","id":"duv9xoxd99p0m2q"},"id":"nugr8zujyi2pjtz","previousOperationId":"ovwflprqratoy1c"}
{"type":"log","timestamp":1701424846759,"level":"debug","message":"pdf-utils postproces end","meta":{"rootId":"duv9xoxd99p0m2q","id":"duv9xoxd99p0m2q"},"id":"3qzkyc1kbrqgadt","previousOperationId":"ovwflprqratoy1c"}
{"type":"operationEnd","operationId":"dc2lri1bb743plt","timestamp":1701424846759,"id":"cu0zyph1lwszo5w","previousEventId":"h4hc93jbkyw0rgc","previousOperationId":"ovwflprqratoy1c"}
{"type":"log","timestamp":1701424846759,"level":"info","message":"pdf-utils pdf processing was finished","meta":{"rootId":"duv9xoxd99p0m2q","id":"duv9xoxd99p0m2q"},"id":"6dpexprh81v08uy","previousOperationId":"dc2lri1bb743plt"}
{"type":"log","timestamp":1701424846759,"level":"debug","message":"Skipping storing report.","meta":{"rootId":"duv9xoxd99p0m2q","id":"duv9xoxd99p0m2q"},"id":"6bpi6rbolju6d4a","previousOperationId":"dc2lri1bb743plt"}
{"type":"log","timestamp":1701424846759,"level":"info","message":"Rendering request 74 finished in 233 ms","meta":{"rootId":"duv9xoxd99p0m2q","id":"duv9xoxd99p0m2q"},"id":"alk21cdkma0uqup","previousOperationId":"dc2lri1bb743plt"}
{"type":"operationEnd","subtype":"render","operationId":"ruceswa5e798p5x","timestamp":1701424846759,"id":"xqovduhjabov9kd","previousEventId":"cu0zyph1lwszo5w","previousOperationId":"dc2lri1bb743plt"}
{"type":"operationEnd","doDiffs":false,"previousEventId":"yok7zbhjvc4qbxc","previousOperationId":"9zn9fxi7knj0coy","operationId":"9zn9fxi7knj0coy","timestamp":1701424846761,"id":"w7ett9a5p25u3cf"}
