{"type":"operationStart","subtype":"profile","data":{"_id":"oYoLwn6AGD3UMkkx","timestamp":"2023-11-27T19:20:45.124Z","state":"queued","mode":"standard","creationDate":"2023-11-27T19:20:45.124Z","modificationDate":"2023-11-27T19:20:45.124Z","shortid":"5TW0QqD","$entitySet":"profiles"},"doDiffs":false,"timestamp":1701112845124,"id":"j3sfpg8hi9s36cz","previousOperationId":null,"operationId":"8s5pjigl2jjo649"}
{"type":"log","level":"info","message":"Render request 51 queued for execution and waiting for available worker","previousOperationId":"8s5pjigl2jjo649","timestamp":1701112845124,"id":"hvo7gektqqdu0j1"}
{"type":"operationStart","subtype":"render","name":"index_zahtev","previousOperationId":"8s5pjigl2jjo649","timestamp":1701112845130,"id":"lgpkza0px2v9bdu","previousEventId":"j3sfpg8hi9s36cz","operationId":"u57pwp5f1lx6zpb"}
{"type":"log","timestamp":1701112845130,"level":"info","message":"Starting rendering request 51","meta":{"rootId":"e8frwa9c7b2lput","id":"e8frwa9c7b2lput"},"id":"rf1wf7bab0nj24l","previousOperationId":"u57pwp5f1lx6zpb"}
{"type":"log","timestamp":1701112845131,"level":"info","message":"Rendering template { name: index_zahtev, recipe: chrome-pdf, engine: handlebars, preview: false }","meta":{"rootId":"e8frwa9c7b2lput","id":"e8frwa9c7b2lput"},"id":"fc8bn6nihl5nanv","previousOperationId":"u57pwp5f1lx6zpb"}
{"type":"log","timestamp":1701112845131,"level":"debug","message":"Inline data specified.","meta":{"rootId":"e8frwa9c7b2lput","id":"e8frwa9c7b2lput"},"id":"c4w1guxju9px4jt","previousOperationId":"u57pwp5f1lx6zpb"}
{"type":"log","timestamp":1701112845132,"level":"debug","message":"Base url not specified, skipping its injection.","meta":{"rootId":"e8frwa9c7b2lput","id":"e8frwa9c7b2lput"},"id":"8a10wvx08sirk89","previousOperationId":"u57pwp5f1lx6zpb"}
{"type":"log","timestamp":1701112845135,"level":"debug","message":"Replaced assets [\"styles.css\"]","meta":{"rootId":"e8frwa9c7b2lput","id":"e8frwa9c7b2lput"},"id":"auus2wi6vw4bfcf","previousOperationId":"u57pwp5f1lx6zpb"}
{"type":"operationStart","subtype":"engine","name":"handlebars","timestamp":1701112845135,"id":"c9hm3j4mzo8ugpb","previousEventId":"lgpkza0px2v9bdu","operationId":"hvkfsvdejpky523","previousOperationId":"u57pwp5f1lx6zpb"}
{"type":"log","timestamp":1701112845135,"level":"debug","message":"Rendering engine handlebars","meta":{"rootId":"e8frwa9c7b2lput","id":"e8frwa9c7b2lput"},"id":"wl566wum5qknx1x","previousOperationId":"hvkfsvdejpky523"}
{"type":"operationEnd","operationId":"hvkfsvdejpky523","timestamp":1701112845153,"id":"n90848s91pb3j9g","previousEventId":"c9hm3j4mzo8ugpb","previousOperationId":"hvkfsvdejpky523"}
{"type":"operationStart","subtype":"recipe","name":"chrome-pdf","timestamp":1701112845153,"id":"6jg0tr1awjwdmjq","previousEventId":"n90848s91pb3j9g","operationId":"1nrng455g0vuxwc","previousOperationId":"hvkfsvdejpky523"}
{"type":"log","timestamp":1701112845153,"level":"debug","message":"Executing recipe chrome-pdf","meta":{"rootId":"e8frwa9c7b2lput","id":"e8frwa9c7b2lput"},"id":"gop0hytc5hplr2b","previousOperationId":"1nrng455g0vuxwc"}
{"type":"log","timestamp":1701112845155,"level":"debug","message":"Converting with chrome HeadlessChrome/117.0.5938.149 using chrome-pool strategy","meta":{"rootId":"e8frwa9c7b2lput","id":"e8frwa9c7b2lput"},"id":"zl5l8vi3tvoyhwi","previousOperationId":"1nrng455g0vuxwc"}
{"type":"log","timestamp":1701112845197,"level":"debug","message":"Page request: GET (document) file:///var/folders/dp/qk79pfcj0y1fmtkkl08m76rc0000gn/T/jsreport/autocleanup/42343087-c4db-42a9-a156-6ea34c0682e0-chrome-pdf.html","meta":{"rootId":"e8frwa9c7b2lput","id":"e8frwa9c7b2lput"},"id":"vbcffes3bjpmrc7","previousOperationId":"1nrng455g0vuxwc"}
{"type":"log","timestamp":1701112845203,"level":"debug","message":"Page request finished: GET (document) 200 file:///var/folders/dp/qk79pfcj0y1fmtkkl08m76rc0000gn/T/jsreport/autocleanup/42343087-c4db-42a9-a156-6ea34c0682e0-chrome-pdf.html","meta":{"rootId":"e8frwa9c7b2lput","id":"e8frwa9c7b2lput"},"id":"yc05oz53k7ue5al","previousOperationId":"1nrng455g0vuxwc"}
{"type":"log","timestamp":1701112845214,"level":"debug","message":"Running chrome with params {\"printBackground\":true,\"marginTop\":\"2cm\",\"marginBottom\":\"2cm\",\"timeout\":59969,\"margin\":{\"top\":\"2cm\",\"bottom\":\"2cm\"}}","meta":{"rootId":"e8frwa9c7b2lput","id":"e8frwa9c7b2lput"},"id":"pw94h3hgwowoxmk","previousOperationId":"1nrng455g0vuxwc"}
{"type":"operationEnd","operationId":"1nrng455g0vuxwc","timestamp":1701112845259,"id":"y6s1ojrhbrugreb","previousEventId":"6jg0tr1awjwdmjq","previousOperationId":"1nrng455g0vuxwc"}
{"type":"log","timestamp":1701112845259,"level":"info","message":"pdf-utils is starting pdf processing","meta":{"rootId":"e8frwa9c7b2lput","id":"e8frwa9c7b2lput"},"id":"wpdnqncdn4evtte","previousOperationId":"1nrng455g0vuxwc"}
{"type":"operationStart","subtype":"pdfUtils","name":"pdf utils","timestamp":1701112845352,"id":"9ee8q7ea887avmf","previousEventId":"y6s1ojrhbrugreb","operationId":"3l233lsal6my59m","previousOperationId":"1nrng455g0vuxwc"}
{"type":"log","timestamp":1701112845352,"level":"debug","message":"pdf-utils detected 1 pdf operation(s) to process","meta":{"rootId":"e8frwa9c7b2lput","id":"e8frwa9c7b2lput"},"id":"6an2tpy97u9fxah","previousOperationId":"3l233lsal6my59m"}
{"type":"log","timestamp":1701112845431,"level":"debug","message":"pdf-utils running pdf operation merge","meta":{"rootId":"e8frwa9c7b2lput","id":"e8frwa9c7b2lput"},"id":"9usfkur3f52ehp0","previousOperationId":"3l233lsal6my59m"}
{"type":"operationStart","subtype":"pdfUtilsMerge","name":"pdf utils merge","previousOperationId":"3l233lsal6my59m","timestamp":1701112845431,"id":"gf2kaogaycby7a5","previousEventId":"9ee8q7ea887avmf","operationId":"gzn1u20e1a8pe3w"}
{"type":"operationStart","subtype":"render","name":"header-footer","previousOperationId":"gzn1u20e1a8pe3w","timestamp":1701112845431,"id":"j9sxvdeorl9nk4m","previousEventId":"gf2kaogaycby7a5","operationId":"8zjg29qjwhnbiel"}
{"type":"log","timestamp":1701112845431,"level":"info","message":"Starting rendering (child) request","meta":{"rootId":"e8frwa9c7b2lput","id":"j0uw2smx1y5nzz3"},"id":"opf0balngwu7jew","previousOperationId":"8zjg29qjwhnbiel"}
{"type":"log","timestamp":1701112845432,"level":"info","message":"Rendering template { name: header-footer, recipe: chrome-pdf, engine: handlebars, preview: false }","meta":{"rootId":"e8frwa9c7b2lput","id":"j0uw2smx1y5nzz3"},"id":"k4um8v798qbxliq","previousOperationId":"8zjg29qjwhnbiel"}
{"type":"log","timestamp":1701112845432,"level":"debug","message":"Inline data specified.","meta":{"rootId":"e8frwa9c7b2lput","id":"j0uw2smx1y5nzz3"},"id":"id4v7qsaomxirvd","previousOperationId":"8zjg29qjwhnbiel"}
{"type":"log","timestamp":1701112845433,"level":"debug","message":"Base url not specified, skipping its injection.","meta":{"rootId":"e8frwa9c7b2lput","id":"j0uw2smx1y5nzz3"},"id":"wg1om7dxznomnbj","previousOperationId":"8zjg29qjwhnbiel"}
{"type":"operationStart","subtype":"engine","name":"handlebars","timestamp":1701112845433,"id":"9g3374a2ggb83pm","previousEventId":"j9sxvdeorl9nk4m","operationId":"va01m70zedijkqp","previousOperationId":"8zjg29qjwhnbiel"}
{"type":"log","timestamp":1701112845433,"level":"debug","message":"Rendering engine handlebars","meta":{"rootId":"e8frwa9c7b2lput","id":"j0uw2smx1y5nzz3"},"id":"oxkiittksfa7s8a","previousOperationId":"va01m70zedijkqp"}
{"type":"operationEnd","operationId":"va01m70zedijkqp","timestamp":1701112845516,"id":"zcgu5tppop11hl0","previousEventId":"9g3374a2ggb83pm","previousOperationId":"va01m70zedijkqp"}
{"type":"operationStart","subtype":"recipe","name":"chrome-pdf","timestamp":1701112845516,"id":"ihab2hphh9aiu03","previousEventId":"zcgu5tppop11hl0","operationId":"h3ztq2s7oob4scx","previousOperationId":"va01m70zedijkqp"}
{"type":"log","timestamp":1701112845516,"level":"debug","message":"Executing recipe chrome-pdf","meta":{"rootId":"e8frwa9c7b2lput","id":"j0uw2smx1y5nzz3"},"id":"9io7wftvqafq7id","previousOperationId":"h3ztq2s7oob4scx"}
{"type":"log","timestamp":1701112845518,"level":"debug","message":"Converting with chrome HeadlessChrome/117.0.5938.149 using chrome-pool strategy","meta":{"rootId":"e8frwa9c7b2lput","id":"j0uw2smx1y5nzz3"},"id":"fzeh8h28e5lu8g2","previousOperationId":"h3ztq2s7oob4scx"}
{"type":"log","timestamp":1701112845557,"level":"debug","message":"Page request: GET (document) file:///var/folders/dp/qk79pfcj0y1fmtkkl08m76rc0000gn/T/jsreport/autocleanup/4a9578f9-f6c0-403d-848b-1225ab4a26e4-chrome-pdf.html","meta":{"rootId":"e8frwa9c7b2lput","id":"j0uw2smx1y5nzz3"},"id":"2abs4qyu65631ly","previousOperationId":"h3ztq2s7oob4scx"}
{"type":"log","timestamp":1701112845563,"level":"debug","message":"Page request finished: GET (document) 200 file:///var/folders/dp/qk79pfcj0y1fmtkkl08m76rc0000gn/T/jsreport/autocleanup/4a9578f9-f6c0-403d-848b-1225ab4a26e4-chrome-pdf.html","meta":{"rootId":"e8frwa9c7b2lput","id":"j0uw2smx1y5nzz3"},"id":"4dtzoyix5fvwso3","previousOperationId":"h3ztq2s7oob4scx"}
{"type":"log","timestamp":1701112845569,"level":"debug","message":"Running chrome with params {\"timeout\":59605,\"margin\":{},\"printBackground\":true}","meta":{"rootId":"e8frwa9c7b2lput","id":"j0uw2smx1y5nzz3"},"id":"hvrvr2pvdekm0x3","previousOperationId":"h3ztq2s7oob4scx"}
{"type":"operationEnd","operationId":"h3ztq2s7oob4scx","timestamp":1701112845575,"id":"j4wh9a49au0zmti","previousEventId":"ihab2hphh9aiu03","previousOperationId":"h3ztq2s7oob4scx"}
{"type":"log","timestamp":1701112845576,"level":"debug","message":"Skipping storing report.","meta":{"rootId":"e8frwa9c7b2lput","id":"j0uw2smx1y5nzz3"},"id":"c4tawijw5cd16g9","previousOperationId":"h3ztq2s7oob4scx"}
{"type":"log","timestamp":1701112845576,"level":"info","message":"Rendering (child) request finished in 453 ms","meta":{"rootId":"e8frwa9c7b2lput","id":"j0uw2smx1y5nzz3"},"id":"07i5u5av0brvbzz","previousOperationId":"h3ztq2s7oob4scx"}
{"type":"operationEnd","subtype":"render","operationId":"8zjg29qjwhnbiel","timestamp":1701112845576,"id":"0abtiziqo4kwr2r","previousEventId":"j4wh9a49au0zmti","previousOperationId":"h3ztq2s7oob4scx"}
{"type":"operationEnd","operationId":"gzn1u20e1a8pe3w","timestamp":1701112845589,"id":"ojwl2jzr5yh7mcp","previousEventId":"gf2kaogaycby7a5","previousOperationId":"gzn1u20e1a8pe3w"}
{"type":"log","timestamp":1701112845589,"level":"debug","message":"pdf-utils postproces start","meta":{"rootId":"e8frwa9c7b2lput","id":"e8frwa9c7b2lput"},"id":"utbhwlz95bxikxw","previousOperationId":"gzn1u20e1a8pe3w"}
{"type":"log","timestamp":1701112845603,"level":"debug","message":"pdf-utils postproces end","meta":{"rootId":"e8frwa9c7b2lput","id":"e8frwa9c7b2lput"},"id":"hfj41fqypwo7nuh","previousOperationId":"gzn1u20e1a8pe3w"}
{"type":"operationEnd","operationId":"3l233lsal6my59m","timestamp":1701112845603,"id":"42tf93hyu1inonu","previousEventId":"ojwl2jzr5yh7mcp","previousOperationId":"gzn1u20e1a8pe3w"}
{"type":"log","timestamp":1701112845603,"level":"info","message":"pdf-utils pdf processing was finished","meta":{"rootId":"e8frwa9c7b2lput","id":"e8frwa9c7b2lput"},"id":"4j4guddjm39xzjc","previousOperationId":"3l233lsal6my59m"}
{"type":"log","timestamp":1701112845603,"level":"debug","message":"Skipping storing report.","meta":{"rootId":"e8frwa9c7b2lput","id":"e8frwa9c7b2lput"},"id":"aw8grumi6yj5g6r","previousOperationId":"3l233lsal6my59m"}
{"type":"log","timestamp":1701112845603,"level":"info","message":"Rendering request 51 finished in 480 ms","meta":{"rootId":"e8frwa9c7b2lput","id":"e8frwa9c7b2lput"},"id":"dambp04vzhl22g3","previousOperationId":"3l233lsal6my59m"}
{"type":"operationEnd","subtype":"render","operationId":"u57pwp5f1lx6zpb","timestamp":1701112845603,"id":"r70l7q405hq8680","previousEventId":"42tf93hyu1inonu","previousOperationId":"3l233lsal6my59m"}
{"type":"operationEnd","doDiffs":false,"previousEventId":"j3sfpg8hi9s36cz","previousOperationId":"8s5pjigl2jjo649","operationId":"8s5pjigl2jjo649","timestamp":1701112845604,"id":"kdemhsgxzwze7aj"}
