{"type":"operationStart","subtype":"profile","data":{"_id":"1VUMsLOMhBvEKIJX","timestamp":"2023-12-01T09:51:12.562Z","state":"queued","mode":"standard","creationDate":"2023-12-01T09:51:12.563Z","modificationDate":"2023-12-01T09:51:12.563Z","shortid":"65NOcdC","$entitySet":"profiles"},"doDiffs":false,"timestamp":1701424272562,"id":"ti5ur5mxl7fs1ks","previousOperationId":null,"operationId":"2wiu3h69omk5no1"}
{"type":"log","level":"info","message":"Render request 68 queued for execution and waiting for available worker","previousOperationId":"2wiu3h69omk5no1","timestamp":1701424272562,"id":"qvgg7unwmkd15ab"}
{"type":"operationStart","subtype":"render","name":"index_zahtev","previousOperationId":"2wiu3h69omk5no1","timestamp":1701424272568,"id":"m3ibt9w6khz6csg","previousEventId":"ti5ur5mxl7fs1ks","operationId":"hbf6sb13x3b2kyh"}
{"type":"log","timestamp":1701424272568,"level":"info","message":"Starting rendering request 68","meta":{"rootId":"enrx7b8eseyzyw6","id":"enrx7b8eseyzyw6"},"id":"hrog0dikt6yavwt","previousOperationId":"hbf6sb13x3b2kyh"}
{"type":"log","timestamp":1701424272568,"level":"info","message":"Rendering template { name: index_zahtev, recipe: chrome-pdf, engine: handlebars, preview: true }","meta":{"rootId":"enrx7b8eseyzyw6","id":"enrx7b8eseyzyw6"},"id":"7n0dskhk5yistk1","previousOperationId":"hbf6sb13x3b2kyh"}
{"type":"log","timestamp":1701424272569,"level":"debug","message":"Inline data specified.","meta":{"rootId":"enrx7b8eseyzyw6","id":"enrx7b8eseyzyw6"},"id":"t5iesr37ycffkju","previousOperationId":"hbf6sb13x3b2kyh"}
{"type":"log","timestamp":1701424272572,"level":"debug","message":"Base url not specified, skipping its injection.","meta":{"rootId":"enrx7b8eseyzyw6","id":"enrx7b8eseyzyw6"},"id":"s0cy6gg9pkdvldq","previousOperationId":"hbf6sb13x3b2kyh"}
{"type":"log","timestamp":1701424272575,"level":"debug","message":"Replaced assets [\"styles.css\"]","meta":{"rootId":"enrx7b8eseyzyw6","id":"enrx7b8eseyzyw6"},"id":"bl3n3mep5j1lsns","previousOperationId":"hbf6sb13x3b2kyh"}
{"type":"operationStart","subtype":"engine","name":"handlebars","timestamp":1701424272575,"id":"i1m163q7yezpqac","previousEventId":"m3ibt9w6khz6csg","operationId":"lfh9sjvercwxbdu","previousOperationId":"hbf6sb13x3b2kyh"}
{"type":"log","timestamp":1701424272575,"level":"debug","message":"Rendering engine handlebars","meta":{"rootId":"enrx7b8eseyzyw6","id":"enrx7b8eseyzyw6"},"id":"d3uhawefxdra7sn","previousOperationId":"lfh9sjvercwxbdu"}
{"type":"operationEnd","operationId":"lfh9sjvercwxbdu","timestamp":1701424272597,"id":"itjd0ht7z40mrhs","previousEventId":"i1m163q7yezpqac","previousOperationId":"lfh9sjvercwxbdu"}
{"type":"operationStart","subtype":"recipe","name":"chrome-pdf","timestamp":1701424272597,"id":"6qpam1wjcf65pv9","previousEventId":"itjd0ht7z40mrhs","operationId":"bb6sw3vk3rjjslr","previousOperationId":"lfh9sjvercwxbdu"}
{"type":"log","timestamp":1701424272597,"level":"debug","message":"Executing recipe chrome-pdf","meta":{"rootId":"enrx7b8eseyzyw6","id":"enrx7b8eseyzyw6"},"id":"l23oteakbp3bcxy","previousOperationId":"bb6sw3vk3rjjslr"}
{"type":"log","timestamp":1701424272598,"level":"debug","message":"Converting with chrome HeadlessChrome/117.0.5938.149 using chrome-pool strategy","meta":{"rootId":"enrx7b8eseyzyw6","id":"enrx7b8eseyzyw6"},"id":"1s7imrsfh0lr9u6","previousOperationId":"bb6sw3vk3rjjslr"}
{"type":"log","timestamp":1701424272640,"level":"debug","message":"Page request: GET (document) file:///var/folders/dp/qk79pfcj0y1fmtkkl08m76rc0000gn/T/jsreport/autocleanup/f4ec9201-bb6a-4af8-a809-51fbe326bd7b-chrome-pdf.html","meta":{"rootId":"enrx7b8eseyzyw6","id":"enrx7b8eseyzyw6"},"id":"jexanavge7ejei6","previousOperationId":"bb6sw3vk3rjjslr"}
{"type":"log","timestamp":1701424272645,"level":"debug","message":"Page request finished: GET (document) 200 file:///var/folders/dp/qk79pfcj0y1fmtkkl08m76rc0000gn/T/jsreport/autocleanup/f4ec9201-bb6a-4af8-a809-51fbe326bd7b-chrome-pdf.html","meta":{"rootId":"enrx7b8eseyzyw6","id":"enrx7b8eseyzyw6"},"id":"nkxt1gze7c8rmra","previousOperationId":"bb6sw3vk3rjjslr"}
{"type":"log","timestamp":1701424272658,"level":"debug","message":"Running chrome with params {\"printBackground\":true,\"marginTop\":\"2cm\",\"marginBottom\":\"2cm\",\"timeout\":59963,\"margin\":{\"top\":\"2cm\",\"bottom\":\"2cm\"}}","meta":{"rootId":"enrx7b8eseyzyw6","id":"enrx7b8eseyzyw6"},"id":"cx9ue28vm54sc47","previousOperationId":"bb6sw3vk3rjjslr"}
{"type":"operationEnd","operationId":"bb6sw3vk3rjjslr","timestamp":1701424272680,"id":"2z5c8xw58qlem6y","previousEventId":"6qpam1wjcf65pv9","previousOperationId":"bb6sw3vk3rjjslr"}
{"type":"log","timestamp":1701424272680,"level":"info","message":"pdf-utils is starting pdf processing","meta":{"rootId":"enrx7b8eseyzyw6","id":"enrx7b8eseyzyw6"},"id":"tonoaliiqz7l6pe","previousOperationId":"bb6sw3vk3rjjslr"}
{"type":"operationStart","subtype":"pdfUtils","name":"pdf utils","timestamp":1701424272680,"id":"3k0ydgggopv1hqb","previousEventId":"2z5c8xw58qlem6y","operationId":"ska2dmbibkioggu","previousOperationId":"bb6sw3vk3rjjslr"}
{"type":"log","timestamp":1701424272680,"level":"debug","message":"pdf-utils detected 1 pdf operation(s) to process","meta":{"rootId":"enrx7b8eseyzyw6","id":"enrx7b8eseyzyw6"},"id":"vltestx1n66apku","previousOperationId":"ska2dmbibkioggu"}
{"type":"log","timestamp":1701424272700,"level":"debug","message":"pdf-utils running pdf operation merge","meta":{"rootId":"enrx7b8eseyzyw6","id":"enrx7b8eseyzyw6"},"id":"1876rgcyy5fg46h","previousOperationId":"ska2dmbibkioggu"}
{"type":"operationStart","subtype":"pdfUtilsMerge","name":"pdf utils merge","previousOperationId":"ska2dmbibkioggu","timestamp":1701424272700,"id":"sc4l5ar6lidujil","previousEventId":"3k0ydgggopv1hqb","operationId":"t56h7olyumn140v"}
{"type":"operationStart","subtype":"render","name":"header-footer","previousOperationId":"t56h7olyumn140v","timestamp":1701424272701,"id":"aejv9i8t9g6x5s6","previousEventId":"sc4l5ar6lidujil","operationId":"gii7km4wfwa6pjo"}
{"type":"log","timestamp":1701424272701,"level":"info","message":"Starting rendering (child) request","meta":{"rootId":"enrx7b8eseyzyw6","id":"a1pndozm2r4ymkm"},"id":"yeo4fnof7zajpdi","previousOperationId":"gii7km4wfwa6pjo"}
{"type":"log","timestamp":1701424272701,"level":"info","message":"Rendering template { name: header-footer, recipe: chrome-pdf, engine: handlebars, preview: true }","meta":{"rootId":"enrx7b8eseyzyw6","id":"a1pndozm2r4ymkm"},"id":"5ixeakjyhw2lgd0","previousOperationId":"gii7km4wfwa6pjo"}
{"type":"log","timestamp":1701424272702,"level":"debug","message":"Inline data specified.","meta":{"rootId":"enrx7b8eseyzyw6","id":"a1pndozm2r4ymkm"},"id":"7vug53ozpd7xnc4","previousOperationId":"gii7km4wfwa6pjo"}
{"type":"log","timestamp":1701424272703,"level":"debug","message":"Base url not specified, skipping its injection.","meta":{"rootId":"enrx7b8eseyzyw6","id":"a1pndozm2r4ymkm"},"id":"5hal0z04tw7n8lc","previousOperationId":"gii7km4wfwa6pjo"}
{"type":"operationStart","subtype":"engine","name":"handlebars","timestamp":1701424272703,"id":"n24oopu5bemoog3","previousEventId":"aejv9i8t9g6x5s6","operationId":"okv3a4polgxmpwq","previousOperationId":"gii7km4wfwa6pjo"}
{"type":"log","timestamp":1701424272703,"level":"debug","message":"Rendering engine handlebars","meta":{"rootId":"enrx7b8eseyzyw6","id":"a1pndozm2r4ymkm"},"id":"h82ceelatahvssp","previousOperationId":"okv3a4polgxmpwq"}
{"type":"operationEnd","operationId":"okv3a4polgxmpwq","timestamp":1701424272708,"id":"rfqzkz2wazmw1rz","previousEventId":"n24oopu5bemoog3","previousOperationId":"okv3a4polgxmpwq"}
{"type":"operationStart","subtype":"recipe","name":"chrome-pdf","timestamp":1701424272708,"id":"glq2k4d3wp197pd","previousEventId":"rfqzkz2wazmw1rz","operationId":"ik1zisz0j9dlg30","previousOperationId":"okv3a4polgxmpwq"}
{"type":"log","timestamp":1701424272708,"level":"debug","message":"Executing recipe chrome-pdf","meta":{"rootId":"enrx7b8eseyzyw6","id":"a1pndozm2r4ymkm"},"id":"8bkurgfl4kn28ml","previousOperationId":"ik1zisz0j9dlg30"}
{"type":"log","timestamp":1701424272709,"level":"debug","message":"Converting with chrome HeadlessChrome/117.0.5938.149 using chrome-pool strategy","meta":{"rootId":"enrx7b8eseyzyw6","id":"a1pndozm2r4ymkm"},"id":"thfkz2spf64mf79","previousOperationId":"ik1zisz0j9dlg30"}
{"type":"log","timestamp":1701424272747,"level":"debug","message":"Page request: GET (document) file:///var/folders/dp/qk79pfcj0y1fmtkkl08m76rc0000gn/T/jsreport/autocleanup/8b5904b9-a6ad-4a3d-8257-a4ba190af3cb-chrome-pdf.html","meta":{"rootId":"enrx7b8eseyzyw6","id":"a1pndozm2r4ymkm"},"id":"1dkr9m82vmcfqhm","previousOperationId":"ik1zisz0j9dlg30"}
{"type":"log","timestamp":1701424272751,"level":"debug","message":"Page request finished: GET (document) 200 file:///var/folders/dp/qk79pfcj0y1fmtkkl08m76rc0000gn/T/jsreport/autocleanup/8b5904b9-a6ad-4a3d-8257-a4ba190af3cb-chrome-pdf.html","meta":{"rootId":"enrx7b8eseyzyw6","id":"a1pndozm2r4ymkm"},"id":"kd4hnuj26o5iynv","previousOperationId":"ik1zisz0j9dlg30"}
{"type":"log","timestamp":1701424272759,"level":"debug","message":"Running chrome with params {\"timeout\":59852,\"margin\":{},\"printBackground\":true}","meta":{"rootId":"enrx7b8eseyzyw6","id":"a1pndozm2r4ymkm"},"id":"ovk3dgpr32zxjp3","previousOperationId":"ik1zisz0j9dlg30"}
{"type":"operationEnd","operationId":"ik1zisz0j9dlg30","timestamp":1701424272764,"id":"brl1v01ir0dt7w4","previousEventId":"glq2k4d3wp197pd","previousOperationId":"ik1zisz0j9dlg30"}
{"type":"log","timestamp":1701424272764,"level":"debug","message":"Skipping storing report.","meta":{"rootId":"enrx7b8eseyzyw6","id":"a1pndozm2r4ymkm"},"id":"ase1qx36k7q7ggq","previousOperationId":"ik1zisz0j9dlg30"}
{"type":"log","timestamp":1701424272764,"level":"info","message":"Rendering (child) request finished in 203 ms","meta":{"rootId":"enrx7b8eseyzyw6","id":"a1pndozm2r4ymkm"},"id":"m6ph6l266163koc","previousOperationId":"ik1zisz0j9dlg30"}
{"type":"operationEnd","subtype":"render","operationId":"gii7km4wfwa6pjo","timestamp":1701424272764,"id":"kjuoir8mdxqz4vg","previousEventId":"brl1v01ir0dt7w4","previousOperationId":"ik1zisz0j9dlg30"}
{"type":"operationEnd","operationId":"t56h7olyumn140v","timestamp":1701424272769,"id":"a4u2er4fgq31e2d","previousEventId":"sc4l5ar6lidujil","previousOperationId":"t56h7olyumn140v"}
{"type":"log","timestamp":1701424272769,"level":"debug","message":"pdf-utils postproces start","meta":{"rootId":"enrx7b8eseyzyw6","id":"enrx7b8eseyzyw6"},"id":"cjhls8xn0syqsby","previousOperationId":"t56h7olyumn140v"}
{"type":"log","timestamp":1701424272778,"level":"debug","message":"pdf-utils postproces end","meta":{"rootId":"enrx7b8eseyzyw6","id":"enrx7b8eseyzyw6"},"id":"z45phx63bs2c1sx","previousOperationId":"t56h7olyumn140v"}
{"type":"operationEnd","operationId":"ska2dmbibkioggu","timestamp":1701424272778,"id":"0hejpm2655ioyn2","previousEventId":"a4u2er4fgq31e2d","previousOperationId":"t56h7olyumn140v"}
{"type":"log","timestamp":1701424272778,"level":"info","message":"pdf-utils pdf processing was finished","meta":{"rootId":"enrx7b8eseyzyw6","id":"enrx7b8eseyzyw6"},"id":"swqcwwds6rj60qo","previousOperationId":"ska2dmbibkioggu"}
{"type":"log","timestamp":1701424272778,"level":"debug","message":"Skipping storing report.","meta":{"rootId":"enrx7b8eseyzyw6","id":"enrx7b8eseyzyw6"},"id":"kim178plure0puc","previousOperationId":"ska2dmbibkioggu"}
{"type":"log","timestamp":1701424272778,"level":"info","message":"Rendering request 68 finished in 217 ms","meta":{"rootId":"enrx7b8eseyzyw6","id":"enrx7b8eseyzyw6"},"id":"rtbi6dayb9iu1o7","previousOperationId":"ska2dmbibkioggu"}
{"type":"operationEnd","subtype":"render","operationId":"hbf6sb13x3b2kyh","timestamp":1701424272778,"id":"l8i9x8972fkfcuk","previousEventId":"0hejpm2655ioyn2","previousOperationId":"ska2dmbibkioggu"}
{"type":"operationEnd","doDiffs":false,"previousEventId":"ti5ur5mxl7fs1ks","previousOperationId":"2wiu3h69omk5no1","operationId":"2wiu3h69omk5no1","timestamp":1701424272780,"id":"kxl9elmcucc678p"}
