{"type":"operationStart","subtype":"profile","data":{"_id":"pfuso1k225tqBAmk","timestamp":"2023-12-01T09:25:59.500Z","state":"queued","mode":"standard","creationDate":"2023-12-01T09:25:59.503Z","modificationDate":"2023-12-01T09:25:59.503Z","shortid":"swULvdc","$entitySet":"profiles"},"doDiffs":false,"timestamp":1701422759502,"id":"6dwi92oprbam09t","previousOperationId":null,"operationId":"h41eq53ledtw8nv"}
{"type":"log","level":"info","message":"Render request 53 queued for execution and waiting for available worker","previousOperationId":"h41eq53ledtw8nv","timestamp":1701422759502,"id":"6ak9xv3hiel6t6j"}
{"type":"operationStart","subtype":"render","name":"index_zahtev","previousOperationId":"h41eq53ledtw8nv","timestamp":1701422759510,"id":"07a7gu8hkvy7dx7","previousEventId":"6dwi92oprbam09t","operationId":"y8ebrkbxygniy95"}
{"type":"log","timestamp":1701422759510,"level":"info","message":"Starting rendering request 53","meta":{"rootId":"g974prmzjddbht7","id":"g974prmzjddbht7"},"id":"dt65qx1t3mxqzv9","previousOperationId":"y8ebrkbxygniy95"}
{"type":"log","timestamp":1701422759510,"level":"info","message":"Rendering template { name: index_zahtev, recipe: chrome-pdf, engine: handlebars, preview: true }","meta":{"rootId":"g974prmzjddbht7","id":"g974prmzjddbht7"},"id":"mxuv38exsrax4v4","previousOperationId":"y8ebrkbxygniy95"}
{"type":"log","timestamp":1701422759511,"level":"debug","message":"Inline data specified.","meta":{"rootId":"g974prmzjddbht7","id":"g974prmzjddbht7"},"id":"p26ndbro2yagzha","previousOperationId":"y8ebrkbxygniy95"}
{"type":"log","timestamp":1701422759514,"level":"debug","message":"Base url not specified, skipping its injection.","meta":{"rootId":"g974prmzjddbht7","id":"g974prmzjddbht7"},"id":"c6lce534gnu9cb8","previousOperationId":"y8ebrkbxygniy95"}
{"type":"log","timestamp":1701422759516,"level":"debug","message":"Replaced assets [\"styles.css\"]","meta":{"rootId":"g974prmzjddbht7","id":"g974prmzjddbht7"},"id":"rz664mwacqcb68q","previousOperationId":"y8ebrkbxygniy95"}
{"type":"operationStart","subtype":"engine","name":"handlebars","timestamp":1701422759516,"id":"b0lnbr61pbgv1pf","previousEventId":"07a7gu8hkvy7dx7","operationId":"cpexpfx6f38jhui","previousOperationId":"y8ebrkbxygniy95"}
{"type":"log","timestamp":1701422759516,"level":"debug","message":"Rendering engine handlebars","meta":{"rootId":"g974prmzjddbht7","id":"g974prmzjddbht7"},"id":"ds7qbfhnfnl6jf8","previousOperationId":"cpexpfx6f38jhui"}
{"type":"operationEnd","operationId":"cpexpfx6f38jhui","timestamp":1701422759542,"id":"e2jxl2937av426z","previousEventId":"b0lnbr61pbgv1pf","previousOperationId":"cpexpfx6f38jhui"}
{"type":"operationStart","subtype":"recipe","name":"chrome-pdf","timestamp":1701422759542,"id":"kr9aisne1db5snf","previousEventId":"e2jxl2937av426z","operationId":"ko2snxahijwn6bm","previousOperationId":"cpexpfx6f38jhui"}
{"type":"log","timestamp":1701422759542,"level":"debug","message":"Executing recipe chrome-pdf","meta":{"rootId":"g974prmzjddbht7","id":"g974prmzjddbht7"},"id":"xcwxok2c63zqskl","previousOperationId":"ko2snxahijwn6bm"}
{"type":"log","timestamp":1701422759543,"level":"debug","message":"Converting with chrome HeadlessChrome/117.0.5938.149 using chrome-pool strategy","meta":{"rootId":"g974prmzjddbht7","id":"g974prmzjddbht7"},"id":"25p0rzfceqqqnnm","previousOperationId":"ko2snxahijwn6bm"}
{"type":"log","timestamp":1701422759585,"level":"debug","message":"Page request: GET (document) file:///var/folders/dp/qk79pfcj0y1fmtkkl08m76rc0000gn/T/jsreport/autocleanup/f9ef03f1-d907-4e43-ad84-5a11c6c1ede6-chrome-pdf.html","meta":{"rootId":"g974prmzjddbht7","id":"g974prmzjddbht7"},"id":"207z6nscdk4nz50","previousOperationId":"ko2snxahijwn6bm"}
{"type":"log","timestamp":1701422759590,"level":"debug","message":"Page request finished: GET (document) 200 file:///var/folders/dp/qk79pfcj0y1fmtkkl08m76rc0000gn/T/jsreport/autocleanup/f9ef03f1-d907-4e43-ad84-5a11c6c1ede6-chrome-pdf.html","meta":{"rootId":"g974prmzjddbht7","id":"g974prmzjddbht7"},"id":"6vpbydqeod5udiz","previousOperationId":"ko2snxahijwn6bm"}
{"type":"log","timestamp":1701422759602,"level":"debug","message":"Running chrome with params {\"printBackground\":true,\"marginTop\":\"2cm\",\"marginBottom\":\"2cm\",\"timeout\":59957,\"margin\":{\"top\":\"2cm\",\"bottom\":\"2cm\"}}","meta":{"rootId":"g974prmzjddbht7","id":"g974prmzjddbht7"},"id":"8kzlqgom7cksg5z","previousOperationId":"ko2snxahijwn6bm"}
{"type":"operationEnd","operationId":"ko2snxahijwn6bm","timestamp":1701422759625,"id":"b7bosx89696c5xt","previousEventId":"kr9aisne1db5snf","previousOperationId":"ko2snxahijwn6bm"}
{"type":"log","timestamp":1701422759625,"level":"info","message":"pdf-utils is starting pdf processing","meta":{"rootId":"g974prmzjddbht7","id":"g974prmzjddbht7"},"id":"bcxnojajdsbhfld","previousOperationId":"ko2snxahijwn6bm"}
{"type":"operationStart","subtype":"pdfUtils","name":"pdf utils","timestamp":1701422759625,"id":"v2xhtdm84vcjflm","previousEventId":"b7bosx89696c5xt","operationId":"p9vqru52bcjy1ns","previousOperationId":"ko2snxahijwn6bm"}
{"type":"log","timestamp":1701422759625,"level":"debug","message":"pdf-utils detected 1 pdf operation(s) to process","meta":{"rootId":"g974prmzjddbht7","id":"g974prmzjddbht7"},"id":"p8fan2yczwg6ixs","previousOperationId":"p9vqru52bcjy1ns"}
{"type":"log","timestamp":1701422759654,"level":"debug","message":"pdf-utils running pdf operation merge","meta":{"rootId":"g974prmzjddbht7","id":"g974prmzjddbht7"},"id":"9agoaqbjykersed","previousOperationId":"p9vqru52bcjy1ns"}
{"type":"operationStart","subtype":"pdfUtilsMerge","name":"pdf utils merge","previousOperationId":"p9vqru52bcjy1ns","timestamp":1701422759654,"id":"ossivg28ltn1fhf","previousEventId":"v2xhtdm84vcjflm","operationId":"wbp7ufeerjyrs71"}
{"type":"operationStart","subtype":"render","name":"header-footer","previousOperationId":"wbp7ufeerjyrs71","timestamp":1701422759654,"id":"tdkn8hyahck6jyu","previousEventId":"ossivg28ltn1fhf","operationId":"0kpcx9ssxj02jhw"}
{"type":"log","timestamp":1701422759654,"level":"info","message":"Starting rendering (child) request","meta":{"rootId":"g974prmzjddbht7","id":"rhg27jle3p1ipx1"},"id":"s7natiaka6geuco","previousOperationId":"0kpcx9ssxj02jhw"}
{"type":"log","timestamp":1701422759654,"level":"info","message":"Rendering template { name: header-footer, recipe: chrome-pdf, engine: handlebars, preview: true }","meta":{"rootId":"g974prmzjddbht7","id":"rhg27jle3p1ipx1"},"id":"799kziiex9kyiq4","previousOperationId":"0kpcx9ssxj02jhw"}
{"type":"log","timestamp":1701422759655,"level":"debug","message":"Inline data specified.","meta":{"rootId":"g974prmzjddbht7","id":"rhg27jle3p1ipx1"},"id":"ax87jkq8b2j1olq","previousOperationId":"0kpcx9ssxj02jhw"}
{"type":"log","timestamp":1701422759656,"level":"debug","message":"Base url not specified, skipping its injection.","meta":{"rootId":"g974prmzjddbht7","id":"rhg27jle3p1ipx1"},"id":"0g6bkxdz7j07c2t","previousOperationId":"0kpcx9ssxj02jhw"}
{"type":"operationStart","subtype":"engine","name":"handlebars","timestamp":1701422759656,"id":"2ytuhmmuacs3pxq","previousEventId":"tdkn8hyahck6jyu","operationId":"50xgw83rblk1i11","previousOperationId":"0kpcx9ssxj02jhw"}
{"type":"log","timestamp":1701422759656,"level":"debug","message":"Rendering engine handlebars","meta":{"rootId":"g974prmzjddbht7","id":"rhg27jle3p1ipx1"},"id":"1tri47hyljysx5t","previousOperationId":"50xgw83rblk1i11"}
{"type":"operationEnd","operationId":"50xgw83rblk1i11","timestamp":1701422759660,"id":"446yi1hkw21961e","previousEventId":"2ytuhmmuacs3pxq","previousOperationId":"50xgw83rblk1i11"}
{"type":"operationStart","subtype":"recipe","name":"chrome-pdf","timestamp":1701422759660,"id":"2lnlm3tw1tyje2c","previousEventId":"446yi1hkw21961e","operationId":"amnu3t4uewja4w4","previousOperationId":"50xgw83rblk1i11"}
{"type":"log","timestamp":1701422759660,"level":"debug","message":"Executing recipe chrome-pdf","meta":{"rootId":"g974prmzjddbht7","id":"rhg27jle3p1ipx1"},"id":"m1n1m5uoz9pani6","previousOperationId":"amnu3t4uewja4w4"}
{"type":"log","timestamp":1701422759661,"level":"debug","message":"Converting with chrome HeadlessChrome/117.0.5938.149 using chrome-pool strategy","meta":{"rootId":"g974prmzjddbht7","id":"rhg27jle3p1ipx1"},"id":"zo55dg2eqcno999","previousOperationId":"amnu3t4uewja4w4"}
{"type":"log","timestamp":1701422759698,"level":"debug","message":"Page request: GET (document) file:///var/folders/dp/qk79pfcj0y1fmtkkl08m76rc0000gn/T/jsreport/autocleanup/ec1e8f78-83fa-4342-be49-826ca70a2116-chrome-pdf.html","meta":{"rootId":"g974prmzjddbht7","id":"rhg27jle3p1ipx1"},"id":"pqxukys7kako4wl","previousOperationId":"amnu3t4uewja4w4"}
{"type":"log","timestamp":1701422759702,"level":"debug","message":"Page request finished: GET (document) 200 file:///var/folders/dp/qk79pfcj0y1fmtkkl08m76rc0000gn/T/jsreport/autocleanup/ec1e8f78-83fa-4342-be49-826ca70a2116-chrome-pdf.html","meta":{"rootId":"g974prmzjddbht7","id":"rhg27jle3p1ipx1"},"id":"rykpu5ch62cee3l","previousOperationId":"amnu3t4uewja4w4"}
{"type":"log","timestamp":1701422759710,"level":"debug","message":"Running chrome with params {\"timeout\":59839,\"margin\":{},\"printBackground\":true}","meta":{"rootId":"g974prmzjddbht7","id":"rhg27jle3p1ipx1"},"id":"73e2ea067vr460p","previousOperationId":"amnu3t4uewja4w4"}
{"type":"operationEnd","operationId":"amnu3t4uewja4w4","timestamp":1701422759716,"id":"4nom4ipsmqpsmr1","previousEventId":"2lnlm3tw1tyje2c","previousOperationId":"amnu3t4uewja4w4"}
{"type":"log","timestamp":1701422759716,"level":"debug","message":"Skipping storing report.","meta":{"rootId":"g974prmzjddbht7","id":"rhg27jle3p1ipx1"},"id":"albpy4l9oszmy9q","previousOperationId":"amnu3t4uewja4w4"}
{"type":"log","timestamp":1701422759716,"level":"info","message":"Rendering (child) request finished in 216 ms","meta":{"rootId":"g974prmzjddbht7","id":"rhg27jle3p1ipx1"},"id":"czhyw8wva86yf7e","previousOperationId":"amnu3t4uewja4w4"}
{"type":"operationEnd","subtype":"render","operationId":"0kpcx9ssxj02jhw","timestamp":1701422759716,"id":"dzow7iy1ir9yb4c","previousEventId":"4nom4ipsmqpsmr1","previousOperationId":"amnu3t4uewja4w4"}
{"type":"operationEnd","operationId":"wbp7ufeerjyrs71","timestamp":1701422759721,"id":"n296tbhszetiant","previousEventId":"ossivg28ltn1fhf","previousOperationId":"wbp7ufeerjyrs71"}
{"type":"log","timestamp":1701422759721,"level":"debug","message":"pdf-utils postproces start","meta":{"rootId":"g974prmzjddbht7","id":"g974prmzjddbht7"},"id":"szhr9cphegptvuu","previousOperationId":"wbp7ufeerjyrs71"}
{"type":"log","timestamp":1701422759729,"level":"debug","message":"pdf-utils postproces end","meta":{"rootId":"g974prmzjddbht7","id":"g974prmzjddbht7"},"id":"nk4kdi4p9f1akvk","previousOperationId":"wbp7ufeerjyrs71"}
{"type":"operationEnd","operationId":"p9vqru52bcjy1ns","timestamp":1701422759729,"id":"mvxduyskucmspyc","previousEventId":"n296tbhszetiant","previousOperationId":"wbp7ufeerjyrs71"}
{"type":"log","timestamp":1701422759729,"level":"info","message":"pdf-utils pdf processing was finished","meta":{"rootId":"g974prmzjddbht7","id":"g974prmzjddbht7"},"id":"qucmx1ftdh15co1","previousOperationId":"p9vqru52bcjy1ns"}
{"type":"log","timestamp":1701422759729,"level":"debug","message":"Skipping storing report.","meta":{"rootId":"g974prmzjddbht7","id":"g974prmzjddbht7"},"id":"gqviwj96f7rn0q5","previousOperationId":"p9vqru52bcjy1ns"}
{"type":"log","timestamp":1701422759729,"level":"info","message":"Rendering request 53 finished in 229 ms","meta":{"rootId":"g974prmzjddbht7","id":"g974prmzjddbht7"},"id":"qta20f5x75g0sf8","previousOperationId":"p9vqru52bcjy1ns"}
{"type":"operationEnd","subtype":"render","operationId":"y8ebrkbxygniy95","timestamp":1701422759729,"id":"ubrbqlc9ja2omxx","previousEventId":"mvxduyskucmspyc","previousOperationId":"p9vqru52bcjy1ns"}
{"type":"operationEnd","doDiffs":false,"previousEventId":"6dwi92oprbam09t","previousOperationId":"h41eq53ledtw8nv","operationId":"h41eq53ledtw8nv","timestamp":1701422759732,"id":"9ytyasyqfphiv13"}
