{"type":"operationStart","subtype":"profile","data":{"_id":"qSriVdw9UoQ69Zb1","timestamp":"2023-11-22T06:26:40.674Z","state":"queued","mode":"standard","creationDate":"2023-11-22T06:26:40.675Z","modificationDate":"2023-11-22T06:26:40.675Z","shortid":"0UOprrO","$entitySet":"profiles"},"doDiffs":false,"timestamp":1700634400675,"id":"k9660ml7x8ocofo","previousOperationId":null,"operationId":"u7fa9ynk0a96604"}
{"type":"log","level":"info","message":"Render request 135 queued for execution and waiting for available worker","previousOperationId":"u7fa9ynk0a96604","timestamp":1700634400675,"id":"tcgwazwf28ty6py"}
{"type":"operationStart","subtype":"render","name":"index_zahtev","previousOperationId":"u7fa9ynk0a96604","timestamp":1700634400684,"id":"0dh1k1zcnbvb0bp","previousEventId":"k9660ml7x8ocofo","operationId":"7itt4c2691kkk3z"}
{"type":"log","timestamp":1700634400684,"level":"info","message":"Starting rendering request 135","meta":{"rootId":"gb9j786lx2alo4y","id":"gb9j786lx2alo4y"},"id":"0jmm6rir2d8vng6","previousOperationId":"7itt4c2691kkk3z"}
{"type":"log","timestamp":1700634400684,"level":"info","message":"Rendering template { name: index_zahtev, recipe: chrome-pdf, engine: handlebars, preview: false }","meta":{"rootId":"gb9j786lx2alo4y","id":"gb9j786lx2alo4y"},"id":"td2kt2pz5x2dmol","previousOperationId":"7itt4c2691kkk3z"}
{"type":"log","timestamp":1700634400685,"level":"debug","message":"Inline data specified.","meta":{"rootId":"gb9j786lx2alo4y","id":"gb9j786lx2alo4y"},"id":"kpoqztgkmjhjl4p","previousOperationId":"7itt4c2691kkk3z"}
{"type":"log","timestamp":1700634400690,"level":"debug","message":"Base url not specified, skipping its injection.","meta":{"rootId":"gb9j786lx2alo4y","id":"gb9j786lx2alo4y"},"id":"j8e21wdw3503zqs","previousOperationId":"7itt4c2691kkk3z"}
{"type":"log","timestamp":1700634400699,"level":"debug","message":"Replaced assets [\"styles.css\"]","meta":{"rootId":"gb9j786lx2alo4y","id":"gb9j786lx2alo4y"},"id":"99qo6fpnpb8rvwf","previousOperationId":"7itt4c2691kkk3z"}
{"type":"operationStart","subtype":"engine","name":"handlebars","timestamp":1700634400699,"id":"oj25keeexvr9a0d","previousEventId":"0dh1k1zcnbvb0bp","operationId":"zaa77lwhnlwu013","previousOperationId":"7itt4c2691kkk3z"}
{"type":"log","timestamp":1700634400699,"level":"debug","message":"Rendering engine handlebars","meta":{"rootId":"gb9j786lx2alo4y","id":"gb9j786lx2alo4y"},"id":"r7phusl4vvi4eup","previousOperationId":"zaa77lwhnlwu013"}
{"type":"operationEnd","operationId":"zaa77lwhnlwu013","timestamp":1700634400729,"id":"99xhzosjsz6jf8j","previousEventId":"oj25keeexvr9a0d","previousOperationId":"zaa77lwhnlwu013"}
{"type":"operationStart","subtype":"recipe","name":"chrome-pdf","timestamp":1700634400729,"id":"3dqtk6oximedaeq","previousEventId":"99xhzosjsz6jf8j","operationId":"5diblskt1866k3p","previousOperationId":"zaa77lwhnlwu013"}
{"type":"log","timestamp":1700634400729,"level":"debug","message":"Executing recipe chrome-pdf","meta":{"rootId":"gb9j786lx2alo4y","id":"gb9j786lx2alo4y"},"id":"4dzlu6ufffuww4i","previousOperationId":"5diblskt1866k3p"}
{"type":"log","timestamp":1700634400922,"level":"debug","message":"Converting with chrome HeadlessChrome/117.0.5938.149 using chrome-pool strategy","meta":{"rootId":"gb9j786lx2alo4y","id":"gb9j786lx2alo4y"},"id":"qf8ub41xen7hi2t","previousOperationId":"5diblskt1866k3p"}
{"type":"log","timestamp":1700634400967,"level":"debug","message":"Page request: GET (document) file:///var/folders/dp/qk79pfcj0y1fmtkkl08m76rc0000gn/T/jsreport/autocleanup/6bd24399-2517-4036-92bd-c412201fe53f-chrome-pdf.html","meta":{"rootId":"gb9j786lx2alo4y","id":"gb9j786lx2alo4y"},"id":"pcbqjxyik22ruz1","previousOperationId":"5diblskt1866k3p"}
{"type":"log","timestamp":1700634400972,"level":"debug","message":"Page request finished: GET (document) 200 file:///var/folders/dp/qk79pfcj0y1fmtkkl08m76rc0000gn/T/jsreport/autocleanup/6bd24399-2517-4036-92bd-c412201fe53f-chrome-pdf.html","meta":{"rootId":"gb9j786lx2alo4y","id":"gb9j786lx2alo4y"},"id":"xfkcdut6jr0quvk","previousOperationId":"5diblskt1866k3p"}
{"type":"log","timestamp":1700634400984,"level":"debug","message":"Running chrome with params {\"printBackground\":true,\"marginTop\":\"2cm\",\"marginBottom\":\"2cm\",\"timeout\":59944,\"margin\":{\"top\":\"2cm\",\"bottom\":\"2cm\"}}","meta":{"rootId":"gb9j786lx2alo4y","id":"gb9j786lx2alo4y"},"id":"jpjc07on6r1wbs4","previousOperationId":"5diblskt1866k3p"}
{"type":"operationEnd","operationId":"5diblskt1866k3p","timestamp":1700634401014,"id":"gyw82mlgfwkp1fl","previousEventId":"3dqtk6oximedaeq","previousOperationId":"5diblskt1866k3p"}
{"type":"log","timestamp":1700634401014,"level":"info","message":"pdf-utils is starting pdf processing","meta":{"rootId":"gb9j786lx2alo4y","id":"gb9j786lx2alo4y"},"id":"1ys8lioz027otc0","previousOperationId":"5diblskt1866k3p"}
{"type":"operationStart","subtype":"pdfUtils","name":"pdf utils","timestamp":1700634401106,"id":"ugv1xc0irb8umj0","previousEventId":"gyw82mlgfwkp1fl","operationId":"qdov9zy6b237ep0","previousOperationId":"5diblskt1866k3p"}
{"type":"log","timestamp":1700634401106,"level":"debug","message":"pdf-utils detected 1 pdf operation(s) to process","meta":{"rootId":"gb9j786lx2alo4y","id":"gb9j786lx2alo4y"},"id":"1hswq2yhes1q6r1","previousOperationId":"qdov9zy6b237ep0"}
{"type":"log","timestamp":1700634401178,"level":"debug","message":"pdf-utils running pdf operation merge","meta":{"rootId":"gb9j786lx2alo4y","id":"gb9j786lx2alo4y"},"id":"0vrhxq5gshnpiok","previousOperationId":"qdov9zy6b237ep0"}
{"type":"operationStart","subtype":"pdfUtilsMerge","name":"pdf utils merge","previousOperationId":"qdov9zy6b237ep0","timestamp":1700634401178,"id":"9ztfn7504a8ps9t","previousEventId":"ugv1xc0irb8umj0","operationId":"xvrym2clv31ogc7"}
{"type":"operationStart","subtype":"render","name":"header-footer","previousOperationId":"xvrym2clv31ogc7","timestamp":1700634401178,"id":"eum2c3mu3pjnjt9","previousEventId":"9ztfn7504a8ps9t","operationId":"tbcwbncpisn0c6p"}
{"type":"log","timestamp":1700634401178,"level":"info","message":"Starting rendering (child) request","meta":{"rootId":"gb9j786lx2alo4y","id":"6lr8igffntkmhk8"},"id":"t1gvczb0qcdeljh","previousOperationId":"tbcwbncpisn0c6p"}
{"type":"log","timestamp":1700634401178,"level":"info","message":"Rendering template { name: header-footer, recipe: chrome-pdf, engine: handlebars, preview: false }","meta":{"rootId":"gb9j786lx2alo4y","id":"6lr8igffntkmhk8"},"id":"icdyvnxwqyctnio","previousOperationId":"tbcwbncpisn0c6p"}
{"type":"log","timestamp":1700634401179,"level":"debug","message":"Inline data specified.","meta":{"rootId":"gb9j786lx2alo4y","id":"6lr8igffntkmhk8"},"id":"clj4vv58zee6s80","previousOperationId":"tbcwbncpisn0c6p"}
{"type":"log","timestamp":1700634401179,"level":"debug","message":"Base url not specified, skipping its injection.","meta":{"rootId":"gb9j786lx2alo4y","id":"6lr8igffntkmhk8"},"id":"bw9nrjy52lg3y63","previousOperationId":"tbcwbncpisn0c6p"}
{"type":"operationStart","subtype":"engine","name":"handlebars","timestamp":1700634401179,"id":"om8t6ql5vykodx7","previousEventId":"eum2c3mu3pjnjt9","operationId":"j19h0xnanbkg0f5","previousOperationId":"tbcwbncpisn0c6p"}
{"type":"log","timestamp":1700634401179,"level":"debug","message":"Rendering engine handlebars","meta":{"rootId":"gb9j786lx2alo4y","id":"6lr8igffntkmhk8"},"id":"79ou8rgcs9l4cdg","previousOperationId":"j19h0xnanbkg0f5"}
{"type":"operationEnd","operationId":"j19h0xnanbkg0f5","timestamp":1700634401249,"id":"tp2b89qmoze1u72","previousEventId":"om8t6ql5vykodx7","previousOperationId":"j19h0xnanbkg0f5"}
{"type":"operationStart","subtype":"recipe","name":"chrome-pdf","timestamp":1700634401249,"id":"bsv0hbou0aghiy6","previousEventId":"tp2b89qmoze1u72","operationId":"f7my0be8oqq8rti","previousOperationId":"j19h0xnanbkg0f5"}
{"type":"log","timestamp":1700634401249,"level":"debug","message":"Executing recipe chrome-pdf","meta":{"rootId":"gb9j786lx2alo4y","id":"6lr8igffntkmhk8"},"id":"wzr3ananhkp1yqt","previousOperationId":"f7my0be8oqq8rti"}
{"type":"log","timestamp":1700634401251,"level":"debug","message":"Converting with chrome HeadlessChrome/117.0.5938.149 using chrome-pool strategy","meta":{"rootId":"gb9j786lx2alo4y","id":"6lr8igffntkmhk8"},"id":"0vvccds350uc5jz","previousOperationId":"f7my0be8oqq8rti"}
{"type":"log","timestamp":1700634401289,"level":"debug","message":"Page request: GET (document) file:///var/folders/dp/qk79pfcj0y1fmtkkl08m76rc0000gn/T/jsreport/autocleanup/37c9430f-5c8c-4222-ab0d-87542928c052-chrome-pdf.html","meta":{"rootId":"gb9j786lx2alo4y","id":"6lr8igffntkmhk8"},"id":"kt7qcc62zp7ts7z","previousOperationId":"f7my0be8oqq8rti"}
{"type":"log","timestamp":1700634401294,"level":"debug","message":"Page request finished: GET (document) 200 file:///var/folders/dp/qk79pfcj0y1fmtkkl08m76rc0000gn/T/jsreport/autocleanup/37c9430f-5c8c-4222-ab0d-87542928c052-chrome-pdf.html","meta":{"rootId":"gb9j786lx2alo4y","id":"6lr8igffntkmhk8"},"id":"5miwbe8uiu7d6px","previousOperationId":"f7my0be8oqq8rti"}
{"type":"log","timestamp":1700634401301,"level":"debug","message":"Running chrome with params {\"timeout\":59423,\"margin\":{},\"printBackground\":true}","meta":{"rootId":"gb9j786lx2alo4y","id":"6lr8igffntkmhk8"},"id":"6s8flmp44xmx7xh","previousOperationId":"f7my0be8oqq8rti"}
{"type":"operationEnd","operationId":"f7my0be8oqq8rti","timestamp":1700634401308,"id":"78bx85ps2h5tp43","previousEventId":"bsv0hbou0aghiy6","previousOperationId":"f7my0be8oqq8rti"}
{"type":"log","timestamp":1700634401308,"level":"debug","message":"Skipping storing report.","meta":{"rootId":"gb9j786lx2alo4y","id":"6lr8igffntkmhk8"},"id":"5ff2p5ey63sz8v1","previousOperationId":"f7my0be8oqq8rti"}
{"type":"log","timestamp":1700634401308,"level":"info","message":"Rendering (child) request finished in 634 ms","meta":{"rootId":"gb9j786lx2alo4y","id":"6lr8igffntkmhk8"},"id":"0y9llbykmh0foia","previousOperationId":"f7my0be8oqq8rti"}
{"type":"operationEnd","subtype":"render","operationId":"tbcwbncpisn0c6p","timestamp":1700634401308,"id":"wseqornlhzqt9eq","previousEventId":"78bx85ps2h5tp43","previousOperationId":"f7my0be8oqq8rti"}
{"type":"operationEnd","operationId":"xvrym2clv31ogc7","timestamp":1700634401322,"id":"x4les4rmfrzy15u","previousEventId":"9ztfn7504a8ps9t","previousOperationId":"xvrym2clv31ogc7"}
{"type":"log","timestamp":1700634401322,"level":"debug","message":"pdf-utils postproces start","meta":{"rootId":"gb9j786lx2alo4y","id":"gb9j786lx2alo4y"},"id":"go306fe2jftxtxz","previousOperationId":"xvrym2clv31ogc7"}
{"type":"log","timestamp":1700634401336,"level":"debug","message":"pdf-utils postproces end","meta":{"rootId":"gb9j786lx2alo4y","id":"gb9j786lx2alo4y"},"id":"y7gwfc9599zvziu","previousOperationId":"xvrym2clv31ogc7"}
{"type":"operationEnd","operationId":"qdov9zy6b237ep0","timestamp":1700634401336,"id":"4zozwcyen0qhamv","previousEventId":"x4les4rmfrzy15u","previousOperationId":"xvrym2clv31ogc7"}
{"type":"log","timestamp":1700634401336,"level":"info","message":"pdf-utils pdf processing was finished","meta":{"rootId":"gb9j786lx2alo4y","id":"gb9j786lx2alo4y"},"id":"x1q1b5zl6ecvt70","previousOperationId":"qdov9zy6b237ep0"}
{"type":"log","timestamp":1700634401336,"level":"debug","message":"Skipping storing report.","meta":{"rootId":"gb9j786lx2alo4y","id":"gb9j786lx2alo4y"},"id":"0zco24pj5ypompt","previousOperationId":"qdov9zy6b237ep0"}
{"type":"log","timestamp":1700634401336,"level":"info","message":"Rendering request 135 finished in 662 ms","meta":{"rootId":"gb9j786lx2alo4y","id":"gb9j786lx2alo4y"},"id":"oh8vu0ehnarwtfk","previousOperationId":"qdov9zy6b237ep0"}
{"type":"operationEnd","subtype":"render","operationId":"7itt4c2691kkk3z","timestamp":1700634401336,"id":"v27ndwmy45rjrh3","previousEventId":"4zozwcyen0qhamv","previousOperationId":"qdov9zy6b237ep0"}
{"type":"operationEnd","doDiffs":false,"previousEventId":"k9660ml7x8ocofo","previousOperationId":"u7fa9ynk0a96604","operationId":"u7fa9ynk0a96604","timestamp":1700634401338,"id":"hsp7enzga5gc6zo"}
