{"type":"operationStart","subtype":"profile","data":{"_id":"ZNICOqgJv7DNVheX","timestamp":"2023-12-01T09:48:38.185Z","state":"queued","mode":"standard","creationDate":"2023-12-01T09:48:38.187Z","modificationDate":"2023-12-01T09:48:38.187Z","shortid":"iXbW0S7","$entitySet":"profiles"},"doDiffs":false,"timestamp":1701424118186,"id":"8s9ee0qevf4rop2","previousOperationId":null,"operationId":"gavbrtt4a3zb7xk"}
{"type":"log","level":"info","message":"Render request 65 queued for execution and waiting for available worker","previousOperationId":"gavbrtt4a3zb7xk","timestamp":1701424118186,"id":"2egssbyv7fosp4i"}
{"type":"operationStart","subtype":"render","name":"index_zahtev","previousOperationId":"gavbrtt4a3zb7xk","timestamp":1701424118201,"id":"xcnmg3385aik86a","previousEventId":"8s9ee0qevf4rop2","operationId":"ec8t2ytt54o5gy7"}
{"type":"log","timestamp":1701424118201,"level":"info","message":"Starting rendering request 65","meta":{"rootId":"gm70irvqugifoj2","id":"gm70irvqugifoj2"},"id":"8c5vohotlmj4a3l","previousOperationId":"ec8t2ytt54o5gy7"}
{"type":"log","timestamp":1701424118201,"level":"info","message":"Rendering template { name: index_zahtev, recipe: chrome-pdf, engine: handlebars, preview: true }","meta":{"rootId":"gm70irvqugifoj2","id":"gm70irvqugifoj2"},"id":"qt1ezry5dril4ib","previousOperationId":"ec8t2ytt54o5gy7"}
{"type":"log","timestamp":1701424118202,"level":"debug","message":"Inline data specified.","meta":{"rootId":"gm70irvqugifoj2","id":"gm70irvqugifoj2"},"id":"s20n78a7eo6lsho","previousOperationId":"ec8t2ytt54o5gy7"}
{"type":"log","timestamp":1701424118204,"level":"debug","message":"Base url not specified, skipping its injection.","meta":{"rootId":"gm70irvqugifoj2","id":"gm70irvqugifoj2"},"id":"q8h44er07z10z9s","previousOperationId":"ec8t2ytt54o5gy7"}
{"type":"log","timestamp":1701424118205,"level":"debug","message":"Replaced assets [\"styles.css\"]","meta":{"rootId":"gm70irvqugifoj2","id":"gm70irvqugifoj2"},"id":"85micw2fqrg6t2z","previousOperationId":"ec8t2ytt54o5gy7"}
{"type":"operationStart","subtype":"engine","name":"handlebars","timestamp":1701424118205,"id":"cjb853cugpikzk2","previousEventId":"xcnmg3385aik86a","operationId":"abhj63tn5abii89","previousOperationId":"ec8t2ytt54o5gy7"}
{"type":"log","timestamp":1701424118205,"level":"debug","message":"Rendering engine handlebars","meta":{"rootId":"gm70irvqugifoj2","id":"gm70irvqugifoj2"},"id":"cbbo8g1bztqjvg1","previousOperationId":"abhj63tn5abii89"}
{"type":"operationEnd","operationId":"abhj63tn5abii89","timestamp":1701424118228,"id":"pvve52wgrm9r6xo","previousEventId":"cjb853cugpikzk2","previousOperationId":"abhj63tn5abii89"}
{"type":"operationStart","subtype":"recipe","name":"chrome-pdf","timestamp":1701424118228,"id":"j9lgaf9m4kwf75n","previousEventId":"pvve52wgrm9r6xo","operationId":"nltjmi5ahdf5tb1","previousOperationId":"abhj63tn5abii89"}
{"type":"log","timestamp":1701424118228,"level":"debug","message":"Executing recipe chrome-pdf","meta":{"rootId":"gm70irvqugifoj2","id":"gm70irvqugifoj2"},"id":"03s3x68mxkxpsxs","previousOperationId":"nltjmi5ahdf5tb1"}
{"type":"log","timestamp":1701424118229,"level":"debug","message":"Converting with chrome HeadlessChrome/117.0.5938.149 using chrome-pool strategy","meta":{"rootId":"gm70irvqugifoj2","id":"gm70irvqugifoj2"},"id":"e0qeskhoodwrt02","previousOperationId":"nltjmi5ahdf5tb1"}
{"type":"log","timestamp":1701424118275,"level":"debug","message":"Page request: GET (document) file:///var/folders/dp/qk79pfcj0y1fmtkkl08m76rc0000gn/T/jsreport/autocleanup/8f5c36c0-c474-4524-bb38-ad45eb636355-chrome-pdf.html","meta":{"rootId":"gm70irvqugifoj2","id":"gm70irvqugifoj2"},"id":"qojug3g92aw6upr","previousOperationId":"nltjmi5ahdf5tb1"}
{"type":"log","timestamp":1701424118280,"level":"debug","message":"Page request finished: GET (document) 200 file:///var/folders/dp/qk79pfcj0y1fmtkkl08m76rc0000gn/T/jsreport/autocleanup/8f5c36c0-c474-4524-bb38-ad45eb636355-chrome-pdf.html","meta":{"rootId":"gm70irvqugifoj2","id":"gm70irvqugifoj2"},"id":"0pce0p19nn9ex5n","previousOperationId":"nltjmi5ahdf5tb1"}
{"type":"log","timestamp":1701424118291,"level":"debug","message":"Running chrome with params {\"printBackground\":true,\"marginTop\":\"2cm\",\"marginBottom\":\"2cm\",\"timeout\":59956,\"margin\":{\"top\":\"2cm\",\"bottom\":\"2cm\"}}","meta":{"rootId":"gm70irvqugifoj2","id":"gm70irvqugifoj2"},"id":"t6khi7gu5ad02u6","previousOperationId":"nltjmi5ahdf5tb1"}
{"type":"operationEnd","operationId":"nltjmi5ahdf5tb1","timestamp":1701424118314,"id":"0c2b59yu3njl9my","previousEventId":"j9lgaf9m4kwf75n","previousOperationId":"nltjmi5ahdf5tb1"}
{"type":"log","timestamp":1701424118314,"level":"info","message":"pdf-utils is starting pdf processing","meta":{"rootId":"gm70irvqugifoj2","id":"gm70irvqugifoj2"},"id":"hrdtfnyw81o47t3","previousOperationId":"nltjmi5ahdf5tb1"}
{"type":"operationStart","subtype":"pdfUtils","name":"pdf utils","timestamp":1701424118314,"id":"rhelm0od3pgpfu7","previousEventId":"0c2b59yu3njl9my","operationId":"9a57p7m0be6mx5t","previousOperationId":"nltjmi5ahdf5tb1"}
{"type":"log","timestamp":1701424118314,"level":"debug","message":"pdf-utils detected 1 pdf operation(s) to process","meta":{"rootId":"gm70irvqugifoj2","id":"gm70irvqugifoj2"},"id":"fkyn9amxcu7aeno","previousOperationId":"9a57p7m0be6mx5t"}
{"type":"log","timestamp":1701424118335,"level":"debug","message":"pdf-utils running pdf operation merge","meta":{"rootId":"gm70irvqugifoj2","id":"gm70irvqugifoj2"},"id":"f4erlx8ip9a7qef","previousOperationId":"9a57p7m0be6mx5t"}
{"type":"operationStart","subtype":"pdfUtilsMerge","name":"pdf utils merge","previousOperationId":"9a57p7m0be6mx5t","timestamp":1701424118335,"id":"cnr7mv9aztv42mj","previousEventId":"rhelm0od3pgpfu7","operationId":"7nfq9spoqo76uh8"}
{"type":"operationStart","subtype":"render","name":"header-footer","previousOperationId":"7nfq9spoqo76uh8","timestamp":1701424118335,"id":"ykf1w5xb20174tt","previousEventId":"cnr7mv9aztv42mj","operationId":"kpt6fns3ly126w1"}
{"type":"log","timestamp":1701424118335,"level":"info","message":"Starting rendering (child) request","meta":{"rootId":"gm70irvqugifoj2","id":"9bedmtyjd4n2zzy"},"id":"7yr0u8wlxl5ka62","previousOperationId":"kpt6fns3ly126w1"}
{"type":"log","timestamp":1701424118335,"level":"info","message":"Rendering template { name: header-footer, recipe: chrome-pdf, engine: handlebars, preview: true }","meta":{"rootId":"gm70irvqugifoj2","id":"9bedmtyjd4n2zzy"},"id":"ugo6rpft6qupo5h","previousOperationId":"kpt6fns3ly126w1"}
{"type":"log","timestamp":1701424118335,"level":"debug","message":"Inline data specified.","meta":{"rootId":"gm70irvqugifoj2","id":"9bedmtyjd4n2zzy"},"id":"eatizxbjk5flvnp","previousOperationId":"kpt6fns3ly126w1"}
{"type":"log","timestamp":1701424118336,"level":"debug","message":"Base url not specified, skipping its injection.","meta":{"rootId":"gm70irvqugifoj2","id":"9bedmtyjd4n2zzy"},"id":"xaf2qrs8rk5o8vv","previousOperationId":"kpt6fns3ly126w1"}
{"type":"operationStart","subtype":"engine","name":"handlebars","timestamp":1701424118336,"id":"kntfz9c3l3yfhuw","previousEventId":"ykf1w5xb20174tt","operationId":"xx93i4eixya2s3y","previousOperationId":"kpt6fns3ly126w1"}
{"type":"log","timestamp":1701424118336,"level":"debug","message":"Rendering engine handlebars","meta":{"rootId":"gm70irvqugifoj2","id":"9bedmtyjd4n2zzy"},"id":"5a4ikadtuyazqc4","previousOperationId":"xx93i4eixya2s3y"}
{"type":"operationEnd","operationId":"xx93i4eixya2s3y","timestamp":1701424118341,"id":"jx2oknhp94en0oh","previousEventId":"kntfz9c3l3yfhuw","previousOperationId":"xx93i4eixya2s3y"}
{"type":"operationStart","subtype":"recipe","name":"chrome-pdf","timestamp":1701424118341,"id":"zwjzylgh4vetbwb","previousEventId":"jx2oknhp94en0oh","operationId":"trg3eodlvqyp41u","previousOperationId":"xx93i4eixya2s3y"}
{"type":"log","timestamp":1701424118341,"level":"debug","message":"Executing recipe chrome-pdf","meta":{"rootId":"gm70irvqugifoj2","id":"9bedmtyjd4n2zzy"},"id":"vx455iwp4ut5yqr","previousOperationId":"trg3eodlvqyp41u"}
{"type":"log","timestamp":1701424118342,"level":"debug","message":"Converting with chrome HeadlessChrome/117.0.5938.149 using chrome-pool strategy","meta":{"rootId":"gm70irvqugifoj2","id":"9bedmtyjd4n2zzy"},"id":"xtou22jz2xfrt34","previousOperationId":"trg3eodlvqyp41u"}
{"type":"log","timestamp":1701424118381,"level":"debug","message":"Page request: GET (document) file:///var/folders/dp/qk79pfcj0y1fmtkkl08m76rc0000gn/T/jsreport/autocleanup/302ea37c-d04c-4bd4-bb08-ebd60c047987-chrome-pdf.html","meta":{"rootId":"gm70irvqugifoj2","id":"9bedmtyjd4n2zzy"},"id":"0czizcp7dbpimo4","previousOperationId":"trg3eodlvqyp41u"}
{"type":"log","timestamp":1701424118386,"level":"debug","message":"Page request finished: GET (document) 200 file:///var/folders/dp/qk79pfcj0y1fmtkkl08m76rc0000gn/T/jsreport/autocleanup/302ea37c-d04c-4bd4-bb08-ebd60c047987-chrome-pdf.html","meta":{"rootId":"gm70irvqugifoj2","id":"9bedmtyjd4n2zzy"},"id":"17yzeyz5nc602jo","previousOperationId":"trg3eodlvqyp41u"}
{"type":"log","timestamp":1701424118392,"level":"debug","message":"Running chrome with params {\"timeout\":59843,\"margin\":{},\"printBackground\":true}","meta":{"rootId":"gm70irvqugifoj2","id":"9bedmtyjd4n2zzy"},"id":"r9o81brx801puwr","previousOperationId":"trg3eodlvqyp41u"}
{"type":"operationEnd","operationId":"trg3eodlvqyp41u","timestamp":1701424118399,"id":"dmlph3v7gsr6req","previousEventId":"zwjzylgh4vetbwb","previousOperationId":"trg3eodlvqyp41u"}
{"type":"log","timestamp":1701424118399,"level":"debug","message":"Skipping storing report.","meta":{"rootId":"gm70irvqugifoj2","id":"9bedmtyjd4n2zzy"},"id":"1qn3dkyms3huj8z","previousOperationId":"trg3eodlvqyp41u"}
{"type":"log","timestamp":1701424118399,"level":"info","message":"Rendering (child) request finished in 214 ms","meta":{"rootId":"gm70irvqugifoj2","id":"9bedmtyjd4n2zzy"},"id":"s5n6g2r71erd7la","previousOperationId":"trg3eodlvqyp41u"}
{"type":"operationEnd","subtype":"render","operationId":"kpt6fns3ly126w1","timestamp":1701424118399,"id":"lf3wunuk58jwy8s","previousEventId":"dmlph3v7gsr6req","previousOperationId":"trg3eodlvqyp41u"}
{"type":"operationEnd","operationId":"7nfq9spoqo76uh8","timestamp":1701424118404,"id":"dkuym1thhrlopvs","previousEventId":"cnr7mv9aztv42mj","previousOperationId":"7nfq9spoqo76uh8"}
{"type":"log","timestamp":1701424118404,"level":"debug","message":"pdf-utils postproces start","meta":{"rootId":"gm70irvqugifoj2","id":"gm70irvqugifoj2"},"id":"wq9hl37mpzssvok","previousOperationId":"7nfq9spoqo76uh8"}
{"type":"log","timestamp":1701424118412,"level":"debug","message":"pdf-utils postproces end","meta":{"rootId":"gm70irvqugifoj2","id":"gm70irvqugifoj2"},"id":"hocwc4028wxjsz6","previousOperationId":"7nfq9spoqo76uh8"}
{"type":"operationEnd","operationId":"9a57p7m0be6mx5t","timestamp":1701424118412,"id":"5gv02fyodmtin3s","previousEventId":"dkuym1thhrlopvs","previousOperationId":"7nfq9spoqo76uh8"}
{"type":"log","timestamp":1701424118412,"level":"info","message":"pdf-utils pdf processing was finished","meta":{"rootId":"gm70irvqugifoj2","id":"gm70irvqugifoj2"},"id":"5xd7te78imln1y9","previousOperationId":"9a57p7m0be6mx5t"}
{"type":"log","timestamp":1701424118412,"level":"debug","message":"Skipping storing report.","meta":{"rootId":"gm70irvqugifoj2","id":"gm70irvqugifoj2"},"id":"zhdx7a3l44aqf2s","previousOperationId":"9a57p7m0be6mx5t"}
{"type":"log","timestamp":1701424118412,"level":"info","message":"Rendering request 65 finished in 227 ms","meta":{"rootId":"gm70irvqugifoj2","id":"gm70irvqugifoj2"},"id":"2g3f02hu3jfdatn","previousOperationId":"9a57p7m0be6mx5t"}
{"type":"operationEnd","subtype":"render","operationId":"ec8t2ytt54o5gy7","timestamp":1701424118412,"id":"ubxlmieqljequ0j","previousEventId":"5gv02fyodmtin3s","previousOperationId":"9a57p7m0be6mx5t"}
{"type":"operationEnd","doDiffs":false,"previousEventId":"8s9ee0qevf4rop2","previousOperationId":"gavbrtt4a3zb7xk","operationId":"gavbrtt4a3zb7xk","timestamp":1701424118414,"id":"wxplm7zr87z3ly8"}
