{"type":"operationStart","subtype":"profile","data":{"_id":"6q0yDsWutskpQQbn","timestamp":"2023-11-28T12:58:37.997Z","state":"queued","mode":"standard","creationDate":"2023-11-28T12:58:37.998Z","modificationDate":"2023-11-28T12:58:37.998Z","shortid":"9fJCBIW","$entitySet":"profiles"},"doDiffs":false,"timestamp":1701176317998,"id":"qgfgt1menc65xpo","previousOperationId":null,"operationId":"ncx6gtn913mdr2l"}
{"type":"log","level":"info","message":"Render request 61 queued for execution and waiting for available worker","previousOperationId":"ncx6gtn913mdr2l","timestamp":1701176317998,"id":"x8mpoahq3au8nzd"}
{"type":"operationStart","subtype":"render","name":"index_zahtev","previousOperationId":"ncx6gtn913mdr2l","timestamp":1701176318006,"id":"057u3jkgq24cuue","previousEventId":"qgfgt1menc65xpo","operationId":"65ykaraui2g8xbv"}
{"type":"log","timestamp":1701176318006,"level":"info","message":"Starting rendering request 61","meta":{"rootId":"jnrz0w7829jkscz","id":"jnrz0w7829jkscz"},"id":"96cicr4qnjfaczt","previousOperationId":"65ykaraui2g8xbv"}
{"type":"log","timestamp":1701176318006,"level":"info","message":"Rendering template { name: index_zahtev, recipe: chrome-pdf, engine: handlebars, preview: false }","meta":{"rootId":"jnrz0w7829jkscz","id":"jnrz0w7829jkscz"},"id":"exbq8ns3eexusvp","previousOperationId":"65ykaraui2g8xbv"}
{"type":"log","timestamp":1701176318007,"level":"debug","message":"Inline data specified.","meta":{"rootId":"jnrz0w7829jkscz","id":"jnrz0w7829jkscz"},"id":"os6z4ho1cevyhyq","previousOperationId":"65ykaraui2g8xbv"}
{"type":"log","timestamp":1701176318007,"level":"debug","message":"Base url not specified, skipping its injection.","meta":{"rootId":"jnrz0w7829jkscz","id":"jnrz0w7829jkscz"},"id":"0jktxjmxltrn60a","previousOperationId":"65ykaraui2g8xbv"}
{"type":"log","timestamp":1701176318009,"level":"debug","message":"Replaced assets [\"styles.css\"]","meta":{"rootId":"jnrz0w7829jkscz","id":"jnrz0w7829jkscz"},"id":"smticfthdjru6bx","previousOperationId":"65ykaraui2g8xbv"}
{"type":"operationStart","subtype":"engine","name":"handlebars","timestamp":1701176318009,"id":"gj2w9ztk7z2tvyc","previousEventId":"057u3jkgq24cuue","operationId":"q81m2ke5xyrwfc8","previousOperationId":"65ykaraui2g8xbv"}
{"type":"log","timestamp":1701176318009,"level":"debug","message":"Rendering engine handlebars","meta":{"rootId":"jnrz0w7829jkscz","id":"jnrz0w7829jkscz"},"id":"oh3y9mjjf1p2734","previousOperationId":"q81m2ke5xyrwfc8"}
{"type":"operationEnd","operationId":"q81m2ke5xyrwfc8","timestamp":1701176318029,"id":"i62u8sl4pils2zq","previousEventId":"gj2w9ztk7z2tvyc","previousOperationId":"q81m2ke5xyrwfc8"}
{"type":"operationStart","subtype":"recipe","name":"chrome-pdf","timestamp":1701176318029,"id":"dsm74403w5999os","previousEventId":"i62u8sl4pils2zq","operationId":"1rvz0mcijkml6fh","previousOperationId":"q81m2ke5xyrwfc8"}
{"type":"log","timestamp":1701176318029,"level":"debug","message":"Executing recipe chrome-pdf","meta":{"rootId":"jnrz0w7829jkscz","id":"jnrz0w7829jkscz"},"id":"0sz0gcmau559oar","previousOperationId":"1rvz0mcijkml6fh"}
{"type":"log","timestamp":1701176318031,"level":"debug","message":"Converting with chrome HeadlessChrome/117.0.5938.149 using chrome-pool strategy","meta":{"rootId":"jnrz0w7829jkscz","id":"jnrz0w7829jkscz"},"id":"hxxeyk8mxfxzcar","previousOperationId":"1rvz0mcijkml6fh"}
{"type":"log","timestamp":1701176318070,"level":"debug","message":"Page request: GET (document) file:///var/folders/dp/qk79pfcj0y1fmtkkl08m76rc0000gn/T/jsreport/autocleanup/155165e4-3f66-48d3-8fa4-9e71d94d13eb-chrome-pdf.html","meta":{"rootId":"jnrz0w7829jkscz","id":"jnrz0w7829jkscz"},"id":"3qnifiv5mx5vwnl","previousOperationId":"1rvz0mcijkml6fh"}
{"type":"log","timestamp":1701176318074,"level":"debug","message":"Page request finished: GET (document) 200 file:///var/folders/dp/qk79pfcj0y1fmtkkl08m76rc0000gn/T/jsreport/autocleanup/155165e4-3f66-48d3-8fa4-9e71d94d13eb-chrome-pdf.html","meta":{"rootId":"jnrz0w7829jkscz","id":"jnrz0w7829jkscz"},"id":"7ibsfxmq1vef4c2","previousOperationId":"1rvz0mcijkml6fh"}
{"type":"log","timestamp":1701176318083,"level":"debug","message":"Running chrome with params {\"printBackground\":true,\"marginTop\":\"2cm\",\"marginBottom\":\"2cm\",\"timeout\":59966,\"margin\":{\"top\":\"2cm\",\"bottom\":\"2cm\"}}","meta":{"rootId":"jnrz0w7829jkscz","id":"jnrz0w7829jkscz"},"id":"zwojsqetk55ahkf","previousOperationId":"1rvz0mcijkml6fh"}
{"type":"operationEnd","operationId":"1rvz0mcijkml6fh","timestamp":1701176318107,"id":"3h0bdm05jf2aw1c","previousEventId":"dsm74403w5999os","previousOperationId":"1rvz0mcijkml6fh"}
{"type":"log","timestamp":1701176318107,"level":"info","message":"pdf-utils is starting pdf processing","meta":{"rootId":"jnrz0w7829jkscz","id":"jnrz0w7829jkscz"},"id":"5xduiqxut4z5ng5","previousOperationId":"1rvz0mcijkml6fh"}
{"type":"operationStart","subtype":"pdfUtils","name":"pdf utils","timestamp":1701176318181,"id":"w86sh9dpxuy8n1x","previousEventId":"3h0bdm05jf2aw1c","operationId":"x9hlzr7hsl4zzqp","previousOperationId":"1rvz0mcijkml6fh"}
{"type":"log","timestamp":1701176318181,"level":"debug","message":"pdf-utils detected 1 pdf operation(s) to process","meta":{"rootId":"jnrz0w7829jkscz","id":"jnrz0w7829jkscz"},"id":"dyw5m5g9lu7ka29","previousOperationId":"x9hlzr7hsl4zzqp"}
{"type":"log","timestamp":1701176318252,"level":"debug","message":"pdf-utils running pdf operation merge","meta":{"rootId":"jnrz0w7829jkscz","id":"jnrz0w7829jkscz"},"id":"72nfbldzdwa9vpj","previousOperationId":"x9hlzr7hsl4zzqp"}
{"type":"operationStart","subtype":"pdfUtilsMerge","name":"pdf utils merge","previousOperationId":"x9hlzr7hsl4zzqp","timestamp":1701176318252,"id":"813u1xgn5sk7ktx","previousEventId":"w86sh9dpxuy8n1x","operationId":"ou10oi5n2d77auy"}
{"type":"operationStart","subtype":"render","name":"header-footer","previousOperationId":"ou10oi5n2d77auy","timestamp":1701176318253,"id":"l0j15tqla5ll8uh","previousEventId":"813u1xgn5sk7ktx","operationId":"4ypclo5objj8oyr"}
{"type":"log","timestamp":1701176318253,"level":"info","message":"Starting rendering (child) request","meta":{"rootId":"jnrz0w7829jkscz","id":"x89rribzpg3ypyn"},"id":"fai2qsaigq5jgik","previousOperationId":"4ypclo5objj8oyr"}
{"type":"log","timestamp":1701176318253,"level":"info","message":"Rendering template { name: header-footer, recipe: chrome-pdf, engine: handlebars, preview: false }","meta":{"rootId":"jnrz0w7829jkscz","id":"x89rribzpg3ypyn"},"id":"fxhealfqdyhtqq1","previousOperationId":"4ypclo5objj8oyr"}
{"type":"log","timestamp":1701176318254,"level":"debug","message":"Inline data specified.","meta":{"rootId":"jnrz0w7829jkscz","id":"x89rribzpg3ypyn"},"id":"22b1gfo23ie8hgw","previousOperationId":"4ypclo5objj8oyr"}
{"type":"log","timestamp":1701176318254,"level":"debug","message":"Base url not specified, skipping its injection.","meta":{"rootId":"jnrz0w7829jkscz","id":"x89rribzpg3ypyn"},"id":"ees6hs44ktsdtkr","previousOperationId":"4ypclo5objj8oyr"}
{"type":"operationStart","subtype":"engine","name":"handlebars","timestamp":1701176318254,"id":"vgkx55cncj002cj","previousEventId":"l0j15tqla5ll8uh","operationId":"b5xvtucbcvbrix6","previousOperationId":"4ypclo5objj8oyr"}
{"type":"log","timestamp":1701176318254,"level":"debug","message":"Rendering engine handlebars","meta":{"rootId":"jnrz0w7829jkscz","id":"x89rribzpg3ypyn"},"id":"tu3sgtbkglr7ji3","previousOperationId":"b5xvtucbcvbrix6"}
{"type":"operationEnd","operationId":"b5xvtucbcvbrix6","timestamp":1701176318324,"id":"24ezwnf89heanbe","previousEventId":"vgkx55cncj002cj","previousOperationId":"b5xvtucbcvbrix6"}
{"type":"operationStart","subtype":"recipe","name":"chrome-pdf","timestamp":1701176318324,"id":"eor1wzf6brzfq87","previousEventId":"24ezwnf89heanbe","operationId":"f6wkz2s6gjsi378","previousOperationId":"b5xvtucbcvbrix6"}
{"type":"log","timestamp":1701176318324,"level":"debug","message":"Executing recipe chrome-pdf","meta":{"rootId":"jnrz0w7829jkscz","id":"x89rribzpg3ypyn"},"id":"3knhtkni25m66sc","previousOperationId":"f6wkz2s6gjsi378"}
{"type":"log","timestamp":1701176318325,"level":"debug","message":"Converting with chrome HeadlessChrome/117.0.5938.149 using chrome-pool strategy","meta":{"rootId":"jnrz0w7829jkscz","id":"x89rribzpg3ypyn"},"id":"ihoijn3wpjqtyxz","previousOperationId":"f6wkz2s6gjsi378"}
{"type":"log","timestamp":1701176318362,"level":"debug","message":"Page request: GET (document) file:///var/folders/dp/qk79pfcj0y1fmtkkl08m76rc0000gn/T/jsreport/autocleanup/48ca40c4-8cd7-4114-ad2d-9a40d28821a3-chrome-pdf.html","meta":{"rootId":"jnrz0w7829jkscz","id":"x89rribzpg3ypyn"},"id":"s6uqwcg92neva2o","previousOperationId":"f6wkz2s6gjsi378"}
{"type":"log","timestamp":1701176318367,"level":"debug","message":"Page request finished: GET (document) 200 file:///var/folders/dp/qk79pfcj0y1fmtkkl08m76rc0000gn/T/jsreport/autocleanup/48ca40c4-8cd7-4114-ad2d-9a40d28821a3-chrome-pdf.html","meta":{"rootId":"jnrz0w7829jkscz","id":"x89rribzpg3ypyn"},"id":"rh03qr1mfeol0bz","previousOperationId":"f6wkz2s6gjsi378"}
{"type":"log","timestamp":1701176318373,"level":"debug","message":"Running chrome with params {\"timeout\":59671,\"margin\":{},\"printBackground\":true}","meta":{"rootId":"jnrz0w7829jkscz","id":"x89rribzpg3ypyn"},"id":"ggqyc9juzzi80r8","previousOperationId":"f6wkz2s6gjsi378"}
{"type":"operationEnd","operationId":"f6wkz2s6gjsi378","timestamp":1701176318380,"id":"i459ylilo4v6mtk","previousEventId":"eor1wzf6brzfq87","previousOperationId":"f6wkz2s6gjsi378"}
{"type":"log","timestamp":1701176318380,"level":"debug","message":"Skipping storing report.","meta":{"rootId":"jnrz0w7829jkscz","id":"x89rribzpg3ypyn"},"id":"v5jg7wjnaekyt84","previousOperationId":"f6wkz2s6gjsi378"}
{"type":"log","timestamp":1701176318380,"level":"info","message":"Rendering (child) request finished in 384 ms","meta":{"rootId":"jnrz0w7829jkscz","id":"x89rribzpg3ypyn"},"id":"alb3q8n9iuocdsn","previousOperationId":"f6wkz2s6gjsi378"}
{"type":"operationEnd","subtype":"render","operationId":"4ypclo5objj8oyr","timestamp":1701176318380,"id":"xetbrm5sxmql628","previousEventId":"i459ylilo4v6mtk","previousOperationId":"f6wkz2s6gjsi378"}
{"type":"operationEnd","operationId":"ou10oi5n2d77auy","timestamp":1701176318393,"id":"t7iurn8wjy8y82d","previousEventId":"813u1xgn5sk7ktx","previousOperationId":"ou10oi5n2d77auy"}
{"type":"log","timestamp":1701176318393,"level":"debug","message":"pdf-utils postproces start","meta":{"rootId":"jnrz0w7829jkscz","id":"jnrz0w7829jkscz"},"id":"u55n3919494fy3w","previousOperationId":"ou10oi5n2d77auy"}
{"type":"log","timestamp":1701176318407,"level":"debug","message":"pdf-utils postproces end","meta":{"rootId":"jnrz0w7829jkscz","id":"jnrz0w7829jkscz"},"id":"atnd0j1udfxch14","previousOperationId":"ou10oi5n2d77auy"}
{"type":"operationEnd","operationId":"x9hlzr7hsl4zzqp","timestamp":1701176318407,"id":"6xg47dqueoix2g4","previousEventId":"t7iurn8wjy8y82d","previousOperationId":"ou10oi5n2d77auy"}
{"type":"log","timestamp":1701176318407,"level":"info","message":"pdf-utils pdf processing was finished","meta":{"rootId":"jnrz0w7829jkscz","id":"jnrz0w7829jkscz"},"id":"sdja46xmddhht1x","previousOperationId":"x9hlzr7hsl4zzqp"}
{"type":"log","timestamp":1701176318407,"level":"debug","message":"Skipping storing report.","meta":{"rootId":"jnrz0w7829jkscz","id":"jnrz0w7829jkscz"},"id":"dtlsqyt4rqxmo1v","previousOperationId":"x9hlzr7hsl4zzqp"}
{"type":"log","timestamp":1701176318407,"level":"info","message":"Rendering request 61 finished in 411 ms","meta":{"rootId":"jnrz0w7829jkscz","id":"jnrz0w7829jkscz"},"id":"f1likf1juj00ory","previousOperationId":"x9hlzr7hsl4zzqp"}
{"type":"operationEnd","subtype":"render","operationId":"65ykaraui2g8xbv","timestamp":1701176318407,"id":"l4b2h0fbbq0ejjv","previousEventId":"6xg47dqueoix2g4","previousOperationId":"x9hlzr7hsl4zzqp"}
{"type":"operationEnd","doDiffs":false,"previousEventId":"qgfgt1menc65xpo","previousOperationId":"ncx6gtn913mdr2l","operationId":"ncx6gtn913mdr2l","timestamp":1701176318408,"id":"6idljliqww4uv9o"}
