{"type":"operationStart","subtype":"profile","data":{"_id":"8LCZAEebv2l6R1bH","timestamp":"2023-11-22T06:28:39.483Z","state":"queued","mode":"standard","creationDate":"2023-11-22T06:28:39.484Z","modificationDate":"2023-11-22T06:28:39.484Z","shortid":"v7v1Ir9","$entitySet":"profiles"},"doDiffs":false,"timestamp":1700634519484,"id":"6za094u5uci7w5s","previousOperationId":null,"operationId":"hfofkm8u37pe7s5"}
{"type":"log","level":"info","message":"Render request 136 queued for execution and waiting for available worker","previousOperationId":"hfofkm8u37pe7s5","timestamp":1700634519484,"id":"ruuidlz9ffojpu7"}
{"type":"operationStart","subtype":"render","name":"index_zahtev","previousOperationId":"hfofkm8u37pe7s5","timestamp":1700634519488,"id":"nxylu7z4kte6a60","previousEventId":"6za094u5uci7w5s","operationId":"pl4us3qr56t5vfq"}
{"type":"log","timestamp":1700634519488,"level":"info","message":"Starting rendering request 136","meta":{"rootId":"k7j9zgpdiytl8jk","id":"k7j9zgpdiytl8jk"},"id":"55xi21n43vravno","previousOperationId":"pl4us3qr56t5vfq"}
{"type":"log","timestamp":1700634519488,"level":"info","message":"Rendering template { name: index_zahtev, recipe: chrome-pdf, engine: handlebars, preview: false }","meta":{"rootId":"k7j9zgpdiytl8jk","id":"k7j9zgpdiytl8jk"},"id":"bobwu09plgl5qft","previousOperationId":"pl4us3qr56t5vfq"}
{"type":"log","timestamp":1700634519489,"level":"debug","message":"Inline data specified.","meta":{"rootId":"k7j9zgpdiytl8jk","id":"k7j9zgpdiytl8jk"},"id":"5hw4e2lno5desjp","previousOperationId":"pl4us3qr56t5vfq"}
{"type":"log","timestamp":1700634519489,"level":"debug","message":"Base url not specified, skipping its injection.","meta":{"rootId":"k7j9zgpdiytl8jk","id":"k7j9zgpdiytl8jk"},"id":"j0yuvc0i2s0x92r","previousOperationId":"pl4us3qr56t5vfq"}
{"type":"log","timestamp":1700634519492,"level":"debug","message":"Replaced assets [\"styles.css\"]","meta":{"rootId":"k7j9zgpdiytl8jk","id":"k7j9zgpdiytl8jk"},"id":"d2fq2rwmxfcsxqz","previousOperationId":"pl4us3qr56t5vfq"}
{"type":"operationStart","subtype":"engine","name":"handlebars","timestamp":1700634519492,"id":"68l9zv7ns5k50ee","previousEventId":"nxylu7z4kte6a60","operationId":"285mss5zc5y42k0","previousOperationId":"pl4us3qr56t5vfq"}
{"type":"log","timestamp":1700634519492,"level":"debug","message":"Rendering engine handlebars","meta":{"rootId":"k7j9zgpdiytl8jk","id":"k7j9zgpdiytl8jk"},"id":"i41i3sstf7s8evj","previousOperationId":"285mss5zc5y42k0"}
{"type":"operationEnd","operationId":"285mss5zc5y42k0","timestamp":1700634519519,"id":"1dpt1s4r4cejvgm","previousEventId":"68l9zv7ns5k50ee","previousOperationId":"285mss5zc5y42k0"}
{"type":"operationStart","subtype":"recipe","name":"chrome-pdf","timestamp":1700634519520,"id":"iogbwrju3h2i5aa","previousEventId":"1dpt1s4r4cejvgm","operationId":"h0gro4xab2wfd86","previousOperationId":"285mss5zc5y42k0"}
{"type":"log","timestamp":1700634519520,"level":"debug","message":"Executing recipe chrome-pdf","meta":{"rootId":"k7j9zgpdiytl8jk","id":"k7j9zgpdiytl8jk"},"id":"8k9rwgoq64iw2jw","previousOperationId":"h0gro4xab2wfd86"}
{"type":"log","timestamp":1700634519681,"level":"debug","message":"Converting with chrome HeadlessChrome/117.0.5938.149 using chrome-pool strategy","meta":{"rootId":"k7j9zgpdiytl8jk","id":"k7j9zgpdiytl8jk"},"id":"grfhi3goopbtn5q","previousOperationId":"h0gro4xab2wfd86"}
{"type":"log","timestamp":1700634519733,"level":"debug","message":"Page request: GET (document) file:///var/folders/dp/qk79pfcj0y1fmtkkl08m76rc0000gn/T/jsreport/autocleanup/2e3ca283-6738-47a7-b725-d9e1563301bf-chrome-pdf.html","meta":{"rootId":"k7j9zgpdiytl8jk","id":"k7j9zgpdiytl8jk"},"id":"097zcdf0vtsz8l4","previousOperationId":"h0gro4xab2wfd86"}
{"type":"log","timestamp":1700634519740,"level":"debug","message":"Page request finished: GET (document) 200 file:///var/folders/dp/qk79pfcj0y1fmtkkl08m76rc0000gn/T/jsreport/autocleanup/2e3ca283-6738-47a7-b725-d9e1563301bf-chrome-pdf.html","meta":{"rootId":"k7j9zgpdiytl8jk","id":"k7j9zgpdiytl8jk"},"id":"667cx937lhhdn1k","previousOperationId":"h0gro4xab2wfd86"}
{"type":"log","timestamp":1700634519747,"level":"debug","message":"Running chrome with params {\"printBackground\":true,\"marginTop\":\"2cm\",\"marginBottom\":\"2cm\",\"timeout\":59962,\"margin\":{\"top\":\"2cm\",\"bottom\":\"2cm\"}}","meta":{"rootId":"k7j9zgpdiytl8jk","id":"k7j9zgpdiytl8jk"},"id":"7e3j7d4eqtx83n2","previousOperationId":"h0gro4xab2wfd86"}
{"type":"operationEnd","operationId":"h0gro4xab2wfd86","timestamp":1700634519773,"id":"ttqs3l3zknxrjpk","previousEventId":"iogbwrju3h2i5aa","previousOperationId":"h0gro4xab2wfd86"}
{"type":"log","timestamp":1700634519773,"level":"info","message":"pdf-utils is starting pdf processing","meta":{"rootId":"k7j9zgpdiytl8jk","id":"k7j9zgpdiytl8jk"},"id":"daqyzpahtqk150t","previousOperationId":"h0gro4xab2wfd86"}
{"type":"operationStart","subtype":"pdfUtils","name":"pdf utils","timestamp":1700634519852,"id":"sly1ktpa3u3yvts","previousEventId":"ttqs3l3zknxrjpk","operationId":"n3ra2r28m0bb6np","previousOperationId":"h0gro4xab2wfd86"}
{"type":"log","timestamp":1700634519852,"level":"debug","message":"pdf-utils detected 1 pdf operation(s) to process","meta":{"rootId":"k7j9zgpdiytl8jk","id":"k7j9zgpdiytl8jk"},"id":"3i30nf5ilkuzoin","previousOperationId":"n3ra2r28m0bb6np"}
{"type":"log","timestamp":1700634519918,"level":"debug","message":"pdf-utils running pdf operation merge","meta":{"rootId":"k7j9zgpdiytl8jk","id":"k7j9zgpdiytl8jk"},"id":"qh0qhi63lc8p5bi","previousOperationId":"n3ra2r28m0bb6np"}
{"type":"operationStart","subtype":"pdfUtilsMerge","name":"pdf utils merge","previousOperationId":"n3ra2r28m0bb6np","timestamp":1700634519918,"id":"bar6qn0nlzb8fgr","previousEventId":"sly1ktpa3u3yvts","operationId":"2gt3rywmuhxxa0u"}
{"type":"operationStart","subtype":"render","name":"header-footer","previousOperationId":"2gt3rywmuhxxa0u","timestamp":1700634519919,"id":"ukdj3e157qc6z93","previousEventId":"bar6qn0nlzb8fgr","operationId":"llv2v52b7qyi2zj"}
{"type":"log","timestamp":1700634519919,"level":"info","message":"Starting rendering (child) request","meta":{"rootId":"k7j9zgpdiytl8jk","id":"nx8xg4xh7ds6kcf"},"id":"6xjs2ytyud8qtdh","previousOperationId":"llv2v52b7qyi2zj"}
{"type":"log","timestamp":1700634519919,"level":"info","message":"Rendering template { name: header-footer, recipe: chrome-pdf, engine: handlebars, preview: false }","meta":{"rootId":"k7j9zgpdiytl8jk","id":"nx8xg4xh7ds6kcf"},"id":"fy53b05ssi6qqoj","previousOperationId":"llv2v52b7qyi2zj"}
{"type":"log","timestamp":1700634519920,"level":"debug","message":"Inline data specified.","meta":{"rootId":"k7j9zgpdiytl8jk","id":"nx8xg4xh7ds6kcf"},"id":"53yti35bvaiyl1x","previousOperationId":"llv2v52b7qyi2zj"}
{"type":"log","timestamp":1700634519920,"level":"debug","message":"Base url not specified, skipping its injection.","meta":{"rootId":"k7j9zgpdiytl8jk","id":"nx8xg4xh7ds6kcf"},"id":"ccgwqedc4etb8eb","previousOperationId":"llv2v52b7qyi2zj"}
{"type":"operationStart","subtype":"engine","name":"handlebars","timestamp":1700634519921,"id":"egigx9rfagi7utn","previousEventId":"ukdj3e157qc6z93","operationId":"3s114y2y84q8mic","previousOperationId":"llv2v52b7qyi2zj"}
{"type":"log","timestamp":1700634519921,"level":"debug","message":"Rendering engine handlebars","meta":{"rootId":"k7j9zgpdiytl8jk","id":"nx8xg4xh7ds6kcf"},"id":"hf3v72peswbtaw6","previousOperationId":"3s114y2y84q8mic"}
{"type":"operationEnd","operationId":"3s114y2y84q8mic","timestamp":1700634520001,"id":"mpcrnl2srjxdiwq","previousEventId":"egigx9rfagi7utn","previousOperationId":"3s114y2y84q8mic"}
{"type":"operationStart","subtype":"recipe","name":"chrome-pdf","timestamp":1700634520001,"id":"s360w0d74fx8o0g","previousEventId":"mpcrnl2srjxdiwq","operationId":"phwin2hwrf8oa5n","previousOperationId":"3s114y2y84q8mic"}
{"type":"log","timestamp":1700634520001,"level":"debug","message":"Executing recipe chrome-pdf","meta":{"rootId":"k7j9zgpdiytl8jk","id":"nx8xg4xh7ds6kcf"},"id":"mxpyr8e11ve07zy","previousOperationId":"phwin2hwrf8oa5n"}
{"type":"log","timestamp":1700634520002,"level":"debug","message":"Converting with chrome HeadlessChrome/117.0.5938.149 using chrome-pool strategy","meta":{"rootId":"k7j9zgpdiytl8jk","id":"nx8xg4xh7ds6kcf"},"id":"4hit8yv77ki7bzw","previousOperationId":"phwin2hwrf8oa5n"}
{"type":"log","timestamp":1700634520038,"level":"debug","message":"Page request: GET (document) file:///var/folders/dp/qk79pfcj0y1fmtkkl08m76rc0000gn/T/jsreport/autocleanup/c7856d0d-32ae-4337-920c-2a7923afc859-chrome-pdf.html","meta":{"rootId":"k7j9zgpdiytl8jk","id":"nx8xg4xh7ds6kcf"},"id":"qa50ddzbcrckzc4","previousOperationId":"phwin2hwrf8oa5n"}
{"type":"log","timestamp":1700634520042,"level":"debug","message":"Page request finished: GET (document) 200 file:///var/folders/dp/qk79pfcj0y1fmtkkl08m76rc0000gn/T/jsreport/autocleanup/c7856d0d-32ae-4337-920c-2a7923afc859-chrome-pdf.html","meta":{"rootId":"k7j9zgpdiytl8jk","id":"nx8xg4xh7ds6kcf"},"id":"b1976h6ba95xdme","previousOperationId":"phwin2hwrf8oa5n"}
{"type":"log","timestamp":1700634520049,"level":"debug","message":"Running chrome with params {\"timeout\":59481,\"margin\":{},\"printBackground\":true}","meta":{"rootId":"k7j9zgpdiytl8jk","id":"nx8xg4xh7ds6kcf"},"id":"4c3462h4f12qxz2","previousOperationId":"phwin2hwrf8oa5n"}
{"type":"operationEnd","operationId":"phwin2hwrf8oa5n","timestamp":1700634520055,"id":"w8u8h4qo1by5ffs","previousEventId":"s360w0d74fx8o0g","previousOperationId":"phwin2hwrf8oa5n"}
{"type":"log","timestamp":1700634520055,"level":"debug","message":"Skipping storing report.","meta":{"rootId":"k7j9zgpdiytl8jk","id":"nx8xg4xh7ds6kcf"},"id":"0hiv6cxa43a2b5m","previousOperationId":"phwin2hwrf8oa5n"}
{"type":"log","timestamp":1700634520055,"level":"info","message":"Rendering (child) request finished in 572 ms","meta":{"rootId":"k7j9zgpdiytl8jk","id":"nx8xg4xh7ds6kcf"},"id":"xfhlduupa39oneg","previousOperationId":"phwin2hwrf8oa5n"}
{"type":"operationEnd","subtype":"render","operationId":"llv2v52b7qyi2zj","timestamp":1700634520055,"id":"gjljvzaklqy19w6","previousEventId":"w8u8h4qo1by5ffs","previousOperationId":"phwin2hwrf8oa5n"}
{"type":"operationEnd","operationId":"2gt3rywmuhxxa0u","timestamp":1700634520068,"id":"5l0r18mzyt5g866","previousEventId":"bar6qn0nlzb8fgr","previousOperationId":"2gt3rywmuhxxa0u"}
{"type":"log","timestamp":1700634520068,"level":"debug","message":"pdf-utils postproces start","meta":{"rootId":"k7j9zgpdiytl8jk","id":"k7j9zgpdiytl8jk"},"id":"9dk8ht3u9fvo221","previousOperationId":"2gt3rywmuhxxa0u"}
{"type":"log","timestamp":1700634520082,"level":"debug","message":"pdf-utils postproces end","meta":{"rootId":"k7j9zgpdiytl8jk","id":"k7j9zgpdiytl8jk"},"id":"lsesd6m1qjqrn5f","previousOperationId":"2gt3rywmuhxxa0u"}
{"type":"operationEnd","operationId":"n3ra2r28m0bb6np","timestamp":1700634520082,"id":"jxl6skoc0dgftj2","previousEventId":"5l0r18mzyt5g866","previousOperationId":"2gt3rywmuhxxa0u"}
{"type":"log","timestamp":1700634520082,"level":"info","message":"pdf-utils pdf processing was finished","meta":{"rootId":"k7j9zgpdiytl8jk","id":"k7j9zgpdiytl8jk"},"id":"fiffh2ozy6wufll","previousOperationId":"n3ra2r28m0bb6np"}
{"type":"log","timestamp":1700634520082,"level":"debug","message":"Skipping storing report.","meta":{"rootId":"k7j9zgpdiytl8jk","id":"k7j9zgpdiytl8jk"},"id":"2vsqhlx26445ryf","previousOperationId":"n3ra2r28m0bb6np"}
{"type":"log","timestamp":1700634520082,"level":"info","message":"Rendering request 136 finished in 599 ms","meta":{"rootId":"k7j9zgpdiytl8jk","id":"k7j9zgpdiytl8jk"},"id":"cjg4axe3h1588jv","previousOperationId":"n3ra2r28m0bb6np"}
{"type":"operationEnd","subtype":"render","operationId":"pl4us3qr56t5vfq","timestamp":1700634520082,"id":"x5wrt836wznsxyg","previousEventId":"jxl6skoc0dgftj2","previousOperationId":"n3ra2r28m0bb6np"}
{"type":"operationEnd","doDiffs":false,"previousEventId":"6za094u5uci7w5s","previousOperationId":"hfofkm8u37pe7s5","operationId":"hfofkm8u37pe7s5","timestamp":1700634520084,"id":"ax41dglnww05ffv"}
