{"type":"operationStart","subtype":"profile","data":{"_id":"WLeEo2OGw4dgsdpR","timestamp":"2023-12-01T09:40:19.357Z","state":"queued","mode":"standard","creationDate":"2023-12-01T09:40:19.358Z","modificationDate":"2023-12-01T09:40:19.358Z","shortid":"EGVtpFU","$entitySet":"profiles"},"doDiffs":false,"timestamp":1701423619358,"id":"5lise5z8vjgi8xy","previousOperationId":null,"operationId":"zklbtf5cd8900jc"}
{"type":"log","level":"info","message":"Render request 62 queued for execution and waiting for available worker","previousOperationId":"zklbtf5cd8900jc","timestamp":1701423619358,"id":"xuqc1o31hbfh257"}
{"type":"operationStart","subtype":"render","name":"index_zahtev","previousOperationId":"zklbtf5cd8900jc","timestamp":1701423619363,"id":"opjfi6es7yput3x","previousEventId":"5lise5z8vjgi8xy","operationId":"gc4ez1v9n2ozilc"}
{"type":"log","timestamp":1701423619363,"level":"info","message":"Starting rendering request 62","meta":{"rootId":"nfwaj0mkjk8y9tb","id":"nfwaj0mkjk8y9tb"},"id":"cc94i0bicbdcx92","previousOperationId":"gc4ez1v9n2ozilc"}
{"type":"log","timestamp":1701423619363,"level":"info","message":"Rendering template { name: index_zahtev, recipe: chrome-pdf, engine: handlebars, preview: true }","meta":{"rootId":"nfwaj0mkjk8y9tb","id":"nfwaj0mkjk8y9tb"},"id":"uh3tdc1wkg5jtuz","previousOperationId":"gc4ez1v9n2ozilc"}
{"type":"log","timestamp":1701423619363,"level":"debug","message":"Inline data specified.","meta":{"rootId":"nfwaj0mkjk8y9tb","id":"nfwaj0mkjk8y9tb"},"id":"qvoexx38qmzrsnx","previousOperationId":"gc4ez1v9n2ozilc"}
{"type":"log","timestamp":1701423619364,"level":"debug","message":"Base url not specified, skipping its injection.","meta":{"rootId":"nfwaj0mkjk8y9tb","id":"nfwaj0mkjk8y9tb"},"id":"6stibaa9s7pcu00","previousOperationId":"gc4ez1v9n2ozilc"}
{"type":"log","timestamp":1701423619366,"level":"debug","message":"Replaced assets [\"styles.css\"]","meta":{"rootId":"nfwaj0mkjk8y9tb","id":"nfwaj0mkjk8y9tb"},"id":"5kt2kbbqkeyjvyl","previousOperationId":"gc4ez1v9n2ozilc"}
{"type":"operationStart","subtype":"engine","name":"handlebars","timestamp":1701423619366,"id":"18c1qg1aqww36l8","previousEventId":"opjfi6es7yput3x","operationId":"n0ty83onmj7rutb","previousOperationId":"gc4ez1v9n2ozilc"}
{"type":"log","timestamp":1701423619366,"level":"debug","message":"Rendering engine handlebars","meta":{"rootId":"nfwaj0mkjk8y9tb","id":"nfwaj0mkjk8y9tb"},"id":"6swba59nrpbmsw2","previousOperationId":"n0ty83onmj7rutb"}
{"type":"operationEnd","operationId":"n0ty83onmj7rutb","timestamp":1701423619397,"id":"rki13wnx2bhqpnd","previousEventId":"18c1qg1aqww36l8","previousOperationId":"n0ty83onmj7rutb"}
{"type":"operationStart","subtype":"recipe","name":"chrome-pdf","timestamp":1701423619397,"id":"6r0pmzmpw91lodm","previousEventId":"rki13wnx2bhqpnd","operationId":"r1clebtf8ygwy8l","previousOperationId":"n0ty83onmj7rutb"}
{"type":"log","timestamp":1701423619397,"level":"debug","message":"Executing recipe chrome-pdf","meta":{"rootId":"nfwaj0mkjk8y9tb","id":"nfwaj0mkjk8y9tb"},"id":"qnxg8e2c49sgf1b","previousOperationId":"r1clebtf8ygwy8l"}
{"type":"log","timestamp":1701423619399,"level":"debug","message":"Converting with chrome HeadlessChrome/117.0.5938.149 using chrome-pool strategy","meta":{"rootId":"nfwaj0mkjk8y9tb","id":"nfwaj0mkjk8y9tb"},"id":"2qh4gt2h6octja0","previousOperationId":"r1clebtf8ygwy8l"}
{"type":"log","timestamp":1701423619444,"level":"debug","message":"Page request: GET (document) file:///var/folders/dp/qk79pfcj0y1fmtkkl08m76rc0000gn/T/jsreport/autocleanup/7379b831-217f-47cb-8402-3e88e98b90ce-chrome-pdf.html","meta":{"rootId":"nfwaj0mkjk8y9tb","id":"nfwaj0mkjk8y9tb"},"id":"00yaeenyzvflta7","previousOperationId":"r1clebtf8ygwy8l"}
{"type":"log","timestamp":1701423619449,"level":"debug","message":"Page request finished: GET (document) 200 file:///var/folders/dp/qk79pfcj0y1fmtkkl08m76rc0000gn/T/jsreport/autocleanup/7379b831-217f-47cb-8402-3e88e98b90ce-chrome-pdf.html","meta":{"rootId":"nfwaj0mkjk8y9tb","id":"nfwaj0mkjk8y9tb"},"id":"urbkny37unajtu1","previousOperationId":"r1clebtf8ygwy8l"}
{"type":"log","timestamp":1701423619461,"level":"debug","message":"Running chrome with params {\"printBackground\":true,\"marginTop\":\"2cm\",\"marginBottom\":\"2cm\",\"timeout\":59959,\"margin\":{\"top\":\"2cm\",\"bottom\":\"2cm\"}}","meta":{"rootId":"nfwaj0mkjk8y9tb","id":"nfwaj0mkjk8y9tb"},"id":"7xb256esqpmtsfh","previousOperationId":"r1clebtf8ygwy8l"}
{"type":"operationEnd","operationId":"r1clebtf8ygwy8l","timestamp":1701423619483,"id":"sy3onb3auc1dhiu","previousEventId":"6r0pmzmpw91lodm","previousOperationId":"r1clebtf8ygwy8l"}
{"type":"log","timestamp":1701423619483,"level":"info","message":"pdf-utils is starting pdf processing","meta":{"rootId":"nfwaj0mkjk8y9tb","id":"nfwaj0mkjk8y9tb"},"id":"95fnpet7ik7afbb","previousOperationId":"r1clebtf8ygwy8l"}
{"type":"operationStart","subtype":"pdfUtils","name":"pdf utils","timestamp":1701423619483,"id":"sacwpribda048t0","previousEventId":"sy3onb3auc1dhiu","operationId":"74eyae65bewa83m","previousOperationId":"r1clebtf8ygwy8l"}
{"type":"log","timestamp":1701423619483,"level":"debug","message":"pdf-utils detected 1 pdf operation(s) to process","meta":{"rootId":"nfwaj0mkjk8y9tb","id":"nfwaj0mkjk8y9tb"},"id":"1kffhja65szl4fn","previousOperationId":"74eyae65bewa83m"}
{"type":"log","timestamp":1701423619504,"level":"debug","message":"pdf-utils running pdf operation merge","meta":{"rootId":"nfwaj0mkjk8y9tb","id":"nfwaj0mkjk8y9tb"},"id":"yret970dpqimnw1","previousOperationId":"74eyae65bewa83m"}
{"type":"operationStart","subtype":"pdfUtilsMerge","name":"pdf utils merge","previousOperationId":"74eyae65bewa83m","timestamp":1701423619504,"id":"1eb748ip2jvk0we","previousEventId":"sacwpribda048t0","operationId":"qg4ggd7b1p14n25"}
{"type":"operationStart","subtype":"render","name":"header-footer","previousOperationId":"qg4ggd7b1p14n25","timestamp":1701423619504,"id":"x9o6h528bjs8mls","previousEventId":"1eb748ip2jvk0we","operationId":"rdx559agz8nn5hh"}
{"type":"log","timestamp":1701423619504,"level":"info","message":"Starting rendering (child) request","meta":{"rootId":"nfwaj0mkjk8y9tb","id":"3l57rfalfx6h5j0"},"id":"y1cssfh0cbf57xr","previousOperationId":"rdx559agz8nn5hh"}
{"type":"log","timestamp":1701423619504,"level":"info","message":"Rendering template { name: header-footer, recipe: chrome-pdf, engine: handlebars, preview: true }","meta":{"rootId":"nfwaj0mkjk8y9tb","id":"3l57rfalfx6h5j0"},"id":"aqhuecjnp5yykqk","previousOperationId":"rdx559agz8nn5hh"}
{"type":"log","timestamp":1701423619504,"level":"debug","message":"Inline data specified.","meta":{"rootId":"nfwaj0mkjk8y9tb","id":"3l57rfalfx6h5j0"},"id":"1411qq15vnl1848","previousOperationId":"rdx559agz8nn5hh"}
{"type":"log","timestamp":1701423619505,"level":"debug","message":"Base url not specified, skipping its injection.","meta":{"rootId":"nfwaj0mkjk8y9tb","id":"3l57rfalfx6h5j0"},"id":"oxausewf5rm6y95","previousOperationId":"rdx559agz8nn5hh"}
{"type":"operationStart","subtype":"engine","name":"handlebars","timestamp":1701423619505,"id":"ojsuqn3tm0y2hxb","previousEventId":"x9o6h528bjs8mls","operationId":"shbb7py0n0q49ro","previousOperationId":"rdx559agz8nn5hh"}
{"type":"log","timestamp":1701423619505,"level":"debug","message":"Rendering engine handlebars","meta":{"rootId":"nfwaj0mkjk8y9tb","id":"3l57rfalfx6h5j0"},"id":"lws6zqro74ajjg5","previousOperationId":"shbb7py0n0q49ro"}
{"type":"operationEnd","operationId":"shbb7py0n0q49ro","timestamp":1701423619508,"id":"qnas8ls50gmdel4","previousEventId":"ojsuqn3tm0y2hxb","previousOperationId":"shbb7py0n0q49ro"}
{"type":"operationStart","subtype":"recipe","name":"chrome-pdf","timestamp":1701423619508,"id":"pni93hz08vlm3x0","previousEventId":"qnas8ls50gmdel4","operationId":"lbznsc36w13lwrj","previousOperationId":"shbb7py0n0q49ro"}
{"type":"log","timestamp":1701423619508,"level":"debug","message":"Executing recipe chrome-pdf","meta":{"rootId":"nfwaj0mkjk8y9tb","id":"3l57rfalfx6h5j0"},"id":"tmncl16mfkq3zv1","previousOperationId":"lbznsc36w13lwrj"}
{"type":"log","timestamp":1701423619509,"level":"debug","message":"Converting with chrome HeadlessChrome/117.0.5938.149 using chrome-pool strategy","meta":{"rootId":"nfwaj0mkjk8y9tb","id":"3l57rfalfx6h5j0"},"id":"bgb2kgqzxs0dyaw","previousOperationId":"lbznsc36w13lwrj"}
{"type":"log","timestamp":1701423619546,"level":"debug","message":"Page request: GET (document) file:///var/folders/dp/qk79pfcj0y1fmtkkl08m76rc0000gn/T/jsreport/autocleanup/9f285a71-66e3-4dcc-a507-118979d4ce29-chrome-pdf.html","meta":{"rootId":"nfwaj0mkjk8y9tb","id":"3l57rfalfx6h5j0"},"id":"y8bxz0heqhm9e2b","previousOperationId":"lbznsc36w13lwrj"}
{"type":"log","timestamp":1701423619551,"level":"debug","message":"Page request finished: GET (document) 200 file:///var/folders/dp/qk79pfcj0y1fmtkkl08m76rc0000gn/T/jsreport/autocleanup/9f285a71-66e3-4dcc-a507-118979d4ce29-chrome-pdf.html","meta":{"rootId":"nfwaj0mkjk8y9tb","id":"3l57rfalfx6h5j0"},"id":"ki6s85ba5vlka0g","previousOperationId":"lbznsc36w13lwrj"}
{"type":"log","timestamp":1701423619558,"level":"debug","message":"Running chrome with params {\"timeout\":59849,\"margin\":{},\"printBackground\":true}","meta":{"rootId":"nfwaj0mkjk8y9tb","id":"3l57rfalfx6h5j0"},"id":"gjmb94jkpo8l59r","previousOperationId":"lbznsc36w13lwrj"}
{"type":"operationEnd","operationId":"lbznsc36w13lwrj","timestamp":1701423619563,"id":"2e10vk7ex1yxo8r","previousEventId":"pni93hz08vlm3x0","previousOperationId":"lbznsc36w13lwrj"}
{"type":"log","timestamp":1701423619563,"level":"debug","message":"Skipping storing report.","meta":{"rootId":"nfwaj0mkjk8y9tb","id":"3l57rfalfx6h5j0"},"id":"p66ejnnvy73p854","previousOperationId":"lbznsc36w13lwrj"}
{"type":"log","timestamp":1701423619563,"level":"info","message":"Rendering (child) request finished in 206 ms","meta":{"rootId":"nfwaj0mkjk8y9tb","id":"3l57rfalfx6h5j0"},"id":"jhzaaj5817i1a0q","previousOperationId":"lbznsc36w13lwrj"}
{"type":"operationEnd","subtype":"render","operationId":"rdx559agz8nn5hh","timestamp":1701423619563,"id":"b6ruxzt10iryydl","previousEventId":"2e10vk7ex1yxo8r","previousOperationId":"lbznsc36w13lwrj"}
{"type":"operationEnd","operationId":"qg4ggd7b1p14n25","timestamp":1701423619568,"id":"vfgcpsvxzg8rnd7","previousEventId":"1eb748ip2jvk0we","previousOperationId":"qg4ggd7b1p14n25"}
{"type":"log","timestamp":1701423619568,"level":"debug","message":"pdf-utils postproces start","meta":{"rootId":"nfwaj0mkjk8y9tb","id":"nfwaj0mkjk8y9tb"},"id":"zvdjdsg06ld79io","previousOperationId":"qg4ggd7b1p14n25"}
{"type":"log","timestamp":1701423619576,"level":"debug","message":"pdf-utils postproces end","meta":{"rootId":"nfwaj0mkjk8y9tb","id":"nfwaj0mkjk8y9tb"},"id":"q4s2rhzd89ilzgs","previousOperationId":"qg4ggd7b1p14n25"}
{"type":"operationEnd","operationId":"74eyae65bewa83m","timestamp":1701423619576,"id":"a4fwbarwtl3e94s","previousEventId":"vfgcpsvxzg8rnd7","previousOperationId":"qg4ggd7b1p14n25"}
{"type":"log","timestamp":1701423619576,"level":"info","message":"pdf-utils pdf processing was finished","meta":{"rootId":"nfwaj0mkjk8y9tb","id":"nfwaj0mkjk8y9tb"},"id":"ad5s5gvooc8g3lb","previousOperationId":"74eyae65bewa83m"}
{"type":"log","timestamp":1701423619576,"level":"debug","message":"Skipping storing report.","meta":{"rootId":"nfwaj0mkjk8y9tb","id":"nfwaj0mkjk8y9tb"},"id":"crxo6spgpuclvp1","previousOperationId":"74eyae65bewa83m"}
{"type":"log","timestamp":1701423619576,"level":"info","message":"Rendering request 62 finished in 219 ms","meta":{"rootId":"nfwaj0mkjk8y9tb","id":"nfwaj0mkjk8y9tb"},"id":"h3vjlcshmgq9z9z","previousOperationId":"74eyae65bewa83m"}
{"type":"operationEnd","subtype":"render","operationId":"gc4ez1v9n2ozilc","timestamp":1701423619576,"id":"e1szct01vmug0ks","previousEventId":"a4fwbarwtl3e94s","previousOperationId":"74eyae65bewa83m"}
{"type":"operationEnd","doDiffs":false,"previousEventId":"5lise5z8vjgi8xy","previousOperationId":"zklbtf5cd8900jc","operationId":"zklbtf5cd8900jc","timestamp":1701423619579,"id":"e89isdxnnbrvmya"}
