{"type":"operationStart","subtype":"profile","data":{"_id":"IL5ENy4rKNwglgSK","timestamp":"2023-12-05T18:57:30.102Z","state":"queued","mode":"standard","creationDate":"2023-12-05T18:57:30.103Z","modificationDate":"2023-12-05T18:57:30.103Z","shortid":"OkJjZlp","$entitySet":"profiles"},"doDiffs":false,"timestamp":1701802650103,"id":"4bsrvcjm21yyugs","previousOperationId":null,"operationId":"rsgupubo8frukp6"}
{"type":"log","level":"info","message":"Render request 32 queued for execution and waiting for available worker","previousOperationId":"rsgupubo8frukp6","timestamp":1701802650103,"id":"p3pbke05h98vfyz"}
{"type":"operationStart","subtype":"render","name":"index_zahtev","previousOperationId":"rsgupubo8frukp6","timestamp":1701802650107,"id":"e8bqkuo08vnhkos","previousEventId":"4bsrvcjm21yyugs","operationId":"qrc66uysomhpkd8"}
{"type":"log","timestamp":1701802650108,"level":"info","message":"Starting rendering request 32","meta":{"rootId":"rahokzdgyywiq05","id":"rahokzdgyywiq05"},"id":"f45wc1elqjlq6i5","previousOperationId":"qrc66uysomhpkd8"}
{"type":"log","timestamp":1701802650108,"level":"info","message":"Rendering template { name: index_zahtev, recipe: chrome-pdf, engine: handlebars, preview: false }","meta":{"rootId":"rahokzdgyywiq05","id":"rahokzdgyywiq05"},"id":"yb2p6pinz98dbb9","previousOperationId":"qrc66uysomhpkd8"}
{"type":"log","timestamp":1701802650109,"level":"debug","message":"Inline data specified.","meta":{"rootId":"rahokzdgyywiq05","id":"rahokzdgyywiq05"},"id":"24uooknbmhwe4xs","previousOperationId":"qrc66uysomhpkd8"}
{"type":"log","timestamp":1701802650111,"level":"debug","message":"Base url not specified, skipping its injection.","meta":{"rootId":"rahokzdgyywiq05","id":"rahokzdgyywiq05"},"id":"9sgz9zv5u7hwjrd","previousOperationId":"qrc66uysomhpkd8"}
{"type":"log","timestamp":1701802650113,"level":"debug","message":"Replaced assets [\"styles.css\"]","meta":{"rootId":"rahokzdgyywiq05","id":"rahokzdgyywiq05"},"id":"gcznovf1dtap2e4","previousOperationId":"qrc66uysomhpkd8"}
{"type":"operationStart","subtype":"engine","name":"handlebars","timestamp":1701802650113,"id":"ay74ux44endisf7","previousEventId":"e8bqkuo08vnhkos","operationId":"3oftkf65u8qc0si","previousOperationId":"qrc66uysomhpkd8"}
{"type":"log","timestamp":1701802650113,"level":"debug","message":"Rendering engine handlebars","meta":{"rootId":"rahokzdgyywiq05","id":"rahokzdgyywiq05"},"id":"1gkwslw7oszhvwq","previousOperationId":"3oftkf65u8qc0si"}
{"type":"operationEnd","operationId":"3oftkf65u8qc0si","timestamp":1701802650143,"id":"7xdkwg7hwelemhd","previousEventId":"ay74ux44endisf7","previousOperationId":"3oftkf65u8qc0si"}
{"type":"operationStart","subtype":"recipe","name":"chrome-pdf","timestamp":1701802650143,"id":"c8luyi0yf8sp776","previousEventId":"7xdkwg7hwelemhd","operationId":"oa4csuxsc0ruhfc","previousOperationId":"3oftkf65u8qc0si"}
{"type":"log","timestamp":1701802650143,"level":"debug","message":"Executing recipe chrome-pdf","meta":{"rootId":"rahokzdgyywiq05","id":"rahokzdgyywiq05"},"id":"vk6v4snj1a9qur8","previousOperationId":"oa4csuxsc0ruhfc"}
{"type":"log","timestamp":1701802650248,"level":"debug","message":"Converting with chrome HeadlessChrome/117.0.5938.149 using chrome-pool strategy","meta":{"rootId":"rahokzdgyywiq05","id":"rahokzdgyywiq05"},"id":"crx8hbafulv7npb","previousOperationId":"oa4csuxsc0ruhfc"}
{"type":"log","timestamp":1701802650305,"level":"debug","message":"Page request: GET (document) file:///var/folders/dp/qk79pfcj0y1fmtkkl08m76rc0000gn/T/jsreport/autocleanup/514c7758-fbf4-48fc-b8f9-d9f61cd4abf6-chrome-pdf.html","meta":{"rootId":"rahokzdgyywiq05","id":"rahokzdgyywiq05"},"id":"ffiwxuhoj7nt2nj","previousOperationId":"oa4csuxsc0ruhfc"}
{"type":"log","timestamp":1701802650310,"level":"debug","message":"Page request finished: GET (document) 200 file:///var/folders/dp/qk79pfcj0y1fmtkkl08m76rc0000gn/T/jsreport/autocleanup/514c7758-fbf4-48fc-b8f9-d9f61cd4abf6-chrome-pdf.html","meta":{"rootId":"rahokzdgyywiq05","id":"rahokzdgyywiq05"},"id":"daaxy4owe5brqo7","previousOperationId":"oa4csuxsc0ruhfc"}
{"type":"log","timestamp":1701802650318,"level":"debug","message":"Running chrome with params {\"printBackground\":true,\"marginTop\":\"2cm\",\"marginBottom\":\"2cm\",\"timeout\":59957,\"margin\":{\"top\":\"2cm\",\"bottom\":\"2cm\"}}","meta":{"rootId":"rahokzdgyywiq05","id":"rahokzdgyywiq05"},"id":"gtyjbemaxs6sdnh","previousOperationId":"oa4csuxsc0ruhfc"}
{"type":"operationEnd","operationId":"oa4csuxsc0ruhfc","timestamp":1701802650340,"id":"mji9h75wc1l9jpd","previousEventId":"c8luyi0yf8sp776","previousOperationId":"oa4csuxsc0ruhfc"}
{"type":"log","timestamp":1701802650340,"level":"info","message":"pdf-utils is starting pdf processing","meta":{"rootId":"rahokzdgyywiq05","id":"rahokzdgyywiq05"},"id":"2nz4b4g0ibrd6tb","previousOperationId":"oa4csuxsc0ruhfc"}
{"type":"operationStart","subtype":"pdfUtils","name":"pdf utils","timestamp":1701802650384,"id":"34hsgo6jkdz765m","previousEventId":"mji9h75wc1l9jpd","operationId":"ktpm716qd9x0h9r","previousOperationId":"oa4csuxsc0ruhfc"}
{"type":"log","timestamp":1701802650384,"level":"debug","message":"pdf-utils detected 1 pdf operation(s) to process","meta":{"rootId":"rahokzdgyywiq05","id":"rahokzdgyywiq05"},"id":"9dt3co1cxnabhgg","previousOperationId":"ktpm716qd9x0h9r"}
{"type":"log","timestamp":1701802650460,"level":"debug","message":"pdf-utils running pdf operation merge","meta":{"rootId":"rahokzdgyywiq05","id":"rahokzdgyywiq05"},"id":"4w7uag6znylxfdo","previousOperationId":"ktpm716qd9x0h9r"}
{"type":"operationStart","subtype":"pdfUtilsMerge","name":"pdf utils merge","previousOperationId":"ktpm716qd9x0h9r","timestamp":1701802650460,"id":"miuehyimj8lseas","previousEventId":"34hsgo6jkdz765m","operationId":"otsil2ouhib6ijq"}
{"type":"operationStart","subtype":"render","name":"header-footer","previousOperationId":"otsil2ouhib6ijq","timestamp":1701802650461,"id":"bto43sy7322wm3j","previousEventId":"miuehyimj8lseas","operationId":"ze7srji16rk9zck"}
{"type":"log","timestamp":1701802650461,"level":"info","message":"Starting rendering (child) request","meta":{"rootId":"rahokzdgyywiq05","id":"k1ofug4d5deqf3e"},"id":"6hiqpadtolfdsor","previousOperationId":"ze7srji16rk9zck"}
{"type":"log","timestamp":1701802650461,"level":"info","message":"Rendering template { name: header-footer, recipe: chrome-pdf, engine: handlebars, preview: false }","meta":{"rootId":"rahokzdgyywiq05","id":"k1ofug4d5deqf3e"},"id":"4hyp3bagzzyo9en","previousOperationId":"ze7srji16rk9zck"}
{"type":"log","timestamp":1701802650462,"level":"debug","message":"Inline data specified.","meta":{"rootId":"rahokzdgyywiq05","id":"k1ofug4d5deqf3e"},"id":"hkb10zhg8dsdhnw","previousOperationId":"ze7srji16rk9zck"}
{"type":"log","timestamp":1701802650462,"level":"debug","message":"Base url not specified, skipping its injection.","meta":{"rootId":"rahokzdgyywiq05","id":"k1ofug4d5deqf3e"},"id":"8mxxmtnlix88dbs","previousOperationId":"ze7srji16rk9zck"}
{"type":"operationStart","subtype":"engine","name":"handlebars","timestamp":1701802650462,"id":"v26870s6who0g3n","previousEventId":"bto43sy7322wm3j","operationId":"pqmrguvk0pwpy73","previousOperationId":"ze7srji16rk9zck"}
{"type":"log","timestamp":1701802650462,"level":"debug","message":"Rendering engine handlebars","meta":{"rootId":"rahokzdgyywiq05","id":"k1ofug4d5deqf3e"},"id":"rnmyu4aq2ig64iw","previousOperationId":"pqmrguvk0pwpy73"}
{"type":"operationEnd","operationId":"pqmrguvk0pwpy73","timestamp":1701802650549,"id":"j91j2w051m8x9ok","previousEventId":"v26870s6who0g3n","previousOperationId":"pqmrguvk0pwpy73"}
{"type":"operationStart","subtype":"recipe","name":"chrome-pdf","timestamp":1701802650549,"id":"0l13vjngitutgks","previousEventId":"j91j2w051m8x9ok","operationId":"mzlvws1ou9gnk6d","previousOperationId":"pqmrguvk0pwpy73"}
{"type":"log","timestamp":1701802650549,"level":"debug","message":"Executing recipe chrome-pdf","meta":{"rootId":"rahokzdgyywiq05","id":"k1ofug4d5deqf3e"},"id":"zl4kjj4kaiw0okp","previousOperationId":"mzlvws1ou9gnk6d"}
{"type":"log","timestamp":1701802650550,"level":"debug","message":"Converting with chrome HeadlessChrome/117.0.5938.149 using chrome-pool strategy","meta":{"rootId":"rahokzdgyywiq05","id":"k1ofug4d5deqf3e"},"id":"sm10ht9bw719dbc","previousOperationId":"mzlvws1ou9gnk6d"}
{"type":"log","timestamp":1701802650588,"level":"debug","message":"Page request: GET (document) file:///var/folders/dp/qk79pfcj0y1fmtkkl08m76rc0000gn/T/jsreport/autocleanup/726a89de-b3aa-476c-b33e-61ee6eb80f37-chrome-pdf.html","meta":{"rootId":"rahokzdgyywiq05","id":"k1ofug4d5deqf3e"},"id":"oynm6ag9vla0jf2","previousOperationId":"mzlvws1ou9gnk6d"}
{"type":"log","timestamp":1701802650592,"level":"debug","message":"Page request finished: GET (document) 200 file:///var/folders/dp/qk79pfcj0y1fmtkkl08m76rc0000gn/T/jsreport/autocleanup/726a89de-b3aa-476c-b33e-61ee6eb80f37-chrome-pdf.html","meta":{"rootId":"rahokzdgyywiq05","id":"k1ofug4d5deqf3e"},"id":"3yek5z88agw09jf","previousOperationId":"mzlvws1ou9gnk6d"}
{"type":"log","timestamp":1701802650599,"level":"debug","message":"Running chrome with params {\"timeout\":59552,\"margin\":{},\"printBackground\":true}","meta":{"rootId":"rahokzdgyywiq05","id":"k1ofug4d5deqf3e"},"id":"cd7jihnstgy6lbv","previousOperationId":"mzlvws1ou9gnk6d"}
{"type":"operationEnd","operationId":"mzlvws1ou9gnk6d","timestamp":1701802650605,"id":"o2okiv02dsmzm07","previousEventId":"0l13vjngitutgks","previousOperationId":"mzlvws1ou9gnk6d"}
{"type":"log","timestamp":1701802650605,"level":"debug","message":"Skipping storing report.","meta":{"rootId":"rahokzdgyywiq05","id":"k1ofug4d5deqf3e"},"id":"61z9wdcjgkvvdr3","previousOperationId":"mzlvws1ou9gnk6d"}
{"type":"log","timestamp":1701802650605,"level":"info","message":"Rendering (child) request finished in 503 ms","meta":{"rootId":"rahokzdgyywiq05","id":"k1ofug4d5deqf3e"},"id":"u16mnsmyuhqc5ey","previousOperationId":"mzlvws1ou9gnk6d"}
{"type":"operationEnd","subtype":"render","operationId":"ze7srji16rk9zck","timestamp":1701802650605,"id":"zk14ybumckxvwki","previousEventId":"o2okiv02dsmzm07","previousOperationId":"mzlvws1ou9gnk6d"}
{"type":"operationEnd","operationId":"otsil2ouhib6ijq","timestamp":1701802650616,"id":"7on2erdiks7aa2m","previousEventId":"miuehyimj8lseas","previousOperationId":"otsil2ouhib6ijq"}
{"type":"log","timestamp":1701802650616,"level":"debug","message":"pdf-utils postproces start","meta":{"rootId":"rahokzdgyywiq05","id":"rahokzdgyywiq05"},"id":"ogvnw9tasm7nw30","previousOperationId":"otsil2ouhib6ijq"}
{"type":"log","timestamp":1701802650631,"level":"debug","message":"pdf-utils postproces end","meta":{"rootId":"rahokzdgyywiq05","id":"rahokzdgyywiq05"},"id":"zrjhack66azu23t","previousOperationId":"otsil2ouhib6ijq"}
{"type":"operationEnd","operationId":"ktpm716qd9x0h9r","timestamp":1701802650631,"id":"yfkxxbnwy0jfeaz","previousEventId":"7on2erdiks7aa2m","previousOperationId":"otsil2ouhib6ijq"}
{"type":"log","timestamp":1701802650631,"level":"info","message":"pdf-utils pdf processing was finished","meta":{"rootId":"rahokzdgyywiq05","id":"rahokzdgyywiq05"},"id":"v2c5p60hsklf8d2","previousOperationId":"ktpm716qd9x0h9r"}
{"type":"log","timestamp":1701802650632,"level":"debug","message":"Skipping storing report.","meta":{"rootId":"rahokzdgyywiq05","id":"rahokzdgyywiq05"},"id":"049aqmnpezi2kxi","previousOperationId":"ktpm716qd9x0h9r"}
{"type":"log","timestamp":1701802650632,"level":"info","message":"Rendering request 32 finished in 530 ms","meta":{"rootId":"rahokzdgyywiq05","id":"rahokzdgyywiq05"},"id":"z1ob8hob6zgh783","previousOperationId":"ktpm716qd9x0h9r"}
{"type":"operationEnd","subtype":"render","operationId":"qrc66uysomhpkd8","timestamp":1701802650632,"id":"8ezxaalwsk5ieap","previousEventId":"yfkxxbnwy0jfeaz","previousOperationId":"ktpm716qd9x0h9r"}
{"type":"operationEnd","doDiffs":false,"previousEventId":"4bsrvcjm21yyugs","previousOperationId":"rsgupubo8frukp6","operationId":"rsgupubo8frukp6","timestamp":1701802650632,"id":"037cc7yr6ll8h19"}
