{"type":"operationStart","subtype":"profile","data":{"_id":"vYO6Px14SH9Eg1Ro","timestamp":"2023-12-01T10:04:55.857Z","state":"queued","mode":"standard","creationDate":"2023-12-01T10:04:55.858Z","modificationDate":"2023-12-01T10:04:55.858Z","shortid":"w4x3wGD","$entitySet":"profiles"},"doDiffs":false,"timestamp":1701425095857,"id":"u0c0ay7teesc59v","previousOperationId":null,"operationId":"kx9y0o08l3ln2u4"}
{"type":"log","level":"info","message":"Render request 77 queued for execution and waiting for available worker","previousOperationId":"kx9y0o08l3ln2u4","timestamp":1701425095857,"id":"si1tuvmj070p76f"}
{"type":"operationStart","subtype":"render","name":"index_zahtev","previousOperationId":"kx9y0o08l3ln2u4","timestamp":1701425095863,"id":"ekmcorppvwkwvp0","previousEventId":"u0c0ay7teesc59v","operationId":"1koz038x1a46wc9"}
{"type":"log","timestamp":1701425095863,"level":"info","message":"Starting rendering request 77","meta":{"rootId":"re5b2os3lmyzh6y","id":"re5b2os3lmyzh6y"},"id":"l7i2dnxv6j9lj18","previousOperationId":"1koz038x1a46wc9"}
{"type":"log","timestamp":1701425095863,"level":"info","message":"Rendering template { name: index_zahtev, recipe: chrome-pdf, engine: handlebars, preview: true }","meta":{"rootId":"re5b2os3lmyzh6y","id":"re5b2os3lmyzh6y"},"id":"lfg6k0nukt70ig2","previousOperationId":"1koz038x1a46wc9"}
{"type":"log","timestamp":1701425095864,"level":"debug","message":"Inline data specified.","meta":{"rootId":"re5b2os3lmyzh6y","id":"re5b2os3lmyzh6y"},"id":"ao019shn29af43w","previousOperationId":"1koz038x1a46wc9"}
{"type":"log","timestamp":1701425095865,"level":"debug","message":"Base url not specified, skipping its injection.","meta":{"rootId":"re5b2os3lmyzh6y","id":"re5b2os3lmyzh6y"},"id":"vbv48d135949v6b","previousOperationId":"1koz038x1a46wc9"}
{"type":"log","timestamp":1701425095866,"level":"debug","message":"Replaced assets [\"styles.css\"]","meta":{"rootId":"re5b2os3lmyzh6y","id":"re5b2os3lmyzh6y"},"id":"z2cqbyjnf734xgt","previousOperationId":"1koz038x1a46wc9"}
{"type":"operationStart","subtype":"engine","name":"handlebars","timestamp":1701425095866,"id":"gdvk75mnyybscb4","previousEventId":"ekmcorppvwkwvp0","operationId":"h5vphftvbgix6ib","previousOperationId":"1koz038x1a46wc9"}
{"type":"log","timestamp":1701425095866,"level":"debug","message":"Rendering engine handlebars","meta":{"rootId":"re5b2os3lmyzh6y","id":"re5b2os3lmyzh6y"},"id":"mh64tawd93o1bol","previousOperationId":"h5vphftvbgix6ib"}
{"type":"operationEnd","operationId":"h5vphftvbgix6ib","timestamp":1701425095897,"id":"u9az70764biw01t","previousEventId":"gdvk75mnyybscb4","previousOperationId":"h5vphftvbgix6ib"}
{"type":"operationStart","subtype":"recipe","name":"chrome-pdf","timestamp":1701425095898,"id":"wkecukda8qdbi1b","previousEventId":"u9az70764biw01t","operationId":"wliz0kjtrjn2g2x","previousOperationId":"h5vphftvbgix6ib"}
{"type":"log","timestamp":1701425095898,"level":"debug","message":"Executing recipe chrome-pdf","meta":{"rootId":"re5b2os3lmyzh6y","id":"re5b2os3lmyzh6y"},"id":"kfucr1lwyajtnnf","previousOperationId":"wliz0kjtrjn2g2x"}
{"type":"log","timestamp":1701425095899,"level":"debug","message":"Converting with chrome HeadlessChrome/117.0.5938.149 using chrome-pool strategy","meta":{"rootId":"re5b2os3lmyzh6y","id":"re5b2os3lmyzh6y"},"id":"3laushvuvkelcs0","previousOperationId":"wliz0kjtrjn2g2x"}
{"type":"log","timestamp":1701425095944,"level":"debug","message":"Page request: GET (document) file:///var/folders/dp/qk79pfcj0y1fmtkkl08m76rc0000gn/T/jsreport/autocleanup/4ca00b99-f6a1-4e34-8fa1-c02d086d2819-chrome-pdf.html","meta":{"rootId":"re5b2os3lmyzh6y","id":"re5b2os3lmyzh6y"},"id":"f7wz6ms2zznly5x","previousOperationId":"wliz0kjtrjn2g2x"}
{"type":"log","timestamp":1701425095949,"level":"debug","message":"Page request finished: GET (document) 200 file:///var/folders/dp/qk79pfcj0y1fmtkkl08m76rc0000gn/T/jsreport/autocleanup/4ca00b99-f6a1-4e34-8fa1-c02d086d2819-chrome-pdf.html","meta":{"rootId":"re5b2os3lmyzh6y","id":"re5b2os3lmyzh6y"},"id":"bspux6urrx5jq6e","previousOperationId":"wliz0kjtrjn2g2x"}
{"type":"log","timestamp":1701425095960,"level":"debug","message":"Running chrome with params {\"printBackground\":true,\"marginTop\":\"2cm\",\"marginBottom\":\"2cm\",\"timeout\":59958,\"margin\":{\"top\":\"2cm\",\"bottom\":\"2cm\"}}","meta":{"rootId":"re5b2os3lmyzh6y","id":"re5b2os3lmyzh6y"},"id":"ts5eehtdnoqad5b","previousOperationId":"wliz0kjtrjn2g2x"}
{"type":"operationEnd","operationId":"wliz0kjtrjn2g2x","timestamp":1701425095984,"id":"fl3v6o1nt2doq5u","previousEventId":"wkecukda8qdbi1b","previousOperationId":"wliz0kjtrjn2g2x"}
{"type":"log","timestamp":1701425095984,"level":"info","message":"pdf-utils is starting pdf processing","meta":{"rootId":"re5b2os3lmyzh6y","id":"re5b2os3lmyzh6y"},"id":"7o2s5v30ymfaja0","previousOperationId":"wliz0kjtrjn2g2x"}
{"type":"operationStart","subtype":"pdfUtils","name":"pdf utils","timestamp":1701425095984,"id":"2qj1041apjvpxuf","previousEventId":"fl3v6o1nt2doq5u","operationId":"houmozvddx4ic98","previousOperationId":"wliz0kjtrjn2g2x"}
{"type":"log","timestamp":1701425095984,"level":"debug","message":"pdf-utils detected 1 pdf operation(s) to process","meta":{"rootId":"re5b2os3lmyzh6y","id":"re5b2os3lmyzh6y"},"id":"eb1csuzy187vjw1","previousOperationId":"houmozvddx4ic98"}
{"type":"log","timestamp":1701425096008,"level":"debug","message":"pdf-utils running pdf operation merge","meta":{"rootId":"re5b2os3lmyzh6y","id":"re5b2os3lmyzh6y"},"id":"mszae2x1t89pwks","previousOperationId":"houmozvddx4ic98"}
{"type":"operationStart","subtype":"pdfUtilsMerge","name":"pdf utils merge","previousOperationId":"houmozvddx4ic98","timestamp":1701425096008,"id":"2jqy7jtkr8ecjcj","previousEventId":"2qj1041apjvpxuf","operationId":"ei3efvdor890krf"}
{"type":"operationStart","subtype":"render","name":"header-footer","previousOperationId":"ei3efvdor890krf","timestamp":1701425096008,"id":"2e0hv2dlfioakc0","previousEventId":"2jqy7jtkr8ecjcj","operationId":"7bnokth2igkpnvw"}
{"type":"log","timestamp":1701425096008,"level":"info","message":"Starting rendering (child) request","meta":{"rootId":"re5b2os3lmyzh6y","id":"dkh9t323ebyv7bh"},"id":"4uh0acfoo5av6g3","previousOperationId":"7bnokth2igkpnvw"}
{"type":"log","timestamp":1701425096008,"level":"info","message":"Rendering template { name: header-footer, recipe: chrome-pdf, engine: handlebars, preview: true }","meta":{"rootId":"re5b2os3lmyzh6y","id":"dkh9t323ebyv7bh"},"id":"fy3h9scaewz4aih","previousOperationId":"7bnokth2igkpnvw"}
{"type":"log","timestamp":1701425096008,"level":"debug","message":"Inline data specified.","meta":{"rootId":"re5b2os3lmyzh6y","id":"dkh9t323ebyv7bh"},"id":"5jtyhh66aqrrrif","previousOperationId":"7bnokth2igkpnvw"}
{"type":"log","timestamp":1701425096009,"level":"debug","message":"Base url not specified, skipping its injection.","meta":{"rootId":"re5b2os3lmyzh6y","id":"dkh9t323ebyv7bh"},"id":"buk5pk5wp8qfgu2","previousOperationId":"7bnokth2igkpnvw"}
{"type":"operationStart","subtype":"engine","name":"handlebars","timestamp":1701425096009,"id":"8v3iyr2uklkynfl","previousEventId":"2e0hv2dlfioakc0","operationId":"d238hnk11ksahvg","previousOperationId":"7bnokth2igkpnvw"}
{"type":"log","timestamp":1701425096009,"level":"debug","message":"Rendering engine handlebars","meta":{"rootId":"re5b2os3lmyzh6y","id":"dkh9t323ebyv7bh"},"id":"5rzvpgn7gwiwx1f","previousOperationId":"d238hnk11ksahvg"}
{"type":"operationEnd","operationId":"d238hnk11ksahvg","timestamp":1701425096012,"id":"uht0p6ct1lhi1j6","previousEventId":"8v3iyr2uklkynfl","previousOperationId":"d238hnk11ksahvg"}
{"type":"operationStart","subtype":"recipe","name":"chrome-pdf","timestamp":1701425096012,"id":"xbjtmxjrehgpw10","previousEventId":"uht0p6ct1lhi1j6","operationId":"6n2cu4fpa15e6bg","previousOperationId":"d238hnk11ksahvg"}
{"type":"log","timestamp":1701425096012,"level":"debug","message":"Executing recipe chrome-pdf","meta":{"rootId":"re5b2os3lmyzh6y","id":"dkh9t323ebyv7bh"},"id":"e530zw6t2gti1ta","previousOperationId":"6n2cu4fpa15e6bg"}
{"type":"log","timestamp":1701425096013,"level":"debug","message":"Converting with chrome HeadlessChrome/117.0.5938.149 using chrome-pool strategy","meta":{"rootId":"re5b2os3lmyzh6y","id":"dkh9t323ebyv7bh"},"id":"zn14o428lj1cghx","previousOperationId":"6n2cu4fpa15e6bg"}
{"type":"log","timestamp":1701425096050,"level":"debug","message":"Page request: GET (document) file:///var/folders/dp/qk79pfcj0y1fmtkkl08m76rc0000gn/T/jsreport/autocleanup/2e6f8c9f-29b6-47d4-b5ef-306269e523cf-chrome-pdf.html","meta":{"rootId":"re5b2os3lmyzh6y","id":"dkh9t323ebyv7bh"},"id":"avk93lbnpuj9j6h","previousOperationId":"6n2cu4fpa15e6bg"}
{"type":"log","timestamp":1701425096055,"level":"debug","message":"Page request finished: GET (document) 200 file:///var/folders/dp/qk79pfcj0y1fmtkkl08m76rc0000gn/T/jsreport/autocleanup/2e6f8c9f-29b6-47d4-b5ef-306269e523cf-chrome-pdf.html","meta":{"rootId":"re5b2os3lmyzh6y","id":"dkh9t323ebyv7bh"},"id":"od6nfjziv1hjrs9","previousOperationId":"6n2cu4fpa15e6bg"}
{"type":"log","timestamp":1701425096063,"level":"debug","message":"Running chrome with params {\"timeout\":59845,\"margin\":{},\"printBackground\":true}","meta":{"rootId":"re5b2os3lmyzh6y","id":"dkh9t323ebyv7bh"},"id":"old9hruh32j2xz1","previousOperationId":"6n2cu4fpa15e6bg"}
{"type":"operationEnd","operationId":"6n2cu4fpa15e6bg","timestamp":1701425096070,"id":"uvbvxfnrjx01wfm","previousEventId":"xbjtmxjrehgpw10","previousOperationId":"6n2cu4fpa15e6bg"}
{"type":"log","timestamp":1701425096070,"level":"debug","message":"Skipping storing report.","meta":{"rootId":"re5b2os3lmyzh6y","id":"dkh9t323ebyv7bh"},"id":"weh9ivds3pi0867","previousOperationId":"6n2cu4fpa15e6bg"}
{"type":"log","timestamp":1701425096070,"level":"info","message":"Rendering (child) request finished in 213 ms","meta":{"rootId":"re5b2os3lmyzh6y","id":"dkh9t323ebyv7bh"},"id":"0z6b3bmwgulysbr","previousOperationId":"6n2cu4fpa15e6bg"}
{"type":"operationEnd","subtype":"render","operationId":"7bnokth2igkpnvw","timestamp":1701425096070,"id":"bsa34kb35fny46j","previousEventId":"uvbvxfnrjx01wfm","previousOperationId":"6n2cu4fpa15e6bg"}
{"type":"operationEnd","operationId":"ei3efvdor890krf","timestamp":1701425096075,"id":"g8edcqcsvj1a057","previousEventId":"2jqy7jtkr8ecjcj","previousOperationId":"ei3efvdor890krf"}
{"type":"log","timestamp":1701425096076,"level":"debug","message":"pdf-utils postproces start","meta":{"rootId":"re5b2os3lmyzh6y","id":"re5b2os3lmyzh6y"},"id":"2rqmf9b1jsh04vh","previousOperationId":"ei3efvdor890krf"}
{"type":"log","timestamp":1701425096084,"level":"debug","message":"pdf-utils postproces end","meta":{"rootId":"re5b2os3lmyzh6y","id":"re5b2os3lmyzh6y"},"id":"5c0vejasp8niypq","previousOperationId":"ei3efvdor890krf"}
{"type":"operationEnd","operationId":"houmozvddx4ic98","timestamp":1701425096084,"id":"sa1wjsb5nnsprwv","previousEventId":"g8edcqcsvj1a057","previousOperationId":"ei3efvdor890krf"}
{"type":"log","timestamp":1701425096084,"level":"info","message":"pdf-utils pdf processing was finished","meta":{"rootId":"re5b2os3lmyzh6y","id":"re5b2os3lmyzh6y"},"id":"15rt97vx3nz34d7","previousOperationId":"houmozvddx4ic98"}
{"type":"log","timestamp":1701425096084,"level":"debug","message":"Skipping storing report.","meta":{"rootId":"re5b2os3lmyzh6y","id":"re5b2os3lmyzh6y"},"id":"hw1cdk4gsgf9kdw","previousOperationId":"houmozvddx4ic98"}
{"type":"log","timestamp":1701425096084,"level":"info","message":"Rendering request 77 finished in 227 ms","meta":{"rootId":"re5b2os3lmyzh6y","id":"re5b2os3lmyzh6y"},"id":"i80kyuax3y5ztrz","previousOperationId":"houmozvddx4ic98"}
{"type":"operationEnd","subtype":"render","operationId":"1koz038x1a46wc9","timestamp":1701425096084,"id":"pg3ompl819ezow6","previousEventId":"sa1wjsb5nnsprwv","previousOperationId":"houmozvddx4ic98"}
{"type":"operationEnd","doDiffs":false,"previousEventId":"u0c0ay7teesc59v","previousOperationId":"kx9y0o08l3ln2u4","operationId":"kx9y0o08l3ln2u4","timestamp":1701425096087,"id":"0udmb5ycla4fqqo"}
