{"type":"operationStart","subtype":"profile","data":{"_id":"nmg67SWZzi6bkpZ1","timestamp":"2023-11-21T12:11:49.876Z","state":"queued","mode":"standard","creationDate":"2023-11-21T12:11:49.877Z","modificationDate":"2023-11-21T12:11:49.877Z","shortid":"kZfO4_q","$entitySet":"profiles"},"doDiffs":false,"timestamp":1700568709877,"id":"dhawyckyz16kq93","previousOperationId":null,"operationId":"8n2v6h6lit2w5pp"}
{"type":"log","level":"info","message":"Render request 34 queued for execution and waiting for available worker","previousOperationId":"8n2v6h6lit2w5pp","timestamp":1700568709877,"id":"1pbdvvcp1f8z0wr"}
{"type":"operationStart","subtype":"render","name":"index_zahtev","previousOperationId":"8n2v6h6lit2w5pp","timestamp":1700568709887,"id":"2qdzoygv4oskses","previousEventId":"dhawyckyz16kq93","operationId":"6hvfc8bsmwq9zj3"}
{"type":"log","timestamp":1700568709887,"level":"info","message":"Starting rendering request 34","meta":{"rootId":"unc0ird4qfl93b8","id":"unc0ird4qfl93b8"},"id":"0uel3w2l8ryp0hm","previousOperationId":"6hvfc8bsmwq9zj3"}
{"type":"log","timestamp":1700568709888,"level":"info","message":"Rendering template { name: index_zahtev, recipe: chrome-pdf, engine: handlebars, preview: true }","meta":{"rootId":"unc0ird4qfl93b8","id":"unc0ird4qfl93b8"},"id":"hibr76g6xg1pz3y","previousOperationId":"6hvfc8bsmwq9zj3"}
{"type":"log","timestamp":1700568709888,"level":"debug","message":"Inline data specified.","meta":{"rootId":"unc0ird4qfl93b8","id":"unc0ird4qfl93b8"},"id":"8bh0ub6djv77cpb","previousOperationId":"6hvfc8bsmwq9zj3"}
{"type":"log","timestamp":1700568709889,"level":"debug","message":"Base url not specified, skipping its injection.","meta":{"rootId":"unc0ird4qfl93b8","id":"unc0ird4qfl93b8"},"id":"lik6gmyn6tkta76","previousOperationId":"6hvfc8bsmwq9zj3"}
{"type":"log","timestamp":1700568709891,"level":"debug","message":"Replaced assets [\"styles.css\"]","meta":{"rootId":"unc0ird4qfl93b8","id":"unc0ird4qfl93b8"},"id":"3ewt6n7bob4upvx","previousOperationId":"6hvfc8bsmwq9zj3"}
{"type":"operationStart","subtype":"engine","name":"handlebars","timestamp":1700568709891,"id":"8qjzax3wdy2609o","previousEventId":"2qdzoygv4oskses","operationId":"iw962uj5o51y6ky","previousOperationId":"6hvfc8bsmwq9zj3"}
{"type":"log","timestamp":1700568709891,"level":"debug","message":"Rendering engine handlebars","meta":{"rootId":"unc0ird4qfl93b8","id":"unc0ird4qfl93b8"},"id":"df6s6iomh8zrrul","previousOperationId":"iw962uj5o51y6ky"}
{"type":"operationEnd","operationId":"iw962uj5o51y6ky","timestamp":1700568709912,"id":"blwonx8ba1z2cxl","previousEventId":"8qjzax3wdy2609o","previousOperationId":"iw962uj5o51y6ky"}
{"type":"operationStart","subtype":"recipe","name":"chrome-pdf","timestamp":1700568709912,"id":"336yjycmq10rxpq","previousEventId":"blwonx8ba1z2cxl","operationId":"yk8i3tyfvbp0xnd","previousOperationId":"iw962uj5o51y6ky"}
{"type":"log","timestamp":1700568709912,"level":"debug","message":"Executing recipe chrome-pdf","meta":{"rootId":"unc0ird4qfl93b8","id":"unc0ird4qfl93b8"},"id":"8n6xyratbeocnvw","previousOperationId":"yk8i3tyfvbp0xnd"}
{"type":"log","timestamp":1700568709915,"level":"debug","message":"Converting with chrome HeadlessChrome/117.0.5938.149 using chrome-pool strategy","meta":{"rootId":"unc0ird4qfl93b8","id":"unc0ird4qfl93b8"},"id":"1rqvu9teo4nwudi","previousOperationId":"yk8i3tyfvbp0xnd"}
{"type":"log","timestamp":1700568709969,"level":"debug","message":"Page request: GET (document) file:///var/folders/dp/qk79pfcj0y1fmtkkl08m76rc0000gn/T/jsreport/autocleanup/d509240d-0eac-4b2c-81b2-214ac812b5a2-chrome-pdf.html","meta":{"rootId":"unc0ird4qfl93b8","id":"unc0ird4qfl93b8"},"id":"k92uk0hu617e9ou","previousOperationId":"yk8i3tyfvbp0xnd"}
{"type":"log","timestamp":1700568709976,"level":"debug","message":"Page request finished: GET (document) 200 file:///var/folders/dp/qk79pfcj0y1fmtkkl08m76rc0000gn/T/jsreport/autocleanup/d509240d-0eac-4b2c-81b2-214ac812b5a2-chrome-pdf.html","meta":{"rootId":"unc0ird4qfl93b8","id":"unc0ird4qfl93b8"},"id":"idd94r6d4ad0sfr","previousOperationId":"yk8i3tyfvbp0xnd"}
{"type":"log","timestamp":1700568709983,"level":"debug","message":"Running chrome with params {\"printBackground\":true,\"marginTop\":\"2cm\",\"marginBottom\":\"2cm\",\"timeout\":59962,\"margin\":{\"top\":\"2cm\",\"bottom\":\"2cm\"}}","meta":{"rootId":"unc0ird4qfl93b8","id":"unc0ird4qfl93b8"},"id":"o30k0l5s0885v4s","previousOperationId":"yk8i3tyfvbp0xnd"}
{"type":"operationEnd","operationId":"yk8i3tyfvbp0xnd","timestamp":1700568710008,"id":"0drzdlna6jwt311","previousEventId":"336yjycmq10rxpq","previousOperationId":"yk8i3tyfvbp0xnd"}
{"type":"log","timestamp":1700568710008,"level":"info","message":"pdf-utils is starting pdf processing","meta":{"rootId":"unc0ird4qfl93b8","id":"unc0ird4qfl93b8"},"id":"qqxh9rc16m1dalf","previousOperationId":"yk8i3tyfvbp0xnd"}
{"type":"operationStart","subtype":"pdfUtils","name":"pdf utils","timestamp":1700568710008,"id":"lytbpe4cior0tpf","previousEventId":"0drzdlna6jwt311","operationId":"jxvuh8lx2nrj75z","previousOperationId":"yk8i3tyfvbp0xnd"}
{"type":"log","timestamp":1700568710008,"level":"debug","message":"pdf-utils detected 1 pdf operation(s) to process","meta":{"rootId":"unc0ird4qfl93b8","id":"unc0ird4qfl93b8"},"id":"kyxmn6d3lzmniu2","previousOperationId":"jxvuh8lx2nrj75z"}
{"type":"log","timestamp":1700568710042,"level":"debug","message":"pdf-utils running pdf operation merge","meta":{"rootId":"unc0ird4qfl93b8","id":"unc0ird4qfl93b8"},"id":"dd8zbz2r9x65db5","previousOperationId":"jxvuh8lx2nrj75z"}
{"type":"operationStart","subtype":"pdfUtilsMerge","name":"pdf utils merge","previousOperationId":"jxvuh8lx2nrj75z","timestamp":1700568710042,"id":"osoqy1p50k3pc8s","previousEventId":"lytbpe4cior0tpf","operationId":"y8yd3exe6yg3rxq"}
{"type":"operationStart","subtype":"render","name":"header-footer","previousOperationId":"y8yd3exe6yg3rxq","timestamp":1700568710042,"id":"6e5hlgwuqg9ydxq","previousEventId":"osoqy1p50k3pc8s","operationId":"uixt5sbl23qnvfs"}
{"type":"log","timestamp":1700568710042,"level":"info","message":"Starting rendering (child) request","meta":{"rootId":"unc0ird4qfl93b8","id":"t3l9l0u8zpc0ghg"},"id":"rlknn1t9swvg00p","previousOperationId":"uixt5sbl23qnvfs"}
{"type":"log","timestamp":1700568710042,"level":"info","message":"Rendering template { name: header-footer, recipe: chrome-pdf, engine: handlebars, preview: true }","meta":{"rootId":"unc0ird4qfl93b8","id":"t3l9l0u8zpc0ghg"},"id":"qx6qj1u4angd8v0","previousOperationId":"uixt5sbl23qnvfs"}
{"type":"log","timestamp":1700568710044,"level":"debug","message":"Inline data specified.","meta":{"rootId":"unc0ird4qfl93b8","id":"t3l9l0u8zpc0ghg"},"id":"qswpqlgnlbcbvr7","previousOperationId":"uixt5sbl23qnvfs"}
{"type":"log","timestamp":1700568710044,"level":"debug","message":"Base url not specified, skipping its injection.","meta":{"rootId":"unc0ird4qfl93b8","id":"t3l9l0u8zpc0ghg"},"id":"oqjhvpfwe953vkp","previousOperationId":"uixt5sbl23qnvfs"}
{"type":"operationStart","subtype":"engine","name":"handlebars","timestamp":1700568710044,"id":"83kspxzjrltg5uu","previousEventId":"6e5hlgwuqg9ydxq","operationId":"g3kofuxuepeeuta","previousOperationId":"uixt5sbl23qnvfs"}
{"type":"log","timestamp":1700568710044,"level":"debug","message":"Rendering engine handlebars","meta":{"rootId":"unc0ird4qfl93b8","id":"t3l9l0u8zpc0ghg"},"id":"p5ufcgcursku6ye","previousOperationId":"g3kofuxuepeeuta"}
{"type":"operationEnd","operationId":"g3kofuxuepeeuta","timestamp":1700568710049,"id":"xe0ylnlj4umeg2p","previousEventId":"83kspxzjrltg5uu","previousOperationId":"g3kofuxuepeeuta"}
{"type":"operationStart","subtype":"recipe","name":"chrome-pdf","timestamp":1700568710049,"id":"y3shgblw9bvj3yg","previousEventId":"xe0ylnlj4umeg2p","operationId":"xgq4xaf3cel5olc","previousOperationId":"g3kofuxuepeeuta"}
{"type":"log","timestamp":1700568710049,"level":"debug","message":"Executing recipe chrome-pdf","meta":{"rootId":"unc0ird4qfl93b8","id":"t3l9l0u8zpc0ghg"},"id":"reefc5twg4ml0zr","previousOperationId":"xgq4xaf3cel5olc"}
{"type":"log","timestamp":1700568710049,"level":"debug","message":"Converting with chrome HeadlessChrome/117.0.5938.149 using chrome-pool strategy","meta":{"rootId":"unc0ird4qfl93b8","id":"t3l9l0u8zpc0ghg"},"id":"cedp2x051djfavi","previousOperationId":"xgq4xaf3cel5olc"}
{"type":"log","timestamp":1700568710087,"level":"debug","message":"Page request: GET (document) file:///var/folders/dp/qk79pfcj0y1fmtkkl08m76rc0000gn/T/jsreport/autocleanup/e37c3ab4-7ef3-4cd0-bc80-f4a414bf2103-chrome-pdf.html","meta":{"rootId":"unc0ird4qfl93b8","id":"t3l9l0u8zpc0ghg"},"id":"5atyp35leo06axd","previousOperationId":"xgq4xaf3cel5olc"}
{"type":"log","timestamp":1700568710092,"level":"debug","message":"Page request finished: GET (document) 200 file:///var/folders/dp/qk79pfcj0y1fmtkkl08m76rc0000gn/T/jsreport/autocleanup/e37c3ab4-7ef3-4cd0-bc80-f4a414bf2103-chrome-pdf.html","meta":{"rootId":"unc0ird4qfl93b8","id":"t3l9l0u8zpc0ghg"},"id":"wzvvbvkbv1vzejl","previousOperationId":"xgq4xaf3cel5olc"}
{"type":"log","timestamp":1700568710100,"level":"debug","message":"Running chrome with params {\"timeout\":59827,\"margin\":{},\"printBackground\":true}","meta":{"rootId":"unc0ird4qfl93b8","id":"t3l9l0u8zpc0ghg"},"id":"tit1hcw0o2dvcq2","previousOperationId":"xgq4xaf3cel5olc"}
{"type":"operationEnd","operationId":"xgq4xaf3cel5olc","timestamp":1700568710106,"id":"6hm3lgeqigkda9g","previousEventId":"y3shgblw9bvj3yg","previousOperationId":"xgq4xaf3cel5olc"}
{"type":"log","timestamp":1700568710107,"level":"debug","message":"Skipping storing report.","meta":{"rootId":"unc0ird4qfl93b8","id":"t3l9l0u8zpc0ghg"},"id":"eaiav1b28vgnza4","previousOperationId":"xgq4xaf3cel5olc"}
{"type":"log","timestamp":1700568710107,"level":"info","message":"Rendering (child) request finished in 231 ms","meta":{"rootId":"unc0ird4qfl93b8","id":"t3l9l0u8zpc0ghg"},"id":"k5ijsyu9ca4obd3","previousOperationId":"xgq4xaf3cel5olc"}
{"type":"operationEnd","subtype":"render","operationId":"uixt5sbl23qnvfs","timestamp":1700568710107,"id":"a56ipdl8t95rcip","previousEventId":"6hm3lgeqigkda9g","previousOperationId":"xgq4xaf3cel5olc"}
{"type":"operationEnd","operationId":"y8yd3exe6yg3rxq","timestamp":1700568710113,"id":"dqtmrhpb6478hvc","previousEventId":"osoqy1p50k3pc8s","previousOperationId":"y8yd3exe6yg3rxq"}
{"type":"log","timestamp":1700568710113,"level":"debug","message":"pdf-utils postproces start","meta":{"rootId":"unc0ird4qfl93b8","id":"unc0ird4qfl93b8"},"id":"lzf97oieb1bgfq0","previousOperationId":"y8yd3exe6yg3rxq"}
{"type":"log","timestamp":1700568710125,"level":"debug","message":"pdf-utils postproces end","meta":{"rootId":"unc0ird4qfl93b8","id":"unc0ird4qfl93b8"},"id":"9zes4iwp246hgxi","previousOperationId":"y8yd3exe6yg3rxq"}
{"type":"operationEnd","operationId":"jxvuh8lx2nrj75z","timestamp":1700568710125,"id":"cg9shhp5qep4xek","previousEventId":"dqtmrhpb6478hvc","previousOperationId":"y8yd3exe6yg3rxq"}
{"type":"log","timestamp":1700568710125,"level":"info","message":"pdf-utils pdf processing was finished","meta":{"rootId":"unc0ird4qfl93b8","id":"unc0ird4qfl93b8"},"id":"4oek648rd35jzgn","previousOperationId":"jxvuh8lx2nrj75z"}
{"type":"log","timestamp":1700568710125,"level":"debug","message":"Skipping storing report.","meta":{"rootId":"unc0ird4qfl93b8","id":"unc0ird4qfl93b8"},"id":"7tjurihclnlap9s","previousOperationId":"jxvuh8lx2nrj75z"}
{"type":"log","timestamp":1700568710125,"level":"info","message":"Rendering request 34 finished in 249 ms","meta":{"rootId":"unc0ird4qfl93b8","id":"unc0ird4qfl93b8"},"id":"9fnva62r9ulv5q8","previousOperationId":"jxvuh8lx2nrj75z"}
{"type":"operationEnd","subtype":"render","operationId":"6hvfc8bsmwq9zj3","timestamp":1700568710125,"id":"gty5m92hxtyjkbc","previousEventId":"cg9shhp5qep4xek","previousOperationId":"jxvuh8lx2nrj75z"}
{"type":"operationEnd","doDiffs":false,"previousEventId":"dhawyckyz16kq93","previousOperationId":"8n2v6h6lit2w5pp","operationId":"8n2v6h6lit2w5pp","timestamp":1700568710127,"id":"77per0yp7b2es38"}
