{"type":"operationStart","subtype":"profile","data":{"_id":"CU33rqWRDBmS065u","timestamp":"2023-12-01T09:29:12.624Z","state":"queued","mode":"standard","creationDate":"2023-12-01T09:29:12.625Z","modificationDate":"2023-12-01T09:29:12.625Z","shortid":"PffYlcy","$entitySet":"profiles"},"doDiffs":false,"timestamp":1701422952624,"id":"52cffgv58elb4kh","previousOperationId":null,"operationId":"9o2cybax6u5e2eo"}
{"type":"log","level":"info","message":"Render request 57 queued for execution and waiting for available worker","previousOperationId":"9o2cybax6u5e2eo","timestamp":1701422952624,"id":"8h5vhfs8z55r4da"}
{"type":"operationStart","subtype":"render","name":"index_zahtev","previousOperationId":"9o2cybax6u5e2eo","timestamp":1701422952630,"id":"2im9cyrlf7pbzgv","previousEventId":"52cffgv58elb4kh","operationId":"od73z3j25l3oec8"}
{"type":"log","timestamp":1701422952630,"level":"info","message":"Starting rendering request 57","meta":{"rootId":"x4i6g54eqhhems9","id":"x4i6g54eqhhems9"},"id":"uwldxl3cqtd2nh8","previousOperationId":"od73z3j25l3oec8"}
{"type":"log","timestamp":1701422952630,"level":"info","message":"Rendering template { name: index_zahtev, recipe: chrome-pdf, engine: handlebars, preview: true }","meta":{"rootId":"x4i6g54eqhhems9","id":"x4i6g54eqhhems9"},"id":"wwqmg5m5z9qgboi","previousOperationId":"od73z3j25l3oec8"}
{"type":"log","timestamp":1701422952630,"level":"debug","message":"Inline data specified.","meta":{"rootId":"x4i6g54eqhhems9","id":"x4i6g54eqhhems9"},"id":"64abd0dbw9v4yj1","previousOperationId":"od73z3j25l3oec8"}
{"type":"log","timestamp":1701422952631,"level":"debug","message":"Base url not specified, skipping its injection.","meta":{"rootId":"x4i6g54eqhhems9","id":"x4i6g54eqhhems9"},"id":"ku08y7hfx429tkz","previousOperationId":"od73z3j25l3oec8"}
{"type":"log","timestamp":1701422952632,"level":"debug","message":"Replaced assets [\"styles.css\"]","meta":{"rootId":"x4i6g54eqhhems9","id":"x4i6g54eqhhems9"},"id":"56nsiyn1g8mcyqn","previousOperationId":"od73z3j25l3oec8"}
{"type":"operationStart","subtype":"engine","name":"handlebars","timestamp":1701422952632,"id":"d3tyop9y2xp96qc","previousEventId":"2im9cyrlf7pbzgv","operationId":"znm3xcqezh7yywi","previousOperationId":"od73z3j25l3oec8"}
{"type":"log","timestamp":1701422952632,"level":"debug","message":"Rendering engine handlebars","meta":{"rootId":"x4i6g54eqhhems9","id":"x4i6g54eqhhems9"},"id":"72dicvb8nl9dqad","previousOperationId":"znm3xcqezh7yywi"}
{"type":"operationEnd","operationId":"znm3xcqezh7yywi","timestamp":1701422952648,"id":"u7onki6nhzldjgy","previousEventId":"d3tyop9y2xp96qc","previousOperationId":"znm3xcqezh7yywi"}
{"type":"operationStart","subtype":"recipe","name":"chrome-pdf","timestamp":1701422952648,"id":"6v68ylx2waj1xm9","previousEventId":"u7onki6nhzldjgy","operationId":"5n2tspnjvmzgmi5","previousOperationId":"znm3xcqezh7yywi"}
{"type":"log","timestamp":1701422952648,"level":"debug","message":"Executing recipe chrome-pdf","meta":{"rootId":"x4i6g54eqhhems9","id":"x4i6g54eqhhems9"},"id":"yjb0d14tqhewcsf","previousOperationId":"5n2tspnjvmzgmi5"}
{"type":"log","timestamp":1701422952649,"level":"debug","message":"Converting with chrome HeadlessChrome/117.0.5938.149 using chrome-pool strategy","meta":{"rootId":"x4i6g54eqhhems9","id":"x4i6g54eqhhems9"},"id":"c2q0bzxifcf5bsl","previousOperationId":"5n2tspnjvmzgmi5"}
{"type":"log","timestamp":1701422952699,"level":"debug","message":"Page request: GET (document) file:///var/folders/dp/qk79pfcj0y1fmtkkl08m76rc0000gn/T/jsreport/autocleanup/f8665511-adb3-4ea9-bb2c-da3af0b478dc-chrome-pdf.html","meta":{"rootId":"x4i6g54eqhhems9","id":"x4i6g54eqhhems9"},"id":"3nb2enitcld6j3s","previousOperationId":"5n2tspnjvmzgmi5"}
{"type":"log","timestamp":1701422952703,"level":"debug","message":"Page request finished: GET (document) 200 file:///var/folders/dp/qk79pfcj0y1fmtkkl08m76rc0000gn/T/jsreport/autocleanup/f8665511-adb3-4ea9-bb2c-da3af0b478dc-chrome-pdf.html","meta":{"rootId":"x4i6g54eqhhems9","id":"x4i6g54eqhhems9"},"id":"hea20kagc6t3xu6","previousOperationId":"5n2tspnjvmzgmi5"}
{"type":"log","timestamp":1701422952714,"level":"debug","message":"Running chrome with params {\"printBackground\":true,\"marginTop\":\"2cm\",\"marginBottom\":\"2cm\",\"timeout\":59975,\"margin\":{\"top\":\"2cm\",\"bottom\":\"2cm\"}}","meta":{"rootId":"x4i6g54eqhhems9","id":"x4i6g54eqhhems9"},"id":"v1y59g0s3g51xqy","previousOperationId":"5n2tspnjvmzgmi5"}
{"type":"operationEnd","operationId":"5n2tspnjvmzgmi5","timestamp":1701422952738,"id":"lfsi87r4gqz9w48","previousEventId":"6v68ylx2waj1xm9","previousOperationId":"5n2tspnjvmzgmi5"}
{"type":"log","timestamp":1701422952738,"level":"info","message":"pdf-utils is starting pdf processing","meta":{"rootId":"x4i6g54eqhhems9","id":"x4i6g54eqhhems9"},"id":"lyvkgz1ub17nd6w","previousOperationId":"5n2tspnjvmzgmi5"}
{"type":"operationStart","subtype":"pdfUtils","name":"pdf utils","timestamp":1701422952738,"id":"5mau54gj8awua70","previousEventId":"lfsi87r4gqz9w48","operationId":"e07sswwmxu25k60","previousOperationId":"5n2tspnjvmzgmi5"}
{"type":"log","timestamp":1701422952738,"level":"debug","message":"pdf-utils detected 1 pdf operation(s) to process","meta":{"rootId":"x4i6g54eqhhems9","id":"x4i6g54eqhhems9"},"id":"yxnelpxw0l45gj5","previousOperationId":"e07sswwmxu25k60"}
{"type":"log","timestamp":1701422952760,"level":"debug","message":"pdf-utils running pdf operation merge","meta":{"rootId":"x4i6g54eqhhems9","id":"x4i6g54eqhhems9"},"id":"jns2rhec93x4mgw","previousOperationId":"e07sswwmxu25k60"}
{"type":"operationStart","subtype":"pdfUtilsMerge","name":"pdf utils merge","previousOperationId":"e07sswwmxu25k60","timestamp":1701422952760,"id":"4qzy7a6tmczbxzu","previousEventId":"5mau54gj8awua70","operationId":"08c73kb3hvxnsw4"}
{"type":"operationStart","subtype":"render","name":"header-footer","previousOperationId":"08c73kb3hvxnsw4","timestamp":1701422952760,"id":"asbdyvjk8u85h5m","previousEventId":"4qzy7a6tmczbxzu","operationId":"i64nt1buajm5mpa"}
{"type":"log","timestamp":1701422952760,"level":"info","message":"Starting rendering (child) request","meta":{"rootId":"x4i6g54eqhhems9","id":"yjopdzpejuk1des"},"id":"qfp78p4belb2xz7","previousOperationId":"i64nt1buajm5mpa"}
{"type":"log","timestamp":1701422952760,"level":"info","message":"Rendering template { name: header-footer, recipe: chrome-pdf, engine: handlebars, preview: true }","meta":{"rootId":"x4i6g54eqhhems9","id":"yjopdzpejuk1des"},"id":"guc7ax40vsjumvg","previousOperationId":"i64nt1buajm5mpa"}
{"type":"log","timestamp":1701422952761,"level":"debug","message":"Inline data specified.","meta":{"rootId":"x4i6g54eqhhems9","id":"yjopdzpejuk1des"},"id":"gox9thils1b2inx","previousOperationId":"i64nt1buajm5mpa"}
{"type":"log","timestamp":1701422952761,"level":"debug","message":"Base url not specified, skipping its injection.","meta":{"rootId":"x4i6g54eqhhems9","id":"yjopdzpejuk1des"},"id":"gro2n8maxn7p4y3","previousOperationId":"i64nt1buajm5mpa"}
{"type":"operationStart","subtype":"engine","name":"handlebars","timestamp":1701422952761,"id":"dyu105otwddwirt","previousEventId":"asbdyvjk8u85h5m","operationId":"qblr4cw6x6lyr62","previousOperationId":"i64nt1buajm5mpa"}
{"type":"log","timestamp":1701422952761,"level":"debug","message":"Rendering engine handlebars","meta":{"rootId":"x4i6g54eqhhems9","id":"yjopdzpejuk1des"},"id":"ilzq6kduvwpsy5l","previousOperationId":"qblr4cw6x6lyr62"}
{"type":"operationEnd","operationId":"qblr4cw6x6lyr62","timestamp":1701422952766,"id":"uv53kuzhnqqf10k","previousEventId":"dyu105otwddwirt","previousOperationId":"qblr4cw6x6lyr62"}
{"type":"operationStart","subtype":"recipe","name":"chrome-pdf","timestamp":1701422952766,"id":"dtns6vjou2q14a9","previousEventId":"uv53kuzhnqqf10k","operationId":"y4i4e6c7e96lvrw","previousOperationId":"qblr4cw6x6lyr62"}
{"type":"log","timestamp":1701422952766,"level":"debug","message":"Executing recipe chrome-pdf","meta":{"rootId":"x4i6g54eqhhems9","id":"yjopdzpejuk1des"},"id":"w3govc1d0e6w1rf","previousOperationId":"y4i4e6c7e96lvrw"}
{"type":"log","timestamp":1701422952766,"level":"debug","message":"Converting with chrome HeadlessChrome/117.0.5938.149 using chrome-pool strategy","meta":{"rootId":"x4i6g54eqhhems9","id":"yjopdzpejuk1des"},"id":"qiqlhc4zv7xf6l4","previousOperationId":"y4i4e6c7e96lvrw"}
{"type":"log","timestamp":1701422952816,"level":"debug","message":"Page request: GET (document) file:///var/folders/dp/qk79pfcj0y1fmtkkl08m76rc0000gn/T/jsreport/autocleanup/1a18d55c-de7d-45e9-bdf7-534eb38058c9-chrome-pdf.html","meta":{"rootId":"x4i6g54eqhhems9","id":"yjopdzpejuk1des"},"id":"s5jvc5xp5u3iekl","previousOperationId":"y4i4e6c7e96lvrw"}
{"type":"log","timestamp":1701422952821,"level":"debug","message":"Page request finished: GET (document) 200 file:///var/folders/dp/qk79pfcj0y1fmtkkl08m76rc0000gn/T/jsreport/autocleanup/1a18d55c-de7d-45e9-bdf7-534eb38058c9-chrome-pdf.html","meta":{"rootId":"x4i6g54eqhhems9","id":"yjopdzpejuk1des"},"id":"xp2m4pv5bcel2sh","previousOperationId":"y4i4e6c7e96lvrw"}
{"type":"log","timestamp":1701422952825,"level":"debug","message":"Running chrome with params {\"timeout\":59858,\"margin\":{},\"printBackground\":true}","meta":{"rootId":"x4i6g54eqhhems9","id":"yjopdzpejuk1des"},"id":"11wrag2n8ol292d","previousOperationId":"y4i4e6c7e96lvrw"}
{"type":"operationEnd","operationId":"y4i4e6c7e96lvrw","timestamp":1701422952831,"id":"yxac56a5oo9jxsx","previousEventId":"dtns6vjou2q14a9","previousOperationId":"y4i4e6c7e96lvrw"}
{"type":"log","timestamp":1701422952831,"level":"debug","message":"Skipping storing report.","meta":{"rootId":"x4i6g54eqhhems9","id":"yjopdzpejuk1des"},"id":"xtk6y0401ra57t0","previousOperationId":"y4i4e6c7e96lvrw"}
{"type":"log","timestamp":1701422952831,"level":"info","message":"Rendering (child) request finished in 207 ms","meta":{"rootId":"x4i6g54eqhhems9","id":"yjopdzpejuk1des"},"id":"55fbpjs4l2auqmk","previousOperationId":"y4i4e6c7e96lvrw"}
{"type":"operationEnd","subtype":"render","operationId":"i64nt1buajm5mpa","timestamp":1701422952831,"id":"qmohuobshfzy9rb","previousEventId":"yxac56a5oo9jxsx","previousOperationId":"y4i4e6c7e96lvrw"}
{"type":"operationEnd","operationId":"08c73kb3hvxnsw4","timestamp":1701422952836,"id":"8pqh54dffa14noi","previousEventId":"4qzy7a6tmczbxzu","previousOperationId":"08c73kb3hvxnsw4"}
{"type":"log","timestamp":1701422952836,"level":"debug","message":"pdf-utils postproces start","meta":{"rootId":"x4i6g54eqhhems9","id":"x4i6g54eqhhems9"},"id":"n322o77txkdbcac","previousOperationId":"08c73kb3hvxnsw4"}
{"type":"log","timestamp":1701422952845,"level":"debug","message":"pdf-utils postproces end","meta":{"rootId":"x4i6g54eqhhems9","id":"x4i6g54eqhhems9"},"id":"00lww6atoms85ub","previousOperationId":"08c73kb3hvxnsw4"}
{"type":"operationEnd","operationId":"e07sswwmxu25k60","timestamp":1701422952845,"id":"3rlejqoe2h45u6t","previousEventId":"8pqh54dffa14noi","previousOperationId":"08c73kb3hvxnsw4"}
{"type":"log","timestamp":1701422952845,"level":"info","message":"pdf-utils pdf processing was finished","meta":{"rootId":"x4i6g54eqhhems9","id":"x4i6g54eqhhems9"},"id":"x8wtntyz4jidprl","previousOperationId":"e07sswwmxu25k60"}
{"type":"log","timestamp":1701422952845,"level":"debug","message":"Skipping storing report.","meta":{"rootId":"x4i6g54eqhhems9","id":"x4i6g54eqhhems9"},"id":"mwrmyp6odwssm3h","previousOperationId":"e07sswwmxu25k60"}
{"type":"log","timestamp":1701422952845,"level":"info","message":"Rendering request 57 finished in 221 ms","meta":{"rootId":"x4i6g54eqhhems9","id":"x4i6g54eqhhems9"},"id":"uyt2q2utddrwnmf","previousOperationId":"e07sswwmxu25k60"}
{"type":"operationEnd","subtype":"render","operationId":"od73z3j25l3oec8","timestamp":1701422952845,"id":"icjqr68uhekvzam","previousEventId":"3rlejqoe2h45u6t","previousOperationId":"e07sswwmxu25k60"}
{"type":"operationEnd","doDiffs":false,"previousEventId":"52cffgv58elb4kh","previousOperationId":"9o2cybax6u5e2eo","operationId":"9o2cybax6u5e2eo","timestamp":1701422952847,"id":"p2aiiolhk6si29l"}
