{"type":"operationStart","subtype":"profile","data":{"_id":"GZYXDQ6K9XrtW2XJ","timestamp":"2023-12-05T18:57:29.140Z","state":"queued","mode":"standard","creationDate":"2023-12-05T18:57:29.141Z","modificationDate":"2023-12-05T18:57:29.141Z","shortid":"vQvwsXT","$entitySet":"profiles"},"doDiffs":false,"timestamp":1701802649141,"id":"934jxsnzl6omibn","previousOperationId":null,"operationId":"25gj9lw8dvre0qt"}
{"type":"log","level":"info","message":"Render request 31 queued for execution and waiting for available worker","previousOperationId":"25gj9lw8dvre0qt","timestamp":1701802649141,"id":"vm7nxdmtvka9y05"}
{"type":"operationStart","subtype":"render","name":"index_zahtev","previousOperationId":"25gj9lw8dvre0qt","timestamp":1701802649149,"id":"ybabj0do58352nn","previousEventId":"934jxsnzl6omibn","operationId":"v1hskexwg01dwxf"}
{"type":"log","timestamp":1701802649149,"level":"info","message":"Starting rendering request 31","meta":{"rootId":"ysjaeae3jyz3ub8","id":"ysjaeae3jyz3ub8"},"id":"cds0qihp3k9d4cf","previousOperationId":"v1hskexwg01dwxf"}
{"type":"log","timestamp":1701802649150,"level":"info","message":"Rendering template { name: index_zahtev, recipe: chrome-pdf, engine: handlebars, preview: false }","meta":{"rootId":"ysjaeae3jyz3ub8","id":"ysjaeae3jyz3ub8"},"id":"ljzfngogfcj7hq3","previousOperationId":"v1hskexwg01dwxf"}
{"type":"log","timestamp":1701802649150,"level":"debug","message":"Inline data specified.","meta":{"rootId":"ysjaeae3jyz3ub8","id":"ysjaeae3jyz3ub8"},"id":"rnddi5ctkufds05","previousOperationId":"v1hskexwg01dwxf"}
{"type":"log","timestamp":1701802649151,"level":"debug","message":"Base url not specified, skipping its injection.","meta":{"rootId":"ysjaeae3jyz3ub8","id":"ysjaeae3jyz3ub8"},"id":"vjacqnbcemb12lv","previousOperationId":"v1hskexwg01dwxf"}
{"type":"log","timestamp":1701802649152,"level":"debug","message":"Replaced assets [\"styles.css\"]","meta":{"rootId":"ysjaeae3jyz3ub8","id":"ysjaeae3jyz3ub8"},"id":"lirs1cp1ryn37un","previousOperationId":"v1hskexwg01dwxf"}
{"type":"operationStart","subtype":"engine","name":"handlebars","timestamp":1701802649152,"id":"qerfjgcj3r1mvhu","previousEventId":"ybabj0do58352nn","operationId":"2z0qw7ur3fh9mvc","previousOperationId":"v1hskexwg01dwxf"}
{"type":"log","timestamp":1701802649152,"level":"debug","message":"Rendering engine handlebars","meta":{"rootId":"ysjaeae3jyz3ub8","id":"ysjaeae3jyz3ub8"},"id":"01njjjmm830f98v","previousOperationId":"2z0qw7ur3fh9mvc"}
{"type":"operationEnd","operationId":"2z0qw7ur3fh9mvc","timestamp":1701802649177,"id":"r9aesfayvkueg1t","previousEventId":"qerfjgcj3r1mvhu","previousOperationId":"2z0qw7ur3fh9mvc"}
{"type":"operationStart","subtype":"recipe","name":"chrome-pdf","timestamp":1701802649178,"id":"i7arosatrgmn2zr","previousEventId":"r9aesfayvkueg1t","operationId":"sinhp2vzovwgnar","previousOperationId":"2z0qw7ur3fh9mvc"}
{"type":"log","timestamp":1701802649178,"level":"debug","message":"Executing recipe chrome-pdf","meta":{"rootId":"ysjaeae3jyz3ub8","id":"ysjaeae3jyz3ub8"},"id":"e3gagzhn24xjl3k","previousOperationId":"sinhp2vzovwgnar"}
{"type":"log","timestamp":1701802649342,"level":"debug","message":"Converting with chrome HeadlessChrome/117.0.5938.149 using chrome-pool strategy","meta":{"rootId":"ysjaeae3jyz3ub8","id":"ysjaeae3jyz3ub8"},"id":"sjjb164kvzkh8lj","previousOperationId":"sinhp2vzovwgnar"}
{"type":"log","timestamp":1701802649388,"level":"debug","message":"Page request: GET (document) file:///var/folders/dp/qk79pfcj0y1fmtkkl08m76rc0000gn/T/jsreport/autocleanup/2d800d54-9fcd-45b7-b84b-14ecdf60e880-chrome-pdf.html","meta":{"rootId":"ysjaeae3jyz3ub8","id":"ysjaeae3jyz3ub8"},"id":"fh2fq0oa8kqzrs0","previousOperationId":"sinhp2vzovwgnar"}
{"type":"log","timestamp":1701802649393,"level":"debug","message":"Page request finished: GET (document) 200 file:///var/folders/dp/qk79pfcj0y1fmtkkl08m76rc0000gn/T/jsreport/autocleanup/2d800d54-9fcd-45b7-b84b-14ecdf60e880-chrome-pdf.html","meta":{"rootId":"ysjaeae3jyz3ub8","id":"ysjaeae3jyz3ub8"},"id":"2cp2khq2xzxkhax","previousOperationId":"sinhp2vzovwgnar"}
{"type":"log","timestamp":1701802649406,"level":"debug","message":"Running chrome with params {\"printBackground\":true,\"marginTop\":\"2cm\",\"marginBottom\":\"2cm\",\"timeout\":59960,\"margin\":{\"top\":\"2cm\",\"bottom\":\"2cm\"}}","meta":{"rootId":"ysjaeae3jyz3ub8","id":"ysjaeae3jyz3ub8"},"id":"p98b12yjwjjzf4b","previousOperationId":"sinhp2vzovwgnar"}
{"type":"operationEnd","operationId":"sinhp2vzovwgnar","timestamp":1701802649431,"id":"ep71bjhv112g6br","previousEventId":"i7arosatrgmn2zr","previousOperationId":"sinhp2vzovwgnar"}
{"type":"log","timestamp":1701802649431,"level":"info","message":"pdf-utils is starting pdf processing","meta":{"rootId":"ysjaeae3jyz3ub8","id":"ysjaeae3jyz3ub8"},"id":"cs281hzpv0doohv","previousOperationId":"sinhp2vzovwgnar"}
{"type":"operationStart","subtype":"pdfUtils","name":"pdf utils","timestamp":1701802649516,"id":"3vg0dlr0uvlmxgp","previousEventId":"ep71bjhv112g6br","operationId":"53wolry4fw6eiag","previousOperationId":"sinhp2vzovwgnar"}
{"type":"log","timestamp":1701802649516,"level":"debug","message":"pdf-utils detected 1 pdf operation(s) to process","meta":{"rootId":"ysjaeae3jyz3ub8","id":"ysjaeae3jyz3ub8"},"id":"lisj1qs26wnf903","previousOperationId":"53wolry4fw6eiag"}
{"type":"log","timestamp":1701802649593,"level":"debug","message":"pdf-utils running pdf operation merge","meta":{"rootId":"ysjaeae3jyz3ub8","id":"ysjaeae3jyz3ub8"},"id":"g8xhy68qzpvt6t9","previousOperationId":"53wolry4fw6eiag"}
{"type":"operationStart","subtype":"pdfUtilsMerge","name":"pdf utils merge","previousOperationId":"53wolry4fw6eiag","timestamp":1701802649593,"id":"04nfwxn6mvvmuj5","previousEventId":"3vg0dlr0uvlmxgp","operationId":"ef35ik2atjs6rv6"}
{"type":"operationStart","subtype":"render","name":"header-footer","previousOperationId":"ef35ik2atjs6rv6","timestamp":1701802649594,"id":"cq3vfy4xd385daa","previousEventId":"04nfwxn6mvvmuj5","operationId":"v9rnpkhbto6dzfu"}
{"type":"log","timestamp":1701802649594,"level":"info","message":"Starting rendering (child) request","meta":{"rootId":"ysjaeae3jyz3ub8","id":"dxnd7sue7em9ljj"},"id":"gfhuwcmytfnqjuq","previousOperationId":"v9rnpkhbto6dzfu"}
{"type":"log","timestamp":1701802649594,"level":"info","message":"Rendering template { name: header-footer, recipe: chrome-pdf, engine: handlebars, preview: false }","meta":{"rootId":"ysjaeae3jyz3ub8","id":"dxnd7sue7em9ljj"},"id":"2kddwb48m9j3ehv","previousOperationId":"v9rnpkhbto6dzfu"}
{"type":"log","timestamp":1701802649595,"level":"debug","message":"Inline data specified.","meta":{"rootId":"ysjaeae3jyz3ub8","id":"dxnd7sue7em9ljj"},"id":"6q36saan0upku2o","previousOperationId":"v9rnpkhbto6dzfu"}
{"type":"log","timestamp":1701802649595,"level":"debug","message":"Base url not specified, skipping its injection.","meta":{"rootId":"ysjaeae3jyz3ub8","id":"dxnd7sue7em9ljj"},"id":"bzhq4s89brzp2uy","previousOperationId":"v9rnpkhbto6dzfu"}
{"type":"operationStart","subtype":"engine","name":"handlebars","timestamp":1701802649595,"id":"92xshx4pm8a6uzv","previousEventId":"cq3vfy4xd385daa","operationId":"b3hau21yyiigt17","previousOperationId":"v9rnpkhbto6dzfu"}
{"type":"log","timestamp":1701802649595,"level":"debug","message":"Rendering engine handlebars","meta":{"rootId":"ysjaeae3jyz3ub8","id":"dxnd7sue7em9ljj"},"id":"zbcu3qh9rvofhf0","previousOperationId":"b3hau21yyiigt17"}
{"type":"operationEnd","operationId":"b3hau21yyiigt17","timestamp":1701802649688,"id":"np58p9zlsm8cqsk","previousEventId":"92xshx4pm8a6uzv","previousOperationId":"b3hau21yyiigt17"}
{"type":"operationStart","subtype":"recipe","name":"chrome-pdf","timestamp":1701802649688,"id":"dfv9xty5sidwa9l","previousEventId":"np58p9zlsm8cqsk","operationId":"1xqwmark5dsrr1t","previousOperationId":"b3hau21yyiigt17"}
{"type":"log","timestamp":1701802649688,"level":"debug","message":"Executing recipe chrome-pdf","meta":{"rootId":"ysjaeae3jyz3ub8","id":"dxnd7sue7em9ljj"},"id":"xcgds88mtq6t8m6","previousOperationId":"1xqwmark5dsrr1t"}
{"type":"log","timestamp":1701802649689,"level":"debug","message":"Converting with chrome HeadlessChrome/117.0.5938.149 using chrome-pool strategy","meta":{"rootId":"ysjaeae3jyz3ub8","id":"dxnd7sue7em9ljj"},"id":"yamxrvkow0q8ol9","previousOperationId":"1xqwmark5dsrr1t"}
{"type":"log","timestamp":1701802649727,"level":"debug","message":"Page request: GET (document) file:///var/folders/dp/qk79pfcj0y1fmtkkl08m76rc0000gn/T/jsreport/autocleanup/99705923-4fa2-4bf2-aaa3-fb8b1bcb8e2e-chrome-pdf.html","meta":{"rootId":"ysjaeae3jyz3ub8","id":"dxnd7sue7em9ljj"},"id":"zsdtcetqg0odla0","previousOperationId":"1xqwmark5dsrr1t"}
{"type":"log","timestamp":1701802649731,"level":"debug","message":"Page request finished: GET (document) 200 file:///var/folders/dp/qk79pfcj0y1fmtkkl08m76rc0000gn/T/jsreport/autocleanup/99705923-4fa2-4bf2-aaa3-fb8b1bcb8e2e-chrome-pdf.html","meta":{"rootId":"ysjaeae3jyz3ub8","id":"dxnd7sue7em9ljj"},"id":"3tawnzy3nd883le","previousOperationId":"1xqwmark5dsrr1t"}
{"type":"log","timestamp":1701802649737,"level":"debug","message":"Running chrome with params {\"timeout\":59451,\"margin\":{},\"printBackground\":true}","meta":{"rootId":"ysjaeae3jyz3ub8","id":"dxnd7sue7em9ljj"},"id":"kf1vyjuclrkkn5b","previousOperationId":"1xqwmark5dsrr1t"}
{"type":"operationEnd","operationId":"1xqwmark5dsrr1t","timestamp":1701802649743,"id":"motp31qwo3mbxp4","previousEventId":"dfv9xty5sidwa9l","previousOperationId":"1xqwmark5dsrr1t"}
{"type":"log","timestamp":1701802649743,"level":"debug","message":"Skipping storing report.","meta":{"rootId":"ysjaeae3jyz3ub8","id":"dxnd7sue7em9ljj"},"id":"7o79ri89xl1g1l0","previousOperationId":"1xqwmark5dsrr1t"}
{"type":"log","timestamp":1701802649743,"level":"info","message":"Rendering (child) request finished in 603 ms","meta":{"rootId":"ysjaeae3jyz3ub8","id":"dxnd7sue7em9ljj"},"id":"yk8oixu5y7t9zh7","previousOperationId":"1xqwmark5dsrr1t"}
{"type":"operationEnd","subtype":"render","operationId":"v9rnpkhbto6dzfu","timestamp":1701802649743,"id":"jooino8itlniqxi","previousEventId":"motp31qwo3mbxp4","previousOperationId":"1xqwmark5dsrr1t"}
{"type":"operationEnd","operationId":"ef35ik2atjs6rv6","timestamp":1701802649760,"id":"9gjfqv1sp5zpnmq","previousEventId":"04nfwxn6mvvmuj5","previousOperationId":"ef35ik2atjs6rv6"}
{"type":"log","timestamp":1701802649760,"level":"debug","message":"pdf-utils postproces start","meta":{"rootId":"ysjaeae3jyz3ub8","id":"ysjaeae3jyz3ub8"},"id":"zeuhelxwzvespjk","previousOperationId":"ef35ik2atjs6rv6"}
{"type":"log","timestamp":1701802649780,"level":"debug","message":"pdf-utils postproces end","meta":{"rootId":"ysjaeae3jyz3ub8","id":"ysjaeae3jyz3ub8"},"id":"70la1ghf6vcfzve","previousOperationId":"ef35ik2atjs6rv6"}
{"type":"operationEnd","operationId":"53wolry4fw6eiag","timestamp":1701802649780,"id":"cpa07rcmebzdtpn","previousEventId":"9gjfqv1sp5zpnmq","previousOperationId":"ef35ik2atjs6rv6"}
{"type":"log","timestamp":1701802649780,"level":"info","message":"pdf-utils pdf processing was finished","meta":{"rootId":"ysjaeae3jyz3ub8","id":"ysjaeae3jyz3ub8"},"id":"0p6ez2lrnmbaxgj","previousOperationId":"53wolry4fw6eiag"}
{"type":"log","timestamp":1701802649780,"level":"debug","message":"Skipping storing report.","meta":{"rootId":"ysjaeae3jyz3ub8","id":"ysjaeae3jyz3ub8"},"id":"29xptjwqczojmlf","previousOperationId":"53wolry4fw6eiag"}
{"type":"log","timestamp":1701802649780,"level":"info","message":"Rendering request 31 finished in 640 ms","meta":{"rootId":"ysjaeae3jyz3ub8","id":"ysjaeae3jyz3ub8"},"id":"gj0y0iqmddy31vr","previousOperationId":"53wolry4fw6eiag"}
{"type":"operationEnd","subtype":"render","operationId":"v1hskexwg01dwxf","timestamp":1701802649780,"id":"r9eiqgpe039w0fj","previousEventId":"cpa07rcmebzdtpn","previousOperationId":"53wolry4fw6eiag"}
{"type":"operationEnd","doDiffs":false,"previousEventId":"934jxsnzl6omibn","previousOperationId":"25gj9lw8dvre0qt","operationId":"25gj9lw8dvre0qt","timestamp":1701802649781,"id":"xhnckzk9f2zlk4f"}
