{"type":"operationStart","subtype":"profile","data":{"_id":"0UAqwRA6rFXuPtPj","timestamp":"2023-12-01T09:26:18.544Z","state":"queued","mode":"standard","creationDate":"2023-12-01T09:26:18.545Z","modificationDate":"2023-12-01T09:26:18.545Z","shortid":"JLyqgrv","$entitySet":"profiles"},"doDiffs":false,"timestamp":1701422778545,"id":"jrtw59i686nuyl1","previousOperationId":null,"operationId":"wfbqvgmq54jpw35"}
{"type":"log","level":"info","message":"Render request 54 queued for execution and waiting for available worker","previousOperationId":"wfbqvgmq54jpw35","timestamp":1701422778545,"id":"i3dyecvwb964u30"}
{"type":"operationStart","subtype":"render","name":"index_zahtev","previousOperationId":"wfbqvgmq54jpw35","timestamp":1701422778560,"id":"fk9n7zhxhsfot40","previousEventId":"jrtw59i686nuyl1","operationId":"bktsfu949zpez7u"}
{"type":"log","timestamp":1701422778561,"level":"info","message":"Starting rendering request 54","meta":{"rootId":"zfeycv5onfhfel5","id":"zfeycv5onfhfel5"},"id":"rxgmgr7fp5e5939","previousOperationId":"bktsfu949zpez7u"}
{"type":"log","timestamp":1701422778561,"level":"info","message":"Rendering template { name: index_zahtev, recipe: chrome-pdf, engine: handlebars, preview: true }","meta":{"rootId":"zfeycv5onfhfel5","id":"zfeycv5onfhfel5"},"id":"df0myx7bkis9sew","previousOperationId":"bktsfu949zpez7u"}
{"type":"log","timestamp":1701422778561,"level":"debug","message":"Inline data specified.","meta":{"rootId":"zfeycv5onfhfel5","id":"zfeycv5onfhfel5"},"id":"fzgd5d1l7nzvr91","previousOperationId":"bktsfu949zpez7u"}
{"type":"log","timestamp":1701422778566,"level":"debug","message":"Base url not specified, skipping its injection.","meta":{"rootId":"zfeycv5onfhfel5","id":"zfeycv5onfhfel5"},"id":"nkic0ta5f74kcks","previousOperationId":"bktsfu949zpez7u"}
{"type":"log","timestamp":1701422778569,"level":"debug","message":"Replaced assets [\"styles.css\"]","meta":{"rootId":"zfeycv5onfhfel5","id":"zfeycv5onfhfel5"},"id":"g1klclzqn5cif67","previousOperationId":"bktsfu949zpez7u"}
{"type":"operationStart","subtype":"engine","name":"handlebars","timestamp":1701422778569,"id":"v6vjanl9p12hbo8","previousEventId":"fk9n7zhxhsfot40","operationId":"g4r36x5rjgbxsq1","previousOperationId":"bktsfu949zpez7u"}
{"type":"log","timestamp":1701422778569,"level":"debug","message":"Rendering engine handlebars","meta":{"rootId":"zfeycv5onfhfel5","id":"zfeycv5onfhfel5"},"id":"1l4uq2b91eyvlup","previousOperationId":"g4r36x5rjgbxsq1"}
{"type":"operationEnd","operationId":"g4r36x5rjgbxsq1","timestamp":1701422778587,"id":"3n3btmhw5pcehmi","previousEventId":"v6vjanl9p12hbo8","previousOperationId":"g4r36x5rjgbxsq1"}
{"type":"operationStart","subtype":"recipe","name":"chrome-pdf","timestamp":1701422778588,"id":"dfx6ab7t81gzb2f","previousEventId":"3n3btmhw5pcehmi","operationId":"8l8crw77q2lk98k","previousOperationId":"g4r36x5rjgbxsq1"}
{"type":"log","timestamp":1701422778588,"level":"debug","message":"Executing recipe chrome-pdf","meta":{"rootId":"zfeycv5onfhfel5","id":"zfeycv5onfhfel5"},"id":"g4u6cnbfamudctc","previousOperationId":"8l8crw77q2lk98k"}
{"type":"log","timestamp":1701422778590,"level":"debug","message":"Converting with chrome HeadlessChrome/117.0.5938.149 using chrome-pool strategy","meta":{"rootId":"zfeycv5onfhfel5","id":"zfeycv5onfhfel5"},"id":"skuf33ecc33fn2v","previousOperationId":"8l8crw77q2lk98k"}
{"type":"log","timestamp":1701422778635,"level":"debug","message":"Page request: GET (document) file:///var/folders/dp/qk79pfcj0y1fmtkkl08m76rc0000gn/T/jsreport/autocleanup/27fc8d3a-5241-475c-a8c6-6aa9ad98dc6b-chrome-pdf.html","meta":{"rootId":"zfeycv5onfhfel5","id":"zfeycv5onfhfel5"},"id":"rgwik9vocqvruj7","previousOperationId":"8l8crw77q2lk98k"}
{"type":"log","timestamp":1701422778639,"level":"debug","message":"Page request finished: GET (document) 200 file:///var/folders/dp/qk79pfcj0y1fmtkkl08m76rc0000gn/T/jsreport/autocleanup/27fc8d3a-5241-475c-a8c6-6aa9ad98dc6b-chrome-pdf.html","meta":{"rootId":"zfeycv5onfhfel5","id":"zfeycv5onfhfel5"},"id":"49oixkb7cms042r","previousOperationId":"8l8crw77q2lk98k"}
{"type":"log","timestamp":1701422778650,"level":"debug","message":"Running chrome with params {\"printBackground\":true,\"marginTop\":\"2cm\",\"marginBottom\":\"2cm\",\"timeout\":59955,\"margin\":{\"top\":\"2cm\",\"bottom\":\"2cm\"}}","meta":{"rootId":"zfeycv5onfhfel5","id":"zfeycv5onfhfel5"},"id":"7jyaclswlq8w84d","previousOperationId":"8l8crw77q2lk98k"}
{"type":"operationEnd","operationId":"8l8crw77q2lk98k","timestamp":1701422778675,"id":"rqna4rhs0pezqfw","previousEventId":"dfx6ab7t81gzb2f","previousOperationId":"8l8crw77q2lk98k"}
{"type":"log","timestamp":1701422778675,"level":"info","message":"pdf-utils is starting pdf processing","meta":{"rootId":"zfeycv5onfhfel5","id":"zfeycv5onfhfel5"},"id":"ktjllhwp89jv6rz","previousOperationId":"8l8crw77q2lk98k"}
{"type":"operationStart","subtype":"pdfUtils","name":"pdf utils","timestamp":1701422778675,"id":"9cjr7uid7canj1m","previousEventId":"rqna4rhs0pezqfw","operationId":"cxgss49zl0c0t2e","previousOperationId":"8l8crw77q2lk98k"}
{"type":"log","timestamp":1701422778675,"level":"debug","message":"pdf-utils detected 1 pdf operation(s) to process","meta":{"rootId":"zfeycv5onfhfel5","id":"zfeycv5onfhfel5"},"id":"nlz1b86ppwx46th","previousOperationId":"cxgss49zl0c0t2e"}
{"type":"log","timestamp":1701422778705,"level":"debug","message":"pdf-utils running pdf operation merge","meta":{"rootId":"zfeycv5onfhfel5","id":"zfeycv5onfhfel5"},"id":"piujdl4temku2se","previousOperationId":"cxgss49zl0c0t2e"}
{"type":"operationStart","subtype":"pdfUtilsMerge","name":"pdf utils merge","previousOperationId":"cxgss49zl0c0t2e","timestamp":1701422778705,"id":"1sgwbu564plpc5j","previousEventId":"9cjr7uid7canj1m","operationId":"g1el491awz917rh"}
{"type":"operationStart","subtype":"render","name":"header-footer","previousOperationId":"g1el491awz917rh","timestamp":1701422778706,"id":"f898353wva281lc","previousEventId":"1sgwbu564plpc5j","operationId":"atd005xpdzpi3k1"}
{"type":"log","timestamp":1701422778706,"level":"info","message":"Starting rendering (child) request","meta":{"rootId":"zfeycv5onfhfel5","id":"w8vf07nl7n345va"},"id":"zf8eyj4pcxeqq0n","previousOperationId":"atd005xpdzpi3k1"}
{"type":"log","timestamp":1701422778706,"level":"info","message":"Rendering template { name: header-footer, recipe: chrome-pdf, engine: handlebars, preview: true }","meta":{"rootId":"zfeycv5onfhfel5","id":"w8vf07nl7n345va"},"id":"mhs7jezasp6l3wk","previousOperationId":"atd005xpdzpi3k1"}
{"type":"log","timestamp":1701422778706,"level":"debug","message":"Inline data specified.","meta":{"rootId":"zfeycv5onfhfel5","id":"w8vf07nl7n345va"},"id":"yabyxu7uyvy79s2","previousOperationId":"atd005xpdzpi3k1"}
{"type":"log","timestamp":1701422778706,"level":"debug","message":"Base url not specified, skipping its injection.","meta":{"rootId":"zfeycv5onfhfel5","id":"w8vf07nl7n345va"},"id":"cg704j0qc7gzgbi","previousOperationId":"atd005xpdzpi3k1"}
{"type":"operationStart","subtype":"engine","name":"handlebars","timestamp":1701422778706,"id":"3bo3lwcypoc8u7e","previousEventId":"f898353wva281lc","operationId":"50ltced2h5hqvhm","previousOperationId":"atd005xpdzpi3k1"}
{"type":"log","timestamp":1701422778706,"level":"debug","message":"Rendering engine handlebars","meta":{"rootId":"zfeycv5onfhfel5","id":"w8vf07nl7n345va"},"id":"vkhh8rbfq9o4h7k","previousOperationId":"50ltced2h5hqvhm"}
{"type":"operationEnd","operationId":"50ltced2h5hqvhm","timestamp":1701422778709,"id":"fxz0hl47tbb7d8o","previousEventId":"3bo3lwcypoc8u7e","previousOperationId":"50ltced2h5hqvhm"}
{"type":"operationStart","subtype":"recipe","name":"chrome-pdf","timestamp":1701422778710,"id":"kkoalpjqdglvwgn","previousEventId":"fxz0hl47tbb7d8o","operationId":"704wfmutlni9ct4","previousOperationId":"50ltced2h5hqvhm"}
{"type":"log","timestamp":1701422778710,"level":"debug","message":"Executing recipe chrome-pdf","meta":{"rootId":"zfeycv5onfhfel5","id":"w8vf07nl7n345va"},"id":"egtf1nq9z0vgaa0","previousOperationId":"704wfmutlni9ct4"}
{"type":"log","timestamp":1701422778710,"level":"debug","message":"Converting with chrome HeadlessChrome/117.0.5938.149 using chrome-pool strategy","meta":{"rootId":"zfeycv5onfhfel5","id":"w8vf07nl7n345va"},"id":"nzrn7kg7qf43xd4","previousOperationId":"704wfmutlni9ct4"}
{"type":"log","timestamp":1701422778748,"level":"debug","message":"Page request: GET (document) file:///var/folders/dp/qk79pfcj0y1fmtkkl08m76rc0000gn/T/jsreport/autocleanup/0d366ee0-2e97-4009-b0dd-b7325aba9b31-chrome-pdf.html","meta":{"rootId":"zfeycv5onfhfel5","id":"w8vf07nl7n345va"},"id":"bsr102y8qxopyix","previousOperationId":"704wfmutlni9ct4"}
{"type":"log","timestamp":1701422778752,"level":"debug","message":"Page request finished: GET (document) 200 file:///var/folders/dp/qk79pfcj0y1fmtkkl08m76rc0000gn/T/jsreport/autocleanup/0d366ee0-2e97-4009-b0dd-b7325aba9b31-chrome-pdf.html","meta":{"rootId":"zfeycv5onfhfel5","id":"w8vf07nl7n345va"},"id":"c7kh9z2jgbssz9b","previousOperationId":"704wfmutlni9ct4"}
{"type":"log","timestamp":1701422778760,"level":"debug","message":"Running chrome with params {\"timeout\":59834,\"margin\":{},\"printBackground\":true}","meta":{"rootId":"zfeycv5onfhfel5","id":"w8vf07nl7n345va"},"id":"uzxt67i7ei0o6lk","previousOperationId":"704wfmutlni9ct4"}
{"type":"operationEnd","operationId":"704wfmutlni9ct4","timestamp":1701422778766,"id":"z34glm0k8ordh43","previousEventId":"kkoalpjqdglvwgn","previousOperationId":"704wfmutlni9ct4"}
{"type":"log","timestamp":1701422778766,"level":"debug","message":"Skipping storing report.","meta":{"rootId":"zfeycv5onfhfel5","id":"w8vf07nl7n345va"},"id":"kwd3y80otyl2b2j","previousOperationId":"704wfmutlni9ct4"}
{"type":"log","timestamp":1701422778766,"level":"info","message":"Rendering (child) request finished in 222 ms","meta":{"rootId":"zfeycv5onfhfel5","id":"w8vf07nl7n345va"},"id":"m20gzjp06hndbcf","previousOperationId":"704wfmutlni9ct4"}
{"type":"operationEnd","subtype":"render","operationId":"atd005xpdzpi3k1","timestamp":1701422778766,"id":"xip43qsknvun8ep","previousEventId":"z34glm0k8ordh43","previousOperationId":"704wfmutlni9ct4"}
{"type":"operationEnd","operationId":"g1el491awz917rh","timestamp":1701422778771,"id":"z777hsf5ulrhuec","previousEventId":"1sgwbu564plpc5j","previousOperationId":"g1el491awz917rh"}
{"type":"log","timestamp":1701422778771,"level":"debug","message":"pdf-utils postproces start","meta":{"rootId":"zfeycv5onfhfel5","id":"zfeycv5onfhfel5"},"id":"w697p3fj5zdxbc2","previousOperationId":"g1el491awz917rh"}
{"type":"log","timestamp":1701422778780,"level":"debug","message":"pdf-utils postproces end","meta":{"rootId":"zfeycv5onfhfel5","id":"zfeycv5onfhfel5"},"id":"qjif4n7e53qnmai","previousOperationId":"g1el491awz917rh"}
{"type":"operationEnd","operationId":"cxgss49zl0c0t2e","timestamp":1701422778780,"id":"w2a6x5kriymvi2l","previousEventId":"z777hsf5ulrhuec","previousOperationId":"g1el491awz917rh"}
{"type":"log","timestamp":1701422778780,"level":"info","message":"pdf-utils pdf processing was finished","meta":{"rootId":"zfeycv5onfhfel5","id":"zfeycv5onfhfel5"},"id":"byhd3vjj8fomoqh","previousOperationId":"cxgss49zl0c0t2e"}
{"type":"log","timestamp":1701422778780,"level":"debug","message":"Skipping storing report.","meta":{"rootId":"zfeycv5onfhfel5","id":"zfeycv5onfhfel5"},"id":"amexuwbw0lfbf3r","previousOperationId":"cxgss49zl0c0t2e"}
{"type":"log","timestamp":1701422778780,"level":"info","message":"Rendering request 54 finished in 236 ms","meta":{"rootId":"zfeycv5onfhfel5","id":"zfeycv5onfhfel5"},"id":"vy8bvfvtlchlya6","previousOperationId":"cxgss49zl0c0t2e"}
{"type":"operationEnd","subtype":"render","operationId":"bktsfu949zpez7u","timestamp":1701422778780,"id":"akkbynrsx41jml4","previousEventId":"w2a6x5kriymvi2l","previousOperationId":"cxgss49zl0c0t2e"}
{"type":"operationEnd","doDiffs":false,"previousEventId":"jrtw59i686nuyl1","previousOperationId":"wfbqvgmq54jpw35","operationId":"wfbqvgmq54jpw35","timestamp":1701422778782,"id":"7mqmve78lbohpot"}
