{"type":"operationStart","subtype":"profile","data":{"_id":"P6Vuw4QlyCS2URwe","timestamp":"2023-11-27T14:20:59.310Z","state":"queued","mode":"standard","creationDate":"2023-11-27T14:20:59.311Z","modificationDate":"2023-11-27T14:20:59.311Z","shortid":"fR_UxIH","$entitySet":"profiles"},"doDiffs":false,"timestamp":1701094859311,"id":"n71r19a21iiyfij","previousOperationId":null,"operationId":"p4i9xowjy8h3haq"}
{"type":"log","level":"info","message":"Render request 153 queued for execution and waiting for available worker","previousOperationId":"p4i9xowjy8h3haq","timestamp":1701094859311,"id":"dhsxunpi4sjpili"}
{"type":"operationStart","subtype":"render","name":"anonymous","previousOperationId":"p4i9xowjy8h3haq","timestamp":1701094859315,"id":"b0y86o2afjobenj","previousEventId":"n71r19a21iiyfij","operationId":"mwlk1c7d43xzt2s"}
{"type":"log","timestamp":1701094859316,"level":"info","message":"Starting rendering request 153","meta":{"rootId":"0liz8dpcrdkzrkq","id":"0liz8dpcrdkzrkq"},"id":"8ksbpa6ry4p2z9c","previousOperationId":"mwlk1c7d43xzt2s"}
{"type":"log","timestamp":1701094859316,"level":"info","message":"Rendering template { name: undefined, recipe: chrome-pdf, engine: handlebars, preview: false }","meta":{"rootId":"0liz8dpcrdkzrkq","id":"0liz8dpcrdkzrkq"},"id":"mlnj3vti6nvzrsj","previousOperationId":"mwlk1c7d43xzt2s"}
{"type":"log","timestamp":1701094859316,"level":"debug","message":"Inline data specified.","meta":{"rootId":"0liz8dpcrdkzrkq","id":"0liz8dpcrdkzrkq"},"id":"u0hx29rys9zw8zk","previousOperationId":"mwlk1c7d43xzt2s"}
{"type":"log","timestamp":1701094859317,"level":"debug","message":"Base url not specified, skipping its injection.","meta":{"rootId":"0liz8dpcrdkzrkq","id":"0liz8dpcrdkzrkq"},"id":"h7df31bckbn2eli","previousOperationId":"mwlk1c7d43xzt2s"}
{"type":"operationStart","subtype":"engine","name":"handlebars","timestamp":1701094859317,"id":"769ebf3eiirmyky","previousEventId":"b0y86o2afjobenj","operationId":"55qwibqz2d3kusf","previousOperationId":"mwlk1c7d43xzt2s"}
{"type":"log","timestamp":1701094859317,"level":"debug","message":"Rendering engine handlebars","meta":{"rootId":"0liz8dpcrdkzrkq","id":"0liz8dpcrdkzrkq"},"id":"t7tkx48lio58r54","previousOperationId":"55qwibqz2d3kusf"}
{"type":"operationEnd","operationId":"55qwibqz2d3kusf","timestamp":1701094859326,"id":"0tnseg5dz46gww6","previousEventId":"769ebf3eiirmyky","previousOperationId":"55qwibqz2d3kusf"}
{"type":"operationStart","subtype":"recipe","name":"chrome-pdf","timestamp":1701094859326,"id":"hdl1jofi7y0lapl","previousEventId":"0tnseg5dz46gww6","operationId":"v7xbaevi5trve3u","previousOperationId":"55qwibqz2d3kusf"}
{"type":"log","timestamp":1701094859326,"level":"debug","message":"Executing recipe chrome-pdf","meta":{"rootId":"0liz8dpcrdkzrkq","id":"0liz8dpcrdkzrkq"},"id":"n7hua26oaor6t80","previousOperationId":"v7xbaevi5trve3u"}
{"type":"log","timestamp":1701094859328,"level":"debug","message":"Converting with chrome HeadlessChrome/117.0.5938.149 using chrome-pool strategy","meta":{"rootId":"0liz8dpcrdkzrkq","id":"0liz8dpcrdkzrkq"},"id":"ehpaleiim7qwakz","previousOperationId":"v7xbaevi5trve3u"}
{"type":"log","timestamp":1701094859377,"level":"debug","message":"Page request: GET (document) file:///var/folders/dp/qk79pfcj0y1fmtkkl08m76rc0000gn/T/jsreport/autocleanup/a1368a4d-5db8-4b38-859b-9b788b479271-chrome-pdf.html","meta":{"rootId":"0liz8dpcrdkzrkq","id":"0liz8dpcrdkzrkq"},"id":"ofzqdocd4dbozk4","previousOperationId":"v7xbaevi5trve3u"}
{"type":"log","timestamp":1701094859382,"level":"debug","message":"Page request finished: GET (document) 200 file:///var/folders/dp/qk79pfcj0y1fmtkkl08m76rc0000gn/T/jsreport/autocleanup/a1368a4d-5db8-4b38-859b-9b788b479271-chrome-pdf.html","meta":{"rootId":"0liz8dpcrdkzrkq","id":"0liz8dpcrdkzrkq"},"id":"7w0d75km8f9g537","previousOperationId":"v7xbaevi5trve3u"}
{"type":"log","timestamp":1701094859386,"level":"debug","message":"Running chrome with params {\"timeout\":59983,\"margin\":{},\"printBackground\":true}","meta":{"rootId":"0liz8dpcrdkzrkq","id":"0liz8dpcrdkzrkq"},"id":"boe9qk0ljy8kl79","previousOperationId":"v7xbaevi5trve3u"}
{"type":"operationEnd","operationId":"v7xbaevi5trve3u","timestamp":1701094859395,"id":"v13b1ocyuk3q246","previousEventId":"hdl1jofi7y0lapl","previousOperationId":"v7xbaevi5trve3u"}
{"type":"log","timestamp":1701094859395,"level":"debug","message":"Skipping storing report.","meta":{"rootId":"0liz8dpcrdkzrkq","id":"0liz8dpcrdkzrkq"},"id":"p7ybsrq7gw6z2ch","previousOperationId":"v7xbaevi5trve3u"}
{"type":"log","timestamp":1701094859395,"level":"info","message":"Rendering request 153 finished in 85 ms","meta":{"rootId":"0liz8dpcrdkzrkq","id":"0liz8dpcrdkzrkq"},"id":"cm8jclwfwbefbkb","previousOperationId":"v7xbaevi5trve3u"}
{"type":"operationEnd","subtype":"render","operationId":"mwlk1c7d43xzt2s","timestamp":1701094859395,"id":"w21x6yj7be8hpwd","previousEventId":"v13b1ocyuk3q246","previousOperationId":"v7xbaevi5trve3u"}
{"type":"operationEnd","doDiffs":false,"previousEventId":"n71r19a21iiyfij","previousOperationId":"p4i9xowjy8h3haq","operationId":"p4i9xowjy8h3haq","timestamp":1701094859396,"id":"bcl83d8z9a41p6y"}
