{"type":"operationStart","subtype":"profile","data":{"_id":"uq6EzpQ6R3rwHEN2","timestamp":"2023-11-21T17:36:30.632Z","state":"queued","mode":"standard","creationDate":"2023-11-21T17:36:30.634Z","modificationDate":"2023-11-21T17:36:30.634Z","shortid":"VUaqXOM","$entitySet":"profiles"},"doDiffs":false,"timestamp":1700588190633,"id":"pmtwjchgfg8mh10","previousOperationId":null,"operationId":"a1iwk4j6dgnhmll"}
{"type":"log","level":"info","message":"Render request 1 queued for execution and waiting for available worker","previousOperationId":"a1iwk4j6dgnhmll","timestamp":1700588190633,"id":"saoubhbq48j0t3x"}
{"type":"operationStart","subtype":"render","name":"anonymous","previousOperationId":"a1iwk4j6dgnhmll","timestamp":1700588190651,"id":"5o5j1ub8af1dgtr","previousEventId":"pmtwjchgfg8mh10","operationId":"3nhgvor2cps1jdl"}
{"type":"log","timestamp":1700588190651,"level":"info","message":"Starting rendering request 1","meta":{"rootId":"0ow1xhkl5dzwrar","id":"0ow1xhkl5dzwrar"},"id":"waax7cz11052y72","previousOperationId":"3nhgvor2cps1jdl"}
{"type":"log","timestamp":1700588190652,"level":"info","message":"Rendering anonymous template { recipe: chrome-pdf, engine: none }","meta":{"rootId":"0ow1xhkl5dzwrar","id":"0ow1xhkl5dzwrar"},"id":"10diqar9u638x94","previousOperationId":"3nhgvor2cps1jdl"}
{"type":"log","timestamp":1700588190652,"level":"debug","message":"Data item not defined for this template.","meta":{"rootId":"0ow1xhkl5dzwrar","id":"0ow1xhkl5dzwrar"},"id":"keidblyp4jt5obe","previousOperationId":"3nhgvor2cps1jdl"}
{"type":"log","timestamp":1700588190654,"level":"debug","message":"Base url not specified, skipping its injection.","meta":{"rootId":"0ow1xhkl5dzwrar","id":"0ow1xhkl5dzwrar"},"id":"hvnwgu5nesvhmfy","previousOperationId":"3nhgvor2cps1jdl"}
{"type":"operationStart","subtype":"engine","name":"none","timestamp":1700588190654,"id":"aijqaoav0pv6r1k","previousEventId":"5o5j1ub8af1dgtr","operationId":"ctyuyfwzwdxzmkw","previousOperationId":"3nhgvor2cps1jdl"}
{"type":"log","timestamp":1700588190654,"level":"debug","message":"Rendering engine none","meta":{"rootId":"0ow1xhkl5dzwrar","id":"0ow1xhkl5dzwrar"},"id":"3jyn768dwp3mv7q","previousOperationId":"ctyuyfwzwdxzmkw"}
{"type":"operationEnd","operationId":"ctyuyfwzwdxzmkw","timestamp":1700588190862,"id":"4jgpatm6erj4c3i","previousEventId":"aijqaoav0pv6r1k","previousOperationId":"ctyuyfwzwdxzmkw"}
{"type":"operationStart","subtype":"recipe","name":"chrome-pdf","timestamp":1700588190862,"id":"zjqazfxg8pygdsn","previousEventId":"4jgpatm6erj4c3i","operationId":"5ede03blzy6yn8s","previousOperationId":"ctyuyfwzwdxzmkw"}
{"type":"log","timestamp":1700588190862,"level":"debug","message":"Executing recipe chrome-pdf","meta":{"rootId":"0ow1xhkl5dzwrar","id":"0ow1xhkl5dzwrar"},"id":"4d55rmhho8jdia5","previousOperationId":"5ede03blzy6yn8s"}
{"type":"log","timestamp":1700588191250,"level":"debug","message":"Converting with chrome HeadlessChrome/117.0.5938.149 using chrome-pool strategy","meta":{"rootId":"0ow1xhkl5dzwrar","id":"0ow1xhkl5dzwrar"},"id":"tlzs40fkj9cl1u9","previousOperationId":"5ede03blzy6yn8s"}
{"type":"log","timestamp":1700588191360,"level":"debug","message":"Page request: GET (document) file:///var/folders/dp/qk79pfcj0y1fmtkkl08m76rc0000gn/T/jsreport/autocleanup/c8f7e68c-7dc4-4c98-83b5-94ae3292a515-chrome-pdf.html","meta":{"rootId":"0ow1xhkl5dzwrar","id":"0ow1xhkl5dzwrar"},"id":"v907xtc0opd19ly","previousOperationId":"5ede03blzy6yn8s"}
{"type":"log","timestamp":1700588191375,"level":"debug","message":"Page request finished: GET (document) 200 file:///var/folders/dp/qk79pfcj0y1fmtkkl08m76rc0000gn/T/jsreport/autocleanup/c8f7e68c-7dc4-4c98-83b5-94ae3292a515-chrome-pdf.html","meta":{"rootId":"0ow1xhkl5dzwrar","id":"0ow1xhkl5dzwrar"},"id":"epjkif38e2sd9li","previousOperationId":"5ede03blzy6yn8s"}
{"type":"log","timestamp":1700588191386,"level":"debug","message":"Running chrome with params {\"timeout\":59765,\"margin\":{},\"printBackground\":true}","meta":{"rootId":"0ow1xhkl5dzwrar","id":"0ow1xhkl5dzwrar"},"id":"xia56ws4ssegghs","previousOperationId":"5ede03blzy6yn8s"}
{"type":"operationEnd","operationId":"5ede03blzy6yn8s","timestamp":1700588191426,"id":"gys2zxl07kfqazt","previousEventId":"zjqazfxg8pygdsn","previousOperationId":"5ede03blzy6yn8s"}
{"type":"log","timestamp":1700588191426,"level":"debug","message":"Skipping storing report.","meta":{"rootId":"0ow1xhkl5dzwrar","id":"0ow1xhkl5dzwrar"},"id":"1rk3bq7we4ezgt1","previousOperationId":"5ede03blzy6yn8s"}
{"type":"log","timestamp":1700588191426,"level":"info","message":"Rendering request 1 finished in 795 ms","meta":{"rootId":"0ow1xhkl5dzwrar","id":"0ow1xhkl5dzwrar"},"id":"2asasdmd4mtmcz7","previousOperationId":"5ede03blzy6yn8s"}
{"type":"operationEnd","subtype":"render","operationId":"3nhgvor2cps1jdl","timestamp":1700588191427,"id":"hph84e1nilv7r8a","previousEventId":"gys2zxl07kfqazt","previousOperationId":"5ede03blzy6yn8s"}
{"type":"operationEnd","doDiffs":false,"previousEventId":"pmtwjchgfg8mh10","previousOperationId":"a1iwk4j6dgnhmll","operationId":"a1iwk4j6dgnhmll","timestamp":1700588191427,"id":"byir9twnnyl6bsd"}
