{"type":"operationStart","subtype":"profile","data":{"_id":"Q2zmq3JYF3dAvk06","timestamp":"2023-11-21T18:35:34.595Z","state":"queued","mode":"standard","creationDate":"2023-11-21T18:35:34.596Z","modificationDate":"2023-11-21T18:35:34.596Z","shortid":"bAXdlvC","$entitySet":"profiles"},"doDiffs":false,"timestamp":1700591734596,"id":"01tnqm0f3rg7nnd","previousOperationId":null,"operationId":"1nimvzqnr25a2r9"}
{"type":"log","level":"info","message":"Render request 26 queued for execution and waiting for available worker","previousOperationId":"1nimvzqnr25a2r9","timestamp":1700591734596,"id":"mg4p4z2u6k5hiut"}
{"type":"operationStart","subtype":"render","name":"anonymous","previousOperationId":"1nimvzqnr25a2r9","timestamp":1700591734598,"id":"yfv29rjhj16883h","previousEventId":"01tnqm0f3rg7nnd","operationId":"f6u95t0d8kwiswr"}
{"type":"log","timestamp":1700591734598,"level":"info","message":"Starting rendering request 26","meta":{"rootId":"2a158jvd2sh0jjt","id":"2a158jvd2sh0jjt"},"id":"ztbm0ccp04ycj0i","previousOperationId":"f6u95t0d8kwiswr"}
{"type":"log","timestamp":1700591734598,"level":"info","message":"Rendering anonymous template { recipe: chrome-pdf, engine: none }","meta":{"rootId":"2a158jvd2sh0jjt","id":"2a158jvd2sh0jjt"},"id":"wippc3c9qflig54","previousOperationId":"f6u95t0d8kwiswr"}
{"type":"log","timestamp":1700591734598,"level":"debug","message":"Data item not defined for this template.","meta":{"rootId":"2a158jvd2sh0jjt","id":"2a158jvd2sh0jjt"},"id":"762thq254bkmidw","previousOperationId":"f6u95t0d8kwiswr"}
{"type":"log","timestamp":1700591734599,"level":"debug","message":"Base url not specified, skipping its injection.","meta":{"rootId":"2a158jvd2sh0jjt","id":"2a158jvd2sh0jjt"},"id":"tfz2wxfdkhmwfpj","previousOperationId":"f6u95t0d8kwiswr"}
{"type":"operationStart","subtype":"engine","name":"none","timestamp":1700591734599,"id":"2kmfdkc92frktzr","previousEventId":"yfv29rjhj16883h","operationId":"8dw4m3aloxf4t64","previousOperationId":"f6u95t0d8kwiswr"}
{"type":"log","timestamp":1700591734599,"level":"debug","message":"Rendering engine none","meta":{"rootId":"2a158jvd2sh0jjt","id":"2a158jvd2sh0jjt"},"id":"59xo9s5rqhw2zs2","previousOperationId":"8dw4m3aloxf4t64"}
{"type":"operationEnd","operationId":"8dw4m3aloxf4t64","timestamp":1700591734602,"id":"wjcuhnykf5icec2","previousEventId":"2kmfdkc92frktzr","previousOperationId":"8dw4m3aloxf4t64"}
{"type":"operationStart","subtype":"recipe","name":"chrome-pdf","timestamp":1700591734602,"id":"3hg18gfcw66502v","previousEventId":"wjcuhnykf5icec2","operationId":"y24ixsqmu8s15k0","previousOperationId":"8dw4m3aloxf4t64"}
{"type":"log","timestamp":1700591734602,"level":"debug","message":"Executing recipe chrome-pdf","meta":{"rootId":"2a158jvd2sh0jjt","id":"2a158jvd2sh0jjt"},"id":"58bdbh0h8l6rj2d","previousOperationId":"y24ixsqmu8s15k0"}
{"type":"log","timestamp":1700591734603,"level":"debug","message":"Converting with chrome HeadlessChrome/117.0.5938.149 using chrome-pool strategy","meta":{"rootId":"2a158jvd2sh0jjt","id":"2a158jvd2sh0jjt"},"id":"izcp82anow1x0wl","previousOperationId":"y24ixsqmu8s15k0"}
{"type":"log","timestamp":1700591734643,"level":"debug","message":"Page request: GET (document) file:///var/folders/dp/qk79pfcj0y1fmtkkl08m76rc0000gn/T/jsreport/autocleanup/3785a579-273b-490e-9fd0-14a1c22a50e1-chrome-pdf.html","meta":{"rootId":"2a158jvd2sh0jjt","id":"2a158jvd2sh0jjt"},"id":"bk5tpoa892arhqd","previousOperationId":"y24ixsqmu8s15k0"}
{"type":"log","timestamp":1700591734648,"level":"debug","message":"Page request finished: GET (document) 200 file:///var/folders/dp/qk79pfcj0y1fmtkkl08m76rc0000gn/T/jsreport/autocleanup/3785a579-273b-490e-9fd0-14a1c22a50e1-chrome-pdf.html","meta":{"rootId":"2a158jvd2sh0jjt","id":"2a158jvd2sh0jjt"},"id":"bvigykpv0fpihou","previousOperationId":"y24ixsqmu8s15k0"}
{"type":"log","timestamp":1700591734658,"level":"debug","message":"Running chrome with params {\"timeout\":59993,\"margin\":{},\"printBackground\":true}","meta":{"rootId":"2a158jvd2sh0jjt","id":"2a158jvd2sh0jjt"},"id":"xwtg1887cibw07r","previousOperationId":"y24ixsqmu8s15k0"}
{"type":"operationEnd","operationId":"y24ixsqmu8s15k0","timestamp":1700591734664,"id":"j7uk45k5e0x9qa5","previousEventId":"3hg18gfcw66502v","previousOperationId":"y24ixsqmu8s15k0"}
{"type":"log","timestamp":1700591734664,"level":"debug","message":"Skipping storing report.","meta":{"rootId":"2a158jvd2sh0jjt","id":"2a158jvd2sh0jjt"},"id":"cmtw3zigfefc6ye","previousOperationId":"y24ixsqmu8s15k0"}
{"type":"log","timestamp":1700591734664,"level":"info","message":"Rendering request 26 finished in 69 ms","meta":{"rootId":"2a158jvd2sh0jjt","id":"2a158jvd2sh0jjt"},"id":"ht2f9a98ln1dmdi","previousOperationId":"y24ixsqmu8s15k0"}
{"type":"operationEnd","subtype":"render","operationId":"f6u95t0d8kwiswr","timestamp":1700591734664,"id":"ieemtsj12k1cx0h","previousEventId":"j7uk45k5e0x9qa5","previousOperationId":"y24ixsqmu8s15k0"}
{"type":"operationEnd","doDiffs":false,"previousEventId":"01tnqm0f3rg7nnd","previousOperationId":"1nimvzqnr25a2r9","operationId":"1nimvzqnr25a2r9","timestamp":1700591734665,"id":"44kp6e175s3yfot"}
