{"type":"operationStart","subtype":"profile","data":{"_id":"5R9GegxPBXGPSes9","timestamp":"2023-11-21T21:28:06.548Z","state":"queued","mode":"standard","creationDate":"2023-11-21T21:28:06.550Z","modificationDate":"2023-11-21T21:28:06.550Z","shortid":"r96FF8D","$entitySet":"profiles"},"doDiffs":false,"timestamp":1700602086549,"id":"6blp25c4wpe66vg","previousOperationId":null,"operationId":"83x6jv0xuv3es1g"}
{"type":"log","level":"info","message":"Render request 109 queued for execution and waiting for available worker","previousOperationId":"83x6jv0xuv3es1g","timestamp":1700602086549,"id":"9tnxzsqh6sn57zw"}
{"type":"operationStart","subtype":"render","name":"anonymous","previousOperationId":"83x6jv0xuv3es1g","timestamp":1700602086569,"id":"z2y3tngxluarzqs","previousEventId":"6blp25c4wpe66vg","operationId":"2ttjg2ki52nq0nn"}
{"type":"log","timestamp":1700602086569,"level":"info","message":"Starting rendering request 109","meta":{"rootId":"8kiueeovm6gh6tp","id":"8kiueeovm6gh6tp"},"id":"yy5xqjdh3syhkmp","previousOperationId":"2ttjg2ki52nq0nn"}
{"type":"log","timestamp":1700602086569,"level":"info","message":"Rendering template { name: undefined, recipe: chrome-pdf, engine: handlebars, preview: false }","meta":{"rootId":"8kiueeovm6gh6tp","id":"8kiueeovm6gh6tp"},"id":"o68z78y03w05ust","previousOperationId":"2ttjg2ki52nq0nn"}
{"type":"log","timestamp":1700602086569,"level":"debug","message":"Inline data specified.","meta":{"rootId":"8kiueeovm6gh6tp","id":"8kiueeovm6gh6tp"},"id":"vs3c23bjevy6lto","previousOperationId":"2ttjg2ki52nq0nn"}
{"type":"log","timestamp":1700602086570,"level":"debug","message":"Base url not specified, skipping its injection.","meta":{"rootId":"8kiueeovm6gh6tp","id":"8kiueeovm6gh6tp"},"id":"urqw2nt4rsunh5n","previousOperationId":"2ttjg2ki52nq0nn"}
{"type":"operationStart","subtype":"engine","name":"handlebars","timestamp":1700602086570,"id":"irdmyr888o3gpuc","previousEventId":"z2y3tngxluarzqs","operationId":"d43geik28f2bk6o","previousOperationId":"2ttjg2ki52nq0nn"}
{"type":"log","timestamp":1700602086570,"level":"debug","message":"Rendering engine handlebars","meta":{"rootId":"8kiueeovm6gh6tp","id":"8kiueeovm6gh6tp"},"id":"rah5zq309y826ky","previousOperationId":"d43geik28f2bk6o"}
{"type":"operationEnd","operationId":"d43geik28f2bk6o","timestamp":1700602086577,"id":"gnhj5mfgwb1djoa","previousEventId":"irdmyr888o3gpuc","previousOperationId":"d43geik28f2bk6o"}
{"type":"operationStart","subtype":"recipe","name":"chrome-pdf","timestamp":1700602086577,"id":"pj9gfuyl9ogb023","previousEventId":"gnhj5mfgwb1djoa","operationId":"gr691yek7b5q6nd","previousOperationId":"d43geik28f2bk6o"}
{"type":"log","timestamp":1700602086577,"level":"debug","message":"Executing recipe chrome-pdf","meta":{"rootId":"8kiueeovm6gh6tp","id":"8kiueeovm6gh6tp"},"id":"a771tg2qkaacgif","previousOperationId":"gr691yek7b5q6nd"}
{"type":"log","timestamp":1700602086579,"level":"debug","message":"Converting with chrome HeadlessChrome/117.0.5938.149 using chrome-pool strategy","meta":{"rootId":"8kiueeovm6gh6tp","id":"8kiueeovm6gh6tp"},"id":"megtwvw6n4g4r71","previousOperationId":"gr691yek7b5q6nd"}
{"type":"log","timestamp":1700602086643,"level":"debug","message":"Page request: GET (document) file:///var/folders/dp/qk79pfcj0y1fmtkkl08m76rc0000gn/T/jsreport/autocleanup/954b1d2f-7cee-42a2-babc-a99a166645b5-chrome-pdf.html","meta":{"rootId":"8kiueeovm6gh6tp","id":"8kiueeovm6gh6tp"},"id":"aah5gspmlj5matk","previousOperationId":"gr691yek7b5q6nd"}
{"type":"log","timestamp":1700602086647,"level":"debug","message":"Page request finished: GET (document) 200 file:///var/folders/dp/qk79pfcj0y1fmtkkl08m76rc0000gn/T/jsreport/autocleanup/954b1d2f-7cee-42a2-babc-a99a166645b5-chrome-pdf.html","meta":{"rootId":"8kiueeovm6gh6tp","id":"8kiueeovm6gh6tp"},"id":"aqv0dhh3tskn96u","previousOperationId":"gr691yek7b5q6nd"}
{"type":"log","timestamp":1700602086655,"level":"debug","message":"Running chrome with params {\"timeout\":59969,\"margin\":{},\"printBackground\":true}","meta":{"rootId":"8kiueeovm6gh6tp","id":"8kiueeovm6gh6tp"},"id":"3omlksmxt3700dr","previousOperationId":"gr691yek7b5q6nd"}
{"type":"operationEnd","operationId":"gr691yek7b5q6nd","timestamp":1700602086660,"id":"wir5iua5tvtre7d","previousEventId":"pj9gfuyl9ogb023","previousOperationId":"gr691yek7b5q6nd"}
{"type":"log","timestamp":1700602086660,"level":"debug","message":"Skipping storing report.","meta":{"rootId":"8kiueeovm6gh6tp","id":"8kiueeovm6gh6tp"},"id":"b1koeq7mg5v9j8o","previousOperationId":"gr691yek7b5q6nd"}
{"type":"log","timestamp":1700602086660,"level":"info","message":"Rendering request 109 finished in 113 ms","meta":{"rootId":"8kiueeovm6gh6tp","id":"8kiueeovm6gh6tp"},"id":"6h0hgmtebj7vcwp","previousOperationId":"gr691yek7b5q6nd"}
{"type":"operationEnd","subtype":"render","operationId":"2ttjg2ki52nq0nn","timestamp":1700602086660,"id":"ltrg0ru72xesw2d","previousEventId":"wir5iua5tvtre7d","previousOperationId":"gr691yek7b5q6nd"}
{"type":"operationEnd","doDiffs":false,"previousEventId":"6blp25c4wpe66vg","previousOperationId":"83x6jv0xuv3es1g","operationId":"83x6jv0xuv3es1g","timestamp":1700602086661,"id":"rz9tm9uj1hk4e20"}
