{"type":"operationStart","subtype":"profile","data":{"_id":"IvUktNlhxpuPwLga","timestamp":"2023-11-21T18:51:11.784Z","state":"queued","mode":"standard","creationDate":"2023-11-21T18:51:11.784Z","modificationDate":"2023-11-21T18:51:11.784Z","shortid":"w-AgQF6","$entitySet":"profiles"},"doDiffs":false,"timestamp":1700592671784,"id":"vunlf63rcg6fvbc","previousOperationId":null,"operationId":"pwfjrlsdv0t9yfv"}
{"type":"log","level":"info","message":"Render request 33 queued for execution and waiting for available worker","previousOperationId":"pwfjrlsdv0t9yfv","timestamp":1700592671784,"id":"8b29tfo2gja5tv5"}
{"type":"operationStart","subtype":"render","name":"anonymous","previousOperationId":"pwfjrlsdv0t9yfv","timestamp":1700592671788,"id":"7xffne64esnkm09","previousEventId":"vunlf63rcg6fvbc","operationId":"47zlw4glit0amz0"}
{"type":"log","timestamp":1700592671788,"level":"info","message":"Starting rendering request 33","meta":{"rootId":"9qgrx9592dzy7bs","id":"9qgrx9592dzy7bs"},"id":"1gjk2juqtjmiyci","previousOperationId":"47zlw4glit0amz0"}
{"type":"log","timestamp":1700592671788,"level":"info","message":"Rendering anonymous template { recipe: chrome-pdf, engine: none }","meta":{"rootId":"9qgrx9592dzy7bs","id":"9qgrx9592dzy7bs"},"id":"5xk3j82vz004il6","previousOperationId":"47zlw4glit0amz0"}
{"type":"log","timestamp":1700592671788,"level":"debug","message":"Data item not defined for this template.","meta":{"rootId":"9qgrx9592dzy7bs","id":"9qgrx9592dzy7bs"},"id":"dmrjjscfr5fslpz","previousOperationId":"47zlw4glit0amz0"}
{"type":"log","timestamp":1700592671788,"level":"debug","message":"Base url not specified, skipping its injection.","meta":{"rootId":"9qgrx9592dzy7bs","id":"9qgrx9592dzy7bs"},"id":"wtofgd2fhu5wf70","previousOperationId":"47zlw4glit0amz0"}
{"type":"operationStart","subtype":"engine","name":"none","timestamp":1700592671788,"id":"a58nn6fx901qc10","previousEventId":"7xffne64esnkm09","operationId":"n0xw6gcu8jy21lp","previousOperationId":"47zlw4glit0amz0"}
{"type":"log","timestamp":1700592671788,"level":"debug","message":"Rendering engine none","meta":{"rootId":"9qgrx9592dzy7bs","id":"9qgrx9592dzy7bs"},"id":"ukn6opbbogiyz9k","previousOperationId":"n0xw6gcu8jy21lp"}
{"type":"operationEnd","operationId":"n0xw6gcu8jy21lp","timestamp":1700592671792,"id":"y30kci6ab233zjy","previousEventId":"a58nn6fx901qc10","previousOperationId":"n0xw6gcu8jy21lp"}
{"type":"operationStart","subtype":"recipe","name":"chrome-pdf","timestamp":1700592671792,"id":"0isi2wjne9noarw","previousEventId":"y30kci6ab233zjy","operationId":"c2shwovdh1mxce7","previousOperationId":"n0xw6gcu8jy21lp"}
{"type":"log","timestamp":1700592671792,"level":"debug","message":"Executing recipe chrome-pdf","meta":{"rootId":"9qgrx9592dzy7bs","id":"9qgrx9592dzy7bs"},"id":"ia1yymu2rwk8jt8","previousOperationId":"c2shwovdh1mxce7"}
{"type":"log","timestamp":1700592671793,"level":"debug","message":"Converting with chrome HeadlessChrome/117.0.5938.149 using chrome-pool strategy","meta":{"rootId":"9qgrx9592dzy7bs","id":"9qgrx9592dzy7bs"},"id":"snbw26i77gwgoe3","previousOperationId":"c2shwovdh1mxce7"}
{"type":"log","timestamp":1700592671843,"level":"debug","message":"Page request: GET (document) file:///var/folders/dp/qk79pfcj0y1fmtkkl08m76rc0000gn/T/jsreport/autocleanup/988ea562-8417-47b3-8bff-b996f86a63d6-chrome-pdf.html","meta":{"rootId":"9qgrx9592dzy7bs","id":"9qgrx9592dzy7bs"},"id":"260ppzm85726025","previousOperationId":"c2shwovdh1mxce7"}
{"type":"log","timestamp":1700592671847,"level":"debug","message":"Page request finished: GET (document) 200 file:///var/folders/dp/qk79pfcj0y1fmtkkl08m76rc0000gn/T/jsreport/autocleanup/988ea562-8417-47b3-8bff-b996f86a63d6-chrome-pdf.html","meta":{"rootId":"9qgrx9592dzy7bs","id":"9qgrx9592dzy7bs"},"id":"787luyfp1xfijcc","previousOperationId":"c2shwovdh1mxce7"}
{"type":"log","timestamp":1700592671857,"level":"debug","message":"Running chrome with params {\"timeout\":59992,\"margin\":{},\"printBackground\":true}","meta":{"rootId":"9qgrx9592dzy7bs","id":"9qgrx9592dzy7bs"},"id":"vor8qj46yhvsbzf","previousOperationId":"c2shwovdh1mxce7"}
{"type":"operationEnd","operationId":"c2shwovdh1mxce7","timestamp":1700592671862,"id":"xdsga75z56coze7","previousEventId":"0isi2wjne9noarw","previousOperationId":"c2shwovdh1mxce7"}
{"type":"log","timestamp":1700592671862,"level":"debug","message":"Skipping storing report.","meta":{"rootId":"9qgrx9592dzy7bs","id":"9qgrx9592dzy7bs"},"id":"opj1qfo658hf02c","previousOperationId":"c2shwovdh1mxce7"}
{"type":"log","timestamp":1700592671863,"level":"info","message":"Rendering request 33 finished in 79 ms","meta":{"rootId":"9qgrx9592dzy7bs","id":"9qgrx9592dzy7bs"},"id":"tvfpz0byq3t210f","previousOperationId":"c2shwovdh1mxce7"}
{"type":"operationEnd","subtype":"render","operationId":"47zlw4glit0amz0","timestamp":1700592671863,"id":"d5lojd7f5zvn44d","previousEventId":"xdsga75z56coze7","previousOperationId":"c2shwovdh1mxce7"}
{"type":"operationEnd","doDiffs":false,"previousEventId":"vunlf63rcg6fvbc","previousOperationId":"pwfjrlsdv0t9yfv","operationId":"pwfjrlsdv0t9yfv","timestamp":1700592671863,"id":"dno889al7labo62"}
