{"type":"operationStart","subtype":"profile","data":{"_id":"7VxaoJGT6LFHu89V","timestamp":"2023-11-21T14:59:56.738Z","state":"queued","mode":"standard","creationDate":"2023-11-21T14:59:56.739Z","modificationDate":"2023-11-21T14:59:56.739Z","shortid":"8P2lXfk","$entitySet":"profiles"},"doDiffs":false,"timestamp":1700578796739,"id":"8o343279aj21bhg","previousOperationId":null,"operationId":"badzbdl90y7s6im"}
{"type":"log","level":"info","message":"Render request 54 queued for execution and waiting for available worker","previousOperationId":"badzbdl90y7s6im","timestamp":1700578796739,"id":"jpb4if36uz111pe"}
{"type":"operationStart","subtype":"render","name":"anonymous","previousOperationId":"badzbdl90y7s6im","timestamp":1700578796740,"id":"mf68rjbozlyg6t9","previousEventId":"8o343279aj21bhg","operationId":"b7sll4l70gs2ywi"}
{"type":"log","timestamp":1700578796740,"level":"info","message":"Starting rendering request 54","meta":{"rootId":"ax75gc5v5n8hnlo","id":"ax75gc5v5n8hnlo"},"id":"hwlxex5bnn03hn8","previousOperationId":"b7sll4l70gs2ywi"}
{"type":"log","timestamp":1700578796740,"level":"info","message":"Rendering anonymous template { recipe: chrome-pdf, engine: handlebars }","meta":{"rootId":"ax75gc5v5n8hnlo","id":"ax75gc5v5n8hnlo"},"id":"bqkogvhyyj0mjba","previousOperationId":"b7sll4l70gs2ywi"}
{"type":"log","timestamp":1700578796740,"level":"debug","message":"Inline data specified.","meta":{"rootId":"ax75gc5v5n8hnlo","id":"ax75gc5v5n8hnlo"},"id":"1ge751hf08rwwqr","previousOperationId":"b7sll4l70gs2ywi"}
{"type":"log","timestamp":1700578796741,"level":"debug","message":"Base url not specified, skipping its injection.","meta":{"rootId":"ax75gc5v5n8hnlo","id":"ax75gc5v5n8hnlo"},"id":"qzu7luw58wwi0d3","previousOperationId":"b7sll4l70gs2ywi"}
{"type":"operationStart","subtype":"engine","name":"handlebars","timestamp":1700578796741,"id":"ids9g6maahzlzz9","previousEventId":"mf68rjbozlyg6t9","operationId":"n29ky8uww4a7hrs","previousOperationId":"b7sll4l70gs2ywi"}
{"type":"log","timestamp":1700578796741,"level":"debug","message":"Rendering engine handlebars","meta":{"rootId":"ax75gc5v5n8hnlo","id":"ax75gc5v5n8hnlo"},"id":"6dft9o3glevccky","previousOperationId":"n29ky8uww4a7hrs"}
{"type":"operationEnd","operationId":"n29ky8uww4a7hrs","timestamp":1700578796744,"id":"2odxoca7an2u0dk","previousEventId":"ids9g6maahzlzz9","previousOperationId":"n29ky8uww4a7hrs"}
{"type":"operationStart","subtype":"recipe","name":"chrome-pdf","timestamp":1700578796745,"id":"vgyx8ybh98a3a6m","previousEventId":"2odxoca7an2u0dk","operationId":"h1uamsz2xoywosh","previousOperationId":"n29ky8uww4a7hrs"}
{"type":"log","timestamp":1700578796745,"level":"debug","message":"Executing recipe chrome-pdf","meta":{"rootId":"ax75gc5v5n8hnlo","id":"ax75gc5v5n8hnlo"},"id":"jzp5obzj5wzkwn5","previousOperationId":"h1uamsz2xoywosh"}
{"type":"log","timestamp":1700578796746,"level":"debug","message":"Converting with chrome HeadlessChrome/117.0.5938.149 using chrome-pool strategy","meta":{"rootId":"ax75gc5v5n8hnlo","id":"ax75gc5v5n8hnlo"},"id":"jcyhdv7wl0xj9rd","previousOperationId":"h1uamsz2xoywosh"}
{"type":"log","timestamp":1700578796785,"level":"debug","message":"Page request: GET (document) file:///var/folders/dp/qk79pfcj0y1fmtkkl08m76rc0000gn/T/jsreport/autocleanup/2bfbbf43-b85e-43fe-9106-8bbfda9f1df4-chrome-pdf.html","meta":{"rootId":"ax75gc5v5n8hnlo","id":"ax75gc5v5n8hnlo"},"id":"d3w7qdvs4d8zhx1","previousOperationId":"h1uamsz2xoywosh"}
{"type":"log","timestamp":1700578796791,"level":"debug","message":"Page request finished: GET (document) 200 file:///var/folders/dp/qk79pfcj0y1fmtkkl08m76rc0000gn/T/jsreport/autocleanup/2bfbbf43-b85e-43fe-9106-8bbfda9f1df4-chrome-pdf.html","meta":{"rootId":"ax75gc5v5n8hnlo","id":"ax75gc5v5n8hnlo"},"id":"axhsfnc05rbazwb","previousOperationId":"h1uamsz2xoywosh"}
{"type":"log","timestamp":1700578796798,"level":"debug","message":"Running chrome with params {\"timeout\":59993,\"margin\":{},\"printBackground\":true}","meta":{"rootId":"ax75gc5v5n8hnlo","id":"ax75gc5v5n8hnlo"},"id":"9tq9yan22q7mxwj","previousOperationId":"h1uamsz2xoywosh"}
{"type":"operationEnd","operationId":"h1uamsz2xoywosh","timestamp":1700578796815,"id":"ma6704p9kd4qmp8","previousEventId":"vgyx8ybh98a3a6m","previousOperationId":"h1uamsz2xoywosh"}
{"type":"log","timestamp":1700578796815,"level":"debug","message":"Skipping storing report.","meta":{"rootId":"ax75gc5v5n8hnlo","id":"ax75gc5v5n8hnlo"},"id":"4pk9ia00fd16qt7","previousOperationId":"h1uamsz2xoywosh"}
{"type":"log","timestamp":1700578796815,"level":"info","message":"Rendering request 54 finished in 77 ms","meta":{"rootId":"ax75gc5v5n8hnlo","id":"ax75gc5v5n8hnlo"},"id":"rg8rk3lxf4j4y62","previousOperationId":"h1uamsz2xoywosh"}
{"type":"operationEnd","subtype":"render","operationId":"b7sll4l70gs2ywi","timestamp":1700578796816,"id":"7zn2o8bsvo7lxtb","previousEventId":"ma6704p9kd4qmp8","previousOperationId":"h1uamsz2xoywosh"}
{"type":"operationEnd","doDiffs":false,"previousEventId":"8o343279aj21bhg","previousOperationId":"badzbdl90y7s6im","operationId":"badzbdl90y7s6im","timestamp":1700578796816,"id":"ewg6noqjtct2s8t"}
