{"type":"operationStart","subtype":"profile","data":{"_id":"WOrfEEnDNiOlsRkP","timestamp":"2023-11-21T18:19:35.240Z","state":"queued","mode":"standard","creationDate":"2023-11-21T18:19:35.241Z","modificationDate":"2023-11-21T18:19:35.241Z","shortid":"egrL1Y1","$entitySet":"profiles"},"doDiffs":false,"timestamp":1700590775241,"id":"xjm6to4ookgecp9","previousOperationId":null,"operationId":"i1531i8lhq90zal"}
{"type":"log","level":"info","message":"Render request 8 queued for execution and waiting for available worker","previousOperationId":"i1531i8lhq90zal","timestamp":1700590775241,"id":"5r7g8y9g8hlpg4z"}
{"type":"operationStart","subtype":"render","name":"anonymous","previousOperationId":"i1531i8lhq90zal","timestamp":1700590775246,"id":"3ac68amg8w46yg1","previousEventId":"xjm6to4ookgecp9","operationId":"pgkeqr38jn2s1cy"}
{"type":"log","timestamp":1700590775246,"level":"info","message":"Starting rendering request 8","meta":{"rootId":"az086md4j3glbyb","id":"az086md4j3glbyb"},"id":"wqc3qqkxz2wdm48","previousOperationId":"pgkeqr38jn2s1cy"}
{"type":"log","timestamp":1700590775246,"level":"info","message":"Rendering template { name: undefined, recipe: chrome-pdf, engine: none, preview: false }","meta":{"rootId":"az086md4j3glbyb","id":"az086md4j3glbyb"},"id":"wbh07c49mzxt3jt","previousOperationId":"pgkeqr38jn2s1cy"}
{"type":"log","timestamp":1700590775246,"level":"debug","message":"Data item not defined for this template.","meta":{"rootId":"az086md4j3glbyb","id":"az086md4j3glbyb"},"id":"a574hyjd0bbh3zn","previousOperationId":"pgkeqr38jn2s1cy"}
{"type":"log","timestamp":1700590775247,"level":"debug","message":"Base url not specified, skipping its injection.","meta":{"rootId":"az086md4j3glbyb","id":"az086md4j3glbyb"},"id":"o3pags1nb0tqrlp","previousOperationId":"pgkeqr38jn2s1cy"}
{"type":"operationStart","subtype":"engine","name":"none","timestamp":1700590775248,"id":"gust31acuafuyr9","previousEventId":"3ac68amg8w46yg1","operationId":"7fgx6zdy1ekr9qp","previousOperationId":"pgkeqr38jn2s1cy"}
{"type":"log","timestamp":1700590775248,"level":"debug","message":"Rendering engine none","meta":{"rootId":"az086md4j3glbyb","id":"az086md4j3glbyb"},"id":"i3r6fa3h01f8bub","previousOperationId":"7fgx6zdy1ekr9qp"}
{"type":"operationEnd","operationId":"7fgx6zdy1ekr9qp","timestamp":1700590775260,"id":"o1ih8sxn9luuc16","previousEventId":"gust31acuafuyr9","previousOperationId":"7fgx6zdy1ekr9qp"}
{"type":"operationStart","subtype":"recipe","name":"chrome-pdf","timestamp":1700590775261,"id":"vnuu4m3k1iqhtzf","previousEventId":"o1ih8sxn9luuc16","operationId":"hz3hkr91ta8cumv","previousOperationId":"7fgx6zdy1ekr9qp"}
{"type":"log","timestamp":1700590775261,"level":"debug","message":"Executing recipe chrome-pdf","meta":{"rootId":"az086md4j3glbyb","id":"az086md4j3glbyb"},"id":"4xy83j8fpb2obnp","previousOperationId":"hz3hkr91ta8cumv"}
{"type":"log","timestamp":1700590775263,"level":"debug","message":"Converting with chrome HeadlessChrome/117.0.5938.149 using chrome-pool strategy","meta":{"rootId":"az086md4j3glbyb","id":"az086md4j3glbyb"},"id":"cbmhzmf8iax4gzg","previousOperationId":"hz3hkr91ta8cumv"}
{"type":"log","timestamp":1700590775309,"level":"debug","message":"Page request: GET (document) file:///var/folders/dp/qk79pfcj0y1fmtkkl08m76rc0000gn/T/jsreport/autocleanup/07fda709-fcc9-47d5-a94b-08444812f45e-chrome-pdf.html","meta":{"rootId":"az086md4j3glbyb","id":"az086md4j3glbyb"},"id":"z3k3cjsez5lg29t","previousOperationId":"hz3hkr91ta8cumv"}
{"type":"log","timestamp":1700590775313,"level":"debug","message":"Page request finished: GET (document) 200 file:///var/folders/dp/qk79pfcj0y1fmtkkl08m76rc0000gn/T/jsreport/autocleanup/07fda709-fcc9-47d5-a94b-08444812f45e-chrome-pdf.html","meta":{"rootId":"az086md4j3glbyb","id":"az086md4j3glbyb"},"id":"jmcep5dos18xtfy","previousOperationId":"hz3hkr91ta8cumv"}
{"type":"log","timestamp":1700590775321,"level":"debug","message":"Running chrome with params {\"timeout\":59977,\"margin\":{},\"printBackground\":true}","meta":{"rootId":"az086md4j3glbyb","id":"az086md4j3glbyb"},"id":"vgjeyqxz6ew02tk","previousOperationId":"hz3hkr91ta8cumv"}
{"type":"operationEnd","operationId":"hz3hkr91ta8cumv","timestamp":1700590775327,"id":"8rzqtmi57604b2l","previousEventId":"vnuu4m3k1iqhtzf","previousOperationId":"hz3hkr91ta8cumv"}
{"type":"log","timestamp":1700590775327,"level":"debug","message":"Skipping storing report.","meta":{"rootId":"az086md4j3glbyb","id":"az086md4j3glbyb"},"id":"xqhcpjj6owh9j4x","previousOperationId":"hz3hkr91ta8cumv"}
{"type":"log","timestamp":1700590775327,"level":"info","message":"Rendering request 8 finished in 88 ms","meta":{"rootId":"az086md4j3glbyb","id":"az086md4j3glbyb"},"id":"jc4xi743d0f39m0","previousOperationId":"hz3hkr91ta8cumv"}
{"type":"operationEnd","subtype":"render","operationId":"pgkeqr38jn2s1cy","timestamp":1700590775328,"id":"yevn1llsv57zz3l","previousEventId":"8rzqtmi57604b2l","previousOperationId":"hz3hkr91ta8cumv"}
{"type":"operationEnd","doDiffs":false,"previousEventId":"xjm6to4ookgecp9","previousOperationId":"i1531i8lhq90zal","operationId":"i1531i8lhq90zal","timestamp":1700590775328,"id":"td041u2j6obzu60"}
