{"type":"operationStart","subtype":"profile","data":{"_id":"kKltkPxZWbBwPX5Y","timestamp":"2023-11-21T18:56:40.591Z","state":"queued","mode":"standard","creationDate":"2023-11-21T18:56:40.592Z","modificationDate":"2023-11-21T18:56:40.592Z","shortid":"as61Ji0","$entitySet":"profiles"},"doDiffs":false,"timestamp":1700593000592,"id":"81lrh3ombplmcw9","previousOperationId":null,"operationId":"llqsfr3y97a4ct8"}
{"type":"log","level":"info","message":"Render request 41 queued for execution and waiting for available worker","previousOperationId":"llqsfr3y97a4ct8","timestamp":1700593000592,"id":"6fk0bj3pvxar9q6"}
{"type":"operationStart","subtype":"render","name":"anonymous","previousOperationId":"llqsfr3y97a4ct8","timestamp":1700593000596,"id":"kr3dc1m42whmlnu","previousEventId":"81lrh3ombplmcw9","operationId":"fccl8g7z3qqyh8e"}
{"type":"log","timestamp":1700593000596,"level":"info","message":"Starting rendering request 41","meta":{"rootId":"b3q8b721sk0cnrp","id":"b3q8b721sk0cnrp"},"id":"vwj0cjrmzzbdo44","previousOperationId":"fccl8g7z3qqyh8e"}
{"type":"log","timestamp":1700593000596,"level":"info","message":"Rendering anonymous template { recipe: chrome-pdf, engine: none }","meta":{"rootId":"b3q8b721sk0cnrp","id":"b3q8b721sk0cnrp"},"id":"t4u6bxshf1beg8x","previousOperationId":"fccl8g7z3qqyh8e"}
{"type":"log","timestamp":1700593000596,"level":"debug","message":"Data item not defined for this template.","meta":{"rootId":"b3q8b721sk0cnrp","id":"b3q8b721sk0cnrp"},"id":"5uzgvgzyvz1ndvf","previousOperationId":"fccl8g7z3qqyh8e"}
{"type":"log","timestamp":1700593000597,"level":"debug","message":"Base url not specified, skipping its injection.","meta":{"rootId":"b3q8b721sk0cnrp","id":"b3q8b721sk0cnrp"},"id":"nwkb19hto5yd2lg","previousOperationId":"fccl8g7z3qqyh8e"}
{"type":"operationStart","subtype":"engine","name":"none","timestamp":1700593000597,"id":"8bv5x6n8bcbrii0","previousEventId":"kr3dc1m42whmlnu","operationId":"fm143va33ithxyo","previousOperationId":"fccl8g7z3qqyh8e"}
{"type":"log","timestamp":1700593000597,"level":"debug","message":"Rendering engine none","meta":{"rootId":"b3q8b721sk0cnrp","id":"b3q8b721sk0cnrp"},"id":"okpnueyya8kkpzy","previousOperationId":"fm143va33ithxyo"}
{"type":"operationEnd","operationId":"fm143va33ithxyo","timestamp":1700593000601,"id":"694xd5u3g1ttuoy","previousEventId":"8bv5x6n8bcbrii0","previousOperationId":"fm143va33ithxyo"}
{"type":"operationStart","subtype":"recipe","name":"chrome-pdf","timestamp":1700593000601,"id":"djmdo1uy8lqcfw6","previousEventId":"694xd5u3g1ttuoy","operationId":"r5y0wyrbqdlhdl7","previousOperationId":"fm143va33ithxyo"}
{"type":"log","timestamp":1700593000601,"level":"debug","message":"Executing recipe chrome-pdf","meta":{"rootId":"b3q8b721sk0cnrp","id":"b3q8b721sk0cnrp"},"id":"yjqte38r1isqhdf","previousOperationId":"r5y0wyrbqdlhdl7"}
{"type":"log","timestamp":1700593000602,"level":"debug","message":"Converting with chrome HeadlessChrome/117.0.5938.149 using chrome-pool strategy","meta":{"rootId":"b3q8b721sk0cnrp","id":"b3q8b721sk0cnrp"},"id":"x1ny5wiy4r5zkwh","previousOperationId":"r5y0wyrbqdlhdl7"}
{"type":"log","timestamp":1700593000650,"level":"debug","message":"Page request: GET (document) file:///var/folders/dp/qk79pfcj0y1fmtkkl08m76rc0000gn/T/jsreport/autocleanup/c351c744-06db-4f44-9e0b-d5f74b75c325-chrome-pdf.html","meta":{"rootId":"b3q8b721sk0cnrp","id":"b3q8b721sk0cnrp"},"id":"znkk39xhag1of14","previousOperationId":"r5y0wyrbqdlhdl7"}
{"type":"log","timestamp":1700593000655,"level":"debug","message":"Page request finished: GET (document) 200 file:///var/folders/dp/qk79pfcj0y1fmtkkl08m76rc0000gn/T/jsreport/autocleanup/c351c744-06db-4f44-9e0b-d5f74b75c325-chrome-pdf.html","meta":{"rootId":"b3q8b721sk0cnrp","id":"b3q8b721sk0cnrp"},"id":"g0g7a1zlhewt31p","previousOperationId":"r5y0wyrbqdlhdl7"}
{"type":"log","timestamp":1700593000663,"level":"debug","message":"Running chrome with params {\"timeout\":59989,\"margin\":{},\"printBackground\":true}","meta":{"rootId":"b3q8b721sk0cnrp","id":"b3q8b721sk0cnrp"},"id":"h8xh048bpxnzag5","previousOperationId":"r5y0wyrbqdlhdl7"}
{"type":"operationEnd","operationId":"r5y0wyrbqdlhdl7","timestamp":1700593000669,"id":"9anvwx555cikcym","previousEventId":"djmdo1uy8lqcfw6","previousOperationId":"r5y0wyrbqdlhdl7"}
{"type":"log","timestamp":1700593000669,"level":"debug","message":"Skipping storing report.","meta":{"rootId":"b3q8b721sk0cnrp","id":"b3q8b721sk0cnrp"},"id":"fej9604w2uvrb3t","previousOperationId":"r5y0wyrbqdlhdl7"}
{"type":"log","timestamp":1700593000669,"level":"info","message":"Rendering request 41 finished in 78 ms","meta":{"rootId":"b3q8b721sk0cnrp","id":"b3q8b721sk0cnrp"},"id":"w6e2s5eu21f92va","previousOperationId":"r5y0wyrbqdlhdl7"}
{"type":"operationEnd","subtype":"render","operationId":"fccl8g7z3qqyh8e","timestamp":1700593000669,"id":"wdrxyzju6dut27r","previousEventId":"9anvwx555cikcym","previousOperationId":"r5y0wyrbqdlhdl7"}
{"type":"operationEnd","doDiffs":false,"previousEventId":"81lrh3ombplmcw9","previousOperationId":"llqsfr3y97a4ct8","operationId":"llqsfr3y97a4ct8","timestamp":1700593000669,"id":"ryqyho1p5qjlkow"}
