{"type":"operationStart","subtype":"profile","data":{"_id":"dbxoVTXVvXI1fOMp","timestamp":"2023-11-21T17:38:42.254Z","state":"queued","mode":"standard","creationDate":"2023-11-21T17:38:42.255Z","modificationDate":"2023-11-21T17:38:42.255Z","shortid":"hUddKQb","$entitySet":"profiles"},"doDiffs":false,"timestamp":1700588322255,"id":"ofic0fruzl8m8ty","previousOperationId":null,"operationId":"rr9i9ojpt7xyb3f"}
{"type":"log","level":"info","message":"Render request 2 queued for execution and waiting for available worker","previousOperationId":"rr9i9ojpt7xyb3f","timestamp":1700588322255,"id":"rs10abkynymzfwn"}
{"type":"operationStart","subtype":"render","name":"anonymous","previousOperationId":"rr9i9ojpt7xyb3f","timestamp":1700588322259,"id":"76450znih1al5w0","previousEventId":"ofic0fruzl8m8ty","operationId":"l4y1zoiowm22x3f"}
{"type":"log","timestamp":1700588322259,"level":"info","message":"Starting rendering request 2","meta":{"rootId":"b4gaj7bofj91baq","id":"b4gaj7bofj91baq"},"id":"h5jabx6lx6gpd33","previousOperationId":"l4y1zoiowm22x3f"}
{"type":"log","timestamp":1700588322260,"level":"info","message":"Rendering template { name: undefined, recipe: chrome-pdf, engine: none, preview: false }","meta":{"rootId":"b4gaj7bofj91baq","id":"b4gaj7bofj91baq"},"id":"p1guzg3gwo8276b","previousOperationId":"l4y1zoiowm22x3f"}
{"type":"log","timestamp":1700588322260,"level":"debug","message":"Data item not defined for this template.","meta":{"rootId":"b4gaj7bofj91baq","id":"b4gaj7bofj91baq"},"id":"nnmy6ehcmk5w3l6","previousOperationId":"l4y1zoiowm22x3f"}
{"type":"log","timestamp":1700588322261,"level":"debug","message":"Base url not specified, skipping its injection.","meta":{"rootId":"b4gaj7bofj91baq","id":"b4gaj7bofj91baq"},"id":"cisy3vtsrfehxgz","previousOperationId":"l4y1zoiowm22x3f"}
{"type":"operationStart","subtype":"engine","name":"none","timestamp":1700588322262,"id":"yyzxjh8f6q8z6fu","previousEventId":"76450znih1al5w0","operationId":"x56nn3bf01ra5od","previousOperationId":"l4y1zoiowm22x3f"}
{"type":"log","timestamp":1700588322262,"level":"debug","message":"Rendering engine none","meta":{"rootId":"b4gaj7bofj91baq","id":"b4gaj7bofj91baq"},"id":"5yrehkxpwvgr306","previousOperationId":"x56nn3bf01ra5od"}
{"type":"operationEnd","operationId":"x56nn3bf01ra5od","timestamp":1700588322485,"id":"exdsrr4iv1e9391","previousEventId":"yyzxjh8f6q8z6fu","previousOperationId":"x56nn3bf01ra5od"}
{"type":"operationStart","subtype":"recipe","name":"chrome-pdf","timestamp":1700588322485,"id":"vgn1ojw2gwskwd9","previousEventId":"exdsrr4iv1e9391","operationId":"luuhwkyvabm9n4x","previousOperationId":"x56nn3bf01ra5od"}
{"type":"log","timestamp":1700588322485,"level":"debug","message":"Executing recipe chrome-pdf","meta":{"rootId":"b4gaj7bofj91baq","id":"b4gaj7bofj91baq"},"id":"k1wa826v370gxvc","previousOperationId":"luuhwkyvabm9n4x"}
{"type":"log","timestamp":1700588322657,"level":"debug","message":"Converting with chrome HeadlessChrome/117.0.5938.149 using chrome-pool strategy","meta":{"rootId":"b4gaj7bofj91baq","id":"b4gaj7bofj91baq"},"id":"1airhawa4b6dulk","previousOperationId":"luuhwkyvabm9n4x"}
{"type":"log","timestamp":1700588322710,"level":"debug","message":"Page request: GET (document) file:///var/folders/dp/qk79pfcj0y1fmtkkl08m76rc0000gn/T/jsreport/autocleanup/76105d5d-ed0a-41df-b5c9-d1940e895012-chrome-pdf.html","meta":{"rootId":"b4gaj7bofj91baq","id":"b4gaj7bofj91baq"},"id":"p1ulaew1ah8bcol","previousOperationId":"luuhwkyvabm9n4x"}
{"type":"log","timestamp":1700588322715,"level":"debug","message":"Page request finished: GET (document) 200 file:///var/folders/dp/qk79pfcj0y1fmtkkl08m76rc0000gn/T/jsreport/autocleanup/76105d5d-ed0a-41df-b5c9-d1940e895012-chrome-pdf.html","meta":{"rootId":"b4gaj7bofj91baq","id":"b4gaj7bofj91baq"},"id":"yg5nasf9iz5aml0","previousOperationId":"luuhwkyvabm9n4x"}
{"type":"log","timestamp":1700588322718,"level":"debug","message":"Running chrome with params {\"timeout\":59767,\"margin\":{},\"printBackground\":true}","meta":{"rootId":"b4gaj7bofj91baq","id":"b4gaj7bofj91baq"},"id":"7n73s2joudi2cbi","previousOperationId":"luuhwkyvabm9n4x"}
{"type":"operationEnd","operationId":"luuhwkyvabm9n4x","timestamp":1700588322725,"id":"wswpf6m16564sxv","previousEventId":"vgn1ojw2gwskwd9","previousOperationId":"luuhwkyvabm9n4x"}
{"type":"log","timestamp":1700588322725,"level":"debug","message":"Skipping storing report.","meta":{"rootId":"b4gaj7bofj91baq","id":"b4gaj7bofj91baq"},"id":"ait8gwkzfujhl73","previousOperationId":"luuhwkyvabm9n4x"}
{"type":"log","timestamp":1700588322725,"level":"info","message":"Rendering request 2 finished in 471 ms","meta":{"rootId":"b4gaj7bofj91baq","id":"b4gaj7bofj91baq"},"id":"jy4b0la4kdqx55z","previousOperationId":"luuhwkyvabm9n4x"}
{"type":"operationEnd","subtype":"render","operationId":"l4y1zoiowm22x3f","timestamp":1700588322725,"id":"7eizbi9iacr6v8x","previousEventId":"wswpf6m16564sxv","previousOperationId":"luuhwkyvabm9n4x"}
{"type":"operationEnd","doDiffs":false,"previousEventId":"ofic0fruzl8m8ty","previousOperationId":"rr9i9ojpt7xyb3f","operationId":"rr9i9ojpt7xyb3f","timestamp":1700588322726,"id":"xdmluuxmiyhv1c8"}
