{"type":"operationStart","subtype":"profile","data":{"_id":"3AWIfBMnNJZYfJA7","timestamp":"2023-11-21T14:58:28.934Z","state":"queued","mode":"standard","creationDate":"2023-11-21T14:58:28.937Z","modificationDate":"2023-11-21T14:58:28.937Z","shortid":"grLLMgj","$entitySet":"profiles"},"doDiffs":false,"timestamp":1700578708937,"id":"kyfmg0jddxcrqdt","previousOperationId":null,"operationId":"dbuymedyrxvl0ig"}
{"type":"log","level":"info","message":"Render request 51 queued for execution and waiting for available worker","previousOperationId":"dbuymedyrxvl0ig","timestamp":1700578708937,"id":"83m1jvgtiqx0s88"}
{"type":"operationStart","subtype":"render","name":"anonymous","previousOperationId":"dbuymedyrxvl0ig","timestamp":1700578708939,"id":"c0h37einzt9wj7u","previousEventId":"kyfmg0jddxcrqdt","operationId":"f7h9jodtqt5sx7j"}
{"type":"log","timestamp":1700578708939,"level":"info","message":"Starting rendering request 51","meta":{"rootId":"b4nh1gyln86pd6x","id":"b4nh1gyln86pd6x"},"id":"kbuaaljp2h54emz","previousOperationId":"f7h9jodtqt5sx7j"}
{"type":"log","timestamp":1700578708939,"level":"info","message":"Rendering anonymous template { recipe: chrome-pdf, engine: handlebars }","meta":{"rootId":"b4nh1gyln86pd6x","id":"b4nh1gyln86pd6x"},"id":"75mmrybec0xmsdw","previousOperationId":"f7h9jodtqt5sx7j"}
{"type":"log","timestamp":1700578708939,"level":"debug","message":"Inline data specified.","meta":{"rootId":"b4nh1gyln86pd6x","id":"b4nh1gyln86pd6x"},"id":"3ddzyoyj2k76eyi","previousOperationId":"f7h9jodtqt5sx7j"}
{"type":"log","timestamp":1700578708939,"level":"debug","message":"Base url not specified, skipping its injection.","meta":{"rootId":"b4nh1gyln86pd6x","id":"b4nh1gyln86pd6x"},"id":"pt578iivk0srib0","previousOperationId":"f7h9jodtqt5sx7j"}
{"type":"operationStart","subtype":"engine","name":"handlebars","timestamp":1700578708939,"id":"y965o549doknodp","previousEventId":"c0h37einzt9wj7u","operationId":"y06spd1lovu0pq6","previousOperationId":"f7h9jodtqt5sx7j"}
{"type":"log","timestamp":1700578708939,"level":"debug","message":"Rendering engine handlebars","meta":{"rootId":"b4nh1gyln86pd6x","id":"b4nh1gyln86pd6x"},"id":"ricijujzphknvun","previousOperationId":"y06spd1lovu0pq6"}
{"type":"operationEnd","operationId":"y06spd1lovu0pq6","timestamp":1700578708943,"id":"igw9yw296qvihkq","previousEventId":"y965o549doknodp","previousOperationId":"y06spd1lovu0pq6"}
{"type":"operationStart","subtype":"recipe","name":"chrome-pdf","timestamp":1700578708943,"id":"znvds62268rdqcd","previousEventId":"igw9yw296qvihkq","operationId":"dg5yzyi3awppyjz","previousOperationId":"y06spd1lovu0pq6"}
{"type":"log","timestamp":1700578708943,"level":"debug","message":"Executing recipe chrome-pdf","meta":{"rootId":"b4nh1gyln86pd6x","id":"b4nh1gyln86pd6x"},"id":"z9pr4ai6cge0r7i","previousOperationId":"dg5yzyi3awppyjz"}
{"type":"log","timestamp":1700578708944,"level":"debug","message":"Converting with chrome HeadlessChrome/117.0.5938.149 using chrome-pool strategy","meta":{"rootId":"b4nh1gyln86pd6x","id":"b4nh1gyln86pd6x"},"id":"5lyvojb35c4jd7q","previousOperationId":"dg5yzyi3awppyjz"}
{"type":"log","timestamp":1700578708983,"level":"debug","message":"Page request: GET (document) file:///var/folders/dp/qk79pfcj0y1fmtkkl08m76rc0000gn/T/jsreport/autocleanup/0267c318-5bf1-46f6-a9e9-d574f3dd0bc1-chrome-pdf.html","meta":{"rootId":"b4nh1gyln86pd6x","id":"b4nh1gyln86pd6x"},"id":"1voncv54g0bw84x","previousOperationId":"dg5yzyi3awppyjz"}
{"type":"log","timestamp":1700578708987,"level":"debug","message":"Page request finished: GET (document) 200 file:///var/folders/dp/qk79pfcj0y1fmtkkl08m76rc0000gn/T/jsreport/autocleanup/0267c318-5bf1-46f6-a9e9-d574f3dd0bc1-chrome-pdf.html","meta":{"rootId":"b4nh1gyln86pd6x","id":"b4nh1gyln86pd6x"},"id":"tldhypabtve6zyi","previousOperationId":"dg5yzyi3awppyjz"}
{"type":"log","timestamp":1700578708994,"level":"debug","message":"Running chrome with params {\"timeout\":59991,\"margin\":{},\"printBackground\":true}","meta":{"rootId":"b4nh1gyln86pd6x","id":"b4nh1gyln86pd6x"},"id":"kq094upi8ob4oyd","previousOperationId":"dg5yzyi3awppyjz"}
{"type":"operationEnd","operationId":"dg5yzyi3awppyjz","timestamp":1700578709000,"id":"ga18qxfs7cf4ikx","previousEventId":"znvds62268rdqcd","previousOperationId":"dg5yzyi3awppyjz"}
{"type":"log","timestamp":1700578709000,"level":"debug","message":"Skipping storing report.","meta":{"rootId":"b4nh1gyln86pd6x","id":"b4nh1gyln86pd6x"},"id":"xq3vinjch3rcwrz","previousOperationId":"dg5yzyi3awppyjz"}
{"type":"log","timestamp":1700578709000,"level":"info","message":"Rendering request 51 finished in 66 ms","meta":{"rootId":"b4nh1gyln86pd6x","id":"b4nh1gyln86pd6x"},"id":"kivx133ja2pu6yv","previousOperationId":"dg5yzyi3awppyjz"}
{"type":"operationEnd","subtype":"render","operationId":"f7h9jodtqt5sx7j","timestamp":1700578709000,"id":"tghtvo5z7h3tznx","previousEventId":"ga18qxfs7cf4ikx","previousOperationId":"dg5yzyi3awppyjz"}
{"type":"operationEnd","doDiffs":false,"previousEventId":"kyfmg0jddxcrqdt","previousOperationId":"dbuymedyrxvl0ig","operationId":"dbuymedyrxvl0ig","timestamp":1700578709001,"id":"xdlr2z5qk6wty1z"}
