{"type":"operationStart","subtype":"profile","data":{"_id":"6BcTgQ2t8IAiDzxY","timestamp":"2023-11-21T15:06:39.012Z","state":"queued","mode":"standard","creationDate":"2023-11-21T15:06:39.012Z","modificationDate":"2023-11-21T15:06:39.012Z","shortid":"JQn74up","$entitySet":"profiles"},"doDiffs":false,"timestamp":1700579199012,"id":"zsqd3acbbyhhs85","previousOperationId":null,"operationId":"ib2a1inao3idsha"}
{"type":"log","level":"info","message":"Render request 59 queued for execution and waiting for available worker","previousOperationId":"ib2a1inao3idsha","timestamp":1700579199012,"id":"yycdkrto1ym0t89"}
{"type":"operationStart","subtype":"render","name":"anonymous","previousOperationId":"ib2a1inao3idsha","timestamp":1700579199014,"id":"53nsr4ny5snma3w","previousEventId":"zsqd3acbbyhhs85","operationId":"lbf5nd2ew0y0gj2"}
{"type":"log","timestamp":1700579199014,"level":"info","message":"Starting rendering request 59","meta":{"rootId":"cs3yuknlkvc5txp","id":"cs3yuknlkvc5txp"},"id":"gc2is739tlfr2o2","previousOperationId":"lbf5nd2ew0y0gj2"}
{"type":"log","timestamp":1700579199014,"level":"info","message":"Rendering template { name: undefined, recipe: chrome-pdf, engine: handlebars, preview: false }","meta":{"rootId":"cs3yuknlkvc5txp","id":"cs3yuknlkvc5txp"},"id":"3303x500sfo64px","previousOperationId":"lbf5nd2ew0y0gj2"}
{"type":"log","timestamp":1700579199014,"level":"debug","message":"Inline data specified.","meta":{"rootId":"cs3yuknlkvc5txp","id":"cs3yuknlkvc5txp"},"id":"y5oyq5dd1nntfas","previousOperationId":"lbf5nd2ew0y0gj2"}
{"type":"log","timestamp":1700579199014,"level":"debug","message":"Base url not specified, skipping its injection.","meta":{"rootId":"cs3yuknlkvc5txp","id":"cs3yuknlkvc5txp"},"id":"6h0hmuu28lv6fi8","previousOperationId":"lbf5nd2ew0y0gj2"}
{"type":"operationStart","subtype":"engine","name":"handlebars","timestamp":1700579199014,"id":"9r0ggrofyy10l6n","previousEventId":"53nsr4ny5snma3w","operationId":"pz9jwocbhzta4ib","previousOperationId":"lbf5nd2ew0y0gj2"}
{"type":"log","timestamp":1700579199014,"level":"debug","message":"Rendering engine handlebars","meta":{"rootId":"cs3yuknlkvc5txp","id":"cs3yuknlkvc5txp"},"id":"o2ttmxofbuelsbm","previousOperationId":"pz9jwocbhzta4ib"}
{"type":"operationEnd","operationId":"pz9jwocbhzta4ib","timestamp":1700579199017,"id":"66jx3gcb8sb13f8","previousEventId":"9r0ggrofyy10l6n","previousOperationId":"pz9jwocbhzta4ib"}
{"type":"operationStart","subtype":"recipe","name":"chrome-pdf","timestamp":1700579199017,"id":"adu4kgvm24ashug","previousEventId":"66jx3gcb8sb13f8","operationId":"md0opdh3bgpxbsm","previousOperationId":"pz9jwocbhzta4ib"}
{"type":"log","timestamp":1700579199017,"level":"debug","message":"Executing recipe chrome-pdf","meta":{"rootId":"cs3yuknlkvc5txp","id":"cs3yuknlkvc5txp"},"id":"yith7v6tytdgeyo","previousOperationId":"md0opdh3bgpxbsm"}
{"type":"log","timestamp":1700579199018,"level":"debug","message":"Converting with chrome HeadlessChrome/117.0.5938.149 using chrome-pool strategy","meta":{"rootId":"cs3yuknlkvc5txp","id":"cs3yuknlkvc5txp"},"id":"vsosttmgpbgvrkh","previousOperationId":"md0opdh3bgpxbsm"}
{"type":"log","timestamp":1700579199056,"level":"debug","message":"Page request: GET (document) file:///var/folders/dp/qk79pfcj0y1fmtkkl08m76rc0000gn/T/jsreport/autocleanup/c921f36c-9e96-44bb-abaa-7235c9507539-chrome-pdf.html","meta":{"rootId":"cs3yuknlkvc5txp","id":"cs3yuknlkvc5txp"},"id":"z91k55qx2yn3wzy","previousOperationId":"md0opdh3bgpxbsm"}
{"type":"log","timestamp":1700579199062,"level":"debug","message":"Page request finished: GET (document) 200 file:///var/folders/dp/qk79pfcj0y1fmtkkl08m76rc0000gn/T/jsreport/autocleanup/c921f36c-9e96-44bb-abaa-7235c9507539-chrome-pdf.html","meta":{"rootId":"cs3yuknlkvc5txp","id":"cs3yuknlkvc5txp"},"id":"oz5qrxdz59bzde1","previousOperationId":"md0opdh3bgpxbsm"}
{"type":"log","timestamp":1700579199068,"level":"debug","message":"Running chrome with params {\"timeout\":59994,\"margin\":{},\"printBackground\":true}","meta":{"rootId":"cs3yuknlkvc5txp","id":"cs3yuknlkvc5txp"},"id":"c57g73vtotrvgkv","previousOperationId":"md0opdh3bgpxbsm"}
{"type":"operationEnd","operationId":"md0opdh3bgpxbsm","timestamp":1700579199085,"id":"7biqexd6m4jc9m0","previousEventId":"adu4kgvm24ashug","previousOperationId":"md0opdh3bgpxbsm"}
{"type":"log","timestamp":1700579199086,"level":"debug","message":"Skipping storing report.","meta":{"rootId":"cs3yuknlkvc5txp","id":"cs3yuknlkvc5txp"},"id":"ufq3mapcnqkna48","previousOperationId":"md0opdh3bgpxbsm"}
{"type":"log","timestamp":1700579199086,"level":"info","message":"Rendering request 59 finished in 74 ms","meta":{"rootId":"cs3yuknlkvc5txp","id":"cs3yuknlkvc5txp"},"id":"hk394h4wgjyw6h4","previousOperationId":"md0opdh3bgpxbsm"}
{"type":"operationEnd","subtype":"render","operationId":"lbf5nd2ew0y0gj2","timestamp":1700579199086,"id":"22ekzdrfk82yeix","previousEventId":"7biqexd6m4jc9m0","previousOperationId":"md0opdh3bgpxbsm"}
{"type":"operationEnd","doDiffs":false,"previousEventId":"zsqd3acbbyhhs85","previousOperationId":"ib2a1inao3idsha","operationId":"ib2a1inao3idsha","timestamp":1700579199087,"id":"u7tfnsi1lpe1ogs"}
