{"type":"operationStart","subtype":"profile","data":{"_id":"gLUB8w5mrUGKyCtZ","timestamp":"2023-11-21T19:22:47.052Z","state":"queued","mode":"standard","creationDate":"2023-11-21T19:22:47.053Z","modificationDate":"2023-11-21T19:22:47.053Z","shortid":"E1cJKxs","$entitySet":"profiles"},"doDiffs":false,"timestamp":1700594567052,"id":"4az6xq7g11i9a3p","previousOperationId":null,"operationId":"xyiecbuame51ivu"}
{"type":"log","level":"info","message":"Render request 57 queued for execution and waiting for available worker","previousOperationId":"xyiecbuame51ivu","timestamp":1700594567052,"id":"uc7brtg4a1takbc"}
{"type":"operationStart","subtype":"render","name":"anonymous","previousOperationId":"xyiecbuame51ivu","timestamp":1700594567057,"id":"h57zsthitx4t3m6","previousEventId":"4az6xq7g11i9a3p","operationId":"rh820pcv00pvi5a"}
{"type":"log","timestamp":1700594567057,"level":"info","message":"Starting rendering request 57","meta":{"rootId":"eeob00lt5d2nwf9","id":"eeob00lt5d2nwf9"},"id":"8grrxum58y680pn","previousOperationId":"rh820pcv00pvi5a"}
{"type":"log","timestamp":1700594567057,"level":"info","message":"Rendering anonymous template { recipe: chrome-pdf, engine: none }","meta":{"rootId":"eeob00lt5d2nwf9","id":"eeob00lt5d2nwf9"},"id":"1cgcb0fnzg7eata","previousOperationId":"rh820pcv00pvi5a"}
{"type":"log","timestamp":1700594567057,"level":"debug","message":"Data item not defined for this template.","meta":{"rootId":"eeob00lt5d2nwf9","id":"eeob00lt5d2nwf9"},"id":"gt4zyd57nvrqlcr","previousOperationId":"rh820pcv00pvi5a"}
{"type":"log","timestamp":1700594567058,"level":"debug","message":"Base url not specified, skipping its injection.","meta":{"rootId":"eeob00lt5d2nwf9","id":"eeob00lt5d2nwf9"},"id":"n8dkzwzndkb9xoj","previousOperationId":"rh820pcv00pvi5a"}
{"type":"operationStart","subtype":"engine","name":"none","timestamp":1700594567058,"id":"v3eeddlzoesfuet","previousEventId":"h57zsthitx4t3m6","operationId":"3exbxnqh3upjta7","previousOperationId":"rh820pcv00pvi5a"}
{"type":"log","timestamp":1700594567058,"level":"debug","message":"Rendering engine none","meta":{"rootId":"eeob00lt5d2nwf9","id":"eeob00lt5d2nwf9"},"id":"fa6uapige9rboea","previousOperationId":"3exbxnqh3upjta7"}
{"type":"operationEnd","operationId":"3exbxnqh3upjta7","timestamp":1700594567062,"id":"62itq1dwdlj6gfv","previousEventId":"v3eeddlzoesfuet","previousOperationId":"3exbxnqh3upjta7"}
{"type":"operationStart","subtype":"recipe","name":"chrome-pdf","timestamp":1700594567062,"id":"ffg72ofom573uhe","previousEventId":"62itq1dwdlj6gfv","operationId":"u3ol4pepqwdl48u","previousOperationId":"3exbxnqh3upjta7"}
{"type":"log","timestamp":1700594567062,"level":"debug","message":"Executing recipe chrome-pdf","meta":{"rootId":"eeob00lt5d2nwf9","id":"eeob00lt5d2nwf9"},"id":"pg4jvqwq1z7nlov","previousOperationId":"u3ol4pepqwdl48u"}
{"type":"log","timestamp":1700594567063,"level":"debug","message":"Converting with chrome HeadlessChrome/117.0.5938.149 using chrome-pool strategy","meta":{"rootId":"eeob00lt5d2nwf9","id":"eeob00lt5d2nwf9"},"id":"bd0uynk3pl8ta1h","previousOperationId":"u3ol4pepqwdl48u"}
{"type":"log","timestamp":1700594567111,"level":"debug","message":"Page request: GET (document) file:///var/folders/dp/qk79pfcj0y1fmtkkl08m76rc0000gn/T/jsreport/autocleanup/2fb9c363-e231-4e28-9649-57a9321d5393-chrome-pdf.html","meta":{"rootId":"eeob00lt5d2nwf9","id":"eeob00lt5d2nwf9"},"id":"5cgx17hjq4p96sf","previousOperationId":"u3ol4pepqwdl48u"}
{"type":"log","timestamp":1700594567115,"level":"debug","message":"Page request finished: GET (document) 200 file:///var/folders/dp/qk79pfcj0y1fmtkkl08m76rc0000gn/T/jsreport/autocleanup/2fb9c363-e231-4e28-9649-57a9321d5393-chrome-pdf.html","meta":{"rootId":"eeob00lt5d2nwf9","id":"eeob00lt5d2nwf9"},"id":"69mp9f3ma2rpmyk","previousOperationId":"u3ol4pepqwdl48u"}
{"type":"log","timestamp":1700594567124,"level":"debug","message":"Running chrome with params {\"timeout\":59990,\"margin\":{},\"printBackground\":true}","meta":{"rootId":"eeob00lt5d2nwf9","id":"eeob00lt5d2nwf9"},"id":"i2noaj965rlrlq6","previousOperationId":"u3ol4pepqwdl48u"}
{"type":"operationEnd","operationId":"u3ol4pepqwdl48u","timestamp":1700594567129,"id":"n1yxdbzcje2pkx8","previousEventId":"ffg72ofom573uhe","previousOperationId":"u3ol4pepqwdl48u"}
{"type":"log","timestamp":1700594567129,"level":"debug","message":"Skipping storing report.","meta":{"rootId":"eeob00lt5d2nwf9","id":"eeob00lt5d2nwf9"},"id":"mz08r9j3ws1rwsl","previousOperationId":"u3ol4pepqwdl48u"}
{"type":"log","timestamp":1700594567130,"level":"info","message":"Rendering request 57 finished in 78 ms","meta":{"rootId":"eeob00lt5d2nwf9","id":"eeob00lt5d2nwf9"},"id":"t9q38dm7z20k8j0","previousOperationId":"u3ol4pepqwdl48u"}
{"type":"operationEnd","subtype":"render","operationId":"rh820pcv00pvi5a","timestamp":1700594567130,"id":"jouoi0q0iy5y6gb","previousEventId":"n1yxdbzcje2pkx8","previousOperationId":"u3ol4pepqwdl48u"}
{"type":"operationEnd","doDiffs":false,"previousEventId":"4az6xq7g11i9a3p","previousOperationId":"xyiecbuame51ivu","operationId":"xyiecbuame51ivu","timestamp":1700594567131,"id":"o0u1xqkzmvufv6a"}
