{"type":"operationStart","subtype":"profile","data":{"_id":"kNGh5upWONEwHAYT","timestamp":"2023-11-21T19:03:09.907Z","state":"queued","mode":"standard","creationDate":"2023-11-21T19:03:09.908Z","modificationDate":"2023-11-21T19:03:09.908Z","shortid":"2db5Xgi","$entitySet":"profiles"},"doDiffs":false,"timestamp":1700593389907,"id":"l3mjoz3vm4f4xbw","previousOperationId":null,"operationId":"t8i2n7fn8t5i55j"}
{"type":"log","level":"info","message":"Render request 46 queued for execution and waiting for available worker","previousOperationId":"t8i2n7fn8t5i55j","timestamp":1700593389907,"id":"d0ewytma6gt0twi"}
{"type":"operationStart","subtype":"render","name":"anonymous","previousOperationId":"t8i2n7fn8t5i55j","timestamp":1700593389911,"id":"fwkew3ik6t42j8r","previousEventId":"l3mjoz3vm4f4xbw","operationId":"yc4i16hih5yj70o"}
{"type":"log","timestamp":1700593389911,"level":"info","message":"Starting rendering request 46","meta":{"rootId":"eo7viact08hvtoe","id":"eo7viact08hvtoe"},"id":"j76ykclqyffov7d","previousOperationId":"yc4i16hih5yj70o"}
{"type":"log","timestamp":1700593389911,"level":"info","message":"Rendering anonymous template { recipe: chrome-pdf, engine: handlebars }","meta":{"rootId":"eo7viact08hvtoe","id":"eo7viact08hvtoe"},"id":"zp4t4i5oxldjx25","previousOperationId":"yc4i16hih5yj70o"}
{"type":"log","timestamp":1700593389911,"level":"debug","message":"Inline data specified.","meta":{"rootId":"eo7viact08hvtoe","id":"eo7viact08hvtoe"},"id":"a22g4hrhhin9d5s","previousOperationId":"yc4i16hih5yj70o"}
{"type":"log","timestamp":1700593389911,"level":"debug","message":"Base url not specified, skipping its injection.","meta":{"rootId":"eo7viact08hvtoe","id":"eo7viact08hvtoe"},"id":"2ggunbturupesjf","previousOperationId":"yc4i16hih5yj70o"}
{"type":"operationStart","subtype":"engine","name":"handlebars","timestamp":1700593389911,"id":"ra5k07xz18d894d","previousEventId":"fwkew3ik6t42j8r","operationId":"rnrovjopg6pns10","previousOperationId":"yc4i16hih5yj70o"}
{"type":"log","timestamp":1700593389912,"level":"debug","message":"Rendering engine handlebars","meta":{"rootId":"eo7viact08hvtoe","id":"eo7viact08hvtoe"},"id":"ale751n51p2fvuo","previousOperationId":"rnrovjopg6pns10"}
{"type":"operationEnd","operationId":"rnrovjopg6pns10","timestamp":1700593389916,"id":"ltcn70htb3bn2ut","previousEventId":"ra5k07xz18d894d","previousOperationId":"rnrovjopg6pns10"}
{"type":"operationStart","subtype":"recipe","name":"chrome-pdf","timestamp":1700593389916,"id":"bi1shi915e2dg51","previousEventId":"ltcn70htb3bn2ut","operationId":"zxv72jq53b6sy07","previousOperationId":"rnrovjopg6pns10"}
{"type":"log","timestamp":1700593389916,"level":"debug","message":"Executing recipe chrome-pdf","meta":{"rootId":"eo7viact08hvtoe","id":"eo7viact08hvtoe"},"id":"ig5lsvl78c40vcg","previousOperationId":"zxv72jq53b6sy07"}
{"type":"log","timestamp":1700593390027,"level":"debug","message":"Converting with chrome HeadlessChrome/117.0.5938.149 using chrome-pool strategy","meta":{"rootId":"eo7viact08hvtoe","id":"eo7viact08hvtoe"},"id":"thk6xphzvp2ir7v","previousOperationId":"zxv72jq53b6sy07"}
{"type":"log","timestamp":1700593390067,"level":"debug","message":"Page request: GET (document) file:///var/folders/dp/qk79pfcj0y1fmtkkl08m76rc0000gn/T/jsreport/autocleanup/5859435b-ea1b-437d-896e-8c02d4377f7f-chrome-pdf.html","meta":{"rootId":"eo7viact08hvtoe","id":"eo7viact08hvtoe"},"id":"7v9c1zypzu8xtxb","previousOperationId":"zxv72jq53b6sy07"}
{"type":"log","timestamp":1700593390072,"level":"debug","message":"Page request finished: GET (document) 200 file:///var/folders/dp/qk79pfcj0y1fmtkkl08m76rc0000gn/T/jsreport/autocleanup/5859435b-ea1b-437d-896e-8c02d4377f7f-chrome-pdf.html","meta":{"rootId":"eo7viact08hvtoe","id":"eo7viact08hvtoe"},"id":"0zh6fx5m8fi3m0l","previousOperationId":"zxv72jq53b6sy07"}
{"type":"log","timestamp":1700593390081,"level":"debug","message":"Running chrome with params {\"timeout\":59989,\"margin\":{},\"printBackground\":true}","meta":{"rootId":"eo7viact08hvtoe","id":"eo7viact08hvtoe"},"id":"4425wcqec5e1h52","previousOperationId":"zxv72jq53b6sy07"}
{"type":"operationEnd","operationId":"zxv72jq53b6sy07","timestamp":1700593390087,"id":"pmtz8l4t1me0arq","previousEventId":"bi1shi915e2dg51","previousOperationId":"zxv72jq53b6sy07"}
{"type":"log","timestamp":1700593390087,"level":"debug","message":"Skipping storing report.","meta":{"rootId":"eo7viact08hvtoe","id":"eo7viact08hvtoe"},"id":"p48ikv7jlau78p1","previousOperationId":"zxv72jq53b6sy07"}
{"type":"log","timestamp":1700593390087,"level":"info","message":"Rendering request 46 finished in 181 ms","meta":{"rootId":"eo7viact08hvtoe","id":"eo7viact08hvtoe"},"id":"5dua8amh4u70qgm","previousOperationId":"zxv72jq53b6sy07"}
{"type":"operationEnd","subtype":"render","operationId":"yc4i16hih5yj70o","timestamp":1700593390087,"id":"9ib5jo0a6ubtusc","previousEventId":"pmtz8l4t1me0arq","previousOperationId":"zxv72jq53b6sy07"}
{"type":"operationEnd","doDiffs":false,"previousEventId":"l3mjoz3vm4f4xbw","previousOperationId":"t8i2n7fn8t5i55j","operationId":"t8i2n7fn8t5i55j","timestamp":1700593390088,"id":"cxgo7rsx6w7ccm0"}
