{"type":"operationStart","subtype":"profile","data":{"_id":"kuLf2TJEBfTTiBP9","timestamp":"2023-11-21T21:26:50.432Z","state":"queued","mode":"standard","creationDate":"2023-11-21T21:26:50.443Z","modificationDate":"2023-11-21T21:26:50.443Z","shortid":"4yASks0","$entitySet":"profiles"},"doDiffs":false,"timestamp":1700602010442,"id":"3gdws31t5m109kv","previousOperationId":null,"operationId":"exy0duaxcezipys"}
{"type":"log","level":"info","message":"Render request 106 queued for execution and waiting for available worker","previousOperationId":"exy0duaxcezipys","timestamp":1700602010443,"id":"05xqqg3iuoz3naz"}
{"type":"operationStart","subtype":"render","name":"anonymous","previousOperationId":"exy0duaxcezipys","timestamp":1700602010451,"id":"bsbitubkp6sti4e","previousEventId":"3gdws31t5m109kv","operationId":"f7urmmi41fqs11l"}
{"type":"log","timestamp":1700602010451,"level":"info","message":"Starting rendering request 106","meta":{"rootId":"gr08miqg01bdqk3","id":"gr08miqg01bdqk3"},"id":"6t1qcgbgga279d9","previousOperationId":"f7urmmi41fqs11l"}
{"type":"log","timestamp":1700602010451,"level":"info","message":"Rendering anonymous template { recipe: chrome-pdf, engine: none }","meta":{"rootId":"gr08miqg01bdqk3","id":"gr08miqg01bdqk3"},"id":"ogy3gcc3b7qnok5","previousOperationId":"f7urmmi41fqs11l"}
{"type":"log","timestamp":1700602010451,"level":"debug","message":"Data item not defined for this template.","meta":{"rootId":"gr08miqg01bdqk3","id":"gr08miqg01bdqk3"},"id":"68tuvx2s4aj4juh","previousOperationId":"f7urmmi41fqs11l"}
{"type":"log","timestamp":1700602010452,"level":"debug","message":"Base url not specified, skipping its injection.","meta":{"rootId":"gr08miqg01bdqk3","id":"gr08miqg01bdqk3"},"id":"hyph2bp4c73ij3n","previousOperationId":"f7urmmi41fqs11l"}
{"type":"operationStart","subtype":"engine","name":"none","timestamp":1700602010452,"id":"9n53ufwxj98c3g8","previousEventId":"bsbitubkp6sti4e","operationId":"cv2uspkn82s8blu","previousOperationId":"f7urmmi41fqs11l"}
{"type":"log","timestamp":1700602010452,"level":"debug","message":"Rendering engine none","meta":{"rootId":"gr08miqg01bdqk3","id":"gr08miqg01bdqk3"},"id":"gkw8cw05zadovex","previousOperationId":"cv2uspkn82s8blu"}
{"type":"operationEnd","operationId":"cv2uspkn82s8blu","timestamp":1700602010454,"id":"z79eh16bbz1mfg8","previousEventId":"9n53ufwxj98c3g8","previousOperationId":"cv2uspkn82s8blu"}
{"type":"operationStart","subtype":"recipe","name":"chrome-pdf","timestamp":1700602010454,"id":"g8v0toueynlbnn3","previousEventId":"z79eh16bbz1mfg8","operationId":"qiu0kp5yr38xr69","previousOperationId":"cv2uspkn82s8blu"}
{"type":"log","timestamp":1700602010454,"level":"debug","message":"Executing recipe chrome-pdf","meta":{"rootId":"gr08miqg01bdqk3","id":"gr08miqg01bdqk3"},"id":"7toy8yiwxncdaaf","previousOperationId":"qiu0kp5yr38xr69"}
{"type":"log","timestamp":1700602010455,"level":"debug","message":"Converting with chrome HeadlessChrome/117.0.5938.149 using chrome-pool strategy","meta":{"rootId":"gr08miqg01bdqk3","id":"gr08miqg01bdqk3"},"id":"twmxazo23kxw0z5","previousOperationId":"qiu0kp5yr38xr69"}
{"type":"log","timestamp":1700602010494,"level":"debug","message":"Page request: GET (document) file:///var/folders/dp/qk79pfcj0y1fmtkkl08m76rc0000gn/T/jsreport/autocleanup/7efaac4e-a382-41d2-a50b-a87611923483-chrome-pdf.html","meta":{"rootId":"gr08miqg01bdqk3","id":"gr08miqg01bdqk3"},"id":"v9e2oofawhy6ty1","previousOperationId":"qiu0kp5yr38xr69"}
{"type":"log","timestamp":1700602010498,"level":"debug","message":"Page request finished: GET (document) 200 file:///var/folders/dp/qk79pfcj0y1fmtkkl08m76rc0000gn/T/jsreport/autocleanup/7efaac4e-a382-41d2-a50b-a87611923483-chrome-pdf.html","meta":{"rootId":"gr08miqg01bdqk3","id":"gr08miqg01bdqk3"},"id":"fa6uz3lgeakvdm3","previousOperationId":"qiu0kp5yr38xr69"}
{"type":"log","timestamp":1700602010506,"level":"debug","message":"Running chrome with params {\"timeout\":59977,\"margin\":{},\"printBackground\":true}","meta":{"rootId":"gr08miqg01bdqk3","id":"gr08miqg01bdqk3"},"id":"tglexqsv0glmifp","previousOperationId":"qiu0kp5yr38xr69"}
{"type":"operationEnd","operationId":"qiu0kp5yr38xr69","timestamp":1700602010511,"id":"cdnv0yad07yuj9o","previousEventId":"g8v0toueynlbnn3","previousOperationId":"qiu0kp5yr38xr69"}
{"type":"log","timestamp":1700602010511,"level":"debug","message":"Skipping storing report.","meta":{"rootId":"gr08miqg01bdqk3","id":"gr08miqg01bdqk3"},"id":"epcr04y0wkroszp","previousOperationId":"qiu0kp5yr38xr69"}
{"type":"log","timestamp":1700602010511,"level":"info","message":"Rendering request 106 finished in 79 ms","meta":{"rootId":"gr08miqg01bdqk3","id":"gr08miqg01bdqk3"},"id":"30i6uvunrae79oi","previousOperationId":"qiu0kp5yr38xr69"}
{"type":"operationEnd","subtype":"render","operationId":"f7urmmi41fqs11l","timestamp":1700602010511,"id":"zniu6eo0fh7gh3d","previousEventId":"cdnv0yad07yuj9o","previousOperationId":"qiu0kp5yr38xr69"}
{"type":"operationEnd","doDiffs":false,"previousEventId":"3gdws31t5m109kv","previousOperationId":"exy0duaxcezipys","operationId":"exy0duaxcezipys","timestamp":1700602010512,"id":"vc0nrtqzvnkpt4l"}
