{"type":"operationStart","subtype":"profile","data":{"_id":"I4JmSTaqzixJUVN6","timestamp":"2023-11-21T19:46:12.646Z","state":"queued","mode":"standard","creationDate":"2023-11-21T19:46:12.647Z","modificationDate":"2023-11-21T19:46:12.647Z","shortid":"AoS9cbE","$entitySet":"profiles"},"doDiffs":false,"timestamp":1700595972647,"id":"002jf5u3uqv079d","previousOperationId":null,"operationId":"6e65oydxosboval"}
{"type":"log","level":"info","message":"Render request 68 queued for execution and waiting for available worker","previousOperationId":"6e65oydxosboval","timestamp":1700595972647,"id":"to2r9n8rhhzrl9r"}
{"type":"operationStart","subtype":"render","name":"anonymous","previousOperationId":"6e65oydxosboval","timestamp":1700595972652,"id":"bdlxb823cmrmh3r","previousEventId":"002jf5u3uqv079d","operationId":"gs9eu5e5pta6dvb"}
{"type":"log","timestamp":1700595972652,"level":"info","message":"Starting rendering request 68","meta":{"rootId":"h2whhn79mxjmqs3","id":"h2whhn79mxjmqs3"},"id":"mnng7rliq1l10fl","previousOperationId":"gs9eu5e5pta6dvb"}
{"type":"log","timestamp":1700595972652,"level":"info","message":"Rendering anonymous template { recipe: chrome-pdf, engine: handlebars }","meta":{"rootId":"h2whhn79mxjmqs3","id":"h2whhn79mxjmqs3"},"id":"lrg3xhwg1bf4wpn","previousOperationId":"gs9eu5e5pta6dvb"}
{"type":"log","timestamp":1700595972652,"level":"debug","message":"Inline data specified.","meta":{"rootId":"h2whhn79mxjmqs3","id":"h2whhn79mxjmqs3"},"id":"f7re4dm8a6ho78q","previousOperationId":"gs9eu5e5pta6dvb"}
{"type":"log","timestamp":1700595972652,"level":"debug","message":"Base url not specified, skipping its injection.","meta":{"rootId":"h2whhn79mxjmqs3","id":"h2whhn79mxjmqs3"},"id":"mxds96c3s12ekss","previousOperationId":"gs9eu5e5pta6dvb"}
{"type":"operationStart","subtype":"engine","name":"handlebars","timestamp":1700595972653,"id":"snrnieyher87g6c","previousEventId":"bdlxb823cmrmh3r","operationId":"gkuaklzunmna34i","previousOperationId":"gs9eu5e5pta6dvb"}
{"type":"log","timestamp":1700595972653,"level":"debug","message":"Rendering engine handlebars","meta":{"rootId":"h2whhn79mxjmqs3","id":"h2whhn79mxjmqs3"},"id":"as04tu0zbakyizs","previousOperationId":"gkuaklzunmna34i"}
{"type":"operationEnd","operationId":"gkuaklzunmna34i","timestamp":1700595972656,"id":"8msaylh28t37nob","previousEventId":"snrnieyher87g6c","previousOperationId":"gkuaklzunmna34i"}
{"type":"operationStart","subtype":"recipe","name":"chrome-pdf","timestamp":1700595972656,"id":"gp2oky8q7sec6h4","previousEventId":"8msaylh28t37nob","operationId":"e9cgygs9ivkfpcy","previousOperationId":"gkuaklzunmna34i"}
{"type":"log","timestamp":1700595972656,"level":"debug","message":"Executing recipe chrome-pdf","meta":{"rootId":"h2whhn79mxjmqs3","id":"h2whhn79mxjmqs3"},"id":"ws6npvzk77lvzpf","previousOperationId":"e9cgygs9ivkfpcy"}
{"type":"log","timestamp":1700595972657,"level":"debug","message":"Converting with chrome HeadlessChrome/117.0.5938.149 using chrome-pool strategy","meta":{"rootId":"h2whhn79mxjmqs3","id":"h2whhn79mxjmqs3"},"id":"ywk30pte8kao5q7","previousOperationId":"e9cgygs9ivkfpcy"}
{"type":"log","timestamp":1700595972709,"level":"debug","message":"Page request: GET (document) file:///var/folders/dp/qk79pfcj0y1fmtkkl08m76rc0000gn/T/jsreport/autocleanup/5469b12e-4530-43f5-adb9-cde2c36184fe-chrome-pdf.html","meta":{"rootId":"h2whhn79mxjmqs3","id":"h2whhn79mxjmqs3"},"id":"q7g0q58a6k2uq6a","previousOperationId":"e9cgygs9ivkfpcy"}
{"type":"log","timestamp":1700595972713,"level":"debug","message":"Page request finished: GET (document) 200 file:///var/folders/dp/qk79pfcj0y1fmtkkl08m76rc0000gn/T/jsreport/autocleanup/5469b12e-4530-43f5-adb9-cde2c36184fe-chrome-pdf.html","meta":{"rootId":"h2whhn79mxjmqs3","id":"h2whhn79mxjmqs3"},"id":"m0gfb49b9w9vxrl","previousOperationId":"e9cgygs9ivkfpcy"}
{"type":"log","timestamp":1700595972721,"level":"debug","message":"Running chrome with params {\"timeout\":59990,\"margin\":{},\"printBackground\":true}","meta":{"rootId":"h2whhn79mxjmqs3","id":"h2whhn79mxjmqs3"},"id":"q4yem4atdoa0b9g","previousOperationId":"e9cgygs9ivkfpcy"}
{"type":"operationEnd","operationId":"e9cgygs9ivkfpcy","timestamp":1700595972728,"id":"z9qiuhvgveyrpo2","previousEventId":"gp2oky8q7sec6h4","previousOperationId":"e9cgygs9ivkfpcy"}
{"type":"log","timestamp":1700595972728,"level":"debug","message":"Skipping storing report.","meta":{"rootId":"h2whhn79mxjmqs3","id":"h2whhn79mxjmqs3"},"id":"ulupk4s12whgja0","previousOperationId":"e9cgygs9ivkfpcy"}
{"type":"log","timestamp":1700595972728,"level":"info","message":"Rendering request 68 finished in 82 ms","meta":{"rootId":"h2whhn79mxjmqs3","id":"h2whhn79mxjmqs3"},"id":"0rns2024vx5wfw6","previousOperationId":"e9cgygs9ivkfpcy"}
{"type":"operationEnd","subtype":"render","operationId":"gs9eu5e5pta6dvb","timestamp":1700595972728,"id":"idjjd4c4btb1yai","previousEventId":"z9qiuhvgveyrpo2","previousOperationId":"e9cgygs9ivkfpcy"}
{"type":"operationEnd","doDiffs":false,"previousEventId":"002jf5u3uqv079d","previousOperationId":"6e65oydxosboval","operationId":"6e65oydxosboval","timestamp":1700595972729,"id":"hy1m8w6kgkmx5a6"}
