{"type":"operationStart","subtype":"profile","data":{"_id":"FY4sfthJq32rXzun","timestamp":"2023-11-21T18:58:31.815Z","state":"queued","mode":"standard","creationDate":"2023-11-21T18:58:31.815Z","modificationDate":"2023-11-21T18:58:31.815Z","shortid":"hUX-lH4","$entitySet":"profiles"},"doDiffs":false,"timestamp":1700593111815,"id":"4sl4yfq77mof3q1","previousOperationId":null,"operationId":"niy57v4uud9sfk6"}
{"type":"log","level":"info","message":"Render request 44 queued for execution and waiting for available worker","previousOperationId":"niy57v4uud9sfk6","timestamp":1700593111815,"id":"721smk7wdl0imtj"}
{"type":"operationStart","subtype":"render","name":"anonymous","previousOperationId":"niy57v4uud9sfk6","timestamp":1700593111817,"id":"hdygbdiatzxasd7","previousEventId":"4sl4yfq77mof3q1","operationId":"oh6v09g8eg60llo"}
{"type":"log","timestamp":1700593111817,"level":"info","message":"Starting rendering request 44","meta":{"rootId":"i4m9eap633ny7e0","id":"i4m9eap633ny7e0"},"id":"l3ygvthasfidb57","previousOperationId":"oh6v09g8eg60llo"}
{"type":"log","timestamp":1700593111817,"level":"info","message":"Rendering anonymous template { recipe: chrome-pdf, engine: handlebars }","meta":{"rootId":"i4m9eap633ny7e0","id":"i4m9eap633ny7e0"},"id":"etjf2z43r5tfmcb","previousOperationId":"oh6v09g8eg60llo"}
{"type":"log","timestamp":1700593111817,"level":"debug","message":"Inline data specified.","meta":{"rootId":"i4m9eap633ny7e0","id":"i4m9eap633ny7e0"},"id":"lhh5xejf0g90me8","previousOperationId":"oh6v09g8eg60llo"}
{"type":"log","timestamp":1700593111817,"level":"debug","message":"Base url not specified, skipping its injection.","meta":{"rootId":"i4m9eap633ny7e0","id":"i4m9eap633ny7e0"},"id":"gc9k7998wgt5ix6","previousOperationId":"oh6v09g8eg60llo"}
{"type":"operationStart","subtype":"engine","name":"handlebars","timestamp":1700593111817,"id":"ayrttkr1t4w3fm4","previousEventId":"hdygbdiatzxasd7","operationId":"h7vchis392r8o0d","previousOperationId":"oh6v09g8eg60llo"}
{"type":"log","timestamp":1700593111817,"level":"debug","message":"Rendering engine handlebars","meta":{"rootId":"i4m9eap633ny7e0","id":"i4m9eap633ny7e0"},"id":"2fjrgtz6ladbpsi","previousOperationId":"h7vchis392r8o0d"}
{"type":"operationEnd","operationId":"h7vchis392r8o0d","timestamp":1700593111822,"id":"t5c2ps8we0k192f","previousEventId":"ayrttkr1t4w3fm4","previousOperationId":"h7vchis392r8o0d"}
{"type":"operationStart","subtype":"recipe","name":"chrome-pdf","timestamp":1700593111822,"id":"t71gks01s11ekxj","previousEventId":"t5c2ps8we0k192f","operationId":"acl8g315jkef5gt","previousOperationId":"h7vchis392r8o0d"}
{"type":"log","timestamp":1700593111822,"level":"debug","message":"Executing recipe chrome-pdf","meta":{"rootId":"i4m9eap633ny7e0","id":"i4m9eap633ny7e0"},"id":"5ri3bt0lv8msexs","previousOperationId":"acl8g315jkef5gt"}
{"type":"log","timestamp":1700593111823,"level":"debug","message":"Converting with chrome HeadlessChrome/117.0.5938.149 using chrome-pool strategy","meta":{"rootId":"i4m9eap633ny7e0","id":"i4m9eap633ny7e0"},"id":"95lzfvi0tc2hpw8","previousOperationId":"acl8g315jkef5gt"}
{"type":"log","timestamp":1700593111861,"level":"debug","message":"Page request: GET (document) file:///var/folders/dp/qk79pfcj0y1fmtkkl08m76rc0000gn/T/jsreport/autocleanup/7b66f8eb-9410-4427-8221-1396f3180faa-chrome-pdf.html","meta":{"rootId":"i4m9eap633ny7e0","id":"i4m9eap633ny7e0"},"id":"my1mronaztiacha","previousOperationId":"acl8g315jkef5gt"}
{"type":"log","timestamp":1700593111866,"level":"debug","message":"Page request finished: GET (document) 200 file:///var/folders/dp/qk79pfcj0y1fmtkkl08m76rc0000gn/T/jsreport/autocleanup/7b66f8eb-9410-4427-8221-1396f3180faa-chrome-pdf.html","meta":{"rootId":"i4m9eap633ny7e0","id":"i4m9eap633ny7e0"},"id":"jjm4saqb9ufalk5","previousOperationId":"acl8g315jkef5gt"}
{"type":"log","timestamp":1700593111875,"level":"debug","message":"Running chrome with params {\"timeout\":59992,\"margin\":{},\"printBackground\":true}","meta":{"rootId":"i4m9eap633ny7e0","id":"i4m9eap633ny7e0"},"id":"b14372a7d0r95mt","previousOperationId":"acl8g315jkef5gt"}
{"type":"operationEnd","operationId":"acl8g315jkef5gt","timestamp":1700593111881,"id":"sibuzlmogeslorm","previousEventId":"t71gks01s11ekxj","previousOperationId":"acl8g315jkef5gt"}
{"type":"log","timestamp":1700593111881,"level":"debug","message":"Skipping storing report.","meta":{"rootId":"i4m9eap633ny7e0","id":"i4m9eap633ny7e0"},"id":"nvq0ui5o42ee90a","previousOperationId":"acl8g315jkef5gt"}
{"type":"log","timestamp":1700593111881,"level":"info","message":"Rendering request 44 finished in 67 ms","meta":{"rootId":"i4m9eap633ny7e0","id":"i4m9eap633ny7e0"},"id":"q4g6r9ong0d50d7","previousOperationId":"acl8g315jkef5gt"}
{"type":"operationEnd","subtype":"render","operationId":"oh6v09g8eg60llo","timestamp":1700593111881,"id":"gsqf1khjc9xy4a4","previousEventId":"sibuzlmogeslorm","previousOperationId":"acl8g315jkef5gt"}
{"type":"operationEnd","doDiffs":false,"previousEventId":"4sl4yfq77mof3q1","previousOperationId":"niy57v4uud9sfk6","operationId":"niy57v4uud9sfk6","timestamp":1700593111882,"id":"3u555ybs0uzjkn4"}
