{"type":"operationStart","subtype":"profile","data":{"_id":"WKcPR7HdkonLlkJI","timestamp":"2023-11-21T21:28:48.658Z","state":"queued","mode":"standard","creationDate":"2023-11-21T21:28:48.659Z","modificationDate":"2023-11-21T21:28:48.659Z","shortid":"dVaoGS1","$entitySet":"profiles"},"doDiffs":false,"timestamp":1700602128658,"id":"o6ea9w8vjgas3ne","previousOperationId":null,"operationId":"hp2vuydhsnmwyz8"}
{"type":"log","level":"info","message":"Render request 112 queued for execution and waiting for available worker","previousOperationId":"hp2vuydhsnmwyz8","timestamp":1700602128658,"id":"27j0lrji2oit4an"}
{"type":"operationStart","subtype":"render","name":"anonymous","previousOperationId":"hp2vuydhsnmwyz8","timestamp":1700602128663,"id":"icd8dbbf29zqsm7","previousEventId":"o6ea9w8vjgas3ne","operationId":"6v94d3b95u4lugu"}
{"type":"log","timestamp":1700602128663,"level":"info","message":"Starting rendering request 112","meta":{"rootId":"j1nu254ldewfmot","id":"j1nu254ldewfmot"},"id":"4qyf68nh8pukh33","previousOperationId":"6v94d3b95u4lugu"}
{"type":"log","timestamp":1700602128663,"level":"info","message":"Rendering template { name: undefined, recipe: chrome-pdf, engine: handlebars, preview: false }","meta":{"rootId":"j1nu254ldewfmot","id":"j1nu254ldewfmot"},"id":"7hdwwl44jcceuhh","previousOperationId":"6v94d3b95u4lugu"}
{"type":"log","timestamp":1700602128663,"level":"debug","message":"Inline data specified.","meta":{"rootId":"j1nu254ldewfmot","id":"j1nu254ldewfmot"},"id":"az13pq488ehrefw","previousOperationId":"6v94d3b95u4lugu"}
{"type":"log","timestamp":1700602128663,"level":"debug","message":"Base url not specified, skipping its injection.","meta":{"rootId":"j1nu254ldewfmot","id":"j1nu254ldewfmot"},"id":"nrla2cntgw054lo","previousOperationId":"6v94d3b95u4lugu"}
{"type":"operationStart","subtype":"engine","name":"handlebars","timestamp":1700602128664,"id":"98l07004nhbs4ac","previousEventId":"icd8dbbf29zqsm7","operationId":"urtdwru4pfjr0p7","previousOperationId":"6v94d3b95u4lugu"}
{"type":"log","timestamp":1700602128664,"level":"debug","message":"Rendering engine handlebars","meta":{"rootId":"j1nu254ldewfmot","id":"j1nu254ldewfmot"},"id":"i52s1xtcsoodpzo","previousOperationId":"urtdwru4pfjr0p7"}
{"type":"operationEnd","operationId":"urtdwru4pfjr0p7","timestamp":1700602128679,"id":"dsvb17n1zj73wx3","previousEventId":"98l07004nhbs4ac","previousOperationId":"urtdwru4pfjr0p7"}
{"type":"operationStart","subtype":"recipe","name":"chrome-pdf","timestamp":1700602128679,"id":"nspdj20k3dmdksk","previousEventId":"dsvb17n1zj73wx3","operationId":"1d12xy2whdwtj08","previousOperationId":"urtdwru4pfjr0p7"}
{"type":"log","timestamp":1700602128680,"level":"debug","message":"Executing recipe chrome-pdf","meta":{"rootId":"j1nu254ldewfmot","id":"j1nu254ldewfmot"},"id":"jixaveseuizcr9s","previousOperationId":"1d12xy2whdwtj08"}
{"type":"log","timestamp":1700602128836,"level":"debug","message":"Converting with chrome HeadlessChrome/117.0.5938.149 using chrome-pool strategy","meta":{"rootId":"j1nu254ldewfmot","id":"j1nu254ldewfmot"},"id":"chk92z5e7spolen","previousOperationId":"1d12xy2whdwtj08"}
{"type":"log","timestamp":1700602128877,"level":"debug","message":"Page request: GET (document) file:///var/folders/dp/qk79pfcj0y1fmtkkl08m76rc0000gn/T/jsreport/autocleanup/79025a9e-693b-487c-a042-714c252bf0a0-chrome-pdf.html","meta":{"rootId":"j1nu254ldewfmot","id":"j1nu254ldewfmot"},"id":"xmi45d7grafsm14","previousOperationId":"1d12xy2whdwtj08"}
{"type":"log","timestamp":1700602128881,"level":"debug","message":"Page request finished: GET (document) 200 file:///var/folders/dp/qk79pfcj0y1fmtkkl08m76rc0000gn/T/jsreport/autocleanup/79025a9e-693b-487c-a042-714c252bf0a0-chrome-pdf.html","meta":{"rootId":"j1nu254ldewfmot","id":"j1nu254ldewfmot"},"id":"xx05n03fhk9bvhp","previousOperationId":"1d12xy2whdwtj08"}
{"type":"log","timestamp":1700602128892,"level":"debug","message":"Running chrome with params {\"timeout\":59978,\"margin\":{},\"printBackground\":true}","meta":{"rootId":"j1nu254ldewfmot","id":"j1nu254ldewfmot"},"id":"syk475wqdgiycbh","previousOperationId":"1d12xy2whdwtj08"}
{"type":"operationEnd","operationId":"1d12xy2whdwtj08","timestamp":1700602128898,"id":"lk4hkoohi1dtms6","previousEventId":"nspdj20k3dmdksk","previousOperationId":"1d12xy2whdwtj08"}
{"type":"log","timestamp":1700602128898,"level":"debug","message":"Skipping storing report.","meta":{"rootId":"j1nu254ldewfmot","id":"j1nu254ldewfmot"},"id":"ljppi29gzhjt4xi","previousOperationId":"1d12xy2whdwtj08"}
{"type":"log","timestamp":1700602128898,"level":"info","message":"Rendering request 112 finished in 240 ms","meta":{"rootId":"j1nu254ldewfmot","id":"j1nu254ldewfmot"},"id":"jinafxyo2skdphe","previousOperationId":"1d12xy2whdwtj08"}
{"type":"operationEnd","subtype":"render","operationId":"6v94d3b95u4lugu","timestamp":1700602128898,"id":"88f9as73ezgc7dw","previousEventId":"lk4hkoohi1dtms6","previousOperationId":"1d12xy2whdwtj08"}
{"type":"operationEnd","doDiffs":false,"previousEventId":"o6ea9w8vjgas3ne","previousOperationId":"hp2vuydhsnmwyz8","operationId":"hp2vuydhsnmwyz8","timestamp":1700602128898,"id":"jatge8rilqnh130"}
