{"type":"operationStart","subtype":"profile","data":{"_id":"jMq2ihhnYHIFtWn5","timestamp":"2023-11-27T14:21:14.243Z","state":"queued","mode":"standard","creationDate":"2023-11-27T14:21:14.244Z","modificationDate":"2023-11-27T14:21:14.244Z","shortid":"0LXCHtJ","$entitySet":"profiles"},"doDiffs":false,"timestamp":1701094874243,"id":"qcsbzsanpz9sqkq","previousOperationId":null,"operationId":"0n4002rycy59g8i"}
{"type":"log","level":"info","message":"Render request 155 queued for execution and waiting for available worker","previousOperationId":"0n4002rycy59g8i","timestamp":1701094874244,"id":"wbsacbwroj2v4ul"}
{"type":"operationStart","subtype":"render","name":"anonymous","previousOperationId":"0n4002rycy59g8i","timestamp":1701094874246,"id":"gh2abpxswnunowf","previousEventId":"qcsbzsanpz9sqkq","operationId":"up78px909dkhai7"}
{"type":"log","timestamp":1701094874246,"level":"info","message":"Starting rendering request 155","meta":{"rootId":"jgqeo7pcdei93yu","id":"jgqeo7pcdei93yu"},"id":"ck6wwt772xr70z8","previousOperationId":"up78px909dkhai7"}
{"type":"log","timestamp":1701094874246,"level":"info","message":"Rendering template { name: undefined, recipe: chrome-pdf, engine: handlebars, preview: false }","meta":{"rootId":"jgqeo7pcdei93yu","id":"jgqeo7pcdei93yu"},"id":"7qkt3hmeaphrv28","previousOperationId":"up78px909dkhai7"}
{"type":"log","timestamp":1701094874246,"level":"debug","message":"Inline data specified.","meta":{"rootId":"jgqeo7pcdei93yu","id":"jgqeo7pcdei93yu"},"id":"diedklqoxqcuhv3","previousOperationId":"up78px909dkhai7"}
{"type":"log","timestamp":1701094874246,"level":"debug","message":"Base url not specified, skipping its injection.","meta":{"rootId":"jgqeo7pcdei93yu","id":"jgqeo7pcdei93yu"},"id":"pgn8ku90ld3cvez","previousOperationId":"up78px909dkhai7"}
{"type":"operationStart","subtype":"engine","name":"handlebars","timestamp":1701094874246,"id":"v35btrey7ao3fxs","previousEventId":"gh2abpxswnunowf","operationId":"oc2rvc7j05ertpz","previousOperationId":"up78px909dkhai7"}
{"type":"log","timestamp":1701094874246,"level":"debug","message":"Rendering engine handlebars","meta":{"rootId":"jgqeo7pcdei93yu","id":"jgqeo7pcdei93yu"},"id":"lph9vfwywtnfg3u","previousOperationId":"oc2rvc7j05ertpz"}
{"type":"operationEnd","operationId":"oc2rvc7j05ertpz","timestamp":1701094874250,"id":"6abiuoiy8alpcxx","previousEventId":"v35btrey7ao3fxs","previousOperationId":"oc2rvc7j05ertpz"}
{"type":"operationStart","subtype":"recipe","name":"chrome-pdf","timestamp":1701094874250,"id":"7w1z0qq0b51zrih","previousEventId":"6abiuoiy8alpcxx","operationId":"qrdzh33dusj9i85","previousOperationId":"oc2rvc7j05ertpz"}
{"type":"log","timestamp":1701094874250,"level":"debug","message":"Executing recipe chrome-pdf","meta":{"rootId":"jgqeo7pcdei93yu","id":"jgqeo7pcdei93yu"},"id":"igmr086hllvjfrd","previousOperationId":"qrdzh33dusj9i85"}
{"type":"log","timestamp":1701094874251,"level":"debug","message":"Converting with chrome HeadlessChrome/117.0.5938.149 using chrome-pool strategy","meta":{"rootId":"jgqeo7pcdei93yu","id":"jgqeo7pcdei93yu"},"id":"lqaudwfamb32xis","previousOperationId":"qrdzh33dusj9i85"}
{"type":"log","timestamp":1701094874315,"level":"debug","message":"Page request: GET (document) file:///var/folders/dp/qk79pfcj0y1fmtkkl08m76rc0000gn/T/jsreport/autocleanup/d174b639-6137-4374-a3d9-ee77e2370c26-chrome-pdf.html","meta":{"rootId":"jgqeo7pcdei93yu","id":"jgqeo7pcdei93yu"},"id":"koo1n2bznrgnvqi","previousOperationId":"qrdzh33dusj9i85"}
{"type":"log","timestamp":1701094874322,"level":"debug","message":"Page request finished: GET (document) 200 file:///var/folders/dp/qk79pfcj0y1fmtkkl08m76rc0000gn/T/jsreport/autocleanup/d174b639-6137-4374-a3d9-ee77e2370c26-chrome-pdf.html","meta":{"rootId":"jgqeo7pcdei93yu","id":"jgqeo7pcdei93yu"},"id":"ume0sgl1syw9cc1","previousOperationId":"qrdzh33dusj9i85"}
{"type":"log","timestamp":1701094874327,"level":"debug","message":"Running chrome with params {\"timeout\":59993,\"margin\":{},\"printBackground\":true}","meta":{"rootId":"jgqeo7pcdei93yu","id":"jgqeo7pcdei93yu"},"id":"qjllu0bq1fwng9u","previousOperationId":"qrdzh33dusj9i85"}
{"type":"operationEnd","operationId":"qrdzh33dusj9i85","timestamp":1701094874333,"id":"jv78s8pjvfqj9m7","previousEventId":"7w1z0qq0b51zrih","previousOperationId":"qrdzh33dusj9i85"}
{"type":"log","timestamp":1701094874333,"level":"debug","message":"Skipping storing report.","meta":{"rootId":"jgqeo7pcdei93yu","id":"jgqeo7pcdei93yu"},"id":"fpfknansd5cfxzp","previousOperationId":"qrdzh33dusj9i85"}
{"type":"log","timestamp":1701094874333,"level":"info","message":"Rendering request 155 finished in 90 ms","meta":{"rootId":"jgqeo7pcdei93yu","id":"jgqeo7pcdei93yu"},"id":"n37dous7ozfbith","previousOperationId":"qrdzh33dusj9i85"}
{"type":"operationEnd","subtype":"render","operationId":"up78px909dkhai7","timestamp":1701094874333,"id":"qsojyyby7xr4m12","previousEventId":"jv78s8pjvfqj9m7","previousOperationId":"qrdzh33dusj9i85"}
{"type":"operationEnd","doDiffs":false,"previousEventId":"qcsbzsanpz9sqkq","previousOperationId":"0n4002rycy59g8i","operationId":"0n4002rycy59g8i","timestamp":1701094874333,"id":"uxcg8sjwcw8pd96"}
