{"type":"operationStart","subtype":"profile","data":{"_id":"VDuNe7JfyHByirk7","timestamp":"2023-11-21T18:31:11.958Z","state":"queued","mode":"standard","creationDate":"2023-11-21T18:31:11.959Z","modificationDate":"2023-11-21T18:31:11.959Z","shortid":"zfV7pef","$entitySet":"profiles"},"doDiffs":false,"timestamp":1700591471959,"id":"xk1dmiw8s54lmu5","previousOperationId":null,"operationId":"2k4hcqfk8u35vga"}
{"type":"log","level":"info","message":"Render request 12 queued for execution and waiting for available worker","previousOperationId":"2k4hcqfk8u35vga","timestamp":1700591471959,"id":"o013pyy9n7c3fri"}
{"type":"operationStart","subtype":"render","name":"anonymous","previousOperationId":"2k4hcqfk8u35vga","timestamp":1700591471962,"id":"zfd6d4hbv6slhhx","previousEventId":"xk1dmiw8s54lmu5","operationId":"0ecqtjkqrb9phz9"}
{"type":"log","timestamp":1700591471962,"level":"info","message":"Starting rendering request 12","meta":{"rootId":"jqiyp8e1fo4q1pw","id":"jqiyp8e1fo4q1pw"},"id":"27in2w02ghywbap","previousOperationId":"0ecqtjkqrb9phz9"}
{"type":"log","timestamp":1700591471962,"level":"info","message":"Rendering anonymous template { recipe: chrome-pdf, engine: none }","meta":{"rootId":"jqiyp8e1fo4q1pw","id":"jqiyp8e1fo4q1pw"},"id":"n4dexgcgia7gtad","previousOperationId":"0ecqtjkqrb9phz9"}
{"type":"log","timestamp":1700591471962,"level":"debug","message":"Data item not defined for this template.","meta":{"rootId":"jqiyp8e1fo4q1pw","id":"jqiyp8e1fo4q1pw"},"id":"q7yv5ht8pygvxkt","previousOperationId":"0ecqtjkqrb9phz9"}
{"type":"log","timestamp":1700591471963,"level":"debug","message":"Base url not specified, skipping its injection.","meta":{"rootId":"jqiyp8e1fo4q1pw","id":"jqiyp8e1fo4q1pw"},"id":"vhvkic3m04gw0th","previousOperationId":"0ecqtjkqrb9phz9"}
{"type":"operationStart","subtype":"engine","name":"none","timestamp":1700591471963,"id":"p7ns72879qwphob","previousEventId":"zfd6d4hbv6slhhx","operationId":"0khfeq4w4332xia","previousOperationId":"0ecqtjkqrb9phz9"}
{"type":"log","timestamp":1700591471963,"level":"debug","message":"Rendering engine none","meta":{"rootId":"jqiyp8e1fo4q1pw","id":"jqiyp8e1fo4q1pw"},"id":"noh027xadbb410l","previousOperationId":"0khfeq4w4332xia"}
{"type":"operationEnd","operationId":"0khfeq4w4332xia","timestamp":1700591471966,"id":"fudfah04mpgizin","previousEventId":"p7ns72879qwphob","previousOperationId":"0khfeq4w4332xia"}
{"type":"operationStart","subtype":"recipe","name":"chrome-pdf","timestamp":1700591471966,"id":"4zxky4kc7pyfpv5","previousEventId":"fudfah04mpgizin","operationId":"xmj4hs59u9zs1q3","previousOperationId":"0khfeq4w4332xia"}
{"type":"log","timestamp":1700591471966,"level":"debug","message":"Executing recipe chrome-pdf","meta":{"rootId":"jqiyp8e1fo4q1pw","id":"jqiyp8e1fo4q1pw"},"id":"grh8wrei7dn8lbn","previousOperationId":"xmj4hs59u9zs1q3"}
{"type":"log","timestamp":1700591471967,"level":"debug","message":"Converting with chrome HeadlessChrome/117.0.5938.149 using chrome-pool strategy","meta":{"rootId":"jqiyp8e1fo4q1pw","id":"jqiyp8e1fo4q1pw"},"id":"r78l3sc54cu7ej7","previousOperationId":"xmj4hs59u9zs1q3"}
{"type":"log","timestamp":1700591472021,"level":"debug","message":"Page request: GET (document) file:///var/folders/dp/qk79pfcj0y1fmtkkl08m76rc0000gn/T/jsreport/autocleanup/91e8fedf-0539-4415-88ab-81e1304d0944-chrome-pdf.html","meta":{"rootId":"jqiyp8e1fo4q1pw","id":"jqiyp8e1fo4q1pw"},"id":"lumq3m8tjsgbhfl","previousOperationId":"xmj4hs59u9zs1q3"}
{"type":"log","timestamp":1700591472026,"level":"debug","message":"Page request finished: GET (document) 200 file:///var/folders/dp/qk79pfcj0y1fmtkkl08m76rc0000gn/T/jsreport/autocleanup/91e8fedf-0539-4415-88ab-81e1304d0944-chrome-pdf.html","meta":{"rootId":"jqiyp8e1fo4q1pw","id":"jqiyp8e1fo4q1pw"},"id":"1pxp988745u6q32","previousOperationId":"xmj4hs59u9zs1q3"}
{"type":"log","timestamp":1700591472033,"level":"debug","message":"Running chrome with params {\"timeout\":59991,\"margin\":{},\"printBackground\":true}","meta":{"rootId":"jqiyp8e1fo4q1pw","id":"jqiyp8e1fo4q1pw"},"id":"8nnjf8aoenoscv4","previousOperationId":"xmj4hs59u9zs1q3"}
{"type":"operationEnd","operationId":"xmj4hs59u9zs1q3","timestamp":1700591472039,"id":"6w1ff8u7mm6s5qf","previousEventId":"4zxky4kc7pyfpv5","previousOperationId":"xmj4hs59u9zs1q3"}
{"type":"log","timestamp":1700591472039,"level":"debug","message":"Skipping storing report.","meta":{"rootId":"jqiyp8e1fo4q1pw","id":"jqiyp8e1fo4q1pw"},"id":"oaktdpci6w09mod","previousOperationId":"xmj4hs59u9zs1q3"}
{"type":"log","timestamp":1700591472039,"level":"info","message":"Rendering request 12 finished in 81 ms","meta":{"rootId":"jqiyp8e1fo4q1pw","id":"jqiyp8e1fo4q1pw"},"id":"zirj3r469hnkt1r","previousOperationId":"xmj4hs59u9zs1q3"}
{"type":"operationEnd","subtype":"render","operationId":"0ecqtjkqrb9phz9","timestamp":1700591472039,"id":"w7l1kl95dbhdj48","previousEventId":"6w1ff8u7mm6s5qf","previousOperationId":"xmj4hs59u9zs1q3"}
{"type":"operationEnd","doDiffs":false,"previousEventId":"xk1dmiw8s54lmu5","previousOperationId":"2k4hcqfk8u35vga","operationId":"2k4hcqfk8u35vga","timestamp":1700591472040,"id":"tk6zev1856g9r1z"}
