{"type":"operationStart","subtype":"profile","data":{"_id":"zOlT8zsQzfgrMpcM","timestamp":"2023-11-27T14:21:05.234Z","state":"queued","mode":"standard","creationDate":"2023-11-27T14:21:05.234Z","modificationDate":"2023-11-27T14:21:05.234Z","shortid":"UU_dK9i","$entitySet":"profiles"},"doDiffs":false,"timestamp":1701094865234,"id":"rks8t4g1i89h4eh","previousOperationId":null,"operationId":"3p9m5ndiutvudw7"}
{"type":"log","level":"info","message":"Render request 154 queued for execution and waiting for available worker","previousOperationId":"3p9m5ndiutvudw7","timestamp":1701094865234,"id":"4lcq6quo04vu14b"}
{"type":"operationStart","subtype":"render","name":"anonymous","previousOperationId":"3p9m5ndiutvudw7","timestamp":1701094865236,"id":"umqtwzkzd53tqym","previousEventId":"rks8t4g1i89h4eh","operationId":"ni9e9nkvfkkoyfw"}
{"type":"log","timestamp":1701094865236,"level":"info","message":"Starting rendering request 154","meta":{"rootId":"kes196sy4kksiyb","id":"kes196sy4kksiyb"},"id":"i0scamrxydg61gz","previousOperationId":"ni9e9nkvfkkoyfw"}
{"type":"log","timestamp":1701094865236,"level":"info","message":"Rendering template { name: undefined, recipe: chrome-pdf, engine: handlebars, preview: false }","meta":{"rootId":"kes196sy4kksiyb","id":"kes196sy4kksiyb"},"id":"ktyikk9rj0syw4j","previousOperationId":"ni9e9nkvfkkoyfw"}
{"type":"log","timestamp":1701094865236,"level":"debug","message":"Inline data specified.","meta":{"rootId":"kes196sy4kksiyb","id":"kes196sy4kksiyb"},"id":"unrlodfes9m1ltc","previousOperationId":"ni9e9nkvfkkoyfw"}
{"type":"log","timestamp":1701094865236,"level":"debug","message":"Base url not specified, skipping its injection.","meta":{"rootId":"kes196sy4kksiyb","id":"kes196sy4kksiyb"},"id":"buv6wknkoiskszl","previousOperationId":"ni9e9nkvfkkoyfw"}
{"type":"operationStart","subtype":"engine","name":"handlebars","timestamp":1701094865236,"id":"pebg3pgsy77or34","previousEventId":"umqtwzkzd53tqym","operationId":"y60g05spnf9zuv3","previousOperationId":"ni9e9nkvfkkoyfw"}
{"type":"log","timestamp":1701094865236,"level":"debug","message":"Rendering engine handlebars","meta":{"rootId":"kes196sy4kksiyb","id":"kes196sy4kksiyb"},"id":"fj31nzgq27kkm9t","previousOperationId":"y60g05spnf9zuv3"}
{"type":"operationEnd","operationId":"y60g05spnf9zuv3","timestamp":1701094865242,"id":"tjzy8oyoz1advkl","previousEventId":"pebg3pgsy77or34","previousOperationId":"y60g05spnf9zuv3"}
{"type":"operationStart","subtype":"recipe","name":"chrome-pdf","timestamp":1701094865242,"id":"goxhj2vx2wtt0vj","previousEventId":"tjzy8oyoz1advkl","operationId":"azy1ooan5ncrv3g","previousOperationId":"y60g05spnf9zuv3"}
{"type":"log","timestamp":1701094865242,"level":"debug","message":"Executing recipe chrome-pdf","meta":{"rootId":"kes196sy4kksiyb","id":"kes196sy4kksiyb"},"id":"pc6rx9oa8ruw27u","previousOperationId":"azy1ooan5ncrv3g"}
{"type":"log","timestamp":1701094865243,"level":"debug","message":"Converting with chrome HeadlessChrome/117.0.5938.149 using chrome-pool strategy","meta":{"rootId":"kes196sy4kksiyb","id":"kes196sy4kksiyb"},"id":"e5axjhxhmczst0e","previousOperationId":"azy1ooan5ncrv3g"}
{"type":"log","timestamp":1701094865286,"level":"debug","message":"Page request: GET (document) file:///var/folders/dp/qk79pfcj0y1fmtkkl08m76rc0000gn/T/jsreport/autocleanup/4d5989cc-a63a-4425-86e6-f93a99941cb5-chrome-pdf.html","meta":{"rootId":"kes196sy4kksiyb","id":"kes196sy4kksiyb"},"id":"n77b3ox5l6znnza","previousOperationId":"azy1ooan5ncrv3g"}
{"type":"log","timestamp":1701094865292,"level":"debug","message":"Page request finished: GET (document) 200 file:///var/folders/dp/qk79pfcj0y1fmtkkl08m76rc0000gn/T/jsreport/autocleanup/4d5989cc-a63a-4425-86e6-f93a99941cb5-chrome-pdf.html","meta":{"rootId":"kes196sy4kksiyb","id":"kes196sy4kksiyb"},"id":"4hh15nx3iovlvf1","previousOperationId":"azy1ooan5ncrv3g"}
{"type":"log","timestamp":1701094865296,"level":"debug","message":"Running chrome with params {\"timeout\":59992,\"margin\":{},\"printBackground\":true}","meta":{"rootId":"kes196sy4kksiyb","id":"kes196sy4kksiyb"},"id":"yusok2nidj5irpg","previousOperationId":"azy1ooan5ncrv3g"}
{"type":"operationEnd","operationId":"azy1ooan5ncrv3g","timestamp":1701094865302,"id":"v2bn9uah76rghky","previousEventId":"goxhj2vx2wtt0vj","previousOperationId":"azy1ooan5ncrv3g"}
{"type":"log","timestamp":1701094865302,"level":"debug","message":"Skipping storing report.","meta":{"rootId":"kes196sy4kksiyb","id":"kes196sy4kksiyb"},"id":"wsc6ehrk30uhufg","previousOperationId":"azy1ooan5ncrv3g"}
{"type":"log","timestamp":1701094865302,"level":"info","message":"Rendering request 154 finished in 68 ms","meta":{"rootId":"kes196sy4kksiyb","id":"kes196sy4kksiyb"},"id":"betr9pmp0ta1kme","previousOperationId":"azy1ooan5ncrv3g"}
{"type":"operationEnd","subtype":"render","operationId":"ni9e9nkvfkkoyfw","timestamp":1701094865302,"id":"m6nst9uqly81ct0","previousEventId":"v2bn9uah76rghky","previousOperationId":"azy1ooan5ncrv3g"}
{"type":"operationEnd","doDiffs":false,"previousEventId":"rks8t4g1i89h4eh","previousOperationId":"3p9m5ndiutvudw7","operationId":"3p9m5ndiutvudw7","timestamp":1701094865303,"id":"dubpbqpknq9h961"}
