{"type":"operationStart","subtype":"profile","data":{"_id":"HImGFgxJnnGJr8KE","timestamp":"2023-11-21T18:55:14.546Z","state":"queued","mode":"standard","creationDate":"2023-11-21T18:55:14.547Z","modificationDate":"2023-11-21T18:55:14.547Z","shortid":"K5db2Lv","$entitySet":"profiles"},"doDiffs":false,"timestamp":1700592914547,"id":"dcr9mrr235ns2e1","previousOperationId":null,"operationId":"pjxn1bjkp1qyp0p"}
{"type":"log","level":"info","message":"Render request 40 queued for execution and waiting for available worker","previousOperationId":"pjxn1bjkp1qyp0p","timestamp":1700592914547,"id":"g75j27cqi7qn5bl"}
{"type":"operationStart","subtype":"render","name":"anonymous","previousOperationId":"pjxn1bjkp1qyp0p","timestamp":1700592914549,"id":"s3hmfi2xnoje2vk","previousEventId":"dcr9mrr235ns2e1","operationId":"5lcvthh7nubcouc"}
{"type":"log","timestamp":1700592914549,"level":"info","message":"Starting rendering request 40","meta":{"rootId":"kuxvjwzefqzjp31","id":"kuxvjwzefqzjp31"},"id":"rqz0v1e4pewn3ap","previousOperationId":"5lcvthh7nubcouc"}
{"type":"log","timestamp":1700592914549,"level":"info","message":"Rendering anonymous template { recipe: chrome-pdf, engine: none }","meta":{"rootId":"kuxvjwzefqzjp31","id":"kuxvjwzefqzjp31"},"id":"dq5h3ku81uk9fkj","previousOperationId":"5lcvthh7nubcouc"}
{"type":"log","timestamp":1700592914549,"level":"debug","message":"Data item not defined for this template.","meta":{"rootId":"kuxvjwzefqzjp31","id":"kuxvjwzefqzjp31"},"id":"6flbkz3a49jecyv","previousOperationId":"5lcvthh7nubcouc"}
{"type":"log","timestamp":1700592914550,"level":"debug","message":"Base url not specified, skipping its injection.","meta":{"rootId":"kuxvjwzefqzjp31","id":"kuxvjwzefqzjp31"},"id":"3vjwxjp34jvkjjb","previousOperationId":"5lcvthh7nubcouc"}
{"type":"operationStart","subtype":"engine","name":"none","timestamp":1700592914550,"id":"3z0skzo6bzzmayn","previousEventId":"s3hmfi2xnoje2vk","operationId":"ls3m61up7huz2t5","previousOperationId":"5lcvthh7nubcouc"}
{"type":"log","timestamp":1700592914550,"level":"debug","message":"Rendering engine none","meta":{"rootId":"kuxvjwzefqzjp31","id":"kuxvjwzefqzjp31"},"id":"eb417p63eyure3a","previousOperationId":"ls3m61up7huz2t5"}
{"type":"operationEnd","operationId":"ls3m61up7huz2t5","timestamp":1700592914553,"id":"mps6p6w0t0t65zh","previousEventId":"3z0skzo6bzzmayn","previousOperationId":"ls3m61up7huz2t5"}
{"type":"operationStart","subtype":"recipe","name":"chrome-pdf","timestamp":1700592914553,"id":"8r8db30psjozitt","previousEventId":"mps6p6w0t0t65zh","operationId":"gkg8bjrojot6ope","previousOperationId":"ls3m61up7huz2t5"}
{"type":"log","timestamp":1700592914553,"level":"debug","message":"Executing recipe chrome-pdf","meta":{"rootId":"kuxvjwzefqzjp31","id":"kuxvjwzefqzjp31"},"id":"zo9merolg6xerm8","previousOperationId":"gkg8bjrojot6ope"}
{"type":"log","timestamp":1700592914554,"level":"debug","message":"Converting with chrome HeadlessChrome/117.0.5938.149 using chrome-pool strategy","meta":{"rootId":"kuxvjwzefqzjp31","id":"kuxvjwzefqzjp31"},"id":"jomwaimcji2eyg4","previousOperationId":"gkg8bjrojot6ope"}
{"type":"log","timestamp":1700592914592,"level":"debug","message":"Page request: GET (document) file:///var/folders/dp/qk79pfcj0y1fmtkkl08m76rc0000gn/T/jsreport/autocleanup/98b152f4-6f64-4152-8edf-0d4ce8c0d429-chrome-pdf.html","meta":{"rootId":"kuxvjwzefqzjp31","id":"kuxvjwzefqzjp31"},"id":"aqttk9ksvldeysf","previousOperationId":"gkg8bjrojot6ope"}
{"type":"log","timestamp":1700592914597,"level":"debug","message":"Page request finished: GET (document) 200 file:///var/folders/dp/qk79pfcj0y1fmtkkl08m76rc0000gn/T/jsreport/autocleanup/98b152f4-6f64-4152-8edf-0d4ce8c0d429-chrome-pdf.html","meta":{"rootId":"kuxvjwzefqzjp31","id":"kuxvjwzefqzjp31"},"id":"vxj9cgwo1m9a0yt","previousOperationId":"gkg8bjrojot6ope"}
{"type":"log","timestamp":1700592914606,"level":"debug","message":"Running chrome with params {\"timeout\":59992,\"margin\":{},\"printBackground\":true}","meta":{"rootId":"kuxvjwzefqzjp31","id":"kuxvjwzefqzjp31"},"id":"alhcw3nssz2abua","previousOperationId":"gkg8bjrojot6ope"}
{"type":"operationEnd","operationId":"gkg8bjrojot6ope","timestamp":1700592914612,"id":"j97o7g2hogvi9fs","previousEventId":"8r8db30psjozitt","previousOperationId":"gkg8bjrojot6ope"}
{"type":"log","timestamp":1700592914612,"level":"debug","message":"Skipping storing report.","meta":{"rootId":"kuxvjwzefqzjp31","id":"kuxvjwzefqzjp31"},"id":"7my2664zlrdkj11","previousOperationId":"gkg8bjrojot6ope"}
{"type":"log","timestamp":1700592914612,"level":"info","message":"Rendering request 40 finished in 66 ms","meta":{"rootId":"kuxvjwzefqzjp31","id":"kuxvjwzefqzjp31"},"id":"c9lkmjt4m7oarrw","previousOperationId":"gkg8bjrojot6ope"}
{"type":"operationEnd","subtype":"render","operationId":"5lcvthh7nubcouc","timestamp":1700592914612,"id":"u14y43fflrmapg9","previousEventId":"j97o7g2hogvi9fs","previousOperationId":"gkg8bjrojot6ope"}
{"type":"operationEnd","doDiffs":false,"previousEventId":"dcr9mrr235ns2e1","previousOperationId":"pjxn1bjkp1qyp0p","operationId":"pjxn1bjkp1qyp0p","timestamp":1700592914613,"id":"312sf24kzpy5wri"}
