{"type":"operationStart","subtype":"profile","data":{"_id":"MgCjauhz548N93jU","timestamp":"2023-11-21T18:52:53.074Z","state":"queued","mode":"standard","creationDate":"2023-11-21T18:52:53.075Z","modificationDate":"2023-11-21T18:52:53.075Z","shortid":"pKcgDzP","$entitySet":"profiles"},"doDiffs":false,"timestamp":1700592773074,"id":"kkbap24rj9hai9p","previousOperationId":null,"operationId":"rklz7mzlpz5so57"}
{"type":"log","level":"info","message":"Render request 37 queued for execution and waiting for available worker","previousOperationId":"rklz7mzlpz5so57","timestamp":1700592773074,"id":"op9nvze1h1vd19w"}
{"type":"operationStart","subtype":"render","name":"anonymous","previousOperationId":"rklz7mzlpz5so57","timestamp":1700592773079,"id":"i8ia0gx698xzuu5","previousEventId":"kkbap24rj9hai9p","operationId":"vbo25zbuf82exq0"}
{"type":"log","timestamp":1700592773079,"level":"info","message":"Starting rendering request 37","meta":{"rootId":"ljywc6prdzyorvm","id":"ljywc6prdzyorvm"},"id":"cjz2ff4sbwdog97","previousOperationId":"vbo25zbuf82exq0"}
{"type":"log","timestamp":1700592773079,"level":"info","message":"Rendering anonymous template { recipe: chrome-pdf, engine: none }","meta":{"rootId":"ljywc6prdzyorvm","id":"ljywc6prdzyorvm"},"id":"8tzy721p9jd2nvk","previousOperationId":"vbo25zbuf82exq0"}
{"type":"log","timestamp":1700592773079,"level":"debug","message":"Data item not defined for this template.","meta":{"rootId":"ljywc6prdzyorvm","id":"ljywc6prdzyorvm"},"id":"sa97a270fe4adgr","previousOperationId":"vbo25zbuf82exq0"}
{"type":"log","timestamp":1700592773079,"level":"debug","message":"Base url not specified, skipping its injection.","meta":{"rootId":"ljywc6prdzyorvm","id":"ljywc6prdzyorvm"},"id":"qmhfk73a4evr7wg","previousOperationId":"vbo25zbuf82exq0"}
{"type":"operationStart","subtype":"engine","name":"none","timestamp":1700592773079,"id":"g1pnpv9083udc1y","previousEventId":"i8ia0gx698xzuu5","operationId":"zv3k7htrqquhvor","previousOperationId":"vbo25zbuf82exq0"}
{"type":"log","timestamp":1700592773079,"level":"debug","message":"Rendering engine none","meta":{"rootId":"ljywc6prdzyorvm","id":"ljywc6prdzyorvm"},"id":"562agotif5w5xv2","previousOperationId":"zv3k7htrqquhvor"}
{"type":"operationEnd","operationId":"zv3k7htrqquhvor","timestamp":1700592773083,"id":"yjxqdiqpqqaiskf","previousEventId":"g1pnpv9083udc1y","previousOperationId":"zv3k7htrqquhvor"}
{"type":"operationStart","subtype":"recipe","name":"chrome-pdf","timestamp":1700592773083,"id":"d2dpcnxk4d2gx3z","previousEventId":"yjxqdiqpqqaiskf","operationId":"u11tjqlk8btkw1x","previousOperationId":"zv3k7htrqquhvor"}
{"type":"log","timestamp":1700592773083,"level":"debug","message":"Executing recipe chrome-pdf","meta":{"rootId":"ljywc6prdzyorvm","id":"ljywc6prdzyorvm"},"id":"ffv01al0jy16dqm","previousOperationId":"u11tjqlk8btkw1x"}
{"type":"log","timestamp":1700592773084,"level":"debug","message":"Converting with chrome HeadlessChrome/117.0.5938.149 using chrome-pool strategy","meta":{"rootId":"ljywc6prdzyorvm","id":"ljywc6prdzyorvm"},"id":"3s6l156c9n4elsy","previousOperationId":"u11tjqlk8btkw1x"}
{"type":"log","timestamp":1700592773124,"level":"debug","message":"Page request: GET (document) file:///var/folders/dp/qk79pfcj0y1fmtkkl08m76rc0000gn/T/jsreport/autocleanup/50a432a5-8514-4609-b27b-add23ef6bac1-chrome-pdf.html","meta":{"rootId":"ljywc6prdzyorvm","id":"ljywc6prdzyorvm"},"id":"y080h6fv61b2ykr","previousOperationId":"u11tjqlk8btkw1x"}
{"type":"log","timestamp":1700592773129,"level":"debug","message":"Page request finished: GET (document) 200 file:///var/folders/dp/qk79pfcj0y1fmtkkl08m76rc0000gn/T/jsreport/autocleanup/50a432a5-8514-4609-b27b-add23ef6bac1-chrome-pdf.html","meta":{"rootId":"ljywc6prdzyorvm","id":"ljywc6prdzyorvm"},"id":"h7q8ki8dccp0yia","previousOperationId":"u11tjqlk8btkw1x"}
{"type":"log","timestamp":1700592773136,"level":"debug","message":"Running chrome with params {\"timeout\":59991,\"margin\":{},\"printBackground\":true}","meta":{"rootId":"ljywc6prdzyorvm","id":"ljywc6prdzyorvm"},"id":"0bh3rhthc468bnc","previousOperationId":"u11tjqlk8btkw1x"}
{"type":"operationEnd","operationId":"u11tjqlk8btkw1x","timestamp":1700592773142,"id":"f82g2ex0br6lwb0","previousEventId":"d2dpcnxk4d2gx3z","previousOperationId":"u11tjqlk8btkw1x"}
{"type":"log","timestamp":1700592773142,"level":"debug","message":"Skipping storing report.","meta":{"rootId":"ljywc6prdzyorvm","id":"ljywc6prdzyorvm"},"id":"xl7ixnztvayt6ju","previousOperationId":"u11tjqlk8btkw1x"}
{"type":"log","timestamp":1700592773142,"level":"info","message":"Rendering request 37 finished in 68 ms","meta":{"rootId":"ljywc6prdzyorvm","id":"ljywc6prdzyorvm"},"id":"b9v5euvkegpkznv","previousOperationId":"u11tjqlk8btkw1x"}
{"type":"operationEnd","subtype":"render","operationId":"vbo25zbuf82exq0","timestamp":1700592773142,"id":"w0utjzmnrgau9gf","previousEventId":"f82g2ex0br6lwb0","previousOperationId":"u11tjqlk8btkw1x"}
{"type":"operationEnd","doDiffs":false,"previousEventId":"kkbap24rj9hai9p","previousOperationId":"rklz7mzlpz5so57","operationId":"rklz7mzlpz5so57","timestamp":1700592773143,"id":"e5w39eg2q3gxxre"}
