{"type":"operationStart","subtype":"profile","data":{"_id":"jDbGiTyGMvJH71CG","timestamp":"2023-11-21T13:54:48.801Z","state":"queued","mode":"standard","creationDate":"2023-11-21T13:54:48.802Z","modificationDate":"2023-11-21T13:54:48.802Z","shortid":"qgH0TDe","$entitySet":"profiles"},"doDiffs":false,"timestamp":1700574888802,"id":"5vq8y2fxgpgkc5f","previousOperationId":null,"operationId":"yed0c7pyvi32rzu"}
{"type":"log","level":"info","message":"Render request 9 queued for execution and waiting for available worker","previousOperationId":"yed0c7pyvi32rzu","timestamp":1700574888802,"id":"zzrpa3tstdtw4in"}
{"type":"operationStart","subtype":"render","name":"anonymous","previousOperationId":"yed0c7pyvi32rzu","timestamp":1700574888804,"id":"pipg4mec12mmayl","previousEventId":"5vq8y2fxgpgkc5f","operationId":"ch40c7o5y1qzhle"}
{"type":"log","timestamp":1700574888804,"level":"info","message":"Starting rendering request 9","meta":{"rootId":"m5dp6dbk7c9sk6a","id":"m5dp6dbk7c9sk6a"},"id":"6mzze1ts2qkkg7k","previousOperationId":"ch40c7o5y1qzhle"}
{"type":"log","timestamp":1700574888804,"level":"info","message":"Rendering anonymous template { recipe: chrome-pdf, engine: handlebars }","meta":{"rootId":"m5dp6dbk7c9sk6a","id":"m5dp6dbk7c9sk6a"},"id":"ly9vimmcvem04fp","previousOperationId":"ch40c7o5y1qzhle"}
{"type":"log","timestamp":1700574888804,"level":"debug","message":"Data item not defined for this template.","meta":{"rootId":"m5dp6dbk7c9sk6a","id":"m5dp6dbk7c9sk6a"},"id":"tytg6lxfkozvu1t","previousOperationId":"ch40c7o5y1qzhle"}
{"type":"log","timestamp":1700574888805,"level":"debug","message":"Base url not specified, skipping its injection.","meta":{"rootId":"m5dp6dbk7c9sk6a","id":"m5dp6dbk7c9sk6a"},"id":"zg34nomjxx4uq6a","previousOperationId":"ch40c7o5y1qzhle"}
{"type":"operationStart","subtype":"engine","name":"handlebars","timestamp":1700574888805,"id":"wh26a6n7pfpob6q","previousEventId":"pipg4mec12mmayl","operationId":"dqbfwsfd8uqq32u","previousOperationId":"ch40c7o5y1qzhle"}
{"type":"log","timestamp":1700574888805,"level":"debug","message":"Rendering engine handlebars","meta":{"rootId":"m5dp6dbk7c9sk6a","id":"m5dp6dbk7c9sk6a"},"id":"8y2euhs23ym956q","previousOperationId":"dqbfwsfd8uqq32u"}
{"type":"operationEnd","operationId":"dqbfwsfd8uqq32u","timestamp":1700574888809,"id":"zkqxxwz7a17db3p","previousEventId":"wh26a6n7pfpob6q","previousOperationId":"dqbfwsfd8uqq32u"}
{"type":"operationStart","subtype":"recipe","name":"chrome-pdf","timestamp":1700574888810,"id":"hegesx0dwzf7tyg","previousEventId":"zkqxxwz7a17db3p","operationId":"mex37ww10edi6vf","previousOperationId":"dqbfwsfd8uqq32u"}
{"type":"log","timestamp":1700574888810,"level":"debug","message":"Executing recipe chrome-pdf","meta":{"rootId":"m5dp6dbk7c9sk6a","id":"m5dp6dbk7c9sk6a"},"id":"o50hll0abf3y5a6","previousOperationId":"mex37ww10edi6vf"}
{"type":"log","timestamp":1700574888811,"level":"debug","message":"Converting with chrome HeadlessChrome/117.0.5938.149 using chrome-pool strategy","meta":{"rootId":"m5dp6dbk7c9sk6a","id":"m5dp6dbk7c9sk6a"},"id":"0iiz5y59cphdgis","previousOperationId":"mex37ww10edi6vf"}
{"type":"log","timestamp":1700574888853,"level":"debug","message":"Page request: GET (document) file:///var/folders/dp/qk79pfcj0y1fmtkkl08m76rc0000gn/T/jsreport/autocleanup/6ea8697a-89b5-46eb-9f70-6e145fa86bf0-chrome-pdf.html","meta":{"rootId":"m5dp6dbk7c9sk6a","id":"m5dp6dbk7c9sk6a"},"id":"1ctxtnlfbmlv2kg","previousOperationId":"mex37ww10edi6vf"}
{"type":"log","timestamp":1700574888857,"level":"debug","message":"Page request finished: GET (document) 200 file:///var/folders/dp/qk79pfcj0y1fmtkkl08m76rc0000gn/T/jsreport/autocleanup/6ea8697a-89b5-46eb-9f70-6e145fa86bf0-chrome-pdf.html","meta":{"rootId":"m5dp6dbk7c9sk6a","id":"m5dp6dbk7c9sk6a"},"id":"5cnd1vqshv4r77j","previousOperationId":"mex37ww10edi6vf"}
{"type":"log","timestamp":1700574888865,"level":"debug","message":"Running chrome with params {\"landscape\":true,\"timeout\":59991,\"margin\":{},\"printBackground\":true}","meta":{"rootId":"m5dp6dbk7c9sk6a","id":"m5dp6dbk7c9sk6a"},"id":"kwwk3i2k47w1nkh","previousOperationId":"mex37ww10edi6vf"}
{"type":"operationEnd","operationId":"mex37ww10edi6vf","timestamp":1700574888871,"id":"395gfnu5lndtwe6","previousEventId":"hegesx0dwzf7tyg","previousOperationId":"mex37ww10edi6vf"}
{"type":"log","timestamp":1700574888871,"level":"debug","message":"Skipping storing report.","meta":{"rootId":"m5dp6dbk7c9sk6a","id":"m5dp6dbk7c9sk6a"},"id":"u6whem67jq5yvdo","previousOperationId":"mex37ww10edi6vf"}
{"type":"log","timestamp":1700574888871,"level":"info","message":"Rendering request 9 finished in 70 ms","meta":{"rootId":"m5dp6dbk7c9sk6a","id":"m5dp6dbk7c9sk6a"},"id":"xk66z6c5hgpao2n","previousOperationId":"mex37ww10edi6vf"}
{"type":"operationEnd","subtype":"render","operationId":"ch40c7o5y1qzhle","timestamp":1700574888871,"id":"jdt5d998wd4hvvc","previousEventId":"395gfnu5lndtwe6","previousOperationId":"mex37ww10edi6vf"}
{"type":"operationEnd","doDiffs":false,"previousEventId":"5vq8y2fxgpgkc5f","previousOperationId":"yed0c7pyvi32rzu","operationId":"yed0c7pyvi32rzu","timestamp":1700574888872,"id":"3j4o5kspeoaljnl"}
