{"type":"operationStart","subtype":"profile","data":{"_id":"5vtj1G0om9XUZkRU","timestamp":"2023-11-21T18:51:31.633Z","state":"queued","mode":"standard","creationDate":"2023-11-21T18:51:31.634Z","modificationDate":"2023-11-21T18:51:31.634Z","shortid":"DeArSZY","$entitySet":"profiles"},"doDiffs":false,"timestamp":1700592691634,"id":"i01c3hdwttp8rf6","previousOperationId":null,"operationId":"e8mijkbxekp6mj2"}
{"type":"log","level":"info","message":"Render request 34 queued for execution and waiting for available worker","previousOperationId":"e8mijkbxekp6mj2","timestamp":1700592691634,"id":"0at85n7s5u5achk"}
{"type":"operationStart","subtype":"render","name":"anonymous","previousOperationId":"e8mijkbxekp6mj2","timestamp":1700592691635,"id":"e6tzl2b4njve3o6","previousEventId":"i01c3hdwttp8rf6","operationId":"sgphgula0yog3ew"}
{"type":"log","timestamp":1700592691635,"level":"info","message":"Starting rendering request 34","meta":{"rootId":"m5u0nwvc96zkbyn","id":"m5u0nwvc96zkbyn"},"id":"clhjdq148be6xrl","previousOperationId":"sgphgula0yog3ew"}
{"type":"log","timestamp":1700592691635,"level":"info","message":"Rendering anonymous template { recipe: chrome-pdf, engine: none }","meta":{"rootId":"m5u0nwvc96zkbyn","id":"m5u0nwvc96zkbyn"},"id":"l63xnyj5x4spcbs","previousOperationId":"sgphgula0yog3ew"}
{"type":"log","timestamp":1700592691635,"level":"debug","message":"Data item not defined for this template.","meta":{"rootId":"m5u0nwvc96zkbyn","id":"m5u0nwvc96zkbyn"},"id":"yhzoe66hodlfsqa","previousOperationId":"sgphgula0yog3ew"}
{"type":"log","timestamp":1700592691636,"level":"debug","message":"Base url not specified, skipping its injection.","meta":{"rootId":"m5u0nwvc96zkbyn","id":"m5u0nwvc96zkbyn"},"id":"goqv5vhd5nmrvqc","previousOperationId":"sgphgula0yog3ew"}
{"type":"operationStart","subtype":"engine","name":"none","timestamp":1700592691636,"id":"ojvmzago3n2wrih","previousEventId":"e6tzl2b4njve3o6","operationId":"rolil89k95fgpos","previousOperationId":"sgphgula0yog3ew"}
{"type":"log","timestamp":1700592691636,"level":"debug","message":"Rendering engine none","meta":{"rootId":"m5u0nwvc96zkbyn","id":"m5u0nwvc96zkbyn"},"id":"nau2x5o6u6z8ut1","previousOperationId":"rolil89k95fgpos"}
{"type":"operationEnd","operationId":"rolil89k95fgpos","timestamp":1700592691638,"id":"fkmlg5c14ejj0qo","previousEventId":"ojvmzago3n2wrih","previousOperationId":"rolil89k95fgpos"}
{"type":"operationStart","subtype":"recipe","name":"chrome-pdf","timestamp":1700592691639,"id":"wxjy7ynkgqbs1up","previousEventId":"fkmlg5c14ejj0qo","operationId":"ebcxvyqtnlgy4b8","previousOperationId":"rolil89k95fgpos"}
{"type":"log","timestamp":1700592691639,"level":"debug","message":"Executing recipe chrome-pdf","meta":{"rootId":"m5u0nwvc96zkbyn","id":"m5u0nwvc96zkbyn"},"id":"tnl72rwkh2c5ejm","previousOperationId":"ebcxvyqtnlgy4b8"}
{"type":"log","timestamp":1700592691639,"level":"debug","message":"Converting with chrome HeadlessChrome/117.0.5938.149 using chrome-pool strategy","meta":{"rootId":"m5u0nwvc96zkbyn","id":"m5u0nwvc96zkbyn"},"id":"ffv8jdhk2j2c92e","previousOperationId":"ebcxvyqtnlgy4b8"}
{"type":"log","timestamp":1700592691677,"level":"debug","message":"Page request: GET (document) file:///var/folders/dp/qk79pfcj0y1fmtkkl08m76rc0000gn/T/jsreport/autocleanup/7dfa1816-b297-4eb8-8821-deceaa1a45eb-chrome-pdf.html","meta":{"rootId":"m5u0nwvc96zkbyn","id":"m5u0nwvc96zkbyn"},"id":"sqbtaphfj325v40","previousOperationId":"ebcxvyqtnlgy4b8"}
{"type":"log","timestamp":1700592691682,"level":"debug","message":"Page request finished: GET (document) 200 file:///var/folders/dp/qk79pfcj0y1fmtkkl08m76rc0000gn/T/jsreport/autocleanup/7dfa1816-b297-4eb8-8821-deceaa1a45eb-chrome-pdf.html","meta":{"rootId":"m5u0nwvc96zkbyn","id":"m5u0nwvc96zkbyn"},"id":"8gesekexq0la3l6","previousOperationId":"ebcxvyqtnlgy4b8"}
{"type":"log","timestamp":1700592691691,"level":"debug","message":"Running chrome with params {\"timeout\":59994,\"margin\":{},\"printBackground\":true}","meta":{"rootId":"m5u0nwvc96zkbyn","id":"m5u0nwvc96zkbyn"},"id":"lskf95otodxeh5m","previousOperationId":"ebcxvyqtnlgy4b8"}
{"type":"operationEnd","operationId":"ebcxvyqtnlgy4b8","timestamp":1700592691696,"id":"5hx08crqa3a5xdi","previousEventId":"wxjy7ynkgqbs1up","previousOperationId":"ebcxvyqtnlgy4b8"}
{"type":"log","timestamp":1700592691696,"level":"debug","message":"Skipping storing report.","meta":{"rootId":"m5u0nwvc96zkbyn","id":"m5u0nwvc96zkbyn"},"id":"l8pv30z4tgm1ywg","previousOperationId":"ebcxvyqtnlgy4b8"}
{"type":"log","timestamp":1700592691696,"level":"info","message":"Rendering request 34 finished in 63 ms","meta":{"rootId":"m5u0nwvc96zkbyn","id":"m5u0nwvc96zkbyn"},"id":"a2cyck3x0sp56zk","previousOperationId":"ebcxvyqtnlgy4b8"}
{"type":"operationEnd","subtype":"render","operationId":"sgphgula0yog3ew","timestamp":1700592691696,"id":"ns74tv8p6zkvw1x","previousEventId":"5hx08crqa3a5xdi","previousOperationId":"ebcxvyqtnlgy4b8"}
{"type":"operationEnd","doDiffs":false,"previousEventId":"i01c3hdwttp8rf6","previousOperationId":"e8mijkbxekp6mj2","operationId":"e8mijkbxekp6mj2","timestamp":1700592691697,"id":"9ai4d6kmk8zkh3o"}
