{"type":"operationStart","subtype":"profile","data":{"_id":"TaY9g4prFm7fKEgw","timestamp":"2023-11-21T19:37:00.605Z","state":"queued","mode":"standard","creationDate":"2023-11-21T19:37:00.606Z","modificationDate":"2023-11-21T19:37:00.606Z","shortid":"6VqtUFF","$entitySet":"profiles"},"doDiffs":false,"timestamp":1700595420606,"id":"pteycosxx7mvofk","previousOperationId":null,"operationId":"g45za0tx5yf8cwf"}
{"type":"log","level":"info","message":"Render request 61 queued for execution and waiting for available worker","previousOperationId":"g45za0tx5yf8cwf","timestamp":1700595420606,"id":"kqxm5b60vqo5qxm"}
{"type":"operationStart","subtype":"render","name":"anonymous","previousOperationId":"g45za0tx5yf8cwf","timestamp":1700595420613,"id":"rtuctchr7f2vn2m","previousEventId":"pteycosxx7mvofk","operationId":"hkxn0orbnsfibyw"}
{"type":"log","timestamp":1700595420613,"level":"info","message":"Starting rendering request 61","meta":{"rootId":"mmuhjiabv76q6b8","id":"mmuhjiabv76q6b8"},"id":"4735tvebs04x4rz","previousOperationId":"hkxn0orbnsfibyw"}
{"type":"log","timestamp":1700595420614,"level":"info","message":"Rendering anonymous template { recipe: chrome-pdf, engine: none }","meta":{"rootId":"mmuhjiabv76q6b8","id":"mmuhjiabv76q6b8"},"id":"w82u1izkdsz8eap","previousOperationId":"hkxn0orbnsfibyw"}
{"type":"log","timestamp":1700595420614,"level":"debug","message":"Data item not defined for this template.","meta":{"rootId":"mmuhjiabv76q6b8","id":"mmuhjiabv76q6b8"},"id":"8nwrs5rbqz5i0mx","previousOperationId":"hkxn0orbnsfibyw"}
{"type":"log","timestamp":1700595420617,"level":"debug","message":"Base url not specified, skipping its injection.","meta":{"rootId":"mmuhjiabv76q6b8","id":"mmuhjiabv76q6b8"},"id":"tgkw5jy2ma830p3","previousOperationId":"hkxn0orbnsfibyw"}
{"type":"operationStart","subtype":"engine","name":"none","timestamp":1700595420617,"id":"oa9xf86jw8hinn2","previousEventId":"rtuctchr7f2vn2m","operationId":"98b2ea7cf5otw4w","previousOperationId":"hkxn0orbnsfibyw"}
{"type":"log","timestamp":1700595420617,"level":"debug","message":"Rendering engine none","meta":{"rootId":"mmuhjiabv76q6b8","id":"mmuhjiabv76q6b8"},"id":"jef5xt72g6mdndf","previousOperationId":"98b2ea7cf5otw4w"}
{"type":"operationEnd","operationId":"98b2ea7cf5otw4w","timestamp":1700595420622,"id":"6t6onavao8hfl2b","previousEventId":"oa9xf86jw8hinn2","previousOperationId":"98b2ea7cf5otw4w"}
{"type":"operationStart","subtype":"recipe","name":"chrome-pdf","timestamp":1700595420622,"id":"j5n7rzfjuj0k8zl","previousEventId":"6t6onavao8hfl2b","operationId":"yvlafapj45izw6m","previousOperationId":"98b2ea7cf5otw4w"}
{"type":"log","timestamp":1700595420622,"level":"debug","message":"Executing recipe chrome-pdf","meta":{"rootId":"mmuhjiabv76q6b8","id":"mmuhjiabv76q6b8"},"id":"jjojij9uyz84wk1","previousOperationId":"yvlafapj45izw6m"}
{"type":"log","timestamp":1700595420623,"level":"debug","message":"Converting with chrome HeadlessChrome/117.0.5938.149 using chrome-pool strategy","meta":{"rootId":"mmuhjiabv76q6b8","id":"mmuhjiabv76q6b8"},"id":"rsvgg4y8a2g6xv9","previousOperationId":"yvlafapj45izw6m"}
{"type":"log","timestamp":1700595420663,"level":"debug","message":"Page request: GET (document) file:///var/folders/dp/qk79pfcj0y1fmtkkl08m76rc0000gn/T/jsreport/autocleanup/4326589b-8115-4376-95bd-266af7eb45ae-chrome-pdf.html","meta":{"rootId":"mmuhjiabv76q6b8","id":"mmuhjiabv76q6b8"},"id":"yn8zm0ap1zjytgm","previousOperationId":"yvlafapj45izw6m"}
{"type":"log","timestamp":1700595420668,"level":"debug","message":"Page request finished: GET (document) 200 file:///var/folders/dp/qk79pfcj0y1fmtkkl08m76rc0000gn/T/jsreport/autocleanup/4326589b-8115-4376-95bd-266af7eb45ae-chrome-pdf.html","meta":{"rootId":"mmuhjiabv76q6b8","id":"mmuhjiabv76q6b8"},"id":"idoljbki96r7ka0","previousOperationId":"yvlafapj45izw6m"}
{"type":"log","timestamp":1700595420677,"level":"debug","message":"Running chrome with params {\"timeout\":59981,\"margin\":{},\"printBackground\":true}","meta":{"rootId":"mmuhjiabv76q6b8","id":"mmuhjiabv76q6b8"},"id":"pukwwzrybppnlgc","previousOperationId":"yvlafapj45izw6m"}
{"type":"operationEnd","operationId":"yvlafapj45izw6m","timestamp":1700595420684,"id":"6z2fogg59h8exvw","previousEventId":"j5n7rzfjuj0k8zl","previousOperationId":"yvlafapj45izw6m"}
{"type":"log","timestamp":1700595420684,"level":"debug","message":"Skipping storing report.","meta":{"rootId":"mmuhjiabv76q6b8","id":"mmuhjiabv76q6b8"},"id":"vtx4qzbantkq8jc","previousOperationId":"yvlafapj45izw6m"}
{"type":"log","timestamp":1700595420684,"level":"info","message":"Rendering request 61 finished in 80 ms","meta":{"rootId":"mmuhjiabv76q6b8","id":"mmuhjiabv76q6b8"},"id":"ki7kcz2mwn9l3uc","previousOperationId":"yvlafapj45izw6m"}
{"type":"operationEnd","subtype":"render","operationId":"hkxn0orbnsfibyw","timestamp":1700595420684,"id":"5lw45du5ub3bed0","previousEventId":"6z2fogg59h8exvw","previousOperationId":"yvlafapj45izw6m"}
{"type":"operationEnd","doDiffs":false,"previousEventId":"pteycosxx7mvofk","previousOperationId":"g45za0tx5yf8cwf","operationId":"g45za0tx5yf8cwf","timestamp":1700595420684,"id":"uf7fa49zff5ixhm"}
