{"type":"operationStart","subtype":"profile","data":{"_id":"h6Di22L56TzvqA35","timestamp":"2023-11-21T19:19:20.905Z","state":"queued","mode":"standard","creationDate":"2023-11-21T19:19:20.906Z","modificationDate":"2023-11-21T19:19:20.906Z","shortid":"o0oG6ih","$entitySet":"profiles"},"doDiffs":false,"timestamp":1700594360906,"id":"bj4ws6pg22ugq8n","previousOperationId":null,"operationId":"bveka0qfxu5yiye"}
{"type":"log","level":"info","message":"Render request 53 queued for execution and waiting for available worker","previousOperationId":"bveka0qfxu5yiye","timestamp":1700594360906,"id":"s1gevvszxu4jnko"}
{"type":"operationStart","subtype":"render","name":"anonymous","previousOperationId":"bveka0qfxu5yiye","timestamp":1700594360909,"id":"4d1d4mocu9woebk","previousEventId":"bj4ws6pg22ugq8n","operationId":"ij43ur0rmxuccpn"}
{"type":"log","timestamp":1700594360909,"level":"info","message":"Starting rendering request 53","meta":{"rootId":"mp2736tm4ehp278","id":"mp2736tm4ehp278"},"id":"c5u49eoct48iw7s","previousOperationId":"ij43ur0rmxuccpn"}
{"type":"log","timestamp":1700594360910,"level":"info","message":"Rendering anonymous template { recipe: chrome-pdf, engine: none }","meta":{"rootId":"mp2736tm4ehp278","id":"mp2736tm4ehp278"},"id":"k3oxig1isq7piwk","previousOperationId":"ij43ur0rmxuccpn"}
{"type":"log","timestamp":1700594360910,"level":"debug","message":"Data item not defined for this template.","meta":{"rootId":"mp2736tm4ehp278","id":"mp2736tm4ehp278"},"id":"f9p7fwvw2l7vjzm","previousOperationId":"ij43ur0rmxuccpn"}
{"type":"log","timestamp":1700594360910,"level":"debug","message":"Base url not specified, skipping its injection.","meta":{"rootId":"mp2736tm4ehp278","id":"mp2736tm4ehp278"},"id":"jt20u6jotke61mq","previousOperationId":"ij43ur0rmxuccpn"}
{"type":"operationStart","subtype":"engine","name":"none","timestamp":1700594360911,"id":"cbercpdjra0pw2m","previousEventId":"4d1d4mocu9woebk","operationId":"ag7wg4jasihbbc3","previousOperationId":"ij43ur0rmxuccpn"}
{"type":"log","timestamp":1700594360911,"level":"debug","message":"Rendering engine none","meta":{"rootId":"mp2736tm4ehp278","id":"mp2736tm4ehp278"},"id":"x4l1n0k5r2ed2v8","previousOperationId":"ag7wg4jasihbbc3"}
{"type":"operationEnd","operationId":"ag7wg4jasihbbc3","timestamp":1700594360917,"id":"r9o8bzbna0v3kto","previousEventId":"cbercpdjra0pw2m","previousOperationId":"ag7wg4jasihbbc3"}
{"type":"operationStart","subtype":"recipe","name":"chrome-pdf","timestamp":1700594360917,"id":"j73tnishdp3ihpg","previousEventId":"r9o8bzbna0v3kto","operationId":"agycyteqty4ho45","previousOperationId":"ag7wg4jasihbbc3"}
{"type":"log","timestamp":1700594360917,"level":"debug","message":"Executing recipe chrome-pdf","meta":{"rootId":"mp2736tm4ehp278","id":"mp2736tm4ehp278"},"id":"bcv7j4rgz5zjwlx","previousOperationId":"agycyteqty4ho45"}
{"type":"log","timestamp":1700594360919,"level":"debug","message":"Converting with chrome HeadlessChrome/117.0.5938.149 using chrome-pool strategy","meta":{"rootId":"mp2736tm4ehp278","id":"mp2736tm4ehp278"},"id":"135xvsgn1j9ue32","previousOperationId":"agycyteqty4ho45"}
{"type":"log","timestamp":1700594360965,"level":"debug","message":"Page request: GET (document) file:///var/folders/dp/qk79pfcj0y1fmtkkl08m76rc0000gn/T/jsreport/autocleanup/9457646b-c2c0-4030-8e55-55fc5abe637e-chrome-pdf.html","meta":{"rootId":"mp2736tm4ehp278","id":"mp2736tm4ehp278"},"id":"y5qlr2ik8we6ep4","previousOperationId":"agycyteqty4ho45"}
{"type":"log","timestamp":1700594360970,"level":"debug","message":"Page request finished: GET (document) 200 file:///var/folders/dp/qk79pfcj0y1fmtkkl08m76rc0000gn/T/jsreport/autocleanup/9457646b-c2c0-4030-8e55-55fc5abe637e-chrome-pdf.html","meta":{"rootId":"mp2736tm4ehp278","id":"mp2736tm4ehp278"},"id":"gngbdsejt5z893m","previousOperationId":"agycyteqty4ho45"}
{"type":"log","timestamp":1700594360978,"level":"debug","message":"Running chrome with params {\"timeout\":59987,\"margin\":{},\"printBackground\":true}","meta":{"rootId":"mp2736tm4ehp278","id":"mp2736tm4ehp278"},"id":"riix0ee45b66unm","previousOperationId":"agycyteqty4ho45"}
{"type":"operationEnd","operationId":"agycyteqty4ho45","timestamp":1700594360984,"id":"zbveq3odzgcn65g","previousEventId":"j73tnishdp3ihpg","previousOperationId":"agycyteqty4ho45"}
{"type":"log","timestamp":1700594360984,"level":"debug","message":"Skipping storing report.","meta":{"rootId":"mp2736tm4ehp278","id":"mp2736tm4ehp278"},"id":"qgfm6meovfhyuyg","previousOperationId":"agycyteqty4ho45"}
{"type":"log","timestamp":1700594360984,"level":"info","message":"Rendering request 53 finished in 79 ms","meta":{"rootId":"mp2736tm4ehp278","id":"mp2736tm4ehp278"},"id":"coc84uoarmlh8cq","previousOperationId":"agycyteqty4ho45"}
{"type":"operationEnd","subtype":"render","operationId":"ij43ur0rmxuccpn","timestamp":1700594360984,"id":"n4icy61fc7txfbw","previousEventId":"zbveq3odzgcn65g","previousOperationId":"agycyteqty4ho45"}
{"type":"operationEnd","doDiffs":false,"previousEventId":"bj4ws6pg22ugq8n","previousOperationId":"bveka0qfxu5yiye","operationId":"bveka0qfxu5yiye","timestamp":1700594360985,"id":"l1rulhha92uorpo"}
