{"type":"operationStart","subtype":"profile","data":{"_id":"kTpG95EmoZfbivrw","timestamp":"2023-11-21T21:28:01.662Z","state":"queued","mode":"standard","creationDate":"2023-11-21T21:28:01.662Z","modificationDate":"2023-11-21T21:28:01.662Z","shortid":"UvlFUDl","$entitySet":"profiles"},"doDiffs":false,"timestamp":1700602081662,"id":"2862re6am0rdwxp","previousOperationId":null,"operationId":"gwmp5slbplk7utn"}
{"type":"log","level":"info","message":"Render request 108 queued for execution and waiting for available worker","previousOperationId":"gwmp5slbplk7utn","timestamp":1700602081662,"id":"f618sv66v26v3f8"}
{"type":"operationStart","subtype":"render","name":"anonymous","previousOperationId":"gwmp5slbplk7utn","timestamp":1700602081665,"id":"slgiitz49emu86s","previousEventId":"2862re6am0rdwxp","operationId":"v8f8bkow4uxb2cs"}
{"type":"log","timestamp":1700602081665,"level":"info","message":"Starting rendering request 108","meta":{"rootId":"o5wtdsljefh5isk","id":"o5wtdsljefh5isk"},"id":"csbzae06eheuj27","previousOperationId":"v8f8bkow4uxb2cs"}
{"type":"log","timestamp":1700602081665,"level":"info","message":"Rendering anonymous template { recipe: chrome-pdf, engine: none }","meta":{"rootId":"o5wtdsljefh5isk","id":"o5wtdsljefh5isk"},"id":"pwx02gsbgj220xy","previousOperationId":"v8f8bkow4uxb2cs"}
{"type":"log","timestamp":1700602081665,"level":"debug","message":"Data item not defined for this template.","meta":{"rootId":"o5wtdsljefh5isk","id":"o5wtdsljefh5isk"},"id":"pvstuqyy12gvew4","previousOperationId":"v8f8bkow4uxb2cs"}
{"type":"log","timestamp":1700602081666,"level":"debug","message":"Base url not specified, skipping its injection.","meta":{"rootId":"o5wtdsljefh5isk","id":"o5wtdsljefh5isk"},"id":"il0omazglni5ctv","previousOperationId":"v8f8bkow4uxb2cs"}
{"type":"operationStart","subtype":"engine","name":"none","timestamp":1700602081666,"id":"ddmy7111hk6nf06","previousEventId":"slgiitz49emu86s","operationId":"d5phyzismyghott","previousOperationId":"v8f8bkow4uxb2cs"}
{"type":"log","timestamp":1700602081666,"level":"debug","message":"Rendering engine none","meta":{"rootId":"o5wtdsljefh5isk","id":"o5wtdsljefh5isk"},"id":"pg3106nju0yk5wt","previousOperationId":"d5phyzismyghott"}
{"type":"operationEnd","operationId":"d5phyzismyghott","timestamp":1700602081669,"id":"gda60n24xgx9o1m","previousEventId":"ddmy7111hk6nf06","previousOperationId":"d5phyzismyghott"}
{"type":"operationStart","subtype":"recipe","name":"chrome-pdf","timestamp":1700602081669,"id":"p1tri0oqfbffnot","previousEventId":"gda60n24xgx9o1m","operationId":"blpvq4ahr70l2ba","previousOperationId":"d5phyzismyghott"}
{"type":"log","timestamp":1700602081669,"level":"debug","message":"Executing recipe chrome-pdf","meta":{"rootId":"o5wtdsljefh5isk","id":"o5wtdsljefh5isk"},"id":"5xqt9gd1w6qt6zk","previousOperationId":"blpvq4ahr70l2ba"}
{"type":"log","timestamp":1700602081670,"level":"debug","message":"Converting with chrome HeadlessChrome/117.0.5938.149 using chrome-pool strategy","meta":{"rootId":"o5wtdsljefh5isk","id":"o5wtdsljefh5isk"},"id":"5mh500k299hqs7i","previousOperationId":"blpvq4ahr70l2ba"}
{"type":"log","timestamp":1700602081708,"level":"debug","message":"Page request: GET (document) file:///var/folders/dp/qk79pfcj0y1fmtkkl08m76rc0000gn/T/jsreport/autocleanup/f4697a19-0bad-4eb5-9879-e4779560a719-chrome-pdf.html","meta":{"rootId":"o5wtdsljefh5isk","id":"o5wtdsljefh5isk"},"id":"26ublkwxzhbm4p2","previousOperationId":"blpvq4ahr70l2ba"}
{"type":"log","timestamp":1700602081713,"level":"debug","message":"Page request finished: GET (document) 200 file:///var/folders/dp/qk79pfcj0y1fmtkkl08m76rc0000gn/T/jsreport/autocleanup/f4697a19-0bad-4eb5-9879-e4779560a719-chrome-pdf.html","meta":{"rootId":"o5wtdsljefh5isk","id":"o5wtdsljefh5isk"},"id":"19aqj33epsbrrk7","previousOperationId":"blpvq4ahr70l2ba"}
{"type":"log","timestamp":1700602081722,"level":"debug","message":"Running chrome with params {\"timeout\":59992,\"margin\":{},\"printBackground\":true}","meta":{"rootId":"o5wtdsljefh5isk","id":"o5wtdsljefh5isk"},"id":"7fn8w6gm85dja1j","previousOperationId":"blpvq4ahr70l2ba"}
{"type":"operationEnd","operationId":"blpvq4ahr70l2ba","timestamp":1700602081728,"id":"02pl80sxv6rveyp","previousEventId":"p1tri0oqfbffnot","previousOperationId":"blpvq4ahr70l2ba"}
{"type":"log","timestamp":1700602081728,"level":"debug","message":"Skipping storing report.","meta":{"rootId":"o5wtdsljefh5isk","id":"o5wtdsljefh5isk"},"id":"evcsphfh5ddwrmg","previousOperationId":"blpvq4ahr70l2ba"}
{"type":"log","timestamp":1700602081728,"level":"info","message":"Rendering request 108 finished in 67 ms","meta":{"rootId":"o5wtdsljefh5isk","id":"o5wtdsljefh5isk"},"id":"q866ej9oczhs16v","previousOperationId":"blpvq4ahr70l2ba"}
{"type":"operationEnd","subtype":"render","operationId":"v8f8bkow4uxb2cs","timestamp":1700602081728,"id":"1b86vv6kml07f4h","previousEventId":"02pl80sxv6rveyp","previousOperationId":"blpvq4ahr70l2ba"}
{"type":"operationEnd","doDiffs":false,"previousEventId":"2862re6am0rdwxp","previousOperationId":"gwmp5slbplk7utn","operationId":"gwmp5slbplk7utn","timestamp":1700602081728,"id":"xu2qhbdzoi6y17e"}
