{"type":"operationStart","subtype":"profile","data":{"_id":"rNlsyqEeIAaDY2Sl","timestamp":"2023-11-21T18:57:26.376Z","state":"queued","mode":"standard","creationDate":"2023-11-21T18:57:26.378Z","modificationDate":"2023-11-21T18:57:26.378Z","shortid":"BLL4-aC","$entitySet":"profiles"},"doDiffs":false,"timestamp":1700593046377,"id":"ostcjnffhxfr1dr","previousOperationId":null,"operationId":"m3g48rnj19upkvz"}
{"type":"log","level":"info","message":"Render request 43 queued for execution and waiting for available worker","previousOperationId":"m3g48rnj19upkvz","timestamp":1700593046377,"id":"j9ktsukap79scyd"}
{"type":"operationStart","subtype":"render","name":"anonymous","previousOperationId":"m3g48rnj19upkvz","timestamp":1700593046381,"id":"1uuisf5lzlefjkm","previousEventId":"ostcjnffhxfr1dr","operationId":"gz9zghmk1uzpe5a"}
{"type":"log","timestamp":1700593046381,"level":"info","message":"Starting rendering request 43","meta":{"rootId":"oj17evrclg7gd6w","id":"oj17evrclg7gd6w"},"id":"zzq1q78ll4hde4g","previousOperationId":"gz9zghmk1uzpe5a"}
{"type":"log","timestamp":1700593046381,"level":"info","message":"Rendering anonymous template { recipe: chrome-pdf, engine: handlebars }","meta":{"rootId":"oj17evrclg7gd6w","id":"oj17evrclg7gd6w"},"id":"u793lsffbxs0ku0","previousOperationId":"gz9zghmk1uzpe5a"}
{"type":"log","timestamp":1700593046381,"level":"debug","message":"Data item not defined for this template.","meta":{"rootId":"oj17evrclg7gd6w","id":"oj17evrclg7gd6w"},"id":"lr7a9evc64y5o6f","previousOperationId":"gz9zghmk1uzpe5a"}
{"type":"log","timestamp":1700593046382,"level":"debug","message":"Base url not specified, skipping its injection.","meta":{"rootId":"oj17evrclg7gd6w","id":"oj17evrclg7gd6w"},"id":"uxr3nfeten2637f","previousOperationId":"gz9zghmk1uzpe5a"}
{"type":"operationStart","subtype":"engine","name":"handlebars","timestamp":1700593046382,"id":"v3f062k469jjtao","previousEventId":"1uuisf5lzlefjkm","operationId":"4kao38kjtrxqdxf","previousOperationId":"gz9zghmk1uzpe5a"}
{"type":"log","timestamp":1700593046382,"level":"debug","message":"Rendering engine handlebars","meta":{"rootId":"oj17evrclg7gd6w","id":"oj17evrclg7gd6w"},"id":"pvajha8bxjehs0l","previousOperationId":"4kao38kjtrxqdxf"}
{"type":"operationEnd","operationId":"4kao38kjtrxqdxf","timestamp":1700593046425,"id":"qvfoyq93em1j24b","previousEventId":"v3f062k469jjtao","previousOperationId":"4kao38kjtrxqdxf"}
{"type":"operationStart","subtype":"recipe","name":"chrome-pdf","timestamp":1700593046425,"id":"a6a64u0oprx6vzk","previousEventId":"qvfoyq93em1j24b","operationId":"apflvuwwrozmu34","previousOperationId":"4kao38kjtrxqdxf"}
{"type":"log","timestamp":1700593046425,"level":"debug","message":"Executing recipe chrome-pdf","meta":{"rootId":"oj17evrclg7gd6w","id":"oj17evrclg7gd6w"},"id":"fmzsfmd7z899zu6","previousOperationId":"apflvuwwrozmu34"}
{"type":"log","timestamp":1700593046428,"level":"debug","message":"Converting with chrome HeadlessChrome/117.0.5938.149 using chrome-pool strategy","meta":{"rootId":"oj17evrclg7gd6w","id":"oj17evrclg7gd6w"},"id":"yt94sjk4mbxplwp","previousOperationId":"apflvuwwrozmu34"}
{"type":"log","timestamp":1700593046468,"level":"debug","message":"Page request: GET (document) file:///var/folders/dp/qk79pfcj0y1fmtkkl08m76rc0000gn/T/jsreport/autocleanup/cc30a12b-bdc6-4be7-b1e2-c014a88e4b08-chrome-pdf.html","meta":{"rootId":"oj17evrclg7gd6w","id":"oj17evrclg7gd6w"},"id":"2q5yggerzme2tq7","previousOperationId":"apflvuwwrozmu34"}
{"type":"log","timestamp":1700593046473,"level":"debug","message":"Page request finished: GET (document) 200 file:///var/folders/dp/qk79pfcj0y1fmtkkl08m76rc0000gn/T/jsreport/autocleanup/cc30a12b-bdc6-4be7-b1e2-c014a88e4b08-chrome-pdf.html","meta":{"rootId":"oj17evrclg7gd6w","id":"oj17evrclg7gd6w"},"id":"6mbfusf5wkhe5qj","previousOperationId":"apflvuwwrozmu34"}
{"type":"log","timestamp":1700593046480,"level":"debug","message":"Running chrome with params {\"timeout\":59949,\"margin\":{},\"printBackground\":true}","meta":{"rootId":"oj17evrclg7gd6w","id":"oj17evrclg7gd6w"},"id":"9uvjtewxm7xxyl6","previousOperationId":"apflvuwwrozmu34"}
{"type":"operationEnd","operationId":"apflvuwwrozmu34","timestamp":1700593046486,"id":"3y6hjza9orrp1v8","previousEventId":"a6a64u0oprx6vzk","previousOperationId":"apflvuwwrozmu34"}
{"type":"log","timestamp":1700593046486,"level":"debug","message":"Skipping storing report.","meta":{"rootId":"oj17evrclg7gd6w","id":"oj17evrclg7gd6w"},"id":"hdze9kwqthq4a40","previousOperationId":"apflvuwwrozmu34"}
{"type":"log","timestamp":1700593046486,"level":"info","message":"Rendering request 43 finished in 110 ms","meta":{"rootId":"oj17evrclg7gd6w","id":"oj17evrclg7gd6w"},"id":"wp99orp53m9lzwl","previousOperationId":"apflvuwwrozmu34"}
{"type":"operationEnd","subtype":"render","operationId":"gz9zghmk1uzpe5a","timestamp":1700593046486,"id":"6pnxabpg6n9v9qc","previousEventId":"3y6hjza9orrp1v8","previousOperationId":"apflvuwwrozmu34"}
{"type":"operationEnd","doDiffs":false,"previousEventId":"ostcjnffhxfr1dr","previousOperationId":"m3g48rnj19upkvz","operationId":"m3g48rnj19upkvz","timestamp":1700593046487,"id":"qhmxwbzxvk53zoa"}
