{"type":"operationStart","subtype":"profile","data":{"_id":"rX83e8qlMoCbY6X4","timestamp":"2023-11-21T21:28:17.582Z","state":"queued","mode":"standard","creationDate":"2023-11-21T21:28:17.583Z","modificationDate":"2023-11-21T21:28:17.583Z","shortid":"ruDWIVQ","$entitySet":"profiles"},"doDiffs":false,"timestamp":1700602097583,"id":"w5juxjhig33sfv8","previousOperationId":null,"operationId":"w625a15qlcd4eum"}
{"type":"log","level":"info","message":"Render request 110 queued for execution and waiting for available worker","previousOperationId":"w625a15qlcd4eum","timestamp":1700602097583,"id":"hb5r1ogez6shkt9"}
{"type":"operationStart","subtype":"render","name":"anonymous","previousOperationId":"w625a15qlcd4eum","timestamp":1700602097585,"id":"7oe6h4l8h42i70i","previousEventId":"w5juxjhig33sfv8","operationId":"js13ixkp5vpciri"}
{"type":"log","timestamp":1700602097585,"level":"info","message":"Starting rendering request 110","meta":{"rootId":"pv2b3r73qv5xcs5","id":"pv2b3r73qv5xcs5"},"id":"zkv7vufm6q57onl","previousOperationId":"js13ixkp5vpciri"}
{"type":"log","timestamp":1700602097585,"level":"info","message":"Rendering template { name: undefined, recipe: chrome-pdf, engine: handlebars, preview: false }","meta":{"rootId":"pv2b3r73qv5xcs5","id":"pv2b3r73qv5xcs5"},"id":"k2fopxugsukap5j","previousOperationId":"js13ixkp5vpciri"}
{"type":"log","timestamp":1700602097585,"level":"debug","message":"Inline data specified.","meta":{"rootId":"pv2b3r73qv5xcs5","id":"pv2b3r73qv5xcs5"},"id":"8jog9zswf021gks","previousOperationId":"js13ixkp5vpciri"}
{"type":"log","timestamp":1700602097585,"level":"debug","message":"Base url not specified, skipping its injection.","meta":{"rootId":"pv2b3r73qv5xcs5","id":"pv2b3r73qv5xcs5"},"id":"luqq8n61fdohep0","previousOperationId":"js13ixkp5vpciri"}
{"type":"operationStart","subtype":"engine","name":"handlebars","timestamp":1700602097585,"id":"yvoed9a5w1c2297","previousEventId":"7oe6h4l8h42i70i","operationId":"gvxy7awff0p5uy0","previousOperationId":"js13ixkp5vpciri"}
{"type":"log","timestamp":1700602097585,"level":"debug","message":"Rendering engine handlebars","meta":{"rootId":"pv2b3r73qv5xcs5","id":"pv2b3r73qv5xcs5"},"id":"luh710tl3dh9u94","previousOperationId":"gvxy7awff0p5uy0"}
{"type":"operationEnd","operationId":"gvxy7awff0p5uy0","timestamp":1700602097588,"id":"3y67dvzyrvxxrmz","previousEventId":"yvoed9a5w1c2297","previousOperationId":"gvxy7awff0p5uy0"}
{"type":"operationStart","subtype":"recipe","name":"chrome-pdf","timestamp":1700602097588,"id":"97a369vta6k1ar8","previousEventId":"3y67dvzyrvxxrmz","operationId":"9yqdtp2e6h3xpzi","previousOperationId":"gvxy7awff0p5uy0"}
{"type":"log","timestamp":1700602097588,"level":"debug","message":"Executing recipe chrome-pdf","meta":{"rootId":"pv2b3r73qv5xcs5","id":"pv2b3r73qv5xcs5"},"id":"lcg34qmwdd2rond","previousOperationId":"9yqdtp2e6h3xpzi"}
{"type":"log","timestamp":1700602097589,"level":"debug","message":"Converting with chrome HeadlessChrome/117.0.5938.149 using chrome-pool strategy","meta":{"rootId":"pv2b3r73qv5xcs5","id":"pv2b3r73qv5xcs5"},"id":"smsyouml7vtmjzl","previousOperationId":"9yqdtp2e6h3xpzi"}
{"type":"log","timestamp":1700602097627,"level":"debug","message":"Page request: GET (document) file:///var/folders/dp/qk79pfcj0y1fmtkkl08m76rc0000gn/T/jsreport/autocleanup/86dc0424-2e65-44e0-9217-6fcd0e59a380-chrome-pdf.html","meta":{"rootId":"pv2b3r73qv5xcs5","id":"pv2b3r73qv5xcs5"},"id":"2n1okv5geinkah0","previousOperationId":"9yqdtp2e6h3xpzi"}
{"type":"log","timestamp":1700602097632,"level":"debug","message":"Page request finished: GET (document) 200 file:///var/folders/dp/qk79pfcj0y1fmtkkl08m76rc0000gn/T/jsreport/autocleanup/86dc0424-2e65-44e0-9217-6fcd0e59a380-chrome-pdf.html","meta":{"rootId":"pv2b3r73qv5xcs5","id":"pv2b3r73qv5xcs5"},"id":"wpsxft6p57qj1kz","previousOperationId":"9yqdtp2e6h3xpzi"}
{"type":"log","timestamp":1700602097638,"level":"debug","message":"Running chrome with params {\"timeout\":59994,\"margin\":{},\"printBackground\":true}","meta":{"rootId":"pv2b3r73qv5xcs5","id":"pv2b3r73qv5xcs5"},"id":"h55p95f0y10etic","previousOperationId":"9yqdtp2e6h3xpzi"}
{"type":"operationEnd","operationId":"9yqdtp2e6h3xpzi","timestamp":1700602097643,"id":"zb0qvilyeplwppj","previousEventId":"97a369vta6k1ar8","previousOperationId":"9yqdtp2e6h3xpzi"}
{"type":"log","timestamp":1700602097644,"level":"debug","message":"Skipping storing report.","meta":{"rootId":"pv2b3r73qv5xcs5","id":"pv2b3r73qv5xcs5"},"id":"caqnvawr9zsm6at","previousOperationId":"9yqdtp2e6h3xpzi"}
{"type":"log","timestamp":1700602097644,"level":"info","message":"Rendering request 110 finished in 62 ms","meta":{"rootId":"pv2b3r73qv5xcs5","id":"pv2b3r73qv5xcs5"},"id":"xbm16wi59j60zm1","previousOperationId":"9yqdtp2e6h3xpzi"}
{"type":"operationEnd","subtype":"render","operationId":"js13ixkp5vpciri","timestamp":1700602097644,"id":"9uuwd4nnbbo2jug","previousEventId":"zb0qvilyeplwppj","previousOperationId":"9yqdtp2e6h3xpzi"}
{"type":"operationEnd","doDiffs":false,"previousEventId":"w5juxjhig33sfv8","previousOperationId":"w625a15qlcd4eum","operationId":"w625a15qlcd4eum","timestamp":1700602097644,"id":"qwertayw8f9t7g7"}
