{"type":"operationStart","subtype":"profile","data":{"_id":"uB8Ai8AxeZKSg3u8","timestamp":"2023-11-21T15:05:59.443Z","state":"queued","mode":"standard","creationDate":"2023-11-21T15:05:59.446Z","modificationDate":"2023-11-21T15:05:59.446Z","shortid":"tZ8uHDV","$entitySet":"profiles"},"doDiffs":false,"timestamp":1700579159444,"id":"5scw25kffrrbrzq","previousOperationId":null,"operationId":"hdn3qbhdvepbbh9"}
{"type":"log","level":"info","message":"Render request 56 queued for execution and waiting for available worker","previousOperationId":"hdn3qbhdvepbbh9","timestamp":1700579159444,"id":"c09qq0diii3l9g0"}
{"type":"operationStart","subtype":"render","name":"anonymous","previousOperationId":"hdn3qbhdvepbbh9","timestamp":1700579159454,"id":"d7w095jslh5q0o1","previousEventId":"5scw25kffrrbrzq","operationId":"z6f59dbiwl7o5l6"}
{"type":"log","timestamp":1700579159456,"level":"info","message":"Starting rendering request 56","meta":{"rootId":"r1fi2sfnq9c8upz","id":"r1fi2sfnq9c8upz"},"id":"9g88cxlskrnfpsh","previousOperationId":"z6f59dbiwl7o5l6"}
{"type":"log","timestamp":1700579159456,"level":"info","message":"Rendering template { name: undefined, recipe: chrome-pdf, engine: handlebars, preview: false }","meta":{"rootId":"r1fi2sfnq9c8upz","id":"r1fi2sfnq9c8upz"},"id":"ru9bfkluh7lfc1r","previousOperationId":"z6f59dbiwl7o5l6"}
{"type":"log","timestamp":1700579159457,"level":"debug","message":"Inline data specified.","meta":{"rootId":"r1fi2sfnq9c8upz","id":"r1fi2sfnq9c8upz"},"id":"ljws120bx0vsm0o","previousOperationId":"z6f59dbiwl7o5l6"}
{"type":"log","timestamp":1700579159462,"level":"debug","message":"Base url not specified, skipping its injection.","meta":{"rootId":"r1fi2sfnq9c8upz","id":"r1fi2sfnq9c8upz"},"id":"jlvffikeupadpmn","previousOperationId":"z6f59dbiwl7o5l6"}
{"type":"operationStart","subtype":"engine","name":"handlebars","timestamp":1700579159462,"id":"5n7acbff5oolekg","previousEventId":"d7w095jslh5q0o1","operationId":"hs3lh1qg1y3x930","previousOperationId":"z6f59dbiwl7o5l6"}
{"type":"log","timestamp":1700579159462,"level":"debug","message":"Rendering engine handlebars","meta":{"rootId":"r1fi2sfnq9c8upz","id":"r1fi2sfnq9c8upz"},"id":"sslln49820nszwg","previousOperationId":"hs3lh1qg1y3x930"}
{"type":"operationEnd","operationId":"hs3lh1qg1y3x930","timestamp":1700579159469,"id":"og7rikkke1u9sek","previousEventId":"5n7acbff5oolekg","previousOperationId":"hs3lh1qg1y3x930"}
{"type":"operationStart","subtype":"recipe","name":"chrome-pdf","timestamp":1700579159469,"id":"grbqtnasglo9gh6","previousEventId":"og7rikkke1u9sek","operationId":"apnlpn7hlxfyima","previousOperationId":"hs3lh1qg1y3x930"}
{"type":"log","timestamp":1700579159469,"level":"debug","message":"Executing recipe chrome-pdf","meta":{"rootId":"r1fi2sfnq9c8upz","id":"r1fi2sfnq9c8upz"},"id":"tuo31gigzb3fohv","previousOperationId":"apnlpn7hlxfyima"}
{"type":"log","timestamp":1700579159473,"level":"debug","message":"Converting with chrome HeadlessChrome/117.0.5938.149 using chrome-pool strategy","meta":{"rootId":"r1fi2sfnq9c8upz","id":"r1fi2sfnq9c8upz"},"id":"pv79lnc6hx3vdpk","previousOperationId":"apnlpn7hlxfyima"}
{"type":"log","timestamp":1700579159525,"level":"debug","message":"Page request: GET (document) file:///var/folders/dp/qk79pfcj0y1fmtkkl08m76rc0000gn/T/jsreport/autocleanup/5062b735-eba8-457d-bbb4-79d50812b66b-chrome-pdf.html","meta":{"rootId":"r1fi2sfnq9c8upz","id":"r1fi2sfnq9c8upz"},"id":"t0gqhozhzjvube1","previousOperationId":"apnlpn7hlxfyima"}
{"type":"log","timestamp":1700579159530,"level":"debug","message":"Page request finished: GET (document) 200 file:///var/folders/dp/qk79pfcj0y1fmtkkl08m76rc0000gn/T/jsreport/autocleanup/5062b735-eba8-457d-bbb4-79d50812b66b-chrome-pdf.html","meta":{"rootId":"r1fi2sfnq9c8upz","id":"r1fi2sfnq9c8upz"},"id":"zy3csuo031r5x6y","previousOperationId":"apnlpn7hlxfyima"}
{"type":"log","timestamp":1700579159539,"level":"debug","message":"Running chrome with params {\"timeout\":59970,\"margin\":{},\"printBackground\":true}","meta":{"rootId":"r1fi2sfnq9c8upz","id":"r1fi2sfnq9c8upz"},"id":"8p20tfuc0182bip","previousOperationId":"apnlpn7hlxfyima"}
{"type":"operationEnd","operationId":"apnlpn7hlxfyima","timestamp":1700579159556,"id":"ljn0qlytzo0qrxy","previousEventId":"grbqtnasglo9gh6","previousOperationId":"apnlpn7hlxfyima"}
{"type":"log","timestamp":1700579159556,"level":"debug","message":"Skipping storing report.","meta":{"rootId":"r1fi2sfnq9c8upz","id":"r1fi2sfnq9c8upz"},"id":"em1ab6e48nr9nyt","previousOperationId":"apnlpn7hlxfyima"}
{"type":"log","timestamp":1700579159556,"level":"info","message":"Rendering request 56 finished in 114 ms","meta":{"rootId":"r1fi2sfnq9c8upz","id":"r1fi2sfnq9c8upz"},"id":"r78x99d1ma0txiq","previousOperationId":"apnlpn7hlxfyima"}
{"type":"operationEnd","subtype":"render","operationId":"z6f59dbiwl7o5l6","timestamp":1700579159556,"id":"rtoohoidjwvgc93","previousEventId":"ljn0qlytzo0qrxy","previousOperationId":"apnlpn7hlxfyima"}
{"type":"operationEnd","doDiffs":false,"previousEventId":"5scw25kffrrbrzq","previousOperationId":"hdn3qbhdvepbbh9","operationId":"hdn3qbhdvepbbh9","timestamp":1700579159556,"id":"vglwj5a83981jxg"}
