{"type":"operationStart","subtype":"profile","data":{"_id":"tFPdYUzSWz94voul","timestamp":"2023-11-21T21:13:42.352Z","state":"queued","mode":"standard","creationDate":"2023-11-21T21:13:42.353Z","modificationDate":"2023-11-21T21:13:42.353Z","shortid":"ZbrzH3Z","$entitySet":"profiles"},"doDiffs":false,"timestamp":1700601222352,"id":"0nedzwaurvhybht","previousOperationId":null,"operationId":"pfvmuplq0fl2nir"}
{"type":"log","level":"info","message":"Render request 102 queued for execution and waiting for available worker","previousOperationId":"pfvmuplq0fl2nir","timestamp":1700601222352,"id":"c1lz2fsl9b45901"}
{"type":"operationStart","subtype":"render","name":"anonymous","previousOperationId":"pfvmuplq0fl2nir","timestamp":1700601222354,"id":"o6jn1boirdx1tvf","previousEventId":"0nedzwaurvhybht","operationId":"qmcw15b9y8ymp62"}
{"type":"log","timestamp":1700601222354,"level":"info","message":"Starting rendering request 102","meta":{"rootId":"rpfuvfmhu4z71vf","id":"rpfuvfmhu4z71vf"},"id":"jz0l0x28sxh87vz","previousOperationId":"qmcw15b9y8ymp62"}
{"type":"log","timestamp":1700601222354,"level":"info","message":"Rendering template { name: undefined, recipe: chrome-pdf, engine: handlebars, preview: false }","meta":{"rootId":"rpfuvfmhu4z71vf","id":"rpfuvfmhu4z71vf"},"id":"4gk3pg3uiwjggvk","previousOperationId":"qmcw15b9y8ymp62"}
{"type":"log","timestamp":1700601222354,"level":"debug","message":"Inline data specified.","meta":{"rootId":"rpfuvfmhu4z71vf","id":"rpfuvfmhu4z71vf"},"id":"mbgwxfuojnx2hts","previousOperationId":"qmcw15b9y8ymp62"}
{"type":"log","timestamp":1700601222355,"level":"debug","message":"Base url not specified, skipping its injection.","meta":{"rootId":"rpfuvfmhu4z71vf","id":"rpfuvfmhu4z71vf"},"id":"57y1suwzutkrb9u","previousOperationId":"qmcw15b9y8ymp62"}
{"type":"operationStart","subtype":"engine","name":"handlebars","timestamp":1700601222355,"id":"ylf19ntz7o2kyth","previousEventId":"o6jn1boirdx1tvf","operationId":"6nirtbk20mbvc70","previousOperationId":"qmcw15b9y8ymp62"}
{"type":"log","timestamp":1700601222355,"level":"debug","message":"Rendering engine handlebars","meta":{"rootId":"rpfuvfmhu4z71vf","id":"rpfuvfmhu4z71vf"},"id":"aqhfcbar1w4m26v","previousOperationId":"6nirtbk20mbvc70"}
{"type":"operationEnd","operationId":"6nirtbk20mbvc70","timestamp":1700601222358,"id":"7ct3ywsbg1cjiwr","previousEventId":"ylf19ntz7o2kyth","previousOperationId":"6nirtbk20mbvc70"}
{"type":"operationStart","subtype":"recipe","name":"chrome-pdf","timestamp":1700601222358,"id":"2csu52p81pbnbvs","previousEventId":"7ct3ywsbg1cjiwr","operationId":"wn57edpruqunl78","previousOperationId":"6nirtbk20mbvc70"}
{"type":"log","timestamp":1700601222358,"level":"debug","message":"Executing recipe chrome-pdf","meta":{"rootId":"rpfuvfmhu4z71vf","id":"rpfuvfmhu4z71vf"},"id":"2bplmpwslbpu5cj","previousOperationId":"wn57edpruqunl78"}
{"type":"log","timestamp":1700601222517,"level":"debug","message":"Converting with chrome HeadlessChrome/117.0.5938.149 using chrome-pool strategy","meta":{"rootId":"rpfuvfmhu4z71vf","id":"rpfuvfmhu4z71vf"},"id":"0kf63zecajrbo7c","previousOperationId":"wn57edpruqunl78"}
{"type":"log","timestamp":1700601222556,"level":"debug","message":"Page request: GET (document) file:///var/folders/dp/qk79pfcj0y1fmtkkl08m76rc0000gn/T/jsreport/autocleanup/20605b48-7c90-4eea-8ad5-3a8138a44fed-chrome-pdf.html","meta":{"rootId":"rpfuvfmhu4z71vf","id":"rpfuvfmhu4z71vf"},"id":"x436xlylspriby2","previousOperationId":"wn57edpruqunl78"}
{"type":"log","timestamp":1700601222561,"level":"debug","message":"Page request finished: GET (document) 200 file:///var/folders/dp/qk79pfcj0y1fmtkkl08m76rc0000gn/T/jsreport/autocleanup/20605b48-7c90-4eea-8ad5-3a8138a44fed-chrome-pdf.html","meta":{"rootId":"rpfuvfmhu4z71vf","id":"rpfuvfmhu4z71vf"},"id":"8ends9ckyus8t0q","previousOperationId":"wn57edpruqunl78"}
{"type":"log","timestamp":1700601222569,"level":"debug","message":"Running chrome with params {\"timeout\":59993,\"margin\":{},\"printBackground\":true}","meta":{"rootId":"rpfuvfmhu4z71vf","id":"rpfuvfmhu4z71vf"},"id":"dpy2qzq8a1dki6u","previousOperationId":"wn57edpruqunl78"}
{"type":"operationEnd","operationId":"wn57edpruqunl78","timestamp":1700601222575,"id":"ccrjjlkck0877nr","previousEventId":"2csu52p81pbnbvs","previousOperationId":"wn57edpruqunl78"}
{"type":"log","timestamp":1700601222575,"level":"debug","message":"Skipping storing report.","meta":{"rootId":"rpfuvfmhu4z71vf","id":"rpfuvfmhu4z71vf"},"id":"q5zuuciqlxwfwbe","previousOperationId":"wn57edpruqunl78"}
{"type":"log","timestamp":1700601222575,"level":"info","message":"Rendering request 102 finished in 223 ms","meta":{"rootId":"rpfuvfmhu4z71vf","id":"rpfuvfmhu4z71vf"},"id":"jwkuhjognisb1az","previousOperationId":"wn57edpruqunl78"}
{"type":"operationEnd","subtype":"render","operationId":"qmcw15b9y8ymp62","timestamp":1700601222575,"id":"7ogdjj0882fuopv","previousEventId":"ccrjjlkck0877nr","previousOperationId":"wn57edpruqunl78"}
{"type":"operationEnd","doDiffs":false,"previousEventId":"0nedzwaurvhybht","previousOperationId":"pfvmuplq0fl2nir","operationId":"pfvmuplq0fl2nir","timestamp":1700601222576,"id":"sboqus2b4g985pp"}
