{"type":"operationStart","subtype":"profile","data":{"_id":"qRRESJyerhEG9t6M","timestamp":"2023-11-21T19:34:28.727Z","state":"queued","mode":"standard","creationDate":"2023-11-21T19:34:28.728Z","modificationDate":"2023-11-21T19:34:28.728Z","shortid":"MWqlRSw","$entitySet":"profiles"},"doDiffs":false,"timestamp":1700595268727,"id":"1konqsdbzqgliqf","previousOperationId":null,"operationId":"qujzak6l32b3m9w"}
{"type":"log","level":"info","message":"Render request 60 queued for execution and waiting for available worker","previousOperationId":"qujzak6l32b3m9w","timestamp":1700595268727,"id":"cot0wsdryrolfey"}
{"type":"operationStart","subtype":"render","name":"anonymous","previousOperationId":"qujzak6l32b3m9w","timestamp":1700595268738,"id":"lt35ptt9x5s156e","previousEventId":"1konqsdbzqgliqf","operationId":"ovso62jcspz8f2x"}
{"type":"log","timestamp":1700595268738,"level":"info","message":"Starting rendering request 60","meta":{"rootId":"tgjjbn9ffbvvx25","id":"tgjjbn9ffbvvx25"},"id":"6vhy7koixqrbrtk","previousOperationId":"ovso62jcspz8f2x"}
{"type":"log","timestamp":1700595268738,"level":"info","message":"Rendering anonymous template { recipe: chrome-pdf, engine: none }","meta":{"rootId":"tgjjbn9ffbvvx25","id":"tgjjbn9ffbvvx25"},"id":"ra2s4f769nb80el","previousOperationId":"ovso62jcspz8f2x"}
{"type":"log","timestamp":1700595268739,"level":"debug","message":"Data item not defined for this template.","meta":{"rootId":"tgjjbn9ffbvvx25","id":"tgjjbn9ffbvvx25"},"id":"77unos88i6f06ir","previousOperationId":"ovso62jcspz8f2x"}
{"type":"log","timestamp":1700595268741,"level":"debug","message":"Base url not specified, skipping its injection.","meta":{"rootId":"tgjjbn9ffbvvx25","id":"tgjjbn9ffbvvx25"},"id":"1cx2b4afe4v28hx","previousOperationId":"ovso62jcspz8f2x"}
{"type":"operationStart","subtype":"engine","name":"none","timestamp":1700595268741,"id":"m58pvtjdw9ixv6w","previousEventId":"lt35ptt9x5s156e","operationId":"yrsyi8herf5m801","previousOperationId":"ovso62jcspz8f2x"}
{"type":"log","timestamp":1700595268741,"level":"debug","message":"Rendering engine none","meta":{"rootId":"tgjjbn9ffbvvx25","id":"tgjjbn9ffbvvx25"},"id":"uxxgi5xj0e6yeme","previousOperationId":"yrsyi8herf5m801"}
{"type":"operationEnd","operationId":"yrsyi8herf5m801","timestamp":1700595268750,"id":"2xogtkl3fhdxvko","previousEventId":"m58pvtjdw9ixv6w","previousOperationId":"yrsyi8herf5m801"}
{"type":"operationStart","subtype":"recipe","name":"chrome-pdf","timestamp":1700595268750,"id":"a14uhllobw7krsf","previousEventId":"2xogtkl3fhdxvko","operationId":"4klgi667jnkh9qh","previousOperationId":"yrsyi8herf5m801"}
{"type":"log","timestamp":1700595268750,"level":"debug","message":"Executing recipe chrome-pdf","meta":{"rootId":"tgjjbn9ffbvvx25","id":"tgjjbn9ffbvvx25"},"id":"4y0n41t15e9axnp","previousOperationId":"4klgi667jnkh9qh"}
{"type":"log","timestamp":1700595268759,"level":"debug","message":"Converting with chrome HeadlessChrome/117.0.5938.149 using chrome-pool strategy","meta":{"rootId":"tgjjbn9ffbvvx25","id":"tgjjbn9ffbvvx25"},"id":"hevdvj1zwhmt2wf","previousOperationId":"4klgi667jnkh9qh"}
{"type":"log","timestamp":1700595268801,"level":"debug","message":"Page request: GET (document) file:///var/folders/dp/qk79pfcj0y1fmtkkl08m76rc0000gn/T/jsreport/autocleanup/59109d99-6ef3-4f31-9cff-f44d3c1a325b-chrome-pdf.html","meta":{"rootId":"tgjjbn9ffbvvx25","id":"tgjjbn9ffbvvx25"},"id":"ap63c47jshhaaaz","previousOperationId":"4klgi667jnkh9qh"}
{"type":"log","timestamp":1700595268805,"level":"debug","message":"Page request finished: GET (document) 200 file:///var/folders/dp/qk79pfcj0y1fmtkkl08m76rc0000gn/T/jsreport/autocleanup/59109d99-6ef3-4f31-9cff-f44d3c1a325b-chrome-pdf.html","meta":{"rootId":"tgjjbn9ffbvvx25","id":"tgjjbn9ffbvvx25"},"id":"6700iifsu55hbim","previousOperationId":"4klgi667jnkh9qh"}
{"type":"log","timestamp":1700595268814,"level":"debug","message":"Running chrome with params {\"timeout\":59968,\"margin\":{},\"printBackground\":true}","meta":{"rootId":"tgjjbn9ffbvvx25","id":"tgjjbn9ffbvvx25"},"id":"s1halmhh2jdtm9v","previousOperationId":"4klgi667jnkh9qh"}
{"type":"operationEnd","operationId":"4klgi667jnkh9qh","timestamp":1700595268820,"id":"4nfahm0fe26s6xt","previousEventId":"a14uhllobw7krsf","previousOperationId":"4klgi667jnkh9qh"}
{"type":"log","timestamp":1700595268820,"level":"debug","message":"Skipping storing report.","meta":{"rootId":"tgjjbn9ffbvvx25","id":"tgjjbn9ffbvvx25"},"id":"3qg2dt5wvs2hqk3","previousOperationId":"4klgi667jnkh9qh"}
{"type":"log","timestamp":1700595268820,"level":"info","message":"Rendering request 60 finished in 94 ms","meta":{"rootId":"tgjjbn9ffbvvx25","id":"tgjjbn9ffbvvx25"},"id":"qwha95ily1dbrlr","previousOperationId":"4klgi667jnkh9qh"}
{"type":"operationEnd","subtype":"render","operationId":"ovso62jcspz8f2x","timestamp":1700595268820,"id":"4mi6oiu8s11x2og","previousEventId":"4nfahm0fe26s6xt","previousOperationId":"4klgi667jnkh9qh"}
{"type":"operationEnd","doDiffs":false,"previousEventId":"1konqsdbzqgliqf","previousOperationId":"qujzak6l32b3m9w","operationId":"qujzak6l32b3m9w","timestamp":1700595268821,"id":"69w2kjy3n6f3au3"}
