{"type":"operationStart","subtype":"profile","data":{"_id":"XhCWqt7weCFJ9z95","timestamp":"2023-11-21T17:55:44.801Z","state":"queued","mode":"standard","creationDate":"2023-11-21T17:55:44.802Z","modificationDate":"2023-11-21T17:55:44.802Z","shortid":"QmhF_Fb","$entitySet":"profiles"},"doDiffs":false,"timestamp":1700589344801,"id":"sw13svsnhzvumpu","previousOperationId":null,"operationId":"0fbd37vt9e47glj"}
{"type":"log","level":"info","message":"Render request 7 queued for execution and waiting for available worker","previousOperationId":"0fbd37vt9e47glj","timestamp":1700589344801,"id":"dsadljk6gdto4ue"}
{"type":"operationStart","subtype":"render","name":"anonymous","previousOperationId":"0fbd37vt9e47glj","timestamp":1700589344804,"id":"fztel8bk4v3yq7j","previousEventId":"sw13svsnhzvumpu","operationId":"ss3z1ym07dni5gs"}
{"type":"log","timestamp":1700589344805,"level":"info","message":"Starting rendering request 7","meta":{"rootId":"uilcoyzxvirkpht","id":"uilcoyzxvirkpht"},"id":"xwys0hegbeqtjou","previousOperationId":"ss3z1ym07dni5gs"}
{"type":"log","timestamp":1700589344805,"level":"info","message":"Rendering template { name: undefined, recipe: chrome-pdf, engine: none, preview: false }","meta":{"rootId":"uilcoyzxvirkpht","id":"uilcoyzxvirkpht"},"id":"wxporimgzyeiwx2","previousOperationId":"ss3z1ym07dni5gs"}
{"type":"log","timestamp":1700589344805,"level":"debug","message":"Data item not defined for this template.","meta":{"rootId":"uilcoyzxvirkpht","id":"uilcoyzxvirkpht"},"id":"3p6oay9fms5xhmd","previousOperationId":"ss3z1ym07dni5gs"}
{"type":"log","timestamp":1700589344806,"level":"debug","message":"Base url not specified, skipping its injection.","meta":{"rootId":"uilcoyzxvirkpht","id":"uilcoyzxvirkpht"},"id":"jhe953k8kobjcke","previousOperationId":"ss3z1ym07dni5gs"}
{"type":"operationStart","subtype":"engine","name":"none","timestamp":1700589344807,"id":"ngc6i7itv72er5v","previousEventId":"fztel8bk4v3yq7j","operationId":"gjrtqfqdcdxq2lf","previousOperationId":"ss3z1ym07dni5gs"}
{"type":"log","timestamp":1700589344807,"level":"debug","message":"Rendering engine none","meta":{"rootId":"uilcoyzxvirkpht","id":"uilcoyzxvirkpht"},"id":"w3nczhvzxyyao93","previousOperationId":"gjrtqfqdcdxq2lf"}
{"type":"operationEnd","operationId":"gjrtqfqdcdxq2lf","timestamp":1700589344815,"id":"sgeb67gerv6je7s","previousEventId":"ngc6i7itv72er5v","previousOperationId":"gjrtqfqdcdxq2lf"}
{"type":"operationStart","subtype":"recipe","name":"chrome-pdf","timestamp":1700589344815,"id":"ikkuc48z7xn29u4","previousEventId":"sgeb67gerv6je7s","operationId":"8mz1pmwcdcpb4zk","previousOperationId":"gjrtqfqdcdxq2lf"}
{"type":"log","timestamp":1700589344815,"level":"debug","message":"Executing recipe chrome-pdf","meta":{"rootId":"uilcoyzxvirkpht","id":"uilcoyzxvirkpht"},"id":"zy11kbzfxepkhbl","previousOperationId":"8mz1pmwcdcpb4zk"}
{"type":"log","timestamp":1700589344818,"level":"debug","message":"Converting with chrome HeadlessChrome/117.0.5938.149 using chrome-pool strategy","meta":{"rootId":"uilcoyzxvirkpht","id":"uilcoyzxvirkpht"},"id":"abfbxzrlfwlw9od","previousOperationId":"8mz1pmwcdcpb4zk"}
{"type":"log","timestamp":1700589344870,"level":"debug","message":"Page request: GET (document) file:///var/folders/dp/qk79pfcj0y1fmtkkl08m76rc0000gn/T/jsreport/autocleanup/41494250-a4ac-4ba2-b7ca-be7f9fa6cca3-chrome-pdf.html","meta":{"rootId":"uilcoyzxvirkpht","id":"uilcoyzxvirkpht"},"id":"zlmujll0m4soqm0","previousOperationId":"8mz1pmwcdcpb4zk"}
{"type":"log","timestamp":1700589344875,"level":"debug","message":"Page request finished: GET (document) 200 file:///var/folders/dp/qk79pfcj0y1fmtkkl08m76rc0000gn/T/jsreport/autocleanup/41494250-a4ac-4ba2-b7ca-be7f9fa6cca3-chrome-pdf.html","meta":{"rootId":"uilcoyzxvirkpht","id":"uilcoyzxvirkpht"},"id":"b21jbjpygcjda1v","previousOperationId":"8mz1pmwcdcpb4zk"}
{"type":"log","timestamp":1700589344880,"level":"debug","message":"Running chrome with params {\"timeout\":59985,\"margin\":{},\"printBackground\":true}","meta":{"rootId":"uilcoyzxvirkpht","id":"uilcoyzxvirkpht"},"id":"hgcjb2rvzf1mfeu","previousOperationId":"8mz1pmwcdcpb4zk"}
{"type":"operationEnd","operationId":"8mz1pmwcdcpb4zk","timestamp":1700589344885,"id":"y0in4lmzhiu8rrc","previousEventId":"ikkuc48z7xn29u4","previousOperationId":"8mz1pmwcdcpb4zk"}
{"type":"log","timestamp":1700589344885,"level":"debug","message":"Skipping storing report.","meta":{"rootId":"uilcoyzxvirkpht","id":"uilcoyzxvirkpht"},"id":"lx3gicew7u91j28","previousOperationId":"8mz1pmwcdcpb4zk"}
{"type":"log","timestamp":1700589344885,"level":"info","message":"Rendering request 7 finished in 84 ms","meta":{"rootId":"uilcoyzxvirkpht","id":"uilcoyzxvirkpht"},"id":"5yv09ivqjemkbo4","previousOperationId":"8mz1pmwcdcpb4zk"}
{"type":"operationEnd","subtype":"render","operationId":"ss3z1ym07dni5gs","timestamp":1700589344885,"id":"0gor3k21v1qptg1","previousEventId":"y0in4lmzhiu8rrc","previousOperationId":"8mz1pmwcdcpb4zk"}
{"type":"operationEnd","doDiffs":false,"previousEventId":"sw13svsnhzvumpu","previousOperationId":"0fbd37vt9e47glj","operationId":"0fbd37vt9e47glj","timestamp":1700589344886,"id":"hjh9jmi4az2odro"}
