{"type":"operationStart","subtype":"profile","data":{"_id":"OsTurccfF2MziSQi","timestamp":"2023-11-21T18:53:44.317Z","state":"queued","mode":"standard","creationDate":"2023-11-21T18:53:44.318Z","modificationDate":"2023-11-21T18:53:44.318Z","shortid":"n608gbb","$entitySet":"profiles"},"doDiffs":false,"timestamp":1700592824318,"id":"rs6ec05815fxxf7","previousOperationId":null,"operationId":"cyym6i4m26iuamo"}
{"type":"log","level":"info","message":"Render request 38 queued for execution and waiting for available worker","previousOperationId":"cyym6i4m26iuamo","timestamp":1700592824318,"id":"ki4abg69z7or7au"}
{"type":"operationStart","subtype":"render","name":"anonymous","previousOperationId":"cyym6i4m26iuamo","timestamp":1700592824321,"id":"185uwud73vlwsbr","previousEventId":"rs6ec05815fxxf7","operationId":"mtye561nwxy6vm2"}
{"type":"log","timestamp":1700592824321,"level":"info","message":"Starting rendering request 38","meta":{"rootId":"ums7wzgyn46b2xi","id":"ums7wzgyn46b2xi"},"id":"v9nqpa3l4r3otjs","previousOperationId":"mtye561nwxy6vm2"}
{"type":"log","timestamp":1700592824322,"level":"info","message":"Rendering anonymous template { recipe: chrome-pdf, engine: none }","meta":{"rootId":"ums7wzgyn46b2xi","id":"ums7wzgyn46b2xi"},"id":"mt2rk8ra8shjyel","previousOperationId":"mtye561nwxy6vm2"}
{"type":"log","timestamp":1700592824322,"level":"debug","message":"Data item not defined for this template.","meta":{"rootId":"ums7wzgyn46b2xi","id":"ums7wzgyn46b2xi"},"id":"x5mfiq7wvsejj3b","previousOperationId":"mtye561nwxy6vm2"}
{"type":"log","timestamp":1700592824322,"level":"debug","message":"Base url not specified, skipping its injection.","meta":{"rootId":"ums7wzgyn46b2xi","id":"ums7wzgyn46b2xi"},"id":"waalhw8395ggarn","previousOperationId":"mtye561nwxy6vm2"}
{"type":"operationStart","subtype":"engine","name":"none","timestamp":1700592824322,"id":"mrkq4pkjs61pnyq","previousEventId":"185uwud73vlwsbr","operationId":"ltnz916vrid7029","previousOperationId":"mtye561nwxy6vm2"}
{"type":"log","timestamp":1700592824322,"level":"debug","message":"Rendering engine none","meta":{"rootId":"ums7wzgyn46b2xi","id":"ums7wzgyn46b2xi"},"id":"1lt3t0k6leyqqkf","previousOperationId":"ltnz916vrid7029"}
{"type":"operationEnd","operationId":"ltnz916vrid7029","timestamp":1700592824325,"id":"djs0m2br829tbtw","previousEventId":"mrkq4pkjs61pnyq","previousOperationId":"ltnz916vrid7029"}
{"type":"operationStart","subtype":"recipe","name":"chrome-pdf","timestamp":1700592824325,"id":"xp6molgf0q2pfp9","previousEventId":"djs0m2br829tbtw","operationId":"hrtg2ro6ppcvhvr","previousOperationId":"ltnz916vrid7029"}
{"type":"log","timestamp":1700592824325,"level":"debug","message":"Executing recipe chrome-pdf","meta":{"rootId":"ums7wzgyn46b2xi","id":"ums7wzgyn46b2xi"},"id":"r8k4pttdhztk4g6","previousOperationId":"hrtg2ro6ppcvhvr"}
{"type":"log","timestamp":1700592824326,"level":"debug","message":"Converting with chrome HeadlessChrome/117.0.5938.149 using chrome-pool strategy","meta":{"rootId":"ums7wzgyn46b2xi","id":"ums7wzgyn46b2xi"},"id":"dj4r9sl6f4vhexs","previousOperationId":"hrtg2ro6ppcvhvr"}
{"type":"log","timestamp":1700592824367,"level":"debug","message":"Page request: GET (document) file:///var/folders/dp/qk79pfcj0y1fmtkkl08m76rc0000gn/T/jsreport/autocleanup/c7a382c7-95c7-466a-a5e6-8c8dbde6f3cf-chrome-pdf.html","meta":{"rootId":"ums7wzgyn46b2xi","id":"ums7wzgyn46b2xi"},"id":"6vmo3z8u341yrtd","previousOperationId":"hrtg2ro6ppcvhvr"}
{"type":"log","timestamp":1700592824373,"level":"debug","message":"Page request finished: GET (document) 200 file:///var/folders/dp/qk79pfcj0y1fmtkkl08m76rc0000gn/T/jsreport/autocleanup/c7a382c7-95c7-466a-a5e6-8c8dbde6f3cf-chrome-pdf.html","meta":{"rootId":"ums7wzgyn46b2xi","id":"ums7wzgyn46b2xi"},"id":"3zkf3q0cacrgjeb","previousOperationId":"hrtg2ro6ppcvhvr"}
{"type":"log","timestamp":1700592824381,"level":"debug","message":"Running chrome with params {\"timeout\":59991,\"margin\":{},\"printBackground\":true}","meta":{"rootId":"ums7wzgyn46b2xi","id":"ums7wzgyn46b2xi"},"id":"exjb6i6ofj7d9q0","previousOperationId":"hrtg2ro6ppcvhvr"}
{"type":"operationEnd","operationId":"hrtg2ro6ppcvhvr","timestamp":1700592824386,"id":"4smr091yntn919x","previousEventId":"xp6molgf0q2pfp9","previousOperationId":"hrtg2ro6ppcvhvr"}
{"type":"log","timestamp":1700592824386,"level":"debug","message":"Skipping storing report.","meta":{"rootId":"ums7wzgyn46b2xi","id":"ums7wzgyn46b2xi"},"id":"52x7o9c0twmofq1","previousOperationId":"hrtg2ro6ppcvhvr"}
{"type":"log","timestamp":1700592824386,"level":"info","message":"Rendering request 38 finished in 69 ms","meta":{"rootId":"ums7wzgyn46b2xi","id":"ums7wzgyn46b2xi"},"id":"2w9bq6hmr6vrm2i","previousOperationId":"hrtg2ro6ppcvhvr"}
{"type":"operationEnd","subtype":"render","operationId":"mtye561nwxy6vm2","timestamp":1700592824386,"id":"8rcku28aqzs8drb","previousEventId":"4smr091yntn919x","previousOperationId":"hrtg2ro6ppcvhvr"}
{"type":"operationEnd","doDiffs":false,"previousEventId":"rs6ec05815fxxf7","previousOperationId":"cyym6i4m26iuamo","operationId":"cyym6i4m26iuamo","timestamp":1700592824387,"id":"6f4aybm4k8maz4p"}
