{"type":"operationStart","subtype":"profile","data":{"_id":"hlTrVwCYTyAqzbuc","timestamp":"2023-11-22T05:28:08.717Z","state":"queued","mode":"standard","creationDate":"2023-11-22T05:28:08.717Z","modificationDate":"2023-11-22T05:28:08.717Z","shortid":"-unYLWh","$entitySet":"profiles"},"doDiffs":false,"timestamp":1700630888717,"id":"6c7w255q1qcqo1e","previousOperationId":null,"operationId":"nyzagsfh9vhsjls"}
{"type":"log","level":"info","message":"Render request 116 queued for execution and waiting for available worker","previousOperationId":"nyzagsfh9vhsjls","timestamp":1700630888717,"id":"596tu0ribd3z1tk"}
{"type":"operationStart","subtype":"render","name":"anonymous","previousOperationId":"nyzagsfh9vhsjls","timestamp":1700630888719,"id":"nta4s7ji1h27c84","previousEventId":"6c7w255q1qcqo1e","operationId":"752fqi9x4ql4bku"}
{"type":"log","timestamp":1700630888719,"level":"info","message":"Starting rendering request 116","meta":{"rootId":"vatubmcmskjbxxj","id":"vatubmcmskjbxxj"},"id":"dclrvsw7qc6t4rq","previousOperationId":"752fqi9x4ql4bku"}
{"type":"log","timestamp":1700630888719,"level":"info","message":"Rendering anonymous template { recipe: chrome-pdf, engine: handlebars }","meta":{"rootId":"vatubmcmskjbxxj","id":"vatubmcmskjbxxj"},"id":"0ba1mn7gr0xr2qi","previousOperationId":"752fqi9x4ql4bku"}
{"type":"log","timestamp":1700630888719,"level":"debug","message":"Inline data specified.","meta":{"rootId":"vatubmcmskjbxxj","id":"vatubmcmskjbxxj"},"id":"7s30b1takfieh2e","previousOperationId":"752fqi9x4ql4bku"}
{"type":"log","timestamp":1700630888720,"level":"debug","message":"Base url not specified, skipping its injection.","meta":{"rootId":"vatubmcmskjbxxj","id":"vatubmcmskjbxxj"},"id":"o7o8he5yv3uaqib","previousOperationId":"752fqi9x4ql4bku"}
{"type":"operationStart","subtype":"engine","name":"handlebars","timestamp":1700630888720,"id":"csyapxzgfeoqr6n","previousEventId":"nta4s7ji1h27c84","operationId":"3dqpf14cg6lyp4b","previousOperationId":"752fqi9x4ql4bku"}
{"type":"log","timestamp":1700630888720,"level":"debug","message":"Rendering engine handlebars","meta":{"rootId":"vatubmcmskjbxxj","id":"vatubmcmskjbxxj"},"id":"hx11wbgni22x3un","previousOperationId":"3dqpf14cg6lyp4b"}
{"type":"operationEnd","operationId":"3dqpf14cg6lyp4b","timestamp":1700630888724,"id":"ucci9rf6gfgg9mp","previousEventId":"csyapxzgfeoqr6n","previousOperationId":"3dqpf14cg6lyp4b"}
{"type":"operationStart","subtype":"recipe","name":"chrome-pdf","timestamp":1700630888724,"id":"50viopfklaj5v0p","previousEventId":"ucci9rf6gfgg9mp","operationId":"g93yx3801do8hyu","previousOperationId":"3dqpf14cg6lyp4b"}
{"type":"log","timestamp":1700630888724,"level":"debug","message":"Executing recipe chrome-pdf","meta":{"rootId":"vatubmcmskjbxxj","id":"vatubmcmskjbxxj"},"id":"m62cpkn6zqbt5i9","previousOperationId":"g93yx3801do8hyu"}
{"type":"log","timestamp":1700630888725,"level":"debug","message":"Converting with chrome HeadlessChrome/117.0.5938.149 using chrome-pool strategy","meta":{"rootId":"vatubmcmskjbxxj","id":"vatubmcmskjbxxj"},"id":"sufx3a2ktusiadr","previousOperationId":"g93yx3801do8hyu"}
{"type":"log","timestamp":1700630888763,"level":"debug","message":"Page request: GET (document) file:///var/folders/dp/qk79pfcj0y1fmtkkl08m76rc0000gn/T/jsreport/autocleanup/3a2b47fe-78c2-4ed4-9f09-cad4a2724a50-chrome-pdf.html","meta":{"rootId":"vatubmcmskjbxxj","id":"vatubmcmskjbxxj"},"id":"878uo1fjku6mqs4","previousOperationId":"g93yx3801do8hyu"}
{"type":"log","timestamp":1700630888768,"level":"debug","message":"Page request finished: GET (document) 200 file:///var/folders/dp/qk79pfcj0y1fmtkkl08m76rc0000gn/T/jsreport/autocleanup/3a2b47fe-78c2-4ed4-9f09-cad4a2724a50-chrome-pdf.html","meta":{"rootId":"vatubmcmskjbxxj","id":"vatubmcmskjbxxj"},"id":"fd7czt76lhgitjk","previousOperationId":"g93yx3801do8hyu"}
{"type":"log","timestamp":1700630888774,"level":"debug","message":"Running chrome with params {\"timeout\":59993,\"margin\":{},\"printBackground\":true}","meta":{"rootId":"vatubmcmskjbxxj","id":"vatubmcmskjbxxj"},"id":"koxghfpmznn7rdw","previousOperationId":"g93yx3801do8hyu"}
{"type":"operationEnd","operationId":"g93yx3801do8hyu","timestamp":1700630888780,"id":"n1lxkq3lbvls5v2","previousEventId":"50viopfklaj5v0p","previousOperationId":"g93yx3801do8hyu"}
{"type":"log","timestamp":1700630888780,"level":"debug","message":"Skipping storing report.","meta":{"rootId":"vatubmcmskjbxxj","id":"vatubmcmskjbxxj"},"id":"kav1e4axbtt3yyw","previousOperationId":"g93yx3801do8hyu"}
{"type":"log","timestamp":1700630888780,"level":"info","message":"Rendering request 116 finished in 63 ms","meta":{"rootId":"vatubmcmskjbxxj","id":"vatubmcmskjbxxj"},"id":"vagkl91hdds1x4b","previousOperationId":"g93yx3801do8hyu"}
{"type":"operationEnd","subtype":"render","operationId":"752fqi9x4ql4bku","timestamp":1700630888780,"id":"klvjt6xqew404p9","previousEventId":"n1lxkq3lbvls5v2","previousOperationId":"g93yx3801do8hyu"}
{"type":"operationEnd","doDiffs":false,"previousEventId":"6c7w255q1qcqo1e","previousOperationId":"nyzagsfh9vhsjls","operationId":"nyzagsfh9vhsjls","timestamp":1700630888781,"id":"zzb9gaud2qh6kx5"}
