{"type":"operationStart","subtype":"profile","data":{"_id":"lmYe6IoC2AGNW9qW","timestamp":"2023-11-21T13:54:39.581Z","state":"queued","mode":"standard","creationDate":"2023-11-21T13:54:39.582Z","modificationDate":"2023-11-21T13:54:39.582Z","shortid":"xe1EAHN","$entitySet":"profiles"},"doDiffs":false,"timestamp":1700574879582,"id":"82xawi39tqy0i0m","previousOperationId":null,"operationId":"vi8aajwc7tlujij"}
{"type":"log","level":"info","message":"Render request 7 queued for execution and waiting for available worker","previousOperationId":"vi8aajwc7tlujij","timestamp":1700574879582,"id":"fkuf9ed11krv9dq"}
{"type":"operationStart","subtype":"render","name":"anonymous","previousOperationId":"vi8aajwc7tlujij","timestamp":1700574879586,"id":"5hb13i0thy4bxxp","previousEventId":"82xawi39tqy0i0m","operationId":"3sr6reekham04yy"}
{"type":"log","timestamp":1700574879586,"level":"info","message":"Starting rendering request 7","meta":{"rootId":"x0npa9e0fyjqyrd","id":"x0npa9e0fyjqyrd"},"id":"2juxwxbomdmvmer","previousOperationId":"3sr6reekham04yy"}
{"type":"log","timestamp":1700574879586,"level":"info","message":"Rendering anonymous template { recipe: chrome-pdf, engine: handlebars }","meta":{"rootId":"x0npa9e0fyjqyrd","id":"x0npa9e0fyjqyrd"},"id":"3w9seixxjjzn08y","previousOperationId":"3sr6reekham04yy"}
{"type":"log","timestamp":1700574879587,"level":"debug","message":"Data item not defined for this template.","meta":{"rootId":"x0npa9e0fyjqyrd","id":"x0npa9e0fyjqyrd"},"id":"1mujguopoy9y5e7","previousOperationId":"3sr6reekham04yy"}
{"type":"log","timestamp":1700574879589,"level":"debug","message":"Base url not specified, skipping its injection.","meta":{"rootId":"x0npa9e0fyjqyrd","id":"x0npa9e0fyjqyrd"},"id":"u9lj2c0n1v5tzrc","previousOperationId":"3sr6reekham04yy"}
{"type":"operationStart","subtype":"engine","name":"handlebars","timestamp":1700574879590,"id":"rhinm0pbm1tsr85","previousEventId":"5hb13i0thy4bxxp","operationId":"ifwkjy3660v33zz","previousOperationId":"3sr6reekham04yy"}
{"type":"log","timestamp":1700574879590,"level":"debug","message":"Rendering engine handlebars","meta":{"rootId":"x0npa9e0fyjqyrd","id":"x0npa9e0fyjqyrd"},"id":"zj73k7zu24tdd03","previousOperationId":"ifwkjy3660v33zz"}
{"type":"operationEnd","operationId":"ifwkjy3660v33zz","timestamp":1700574879882,"id":"pxwwu44ts00g8d2","previousEventId":"rhinm0pbm1tsr85","previousOperationId":"ifwkjy3660v33zz"}
{"type":"operationStart","subtype":"recipe","name":"chrome-pdf","timestamp":1700574879882,"id":"wyhi3yl7auirrpl","previousEventId":"pxwwu44ts00g8d2","operationId":"ddsz2wwazzko909","previousOperationId":"ifwkjy3660v33zz"}
{"type":"log","timestamp":1700574879882,"level":"debug","message":"Executing recipe chrome-pdf","meta":{"rootId":"x0npa9e0fyjqyrd","id":"x0npa9e0fyjqyrd"},"id":"zf0edbgwzk1k2ji","previousOperationId":"ddsz2wwazzko909"}
{"type":"log","timestamp":1700574880063,"level":"debug","message":"Converting with chrome HeadlessChrome/117.0.5938.149 using chrome-pool strategy","meta":{"rootId":"x0npa9e0fyjqyrd","id":"x0npa9e0fyjqyrd"},"id":"v27xz96msvikwul","previousOperationId":"ddsz2wwazzko909"}
{"type":"log","timestamp":1700574880112,"level":"debug","message":"Page request: GET (document) file:///var/folders/dp/qk79pfcj0y1fmtkkl08m76rc0000gn/T/jsreport/autocleanup/c9972a50-3130-45b4-bb0e-54d35b373c48-chrome-pdf.html","meta":{"rootId":"x0npa9e0fyjqyrd","id":"x0npa9e0fyjqyrd"},"id":"3pm7rkoc8imzdn2","previousOperationId":"ddsz2wwazzko909"}
{"type":"log","timestamp":1700574880117,"level":"debug","message":"Page request finished: GET (document) 200 file:///var/folders/dp/qk79pfcj0y1fmtkkl08m76rc0000gn/T/jsreport/autocleanup/c9972a50-3130-45b4-bb0e-54d35b373c48-chrome-pdf.html","meta":{"rootId":"x0npa9e0fyjqyrd","id":"x0npa9e0fyjqyrd"},"id":"rxsn4syh16m6yju","previousOperationId":"ddsz2wwazzko909"}
{"type":"log","timestamp":1700574880121,"level":"debug","message":"Running chrome with params {\"landscape\":true,\"timeout\":59697,\"margin\":{},\"printBackground\":true}","meta":{"rootId":"x0npa9e0fyjqyrd","id":"x0npa9e0fyjqyrd"},"id":"pl9qb200kq5prk6","previousOperationId":"ddsz2wwazzko909"}
{"type":"operationEnd","operationId":"ddsz2wwazzko909","timestamp":1700574880127,"id":"5sk6y7x4edv2cu0","previousEventId":"wyhi3yl7auirrpl","previousOperationId":"ddsz2wwazzko909"}
{"type":"log","timestamp":1700574880128,"level":"debug","message":"Skipping storing report.","meta":{"rootId":"x0npa9e0fyjqyrd","id":"x0npa9e0fyjqyrd"},"id":"6dpeit0kvdudkc4","previousOperationId":"ddsz2wwazzko909"}
{"type":"log","timestamp":1700574880128,"level":"info","message":"Rendering request 7 finished in 547 ms","meta":{"rootId":"x0npa9e0fyjqyrd","id":"x0npa9e0fyjqyrd"},"id":"drrx1a52tvfg22z","previousOperationId":"ddsz2wwazzko909"}
{"type":"operationEnd","subtype":"render","operationId":"3sr6reekham04yy","timestamp":1700574880128,"id":"pc50d66djof2giq","previousEventId":"5sk6y7x4edv2cu0","previousOperationId":"ddsz2wwazzko909"}
{"type":"operationEnd","doDiffs":false,"previousEventId":"82xawi39tqy0i0m","previousOperationId":"vi8aajwc7tlujij","operationId":"vi8aajwc7tlujij","timestamp":1700574880129,"id":"shhqn1yfpze2jjh"}
