{"type":"operationStart","subtype":"profile","data":{"_id":"nP9nxcpgXSSPItMw","timestamp":"2023-11-21T15:05:44.715Z","state":"queued","mode":"standard","creationDate":"2023-11-21T15:05:44.716Z","modificationDate":"2023-11-21T15:05:44.716Z","shortid":"3nplq7u","$entitySet":"profiles"},"doDiffs":false,"timestamp":1700579144715,"id":"0bcygax3u7rmcbc","previousOperationId":null,"operationId":"g24rpihc4leo9ih"}
{"type":"log","level":"info","message":"Render request 55 queued for execution and waiting for available worker","previousOperationId":"g24rpihc4leo9ih","timestamp":1700579144715,"id":"rjrlzfe1k8p6bat"}
{"type":"operationStart","subtype":"render","name":"anonymous","previousOperationId":"g24rpihc4leo9ih","timestamp":1700579144720,"id":"p5r5qhjpwm8ray5","previousEventId":"0bcygax3u7rmcbc","operationId":"ixc6urv3w5uzwp4"}
{"type":"log","timestamp":1700579144720,"level":"info","message":"Starting rendering request 55","meta":{"rootId":"x2g7qslunj2zs05","id":"x2g7qslunj2zs05"},"id":"7uoalkfg50gwkkt","previousOperationId":"ixc6urv3w5uzwp4"}
{"type":"log","timestamp":1700579144720,"level":"info","message":"Rendering template { name: undefined, recipe: chrome-pdf, engine: handlebars, preview: false }","meta":{"rootId":"x2g7qslunj2zs05","id":"x2g7qslunj2zs05"},"id":"52ozg393unrsn4n","previousOperationId":"ixc6urv3w5uzwp4"}
{"type":"log","timestamp":1700579144721,"level":"debug","message":"Inline data specified.","meta":{"rootId":"x2g7qslunj2zs05","id":"x2g7qslunj2zs05"},"id":"drw640tfiw2j1yg","previousOperationId":"ixc6urv3w5uzwp4"}
{"type":"log","timestamp":1700579144722,"level":"debug","message":"Base url not specified, skipping its injection.","meta":{"rootId":"x2g7qslunj2zs05","id":"x2g7qslunj2zs05"},"id":"wdx4fzm62osm1ya","previousOperationId":"ixc6urv3w5uzwp4"}
{"type":"operationStart","subtype":"engine","name":"handlebars","timestamp":1700579144722,"id":"tys0w88w3y91d1m","previousEventId":"p5r5qhjpwm8ray5","operationId":"y9g8cor35bs9qcd","previousOperationId":"ixc6urv3w5uzwp4"}
{"type":"log","timestamp":1700579144722,"level":"debug","message":"Rendering engine handlebars","meta":{"rootId":"x2g7qslunj2zs05","id":"x2g7qslunj2zs05"},"id":"cccoxh1klmhlman","previousOperationId":"y9g8cor35bs9qcd"}
{"type":"operationEnd","operationId":"y9g8cor35bs9qcd","timestamp":1700579144728,"id":"7k08vra74nl7kj2","previousEventId":"tys0w88w3y91d1m","previousOperationId":"y9g8cor35bs9qcd"}
{"type":"operationStart","subtype":"recipe","name":"chrome-pdf","timestamp":1700579144728,"id":"j3fhjyfimbcvnze","previousEventId":"7k08vra74nl7kj2","operationId":"iydua5dkf6slfw6","previousOperationId":"y9g8cor35bs9qcd"}
{"type":"log","timestamp":1700579144728,"level":"debug","message":"Executing recipe chrome-pdf","meta":{"rootId":"x2g7qslunj2zs05","id":"x2g7qslunj2zs05"},"id":"brgik92471dwqzo","previousOperationId":"iydua5dkf6slfw6"}
{"type":"log","timestamp":1700579144730,"level":"debug","message":"Converting with chrome HeadlessChrome/117.0.5938.149 using chrome-pool strategy","meta":{"rootId":"x2g7qslunj2zs05","id":"x2g7qslunj2zs05"},"id":"omk56ouod4k6bzh","previousOperationId":"iydua5dkf6slfw6"}
{"type":"log","timestamp":1700579144784,"level":"debug","message":"Page request: GET (document) file:///var/folders/dp/qk79pfcj0y1fmtkkl08m76rc0000gn/T/jsreport/autocleanup/9f137645-6f61-4847-9e81-53a51c975b33-chrome-pdf.html","meta":{"rootId":"x2g7qslunj2zs05","id":"x2g7qslunj2zs05"},"id":"2km1wm22wkfy99d","previousOperationId":"iydua5dkf6slfw6"}
{"type":"log","timestamp":1700579144788,"level":"debug","message":"Page request finished: GET (document) 200 file:///var/folders/dp/qk79pfcj0y1fmtkkl08m76rc0000gn/T/jsreport/autocleanup/9f137645-6f61-4847-9e81-53a51c975b33-chrome-pdf.html","meta":{"rootId":"x2g7qslunj2zs05","id":"x2g7qslunj2zs05"},"id":"izbj4igilwl80ww","previousOperationId":"iydua5dkf6slfw6"}
{"type":"log","timestamp":1700579144796,"level":"debug","message":"Running chrome with params {\"timeout\":59985,\"margin\":{},\"printBackground\":true}","meta":{"rootId":"x2g7qslunj2zs05","id":"x2g7qslunj2zs05"},"id":"zu4p6uzxlgo8qb8","previousOperationId":"iydua5dkf6slfw6"}
{"type":"operationEnd","operationId":"iydua5dkf6slfw6","timestamp":1700579144814,"id":"bsrqnlberog8soz","previousEventId":"j3fhjyfimbcvnze","previousOperationId":"iydua5dkf6slfw6"}
{"type":"log","timestamp":1700579144814,"level":"debug","message":"Skipping storing report.","meta":{"rootId":"x2g7qslunj2zs05","id":"x2g7qslunj2zs05"},"id":"ppx3hhlhefwq6rc","previousOperationId":"iydua5dkf6slfw6"}
{"type":"log","timestamp":1700579144814,"level":"info","message":"Rendering request 55 finished in 100 ms","meta":{"rootId":"x2g7qslunj2zs05","id":"x2g7qslunj2zs05"},"id":"fzjii15qh69dxfy","previousOperationId":"iydua5dkf6slfw6"}
{"type":"operationEnd","subtype":"render","operationId":"ixc6urv3w5uzwp4","timestamp":1700579144814,"id":"nvd5o5l2ws3w3zr","previousEventId":"bsrqnlberog8soz","previousOperationId":"iydua5dkf6slfw6"}
{"type":"operationEnd","doDiffs":false,"previousEventId":"0bcygax3u7rmcbc","previousOperationId":"g24rpihc4leo9ih","operationId":"g24rpihc4leo9ih","timestamp":1700579144815,"id":"e14g40izea1polo"}
