{"type":"operationStart","subtype":"profile","data":{"_id":"LejC9avIc3mJEuzV","timestamp":"2023-11-22T05:35:27.549Z","state":"queued","mode":"standard","creationDate":"2023-11-22T05:35:27.550Z","modificationDate":"2023-11-22T05:35:27.550Z","shortid":"WapEgkz","$entitySet":"profiles"},"doDiffs":false,"timestamp":1700631327549,"id":"7y0iavpbu0yzx8o","previousOperationId":null,"operationId":"0zxrehvwau5hetd"}
{"type":"log","level":"info","message":"Render request 119 queued for execution and waiting for available worker","previousOperationId":"0zxrehvwau5hetd","timestamp":1700631327549,"id":"35k8qnw5e77b1l5"}
{"type":"operationStart","subtype":"render","name":"anonymous","previousOperationId":"0zxrehvwau5hetd","timestamp":1700631327555,"id":"rqdeeqenje0qs4n","previousEventId":"7y0iavpbu0yzx8o","operationId":"wet36zf6hikb2nj"}
{"type":"log","timestamp":1700631327555,"level":"info","message":"Starting rendering request 119","meta":{"rootId":"zbk6b9p96e7hn5d","id":"zbk6b9p96e7hn5d"},"id":"xphiydl0sa3oc7m","previousOperationId":"wet36zf6hikb2nj"}
{"type":"log","timestamp":1700631327555,"level":"info","message":"Rendering template { name: /Users/lukamata/Projects/factory/jsreport/data/Zahtev, recipe: chrome-pdf, engine: handlebars, preview: false }","meta":{"rootId":"zbk6b9p96e7hn5d","id":"zbk6b9p96e7hn5d"},"id":"cgti7848cv3b1ix","previousOperationId":"wet36zf6hikb2nj"}
{"type":"log","timestamp":1700631327556,"level":"debug","message":"Inline data specified.","meta":{"rootId":"zbk6b9p96e7hn5d","id":"zbk6b9p96e7hn5d"},"id":"2qg9t8y2o1gs8lg","previousOperationId":"wet36zf6hikb2nj"}
{"type":"log","timestamp":1700631327556,"level":"debug","message":"Base url not specified, skipping its injection.","meta":{"rootId":"zbk6b9p96e7hn5d","id":"zbk6b9p96e7hn5d"},"id":"0ta21zcgidacva2","previousOperationId":"wet36zf6hikb2nj"}
{"type":"operationStart","subtype":"engine","name":"handlebars","timestamp":1700631327556,"id":"my9fhcvg8175jy3","previousEventId":"rqdeeqenje0qs4n","operationId":"wacacsuwba1w2o0","previousOperationId":"wet36zf6hikb2nj"}
{"type":"log","timestamp":1700631327556,"level":"debug","message":"Rendering engine handlebars","meta":{"rootId":"zbk6b9p96e7hn5d","id":"zbk6b9p96e7hn5d"},"id":"umt31rqnn9bor52","previousOperationId":"wacacsuwba1w2o0"}
{"type":"operationEnd","operationId":"wacacsuwba1w2o0","timestamp":1700631327561,"id":"qhu5x75r8299zhp","previousEventId":"my9fhcvg8175jy3","previousOperationId":"wacacsuwba1w2o0"}
{"type":"operationStart","subtype":"recipe","name":"chrome-pdf","timestamp":1700631327561,"id":"nneibs2oi8oxq8b","previousEventId":"qhu5x75r8299zhp","operationId":"4hjd54rp81gr0u7","previousOperationId":"wacacsuwba1w2o0"}
{"type":"log","timestamp":1700631327561,"level":"debug","message":"Executing recipe chrome-pdf","meta":{"rootId":"zbk6b9p96e7hn5d","id":"zbk6b9p96e7hn5d"},"id":"cul10l13t0eorqn","previousOperationId":"4hjd54rp81gr0u7"}
{"type":"log","timestamp":1700631327562,"level":"debug","message":"Converting with chrome HeadlessChrome/117.0.5938.149 using chrome-pool strategy","meta":{"rootId":"zbk6b9p96e7hn5d","id":"zbk6b9p96e7hn5d"},"id":"il8faqt7dwutx54","previousOperationId":"4hjd54rp81gr0u7"}
{"type":"log","timestamp":1700631327604,"level":"debug","message":"Page request: GET (document) file:///var/folders/dp/qk79pfcj0y1fmtkkl08m76rc0000gn/T/jsreport/autocleanup/71c0bec4-3696-4687-9703-68e34c78f990-chrome-pdf.html","meta":{"rootId":"zbk6b9p96e7hn5d","id":"zbk6b9p96e7hn5d"},"id":"f38mzd5nk6p8wem","previousOperationId":"4hjd54rp81gr0u7"}
{"type":"log","timestamp":1700631327609,"level":"debug","message":"Page request finished: GET (document) 200 file:///var/folders/dp/qk79pfcj0y1fmtkkl08m76rc0000gn/T/jsreport/autocleanup/71c0bec4-3696-4687-9703-68e34c78f990-chrome-pdf.html","meta":{"rootId":"zbk6b9p96e7hn5d","id":"zbk6b9p96e7hn5d"},"id":"tck7gcwayxhsxu4","previousOperationId":"4hjd54rp81gr0u7"}
{"type":"log","timestamp":1700631327620,"level":"debug","message":"Running chrome with params {\"timeout\":59987,\"margin\":{},\"printBackground\":true}","meta":{"rootId":"zbk6b9p96e7hn5d","id":"zbk6b9p96e7hn5d"},"id":"txzh48pkcu0lne1","previousOperationId":"4hjd54rp81gr0u7"}
{"type":"operationEnd","operationId":"4hjd54rp81gr0u7","timestamp":1700631327626,"id":"gibjel7k2x102oh","previousEventId":"nneibs2oi8oxq8b","previousOperationId":"4hjd54rp81gr0u7"}
{"type":"log","timestamp":1700631327626,"level":"debug","message":"Skipping storing report.","meta":{"rootId":"zbk6b9p96e7hn5d","id":"zbk6b9p96e7hn5d"},"id":"s44dgqrfpovcnoj","previousOperationId":"4hjd54rp81gr0u7"}
{"type":"log","timestamp":1700631327626,"level":"info","message":"Rendering request 119 finished in 77 ms","meta":{"rootId":"zbk6b9p96e7hn5d","id":"zbk6b9p96e7hn5d"},"id":"rn7e8qd9ow10ps1","previousOperationId":"4hjd54rp81gr0u7"}
{"type":"operationEnd","subtype":"render","operationId":"wet36zf6hikb2nj","timestamp":1700631327626,"id":"tdb7mx7tj8vxmdl","previousEventId":"gibjel7k2x102oh","previousOperationId":"4hjd54rp81gr0u7"}
{"type":"operationEnd","doDiffs":false,"previousEventId":"7y0iavpbu0yzx8o","previousOperationId":"0zxrehvwau5hetd","operationId":"0zxrehvwau5hetd","timestamp":1700631327627,"id":"z46p78h4oaol71a"}
