{"type":"operationStart","subtype":"profile","data":{"_id":"3etA1ilCoz2I8u72","timestamp":"2023-11-22T05:27:55.346Z","state":"queued","mode":"standard","creationDate":"2023-11-22T05:27:55.346Z","modificationDate":"2023-11-22T05:27:55.346Z","shortid":"NrE_-aP","$entitySet":"profiles"},"doDiffs":false,"timestamp":1700630875346,"id":"722b15z2vc8n20d","previousOperationId":null,"operationId":"5pd4udsog5dr6v7"}
{"type":"log","level":"info","message":"Render request 115 queued for execution and waiting for available worker","previousOperationId":"5pd4udsog5dr6v7","timestamp":1700630875346,"id":"6e5aa3wneawxooo"}
{"type":"operationStart","subtype":"render","name":"anonymous","previousOperationId":"5pd4udsog5dr6v7","timestamp":1700630875348,"id":"917fyr1bp4ytk70","previousEventId":"722b15z2vc8n20d","operationId":"lx4ij06kuc3jawb"}
{"type":"log","timestamp":1700630875348,"level":"info","message":"Starting rendering request 115","meta":{"rootId":"zg95p34sbodkrud","id":"zg95p34sbodkrud"},"id":"w3nff45huhq3wn2","previousOperationId":"lx4ij06kuc3jawb"}
{"type":"log","timestamp":1700630875348,"level":"info","message":"Rendering anonymous template { recipe: chrome-pdf, engine: handlebars }","meta":{"rootId":"zg95p34sbodkrud","id":"zg95p34sbodkrud"},"id":"8fcuzys05cloqpf","previousOperationId":"lx4ij06kuc3jawb"}
{"type":"log","timestamp":1700630875348,"level":"debug","message":"Inline data specified.","meta":{"rootId":"zg95p34sbodkrud","id":"zg95p34sbodkrud"},"id":"4dap16abnck4m1m","previousOperationId":"lx4ij06kuc3jawb"}
{"type":"log","timestamp":1700630875348,"level":"debug","message":"Base url not specified, skipping its injection.","meta":{"rootId":"zg95p34sbodkrud","id":"zg95p34sbodkrud"},"id":"opqwhraotvx75op","previousOperationId":"lx4ij06kuc3jawb"}
{"type":"operationStart","subtype":"engine","name":"handlebars","timestamp":1700630875348,"id":"n0obdygsflreyai","previousEventId":"917fyr1bp4ytk70","operationId":"bjxwogofo0p32d4","previousOperationId":"lx4ij06kuc3jawb"}
{"type":"log","timestamp":1700630875348,"level":"debug","message":"Rendering engine handlebars","meta":{"rootId":"zg95p34sbodkrud","id":"zg95p34sbodkrud"},"id":"ldl14brhm78nzzq","previousOperationId":"bjxwogofo0p32d4"}
{"type":"operationEnd","operationId":"bjxwogofo0p32d4","timestamp":1700630875352,"id":"7cfa5irce1jfhwq","previousEventId":"n0obdygsflreyai","previousOperationId":"bjxwogofo0p32d4"}
{"type":"operationStart","subtype":"recipe","name":"chrome-pdf","timestamp":1700630875352,"id":"itk1jj7bskvvsoh","previousEventId":"7cfa5irce1jfhwq","operationId":"fz7bpa0spamupkh","previousOperationId":"bjxwogofo0p32d4"}
{"type":"log","timestamp":1700630875352,"level":"debug","message":"Executing recipe chrome-pdf","meta":{"rootId":"zg95p34sbodkrud","id":"zg95p34sbodkrud"},"id":"kqd4uaw0hu6h5cn","previousOperationId":"fz7bpa0spamupkh"}
{"type":"log","timestamp":1700630875353,"level":"debug","message":"Converting with chrome HeadlessChrome/117.0.5938.149 using chrome-pool strategy","meta":{"rootId":"zg95p34sbodkrud","id":"zg95p34sbodkrud"},"id":"1zn7ymo6k1fkh4b","previousOperationId":"fz7bpa0spamupkh"}
{"type":"log","timestamp":1700630875392,"level":"debug","message":"Page request: GET (document) file:///var/folders/dp/qk79pfcj0y1fmtkkl08m76rc0000gn/T/jsreport/autocleanup/cc354f02-8031-4b9b-930d-a1c5f0750e43-chrome-pdf.html","meta":{"rootId":"zg95p34sbodkrud","id":"zg95p34sbodkrud"},"id":"554bse37v2kd6dz","previousOperationId":"fz7bpa0spamupkh"}
{"type":"log","timestamp":1700630875397,"level":"debug","message":"Page request finished: GET (document) 200 file:///var/folders/dp/qk79pfcj0y1fmtkkl08m76rc0000gn/T/jsreport/autocleanup/cc354f02-8031-4b9b-930d-a1c5f0750e43-chrome-pdf.html","meta":{"rootId":"zg95p34sbodkrud","id":"zg95p34sbodkrud"},"id":"ovvct3yqofohzfg","previousOperationId":"fz7bpa0spamupkh"}
{"type":"log","timestamp":1700630875404,"level":"debug","message":"Running chrome with params {\"timeout\":59993,\"margin\":{},\"printBackground\":true}","meta":{"rootId":"zg95p34sbodkrud","id":"zg95p34sbodkrud"},"id":"sm2m2xetlw3ros9","previousOperationId":"fz7bpa0spamupkh"}
{"type":"operationEnd","operationId":"fz7bpa0spamupkh","timestamp":1700630875410,"id":"xcl4fn1v9rt7sf8","previousEventId":"itk1jj7bskvvsoh","previousOperationId":"fz7bpa0spamupkh"}
{"type":"log","timestamp":1700630875410,"level":"debug","message":"Skipping storing report.","meta":{"rootId":"zg95p34sbodkrud","id":"zg95p34sbodkrud"},"id":"rrpxqk06ild86co","previousOperationId":"fz7bpa0spamupkh"}
{"type":"log","timestamp":1700630875410,"level":"info","message":"Rendering request 115 finished in 64 ms","meta":{"rootId":"zg95p34sbodkrud","id":"zg95p34sbodkrud"},"id":"h9oc3fufaxrq3u1","previousOperationId":"fz7bpa0spamupkh"}
{"type":"operationEnd","subtype":"render","operationId":"lx4ij06kuc3jawb","timestamp":1700630875410,"id":"66awhfdnc0me2w0","previousEventId":"xcl4fn1v9rt7sf8","previousOperationId":"fz7bpa0spamupkh"}
{"type":"operationEnd","doDiffs":false,"previousEventId":"722b15z2vc8n20d","previousOperationId":"5pd4udsog5dr6v7","operationId":"5pd4udsog5dr6v7","timestamp":1700630875411,"id":"z5xq4ofe8ydc4bm"}
