{"type":"operationStart","subtype":"profile","data":{"_id":"L4nrZRmBA8BDy75A","timestamp":"2023-11-21T19:39:06.139Z","state":"queued","mode":"standard","creationDate":"2023-11-21T19:39:06.140Z","modificationDate":"2023-11-21T19:39:06.140Z","shortid":"KAJJ5To","$entitySet":"profiles"},"doDiffs":false,"timestamp":1700595546139,"id":"0rxw9odszdtyfr4","previousOperationId":null,"operationId":"d1a1dfb9qebxwd6"}
{"type":"log","level":"info","message":"Render request 63 queued for execution and waiting for available worker","previousOperationId":"d1a1dfb9qebxwd6","timestamp":1700595546139,"id":"jxzqx4e22ghgb8e"}
{"type":"operationStart","subtype":"render","name":"anonymous","previousOperationId":"d1a1dfb9qebxwd6","timestamp":1700595546142,"id":"3908byeo60qzkdt","previousEventId":"0rxw9odszdtyfr4","operationId":"l76zk5ho8cr3fa2"}
{"type":"log","timestamp":1700595546142,"level":"info","message":"Starting rendering request 63","meta":{"rootId":"zk5wg9qoca9bnsh","id":"zk5wg9qoca9bnsh"},"id":"5052aat0ojgf6ge","previousOperationId":"l76zk5ho8cr3fa2"}
{"type":"log","timestamp":1700595546143,"level":"info","message":"Rendering anonymous template { recipe: chrome-pdf, engine: none }","meta":{"rootId":"zk5wg9qoca9bnsh","id":"zk5wg9qoca9bnsh"},"id":"31847uwndlcql1b","previousOperationId":"l76zk5ho8cr3fa2"}
{"type":"log","timestamp":1700595546143,"level":"debug","message":"Data item not defined for this template.","meta":{"rootId":"zk5wg9qoca9bnsh","id":"zk5wg9qoca9bnsh"},"id":"wn9jnl4w0n80gp3","previousOperationId":"l76zk5ho8cr3fa2"}
{"type":"log","timestamp":1700595546143,"level":"debug","message":"Base url not specified, skipping its injection.","meta":{"rootId":"zk5wg9qoca9bnsh","id":"zk5wg9qoca9bnsh"},"id":"6ptkjbfc1jyu5vf","previousOperationId":"l76zk5ho8cr3fa2"}
{"type":"operationStart","subtype":"engine","name":"none","timestamp":1700595546143,"id":"tdviyn3ktvpxu55","previousEventId":"3908byeo60qzkdt","operationId":"apctsmwkscwi47b","previousOperationId":"l76zk5ho8cr3fa2"}
{"type":"log","timestamp":1700595546143,"level":"debug","message":"Rendering engine none","meta":{"rootId":"zk5wg9qoca9bnsh","id":"zk5wg9qoca9bnsh"},"id":"i96fnx4ek3hpeat","previousOperationId":"apctsmwkscwi47b"}
{"type":"operationEnd","operationId":"apctsmwkscwi47b","timestamp":1700595546147,"id":"pfasy9qe4lsc0ue","previousEventId":"tdviyn3ktvpxu55","previousOperationId":"apctsmwkscwi47b"}
{"type":"operationStart","subtype":"recipe","name":"chrome-pdf","timestamp":1700595546147,"id":"2xqboeu0r0m4jra","previousEventId":"pfasy9qe4lsc0ue","operationId":"hl3zpzkc0ptk5q0","previousOperationId":"apctsmwkscwi47b"}
{"type":"log","timestamp":1700595546147,"level":"debug","message":"Executing recipe chrome-pdf","meta":{"rootId":"zk5wg9qoca9bnsh","id":"zk5wg9qoca9bnsh"},"id":"h3yv59awg753tqo","previousOperationId":"hl3zpzkc0ptk5q0"}
{"type":"log","timestamp":1700595546149,"level":"debug","message":"Converting with chrome HeadlessChrome/117.0.5938.149 using chrome-pool strategy","meta":{"rootId":"zk5wg9qoca9bnsh","id":"zk5wg9qoca9bnsh"},"id":"yw86jqp08ey3em0","previousOperationId":"hl3zpzkc0ptk5q0"}
{"type":"log","timestamp":1700595546203,"level":"debug","message":"Page request: GET (document) file:///var/folders/dp/qk79pfcj0y1fmtkkl08m76rc0000gn/T/jsreport/autocleanup/e6db748a-39be-450f-92de-5bf79d1a4b84-chrome-pdf.html","meta":{"rootId":"zk5wg9qoca9bnsh","id":"zk5wg9qoca9bnsh"},"id":"2dfnmk9cif35sqg","previousOperationId":"hl3zpzkc0ptk5q0"}
{"type":"log","timestamp":1700595546208,"level":"debug","message":"Page request finished: GET (document) 200 file:///var/folders/dp/qk79pfcj0y1fmtkkl08m76rc0000gn/T/jsreport/autocleanup/e6db748a-39be-450f-92de-5bf79d1a4b84-chrome-pdf.html","meta":{"rootId":"zk5wg9qoca9bnsh","id":"zk5wg9qoca9bnsh"},"id":"3dyezfepjx1ur7i","previousOperationId":"hl3zpzkc0ptk5q0"}
{"type":"log","timestamp":1700595546215,"level":"debug","message":"Running chrome with params {\"timeout\":59991,\"margin\":{},\"printBackground\":true}","meta":{"rootId":"zk5wg9qoca9bnsh","id":"zk5wg9qoca9bnsh"},"id":"imwl937e9o0swkj","previousOperationId":"hl3zpzkc0ptk5q0"}
{"type":"operationEnd","operationId":"hl3zpzkc0ptk5q0","timestamp":1700595546221,"id":"p9hi4mq5ny590zf","previousEventId":"2xqboeu0r0m4jra","previousOperationId":"hl3zpzkc0ptk5q0"}
{"type":"log","timestamp":1700595546221,"level":"debug","message":"Skipping storing report.","meta":{"rootId":"zk5wg9qoca9bnsh","id":"zk5wg9qoca9bnsh"},"id":"wcu9qd2zwv68nap","previousOperationId":"hl3zpzkc0ptk5q0"}
{"type":"log","timestamp":1700595546221,"level":"info","message":"Rendering request 63 finished in 82 ms","meta":{"rootId":"zk5wg9qoca9bnsh","id":"zk5wg9qoca9bnsh"},"id":"lupst5m7syo5bpo","previousOperationId":"hl3zpzkc0ptk5q0"}
{"type":"operationEnd","subtype":"render","operationId":"l76zk5ho8cr3fa2","timestamp":1700595546221,"id":"jdo15tdpmiyevd8","previousEventId":"p9hi4mq5ny590zf","previousOperationId":"hl3zpzkc0ptk5q0"}
{"type":"operationEnd","doDiffs":false,"previousEventId":"0rxw9odszdtyfr4","previousOperationId":"d1a1dfb9qebxwd6","operationId":"d1a1dfb9qebxwd6","timestamp":1700595546222,"id":"da6k2upykd2m0pu"}
