{"type":"operationStart","subtype":"profile","data":{"_id":"riU2PHo9vMKAfbIc","timestamp":"2023-12-01T10:10:09.492Z","state":"queued","mode":"standard","creationDate":"2023-12-01T10:10:09.493Z","modificationDate":"2023-12-01T10:10:09.493Z","shortid":"MWMIuDc","$entitySet":"profiles"},"doDiffs":false,"timestamp":1701425409493,"id":"paymen3x3om7nou","previousOperationId":null,"operationId":"12apa3bwox3jxbo"}
{"type":"log","level":"info","message":"Render request 84 queued for execution and waiting for available worker","previousOperationId":"12apa3bwox3jxbo","timestamp":1701425409493,"id":"lecv0m7pz3bh2w5"}
{"type":"operationStart","subtype":"render","name":"prijava_index","previousOperationId":"12apa3bwox3jxbo","timestamp":1701425409502,"id":"9muk1piam2y3sea","previousEventId":"paymen3x3om7nou","operationId":"ctiz4243w6jfzzo"}
{"type":"log","timestamp":1701425409502,"level":"info","message":"Starting rendering request 84","meta":{"rootId":"22k906f1atcnkll","id":"22k906f1atcnkll"},"id":"fdha31c43iltsxz","previousOperationId":"ctiz4243w6jfzzo"}
{"type":"log","timestamp":1701425409502,"level":"info","message":"Rendering template { name: prijava_index, recipe: chrome-pdf, engine: handlebars, preview: true }","meta":{"rootId":"22k906f1atcnkll","id":"22k906f1atcnkll"},"id":"3qpkgxbj1eiwf6u","previousOperationId":"ctiz4243w6jfzzo"}
{"type":"log","timestamp":1701425409502,"level":"debug","message":"Inline data specified.","meta":{"rootId":"22k906f1atcnkll","id":"22k906f1atcnkll"},"id":"kcrpx8xbv7amsxf","previousOperationId":"ctiz4243w6jfzzo"}
{"type":"log","timestamp":1701425409504,"level":"debug","message":"Base url not specified, skipping its injection.","meta":{"rootId":"22k906f1atcnkll","id":"22k906f1atcnkll"},"id":"8mai20sebaxpaul","previousOperationId":"ctiz4243w6jfzzo"}
{"type":"log","timestamp":1701425409505,"level":"debug","message":"Replaced assets [\"styles.css\"]","meta":{"rootId":"22k906f1atcnkll","id":"22k906f1atcnkll"},"id":"uom8b8pvfq3w4dd","previousOperationId":"ctiz4243w6jfzzo"}
{"type":"operationStart","subtype":"engine","name":"handlebars","timestamp":1701425409505,"id":"xqonzkc9xvsouni","previousEventId":"9muk1piam2y3sea","operationId":"6ggac3vcigordf9","previousOperationId":"ctiz4243w6jfzzo"}
{"type":"log","timestamp":1701425409505,"level":"debug","message":"Rendering engine handlebars","meta":{"rootId":"22k906f1atcnkll","id":"22k906f1atcnkll"},"id":"v6b7bs9mm674jof","previousOperationId":"6ggac3vcigordf9"}
{"type":"operationEnd","operationId":"6ggac3vcigordf9","timestamp":1701425409534,"id":"5w4ewfle6ck9nta","previousEventId":"xqonzkc9xvsouni","previousOperationId":"6ggac3vcigordf9"}
{"type":"operationStart","subtype":"recipe","name":"chrome-pdf","timestamp":1701425409535,"id":"t9dsxxqmwi2fhlb","previousEventId":"5w4ewfle6ck9nta","operationId":"7u2nqqswzte1oey","previousOperationId":"6ggac3vcigordf9"}
{"type":"log","timestamp":1701425409535,"level":"debug","message":"Executing recipe chrome-pdf","meta":{"rootId":"22k906f1atcnkll","id":"22k906f1atcnkll"},"id":"orr9asaod1yncq5","previousOperationId":"7u2nqqswzte1oey"}
{"type":"log","timestamp":1701425409537,"level":"debug","message":"Converting with chrome HeadlessChrome/117.0.5938.149 using chrome-pool strategy","meta":{"rootId":"22k906f1atcnkll","id":"22k906f1atcnkll"},"id":"vs4ih3mscz9agcl","previousOperationId":"7u2nqqswzte1oey"}
{"type":"log","timestamp":1701425409584,"level":"debug","message":"Page request: GET (document) file:///var/folders/dp/qk79pfcj0y1fmtkkl08m76rc0000gn/T/jsreport/autocleanup/f820acf2-ecc3-4cb8-92c0-fe90f99768a2-chrome-pdf.html","meta":{"rootId":"22k906f1atcnkll","id":"22k906f1atcnkll"},"id":"ionv3kgykrgq5fr","previousOperationId":"7u2nqqswzte1oey"}
{"type":"log","timestamp":1701425409589,"level":"debug","message":"Page request finished: GET (document) 200 file:///var/folders/dp/qk79pfcj0y1fmtkkl08m76rc0000gn/T/jsreport/autocleanup/f820acf2-ecc3-4cb8-92c0-fe90f99768a2-chrome-pdf.html","meta":{"rootId":"22k906f1atcnkll","id":"22k906f1atcnkll"},"id":"ojgli229yrealf6","previousOperationId":"7u2nqqswzte1oey"}
{"type":"log","timestamp":1701425409599,"level":"debug","message":"Running chrome with params {\"printBackground\":true,\"timeout\":59955,\"margin\":{}}","meta":{"rootId":"22k906f1atcnkll","id":"22k906f1atcnkll"},"id":"jnrkkzkar3gxpqf","previousOperationId":"7u2nqqswzte1oey"}
{"type":"operationEnd","operationId":"7u2nqqswzte1oey","timestamp":1701425409622,"id":"q1y4x7wly5lnxb1","previousEventId":"t9dsxxqmwi2fhlb","previousOperationId":"7u2nqqswzte1oey"}
{"type":"log","timestamp":1701425409622,"level":"debug","message":"Skipping storing report.","meta":{"rootId":"22k906f1atcnkll","id":"22k906f1atcnkll"},"id":"ja4nro01xy4i726","previousOperationId":"7u2nqqswzte1oey"}
{"type":"log","timestamp":1701425409623,"level":"info","message":"Rendering request 84 finished in 131 ms","meta":{"rootId":"22k906f1atcnkll","id":"22k906f1atcnkll"},"id":"x7vae4zvh413b2y","previousOperationId":"7u2nqqswzte1oey"}
{"type":"operationEnd","subtype":"render","operationId":"ctiz4243w6jfzzo","timestamp":1701425409623,"id":"ujbfmj900k8yn8q","previousEventId":"q1y4x7wly5lnxb1","previousOperationId":"7u2nqqswzte1oey"}
{"type":"operationEnd","doDiffs":false,"previousEventId":"paymen3x3om7nou","previousOperationId":"12apa3bwox3jxbo","operationId":"12apa3bwox3jxbo","timestamp":1701425409623,"id":"iexlu0bhbatykmr"}
