{"type":"operationStart","subtype":"profile","data":{"_id":"sW1P2oa7sm5lzOqE","timestamp":"2023-12-01T08:12:42.688Z","state":"queued","mode":"standard","creationDate":"2023-12-01T08:12:42.691Z","modificationDate":"2023-12-01T08:12:42.691Z","shortid":"-lh6X7w","$entitySet":"profiles"},"doDiffs":false,"timestamp":1701418362690,"id":"tt5hh6bws0l3ikt","previousOperationId":null,"operationId":"7fu470xex7wsz5v"}
{"type":"log","level":"info","message":"Render request 3 queued for execution and waiting for available worker","previousOperationId":"7fu470xex7wsz5v","timestamp":1701418362690,"id":"icljd4m3ve04tmb"}
{"type":"operationStart","subtype":"render","name":"prijava_index","previousOperationId":"7fu470xex7wsz5v","timestamp":1701418362710,"id":"guag5hn692hc9v9","previousEventId":"tt5hh6bws0l3ikt","operationId":"2f1bqerin7bm25g"}
{"type":"log","timestamp":1701418362710,"level":"info","message":"Starting rendering request 3","meta":{"rootId":"2uqowfrc8hig0s4","id":"2uqowfrc8hig0s4"},"id":"k4gksrtf1ynm8hr","previousOperationId":"2f1bqerin7bm25g"}
{"type":"log","timestamp":1701418362710,"level":"info","message":"Rendering template { name: prijava_index, recipe: chrome-pdf, engine: handlebars, preview: true }","meta":{"rootId":"2uqowfrc8hig0s4","id":"2uqowfrc8hig0s4"},"id":"s0jc27twgpujw8l","previousOperationId":"2f1bqerin7bm25g"}
{"type":"log","timestamp":1701418362711,"level":"debug","message":"Inline data specified.","meta":{"rootId":"2uqowfrc8hig0s4","id":"2uqowfrc8hig0s4"},"id":"gg7mtww2xlj1sgt","previousOperationId":"2f1bqerin7bm25g"}
{"type":"log","timestamp":1701418362712,"level":"debug","message":"Base url not specified, skipping its injection.","meta":{"rootId":"2uqowfrc8hig0s4","id":"2uqowfrc8hig0s4"},"id":"w0rqfupqdhq844h","previousOperationId":"2f1bqerin7bm25g"}
{"type":"log","timestamp":1701418362715,"level":"debug","message":"Replaced assets [\"styles.css\"]","meta":{"rootId":"2uqowfrc8hig0s4","id":"2uqowfrc8hig0s4"},"id":"q59afql5as2e2yz","previousOperationId":"2f1bqerin7bm25g"}
{"type":"operationStart","subtype":"engine","name":"handlebars","timestamp":1701418362715,"id":"wmt2vrxqo6a7va2","previousEventId":"guag5hn692hc9v9","operationId":"4h1equt8dw7yutk","previousOperationId":"2f1bqerin7bm25g"}
{"type":"log","timestamp":1701418362715,"level":"debug","message":"Rendering engine handlebars","meta":{"rootId":"2uqowfrc8hig0s4","id":"2uqowfrc8hig0s4"},"id":"mj9xo0imeq9tjxl","previousOperationId":"4h1equt8dw7yutk"}
{"type":"operationEnd","operationId":"4h1equt8dw7yutk","timestamp":1701418362748,"id":"jv82l6bw2lhi5gm","previousEventId":"wmt2vrxqo6a7va2","previousOperationId":"4h1equt8dw7yutk"}
{"type":"operationStart","subtype":"recipe","name":"chrome-pdf","timestamp":1701418362749,"id":"q686l94061m9zge","previousEventId":"jv82l6bw2lhi5gm","operationId":"ce7klmll6zuppim","previousOperationId":"4h1equt8dw7yutk"}
{"type":"log","timestamp":1701418362749,"level":"debug","message":"Executing recipe chrome-pdf","meta":{"rootId":"2uqowfrc8hig0s4","id":"2uqowfrc8hig0s4"},"id":"ktik2sbfui7ig48","previousOperationId":"ce7klmll6zuppim"}
{"type":"log","timestamp":1701418362752,"level":"debug","message":"Converting with chrome HeadlessChrome/117.0.5938.149 using chrome-pool strategy","meta":{"rootId":"2uqowfrc8hig0s4","id":"2uqowfrc8hig0s4"},"id":"ncl8vfqmycob8f6","previousOperationId":"ce7klmll6zuppim"}
{"type":"log","timestamp":1701418362794,"level":"debug","message":"Page request: GET (document) file:///var/folders/dp/qk79pfcj0y1fmtkkl08m76rc0000gn/T/jsreport/autocleanup/632d78dc-f7ea-4c72-a610-b141859cca05-chrome-pdf.html","meta":{"rootId":"2uqowfrc8hig0s4","id":"2uqowfrc8hig0s4"},"id":"5d0xgtsowdti6oo","previousOperationId":"ce7klmll6zuppim"}
{"type":"log","timestamp":1701418362799,"level":"debug","message":"Page request finished: GET (document) 200 file:///var/folders/dp/qk79pfcj0y1fmtkkl08m76rc0000gn/T/jsreport/autocleanup/632d78dc-f7ea-4c72-a610-b141859cca05-chrome-pdf.html","meta":{"rootId":"2uqowfrc8hig0s4","id":"2uqowfrc8hig0s4"},"id":"ekdq5ngqkksycqy","previousOperationId":"ce7klmll6zuppim"}
{"type":"log","timestamp":1701418362806,"level":"debug","message":"Running chrome with params {\"printBackground\":true,\"timeout\":59937,\"margin\":{}}","meta":{"rootId":"2uqowfrc8hig0s4","id":"2uqowfrc8hig0s4"},"id":"6vrv0bc6wxva65q","previousOperationId":"ce7klmll6zuppim"}
{"type":"operationEnd","operationId":"ce7klmll6zuppim","timestamp":1701418362829,"id":"scefixjaob6h01x","previousEventId":"q686l94061m9zge","previousOperationId":"ce7klmll6zuppim"}
{"type":"log","timestamp":1701418362829,"level":"debug","message":"Skipping storing report.","meta":{"rootId":"2uqowfrc8hig0s4","id":"2uqowfrc8hig0s4"},"id":"uzy6m64ioypszk4","previousOperationId":"ce7klmll6zuppim"}
{"type":"log","timestamp":1701418362829,"level":"info","message":"Rendering request 3 finished in 141 ms","meta":{"rootId":"2uqowfrc8hig0s4","id":"2uqowfrc8hig0s4"},"id":"n8hrgjamlyao9kv","previousOperationId":"ce7klmll6zuppim"}
{"type":"operationEnd","subtype":"render","operationId":"2f1bqerin7bm25g","timestamp":1701418362829,"id":"qsukn5npa34ldnb","previousEventId":"scefixjaob6h01x","previousOperationId":"ce7klmll6zuppim"}
{"type":"operationEnd","doDiffs":false,"previousEventId":"tt5hh6bws0l3ikt","previousOperationId":"7fu470xex7wsz5v","operationId":"7fu470xex7wsz5v","timestamp":1701418362830,"id":"trk6h7eedl72j6i"}
