{"type":"operationStart","subtype":"profile","data":{"_id":"JVfBY2gSpsWlgb4l","timestamp":"2023-11-20T15:31:25.598Z","state":"queued","mode":"standard","creationDate":"2023-11-20T15:31:25.599Z","modificationDate":"2023-11-20T15:31:25.599Z","shortid":"jfEK4nn","$entitySet":"profiles"},"doDiffs":false,"timestamp":1700494285599,"id":"2u3snlz220c8zfr","previousOperationId":null,"operationId":"onz6n8h3unmwpqv"}
{"type":"log","level":"info","message":"Render request 48 queued for execution and waiting for available worker","previousOperationId":"onz6n8h3unmwpqv","timestamp":1700494285599,"id":"rgf5me9j7v8krsu"}
{"type":"operationStart","subtype":"render","name":"prijava_index","previousOperationId":"onz6n8h3unmwpqv","timestamp":1700494285604,"id":"u9rg9y2t45j7ux9","previousEventId":"2u3snlz220c8zfr","operationId":"kvx2gzgvdjvh6ci"}
{"type":"log","timestamp":1700494285604,"level":"info","message":"Starting rendering request 48","meta":{"rootId":"5t528ldt9ca3igl","id":"5t528ldt9ca3igl"},"id":"r14j5vz2n0e7iro","previousOperationId":"kvx2gzgvdjvh6ci"}
{"type":"log","timestamp":1700494285605,"level":"info","message":"Rendering template { name: prijava_index, recipe: chrome-pdf, engine: handlebars, preview: true }","meta":{"rootId":"5t528ldt9ca3igl","id":"5t528ldt9ca3igl"},"id":"1v6jqm63nxm9teo","previousOperationId":"kvx2gzgvdjvh6ci"}
{"type":"log","timestamp":1700494285606,"level":"debug","message":"Inline data specified.","meta":{"rootId":"5t528ldt9ca3igl","id":"5t528ldt9ca3igl"},"id":"xujzoeyz45g092y","previousOperationId":"kvx2gzgvdjvh6ci"}
{"type":"log","timestamp":1700494285608,"level":"debug","message":"Base url not specified, skipping its injection.","meta":{"rootId":"5t528ldt9ca3igl","id":"5t528ldt9ca3igl"},"id":"8ig4yq27qlyev7b","previousOperationId":"kvx2gzgvdjvh6ci"}
{"type":"log","timestamp":1700494285610,"level":"debug","message":"Replaced assets [\"styles.css\"]","meta":{"rootId":"5t528ldt9ca3igl","id":"5t528ldt9ca3igl"},"id":"trrnvjrwwbi18cc","previousOperationId":"kvx2gzgvdjvh6ci"}
{"type":"operationStart","subtype":"engine","name":"handlebars","timestamp":1700494285610,"id":"6i4vt8ra8bwykkj","previousEventId":"u9rg9y2t45j7ux9","operationId":"6tkqhs68ra7etj8","previousOperationId":"kvx2gzgvdjvh6ci"}
{"type":"log","timestamp":1700494285610,"level":"debug","message":"Rendering engine handlebars","meta":{"rootId":"5t528ldt9ca3igl","id":"5t528ldt9ca3igl"},"id":"u18nob4wk3jz83f","previousOperationId":"6tkqhs68ra7etj8"}
{"type":"operationEnd","operationId":"6tkqhs68ra7etj8","timestamp":1700494285642,"id":"uz9u0nr9oi2xbj6","previousEventId":"6i4vt8ra8bwykkj","previousOperationId":"6tkqhs68ra7etj8"}
{"type":"operationStart","subtype":"recipe","name":"chrome-pdf","timestamp":1700494285642,"id":"lqj9vv0mzkn4y5g","previousEventId":"uz9u0nr9oi2xbj6","operationId":"ann94j2mtdp0ejf","previousOperationId":"6tkqhs68ra7etj8"}
{"type":"log","timestamp":1700494285642,"level":"debug","message":"Executing recipe chrome-pdf","meta":{"rootId":"5t528ldt9ca3igl","id":"5t528ldt9ca3igl"},"id":"byc1x2o2dax1e0b","previousOperationId":"ann94j2mtdp0ejf"}
{"type":"log","timestamp":1700494285644,"level":"debug","message":"Converting with chrome HeadlessChrome/117.0.5938.149 using chrome-pool strategy","meta":{"rootId":"5t528ldt9ca3igl","id":"5t528ldt9ca3igl"},"id":"p3gqfw8bcpgafmb","previousOperationId":"ann94j2mtdp0ejf"}
{"type":"log","timestamp":1700494285688,"level":"debug","message":"Page request: GET (document) file:///var/folders/dp/qk79pfcj0y1fmtkkl08m76rc0000gn/T/jsreport/autocleanup/5955b626-4451-4122-9b51-5806cfb57c0e-chrome-pdf.html","meta":{"rootId":"5t528ldt9ca3igl","id":"5t528ldt9ca3igl"},"id":"ri8toyz611jfv99","previousOperationId":"ann94j2mtdp0ejf"}
{"type":"log","timestamp":1700494285693,"level":"debug","message":"Page request finished: GET (document) 200 file:///var/folders/dp/qk79pfcj0y1fmtkkl08m76rc0000gn/T/jsreport/autocleanup/5955b626-4451-4122-9b51-5806cfb57c0e-chrome-pdf.html","meta":{"rootId":"5t528ldt9ca3igl","id":"5t528ldt9ca3igl"},"id":"7vwjjtlxfifz3fz","previousOperationId":"ann94j2mtdp0ejf"}
{"type":"log","timestamp":1700494285704,"level":"debug","message":"Running chrome with params {\"printBackground\":true,\"timeout\":59955,\"margin\":{}}","meta":{"rootId":"5t528ldt9ca3igl","id":"5t528ldt9ca3igl"},"id":"rm6gp6t291e0vi8","previousOperationId":"ann94j2mtdp0ejf"}
{"type":"operationEnd","operationId":"ann94j2mtdp0ejf","timestamp":1700494285725,"id":"4f9fyxwqcah7smo","previousEventId":"lqj9vv0mzkn4y5g","previousOperationId":"ann94j2mtdp0ejf"}
{"type":"log","timestamp":1700494285725,"level":"debug","message":"Skipping storing report.","meta":{"rootId":"5t528ldt9ca3igl","id":"5t528ldt9ca3igl"},"id":"k6dffsyqigqku31","previousOperationId":"ann94j2mtdp0ejf"}
{"type":"log","timestamp":1700494285725,"level":"info","message":"Rendering request 48 finished in 127 ms","meta":{"rootId":"5t528ldt9ca3igl","id":"5t528ldt9ca3igl"},"id":"1maqv5etfu1mpk0","previousOperationId":"ann94j2mtdp0ejf"}
{"type":"operationEnd","subtype":"render","operationId":"kvx2gzgvdjvh6ci","timestamp":1700494285725,"id":"v2flqlipt7soayb","previousEventId":"4f9fyxwqcah7smo","previousOperationId":"ann94j2mtdp0ejf"}
{"type":"operationEnd","doDiffs":false,"previousEventId":"2u3snlz220c8zfr","previousOperationId":"onz6n8h3unmwpqv","operationId":"onz6n8h3unmwpqv","timestamp":1700494285726,"id":"aqz58le80apk8ps"}
