{"type":"operationStart","subtype":"profile","data":{"_id":"3jbelTg6hUewIbpc","timestamp":"2023-12-01T10:10:33.880Z","state":"queued","mode":"standard","creationDate":"2023-12-01T10:10:33.882Z","modificationDate":"2023-12-01T10:10:33.882Z","shortid":"17kXgOO","$entitySet":"profiles"},"doDiffs":false,"timestamp":1701425433881,"id":"b6jv31z1j5vrhai","previousOperationId":null,"operationId":"wovasa61fr8lbd5"}
{"type":"log","level":"info","message":"Render request 85 queued for execution and waiting for available worker","previousOperationId":"wovasa61fr8lbd5","timestamp":1701425433882,"id":"2kstva9xwc2eoyc"}
{"type":"operationStart","subtype":"render","name":"prijava_index","previousOperationId":"wovasa61fr8lbd5","timestamp":1701425433887,"id":"l0x5srkuiuorbzq","previousEventId":"b6jv31z1j5vrhai","operationId":"k5a3dhfqh2cqj5v"}
{"type":"log","timestamp":1701425433887,"level":"info","message":"Starting rendering request 85","meta":{"rootId":"605q5ybl3962azn","id":"605q5ybl3962azn"},"id":"eqdkyshomkoik8g","previousOperationId":"k5a3dhfqh2cqj5v"}
{"type":"log","timestamp":1701425433888,"level":"info","message":"Rendering template { name: prijava_index, recipe: chrome-pdf, engine: handlebars, preview: true }","meta":{"rootId":"605q5ybl3962azn","id":"605q5ybl3962azn"},"id":"lagfcuusme2i4uk","previousOperationId":"k5a3dhfqh2cqj5v"}
{"type":"log","timestamp":1701425433888,"level":"debug","message":"Inline data specified.","meta":{"rootId":"605q5ybl3962azn","id":"605q5ybl3962azn"},"id":"49zhofr884zi0mt","previousOperationId":"k5a3dhfqh2cqj5v"}
{"type":"log","timestamp":1701425433889,"level":"debug","message":"Base url not specified, skipping its injection.","meta":{"rootId":"605q5ybl3962azn","id":"605q5ybl3962azn"},"id":"x6arjspv4kyvamb","previousOperationId":"k5a3dhfqh2cqj5v"}
{"type":"log","timestamp":1701425433890,"level":"debug","message":"Replaced assets [\"styles.css\"]","meta":{"rootId":"605q5ybl3962azn","id":"605q5ybl3962azn"},"id":"2wh5abxamjd3jtf","previousOperationId":"k5a3dhfqh2cqj5v"}
{"type":"operationStart","subtype":"engine","name":"handlebars","timestamp":1701425433890,"id":"y73u95ku4gir68z","previousEventId":"l0x5srkuiuorbzq","operationId":"phr5bct49lvsptq","previousOperationId":"k5a3dhfqh2cqj5v"}
{"type":"log","timestamp":1701425433890,"level":"debug","message":"Rendering engine handlebars","meta":{"rootId":"605q5ybl3962azn","id":"605q5ybl3962azn"},"id":"33ozotiykvfp5bn","previousOperationId":"phr5bct49lvsptq"}
{"type":"operationEnd","operationId":"phr5bct49lvsptq","timestamp":1701425433910,"id":"3pfenqpzif9yf7c","previousEventId":"y73u95ku4gir68z","previousOperationId":"phr5bct49lvsptq"}
{"type":"operationStart","subtype":"recipe","name":"chrome-pdf","timestamp":1701425433911,"id":"93rrgovnc765mhu","previousEventId":"3pfenqpzif9yf7c","operationId":"z8y7t189n1kn03j","previousOperationId":"phr5bct49lvsptq"}
{"type":"log","timestamp":1701425433911,"level":"debug","message":"Executing recipe chrome-pdf","meta":{"rootId":"605q5ybl3962azn","id":"605q5ybl3962azn"},"id":"memet3tk2fnlnbm","previousOperationId":"z8y7t189n1kn03j"}
{"type":"log","timestamp":1701425433913,"level":"debug","message":"Converting with chrome HeadlessChrome/117.0.5938.149 using chrome-pool strategy","meta":{"rootId":"605q5ybl3962azn","id":"605q5ybl3962azn"},"id":"at6r3z3a6f5cng8","previousOperationId":"z8y7t189n1kn03j"}
{"type":"log","timestamp":1701425433954,"level":"debug","message":"Page request: GET (document) file:///var/folders/dp/qk79pfcj0y1fmtkkl08m76rc0000gn/T/jsreport/autocleanup/2add76d1-ccd2-4101-944b-7c3f97b718a5-chrome-pdf.html","meta":{"rootId":"605q5ybl3962azn","id":"605q5ybl3962azn"},"id":"hlm56eniqz7nw0g","previousOperationId":"z8y7t189n1kn03j"}
{"type":"log","timestamp":1701425433959,"level":"debug","message":"Page request finished: GET (document) 200 file:///var/folders/dp/qk79pfcj0y1fmtkkl08m76rc0000gn/T/jsreport/autocleanup/2add76d1-ccd2-4101-944b-7c3f97b718a5-chrome-pdf.html","meta":{"rootId":"605q5ybl3962azn","id":"605q5ybl3962azn"},"id":"0a1x4cn5nrqzlsq","previousOperationId":"z8y7t189n1kn03j"}
{"type":"log","timestamp":1701425433970,"level":"debug","message":"Running chrome with params {\"printBackground\":true,\"timeout\":59968,\"margin\":{}}","meta":{"rootId":"605q5ybl3962azn","id":"605q5ybl3962azn"},"id":"66a33xmbxr5chgb","previousOperationId":"z8y7t189n1kn03j"}
{"type":"operationEnd","operationId":"z8y7t189n1kn03j","timestamp":1701425433992,"id":"0vvmrvlw7ukb2wf","previousEventId":"93rrgovnc765mhu","previousOperationId":"z8y7t189n1kn03j"}
{"type":"log","timestamp":1701425433992,"level":"debug","message":"Skipping storing report.","meta":{"rootId":"605q5ybl3962azn","id":"605q5ybl3962azn"},"id":"6on9xnea2yjdajd","previousOperationId":"z8y7t189n1kn03j"}
{"type":"log","timestamp":1701425433992,"level":"info","message":"Rendering request 85 finished in 112 ms","meta":{"rootId":"605q5ybl3962azn","id":"605q5ybl3962azn"},"id":"yqfs1q5k95c8ssb","previousOperationId":"z8y7t189n1kn03j"}
{"type":"operationEnd","subtype":"render","operationId":"k5a3dhfqh2cqj5v","timestamp":1701425433992,"id":"j31kyd7fufaayly","previousEventId":"0vvmrvlw7ukb2wf","previousOperationId":"z8y7t189n1kn03j"}
{"type":"operationEnd","doDiffs":false,"previousEventId":"b6jv31z1j5vrhai","previousOperationId":"wovasa61fr8lbd5","operationId":"wovasa61fr8lbd5","timestamp":1701425433994,"id":"5nml6ofnkqwkkhx"}
