{"type":"operationStart","subtype":"profile","data":{"_id":"0bvOohSyYGeKeOKU","timestamp":"2023-12-01T10:08:30.954Z","state":"queued","mode":"standard","creationDate":"2023-12-01T10:08:30.956Z","modificationDate":"2023-12-01T10:08:30.956Z","shortid":"QZa5oEE","$entitySet":"profiles"},"doDiffs":false,"timestamp":1701425310955,"id":"cgtxpne448x8oyn","previousOperationId":null,"operationId":"nx06fneluykoj4e"}
{"type":"log","level":"info","message":"Render request 82 queued for execution and waiting for available worker","previousOperationId":"nx06fneluykoj4e","timestamp":1701425310955,"id":"zfmzg6uj3ryp03e"}
{"type":"operationStart","subtype":"render","name":"prijava_index","previousOperationId":"nx06fneluykoj4e","timestamp":1701425310966,"id":"rzvldqvaon24bgh","previousEventId":"cgtxpne448x8oyn","operationId":"abige97cx6ixrvf"}
{"type":"log","timestamp":1701425310966,"level":"info","message":"Starting rendering request 82","meta":{"rootId":"688yf1unalosgyi","id":"688yf1unalosgyi"},"id":"gp7juqg0ut9b9aj","previousOperationId":"abige97cx6ixrvf"}
{"type":"log","timestamp":1701425310966,"level":"info","message":"Rendering template { name: prijava_index, recipe: chrome-pdf, engine: handlebars, preview: true }","meta":{"rootId":"688yf1unalosgyi","id":"688yf1unalosgyi"},"id":"9lkmxyplgbmo80b","previousOperationId":"abige97cx6ixrvf"}
{"type":"log","timestamp":1701425310969,"level":"debug","message":"Adding sample data rM_YGoC4q","meta":{"rootId":"688yf1unalosgyi","id":"688yf1unalosgyi"},"id":"c0himh0ihs58l18","previousOperationId":"abige97cx6ixrvf"}
{"type":"log","timestamp":1701425310972,"level":"debug","message":"Base url not specified, skipping its injection.","meta":{"rootId":"688yf1unalosgyi","id":"688yf1unalosgyi"},"id":"67snovvbtwno4wv","previousOperationId":"abige97cx6ixrvf"}
{"type":"log","timestamp":1701425310974,"level":"debug","message":"Replaced assets [\"styles.css\"]","meta":{"rootId":"688yf1unalosgyi","id":"688yf1unalosgyi"},"id":"861nbihepqjzhjn","previousOperationId":"abige97cx6ixrvf"}
{"type":"operationStart","subtype":"engine","name":"handlebars","timestamp":1701425310974,"id":"0lirix9xmb4hn7q","previousEventId":"rzvldqvaon24bgh","operationId":"tvo12ar6s9nb799","previousOperationId":"abige97cx6ixrvf"}
{"type":"log","timestamp":1701425310974,"level":"debug","message":"Rendering engine handlebars","meta":{"rootId":"688yf1unalosgyi","id":"688yf1unalosgyi"},"id":"tet8aeenw09xsk6","previousOperationId":"tvo12ar6s9nb799"}
{"type":"operationEnd","operationId":"tvo12ar6s9nb799","timestamp":1701425310993,"id":"tnqelryk6uc1wkt","previousEventId":"0lirix9xmb4hn7q","previousOperationId":"tvo12ar6s9nb799"}
{"type":"operationStart","subtype":"recipe","name":"chrome-pdf","timestamp":1701425310993,"id":"estilg7idze3nkh","previousEventId":"tnqelryk6uc1wkt","operationId":"3m6pkicjhntyuiv","previousOperationId":"tvo12ar6s9nb799"}
{"type":"log","timestamp":1701425310993,"level":"debug","message":"Executing recipe chrome-pdf","meta":{"rootId":"688yf1unalosgyi","id":"688yf1unalosgyi"},"id":"0lffo0ghnoez4ho","previousOperationId":"3m6pkicjhntyuiv"}
{"type":"log","timestamp":1701425310995,"level":"debug","message":"Converting with chrome HeadlessChrome/117.0.5938.149 using chrome-pool strategy","meta":{"rootId":"688yf1unalosgyi","id":"688yf1unalosgyi"},"id":"bpapqcec6papt36","previousOperationId":"3m6pkicjhntyuiv"}
{"type":"log","timestamp":1701425311041,"level":"debug","message":"Page request: GET (document) file:///var/folders/dp/qk79pfcj0y1fmtkkl08m76rc0000gn/T/jsreport/autocleanup/92b9e936-f4ee-4a44-b129-5feeb55cb23c-chrome-pdf.html","meta":{"rootId":"688yf1unalosgyi","id":"688yf1unalosgyi"},"id":"6bjeldokn19gsc8","previousOperationId":"3m6pkicjhntyuiv"}
{"type":"log","timestamp":1701425311046,"level":"debug","message":"Page request finished: GET (document) 200 file:///var/folders/dp/qk79pfcj0y1fmtkkl08m76rc0000gn/T/jsreport/autocleanup/92b9e936-f4ee-4a44-b129-5feeb55cb23c-chrome-pdf.html","meta":{"rootId":"688yf1unalosgyi","id":"688yf1unalosgyi"},"id":"m0x68wtigzjgujz","previousOperationId":"3m6pkicjhntyuiv"}
{"type":"log","timestamp":1701425311057,"level":"debug","message":"Running chrome with params {\"printBackground\":true,\"timeout\":59960,\"margin\":{}}","meta":{"rootId":"688yf1unalosgyi","id":"688yf1unalosgyi"},"id":"rok1pr8ogt030px","previousOperationId":"3m6pkicjhntyuiv"}
{"type":"operationEnd","operationId":"3m6pkicjhntyuiv","timestamp":1701425311079,"id":"eyvnkfez1l55oy5","previousEventId":"estilg7idze3nkh","previousOperationId":"3m6pkicjhntyuiv"}
{"type":"log","timestamp":1701425311079,"level":"debug","message":"Skipping storing report.","meta":{"rootId":"688yf1unalosgyi","id":"688yf1unalosgyi"},"id":"ixw8xhq3zetyfd2","previousOperationId":"3m6pkicjhntyuiv"}
{"type":"log","timestamp":1701425311079,"level":"info","message":"Rendering request 82 finished in 125 ms","meta":{"rootId":"688yf1unalosgyi","id":"688yf1unalosgyi"},"id":"v63u647qqfwmzso","previousOperationId":"3m6pkicjhntyuiv"}
{"type":"operationEnd","subtype":"render","operationId":"abige97cx6ixrvf","timestamp":1701425311079,"id":"gv4cm0gqf9uqycw","previousEventId":"eyvnkfez1l55oy5","previousOperationId":"3m6pkicjhntyuiv"}
{"type":"operationEnd","doDiffs":false,"previousEventId":"cgtxpne448x8oyn","previousOperationId":"nx06fneluykoj4e","operationId":"nx06fneluykoj4e","timestamp":1701425311081,"id":"p2xsxepgzulpomh"}
