{"type":"operationStart","subtype":"profile","data":{"_id":"zBG7HO4rMU4LNfua","timestamp":"2023-11-27T13:13:30.874Z","state":"queued","mode":"standard","creationDate":"2023-11-27T13:13:30.875Z","modificationDate":"2023-11-27T13:13:30.875Z","shortid":"ryv18op","$entitySet":"profiles"},"doDiffs":false,"timestamp":1701090810875,"id":"g5tysx4dh2uacg6","previousOperationId":null,"operationId":"sp2nnql5b1pa6rn"}
{"type":"log","level":"info","message":"Render request 122 queued for execution and waiting for available worker","previousOperationId":"sp2nnql5b1pa6rn","timestamp":1701090810875,"id":"z6z0v2497gly8d4"}
{"type":"operationStart","subtype":"render","name":"prijava_index","previousOperationId":"sp2nnql5b1pa6rn","timestamp":1701090810890,"id":"ez5wd5umb89wx2z","previousEventId":"g5tysx4dh2uacg6","operationId":"qw9nqt9efkd1lhw"}
{"type":"log","timestamp":1701090810890,"level":"info","message":"Starting rendering request 122","meta":{"rootId":"bxdlwqm59jdg4ft","id":"bxdlwqm59jdg4ft"},"id":"vjth1mkeyfmidfw","previousOperationId":"qw9nqt9efkd1lhw"}
{"type":"log","timestamp":1701090810890,"level":"info","message":"Rendering template { name: prijava_index, recipe: chrome-pdf, engine: handlebars, preview: true }","meta":{"rootId":"bxdlwqm59jdg4ft","id":"bxdlwqm59jdg4ft"},"id":"86wv7yh104yvn9w","previousOperationId":"qw9nqt9efkd1lhw"}
{"type":"log","timestamp":1701090810892,"level":"debug","message":"Adding sample data rM_YGoC4q","meta":{"rootId":"bxdlwqm59jdg4ft","id":"bxdlwqm59jdg4ft"},"id":"pph6f9t7h1334g4","previousOperationId":"qw9nqt9efkd1lhw"}
{"type":"log","timestamp":1701090810900,"level":"debug","message":"Base url not specified, skipping its injection.","meta":{"rootId":"bxdlwqm59jdg4ft","id":"bxdlwqm59jdg4ft"},"id":"6ro8i3w6zd9l5jq","previousOperationId":"qw9nqt9efkd1lhw"}
{"type":"log","timestamp":1701090810904,"level":"debug","message":"Replaced assets [\"styles.css\"]","meta":{"rootId":"bxdlwqm59jdg4ft","id":"bxdlwqm59jdg4ft"},"id":"zvw9d9uink6qd3r","previousOperationId":"qw9nqt9efkd1lhw"}
{"type":"operationStart","subtype":"engine","name":"handlebars","timestamp":1701090810904,"id":"gdhb3stpfzysmdv","previousEventId":"ez5wd5umb89wx2z","operationId":"yoxk46s05gqd2fw","previousOperationId":"qw9nqt9efkd1lhw"}
{"type":"log","timestamp":1701090810904,"level":"debug","message":"Rendering engine handlebars","meta":{"rootId":"bxdlwqm59jdg4ft","id":"bxdlwqm59jdg4ft"},"id":"72o4hn7mw6fgsk7","previousOperationId":"yoxk46s05gqd2fw"}
{"type":"operationEnd","operationId":"yoxk46s05gqd2fw","timestamp":1701090810931,"id":"81iu51i9achac8p","previousEventId":"gdhb3stpfzysmdv","previousOperationId":"yoxk46s05gqd2fw"}
{"type":"operationStart","subtype":"recipe","name":"chrome-pdf","timestamp":1701090810931,"id":"xlzdjudnzaq7lka","previousEventId":"81iu51i9achac8p","operationId":"t4wus57nmzyimqi","previousOperationId":"yoxk46s05gqd2fw"}
{"type":"log","timestamp":1701090810931,"level":"debug","message":"Executing recipe chrome-pdf","meta":{"rootId":"bxdlwqm59jdg4ft","id":"bxdlwqm59jdg4ft"},"id":"ulil1kiql0itf4i","previousOperationId":"t4wus57nmzyimqi"}
{"type":"log","timestamp":1701090810934,"level":"debug","message":"Converting with chrome HeadlessChrome/117.0.5938.149 using chrome-pool strategy","meta":{"rootId":"bxdlwqm59jdg4ft","id":"bxdlwqm59jdg4ft"},"id":"vr3bv9sgru2h3a5","previousOperationId":"t4wus57nmzyimqi"}
{"type":"log","timestamp":1701090810982,"level":"debug","message":"Page request: GET (document) file:///var/folders/dp/qk79pfcj0y1fmtkkl08m76rc0000gn/T/jsreport/autocleanup/1610aa23-ab55-46d6-bc2c-f8c3837fcabb-chrome-pdf.html","meta":{"rootId":"bxdlwqm59jdg4ft","id":"bxdlwqm59jdg4ft"},"id":"5nflyb9jex99y7e","previousOperationId":"t4wus57nmzyimqi"}
{"type":"log","timestamp":1701090810987,"level":"debug","message":"Page request finished: GET (document) 200 file:///var/folders/dp/qk79pfcj0y1fmtkkl08m76rc0000gn/T/jsreport/autocleanup/1610aa23-ab55-46d6-bc2c-f8c3837fcabb-chrome-pdf.html","meta":{"rootId":"bxdlwqm59jdg4ft","id":"bxdlwqm59jdg4ft"},"id":"3oc1onze0qmkgsl","previousOperationId":"t4wus57nmzyimqi"}
{"type":"log","timestamp":1701090810998,"level":"debug","message":"Running chrome with params {\"printBackground\":true,\"timeout\":59941,\"margin\":{}}","meta":{"rootId":"bxdlwqm59jdg4ft","id":"bxdlwqm59jdg4ft"},"id":"pjyk614p2u06we7","previousOperationId":"t4wus57nmzyimqi"}
{"type":"operationEnd","operationId":"t4wus57nmzyimqi","timestamp":1701090811021,"id":"sm2a1b45ma96mx3","previousEventId":"xlzdjudnzaq7lka","previousOperationId":"t4wus57nmzyimqi"}
{"type":"log","timestamp":1701090811021,"level":"debug","message":"Skipping storing report.","meta":{"rootId":"bxdlwqm59jdg4ft","id":"bxdlwqm59jdg4ft"},"id":"0cv6h85kx0mkou6","previousOperationId":"t4wus57nmzyimqi"}
{"type":"log","timestamp":1701090811021,"level":"info","message":"Rendering request 122 finished in 147 ms","meta":{"rootId":"bxdlwqm59jdg4ft","id":"bxdlwqm59jdg4ft"},"id":"5ijyelif1rl9oc5","previousOperationId":"t4wus57nmzyimqi"}
{"type":"operationEnd","subtype":"render","operationId":"qw9nqt9efkd1lhw","timestamp":1701090811021,"id":"mh2u27ic2e2p8c1","previousEventId":"sm2a1b45ma96mx3","previousOperationId":"t4wus57nmzyimqi"}
{"type":"operationEnd","doDiffs":false,"previousEventId":"g5tysx4dh2uacg6","previousOperationId":"sp2nnql5b1pa6rn","operationId":"sp2nnql5b1pa6rn","timestamp":1701090811022,"id":"u06c1tj6q9xdshy"}
