{"type":"operationStart","subtype":"profile","data":{"_id":"QzahAqzToFAO1Lrj","timestamp":"2023-12-01T08:16:34.218Z","state":"queued","mode":"standard","creationDate":"2023-12-01T08:16:34.219Z","modificationDate":"2023-12-01T08:16:34.219Z","shortid":"sm8ioAG","$entitySet":"profiles"},"doDiffs":false,"timestamp":1701418594219,"id":"5i0axuz7q27ijs8","previousOperationId":null,"operationId":"r2q81hhwij9jhx4"}
{"type":"log","level":"info","message":"Render request 10 queued for execution and waiting for available worker","previousOperationId":"r2q81hhwij9jhx4","timestamp":1701418594219,"id":"i6mfp7cc2qybrmf"}
{"type":"operationStart","subtype":"render","name":"prijava_index","previousOperationId":"r2q81hhwij9jhx4","timestamp":1701418594223,"id":"ei9hmbkwpdn6b9w","previousEventId":"5i0axuz7q27ijs8","operationId":"2kujo5ig2b3jc6p"}
{"type":"log","timestamp":1701418594223,"level":"info","message":"Starting rendering request 10","meta":{"rootId":"c8b9hp2jalck6g5","id":"c8b9hp2jalck6g5"},"id":"s8r0719im0eedkk","previousOperationId":"2kujo5ig2b3jc6p"}
{"type":"log","timestamp":1701418594223,"level":"info","message":"Rendering template { name: prijava_index, recipe: chrome-pdf, engine: handlebars, preview: true }","meta":{"rootId":"c8b9hp2jalck6g5","id":"c8b9hp2jalck6g5"},"id":"kfngdzd6ntauxwc","previousOperationId":"2kujo5ig2b3jc6p"}
{"type":"log","timestamp":1701418594223,"level":"debug","message":"Inline data specified.","meta":{"rootId":"c8b9hp2jalck6g5","id":"c8b9hp2jalck6g5"},"id":"87ouk8xc338wy7e","previousOperationId":"2kujo5ig2b3jc6p"}
{"type":"log","timestamp":1701418594223,"level":"debug","message":"Base url not specified, skipping its injection.","meta":{"rootId":"c8b9hp2jalck6g5","id":"c8b9hp2jalck6g5"},"id":"42yrun9wgiu67hg","previousOperationId":"2kujo5ig2b3jc6p"}
{"type":"log","timestamp":1701418594225,"level":"debug","message":"Replaced assets [\"styles.css\"]","meta":{"rootId":"c8b9hp2jalck6g5","id":"c8b9hp2jalck6g5"},"id":"4i9r48bdjnekny8","previousOperationId":"2kujo5ig2b3jc6p"}
{"type":"operationStart","subtype":"engine","name":"handlebars","timestamp":1701418594225,"id":"0j22q545jq1nrm1","previousEventId":"ei9hmbkwpdn6b9w","operationId":"st3edp17du0ebon","previousOperationId":"2kujo5ig2b3jc6p"}
{"type":"log","timestamp":1701418594225,"level":"debug","message":"Rendering engine handlebars","meta":{"rootId":"c8b9hp2jalck6g5","id":"c8b9hp2jalck6g5"},"id":"6yogds55c2asyt0","previousOperationId":"st3edp17du0ebon"}
{"type":"operationEnd","operationId":"st3edp17du0ebon","timestamp":1701418594244,"id":"21ghcuuyp40f5hf","previousEventId":"0j22q545jq1nrm1","previousOperationId":"st3edp17du0ebon"}
{"type":"operationStart","subtype":"recipe","name":"chrome-pdf","timestamp":1701418594244,"id":"fl3nbxaggm1eh9e","previousEventId":"21ghcuuyp40f5hf","operationId":"9k3dz7j7aljhaty","previousOperationId":"st3edp17du0ebon"}
{"type":"log","timestamp":1701418594244,"level":"debug","message":"Executing recipe chrome-pdf","meta":{"rootId":"c8b9hp2jalck6g5","id":"c8b9hp2jalck6g5"},"id":"p5v97cral9sg4rb","previousOperationId":"9k3dz7j7aljhaty"}
{"type":"log","timestamp":1701418594246,"level":"debug","message":"Converting with chrome HeadlessChrome/117.0.5938.149 using chrome-pool strategy","meta":{"rootId":"c8b9hp2jalck6g5","id":"c8b9hp2jalck6g5"},"id":"0cr3ch8tyozucin","previousOperationId":"9k3dz7j7aljhaty"}
{"type":"log","timestamp":1701418594286,"level":"debug","message":"Page request: GET (document) file:///var/folders/dp/qk79pfcj0y1fmtkkl08m76rc0000gn/T/jsreport/autocleanup/b44e11ab-b4ed-41b1-bb55-8a79a4182d59-chrome-pdf.html","meta":{"rootId":"c8b9hp2jalck6g5","id":"c8b9hp2jalck6g5"},"id":"gx765vnly73drwa","previousOperationId":"9k3dz7j7aljhaty"}
{"type":"log","timestamp":1701418594290,"level":"debug","message":"Page request finished: GET (document) 200 file:///var/folders/dp/qk79pfcj0y1fmtkkl08m76rc0000gn/T/jsreport/autocleanup/b44e11ab-b4ed-41b1-bb55-8a79a4182d59-chrome-pdf.html","meta":{"rootId":"c8b9hp2jalck6g5","id":"c8b9hp2jalck6g5"},"id":"j1wj6y2zugi1ltt","previousOperationId":"9k3dz7j7aljhaty"}
{"type":"log","timestamp":1701418594300,"level":"debug","message":"Running chrome with params {\"printBackground\":true,\"timeout\":59973,\"margin\":{}}","meta":{"rootId":"c8b9hp2jalck6g5","id":"c8b9hp2jalck6g5"},"id":"ghuu91ldldcg7c5","previousOperationId":"9k3dz7j7aljhaty"}
{"type":"operationEnd","operationId":"9k3dz7j7aljhaty","timestamp":1701418594322,"id":"s4kieqset3cjdma","previousEventId":"fl3nbxaggm1eh9e","previousOperationId":"9k3dz7j7aljhaty"}
{"type":"log","timestamp":1701418594322,"level":"debug","message":"Skipping storing report.","meta":{"rootId":"c8b9hp2jalck6g5","id":"c8b9hp2jalck6g5"},"id":"na7dvjhbcjibfp9","previousOperationId":"9k3dz7j7aljhaty"}
{"type":"log","timestamp":1701418594322,"level":"info","message":"Rendering request 10 finished in 104 ms","meta":{"rootId":"c8b9hp2jalck6g5","id":"c8b9hp2jalck6g5"},"id":"kvkse5pa9co5q5l","previousOperationId":"9k3dz7j7aljhaty"}
{"type":"operationEnd","subtype":"render","operationId":"2kujo5ig2b3jc6p","timestamp":1701418594322,"id":"9yw9a75fno9dmal","previousEventId":"s4kieqset3cjdma","previousOperationId":"9k3dz7j7aljhaty"}
{"type":"operationEnd","doDiffs":false,"previousEventId":"5i0axuz7q27ijs8","previousOperationId":"r2q81hhwij9jhx4","operationId":"r2q81hhwij9jhx4","timestamp":1701418594323,"id":"d9ikbm8r5wkjdcr"}
