{"type":"operationStart","subtype":"profile","data":{"_id":"8soTI2IHNkSYLHJ1","timestamp":"2023-12-01T08:16:10.847Z","state":"queued","mode":"standard","creationDate":"2023-12-01T08:16:10.854Z","modificationDate":"2023-12-01T08:16:10.854Z","shortid":"BCIye9-","$entitySet":"profiles"},"doDiffs":false,"timestamp":1701418570852,"id":"0uazhpebqiwpoga","previousOperationId":null,"operationId":"c6rqbtaxz34a6wi"}
{"type":"log","level":"info","message":"Render request 9 queued for execution and waiting for available worker","previousOperationId":"c6rqbtaxz34a6wi","timestamp":1701418570853,"id":"kimczo3xphmgt1l"}
{"type":"operationStart","subtype":"render","name":"prijava_index","previousOperationId":"c6rqbtaxz34a6wi","timestamp":1701418570870,"id":"1ch77yt6oo40y3x","previousEventId":"0uazhpebqiwpoga","operationId":"00to34zn3pkgn2w"}
{"type":"log","timestamp":1701418570871,"level":"info","message":"Starting rendering request 9","meta":{"rootId":"dis28nvhx4zpqo9","id":"dis28nvhx4zpqo9"},"id":"hnwqexsv7zzl7lc","previousOperationId":"00to34zn3pkgn2w"}
{"type":"log","timestamp":1701418570871,"level":"info","message":"Rendering template { name: prijava_index, recipe: chrome-pdf, engine: handlebars, preview: true }","meta":{"rootId":"dis28nvhx4zpqo9","id":"dis28nvhx4zpqo9"},"id":"sfoohdstia96eqd","previousOperationId":"00to34zn3pkgn2w"}
{"type":"log","timestamp":1701418570871,"level":"debug","message":"Inline data specified.","meta":{"rootId":"dis28nvhx4zpqo9","id":"dis28nvhx4zpqo9"},"id":"zv5ide96o6lb75x","previousOperationId":"00to34zn3pkgn2w"}
{"type":"log","timestamp":1701418570873,"level":"debug","message":"Base url not specified, skipping its injection.","meta":{"rootId":"dis28nvhx4zpqo9","id":"dis28nvhx4zpqo9"},"id":"oxe97hafl6n0aif","previousOperationId":"00to34zn3pkgn2w"}
{"type":"log","timestamp":1701418570875,"level":"debug","message":"Replaced assets [\"styles.css\"]","meta":{"rootId":"dis28nvhx4zpqo9","id":"dis28nvhx4zpqo9"},"id":"dx0hsgh9309lqa3","previousOperationId":"00to34zn3pkgn2w"}
{"type":"operationStart","subtype":"engine","name":"handlebars","timestamp":1701418570875,"id":"9ezseo4dggu9lbl","previousEventId":"1ch77yt6oo40y3x","operationId":"eudtldqj0wqzoq5","previousOperationId":"00to34zn3pkgn2w"}
{"type":"log","timestamp":1701418570875,"level":"debug","message":"Rendering engine handlebars","meta":{"rootId":"dis28nvhx4zpqo9","id":"dis28nvhx4zpqo9"},"id":"bp17o23ftvu3ook","previousOperationId":"eudtldqj0wqzoq5"}
{"type":"operationEnd","operationId":"eudtldqj0wqzoq5","timestamp":1701418570894,"id":"trtngqdzqmauuzl","previousEventId":"9ezseo4dggu9lbl","previousOperationId":"eudtldqj0wqzoq5"}
{"type":"operationStart","subtype":"recipe","name":"chrome-pdf","timestamp":1701418570895,"id":"ub1yq2p2pq21p4e","previousEventId":"trtngqdzqmauuzl","operationId":"fd984na6n80lj0p","previousOperationId":"eudtldqj0wqzoq5"}
{"type":"log","timestamp":1701418570895,"level":"debug","message":"Executing recipe chrome-pdf","meta":{"rootId":"dis28nvhx4zpqo9","id":"dis28nvhx4zpqo9"},"id":"bllwxwpd2puzabk","previousOperationId":"fd984na6n80lj0p"}
{"type":"log","timestamp":1701418570897,"level":"debug","message":"Converting with chrome HeadlessChrome/117.0.5938.149 using chrome-pool strategy","meta":{"rootId":"dis28nvhx4zpqo9","id":"dis28nvhx4zpqo9"},"id":"i402a6wyj0fyiy4","previousOperationId":"fd984na6n80lj0p"}
{"type":"log","timestamp":1701418570941,"level":"debug","message":"Page request: GET (document) file:///var/folders/dp/qk79pfcj0y1fmtkkl08m76rc0000gn/T/jsreport/autocleanup/b223fbac-e2e2-403c-887f-ab1524cc47f3-chrome-pdf.html","meta":{"rootId":"dis28nvhx4zpqo9","id":"dis28nvhx4zpqo9"},"id":"x6qlqdffez6n1de","previousOperationId":"fd984na6n80lj0p"}
{"type":"log","timestamp":1701418570945,"level":"debug","message":"Page request finished: GET (document) 200 file:///var/folders/dp/qk79pfcj0y1fmtkkl08m76rc0000gn/T/jsreport/autocleanup/b223fbac-e2e2-403c-887f-ab1524cc47f3-chrome-pdf.html","meta":{"rootId":"dis28nvhx4zpqo9","id":"dis28nvhx4zpqo9"},"id":"3iaaqcvh1o1flvx","previousOperationId":"fd984na6n80lj0p"}
{"type":"log","timestamp":1701418570955,"level":"debug","message":"Running chrome with params {\"printBackground\":true,\"timeout\":59950,\"margin\":{}}","meta":{"rootId":"dis28nvhx4zpqo9","id":"dis28nvhx4zpqo9"},"id":"lzzitxvmqbbhfnm","previousOperationId":"fd984na6n80lj0p"}
{"type":"operationEnd","operationId":"fd984na6n80lj0p","timestamp":1701418570978,"id":"jhy7e6ky2e4j1to","previousEventId":"ub1yq2p2pq21p4e","previousOperationId":"fd984na6n80lj0p"}
{"type":"log","timestamp":1701418570978,"level":"debug","message":"Skipping storing report.","meta":{"rootId":"dis28nvhx4zpqo9","id":"dis28nvhx4zpqo9"},"id":"3qh2tte0f3991bd","previousOperationId":"fd984na6n80lj0p"}
{"type":"log","timestamp":1701418570978,"level":"info","message":"Rendering request 9 finished in 132 ms","meta":{"rootId":"dis28nvhx4zpqo9","id":"dis28nvhx4zpqo9"},"id":"ow03m8sxjfurqyw","previousOperationId":"fd984na6n80lj0p"}
{"type":"operationEnd","subtype":"render","operationId":"00to34zn3pkgn2w","timestamp":1701418570978,"id":"eip5nvasl6w2t4t","previousEventId":"jhy7e6ky2e4j1to","previousOperationId":"fd984na6n80lj0p"}
{"type":"operationEnd","doDiffs":false,"previousEventId":"0uazhpebqiwpoga","previousOperationId":"c6rqbtaxz34a6wi","operationId":"c6rqbtaxz34a6wi","timestamp":1701418570979,"id":"s14l3hz485ukjsw"}
