{"type":"operationStart","subtype":"profile","data":{"_id":"3N3RItHNriPJj1L7","timestamp":"2023-11-20T15:38:30.678Z","state":"queued","mode":"standard","creationDate":"2023-11-20T15:38:30.679Z","modificationDate":"2023-11-20T15:38:30.679Z","shortid":"RkNiajb","$entitySet":"profiles"},"doDiffs":false,"timestamp":1700494710679,"id":"tujzu82obz19pk6","previousOperationId":null,"operationId":"0ccl86vce786pbi"}
{"type":"log","level":"info","message":"Render request 50 queued for execution and waiting for available worker","previousOperationId":"0ccl86vce786pbi","timestamp":1700494710679,"id":"qz03bw0abrd0sad"}
{"type":"operationStart","subtype":"render","name":"prijava_index","previousOperationId":"0ccl86vce786pbi","timestamp":1700494710686,"id":"sdd1b0hjmz15ojf","previousEventId":"tujzu82obz19pk6","operationId":"8ze88ap6mq8j9de"}
{"type":"log","timestamp":1700494710686,"level":"info","message":"Starting rendering request 50","meta":{"rootId":"f3ha3utn7lk9npa","id":"f3ha3utn7lk9npa"},"id":"5f6ldsgrekiaded","previousOperationId":"8ze88ap6mq8j9de"}
{"type":"log","timestamp":1700494710686,"level":"info","message":"Rendering template { name: prijava_index, recipe: chrome-pdf, engine: handlebars, preview: true }","meta":{"rootId":"f3ha3utn7lk9npa","id":"f3ha3utn7lk9npa"},"id":"ju6nbk5fbqmor3g","previousOperationId":"8ze88ap6mq8j9de"}
{"type":"log","timestamp":1700494710686,"level":"debug","message":"Inline data specified.","meta":{"rootId":"f3ha3utn7lk9npa","id":"f3ha3utn7lk9npa"},"id":"yuby6ljptljsev1","previousOperationId":"8ze88ap6mq8j9de"}
{"type":"log","timestamp":1700494710688,"level":"debug","message":"Base url not specified, skipping its injection.","meta":{"rootId":"f3ha3utn7lk9npa","id":"f3ha3utn7lk9npa"},"id":"yz05thcih4lg2tg","previousOperationId":"8ze88ap6mq8j9de"}
{"type":"log","timestamp":1700494710692,"level":"debug","message":"Replaced assets [\"styles.css\"]","meta":{"rootId":"f3ha3utn7lk9npa","id":"f3ha3utn7lk9npa"},"id":"elk6h0fwodawl3c","previousOperationId":"8ze88ap6mq8j9de"}
{"type":"operationStart","subtype":"engine","name":"handlebars","timestamp":1700494710692,"id":"60yvhxe3is9q3pi","previousEventId":"sdd1b0hjmz15ojf","operationId":"i5avi34011t57bn","previousOperationId":"8ze88ap6mq8j9de"}
{"type":"log","timestamp":1700494710692,"level":"debug","message":"Rendering engine handlebars","meta":{"rootId":"f3ha3utn7lk9npa","id":"f3ha3utn7lk9npa"},"id":"yn9eufpolmlmb1d","previousOperationId":"i5avi34011t57bn"}
{"type":"operationEnd","operationId":"i5avi34011t57bn","timestamp":1700494710726,"id":"7yzu2zmyivl1vfn","previousEventId":"60yvhxe3is9q3pi","previousOperationId":"i5avi34011t57bn"}
{"type":"operationStart","subtype":"recipe","name":"chrome-pdf","timestamp":1700494710726,"id":"0u4mporlzfq73ee","previousEventId":"7yzu2zmyivl1vfn","operationId":"dxzfq2kradnvtwm","previousOperationId":"i5avi34011t57bn"}
{"type":"log","timestamp":1700494710726,"level":"debug","message":"Executing recipe chrome-pdf","meta":{"rootId":"f3ha3utn7lk9npa","id":"f3ha3utn7lk9npa"},"id":"c19g82vxk9s1jlg","previousOperationId":"dxzfq2kradnvtwm"}
{"type":"log","timestamp":1700494710727,"level":"debug","message":"Converting with chrome HeadlessChrome/117.0.5938.149 using chrome-pool strategy","meta":{"rootId":"f3ha3utn7lk9npa","id":"f3ha3utn7lk9npa"},"id":"1ises1brjp7w2u7","previousOperationId":"dxzfq2kradnvtwm"}
{"type":"log","timestamp":1700494710771,"level":"debug","message":"Page request: GET (document) file:///var/folders/dp/qk79pfcj0y1fmtkkl08m76rc0000gn/T/jsreport/autocleanup/c52be0ab-8a47-481c-9774-f840d7fdc814-chrome-pdf.html","meta":{"rootId":"f3ha3utn7lk9npa","id":"f3ha3utn7lk9npa"},"id":"avisj7falrnkfvt","previousOperationId":"dxzfq2kradnvtwm"}
{"type":"log","timestamp":1700494710775,"level":"debug","message":"Page request finished: GET (document) 200 file:///var/folders/dp/qk79pfcj0y1fmtkkl08m76rc0000gn/T/jsreport/autocleanup/c52be0ab-8a47-481c-9774-f840d7fdc814-chrome-pdf.html","meta":{"rootId":"f3ha3utn7lk9npa","id":"f3ha3utn7lk9npa"},"id":"ar8qeyri1dkqb1k","previousOperationId":"dxzfq2kradnvtwm"}
{"type":"log","timestamp":1700494710785,"level":"debug","message":"Running chrome with params {\"printBackground\":true,\"timeout\":59951,\"margin\":{}}","meta":{"rootId":"f3ha3utn7lk9npa","id":"f3ha3utn7lk9npa"},"id":"it7r7zoiw85z3u9","previousOperationId":"dxzfq2kradnvtwm"}
{"type":"operationEnd","operationId":"dxzfq2kradnvtwm","timestamp":1700494710808,"id":"rb4l603ma8hqx7y","previousEventId":"0u4mporlzfq73ee","previousOperationId":"dxzfq2kradnvtwm"}
{"type":"log","timestamp":1700494710808,"level":"debug","message":"Skipping storing report.","meta":{"rootId":"f3ha3utn7lk9npa","id":"f3ha3utn7lk9npa"},"id":"3fqxo0a7su02ar5","previousOperationId":"dxzfq2kradnvtwm"}
{"type":"log","timestamp":1700494710808,"level":"info","message":"Rendering request 50 finished in 130 ms","meta":{"rootId":"f3ha3utn7lk9npa","id":"f3ha3utn7lk9npa"},"id":"0ezivsppnuuanqs","previousOperationId":"dxzfq2kradnvtwm"}
{"type":"operationEnd","subtype":"render","operationId":"8ze88ap6mq8j9de","timestamp":1700494710808,"id":"07c9g3140kfrsx5","previousEventId":"rb4l603ma8hqx7y","previousOperationId":"dxzfq2kradnvtwm"}
{"type":"operationEnd","doDiffs":false,"previousEventId":"tujzu82obz19pk6","previousOperationId":"0ccl86vce786pbi","operationId":"0ccl86vce786pbi","timestamp":1700494710810,"id":"t0va7a2xcl9ono7"}
