{"type":"operationStart","subtype":"profile","data":{"_id":"MtXGxPNpnNGmeaTV","timestamp":"2023-11-20T15:29:25.871Z","state":"queued","mode":"standard","creationDate":"2023-11-20T15:29:25.873Z","modificationDate":"2023-11-20T15:29:25.873Z","shortid":"A8Vb-HN","$entitySet":"profiles"},"doDiffs":false,"timestamp":1700494165872,"id":"s9e38wm8d24kbks","previousOperationId":null,"operationId":"xummd0gsm6mrg7o"}
{"type":"log","level":"info","message":"Render request 47 queued for execution and waiting for available worker","previousOperationId":"xummd0gsm6mrg7o","timestamp":1700494165872,"id":"4w6y2zlai4wz88n"}
{"type":"operationStart","subtype":"render","name":"prijava_index","previousOperationId":"xummd0gsm6mrg7o","timestamp":1700494165880,"id":"4ywnb18we2affex","previousEventId":"s9e38wm8d24kbks","operationId":"zjr2h2sgjxddloe"}
{"type":"log","timestamp":1700494165880,"level":"info","message":"Starting rendering request 47","meta":{"rootId":"ibybawh40ccudnz","id":"ibybawh40ccudnz"},"id":"um6dtdlpyqy7qqj","previousOperationId":"zjr2h2sgjxddloe"}
{"type":"log","timestamp":1700494165881,"level":"info","message":"Rendering template { name: prijava_index, recipe: chrome-pdf, engine: handlebars, preview: true }","meta":{"rootId":"ibybawh40ccudnz","id":"ibybawh40ccudnz"},"id":"1yi1qtr33z7x720","previousOperationId":"zjr2h2sgjxddloe"}
{"type":"log","timestamp":1700494165884,"level":"debug","message":"Adding sample data rM_YGoC4q","meta":{"rootId":"ibybawh40ccudnz","id":"ibybawh40ccudnz"},"id":"kb4ptr89o9758tv","previousOperationId":"zjr2h2sgjxddloe"}
{"type":"log","timestamp":1700494165885,"level":"debug","message":"Base url not specified, skipping its injection.","meta":{"rootId":"ibybawh40ccudnz","id":"ibybawh40ccudnz"},"id":"uevihkg8zoh6gb3","previousOperationId":"zjr2h2sgjxddloe"}
{"type":"log","timestamp":1700494165887,"level":"debug","message":"Replaced assets [\"styles.css\"]","meta":{"rootId":"ibybawh40ccudnz","id":"ibybawh40ccudnz"},"id":"zi6gmorvrj9fow2","previousOperationId":"zjr2h2sgjxddloe"}
{"type":"operationStart","subtype":"engine","name":"handlebars","timestamp":1700494165887,"id":"av51fxjnrk6ubpr","previousEventId":"4ywnb18we2affex","operationId":"jae3kr5j53pdt2h","previousOperationId":"zjr2h2sgjxddloe"}
{"type":"log","timestamp":1700494165887,"level":"debug","message":"Rendering engine handlebars","meta":{"rootId":"ibybawh40ccudnz","id":"ibybawh40ccudnz"},"id":"4b4y8ovzsv6v7b4","previousOperationId":"jae3kr5j53pdt2h"}
{"type":"operationEnd","operationId":"jae3kr5j53pdt2h","timestamp":1700494165917,"id":"l9tlw2omnyy6k8v","previousEventId":"av51fxjnrk6ubpr","previousOperationId":"jae3kr5j53pdt2h"}
{"type":"operationStart","subtype":"recipe","name":"chrome-pdf","timestamp":1700494165917,"id":"y0oaq4azr9xkt2s","previousEventId":"l9tlw2omnyy6k8v","operationId":"dvu9rr784575op3","previousOperationId":"jae3kr5j53pdt2h"}
{"type":"log","timestamp":1700494165917,"level":"debug","message":"Executing recipe chrome-pdf","meta":{"rootId":"ibybawh40ccudnz","id":"ibybawh40ccudnz"},"id":"ecn4aa8xjrzu6pe","previousOperationId":"dvu9rr784575op3"}
{"type":"log","timestamp":1700494165919,"level":"debug","message":"Converting with chrome HeadlessChrome/117.0.5938.149 using chrome-pool strategy","meta":{"rootId":"ibybawh40ccudnz","id":"ibybawh40ccudnz"},"id":"o65c2tamv36yh6o","previousOperationId":"dvu9rr784575op3"}
{"type":"log","timestamp":1700494165965,"level":"debug","message":"Page request: GET (document) file:///var/folders/dp/qk79pfcj0y1fmtkkl08m76rc0000gn/T/jsreport/autocleanup/5056e6e7-e64f-4a40-807b-751f6ffbce44-chrome-pdf.html","meta":{"rootId":"ibybawh40ccudnz","id":"ibybawh40ccudnz"},"id":"5dsg4h0xk8sgxta","previousOperationId":"dvu9rr784575op3"}
{"type":"log","timestamp":1700494165971,"level":"debug","message":"Page request finished: GET (document) 200 file:///var/folders/dp/qk79pfcj0y1fmtkkl08m76rc0000gn/T/jsreport/autocleanup/5056e6e7-e64f-4a40-807b-751f6ffbce44-chrome-pdf.html","meta":{"rootId":"ibybawh40ccudnz","id":"ibybawh40ccudnz"},"id":"2lyj5dws2r3xq3z","previousOperationId":"dvu9rr784575op3"}
{"type":"log","timestamp":1700494165980,"level":"debug","message":"Running chrome with params {\"printBackground\":true,\"timeout\":59952,\"margin\":{}}","meta":{"rootId":"ibybawh40ccudnz","id":"ibybawh40ccudnz"},"id":"bzzdg1gljgcsw4p","previousOperationId":"dvu9rr784575op3"}
{"type":"operationEnd","operationId":"dvu9rr784575op3","timestamp":1700494166002,"id":"xkhchbe985nov3u","previousEventId":"y0oaq4azr9xkt2s","previousOperationId":"dvu9rr784575op3"}
{"type":"log","timestamp":1700494166002,"level":"debug","message":"Skipping storing report.","meta":{"rootId":"ibybawh40ccudnz","id":"ibybawh40ccudnz"},"id":"7n0tpvj6749gqb5","previousOperationId":"dvu9rr784575op3"}
{"type":"log","timestamp":1700494166002,"level":"info","message":"Rendering request 47 finished in 131 ms","meta":{"rootId":"ibybawh40ccudnz","id":"ibybawh40ccudnz"},"id":"x7a7a4mzpjcpwq7","previousOperationId":"dvu9rr784575op3"}
{"type":"operationEnd","subtype":"render","operationId":"zjr2h2sgjxddloe","timestamp":1700494166002,"id":"tyxvh8yvhr7atw8","previousEventId":"xkhchbe985nov3u","previousOperationId":"dvu9rr784575op3"}
{"type":"operationEnd","doDiffs":false,"previousEventId":"s9e38wm8d24kbks","previousOperationId":"xummd0gsm6mrg7o","operationId":"xummd0gsm6mrg7o","timestamp":1700494166003,"id":"nkm1bca20uxke22"}
