{"type":"operationStart","subtype":"profile","data":{"_id":"rSjYE0aC2E881YbM","timestamp":"2023-12-01T08:12:57.351Z","state":"queued","mode":"standard","creationDate":"2023-12-01T08:12:57.353Z","modificationDate":"2023-12-01T08:12:57.353Z","shortid":"0oo6gAN","$entitySet":"profiles"},"doDiffs":false,"timestamp":1701418377351,"id":"3h8ob3y17j24sik","previousOperationId":null,"operationId":"ayvyz4rw2prriq9"}
{"type":"log","level":"info","message":"Render request 4 queued for execution and waiting for available worker","previousOperationId":"ayvyz4rw2prriq9","timestamp":1701418377352,"id":"8vezcx92m4ur76p"}
{"type":"operationStart","subtype":"render","name":"prijava_index","previousOperationId":"ayvyz4rw2prriq9","timestamp":1701418377365,"id":"xt8de8k25wsld65","previousEventId":"3h8ob3y17j24sik","operationId":"whxhrn8hq57ky6w"}
{"type":"log","timestamp":1701418377366,"level":"info","message":"Starting rendering request 4","meta":{"rootId":"jjc1h93m0qwdgkd","id":"jjc1h93m0qwdgkd"},"id":"2pvnfg3ror2dztq","previousOperationId":"whxhrn8hq57ky6w"}
{"type":"log","timestamp":1701418377366,"level":"info","message":"Rendering template { name: prijava_index, recipe: chrome-pdf, engine: handlebars, preview: true }","meta":{"rootId":"jjc1h93m0qwdgkd","id":"jjc1h93m0qwdgkd"},"id":"g73cqfgxp9qc47l","previousOperationId":"whxhrn8hq57ky6w"}
{"type":"log","timestamp":1701418377367,"level":"debug","message":"Inline data specified.","meta":{"rootId":"jjc1h93m0qwdgkd","id":"jjc1h93m0qwdgkd"},"id":"ij7iywgovsiodd2","previousOperationId":"whxhrn8hq57ky6w"}
{"type":"log","timestamp":1701418377368,"level":"debug","message":"Base url not specified, skipping its injection.","meta":{"rootId":"jjc1h93m0qwdgkd","id":"jjc1h93m0qwdgkd"},"id":"8xc19gdhkaq8p53","previousOperationId":"whxhrn8hq57ky6w"}
{"type":"log","timestamp":1701418377375,"level":"debug","message":"Replaced assets [\"styles.css\"]","meta":{"rootId":"jjc1h93m0qwdgkd","id":"jjc1h93m0qwdgkd"},"id":"jodoiumv7mhvcfs","previousOperationId":"whxhrn8hq57ky6w"}
{"type":"operationStart","subtype":"engine","name":"handlebars","timestamp":1701418377375,"id":"mjjbw14hfbs3bco","previousEventId":"xt8de8k25wsld65","operationId":"tjrh8x9hhd6pl1j","previousOperationId":"whxhrn8hq57ky6w"}
{"type":"log","timestamp":1701418377375,"level":"debug","message":"Rendering engine handlebars","meta":{"rootId":"jjc1h93m0qwdgkd","id":"jjc1h93m0qwdgkd"},"id":"ucprpebjsfsjlk9","previousOperationId":"tjrh8x9hhd6pl1j"}
{"type":"operationEnd","operationId":"tjrh8x9hhd6pl1j","timestamp":1701418377405,"id":"o5o7esl2jjkntr4","previousEventId":"mjjbw14hfbs3bco","previousOperationId":"tjrh8x9hhd6pl1j"}
{"type":"operationStart","subtype":"recipe","name":"chrome-pdf","timestamp":1701418377406,"id":"n3ckb64oe8sjjmy","previousEventId":"o5o7esl2jjkntr4","operationId":"5hjyrpjglh06d04","previousOperationId":"tjrh8x9hhd6pl1j"}
{"type":"log","timestamp":1701418377406,"level":"debug","message":"Executing recipe chrome-pdf","meta":{"rootId":"jjc1h93m0qwdgkd","id":"jjc1h93m0qwdgkd"},"id":"uga7bj50rapu6i3","previousOperationId":"5hjyrpjglh06d04"}
{"type":"log","timestamp":1701418377407,"level":"debug","message":"Converting with chrome HeadlessChrome/117.0.5938.149 using chrome-pool strategy","meta":{"rootId":"jjc1h93m0qwdgkd","id":"jjc1h93m0qwdgkd"},"id":"7lbx4vxoa2pxgql","previousOperationId":"5hjyrpjglh06d04"}
{"type":"log","timestamp":1701418377450,"level":"debug","message":"Page request: GET (document) file:///var/folders/dp/qk79pfcj0y1fmtkkl08m76rc0000gn/T/jsreport/autocleanup/d8fb6f46-4c67-4c2d-942c-5caa8c7062f2-chrome-pdf.html","meta":{"rootId":"jjc1h93m0qwdgkd","id":"jjc1h93m0qwdgkd"},"id":"2dnqe8gt09axuon","previousOperationId":"5hjyrpjglh06d04"}
{"type":"log","timestamp":1701418377455,"level":"debug","message":"Page request finished: GET (document) 200 file:///var/folders/dp/qk79pfcj0y1fmtkkl08m76rc0000gn/T/jsreport/autocleanup/d8fb6f46-4c67-4c2d-942c-5caa8c7062f2-chrome-pdf.html","meta":{"rootId":"jjc1h93m0qwdgkd","id":"jjc1h93m0qwdgkd"},"id":"pcaeaov0p4fibat","previousOperationId":"5hjyrpjglh06d04"}
{"type":"log","timestamp":1701418377463,"level":"debug","message":"Running chrome with params {\"printBackground\":true,\"timeout\":59945,\"margin\":{}}","meta":{"rootId":"jjc1h93m0qwdgkd","id":"jjc1h93m0qwdgkd"},"id":"og9ps78uzlmqnoq","previousOperationId":"5hjyrpjglh06d04"}
{"type":"operationEnd","operationId":"5hjyrpjglh06d04","timestamp":1701418377486,"id":"hgn7blvvbynxk3b","previousEventId":"n3ckb64oe8sjjmy","previousOperationId":"5hjyrpjglh06d04"}
{"type":"log","timestamp":1701418377486,"level":"debug","message":"Skipping storing report.","meta":{"rootId":"jjc1h93m0qwdgkd","id":"jjc1h93m0qwdgkd"},"id":"1tog4bebz0zmira","previousOperationId":"5hjyrpjglh06d04"}
{"type":"log","timestamp":1701418377486,"level":"info","message":"Rendering request 4 finished in 135 ms","meta":{"rootId":"jjc1h93m0qwdgkd","id":"jjc1h93m0qwdgkd"},"id":"779be0nap504cdy","previousOperationId":"5hjyrpjglh06d04"}
{"type":"operationEnd","subtype":"render","operationId":"whxhrn8hq57ky6w","timestamp":1701418377486,"id":"2l34moom503gttw","previousEventId":"hgn7blvvbynxk3b","previousOperationId":"5hjyrpjglh06d04"}
{"type":"operationEnd","doDiffs":false,"previousEventId":"3h8ob3y17j24sik","previousOperationId":"ayvyz4rw2prriq9","operationId":"ayvyz4rw2prriq9","timestamp":1701418377488,"id":"t0j22g80l1vvpjm"}
