{"type":"operationStart","subtype":"profile","data":{"_id":"sDuoAjBTWruXZ1GG","timestamp":"2023-11-20T15:38:13.859Z","state":"queued","mode":"standard","creationDate":"2023-11-20T15:38:13.861Z","modificationDate":"2023-11-20T15:38:13.861Z","shortid":"wVBTFwV","$entitySet":"profiles"},"doDiffs":false,"timestamp":1700494693860,"id":"sh8n75zftbur512","previousOperationId":null,"operationId":"z9z977x6ab2z4q5"}
{"type":"log","level":"info","message":"Render request 49 queued for execution and waiting for available worker","previousOperationId":"z9z977x6ab2z4q5","timestamp":1700494693860,"id":"c6gtu1h65wpd379"}
{"type":"operationStart","subtype":"render","name":"prijava_index","previousOperationId":"z9z977x6ab2z4q5","timestamp":1700494693871,"id":"vbx7nasyi9dti9e","previousEventId":"sh8n75zftbur512","operationId":"mom9mfi1pl61b45"}
{"type":"log","timestamp":1700494693872,"level":"info","message":"Starting rendering request 49","meta":{"rootId":"ksvxewmcehsvqjn","id":"ksvxewmcehsvqjn"},"id":"65zr3nnez6m66u7","previousOperationId":"mom9mfi1pl61b45"}
{"type":"log","timestamp":1700494693872,"level":"info","message":"Rendering template { name: prijava_index, recipe: chrome-pdf, engine: handlebars, preview: true }","meta":{"rootId":"ksvxewmcehsvqjn","id":"ksvxewmcehsvqjn"},"id":"l86ily4mbg6gj0z","previousOperationId":"mom9mfi1pl61b45"}
{"type":"log","timestamp":1700494693873,"level":"debug","message":"Inline data specified.","meta":{"rootId":"ksvxewmcehsvqjn","id":"ksvxewmcehsvqjn"},"id":"hqeqoifq9n8u948","previousOperationId":"mom9mfi1pl61b45"}
{"type":"log","timestamp":1700494693878,"level":"debug","message":"Base url not specified, skipping its injection.","meta":{"rootId":"ksvxewmcehsvqjn","id":"ksvxewmcehsvqjn"},"id":"rju9l8p72w8u9lq","previousOperationId":"mom9mfi1pl61b45"}
{"type":"log","timestamp":1700494693881,"level":"debug","message":"Replaced assets [\"styles.css\"]","meta":{"rootId":"ksvxewmcehsvqjn","id":"ksvxewmcehsvqjn"},"id":"791c5k7xpfwmzfu","previousOperationId":"mom9mfi1pl61b45"}
{"type":"operationStart","subtype":"engine","name":"handlebars","timestamp":1700494693882,"id":"h9h9c5o4zij04vh","previousEventId":"vbx7nasyi9dti9e","operationId":"w8ctqkoz6aq2ek1","previousOperationId":"mom9mfi1pl61b45"}
{"type":"log","timestamp":1700494693882,"level":"debug","message":"Rendering engine handlebars","meta":{"rootId":"ksvxewmcehsvqjn","id":"ksvxewmcehsvqjn"},"id":"7wlyk7ngknmi08n","previousOperationId":"w8ctqkoz6aq2ek1"}
{"type":"operationEnd","operationId":"w8ctqkoz6aq2ek1","timestamp":1700494693910,"id":"c34hw7hf9w5d5t7","previousEventId":"h9h9c5o4zij04vh","previousOperationId":"w8ctqkoz6aq2ek1"}
{"type":"operationStart","subtype":"recipe","name":"chrome-pdf","timestamp":1700494693910,"id":"ffknf7ksuek0v9x","previousEventId":"c34hw7hf9w5d5t7","operationId":"tgo6b1q7vs9c80l","previousOperationId":"w8ctqkoz6aq2ek1"}
{"type":"log","timestamp":1700494693910,"level":"debug","message":"Executing recipe chrome-pdf","meta":{"rootId":"ksvxewmcehsvqjn","id":"ksvxewmcehsvqjn"},"id":"hcq3kdslrmoksul","previousOperationId":"tgo6b1q7vs9c80l"}
{"type":"log","timestamp":1700494693912,"level":"debug","message":"Converting with chrome HeadlessChrome/117.0.5938.149 using chrome-pool strategy","meta":{"rootId":"ksvxewmcehsvqjn","id":"ksvxewmcehsvqjn"},"id":"m8ungg3r5pqocft","previousOperationId":"tgo6b1q7vs9c80l"}
{"type":"log","timestamp":1700494693957,"level":"debug","message":"Page request: GET (document) file:///var/folders/dp/qk79pfcj0y1fmtkkl08m76rc0000gn/T/jsreport/autocleanup/93074b6f-46d0-4527-ab1b-75dd113f2d03-chrome-pdf.html","meta":{"rootId":"ksvxewmcehsvqjn","id":"ksvxewmcehsvqjn"},"id":"438d8sr4py9tscu","previousOperationId":"tgo6b1q7vs9c80l"}
{"type":"log","timestamp":1700494693962,"level":"debug","message":"Page request finished: GET (document) 200 file:///var/folders/dp/qk79pfcj0y1fmtkkl08m76rc0000gn/T/jsreport/autocleanup/93074b6f-46d0-4527-ab1b-75dd113f2d03-chrome-pdf.html","meta":{"rootId":"ksvxewmcehsvqjn","id":"ksvxewmcehsvqjn"},"id":"jvzkqdvd89sf4ww","previousOperationId":"tgo6b1q7vs9c80l"}
{"type":"log","timestamp":1700494693971,"level":"debug","message":"Running chrome with params {\"printBackground\":true,\"timeout\":59948,\"margin\":{}}","meta":{"rootId":"ksvxewmcehsvqjn","id":"ksvxewmcehsvqjn"},"id":"ek9wxt9ys69y2k3","previousOperationId":"tgo6b1q7vs9c80l"}
{"type":"operationEnd","operationId":"tgo6b1q7vs9c80l","timestamp":1700494693993,"id":"gvzwct1o1ajayl5","previousEventId":"ffknf7ksuek0v9x","previousOperationId":"tgo6b1q7vs9c80l"}
{"type":"log","timestamp":1700494693993,"level":"debug","message":"Skipping storing report.","meta":{"rootId":"ksvxewmcehsvqjn","id":"ksvxewmcehsvqjn"},"id":"eo892g5981t5qyo","previousOperationId":"tgo6b1q7vs9c80l"}
{"type":"log","timestamp":1700494693993,"level":"info","message":"Rendering request 49 finished in 134 ms","meta":{"rootId":"ksvxewmcehsvqjn","id":"ksvxewmcehsvqjn"},"id":"l4dqw1wuamgt149","previousOperationId":"tgo6b1q7vs9c80l"}
{"type":"operationEnd","subtype":"render","operationId":"mom9mfi1pl61b45","timestamp":1700494693993,"id":"16mcb954my8d7mb","previousEventId":"gvzwct1o1ajayl5","previousOperationId":"tgo6b1q7vs9c80l"}
{"type":"operationEnd","doDiffs":false,"previousEventId":"sh8n75zftbur512","previousOperationId":"z9z977x6ab2z4q5","operationId":"z9z977x6ab2z4q5","timestamp":1700494693994,"id":"o150ny7pg5vqvul"}
