{"type":"operationStart","subtype":"profile","data":{"_id":"8gro7UaJWAauUu3j","timestamp":"2023-12-01T10:17:31.504Z","state":"queued","mode":"standard","creationDate":"2023-12-01T10:17:31.505Z","modificationDate":"2023-12-01T10:17:31.505Z","shortid":"GCkqESq","$entitySet":"profiles"},"doDiffs":false,"timestamp":1701425851504,"id":"63ugk2htrxjs6fe","previousOperationId":null,"operationId":"1ihimpp0b144owp"}
{"type":"log","level":"info","message":"Render request 88 queued for execution and waiting for available worker","previousOperationId":"1ihimpp0b144owp","timestamp":1701425851504,"id":"ukhubehfvaaaf1c"}
{"type":"operationStart","subtype":"render","name":"prijava_index","previousOperationId":"1ihimpp0b144owp","timestamp":1701425851510,"id":"ljys2qyvzwd114c","previousEventId":"63ugk2htrxjs6fe","operationId":"nhlq6l1pbfu4a05"}
{"type":"log","timestamp":1701425851510,"level":"info","message":"Starting rendering request 88","meta":{"rootId":"rz01624ck6owl8s","id":"rz01624ck6owl8s"},"id":"cpcse8o19rf5yuo","previousOperationId":"nhlq6l1pbfu4a05"}
{"type":"log","timestamp":1701425851510,"level":"info","message":"Rendering template { name: prijava_index, recipe: chrome-pdf, engine: handlebars, preview: true }","meta":{"rootId":"rz01624ck6owl8s","id":"rz01624ck6owl8s"},"id":"q46211ie0suiif7","previousOperationId":"nhlq6l1pbfu4a05"}
{"type":"log","timestamp":1701425851511,"level":"debug","message":"Inline data specified.","meta":{"rootId":"rz01624ck6owl8s","id":"rz01624ck6owl8s"},"id":"pitw8vmicdbnbg0","previousOperationId":"nhlq6l1pbfu4a05"}
{"type":"log","timestamp":1701425851517,"level":"debug","message":"Base url not specified, skipping its injection.","meta":{"rootId":"rz01624ck6owl8s","id":"rz01624ck6owl8s"},"id":"vq872l63hrnrwwq","previousOperationId":"nhlq6l1pbfu4a05"}
{"type":"log","timestamp":1701425851518,"level":"debug","message":"Replaced assets [\"styles.css\"]","meta":{"rootId":"rz01624ck6owl8s","id":"rz01624ck6owl8s"},"id":"0p7ct10hq54mmi8","previousOperationId":"nhlq6l1pbfu4a05"}
{"type":"operationStart","subtype":"engine","name":"handlebars","timestamp":1701425851518,"id":"9qn9cm8lelr9fcz","previousEventId":"ljys2qyvzwd114c","operationId":"of4bjrdhkzwatu2","previousOperationId":"nhlq6l1pbfu4a05"}
{"type":"log","timestamp":1701425851518,"level":"debug","message":"Rendering engine handlebars","meta":{"rootId":"rz01624ck6owl8s","id":"rz01624ck6owl8s"},"id":"ysueup2j5asds87","previousOperationId":"of4bjrdhkzwatu2"}
{"type":"operationEnd","operationId":"of4bjrdhkzwatu2","timestamp":1701425851545,"id":"ernmkay3qw4zfdk","previousEventId":"9qn9cm8lelr9fcz","previousOperationId":"of4bjrdhkzwatu2"}
{"type":"operationStart","subtype":"recipe","name":"chrome-pdf","timestamp":1701425851546,"id":"b1if8g7jg6qytgb","previousEventId":"ernmkay3qw4zfdk","operationId":"8eu6gi80y91dnrx","previousOperationId":"of4bjrdhkzwatu2"}
{"type":"log","timestamp":1701425851546,"level":"debug","message":"Executing recipe chrome-pdf","meta":{"rootId":"rz01624ck6owl8s","id":"rz01624ck6owl8s"},"id":"qnb14vr3lhf7yf3","previousOperationId":"8eu6gi80y91dnrx"}
{"type":"log","timestamp":1701425851547,"level":"debug","message":"Converting with chrome HeadlessChrome/117.0.5938.149 using chrome-pool strategy","meta":{"rootId":"rz01624ck6owl8s","id":"rz01624ck6owl8s"},"id":"30cced10h2mol8j","previousOperationId":"8eu6gi80y91dnrx"}
{"type":"log","timestamp":1701425851592,"level":"debug","message":"Page request: GET (document) file:///var/folders/dp/qk79pfcj0y1fmtkkl08m76rc0000gn/T/jsreport/autocleanup/532b0f5a-d81d-429b-a06b-45e9901acff3-chrome-pdf.html","meta":{"rootId":"rz01624ck6owl8s","id":"rz01624ck6owl8s"},"id":"h6z0dgrswca9z4o","previousOperationId":"8eu6gi80y91dnrx"}
{"type":"log","timestamp":1701425851597,"level":"debug","message":"Page request finished: GET (document) 200 file:///var/folders/dp/qk79pfcj0y1fmtkkl08m76rc0000gn/T/jsreport/autocleanup/532b0f5a-d81d-429b-a06b-45e9901acff3-chrome-pdf.html","meta":{"rootId":"rz01624ck6owl8s","id":"rz01624ck6owl8s"},"id":"x22499022v00xv2","previousOperationId":"8eu6gi80y91dnrx"}
{"type":"log","timestamp":1701425851609,"level":"debug","message":"Running chrome with params {\"printBackground\":true,\"timeout\":59957,\"margin\":{}}","meta":{"rootId":"rz01624ck6owl8s","id":"rz01624ck6owl8s"},"id":"ffsd4xgks42as4t","previousOperationId":"8eu6gi80y91dnrx"}
{"type":"operationEnd","operationId":"8eu6gi80y91dnrx","timestamp":1701425851631,"id":"6yl3144r3se0cm2","previousEventId":"b1if8g7jg6qytgb","previousOperationId":"8eu6gi80y91dnrx"}
{"type":"log","timestamp":1701425851631,"level":"debug","message":"Skipping storing report.","meta":{"rootId":"rz01624ck6owl8s","id":"rz01624ck6owl8s"},"id":"o80ht13yt2hrh6o","previousOperationId":"8eu6gi80y91dnrx"}
{"type":"log","timestamp":1701425851631,"level":"info","message":"Rendering request 88 finished in 127 ms","meta":{"rootId":"rz01624ck6owl8s","id":"rz01624ck6owl8s"},"id":"nw9vfi2wk0npqw5","previousOperationId":"8eu6gi80y91dnrx"}
{"type":"operationEnd","subtype":"render","operationId":"nhlq6l1pbfu4a05","timestamp":1701425851631,"id":"hg92muz6t3ebs3x","previousEventId":"6yl3144r3se0cm2","previousOperationId":"8eu6gi80y91dnrx"}
{"type":"operationEnd","doDiffs":false,"previousEventId":"63ugk2htrxjs6fe","previousOperationId":"1ihimpp0b144owp","operationId":"1ihimpp0b144owp","timestamp":1701425851632,"id":"arn8gab7gl968nv"}
