{"type":"operationStart","subtype":"profile","data":{"_id":"9nbigQq7DJDwSiaU","timestamp":"2023-12-01T08:14:32.668Z","state":"queued","mode":"standard","creationDate":"2023-12-01T08:14:32.669Z","modificationDate":"2023-12-01T08:14:32.669Z","shortid":"eKdqzt6","$entitySet":"profiles"},"doDiffs":false,"timestamp":1701418472669,"id":"qojiz7zkcwrmmmj","previousOperationId":null,"operationId":"x7ep5mf9l51yrhr"}
{"type":"log","level":"info","message":"Render request 5 queued for execution and waiting for available worker","previousOperationId":"x7ep5mf9l51yrhr","timestamp":1701418472669,"id":"g3o9iy6rhvgzk37"}
{"type":"operationStart","subtype":"render","name":"prijava_index","previousOperationId":"x7ep5mf9l51yrhr","timestamp":1701418472682,"id":"bz3ri7oucqmm3vu","previousEventId":"qojiz7zkcwrmmmj","operationId":"enwb83qbjflc9bp"}
{"type":"log","timestamp":1701418472682,"level":"info","message":"Starting rendering request 5","meta":{"rootId":"vdm13iig69ok4yj","id":"vdm13iig69ok4yj"},"id":"3lpkwrsn9tjjdx7","previousOperationId":"enwb83qbjflc9bp"}
{"type":"log","timestamp":1701418472682,"level":"info","message":"Rendering template { name: prijava_index, recipe: chrome-pdf, engine: handlebars, preview: true }","meta":{"rootId":"vdm13iig69ok4yj","id":"vdm13iig69ok4yj"},"id":"ag55wyzt1cqliln","previousOperationId":"enwb83qbjflc9bp"}
{"type":"log","timestamp":1701418472683,"level":"debug","message":"Inline data specified.","meta":{"rootId":"vdm13iig69ok4yj","id":"vdm13iig69ok4yj"},"id":"0c8zof7rv4p2dk0","previousOperationId":"enwb83qbjflc9bp"}
{"type":"log","timestamp":1701418472684,"level":"debug","message":"Base url not specified, skipping its injection.","meta":{"rootId":"vdm13iig69ok4yj","id":"vdm13iig69ok4yj"},"id":"j0684046yyao3wf","previousOperationId":"enwb83qbjflc9bp"}
{"type":"log","timestamp":1701418472685,"level":"debug","message":"Replaced assets [\"styles.css\"]","meta":{"rootId":"vdm13iig69ok4yj","id":"vdm13iig69ok4yj"},"id":"xxspp0eg8tunupm","previousOperationId":"enwb83qbjflc9bp"}
{"type":"operationStart","subtype":"engine","name":"handlebars","timestamp":1701418472685,"id":"mqpnrzk4eiggpdc","previousEventId":"bz3ri7oucqmm3vu","operationId":"f7jld2p7gpgjuks","previousOperationId":"enwb83qbjflc9bp"}
{"type":"log","timestamp":1701418472685,"level":"debug","message":"Rendering engine handlebars","meta":{"rootId":"vdm13iig69ok4yj","id":"vdm13iig69ok4yj"},"id":"06ntdu1682wxhs3","previousOperationId":"f7jld2p7gpgjuks"}
{"type":"operationEnd","operationId":"f7jld2p7gpgjuks","timestamp":1701418472706,"id":"ofa1qlg54xhe4k1","previousEventId":"mqpnrzk4eiggpdc","previousOperationId":"f7jld2p7gpgjuks"}
{"type":"operationStart","subtype":"recipe","name":"chrome-pdf","timestamp":1701418472706,"id":"y69x1t78q8rsi3d","previousEventId":"ofa1qlg54xhe4k1","operationId":"igg7smsllg67p1z","previousOperationId":"f7jld2p7gpgjuks"}
{"type":"log","timestamp":1701418472706,"level":"debug","message":"Executing recipe chrome-pdf","meta":{"rootId":"vdm13iig69ok4yj","id":"vdm13iig69ok4yj"},"id":"l2ew54tou5krjxp","previousOperationId":"igg7smsllg67p1z"}
{"type":"log","timestamp":1701418472707,"level":"debug","message":"Converting with chrome HeadlessChrome/117.0.5938.149 using chrome-pool strategy","meta":{"rootId":"vdm13iig69ok4yj","id":"vdm13iig69ok4yj"},"id":"cy7d2t79ovtp4xf","previousOperationId":"igg7smsllg67p1z"}
{"type":"log","timestamp":1701418472747,"level":"debug","message":"Page request: GET (document) file:///var/folders/dp/qk79pfcj0y1fmtkkl08m76rc0000gn/T/jsreport/autocleanup/f8bfcc17-b204-48b3-96fe-eb9af5c57b17-chrome-pdf.html","meta":{"rootId":"vdm13iig69ok4yj","id":"vdm13iig69ok4yj"},"id":"56ltj6egevwxkln","previousOperationId":"igg7smsllg67p1z"}
{"type":"log","timestamp":1701418472752,"level":"debug","message":"Page request finished: GET (document) 200 file:///var/folders/dp/qk79pfcj0y1fmtkkl08m76rc0000gn/T/jsreport/autocleanup/f8bfcc17-b204-48b3-96fe-eb9af5c57b17-chrome-pdf.html","meta":{"rootId":"vdm13iig69ok4yj","id":"vdm13iig69ok4yj"},"id":"c1l1enf72hpu8mr","previousOperationId":"igg7smsllg67p1z"}
{"type":"log","timestamp":1701418472761,"level":"debug","message":"Running chrome with params {\"printBackground\":true,\"timeout\":59961,\"margin\":{}}","meta":{"rootId":"vdm13iig69ok4yj","id":"vdm13iig69ok4yj"},"id":"yzzgwc1yu0xdyt0","previousOperationId":"igg7smsllg67p1z"}
{"type":"operationEnd","operationId":"igg7smsllg67p1z","timestamp":1701418472784,"id":"sftipg7rpbv03cu","previousEventId":"y69x1t78q8rsi3d","previousOperationId":"igg7smsllg67p1z"}
{"type":"log","timestamp":1701418472784,"level":"debug","message":"Skipping storing report.","meta":{"rootId":"vdm13iig69ok4yj","id":"vdm13iig69ok4yj"},"id":"8idezrapg1mmo2g","previousOperationId":"igg7smsllg67p1z"}
{"type":"log","timestamp":1701418472785,"level":"info","message":"Rendering request 5 finished in 117 ms","meta":{"rootId":"vdm13iig69ok4yj","id":"vdm13iig69ok4yj"},"id":"3h2lluubof92hhs","previousOperationId":"igg7smsllg67p1z"}
{"type":"operationEnd","subtype":"render","operationId":"enwb83qbjflc9bp","timestamp":1701418472785,"id":"w9kiz49xce0jqvh","previousEventId":"sftipg7rpbv03cu","previousOperationId":"igg7smsllg67p1z"}
{"type":"operationEnd","doDiffs":false,"previousEventId":"qojiz7zkcwrmmmj","previousOperationId":"x7ep5mf9l51yrhr","operationId":"x7ep5mf9l51yrhr","timestamp":1701418472786,"id":"bxk73j4w1i2bzje"}
