{"type":"operationStart","subtype":"profile","data":{"_id":"b7qAj50pXqUFjqLK","timestamp":"2023-11-24T11:20:51.053Z","state":"queued","mode":"standard","creationDate":"2023-11-24T11:20:51.054Z","modificationDate":"2023-11-24T11:20:51.054Z","shortid":"J5yR5kH","$entitySet":"profiles"},"doDiffs":false,"timestamp":1700824851053,"id":"a9iq3kfbwhxuw8b","previousOperationId":null,"operationId":"ozh71jlkq2r8te6"}
{"type":"log","level":"info","message":"Render request 13 queued for execution and waiting for available worker","previousOperationId":"ozh71jlkq2r8te6","timestamp":1700824851053,"id":"wjbs1ptqg1if8mi"}
{"type":"operationStart","subtype":"render","name":"index_predlog_sporazuma","previousOperationId":"ozh71jlkq2r8te6","timestamp":1700824851067,"id":"lzsuqvq6wbujdca","previousEventId":"a9iq3kfbwhxuw8b","operationId":"kb3zc0b70hio2xl"}
{"type":"log","timestamp":1700824851067,"level":"info","message":"Starting rendering request 13","meta":{"rootId":"dwkll0f0zd5fu9m","id":"dwkll0f0zd5fu9m"},"id":"ya0yp7buy8lh0mc","previousOperationId":"kb3zc0b70hio2xl"}
{"type":"log","timestamp":1700824851068,"level":"info","message":"Rendering template { name: index_predlog_sporazuma, recipe: chrome-pdf, engine: handlebars, preview: true }","meta":{"rootId":"dwkll0f0zd5fu9m","id":"dwkll0f0zd5fu9m"},"id":"yuacejb0hac4mn1","previousOperationId":"kb3zc0b70hio2xl"}
{"type":"log","timestamp":1700824851070,"level":"debug","message":"Adding sample data uh90Hp0tL","meta":{"rootId":"dwkll0f0zd5fu9m","id":"dwkll0f0zd5fu9m"},"id":"64i3q63tltcvv7o","previousOperationId":"kb3zc0b70hio2xl"}
{"type":"log","timestamp":1700824851074,"level":"debug","message":"Base url not specified, skipping its injection.","meta":{"rootId":"dwkll0f0zd5fu9m","id":"dwkll0f0zd5fu9m"},"id":"eru7if5avs9vyi0","previousOperationId":"kb3zc0b70hio2xl"}
{"type":"operationStart","subtype":"engine","name":"handlebars","timestamp":1700824851075,"id":"kvqj74zt3e1lfja","previousEventId":"lzsuqvq6wbujdca","operationId":"0s5th4b5hh31506","previousOperationId":"kb3zc0b70hio2xl"}
{"type":"log","timestamp":1700824851075,"level":"debug","message":"Rendering engine handlebars","meta":{"rootId":"dwkll0f0zd5fu9m","id":"dwkll0f0zd5fu9m"},"id":"vvhqi847e1ilc80","previousOperationId":"0s5th4b5hh31506"}
{"type":"operationEnd","operationId":"0s5th4b5hh31506","timestamp":1700824851089,"id":"cc5q15hibdgz72j","previousEventId":"kvqj74zt3e1lfja","previousOperationId":"0s5th4b5hh31506"}
{"type":"operationStart","subtype":"recipe","name":"chrome-pdf","timestamp":1700824851090,"id":"jah5wywyh1u1u5e","previousEventId":"cc5q15hibdgz72j","operationId":"im1ij7ydsz7zbbr","previousOperationId":"0s5th4b5hh31506"}
{"type":"log","timestamp":1700824851090,"level":"debug","message":"Executing recipe chrome-pdf","meta":{"rootId":"dwkll0f0zd5fu9m","id":"dwkll0f0zd5fu9m"},"id":"2lddnyluab6o927","previousOperationId":"im1ij7ydsz7zbbr"}
{"type":"log","timestamp":1700824851268,"level":"debug","message":"Converting with chrome HeadlessChrome/117.0.5938.149 using chrome-pool strategy","meta":{"rootId":"dwkll0f0zd5fu9m","id":"dwkll0f0zd5fu9m"},"id":"4xotnfupi3qdvgb","previousOperationId":"im1ij7ydsz7zbbr"}
{"type":"log","timestamp":1700824851310,"level":"debug","message":"Page request: GET (document) file:///var/folders/dp/qk79pfcj0y1fmtkkl08m76rc0000gn/T/jsreport/autocleanup/3977f343-28a1-45a0-a18f-5afc059b49d7-chrome-pdf.html","meta":{"rootId":"dwkll0f0zd5fu9m","id":"dwkll0f0zd5fu9m"},"id":"7q9d6kynpbi1bpd","previousOperationId":"im1ij7ydsz7zbbr"}
{"type":"log","timestamp":1700824851315,"level":"debug","message":"Page request finished: GET (document) 200 file:///var/folders/dp/qk79pfcj0y1fmtkkl08m76rc0000gn/T/jsreport/autocleanup/3977f343-28a1-45a0-a18f-5afc059b49d7-chrome-pdf.html","meta":{"rootId":"dwkll0f0zd5fu9m","id":"dwkll0f0zd5fu9m"},"id":"qemfj5su6p3qa11","previousOperationId":"im1ij7ydsz7zbbr"}
{"type":"log","timestamp":1700824851321,"level":"debug","message":"Running chrome with params {\"printBackground\":true,\"timeout\":59962,\"margin\":{}}","meta":{"rootId":"dwkll0f0zd5fu9m","id":"dwkll0f0zd5fu9m"},"id":"gf01bzbvzvgphhi","previousOperationId":"im1ij7ydsz7zbbr"}
{"type":"operationEnd","operationId":"im1ij7ydsz7zbbr","timestamp":1700824851335,"id":"ofvkgafg2iolx6g","previousEventId":"jah5wywyh1u1u5e","previousOperationId":"im1ij7ydsz7zbbr"}
{"type":"log","timestamp":1700824851335,"level":"debug","message":"Skipping storing report.","meta":{"rootId":"dwkll0f0zd5fu9m","id":"dwkll0f0zd5fu9m"},"id":"96p0q5hw9prsewu","previousOperationId":"im1ij7ydsz7zbbr"}
{"type":"log","timestamp":1700824851335,"level":"info","message":"Rendering request 13 finished in 282 ms","meta":{"rootId":"dwkll0f0zd5fu9m","id":"dwkll0f0zd5fu9m"},"id":"mvcu22qun6lfdrl","previousOperationId":"im1ij7ydsz7zbbr"}
{"type":"operationEnd","subtype":"render","operationId":"kb3zc0b70hio2xl","timestamp":1700824851335,"id":"pu2h4wgflzsa4xx","previousEventId":"ofvkgafg2iolx6g","previousOperationId":"im1ij7ydsz7zbbr"}
{"type":"operationEnd","doDiffs":false,"previousEventId":"a9iq3kfbwhxuw8b","previousOperationId":"ozh71jlkq2r8te6","operationId":"ozh71jlkq2r8te6","timestamp":1700824851337,"id":"zmm78u3krszdnfb"}
