{"type":"operationStart","subtype":"profile","data":{"_id":"CR4IPN3VDYI1VMcI","timestamp":"2023-11-28T12:45:48.037Z","state":"queued","mode":"standard","creationDate":"2023-11-28T12:45:48.039Z","modificationDate":"2023-11-28T12:45:48.039Z","shortid":"-iNZQ-k","$entitySet":"profiles"},"doDiffs":false,"timestamp":1701175548038,"id":"gl235w1ijpwoo43","previousOperationId":null,"operationId":"wg70g9zsuphtw59"}
{"type":"log","level":"info","message":"Render request 57 queued for execution and waiting for available worker","previousOperationId":"wg70g9zsuphtw59","timestamp":1701175548038,"id":"nue319q8q06j5cf"}
{"type":"operationStart","subtype":"render","name":"index_predlog_sporazuma","previousOperationId":"wg70g9zsuphtw59","timestamp":1701175548051,"id":"pkjen5k339w18v4","previousEventId":"gl235w1ijpwoo43","operationId":"mp599vx87oslanj"}
{"type":"log","timestamp":1701175548051,"level":"info","message":"Starting rendering request 57","meta":{"rootId":"t00d9n5ql7iqfj6","id":"t00d9n5ql7iqfj6"},"id":"f8vzohpua84xm3h","previousOperationId":"mp599vx87oslanj"}
{"type":"log","timestamp":1701175548051,"level":"info","message":"Rendering template { name: index_predlog_sporazuma, recipe: chrome-pdf, engine: handlebars, preview: true }","meta":{"rootId":"t00d9n5ql7iqfj6","id":"t00d9n5ql7iqfj6"},"id":"4tpy70af5cpx5lm","previousOperationId":"mp599vx87oslanj"}
{"type":"log","timestamp":1701175548053,"level":"debug","message":"Adding sample data uh90Hp0tL","meta":{"rootId":"t00d9n5ql7iqfj6","id":"t00d9n5ql7iqfj6"},"id":"aqdq1ehvkk2rxta","previousOperationId":"mp599vx87oslanj"}
{"type":"log","timestamp":1701175548055,"level":"debug","message":"Base url not specified, skipping its injection.","meta":{"rootId":"t00d9n5ql7iqfj6","id":"t00d9n5ql7iqfj6"},"id":"z9b3rf4ye4fvsfs","previousOperationId":"mp599vx87oslanj"}
{"type":"operationStart","subtype":"engine","name":"handlebars","timestamp":1701175548055,"id":"oc866qm5d6fsm75","previousEventId":"pkjen5k339w18v4","operationId":"akpygr2vzecxlna","previousOperationId":"mp599vx87oslanj"}
{"type":"log","timestamp":1701175548055,"level":"debug","message":"Rendering engine handlebars","meta":{"rootId":"t00d9n5ql7iqfj6","id":"t00d9n5ql7iqfj6"},"id":"o6zfyz67xrkc7i5","previousOperationId":"akpygr2vzecxlna"}
{"type":"operationEnd","operationId":"akpygr2vzecxlna","timestamp":1701175548064,"id":"2aw5bj5ejybyzcy","previousEventId":"oc866qm5d6fsm75","previousOperationId":"akpygr2vzecxlna"}
{"type":"operationStart","subtype":"recipe","name":"chrome-pdf","timestamp":1701175548064,"id":"bjhoef2z3hi0emz","previousEventId":"2aw5bj5ejybyzcy","operationId":"rvnih4fmwsdvdm7","previousOperationId":"akpygr2vzecxlna"}
{"type":"log","timestamp":1701175548064,"level":"debug","message":"Executing recipe chrome-pdf","meta":{"rootId":"t00d9n5ql7iqfj6","id":"t00d9n5ql7iqfj6"},"id":"odq3q6h6rjrawxs","previousOperationId":"rvnih4fmwsdvdm7"}
{"type":"log","timestamp":1701175548066,"level":"debug","message":"Converting with chrome HeadlessChrome/117.0.5938.149 using chrome-pool strategy","meta":{"rootId":"t00d9n5ql7iqfj6","id":"t00d9n5ql7iqfj6"},"id":"8zlgg59rud914x2","previousOperationId":"rvnih4fmwsdvdm7"}
{"type":"log","timestamp":1701175548119,"level":"debug","message":"Page request: GET (document) file:///var/folders/dp/qk79pfcj0y1fmtkkl08m76rc0000gn/T/jsreport/autocleanup/d1aeb862-a28d-4f4c-a030-8def971761c7-chrome-pdf.html","meta":{"rootId":"t00d9n5ql7iqfj6","id":"t00d9n5ql7iqfj6"},"id":"b0beo0gf7y5xkv0","previousOperationId":"rvnih4fmwsdvdm7"}
{"type":"log","timestamp":1701175548124,"level":"debug","message":"Page request finished: GET (document) 200 file:///var/folders/dp/qk79pfcj0y1fmtkkl08m76rc0000gn/T/jsreport/autocleanup/d1aeb862-a28d-4f4c-a030-8def971761c7-chrome-pdf.html","meta":{"rootId":"t00d9n5ql7iqfj6","id":"t00d9n5ql7iqfj6"},"id":"zxhlotval16yq98","previousOperationId":"rvnih4fmwsdvdm7"}
{"type":"log","timestamp":1701175548133,"level":"debug","message":"Running chrome with params {\"printBackground\":true,\"timeout\":59971,\"margin\":{}}","meta":{"rootId":"t00d9n5ql7iqfj6","id":"t00d9n5ql7iqfj6"},"id":"bfca9tuz5ht6ohg","previousOperationId":"rvnih4fmwsdvdm7"}
{"type":"operationEnd","operationId":"rvnih4fmwsdvdm7","timestamp":1701175548150,"id":"g456qkx0p0psp05","previousEventId":"bjhoef2z3hi0emz","previousOperationId":"rvnih4fmwsdvdm7"}
{"type":"log","timestamp":1701175548150,"level":"debug","message":"Skipping storing report.","meta":{"rootId":"t00d9n5ql7iqfj6","id":"t00d9n5ql7iqfj6"},"id":"8z2wu8kg8q0553l","previousOperationId":"rvnih4fmwsdvdm7"}
{"type":"log","timestamp":1701175548150,"level":"info","message":"Rendering request 57 finished in 113 ms","meta":{"rootId":"t00d9n5ql7iqfj6","id":"t00d9n5ql7iqfj6"},"id":"pw4vlxya54tgwvb","previousOperationId":"rvnih4fmwsdvdm7"}
{"type":"operationEnd","subtype":"render","operationId":"mp599vx87oslanj","timestamp":1701175548150,"id":"ff0j1bq2gdjnbro","previousEventId":"g456qkx0p0psp05","previousOperationId":"rvnih4fmwsdvdm7"}
{"type":"operationEnd","doDiffs":false,"previousEventId":"gl235w1ijpwoo43","previousOperationId":"wg70g9zsuphtw59","operationId":"wg70g9zsuphtw59","timestamp":1701175548151,"id":"q51nznt1tz8r298"}
