{"type":"operationStart","subtype":"profile","data":{"_id":"rTWC6PYFvcD24KRj","timestamp":"2023-11-27T10:58:43.598Z","state":"queued","mode":"standard","creationDate":"2023-11-27T10:58:43.599Z","modificationDate":"2023-11-27T10:58:43.599Z","shortid":"lPFVZBO","$entitySet":"profiles"},"doDiffs":false,"timestamp":1701082723599,"id":"ynnu1m1t4knu5gr","previousOperationId":null,"operationId":"os3ctli1kelitzy"}
{"type":"log","level":"info","message":"Render request 57 queued for execution and waiting for available worker","previousOperationId":"os3ctli1kelitzy","timestamp":1701082723599,"id":"mq282xi01d7yck1"}
{"type":"operationStart","subtype":"render","name":"header-footer","previousOperationId":"os3ctli1kelitzy","timestamp":1701082723603,"id":"4aj5j53lc86ks04","previousEventId":"ynnu1m1t4knu5gr","operationId":"2qum0ahxbn1rhn4"}
{"type":"log","timestamp":1701082723603,"level":"info","message":"Starting rendering request 57","meta":{"rootId":"jzuve29s5wxb2q5","id":"jzuve29s5wxb2q5"},"id":"2iv2keexjy1chai","previousOperationId":"2qum0ahxbn1rhn4"}
{"type":"log","timestamp":1701082723603,"level":"info","message":"Rendering template { name: header-footer, recipe: chrome-pdf, engine: handlebars, preview: true }","meta":{"rootId":"jzuve29s5wxb2q5","id":"jzuve29s5wxb2q5"},"id":"z367xo0b0aa3avk","previousOperationId":"2qum0ahxbn1rhn4"}
{"type":"log","timestamp":1701082723603,"level":"debug","message":"Data item not defined for this template.","meta":{"rootId":"jzuve29s5wxb2q5","id":"jzuve29s5wxb2q5"},"id":"ta46p2cbjqjrq30","previousOperationId":"2qum0ahxbn1rhn4"}
{"type":"log","timestamp":1701082723604,"level":"debug","message":"Base url not specified, skipping its injection.","meta":{"rootId":"jzuve29s5wxb2q5","id":"jzuve29s5wxb2q5"},"id":"jz11iqjbmxem2xl","previousOperationId":"2qum0ahxbn1rhn4"}
{"type":"operationStart","subtype":"engine","name":"handlebars","timestamp":1701082723604,"id":"c6rex2vqwnk9z77","previousEventId":"4aj5j53lc86ks04","operationId":"xox7nscfuyl0vij","previousOperationId":"2qum0ahxbn1rhn4"}
{"type":"log","timestamp":1701082723604,"level":"debug","message":"Rendering engine handlebars","meta":{"rootId":"jzuve29s5wxb2q5","id":"jzuve29s5wxb2q5"},"id":"93uhxyum7uo0c7m","previousOperationId":"xox7nscfuyl0vij"}
{"type":"operationEnd","operationId":"xox7nscfuyl0vij","timestamp":1701082723610,"id":"s8xilzkpe7mwk60","previousEventId":"c6rex2vqwnk9z77","previousOperationId":"xox7nscfuyl0vij"}
{"type":"operationStart","subtype":"recipe","name":"chrome-pdf","timestamp":1701082723611,"id":"ok9ivnogpmz41x5","previousEventId":"s8xilzkpe7mwk60","operationId":"2iclza0kvpwp226","previousOperationId":"xox7nscfuyl0vij"}
{"type":"log","timestamp":1701082723611,"level":"debug","message":"Executing recipe chrome-pdf","meta":{"rootId":"jzuve29s5wxb2q5","id":"jzuve29s5wxb2q5"},"id":"pbz2duqottl8zn8","previousOperationId":"2iclza0kvpwp226"}
{"type":"log","timestamp":1701082723612,"level":"debug","message":"Converting with chrome HeadlessChrome/117.0.5938.149 using chrome-pool strategy","meta":{"rootId":"jzuve29s5wxb2q5","id":"jzuve29s5wxb2q5"},"id":"mv9ddaehw8f8gh5","previousOperationId":"2iclza0kvpwp226"}
{"type":"log","timestamp":1701082723658,"level":"debug","message":"Page request: GET (document) file:///var/folders/dp/qk79pfcj0y1fmtkkl08m76rc0000gn/T/jsreport/autocleanup/2cc0a478-0d01-49a7-bcea-9b272bca7989-chrome-pdf.html","meta":{"rootId":"jzuve29s5wxb2q5","id":"jzuve29s5wxb2q5"},"id":"7su760g47nu8dea","previousOperationId":"2iclza0kvpwp226"}
{"type":"log","timestamp":1701082723663,"level":"debug","message":"Page request finished: GET (document) 200 file:///var/folders/dp/qk79pfcj0y1fmtkkl08m76rc0000gn/T/jsreport/autocleanup/2cc0a478-0d01-49a7-bcea-9b272bca7989-chrome-pdf.html","meta":{"rootId":"jzuve29s5wxb2q5","id":"jzuve29s5wxb2q5"},"id":"rrwjua6mzia8yrf","previousOperationId":"2iclza0kvpwp226"}
{"type":"log","timestamp":1701082723664,"level":"debug","message":"Running chrome with params {\"timeout\":59987,\"margin\":{},\"printBackground\":true}","meta":{"rootId":"jzuve29s5wxb2q5","id":"jzuve29s5wxb2q5"},"id":"xbwbtlwv8y51luh","previousOperationId":"2iclza0kvpwp226"}
{"type":"operationEnd","operationId":"2iclza0kvpwp226","timestamp":1701082723667,"id":"qi2053qb9972uzs","previousEventId":"ok9ivnogpmz41x5","previousOperationId":"2iclza0kvpwp226"}
{"type":"log","timestamp":1701082723667,"level":"debug","message":"Skipping storing report.","meta":{"rootId":"jzuve29s5wxb2q5","id":"jzuve29s5wxb2q5"},"id":"xnovc37coj7u071","previousOperationId":"2iclza0kvpwp226"}
{"type":"log","timestamp":1701082723667,"level":"info","message":"Rendering request 57 finished in 69 ms","meta":{"rootId":"jzuve29s5wxb2q5","id":"jzuve29s5wxb2q5"},"id":"pcjctvciyrmjsbg","previousOperationId":"2iclza0kvpwp226"}
{"type":"operationEnd","subtype":"render","operationId":"2qum0ahxbn1rhn4","timestamp":1701082723667,"id":"jtnbth6stb1l5lf","previousEventId":"qi2053qb9972uzs","previousOperationId":"2iclza0kvpwp226"}
{"type":"operationEnd","doDiffs":false,"previousEventId":"ynnu1m1t4knu5gr","previousOperationId":"os3ctli1kelitzy","operationId":"os3ctli1kelitzy","timestamp":1701082723669,"id":"4olpet95474ouq6"}
