{"type":"operationStart","subtype":"profile","data":{"_id":"lJbjg9RQFQoOqrml","timestamp":"2023-11-27T10:57:36.973Z","state":"queued","mode":"standard","creationDate":"2023-11-27T10:57:36.974Z","modificationDate":"2023-11-27T10:57:36.974Z","shortid":"gHFxBI-","$entitySet":"profiles"},"doDiffs":false,"timestamp":1701082656974,"id":"pbg5yc5gskkngi2","previousOperationId":null,"operationId":"drgu90jimw6012d"}
{"type":"log","level":"info","message":"Render request 53 queued for execution and waiting for available worker","previousOperationId":"drgu90jimw6012d","timestamp":1701082656974,"id":"ej1gz6se2qv8nep"}
{"type":"operationStart","subtype":"render","name":"header-footer","previousOperationId":"drgu90jimw6012d","timestamp":1701082656982,"id":"ttow7wqh3vbdhuh","previousEventId":"pbg5yc5gskkngi2","operationId":"vi06csqdfpnh9wq"}
{"type":"log","timestamp":1701082656982,"level":"info","message":"Starting rendering request 53","meta":{"rootId":"n5ihapt0jwsjeiq","id":"n5ihapt0jwsjeiq"},"id":"fp5exokzfp7v3um","previousOperationId":"vi06csqdfpnh9wq"}
{"type":"log","timestamp":1701082656983,"level":"info","message":"Rendering template { name: header-footer, recipe: chrome-pdf, engine: handlebars, preview: true }","meta":{"rootId":"n5ihapt0jwsjeiq","id":"n5ihapt0jwsjeiq"},"id":"u4l7s8hn3vhrs3g","previousOperationId":"vi06csqdfpnh9wq"}
{"type":"log","timestamp":1701082656983,"level":"debug","message":"Data item not defined for this template.","meta":{"rootId":"n5ihapt0jwsjeiq","id":"n5ihapt0jwsjeiq"},"id":"jo9k4wmnjnj2kv4","previousOperationId":"vi06csqdfpnh9wq"}
{"type":"log","timestamp":1701082656985,"level":"debug","message":"Base url not specified, skipping its injection.","meta":{"rootId":"n5ihapt0jwsjeiq","id":"n5ihapt0jwsjeiq"},"id":"1hxolpi6ffk9l2y","previousOperationId":"vi06csqdfpnh9wq"}
{"type":"operationStart","subtype":"engine","name":"handlebars","timestamp":1701082656985,"id":"6eozvy472qi5fib","previousEventId":"ttow7wqh3vbdhuh","operationId":"z0zahb2gu6tjxti","previousOperationId":"vi06csqdfpnh9wq"}
{"type":"log","timestamp":1701082656985,"level":"debug","message":"Rendering engine handlebars","meta":{"rootId":"n5ihapt0jwsjeiq","id":"n5ihapt0jwsjeiq"},"id":"exomg3hl9ag2xqr","previousOperationId":"z0zahb2gu6tjxti"}
{"type":"operationEnd","operationId":"z0zahb2gu6tjxti","timestamp":1701082656999,"id":"sd0c62y09y7ztm9","previousEventId":"6eozvy472qi5fib","previousOperationId":"z0zahb2gu6tjxti"}
{"type":"operationStart","subtype":"recipe","name":"chrome-pdf","timestamp":1701082656999,"id":"077n7u7glpmj0ci","previousEventId":"sd0c62y09y7ztm9","operationId":"087wm62t7srjzta","previousOperationId":"z0zahb2gu6tjxti"}
{"type":"log","timestamp":1701082656999,"level":"debug","message":"Executing recipe chrome-pdf","meta":{"rootId":"n5ihapt0jwsjeiq","id":"n5ihapt0jwsjeiq"},"id":"e9ubgezv5ywfwyf","previousOperationId":"087wm62t7srjzta"}
{"type":"log","timestamp":1701082657000,"level":"debug","message":"Converting with chrome HeadlessChrome/117.0.5938.149 using chrome-pool strategy","meta":{"rootId":"n5ihapt0jwsjeiq","id":"n5ihapt0jwsjeiq"},"id":"b1oy2gqciy1goqt","previousOperationId":"087wm62t7srjzta"}
{"type":"log","timestamp":1701082657044,"level":"debug","message":"Page request: GET (document) file:///var/folders/dp/qk79pfcj0y1fmtkkl08m76rc0000gn/T/jsreport/autocleanup/88561edf-bbea-4b63-89fd-86270b54c729-chrome-pdf.html","meta":{"rootId":"n5ihapt0jwsjeiq","id":"n5ihapt0jwsjeiq"},"id":"1yqdx60uwu6duk4","previousOperationId":"087wm62t7srjzta"}
{"type":"log","timestamp":1701082657049,"level":"debug","message":"Page request finished: GET (document) 200 file:///var/folders/dp/qk79pfcj0y1fmtkkl08m76rc0000gn/T/jsreport/autocleanup/88561edf-bbea-4b63-89fd-86270b54c729-chrome-pdf.html","meta":{"rootId":"n5ihapt0jwsjeiq","id":"n5ihapt0jwsjeiq"},"id":"jtaslcvxdlt4x7p","previousOperationId":"087wm62t7srjzta"}
{"type":"log","timestamp":1701082657050,"level":"debug","message":"Running chrome with params {\"timeout\":59973,\"margin\":{},\"printBackground\":true}","meta":{"rootId":"n5ihapt0jwsjeiq","id":"n5ihapt0jwsjeiq"},"id":"nix44fjkqx002qu","previousOperationId":"087wm62t7srjzta"}
{"type":"operationEnd","operationId":"087wm62t7srjzta","timestamp":1701082657054,"id":"e01hy8wgzmkaj4n","previousEventId":"077n7u7glpmj0ci","previousOperationId":"087wm62t7srjzta"}
{"type":"log","timestamp":1701082657054,"level":"debug","message":"Skipping storing report.","meta":{"rootId":"n5ihapt0jwsjeiq","id":"n5ihapt0jwsjeiq"},"id":"3d091ibk6xlngla","previousOperationId":"087wm62t7srjzta"}
{"type":"log","timestamp":1701082657054,"level":"info","message":"Rendering request 53 finished in 81 ms","meta":{"rootId":"n5ihapt0jwsjeiq","id":"n5ihapt0jwsjeiq"},"id":"uc2tjp6eh4l0s7z","previousOperationId":"087wm62t7srjzta"}
{"type":"operationEnd","subtype":"render","operationId":"vi06csqdfpnh9wq","timestamp":1701082657054,"id":"eanfld99u6dejlc","previousEventId":"e01hy8wgzmkaj4n","previousOperationId":"087wm62t7srjzta"}
{"type":"operationEnd","doDiffs":false,"previousEventId":"pbg5yc5gskkngi2","previousOperationId":"drgu90jimw6012d","operationId":"drgu90jimw6012d","timestamp":1701082657056,"id":"ac8z4vbhz5t4l5y"}
