{"type":"operationStart","subtype":"profile","data":{"_id":"MqdKqWq1h3k4rp30","timestamp":"2023-11-27T10:59:47.719Z","state":"queued","mode":"standard","creationDate":"2023-11-27T10:59:47.721Z","modificationDate":"2023-11-27T10:59:47.721Z","shortid":"oE5Cp_W","$entitySet":"profiles"},"doDiffs":false,"timestamp":1701082787720,"id":"28m0ceririyjup5","previousOperationId":null,"operationId":"7wtgjg0d4n8z308"}
{"type":"log","level":"info","message":"Render request 59 queued for execution and waiting for available worker","previousOperationId":"7wtgjg0d4n8z308","timestamp":1701082787720,"id":"tkwj4yr5wtg2bdb"}
{"type":"operationStart","subtype":"render","name":"header-footer","previousOperationId":"7wtgjg0d4n8z308","timestamp":1701082787727,"id":"bu5w6zqe4joprso","previousEventId":"28m0ceririyjup5","operationId":"5tdw8qnpl2fhj66"}
{"type":"log","timestamp":1701082787727,"level":"info","message":"Starting rendering request 59","meta":{"rootId":"n8wba12t01slb5c","id":"n8wba12t01slb5c"},"id":"11b79qzzizvb87f","previousOperationId":"5tdw8qnpl2fhj66"}
{"type":"log","timestamp":1701082787727,"level":"info","message":"Rendering template { name: header-footer, recipe: chrome-pdf, engine: handlebars, preview: true }","meta":{"rootId":"n8wba12t01slb5c","id":"n8wba12t01slb5c"},"id":"wgo668g692uuyou","previousOperationId":"5tdw8qnpl2fhj66"}
{"type":"log","timestamp":1701082787728,"level":"debug","message":"Data item not defined for this template.","meta":{"rootId":"n8wba12t01slb5c","id":"n8wba12t01slb5c"},"id":"f93ssk4fupo0cnt","previousOperationId":"5tdw8qnpl2fhj66"}
{"type":"log","timestamp":1701082787729,"level":"debug","message":"Base url not specified, skipping its injection.","meta":{"rootId":"n8wba12t01slb5c","id":"n8wba12t01slb5c"},"id":"nt5fn8hk0rzmut0","previousOperationId":"5tdw8qnpl2fhj66"}
{"type":"operationStart","subtype":"engine","name":"handlebars","timestamp":1701082787729,"id":"3lygbj2pwfz1g65","previousEventId":"bu5w6zqe4joprso","operationId":"qo0fle7ld3jtnib","previousOperationId":"5tdw8qnpl2fhj66"}
{"type":"log","timestamp":1701082787729,"level":"debug","message":"Rendering engine handlebars","meta":{"rootId":"n8wba12t01slb5c","id":"n8wba12t01slb5c"},"id":"oq0w1r4yia35f1s","previousOperationId":"qo0fle7ld3jtnib"}
{"type":"operationEnd","operationId":"qo0fle7ld3jtnib","timestamp":1701082787747,"id":"gf13x5x38pjrg73","previousEventId":"3lygbj2pwfz1g65","previousOperationId":"qo0fle7ld3jtnib"}
{"type":"operationStart","subtype":"recipe","name":"chrome-pdf","timestamp":1701082787747,"id":"2e2wq1kzppp68lw","previousEventId":"gf13x5x38pjrg73","operationId":"xdfjsq1brqcks8x","previousOperationId":"qo0fle7ld3jtnib"}
{"type":"log","timestamp":1701082787747,"level":"debug","message":"Executing recipe chrome-pdf","meta":{"rootId":"n8wba12t01slb5c","id":"n8wba12t01slb5c"},"id":"sx1f1gd5ybkbjr5","previousOperationId":"xdfjsq1brqcks8x"}
{"type":"log","timestamp":1701082787748,"level":"debug","message":"Converting with chrome HeadlessChrome/117.0.5938.149 using chrome-pool strategy","meta":{"rootId":"n8wba12t01slb5c","id":"n8wba12t01slb5c"},"id":"fz0symldn2f3xv4","previousOperationId":"xdfjsq1brqcks8x"}
{"type":"log","timestamp":1701082787797,"level":"debug","message":"Page request: GET (document) file:///var/folders/dp/qk79pfcj0y1fmtkkl08m76rc0000gn/T/jsreport/autocleanup/a935d3e4-32d4-42d5-9c33-67e7bc56569b-chrome-pdf.html","meta":{"rootId":"n8wba12t01slb5c","id":"n8wba12t01slb5c"},"id":"t7j7z47h3itt4p6","previousOperationId":"xdfjsq1brqcks8x"}
{"type":"log","timestamp":1701082787802,"level":"debug","message":"Page request finished: GET (document) 200 file:///var/folders/dp/qk79pfcj0y1fmtkkl08m76rc0000gn/T/jsreport/autocleanup/a935d3e4-32d4-42d5-9c33-67e7bc56569b-chrome-pdf.html","meta":{"rootId":"n8wba12t01slb5c","id":"n8wba12t01slb5c"},"id":"5ealpz49fvupf6e","previousOperationId":"xdfjsq1brqcks8x"}
{"type":"log","timestamp":1701082787803,"level":"debug","message":"Running chrome with params {\"timeout\":59972,\"margin\":{},\"printBackground\":true}","meta":{"rootId":"n8wba12t01slb5c","id":"n8wba12t01slb5c"},"id":"6v10wrjkigeesxy","previousOperationId":"xdfjsq1brqcks8x"}
{"type":"operationEnd","operationId":"xdfjsq1brqcks8x","timestamp":1701082787807,"id":"h9lhvbxgrfo58t9","previousEventId":"2e2wq1kzppp68lw","previousOperationId":"xdfjsq1brqcks8x"}
{"type":"log","timestamp":1701082787807,"level":"debug","message":"Skipping storing report.","meta":{"rootId":"n8wba12t01slb5c","id":"n8wba12t01slb5c"},"id":"ud6mf80ezmru9o6","previousOperationId":"xdfjsq1brqcks8x"}
{"type":"log","timestamp":1701082787807,"level":"info","message":"Rendering request 59 finished in 88 ms","meta":{"rootId":"n8wba12t01slb5c","id":"n8wba12t01slb5c"},"id":"gd4fh5so239ifxc","previousOperationId":"xdfjsq1brqcks8x"}
{"type":"operationEnd","subtype":"render","operationId":"5tdw8qnpl2fhj66","timestamp":1701082787807,"id":"cp6rs3zuqjqzndv","previousEventId":"h9lhvbxgrfo58t9","previousOperationId":"xdfjsq1brqcks8x"}
{"type":"operationEnd","doDiffs":false,"previousEventId":"28m0ceririyjup5","previousOperationId":"7wtgjg0d4n8z308","operationId":"7wtgjg0d4n8z308","timestamp":1701082787809,"id":"whlg3qx1o6mh2op"}
