{"type":"operationStart","subtype":"profile","data":{"_id":"zXBawxRyU81TtL7t","timestamp":"2023-11-27T14:07:28.318Z","state":"queued","mode":"standard","creationDate":"2023-11-27T14:07:28.319Z","modificationDate":"2023-11-27T14:07:28.319Z","shortid":"Hf1zyqG","$entitySet":"profiles"},"doDiffs":false,"timestamp":1701094048319,"id":"knldqc7flodch09","previousOperationId":null,"operationId":"356ua3iambuo5hj"}
{"type":"log","level":"info","message":"Render request 148 queued for execution and waiting for available worker","previousOperationId":"356ua3iambuo5hj","timestamp":1701094048319,"id":"ofsv32tx31gltft"}
{"type":"operationStart","subtype":"render","name":"sporazum_propratni_akt","previousOperationId":"356ua3iambuo5hj","timestamp":1701094048326,"id":"kv07y2j14r1137c","previousEventId":"knldqc7flodch09","operationId":"rkrx75807rjuqpp"}
{"type":"log","timestamp":1701094048326,"level":"info","message":"Starting rendering request 148","meta":{"rootId":"0qsmb6knlceouf7","id":"0qsmb6knlceouf7"},"id":"0ywi7662gjk192b","previousOperationId":"rkrx75807rjuqpp"}
{"type":"log","timestamp":1701094048326,"level":"info","message":"Rendering template { name: sporazum_propratni_akt, recipe: chrome-pdf, engine: handlebars, preview: true }","meta":{"rootId":"0qsmb6knlceouf7","id":"0qsmb6knlceouf7"},"id":"840xeed5fy7m07h","previousOperationId":"rkrx75807rjuqpp"}
{"type":"log","timestamp":1701094048327,"level":"debug","message":"Inline data specified.","meta":{"rootId":"0qsmb6knlceouf7","id":"0qsmb6knlceouf7"},"id":"fddo1a6qf7hb5h3","previousOperationId":"rkrx75807rjuqpp"}
{"type":"log","timestamp":1701094048329,"level":"debug","message":"Base url not specified, skipping its injection.","meta":{"rootId":"0qsmb6knlceouf7","id":"0qsmb6knlceouf7"},"id":"30mobjr13idbtfr","previousOperationId":"rkrx75807rjuqpp"}
{"type":"operationStart","subtype":"engine","name":"handlebars","timestamp":1701094048329,"id":"pds9bxevi86tub6","previousEventId":"kv07y2j14r1137c","operationId":"ygcdlm0lnzcgw3u","previousOperationId":"rkrx75807rjuqpp"}
{"type":"log","timestamp":1701094048329,"level":"debug","message":"Rendering engine handlebars","meta":{"rootId":"0qsmb6knlceouf7","id":"0qsmb6knlceouf7"},"id":"nqj2o183usq5prf","previousOperationId":"ygcdlm0lnzcgw3u"}
{"type":"operationEnd","operationId":"ygcdlm0lnzcgw3u","timestamp":1701094048347,"id":"x7blwo8g940plob","previousEventId":"pds9bxevi86tub6","previousOperationId":"ygcdlm0lnzcgw3u"}
{"type":"operationStart","subtype":"recipe","name":"chrome-pdf","timestamp":1701094048347,"id":"64y27odl3r9aqfi","previousEventId":"x7blwo8g940plob","operationId":"af8es2f2ebfnv9w","previousOperationId":"ygcdlm0lnzcgw3u"}
{"type":"log","timestamp":1701094048347,"level":"debug","message":"Executing recipe chrome-pdf","meta":{"rootId":"0qsmb6knlceouf7","id":"0qsmb6knlceouf7"},"id":"d9mnu5zxks029v9","previousOperationId":"af8es2f2ebfnv9w"}
{"type":"log","timestamp":1701094048349,"level":"debug","message":"Converting with chrome HeadlessChrome/117.0.5938.149 using chrome-pool strategy","meta":{"rootId":"0qsmb6knlceouf7","id":"0qsmb6knlceouf7"},"id":"c1pxl0t3uqi89z0","previousOperationId":"af8es2f2ebfnv9w"}
{"type":"log","timestamp":1701094048403,"level":"debug","message":"Page request: GET (document) file:///var/folders/dp/qk79pfcj0y1fmtkkl08m76rc0000gn/T/jsreport/autocleanup/d84470e3-4e87-439b-a555-2fa5d4ca180c-chrome-pdf.html","meta":{"rootId":"0qsmb6knlceouf7","id":"0qsmb6knlceouf7"},"id":"k8m0uaauit6ge4o","previousOperationId":"af8es2f2ebfnv9w"}
{"type":"log","timestamp":1701094048407,"level":"debug","message":"Page request finished: GET (document) 200 file:///var/folders/dp/qk79pfcj0y1fmtkkl08m76rc0000gn/T/jsreport/autocleanup/d84470e3-4e87-439b-a555-2fa5d4ca180c-chrome-pdf.html","meta":{"rootId":"0qsmb6knlceouf7","id":"0qsmb6knlceouf7"},"id":"jyvzjecswb3v3m8","previousOperationId":"af8es2f2ebfnv9w"}
{"type":"log","timestamp":1701094048418,"level":"debug","message":"Running chrome with params {\"printBackground\":true,\"timeout\":59970,\"margin\":{}}","meta":{"rootId":"0qsmb6knlceouf7","id":"0qsmb6knlceouf7"},"id":"pqdokowjkcrovp3","previousOperationId":"af8es2f2ebfnv9w"}
{"type":"operationEnd","operationId":"af8es2f2ebfnv9w","timestamp":1701094048436,"id":"z2sofpfox4ch9u7","previousEventId":"64y27odl3r9aqfi","previousOperationId":"af8es2f2ebfnv9w"}
{"type":"log","timestamp":1701094048436,"level":"debug","message":"Skipping storing report.","meta":{"rootId":"0qsmb6knlceouf7","id":"0qsmb6knlceouf7"},"id":"ysvigqh1btlbyab","previousOperationId":"af8es2f2ebfnv9w"}
{"type":"log","timestamp":1701094048436,"level":"info","message":"Rendering request 148 finished in 118 ms","meta":{"rootId":"0qsmb6knlceouf7","id":"0qsmb6knlceouf7"},"id":"m6epgvapx2cndfy","previousOperationId":"af8es2f2ebfnv9w"}
{"type":"operationEnd","subtype":"render","operationId":"rkrx75807rjuqpp","timestamp":1701094048436,"id":"rdipm662ex7y7wz","previousEventId":"z2sofpfox4ch9u7","previousOperationId":"af8es2f2ebfnv9w"}
{"type":"operationEnd","doDiffs":false,"previousEventId":"knldqc7flodch09","previousOperationId":"356ua3iambuo5hj","operationId":"356ua3iambuo5hj","timestamp":1701094048437,"id":"q9ttaqz48xct0cs"}
