{"type":"operationStart","subtype":"profile","data":{"_id":"FlcHQWjLY1CFPFNc","timestamp":"2023-11-27T14:09:27.315Z","state":"queued","mode":"standard","creationDate":"2023-11-27T14:09:27.316Z","modificationDate":"2023-11-27T14:09:27.316Z","shortid":"HsfwZyY","$entitySet":"profiles"},"doDiffs":false,"timestamp":1701094167316,"id":"87c4vjbnrqzxqwn","previousOperationId":null,"operationId":"qvvu1mxvzwknh7x"}
{"type":"log","level":"info","message":"Render request 151 queued for execution and waiting for available worker","previousOperationId":"qvvu1mxvzwknh7x","timestamp":1701094167316,"id":"zimlqjxdq525mrr"}
{"type":"operationStart","subtype":"render","name":"sporazum_propratni_akt","previousOperationId":"qvvu1mxvzwknh7x","timestamp":1701094167322,"id":"3euonc3w645lf5d","previousEventId":"87c4vjbnrqzxqwn","operationId":"5yfowr181myy6km"}
{"type":"log","timestamp":1701094167322,"level":"info","message":"Starting rendering request 151","meta":{"rootId":"2y605afzv3ituyt","id":"2y605afzv3ituyt"},"id":"vatsxhnchs3rce6","previousOperationId":"5yfowr181myy6km"}
{"type":"log","timestamp":1701094167322,"level":"info","message":"Rendering template { name: sporazum_propratni_akt, recipe: chrome-pdf, engine: handlebars, preview: true }","meta":{"rootId":"2y605afzv3ituyt","id":"2y605afzv3ituyt"},"id":"c09jd7pzfv7ujc4","previousOperationId":"5yfowr181myy6km"}
{"type":"log","timestamp":1701094167323,"level":"debug","message":"Inline data specified.","meta":{"rootId":"2y605afzv3ituyt","id":"2y605afzv3ituyt"},"id":"vdj86sf0d58hc4r","previousOperationId":"5yfowr181myy6km"}
{"type":"log","timestamp":1701094167324,"level":"debug","message":"Base url not specified, skipping its injection.","meta":{"rootId":"2y605afzv3ituyt","id":"2y605afzv3ituyt"},"id":"wcv18lawcfce2n4","previousOperationId":"5yfowr181myy6km"}
{"type":"operationStart","subtype":"engine","name":"handlebars","timestamp":1701094167324,"id":"14q2n90dbtsdnjq","previousEventId":"3euonc3w645lf5d","operationId":"m5tk9tiz1a6bdca","previousOperationId":"5yfowr181myy6km"}
{"type":"log","timestamp":1701094167324,"level":"debug","message":"Rendering engine handlebars","meta":{"rootId":"2y605afzv3ituyt","id":"2y605afzv3ituyt"},"id":"j35nxbfv37hqoax","previousOperationId":"m5tk9tiz1a6bdca"}
{"type":"operationEnd","operationId":"m5tk9tiz1a6bdca","timestamp":1701094167338,"id":"976g4w35nhaxrrk","previousEventId":"14q2n90dbtsdnjq","previousOperationId":"m5tk9tiz1a6bdca"}
{"type":"operationStart","subtype":"recipe","name":"chrome-pdf","timestamp":1701094167338,"id":"rooza3mk9jykfvu","previousEventId":"976g4w35nhaxrrk","operationId":"vi9i7ytgq5dn2s8","previousOperationId":"m5tk9tiz1a6bdca"}
{"type":"log","timestamp":1701094167338,"level":"debug","message":"Executing recipe chrome-pdf","meta":{"rootId":"2y605afzv3ituyt","id":"2y605afzv3ituyt"},"id":"ip4hjiwhd4emdtz","previousOperationId":"vi9i7ytgq5dn2s8"}
{"type":"log","timestamp":1701094167339,"level":"debug","message":"Converting with chrome HeadlessChrome/117.0.5938.149 using chrome-pool strategy","meta":{"rootId":"2y605afzv3ituyt","id":"2y605afzv3ituyt"},"id":"5g4apwnjqhqmypc","previousOperationId":"vi9i7ytgq5dn2s8"}
{"type":"log","timestamp":1701094167382,"level":"debug","message":"Page request: GET (document) file:///var/folders/dp/qk79pfcj0y1fmtkkl08m76rc0000gn/T/jsreport/autocleanup/5d83ea1c-9029-4d4e-8197-0ade11115a65-chrome-pdf.html","meta":{"rootId":"2y605afzv3ituyt","id":"2y605afzv3ituyt"},"id":"b9ygyvhp2nz6kfj","previousOperationId":"vi9i7ytgq5dn2s8"}
{"type":"log","timestamp":1701094167387,"level":"debug","message":"Page request finished: GET (document) 200 file:///var/folders/dp/qk79pfcj0y1fmtkkl08m76rc0000gn/T/jsreport/autocleanup/5d83ea1c-9029-4d4e-8197-0ade11115a65-chrome-pdf.html","meta":{"rootId":"2y605afzv3ituyt","id":"2y605afzv3ituyt"},"id":"nm26v0o8mdg6nta","previousOperationId":"vi9i7ytgq5dn2s8"}
{"type":"log","timestamp":1701094167400,"level":"debug","message":"Running chrome with params {\"printBackground\":true,\"timeout\":59975,\"margin\":{}}","meta":{"rootId":"2y605afzv3ituyt","id":"2y605afzv3ituyt"},"id":"0fda8gbubuxbluq","previousOperationId":"vi9i7ytgq5dn2s8"}
{"type":"operationEnd","operationId":"vi9i7ytgq5dn2s8","timestamp":1701094167418,"id":"zydn4nxgruwwxcp","previousEventId":"rooza3mk9jykfvu","previousOperationId":"vi9i7ytgq5dn2s8"}
{"type":"log","timestamp":1701094167418,"level":"debug","message":"Skipping storing report.","meta":{"rootId":"2y605afzv3ituyt","id":"2y605afzv3ituyt"},"id":"jbhjuwk9vrwbedl","previousOperationId":"vi9i7ytgq5dn2s8"}
{"type":"log","timestamp":1701094167418,"level":"info","message":"Rendering request 151 finished in 105 ms","meta":{"rootId":"2y605afzv3ituyt","id":"2y605afzv3ituyt"},"id":"e9wx8nw10c59c30","previousOperationId":"vi9i7ytgq5dn2s8"}
{"type":"operationEnd","subtype":"render","operationId":"5yfowr181myy6km","timestamp":1701094167418,"id":"n1fyh8r30jluszo","previousEventId":"zydn4nxgruwwxcp","previousOperationId":"vi9i7ytgq5dn2s8"}
{"type":"operationEnd","doDiffs":false,"previousEventId":"87c4vjbnrqzxqwn","previousOperationId":"qvvu1mxvzwknh7x","operationId":"qvvu1mxvzwknh7x","timestamp":1701094167419,"id":"bjebwo7sinbbxib"}
