{"type":"operationStart","subtype":"profile","data":{"_id":"ogy83ZgMiaWvwU2V","timestamp":"2023-11-27T13:56:10.937Z","state":"queued","mode":"standard","creationDate":"2023-11-27T13:56:10.938Z","modificationDate":"2023-11-27T13:56:10.938Z","shortid":"IAlbGSw","$entitySet":"profiles"},"doDiffs":false,"timestamp":1701093370938,"id":"nnjey5ka21mshn6","previousOperationId":null,"operationId":"9tvt9ta1ofx22v6"}
{"type":"log","level":"info","message":"Render request 131 queued for execution and waiting for available worker","previousOperationId":"9tvt9ta1ofx22v6","timestamp":1701093370938,"id":"hhjijx95fktdx64"}
{"type":"operationStart","subtype":"render","name":"sporazum_propratni_akt","previousOperationId":"9tvt9ta1ofx22v6","timestamp":1701093370947,"id":"60qpq2c7wgxlr0s","previousEventId":"nnjey5ka21mshn6","operationId":"2lyxkh8dod9l2nu"}
{"type":"log","timestamp":1701093370948,"level":"info","message":"Starting rendering request 131","meta":{"rootId":"6ksywcpdls4fxd2","id":"6ksywcpdls4fxd2"},"id":"meuqbputyxqp06r","previousOperationId":"2lyxkh8dod9l2nu"}
{"type":"log","timestamp":1701093370949,"level":"info","message":"Rendering template { name: sporazum_propratni_akt, recipe: chrome-pdf, engine: handlebars, preview: true }","meta":{"rootId":"6ksywcpdls4fxd2","id":"6ksywcpdls4fxd2"},"id":"myrzpxs1aj42fg6","previousOperationId":"2lyxkh8dod9l2nu"}
{"type":"log","timestamp":1701093370950,"level":"debug","message":"Adding sample data 83EwonXCC","meta":{"rootId":"6ksywcpdls4fxd2","id":"6ksywcpdls4fxd2"},"id":"oma0jw7ay0kglah","previousOperationId":"2lyxkh8dod9l2nu"}
{"type":"log","timestamp":1701093370952,"level":"debug","message":"Base url not specified, skipping its injection.","meta":{"rootId":"6ksywcpdls4fxd2","id":"6ksywcpdls4fxd2"},"id":"zpu847dwy36686z","previousOperationId":"2lyxkh8dod9l2nu"}
{"type":"operationStart","subtype":"engine","name":"handlebars","timestamp":1701093370953,"id":"brizh02p88bvqbt","previousEventId":"60qpq2c7wgxlr0s","operationId":"74y8t7kfbilt9a2","previousOperationId":"2lyxkh8dod9l2nu"}
{"type":"log","timestamp":1701093370953,"level":"debug","message":"Rendering engine handlebars","meta":{"rootId":"6ksywcpdls4fxd2","id":"6ksywcpdls4fxd2"},"id":"vqoolsu0o040qs3","previousOperationId":"74y8t7kfbilt9a2"}
{"type":"operationEnd","operationId":"74y8t7kfbilt9a2","timestamp":1701093370970,"id":"4fx0ltdhvq7emu3","previousEventId":"brizh02p88bvqbt","previousOperationId":"74y8t7kfbilt9a2"}
{"type":"operationStart","subtype":"recipe","name":"chrome-pdf","timestamp":1701093370971,"id":"afc1kmsnduty8z8","previousEventId":"4fx0ltdhvq7emu3","operationId":"u89xsdlkm74fk1f","previousOperationId":"74y8t7kfbilt9a2"}
{"type":"log","timestamp":1701093370971,"level":"debug","message":"Executing recipe chrome-pdf","meta":{"rootId":"6ksywcpdls4fxd2","id":"6ksywcpdls4fxd2"},"id":"muq83nrv18u35hu","previousOperationId":"u89xsdlkm74fk1f"}
{"type":"log","timestamp":1701093370972,"level":"debug","message":"Converting with chrome HeadlessChrome/117.0.5938.149 using chrome-pool strategy","meta":{"rootId":"6ksywcpdls4fxd2","id":"6ksywcpdls4fxd2"},"id":"3wloc4ekfqymum7","previousOperationId":"u89xsdlkm74fk1f"}
{"type":"log","timestamp":1701093371035,"level":"debug","message":"Page request: GET (document) file:///var/folders/dp/qk79pfcj0y1fmtkkl08m76rc0000gn/T/jsreport/autocleanup/72aa6259-15c3-4924-8aca-4259fb7f59a3-chrome-pdf.html","meta":{"rootId":"6ksywcpdls4fxd2","id":"6ksywcpdls4fxd2"},"id":"6pbxf20yxm1s9cb","previousOperationId":"u89xsdlkm74fk1f"}
{"type":"log","timestamp":1701093371040,"level":"debug","message":"Page request finished: GET (document) 200 file:///var/folders/dp/qk79pfcj0y1fmtkkl08m76rc0000gn/T/jsreport/autocleanup/72aa6259-15c3-4924-8aca-4259fb7f59a3-chrome-pdf.html","meta":{"rootId":"6ksywcpdls4fxd2","id":"6ksywcpdls4fxd2"},"id":"72kqrpexg248s3c","previousOperationId":"u89xsdlkm74fk1f"}
{"type":"log","timestamp":1701093371046,"level":"debug","message":"Running chrome with params {\"printBackground\":true,\"timeout\":59965,\"margin\":{}}","meta":{"rootId":"6ksywcpdls4fxd2","id":"6ksywcpdls4fxd2"},"id":"bax2s8yt0cgcd6x","previousOperationId":"u89xsdlkm74fk1f"}
{"type":"operationEnd","operationId":"u89xsdlkm74fk1f","timestamp":1701093371067,"id":"f89hawrz2bjifzy","previousEventId":"afc1kmsnduty8z8","previousOperationId":"u89xsdlkm74fk1f"}
{"type":"log","timestamp":1701093371067,"level":"debug","message":"Skipping storing report.","meta":{"rootId":"6ksywcpdls4fxd2","id":"6ksywcpdls4fxd2"},"id":"jt4ra8mj1o59b2r","previousOperationId":"u89xsdlkm74fk1f"}
{"type":"log","timestamp":1701093371067,"level":"info","message":"Rendering request 131 finished in 130 ms","meta":{"rootId":"6ksywcpdls4fxd2","id":"6ksywcpdls4fxd2"},"id":"hfpxdvhjpt1t405","previousOperationId":"u89xsdlkm74fk1f"}
{"type":"operationEnd","subtype":"render","operationId":"2lyxkh8dod9l2nu","timestamp":1701093371067,"id":"fiazec160ogbbsx","previousEventId":"f89hawrz2bjifzy","previousOperationId":"u89xsdlkm74fk1f"}
{"type":"operationEnd","doDiffs":false,"previousEventId":"nnjey5ka21mshn6","previousOperationId":"9tvt9ta1ofx22v6","operationId":"9tvt9ta1ofx22v6","timestamp":1701093371069,"id":"d8r3621nl4qi369"}
