{"type":"operationStart","subtype":"profile","data":{"_id":"O1TOvnmVDz6leYqi","timestamp":"2023-11-27T14:09:05.608Z","state":"queued","mode":"standard","creationDate":"2023-11-27T14:09:05.612Z","modificationDate":"2023-11-27T14:09:05.612Z","shortid":"3mAz23E","$entitySet":"profiles"},"doDiffs":false,"timestamp":1701094145611,"id":"616q3266iz87vt2","previousOperationId":null,"operationId":"cxvhtzh8bp2v74h"}
{"type":"log","level":"info","message":"Render request 150 queued for execution and waiting for available worker","previousOperationId":"cxvhtzh8bp2v74h","timestamp":1701094145612,"id":"9tl7nl097qv6qif"}
{"type":"operationStart","subtype":"render","name":"sporazum_propratni_akt","previousOperationId":"cxvhtzh8bp2v74h","timestamp":1701094145618,"id":"kxwn4uju8jw87ht","previousEventId":"616q3266iz87vt2","operationId":"l7s1xmy9ni0v823"}
{"type":"log","timestamp":1701094145618,"level":"info","message":"Starting rendering request 150","meta":{"rootId":"79xpmfleqfie0a0","id":"79xpmfleqfie0a0"},"id":"lojoj5j8pdj6x7p","previousOperationId":"l7s1xmy9ni0v823"}
{"type":"log","timestamp":1701094145618,"level":"info","message":"Rendering template { name: sporazum_propratni_akt, recipe: chrome-pdf, engine: handlebars, preview: true }","meta":{"rootId":"79xpmfleqfie0a0","id":"79xpmfleqfie0a0"},"id":"88n37ctnvzhsnb5","previousOperationId":"l7s1xmy9ni0v823"}
{"type":"log","timestamp":1701094145619,"level":"debug","message":"Adding sample data 83EwonXCC","meta":{"rootId":"79xpmfleqfie0a0","id":"79xpmfleqfie0a0"},"id":"jrbsnd1oqxfln04","previousOperationId":"l7s1xmy9ni0v823"}
{"type":"log","timestamp":1701094145620,"level":"debug","message":"Base url not specified, skipping its injection.","meta":{"rootId":"79xpmfleqfie0a0","id":"79xpmfleqfie0a0"},"id":"trw9tnms565a4nk","previousOperationId":"l7s1xmy9ni0v823"}
{"type":"operationStart","subtype":"engine","name":"handlebars","timestamp":1701094145620,"id":"qi4bkui3b7ipek5","previousEventId":"kxwn4uju8jw87ht","operationId":"apre9a7kwo2y1nf","previousOperationId":"l7s1xmy9ni0v823"}
{"type":"log","timestamp":1701094145620,"level":"debug","message":"Rendering engine handlebars","meta":{"rootId":"79xpmfleqfie0a0","id":"79xpmfleqfie0a0"},"id":"3xoym4elklhpp1a","previousOperationId":"apre9a7kwo2y1nf"}
{"type":"operationEnd","operationId":"apre9a7kwo2y1nf","timestamp":1701094145632,"id":"m1op1awbj6rh9cl","previousEventId":"qi4bkui3b7ipek5","previousOperationId":"apre9a7kwo2y1nf"}
{"type":"operationStart","subtype":"recipe","name":"chrome-pdf","timestamp":1701094145632,"id":"5exvd45kf05ahml","previousEventId":"m1op1awbj6rh9cl","operationId":"hct5zaxcwp5ja1w","previousOperationId":"apre9a7kwo2y1nf"}
{"type":"log","timestamp":1701094145632,"level":"debug","message":"Executing recipe chrome-pdf","meta":{"rootId":"79xpmfleqfie0a0","id":"79xpmfleqfie0a0"},"id":"5miy0fwdstvrwir","previousOperationId":"hct5zaxcwp5ja1w"}
{"type":"log","timestamp":1701094145635,"level":"debug","message":"Converting with chrome HeadlessChrome/117.0.5938.149 using chrome-pool strategy","meta":{"rootId":"79xpmfleqfie0a0","id":"79xpmfleqfie0a0"},"id":"w78286p0e3wb5nb","previousOperationId":"hct5zaxcwp5ja1w"}
{"type":"log","timestamp":1701094145687,"level":"debug","message":"Page request: GET (document) file:///var/folders/dp/qk79pfcj0y1fmtkkl08m76rc0000gn/T/jsreport/autocleanup/f6388fb3-cc42-4657-a640-748a83056304-chrome-pdf.html","meta":{"rootId":"79xpmfleqfie0a0","id":"79xpmfleqfie0a0"},"id":"i19ao68ct44ntxb","previousOperationId":"hct5zaxcwp5ja1w"}
{"type":"log","timestamp":1701094145692,"level":"debug","message":"Page request finished: GET (document) 200 file:///var/folders/dp/qk79pfcj0y1fmtkkl08m76rc0000gn/T/jsreport/autocleanup/f6388fb3-cc42-4657-a640-748a83056304-chrome-pdf.html","meta":{"rootId":"79xpmfleqfie0a0","id":"79xpmfleqfie0a0"},"id":"6ry85v8utbpo9q3","previousOperationId":"hct5zaxcwp5ja1w"}
{"type":"log","timestamp":1701094145703,"level":"debug","message":"Running chrome with params {\"printBackground\":true,\"timeout\":59974,\"margin\":{}}","meta":{"rootId":"79xpmfleqfie0a0","id":"79xpmfleqfie0a0"},"id":"97x3zg8twi44pm8","previousOperationId":"hct5zaxcwp5ja1w"}
{"type":"operationEnd","operationId":"hct5zaxcwp5ja1w","timestamp":1701094145718,"id":"f6pq4hyku2xxgns","previousEventId":"5exvd45kf05ahml","previousOperationId":"hct5zaxcwp5ja1w"}
{"type":"log","timestamp":1701094145718,"level":"debug","message":"Skipping storing report.","meta":{"rootId":"79xpmfleqfie0a0","id":"79xpmfleqfie0a0"},"id":"bpcn9embvrlb98b","previousOperationId":"hct5zaxcwp5ja1w"}
{"type":"log","timestamp":1701094145718,"level":"info","message":"Rendering request 150 finished in 110 ms","meta":{"rootId":"79xpmfleqfie0a0","id":"79xpmfleqfie0a0"},"id":"cbf8077rxzqehn0","previousOperationId":"hct5zaxcwp5ja1w"}
{"type":"operationEnd","subtype":"render","operationId":"l7s1xmy9ni0v823","timestamp":1701094145718,"id":"5pqmsku21hywsvu","previousEventId":"f6pq4hyku2xxgns","previousOperationId":"hct5zaxcwp5ja1w"}
{"type":"operationEnd","doDiffs":false,"previousEventId":"616q3266iz87vt2","previousOperationId":"cxvhtzh8bp2v74h","operationId":"cxvhtzh8bp2v74h","timestamp":1701094145719,"id":"nve1fm84v63368s"}
