{"type":"operationStart","subtype":"profile","data":{"_id":"bfnBkLDsvEdKpMxY","timestamp":"2023-11-27T14:06:57.720Z","state":"queued","mode":"standard","creationDate":"2023-11-27T14:06:57.721Z","modificationDate":"2023-11-27T14:06:57.721Z","shortid":"EfuQwBl","$entitySet":"profiles"},"doDiffs":false,"timestamp":1701094017721,"id":"9iqtwdfxaptanc2","previousOperationId":null,"operationId":"d100rh11q1mcwi5"}
{"type":"log","level":"info","message":"Render request 147 queued for execution and waiting for available worker","previousOperationId":"d100rh11q1mcwi5","timestamp":1701094017721,"id":"5mevys204tly2xw"}
{"type":"operationStart","subtype":"render","name":"sporazum_propratni_akt","previousOperationId":"d100rh11q1mcwi5","timestamp":1701094017733,"id":"d3nf5htiovulssg","previousEventId":"9iqtwdfxaptanc2","operationId":"paps8mc8xzdxp7r"}
{"type":"log","timestamp":1701094017734,"level":"info","message":"Starting rendering request 147","meta":{"rootId":"aakcigjo0ur7efa","id":"aakcigjo0ur7efa"},"id":"2hsasd02k8rs5ic","previousOperationId":"paps8mc8xzdxp7r"}
{"type":"log","timestamp":1701094017734,"level":"info","message":"Rendering template { name: sporazum_propratni_akt, recipe: chrome-pdf, engine: handlebars, preview: true }","meta":{"rootId":"aakcigjo0ur7efa","id":"aakcigjo0ur7efa"},"id":"huspbttu3q38u68","previousOperationId":"paps8mc8xzdxp7r"}
{"type":"log","timestamp":1701094017737,"level":"debug","message":"Inline data specified.","meta":{"rootId":"aakcigjo0ur7efa","id":"aakcigjo0ur7efa"},"id":"tbpem89e521qmqr","previousOperationId":"paps8mc8xzdxp7r"}
{"type":"log","timestamp":1701094017738,"level":"debug","message":"Base url not specified, skipping its injection.","meta":{"rootId":"aakcigjo0ur7efa","id":"aakcigjo0ur7efa"},"id":"6peggj7eyvio8v2","previousOperationId":"paps8mc8xzdxp7r"}
{"type":"operationStart","subtype":"engine","name":"handlebars","timestamp":1701094017738,"id":"bw4rvziudty2ff8","previousEventId":"d3nf5htiovulssg","operationId":"ilq1cdqtp3526ff","previousOperationId":"paps8mc8xzdxp7r"}
{"type":"log","timestamp":1701094017738,"level":"debug","message":"Rendering engine handlebars","meta":{"rootId":"aakcigjo0ur7efa","id":"aakcigjo0ur7efa"},"id":"5l0jwuscwfzr8rw","previousOperationId":"ilq1cdqtp3526ff"}
{"type":"operationEnd","operationId":"ilq1cdqtp3526ff","timestamp":1701094017748,"id":"pzbudv86lwhi8fh","previousEventId":"bw4rvziudty2ff8","previousOperationId":"ilq1cdqtp3526ff"}
{"type":"operationStart","subtype":"recipe","name":"chrome-pdf","timestamp":1701094017748,"id":"ie5y0jkl2xc4w4i","previousEventId":"pzbudv86lwhi8fh","operationId":"hvibcz869clyrzm","previousOperationId":"ilq1cdqtp3526ff"}
{"type":"log","timestamp":1701094017748,"level":"debug","message":"Executing recipe chrome-pdf","meta":{"rootId":"aakcigjo0ur7efa","id":"aakcigjo0ur7efa"},"id":"0ezo3ur4lahu2lc","previousOperationId":"hvibcz869clyrzm"}
{"type":"log","timestamp":1701094017751,"level":"debug","message":"Converting with chrome HeadlessChrome/117.0.5938.149 using chrome-pool strategy","meta":{"rootId":"aakcigjo0ur7efa","id":"aakcigjo0ur7efa"},"id":"0c86ub29k73asa7","previousOperationId":"hvibcz869clyrzm"}
{"type":"log","timestamp":1701094017800,"level":"debug","message":"Page request: GET (document) file:///var/folders/dp/qk79pfcj0y1fmtkkl08m76rc0000gn/T/jsreport/autocleanup/fa35540f-0e71-444a-8f64-e3ecc46d31cc-chrome-pdf.html","meta":{"rootId":"aakcigjo0ur7efa","id":"aakcigjo0ur7efa"},"id":"74ly23q9xqp9rma","previousOperationId":"hvibcz869clyrzm"}
{"type":"log","timestamp":1701094017805,"level":"debug","message":"Page request finished: GET (document) 200 file:///var/folders/dp/qk79pfcj0y1fmtkkl08m76rc0000gn/T/jsreport/autocleanup/fa35540f-0e71-444a-8f64-e3ecc46d31cc-chrome-pdf.html","meta":{"rootId":"aakcigjo0ur7efa","id":"aakcigjo0ur7efa"},"id":"6gguofizabyggs6","previousOperationId":"hvibcz869clyrzm"}
{"type":"log","timestamp":1701094017815,"level":"debug","message":"Running chrome with params {\"printBackground\":true,\"timeout\":59970,\"margin\":{}}","meta":{"rootId":"aakcigjo0ur7efa","id":"aakcigjo0ur7efa"},"id":"p8smytqnl8632yr","previousOperationId":"hvibcz869clyrzm"}
{"type":"operationEnd","operationId":"hvibcz869clyrzm","timestamp":1701094017832,"id":"hqolytay3odzniy","previousEventId":"ie5y0jkl2xc4w4i","previousOperationId":"hvibcz869clyrzm"}
{"type":"log","timestamp":1701094017833,"level":"debug","message":"Skipping storing report.","meta":{"rootId":"aakcigjo0ur7efa","id":"aakcigjo0ur7efa"},"id":"w2aracfabp5r3z4","previousOperationId":"hvibcz869clyrzm"}
{"type":"log","timestamp":1701094017833,"level":"info","message":"Rendering request 147 finished in 114 ms","meta":{"rootId":"aakcigjo0ur7efa","id":"aakcigjo0ur7efa"},"id":"95on691i4kow24e","previousOperationId":"hvibcz869clyrzm"}
{"type":"operationEnd","subtype":"render","operationId":"paps8mc8xzdxp7r","timestamp":1701094017833,"id":"duvhl1t6q763rxq","previousEventId":"hqolytay3odzniy","previousOperationId":"hvibcz869clyrzm"}
{"type":"operationEnd","doDiffs":false,"previousEventId":"9iqtwdfxaptanc2","previousOperationId":"d100rh11q1mcwi5","operationId":"d100rh11q1mcwi5","timestamp":1701094017834,"id":"87p7yk07pzgvb2j"}
