{"type":"operationStart","subtype":"profile","data":{"_id":"Kj3SNlgaKhN5H38B","timestamp":"2023-11-27T14:01:43.298Z","state":"queued","mode":"standard","creationDate":"2023-11-27T14:01:43.300Z","modificationDate":"2023-11-27T14:01:43.300Z","shortid":"L5b_QUA","$entitySet":"profiles"},"doDiffs":false,"timestamp":1701093703299,"id":"03n7xe0dznkypmq","previousOperationId":null,"operationId":"dhyi62pkzmed9jf"}
{"type":"log","level":"info","message":"Render request 143 queued for execution and waiting for available worker","previousOperationId":"dhyi62pkzmed9jf","timestamp":1701093703299,"id":"q1bzynsg075ckyk"}
{"type":"operationStart","subtype":"render","name":"sporazum_propratni_akt","previousOperationId":"dhyi62pkzmed9jf","timestamp":1701093703320,"id":"z1mhrwu09oayjnf","previousEventId":"03n7xe0dznkypmq","operationId":"hbcucw8684t4oot"}
{"type":"log","timestamp":1701093703320,"level":"info","message":"Starting rendering request 143","meta":{"rootId":"c7lmqr0789933cy","id":"c7lmqr0789933cy"},"id":"26g02ksuumfyxy3","previousOperationId":"hbcucw8684t4oot"}
{"type":"log","timestamp":1701093703321,"level":"info","message":"Rendering template { name: sporazum_propratni_akt, recipe: chrome-pdf, engine: handlebars, preview: true }","meta":{"rootId":"c7lmqr0789933cy","id":"c7lmqr0789933cy"},"id":"vt8kiq6k7mwyal7","previousOperationId":"hbcucw8684t4oot"}
{"type":"log","timestamp":1701093703322,"level":"debug","message":"Inline data specified.","meta":{"rootId":"c7lmqr0789933cy","id":"c7lmqr0789933cy"},"id":"g4pu5qjm3m0q63c","previousOperationId":"hbcucw8684t4oot"}
{"type":"log","timestamp":1701093703323,"level":"debug","message":"Base url not specified, skipping its injection.","meta":{"rootId":"c7lmqr0789933cy","id":"c7lmqr0789933cy"},"id":"w1mtlxb4x9udm5m","previousOperationId":"hbcucw8684t4oot"}
{"type":"operationStart","subtype":"engine","name":"handlebars","timestamp":1701093703324,"id":"h3lk1indfbvbhhs","previousEventId":"z1mhrwu09oayjnf","operationId":"v27155drav17ybe","previousOperationId":"hbcucw8684t4oot"}
{"type":"log","timestamp":1701093703324,"level":"debug","message":"Rendering engine handlebars","meta":{"rootId":"c7lmqr0789933cy","id":"c7lmqr0789933cy"},"id":"02isqgixuwu7obm","previousOperationId":"v27155drav17ybe"}
{"type":"operationEnd","operationId":"v27155drav17ybe","timestamp":1701093703331,"id":"ndxc1ens95utf36","previousEventId":"h3lk1indfbvbhhs","previousOperationId":"v27155drav17ybe"}
{"type":"operationStart","subtype":"recipe","name":"chrome-pdf","timestamp":1701093703331,"id":"dlamnzdmabr0qdl","previousEventId":"ndxc1ens95utf36","operationId":"kgospdmg5i3el5g","previousOperationId":"v27155drav17ybe"}
{"type":"log","timestamp":1701093703331,"level":"debug","message":"Executing recipe chrome-pdf","meta":{"rootId":"c7lmqr0789933cy","id":"c7lmqr0789933cy"},"id":"i40bll46phqbowu","previousOperationId":"kgospdmg5i3el5g"}
{"type":"log","timestamp":1701093703333,"level":"debug","message":"Converting with chrome HeadlessChrome/117.0.5938.149 using chrome-pool strategy","meta":{"rootId":"c7lmqr0789933cy","id":"c7lmqr0789933cy"},"id":"pol7m3qzaeg6hm6","previousOperationId":"kgospdmg5i3el5g"}
{"type":"log","timestamp":1701093703375,"level":"debug","message":"Page request: GET (document) file:///var/folders/dp/qk79pfcj0y1fmtkkl08m76rc0000gn/T/jsreport/autocleanup/41c38d56-e3a5-4f2d-9491-684e16bd6a9f-chrome-pdf.html","meta":{"rootId":"c7lmqr0789933cy","id":"c7lmqr0789933cy"},"id":"th68ayinod61t4g","previousOperationId":"kgospdmg5i3el5g"}
{"type":"log","timestamp":1701093703380,"level":"debug","message":"Page request finished: GET (document) 200 file:///var/folders/dp/qk79pfcj0y1fmtkkl08m76rc0000gn/T/jsreport/autocleanup/41c38d56-e3a5-4f2d-9491-684e16bd6a9f-chrome-pdf.html","meta":{"rootId":"c7lmqr0789933cy","id":"c7lmqr0789933cy"},"id":"dic8298l8fzjrk2","previousOperationId":"kgospdmg5i3el5g"}
{"type":"log","timestamp":1701093703392,"level":"debug","message":"Running chrome with params {\"printBackground\":true,\"timeout\":59966,\"margin\":{}}","meta":{"rootId":"c7lmqr0789933cy","id":"c7lmqr0789933cy"},"id":"pe6kw0oo2ndh1vt","previousOperationId":"kgospdmg5i3el5g"}
{"type":"operationEnd","operationId":"kgospdmg5i3el5g","timestamp":1701093703410,"id":"l5cutlf28xj0a9d","previousEventId":"dlamnzdmabr0qdl","previousOperationId":"kgospdmg5i3el5g"}
{"type":"log","timestamp":1701093703410,"level":"debug","message":"Skipping storing report.","meta":{"rootId":"c7lmqr0789933cy","id":"c7lmqr0789933cy"},"id":"a7hd7ijsy41ni8i","previousOperationId":"kgospdmg5i3el5g"}
{"type":"log","timestamp":1701093703411,"level":"info","message":"Rendering request 143 finished in 113 ms","meta":{"rootId":"c7lmqr0789933cy","id":"c7lmqr0789933cy"},"id":"r0ducc9uiac8v9j","previousOperationId":"kgospdmg5i3el5g"}
{"type":"operationEnd","subtype":"render","operationId":"hbcucw8684t4oot","timestamp":1701093703411,"id":"598vjwfyhqvlxq1","previousEventId":"l5cutlf28xj0a9d","previousOperationId":"kgospdmg5i3el5g"}
{"type":"operationEnd","doDiffs":false,"previousEventId":"03n7xe0dznkypmq","previousOperationId":"dhyi62pkzmed9jf","operationId":"dhyi62pkzmed9jf","timestamp":1701093703411,"id":"06dx3orx89ul3lw"}
