{"type":"operationStart","subtype":"profile","data":{"_id":"4yZio6lFrsMtCOxy","timestamp":"2023-11-27T13:59:57.140Z","state":"queued","mode":"standard","creationDate":"2023-11-27T13:59:57.141Z","modificationDate":"2023-11-27T13:59:57.141Z","shortid":"GG68seB","$entitySet":"profiles"},"doDiffs":false,"timestamp":1701093597141,"id":"0207n8jxx5z6q77","previousOperationId":null,"operationId":"9t9vefuooq624un"}
{"type":"log","level":"info","message":"Render request 139 queued for execution and waiting for available worker","previousOperationId":"9t9vefuooq624un","timestamp":1701093597141,"id":"8roe0b9w00fe573"}
{"type":"operationStart","subtype":"render","name":"sporazum_propratni_akt","previousOperationId":"9t9vefuooq624un","timestamp":1701093597148,"id":"6m0l04bkksn7ips","previousEventId":"0207n8jxx5z6q77","operationId":"qwuim0vhwtl6nsr"}
{"type":"log","timestamp":1701093597148,"level":"info","message":"Starting rendering request 139","meta":{"rootId":"chx9haxo6d5rmza","id":"chx9haxo6d5rmza"},"id":"5osiadad979x97w","previousOperationId":"qwuim0vhwtl6nsr"}
{"type":"log","timestamp":1701093597148,"level":"info","message":"Rendering template { name: sporazum_propratni_akt, recipe: chrome-pdf, engine: handlebars, preview: true }","meta":{"rootId":"chx9haxo6d5rmza","id":"chx9haxo6d5rmza"},"id":"6qwnomcobv7vq5g","previousOperationId":"qwuim0vhwtl6nsr"}
{"type":"log","timestamp":1701093597148,"level":"debug","message":"Inline data specified.","meta":{"rootId":"chx9haxo6d5rmza","id":"chx9haxo6d5rmza"},"id":"z8g09r0mvwk683g","previousOperationId":"qwuim0vhwtl6nsr"}
{"type":"log","timestamp":1701093597149,"level":"debug","message":"Base url not specified, skipping its injection.","meta":{"rootId":"chx9haxo6d5rmza","id":"chx9haxo6d5rmza"},"id":"s0wxntnq8xb1s0d","previousOperationId":"qwuim0vhwtl6nsr"}
{"type":"operationStart","subtype":"engine","name":"handlebars","timestamp":1701093597149,"id":"r8v8n43ikyvb52w","previousEventId":"6m0l04bkksn7ips","operationId":"41pgdfy9fyl9bz9","previousOperationId":"qwuim0vhwtl6nsr"}
{"type":"log","timestamp":1701093597149,"level":"debug","message":"Rendering engine handlebars","meta":{"rootId":"chx9haxo6d5rmza","id":"chx9haxo6d5rmza"},"id":"ksx2ryzs7xgsvol","previousOperationId":"41pgdfy9fyl9bz9"}
{"type":"operationEnd","operationId":"41pgdfy9fyl9bz9","timestamp":1701093597166,"id":"cs6aa2dy85mevde","previousEventId":"r8v8n43ikyvb52w","previousOperationId":"41pgdfy9fyl9bz9"}
{"type":"operationStart","subtype":"recipe","name":"chrome-pdf","timestamp":1701093597166,"id":"r9ovbg2uwqinz7i","previousEventId":"cs6aa2dy85mevde","operationId":"u24587shrsp4nj2","previousOperationId":"41pgdfy9fyl9bz9"}
{"type":"log","timestamp":1701093597166,"level":"debug","message":"Executing recipe chrome-pdf","meta":{"rootId":"chx9haxo6d5rmza","id":"chx9haxo6d5rmza"},"id":"pvuvwjmgpvb8sdw","previousOperationId":"u24587shrsp4nj2"}
{"type":"log","timestamp":1701093597167,"level":"debug","message":"Converting with chrome HeadlessChrome/117.0.5938.149 using chrome-pool strategy","meta":{"rootId":"chx9haxo6d5rmza","id":"chx9haxo6d5rmza"},"id":"ougdpn1nsook9en","previousOperationId":"u24587shrsp4nj2"}
{"type":"log","timestamp":1701093597216,"level":"debug","message":"Page request: GET (document) file:///var/folders/dp/qk79pfcj0y1fmtkkl08m76rc0000gn/T/jsreport/autocleanup/1508362b-0d16-4da8-b4a6-5861d3abf4a9-chrome-pdf.html","meta":{"rootId":"chx9haxo6d5rmza","id":"chx9haxo6d5rmza"},"id":"1h505z0sju0j9jb","previousOperationId":"u24587shrsp4nj2"}
{"type":"log","timestamp":1701093597227,"level":"debug","message":"Page request finished: GET (document) 200 file:///var/folders/dp/qk79pfcj0y1fmtkkl08m76rc0000gn/T/jsreport/autocleanup/1508362b-0d16-4da8-b4a6-5861d3abf4a9-chrome-pdf.html","meta":{"rootId":"chx9haxo6d5rmza","id":"chx9haxo6d5rmza"},"id":"u3byq7g1ghoxxuq","previousOperationId":"u24587shrsp4nj2"}
{"type":"log","timestamp":1701093597236,"level":"debug","message":"Running chrome with params {\"printBackground\":true,\"timeout\":59973,\"margin\":{}}","meta":{"rootId":"chx9haxo6d5rmza","id":"chx9haxo6d5rmza"},"id":"d61mp284ht95bz4","previousOperationId":"u24587shrsp4nj2"}
{"type":"operationEnd","operationId":"u24587shrsp4nj2","timestamp":1701093597256,"id":"iibep7w58dyforx","previousEventId":"r9ovbg2uwqinz7i","previousOperationId":"u24587shrsp4nj2"}
{"type":"log","timestamp":1701093597256,"level":"debug","message":"Skipping storing report.","meta":{"rootId":"chx9haxo6d5rmza","id":"chx9haxo6d5rmza"},"id":"e096sfd0kwdvszj","previousOperationId":"u24587shrsp4nj2"}
{"type":"log","timestamp":1701093597256,"level":"info","message":"Rendering request 139 finished in 116 ms","meta":{"rootId":"chx9haxo6d5rmza","id":"chx9haxo6d5rmza"},"id":"6oadi1szy5fqqin","previousOperationId":"u24587shrsp4nj2"}
{"type":"operationEnd","subtype":"render","operationId":"qwuim0vhwtl6nsr","timestamp":1701093597256,"id":"ogdfdjc4wbcbd1p","previousEventId":"iibep7w58dyforx","previousOperationId":"u24587shrsp4nj2"}
{"type":"operationEnd","doDiffs":false,"previousEventId":"0207n8jxx5z6q77","previousOperationId":"9t9vefuooq624un","operationId":"9t9vefuooq624un","timestamp":1701093597257,"id":"wjjfmp8cc3qn3a6"}
