{"type":"operationStart","subtype":"profile","data":{"_id":"ZBHoCyJEiCHiX2Rz","timestamp":"2023-11-27T13:58:48.024Z","state":"queued","mode":"standard","creationDate":"2023-11-27T13:58:48.026Z","modificationDate":"2023-11-27T13:58:48.026Z","shortid":"dLD_QNB","$entitySet":"profiles"},"doDiffs":false,"timestamp":1701093528025,"id":"li7qrssb68wiq3s","previousOperationId":null,"operationId":"69cclw43ufst186"}
{"type":"log","level":"info","message":"Render request 137 queued for execution and waiting for available worker","previousOperationId":"69cclw43ufst186","timestamp":1701093528025,"id":"7kgvo5upejn56ik"}
{"type":"operationStart","subtype":"render","name":"sporazum_propratni_akt","previousOperationId":"69cclw43ufst186","timestamp":1701093528040,"id":"1brnzkutoqz0zao","previousEventId":"li7qrssb68wiq3s","operationId":"8lwjmydihl865tc"}
{"type":"log","timestamp":1701093528041,"level":"info","message":"Starting rendering request 137","meta":{"rootId":"e7zyfpqunhjltzv","id":"e7zyfpqunhjltzv"},"id":"u1u02huah82hsvq","previousOperationId":"8lwjmydihl865tc"}
{"type":"log","timestamp":1701093528041,"level":"info","message":"Rendering template { name: sporazum_propratni_akt, recipe: chrome-pdf, engine: handlebars, preview: true }","meta":{"rootId":"e7zyfpqunhjltzv","id":"e7zyfpqunhjltzv"},"id":"rq2ljyz1nfwbo1n","previousOperationId":"8lwjmydihl865tc"}
{"type":"log","timestamp":1701093528041,"level":"debug","message":"Inline data specified.","meta":{"rootId":"e7zyfpqunhjltzv","id":"e7zyfpqunhjltzv"},"id":"g3c91zovfavdfsa","previousOperationId":"8lwjmydihl865tc"}
{"type":"log","timestamp":1701093528046,"level":"debug","message":"Base url not specified, skipping its injection.","meta":{"rootId":"e7zyfpqunhjltzv","id":"e7zyfpqunhjltzv"},"id":"wcs3rge7i4wsufe","previousOperationId":"8lwjmydihl865tc"}
{"type":"operationStart","subtype":"engine","name":"handlebars","timestamp":1701093528046,"id":"pztsueijjqssfg8","previousEventId":"1brnzkutoqz0zao","operationId":"47av5i2ypa3qopl","previousOperationId":"8lwjmydihl865tc"}
{"type":"log","timestamp":1701093528046,"level":"debug","message":"Rendering engine handlebars","meta":{"rootId":"e7zyfpqunhjltzv","id":"e7zyfpqunhjltzv"},"id":"50nyl5eqrj60qln","previousOperationId":"47av5i2ypa3qopl"}
{"type":"operationEnd","operationId":"47av5i2ypa3qopl","timestamp":1701093528061,"id":"254zp5yv6w2p7cg","previousEventId":"pztsueijjqssfg8","previousOperationId":"47av5i2ypa3qopl"}
{"type":"operationStart","subtype":"recipe","name":"chrome-pdf","timestamp":1701093528061,"id":"ii0bhosa1981qqk","previousEventId":"254zp5yv6w2p7cg","operationId":"9c3l2oriyrbxkv0","previousOperationId":"47av5i2ypa3qopl"}
{"type":"log","timestamp":1701093528061,"level":"debug","message":"Executing recipe chrome-pdf","meta":{"rootId":"e7zyfpqunhjltzv","id":"e7zyfpqunhjltzv"},"id":"oncvuuwz65yssmm","previousOperationId":"9c3l2oriyrbxkv0"}
{"type":"log","timestamp":1701093528063,"level":"debug","message":"Converting with chrome HeadlessChrome/117.0.5938.149 using chrome-pool strategy","meta":{"rootId":"e7zyfpqunhjltzv","id":"e7zyfpqunhjltzv"},"id":"9ymm1127zik3t09","previousOperationId":"9c3l2oriyrbxkv0"}
{"type":"log","timestamp":1701093528117,"level":"debug","message":"Page request: GET (document) file:///var/folders/dp/qk79pfcj0y1fmtkkl08m76rc0000gn/T/jsreport/autocleanup/27d11919-9b13-440a-a85f-7471293d29bf-chrome-pdf.html","meta":{"rootId":"e7zyfpqunhjltzv","id":"e7zyfpqunhjltzv"},"id":"d57oexbksevwt2k","previousOperationId":"9c3l2oriyrbxkv0"}
{"type":"log","timestamp":1701093528121,"level":"debug","message":"Page request finished: GET (document) 200 file:///var/folders/dp/qk79pfcj0y1fmtkkl08m76rc0000gn/T/jsreport/autocleanup/27d11919-9b13-440a-a85f-7471293d29bf-chrome-pdf.html","meta":{"rootId":"e7zyfpqunhjltzv","id":"e7zyfpqunhjltzv"},"id":"g51mksxqzrmkt7o","previousOperationId":"9c3l2oriyrbxkv0"}
{"type":"log","timestamp":1701093528133,"level":"debug","message":"Running chrome with params {\"printBackground\":true,\"timeout\":59961,\"margin\":{}}","meta":{"rootId":"e7zyfpqunhjltzv","id":"e7zyfpqunhjltzv"},"id":"0441iq7nfpp9zw3","previousOperationId":"9c3l2oriyrbxkv0"}
{"type":"operationEnd","operationId":"9c3l2oriyrbxkv0","timestamp":1701093528149,"id":"zi8qq0l9mvitadl","previousEventId":"ii0bhosa1981qqk","previousOperationId":"9c3l2oriyrbxkv0"}
{"type":"log","timestamp":1701093528149,"level":"debug","message":"Skipping storing report.","meta":{"rootId":"e7zyfpqunhjltzv","id":"e7zyfpqunhjltzv"},"id":"a0ctpbjwhqeintb","previousOperationId":"9c3l2oriyrbxkv0"}
{"type":"log","timestamp":1701093528149,"level":"info","message":"Rendering request 137 finished in 125 ms","meta":{"rootId":"e7zyfpqunhjltzv","id":"e7zyfpqunhjltzv"},"id":"a8tnyuruwqpwbo6","previousOperationId":"9c3l2oriyrbxkv0"}
{"type":"operationEnd","subtype":"render","operationId":"8lwjmydihl865tc","timestamp":1701093528149,"id":"nokvjvrw71d6ouo","previousEventId":"zi8qq0l9mvitadl","previousOperationId":"9c3l2oriyrbxkv0"}
{"type":"operationEnd","doDiffs":false,"previousEventId":"li7qrssb68wiq3s","previousOperationId":"69cclw43ufst186","operationId":"69cclw43ufst186","timestamp":1701093528150,"id":"6czsvdrh5qpvpct"}
