{"type":"operationStart","subtype":"profile","data":{"_id":"pmqB2pkM0gIVet8w","timestamp":"2023-11-27T14:00:49.712Z","state":"queued","mode":"standard","creationDate":"2023-11-27T14:00:49.714Z","modificationDate":"2023-11-27T14:00:49.714Z","shortid":"5Id-eZt","$entitySet":"profiles"},"doDiffs":false,"timestamp":1701093649713,"id":"wjbsvoeihqbftzk","previousOperationId":null,"operationId":"qrjp0tqpdimn8s8"}
{"type":"log","level":"info","message":"Render request 140 queued for execution and waiting for available worker","previousOperationId":"qrjp0tqpdimn8s8","timestamp":1701093649713,"id":"6jyp3rpktjz3vrj"}
{"type":"operationStart","subtype":"render","name":"sporazum_propratni_akt","previousOperationId":"qrjp0tqpdimn8s8","timestamp":1701093649725,"id":"nezvyr2ufsgrxxk","previousEventId":"wjbsvoeihqbftzk","operationId":"o5l9lhtc8x9sj5n"}
{"type":"log","timestamp":1701093649725,"level":"info","message":"Starting rendering request 140","meta":{"rootId":"f0e3oo0hznskcre","id":"f0e3oo0hznskcre"},"id":"gnu945gxmvhih34","previousOperationId":"o5l9lhtc8x9sj5n"}
{"type":"log","timestamp":1701093649726,"level":"info","message":"Rendering template { name: sporazum_propratni_akt, recipe: chrome-pdf, engine: handlebars, preview: true }","meta":{"rootId":"f0e3oo0hznskcre","id":"f0e3oo0hznskcre"},"id":"7xtgayuobr05pcp","previousOperationId":"o5l9lhtc8x9sj5n"}
{"type":"log","timestamp":1701093649727,"level":"debug","message":"Inline data specified.","meta":{"rootId":"f0e3oo0hznskcre","id":"f0e3oo0hznskcre"},"id":"0jdlkq4c00fxox2","previousOperationId":"o5l9lhtc8x9sj5n"}
{"type":"log","timestamp":1701093649730,"level":"debug","message":"Base url not specified, skipping its injection.","meta":{"rootId":"f0e3oo0hznskcre","id":"f0e3oo0hznskcre"},"id":"1d9qbs3gxtb5nw5","previousOperationId":"o5l9lhtc8x9sj5n"}
{"type":"operationStart","subtype":"engine","name":"handlebars","timestamp":1701093649730,"id":"9rsidp3fxya6hmv","previousEventId":"nezvyr2ufsgrxxk","operationId":"zm63tdg1zf8chpg","previousOperationId":"o5l9lhtc8x9sj5n"}
{"type":"log","timestamp":1701093649730,"level":"debug","message":"Rendering engine handlebars","meta":{"rootId":"f0e3oo0hznskcre","id":"f0e3oo0hznskcre"},"id":"f2o02j93vmuivdj","previousOperationId":"zm63tdg1zf8chpg"}
{"type":"operationEnd","operationId":"zm63tdg1zf8chpg","timestamp":1701093649741,"id":"jm7wwb6em527bhf","previousEventId":"9rsidp3fxya6hmv","previousOperationId":"zm63tdg1zf8chpg"}
{"type":"operationStart","subtype":"recipe","name":"chrome-pdf","timestamp":1701093649742,"id":"7ppwej1jfxhcoqr","previousEventId":"jm7wwb6em527bhf","operationId":"0pilrm94cvoz6n7","previousOperationId":"zm63tdg1zf8chpg"}
{"type":"log","timestamp":1701093649742,"level":"debug","message":"Executing recipe chrome-pdf","meta":{"rootId":"f0e3oo0hznskcre","id":"f0e3oo0hznskcre"},"id":"s1buyuqln7424ae","previousOperationId":"0pilrm94cvoz6n7"}
{"type":"log","timestamp":1701093649743,"level":"debug","message":"Converting with chrome HeadlessChrome/117.0.5938.149 using chrome-pool strategy","meta":{"rootId":"f0e3oo0hznskcre","id":"f0e3oo0hznskcre"},"id":"l1aagpxmbqrm790","previousOperationId":"0pilrm94cvoz6n7"}
{"type":"log","timestamp":1701093649800,"level":"debug","message":"Page request: GET (document) file:///var/folders/dp/qk79pfcj0y1fmtkkl08m76rc0000gn/T/jsreport/autocleanup/90ddf722-37ea-4d04-9c2e-28129416d2ed-chrome-pdf.html","meta":{"rootId":"f0e3oo0hznskcre","id":"f0e3oo0hznskcre"},"id":"6ws3u100jizmx6u","previousOperationId":"0pilrm94cvoz6n7"}
{"type":"log","timestamp":1701093649804,"level":"debug","message":"Page request finished: GET (document) 200 file:///var/folders/dp/qk79pfcj0y1fmtkkl08m76rc0000gn/T/jsreport/autocleanup/90ddf722-37ea-4d04-9c2e-28129416d2ed-chrome-pdf.html","meta":{"rootId":"f0e3oo0hznskcre","id":"f0e3oo0hznskcre"},"id":"c458btlfoutqxgj","previousOperationId":"0pilrm94cvoz6n7"}
{"type":"log","timestamp":1701093649817,"level":"debug","message":"Running chrome with params {\"printBackground\":true,\"timeout\":59970,\"margin\":{}}","meta":{"rootId":"f0e3oo0hznskcre","id":"f0e3oo0hznskcre"},"id":"m4npsud583znqta","previousOperationId":"0pilrm94cvoz6n7"}
{"type":"operationEnd","operationId":"0pilrm94cvoz6n7","timestamp":1701093649836,"id":"zrpl1kube2nx7j2","previousEventId":"7ppwej1jfxhcoqr","previousOperationId":"0pilrm94cvoz6n7"}
{"type":"log","timestamp":1701093649836,"level":"debug","message":"Skipping storing report.","meta":{"rootId":"f0e3oo0hznskcre","id":"f0e3oo0hznskcre"},"id":"1ncefve4nyhaoo8","previousOperationId":"0pilrm94cvoz6n7"}
{"type":"log","timestamp":1701093649836,"level":"info","message":"Rendering request 140 finished in 124 ms","meta":{"rootId":"f0e3oo0hznskcre","id":"f0e3oo0hznskcre"},"id":"jwq2xvarzpggs1c","previousOperationId":"0pilrm94cvoz6n7"}
{"type":"operationEnd","subtype":"render","operationId":"o5l9lhtc8x9sj5n","timestamp":1701093649836,"id":"qhywj87boj0v203","previousEventId":"zrpl1kube2nx7j2","previousOperationId":"0pilrm94cvoz6n7"}
{"type":"operationEnd","doDiffs":false,"previousEventId":"wjbsvoeihqbftzk","previousOperationId":"qrjp0tqpdimn8s8","operationId":"qrjp0tqpdimn8s8","timestamp":1701093649837,"id":"3krp2fywjqnou3m"}
