{"type":"operationStart","subtype":"profile","data":{"_id":"ViqfMW8uNnOhR6vB","timestamp":"2023-11-27T14:01:30.353Z","state":"queued","mode":"standard","creationDate":"2023-11-27T14:01:30.354Z","modificationDate":"2023-11-27T14:01:30.354Z","shortid":"YVXQjgK","$entitySet":"profiles"},"doDiffs":false,"timestamp":1701093690354,"id":"g6k0wkb6s2u2fg9","previousOperationId":null,"operationId":"wvrzdw133mvml3k"}
{"type":"log","level":"info","message":"Render request 142 queued for execution and waiting for available worker","previousOperationId":"wvrzdw133mvml3k","timestamp":1701093690354,"id":"57cnm90w6xsjk36"}
{"type":"operationStart","subtype":"render","name":"sporazum_propratni_akt","previousOperationId":"wvrzdw133mvml3k","timestamp":1701093690359,"id":"6qv4ez6s4aiws2m","previousEventId":"g6k0wkb6s2u2fg9","operationId":"bu05co560t9ojll"}
{"type":"log","timestamp":1701093690359,"level":"info","message":"Starting rendering request 142","meta":{"rootId":"g0b32idk06wsa7c","id":"g0b32idk06wsa7c"},"id":"fe0yelrcu4idhhw","previousOperationId":"bu05co560t9ojll"}
{"type":"log","timestamp":1701093690359,"level":"info","message":"Rendering template { name: sporazum_propratni_akt, recipe: chrome-pdf, engine: handlebars, preview: true }","meta":{"rootId":"g0b32idk06wsa7c","id":"g0b32idk06wsa7c"},"id":"c4muhr6iy9ixthv","previousOperationId":"bu05co560t9ojll"}
{"type":"log","timestamp":1701093690359,"level":"debug","message":"Inline data specified.","meta":{"rootId":"g0b32idk06wsa7c","id":"g0b32idk06wsa7c"},"id":"a10qkkjw96939u3","previousOperationId":"bu05co560t9ojll"}
{"type":"log","timestamp":1701093690360,"level":"debug","message":"Base url not specified, skipping its injection.","meta":{"rootId":"g0b32idk06wsa7c","id":"g0b32idk06wsa7c"},"id":"5k9si9ey50u4zzr","previousOperationId":"bu05co560t9ojll"}
{"type":"operationStart","subtype":"engine","name":"handlebars","timestamp":1701093690360,"id":"vuiyc6248wz5agh","previousEventId":"6qv4ez6s4aiws2m","operationId":"s3pecbm25xlzuwv","previousOperationId":"bu05co560t9ojll"}
{"type":"log","timestamp":1701093690360,"level":"debug","message":"Rendering engine handlebars","meta":{"rootId":"g0b32idk06wsa7c","id":"g0b32idk06wsa7c"},"id":"0tvozap45gxjncz","previousOperationId":"s3pecbm25xlzuwv"}
{"type":"operationEnd","operationId":"s3pecbm25xlzuwv","timestamp":1701093690365,"id":"dnx1g6jpf025fo7","previousEventId":"vuiyc6248wz5agh","previousOperationId":"s3pecbm25xlzuwv"}
{"type":"operationStart","subtype":"recipe","name":"chrome-pdf","timestamp":1701093690365,"id":"qut9mnsoz968ful","previousEventId":"dnx1g6jpf025fo7","operationId":"jpc0x6pp7y6ub16","previousOperationId":"s3pecbm25xlzuwv"}
{"type":"log","timestamp":1701093690365,"level":"debug","message":"Executing recipe chrome-pdf","meta":{"rootId":"g0b32idk06wsa7c","id":"g0b32idk06wsa7c"},"id":"rihzsawon64zx9j","previousOperationId":"jpc0x6pp7y6ub16"}
{"type":"log","timestamp":1701093690366,"level":"debug","message":"Converting with chrome HeadlessChrome/117.0.5938.149 using chrome-pool strategy","meta":{"rootId":"g0b32idk06wsa7c","id":"g0b32idk06wsa7c"},"id":"x5qxzmhssqmsfot","previousOperationId":"jpc0x6pp7y6ub16"}
{"type":"log","timestamp":1701093690421,"level":"debug","message":"Page request: GET (document) file:///var/folders/dp/qk79pfcj0y1fmtkkl08m76rc0000gn/T/jsreport/autocleanup/a223a8e9-0b68-4bbb-bb4e-5db1a9bb754c-chrome-pdf.html","meta":{"rootId":"g0b32idk06wsa7c","id":"g0b32idk06wsa7c"},"id":"bfhwojjvp7k5txy","previousOperationId":"jpc0x6pp7y6ub16"}
{"type":"log","timestamp":1701093690425,"level":"debug","message":"Page request finished: GET (document) 200 file:///var/folders/dp/qk79pfcj0y1fmtkkl08m76rc0000gn/T/jsreport/autocleanup/a223a8e9-0b68-4bbb-bb4e-5db1a9bb754c-chrome-pdf.html","meta":{"rootId":"g0b32idk06wsa7c","id":"g0b32idk06wsa7c"},"id":"2vemubpjjtw24le","previousOperationId":"jpc0x6pp7y6ub16"}
{"type":"log","timestamp":1701093690437,"level":"debug","message":"Running chrome with params {\"printBackground\":true,\"timeout\":59987,\"margin\":{}}","meta":{"rootId":"g0b32idk06wsa7c","id":"g0b32idk06wsa7c"},"id":"o5f2jx3yfoebse2","previousOperationId":"jpc0x6pp7y6ub16"}
{"type":"operationEnd","operationId":"jpc0x6pp7y6ub16","timestamp":1701093690455,"id":"3gosn54r9acow4u","previousEventId":"qut9mnsoz968ful","previousOperationId":"jpc0x6pp7y6ub16"}
{"type":"log","timestamp":1701093690455,"level":"debug","message":"Skipping storing report.","meta":{"rootId":"g0b32idk06wsa7c","id":"g0b32idk06wsa7c"},"id":"93ska5wzzlikeoj","previousOperationId":"jpc0x6pp7y6ub16"}
{"type":"log","timestamp":1701093690455,"level":"info","message":"Rendering request 142 finished in 102 ms","meta":{"rootId":"g0b32idk06wsa7c","id":"g0b32idk06wsa7c"},"id":"lmufdog2ptqgrc9","previousOperationId":"jpc0x6pp7y6ub16"}
{"type":"operationEnd","subtype":"render","operationId":"bu05co560t9ojll","timestamp":1701093690455,"id":"ffhty7g41a2smvs","previousEventId":"3gosn54r9acow4u","previousOperationId":"jpc0x6pp7y6ub16"}
{"type":"operationEnd","doDiffs":false,"previousEventId":"g6k0wkb6s2u2fg9","previousOperationId":"wvrzdw133mvml3k","operationId":"wvrzdw133mvml3k","timestamp":1701093690457,"id":"n4unuc1k4wchcqh"}
