{"type":"operationStart","subtype":"profile","data":{"_id":"Gn2Z5zI2lqoMiJ2P","timestamp":"2023-11-27T13:57:01.197Z","state":"queued","mode":"standard","creationDate":"2023-11-27T13:57:01.198Z","modificationDate":"2023-11-27T13:57:01.198Z","shortid":"eJyOIBt","$entitySet":"profiles"},"doDiffs":false,"timestamp":1701093421198,"id":"cd89km1v0qro02j","previousOperationId":null,"operationId":"l40zx4py9dg39il"}
{"type":"log","level":"info","message":"Render request 133 queued for execution and waiting for available worker","previousOperationId":"l40zx4py9dg39il","timestamp":1701093421198,"id":"9u8vi5gk1oarqaq"}
{"type":"operationStart","subtype":"render","name":"sporazum_propratni_akt","previousOperationId":"l40zx4py9dg39il","timestamp":1701093421206,"id":"ogmqcylgk6068lo","previousEventId":"cd89km1v0qro02j","operationId":"gd570b1x8ht9nza"}
{"type":"log","timestamp":1701093421206,"level":"info","message":"Starting rendering request 133","meta":{"rootId":"iid5kq7l4njijn7","id":"iid5kq7l4njijn7"},"id":"m2of89qkmlljbn6","previousOperationId":"gd570b1x8ht9nza"}
{"type":"log","timestamp":1701093421206,"level":"info","message":"Rendering template { name: sporazum_propratni_akt, recipe: chrome-pdf, engine: handlebars, preview: true }","meta":{"rootId":"iid5kq7l4njijn7","id":"iid5kq7l4njijn7"},"id":"cc6io9g5izcbxlb","previousOperationId":"gd570b1x8ht9nza"}
{"type":"log","timestamp":1701093421206,"level":"debug","message":"Inline data specified.","meta":{"rootId":"iid5kq7l4njijn7","id":"iid5kq7l4njijn7"},"id":"eme0utuzmcfjjs9","previousOperationId":"gd570b1x8ht9nza"}
{"type":"log","timestamp":1701093421207,"level":"debug","message":"Base url not specified, skipping its injection.","meta":{"rootId":"iid5kq7l4njijn7","id":"iid5kq7l4njijn7"},"id":"vccaaqt6wxmrue8","previousOperationId":"gd570b1x8ht9nza"}
{"type":"operationStart","subtype":"engine","name":"handlebars","timestamp":1701093421208,"id":"u4pmdikprd0m0gr","previousEventId":"ogmqcylgk6068lo","operationId":"rl0chkgf7shsh54","previousOperationId":"gd570b1x8ht9nza"}
{"type":"log","timestamp":1701093421208,"level":"debug","message":"Rendering engine handlebars","meta":{"rootId":"iid5kq7l4njijn7","id":"iid5kq7l4njijn7"},"id":"edicquwoabig4gd","previousOperationId":"rl0chkgf7shsh54"}
{"type":"operationEnd","operationId":"rl0chkgf7shsh54","timestamp":1701093421223,"id":"q8d55cy5qlt2irz","previousEventId":"u4pmdikprd0m0gr","previousOperationId":"rl0chkgf7shsh54"}
{"type":"operationStart","subtype":"recipe","name":"chrome-pdf","timestamp":1701093421223,"id":"09ptq0eqk36v89w","previousEventId":"q8d55cy5qlt2irz","operationId":"hyd2l5tml7msnk5","previousOperationId":"rl0chkgf7shsh54"}
{"type":"log","timestamp":1701093421223,"level":"debug","message":"Executing recipe chrome-pdf","meta":{"rootId":"iid5kq7l4njijn7","id":"iid5kq7l4njijn7"},"id":"eu6nf8ct8zcxmix","previousOperationId":"hyd2l5tml7msnk5"}
{"type":"log","timestamp":1701093421224,"level":"debug","message":"Converting with chrome HeadlessChrome/117.0.5938.149 using chrome-pool strategy","meta":{"rootId":"iid5kq7l4njijn7","id":"iid5kq7l4njijn7"},"id":"9sbgniwglum7s23","previousOperationId":"hyd2l5tml7msnk5"}
{"type":"log","timestamp":1701093421275,"level":"debug","message":"Page request: GET (document) file:///var/folders/dp/qk79pfcj0y1fmtkkl08m76rc0000gn/T/jsreport/autocleanup/26f5873a-5e87-4fbb-b802-51ae59f35092-chrome-pdf.html","meta":{"rootId":"iid5kq7l4njijn7","id":"iid5kq7l4njijn7"},"id":"zoyrazagzl8j1rz","previousOperationId":"hyd2l5tml7msnk5"}
{"type":"log","timestamp":1701093421280,"level":"debug","message":"Page request finished: GET (document) 200 file:///var/folders/dp/qk79pfcj0y1fmtkkl08m76rc0000gn/T/jsreport/autocleanup/26f5873a-5e87-4fbb-b802-51ae59f35092-chrome-pdf.html","meta":{"rootId":"iid5kq7l4njijn7","id":"iid5kq7l4njijn7"},"id":"b7hbjjdgfyhqsn0","previousOperationId":"hyd2l5tml7msnk5"}
{"type":"log","timestamp":1701093421294,"level":"debug","message":"Running chrome with params {\"printBackground\":true,\"timeout\":59973,\"margin\":{}}","meta":{"rootId":"iid5kq7l4njijn7","id":"iid5kq7l4njijn7"},"id":"ycn7b8ve7smh56a","previousOperationId":"hyd2l5tml7msnk5"}
{"type":"operationEnd","operationId":"hyd2l5tml7msnk5","timestamp":1701093421313,"id":"4qzyifbpf05f7zk","previousEventId":"09ptq0eqk36v89w","previousOperationId":"hyd2l5tml7msnk5"}
{"type":"log","timestamp":1701093421313,"level":"debug","message":"Skipping storing report.","meta":{"rootId":"iid5kq7l4njijn7","id":"iid5kq7l4njijn7"},"id":"a8fsynfpqes9rqy","previousOperationId":"hyd2l5tml7msnk5"}
{"type":"log","timestamp":1701093421313,"level":"info","message":"Rendering request 133 finished in 116 ms","meta":{"rootId":"iid5kq7l4njijn7","id":"iid5kq7l4njijn7"},"id":"1d69d5mo9a8uwir","previousOperationId":"hyd2l5tml7msnk5"}
{"type":"operationEnd","subtype":"render","operationId":"gd570b1x8ht9nza","timestamp":1701093421313,"id":"3x8fl0n53d0uwyz","previousEventId":"4qzyifbpf05f7zk","previousOperationId":"hyd2l5tml7msnk5"}
{"type":"operationEnd","doDiffs":false,"previousEventId":"cd89km1v0qro02j","previousOperationId":"l40zx4py9dg39il","operationId":"l40zx4py9dg39il","timestamp":1701093421314,"id":"4vg9ivfh3lkmnyr"}
