{"type":"operationStart","subtype":"profile","data":{"_id":"w4F73NKxxapRQhZA","timestamp":"2023-11-27T13:59:31.220Z","state":"queued","mode":"standard","creationDate":"2023-11-27T13:59:31.222Z","modificationDate":"2023-11-27T13:59:31.222Z","shortid":"KAb2p1T","$entitySet":"profiles"},"doDiffs":false,"timestamp":1701093571221,"id":"abvxrm4l84kzwqy","previousOperationId":null,"operationId":"h3w3solmaos28y3"}
{"type":"log","level":"info","message":"Render request 138 queued for execution and waiting for available worker","previousOperationId":"h3w3solmaos28y3","timestamp":1701093571222,"id":"eaaf2ktao4g8cqk"}
{"type":"operationStart","subtype":"render","name":"sporazum_propratni_akt","previousOperationId":"h3w3solmaos28y3","timestamp":1701093571231,"id":"zdhrrfcb8ntmg47","previousEventId":"abvxrm4l84kzwqy","operationId":"taazcnqp3h3pobp"}
{"type":"log","timestamp":1701093571231,"level":"info","message":"Starting rendering request 138","meta":{"rootId":"jpgn3mwn9v3mdiv","id":"jpgn3mwn9v3mdiv"},"id":"2gi18jybs3mda41","previousOperationId":"taazcnqp3h3pobp"}
{"type":"log","timestamp":1701093571231,"level":"info","message":"Rendering template { name: sporazum_propratni_akt, recipe: chrome-pdf, engine: handlebars, preview: true }","meta":{"rootId":"jpgn3mwn9v3mdiv","id":"jpgn3mwn9v3mdiv"},"id":"j222qn66t3wbii1","previousOperationId":"taazcnqp3h3pobp"}
{"type":"log","timestamp":1701093571232,"level":"debug","message":"Inline data specified.","meta":{"rootId":"jpgn3mwn9v3mdiv","id":"jpgn3mwn9v3mdiv"},"id":"js33ork922zt0vb","previousOperationId":"taazcnqp3h3pobp"}
{"type":"log","timestamp":1701093571233,"level":"debug","message":"Base url not specified, skipping its injection.","meta":{"rootId":"jpgn3mwn9v3mdiv","id":"jpgn3mwn9v3mdiv"},"id":"pnqxi8upnkn00e2","previousOperationId":"taazcnqp3h3pobp"}
{"type":"operationStart","subtype":"engine","name":"handlebars","timestamp":1701093571234,"id":"42frum2y5lywpse","previousEventId":"zdhrrfcb8ntmg47","operationId":"wlf6ot1twkmnoen","previousOperationId":"taazcnqp3h3pobp"}
{"type":"log","timestamp":1701093571234,"level":"debug","message":"Rendering engine handlebars","meta":{"rootId":"jpgn3mwn9v3mdiv","id":"jpgn3mwn9v3mdiv"},"id":"co93okubmid20za","previousOperationId":"wlf6ot1twkmnoen"}
{"type":"operationEnd","operationId":"wlf6ot1twkmnoen","timestamp":1701093571249,"id":"qedadupo73sqvu5","previousEventId":"42frum2y5lywpse","previousOperationId":"wlf6ot1twkmnoen"}
{"type":"operationStart","subtype":"recipe","name":"chrome-pdf","timestamp":1701093571249,"id":"la4t7wlpjjze62x","previousEventId":"qedadupo73sqvu5","operationId":"3zs010j68ec4874","previousOperationId":"wlf6ot1twkmnoen"}
{"type":"log","timestamp":1701093571249,"level":"debug","message":"Executing recipe chrome-pdf","meta":{"rootId":"jpgn3mwn9v3mdiv","id":"jpgn3mwn9v3mdiv"},"id":"9gd3wkdfupm9b4c","previousOperationId":"3zs010j68ec4874"}
{"type":"log","timestamp":1701093571250,"level":"debug","message":"Converting with chrome HeadlessChrome/117.0.5938.149 using chrome-pool strategy","meta":{"rootId":"jpgn3mwn9v3mdiv","id":"jpgn3mwn9v3mdiv"},"id":"y9bjfb9fn4uakk0","previousOperationId":"3zs010j68ec4874"}
{"type":"log","timestamp":1701093571301,"level":"debug","message":"Page request: GET (document) file:///var/folders/dp/qk79pfcj0y1fmtkkl08m76rc0000gn/T/jsreport/autocleanup/51fde44d-3dc0-4e6f-ba43-45a0c49a9913-chrome-pdf.html","meta":{"rootId":"jpgn3mwn9v3mdiv","id":"jpgn3mwn9v3mdiv"},"id":"c2mcm0p8iorkt43","previousOperationId":"3zs010j68ec4874"}
{"type":"log","timestamp":1701093571306,"level":"debug","message":"Page request finished: GET (document) 200 file:///var/folders/dp/qk79pfcj0y1fmtkkl08m76rc0000gn/T/jsreport/autocleanup/51fde44d-3dc0-4e6f-ba43-45a0c49a9913-chrome-pdf.html","meta":{"rootId":"jpgn3mwn9v3mdiv","id":"jpgn3mwn9v3mdiv"},"id":"rwnvrldzuz8sgeh","previousOperationId":"3zs010j68ec4874"}
{"type":"log","timestamp":1701093571317,"level":"debug","message":"Running chrome with params {\"printBackground\":true,\"timeout\":59970,\"margin\":{}}","meta":{"rootId":"jpgn3mwn9v3mdiv","id":"jpgn3mwn9v3mdiv"},"id":"t3chnxojipimxlv","previousOperationId":"3zs010j68ec4874"}
{"type":"operationEnd","operationId":"3zs010j68ec4874","timestamp":1701093571335,"id":"ujrnd303qjup58n","previousEventId":"la4t7wlpjjze62x","previousOperationId":"3zs010j68ec4874"}
{"type":"log","timestamp":1701093571335,"level":"debug","message":"Skipping storing report.","meta":{"rootId":"jpgn3mwn9v3mdiv","id":"jpgn3mwn9v3mdiv"},"id":"j59mim7w1qd1f2p","previousOperationId":"3zs010j68ec4874"}
{"type":"log","timestamp":1701093571335,"level":"info","message":"Rendering request 138 finished in 115 ms","meta":{"rootId":"jpgn3mwn9v3mdiv","id":"jpgn3mwn9v3mdiv"},"id":"u8udj64obdq3hec","previousOperationId":"3zs010j68ec4874"}
{"type":"operationEnd","subtype":"render","operationId":"taazcnqp3h3pobp","timestamp":1701093571335,"id":"2680vsohazn4axm","previousEventId":"ujrnd303qjup58n","previousOperationId":"3zs010j68ec4874"}
{"type":"operationEnd","doDiffs":false,"previousEventId":"abvxrm4l84kzwqy","previousOperationId":"h3w3solmaos28y3","operationId":"h3w3solmaos28y3","timestamp":1701093571336,"id":"ma3ul1blis99nks"}
