{"type":"operationStart","subtype":"profile","data":{"_id":"xACqQibqLT4J3I63","timestamp":"2023-11-27T13:55:44.179Z","state":"queued","mode":"standard","creationDate":"2023-11-27T13:55:44.180Z","modificationDate":"2023-11-27T13:55:44.180Z","shortid":"szoDOg1","$entitySet":"profiles"},"doDiffs":false,"timestamp":1701093344180,"id":"3qp4ulxon0irffn","previousOperationId":null,"operationId":"9sko2hjxredzz39"}
{"type":"log","level":"info","message":"Render request 130 queued for execution and waiting for available worker","previousOperationId":"9sko2hjxredzz39","timestamp":1701093344180,"id":"nsrcxgysludyo3k"}
{"type":"operationStart","subtype":"render","name":"sporazum_propratni_akt","previousOperationId":"9sko2hjxredzz39","timestamp":1701093344188,"id":"4a22kmvwhejevxt","previousEventId":"3qp4ulxon0irffn","operationId":"5yi3v9zib7fmnc5"}
{"type":"log","timestamp":1701093344188,"level":"info","message":"Starting rendering request 130","meta":{"rootId":"jph16owubbep2jn","id":"jph16owubbep2jn"},"id":"2qfhbdzi2bxp9bm","previousOperationId":"5yi3v9zib7fmnc5"}
{"type":"log","timestamp":1701093344188,"level":"info","message":"Rendering template { name: sporazum_propratni_akt, recipe: chrome-pdf, engine: handlebars, preview: true }","meta":{"rootId":"jph16owubbep2jn","id":"jph16owubbep2jn"},"id":"0nl4moebfhxql0g","previousOperationId":"5yi3v9zib7fmnc5"}
{"type":"log","timestamp":1701093344189,"level":"debug","message":"Adding sample data 83EwonXCC","meta":{"rootId":"jph16owubbep2jn","id":"jph16owubbep2jn"},"id":"ivqtgtuym7fk966","previousOperationId":"5yi3v9zib7fmnc5"}
{"type":"log","timestamp":1701093344191,"level":"debug","message":"Base url not specified, skipping its injection.","meta":{"rootId":"jph16owubbep2jn","id":"jph16owubbep2jn"},"id":"aaiiul4622gkrhl","previousOperationId":"5yi3v9zib7fmnc5"}
{"type":"operationStart","subtype":"engine","name":"handlebars","timestamp":1701093344191,"id":"4ydu10urqwkp591","previousEventId":"4a22kmvwhejevxt","operationId":"346axpif6vsjdx5","previousOperationId":"5yi3v9zib7fmnc5"}
{"type":"log","timestamp":1701093344191,"level":"debug","message":"Rendering engine handlebars","meta":{"rootId":"jph16owubbep2jn","id":"jph16owubbep2jn"},"id":"7ke8y88ah6v28a2","previousOperationId":"346axpif6vsjdx5"}
{"type":"operationEnd","operationId":"346axpif6vsjdx5","timestamp":1701093344204,"id":"jgtlcpnmmlpeu4x","previousEventId":"4ydu10urqwkp591","previousOperationId":"346axpif6vsjdx5"}
{"type":"operationStart","subtype":"recipe","name":"chrome-pdf","timestamp":1701093344204,"id":"e9dwn1c5nffp0en","previousEventId":"jgtlcpnmmlpeu4x","operationId":"utp7fpongopwtrg","previousOperationId":"346axpif6vsjdx5"}
{"type":"log","timestamp":1701093344204,"level":"debug","message":"Executing recipe chrome-pdf","meta":{"rootId":"jph16owubbep2jn","id":"jph16owubbep2jn"},"id":"gevpb05mahh0gv3","previousOperationId":"utp7fpongopwtrg"}
{"type":"log","timestamp":1701093344205,"level":"debug","message":"Converting with chrome HeadlessChrome/117.0.5938.149 using chrome-pool strategy","meta":{"rootId":"jph16owubbep2jn","id":"jph16owubbep2jn"},"id":"ssa8y5onz0dz2a6","previousOperationId":"utp7fpongopwtrg"}
{"type":"log","timestamp":1701093344266,"level":"debug","message":"Page request: GET (document) file:///var/folders/dp/qk79pfcj0y1fmtkkl08m76rc0000gn/T/jsreport/autocleanup/f51134cc-e091-4b5f-80e1-1db5462592fd-chrome-pdf.html","meta":{"rootId":"jph16owubbep2jn","id":"jph16owubbep2jn"},"id":"mw3vbhbdtq2bbjk","previousOperationId":"utp7fpongopwtrg"}
{"type":"log","timestamp":1701093344271,"level":"debug","message":"Page request finished: GET (document) 200 file:///var/folders/dp/qk79pfcj0y1fmtkkl08m76rc0000gn/T/jsreport/autocleanup/f51134cc-e091-4b5f-80e1-1db5462592fd-chrome-pdf.html","meta":{"rootId":"jph16owubbep2jn","id":"jph16owubbep2jn"},"id":"gy6qlat9ga1fsgs","previousOperationId":"utp7fpongopwtrg"}
{"type":"log","timestamp":1701093344283,"level":"debug","message":"Running chrome with params {\"printBackground\":true,\"timeout\":59975,\"margin\":{}}","meta":{"rootId":"jph16owubbep2jn","id":"jph16owubbep2jn"},"id":"w3rlfc4colgli9h","previousOperationId":"utp7fpongopwtrg"}
{"type":"operationEnd","operationId":"utp7fpongopwtrg","timestamp":1701093344297,"id":"sfn09jpecj5j9g6","previousEventId":"e9dwn1c5nffp0en","previousOperationId":"utp7fpongopwtrg"}
{"type":"log","timestamp":1701093344297,"level":"debug","message":"Skipping storing report.","meta":{"rootId":"jph16owubbep2jn","id":"jph16owubbep2jn"},"id":"66iewexsxvcohms","previousOperationId":"utp7fpongopwtrg"}
{"type":"log","timestamp":1701093344297,"level":"info","message":"Rendering request 130 finished in 118 ms","meta":{"rootId":"jph16owubbep2jn","id":"jph16owubbep2jn"},"id":"uiblgfyaj45ila4","previousOperationId":"utp7fpongopwtrg"}
{"type":"operationEnd","subtype":"render","operationId":"5yi3v9zib7fmnc5","timestamp":1701093344297,"id":"b0ngnjazkcas45z","previousEventId":"sfn09jpecj5j9g6","previousOperationId":"utp7fpongopwtrg"}
{"type":"operationEnd","doDiffs":false,"previousEventId":"3qp4ulxon0irffn","previousOperationId":"9sko2hjxredzz39","operationId":"9sko2hjxredzz39","timestamp":1701093344298,"id":"6mp125gh7f1l41a"}
