{"type":"operationStart","subtype":"profile","data":{"_id":"cyLggUzu2Zcas4Mk","timestamp":"2023-11-27T14:00:56.760Z","state":"queued","mode":"standard","creationDate":"2023-11-27T14:00:56.761Z","modificationDate":"2023-11-27T14:00:56.761Z","shortid":"ITQlrFP","$entitySet":"profiles"},"doDiffs":false,"timestamp":1701093656761,"id":"03m7gvcckhoa2xt","previousOperationId":null,"operationId":"tavfsqtr1xnmbv9"}
{"type":"log","level":"info","message":"Render request 141 queued for execution and waiting for available worker","previousOperationId":"tavfsqtr1xnmbv9","timestamp":1701093656761,"id":"0j14sl1w6azmnsa"}
{"type":"operationStart","subtype":"render","name":"sporazum_propratni_akt","previousOperationId":"tavfsqtr1xnmbv9","timestamp":1701093656769,"id":"vp82o3kl67h5zl7","previousEventId":"03m7gvcckhoa2xt","operationId":"2opxekebujxkn61"}
{"type":"log","timestamp":1701093656769,"level":"info","message":"Starting rendering request 141","meta":{"rootId":"ml98g4uqtpdcawc","id":"ml98g4uqtpdcawc"},"id":"9vvbz70vk1387wd","previousOperationId":"2opxekebujxkn61"}
{"type":"log","timestamp":1701093656769,"level":"info","message":"Rendering template { name: sporazum_propratni_akt, recipe: chrome-pdf, engine: handlebars, preview: true }","meta":{"rootId":"ml98g4uqtpdcawc","id":"ml98g4uqtpdcawc"},"id":"aq67l67oq4rsrv4","previousOperationId":"2opxekebujxkn61"}
{"type":"log","timestamp":1701093656772,"level":"debug","message":"Inline data specified.","meta":{"rootId":"ml98g4uqtpdcawc","id":"ml98g4uqtpdcawc"},"id":"fi7dsfh3aw3eztl","previousOperationId":"2opxekebujxkn61"}
{"type":"log","timestamp":1701093656777,"level":"debug","message":"Base url not specified, skipping its injection.","meta":{"rootId":"ml98g4uqtpdcawc","id":"ml98g4uqtpdcawc"},"id":"mqc4te1idi1z0gg","previousOperationId":"2opxekebujxkn61"}
{"type":"operationStart","subtype":"engine","name":"handlebars","timestamp":1701093656777,"id":"jk80s2mpcku0w6d","previousEventId":"vp82o3kl67h5zl7","operationId":"ma1p225bb97qdjt","previousOperationId":"2opxekebujxkn61"}
{"type":"log","timestamp":1701093656777,"level":"debug","message":"Rendering engine handlebars","meta":{"rootId":"ml98g4uqtpdcawc","id":"ml98g4uqtpdcawc"},"id":"13j94lgarmkfv37","previousOperationId":"ma1p225bb97qdjt"}
{"type":"operationEnd","operationId":"ma1p225bb97qdjt","timestamp":1701093656787,"id":"uyxzgptz4p6x699","previousEventId":"jk80s2mpcku0w6d","previousOperationId":"ma1p225bb97qdjt"}
{"type":"operationStart","subtype":"recipe","name":"chrome-pdf","timestamp":1701093656787,"id":"pjka5jn8hfms1xi","previousEventId":"uyxzgptz4p6x699","operationId":"qni4vrwvdmcboql","previousOperationId":"ma1p225bb97qdjt"}
{"type":"log","timestamp":1701093656787,"level":"debug","message":"Executing recipe chrome-pdf","meta":{"rootId":"ml98g4uqtpdcawc","id":"ml98g4uqtpdcawc"},"id":"70xfj81mql7ne5k","previousOperationId":"qni4vrwvdmcboql"}
{"type":"log","timestamp":1701093656789,"level":"debug","message":"Converting with chrome HeadlessChrome/117.0.5938.149 using chrome-pool strategy","meta":{"rootId":"ml98g4uqtpdcawc","id":"ml98g4uqtpdcawc"},"id":"9tgkcnwu8psmst8","previousOperationId":"qni4vrwvdmcboql"}
{"type":"log","timestamp":1701093656844,"level":"debug","message":"Page request: GET (document) file:///var/folders/dp/qk79pfcj0y1fmtkkl08m76rc0000gn/T/jsreport/autocleanup/a28afceb-c424-43fa-89bd-b0b43a98205c-chrome-pdf.html","meta":{"rootId":"ml98g4uqtpdcawc","id":"ml98g4uqtpdcawc"},"id":"jlry867a1emt46h","previousOperationId":"qni4vrwvdmcboql"}
{"type":"log","timestamp":1701093656849,"level":"debug","message":"Page request finished: GET (document) 200 file:///var/folders/dp/qk79pfcj0y1fmtkkl08m76rc0000gn/T/jsreport/autocleanup/a28afceb-c424-43fa-89bd-b0b43a98205c-chrome-pdf.html","meta":{"rootId":"ml98g4uqtpdcawc","id":"ml98g4uqtpdcawc"},"id":"jkjrz2gafb1c81y","previousOperationId":"qni4vrwvdmcboql"}
{"type":"log","timestamp":1701093656858,"level":"debug","message":"Running chrome with params {\"printBackground\":true,\"timeout\":59972,\"margin\":{}}","meta":{"rootId":"ml98g4uqtpdcawc","id":"ml98g4uqtpdcawc"},"id":"7czqj3ct8qbmqmg","previousOperationId":"qni4vrwvdmcboql"}
{"type":"operationEnd","operationId":"qni4vrwvdmcboql","timestamp":1701093656877,"id":"skyhpjqgkmr9o7m","previousEventId":"pjka5jn8hfms1xi","previousOperationId":"qni4vrwvdmcboql"}
{"type":"log","timestamp":1701093656877,"level":"debug","message":"Skipping storing report.","meta":{"rootId":"ml98g4uqtpdcawc","id":"ml98g4uqtpdcawc"},"id":"99wdr56c1wowobg","previousOperationId":"qni4vrwvdmcboql"}
{"type":"log","timestamp":1701093656877,"level":"info","message":"Rendering request 141 finished in 117 ms","meta":{"rootId":"ml98g4uqtpdcawc","id":"ml98g4uqtpdcawc"},"id":"rd2707sbgu7903j","previousOperationId":"qni4vrwvdmcboql"}
{"type":"operationEnd","subtype":"render","operationId":"2opxekebujxkn61","timestamp":1701093656877,"id":"7cquq9c678kt49e","previousEventId":"skyhpjqgkmr9o7m","previousOperationId":"qni4vrwvdmcboql"}
{"type":"operationEnd","doDiffs":false,"previousEventId":"03m7gvcckhoa2xt","previousOperationId":"tavfsqtr1xnmbv9","operationId":"tavfsqtr1xnmbv9","timestamp":1701093656878,"id":"n95cxsmpytljn0x"}
