{"type":"operationStart","subtype":"profile","data":{"_id":"r1DKXGrByusjDuVR","timestamp":"2023-12-04T14:55:59.567Z","state":"queued","mode":"standard","creationDate":"2023-12-04T14:55:59.571Z","modificationDate":"2023-12-04T14:55:59.571Z","shortid":"Xbfa4ba","$entitySet":"profiles"},"doDiffs":false,"timestamp":1701701759569,"id":"lsg4o6dbv4zr39r","previousOperationId":null,"operationId":"wnh1bxjy5hw02jq"}
{"type":"log","level":"info","message":"Render request 6 queued for execution and waiting for available worker","previousOperationId":"wnh1bxjy5hw02jq","timestamp":1701701759569,"id":"wvepxlrto2q2ucs"}
{"type":"operationStart","subtype":"render","name":"sporazum_propratni_akt","previousOperationId":"wnh1bxjy5hw02jq","timestamp":1701701759586,"id":"a4iecr0u7oknwfd","previousEventId":"lsg4o6dbv4zr39r","operationId":"gxdby995pyrphb5"}
{"type":"log","timestamp":1701701759586,"level":"info","message":"Starting rendering request 6","meta":{"rootId":"ozw4o84q57uzo4f","id":"ozw4o84q57uzo4f"},"id":"rru8pqe2kd5zvnq","previousOperationId":"gxdby995pyrphb5"}
{"type":"log","timestamp":1701701759586,"level":"info","message":"Rendering template { name: sporazum_propratni_akt, recipe: chrome-pdf, engine: handlebars, preview: true }","meta":{"rootId":"ozw4o84q57uzo4f","id":"ozw4o84q57uzo4f"},"id":"hco01xlnb0hvh8g","previousOperationId":"gxdby995pyrphb5"}
{"type":"log","timestamp":1701701759588,"level":"debug","message":"Adding sample data 83EwonXCC","meta":{"rootId":"ozw4o84q57uzo4f","id":"ozw4o84q57uzo4f"},"id":"u36pfpeyq2mzapu","previousOperationId":"gxdby995pyrphb5"}
{"type":"log","timestamp":1701701759589,"level":"debug","message":"Base url not specified, skipping its injection.","meta":{"rootId":"ozw4o84q57uzo4f","id":"ozw4o84q57uzo4f"},"id":"wc380mnftvjv4jg","previousOperationId":"gxdby995pyrphb5"}
{"type":"operationStart","subtype":"engine","name":"handlebars","timestamp":1701701759589,"id":"ibg2mqqlrh5fnja","previousEventId":"a4iecr0u7oknwfd","operationId":"02x01poue9iaiyi","previousOperationId":"gxdby995pyrphb5"}
{"type":"log","timestamp":1701701759589,"level":"debug","message":"Rendering engine handlebars","meta":{"rootId":"ozw4o84q57uzo4f","id":"ozw4o84q57uzo4f"},"id":"21tovf7txnjmoab","previousOperationId":"02x01poue9iaiyi"}
{"type":"operationEnd","operationId":"02x01poue9iaiyi","timestamp":1701701759599,"id":"a96mw21vlo7e9vq","previousEventId":"ibg2mqqlrh5fnja","previousOperationId":"02x01poue9iaiyi"}
{"type":"operationStart","subtype":"recipe","name":"chrome-pdf","timestamp":1701701759600,"id":"7ctq3xxllfv0bej","previousEventId":"a96mw21vlo7e9vq","operationId":"vwcicrkbye1lhdr","previousOperationId":"02x01poue9iaiyi"}
{"type":"log","timestamp":1701701759600,"level":"debug","message":"Executing recipe chrome-pdf","meta":{"rootId":"ozw4o84q57uzo4f","id":"ozw4o84q57uzo4f"},"id":"z6og8enad1x4fro","previousOperationId":"vwcicrkbye1lhdr"}
{"type":"log","timestamp":1701701759601,"level":"debug","message":"Converting with chrome HeadlessChrome/117.0.5938.149 using chrome-pool strategy","meta":{"rootId":"ozw4o84q57uzo4f","id":"ozw4o84q57uzo4f"},"id":"c61ybd4tmm0th8q","previousOperationId":"vwcicrkbye1lhdr"}
{"type":"log","timestamp":1701701759654,"level":"debug","message":"Page request: GET (document) file:///var/folders/dp/qk79pfcj0y1fmtkkl08m76rc0000gn/T/jsreport/autocleanup/f5a9d443-7d74-48e4-b2f8-825d285d1d68-chrome-pdf.html","meta":{"rootId":"ozw4o84q57uzo4f","id":"ozw4o84q57uzo4f"},"id":"5p8172webve24f3","previousOperationId":"vwcicrkbye1lhdr"}
{"type":"log","timestamp":1701701759658,"level":"debug","message":"Page request finished: GET (document) 200 file:///var/folders/dp/qk79pfcj0y1fmtkkl08m76rc0000gn/T/jsreport/autocleanup/f5a9d443-7d74-48e4-b2f8-825d285d1d68-chrome-pdf.html","meta":{"rootId":"ozw4o84q57uzo4f","id":"ozw4o84q57uzo4f"},"id":"sgn4tc39y7p15t6","previousOperationId":"vwcicrkbye1lhdr"}
{"type":"log","timestamp":1701701759667,"level":"debug","message":"Running chrome with params {\"printBackground\":true,\"timeout\":59966,\"margin\":{}}","meta":{"rootId":"ozw4o84q57uzo4f","id":"ozw4o84q57uzo4f"},"id":"lqzj4ybnk8r93eu","previousOperationId":"vwcicrkbye1lhdr"}
{"type":"operationEnd","operationId":"vwcicrkbye1lhdr","timestamp":1701701759680,"id":"p377hsgqoxoswwz","previousEventId":"7ctq3xxllfv0bej","previousOperationId":"vwcicrkbye1lhdr"}
{"type":"log","timestamp":1701701759680,"level":"debug","message":"Skipping storing report.","meta":{"rootId":"ozw4o84q57uzo4f","id":"ozw4o84q57uzo4f"},"id":"c8l1021xev8gbr2","previousOperationId":"vwcicrkbye1lhdr"}
{"type":"log","timestamp":1701701759680,"level":"info","message":"Rendering request 6 finished in 113 ms","meta":{"rootId":"ozw4o84q57uzo4f","id":"ozw4o84q57uzo4f"},"id":"9v00wpkm35xsqe2","previousOperationId":"vwcicrkbye1lhdr"}
{"type":"operationEnd","subtype":"render","operationId":"gxdby995pyrphb5","timestamp":1701701759680,"id":"rr4de67lcdgbkt2","previousEventId":"p377hsgqoxoswwz","previousOperationId":"vwcicrkbye1lhdr"}
{"type":"operationEnd","doDiffs":false,"previousEventId":"lsg4o6dbv4zr39r","previousOperationId":"wnh1bxjy5hw02jq","operationId":"wnh1bxjy5hw02jq","timestamp":1701701759682,"id":"t26z35ecbcpcqrj"}
