{"type":"operationStart","subtype":"profile","data":{"_id":"qIHrkHSkwLno1e2i","timestamp":"2023-11-27T13:58:07.712Z","state":"queued","mode":"standard","creationDate":"2023-11-27T13:58:07.714Z","modificationDate":"2023-11-27T13:58:07.714Z","shortid":"zaw7-vs","$entitySet":"profiles"},"doDiffs":false,"timestamp":1701093487714,"id":"te279tlc6ukipyr","previousOperationId":null,"operationId":"3uhj4oozjhr23pv"}
{"type":"log","level":"info","message":"Render request 135 queued for execution and waiting for available worker","previousOperationId":"3uhj4oozjhr23pv","timestamp":1701093487714,"id":"aqe0r8kes1bu5ms"}
{"type":"operationStart","subtype":"render","name":"sporazum_propratni_akt","previousOperationId":"3uhj4oozjhr23pv","timestamp":1701093487722,"id":"okh86lncl39b5t7","previousEventId":"te279tlc6ukipyr","operationId":"2tebzxcje3zgeuh"}
{"type":"log","timestamp":1701093487722,"level":"info","message":"Starting rendering request 135","meta":{"rootId":"qwbt6lkj2jaq2k2","id":"qwbt6lkj2jaq2k2"},"id":"yt4dqceuhpals0y","previousOperationId":"2tebzxcje3zgeuh"}
{"type":"log","timestamp":1701093487723,"level":"info","message":"Rendering template { name: sporazum_propratni_akt, recipe: chrome-pdf, engine: handlebars, preview: true }","meta":{"rootId":"qwbt6lkj2jaq2k2","id":"qwbt6lkj2jaq2k2"},"id":"bd3e14d7dgnddqp","previousOperationId":"2tebzxcje3zgeuh"}
{"type":"log","timestamp":1701093487724,"level":"debug","message":"Inline data specified.","meta":{"rootId":"qwbt6lkj2jaq2k2","id":"qwbt6lkj2jaq2k2"},"id":"n7b6ht9k9p7qwhr","previousOperationId":"2tebzxcje3zgeuh"}
{"type":"log","timestamp":1701093487729,"level":"debug","message":"Base url not specified, skipping its injection.","meta":{"rootId":"qwbt6lkj2jaq2k2","id":"qwbt6lkj2jaq2k2"},"id":"jwjmhu9w4hqwgvk","previousOperationId":"2tebzxcje3zgeuh"}
{"type":"operationStart","subtype":"engine","name":"handlebars","timestamp":1701093487729,"id":"hlp2o56dlmg8ff3","previousEventId":"okh86lncl39b5t7","operationId":"zukghi38xbholb4","previousOperationId":"2tebzxcje3zgeuh"}
{"type":"log","timestamp":1701093487729,"level":"debug","message":"Rendering engine handlebars","meta":{"rootId":"qwbt6lkj2jaq2k2","id":"qwbt6lkj2jaq2k2"},"id":"2l12d61w968ue0c","previousOperationId":"zukghi38xbholb4"}
{"type":"operationEnd","operationId":"zukghi38xbholb4","timestamp":1701093487743,"id":"aa3fe32kubfp757","previousEventId":"hlp2o56dlmg8ff3","previousOperationId":"zukghi38xbholb4"}
{"type":"operationStart","subtype":"recipe","name":"chrome-pdf","timestamp":1701093487744,"id":"yi6y2eovpf7qihc","previousEventId":"aa3fe32kubfp757","operationId":"zmdu2jbcfnmah86","previousOperationId":"zukghi38xbholb4"}
{"type":"log","timestamp":1701093487744,"level":"debug","message":"Executing recipe chrome-pdf","meta":{"rootId":"qwbt6lkj2jaq2k2","id":"qwbt6lkj2jaq2k2"},"id":"3hdokhjlkqaywbg","previousOperationId":"zmdu2jbcfnmah86"}
{"type":"log","timestamp":1701093487745,"level":"debug","message":"Converting with chrome HeadlessChrome/117.0.5938.149 using chrome-pool strategy","meta":{"rootId":"qwbt6lkj2jaq2k2","id":"qwbt6lkj2jaq2k2"},"id":"033mgr457wk8ayo","previousOperationId":"zmdu2jbcfnmah86"}
{"type":"log","timestamp":1701093487798,"level":"debug","message":"Page request: GET (document) file:///var/folders/dp/qk79pfcj0y1fmtkkl08m76rc0000gn/T/jsreport/autocleanup/f9f19cfc-823e-481f-b257-19fb00ecb17a-chrome-pdf.html","meta":{"rootId":"qwbt6lkj2jaq2k2","id":"qwbt6lkj2jaq2k2"},"id":"p96i42oj7g4eekp","previousOperationId":"zmdu2jbcfnmah86"}
{"type":"log","timestamp":1701093487802,"level":"debug","message":"Page request finished: GET (document) 200 file:///var/folders/dp/qk79pfcj0y1fmtkkl08m76rc0000gn/T/jsreport/autocleanup/f9f19cfc-823e-481f-b257-19fb00ecb17a-chrome-pdf.html","meta":{"rootId":"qwbt6lkj2jaq2k2","id":"qwbt6lkj2jaq2k2"},"id":"dglokj4zu7ctucn","previousOperationId":"zmdu2jbcfnmah86"}
{"type":"log","timestamp":1701093487815,"level":"debug","message":"Running chrome with params {\"printBackground\":true,\"timeout\":59967,\"margin\":{}}","meta":{"rootId":"qwbt6lkj2jaq2k2","id":"qwbt6lkj2jaq2k2"},"id":"w7ym2gpej9ffvla","previousOperationId":"zmdu2jbcfnmah86"}
{"type":"operationEnd","operationId":"zmdu2jbcfnmah86","timestamp":1701093487831,"id":"f4e9hk76szt1wf5","previousEventId":"yi6y2eovpf7qihc","previousOperationId":"zmdu2jbcfnmah86"}
{"type":"log","timestamp":1701093487831,"level":"debug","message":"Skipping storing report.","meta":{"rootId":"qwbt6lkj2jaq2k2","id":"qwbt6lkj2jaq2k2"},"id":"4uau9odhwf99fzb","previousOperationId":"zmdu2jbcfnmah86"}
{"type":"log","timestamp":1701093487831,"level":"info","message":"Rendering request 135 finished in 119 ms","meta":{"rootId":"qwbt6lkj2jaq2k2","id":"qwbt6lkj2jaq2k2"},"id":"kp92cvm3ws4j08h","previousOperationId":"zmdu2jbcfnmah86"}
{"type":"operationEnd","subtype":"render","operationId":"2tebzxcje3zgeuh","timestamp":1701093487831,"id":"5q23mzy6gf9k6ys","previousEventId":"f4e9hk76szt1wf5","previousOperationId":"zmdu2jbcfnmah86"}
{"type":"operationEnd","doDiffs":false,"previousEventId":"te279tlc6ukipyr","previousOperationId":"3uhj4oozjhr23pv","operationId":"3uhj4oozjhr23pv","timestamp":1701093487832,"id":"2118junjh06ihop"}
