{"type":"operationStart","subtype":"profile","data":{"_id":"wfNFZfMoYSfTUUOa","timestamp":"2023-11-27T13:30:26.414Z","state":"queued","mode":"standard","creationDate":"2023-11-27T13:30:26.417Z","modificationDate":"2023-11-27T13:30:26.417Z","shortid":"03vchLa","$entitySet":"profiles"},"doDiffs":false,"timestamp":1701091826416,"id":"l7j68brgsnew1qe","previousOperationId":null,"operationId":"bupbwk3qu2r7aag"}
{"type":"log","level":"info","message":"Render request 124 queued for execution and waiting for available worker","previousOperationId":"bupbwk3qu2r7aag","timestamp":1701091826417,"id":"ifp8yr0zua90xt9"}
{"type":"operationStart","subtype":"render","name":"sporazum_propratni_akt","previousOperationId":"bupbwk3qu2r7aag","timestamp":1701091826432,"id":"oainlynva00wfs8","previousEventId":"l7j68brgsnew1qe","operationId":"zmr1z8fw269hy1w"}
{"type":"log","timestamp":1701091826433,"level":"info","message":"Starting rendering request 124","meta":{"rootId":"r1rk29wt4u294hk","id":"r1rk29wt4u294hk"},"id":"q0nt8z9d2i60t6n","previousOperationId":"zmr1z8fw269hy1w"}
{"type":"log","timestamp":1701091826433,"level":"info","message":"Rendering template { name: sporazum_propratni_akt, recipe: chrome-pdf, engine: handlebars, preview: true }","meta":{"rootId":"r1rk29wt4u294hk","id":"r1rk29wt4u294hk"},"id":"k6q6ihm1wtkemmy","previousOperationId":"zmr1z8fw269hy1w"}
{"type":"log","timestamp":1701091826434,"level":"debug","message":"Data item not defined for this template.","meta":{"rootId":"r1rk29wt4u294hk","id":"r1rk29wt4u294hk"},"id":"vd5cwcpy33s893f","previousOperationId":"zmr1z8fw269hy1w"}
{"type":"log","timestamp":1701091826435,"level":"debug","message":"Base url not specified, skipping its injection.","meta":{"rootId":"r1rk29wt4u294hk","id":"r1rk29wt4u294hk"},"id":"j0dqkwq631bnm6f","previousOperationId":"zmr1z8fw269hy1w"}
{"type":"operationStart","subtype":"engine","name":"handlebars","timestamp":1701091826436,"id":"s7ue176ywpc945r","previousEventId":"oainlynva00wfs8","operationId":"8fq5iv61moxlivp","previousOperationId":"zmr1z8fw269hy1w"}
{"type":"log","timestamp":1701091826436,"level":"debug","message":"Rendering engine handlebars","meta":{"rootId":"r1rk29wt4u294hk","id":"r1rk29wt4u294hk"},"id":"e43fsdmp3a1ag0k","previousOperationId":"8fq5iv61moxlivp"}
{"type":"operationEnd","operationId":"8fq5iv61moxlivp","timestamp":1701091826447,"id":"gkzuontbh92s8di","previousEventId":"s7ue176ywpc945r","previousOperationId":"8fq5iv61moxlivp"}
{"type":"operationStart","subtype":"recipe","name":"chrome-pdf","timestamp":1701091826447,"id":"c08dki0v0sns1cn","previousEventId":"gkzuontbh92s8di","operationId":"hedk7gk88xyn8gg","previousOperationId":"8fq5iv61moxlivp"}
{"type":"log","timestamp":1701091826447,"level":"debug","message":"Executing recipe chrome-pdf","meta":{"rootId":"r1rk29wt4u294hk","id":"r1rk29wt4u294hk"},"id":"keu7xybyl1pzmjq","previousOperationId":"hedk7gk88xyn8gg"}
{"type":"log","timestamp":1701091826450,"level":"debug","message":"Converting with chrome HeadlessChrome/117.0.5938.149 using chrome-pool strategy","meta":{"rootId":"r1rk29wt4u294hk","id":"r1rk29wt4u294hk"},"id":"19g0keyjzda0636","previousOperationId":"hedk7gk88xyn8gg"}
{"type":"log","timestamp":1701091826506,"level":"debug","message":"Page request: GET (document) file:///var/folders/dp/qk79pfcj0y1fmtkkl08m76rc0000gn/T/jsreport/autocleanup/8340e23e-5ca3-4c56-9754-2ad3e7fba991-chrome-pdf.html","meta":{"rootId":"r1rk29wt4u294hk","id":"r1rk29wt4u294hk"},"id":"btnd0az973f37px","previousOperationId":"hedk7gk88xyn8gg"}
{"type":"log","timestamp":1701091826510,"level":"debug","message":"Page request finished: GET (document) 200 file:///var/folders/dp/qk79pfcj0y1fmtkkl08m76rc0000gn/T/jsreport/autocleanup/8340e23e-5ca3-4c56-9754-2ad3e7fba991-chrome-pdf.html","meta":{"rootId":"r1rk29wt4u294hk","id":"r1rk29wt4u294hk"},"id":"6uoep6smpkwz1hf","previousOperationId":"hedk7gk88xyn8gg"}
{"type":"log","timestamp":1701091826519,"level":"debug","message":"Running chrome with params {\"printBackground\":true,\"timeout\":59966,\"margin\":{}}","meta":{"rootId":"r1rk29wt4u294hk","id":"r1rk29wt4u294hk"},"id":"rropi5112pi2dnb","previousOperationId":"hedk7gk88xyn8gg"}
{"type":"operationEnd","operationId":"hedk7gk88xyn8gg","timestamp":1701091826537,"id":"ndwdipwb42fmh6j","previousEventId":"c08dki0v0sns1cn","previousOperationId":"hedk7gk88xyn8gg"}
{"type":"log","timestamp":1701091826537,"level":"debug","message":"Skipping storing report.","meta":{"rootId":"r1rk29wt4u294hk","id":"r1rk29wt4u294hk"},"id":"kypwjv5l2o8w952","previousOperationId":"hedk7gk88xyn8gg"}
{"type":"log","timestamp":1701091826537,"level":"info","message":"Rendering request 124 finished in 123 ms","meta":{"rootId":"r1rk29wt4u294hk","id":"r1rk29wt4u294hk"},"id":"54d69wl8l9to970","previousOperationId":"hedk7gk88xyn8gg"}
{"type":"operationEnd","subtype":"render","operationId":"zmr1z8fw269hy1w","timestamp":1701091826537,"id":"5xyuf6noxqwg5jd","previousEventId":"ndwdipwb42fmh6j","previousOperationId":"hedk7gk88xyn8gg"}
{"type":"operationEnd","doDiffs":false,"previousEventId":"l7j68brgsnew1qe","previousOperationId":"bupbwk3qu2r7aag","operationId":"bupbwk3qu2r7aag","timestamp":1701091826539,"id":"49iq7kmwyu7r0lo"}
