{"type":"operationStart","subtype":"profile","data":{"_id":"kB4Pc4vrLaqmpSzR","timestamp":"2023-11-27T08:19:25.854Z","state":"queued","mode":"standard","creationDate":"2023-11-27T08:19:25.856Z","modificationDate":"2023-11-27T08:19:25.856Z","shortid":"esAFgeZ","$entitySet":"profiles"},"doDiffs":false,"timestamp":1701073165855,"id":"7kiaiog1c6kmay0","previousOperationId":null,"operationId":"ezwoi8xfyx36a4x"}
{"type":"log","level":"info","message":"Render request 7 queued for execution and waiting for available worker","previousOperationId":"ezwoi8xfyx36a4x","timestamp":1701073165856,"id":"lvdvfu85zr0ucgc"}
{"type":"operationStart","subtype":"render","name":"sporazum_privatno","previousOperationId":"ezwoi8xfyx36a4x","timestamp":1701073165862,"id":"r7hgmsi6d6kl30i","previousEventId":"7kiaiog1c6kmay0","operationId":"w7yiv0m2htiwl3n"}
{"type":"log","timestamp":1701073165862,"level":"info","message":"Starting rendering request 7","meta":{"rootId":"1wb1sv241ymvc1q","id":"1wb1sv241ymvc1q"},"id":"dm31ha8hy8yi339","previousOperationId":"w7yiv0m2htiwl3n"}
{"type":"log","timestamp":1701073165862,"level":"info","message":"Rendering template { name: sporazum_privatno, recipe: chrome-pdf, engine: handlebars, preview: true }","meta":{"rootId":"1wb1sv241ymvc1q","id":"1wb1sv241ymvc1q"},"id":"mchfvfo324fqxrj","previousOperationId":"w7yiv0m2htiwl3n"}
{"type":"log","timestamp":1701073165866,"level":"debug","message":"Inline data specified.","meta":{"rootId":"1wb1sv241ymvc1q","id":"1wb1sv241ymvc1q"},"id":"364b01ww8rp297v","previousOperationId":"w7yiv0m2htiwl3n"}
{"type":"log","timestamp":1701073165869,"level":"debug","message":"Base url not specified, skipping its injection.","meta":{"rootId":"1wb1sv241ymvc1q","id":"1wb1sv241ymvc1q"},"id":"du4vbgaldxmefyg","previousOperationId":"w7yiv0m2htiwl3n"}
{"type":"operationStart","subtype":"engine","name":"handlebars","timestamp":1701073165870,"id":"dnzi5aan29lrvav","previousEventId":"r7hgmsi6d6kl30i","operationId":"eqrzg5tlu7geobi","previousOperationId":"w7yiv0m2htiwl3n"}
{"type":"log","timestamp":1701073165870,"level":"debug","message":"Rendering engine handlebars","meta":{"rootId":"1wb1sv241ymvc1q","id":"1wb1sv241ymvc1q"},"id":"qq8xkmeqr9ch4oa","previousOperationId":"eqrzg5tlu7geobi"}
{"type":"operationEnd","operationId":"eqrzg5tlu7geobi","timestamp":1701073165887,"id":"zynrqwydc3l5vmx","previousEventId":"dnzi5aan29lrvav","previousOperationId":"eqrzg5tlu7geobi"}
{"type":"operationStart","subtype":"recipe","name":"chrome-pdf","timestamp":1701073165888,"id":"6czpe2hr7n870a6","previousEventId":"zynrqwydc3l5vmx","operationId":"btlqj83wnocs0us","previousOperationId":"eqrzg5tlu7geobi"}
{"type":"log","timestamp":1701073165888,"level":"debug","message":"Executing recipe chrome-pdf","meta":{"rootId":"1wb1sv241ymvc1q","id":"1wb1sv241ymvc1q"},"id":"vhfmlr10mzmj5ku","previousOperationId":"btlqj83wnocs0us"}
{"type":"log","timestamp":1701073165889,"level":"debug","message":"Converting with chrome HeadlessChrome/117.0.5938.149 using chrome-pool strategy","meta":{"rootId":"1wb1sv241ymvc1q","id":"1wb1sv241ymvc1q"},"id":"ahukcto3hlm4dkf","previousOperationId":"btlqj83wnocs0us"}
{"type":"log","timestamp":1701073165940,"level":"debug","message":"Page request: GET (document) file:///var/folders/dp/qk79pfcj0y1fmtkkl08m76rc0000gn/T/jsreport/autocleanup/64013f5a-7664-49f5-8905-2f802a698655-chrome-pdf.html","meta":{"rootId":"1wb1sv241ymvc1q","id":"1wb1sv241ymvc1q"},"id":"lcc2woldrizvomh","previousOperationId":"btlqj83wnocs0us"}
{"type":"log","timestamp":1701073165944,"level":"debug","message":"Page request finished: GET (document) 200 file:///var/folders/dp/qk79pfcj0y1fmtkkl08m76rc0000gn/T/jsreport/autocleanup/64013f5a-7664-49f5-8905-2f802a698655-chrome-pdf.html","meta":{"rootId":"1wb1sv241ymvc1q","id":"1wb1sv241ymvc1q"},"id":"8c2aezrf0k6emlb","previousOperationId":"btlqj83wnocs0us"}
{"type":"log","timestamp":1701073165954,"level":"debug","message":"Running chrome with params {\"printBackground\":true,\"format\":\"a4\",\"marginTop\":\"2cm\",\"marginBottom\":\"2cm\",\"timeout\":59965,\"margin\":{\"top\":\"2cm\",\"bottom\":\"2cm\"}}","meta":{"rootId":"1wb1sv241ymvc1q","id":"1wb1sv241ymvc1q"},"id":"czgwmk3cite357p","previousOperationId":"btlqj83wnocs0us"}
{"type":"operationEnd","operationId":"btlqj83wnocs0us","timestamp":1701073165974,"id":"4t40ualqfc1ah5f","previousEventId":"6czpe2hr7n870a6","previousOperationId":"btlqj83wnocs0us"}
{"type":"log","timestamp":1701073165974,"level":"info","message":"pdf-utils is starting pdf processing","meta":{"rootId":"1wb1sv241ymvc1q","id":"1wb1sv241ymvc1q"},"id":"zrvyr3adcb964lv","previousOperationId":"btlqj83wnocs0us"}
{"type":"operationStart","subtype":"pdfUtils","name":"pdf utils","timestamp":1701073165974,"id":"041h5ya8tylioxp","previousEventId":"4t40ualqfc1ah5f","operationId":"q1tzvb81iwhmx4w","previousOperationId":"btlqj83wnocs0us"}
{"type":"log","timestamp":1701073165974,"level":"debug","message":"pdf-utils detected 1 pdf operation(s) to process","meta":{"rootId":"1wb1sv241ymvc1q","id":"1wb1sv241ymvc1q"},"id":"n3x1szvj4lj4lai","previousOperationId":"q1tzvb81iwhmx4w"}
{"type":"log","timestamp":1701073166000,"level":"debug","message":"pdf-utils running pdf operation merge","meta":{"rootId":"1wb1sv241ymvc1q","id":"1wb1sv241ymvc1q"},"id":"m6wjdhcjg2eepud","previousOperationId":"q1tzvb81iwhmx4w"}
{"type":"operationStart","subtype":"pdfUtilsMerge","name":"pdf utils merge","previousOperationId":"q1tzvb81iwhmx4w","timestamp":1701073166000,"id":"7smxli7k60ussp1","previousEventId":"041h5ya8tylioxp","operationId":"9y43r71aru20aun"}
{"type":"operationStart","subtype":"render","name":"header-footer","previousOperationId":"9y43r71aru20aun","timestamp":1701073166000,"id":"3w3mmds6cbxzcch","previousEventId":"7smxli7k60ussp1","operationId":"dqy7iyo1dw178i3"}
{"type":"log","timestamp":1701073166000,"level":"info","message":"Starting rendering (child) request","meta":{"rootId":"1wb1sv241ymvc1q","id":"hmg89gk8bymkg5t"},"id":"834ekw2e9fgflsz","previousOperationId":"dqy7iyo1dw178i3"}
{"type":"log","timestamp":1701073166000,"level":"info","message":"Rendering template { name: header-footer, recipe: chrome-pdf, engine: handlebars, preview: true }","meta":{"rootId":"1wb1sv241ymvc1q","id":"hmg89gk8bymkg5t"},"id":"alytegz0e5zp0rb","previousOperationId":"dqy7iyo1dw178i3"}
{"type":"log","timestamp":1701073166000,"level":"debug","message":"Inline data specified.","meta":{"rootId":"1wb1sv241ymvc1q","id":"hmg89gk8bymkg5t"},"id":"tjipdimpv4h3jsd","previousOperationId":"dqy7iyo1dw178i3"}
{"type":"log","timestamp":1701073166001,"level":"debug","message":"Base url not specified, skipping its injection.","meta":{"rootId":"1wb1sv241ymvc1q","id":"hmg89gk8bymkg5t"},"id":"uq8t4k6s60ma4oh","previousOperationId":"dqy7iyo1dw178i3"}
{"type":"operationStart","subtype":"engine","name":"handlebars","timestamp":1701073166001,"id":"863j3gsjfa925hr","previousEventId":"3w3mmds6cbxzcch","operationId":"ipvxxwtcqf78zhc","previousOperationId":"dqy7iyo1dw178i3"}
{"type":"log","timestamp":1701073166001,"level":"debug","message":"Rendering engine handlebars","meta":{"rootId":"1wb1sv241ymvc1q","id":"hmg89gk8bymkg5t"},"id":"8bsnsiyfwygqq63","previousOperationId":"ipvxxwtcqf78zhc"}
{"type":"operationEnd","operationId":"ipvxxwtcqf78zhc","timestamp":1701073166005,"id":"8bb0ld01bfy2cv5","previousEventId":"863j3gsjfa925hr","previousOperationId":"ipvxxwtcqf78zhc"}
{"type":"operationStart","subtype":"recipe","name":"chrome-pdf","timestamp":1701073166006,"id":"67lwgs81h5ftzaf","previousEventId":"8bb0ld01bfy2cv5","operationId":"osarjuahn02gtdd","previousOperationId":"ipvxxwtcqf78zhc"}
{"type":"log","timestamp":1701073166006,"level":"debug","message":"Executing recipe chrome-pdf","meta":{"rootId":"1wb1sv241ymvc1q","id":"hmg89gk8bymkg5t"},"id":"vqx2b651njn9vgr","previousOperationId":"osarjuahn02gtdd"}
{"type":"log","timestamp":1701073166006,"level":"debug","message":"Converting with chrome HeadlessChrome/117.0.5938.149 using chrome-pool strategy","meta":{"rootId":"1wb1sv241ymvc1q","id":"hmg89gk8bymkg5t"},"id":"ttf72b8gis401b7","previousOperationId":"osarjuahn02gtdd"}
{"type":"log","timestamp":1701073166043,"level":"debug","message":"Page request: GET (document) file:///var/folders/dp/qk79pfcj0y1fmtkkl08m76rc0000gn/T/jsreport/autocleanup/56b81568-3ed8-4b5e-a0eb-e7ce376a92a9-chrome-pdf.html","meta":{"rootId":"1wb1sv241ymvc1q","id":"hmg89gk8bymkg5t"},"id":"edjpct3nud8amma","previousOperationId":"osarjuahn02gtdd"}
{"type":"log","timestamp":1701073166048,"level":"debug","message":"Page request finished: GET (document) 200 file:///var/folders/dp/qk79pfcj0y1fmtkkl08m76rc0000gn/T/jsreport/autocleanup/56b81568-3ed8-4b5e-a0eb-e7ce376a92a9-chrome-pdf.html","meta":{"rootId":"1wb1sv241ymvc1q","id":"hmg89gk8bymkg5t"},"id":"3ud4vwh5c6onacp","previousOperationId":"osarjuahn02gtdd"}
{"type":"log","timestamp":1701073166055,"level":"debug","message":"Running chrome with params {\"timeout\":59848,\"margin\":{},\"printBackground\":true}","meta":{"rootId":"1wb1sv241ymvc1q","id":"hmg89gk8bymkg5t"},"id":"w0ql76vue6bcgo7","previousOperationId":"osarjuahn02gtdd"}
{"type":"operationEnd","operationId":"osarjuahn02gtdd","timestamp":1701073166061,"id":"rprkbnb4jy9eaaq","previousEventId":"67lwgs81h5ftzaf","previousOperationId":"osarjuahn02gtdd"}
{"type":"log","timestamp":1701073166061,"level":"debug","message":"Skipping storing report.","meta":{"rootId":"1wb1sv241ymvc1q","id":"hmg89gk8bymkg5t"},"id":"z14qs4xgrysckkf","previousOperationId":"osarjuahn02gtdd"}
{"type":"log","timestamp":1701073166061,"level":"info","message":"Rendering (child) request finished in 207 ms","meta":{"rootId":"1wb1sv241ymvc1q","id":"hmg89gk8bymkg5t"},"id":"dju93y112bx17vf","previousOperationId":"osarjuahn02gtdd"}
{"type":"operationEnd","subtype":"render","operationId":"dqy7iyo1dw178i3","timestamp":1701073166061,"id":"hcyx5fvtjb8bi9k","previousEventId":"rprkbnb4jy9eaaq","previousOperationId":"osarjuahn02gtdd"}
{"type":"operationEnd","operationId":"9y43r71aru20aun","timestamp":1701073166066,"id":"d49gmw72v35r679","previousEventId":"7smxli7k60ussp1","previousOperationId":"9y43r71aru20aun"}
{"type":"log","timestamp":1701073166066,"level":"debug","message":"pdf-utils postproces start","meta":{"rootId":"1wb1sv241ymvc1q","id":"1wb1sv241ymvc1q"},"id":"r3gacqm3qnpk9b0","previousOperationId":"9y43r71aru20aun"}
{"type":"log","timestamp":1701073166074,"level":"debug","message":"pdf-utils postproces end","meta":{"rootId":"1wb1sv241ymvc1q","id":"1wb1sv241ymvc1q"},"id":"wjtq77hvo5h6ase","previousOperationId":"9y43r71aru20aun"}
{"type":"operationEnd","operationId":"q1tzvb81iwhmx4w","timestamp":1701073166074,"id":"2np44xaw3x7bdts","previousEventId":"d49gmw72v35r679","previousOperationId":"9y43r71aru20aun"}
{"type":"log","timestamp":1701073166074,"level":"info","message":"pdf-utils pdf processing was finished","meta":{"rootId":"1wb1sv241ymvc1q","id":"1wb1sv241ymvc1q"},"id":"rq6tgtqykq7x22j","previousOperationId":"q1tzvb81iwhmx4w"}
{"type":"log","timestamp":1701073166074,"level":"debug","message":"Skipping storing report.","meta":{"rootId":"1wb1sv241ymvc1q","id":"1wb1sv241ymvc1q"},"id":"y3ud4xxq1bkvrpz","previousOperationId":"q1tzvb81iwhmx4w"}
{"type":"log","timestamp":1701073166074,"level":"info","message":"Rendering request 7 finished in 220 ms","meta":{"rootId":"1wb1sv241ymvc1q","id":"1wb1sv241ymvc1q"},"id":"ids02674porspkz","previousOperationId":"q1tzvb81iwhmx4w"}
{"type":"operationEnd","subtype":"render","operationId":"w7yiv0m2htiwl3n","timestamp":1701073166074,"id":"ccpjmk4hjbhmdsv","previousEventId":"2np44xaw3x7bdts","previousOperationId":"q1tzvb81iwhmx4w"}
{"type":"operationEnd","doDiffs":false,"previousEventId":"7kiaiog1c6kmay0","previousOperationId":"ezwoi8xfyx36a4x","operationId":"ezwoi8xfyx36a4x","timestamp":1701073166077,"id":"ks1e63v4fv7vbwg"}
