{"type":"operationStart","subtype":"profile","data":{"_id":"pEB3146VUh9iITiv","timestamp":"2023-11-27T08:36:55.375Z","state":"queued","mode":"standard","creationDate":"2023-11-27T08:36:55.375Z","modificationDate":"2023-11-27T08:36:55.375Z","shortid":"Tb7eP7S","$entitySet":"profiles"},"doDiffs":false,"timestamp":1701074215375,"id":"wvl1mzho9ooovsb","previousOperationId":null,"operationId":"4bi3vt9pwclvzg2"}
{"type":"log","level":"info","message":"Render request 22 queued for execution and waiting for available worker","previousOperationId":"4bi3vt9pwclvzg2","timestamp":1701074215375,"id":"auynwlvpv6favrl"}
{"type":"operationStart","subtype":"render","name":"sporazum_privatno","previousOperationId":"4bi3vt9pwclvzg2","timestamp":1701074215383,"id":"zejz1yqofyvqtba","previousEventId":"wvl1mzho9ooovsb","operationId":"hz7e173zretzayf"}
{"type":"log","timestamp":1701074215383,"level":"info","message":"Starting rendering request 22","meta":{"rootId":"bhq8o79gctxobmw","id":"bhq8o79gctxobmw"},"id":"eh07emjern646sq","previousOperationId":"hz7e173zretzayf"}
{"type":"log","timestamp":1701074215384,"level":"info","message":"Rendering template { name: sporazum_privatno, recipe: chrome-pdf, engine: handlebars, preview: true }","meta":{"rootId":"bhq8o79gctxobmw","id":"bhq8o79gctxobmw"},"id":"n1abzvulsdxbmq1","previousOperationId":"hz7e173zretzayf"}
{"type":"log","timestamp":1701074215385,"level":"debug","message":"Inline data specified.","meta":{"rootId":"bhq8o79gctxobmw","id":"bhq8o79gctxobmw"},"id":"8s09djh3q3fdxuk","previousOperationId":"hz7e173zretzayf"}
{"type":"log","timestamp":1701074215386,"level":"debug","message":"Base url not specified, skipping its injection.","meta":{"rootId":"bhq8o79gctxobmw","id":"bhq8o79gctxobmw"},"id":"xp8i24mc2cf1dda","previousOperationId":"hz7e173zretzayf"}
{"type":"operationStart","subtype":"engine","name":"handlebars","timestamp":1701074215387,"id":"1v0ghq1rx58d45z","previousEventId":"zejz1yqofyvqtba","operationId":"oowwbbr9ev9bvc2","previousOperationId":"hz7e173zretzayf"}
{"type":"log","timestamp":1701074215387,"level":"debug","message":"Rendering engine handlebars","meta":{"rootId":"bhq8o79gctxobmw","id":"bhq8o79gctxobmw"},"id":"ce3jrd963uko1qg","previousOperationId":"oowwbbr9ev9bvc2"}
{"type":"operationEnd","operationId":"oowwbbr9ev9bvc2","timestamp":1701074215405,"id":"icfkvjn3j835uij","previousEventId":"1v0ghq1rx58d45z","previousOperationId":"oowwbbr9ev9bvc2"}
{"type":"operationStart","subtype":"recipe","name":"chrome-pdf","timestamp":1701074215405,"id":"b3hm6iwnftasfbg","previousEventId":"icfkvjn3j835uij","operationId":"onpj30fpk91s8s6","previousOperationId":"oowwbbr9ev9bvc2"}
{"type":"log","timestamp":1701074215405,"level":"debug","message":"Executing recipe chrome-pdf","meta":{"rootId":"bhq8o79gctxobmw","id":"bhq8o79gctxobmw"},"id":"zy4x74z2wpm2fqk","previousOperationId":"onpj30fpk91s8s6"}
{"type":"log","timestamp":1701074215407,"level":"debug","message":"Converting with chrome HeadlessChrome/117.0.5938.149 using chrome-pool strategy","meta":{"rootId":"bhq8o79gctxobmw","id":"bhq8o79gctxobmw"},"id":"6b4maxrpa673rhz","previousOperationId":"onpj30fpk91s8s6"}
{"type":"log","timestamp":1701074215457,"level":"debug","message":"Page request: GET (document) file:///var/folders/dp/qk79pfcj0y1fmtkkl08m76rc0000gn/T/jsreport/autocleanup/489a80c3-89f0-4fe8-90cc-9c5be0ea88cc-chrome-pdf.html","meta":{"rootId":"bhq8o79gctxobmw","id":"bhq8o79gctxobmw"},"id":"a6hyx628yzcwy6k","previousOperationId":"onpj30fpk91s8s6"}
{"type":"log","timestamp":1701074215461,"level":"debug","message":"Page request finished: GET (document) 200 file:///var/folders/dp/qk79pfcj0y1fmtkkl08m76rc0000gn/T/jsreport/autocleanup/489a80c3-89f0-4fe8-90cc-9c5be0ea88cc-chrome-pdf.html","meta":{"rootId":"bhq8o79gctxobmw","id":"bhq8o79gctxobmw"},"id":"kyoky6isbdcj4qp","previousOperationId":"onpj30fpk91s8s6"}
{"type":"log","timestamp":1701074215472,"level":"debug","message":"Running chrome with params {\"printBackground\":true,\"format\":\"a4\",\"marginTop\":\"2cm\",\"marginBottom\":\"2cm\",\"timeout\":59969,\"margin\":{\"top\":\"2cm\",\"bottom\":\"2cm\"}}","meta":{"rootId":"bhq8o79gctxobmw","id":"bhq8o79gctxobmw"},"id":"s4lly051ra2079j","previousOperationId":"onpj30fpk91s8s6"}
{"type":"operationEnd","operationId":"onpj30fpk91s8s6","timestamp":1701074215493,"id":"5tcpntd21otxcur","previousEventId":"b3hm6iwnftasfbg","previousOperationId":"onpj30fpk91s8s6"}
{"type":"log","timestamp":1701074215493,"level":"info","message":"pdf-utils is starting pdf processing","meta":{"rootId":"bhq8o79gctxobmw","id":"bhq8o79gctxobmw"},"id":"v10fm7x9i6pzxj4","previousOperationId":"onpj30fpk91s8s6"}
{"type":"operationStart","subtype":"pdfUtils","name":"pdf utils","timestamp":1701074215493,"id":"8o42xzadgczyy5j","previousEventId":"5tcpntd21otxcur","operationId":"86ain6r3800g90f","previousOperationId":"onpj30fpk91s8s6"}
{"type":"log","timestamp":1701074215493,"level":"debug","message":"pdf-utils detected 1 pdf operation(s) to process","meta":{"rootId":"bhq8o79gctxobmw","id":"bhq8o79gctxobmw"},"id":"akln5t8f9wb36e2","previousOperationId":"86ain6r3800g90f"}
{"type":"log","timestamp":1701074215518,"level":"debug","message":"pdf-utils running pdf operation merge","meta":{"rootId":"bhq8o79gctxobmw","id":"bhq8o79gctxobmw"},"id":"9vrqntjhv6tuccn","previousOperationId":"86ain6r3800g90f"}
{"type":"operationStart","subtype":"pdfUtilsMerge","name":"pdf utils merge","previousOperationId":"86ain6r3800g90f","timestamp":1701074215518,"id":"wxr0xnj7nmalbq9","previousEventId":"8o42xzadgczyy5j","operationId":"xa125qi7893j0ed"}
{"type":"operationStart","subtype":"render","name":"header-footer","previousOperationId":"xa125qi7893j0ed","timestamp":1701074215519,"id":"qovf78zsmo1rbe4","previousEventId":"wxr0xnj7nmalbq9","operationId":"g9ygdsmgjef2h4w"}
{"type":"log","timestamp":1701074215519,"level":"info","message":"Starting rendering (child) request","meta":{"rootId":"bhq8o79gctxobmw","id":"7rk592ndhf89q6y"},"id":"uxbfq3xktzlxr58","previousOperationId":"g9ygdsmgjef2h4w"}
{"type":"log","timestamp":1701074215519,"level":"info","message":"Rendering template { name: header-footer, recipe: chrome-pdf, engine: handlebars, preview: true }","meta":{"rootId":"bhq8o79gctxobmw","id":"7rk592ndhf89q6y"},"id":"d30q0q4ber1jcxq","previousOperationId":"g9ygdsmgjef2h4w"}
{"type":"log","timestamp":1701074215520,"level":"debug","message":"Inline data specified.","meta":{"rootId":"bhq8o79gctxobmw","id":"7rk592ndhf89q6y"},"id":"omybk44fhzpfhes","previousOperationId":"g9ygdsmgjef2h4w"}
{"type":"log","timestamp":1701074215521,"level":"debug","message":"Base url not specified, skipping its injection.","meta":{"rootId":"bhq8o79gctxobmw","id":"7rk592ndhf89q6y"},"id":"vfvrfonz7ulz1w3","previousOperationId":"g9ygdsmgjef2h4w"}
{"type":"operationStart","subtype":"engine","name":"handlebars","timestamp":1701074215521,"id":"cdnnc2uabtwwown","previousEventId":"qovf78zsmo1rbe4","operationId":"tribtgtxgzx1bs2","previousOperationId":"g9ygdsmgjef2h4w"}
{"type":"log","timestamp":1701074215522,"level":"debug","message":"Rendering engine handlebars","meta":{"rootId":"bhq8o79gctxobmw","id":"7rk592ndhf89q6y"},"id":"2y6cnp790fk41ku","previousOperationId":"tribtgtxgzx1bs2"}
{"type":"operationEnd","operationId":"tribtgtxgzx1bs2","timestamp":1701074215527,"id":"klue1av3bhebaum","previousEventId":"cdnnc2uabtwwown","previousOperationId":"tribtgtxgzx1bs2"}
{"type":"operationStart","subtype":"recipe","name":"chrome-pdf","timestamp":1701074215527,"id":"3zkv5bs8u3y4c3e","previousEventId":"klue1av3bhebaum","operationId":"8rj1qoc7fhyym3j","previousOperationId":"tribtgtxgzx1bs2"}
{"type":"log","timestamp":1701074215527,"level":"debug","message":"Executing recipe chrome-pdf","meta":{"rootId":"bhq8o79gctxobmw","id":"7rk592ndhf89q6y"},"id":"umi0d6d45p645ze","previousOperationId":"8rj1qoc7fhyym3j"}
{"type":"log","timestamp":1701074215528,"level":"debug","message":"Converting with chrome HeadlessChrome/117.0.5938.149 using chrome-pool strategy","meta":{"rootId":"bhq8o79gctxobmw","id":"7rk592ndhf89q6y"},"id":"97cnhh86s7b29rd","previousOperationId":"8rj1qoc7fhyym3j"}
{"type":"log","timestamp":1701074215567,"level":"debug","message":"Page request: GET (document) file:///var/folders/dp/qk79pfcj0y1fmtkkl08m76rc0000gn/T/jsreport/autocleanup/dd062188-4d10-406d-b36a-4fa8ae2c4f22-chrome-pdf.html","meta":{"rootId":"bhq8o79gctxobmw","id":"7rk592ndhf89q6y"},"id":"cmjfq2c9ap1z0tz","previousOperationId":"8rj1qoc7fhyym3j"}
{"type":"log","timestamp":1701074215571,"level":"debug","message":"Page request finished: GET (document) 200 file:///var/folders/dp/qk79pfcj0y1fmtkkl08m76rc0000gn/T/jsreport/autocleanup/dd062188-4d10-406d-b36a-4fa8ae2c4f22-chrome-pdf.html","meta":{"rootId":"bhq8o79gctxobmw","id":"7rk592ndhf89q6y"},"id":"2f0ohil0n0l46lx","previousOperationId":"8rj1qoc7fhyym3j"}
{"type":"log","timestamp":1701074215579,"level":"debug","message":"Running chrome with params {\"timeout\":59847,\"margin\":{},\"printBackground\":true}","meta":{"rootId":"bhq8o79gctxobmw","id":"7rk592ndhf89q6y"},"id":"aqxhbieszx9myej","previousOperationId":"8rj1qoc7fhyym3j"}
{"type":"operationEnd","operationId":"8rj1qoc7fhyym3j","timestamp":1701074215585,"id":"w8tymanpmn4t7pk","previousEventId":"3zkv5bs8u3y4c3e","previousOperationId":"8rj1qoc7fhyym3j"}
{"type":"log","timestamp":1701074215585,"level":"debug","message":"Skipping storing report.","meta":{"rootId":"bhq8o79gctxobmw","id":"7rk592ndhf89q6y"},"id":"u9ggbkltfr8l6dn","previousOperationId":"8rj1qoc7fhyym3j"}
{"type":"log","timestamp":1701074215585,"level":"info","message":"Rendering (child) request finished in 210 ms","meta":{"rootId":"bhq8o79gctxobmw","id":"7rk592ndhf89q6y"},"id":"pbqokefcdpfh6ev","previousOperationId":"8rj1qoc7fhyym3j"}
{"type":"operationEnd","subtype":"render","operationId":"g9ygdsmgjef2h4w","timestamp":1701074215585,"id":"lhtashw3tsn5qi5","previousEventId":"w8tymanpmn4t7pk","previousOperationId":"8rj1qoc7fhyym3j"}
{"type":"operationEnd","operationId":"xa125qi7893j0ed","timestamp":1701074215590,"id":"czzf6nck8qg7i58","previousEventId":"wxr0xnj7nmalbq9","previousOperationId":"xa125qi7893j0ed"}
{"type":"log","timestamp":1701074215590,"level":"debug","message":"pdf-utils postproces start","meta":{"rootId":"bhq8o79gctxobmw","id":"bhq8o79gctxobmw"},"id":"rhzw82ktv4irfwk","previousOperationId":"xa125qi7893j0ed"}
{"type":"log","timestamp":1701074215596,"level":"debug","message":"pdf-utils postproces end","meta":{"rootId":"bhq8o79gctxobmw","id":"bhq8o79gctxobmw"},"id":"gasozlee01temdi","previousOperationId":"xa125qi7893j0ed"}
{"type":"operationEnd","operationId":"86ain6r3800g90f","timestamp":1701074215596,"id":"ye1np5v5zf88102","previousEventId":"czzf6nck8qg7i58","previousOperationId":"xa125qi7893j0ed"}
{"type":"log","timestamp":1701074215596,"level":"info","message":"pdf-utils pdf processing was finished","meta":{"rootId":"bhq8o79gctxobmw","id":"bhq8o79gctxobmw"},"id":"mel2i1gthtwtjjr","previousOperationId":"86ain6r3800g90f"}
{"type":"log","timestamp":1701074215596,"level":"debug","message":"Skipping storing report.","meta":{"rootId":"bhq8o79gctxobmw","id":"bhq8o79gctxobmw"},"id":"yd1jdjyvd733xom","previousOperationId":"86ain6r3800g90f"}
{"type":"log","timestamp":1701074215596,"level":"info","message":"Rendering request 22 finished in 221 ms","meta":{"rootId":"bhq8o79gctxobmw","id":"bhq8o79gctxobmw"},"id":"n1z0ntf8wot9xam","previousOperationId":"86ain6r3800g90f"}
{"type":"operationEnd","subtype":"render","operationId":"hz7e173zretzayf","timestamp":1701074215596,"id":"84z8inlxkn66e5v","previousEventId":"ye1np5v5zf88102","previousOperationId":"86ain6r3800g90f"}
{"type":"operationEnd","doDiffs":false,"previousEventId":"wvl1mzho9ooovsb","previousOperationId":"4bi3vt9pwclvzg2","operationId":"4bi3vt9pwclvzg2","timestamp":1701074215599,"id":"f324u9gbc7u4ivg"}
