{"type":"operationStart","subtype":"profile","data":{"_id":"OiXQc26ArhsUQoXr","timestamp":"2023-11-27T08:14:17.819Z","state":"queued","mode":"standard","creationDate":"2023-11-27T08:14:17.821Z","modificationDate":"2023-11-27T08:14:17.821Z","shortid":"4n98sPp","$entitySet":"profiles"},"doDiffs":false,"timestamp":1701072857820,"id":"moxonvofn4892it","previousOperationId":null,"operationId":"63lyfqa5bpo8zb4"}
{"type":"log","level":"info","message":"Render request 2 queued for execution and waiting for available worker","previousOperationId":"63lyfqa5bpo8zb4","timestamp":1701072857820,"id":"t4zotdhwdeuqckd"}
{"type":"operationStart","subtype":"render","name":"sporazum_privatno","previousOperationId":"63lyfqa5bpo8zb4","timestamp":1701072857841,"id":"1yuojew949tojyy","previousEventId":"moxonvofn4892it","operationId":"k2j828biehhzfln"}
{"type":"log","timestamp":1701072857842,"level":"info","message":"Starting rendering request 2","meta":{"rootId":"d8hzh0rt42v7reh","id":"d8hzh0rt42v7reh"},"id":"mng98v1sb4r083b","previousOperationId":"k2j828biehhzfln"}
{"type":"log","timestamp":1701072857842,"level":"info","message":"Rendering template { name: sporazum_privatno, recipe: chrome-pdf, engine: handlebars, preview: true }","meta":{"rootId":"d8hzh0rt42v7reh","id":"d8hzh0rt42v7reh"},"id":"s6pyu7ih4iwh496","previousOperationId":"k2j828biehhzfln"}
{"type":"log","timestamp":1701072857843,"level":"debug","message":"Adding sample data BBCHzcseQ","meta":{"rootId":"d8hzh0rt42v7reh","id":"d8hzh0rt42v7reh"},"id":"gco0cazw6rige1c","previousOperationId":"k2j828biehhzfln"}
{"type":"log","timestamp":1701072857845,"level":"debug","message":"Base url not specified, skipping its injection.","meta":{"rootId":"d8hzh0rt42v7reh","id":"d8hzh0rt42v7reh"},"id":"s81k8tqbownllyh","previousOperationId":"k2j828biehhzfln"}
{"type":"operationStart","subtype":"engine","name":"handlebars","timestamp":1701072857845,"id":"zlx19q7sxxntjet","previousEventId":"1yuojew949tojyy","operationId":"sqwm89o52xce5h7","previousOperationId":"k2j828biehhzfln"}
{"type":"log","timestamp":1701072857845,"level":"debug","message":"Rendering engine handlebars","meta":{"rootId":"d8hzh0rt42v7reh","id":"d8hzh0rt42v7reh"},"id":"jj2rvqc0naqhci6","previousOperationId":"sqwm89o52xce5h7"}
{"type":"operationEnd","operationId":"sqwm89o52xce5h7","timestamp":1701072858095,"id":"ihdq8n095duzlxn","previousEventId":"zlx19q7sxxntjet","previousOperationId":"sqwm89o52xce5h7"}
{"type":"operationStart","subtype":"recipe","name":"chrome-pdf","timestamp":1701072858096,"id":"bvygpx6hyd64c3d","previousEventId":"ihdq8n095duzlxn","operationId":"zn0089pi97pkyfi","previousOperationId":"sqwm89o52xce5h7"}
{"type":"log","timestamp":1701072858096,"level":"debug","message":"Executing recipe chrome-pdf","meta":{"rootId":"d8hzh0rt42v7reh","id":"d8hzh0rt42v7reh"},"id":"6h2owu2gjf3mx1n","previousOperationId":"zn0089pi97pkyfi"}
{"type":"log","timestamp":1701072858277,"level":"debug","message":"Converting with chrome HeadlessChrome/117.0.5938.149 using chrome-pool strategy","meta":{"rootId":"d8hzh0rt42v7reh","id":"d8hzh0rt42v7reh"},"id":"wc4jqq6ngfzi469","previousOperationId":"zn0089pi97pkyfi"}
{"type":"log","timestamp":1701072858334,"level":"debug","message":"Page request: GET (document) file:///var/folders/dp/qk79pfcj0y1fmtkkl08m76rc0000gn/T/jsreport/autocleanup/7c297a43-9279-4b80-8736-2b038e35c67f-chrome-pdf.html","meta":{"rootId":"d8hzh0rt42v7reh","id":"d8hzh0rt42v7reh"},"id":"m6mt1xblz4acmew","previousOperationId":"zn0089pi97pkyfi"}
{"type":"log","timestamp":1701072858340,"level":"debug","message":"Page request finished: GET (document) 200 file:///var/folders/dp/qk79pfcj0y1fmtkkl08m76rc0000gn/T/jsreport/autocleanup/7c297a43-9279-4b80-8736-2b038e35c67f-chrome-pdf.html","meta":{"rootId":"d8hzh0rt42v7reh","id":"d8hzh0rt42v7reh"},"id":"qnz9j7192eavzob","previousOperationId":"zn0089pi97pkyfi"}
{"type":"log","timestamp":1701072858346,"level":"debug","message":"Running chrome with params {\"printBackground\":true,\"format\":\"a4\",\"marginTop\":\"2cm\",\"marginBottom\":\"2cm\",\"timeout\":59718,\"margin\":{\"top\":\"2cm\",\"bottom\":\"2cm\"}}","meta":{"rootId":"d8hzh0rt42v7reh","id":"d8hzh0rt42v7reh"},"id":"87rgpdgq4jbn84h","previousOperationId":"zn0089pi97pkyfi"}
{"type":"operationEnd","operationId":"zn0089pi97pkyfi","timestamp":1701072858370,"id":"hlmhlttzm82l8of","previousEventId":"bvygpx6hyd64c3d","previousOperationId":"zn0089pi97pkyfi"}
{"type":"log","timestamp":1701072858370,"level":"info","message":"pdf-utils is starting pdf processing","meta":{"rootId":"d8hzh0rt42v7reh","id":"d8hzh0rt42v7reh"},"id":"zh14hvo7r6l80kd","previousOperationId":"zn0089pi97pkyfi"}
{"type":"operationStart","subtype":"pdfUtils","name":"pdf utils","timestamp":1701072858433,"id":"1cf9f2wgirx2k3v","previousEventId":"hlmhlttzm82l8of","operationId":"5h2ymy5eltm5rkq","previousOperationId":"zn0089pi97pkyfi"}
{"type":"log","timestamp":1701072858434,"level":"debug","message":"pdf-utils detected 1 pdf operation(s) to process","meta":{"rootId":"d8hzh0rt42v7reh","id":"d8hzh0rt42v7reh"},"id":"43rl725j5w9zye2","previousOperationId":"5h2ymy5eltm5rkq"}
{"type":"log","timestamp":1701072858487,"level":"debug","message":"pdf-utils running pdf operation merge","meta":{"rootId":"d8hzh0rt42v7reh","id":"d8hzh0rt42v7reh"},"id":"jukmm0vsc0jdmz0","previousOperationId":"5h2ymy5eltm5rkq"}
{"type":"operationStart","subtype":"pdfUtilsMerge","name":"pdf utils merge","previousOperationId":"5h2ymy5eltm5rkq","timestamp":1701072858487,"id":"dcwg40gjfvntymg","previousEventId":"1cf9f2wgirx2k3v","operationId":"a5edfgzy7l1sdbu"}
{"type":"operationStart","subtype":"render","name":"header-footer","previousOperationId":"a5edfgzy7l1sdbu","timestamp":1701072858488,"id":"u5mke9084le3m8f","previousEventId":"dcwg40gjfvntymg","operationId":"95a3u3zpy5i46fk"}
{"type":"log","timestamp":1701072858488,"level":"info","message":"Starting rendering (child) request","meta":{"rootId":"d8hzh0rt42v7reh","id":"jlrau5t455coe26"},"id":"mngm2zc0gb46oad","previousOperationId":"95a3u3zpy5i46fk"}
{"type":"log","timestamp":1701072858488,"level":"info","message":"Rendering template { name: header-footer, recipe: chrome-pdf, engine: handlebars, preview: true }","meta":{"rootId":"d8hzh0rt42v7reh","id":"jlrau5t455coe26"},"id":"v7c9odl2zm0w9h9","previousOperationId":"95a3u3zpy5i46fk"}
{"type":"log","timestamp":1701072858490,"level":"debug","message":"Inline data specified.","meta":{"rootId":"d8hzh0rt42v7reh","id":"jlrau5t455coe26"},"id":"155jgf9lfmjxzo0","previousOperationId":"95a3u3zpy5i46fk"}
{"type":"log","timestamp":1701072858490,"level":"debug","message":"Base url not specified, skipping its injection.","meta":{"rootId":"d8hzh0rt42v7reh","id":"jlrau5t455coe26"},"id":"hola5mce2awy60u","previousOperationId":"95a3u3zpy5i46fk"}
{"type":"operationStart","subtype":"engine","name":"handlebars","timestamp":1701072858491,"id":"6ndpm5aqnsopa8t","previousEventId":"u5mke9084le3m8f","operationId":"olhl8g7e40gpays","previousOperationId":"95a3u3zpy5i46fk"}
{"type":"log","timestamp":1701072858491,"level":"debug","message":"Rendering engine handlebars","meta":{"rootId":"d8hzh0rt42v7reh","id":"jlrau5t455coe26"},"id":"xhb5glykcp8hlgl","previousOperationId":"olhl8g7e40gpays"}
{"type":"operationEnd","operationId":"olhl8g7e40gpays","timestamp":1701072858569,"id":"r4w2z2i412jur1y","previousEventId":"6ndpm5aqnsopa8t","previousOperationId":"olhl8g7e40gpays"}
{"type":"operationStart","subtype":"recipe","name":"chrome-pdf","timestamp":1701072858569,"id":"m8a8c5fo3jr1h31","previousEventId":"r4w2z2i412jur1y","operationId":"d8hzx0ozayv1bzv","previousOperationId":"olhl8g7e40gpays"}
{"type":"log","timestamp":1701072858569,"level":"debug","message":"Executing recipe chrome-pdf","meta":{"rootId":"d8hzh0rt42v7reh","id":"jlrau5t455coe26"},"id":"9ngohx9xs4yjp0d","previousOperationId":"d8hzx0ozayv1bzv"}
{"type":"log","timestamp":1701072858570,"level":"debug","message":"Converting with chrome HeadlessChrome/117.0.5938.149 using chrome-pool strategy","meta":{"rootId":"d8hzh0rt42v7reh","id":"jlrau5t455coe26"},"id":"m7vkqvf4aqin847","previousOperationId":"d8hzx0ozayv1bzv"}
{"type":"log","timestamp":1701072858607,"level":"debug","message":"Page request: GET (document) file:///var/folders/dp/qk79pfcj0y1fmtkkl08m76rc0000gn/T/jsreport/autocleanup/c753f0e3-8168-4a01-bc9d-b94d286b6e98-chrome-pdf.html","meta":{"rootId":"d8hzh0rt42v7reh","id":"jlrau5t455coe26"},"id":"7fbof6ajsbkagmx","previousOperationId":"d8hzx0ozayv1bzv"}
{"type":"log","timestamp":1701072858612,"level":"debug","message":"Page request finished: GET (document) 200 file:///var/folders/dp/qk79pfcj0y1fmtkkl08m76rc0000gn/T/jsreport/autocleanup/c753f0e3-8168-4a01-bc9d-b94d286b6e98-chrome-pdf.html","meta":{"rootId":"d8hzh0rt42v7reh","id":"jlrau5t455coe26"},"id":"2wbji9rcw52bwtv","previousOperationId":"d8hzx0ozayv1bzv"}
{"type":"log","timestamp":1701072858619,"level":"debug","message":"Running chrome with params {\"timeout\":59248,\"margin\":{},\"printBackground\":true}","meta":{"rootId":"d8hzh0rt42v7reh","id":"jlrau5t455coe26"},"id":"atlh6z51k4tdnlt","previousOperationId":"d8hzx0ozayv1bzv"}
{"type":"operationEnd","operationId":"d8hzx0ozayv1bzv","timestamp":1701072858625,"id":"l1qt8a5a5gfcdgk","previousEventId":"m8a8c5fo3jr1h31","previousOperationId":"d8hzx0ozayv1bzv"}
{"type":"log","timestamp":1701072858626,"level":"debug","message":"Skipping storing report.","meta":{"rootId":"d8hzh0rt42v7reh","id":"jlrau5t455coe26"},"id":"1ok528exjte0qlu","previousOperationId":"d8hzx0ozayv1bzv"}
{"type":"log","timestamp":1701072858626,"level":"info","message":"Rendering (child) request finished in 808 ms","meta":{"rootId":"d8hzh0rt42v7reh","id":"jlrau5t455coe26"},"id":"jin6llr2njlb5ko","previousOperationId":"d8hzx0ozayv1bzv"}
{"type":"operationEnd","subtype":"render","operationId":"95a3u3zpy5i46fk","timestamp":1701072858626,"id":"m7ymyts3gctnont","previousEventId":"l1qt8a5a5gfcdgk","previousOperationId":"d8hzx0ozayv1bzv"}
{"type":"operationEnd","operationId":"a5edfgzy7l1sdbu","timestamp":1701072858637,"id":"1lxhwl3nwyuz9y9","previousEventId":"dcwg40gjfvntymg","previousOperationId":"a5edfgzy7l1sdbu"}
{"type":"log","timestamp":1701072858637,"level":"debug","message":"pdf-utils postproces start","meta":{"rootId":"d8hzh0rt42v7reh","id":"d8hzh0rt42v7reh"},"id":"zm9i7tjf64a720p","previousOperationId":"a5edfgzy7l1sdbu"}
{"type":"log","timestamp":1701072858648,"level":"debug","message":"pdf-utils postproces end","meta":{"rootId":"d8hzh0rt42v7reh","id":"d8hzh0rt42v7reh"},"id":"w3gq4r74ud9y0n5","previousOperationId":"a5edfgzy7l1sdbu"}
{"type":"operationEnd","operationId":"5h2ymy5eltm5rkq","timestamp":1701072858648,"id":"dxmltg27abr1qv0","previousEventId":"1lxhwl3nwyuz9y9","previousOperationId":"a5edfgzy7l1sdbu"}
{"type":"log","timestamp":1701072858648,"level":"info","message":"pdf-utils pdf processing was finished","meta":{"rootId":"d8hzh0rt42v7reh","id":"d8hzh0rt42v7reh"},"id":"kenuth2jiicuvup","previousOperationId":"5h2ymy5eltm5rkq"}
{"type":"log","timestamp":1701072858648,"level":"debug","message":"Skipping storing report.","meta":{"rootId":"d8hzh0rt42v7reh","id":"d8hzh0rt42v7reh"},"id":"ghd02jge0nznsil","previousOperationId":"5h2ymy5eltm5rkq"}
{"type":"log","timestamp":1701072858648,"level":"info","message":"Rendering request 2 finished in 830 ms","meta":{"rootId":"d8hzh0rt42v7reh","id":"d8hzh0rt42v7reh"},"id":"eve44uqveghoguw","previousOperationId":"5h2ymy5eltm5rkq"}
{"type":"operationEnd","subtype":"render","operationId":"k2j828biehhzfln","timestamp":1701072858648,"id":"ldg80gpc9hdylvz","previousEventId":"dxmltg27abr1qv0","previousOperationId":"5h2ymy5eltm5rkq"}
{"type":"operationEnd","doDiffs":false,"previousEventId":"moxonvofn4892it","previousOperationId":"63lyfqa5bpo8zb4","operationId":"63lyfqa5bpo8zb4","timestamp":1701072858651,"id":"k8ryeta4d2rn6gv"}
