{"type":"operationStart","subtype":"profile","data":{"_id":"0rjRV0cbQmMgW6Ht","timestamp":"2023-11-27T08:19:33.285Z","state":"queued","mode":"standard","creationDate":"2023-11-27T08:19:33.288Z","modificationDate":"2023-11-27T08:19:33.288Z","shortid":"vKA2Bzb","$entitySet":"profiles"},"doDiffs":false,"timestamp":1701073173287,"id":"iul94med25ldbtx","previousOperationId":null,"operationId":"vc6ws06wh9thnx2"}
{"type":"log","level":"info","message":"Render request 8 queued for execution and waiting for available worker","previousOperationId":"vc6ws06wh9thnx2","timestamp":1701073173287,"id":"ur1zzdbycvi68jc"}
{"type":"operationStart","subtype":"render","name":"sporazum_privatno","previousOperationId":"vc6ws06wh9thnx2","timestamp":1701073173304,"id":"af7h2bbfx87op0q","previousEventId":"iul94med25ldbtx","operationId":"hf5az7yftmw6n7q"}
{"type":"log","timestamp":1701073173305,"level":"info","message":"Starting rendering request 8","meta":{"rootId":"dytbixkrzzdjuai","id":"dytbixkrzzdjuai"},"id":"rnxit3z3iqya8ij","previousOperationId":"hf5az7yftmw6n7q"}
{"type":"log","timestamp":1701073173305,"level":"info","message":"Rendering template { name: sporazum_privatno, recipe: chrome-pdf, engine: handlebars, preview: true }","meta":{"rootId":"dytbixkrzzdjuai","id":"dytbixkrzzdjuai"},"id":"i1vzobyl0wy99e5","previousOperationId":"hf5az7yftmw6n7q"}
{"type":"log","timestamp":1701073173306,"level":"debug","message":"Inline data specified.","meta":{"rootId":"dytbixkrzzdjuai","id":"dytbixkrzzdjuai"},"id":"nlhrebdx9yuxrif","previousOperationId":"hf5az7yftmw6n7q"}
{"type":"log","timestamp":1701073173308,"level":"debug","message":"Base url not specified, skipping its injection.","meta":{"rootId":"dytbixkrzzdjuai","id":"dytbixkrzzdjuai"},"id":"rzecqrqy3u9s4r1","previousOperationId":"hf5az7yftmw6n7q"}
{"type":"operationStart","subtype":"engine","name":"handlebars","timestamp":1701073173308,"id":"xz0dgimqrhp13kj","previousEventId":"af7h2bbfx87op0q","operationId":"pmpiqcntr5pw50u","previousOperationId":"hf5az7yftmw6n7q"}
{"type":"log","timestamp":1701073173308,"level":"debug","message":"Rendering engine handlebars","meta":{"rootId":"dytbixkrzzdjuai","id":"dytbixkrzzdjuai"},"id":"yohb13i2xxsqvjd","previousOperationId":"pmpiqcntr5pw50u"}
{"type":"operationEnd","operationId":"pmpiqcntr5pw50u","timestamp":1701073173324,"id":"d7n15th1fu6lgn8","previousEventId":"xz0dgimqrhp13kj","previousOperationId":"pmpiqcntr5pw50u"}
{"type":"operationStart","subtype":"recipe","name":"chrome-pdf","timestamp":1701073173325,"id":"x9l67cr753g6juf","previousEventId":"d7n15th1fu6lgn8","operationId":"y3hjnh14z504rpt","previousOperationId":"pmpiqcntr5pw50u"}
{"type":"log","timestamp":1701073173325,"level":"debug","message":"Executing recipe chrome-pdf","meta":{"rootId":"dytbixkrzzdjuai","id":"dytbixkrzzdjuai"},"id":"kg84owq6vid8y2e","previousOperationId":"y3hjnh14z504rpt"}
{"type":"log","timestamp":1701073173327,"level":"debug","message":"Converting with chrome HeadlessChrome/117.0.5938.149 using chrome-pool strategy","meta":{"rootId":"dytbixkrzzdjuai","id":"dytbixkrzzdjuai"},"id":"tatjin0ar0wd7zy","previousOperationId":"y3hjnh14z504rpt"}
{"type":"log","timestamp":1701073173374,"level":"debug","message":"Page request: GET (document) file:///var/folders/dp/qk79pfcj0y1fmtkkl08m76rc0000gn/T/jsreport/autocleanup/9c1e1c9d-edae-4181-9623-26330f8c64e2-chrome-pdf.html","meta":{"rootId":"dytbixkrzzdjuai","id":"dytbixkrzzdjuai"},"id":"ocu0p9tbywgpf6r","previousOperationId":"y3hjnh14z504rpt"}
{"type":"log","timestamp":1701073173379,"level":"debug","message":"Page request finished: GET (document) 200 file:///var/folders/dp/qk79pfcj0y1fmtkkl08m76rc0000gn/T/jsreport/autocleanup/9c1e1c9d-edae-4181-9623-26330f8c64e2-chrome-pdf.html","meta":{"rootId":"dytbixkrzzdjuai","id":"dytbixkrzzdjuai"},"id":"1awo26dtsuid3k1","previousOperationId":"y3hjnh14z504rpt"}
{"type":"log","timestamp":1701073173387,"level":"debug","message":"Running chrome with params {\"printBackground\":true,\"format\":\"a4\",\"marginTop\":\"2cm\",\"marginBottom\":\"2cm\",\"timeout\":59957,\"margin\":{\"top\":\"2cm\",\"bottom\":\"2cm\"}}","meta":{"rootId":"dytbixkrzzdjuai","id":"dytbixkrzzdjuai"},"id":"761xynbb5vxj2m6","previousOperationId":"y3hjnh14z504rpt"}
{"type":"operationEnd","operationId":"y3hjnh14z504rpt","timestamp":1701073173408,"id":"b07t3sro333mfyy","previousEventId":"x9l67cr753g6juf","previousOperationId":"y3hjnh14z504rpt"}
{"type":"log","timestamp":1701073173408,"level":"info","message":"pdf-utils is starting pdf processing","meta":{"rootId":"dytbixkrzzdjuai","id":"dytbixkrzzdjuai"},"id":"m83gwkv2eojeo7e","previousOperationId":"y3hjnh14z504rpt"}
{"type":"operationStart","subtype":"pdfUtils","name":"pdf utils","timestamp":1701073173408,"id":"t32higkj2kfjse4","previousEventId":"b07t3sro333mfyy","operationId":"fvivrnzqofbsm0u","previousOperationId":"y3hjnh14z504rpt"}
{"type":"log","timestamp":1701073173408,"level":"debug","message":"pdf-utils detected 1 pdf operation(s) to process","meta":{"rootId":"dytbixkrzzdjuai","id":"dytbixkrzzdjuai"},"id":"woo1r64xnblvtmf","previousOperationId":"fvivrnzqofbsm0u"}
{"type":"log","timestamp":1701073173433,"level":"debug","message":"pdf-utils running pdf operation merge","meta":{"rootId":"dytbixkrzzdjuai","id":"dytbixkrzzdjuai"},"id":"svth8bhrpftqi0e","previousOperationId":"fvivrnzqofbsm0u"}
{"type":"operationStart","subtype":"pdfUtilsMerge","name":"pdf utils merge","previousOperationId":"fvivrnzqofbsm0u","timestamp":1701073173433,"id":"0q9mwstgdd3l52l","previousEventId":"t32higkj2kfjse4","operationId":"ttl4n9npaw1r8hh"}
{"type":"operationStart","subtype":"render","name":"header-footer","previousOperationId":"ttl4n9npaw1r8hh","timestamp":1701073173434,"id":"7uy5qcz9n9cfdeh","previousEventId":"0q9mwstgdd3l52l","operationId":"wx2mibbl77bgk8x"}
{"type":"log","timestamp":1701073173434,"level":"info","message":"Starting rendering (child) request","meta":{"rootId":"dytbixkrzzdjuai","id":"9auxjo9geq0gx08"},"id":"uvggmnbf8isq27l","previousOperationId":"wx2mibbl77bgk8x"}
{"type":"log","timestamp":1701073173434,"level":"info","message":"Rendering template { name: header-footer, recipe: chrome-pdf, engine: handlebars, preview: true }","meta":{"rootId":"dytbixkrzzdjuai","id":"9auxjo9geq0gx08"},"id":"hh4zxigrexaz6hr","previousOperationId":"wx2mibbl77bgk8x"}
{"type":"log","timestamp":1701073173434,"level":"debug","message":"Inline data specified.","meta":{"rootId":"dytbixkrzzdjuai","id":"9auxjo9geq0gx08"},"id":"r5uj5xosta938nj","previousOperationId":"wx2mibbl77bgk8x"}
{"type":"log","timestamp":1701073173434,"level":"debug","message":"Base url not specified, skipping its injection.","meta":{"rootId":"dytbixkrzzdjuai","id":"9auxjo9geq0gx08"},"id":"4bd8qrnj2yt4vfr","previousOperationId":"wx2mibbl77bgk8x"}
{"type":"operationStart","subtype":"engine","name":"handlebars","timestamp":1701073173434,"id":"8uo1cokc3bsva51","previousEventId":"7uy5qcz9n9cfdeh","operationId":"fvhy5fyy3in1kj0","previousOperationId":"wx2mibbl77bgk8x"}
{"type":"log","timestamp":1701073173434,"level":"debug","message":"Rendering engine handlebars","meta":{"rootId":"dytbixkrzzdjuai","id":"9auxjo9geq0gx08"},"id":"dpa13v4eityasc7","previousOperationId":"fvhy5fyy3in1kj0"}
{"type":"operationEnd","operationId":"fvhy5fyy3in1kj0","timestamp":1701073173437,"id":"6e9be1a9oryyc5v","previousEventId":"8uo1cokc3bsva51","previousOperationId":"fvhy5fyy3in1kj0"}
{"type":"operationStart","subtype":"recipe","name":"chrome-pdf","timestamp":1701073173437,"id":"jpef22r1je6crpt","previousEventId":"6e9be1a9oryyc5v","operationId":"ksoyneyj233q51z","previousOperationId":"fvhy5fyy3in1kj0"}
{"type":"log","timestamp":1701073173437,"level":"debug","message":"Executing recipe chrome-pdf","meta":{"rootId":"dytbixkrzzdjuai","id":"9auxjo9geq0gx08"},"id":"jfiw37gfn2f9i0w","previousOperationId":"ksoyneyj233q51z"}
{"type":"log","timestamp":1701073173438,"level":"debug","message":"Converting with chrome HeadlessChrome/117.0.5938.149 using chrome-pool strategy","meta":{"rootId":"dytbixkrzzdjuai","id":"9auxjo9geq0gx08"},"id":"nggndxr3rssk9bp","previousOperationId":"ksoyneyj233q51z"}
{"type":"log","timestamp":1701073173476,"level":"debug","message":"Page request: GET (document) file:///var/folders/dp/qk79pfcj0y1fmtkkl08m76rc0000gn/T/jsreport/autocleanup/c9259bf1-fb60-4c53-ade5-f0c40594ee26-chrome-pdf.html","meta":{"rootId":"dytbixkrzzdjuai","id":"9auxjo9geq0gx08"},"id":"m9tsz21sm92o6bl","previousOperationId":"ksoyneyj233q51z"}
{"type":"log","timestamp":1701073173481,"level":"debug","message":"Page request finished: GET (document) 200 file:///var/folders/dp/qk79pfcj0y1fmtkkl08m76rc0000gn/T/jsreport/autocleanup/c9259bf1-fb60-4c53-ade5-f0c40594ee26-chrome-pdf.html","meta":{"rootId":"dytbixkrzzdjuai","id":"9auxjo9geq0gx08"},"id":"r5905j0zkvrbnkl","previousOperationId":"ksoyneyj233q51z"}
{"type":"log","timestamp":1701073173488,"level":"debug","message":"Running chrome with params {\"timeout\":59845,\"margin\":{},\"printBackground\":true}","meta":{"rootId":"dytbixkrzzdjuai","id":"9auxjo9geq0gx08"},"id":"xbr5c4gyk2gq4nb","previousOperationId":"ksoyneyj233q51z"}
{"type":"operationEnd","operationId":"ksoyneyj233q51z","timestamp":1701073173494,"id":"b70w2jxuac2s5hd","previousEventId":"jpef22r1je6crpt","previousOperationId":"ksoyneyj233q51z"}
{"type":"log","timestamp":1701073173494,"level":"debug","message":"Skipping storing report.","meta":{"rootId":"dytbixkrzzdjuai","id":"9auxjo9geq0gx08"},"id":"a9vdr6b8b6kma3z","previousOperationId":"ksoyneyj233q51z"}
{"type":"log","timestamp":1701073173494,"level":"info","message":"Rendering (child) request finished in 211 ms","meta":{"rootId":"dytbixkrzzdjuai","id":"9auxjo9geq0gx08"},"id":"olz0r32qvsw0kf0","previousOperationId":"ksoyneyj233q51z"}
{"type":"operationEnd","subtype":"render","operationId":"wx2mibbl77bgk8x","timestamp":1701073173494,"id":"nomz2ltkd8q4jo0","previousEventId":"b70w2jxuac2s5hd","previousOperationId":"ksoyneyj233q51z"}
{"type":"operationEnd","operationId":"ttl4n9npaw1r8hh","timestamp":1701073173499,"id":"953rh3fbis35izz","previousEventId":"0q9mwstgdd3l52l","previousOperationId":"ttl4n9npaw1r8hh"}
{"type":"log","timestamp":1701073173499,"level":"debug","message":"pdf-utils postproces start","meta":{"rootId":"dytbixkrzzdjuai","id":"dytbixkrzzdjuai"},"id":"b8mm2ayni8ka0ic","previousOperationId":"ttl4n9npaw1r8hh"}
{"type":"log","timestamp":1701073173507,"level":"debug","message":"pdf-utils postproces end","meta":{"rootId":"dytbixkrzzdjuai","id":"dytbixkrzzdjuai"},"id":"aee1xd6tp3l2pd4","previousOperationId":"ttl4n9npaw1r8hh"}
{"type":"operationEnd","operationId":"fvivrnzqofbsm0u","timestamp":1701073173507,"id":"aeckwvervng24tj","previousEventId":"953rh3fbis35izz","previousOperationId":"ttl4n9npaw1r8hh"}
{"type":"log","timestamp":1701073173507,"level":"info","message":"pdf-utils pdf processing was finished","meta":{"rootId":"dytbixkrzzdjuai","id":"dytbixkrzzdjuai"},"id":"enw5tfmugakitqq","previousOperationId":"fvivrnzqofbsm0u"}
{"type":"log","timestamp":1701073173507,"level":"debug","message":"Skipping storing report.","meta":{"rootId":"dytbixkrzzdjuai","id":"dytbixkrzzdjuai"},"id":"lx1cv2k95lhm6re","previousOperationId":"fvivrnzqofbsm0u"}
{"type":"log","timestamp":1701073173507,"level":"info","message":"Rendering request 8 finished in 224 ms","meta":{"rootId":"dytbixkrzzdjuai","id":"dytbixkrzzdjuai"},"id":"m15agtw4ecdp3fa","previousOperationId":"fvivrnzqofbsm0u"}
{"type":"operationEnd","subtype":"render","operationId":"hf5az7yftmw6n7q","timestamp":1701073173507,"id":"ho7o5ebqrlpwbtl","previousEventId":"aeckwvervng24tj","previousOperationId":"fvivrnzqofbsm0u"}
{"type":"operationEnd","doDiffs":false,"previousEventId":"iul94med25ldbtx","previousOperationId":"vc6ws06wh9thnx2","operationId":"vc6ws06wh9thnx2","timestamp":1701073173509,"id":"8dposx600upf57x"}
