{"type":"operationStart","subtype":"profile","data":{"_id":"6qiuYOyty4j78mJo","timestamp":"2023-11-27T08:39:24.796Z","state":"queued","mode":"standard","creationDate":"2023-11-27T08:39:24.798Z","modificationDate":"2023-11-27T08:39:24.798Z","shortid":"gM0zzrv","$entitySet":"profiles"},"doDiffs":false,"timestamp":1701074364797,"id":"pc6cu5pdzdtphz7","previousOperationId":null,"operationId":"6yssfv9o7lz6uaa"}
{"type":"log","level":"info","message":"Render request 23 queued for execution and waiting for available worker","previousOperationId":"6yssfv9o7lz6uaa","timestamp":1701074364797,"id":"r5skjggq5g5b4nw"}
{"type":"operationStart","subtype":"render","name":"sporazum_privatno","previousOperationId":"6yssfv9o7lz6uaa","timestamp":1701074364805,"id":"74gepuxie0o5ied","previousEventId":"pc6cu5pdzdtphz7","operationId":"abw9xd6715r6gh3"}
{"type":"log","timestamp":1701074364806,"level":"info","message":"Starting rendering request 23","meta":{"rootId":"io5y3k0dl2mmk01","id":"io5y3k0dl2mmk01"},"id":"nvr57vmrdeey2uh","previousOperationId":"abw9xd6715r6gh3"}
{"type":"log","timestamp":1701074364806,"level":"info","message":"Rendering template { name: sporazum_privatno, recipe: chrome-pdf, engine: handlebars, preview: true }","meta":{"rootId":"io5y3k0dl2mmk01","id":"io5y3k0dl2mmk01"},"id":"l85fualy6h5h4hd","previousOperationId":"abw9xd6715r6gh3"}
{"type":"log","timestamp":1701074364809,"level":"debug","message":"Inline data specified.","meta":{"rootId":"io5y3k0dl2mmk01","id":"io5y3k0dl2mmk01"},"id":"5vcnmg6xjmvyhba","previousOperationId":"abw9xd6715r6gh3"}
{"type":"log","timestamp":1701074364812,"level":"debug","message":"Base url not specified, skipping its injection.","meta":{"rootId":"io5y3k0dl2mmk01","id":"io5y3k0dl2mmk01"},"id":"ugu5h1zk8jvek4n","previousOperationId":"abw9xd6715r6gh3"}
{"type":"operationStart","subtype":"engine","name":"handlebars","timestamp":1701074364812,"id":"0t3168lwbdto5as","previousEventId":"74gepuxie0o5ied","operationId":"v22i3babau6i3ih","previousOperationId":"abw9xd6715r6gh3"}
{"type":"log","timestamp":1701074364812,"level":"debug","message":"Rendering engine handlebars","meta":{"rootId":"io5y3k0dl2mmk01","id":"io5y3k0dl2mmk01"},"id":"ayu10wap6kmbpex","previousOperationId":"v22i3babau6i3ih"}
{"type":"operationEnd","operationId":"v22i3babau6i3ih","timestamp":1701074364833,"id":"80e2ovi8gi4i3re","previousEventId":"0t3168lwbdto5as","previousOperationId":"v22i3babau6i3ih"}
{"type":"operationStart","subtype":"recipe","name":"chrome-pdf","timestamp":1701074364834,"id":"v81uv7uxfnm3y6z","previousEventId":"80e2ovi8gi4i3re","operationId":"yt6gheafpen9jqg","previousOperationId":"v22i3babau6i3ih"}
{"type":"log","timestamp":1701074364834,"level":"debug","message":"Executing recipe chrome-pdf","meta":{"rootId":"io5y3k0dl2mmk01","id":"io5y3k0dl2mmk01"},"id":"p60ala47bocdy48","previousOperationId":"yt6gheafpen9jqg"}
{"type":"log","timestamp":1701074364838,"level":"debug","message":"Converting with chrome HeadlessChrome/117.0.5938.149 using chrome-pool strategy","meta":{"rootId":"io5y3k0dl2mmk01","id":"io5y3k0dl2mmk01"},"id":"56mm21vzoqvc6dn","previousOperationId":"yt6gheafpen9jqg"}
{"type":"log","timestamp":1701074364879,"level":"debug","message":"Page request: GET (document) file:///var/folders/dp/qk79pfcj0y1fmtkkl08m76rc0000gn/T/jsreport/autocleanup/6dc2a433-3c3b-46e1-904f-b0b3618092e6-chrome-pdf.html","meta":{"rootId":"io5y3k0dl2mmk01","id":"io5y3k0dl2mmk01"},"id":"v5h3v4nh2og4hh2","previousOperationId":"yt6gheafpen9jqg"}
{"type":"log","timestamp":1701074364884,"level":"debug","message":"Page request finished: GET (document) 200 file:///var/folders/dp/qk79pfcj0y1fmtkkl08m76rc0000gn/T/jsreport/autocleanup/6dc2a433-3c3b-46e1-904f-b0b3618092e6-chrome-pdf.html","meta":{"rootId":"io5y3k0dl2mmk01","id":"io5y3k0dl2mmk01"},"id":"3f289u0ftmthu6e","previousOperationId":"yt6gheafpen9jqg"}
{"type":"log","timestamp":1701074364893,"level":"debug","message":"Running chrome with params {\"printBackground\":true,\"format\":\"a4\",\"marginTop\":\"2cm\",\"marginBottom\":\"2cm\",\"timeout\":59960,\"margin\":{\"top\":\"2cm\",\"bottom\":\"2cm\"}}","meta":{"rootId":"io5y3k0dl2mmk01","id":"io5y3k0dl2mmk01"},"id":"17mbh3tco79feni","previousOperationId":"yt6gheafpen9jqg"}
{"type":"operationEnd","operationId":"yt6gheafpen9jqg","timestamp":1701074364915,"id":"p64d24sitneg57t","previousEventId":"v81uv7uxfnm3y6z","previousOperationId":"yt6gheafpen9jqg"}
{"type":"log","timestamp":1701074364915,"level":"info","message":"pdf-utils is starting pdf processing","meta":{"rootId":"io5y3k0dl2mmk01","id":"io5y3k0dl2mmk01"},"id":"o38lh12yjc0j9rs","previousOperationId":"yt6gheafpen9jqg"}
{"type":"operationStart","subtype":"pdfUtils","name":"pdf utils","timestamp":1701074364915,"id":"84tz6ug6zb6gssd","previousEventId":"p64d24sitneg57t","operationId":"xf7g393dve1bc9l","previousOperationId":"yt6gheafpen9jqg"}
{"type":"log","timestamp":1701074364915,"level":"debug","message":"pdf-utils detected 1 pdf operation(s) to process","meta":{"rootId":"io5y3k0dl2mmk01","id":"io5y3k0dl2mmk01"},"id":"0jdxryjm0vbcarb","previousOperationId":"xf7g393dve1bc9l"}
{"type":"log","timestamp":1701074364949,"level":"debug","message":"pdf-utils running pdf operation merge","meta":{"rootId":"io5y3k0dl2mmk01","id":"io5y3k0dl2mmk01"},"id":"lzxc2ttoqshm65f","previousOperationId":"xf7g393dve1bc9l"}
{"type":"operationStart","subtype":"pdfUtilsMerge","name":"pdf utils merge","previousOperationId":"xf7g393dve1bc9l","timestamp":1701074364949,"id":"bxjakagg4jx6hg3","previousEventId":"84tz6ug6zb6gssd","operationId":"dg2p7uy21gembl0"}
{"type":"operationStart","subtype":"render","name":"header-footer","previousOperationId":"dg2p7uy21gembl0","timestamp":1701074364949,"id":"61cc1hx9xrwpj5k","previousEventId":"bxjakagg4jx6hg3","operationId":"23ra0dxwyzlytpw"}
{"type":"log","timestamp":1701074364949,"level":"info","message":"Starting rendering (child) request","meta":{"rootId":"io5y3k0dl2mmk01","id":"nr1zeum75gpjcko"},"id":"wk9f3vcfanxchzj","previousOperationId":"23ra0dxwyzlytpw"}
{"type":"log","timestamp":1701074364949,"level":"info","message":"Rendering template { name: header-footer, recipe: chrome-pdf, engine: handlebars, preview: true }","meta":{"rootId":"io5y3k0dl2mmk01","id":"nr1zeum75gpjcko"},"id":"r0q1wsfks8ee7vn","previousOperationId":"23ra0dxwyzlytpw"}
{"type":"log","timestamp":1701074364949,"level":"debug","message":"Inline data specified.","meta":{"rootId":"io5y3k0dl2mmk01","id":"nr1zeum75gpjcko"},"id":"aimmlyux02nls9n","previousOperationId":"23ra0dxwyzlytpw"}
{"type":"log","timestamp":1701074364950,"level":"debug","message":"Base url not specified, skipping its injection.","meta":{"rootId":"io5y3k0dl2mmk01","id":"nr1zeum75gpjcko"},"id":"9wwsxrvgadsvl9j","previousOperationId":"23ra0dxwyzlytpw"}
{"type":"operationStart","subtype":"engine","name":"handlebars","timestamp":1701074364950,"id":"1xgbx1g5kc5x28j","previousEventId":"61cc1hx9xrwpj5k","operationId":"5biimmkpc7hva66","previousOperationId":"23ra0dxwyzlytpw"}
{"type":"log","timestamp":1701074364950,"level":"debug","message":"Rendering engine handlebars","meta":{"rootId":"io5y3k0dl2mmk01","id":"nr1zeum75gpjcko"},"id":"2xtibqhuer7mpaj","previousOperationId":"5biimmkpc7hva66"}
{"type":"operationEnd","operationId":"5biimmkpc7hva66","timestamp":1701074364954,"id":"z82ssjvusz8a27u","previousEventId":"1xgbx1g5kc5x28j","previousOperationId":"5biimmkpc7hva66"}
{"type":"operationStart","subtype":"recipe","name":"chrome-pdf","timestamp":1701074364954,"id":"otbrxg2aap6pzhi","previousEventId":"z82ssjvusz8a27u","operationId":"i9lkhvnimq92c8q","previousOperationId":"5biimmkpc7hva66"}
{"type":"log","timestamp":1701074364954,"level":"debug","message":"Executing recipe chrome-pdf","meta":{"rootId":"io5y3k0dl2mmk01","id":"nr1zeum75gpjcko"},"id":"x350cx3wz2aj5iz","previousOperationId":"i9lkhvnimq92c8q"}
{"type":"log","timestamp":1701074364955,"level":"debug","message":"Converting with chrome HeadlessChrome/117.0.5938.149 using chrome-pool strategy","meta":{"rootId":"io5y3k0dl2mmk01","id":"nr1zeum75gpjcko"},"id":"c4v6f3bdwbuk7n6","previousOperationId":"i9lkhvnimq92c8q"}
{"type":"log","timestamp":1701074364992,"level":"debug","message":"Page request: GET (document) file:///var/folders/dp/qk79pfcj0y1fmtkkl08m76rc0000gn/T/jsreport/autocleanup/f1cc80e3-8dd1-4995-8dbd-114ad31ab832-chrome-pdf.html","meta":{"rootId":"io5y3k0dl2mmk01","id":"nr1zeum75gpjcko"},"id":"hu9n4k90szvhniq","previousOperationId":"i9lkhvnimq92c8q"}
{"type":"log","timestamp":1701074364997,"level":"debug","message":"Page request finished: GET (document) 200 file:///var/folders/dp/qk79pfcj0y1fmtkkl08m76rc0000gn/T/jsreport/autocleanup/f1cc80e3-8dd1-4995-8dbd-114ad31ab832-chrome-pdf.html","meta":{"rootId":"io5y3k0dl2mmk01","id":"nr1zeum75gpjcko"},"id":"wkorrl6shp2wvbl","previousOperationId":"i9lkhvnimq92c8q"}
{"type":"log","timestamp":1701074365005,"level":"debug","message":"Running chrome with params {\"timeout\":59841,\"margin\":{},\"printBackground\":true}","meta":{"rootId":"io5y3k0dl2mmk01","id":"nr1zeum75gpjcko"},"id":"eu3iruw26mdgceg","previousOperationId":"i9lkhvnimq92c8q"}
{"type":"operationEnd","operationId":"i9lkhvnimq92c8q","timestamp":1701074365011,"id":"q7ut9no3t06aws2","previousEventId":"otbrxg2aap6pzhi","previousOperationId":"i9lkhvnimq92c8q"}
{"type":"log","timestamp":1701074365011,"level":"debug","message":"Skipping storing report.","meta":{"rootId":"io5y3k0dl2mmk01","id":"nr1zeum75gpjcko"},"id":"5crm111gt7xvzqd","previousOperationId":"i9lkhvnimq92c8q"}
{"type":"log","timestamp":1701074365011,"level":"info","message":"Rendering (child) request finished in 215 ms","meta":{"rootId":"io5y3k0dl2mmk01","id":"nr1zeum75gpjcko"},"id":"ch1si6d12c8nqqc","previousOperationId":"i9lkhvnimq92c8q"}
{"type":"operationEnd","subtype":"render","operationId":"23ra0dxwyzlytpw","timestamp":1701074365011,"id":"610oa0hskcxes5a","previousEventId":"q7ut9no3t06aws2","previousOperationId":"i9lkhvnimq92c8q"}
{"type":"operationEnd","operationId":"dg2p7uy21gembl0","timestamp":1701074365018,"id":"08b13aigqbrqvhw","previousEventId":"bxjakagg4jx6hg3","previousOperationId":"dg2p7uy21gembl0"}
{"type":"log","timestamp":1701074365018,"level":"debug","message":"pdf-utils postproces start","meta":{"rootId":"io5y3k0dl2mmk01","id":"io5y3k0dl2mmk01"},"id":"h90tts48tuyrjst","previousOperationId":"dg2p7uy21gembl0"}
{"type":"log","timestamp":1701074365026,"level":"debug","message":"pdf-utils postproces end","meta":{"rootId":"io5y3k0dl2mmk01","id":"io5y3k0dl2mmk01"},"id":"r2w61ymexcex755","previousOperationId":"dg2p7uy21gembl0"}
{"type":"operationEnd","operationId":"xf7g393dve1bc9l","timestamp":1701074365026,"id":"lv2hdr811638ea2","previousEventId":"08b13aigqbrqvhw","previousOperationId":"dg2p7uy21gembl0"}
{"type":"log","timestamp":1701074365026,"level":"info","message":"pdf-utils pdf processing was finished","meta":{"rootId":"io5y3k0dl2mmk01","id":"io5y3k0dl2mmk01"},"id":"utkhtgxtee0ec2l","previousOperationId":"xf7g393dve1bc9l"}
{"type":"log","timestamp":1701074365026,"level":"debug","message":"Skipping storing report.","meta":{"rootId":"io5y3k0dl2mmk01","id":"io5y3k0dl2mmk01"},"id":"3bjqntnhd1e4vvb","previousOperationId":"xf7g393dve1bc9l"}
{"type":"log","timestamp":1701074365026,"level":"info","message":"Rendering request 23 finished in 230 ms","meta":{"rootId":"io5y3k0dl2mmk01","id":"io5y3k0dl2mmk01"},"id":"x6hds401otkqnbf","previousOperationId":"xf7g393dve1bc9l"}
{"type":"operationEnd","subtype":"render","operationId":"abw9xd6715r6gh3","timestamp":1701074365026,"id":"w00zb4b5nd4rllu","previousEventId":"lv2hdr811638ea2","previousOperationId":"xf7g393dve1bc9l"}
{"type":"operationEnd","doDiffs":false,"previousEventId":"pc6cu5pdzdtphz7","previousOperationId":"6yssfv9o7lz6uaa","operationId":"6yssfv9o7lz6uaa","timestamp":1701074365028,"id":"hptd9me1sgg1paq"}
