{"type":"operationStart","subtype":"profile","data":{"_id":"I62NbJTyidmoL9si","timestamp":"2023-11-27T08:32:11.948Z","state":"queued","mode":"standard","creationDate":"2023-11-27T08:32:11.948Z","modificationDate":"2023-11-27T08:32:11.948Z","shortid":"Gl7j822","$entitySet":"profiles"},"doDiffs":false,"timestamp":1701073931948,"id":"y21jusm82a9j62i","previousOperationId":null,"operationId":"u4kjc24nl7frpzq"}
{"type":"log","level":"info","message":"Render request 20 queued for execution and waiting for available worker","previousOperationId":"u4kjc24nl7frpzq","timestamp":1701073931948,"id":"tovxtfp9jpci703"}
{"type":"operationStart","subtype":"render","name":"sporazum_privatno","previousOperationId":"u4kjc24nl7frpzq","timestamp":1701073931956,"id":"lf3dw8eq0hw69kw","previousEventId":"y21jusm82a9j62i","operationId":"v6w48mu5m6q6e1w"}
{"type":"log","timestamp":1701073931956,"level":"info","message":"Starting rendering request 20","meta":{"rootId":"n9veudqjtk1yx4c","id":"n9veudqjtk1yx4c"},"id":"lxhbntxjew83f14","previousOperationId":"v6w48mu5m6q6e1w"}
{"type":"log","timestamp":1701073931956,"level":"info","message":"Rendering template { name: sporazum_privatno, recipe: chrome-pdf, engine: handlebars, preview: true }","meta":{"rootId":"n9veudqjtk1yx4c","id":"n9veudqjtk1yx4c"},"id":"6j3jwu1yqlsqqo5","previousOperationId":"v6w48mu5m6q6e1w"}
{"type":"log","timestamp":1701073931959,"level":"debug","message":"Inline data specified.","meta":{"rootId":"n9veudqjtk1yx4c","id":"n9veudqjtk1yx4c"},"id":"4ooakdho3w16pdl","previousOperationId":"v6w48mu5m6q6e1w"}
{"type":"log","timestamp":1701073931962,"level":"debug","message":"Base url not specified, skipping its injection.","meta":{"rootId":"n9veudqjtk1yx4c","id":"n9veudqjtk1yx4c"},"id":"gv6znxs808gi6d4","previousOperationId":"v6w48mu5m6q6e1w"}
{"type":"operationStart","subtype":"engine","name":"handlebars","timestamp":1701073931962,"id":"syv6zzah9w5kibu","previousEventId":"lf3dw8eq0hw69kw","operationId":"15kwaor87swpzi7","previousOperationId":"v6w48mu5m6q6e1w"}
{"type":"log","timestamp":1701073931962,"level":"debug","message":"Rendering engine handlebars","meta":{"rootId":"n9veudqjtk1yx4c","id":"n9veudqjtk1yx4c"},"id":"3gc513irrwp3z6t","previousOperationId":"15kwaor87swpzi7"}
{"type":"operationEnd","operationId":"15kwaor87swpzi7","timestamp":1701073931980,"id":"gwglaz9of19d8bv","previousEventId":"syv6zzah9w5kibu","previousOperationId":"15kwaor87swpzi7"}
{"type":"operationStart","subtype":"recipe","name":"chrome-pdf","timestamp":1701073931981,"id":"izyapp0wmkw04o5","previousEventId":"gwglaz9of19d8bv","operationId":"3mjieui0wnmfm7n","previousOperationId":"15kwaor87swpzi7"}
{"type":"log","timestamp":1701073931981,"level":"debug","message":"Executing recipe chrome-pdf","meta":{"rootId":"n9veudqjtk1yx4c","id":"n9veudqjtk1yx4c"},"id":"bpyhqdvw2bds3mw","previousOperationId":"3mjieui0wnmfm7n"}
{"type":"log","timestamp":1701073931982,"level":"debug","message":"Converting with chrome HeadlessChrome/117.0.5938.149 using chrome-pool strategy","meta":{"rootId":"n9veudqjtk1yx4c","id":"n9veudqjtk1yx4c"},"id":"0r35udbt83qecgb","previousOperationId":"3mjieui0wnmfm7n"}
{"type":"log","timestamp":1701073932031,"level":"debug","message":"Page request: GET (document) file:///var/folders/dp/qk79pfcj0y1fmtkkl08m76rc0000gn/T/jsreport/autocleanup/df991a73-b494-4844-9991-29f5acd0a7f2-chrome-pdf.html","meta":{"rootId":"n9veudqjtk1yx4c","id":"n9veudqjtk1yx4c"},"id":"6stbvl55y0f14ae","previousOperationId":"3mjieui0wnmfm7n"}
{"type":"log","timestamp":1701073932036,"level":"debug","message":"Page request finished: GET (document) 200 file:///var/folders/dp/qk79pfcj0y1fmtkkl08m76rc0000gn/T/jsreport/autocleanup/df991a73-b494-4844-9991-29f5acd0a7f2-chrome-pdf.html","meta":{"rootId":"n9veudqjtk1yx4c","id":"n9veudqjtk1yx4c"},"id":"8z7nyhbbwitv044","previousOperationId":"3mjieui0wnmfm7n"}
{"type":"log","timestamp":1701073932047,"level":"debug","message":"Running chrome with params {\"printBackground\":true,\"format\":\"a4\",\"marginTop\":\"2cm\",\"marginBottom\":\"2cm\",\"timeout\":59966,\"margin\":{\"top\":\"2cm\",\"bottom\":\"2cm\"}}","meta":{"rootId":"n9veudqjtk1yx4c","id":"n9veudqjtk1yx4c"},"id":"zaxee7mv9z9loco","previousOperationId":"3mjieui0wnmfm7n"}
{"type":"operationEnd","operationId":"3mjieui0wnmfm7n","timestamp":1701073932069,"id":"lrrhcbyiegxfsa8","previousEventId":"izyapp0wmkw04o5","previousOperationId":"3mjieui0wnmfm7n"}
{"type":"log","timestamp":1701073932069,"level":"info","message":"pdf-utils is starting pdf processing","meta":{"rootId":"n9veudqjtk1yx4c","id":"n9veudqjtk1yx4c"},"id":"2cm6wcr5f0qytdb","previousOperationId":"3mjieui0wnmfm7n"}
{"type":"operationStart","subtype":"pdfUtils","name":"pdf utils","timestamp":1701073932069,"id":"ts3n66vyubt8vbx","previousEventId":"lrrhcbyiegxfsa8","operationId":"h0b0wg8xsgckcyo","previousOperationId":"3mjieui0wnmfm7n"}
{"type":"log","timestamp":1701073932069,"level":"debug","message":"pdf-utils detected 1 pdf operation(s) to process","meta":{"rootId":"n9veudqjtk1yx4c","id":"n9veudqjtk1yx4c"},"id":"um66fp759m78v0n","previousOperationId":"h0b0wg8xsgckcyo"}
{"type":"log","timestamp":1701073932089,"level":"debug","message":"pdf-utils running pdf operation merge","meta":{"rootId":"n9veudqjtk1yx4c","id":"n9veudqjtk1yx4c"},"id":"gteobr0h9il377v","previousOperationId":"h0b0wg8xsgckcyo"}
{"type":"operationStart","subtype":"pdfUtilsMerge","name":"pdf utils merge","previousOperationId":"h0b0wg8xsgckcyo","timestamp":1701073932089,"id":"r29xk75vp32cxc5","previousEventId":"ts3n66vyubt8vbx","operationId":"n24bsglytwc2h5e"}
{"type":"operationStart","subtype":"render","name":"header-footer","previousOperationId":"n24bsglytwc2h5e","timestamp":1701073932090,"id":"90bdncr2hymywg3","previousEventId":"r29xk75vp32cxc5","operationId":"nssma9nvp0rhr2n"}
{"type":"log","timestamp":1701073932090,"level":"info","message":"Starting rendering (child) request","meta":{"rootId":"n9veudqjtk1yx4c","id":"1tz8e08wpn1ja0t"},"id":"uhkabtjxq3jmke0","previousOperationId":"nssma9nvp0rhr2n"}
{"type":"log","timestamp":1701073932090,"level":"info","message":"Rendering template { name: header-footer, recipe: chrome-pdf, engine: handlebars, preview: true }","meta":{"rootId":"n9veudqjtk1yx4c","id":"1tz8e08wpn1ja0t"},"id":"dowhehbxia6ccya","previousOperationId":"nssma9nvp0rhr2n"}
{"type":"log","timestamp":1701073932090,"level":"debug","message":"Inline data specified.","meta":{"rootId":"n9veudqjtk1yx4c","id":"1tz8e08wpn1ja0t"},"id":"s9ofsk6n8lx9wil","previousOperationId":"nssma9nvp0rhr2n"}
{"type":"log","timestamp":1701073932091,"level":"debug","message":"Base url not specified, skipping its injection.","meta":{"rootId":"n9veudqjtk1yx4c","id":"1tz8e08wpn1ja0t"},"id":"zkq4ut5x9syh3hn","previousOperationId":"nssma9nvp0rhr2n"}
{"type":"operationStart","subtype":"engine","name":"handlebars","timestamp":1701073932091,"id":"h9n99h3tpc5m0dv","previousEventId":"90bdncr2hymywg3","operationId":"kgtoz4pxym8umkd","previousOperationId":"nssma9nvp0rhr2n"}
{"type":"log","timestamp":1701073932091,"level":"debug","message":"Rendering engine handlebars","meta":{"rootId":"n9veudqjtk1yx4c","id":"1tz8e08wpn1ja0t"},"id":"ezax5ydwa2v3qqb","previousOperationId":"kgtoz4pxym8umkd"}
{"type":"operationEnd","operationId":"kgtoz4pxym8umkd","timestamp":1701073932094,"id":"1l30gohud78fell","previousEventId":"h9n99h3tpc5m0dv","previousOperationId":"kgtoz4pxym8umkd"}
{"type":"operationStart","subtype":"recipe","name":"chrome-pdf","timestamp":1701073932095,"id":"0mzknasc36mcaij","previousEventId":"1l30gohud78fell","operationId":"aan65wh3si2hwhm","previousOperationId":"kgtoz4pxym8umkd"}
{"type":"log","timestamp":1701073932095,"level":"debug","message":"Executing recipe chrome-pdf","meta":{"rootId":"n9veudqjtk1yx4c","id":"1tz8e08wpn1ja0t"},"id":"vgkrihyj5xm1q1b","previousOperationId":"aan65wh3si2hwhm"}
{"type":"log","timestamp":1701073932095,"level":"debug","message":"Converting with chrome HeadlessChrome/117.0.5938.149 using chrome-pool strategy","meta":{"rootId":"n9veudqjtk1yx4c","id":"1tz8e08wpn1ja0t"},"id":"vbm0tzvm44callt","previousOperationId":"aan65wh3si2hwhm"}
{"type":"log","timestamp":1701073932133,"level":"debug","message":"Page request: GET (document) file:///var/folders/dp/qk79pfcj0y1fmtkkl08m76rc0000gn/T/jsreport/autocleanup/267e5d41-96a6-44f4-91e4-10688c80a0e6-chrome-pdf.html","meta":{"rootId":"n9veudqjtk1yx4c","id":"1tz8e08wpn1ja0t"},"id":"yd1g11va5f2aytt","previousOperationId":"aan65wh3si2hwhm"}
{"type":"log","timestamp":1701073932138,"level":"debug","message":"Page request finished: GET (document) 200 file:///var/folders/dp/qk79pfcj0y1fmtkkl08m76rc0000gn/T/jsreport/autocleanup/267e5d41-96a6-44f4-91e4-10688c80a0e6-chrome-pdf.html","meta":{"rootId":"n9veudqjtk1yx4c","id":"1tz8e08wpn1ja0t"},"id":"ba09a3ryjbpers7","previousOperationId":"aan65wh3si2hwhm"}
{"type":"log","timestamp":1701073932145,"level":"debug","message":"Running chrome with params {\"timeout\":59852,\"margin\":{},\"printBackground\":true}","meta":{"rootId":"n9veudqjtk1yx4c","id":"1tz8e08wpn1ja0t"},"id":"6ji58pzz5y2tbdx","previousOperationId":"aan65wh3si2hwhm"}
{"type":"operationEnd","operationId":"aan65wh3si2hwhm","timestamp":1701073932151,"id":"56it9n2zusujl4r","previousEventId":"0mzknasc36mcaij","previousOperationId":"aan65wh3si2hwhm"}
{"type":"log","timestamp":1701073932152,"level":"debug","message":"Skipping storing report.","meta":{"rootId":"n9veudqjtk1yx4c","id":"1tz8e08wpn1ja0t"},"id":"qfnqag567rcnht0","previousOperationId":"aan65wh3si2hwhm"}
{"type":"log","timestamp":1701073932152,"level":"info","message":"Rendering (child) request finished in 205 ms","meta":{"rootId":"n9veudqjtk1yx4c","id":"1tz8e08wpn1ja0t"},"id":"2sc1l7fulrgagfg","previousOperationId":"aan65wh3si2hwhm"}
{"type":"operationEnd","subtype":"render","operationId":"nssma9nvp0rhr2n","timestamp":1701073932152,"id":"19ozmbls88cf18e","previousEventId":"56it9n2zusujl4r","previousOperationId":"aan65wh3si2hwhm"}
{"type":"operationEnd","operationId":"n24bsglytwc2h5e","timestamp":1701073932160,"id":"g9bxz39t5gughea","previousEventId":"r29xk75vp32cxc5","previousOperationId":"n24bsglytwc2h5e"}
{"type":"log","timestamp":1701073932160,"level":"debug","message":"pdf-utils postproces start","meta":{"rootId":"n9veudqjtk1yx4c","id":"n9veudqjtk1yx4c"},"id":"omo2g6z743ox6cl","previousOperationId":"n24bsglytwc2h5e"}
{"type":"log","timestamp":1701073932170,"level":"debug","message":"pdf-utils postproces end","meta":{"rootId":"n9veudqjtk1yx4c","id":"n9veudqjtk1yx4c"},"id":"9cbsgea0cd6oht5","previousOperationId":"n24bsglytwc2h5e"}
{"type":"operationEnd","operationId":"h0b0wg8xsgckcyo","timestamp":1701073932170,"id":"46tmdysvv71uvtv","previousEventId":"g9bxz39t5gughea","previousOperationId":"n24bsglytwc2h5e"}
{"type":"log","timestamp":1701073932170,"level":"info","message":"pdf-utils pdf processing was finished","meta":{"rootId":"n9veudqjtk1yx4c","id":"n9veudqjtk1yx4c"},"id":"wvuep9c2mx0rb0g","previousOperationId":"h0b0wg8xsgckcyo"}
{"type":"log","timestamp":1701073932170,"level":"debug","message":"Skipping storing report.","meta":{"rootId":"n9veudqjtk1yx4c","id":"n9veudqjtk1yx4c"},"id":"45on5r3f122pdms","previousOperationId":"h0b0wg8xsgckcyo"}
{"type":"log","timestamp":1701073932170,"level":"info","message":"Rendering request 20 finished in 223 ms","meta":{"rootId":"n9veudqjtk1yx4c","id":"n9veudqjtk1yx4c"},"id":"uuc59dc2niz1kjz","previousOperationId":"h0b0wg8xsgckcyo"}
{"type":"operationEnd","subtype":"render","operationId":"v6w48mu5m6q6e1w","timestamp":1701073932170,"id":"i18y5gpyx2gx800","previousEventId":"46tmdysvv71uvtv","previousOperationId":"h0b0wg8xsgckcyo"}
{"type":"operationEnd","doDiffs":false,"previousEventId":"y21jusm82a9j62i","previousOperationId":"u4kjc24nl7frpzq","operationId":"u4kjc24nl7frpzq","timestamp":1701073932172,"id":"egg29hjd8vqwy18"}
