{"type":"operationStart","subtype":"profile","data":{"_id":"AGOLj0dFSlsUyQzq","timestamp":"2023-11-27T08:24:01.419Z","state":"queued","mode":"standard","creationDate":"2023-11-27T08:24:01.420Z","modificationDate":"2023-11-27T08:24:01.420Z","shortid":"zDz7RAC","$entitySet":"profiles"},"doDiffs":false,"timestamp":1701073441420,"id":"ixpbpmm6ng2roy6","previousOperationId":null,"operationId":"bprcb6hdmrjtsd4"}
{"type":"log","level":"info","message":"Render request 15 queued for execution and waiting for available worker","previousOperationId":"bprcb6hdmrjtsd4","timestamp":1701073441420,"id":"1jy9bakfvt2m8m5"}
{"type":"operationStart","subtype":"render","name":"sporazum_privatno","previousOperationId":"bprcb6hdmrjtsd4","timestamp":1701073441425,"id":"yaqmwgc729kzorx","previousEventId":"ixpbpmm6ng2roy6","operationId":"gu6piiuo2b2vhn7"}
{"type":"log","timestamp":1701073441425,"level":"info","message":"Starting rendering request 15","meta":{"rootId":"prd0u91vrwt2crb","id":"prd0u91vrwt2crb"},"id":"kkvme8yvrsiqdtj","previousOperationId":"gu6piiuo2b2vhn7"}
{"type":"log","timestamp":1701073441425,"level":"info","message":"Rendering template { name: sporazum_privatno, recipe: chrome-pdf, engine: handlebars, preview: true }","meta":{"rootId":"prd0u91vrwt2crb","id":"prd0u91vrwt2crb"},"id":"dkgrybgi0v4swhr","previousOperationId":"gu6piiuo2b2vhn7"}
{"type":"log","timestamp":1701073441426,"level":"debug","message":"Inline data specified.","meta":{"rootId":"prd0u91vrwt2crb","id":"prd0u91vrwt2crb"},"id":"odglt96d0go6mu9","previousOperationId":"gu6piiuo2b2vhn7"}
{"type":"log","timestamp":1701073441426,"level":"debug","message":"Base url not specified, skipping its injection.","meta":{"rootId":"prd0u91vrwt2crb","id":"prd0u91vrwt2crb"},"id":"y4g4xqd6jja2yxj","previousOperationId":"gu6piiuo2b2vhn7"}
{"type":"operationStart","subtype":"engine","name":"handlebars","timestamp":1701073441427,"id":"sj943rvz1cxyhlz","previousEventId":"yaqmwgc729kzorx","operationId":"sdlrdowmfxefk1q","previousOperationId":"gu6piiuo2b2vhn7"}
{"type":"log","timestamp":1701073441427,"level":"debug","message":"Rendering engine handlebars","meta":{"rootId":"prd0u91vrwt2crb","id":"prd0u91vrwt2crb"},"id":"mfsq1gm33ccrye9","previousOperationId":"sdlrdowmfxefk1q"}
{"type":"operationEnd","operationId":"sdlrdowmfxefk1q","timestamp":1701073441437,"id":"r5pvx4maxv8ocx9","previousEventId":"sj943rvz1cxyhlz","previousOperationId":"sdlrdowmfxefk1q"}
{"type":"operationStart","subtype":"recipe","name":"chrome-pdf","timestamp":1701073441437,"id":"kyi3xxp84143hg9","previousEventId":"r5pvx4maxv8ocx9","operationId":"zeb0seu714uqbvl","previousOperationId":"sdlrdowmfxefk1q"}
{"type":"log","timestamp":1701073441438,"level":"debug","message":"Executing recipe chrome-pdf","meta":{"rootId":"prd0u91vrwt2crb","id":"prd0u91vrwt2crb"},"id":"c5125wak16g32ln","previousOperationId":"zeb0seu714uqbvl"}
{"type":"log","timestamp":1701073441439,"level":"debug","message":"Converting with chrome HeadlessChrome/117.0.5938.149 using chrome-pool strategy","meta":{"rootId":"prd0u91vrwt2crb","id":"prd0u91vrwt2crb"},"id":"ftwck2yb5ufobic","previousOperationId":"zeb0seu714uqbvl"}
{"type":"log","timestamp":1701073441487,"level":"debug","message":"Page request: GET (document) file:///var/folders/dp/qk79pfcj0y1fmtkkl08m76rc0000gn/T/jsreport/autocleanup/b3ea7020-5197-41d7-b1f8-6d7f1a37c154-chrome-pdf.html","meta":{"rootId":"prd0u91vrwt2crb","id":"prd0u91vrwt2crb"},"id":"ojiq3386tloetk0","previousOperationId":"zeb0seu714uqbvl"}
{"type":"log","timestamp":1701073441492,"level":"debug","message":"Page request finished: GET (document) 200 file:///var/folders/dp/qk79pfcj0y1fmtkkl08m76rc0000gn/T/jsreport/autocleanup/b3ea7020-5197-41d7-b1f8-6d7f1a37c154-chrome-pdf.html","meta":{"rootId":"prd0u91vrwt2crb","id":"prd0u91vrwt2crb"},"id":"tpaxykj31m8v851","previousOperationId":"zeb0seu714uqbvl"}
{"type":"log","timestamp":1701073441503,"level":"debug","message":"Running chrome with params {\"printBackground\":true,\"format\":\"a4\",\"marginTop\":\"2cm\",\"marginBottom\":\"2cm\",\"timeout\":59981,\"margin\":{\"top\":\"2cm\",\"bottom\":\"2cm\"}}","meta":{"rootId":"prd0u91vrwt2crb","id":"prd0u91vrwt2crb"},"id":"uuigbb1ec1e5ufz","previousOperationId":"zeb0seu714uqbvl"}
{"type":"operationEnd","operationId":"zeb0seu714uqbvl","timestamp":1701073441524,"id":"lfqzmb71pai37ek","previousEventId":"kyi3xxp84143hg9","previousOperationId":"zeb0seu714uqbvl"}
{"type":"log","timestamp":1701073441524,"level":"info","message":"pdf-utils is starting pdf processing","meta":{"rootId":"prd0u91vrwt2crb","id":"prd0u91vrwt2crb"},"id":"y0ahkjc6r00d4pn","previousOperationId":"zeb0seu714uqbvl"}
{"type":"operationStart","subtype":"pdfUtils","name":"pdf utils","timestamp":1701073441524,"id":"g0vxexo0tzsu6bx","previousEventId":"lfqzmb71pai37ek","operationId":"w60vve0rstxro3g","previousOperationId":"zeb0seu714uqbvl"}
{"type":"log","timestamp":1701073441524,"level":"debug","message":"pdf-utils detected 1 pdf operation(s) to process","meta":{"rootId":"prd0u91vrwt2crb","id":"prd0u91vrwt2crb"},"id":"clj1pto42xde2dw","previousOperationId":"w60vve0rstxro3g"}
{"type":"log","timestamp":1701073441549,"level":"debug","message":"pdf-utils running pdf operation merge","meta":{"rootId":"prd0u91vrwt2crb","id":"prd0u91vrwt2crb"},"id":"7hhquctkwqqg26w","previousOperationId":"w60vve0rstxro3g"}
{"type":"operationStart","subtype":"pdfUtilsMerge","name":"pdf utils merge","previousOperationId":"w60vve0rstxro3g","timestamp":1701073441549,"id":"2phbv8e28m1zsdx","previousEventId":"g0vxexo0tzsu6bx","operationId":"gofl9l9zyw44a2s"}
{"type":"operationStart","subtype":"render","name":"header-footer","previousOperationId":"gofl9l9zyw44a2s","timestamp":1701073441549,"id":"ihv95ue9t6rsfn3","previousEventId":"2phbv8e28m1zsdx","operationId":"rrkxjnq7kwxfg8d"}
{"type":"log","timestamp":1701073441549,"level":"info","message":"Starting rendering (child) request","meta":{"rootId":"prd0u91vrwt2crb","id":"jsnccoepmm19875"},"id":"bjqk7aty6bu9ffu","previousOperationId":"rrkxjnq7kwxfg8d"}
{"type":"log","timestamp":1701073441549,"level":"info","message":"Rendering template { name: header-footer, recipe: chrome-pdf, engine: handlebars, preview: true }","meta":{"rootId":"prd0u91vrwt2crb","id":"jsnccoepmm19875"},"id":"u48oevdjrgg3k1d","previousOperationId":"rrkxjnq7kwxfg8d"}
{"type":"log","timestamp":1701073441549,"level":"debug","message":"Inline data specified.","meta":{"rootId":"prd0u91vrwt2crb","id":"jsnccoepmm19875"},"id":"aoamjk3vxsy1rct","previousOperationId":"rrkxjnq7kwxfg8d"}
{"type":"log","timestamp":1701073441550,"level":"debug","message":"Base url not specified, skipping its injection.","meta":{"rootId":"prd0u91vrwt2crb","id":"jsnccoepmm19875"},"id":"hbaxuh2lwljqjak","previousOperationId":"rrkxjnq7kwxfg8d"}
{"type":"operationStart","subtype":"engine","name":"handlebars","timestamp":1701073441550,"id":"xexwznyesa3l2vb","previousEventId":"ihv95ue9t6rsfn3","operationId":"e20y3ndtg5za5pb","previousOperationId":"rrkxjnq7kwxfg8d"}
{"type":"log","timestamp":1701073441550,"level":"debug","message":"Rendering engine handlebars","meta":{"rootId":"prd0u91vrwt2crb","id":"jsnccoepmm19875"},"id":"c6lo90bkdauhak1","previousOperationId":"e20y3ndtg5za5pb"}
{"type":"operationEnd","operationId":"e20y3ndtg5za5pb","timestamp":1701073441554,"id":"nkab5k9fdwlxov3","previousEventId":"xexwznyesa3l2vb","previousOperationId":"e20y3ndtg5za5pb"}
{"type":"operationStart","subtype":"recipe","name":"chrome-pdf","timestamp":1701073441554,"id":"jbabpd8ziw26i5r","previousEventId":"nkab5k9fdwlxov3","operationId":"vw53ecicazquj53","previousOperationId":"e20y3ndtg5za5pb"}
{"type":"log","timestamp":1701073441554,"level":"debug","message":"Executing recipe chrome-pdf","meta":{"rootId":"prd0u91vrwt2crb","id":"jsnccoepmm19875"},"id":"oq5hrwvnc4e26lb","previousOperationId":"vw53ecicazquj53"}
{"type":"log","timestamp":1701073441555,"level":"debug","message":"Converting with chrome HeadlessChrome/117.0.5938.149 using chrome-pool strategy","meta":{"rootId":"prd0u91vrwt2crb","id":"jsnccoepmm19875"},"id":"8ph468m0chpsufo","previousOperationId":"vw53ecicazquj53"}
{"type":"log","timestamp":1701073441592,"level":"debug","message":"Page request: GET (document) file:///var/folders/dp/qk79pfcj0y1fmtkkl08m76rc0000gn/T/jsreport/autocleanup/5847e00d-fc91-406d-9c0b-0e24408e9376-chrome-pdf.html","meta":{"rootId":"prd0u91vrwt2crb","id":"jsnccoepmm19875"},"id":"uqskyv479hve4v3","previousOperationId":"vw53ecicazquj53"}
{"type":"log","timestamp":1701073441597,"level":"debug","message":"Page request finished: GET (document) 200 file:///var/folders/dp/qk79pfcj0y1fmtkkl08m76rc0000gn/T/jsreport/autocleanup/5847e00d-fc91-406d-9c0b-0e24408e9376-chrome-pdf.html","meta":{"rootId":"prd0u91vrwt2crb","id":"jsnccoepmm19875"},"id":"9m66mzzy018deyb","previousOperationId":"vw53ecicazquj53"}
{"type":"log","timestamp":1701073441604,"level":"debug","message":"Running chrome with params {\"timeout\":59865,\"margin\":{},\"printBackground\":true}","meta":{"rootId":"prd0u91vrwt2crb","id":"jsnccoepmm19875"},"id":"eqwsnoqolvbf52u","previousOperationId":"vw53ecicazquj53"}
{"type":"operationEnd","operationId":"vw53ecicazquj53","timestamp":1701073441610,"id":"d465qi3tik6k0xb","previousEventId":"jbabpd8ziw26i5r","previousOperationId":"vw53ecicazquj53"}
{"type":"log","timestamp":1701073441610,"level":"debug","message":"Skipping storing report.","meta":{"rootId":"prd0u91vrwt2crb","id":"jsnccoepmm19875"},"id":"iquhnzl3ttrk9ps","previousOperationId":"vw53ecicazquj53"}
{"type":"log","timestamp":1701073441610,"level":"info","message":"Rendering (child) request finished in 191 ms","meta":{"rootId":"prd0u91vrwt2crb","id":"jsnccoepmm19875"},"id":"zjlsnld89f6f36f","previousOperationId":"vw53ecicazquj53"}
{"type":"operationEnd","subtype":"render","operationId":"rrkxjnq7kwxfg8d","timestamp":1701073441610,"id":"046zwcqblbo6ta3","previousEventId":"d465qi3tik6k0xb","previousOperationId":"vw53ecicazquj53"}
{"type":"operationEnd","operationId":"gofl9l9zyw44a2s","timestamp":1701073441614,"id":"lh6b29amejkla57","previousEventId":"2phbv8e28m1zsdx","previousOperationId":"gofl9l9zyw44a2s"}
{"type":"log","timestamp":1701073441614,"level":"debug","message":"pdf-utils postproces start","meta":{"rootId":"prd0u91vrwt2crb","id":"prd0u91vrwt2crb"},"id":"zn0u6n2lmvi2hki","previousOperationId":"gofl9l9zyw44a2s"}
{"type":"log","timestamp":1701073441622,"level":"debug","message":"pdf-utils postproces end","meta":{"rootId":"prd0u91vrwt2crb","id":"prd0u91vrwt2crb"},"id":"vk4q1zlo6uhsi56","previousOperationId":"gofl9l9zyw44a2s"}
{"type":"operationEnd","operationId":"w60vve0rstxro3g","timestamp":1701073441622,"id":"yf1ce94av9j5g46","previousEventId":"lh6b29amejkla57","previousOperationId":"gofl9l9zyw44a2s"}
{"type":"log","timestamp":1701073441622,"level":"info","message":"pdf-utils pdf processing was finished","meta":{"rootId":"prd0u91vrwt2crb","id":"prd0u91vrwt2crb"},"id":"akf8d6z03cwxz6o","previousOperationId":"w60vve0rstxro3g"}
{"type":"log","timestamp":1701073441622,"level":"debug","message":"Skipping storing report.","meta":{"rootId":"prd0u91vrwt2crb","id":"prd0u91vrwt2crb"},"id":"ftaap5ty6ppj83d","previousOperationId":"w60vve0rstxro3g"}
{"type":"log","timestamp":1701073441622,"level":"info","message":"Rendering request 15 finished in 203 ms","meta":{"rootId":"prd0u91vrwt2crb","id":"prd0u91vrwt2crb"},"id":"knq3klwnaqdbi00","previousOperationId":"w60vve0rstxro3g"}
{"type":"operationEnd","subtype":"render","operationId":"gu6piiuo2b2vhn7","timestamp":1701073441622,"id":"xt663752ywe7gom","previousEventId":"yf1ce94av9j5g46","previousOperationId":"w60vve0rstxro3g"}
{"type":"operationEnd","doDiffs":false,"previousEventId":"ixpbpmm6ng2roy6","previousOperationId":"bprcb6hdmrjtsd4","operationId":"bprcb6hdmrjtsd4","timestamp":1701073441624,"id":"usi0uu9kvfa5170"}
