{"type":"operationStart","subtype":"profile","data":{"_id":"XZBjOAFl4v1IXU1f","timestamp":"2023-11-27T08:16:27.721Z","state":"queued","mode":"standard","creationDate":"2023-11-27T08:16:27.723Z","modificationDate":"2023-11-27T08:16:27.723Z","shortid":"FP5Tl2A","$entitySet":"profiles"},"doDiffs":false,"timestamp":1701072987722,"id":"jwgtu2e1114tcsp","previousOperationId":null,"operationId":"heyvv54zi388phg"}
{"type":"log","level":"info","message":"Render request 4 queued for execution and waiting for available worker","previousOperationId":"heyvv54zi388phg","timestamp":1701072987722,"id":"ylhpva38hllozsn"}
{"type":"operationStart","subtype":"render","name":"sporazum_privatno","previousOperationId":"heyvv54zi388phg","timestamp":1701072987735,"id":"k8toa4owrqx0c6d","previousEventId":"jwgtu2e1114tcsp","operationId":"9bym6ip043utzfw"}
{"type":"log","timestamp":1701072987736,"level":"info","message":"Starting rendering request 4","meta":{"rootId":"q0g0y6tury1qi3p","id":"q0g0y6tury1qi3p"},"id":"f2ykjqgkwqgujv9","previousOperationId":"9bym6ip043utzfw"}
{"type":"log","timestamp":1701072987736,"level":"info","message":"Rendering template { name: sporazum_privatno, recipe: chrome-pdf, engine: handlebars, preview: true }","meta":{"rootId":"q0g0y6tury1qi3p","id":"q0g0y6tury1qi3p"},"id":"jhjjklc2vei6jee","previousOperationId":"9bym6ip043utzfw"}
{"type":"log","timestamp":1701072987740,"level":"debug","message":"Adding sample data BBCHzcseQ","meta":{"rootId":"q0g0y6tury1qi3p","id":"q0g0y6tury1qi3p"},"id":"i6lqu0t8khhjqzy","previousOperationId":"9bym6ip043utzfw"}
{"type":"log","timestamp":1701072987741,"level":"debug","message":"Base url not specified, skipping its injection.","meta":{"rootId":"q0g0y6tury1qi3p","id":"q0g0y6tury1qi3p"},"id":"nphz3pf6ts6sein","previousOperationId":"9bym6ip043utzfw"}
{"type":"operationStart","subtype":"engine","name":"handlebars","timestamp":1701072987742,"id":"jd2l7j97ddei5qp","previousEventId":"k8toa4owrqx0c6d","operationId":"1gq9mpybtyzkuj8","previousOperationId":"9bym6ip043utzfw"}
{"type":"log","timestamp":1701072987742,"level":"debug","message":"Rendering engine handlebars","meta":{"rootId":"q0g0y6tury1qi3p","id":"q0g0y6tury1qi3p"},"id":"1j7ccdywhfrjirz","previousOperationId":"1gq9mpybtyzkuj8"}
{"type":"operationEnd","operationId":"1gq9mpybtyzkuj8","timestamp":1701072987762,"id":"lyyw60dn7mjzan6","previousEventId":"jd2l7j97ddei5qp","previousOperationId":"1gq9mpybtyzkuj8"}
{"type":"operationStart","subtype":"recipe","name":"chrome-pdf","timestamp":1701072987763,"id":"srnkog66gowr3u1","previousEventId":"lyyw60dn7mjzan6","operationId":"s69joifi2dwbady","previousOperationId":"1gq9mpybtyzkuj8"}
{"type":"log","timestamp":1701072987763,"level":"debug","message":"Executing recipe chrome-pdf","meta":{"rootId":"q0g0y6tury1qi3p","id":"q0g0y6tury1qi3p"},"id":"wnu6dz8vw8sg5r4","previousOperationId":"s69joifi2dwbady"}
{"type":"log","timestamp":1701072987764,"level":"debug","message":"Converting with chrome HeadlessChrome/117.0.5938.149 using chrome-pool strategy","meta":{"rootId":"q0g0y6tury1qi3p","id":"q0g0y6tury1qi3p"},"id":"nfyapcr6k8lgive","previousOperationId":"s69joifi2dwbady"}
{"type":"log","timestamp":1701072987806,"level":"debug","message":"Page request: GET (document) file:///var/folders/dp/qk79pfcj0y1fmtkkl08m76rc0000gn/T/jsreport/autocleanup/01797cec-f88c-4adb-8b6f-bba9edc9408b-chrome-pdf.html","meta":{"rootId":"q0g0y6tury1qi3p","id":"q0g0y6tury1qi3p"},"id":"reecq263qqf48v4","previousOperationId":"s69joifi2dwbady"}
{"type":"log","timestamp":1701072987811,"level":"debug","message":"Page request finished: GET (document) 200 file:///var/folders/dp/qk79pfcj0y1fmtkkl08m76rc0000gn/T/jsreport/autocleanup/01797cec-f88c-4adb-8b6f-bba9edc9408b-chrome-pdf.html","meta":{"rootId":"q0g0y6tury1qi3p","id":"q0g0y6tury1qi3p"},"id":"5rwakd9zvtxt5vh","previousOperationId":"s69joifi2dwbady"}
{"type":"log","timestamp":1701072987820,"level":"debug","message":"Running chrome with params {\"printBackground\":true,\"format\":\"a4\",\"marginTop\":\"2cm\",\"marginBottom\":\"2cm\",\"timeout\":59957,\"margin\":{\"top\":\"2cm\",\"bottom\":\"2cm\"}}","meta":{"rootId":"q0g0y6tury1qi3p","id":"q0g0y6tury1qi3p"},"id":"6ns0rx7dsb8d22q","previousOperationId":"s69joifi2dwbady"}
{"type":"operationEnd","operationId":"s69joifi2dwbady","timestamp":1701072987841,"id":"0miefd9ysfu8lu7","previousEventId":"srnkog66gowr3u1","previousOperationId":"s69joifi2dwbady"}
{"type":"log","timestamp":1701072987841,"level":"info","message":"pdf-utils is starting pdf processing","meta":{"rootId":"q0g0y6tury1qi3p","id":"q0g0y6tury1qi3p"},"id":"i9ms9woa2spqfy4","previousOperationId":"s69joifi2dwbady"}
{"type":"operationStart","subtype":"pdfUtils","name":"pdf utils","timestamp":1701072987841,"id":"l3toy9wvgpfugb6","previousEventId":"0miefd9ysfu8lu7","operationId":"oldg8qnyej5u7rg","previousOperationId":"s69joifi2dwbady"}
{"type":"log","timestamp":1701072987842,"level":"debug","message":"pdf-utils detected 1 pdf operation(s) to process","meta":{"rootId":"q0g0y6tury1qi3p","id":"q0g0y6tury1qi3p"},"id":"lr23mh8zi2z5nv4","previousOperationId":"oldg8qnyej5u7rg"}
{"type":"log","timestamp":1701072987879,"level":"debug","message":"pdf-utils running pdf operation merge","meta":{"rootId":"q0g0y6tury1qi3p","id":"q0g0y6tury1qi3p"},"id":"foyakiuyrpihvlx","previousOperationId":"oldg8qnyej5u7rg"}
{"type":"operationStart","subtype":"pdfUtilsMerge","name":"pdf utils merge","previousOperationId":"oldg8qnyej5u7rg","timestamp":1701072987879,"id":"2d9xjps9ze2437p","previousEventId":"l3toy9wvgpfugb6","operationId":"wsodvml3st1de9k"}
{"type":"operationStart","subtype":"render","name":"header-footer","previousOperationId":"wsodvml3st1de9k","timestamp":1701072987880,"id":"5ds8y6o9em65gkw","previousEventId":"2d9xjps9ze2437p","operationId":"5iv6nkytl1mol4n"}
{"type":"log","timestamp":1701072987880,"level":"info","message":"Starting rendering (child) request","meta":{"rootId":"q0g0y6tury1qi3p","id":"30vk7tqcc2zasmv"},"id":"jpev6p8ctinyzaa","previousOperationId":"5iv6nkytl1mol4n"}
{"type":"log","timestamp":1701072987880,"level":"info","message":"Rendering template { name: header-footer, recipe: chrome-pdf, engine: handlebars, preview: true }","meta":{"rootId":"q0g0y6tury1qi3p","id":"30vk7tqcc2zasmv"},"id":"zlcrcp5bvduko0c","previousOperationId":"5iv6nkytl1mol4n"}
{"type":"log","timestamp":1701072987880,"level":"debug","message":"Inline data specified.","meta":{"rootId":"q0g0y6tury1qi3p","id":"30vk7tqcc2zasmv"},"id":"9r7frlb5khzu5m2","previousOperationId":"5iv6nkytl1mol4n"}
{"type":"log","timestamp":1701072987880,"level":"debug","message":"Base url not specified, skipping its injection.","meta":{"rootId":"q0g0y6tury1qi3p","id":"30vk7tqcc2zasmv"},"id":"7np2epz1f8hcowv","previousOperationId":"5iv6nkytl1mol4n"}
{"type":"operationStart","subtype":"engine","name":"handlebars","timestamp":1701072987881,"id":"5mz4uof8j421que","previousEventId":"5ds8y6o9em65gkw","operationId":"a8woacmrdyohygu","previousOperationId":"5iv6nkytl1mol4n"}
{"type":"log","timestamp":1701072987881,"level":"debug","message":"Rendering engine handlebars","meta":{"rootId":"q0g0y6tury1qi3p","id":"30vk7tqcc2zasmv"},"id":"zpmq6cownejjzn0","previousOperationId":"a8woacmrdyohygu"}
{"type":"operationEnd","operationId":"a8woacmrdyohygu","timestamp":1701072987884,"id":"1xiomhb5b9f0psk","previousEventId":"5mz4uof8j421que","previousOperationId":"a8woacmrdyohygu"}
{"type":"operationStart","subtype":"recipe","name":"chrome-pdf","timestamp":1701072987885,"id":"i581rcfhecgrbab","previousEventId":"1xiomhb5b9f0psk","operationId":"f1xvbx2h0htt3rx","previousOperationId":"a8woacmrdyohygu"}
{"type":"log","timestamp":1701072987885,"level":"debug","message":"Executing recipe chrome-pdf","meta":{"rootId":"q0g0y6tury1qi3p","id":"30vk7tqcc2zasmv"},"id":"5vjhtrm5wmit6m4","previousOperationId":"f1xvbx2h0htt3rx"}
{"type":"log","timestamp":1701072987885,"level":"debug","message":"Converting with chrome HeadlessChrome/117.0.5938.149 using chrome-pool strategy","meta":{"rootId":"q0g0y6tury1qi3p","id":"30vk7tqcc2zasmv"},"id":"h2hjk8gmd52xu6z","previousOperationId":"f1xvbx2h0htt3rx"}
{"type":"log","timestamp":1701072987922,"level":"debug","message":"Page request: GET (document) file:///var/folders/dp/qk79pfcj0y1fmtkkl08m76rc0000gn/T/jsreport/autocleanup/5b91f300-289d-4902-b53e-8d6583fc9cce-chrome-pdf.html","meta":{"rootId":"q0g0y6tury1qi3p","id":"30vk7tqcc2zasmv"},"id":"nnp57x5uzicwd3n","previousOperationId":"f1xvbx2h0htt3rx"}
{"type":"log","timestamp":1701072987927,"level":"debug","message":"Page request finished: GET (document) 200 file:///var/folders/dp/qk79pfcj0y1fmtkkl08m76rc0000gn/T/jsreport/autocleanup/5b91f300-289d-4902-b53e-8d6583fc9cce-chrome-pdf.html","meta":{"rootId":"q0g0y6tury1qi3p","id":"30vk7tqcc2zasmv"},"id":"si1whvfc8zdmbo1","previousOperationId":"f1xvbx2h0htt3rx"}
{"type":"log","timestamp":1701072987934,"level":"debug","message":"Running chrome with params {\"timeout\":59836,\"margin\":{},\"printBackground\":true}","meta":{"rootId":"q0g0y6tury1qi3p","id":"30vk7tqcc2zasmv"},"id":"fbaly0sseke1sry","previousOperationId":"f1xvbx2h0htt3rx"}
{"type":"operationEnd","operationId":"f1xvbx2h0htt3rx","timestamp":1701072987940,"id":"huhrrbecblb8yc5","previousEventId":"i581rcfhecgrbab","previousOperationId":"f1xvbx2h0htt3rx"}
{"type":"log","timestamp":1701072987940,"level":"debug","message":"Skipping storing report.","meta":{"rootId":"q0g0y6tury1qi3p","id":"30vk7tqcc2zasmv"},"id":"332stlc9ek4wgjt","previousOperationId":"f1xvbx2h0htt3rx"}
{"type":"log","timestamp":1701072987941,"level":"info","message":"Rendering (child) request finished in 220 ms","meta":{"rootId":"q0g0y6tury1qi3p","id":"30vk7tqcc2zasmv"},"id":"khr8gfnagqkehtv","previousOperationId":"f1xvbx2h0htt3rx"}
{"type":"operationEnd","subtype":"render","operationId":"5iv6nkytl1mol4n","timestamp":1701072987941,"id":"qil0eq7tdkhs1ao","previousEventId":"huhrrbecblb8yc5","previousOperationId":"f1xvbx2h0htt3rx"}
{"type":"operationEnd","operationId":"wsodvml3st1de9k","timestamp":1701072987947,"id":"1qq3k1jwgc7y053","previousEventId":"2d9xjps9ze2437p","previousOperationId":"wsodvml3st1de9k"}
{"type":"log","timestamp":1701072987947,"level":"debug","message":"pdf-utils postproces start","meta":{"rootId":"q0g0y6tury1qi3p","id":"q0g0y6tury1qi3p"},"id":"iouup8nvot19v1x","previousOperationId":"wsodvml3st1de9k"}
{"type":"log","timestamp":1701072987957,"level":"debug","message":"pdf-utils postproces end","meta":{"rootId":"q0g0y6tury1qi3p","id":"q0g0y6tury1qi3p"},"id":"32vt0sgrzo7z42d","previousOperationId":"wsodvml3st1de9k"}
{"type":"operationEnd","operationId":"oldg8qnyej5u7rg","timestamp":1701072987957,"id":"dzvwi0db10lct62","previousEventId":"1qq3k1jwgc7y053","previousOperationId":"wsodvml3st1de9k"}
{"type":"log","timestamp":1701072987957,"level":"info","message":"pdf-utils pdf processing was finished","meta":{"rootId":"q0g0y6tury1qi3p","id":"q0g0y6tury1qi3p"},"id":"7v7otlwzvlifjh1","previousOperationId":"oldg8qnyej5u7rg"}
{"type":"log","timestamp":1701072987957,"level":"debug","message":"Skipping storing report.","meta":{"rootId":"q0g0y6tury1qi3p","id":"q0g0y6tury1qi3p"},"id":"kvmdgfipfd79cqw","previousOperationId":"oldg8qnyej5u7rg"}
{"type":"log","timestamp":1701072987957,"level":"info","message":"Rendering request 4 finished in 236 ms","meta":{"rootId":"q0g0y6tury1qi3p","id":"q0g0y6tury1qi3p"},"id":"oj8s3o67ghap6bt","previousOperationId":"oldg8qnyej5u7rg"}
{"type":"operationEnd","subtype":"render","operationId":"9bym6ip043utzfw","timestamp":1701072987957,"id":"wuqgmjp97nc2r1k","previousEventId":"dzvwi0db10lct62","previousOperationId":"oldg8qnyej5u7rg"}
{"type":"operationEnd","doDiffs":false,"previousEventId":"jwgtu2e1114tcsp","previousOperationId":"heyvv54zi388phg","operationId":"heyvv54zi388phg","timestamp":1701072987959,"id":"2xulz9urv2ibjrt"}
