{"type":"operationStart","subtype":"profile","data":{"_id":"GSOuxWgNBrQDqLlh","timestamp":"2023-11-27T08:50:01.460Z","state":"queued","mode":"standard","creationDate":"2023-11-27T08:50:01.461Z","modificationDate":"2023-11-27T08:50:01.461Z","shortid":"Q0ZFeUj","$entitySet":"profiles"},"doDiffs":false,"timestamp":1701075001460,"id":"hm5rylj1r1vayxt","previousOperationId":null,"operationId":"pqmyj2qdu126j3m"}
{"type":"log","level":"info","message":"Render request 29 queued for execution and waiting for available worker","previousOperationId":"pqmyj2qdu126j3m","timestamp":1701075001460,"id":"wu2ptwgnndw9198"}
{"type":"operationStart","subtype":"render","name":"sporazum_privatno","previousOperationId":"pqmyj2qdu126j3m","timestamp":1701075001471,"id":"k7wtohekb4k7aht","previousEventId":"hm5rylj1r1vayxt","operationId":"p0n6e2f1tx1my0n"}
{"type":"log","timestamp":1701075001471,"level":"info","message":"Starting rendering request 29","meta":{"rootId":"q6suoqicjtkng6s","id":"q6suoqicjtkng6s"},"id":"9oz9gr6shhqrsu8","previousOperationId":"p0n6e2f1tx1my0n"}
{"type":"log","timestamp":1701075001472,"level":"info","message":"Rendering template { name: sporazum_privatno, recipe: chrome-pdf, engine: handlebars, preview: true }","meta":{"rootId":"q6suoqicjtkng6s","id":"q6suoqicjtkng6s"},"id":"5gxlkl9ubs0i293","previousOperationId":"p0n6e2f1tx1my0n"}
{"type":"log","timestamp":1701075001473,"level":"debug","message":"Inline data specified.","meta":{"rootId":"q6suoqicjtkng6s","id":"q6suoqicjtkng6s"},"id":"qaidtffj1q907aj","previousOperationId":"p0n6e2f1tx1my0n"}
{"type":"log","timestamp":1701075001474,"level":"debug","message":"Base url not specified, skipping its injection.","meta":{"rootId":"q6suoqicjtkng6s","id":"q6suoqicjtkng6s"},"id":"wehuv9f3hl5roao","previousOperationId":"p0n6e2f1tx1my0n"}
{"type":"operationStart","subtype":"engine","name":"handlebars","timestamp":1701075001475,"id":"kb97zax897l2gto","previousEventId":"k7wtohekb4k7aht","operationId":"1k9wvwcsj5iah9t","previousOperationId":"p0n6e2f1tx1my0n"}
{"type":"log","timestamp":1701075001475,"level":"debug","message":"Rendering engine handlebars","meta":{"rootId":"q6suoqicjtkng6s","id":"q6suoqicjtkng6s"},"id":"rrx8yfytiy4mv81","previousOperationId":"1k9wvwcsj5iah9t"}
{"type":"operationEnd","operationId":"1k9wvwcsj5iah9t","timestamp":1701075001487,"id":"8fbmb57pgct3v4i","previousEventId":"kb97zax897l2gto","previousOperationId":"1k9wvwcsj5iah9t"}
{"type":"operationStart","subtype":"recipe","name":"chrome-pdf","timestamp":1701075001488,"id":"0t2eg1pya8qpbjp","previousEventId":"8fbmb57pgct3v4i","operationId":"6mgvurduljif2zz","previousOperationId":"1k9wvwcsj5iah9t"}
{"type":"log","timestamp":1701075001488,"level":"debug","message":"Executing recipe chrome-pdf","meta":{"rootId":"q6suoqicjtkng6s","id":"q6suoqicjtkng6s"},"id":"yey1gmnjnrz0xd8","previousOperationId":"6mgvurduljif2zz"}
{"type":"log","timestamp":1701075001489,"level":"debug","message":"Converting with chrome HeadlessChrome/117.0.5938.149 using chrome-pool strategy","meta":{"rootId":"q6suoqicjtkng6s","id":"q6suoqicjtkng6s"},"id":"b3ru44pnle6u6b8","previousOperationId":"6mgvurduljif2zz"}
{"type":"log","timestamp":1701075001538,"level":"debug","message":"Page request: GET (document) file:///var/folders/dp/qk79pfcj0y1fmtkkl08m76rc0000gn/T/jsreport/autocleanup/0b382d10-c1e3-45d0-a259-56307cdfaaa6-chrome-pdf.html","meta":{"rootId":"q6suoqicjtkng6s","id":"q6suoqicjtkng6s"},"id":"sdwhv77qcremn3q","previousOperationId":"6mgvurduljif2zz"}
{"type":"log","timestamp":1701075001543,"level":"debug","message":"Page request finished: GET (document) 200 file:///var/folders/dp/qk79pfcj0y1fmtkkl08m76rc0000gn/T/jsreport/autocleanup/0b382d10-c1e3-45d0-a259-56307cdfaaa6-chrome-pdf.html","meta":{"rootId":"q6suoqicjtkng6s","id":"q6suoqicjtkng6s"},"id":"c22ve5xl64y2809","previousOperationId":"6mgvurduljif2zz"}
{"type":"log","timestamp":1701075001555,"level":"debug","message":"Running chrome with params {\"printBackground\":true,\"format\":\"a4\",\"marginTop\":\"2cm\",\"marginBottom\":\"2cm\",\"timeout\":59971,\"margin\":{\"top\":\"2cm\",\"bottom\":\"2cm\"}}","meta":{"rootId":"q6suoqicjtkng6s","id":"q6suoqicjtkng6s"},"id":"g8cemg8mkq3w80v","previousOperationId":"6mgvurduljif2zz"}
{"type":"operationEnd","operationId":"6mgvurduljif2zz","timestamp":1701075001577,"id":"94sqpewulgt635j","previousEventId":"0t2eg1pya8qpbjp","previousOperationId":"6mgvurduljif2zz"}
{"type":"log","timestamp":1701075001577,"level":"info","message":"pdf-utils is starting pdf processing","meta":{"rootId":"q6suoqicjtkng6s","id":"q6suoqicjtkng6s"},"id":"syin0pt1t4kmejo","previousOperationId":"6mgvurduljif2zz"}
{"type":"operationStart","subtype":"pdfUtils","name":"pdf utils","timestamp":1701075001577,"id":"psd60e6ei5sjfmn","previousEventId":"94sqpewulgt635j","operationId":"ae8umv52xbsi48u","previousOperationId":"6mgvurduljif2zz"}
{"type":"log","timestamp":1701075001577,"level":"debug","message":"pdf-utils detected 1 pdf operation(s) to process","meta":{"rootId":"q6suoqicjtkng6s","id":"q6suoqicjtkng6s"},"id":"4pifrtt27mhhpup","previousOperationId":"ae8umv52xbsi48u"}
{"type":"log","timestamp":1701075001603,"level":"debug","message":"pdf-utils running pdf operation merge","meta":{"rootId":"q6suoqicjtkng6s","id":"q6suoqicjtkng6s"},"id":"usp2x7mect7jn85","previousOperationId":"ae8umv52xbsi48u"}
{"type":"operationStart","subtype":"pdfUtilsMerge","name":"pdf utils merge","previousOperationId":"ae8umv52xbsi48u","timestamp":1701075001603,"id":"gyym8wit0ipr4pf","previousEventId":"psd60e6ei5sjfmn","operationId":"74jalxtse348mja"}
{"type":"operationStart","subtype":"render","name":"header-footer","previousOperationId":"74jalxtse348mja","timestamp":1701075001603,"id":"diswua8tzbmdv5n","previousEventId":"gyym8wit0ipr4pf","operationId":"psf6q234v59oix0"}
{"type":"log","timestamp":1701075001603,"level":"info","message":"Starting rendering (child) request","meta":{"rootId":"q6suoqicjtkng6s","id":"lpy3i0s3e419xjw"},"id":"ytuhr9e52mh8cts","previousOperationId":"psf6q234v59oix0"}
{"type":"log","timestamp":1701075001603,"level":"info","message":"Rendering template { name: header-footer, recipe: chrome-pdf, engine: handlebars, preview: true }","meta":{"rootId":"q6suoqicjtkng6s","id":"lpy3i0s3e419xjw"},"id":"a2eoocil9jnppvv","previousOperationId":"psf6q234v59oix0"}
{"type":"log","timestamp":1701075001603,"level":"debug","message":"Inline data specified.","meta":{"rootId":"q6suoqicjtkng6s","id":"lpy3i0s3e419xjw"},"id":"usk5bpsod8f9w48","previousOperationId":"psf6q234v59oix0"}
{"type":"log","timestamp":1701075001604,"level":"debug","message":"Base url not specified, skipping its injection.","meta":{"rootId":"q6suoqicjtkng6s","id":"lpy3i0s3e419xjw"},"id":"j1cwr71d6z45616","previousOperationId":"psf6q234v59oix0"}
{"type":"operationStart","subtype":"engine","name":"handlebars","timestamp":1701075001604,"id":"1ayhi4n6olxrzmo","previousEventId":"diswua8tzbmdv5n","operationId":"tzqwebfgrxv0br1","previousOperationId":"psf6q234v59oix0"}
{"type":"log","timestamp":1701075001604,"level":"debug","message":"Rendering engine handlebars","meta":{"rootId":"q6suoqicjtkng6s","id":"lpy3i0s3e419xjw"},"id":"1t7w0q4rmo2p4mm","previousOperationId":"tzqwebfgrxv0br1"}
{"type":"operationEnd","operationId":"tzqwebfgrxv0br1","timestamp":1701075001608,"id":"6ib4nqv2pdcownb","previousEventId":"1ayhi4n6olxrzmo","previousOperationId":"tzqwebfgrxv0br1"}
{"type":"operationStart","subtype":"recipe","name":"chrome-pdf","timestamp":1701075001608,"id":"ncelzndtj2mvi55","previousEventId":"6ib4nqv2pdcownb","operationId":"6pd3nkfsz2rmmkm","previousOperationId":"tzqwebfgrxv0br1"}
{"type":"log","timestamp":1701075001609,"level":"debug","message":"Executing recipe chrome-pdf","meta":{"rootId":"q6suoqicjtkng6s","id":"lpy3i0s3e419xjw"},"id":"5hgm0zkvb3bo0vd","previousOperationId":"6pd3nkfsz2rmmkm"}
{"type":"log","timestamp":1701075001609,"level":"debug","message":"Converting with chrome HeadlessChrome/117.0.5938.149 using chrome-pool strategy","meta":{"rootId":"q6suoqicjtkng6s","id":"lpy3i0s3e419xjw"},"id":"oxvxi9ypxcm915i","previousOperationId":"6pd3nkfsz2rmmkm"}
{"type":"log","timestamp":1701075001646,"level":"debug","message":"Page request: GET (document) file:///var/folders/dp/qk79pfcj0y1fmtkkl08m76rc0000gn/T/jsreport/autocleanup/d6ff7dfe-8ab8-44c8-aa5f-4b6ac97e1b61-chrome-pdf.html","meta":{"rootId":"q6suoqicjtkng6s","id":"lpy3i0s3e419xjw"},"id":"f8xr0mw1dggiyan","previousOperationId":"6pd3nkfsz2rmmkm"}
{"type":"log","timestamp":1701075001651,"level":"debug","message":"Page request finished: GET (document) 200 file:///var/folders/dp/qk79pfcj0y1fmtkkl08m76rc0000gn/T/jsreport/autocleanup/d6ff7dfe-8ab8-44c8-aa5f-4b6ac97e1b61-chrome-pdf.html","meta":{"rootId":"q6suoqicjtkng6s","id":"lpy3i0s3e419xjw"},"id":"wtn6atcrgm1xqew","previousOperationId":"6pd3nkfsz2rmmkm"}
{"type":"log","timestamp":1701075001659,"level":"debug","message":"Running chrome with params {\"timeout\":59851,\"margin\":{},\"printBackground\":true}","meta":{"rootId":"q6suoqicjtkng6s","id":"lpy3i0s3e419xjw"},"id":"rcc0597tqm3leiv","previousOperationId":"6pd3nkfsz2rmmkm"}
{"type":"operationEnd","operationId":"6pd3nkfsz2rmmkm","timestamp":1701075001665,"id":"yg4t3bnq0memey2","previousEventId":"ncelzndtj2mvi55","previousOperationId":"6pd3nkfsz2rmmkm"}
{"type":"log","timestamp":1701075001665,"level":"debug","message":"Skipping storing report.","meta":{"rootId":"q6suoqicjtkng6s","id":"lpy3i0s3e419xjw"},"id":"tapap0jqi1xr9yo","previousOperationId":"6pd3nkfsz2rmmkm"}
{"type":"log","timestamp":1701075001665,"level":"info","message":"Rendering (child) request finished in 205 ms","meta":{"rootId":"q6suoqicjtkng6s","id":"lpy3i0s3e419xjw"},"id":"whezfz2vksziu36","previousOperationId":"6pd3nkfsz2rmmkm"}
{"type":"operationEnd","subtype":"render","operationId":"psf6q234v59oix0","timestamp":1701075001665,"id":"ulos3uam80ermlq","previousEventId":"yg4t3bnq0memey2","previousOperationId":"6pd3nkfsz2rmmkm"}
{"type":"operationEnd","operationId":"74jalxtse348mja","timestamp":1701075001670,"id":"59r3cygbza2234s","previousEventId":"gyym8wit0ipr4pf","previousOperationId":"74jalxtse348mja"}
{"type":"log","timestamp":1701075001670,"level":"debug","message":"pdf-utils postproces start","meta":{"rootId":"q6suoqicjtkng6s","id":"q6suoqicjtkng6s"},"id":"hbhz5bg4c29meve","previousOperationId":"74jalxtse348mja"}
{"type":"log","timestamp":1701075001677,"level":"debug","message":"pdf-utils postproces end","meta":{"rootId":"q6suoqicjtkng6s","id":"q6suoqicjtkng6s"},"id":"9muj0tm5wjnnz7o","previousOperationId":"74jalxtse348mja"}
{"type":"operationEnd","operationId":"ae8umv52xbsi48u","timestamp":1701075001677,"id":"rcbwtvaqmrz6xoj","previousEventId":"59r3cygbza2234s","previousOperationId":"74jalxtse348mja"}
{"type":"log","timestamp":1701075001677,"level":"info","message":"pdf-utils pdf processing was finished","meta":{"rootId":"q6suoqicjtkng6s","id":"q6suoqicjtkng6s"},"id":"owu8amnt2lq3ink","previousOperationId":"ae8umv52xbsi48u"}
{"type":"log","timestamp":1701075001677,"level":"debug","message":"Skipping storing report.","meta":{"rootId":"q6suoqicjtkng6s","id":"q6suoqicjtkng6s"},"id":"yx4yioosi280v52","previousOperationId":"ae8umv52xbsi48u"}
{"type":"log","timestamp":1701075001677,"level":"info","message":"Rendering request 29 finished in 217 ms","meta":{"rootId":"q6suoqicjtkng6s","id":"q6suoqicjtkng6s"},"id":"tvkn2iemjekzpp3","previousOperationId":"ae8umv52xbsi48u"}
{"type":"operationEnd","subtype":"render","operationId":"p0n6e2f1tx1my0n","timestamp":1701075001677,"id":"ouv3wt3blx8wyll","previousEventId":"rcbwtvaqmrz6xoj","previousOperationId":"ae8umv52xbsi48u"}
{"type":"operationEnd","doDiffs":false,"previousEventId":"hm5rylj1r1vayxt","previousOperationId":"pqmyj2qdu126j3m","operationId":"pqmyj2qdu126j3m","timestamp":1701075001679,"id":"x5ol7h6e5msatqt"}
