{"type":"operationStart","subtype":"profile","data":{"_id":"AavY7X8QfJaHzg7U","timestamp":"2023-11-27T08:36:15.179Z","state":"queued","mode":"standard","creationDate":"2023-11-27T08:36:15.180Z","modificationDate":"2023-11-27T08:36:15.180Z","shortid":"OJ8cN2K","$entitySet":"profiles"},"doDiffs":false,"timestamp":1701074175179,"id":"j8aeupqvxexwg7n","previousOperationId":null,"operationId":"2josp3x7gsbk9nl"}
{"type":"log","level":"info","message":"Render request 21 queued for execution and waiting for available worker","previousOperationId":"2josp3x7gsbk9nl","timestamp":1701074175179,"id":"2sqak3ec57sii3v"}
{"type":"operationStart","subtype":"render","name":"sporazum_privatno","previousOperationId":"2josp3x7gsbk9nl","timestamp":1701074175185,"id":"jq6g3idwtmjpl9b","previousEventId":"j8aeupqvxexwg7n","operationId":"yok6v1d1qito44r"}
{"type":"log","timestamp":1701074175185,"level":"info","message":"Starting rendering request 21","meta":{"rootId":"th6w7po2tg916jy","id":"th6w7po2tg916jy"},"id":"xecc8xhyc0iq4sr","previousOperationId":"yok6v1d1qito44r"}
{"type":"log","timestamp":1701074175185,"level":"info","message":"Rendering template { name: sporazum_privatno, recipe: chrome-pdf, engine: handlebars, preview: true }","meta":{"rootId":"th6w7po2tg916jy","id":"th6w7po2tg916jy"},"id":"cz1x7qbc22molvh","previousOperationId":"yok6v1d1qito44r"}
{"type":"log","timestamp":1701074175185,"level":"debug","message":"Inline data specified.","meta":{"rootId":"th6w7po2tg916jy","id":"th6w7po2tg916jy"},"id":"wcwgmk1xl16dteq","previousOperationId":"yok6v1d1qito44r"}
{"type":"log","timestamp":1701074175189,"level":"debug","message":"Base url not specified, skipping its injection.","meta":{"rootId":"th6w7po2tg916jy","id":"th6w7po2tg916jy"},"id":"7eujep8wa8r4skw","previousOperationId":"yok6v1d1qito44r"}
{"type":"operationStart","subtype":"engine","name":"handlebars","timestamp":1701074175189,"id":"yczmz47oli6dofa","previousEventId":"jq6g3idwtmjpl9b","operationId":"xm036wu5ww3leok","previousOperationId":"yok6v1d1qito44r"}
{"type":"log","timestamp":1701074175189,"level":"debug","message":"Rendering engine handlebars","meta":{"rootId":"th6w7po2tg916jy","id":"th6w7po2tg916jy"},"id":"ttj2k30eo55bwb9","previousOperationId":"xm036wu5ww3leok"}
{"type":"operationEnd","operationId":"xm036wu5ww3leok","timestamp":1701074175208,"id":"uvj081slrxxvnz6","previousEventId":"yczmz47oli6dofa","previousOperationId":"xm036wu5ww3leok"}
{"type":"operationStart","subtype":"recipe","name":"chrome-pdf","timestamp":1701074175208,"id":"7x89abz5qgdtmpt","previousEventId":"uvj081slrxxvnz6","operationId":"u2d82uea1k0xx26","previousOperationId":"xm036wu5ww3leok"}
{"type":"log","timestamp":1701074175208,"level":"debug","message":"Executing recipe chrome-pdf","meta":{"rootId":"th6w7po2tg916jy","id":"th6w7po2tg916jy"},"id":"vfc483z600dy4r5","previousOperationId":"u2d82uea1k0xx26"}
{"type":"log","timestamp":1701074175210,"level":"debug","message":"Converting with chrome HeadlessChrome/117.0.5938.149 using chrome-pool strategy","meta":{"rootId":"th6w7po2tg916jy","id":"th6w7po2tg916jy"},"id":"ladio1hfcwfg3l1","previousOperationId":"u2d82uea1k0xx26"}
{"type":"log","timestamp":1701074175261,"level":"debug","message":"Page request: GET (document) file:///var/folders/dp/qk79pfcj0y1fmtkkl08m76rc0000gn/T/jsreport/autocleanup/4263d2bb-53ef-4c18-8979-c1be8e5ebd51-chrome-pdf.html","meta":{"rootId":"th6w7po2tg916jy","id":"th6w7po2tg916jy"},"id":"m0ivh8s1gzvrgkc","previousOperationId":"u2d82uea1k0xx26"}
{"type":"log","timestamp":1701074175265,"level":"debug","message":"Page request finished: GET (document) 200 file:///var/folders/dp/qk79pfcj0y1fmtkkl08m76rc0000gn/T/jsreport/autocleanup/4263d2bb-53ef-4c18-8979-c1be8e5ebd51-chrome-pdf.html","meta":{"rootId":"th6w7po2tg916jy","id":"th6w7po2tg916jy"},"id":"grqthr1jbc8rqw2","previousOperationId":"u2d82uea1k0xx26"}
{"type":"log","timestamp":1701074175278,"level":"debug","message":"Running chrome with params {\"printBackground\":true,\"format\":\"a4\",\"marginTop\":\"2cm\",\"marginBottom\":\"2cm\",\"timeout\":59970,\"margin\":{\"top\":\"2cm\",\"bottom\":\"2cm\"}}","meta":{"rootId":"th6w7po2tg916jy","id":"th6w7po2tg916jy"},"id":"in9bsd7jrn8bwk5","previousOperationId":"u2d82uea1k0xx26"}
{"type":"operationEnd","operationId":"u2d82uea1k0xx26","timestamp":1701074175298,"id":"t5bvtsl6vemubga","previousEventId":"7x89abz5qgdtmpt","previousOperationId":"u2d82uea1k0xx26"}
{"type":"log","timestamp":1701074175298,"level":"info","message":"pdf-utils is starting pdf processing","meta":{"rootId":"th6w7po2tg916jy","id":"th6w7po2tg916jy"},"id":"d7v38q8o5lu57m7","previousOperationId":"u2d82uea1k0xx26"}
{"type":"operationStart","subtype":"pdfUtils","name":"pdf utils","timestamp":1701074175298,"id":"c18l09xzdwqarp4","previousEventId":"t5bvtsl6vemubga","operationId":"tvbqokrgqrpk6i9","previousOperationId":"u2d82uea1k0xx26"}
{"type":"log","timestamp":1701074175298,"level":"debug","message":"pdf-utils detected 1 pdf operation(s) to process","meta":{"rootId":"th6w7po2tg916jy","id":"th6w7po2tg916jy"},"id":"over05wxoei95qe","previousOperationId":"tvbqokrgqrpk6i9"}
{"type":"log","timestamp":1701074175317,"level":"debug","message":"pdf-utils running pdf operation merge","meta":{"rootId":"th6w7po2tg916jy","id":"th6w7po2tg916jy"},"id":"rtvqh2s7gp83o5v","previousOperationId":"tvbqokrgqrpk6i9"}
{"type":"operationStart","subtype":"pdfUtilsMerge","name":"pdf utils merge","previousOperationId":"tvbqokrgqrpk6i9","timestamp":1701074175317,"id":"5xles9dgi5mm2v6","previousEventId":"c18l09xzdwqarp4","operationId":"0z1dx2wo922jirp"}
{"type":"operationStart","subtype":"render","name":"header-footer","previousOperationId":"0z1dx2wo922jirp","timestamp":1701074175317,"id":"j5x97i9jj2nki21","previousEventId":"5xles9dgi5mm2v6","operationId":"i0h6sfhdkp5j4to"}
{"type":"log","timestamp":1701074175317,"level":"info","message":"Starting rendering (child) request","meta":{"rootId":"th6w7po2tg916jy","id":"arcikugfnuck2wo"},"id":"l1hckvd53gtwihv","previousOperationId":"i0h6sfhdkp5j4to"}
{"type":"log","timestamp":1701074175317,"level":"info","message":"Rendering template { name: header-footer, recipe: chrome-pdf, engine: handlebars, preview: true }","meta":{"rootId":"th6w7po2tg916jy","id":"arcikugfnuck2wo"},"id":"3aajgkx5q3ytsob","previousOperationId":"i0h6sfhdkp5j4to"}
{"type":"log","timestamp":1701074175318,"level":"debug","message":"Inline data specified.","meta":{"rootId":"th6w7po2tg916jy","id":"arcikugfnuck2wo"},"id":"qvr7030z0pellff","previousOperationId":"i0h6sfhdkp5j4to"}
{"type":"log","timestamp":1701074175318,"level":"debug","message":"Base url not specified, skipping its injection.","meta":{"rootId":"th6w7po2tg916jy","id":"arcikugfnuck2wo"},"id":"mo215763fy6m163","previousOperationId":"i0h6sfhdkp5j4to"}
{"type":"operationStart","subtype":"engine","name":"handlebars","timestamp":1701074175318,"id":"huke3oufiutmion","previousEventId":"j5x97i9jj2nki21","operationId":"u0kjeexkc7ua5tp","previousOperationId":"i0h6sfhdkp5j4to"}
{"type":"log","timestamp":1701074175318,"level":"debug","message":"Rendering engine handlebars","meta":{"rootId":"th6w7po2tg916jy","id":"arcikugfnuck2wo"},"id":"re6a1tzkrws5uga","previousOperationId":"u0kjeexkc7ua5tp"}
{"type":"operationEnd","operationId":"u0kjeexkc7ua5tp","timestamp":1701074175322,"id":"yj5jlpsuoxpx2yz","previousEventId":"huke3oufiutmion","previousOperationId":"u0kjeexkc7ua5tp"}
{"type":"operationStart","subtype":"recipe","name":"chrome-pdf","timestamp":1701074175322,"id":"qvze4k8p0e9ro1a","previousEventId":"yj5jlpsuoxpx2yz","operationId":"capp2cstje5h304","previousOperationId":"u0kjeexkc7ua5tp"}
{"type":"log","timestamp":1701074175322,"level":"debug","message":"Executing recipe chrome-pdf","meta":{"rootId":"th6w7po2tg916jy","id":"arcikugfnuck2wo"},"id":"u1a6gq2ijus2kjz","previousOperationId":"capp2cstje5h304"}
{"type":"log","timestamp":1701074175322,"level":"debug","message":"Converting with chrome HeadlessChrome/117.0.5938.149 using chrome-pool strategy","meta":{"rootId":"th6w7po2tg916jy","id":"arcikugfnuck2wo"},"id":"t8u63tcsnl1lzyj","previousOperationId":"capp2cstje5h304"}
{"type":"log","timestamp":1701074175361,"level":"debug","message":"Page request: GET (document) file:///var/folders/dp/qk79pfcj0y1fmtkkl08m76rc0000gn/T/jsreport/autocleanup/f7c4da56-9234-4924-9061-5404cf2093c0-chrome-pdf.html","meta":{"rootId":"th6w7po2tg916jy","id":"arcikugfnuck2wo"},"id":"umsjgxnv1o2ah69","previousOperationId":"capp2cstje5h304"}
{"type":"log","timestamp":1701074175365,"level":"debug","message":"Page request finished: GET (document) 200 file:///var/folders/dp/qk79pfcj0y1fmtkkl08m76rc0000gn/T/jsreport/autocleanup/f7c4da56-9234-4924-9061-5404cf2093c0-chrome-pdf.html","meta":{"rootId":"th6w7po2tg916jy","id":"arcikugfnuck2wo"},"id":"lxktu8j96fs1ntt","previousOperationId":"capp2cstje5h304"}
{"type":"log","timestamp":1701074175377,"level":"debug","message":"Running chrome with params {\"timeout\":59857,\"margin\":{},\"printBackground\":true}","meta":{"rootId":"th6w7po2tg916jy","id":"arcikugfnuck2wo"},"id":"jlqhs4e0ck80abx","previousOperationId":"capp2cstje5h304"}
{"type":"operationEnd","operationId":"capp2cstje5h304","timestamp":1701074175384,"id":"04c2xm2ekk75q6s","previousEventId":"qvze4k8p0e9ro1a","previousOperationId":"capp2cstje5h304"}
{"type":"log","timestamp":1701074175384,"level":"debug","message":"Skipping storing report.","meta":{"rootId":"th6w7po2tg916jy","id":"arcikugfnuck2wo"},"id":"95rl9m3qjkft1j2","previousOperationId":"capp2cstje5h304"}
{"type":"log","timestamp":1701074175384,"level":"info","message":"Rendering (child) request finished in 205 ms","meta":{"rootId":"th6w7po2tg916jy","id":"arcikugfnuck2wo"},"id":"6ju6xazndwn8pcz","previousOperationId":"capp2cstje5h304"}
{"type":"operationEnd","subtype":"render","operationId":"i0h6sfhdkp5j4to","timestamp":1701074175384,"id":"bsmfnyjvvv682d5","previousEventId":"04c2xm2ekk75q6s","previousOperationId":"capp2cstje5h304"}
{"type":"operationEnd","operationId":"0z1dx2wo922jirp","timestamp":1701074175388,"id":"t85lkev6nh98ewr","previousEventId":"5xles9dgi5mm2v6","previousOperationId":"0z1dx2wo922jirp"}
{"type":"log","timestamp":1701074175388,"level":"debug","message":"pdf-utils postproces start","meta":{"rootId":"th6w7po2tg916jy","id":"th6w7po2tg916jy"},"id":"e2a5wltkp5eyvi4","previousOperationId":"0z1dx2wo922jirp"}
{"type":"log","timestamp":1701074175395,"level":"debug","message":"pdf-utils postproces end","meta":{"rootId":"th6w7po2tg916jy","id":"th6w7po2tg916jy"},"id":"w0i0ebd93tgyhv6","previousOperationId":"0z1dx2wo922jirp"}
{"type":"operationEnd","operationId":"tvbqokrgqrpk6i9","timestamp":1701074175395,"id":"sr6557dwss89sin","previousEventId":"t85lkev6nh98ewr","previousOperationId":"0z1dx2wo922jirp"}
{"type":"log","timestamp":1701074175395,"level":"info","message":"pdf-utils pdf processing was finished","meta":{"rootId":"th6w7po2tg916jy","id":"th6w7po2tg916jy"},"id":"oc47qjbmr4txnzo","previousOperationId":"tvbqokrgqrpk6i9"}
{"type":"log","timestamp":1701074175395,"level":"debug","message":"Skipping storing report.","meta":{"rootId":"th6w7po2tg916jy","id":"th6w7po2tg916jy"},"id":"5w1b3gvze3rozx0","previousOperationId":"tvbqokrgqrpk6i9"}
{"type":"log","timestamp":1701074175395,"level":"info","message":"Rendering request 21 finished in 216 ms","meta":{"rootId":"th6w7po2tg916jy","id":"th6w7po2tg916jy"},"id":"b5su6jjjkimwh6g","previousOperationId":"tvbqokrgqrpk6i9"}
{"type":"operationEnd","subtype":"render","operationId":"yok6v1d1qito44r","timestamp":1701074175395,"id":"enxpvpshc8zq6ln","previousEventId":"sr6557dwss89sin","previousOperationId":"tvbqokrgqrpk6i9"}
{"type":"operationEnd","doDiffs":false,"previousEventId":"j8aeupqvxexwg7n","previousOperationId":"2josp3x7gsbk9nl","operationId":"2josp3x7gsbk9nl","timestamp":1701074175398,"id":"1vs7mgsc5cs48wx"}
