{"type":"operationStart","subtype":"profile","data":{"_id":"VbDPGLkRF0RGoLGW","timestamp":"2023-11-27T08:22:49.674Z","state":"queued","mode":"standard","creationDate":"2023-11-27T08:22:49.675Z","modificationDate":"2023-11-27T08:22:49.675Z","shortid":"9ZXxOdL","$entitySet":"profiles"},"doDiffs":false,"timestamp":1701073369674,"id":"44a7fov769wrvcu","previousOperationId":null,"operationId":"bnpdjshl3pm2yis"}
{"type":"log","level":"info","message":"Render request 14 queued for execution and waiting for available worker","previousOperationId":"bnpdjshl3pm2yis","timestamp":1701073369675,"id":"ih1tt5s2n06rlj2"}
{"type":"operationStart","subtype":"render","name":"sporazum_privatno","previousOperationId":"bnpdjshl3pm2yis","timestamp":1701073369680,"id":"pv6emlz2gtn1a4w","previousEventId":"44a7fov769wrvcu","operationId":"33q5fml57tej00f"}
{"type":"log","timestamp":1701073369680,"level":"info","message":"Starting rendering request 14","meta":{"rootId":"urbuwv8k4zpmqnu","id":"urbuwv8k4zpmqnu"},"id":"n6p9ax4atg23j0m","previousOperationId":"33q5fml57tej00f"}
{"type":"log","timestamp":1701073369680,"level":"info","message":"Rendering template { name: sporazum_privatno, recipe: chrome-pdf, engine: handlebars, preview: true }","meta":{"rootId":"urbuwv8k4zpmqnu","id":"urbuwv8k4zpmqnu"},"id":"i8fzyaxhw2si5a6","previousOperationId":"33q5fml57tej00f"}
{"type":"log","timestamp":1701073369680,"level":"debug","message":"Inline data specified.","meta":{"rootId":"urbuwv8k4zpmqnu","id":"urbuwv8k4zpmqnu"},"id":"ahxnv9x8zvdw70r","previousOperationId":"33q5fml57tej00f"}
{"type":"log","timestamp":1701073369686,"level":"debug","message":"Base url not specified, skipping its injection.","meta":{"rootId":"urbuwv8k4zpmqnu","id":"urbuwv8k4zpmqnu"},"id":"xww0446u2ru9ux6","previousOperationId":"33q5fml57tej00f"}
{"type":"operationStart","subtype":"engine","name":"handlebars","timestamp":1701073369687,"id":"4xa0qi0l4nzfeiq","previousEventId":"pv6emlz2gtn1a4w","operationId":"dr0kd9m5cnm7a1c","previousOperationId":"33q5fml57tej00f"}
{"type":"log","timestamp":1701073369687,"level":"debug","message":"Rendering engine handlebars","meta":{"rootId":"urbuwv8k4zpmqnu","id":"urbuwv8k4zpmqnu"},"id":"l0ges2mb4nttexu","previousOperationId":"dr0kd9m5cnm7a1c"}
{"type":"operationEnd","operationId":"dr0kd9m5cnm7a1c","timestamp":1701073369700,"id":"1u0v3cy7j9qukdx","previousEventId":"4xa0qi0l4nzfeiq","previousOperationId":"dr0kd9m5cnm7a1c"}
{"type":"operationStart","subtype":"recipe","name":"chrome-pdf","timestamp":1701073369700,"id":"o9i6k83c9k66icr","previousEventId":"1u0v3cy7j9qukdx","operationId":"5jorwid83f5tsir","previousOperationId":"dr0kd9m5cnm7a1c"}
{"type":"log","timestamp":1701073369700,"level":"debug","message":"Executing recipe chrome-pdf","meta":{"rootId":"urbuwv8k4zpmqnu","id":"urbuwv8k4zpmqnu"},"id":"ok78f9znkoac6ft","previousOperationId":"5jorwid83f5tsir"}
{"type":"log","timestamp":1701073369702,"level":"debug","message":"Converting with chrome HeadlessChrome/117.0.5938.149 using chrome-pool strategy","meta":{"rootId":"urbuwv8k4zpmqnu","id":"urbuwv8k4zpmqnu"},"id":"ydaqm1nfc7b9jrc","previousOperationId":"5jorwid83f5tsir"}
{"type":"log","timestamp":1701073369747,"level":"debug","message":"Page request: GET (document) file:///var/folders/dp/qk79pfcj0y1fmtkkl08m76rc0000gn/T/jsreport/autocleanup/f1fefbd6-8c9c-42ed-a341-6162cd6f04cd-chrome-pdf.html","meta":{"rootId":"urbuwv8k4zpmqnu","id":"urbuwv8k4zpmqnu"},"id":"j2yiel5o3gd2scu","previousOperationId":"5jorwid83f5tsir"}
{"type":"log","timestamp":1701073369752,"level":"debug","message":"Page request finished: GET (document) 200 file:///var/folders/dp/qk79pfcj0y1fmtkkl08m76rc0000gn/T/jsreport/autocleanup/f1fefbd6-8c9c-42ed-a341-6162cd6f04cd-chrome-pdf.html","meta":{"rootId":"urbuwv8k4zpmqnu","id":"urbuwv8k4zpmqnu"},"id":"xp9lb40acv39bvj","previousOperationId":"5jorwid83f5tsir"}
{"type":"log","timestamp":1701073369765,"level":"debug","message":"Running chrome with params {\"printBackground\":true,\"format\":\"a4\",\"marginTop\":\"2cm\",\"marginBottom\":\"2cm\",\"timeout\":59973,\"margin\":{\"top\":\"2cm\",\"bottom\":\"2cm\"}}","meta":{"rootId":"urbuwv8k4zpmqnu","id":"urbuwv8k4zpmqnu"},"id":"83osyue4dcsqji1","previousOperationId":"5jorwid83f5tsir"}
{"type":"operationEnd","operationId":"5jorwid83f5tsir","timestamp":1701073369784,"id":"r4thwfmmsw6ljqg","previousEventId":"o9i6k83c9k66icr","previousOperationId":"5jorwid83f5tsir"}
{"type":"log","timestamp":1701073369784,"level":"info","message":"pdf-utils is starting pdf processing","meta":{"rootId":"urbuwv8k4zpmqnu","id":"urbuwv8k4zpmqnu"},"id":"oiohds3rsxdc3zj","previousOperationId":"5jorwid83f5tsir"}
{"type":"operationStart","subtype":"pdfUtils","name":"pdf utils","timestamp":1701073369784,"id":"m9d7ppln1j789vm","previousEventId":"r4thwfmmsw6ljqg","operationId":"bniewh9u1dbrl1b","previousOperationId":"5jorwid83f5tsir"}
{"type":"log","timestamp":1701073369785,"level":"debug","message":"pdf-utils detected 1 pdf operation(s) to process","meta":{"rootId":"urbuwv8k4zpmqnu","id":"urbuwv8k4zpmqnu"},"id":"pdsyp28j3fc7if5","previousOperationId":"bniewh9u1dbrl1b"}
{"type":"log","timestamp":1701073369803,"level":"debug","message":"pdf-utils running pdf operation merge","meta":{"rootId":"urbuwv8k4zpmqnu","id":"urbuwv8k4zpmqnu"},"id":"xyjxvl9jd49vonq","previousOperationId":"bniewh9u1dbrl1b"}
{"type":"operationStart","subtype":"pdfUtilsMerge","name":"pdf utils merge","previousOperationId":"bniewh9u1dbrl1b","timestamp":1701073369803,"id":"yrmtju8v84kubxi","previousEventId":"m9d7ppln1j789vm","operationId":"z0ab6s8o9nxy417"}
{"type":"operationStart","subtype":"render","name":"header-footer","previousOperationId":"z0ab6s8o9nxy417","timestamp":1701073369804,"id":"jq7wzxtbl26ak4y","previousEventId":"yrmtju8v84kubxi","operationId":"q8rqriwg8wjbxi3"}
{"type":"log","timestamp":1701073369804,"level":"info","message":"Starting rendering (child) request","meta":{"rootId":"urbuwv8k4zpmqnu","id":"d9jwicuqji9xpem"},"id":"jwx81uwie5o8nf9","previousOperationId":"q8rqriwg8wjbxi3"}
{"type":"log","timestamp":1701073369804,"level":"info","message":"Rendering template { name: header-footer, recipe: chrome-pdf, engine: handlebars, preview: true }","meta":{"rootId":"urbuwv8k4zpmqnu","id":"d9jwicuqji9xpem"},"id":"whuidny8wup4v9h","previousOperationId":"q8rqriwg8wjbxi3"}
{"type":"log","timestamp":1701073369804,"level":"debug","message":"Inline data specified.","meta":{"rootId":"urbuwv8k4zpmqnu","id":"d9jwicuqji9xpem"},"id":"ufhyp1b9ls5t66e","previousOperationId":"q8rqriwg8wjbxi3"}
{"type":"log","timestamp":1701073369804,"level":"debug","message":"Base url not specified, skipping its injection.","meta":{"rootId":"urbuwv8k4zpmqnu","id":"d9jwicuqji9xpem"},"id":"uleq4disv8n3f1p","previousOperationId":"q8rqriwg8wjbxi3"}
{"type":"operationStart","subtype":"engine","name":"handlebars","timestamp":1701073369804,"id":"i1gyg5w91z136vo","previousEventId":"jq7wzxtbl26ak4y","operationId":"t373904vhi22uxm","previousOperationId":"q8rqriwg8wjbxi3"}
{"type":"log","timestamp":1701073369804,"level":"debug","message":"Rendering engine handlebars","meta":{"rootId":"urbuwv8k4zpmqnu","id":"d9jwicuqji9xpem"},"id":"h6yjlm18o47en9l","previousOperationId":"t373904vhi22uxm"}
{"type":"operationEnd","operationId":"t373904vhi22uxm","timestamp":1701073369808,"id":"9w4a71vbbmgv5rc","previousEventId":"i1gyg5w91z136vo","previousOperationId":"t373904vhi22uxm"}
{"type":"operationStart","subtype":"recipe","name":"chrome-pdf","timestamp":1701073369809,"id":"ylb2yqii12v5kx5","previousEventId":"9w4a71vbbmgv5rc","operationId":"qvxxka3ov4j60ap","previousOperationId":"t373904vhi22uxm"}
{"type":"log","timestamp":1701073369809,"level":"debug","message":"Executing recipe chrome-pdf","meta":{"rootId":"urbuwv8k4zpmqnu","id":"d9jwicuqji9xpem"},"id":"a847iuex3npf9uy","previousOperationId":"qvxxka3ov4j60ap"}
{"type":"log","timestamp":1701073369809,"level":"debug","message":"Converting with chrome HeadlessChrome/117.0.5938.149 using chrome-pool strategy","meta":{"rootId":"urbuwv8k4zpmqnu","id":"d9jwicuqji9xpem"},"id":"d4jqkuvrl3m05l3","previousOperationId":"qvxxka3ov4j60ap"}
{"type":"log","timestamp":1701073369847,"level":"debug","message":"Page request: GET (document) file:///var/folders/dp/qk79pfcj0y1fmtkkl08m76rc0000gn/T/jsreport/autocleanup/2ee04384-6fd2-4dd2-9046-fd164356fbbf-chrome-pdf.html","meta":{"rootId":"urbuwv8k4zpmqnu","id":"d9jwicuqji9xpem"},"id":"e3wh14xbsu6w3fr","previousOperationId":"qvxxka3ov4j60ap"}
{"type":"log","timestamp":1701073369851,"level":"debug","message":"Page request finished: GET (document) 200 file:///var/folders/dp/qk79pfcj0y1fmtkkl08m76rc0000gn/T/jsreport/autocleanup/2ee04384-6fd2-4dd2-9046-fd164356fbbf-chrome-pdf.html","meta":{"rootId":"urbuwv8k4zpmqnu","id":"d9jwicuqji9xpem"},"id":"3p6boixvxyxtbfp","previousOperationId":"qvxxka3ov4j60ap"}
{"type":"log","timestamp":1701073369859,"level":"debug","message":"Running chrome with params {\"timeout\":59865,\"margin\":{},\"printBackground\":true}","meta":{"rootId":"urbuwv8k4zpmqnu","id":"d9jwicuqji9xpem"},"id":"6vxkex3ctl67h3r","previousOperationId":"qvxxka3ov4j60ap"}
{"type":"operationEnd","operationId":"qvxxka3ov4j60ap","timestamp":1701073369865,"id":"pnuuk2mmhaewqcq","previousEventId":"ylb2yqii12v5kx5","previousOperationId":"qvxxka3ov4j60ap"}
{"type":"log","timestamp":1701073369865,"level":"debug","message":"Skipping storing report.","meta":{"rootId":"urbuwv8k4zpmqnu","id":"d9jwicuqji9xpem"},"id":"tx11a8j7bzkzrf2","previousOperationId":"qvxxka3ov4j60ap"}
{"type":"log","timestamp":1701073369865,"level":"info","message":"Rendering (child) request finished in 191 ms","meta":{"rootId":"urbuwv8k4zpmqnu","id":"d9jwicuqji9xpem"},"id":"0dnnhyrtwdrj4lz","previousOperationId":"qvxxka3ov4j60ap"}
{"type":"operationEnd","subtype":"render","operationId":"q8rqriwg8wjbxi3","timestamp":1701073369865,"id":"yer48ef9vp9j807","previousEventId":"pnuuk2mmhaewqcq","previousOperationId":"qvxxka3ov4j60ap"}
{"type":"operationEnd","operationId":"z0ab6s8o9nxy417","timestamp":1701073369870,"id":"m0qdfi27ejn7saa","previousEventId":"yrmtju8v84kubxi","previousOperationId":"z0ab6s8o9nxy417"}
{"type":"log","timestamp":1701073369870,"level":"debug","message":"pdf-utils postproces start","meta":{"rootId":"urbuwv8k4zpmqnu","id":"urbuwv8k4zpmqnu"},"id":"p8wg96qkto30o2o","previousOperationId":"z0ab6s8o9nxy417"}
{"type":"log","timestamp":1701073369877,"level":"debug","message":"pdf-utils postproces end","meta":{"rootId":"urbuwv8k4zpmqnu","id":"urbuwv8k4zpmqnu"},"id":"uycl4y7c9xksiyy","previousOperationId":"z0ab6s8o9nxy417"}
{"type":"operationEnd","operationId":"bniewh9u1dbrl1b","timestamp":1701073369877,"id":"ayscklmxi0enjqo","previousEventId":"m0qdfi27ejn7saa","previousOperationId":"z0ab6s8o9nxy417"}
{"type":"log","timestamp":1701073369877,"level":"info","message":"pdf-utils pdf processing was finished","meta":{"rootId":"urbuwv8k4zpmqnu","id":"urbuwv8k4zpmqnu"},"id":"oqi2m6wh7coh56k","previousOperationId":"bniewh9u1dbrl1b"}
{"type":"log","timestamp":1701073369877,"level":"debug","message":"Skipping storing report.","meta":{"rootId":"urbuwv8k4zpmqnu","id":"urbuwv8k4zpmqnu"},"id":"ompkvdx17m1281f","previousOperationId":"bniewh9u1dbrl1b"}
{"type":"log","timestamp":1701073369877,"level":"info","message":"Rendering request 14 finished in 203 ms","meta":{"rootId":"urbuwv8k4zpmqnu","id":"urbuwv8k4zpmqnu"},"id":"105ptyu79zdkj0b","previousOperationId":"bniewh9u1dbrl1b"}
{"type":"operationEnd","subtype":"render","operationId":"33q5fml57tej00f","timestamp":1701073369877,"id":"9tbqdtybtzeuyt5","previousEventId":"ayscklmxi0enjqo","previousOperationId":"bniewh9u1dbrl1b"}
{"type":"operationEnd","doDiffs":false,"previousEventId":"44a7fov769wrvcu","previousOperationId":"bnpdjshl3pm2yis","operationId":"bnpdjshl3pm2yis","timestamp":1701073369880,"id":"vu2x4uslt4cj29y"}
