{"type":"operationStart","subtype":"profile","data":{"_id":"KS7lQqE431wsvWLN","timestamp":"2023-11-27T08:30:21.918Z","state":"queued","mode":"standard","creationDate":"2023-11-27T08:30:21.919Z","modificationDate":"2023-11-27T08:30:21.919Z","shortid":"3dkgI9F","$entitySet":"profiles"},"doDiffs":false,"timestamp":1701073821919,"id":"w9l8wo0w2ydyml0","previousOperationId":null,"operationId":"q2tsh8qarir8a8l"}
{"type":"log","level":"info","message":"Render request 19 queued for execution and waiting for available worker","previousOperationId":"q2tsh8qarir8a8l","timestamp":1701073821919,"id":"ytekvtc2g4sox0w"}
{"type":"operationStart","subtype":"render","name":"sporazum_privatno","previousOperationId":"q2tsh8qarir8a8l","timestamp":1701073821927,"id":"5zcww8x2oed1w65","previousEventId":"w9l8wo0w2ydyml0","operationId":"d887982y9avsa58"}
{"type":"log","timestamp":1701073821927,"level":"info","message":"Starting rendering request 19","meta":{"rootId":"uthwvfnwgvr5r75","id":"uthwvfnwgvr5r75"},"id":"9etuo1z0jb058b5","previousOperationId":"d887982y9avsa58"}
{"type":"log","timestamp":1701073821927,"level":"info","message":"Rendering template { name: sporazum_privatno, recipe: chrome-pdf, engine: handlebars, preview: true }","meta":{"rootId":"uthwvfnwgvr5r75","id":"uthwvfnwgvr5r75"},"id":"jjdspxud7wc2i00","previousOperationId":"d887982y9avsa58"}
{"type":"log","timestamp":1701073821928,"level":"debug","message":"Inline data specified.","meta":{"rootId":"uthwvfnwgvr5r75","id":"uthwvfnwgvr5r75"},"id":"snmnf4392o2ei57","previousOperationId":"d887982y9avsa58"}
{"type":"log","timestamp":1701073821931,"level":"debug","message":"Base url not specified, skipping its injection.","meta":{"rootId":"uthwvfnwgvr5r75","id":"uthwvfnwgvr5r75"},"id":"ym6hwd4wxvy84iz","previousOperationId":"d887982y9avsa58"}
{"type":"operationStart","subtype":"engine","name":"handlebars","timestamp":1701073821931,"id":"4lzjjzr6ai62a04","previousEventId":"5zcww8x2oed1w65","operationId":"fum3njy226fbr2q","previousOperationId":"d887982y9avsa58"}
{"type":"log","timestamp":1701073821932,"level":"debug","message":"Rendering engine handlebars","meta":{"rootId":"uthwvfnwgvr5r75","id":"uthwvfnwgvr5r75"},"id":"rozfl2dye7snwpy","previousOperationId":"fum3njy226fbr2q"}
{"type":"operationEnd","operationId":"fum3njy226fbr2q","timestamp":1701073821947,"id":"ubw4udlsv4by6ke","previousEventId":"4lzjjzr6ai62a04","previousOperationId":"fum3njy226fbr2q"}
{"type":"operationStart","subtype":"recipe","name":"chrome-pdf","timestamp":1701073821947,"id":"ovh6x0o1mv6avb7","previousEventId":"ubw4udlsv4by6ke","operationId":"1wvhkxq2r0kezyq","previousOperationId":"fum3njy226fbr2q"}
{"type":"log","timestamp":1701073821947,"level":"debug","message":"Executing recipe chrome-pdf","meta":{"rootId":"uthwvfnwgvr5r75","id":"uthwvfnwgvr5r75"},"id":"48z2181eedpmii5","previousOperationId":"1wvhkxq2r0kezyq"}
{"type":"log","timestamp":1701073821949,"level":"debug","message":"Converting with chrome HeadlessChrome/117.0.5938.149 using chrome-pool strategy","meta":{"rootId":"uthwvfnwgvr5r75","id":"uthwvfnwgvr5r75"},"id":"plsw2tbq25p0f3d","previousOperationId":"1wvhkxq2r0kezyq"}
{"type":"log","timestamp":1701073822000,"level":"debug","message":"Page request: GET (document) file:///var/folders/dp/qk79pfcj0y1fmtkkl08m76rc0000gn/T/jsreport/autocleanup/2c6afee6-a872-4d3d-b6f7-c89eec49eb69-chrome-pdf.html","meta":{"rootId":"uthwvfnwgvr5r75","id":"uthwvfnwgvr5r75"},"id":"k2od0wxwk6vwif2","previousOperationId":"1wvhkxq2r0kezyq"}
{"type":"log","timestamp":1701073822005,"level":"debug","message":"Page request finished: GET (document) 200 file:///var/folders/dp/qk79pfcj0y1fmtkkl08m76rc0000gn/T/jsreport/autocleanup/2c6afee6-a872-4d3d-b6f7-c89eec49eb69-chrome-pdf.html","meta":{"rootId":"uthwvfnwgvr5r75","id":"uthwvfnwgvr5r75"},"id":"bo0ynp3tv83j8d6","previousOperationId":"1wvhkxq2r0kezyq"}
{"type":"log","timestamp":1701073822016,"level":"debug","message":"Running chrome with params {\"printBackground\":true,\"format\":\"a4\",\"marginTop\":\"2cm\",\"marginBottom\":\"2cm\",\"timeout\":59970,\"margin\":{\"top\":\"2cm\",\"bottom\":\"2cm\"}}","meta":{"rootId":"uthwvfnwgvr5r75","id":"uthwvfnwgvr5r75"},"id":"akb7b9kn3x8w3w6","previousOperationId":"1wvhkxq2r0kezyq"}
{"type":"operationEnd","operationId":"1wvhkxq2r0kezyq","timestamp":1701073822040,"id":"cnzpuwyac66z8x2","previousEventId":"ovh6x0o1mv6avb7","previousOperationId":"1wvhkxq2r0kezyq"}
{"type":"log","timestamp":1701073822040,"level":"info","message":"pdf-utils is starting pdf processing","meta":{"rootId":"uthwvfnwgvr5r75","id":"uthwvfnwgvr5r75"},"id":"zlirfpe190ubdxf","previousOperationId":"1wvhkxq2r0kezyq"}
{"type":"operationStart","subtype":"pdfUtils","name":"pdf utils","timestamp":1701073822040,"id":"8r2h4bbn0lmo8x4","previousEventId":"cnzpuwyac66z8x2","operationId":"we919m72ca12gku","previousOperationId":"1wvhkxq2r0kezyq"}
{"type":"log","timestamp":1701073822040,"level":"debug","message":"pdf-utils detected 1 pdf operation(s) to process","meta":{"rootId":"uthwvfnwgvr5r75","id":"uthwvfnwgvr5r75"},"id":"w9udi9qbx7mspza","previousOperationId":"we919m72ca12gku"}
{"type":"log","timestamp":1701073822066,"level":"debug","message":"pdf-utils running pdf operation merge","meta":{"rootId":"uthwvfnwgvr5r75","id":"uthwvfnwgvr5r75"},"id":"c90sxdememo4cbj","previousOperationId":"we919m72ca12gku"}
{"type":"operationStart","subtype":"pdfUtilsMerge","name":"pdf utils merge","previousOperationId":"we919m72ca12gku","timestamp":1701073822066,"id":"hm6ztcp1hahltz6","previousEventId":"8r2h4bbn0lmo8x4","operationId":"lj3lg9beu1793h5"}
{"type":"operationStart","subtype":"render","name":"header-footer","previousOperationId":"lj3lg9beu1793h5","timestamp":1701073822066,"id":"evf34fei5q7b6y5","previousEventId":"hm6ztcp1hahltz6","operationId":"0wj5gmgbj677y54"}
{"type":"log","timestamp":1701073822067,"level":"info","message":"Starting rendering (child) request","meta":{"rootId":"uthwvfnwgvr5r75","id":"ad8ho4hzetrd080"},"id":"f147jjhcf6raojo","previousOperationId":"0wj5gmgbj677y54"}
{"type":"log","timestamp":1701073822067,"level":"info","message":"Rendering template { name: header-footer, recipe: chrome-pdf, engine: handlebars, preview: true }","meta":{"rootId":"uthwvfnwgvr5r75","id":"ad8ho4hzetrd080"},"id":"cqhnvobxivr8js5","previousOperationId":"0wj5gmgbj677y54"}
{"type":"log","timestamp":1701073822067,"level":"debug","message":"Inline data specified.","meta":{"rootId":"uthwvfnwgvr5r75","id":"ad8ho4hzetrd080"},"id":"5sor5u437wxo785","previousOperationId":"0wj5gmgbj677y54"}
{"type":"log","timestamp":1701073822068,"level":"debug","message":"Base url not specified, skipping its injection.","meta":{"rootId":"uthwvfnwgvr5r75","id":"ad8ho4hzetrd080"},"id":"8xln3y979f8lb0p","previousOperationId":"0wj5gmgbj677y54"}
{"type":"operationStart","subtype":"engine","name":"handlebars","timestamp":1701073822068,"id":"0e26jw18oqbydta","previousEventId":"evf34fei5q7b6y5","operationId":"v269qxufocflvw9","previousOperationId":"0wj5gmgbj677y54"}
{"type":"log","timestamp":1701073822068,"level":"debug","message":"Rendering engine handlebars","meta":{"rootId":"uthwvfnwgvr5r75","id":"ad8ho4hzetrd080"},"id":"cn4wtfsh7rvx80d","previousOperationId":"v269qxufocflvw9"}
{"type":"operationEnd","operationId":"v269qxufocflvw9","timestamp":1701073822072,"id":"ebm4xjmpsq85ihf","previousEventId":"0e26jw18oqbydta","previousOperationId":"v269qxufocflvw9"}
{"type":"operationStart","subtype":"recipe","name":"chrome-pdf","timestamp":1701073822072,"id":"4nh8148q9vk1r1e","previousEventId":"ebm4xjmpsq85ihf","operationId":"xeagqgj9527g07q","previousOperationId":"v269qxufocflvw9"}
{"type":"log","timestamp":1701073822072,"level":"debug","message":"Executing recipe chrome-pdf","meta":{"rootId":"uthwvfnwgvr5r75","id":"ad8ho4hzetrd080"},"id":"f90pngv12whae0r","previousOperationId":"xeagqgj9527g07q"}
{"type":"log","timestamp":1701073822072,"level":"debug","message":"Converting with chrome HeadlessChrome/117.0.5938.149 using chrome-pool strategy","meta":{"rootId":"uthwvfnwgvr5r75","id":"ad8ho4hzetrd080"},"id":"w9as5awhly1np04","previousOperationId":"xeagqgj9527g07q"}
{"type":"log","timestamp":1701073822118,"level":"debug","message":"Page request: GET (document) file:///var/folders/dp/qk79pfcj0y1fmtkkl08m76rc0000gn/T/jsreport/autocleanup/3e56e61a-db4d-472d-8b55-5216164061c1-chrome-pdf.html","meta":{"rootId":"uthwvfnwgvr5r75","id":"ad8ho4hzetrd080"},"id":"lvmjyggqhb2ga4p","previousOperationId":"xeagqgj9527g07q"}
{"type":"log","timestamp":1701073822123,"level":"debug","message":"Page request finished: GET (document) 200 file:///var/folders/dp/qk79pfcj0y1fmtkkl08m76rc0000gn/T/jsreport/autocleanup/3e56e61a-db4d-472d-8b55-5216164061c1-chrome-pdf.html","meta":{"rootId":"uthwvfnwgvr5r75","id":"ad8ho4hzetrd080"},"id":"soom9o4ldrpu823","previousOperationId":"xeagqgj9527g07q"}
{"type":"log","timestamp":1701073822130,"level":"debug","message":"Running chrome with params {\"timeout\":59846,\"margin\":{},\"printBackground\":true}","meta":{"rootId":"uthwvfnwgvr5r75","id":"ad8ho4hzetrd080"},"id":"omdrjm22gfg6zif","previousOperationId":"xeagqgj9527g07q"}
{"type":"operationEnd","operationId":"xeagqgj9527g07q","timestamp":1701073822137,"id":"clwfso5x7llb1te","previousEventId":"4nh8148q9vk1r1e","previousOperationId":"xeagqgj9527g07q"}
{"type":"log","timestamp":1701073822137,"level":"debug","message":"Skipping storing report.","meta":{"rootId":"uthwvfnwgvr5r75","id":"ad8ho4hzetrd080"},"id":"4z78jt0r8m12wx7","previousOperationId":"xeagqgj9527g07q"}
{"type":"log","timestamp":1701073822137,"level":"info","message":"Rendering (child) request finished in 219 ms","meta":{"rootId":"uthwvfnwgvr5r75","id":"ad8ho4hzetrd080"},"id":"8wdfs95xgmjnjdt","previousOperationId":"xeagqgj9527g07q"}
{"type":"operationEnd","subtype":"render","operationId":"0wj5gmgbj677y54","timestamp":1701073822137,"id":"qerjlxf1gtietlh","previousEventId":"clwfso5x7llb1te","previousOperationId":"xeagqgj9527g07q"}
{"type":"operationEnd","operationId":"lj3lg9beu1793h5","timestamp":1701073822142,"id":"ux689ouojdl87cv","previousEventId":"hm6ztcp1hahltz6","previousOperationId":"lj3lg9beu1793h5"}
{"type":"log","timestamp":1701073822142,"level":"debug","message":"pdf-utils postproces start","meta":{"rootId":"uthwvfnwgvr5r75","id":"uthwvfnwgvr5r75"},"id":"zu9ncsulp19ls6e","previousOperationId":"lj3lg9beu1793h5"}
{"type":"log","timestamp":1701073822150,"level":"debug","message":"pdf-utils postproces end","meta":{"rootId":"uthwvfnwgvr5r75","id":"uthwvfnwgvr5r75"},"id":"51yqcfka8ds0xur","previousOperationId":"lj3lg9beu1793h5"}
{"type":"operationEnd","operationId":"we919m72ca12gku","timestamp":1701073822150,"id":"ln66t2eyvrv7ohp","previousEventId":"ux689ouojdl87cv","previousOperationId":"lj3lg9beu1793h5"}
{"type":"log","timestamp":1701073822150,"level":"info","message":"pdf-utils pdf processing was finished","meta":{"rootId":"uthwvfnwgvr5r75","id":"uthwvfnwgvr5r75"},"id":"ds39ep11wp7yiwa","previousOperationId":"we919m72ca12gku"}
{"type":"log","timestamp":1701073822150,"level":"debug","message":"Skipping storing report.","meta":{"rootId":"uthwvfnwgvr5r75","id":"uthwvfnwgvr5r75"},"id":"3ulpotywuu04ti8","previousOperationId":"we919m72ca12gku"}
{"type":"log","timestamp":1701073822150,"level":"info","message":"Rendering request 19 finished in 232 ms","meta":{"rootId":"uthwvfnwgvr5r75","id":"uthwvfnwgvr5r75"},"id":"zj1h1a0yhjyu1gi","previousOperationId":"we919m72ca12gku"}
{"type":"operationEnd","subtype":"render","operationId":"d887982y9avsa58","timestamp":1701073822150,"id":"h9isl74seyuv93k","previousEventId":"ln66t2eyvrv7ohp","previousOperationId":"we919m72ca12gku"}
{"type":"operationEnd","doDiffs":false,"previousEventId":"w9l8wo0w2ydyml0","previousOperationId":"q2tsh8qarir8a8l","operationId":"q2tsh8qarir8a8l","timestamp":1701073822152,"id":"s3dg25jz7i3z6u5"}
