{"type":"operationStart","subtype":"profile","data":{"_id":"yUMrnc2i4S6zUPpn","timestamp":"2023-11-27T08:22:20.714Z","state":"queued","mode":"standard","creationDate":"2023-11-27T08:22:20.715Z","modificationDate":"2023-11-27T08:22:20.715Z","shortid":"PRBmGqJ","$entitySet":"profiles"},"doDiffs":false,"timestamp":1701073340715,"id":"j75cb9uhix8jy24","previousOperationId":null,"operationId":"oeq7whc2lyy7pcx"}
{"type":"log","level":"info","message":"Render request 13 queued for execution and waiting for available worker","previousOperationId":"oeq7whc2lyy7pcx","timestamp":1701073340715,"id":"2h4hng87kwiayqj"}
{"type":"operationStart","subtype":"render","name":"sporazum_privatno","previousOperationId":"oeq7whc2lyy7pcx","timestamp":1701073340721,"id":"e2w0grjz0nd4wdn","previousEventId":"j75cb9uhix8jy24","operationId":"9qta7fe050rdb6x"}
{"type":"log","timestamp":1701073340721,"level":"info","message":"Starting rendering request 13","meta":{"rootId":"uv7gk0gbwp4jo5m","id":"uv7gk0gbwp4jo5m"},"id":"mtgvjs6v7121ng5","previousOperationId":"9qta7fe050rdb6x"}
{"type":"log","timestamp":1701073340722,"level":"info","message":"Rendering template { name: sporazum_privatno, recipe: chrome-pdf, engine: handlebars, preview: true }","meta":{"rootId":"uv7gk0gbwp4jo5m","id":"uv7gk0gbwp4jo5m"},"id":"4yiksn1ykbfxbm2","previousOperationId":"9qta7fe050rdb6x"}
{"type":"log","timestamp":1701073340722,"level":"debug","message":"Inline data specified.","meta":{"rootId":"uv7gk0gbwp4jo5m","id":"uv7gk0gbwp4jo5m"},"id":"19zmak8xyr1nlaf","previousOperationId":"9qta7fe050rdb6x"}
{"type":"log","timestamp":1701073340724,"level":"debug","message":"Base url not specified, skipping its injection.","meta":{"rootId":"uv7gk0gbwp4jo5m","id":"uv7gk0gbwp4jo5m"},"id":"180a2bryetfp0gr","previousOperationId":"9qta7fe050rdb6x"}
{"type":"operationStart","subtype":"engine","name":"handlebars","timestamp":1701073340724,"id":"cs6ztijjruq32h3","previousEventId":"e2w0grjz0nd4wdn","operationId":"zemxgo3qrdrbcw4","previousOperationId":"9qta7fe050rdb6x"}
{"type":"log","timestamp":1701073340724,"level":"debug","message":"Rendering engine handlebars","meta":{"rootId":"uv7gk0gbwp4jo5m","id":"uv7gk0gbwp4jo5m"},"id":"j1jrqvrqrjvlb6a","previousOperationId":"zemxgo3qrdrbcw4"}
{"type":"operationEnd","operationId":"zemxgo3qrdrbcw4","timestamp":1701073340743,"id":"rey12ixd0j4zr92","previousEventId":"cs6ztijjruq32h3","previousOperationId":"zemxgo3qrdrbcw4"}
{"type":"operationStart","subtype":"recipe","name":"chrome-pdf","timestamp":1701073340744,"id":"jmk6gn3xgd2vyjs","previousEventId":"rey12ixd0j4zr92","operationId":"tl4ynwye0vzkgvv","previousOperationId":"zemxgo3qrdrbcw4"}
{"type":"log","timestamp":1701073340744,"level":"debug","message":"Executing recipe chrome-pdf","meta":{"rootId":"uv7gk0gbwp4jo5m","id":"uv7gk0gbwp4jo5m"},"id":"bv75ni178uwhkx4","previousOperationId":"tl4ynwye0vzkgvv"}
{"type":"log","timestamp":1701073340745,"level":"debug","message":"Converting with chrome HeadlessChrome/117.0.5938.149 using chrome-pool strategy","meta":{"rootId":"uv7gk0gbwp4jo5m","id":"uv7gk0gbwp4jo5m"},"id":"c1jbjbm362hlyyy","previousOperationId":"tl4ynwye0vzkgvv"}
{"type":"log","timestamp":1701073340793,"level":"debug","message":"Page request: GET (document) file:///var/folders/dp/qk79pfcj0y1fmtkkl08m76rc0000gn/T/jsreport/autocleanup/e214fa78-8ba5-4309-985b-0dd912ea9f14-chrome-pdf.html","meta":{"rootId":"uv7gk0gbwp4jo5m","id":"uv7gk0gbwp4jo5m"},"id":"m2z2sgksau3m6ab","previousOperationId":"tl4ynwye0vzkgvv"}
{"type":"log","timestamp":1701073340798,"level":"debug","message":"Page request finished: GET (document) 200 file:///var/folders/dp/qk79pfcj0y1fmtkkl08m76rc0000gn/T/jsreport/autocleanup/e214fa78-8ba5-4309-985b-0dd912ea9f14-chrome-pdf.html","meta":{"rootId":"uv7gk0gbwp4jo5m","id":"uv7gk0gbwp4jo5m"},"id":"ho6rqy074z4g516","previousOperationId":"tl4ynwye0vzkgvv"}
{"type":"log","timestamp":1701073340808,"level":"debug","message":"Running chrome with params {\"printBackground\":true,\"format\":\"a4\",\"marginTop\":\"2cm\",\"marginBottom\":\"2cm\",\"timeout\":59968,\"margin\":{\"top\":\"2cm\",\"bottom\":\"2cm\"}}","meta":{"rootId":"uv7gk0gbwp4jo5m","id":"uv7gk0gbwp4jo5m"},"id":"ue64xnx9deaff8g","previousOperationId":"tl4ynwye0vzkgvv"}
{"type":"operationEnd","operationId":"tl4ynwye0vzkgvv","timestamp":1701073340830,"id":"hc03d9hpayrlwfl","previousEventId":"jmk6gn3xgd2vyjs","previousOperationId":"tl4ynwye0vzkgvv"}
{"type":"log","timestamp":1701073340830,"level":"info","message":"pdf-utils is starting pdf processing","meta":{"rootId":"uv7gk0gbwp4jo5m","id":"uv7gk0gbwp4jo5m"},"id":"03lxnti27gq88xo","previousOperationId":"tl4ynwye0vzkgvv"}
{"type":"operationStart","subtype":"pdfUtils","name":"pdf utils","timestamp":1701073340830,"id":"igzurfh8ibdm4uv","previousEventId":"hc03d9hpayrlwfl","operationId":"iw2801a1obifhwb","previousOperationId":"tl4ynwye0vzkgvv"}
{"type":"log","timestamp":1701073340830,"level":"debug","message":"pdf-utils detected 1 pdf operation(s) to process","meta":{"rootId":"uv7gk0gbwp4jo5m","id":"uv7gk0gbwp4jo5m"},"id":"qyxz7no0uf971z3","previousOperationId":"iw2801a1obifhwb"}
{"type":"log","timestamp":1701073340850,"level":"debug","message":"pdf-utils running pdf operation merge","meta":{"rootId":"uv7gk0gbwp4jo5m","id":"uv7gk0gbwp4jo5m"},"id":"zj7a4oo9kqwbwyr","previousOperationId":"iw2801a1obifhwb"}
{"type":"operationStart","subtype":"pdfUtilsMerge","name":"pdf utils merge","previousOperationId":"iw2801a1obifhwb","timestamp":1701073340850,"id":"vx5odd72ifi8ong","previousEventId":"igzurfh8ibdm4uv","operationId":"gg2ewprlvg6fqh8"}
{"type":"operationStart","subtype":"render","name":"header-footer","previousOperationId":"gg2ewprlvg6fqh8","timestamp":1701073340850,"id":"y3ri10gi8wm5jic","previousEventId":"vx5odd72ifi8ong","operationId":"2aynkb3j731ad5g"}
{"type":"log","timestamp":1701073340850,"level":"info","message":"Starting rendering (child) request","meta":{"rootId":"uv7gk0gbwp4jo5m","id":"w7x5otopxtdswt2"},"id":"1mkj72houzczl7b","previousOperationId":"2aynkb3j731ad5g"}
{"type":"log","timestamp":1701073340850,"level":"info","message":"Rendering template { name: header-footer, recipe: chrome-pdf, engine: handlebars, preview: true }","meta":{"rootId":"uv7gk0gbwp4jo5m","id":"w7x5otopxtdswt2"},"id":"ahqc4o6o40ffdqy","previousOperationId":"2aynkb3j731ad5g"}
{"type":"log","timestamp":1701073340850,"level":"debug","message":"Inline data specified.","meta":{"rootId":"uv7gk0gbwp4jo5m","id":"w7x5otopxtdswt2"},"id":"42dgnllx1jtsobs","previousOperationId":"2aynkb3j731ad5g"}
{"type":"log","timestamp":1701073340851,"level":"debug","message":"Base url not specified, skipping its injection.","meta":{"rootId":"uv7gk0gbwp4jo5m","id":"w7x5otopxtdswt2"},"id":"hq5ghtqbcwfqfc6","previousOperationId":"2aynkb3j731ad5g"}
{"type":"operationStart","subtype":"engine","name":"handlebars","timestamp":1701073340851,"id":"js9ylzhl7lcuvhp","previousEventId":"y3ri10gi8wm5jic","operationId":"8v6l6gzpseh4kvb","previousOperationId":"2aynkb3j731ad5g"}
{"type":"log","timestamp":1701073340851,"level":"debug","message":"Rendering engine handlebars","meta":{"rootId":"uv7gk0gbwp4jo5m","id":"w7x5otopxtdswt2"},"id":"62eymyab0kgb8uo","previousOperationId":"8v6l6gzpseh4kvb"}
{"type":"operationEnd","operationId":"8v6l6gzpseh4kvb","timestamp":1701073340854,"id":"j2kxzggr2e35d3a","previousEventId":"js9ylzhl7lcuvhp","previousOperationId":"8v6l6gzpseh4kvb"}
{"type":"operationStart","subtype":"recipe","name":"chrome-pdf","timestamp":1701073340854,"id":"sxsz77c42bvvqdo","previousEventId":"j2kxzggr2e35d3a","operationId":"v566xoul552fc2n","previousOperationId":"8v6l6gzpseh4kvb"}
{"type":"log","timestamp":1701073340854,"level":"debug","message":"Executing recipe chrome-pdf","meta":{"rootId":"uv7gk0gbwp4jo5m","id":"w7x5otopxtdswt2"},"id":"7otmqw6b791ulx4","previousOperationId":"v566xoul552fc2n"}
{"type":"log","timestamp":1701073340855,"level":"debug","message":"Converting with chrome HeadlessChrome/117.0.5938.149 using chrome-pool strategy","meta":{"rootId":"uv7gk0gbwp4jo5m","id":"w7x5otopxtdswt2"},"id":"frbfp1f15zypglz","previousOperationId":"v566xoul552fc2n"}
{"type":"log","timestamp":1701073340893,"level":"debug","message":"Page request: GET (document) file:///var/folders/dp/qk79pfcj0y1fmtkkl08m76rc0000gn/T/jsreport/autocleanup/35db2c60-0b73-40cb-9811-45fc65933e38-chrome-pdf.html","meta":{"rootId":"uv7gk0gbwp4jo5m","id":"w7x5otopxtdswt2"},"id":"5pldhcht5cziarx","previousOperationId":"v566xoul552fc2n"}
{"type":"log","timestamp":1701073340897,"level":"debug","message":"Page request finished: GET (document) 200 file:///var/folders/dp/qk79pfcj0y1fmtkkl08m76rc0000gn/T/jsreport/autocleanup/35db2c60-0b73-40cb-9811-45fc65933e38-chrome-pdf.html","meta":{"rootId":"uv7gk0gbwp4jo5m","id":"w7x5otopxtdswt2"},"id":"o8rxz64cscgga5w","previousOperationId":"v566xoul552fc2n"}
{"type":"log","timestamp":1701073340904,"level":"debug","message":"Running chrome with params {\"timeout\":59858,\"margin\":{},\"printBackground\":true}","meta":{"rootId":"uv7gk0gbwp4jo5m","id":"w7x5otopxtdswt2"},"id":"1ojud7tvcvtbhvs","previousOperationId":"v566xoul552fc2n"}
{"type":"operationEnd","operationId":"v566xoul552fc2n","timestamp":1701073340912,"id":"u4n6glktpzpoedp","previousEventId":"sxsz77c42bvvqdo","previousOperationId":"v566xoul552fc2n"}
{"type":"log","timestamp":1701073340912,"level":"debug","message":"Skipping storing report.","meta":{"rootId":"uv7gk0gbwp4jo5m","id":"w7x5otopxtdswt2"},"id":"orrgamgzjkww9wb","previousOperationId":"v566xoul552fc2n"}
{"type":"log","timestamp":1701073340912,"level":"info","message":"Rendering (child) request finished in 199 ms","meta":{"rootId":"uv7gk0gbwp4jo5m","id":"w7x5otopxtdswt2"},"id":"7ozkhkfcbkgfv84","previousOperationId":"v566xoul552fc2n"}
{"type":"operationEnd","subtype":"render","operationId":"2aynkb3j731ad5g","timestamp":1701073340912,"id":"hf8pxoroq8zeuji","previousEventId":"u4n6glktpzpoedp","previousOperationId":"v566xoul552fc2n"}
{"type":"operationEnd","operationId":"gg2ewprlvg6fqh8","timestamp":1701073340918,"id":"dunmyceu33zo94g","previousEventId":"vx5odd72ifi8ong","previousOperationId":"gg2ewprlvg6fqh8"}
{"type":"log","timestamp":1701073340918,"level":"debug","message":"pdf-utils postproces start","meta":{"rootId":"uv7gk0gbwp4jo5m","id":"uv7gk0gbwp4jo5m"},"id":"law2ye5rn9g0j54","previousOperationId":"gg2ewprlvg6fqh8"}
{"type":"log","timestamp":1701073340925,"level":"debug","message":"pdf-utils postproces end","meta":{"rootId":"uv7gk0gbwp4jo5m","id":"uv7gk0gbwp4jo5m"},"id":"fc1n4v4q4yafpnb","previousOperationId":"gg2ewprlvg6fqh8"}
{"type":"operationEnd","operationId":"iw2801a1obifhwb","timestamp":1701073340925,"id":"dwdt1w9xrx3gwoi","previousEventId":"dunmyceu33zo94g","previousOperationId":"gg2ewprlvg6fqh8"}
{"type":"log","timestamp":1701073340925,"level":"info","message":"pdf-utils pdf processing was finished","meta":{"rootId":"uv7gk0gbwp4jo5m","id":"uv7gk0gbwp4jo5m"},"id":"no3yqx0vr8xy2b8","previousOperationId":"iw2801a1obifhwb"}
{"type":"log","timestamp":1701073340925,"level":"debug","message":"Skipping storing report.","meta":{"rootId":"uv7gk0gbwp4jo5m","id":"uv7gk0gbwp4jo5m"},"id":"8ql3gu26u5s2vat","previousOperationId":"iw2801a1obifhwb"}
{"type":"log","timestamp":1701073340925,"level":"info","message":"Rendering request 13 finished in 212 ms","meta":{"rootId":"uv7gk0gbwp4jo5m","id":"uv7gk0gbwp4jo5m"},"id":"k0kviuuo71k17nx","previousOperationId":"iw2801a1obifhwb"}
{"type":"operationEnd","subtype":"render","operationId":"9qta7fe050rdb6x","timestamp":1701073340925,"id":"4f1efpx5ee7atpq","previousEventId":"dwdt1w9xrx3gwoi","previousOperationId":"iw2801a1obifhwb"}
{"type":"operationEnd","doDiffs":false,"previousEventId":"j75cb9uhix8jy24","previousOperationId":"oeq7whc2lyy7pcx","operationId":"oeq7whc2lyy7pcx","timestamp":1701073340927,"id":"cgekl2xnt3djosf"}
