{"type":"operationStart","subtype":"profile","data":{"_id":"O9tP4vNbohRCzLBv","timestamp":"2023-11-27T08:20:52.626Z","state":"queued","mode":"standard","creationDate":"2023-11-27T08:20:52.628Z","modificationDate":"2023-11-27T08:20:52.628Z","shortid":"fBUygSA","$entitySet":"profiles"},"doDiffs":false,"timestamp":1701073252627,"id":"p99gyfkj9f33koq","previousOperationId":null,"operationId":"28aya7d1klkzacd"}
{"type":"log","level":"info","message":"Render request 11 queued for execution and waiting for available worker","previousOperationId":"28aya7d1klkzacd","timestamp":1701073252627,"id":"1vn5qbdejgdc6m2"}
{"type":"operationStart","subtype":"render","name":"sporazum_privatno","previousOperationId":"28aya7d1klkzacd","timestamp":1701073252636,"id":"ib9vcw2cfj1iu9d","previousEventId":"p99gyfkj9f33koq","operationId":"qj91jcvotskpbzx"}
{"type":"log","timestamp":1701073252636,"level":"info","message":"Starting rendering request 11","meta":{"rootId":"ywq1kbswpmbbdom","id":"ywq1kbswpmbbdom"},"id":"aby467ykortjedw","previousOperationId":"qj91jcvotskpbzx"}
{"type":"log","timestamp":1701073252637,"level":"info","message":"Rendering template { name: sporazum_privatno, recipe: chrome-pdf, engine: handlebars, preview: true }","meta":{"rootId":"ywq1kbswpmbbdom","id":"ywq1kbswpmbbdom"},"id":"uoo4kgig74137c1","previousOperationId":"qj91jcvotskpbzx"}
{"type":"log","timestamp":1701073252637,"level":"debug","message":"Inline data specified.","meta":{"rootId":"ywq1kbswpmbbdom","id":"ywq1kbswpmbbdom"},"id":"uob5b5ak13ng56i","previousOperationId":"qj91jcvotskpbzx"}
{"type":"log","timestamp":1701073252639,"level":"debug","message":"Base url not specified, skipping its injection.","meta":{"rootId":"ywq1kbswpmbbdom","id":"ywq1kbswpmbbdom"},"id":"zrau02uqe9y6tog","previousOperationId":"qj91jcvotskpbzx"}
{"type":"operationStart","subtype":"engine","name":"handlebars","timestamp":1701073252639,"id":"fm26zpebi1xysze","previousEventId":"ib9vcw2cfj1iu9d","operationId":"s7pd956nlked4k6","previousOperationId":"qj91jcvotskpbzx"}
{"type":"log","timestamp":1701073252639,"level":"debug","message":"Rendering engine handlebars","meta":{"rootId":"ywq1kbswpmbbdom","id":"ywq1kbswpmbbdom"},"id":"69mowekp27ygflk","previousOperationId":"s7pd956nlked4k6"}
{"type":"operationEnd","operationId":"s7pd956nlked4k6","timestamp":1701073252657,"id":"kmrss5pdcrlz9j4","previousEventId":"fm26zpebi1xysze","previousOperationId":"s7pd956nlked4k6"}
{"type":"operationStart","subtype":"recipe","name":"chrome-pdf","timestamp":1701073252657,"id":"gu0m130g2n4tw1w","previousEventId":"kmrss5pdcrlz9j4","operationId":"b6ajx9ddb4q1966","previousOperationId":"s7pd956nlked4k6"}
{"type":"log","timestamp":1701073252657,"level":"debug","message":"Executing recipe chrome-pdf","meta":{"rootId":"ywq1kbswpmbbdom","id":"ywq1kbswpmbbdom"},"id":"m1ryxrcok5mftf5","previousOperationId":"b6ajx9ddb4q1966"}
{"type":"log","timestamp":1701073252660,"level":"debug","message":"Converting with chrome HeadlessChrome/117.0.5938.149 using chrome-pool strategy","meta":{"rootId":"ywq1kbswpmbbdom","id":"ywq1kbswpmbbdom"},"id":"1fka0rxv6eejl23","previousOperationId":"b6ajx9ddb4q1966"}
{"type":"log","timestamp":1701073252704,"level":"debug","message":"Page request: GET (document) file:///var/folders/dp/qk79pfcj0y1fmtkkl08m76rc0000gn/T/jsreport/autocleanup/5a4695d2-071f-405c-a8f0-46aa69ea62e1-chrome-pdf.html","meta":{"rootId":"ywq1kbswpmbbdom","id":"ywq1kbswpmbbdom"},"id":"4zzuih8l85agz1h","previousOperationId":"b6ajx9ddb4q1966"}
{"type":"log","timestamp":1701073252709,"level":"debug","message":"Page request finished: GET (document) 200 file:///var/folders/dp/qk79pfcj0y1fmtkkl08m76rc0000gn/T/jsreport/autocleanup/5a4695d2-071f-405c-a8f0-46aa69ea62e1-chrome-pdf.html","meta":{"rootId":"ywq1kbswpmbbdom","id":"ywq1kbswpmbbdom"},"id":"5uhtfduzoj3a508","previousOperationId":"b6ajx9ddb4q1966"}
{"type":"log","timestamp":1701073252720,"level":"debug","message":"Running chrome with params {\"printBackground\":true,\"format\":\"a4\",\"marginTop\":\"2cm\",\"marginBottom\":\"2cm\",\"timeout\":59967,\"margin\":{\"top\":\"2cm\",\"bottom\":\"2cm\"}}","meta":{"rootId":"ywq1kbswpmbbdom","id":"ywq1kbswpmbbdom"},"id":"9hgkzimzbotainv","previousOperationId":"b6ajx9ddb4q1966"}
{"type":"operationEnd","operationId":"b6ajx9ddb4q1966","timestamp":1701073252740,"id":"d2yak9oejbnol7n","previousEventId":"gu0m130g2n4tw1w","previousOperationId":"b6ajx9ddb4q1966"}
{"type":"log","timestamp":1701073252740,"level":"info","message":"pdf-utils is starting pdf processing","meta":{"rootId":"ywq1kbswpmbbdom","id":"ywq1kbswpmbbdom"},"id":"9rl9pe8fddknpyi","previousOperationId":"b6ajx9ddb4q1966"}
{"type":"operationStart","subtype":"pdfUtils","name":"pdf utils","timestamp":1701073252740,"id":"lilsixz37v829wt","previousEventId":"d2yak9oejbnol7n","operationId":"iiwlcl2vdwtefm6","previousOperationId":"b6ajx9ddb4q1966"}
{"type":"log","timestamp":1701073252740,"level":"debug","message":"pdf-utils detected 1 pdf operation(s) to process","meta":{"rootId":"ywq1kbswpmbbdom","id":"ywq1kbswpmbbdom"},"id":"mor922tfg97pm1d","previousOperationId":"iiwlcl2vdwtefm6"}
{"type":"log","timestamp":1701073252765,"level":"debug","message":"pdf-utils running pdf operation merge","meta":{"rootId":"ywq1kbswpmbbdom","id":"ywq1kbswpmbbdom"},"id":"gwsoqao605ezs10","previousOperationId":"iiwlcl2vdwtefm6"}
{"type":"operationStart","subtype":"pdfUtilsMerge","name":"pdf utils merge","previousOperationId":"iiwlcl2vdwtefm6","timestamp":1701073252765,"id":"qcfwutkmic6lvpe","previousEventId":"lilsixz37v829wt","operationId":"b02qvb4fa07uu00"}
{"type":"operationStart","subtype":"render","name":"header-footer","previousOperationId":"b02qvb4fa07uu00","timestamp":1701073252766,"id":"r7eff9ntu3rfgpc","previousEventId":"qcfwutkmic6lvpe","operationId":"1pdrz7kfrmfu0p3"}
{"type":"log","timestamp":1701073252766,"level":"info","message":"Starting rendering (child) request","meta":{"rootId":"ywq1kbswpmbbdom","id":"7ygfmp52rr59ju8"},"id":"fk948eivefa4tcj","previousOperationId":"1pdrz7kfrmfu0p3"}
{"type":"log","timestamp":1701073252766,"level":"info","message":"Rendering template { name: header-footer, recipe: chrome-pdf, engine: handlebars, preview: true }","meta":{"rootId":"ywq1kbswpmbbdom","id":"7ygfmp52rr59ju8"},"id":"qdqt417d31hp9bm","previousOperationId":"1pdrz7kfrmfu0p3"}
{"type":"log","timestamp":1701073252766,"level":"debug","message":"Inline data specified.","meta":{"rootId":"ywq1kbswpmbbdom","id":"7ygfmp52rr59ju8"},"id":"ldbowxvn6nbiozl","previousOperationId":"1pdrz7kfrmfu0p3"}
{"type":"log","timestamp":1701073252766,"level":"debug","message":"Base url not specified, skipping its injection.","meta":{"rootId":"ywq1kbswpmbbdom","id":"7ygfmp52rr59ju8"},"id":"zrvbidjwrbw246z","previousOperationId":"1pdrz7kfrmfu0p3"}
{"type":"operationStart","subtype":"engine","name":"handlebars","timestamp":1701073252767,"id":"qi7z80exuwu4mg5","previousEventId":"r7eff9ntu3rfgpc","operationId":"wtgomgyntwq918x","previousOperationId":"1pdrz7kfrmfu0p3"}
{"type":"log","timestamp":1701073252767,"level":"debug","message":"Rendering engine handlebars","meta":{"rootId":"ywq1kbswpmbbdom","id":"7ygfmp52rr59ju8"},"id":"tv28l17kyajdap8","previousOperationId":"wtgomgyntwq918x"}
{"type":"operationEnd","operationId":"wtgomgyntwq918x","timestamp":1701073252770,"id":"w0hsuj61t7iiom0","previousEventId":"qi7z80exuwu4mg5","previousOperationId":"wtgomgyntwq918x"}
{"type":"operationStart","subtype":"recipe","name":"chrome-pdf","timestamp":1701073252771,"id":"ozef1on9o50j2sd","previousEventId":"w0hsuj61t7iiom0","operationId":"kqh0y9jg4r3njna","previousOperationId":"wtgomgyntwq918x"}
{"type":"log","timestamp":1701073252771,"level":"debug","message":"Executing recipe chrome-pdf","meta":{"rootId":"ywq1kbswpmbbdom","id":"7ygfmp52rr59ju8"},"id":"03aw33znvoyaf4d","previousOperationId":"kqh0y9jg4r3njna"}
{"type":"log","timestamp":1701073252771,"level":"debug","message":"Converting with chrome HeadlessChrome/117.0.5938.149 using chrome-pool strategy","meta":{"rootId":"ywq1kbswpmbbdom","id":"7ygfmp52rr59ju8"},"id":"070mqtg6dea06a8","previousOperationId":"kqh0y9jg4r3njna"}
{"type":"log","timestamp":1701073252808,"level":"debug","message":"Page request: GET (document) file:///var/folders/dp/qk79pfcj0y1fmtkkl08m76rc0000gn/T/jsreport/autocleanup/2ae5399c-c75f-4116-84ae-6ef1d50786db-chrome-pdf.html","meta":{"rootId":"ywq1kbswpmbbdom","id":"7ygfmp52rr59ju8"},"id":"4ia9a1mbco9i1fp","previousOperationId":"kqh0y9jg4r3njna"}
{"type":"log","timestamp":1701073252812,"level":"debug","message":"Page request finished: GET (document) 200 file:///var/folders/dp/qk79pfcj0y1fmtkkl08m76rc0000gn/T/jsreport/autocleanup/2ae5399c-c75f-4116-84ae-6ef1d50786db-chrome-pdf.html","meta":{"rootId":"ywq1kbswpmbbdom","id":"7ygfmp52rr59ju8"},"id":"g0td2kvv43z8wk6","previousOperationId":"kqh0y9jg4r3njna"}
{"type":"log","timestamp":1701073252820,"level":"debug","message":"Running chrome with params {\"timeout\":59855,\"margin\":{},\"printBackground\":true}","meta":{"rootId":"ywq1kbswpmbbdom","id":"7ygfmp52rr59ju8"},"id":"avakqm21zqlvm16","previousOperationId":"kqh0y9jg4r3njna"}
{"type":"operationEnd","operationId":"kqh0y9jg4r3njna","timestamp":1701073252826,"id":"kjceu2wrm67fv15","previousEventId":"ozef1on9o50j2sd","previousOperationId":"kqh0y9jg4r3njna"}
{"type":"log","timestamp":1701073252826,"level":"debug","message":"Skipping storing report.","meta":{"rootId":"ywq1kbswpmbbdom","id":"7ygfmp52rr59ju8"},"id":"jnmjnu27sqyj5x4","previousOperationId":"kqh0y9jg4r3njna"}
{"type":"log","timestamp":1701073252826,"level":"info","message":"Rendering (child) request finished in 200 ms","meta":{"rootId":"ywq1kbswpmbbdom","id":"7ygfmp52rr59ju8"},"id":"tp82j8y9sibpzva","previousOperationId":"kqh0y9jg4r3njna"}
{"type":"operationEnd","subtype":"render","operationId":"1pdrz7kfrmfu0p3","timestamp":1701073252826,"id":"6826e2a9tdell4m","previousEventId":"kjceu2wrm67fv15","previousOperationId":"kqh0y9jg4r3njna"}
{"type":"operationEnd","operationId":"b02qvb4fa07uu00","timestamp":1701073252831,"id":"l91wzgjprod19rp","previousEventId":"qcfwutkmic6lvpe","previousOperationId":"b02qvb4fa07uu00"}
{"type":"log","timestamp":1701073252831,"level":"debug","message":"pdf-utils postproces start","meta":{"rootId":"ywq1kbswpmbbdom","id":"ywq1kbswpmbbdom"},"id":"lphhmyu77puf5b8","previousOperationId":"b02qvb4fa07uu00"}
{"type":"log","timestamp":1701073252839,"level":"debug","message":"pdf-utils postproces end","meta":{"rootId":"ywq1kbswpmbbdom","id":"ywq1kbswpmbbdom"},"id":"n0gy06hn82u1vho","previousOperationId":"b02qvb4fa07uu00"}
{"type":"operationEnd","operationId":"iiwlcl2vdwtefm6","timestamp":1701073252839,"id":"qj95zkxy2uimewn","previousEventId":"l91wzgjprod19rp","previousOperationId":"b02qvb4fa07uu00"}
{"type":"log","timestamp":1701073252839,"level":"info","message":"pdf-utils pdf processing was finished","meta":{"rootId":"ywq1kbswpmbbdom","id":"ywq1kbswpmbbdom"},"id":"5xpx2cyg238pvlu","previousOperationId":"iiwlcl2vdwtefm6"}
{"type":"log","timestamp":1701073252839,"level":"debug","message":"Skipping storing report.","meta":{"rootId":"ywq1kbswpmbbdom","id":"ywq1kbswpmbbdom"},"id":"yygni51rs3l9ycv","previousOperationId":"iiwlcl2vdwtefm6"}
{"type":"log","timestamp":1701073252839,"level":"info","message":"Rendering request 11 finished in 213 ms","meta":{"rootId":"ywq1kbswpmbbdom","id":"ywq1kbswpmbbdom"},"id":"7szl9o68ryasexo","previousOperationId":"iiwlcl2vdwtefm6"}
{"type":"operationEnd","subtype":"render","operationId":"qj91jcvotskpbzx","timestamp":1701073252839,"id":"xeeq4jee6q7q42x","previousEventId":"qj95zkxy2uimewn","previousOperationId":"iiwlcl2vdwtefm6"}
{"type":"operationEnd","doDiffs":false,"previousEventId":"p99gyfkj9f33koq","previousOperationId":"28aya7d1klkzacd","operationId":"28aya7d1klkzacd","timestamp":1701073252842,"id":"1yrmn35ms48xgld"}
