{"type":"operationStart","subtype":"profile","data":{"_id":"gw0zT704FUaq0neV","timestamp":"2023-11-27T08:24:27.800Z","state":"queued","mode":"standard","creationDate":"2023-11-27T08:24:27.802Z","modificationDate":"2023-11-27T08:24:27.802Z","shortid":"RzZyVeE","$entitySet":"profiles"},"doDiffs":false,"timestamp":1701073467801,"id":"qjtat50a1ff7ldy","previousOperationId":null,"operationId":"n5du5nnpnkl4w9o"}
{"type":"log","level":"info","message":"Render request 16 queued for execution and waiting for available worker","previousOperationId":"n5du5nnpnkl4w9o","timestamp":1701073467801,"id":"g5idorx3faaz23y"}
{"type":"operationStart","subtype":"render","name":"sporazum_privatno","previousOperationId":"n5du5nnpnkl4w9o","timestamp":1701073467810,"id":"akccap5csvo53pn","previousEventId":"qjtat50a1ff7ldy","operationId":"zqdxheglfr1uog8"}
{"type":"log","timestamp":1701073467810,"level":"info","message":"Starting rendering request 16","meta":{"rootId":"zt7wjclka2fwbuf","id":"zt7wjclka2fwbuf"},"id":"mlkdu0wfp51i1e9","previousOperationId":"zqdxheglfr1uog8"}
{"type":"log","timestamp":1701073467810,"level":"info","message":"Rendering template { name: sporazum_privatno, recipe: chrome-pdf, engine: handlebars, preview: true }","meta":{"rootId":"zt7wjclka2fwbuf","id":"zt7wjclka2fwbuf"},"id":"6ftrl6gd4q8h2kx","previousOperationId":"zqdxheglfr1uog8"}
{"type":"log","timestamp":1701073467810,"level":"debug","message":"Inline data specified.","meta":{"rootId":"zt7wjclka2fwbuf","id":"zt7wjclka2fwbuf"},"id":"bjp8pr6ihbscrad","previousOperationId":"zqdxheglfr1uog8"}
{"type":"log","timestamp":1701073467811,"level":"debug","message":"Base url not specified, skipping its injection.","meta":{"rootId":"zt7wjclka2fwbuf","id":"zt7wjclka2fwbuf"},"id":"zlcaj9c00z43yje","previousOperationId":"zqdxheglfr1uog8"}
{"type":"operationStart","subtype":"engine","name":"handlebars","timestamp":1701073467812,"id":"d1xrsgu5audi274","previousEventId":"akccap5csvo53pn","operationId":"yv4fyfhmjstabw1","previousOperationId":"zqdxheglfr1uog8"}
{"type":"log","timestamp":1701073467812,"level":"debug","message":"Rendering engine handlebars","meta":{"rootId":"zt7wjclka2fwbuf","id":"zt7wjclka2fwbuf"},"id":"lbc88spfnl4ah0o","previousOperationId":"yv4fyfhmjstabw1"}
{"type":"operationEnd","operationId":"yv4fyfhmjstabw1","timestamp":1701073467822,"id":"0zr486uyv26j5in","previousEventId":"d1xrsgu5audi274","previousOperationId":"yv4fyfhmjstabw1"}
{"type":"operationStart","subtype":"recipe","name":"chrome-pdf","timestamp":1701073467822,"id":"vplaqjfhz7cxpgi","previousEventId":"0zr486uyv26j5in","operationId":"la99dn4xvusw8bq","previousOperationId":"yv4fyfhmjstabw1"}
{"type":"log","timestamp":1701073467822,"level":"debug","message":"Executing recipe chrome-pdf","meta":{"rootId":"zt7wjclka2fwbuf","id":"zt7wjclka2fwbuf"},"id":"hwvtumkx64yldxm","previousOperationId":"la99dn4xvusw8bq"}
{"type":"log","timestamp":1701073467825,"level":"debug","message":"Converting with chrome HeadlessChrome/117.0.5938.149 using chrome-pool strategy","meta":{"rootId":"zt7wjclka2fwbuf","id":"zt7wjclka2fwbuf"},"id":"bmx4rej1pqk8h1p","previousOperationId":"la99dn4xvusw8bq"}
{"type":"log","timestamp":1701073467873,"level":"debug","message":"Page request: GET (document) file:///var/folders/dp/qk79pfcj0y1fmtkkl08m76rc0000gn/T/jsreport/autocleanup/19290f78-dbf8-4747-b4b1-62b9058c0570-chrome-pdf.html","meta":{"rootId":"zt7wjclka2fwbuf","id":"zt7wjclka2fwbuf"},"id":"pabseva5gy7cb6t","previousOperationId":"la99dn4xvusw8bq"}
{"type":"log","timestamp":1701073467878,"level":"debug","message":"Page request finished: GET (document) 200 file:///var/folders/dp/qk79pfcj0y1fmtkkl08m76rc0000gn/T/jsreport/autocleanup/19290f78-dbf8-4747-b4b1-62b9058c0570-chrome-pdf.html","meta":{"rootId":"zt7wjclka2fwbuf","id":"zt7wjclka2fwbuf"},"id":"md27tte81t8dv31","previousOperationId":"la99dn4xvusw8bq"}
{"type":"log","timestamp":1701073467889,"level":"debug","message":"Running chrome with params {\"printBackground\":true,\"format\":\"a4\",\"marginTop\":\"2cm\",\"marginBottom\":\"2cm\",\"timeout\":59976,\"margin\":{\"top\":\"2cm\",\"bottom\":\"2cm\"}}","meta":{"rootId":"zt7wjclka2fwbuf","id":"zt7wjclka2fwbuf"},"id":"eofcwxvkqbhvqso","previousOperationId":"la99dn4xvusw8bq"}
{"type":"operationEnd","operationId":"la99dn4xvusw8bq","timestamp":1701073467908,"id":"bn9wq4m3csdxlyu","previousEventId":"vplaqjfhz7cxpgi","previousOperationId":"la99dn4xvusw8bq"}
{"type":"log","timestamp":1701073467908,"level":"info","message":"pdf-utils is starting pdf processing","meta":{"rootId":"zt7wjclka2fwbuf","id":"zt7wjclka2fwbuf"},"id":"6fcyil4spidhxk2","previousOperationId":"la99dn4xvusw8bq"}
{"type":"operationStart","subtype":"pdfUtils","name":"pdf utils","timestamp":1701073467908,"id":"35qt0cltukr3jrq","previousEventId":"bn9wq4m3csdxlyu","operationId":"pff5ako9sx7mko4","previousOperationId":"la99dn4xvusw8bq"}
{"type":"log","timestamp":1701073467908,"level":"debug","message":"pdf-utils detected 1 pdf operation(s) to process","meta":{"rootId":"zt7wjclka2fwbuf","id":"zt7wjclka2fwbuf"},"id":"rqu1cy8w9vqslzk","previousOperationId":"pff5ako9sx7mko4"}
{"type":"log","timestamp":1701073467932,"level":"debug","message":"pdf-utils running pdf operation merge","meta":{"rootId":"zt7wjclka2fwbuf","id":"zt7wjclka2fwbuf"},"id":"klizvrw3i63wx59","previousOperationId":"pff5ako9sx7mko4"}
{"type":"operationStart","subtype":"pdfUtilsMerge","name":"pdf utils merge","previousOperationId":"pff5ako9sx7mko4","timestamp":1701073467932,"id":"mry0pcj7bt9j8pt","previousEventId":"35qt0cltukr3jrq","operationId":"wyffig91l28ny1v"}
{"type":"operationStart","subtype":"render","name":"header-footer","previousOperationId":"wyffig91l28ny1v","timestamp":1701073467933,"id":"3iueflvu2yos3ax","previousEventId":"mry0pcj7bt9j8pt","operationId":"6m6858lbip6hq5z"}
{"type":"log","timestamp":1701073467933,"level":"info","message":"Starting rendering (child) request","meta":{"rootId":"zt7wjclka2fwbuf","id":"398e19a9k8s5gna"},"id":"0isbhpm01gtyrln","previousOperationId":"6m6858lbip6hq5z"}
{"type":"log","timestamp":1701073467933,"level":"info","message":"Rendering template { name: header-footer, recipe: chrome-pdf, engine: handlebars, preview: true }","meta":{"rootId":"zt7wjclka2fwbuf","id":"398e19a9k8s5gna"},"id":"n597px8whid9w5y","previousOperationId":"6m6858lbip6hq5z"}
{"type":"log","timestamp":1701073467933,"level":"debug","message":"Inline data specified.","meta":{"rootId":"zt7wjclka2fwbuf","id":"398e19a9k8s5gna"},"id":"6x6pd27n5i5d5ne","previousOperationId":"6m6858lbip6hq5z"}
{"type":"log","timestamp":1701073467933,"level":"debug","message":"Base url not specified, skipping its injection.","meta":{"rootId":"zt7wjclka2fwbuf","id":"398e19a9k8s5gna"},"id":"9tpjgt9sabjmcez","previousOperationId":"6m6858lbip6hq5z"}
{"type":"operationStart","subtype":"engine","name":"handlebars","timestamp":1701073467933,"id":"egeufglkgjaz94c","previousEventId":"3iueflvu2yos3ax","operationId":"egu3gw0d9fh6fv5","previousOperationId":"6m6858lbip6hq5z"}
{"type":"log","timestamp":1701073467933,"level":"debug","message":"Rendering engine handlebars","meta":{"rootId":"zt7wjclka2fwbuf","id":"398e19a9k8s5gna"},"id":"ldjdjrd6mzs9982","previousOperationId":"egu3gw0d9fh6fv5"}
{"type":"operationEnd","operationId":"egu3gw0d9fh6fv5","timestamp":1701073467938,"id":"e9yzjacx4idbkip","previousEventId":"egeufglkgjaz94c","previousOperationId":"egu3gw0d9fh6fv5"}
{"type":"operationStart","subtype":"recipe","name":"chrome-pdf","timestamp":1701073467938,"id":"8sk5cijxa43rr02","previousEventId":"e9yzjacx4idbkip","operationId":"tim6topgagkt3q3","previousOperationId":"egu3gw0d9fh6fv5"}
{"type":"log","timestamp":1701073467938,"level":"debug","message":"Executing recipe chrome-pdf","meta":{"rootId":"zt7wjclka2fwbuf","id":"398e19a9k8s5gna"},"id":"xn96wyladteajqm","previousOperationId":"tim6topgagkt3q3"}
{"type":"log","timestamp":1701073467939,"level":"debug","message":"Converting with chrome HeadlessChrome/117.0.5938.149 using chrome-pool strategy","meta":{"rootId":"zt7wjclka2fwbuf","id":"398e19a9k8s5gna"},"id":"ykblum8764sr2mb","previousOperationId":"tim6topgagkt3q3"}
{"type":"log","timestamp":1701073467976,"level":"debug","message":"Page request: GET (document) file:///var/folders/dp/qk79pfcj0y1fmtkkl08m76rc0000gn/T/jsreport/autocleanup/ba0fa3c3-c236-474a-8b60-04494ac0d673-chrome-pdf.html","meta":{"rootId":"zt7wjclka2fwbuf","id":"398e19a9k8s5gna"},"id":"0p4180w8bx0eunf","previousOperationId":"tim6topgagkt3q3"}
{"type":"log","timestamp":1701073467981,"level":"debug","message":"Page request finished: GET (document) 200 file:///var/folders/dp/qk79pfcj0y1fmtkkl08m76rc0000gn/T/jsreport/autocleanup/ba0fa3c3-c236-474a-8b60-04494ac0d673-chrome-pdf.html","meta":{"rootId":"zt7wjclka2fwbuf","id":"398e19a9k8s5gna"},"id":"g5tqdao3epl0e5z","previousOperationId":"tim6topgagkt3q3"}
{"type":"log","timestamp":1701073467987,"level":"debug","message":"Running chrome with params {\"timeout\":59861,\"margin\":{},\"printBackground\":true}","meta":{"rootId":"zt7wjclka2fwbuf","id":"398e19a9k8s5gna"},"id":"crpnzobxeldr25v","previousOperationId":"tim6topgagkt3q3"}
{"type":"operationEnd","operationId":"tim6topgagkt3q3","timestamp":1701073467993,"id":"ge1h5lbob2ccgof","previousEventId":"8sk5cijxa43rr02","previousOperationId":"tim6topgagkt3q3"}
{"type":"log","timestamp":1701073467993,"level":"debug","message":"Skipping storing report.","meta":{"rootId":"zt7wjclka2fwbuf","id":"398e19a9k8s5gna"},"id":"ywbwmezarhgf45x","previousOperationId":"tim6topgagkt3q3"}
{"type":"log","timestamp":1701073467993,"level":"info","message":"Rendering (child) request finished in 193 ms","meta":{"rootId":"zt7wjclka2fwbuf","id":"398e19a9k8s5gna"},"id":"gfv9n3g299cac86","previousOperationId":"tim6topgagkt3q3"}
{"type":"operationEnd","subtype":"render","operationId":"6m6858lbip6hq5z","timestamp":1701073467993,"id":"a4i11m00bvfgkyf","previousEventId":"ge1h5lbob2ccgof","previousOperationId":"tim6topgagkt3q3"}
{"type":"operationEnd","operationId":"wyffig91l28ny1v","timestamp":1701073467998,"id":"iakltqougn2b9dc","previousEventId":"mry0pcj7bt9j8pt","previousOperationId":"wyffig91l28ny1v"}
{"type":"log","timestamp":1701073467998,"level":"debug","message":"pdf-utils postproces start","meta":{"rootId":"zt7wjclka2fwbuf","id":"zt7wjclka2fwbuf"},"id":"ec2d44x23gm6b0e","previousOperationId":"wyffig91l28ny1v"}
{"type":"log","timestamp":1701073468005,"level":"debug","message":"pdf-utils postproces end","meta":{"rootId":"zt7wjclka2fwbuf","id":"zt7wjclka2fwbuf"},"id":"b0qdyrpajprbywm","previousOperationId":"wyffig91l28ny1v"}
{"type":"operationEnd","operationId":"pff5ako9sx7mko4","timestamp":1701073468005,"id":"3t2vw428or5maiq","previousEventId":"iakltqougn2b9dc","previousOperationId":"wyffig91l28ny1v"}
{"type":"log","timestamp":1701073468005,"level":"info","message":"pdf-utils pdf processing was finished","meta":{"rootId":"zt7wjclka2fwbuf","id":"zt7wjclka2fwbuf"},"id":"0h19zz76mesk6tc","previousOperationId":"pff5ako9sx7mko4"}
{"type":"log","timestamp":1701073468005,"level":"debug","message":"Skipping storing report.","meta":{"rootId":"zt7wjclka2fwbuf","id":"zt7wjclka2fwbuf"},"id":"ckwsocp8ukm7mng","previousOperationId":"pff5ako9sx7mko4"}
{"type":"log","timestamp":1701073468005,"level":"info","message":"Rendering request 16 finished in 205 ms","meta":{"rootId":"zt7wjclka2fwbuf","id":"zt7wjclka2fwbuf"},"id":"6ki319k7xs0ymkj","previousOperationId":"pff5ako9sx7mko4"}
{"type":"operationEnd","subtype":"render","operationId":"zqdxheglfr1uog8","timestamp":1701073468005,"id":"4m0luoq6xpqgun7","previousEventId":"3t2vw428or5maiq","previousOperationId":"pff5ako9sx7mko4"}
{"type":"operationEnd","doDiffs":false,"previousEventId":"qjtat50a1ff7ldy","previousOperationId":"n5du5nnpnkl4w9o","operationId":"n5du5nnpnkl4w9o","timestamp":1701073468007,"id":"bcoq2vjks4rpf3r"}
