{"type":"operationStart","subtype":"profile","data":{"_id":"sJvlSxLfbNQAssbB","timestamp":"2023-11-24T09:41:12.137Z","state":"queued","mode":"standard","creationDate":"2023-11-24T09:41:12.139Z","modificationDate":"2023-11-24T09:41:12.139Z","shortid":"jhySDY1","$entitySet":"profiles"},"doDiffs":false,"timestamp":1700818872138,"id":"ebd5sjse67dd5zc","previousOperationId":null,"operationId":"btvq9a0wbylyosg"}
{"type":"log","level":"info","message":"Render request 11 queued for execution and waiting for available worker","previousOperationId":"btvq9a0wbylyosg","timestamp":1700818872138,"id":"0v4gquwk7jq70gt"}
{"type":"operationStart","subtype":"render","name":"pns_index","previousOperationId":"btvq9a0wbylyosg","timestamp":1700818872144,"id":"dkdtfprmrnt693z","previousEventId":"ebd5sjse67dd5zc","operationId":"0bgrnxjjvi4y0g3"}
{"type":"log","timestamp":1700818872144,"level":"info","message":"Starting rendering request 11","meta":{"rootId":"t68cqyozea26q0k","id":"t68cqyozea26q0k"},"id":"6nxkeojkwkp6sx3","previousOperationId":"0bgrnxjjvi4y0g3"}
{"type":"log","timestamp":1700818872144,"level":"info","message":"Rendering template { name: pns_index, recipe: chrome-pdf, engine: handlebars, preview: true }","meta":{"rootId":"t68cqyozea26q0k","id":"t68cqyozea26q0k"},"id":"08qqddlqa3b2ysg","previousOperationId":"0bgrnxjjvi4y0g3"}
{"type":"log","timestamp":1700818872144,"level":"debug","message":"Inline data specified.","meta":{"rootId":"t68cqyozea26q0k","id":"t68cqyozea26q0k"},"id":"km46pdckw6v4pyb","previousOperationId":"0bgrnxjjvi4y0g3"}
{"type":"log","timestamp":1700818872146,"level":"debug","message":"Base url not specified, skipping its injection.","meta":{"rootId":"t68cqyozea26q0k","id":"t68cqyozea26q0k"},"id":"efd7zwn2c6wfml8","previousOperationId":"0bgrnxjjvi4y0g3"}
{"type":"operationStart","subtype":"engine","name":"handlebars","timestamp":1700818872147,"id":"xswmw6eobjd3mzs","previousEventId":"dkdtfprmrnt693z","operationId":"j8m8aza7sdcd0fd","previousOperationId":"0bgrnxjjvi4y0g3"}
{"type":"log","timestamp":1700818872147,"level":"debug","message":"Rendering engine handlebars","meta":{"rootId":"t68cqyozea26q0k","id":"t68cqyozea26q0k"},"id":"b4apdc7rgr5ed38","previousOperationId":"j8m8aza7sdcd0fd"}
{"type":"operationEnd","operationId":"j8m8aza7sdcd0fd","timestamp":1700818872167,"id":"bch4wdhzue7u6w4","previousEventId":"xswmw6eobjd3mzs","previousOperationId":"j8m8aza7sdcd0fd"}
{"type":"operationStart","subtype":"recipe","name":"chrome-pdf","timestamp":1700818872167,"id":"hg0dw2n6dfm412a","previousEventId":"bch4wdhzue7u6w4","operationId":"0pxt5vgrzuki8px","previousOperationId":"j8m8aza7sdcd0fd"}
{"type":"log","timestamp":1700818872167,"level":"debug","message":"Executing recipe chrome-pdf","meta":{"rootId":"t68cqyozea26q0k","id":"t68cqyozea26q0k"},"id":"d11r8c6vib6gp8u","previousOperationId":"0pxt5vgrzuki8px"}
{"type":"log","timestamp":1700818872751,"level":"debug","message":"Converting with chrome HeadlessChrome/117.0.5938.149 using chrome-pool strategy","meta":{"rootId":"t68cqyozea26q0k","id":"t68cqyozea26q0k"},"id":"vf1rvqp0pfahvbw","previousOperationId":"0pxt5vgrzuki8px"}
{"type":"log","timestamp":1700818872857,"level":"debug","message":"Page request: GET (document) file:///var/folders/dp/qk79pfcj0y1fmtkkl08m76rc0000gn/T/jsreport/autocleanup/f8eac028-41a1-45c4-b263-73a9b0aec537-chrome-pdf.html","meta":{"rootId":"t68cqyozea26q0k","id":"t68cqyozea26q0k"},"id":"jvu858bo0wg0yzg","previousOperationId":"0pxt5vgrzuki8px"}
{"type":"log","timestamp":1700818872874,"level":"debug","message":"Page request finished: GET (document) 200 file:///var/folders/dp/qk79pfcj0y1fmtkkl08m76rc0000gn/T/jsreport/autocleanup/f8eac028-41a1-45c4-b263-73a9b0aec537-chrome-pdf.html","meta":{"rootId":"t68cqyozea26q0k","id":"t68cqyozea26q0k"},"id":"8uc2608zp36y28g","previousOperationId":"0pxt5vgrzuki8px"}
{"type":"log","timestamp":1700818872889,"level":"debug","message":"Running chrome with params {\"printBackground\":true,\"timeout\":59962,\"margin\":{}}","meta":{"rootId":"t68cqyozea26q0k","id":"t68cqyozea26q0k"},"id":"su5c4l5q6qgsgcs","previousOperationId":"0pxt5vgrzuki8px"}
{"type":"operationEnd","operationId":"0pxt5vgrzuki8px","timestamp":1700818872927,"id":"2ejcuy41dl46wek","previousEventId":"hg0dw2n6dfm412a","previousOperationId":"0pxt5vgrzuki8px"}
{"type":"log","timestamp":1700818872927,"level":"debug","message":"Skipping storing report.","meta":{"rootId":"t68cqyozea26q0k","id":"t68cqyozea26q0k"},"id":"2sf1wki7on1gh33","previousOperationId":"0pxt5vgrzuki8px"}
{"type":"log","timestamp":1700818872927,"level":"info","message":"Rendering request 11 finished in 791 ms","meta":{"rootId":"t68cqyozea26q0k","id":"t68cqyozea26q0k"},"id":"tpvwod9v26qpr3k","previousOperationId":"0pxt5vgrzuki8px"}
{"type":"operationEnd","subtype":"render","operationId":"0bgrnxjjvi4y0g3","timestamp":1700818872927,"id":"v9icgj0ww4781jk","previousEventId":"2ejcuy41dl46wek","previousOperationId":"0pxt5vgrzuki8px"}
{"type":"operationEnd","doDiffs":false,"previousEventId":"ebd5sjse67dd5zc","previousOperationId":"btvq9a0wbylyosg","operationId":"btvq9a0wbylyosg","timestamp":1700818872929,"id":"vn1erg7jgoql5s9"}
