{"type":"operationStart","subtype":"profile","data":{"_id":"CnwDAVNwehQc1I85","timestamp":"2023-11-27T11:47:48.950Z","state":"queued","mode":"standard","creationDate":"2023-11-27T11:47:48.951Z","modificationDate":"2023-11-27T11:47:48.951Z","shortid":"od1umZj","$entitySet":"profiles"},"doDiffs":false,"timestamp":1701085668951,"id":"h8k80q5mewokj6h","previousOperationId":null,"operationId":"u3q115wl6mc4jdu"}
{"type":"log","level":"info","message":"Render request 95 queued for execution and waiting for available worker","previousOperationId":"u3q115wl6mc4jdu","timestamp":1701085668951,"id":"vkp6cvin507doga"}
{"type":"operationStart","subtype":"render","name":"sporazum_pravno","previousOperationId":"u3q115wl6mc4jdu","timestamp":1701085668963,"id":"4tjbeju1ys5g7dh","previousEventId":"h8k80q5mewokj6h","operationId":"50ptqqncvygos8u"}
{"type":"log","timestamp":1701085668964,"level":"info","message":"Starting rendering request 95","meta":{"rootId":"03rgvj1zum2debc","id":"03rgvj1zum2debc"},"id":"vme8i8yk8ow5rqx","previousOperationId":"50ptqqncvygos8u"}
{"type":"log","timestamp":1701085668964,"level":"info","message":"Rendering template { name: sporazum_pravno, recipe: chrome-pdf, engine: handlebars, preview: true }","meta":{"rootId":"03rgvj1zum2debc","id":"03rgvj1zum2debc"},"id":"der0vcteb4jqbwk","previousOperationId":"50ptqqncvygos8u"}
{"type":"log","timestamp":1701085668965,"level":"debug","message":"Inline data specified.","meta":{"rootId":"03rgvj1zum2debc","id":"03rgvj1zum2debc"},"id":"hz10d2bthaxagmf","previousOperationId":"50ptqqncvygos8u"}
{"type":"log","timestamp":1701085668966,"level":"debug","message":"Base url not specified, skipping its injection.","meta":{"rootId":"03rgvj1zum2debc","id":"03rgvj1zum2debc"},"id":"lbgnlxd4tognyfi","previousOperationId":"50ptqqncvygos8u"}
{"type":"operationStart","subtype":"engine","name":"handlebars","timestamp":1701085668967,"id":"p07oyypzt5aiigj","previousEventId":"4tjbeju1ys5g7dh","operationId":"shdsekfbm40arr3","previousOperationId":"50ptqqncvygos8u"}
{"type":"log","timestamp":1701085668967,"level":"debug","message":"Rendering engine handlebars","meta":{"rootId":"03rgvj1zum2debc","id":"03rgvj1zum2debc"},"id":"rk0nnz2m1k33l4q","previousOperationId":"shdsekfbm40arr3"}
{"type":"operationEnd","operationId":"shdsekfbm40arr3","timestamp":1701085668985,"id":"8x30m7pe7ecdhbw","previousEventId":"p07oyypzt5aiigj","previousOperationId":"shdsekfbm40arr3"}
{"type":"operationStart","subtype":"recipe","name":"chrome-pdf","timestamp":1701085668986,"id":"fmitsdfbftm1pd5","previousEventId":"8x30m7pe7ecdhbw","operationId":"gim8fbnhfthbe52","previousOperationId":"shdsekfbm40arr3"}
{"type":"log","timestamp":1701085668986,"level":"debug","message":"Executing recipe chrome-pdf","meta":{"rootId":"03rgvj1zum2debc","id":"03rgvj1zum2debc"},"id":"u93jq3xtqdg2oxi","previousOperationId":"gim8fbnhfthbe52"}
{"type":"log","timestamp":1701085668989,"level":"debug","message":"Converting with chrome HeadlessChrome/117.0.5938.149 using chrome-pool strategy","meta":{"rootId":"03rgvj1zum2debc","id":"03rgvj1zum2debc"},"id":"rdprqi8xjb3eker","previousOperationId":"gim8fbnhfthbe52"}
{"type":"log","timestamp":1701085669030,"level":"debug","message":"Page request: GET (document) file:///var/folders/dp/qk79pfcj0y1fmtkkl08m76rc0000gn/T/jsreport/autocleanup/5499aac1-37a2-4be8-a219-a8080d9551cd-chrome-pdf.html","meta":{"rootId":"03rgvj1zum2debc","id":"03rgvj1zum2debc"},"id":"3f6jbx9dbh9f6cm","previousOperationId":"gim8fbnhfthbe52"}
{"type":"log","timestamp":1701085669045,"level":"debug","message":"Page request finished: GET (document) 200 file:///var/folders/dp/qk79pfcj0y1fmtkkl08m76rc0000gn/T/jsreport/autocleanup/5499aac1-37a2-4be8-a219-a8080d9551cd-chrome-pdf.html","meta":{"rootId":"03rgvj1zum2debc","id":"03rgvj1zum2debc"},"id":"olk49n4nt6kxb14","previousOperationId":"gim8fbnhfthbe52"}
{"type":"log","timestamp":1701085669053,"level":"debug","message":"Running chrome with params {\"printBackground\":true,\"format\":\"a4\",\"marginTop\":\"2cm\",\"marginBottom\":\"2cm\",\"timeout\":59962,\"margin\":{\"top\":\"2cm\",\"bottom\":\"2cm\"}}","meta":{"rootId":"03rgvj1zum2debc","id":"03rgvj1zum2debc"},"id":"5qqdpht79vij51o","previousOperationId":"gim8fbnhfthbe52"}
{"type":"operationEnd","operationId":"gim8fbnhfthbe52","timestamp":1701085669076,"id":"bdd0ayf8i05oipz","previousEventId":"fmitsdfbftm1pd5","previousOperationId":"gim8fbnhfthbe52"}
{"type":"log","timestamp":1701085669076,"level":"info","message":"pdf-utils is starting pdf processing","meta":{"rootId":"03rgvj1zum2debc","id":"03rgvj1zum2debc"},"id":"yrn0lq1v4yi7g2v","previousOperationId":"gim8fbnhfthbe52"}
{"type":"operationStart","subtype":"pdfUtils","name":"pdf utils","timestamp":1701085669076,"id":"j13fl8jgi0eg5ok","previousEventId":"bdd0ayf8i05oipz","operationId":"jjj8h909f4tjphf","previousOperationId":"gim8fbnhfthbe52"}
{"type":"log","timestamp":1701085669076,"level":"debug","message":"pdf-utils detected 1 pdf operation(s) to process","meta":{"rootId":"03rgvj1zum2debc","id":"03rgvj1zum2debc"},"id":"gltjppjlqdjbu8i","previousOperationId":"jjj8h909f4tjphf"}
{"type":"log","timestamp":1701085669101,"level":"debug","message":"pdf-utils running pdf operation merge","meta":{"rootId":"03rgvj1zum2debc","id":"03rgvj1zum2debc"},"id":"vklhzs8unbg3lfm","previousOperationId":"jjj8h909f4tjphf"}
{"type":"operationStart","subtype":"pdfUtilsMerge","name":"pdf utils merge","previousOperationId":"jjj8h909f4tjphf","timestamp":1701085669101,"id":"82qt8c2sh4uwmpd","previousEventId":"j13fl8jgi0eg5ok","operationId":"tom9nhzeaf04qwn"}
{"type":"operationStart","subtype":"render","name":"header-footer","previousOperationId":"tom9nhzeaf04qwn","timestamp":1701085669102,"id":"6jzjltxulki40f2","previousEventId":"82qt8c2sh4uwmpd","operationId":"vr1uafp093w4gqj"}
{"type":"log","timestamp":1701085669102,"level":"info","message":"Starting rendering (child) request","meta":{"rootId":"03rgvj1zum2debc","id":"cljvm2grjy247yf"},"id":"x0i4bx5ewqgpqin","previousOperationId":"vr1uafp093w4gqj"}
{"type":"log","timestamp":1701085669102,"level":"info","message":"Rendering template { name: header-footer, recipe: chrome-pdf, engine: handlebars, preview: true }","meta":{"rootId":"03rgvj1zum2debc","id":"cljvm2grjy247yf"},"id":"ug4peegyufshm35","previousOperationId":"vr1uafp093w4gqj"}
{"type":"log","timestamp":1701085669103,"level":"debug","message":"Inline data specified.","meta":{"rootId":"03rgvj1zum2debc","id":"cljvm2grjy247yf"},"id":"1k67bl2oz86rqk2","previousOperationId":"vr1uafp093w4gqj"}
{"type":"log","timestamp":1701085669103,"level":"debug","message":"Base url not specified, skipping its injection.","meta":{"rootId":"03rgvj1zum2debc","id":"cljvm2grjy247yf"},"id":"932c84we7jryw93","previousOperationId":"vr1uafp093w4gqj"}
{"type":"operationStart","subtype":"engine","name":"handlebars","timestamp":1701085669103,"id":"8zxso7t4h73hq15","previousEventId":"6jzjltxulki40f2","operationId":"zllr7dzdhbjah8x","previousOperationId":"vr1uafp093w4gqj"}
{"type":"log","timestamp":1701085669103,"level":"debug","message":"Rendering engine handlebars","meta":{"rootId":"03rgvj1zum2debc","id":"cljvm2grjy247yf"},"id":"trncmgf1tc22hee","previousOperationId":"zllr7dzdhbjah8x"}
{"type":"operationEnd","operationId":"zllr7dzdhbjah8x","timestamp":1701085669108,"id":"15oezgihazd6zh0","previousEventId":"8zxso7t4h73hq15","previousOperationId":"zllr7dzdhbjah8x"}
{"type":"operationStart","subtype":"recipe","name":"chrome-pdf","timestamp":1701085669108,"id":"gg4ptaqjcirgvfo","previousEventId":"15oezgihazd6zh0","operationId":"hmeor9k6fb19mll","previousOperationId":"zllr7dzdhbjah8x"}
{"type":"log","timestamp":1701085669108,"level":"debug","message":"Executing recipe chrome-pdf","meta":{"rootId":"03rgvj1zum2debc","id":"cljvm2grjy247yf"},"id":"8me48mfzqhaqm3n","previousOperationId":"hmeor9k6fb19mll"}
{"type":"log","timestamp":1701085669109,"level":"debug","message":"Converting with chrome HeadlessChrome/117.0.5938.149 using chrome-pool strategy","meta":{"rootId":"03rgvj1zum2debc","id":"cljvm2grjy247yf"},"id":"774wvgkmt0ovns1","previousOperationId":"hmeor9k6fb19mll"}
{"type":"log","timestamp":1701085669151,"level":"debug","message":"Page request: GET (document) file:///var/folders/dp/qk79pfcj0y1fmtkkl08m76rc0000gn/T/jsreport/autocleanup/20b9291d-bda9-4376-b930-2636430e2155-chrome-pdf.html","meta":{"rootId":"03rgvj1zum2debc","id":"cljvm2grjy247yf"},"id":"xye46nlvv3e2wlq","previousOperationId":"hmeor9k6fb19mll"}
{"type":"log","timestamp":1701085669156,"level":"debug","message":"Page request finished: GET (document) 200 file:///var/folders/dp/qk79pfcj0y1fmtkkl08m76rc0000gn/T/jsreport/autocleanup/20b9291d-bda9-4376-b930-2636430e2155-chrome-pdf.html","meta":{"rootId":"03rgvj1zum2debc","id":"cljvm2grjy247yf"},"id":"woyl49awsibig2n","previousOperationId":"hmeor9k6fb19mll"}
{"type":"log","timestamp":1701085669163,"level":"debug","message":"Running chrome with params {\"timeout\":59842,\"margin\":{},\"printBackground\":true}","meta":{"rootId":"03rgvj1zum2debc","id":"cljvm2grjy247yf"},"id":"d3xqe51fule5k2i","previousOperationId":"hmeor9k6fb19mll"}
{"type":"operationEnd","operationId":"hmeor9k6fb19mll","timestamp":1701085669169,"id":"gr2jg2b3korjaqq","previousEventId":"gg4ptaqjcirgvfo","previousOperationId":"hmeor9k6fb19mll"}
{"type":"log","timestamp":1701085669169,"level":"debug","message":"Skipping storing report.","meta":{"rootId":"03rgvj1zum2debc","id":"cljvm2grjy247yf"},"id":"yd6rbsovxx4bhfr","previousOperationId":"hmeor9k6fb19mll"}
{"type":"log","timestamp":1701085669169,"level":"info","message":"Rendering (child) request finished in 219 ms","meta":{"rootId":"03rgvj1zum2debc","id":"cljvm2grjy247yf"},"id":"1kijcl998fj8bcu","previousOperationId":"hmeor9k6fb19mll"}
{"type":"operationEnd","subtype":"render","operationId":"vr1uafp093w4gqj","timestamp":1701085669169,"id":"hbjxnwu25q0yh7f","previousEventId":"gr2jg2b3korjaqq","previousOperationId":"hmeor9k6fb19mll"}
{"type":"operationEnd","operationId":"tom9nhzeaf04qwn","timestamp":1701085669173,"id":"com1ug7liegdm63","previousEventId":"82qt8c2sh4uwmpd","previousOperationId":"tom9nhzeaf04qwn"}
{"type":"log","timestamp":1701085669173,"level":"debug","message":"pdf-utils postproces start","meta":{"rootId":"03rgvj1zum2debc","id":"03rgvj1zum2debc"},"id":"cjmktao6wb6z0b8","previousOperationId":"tom9nhzeaf04qwn"}
{"type":"log","timestamp":1701085669180,"level":"debug","message":"pdf-utils postproces end","meta":{"rootId":"03rgvj1zum2debc","id":"03rgvj1zum2debc"},"id":"5mryu1x6v9daw4e","previousOperationId":"tom9nhzeaf04qwn"}
{"type":"operationEnd","operationId":"jjj8h909f4tjphf","timestamp":1701085669180,"id":"ms3tnopszwmcgir","previousEventId":"com1ug7liegdm63","previousOperationId":"tom9nhzeaf04qwn"}
{"type":"log","timestamp":1701085669180,"level":"info","message":"pdf-utils pdf processing was finished","meta":{"rootId":"03rgvj1zum2debc","id":"03rgvj1zum2debc"},"id":"k1aqbk7kng606gp","previousOperationId":"jjj8h909f4tjphf"}
{"type":"log","timestamp":1701085669180,"level":"debug","message":"Skipping storing report.","meta":{"rootId":"03rgvj1zum2debc","id":"03rgvj1zum2debc"},"id":"w2qzb7syrqxmorq","previousOperationId":"jjj8h909f4tjphf"}
{"type":"log","timestamp":1701085669180,"level":"info","message":"Rendering request 95 finished in 230 ms","meta":{"rootId":"03rgvj1zum2debc","id":"03rgvj1zum2debc"},"id":"za8dj9nit2fep91","previousOperationId":"jjj8h909f4tjphf"}
{"type":"operationEnd","subtype":"render","operationId":"50ptqqncvygos8u","timestamp":1701085669180,"id":"pa7st8oz73e5qrw","previousEventId":"ms3tnopszwmcgir","previousOperationId":"jjj8h909f4tjphf"}
{"type":"operationEnd","doDiffs":false,"previousEventId":"h8k80q5mewokj6h","previousOperationId":"u3q115wl6mc4jdu","operationId":"u3q115wl6mc4jdu","timestamp":1701085669182,"id":"0qk1gt2r26cmf81"}
