{"type":"operationStart","subtype":"profile","data":{"_id":"DZosPZUDH5TbkH2N","timestamp":"2023-11-27T11:28:37.388Z","state":"queued","mode":"standard","creationDate":"2023-11-27T11:28:37.388Z","modificationDate":"2023-11-27T11:28:37.388Z","shortid":"38OdCq3","$entitySet":"profiles"},"doDiffs":false,"timestamp":1701084517388,"id":"8lcwk3t9n64qwi9","previousOperationId":null,"operationId":"2uz9ptague7y15u"}
{"type":"log","level":"info","message":"Render request 77 queued for execution and waiting for available worker","previousOperationId":"2uz9ptague7y15u","timestamp":1701084517388,"id":"w7sxlnliqf4wcub"}
{"type":"operationStart","subtype":"render","name":"sporazum_pravno","previousOperationId":"2uz9ptague7y15u","timestamp":1701084517393,"id":"gjnnq9r07680dmd","previousEventId":"8lcwk3t9n64qwi9","operationId":"zlfmv5iav5xmf66"}
{"type":"log","timestamp":1701084517393,"level":"info","message":"Starting rendering request 77","meta":{"rootId":"1xrubgjoz77cj2m","id":"1xrubgjoz77cj2m"},"id":"m9umr7ng11ir28g","previousOperationId":"zlfmv5iav5xmf66"}
{"type":"log","timestamp":1701084517393,"level":"info","message":"Rendering template { name: sporazum_pravno, recipe: chrome-pdf, engine: handlebars, preview: true }","meta":{"rootId":"1xrubgjoz77cj2m","id":"1xrubgjoz77cj2m"},"id":"amq9tfnd2v70a8b","previousOperationId":"zlfmv5iav5xmf66"}
{"type":"log","timestamp":1701084517393,"level":"debug","message":"Inline data specified.","meta":{"rootId":"1xrubgjoz77cj2m","id":"1xrubgjoz77cj2m"},"id":"yhyu2vihdskppzn","previousOperationId":"zlfmv5iav5xmf66"}
{"type":"log","timestamp":1701084517394,"level":"debug","message":"Base url not specified, skipping its injection.","meta":{"rootId":"1xrubgjoz77cj2m","id":"1xrubgjoz77cj2m"},"id":"w9nugcxojlhi1b0","previousOperationId":"zlfmv5iav5xmf66"}
{"type":"operationStart","subtype":"engine","name":"handlebars","timestamp":1701084517394,"id":"4me5dmhavo7puez","previousEventId":"gjnnq9r07680dmd","operationId":"m1pur9y7r12pc7r","previousOperationId":"zlfmv5iav5xmf66"}
{"type":"log","timestamp":1701084517394,"level":"debug","message":"Rendering engine handlebars","meta":{"rootId":"1xrubgjoz77cj2m","id":"1xrubgjoz77cj2m"},"id":"wih2obxag34bvg9","previousOperationId":"m1pur9y7r12pc7r"}
{"type":"operationEnd","operationId":"m1pur9y7r12pc7r","timestamp":1701084517404,"id":"c693d49fqfytm46","previousEventId":"4me5dmhavo7puez","previousOperationId":"m1pur9y7r12pc7r"}
{"type":"operationStart","subtype":"recipe","name":"chrome-pdf","timestamp":1701084517405,"id":"seutpyx3z5f5c8a","previousEventId":"c693d49fqfytm46","operationId":"rcri6og7uys3yqt","previousOperationId":"m1pur9y7r12pc7r"}
{"type":"log","timestamp":1701084517405,"level":"debug","message":"Executing recipe chrome-pdf","meta":{"rootId":"1xrubgjoz77cj2m","id":"1xrubgjoz77cj2m"},"id":"y494nliodwux7so","previousOperationId":"rcri6og7uys3yqt"}
{"type":"log","timestamp":1701084517406,"level":"debug","message":"Converting with chrome HeadlessChrome/117.0.5938.149 using chrome-pool strategy","meta":{"rootId":"1xrubgjoz77cj2m","id":"1xrubgjoz77cj2m"},"id":"b4mhitqlclc3s9a","previousOperationId":"rcri6og7uys3yqt"}
{"type":"log","timestamp":1701084517445,"level":"debug","message":"Page request: GET (document) file:///var/folders/dp/qk79pfcj0y1fmtkkl08m76rc0000gn/T/jsreport/autocleanup/58915629-b114-4747-8b4a-52cfe39fac3a-chrome-pdf.html","meta":{"rootId":"1xrubgjoz77cj2m","id":"1xrubgjoz77cj2m"},"id":"tgu7r5ae57vjg7m","previousOperationId":"rcri6og7uys3yqt"}
{"type":"log","timestamp":1701084517450,"level":"debug","message":"Page request finished: GET (document) 200 file:///var/folders/dp/qk79pfcj0y1fmtkkl08m76rc0000gn/T/jsreport/autocleanup/58915629-b114-4747-8b4a-52cfe39fac3a-chrome-pdf.html","meta":{"rootId":"1xrubgjoz77cj2m","id":"1xrubgjoz77cj2m"},"id":"6ij0p5z093lye31","previousOperationId":"rcri6og7uys3yqt"}
{"type":"log","timestamp":1701084517459,"level":"debug","message":"Running chrome with params {\"printBackground\":true,\"format\":\"a4\",\"marginTop\":\"2cm\",\"marginBottom\":\"2cm\",\"timeout\":59983,\"margin\":{\"top\":\"2cm\",\"bottom\":\"2cm\"}}","meta":{"rootId":"1xrubgjoz77cj2m","id":"1xrubgjoz77cj2m"},"id":"qq0zimhs9bp2b4c","previousOperationId":"rcri6og7uys3yqt"}
{"type":"operationEnd","operationId":"rcri6og7uys3yqt","timestamp":1701084517478,"id":"8v0jtnmlzntzev3","previousEventId":"seutpyx3z5f5c8a","previousOperationId":"rcri6og7uys3yqt"}
{"type":"log","timestamp":1701084517479,"level":"info","message":"pdf-utils is starting pdf processing","meta":{"rootId":"1xrubgjoz77cj2m","id":"1xrubgjoz77cj2m"},"id":"o2r1tk9iz5mpw2w","previousOperationId":"rcri6og7uys3yqt"}
{"type":"operationStart","subtype":"pdfUtils","name":"pdf utils","timestamp":1701084517479,"id":"9qw585cnkwqdcr9","previousEventId":"8v0jtnmlzntzev3","operationId":"ig94hisb564hvxy","previousOperationId":"rcri6og7uys3yqt"}
{"type":"log","timestamp":1701084517479,"level":"debug","message":"pdf-utils detected 1 pdf operation(s) to process","meta":{"rootId":"1xrubgjoz77cj2m","id":"1xrubgjoz77cj2m"},"id":"hyx1qda5w6nrkkb","previousOperationId":"ig94hisb564hvxy"}
{"type":"log","timestamp":1701084517497,"level":"debug","message":"pdf-utils running pdf operation merge","meta":{"rootId":"1xrubgjoz77cj2m","id":"1xrubgjoz77cj2m"},"id":"tt9wr5ujzt3an4d","previousOperationId":"ig94hisb564hvxy"}
{"type":"operationStart","subtype":"pdfUtilsMerge","name":"pdf utils merge","previousOperationId":"ig94hisb564hvxy","timestamp":1701084517498,"id":"2ansiw3o6bd0xdl","previousEventId":"9qw585cnkwqdcr9","operationId":"850e3yrqce3hytf"}
{"type":"operationStart","subtype":"render","name":"header-footer","previousOperationId":"850e3yrqce3hytf","timestamp":1701084517498,"id":"3zkwa5zc44s7suz","previousEventId":"2ansiw3o6bd0xdl","operationId":"icnqnq399ndk6mw"}
{"type":"log","timestamp":1701084517498,"level":"info","message":"Starting rendering (child) request","meta":{"rootId":"1xrubgjoz77cj2m","id":"xq3aai0ypjbcm02"},"id":"hev5amr4a3xudog","previousOperationId":"icnqnq399ndk6mw"}
{"type":"log","timestamp":1701084517498,"level":"info","message":"Rendering template { name: header-footer, recipe: chrome-pdf, engine: handlebars, preview: true }","meta":{"rootId":"1xrubgjoz77cj2m","id":"xq3aai0ypjbcm02"},"id":"1txlmsmikam5fol","previousOperationId":"icnqnq399ndk6mw"}
{"type":"log","timestamp":1701084517498,"level":"debug","message":"Inline data specified.","meta":{"rootId":"1xrubgjoz77cj2m","id":"xq3aai0ypjbcm02"},"id":"eyfehxjpkatzz13","previousOperationId":"icnqnq399ndk6mw"}
{"type":"log","timestamp":1701084517499,"level":"debug","message":"Base url not specified, skipping its injection.","meta":{"rootId":"1xrubgjoz77cj2m","id":"xq3aai0ypjbcm02"},"id":"wwhpv4vfq7y1s63","previousOperationId":"icnqnq399ndk6mw"}
{"type":"operationStart","subtype":"engine","name":"handlebars","timestamp":1701084517499,"id":"wkh1ky1p087l3ig","previousEventId":"3zkwa5zc44s7suz","operationId":"kynp4izxv9lsa4m","previousOperationId":"icnqnq399ndk6mw"}
{"type":"log","timestamp":1701084517499,"level":"debug","message":"Rendering engine handlebars","meta":{"rootId":"1xrubgjoz77cj2m","id":"xq3aai0ypjbcm02"},"id":"ui2n4zb19g3lgce","previousOperationId":"kynp4izxv9lsa4m"}
{"type":"operationEnd","operationId":"kynp4izxv9lsa4m","timestamp":1701084517504,"id":"jo9xgi6vaaq1pqw","previousEventId":"wkh1ky1p087l3ig","previousOperationId":"kynp4izxv9lsa4m"}
{"type":"operationStart","subtype":"recipe","name":"chrome-pdf","timestamp":1701084517504,"id":"gitb7z68mv92izf","previousEventId":"jo9xgi6vaaq1pqw","operationId":"1cki9oer5ww5az4","previousOperationId":"kynp4izxv9lsa4m"}
{"type":"log","timestamp":1701084517504,"level":"debug","message":"Executing recipe chrome-pdf","meta":{"rootId":"1xrubgjoz77cj2m","id":"xq3aai0ypjbcm02"},"id":"atpxxr31e2iz9ua","previousOperationId":"1cki9oer5ww5az4"}
{"type":"log","timestamp":1701084517506,"level":"debug","message":"Converting with chrome HeadlessChrome/117.0.5938.149 using chrome-pool strategy","meta":{"rootId":"1xrubgjoz77cj2m","id":"xq3aai0ypjbcm02"},"id":"j9n3e5b31lqh9rz","previousOperationId":"1cki9oer5ww5az4"}
{"type":"log","timestamp":1701084517542,"level":"debug","message":"Page request: GET (document) file:///var/folders/dp/qk79pfcj0y1fmtkkl08m76rc0000gn/T/jsreport/autocleanup/040ee927-c82f-4100-8a75-8b4420880432-chrome-pdf.html","meta":{"rootId":"1xrubgjoz77cj2m","id":"xq3aai0ypjbcm02"},"id":"pxd5mfmyudml20v","previousOperationId":"1cki9oer5ww5az4"}
{"type":"log","timestamp":1701084517547,"level":"debug","message":"Page request finished: GET (document) 200 file:///var/folders/dp/qk79pfcj0y1fmtkkl08m76rc0000gn/T/jsreport/autocleanup/040ee927-c82f-4100-8a75-8b4420880432-chrome-pdf.html","meta":{"rootId":"1xrubgjoz77cj2m","id":"xq3aai0ypjbcm02"},"id":"ybdxewwzyemg8zu","previousOperationId":"1cki9oer5ww5az4"}
{"type":"log","timestamp":1701084517554,"level":"debug","message":"Running chrome with params {\"timeout\":59883,\"margin\":{},\"printBackground\":true}","meta":{"rootId":"1xrubgjoz77cj2m","id":"xq3aai0ypjbcm02"},"id":"fi29i7dom93hr3y","previousOperationId":"1cki9oer5ww5az4"}
{"type":"operationEnd","operationId":"1cki9oer5ww5az4","timestamp":1701084517560,"id":"omwcr3zq7u0kc3h","previousEventId":"gitb7z68mv92izf","previousOperationId":"1cki9oer5ww5az4"}
{"type":"log","timestamp":1701084517560,"level":"debug","message":"Skipping storing report.","meta":{"rootId":"1xrubgjoz77cj2m","id":"xq3aai0ypjbcm02"},"id":"gi4f7hyoqz0hjcp","previousOperationId":"1cki9oer5ww5az4"}
{"type":"log","timestamp":1701084517560,"level":"info","message":"Rendering (child) request finished in 172 ms","meta":{"rootId":"1xrubgjoz77cj2m","id":"xq3aai0ypjbcm02"},"id":"v37wg09soyf70z8","previousOperationId":"1cki9oer5ww5az4"}
{"type":"operationEnd","subtype":"render","operationId":"icnqnq399ndk6mw","timestamp":1701084517560,"id":"0e58lnau2pdc458","previousEventId":"omwcr3zq7u0kc3h","previousOperationId":"1cki9oer5ww5az4"}
{"type":"operationEnd","operationId":"850e3yrqce3hytf","timestamp":1701084517564,"id":"6widtz0olmd67t2","previousEventId":"2ansiw3o6bd0xdl","previousOperationId":"850e3yrqce3hytf"}
{"type":"log","timestamp":1701084517564,"level":"debug","message":"pdf-utils postproces start","meta":{"rootId":"1xrubgjoz77cj2m","id":"1xrubgjoz77cj2m"},"id":"vjplpyn3a47f7xt","previousOperationId":"850e3yrqce3hytf"}
{"type":"log","timestamp":1701084517571,"level":"debug","message":"pdf-utils postproces end","meta":{"rootId":"1xrubgjoz77cj2m","id":"1xrubgjoz77cj2m"},"id":"ib97wza5qv8rmq4","previousOperationId":"850e3yrqce3hytf"}
{"type":"operationEnd","operationId":"ig94hisb564hvxy","timestamp":1701084517571,"id":"ibc7gmivh2ypbp8","previousEventId":"6widtz0olmd67t2","previousOperationId":"850e3yrqce3hytf"}
{"type":"log","timestamp":1701084517571,"level":"info","message":"pdf-utils pdf processing was finished","meta":{"rootId":"1xrubgjoz77cj2m","id":"1xrubgjoz77cj2m"},"id":"bgzpe7giebvopgs","previousOperationId":"ig94hisb564hvxy"}
{"type":"log","timestamp":1701084517571,"level":"debug","message":"Skipping storing report.","meta":{"rootId":"1xrubgjoz77cj2m","id":"1xrubgjoz77cj2m"},"id":"6jt71o4ds0mxuyt","previousOperationId":"ig94hisb564hvxy"}
{"type":"log","timestamp":1701084517571,"level":"info","message":"Rendering request 77 finished in 183 ms","meta":{"rootId":"1xrubgjoz77cj2m","id":"1xrubgjoz77cj2m"},"id":"3iiqoirp2ll0w0l","previousOperationId":"ig94hisb564hvxy"}
{"type":"operationEnd","subtype":"render","operationId":"zlfmv5iav5xmf66","timestamp":1701084517571,"id":"gs0rl39goawtk3o","previousEventId":"ibc7gmivh2ypbp8","previousOperationId":"ig94hisb564hvxy"}
{"type":"operationEnd","doDiffs":false,"previousEventId":"8lcwk3t9n64qwi9","previousOperationId":"2uz9ptague7y15u","operationId":"2uz9ptague7y15u","timestamp":1701084517573,"id":"tx5969ay90fupjj"}
