{"type":"operationStart","subtype":"profile","data":{"_id":"zwjPxBIYYbjeG7wd","timestamp":"2023-11-27T11:57:56.457Z","state":"queued","mode":"standard","creationDate":"2023-11-27T11:57:56.460Z","modificationDate":"2023-11-27T11:57:56.460Z","shortid":"tOE2Ewt","$entitySet":"profiles"},"doDiffs":false,"timestamp":1701086276459,"id":"aaak6o0or8hw8hx","previousOperationId":null,"operationId":"t4klvkpbw6pvq4v"}
{"type":"log","level":"info","message":"Render request 99 queued for execution and waiting for available worker","previousOperationId":"t4klvkpbw6pvq4v","timestamp":1701086276459,"id":"5c3lgyliv4qzq6o"}
{"type":"operationStart","subtype":"render","name":"sporazum_pravno","previousOperationId":"t4klvkpbw6pvq4v","timestamp":1701086276471,"id":"reiz7746rs7c37g","previousEventId":"aaak6o0or8hw8hx","operationId":"s4yo5w7bh3j2k8y"}
{"type":"log","timestamp":1701086276471,"level":"info","message":"Starting rendering request 99","meta":{"rootId":"5v1xo6b06nxsp0l","id":"5v1xo6b06nxsp0l"},"id":"bycdonm9oh38bay","previousOperationId":"s4yo5w7bh3j2k8y"}
{"type":"log","timestamp":1701086276471,"level":"info","message":"Rendering template { name: sporazum_pravno, recipe: chrome-pdf, engine: handlebars, preview: true }","meta":{"rootId":"5v1xo6b06nxsp0l","id":"5v1xo6b06nxsp0l"},"id":"pcrbutplsc6wamp","previousOperationId":"s4yo5w7bh3j2k8y"}
{"type":"log","timestamp":1701086276473,"level":"debug","message":"Inline data specified.","meta":{"rootId":"5v1xo6b06nxsp0l","id":"5v1xo6b06nxsp0l"},"id":"khp37e48y62trhq","previousOperationId":"s4yo5w7bh3j2k8y"}
{"type":"log","timestamp":1701086276476,"level":"debug","message":"Base url not specified, skipping its injection.","meta":{"rootId":"5v1xo6b06nxsp0l","id":"5v1xo6b06nxsp0l"},"id":"1t2nfe92isigcj1","previousOperationId":"s4yo5w7bh3j2k8y"}
{"type":"operationStart","subtype":"engine","name":"handlebars","timestamp":1701086276476,"id":"j85xc42fx3lae6l","previousEventId":"reiz7746rs7c37g","operationId":"o35pbidvsb370gn","previousOperationId":"s4yo5w7bh3j2k8y"}
{"type":"log","timestamp":1701086276476,"level":"debug","message":"Rendering engine handlebars","meta":{"rootId":"5v1xo6b06nxsp0l","id":"5v1xo6b06nxsp0l"},"id":"wsn2z7iau96qksj","previousOperationId":"o35pbidvsb370gn"}
{"type":"operationEnd","operationId":"o35pbidvsb370gn","timestamp":1701086276490,"id":"tu73m6xafsyqe0t","previousEventId":"j85xc42fx3lae6l","previousOperationId":"o35pbidvsb370gn"}
{"type":"operationStart","subtype":"recipe","name":"chrome-pdf","timestamp":1701086276491,"id":"jtamfztslif49fq","previousEventId":"tu73m6xafsyqe0t","operationId":"3qw022fn4hvkcj4","previousOperationId":"o35pbidvsb370gn"}
{"type":"log","timestamp":1701086276491,"level":"debug","message":"Executing recipe chrome-pdf","meta":{"rootId":"5v1xo6b06nxsp0l","id":"5v1xo6b06nxsp0l"},"id":"69cxvm8e6h5ptfe","previousOperationId":"3qw022fn4hvkcj4"}
{"type":"log","timestamp":1701086276492,"level":"debug","message":"Converting with chrome HeadlessChrome/117.0.5938.149 using chrome-pool strategy","meta":{"rootId":"5v1xo6b06nxsp0l","id":"5v1xo6b06nxsp0l"},"id":"tme3okl8w9l4fsj","previousOperationId":"3qw022fn4hvkcj4"}
{"type":"log","timestamp":1701086276546,"level":"debug","message":"Page request: GET (document) file:///var/folders/dp/qk79pfcj0y1fmtkkl08m76rc0000gn/T/jsreport/autocleanup/db7c66bb-d8a5-4c31-be9d-7d56a8d43fab-chrome-pdf.html","meta":{"rootId":"5v1xo6b06nxsp0l","id":"5v1xo6b06nxsp0l"},"id":"xgylkujs2te5rj0","previousOperationId":"3qw022fn4hvkcj4"}
{"type":"log","timestamp":1701086276551,"level":"debug","message":"Page request finished: GET (document) 200 file:///var/folders/dp/qk79pfcj0y1fmtkkl08m76rc0000gn/T/jsreport/autocleanup/db7c66bb-d8a5-4c31-be9d-7d56a8d43fab-chrome-pdf.html","meta":{"rootId":"5v1xo6b06nxsp0l","id":"5v1xo6b06nxsp0l"},"id":"illz4wmfjwgdgy0","previousOperationId":"3qw022fn4hvkcj4"}
{"type":"log","timestamp":1701086276561,"level":"debug","message":"Running chrome with params {\"printBackground\":true,\"format\":\"a4\",\"marginTop\":\"2cm\",\"marginBottom\":\"2cm\",\"timeout\":59965,\"margin\":{\"top\":\"2cm\",\"bottom\":\"2cm\"}}","meta":{"rootId":"5v1xo6b06nxsp0l","id":"5v1xo6b06nxsp0l"},"id":"1tm6l265dn9x6bp","previousOperationId":"3qw022fn4hvkcj4"}
{"type":"operationEnd","operationId":"3qw022fn4hvkcj4","timestamp":1701086276581,"id":"xxehwk3zu1kwhqw","previousEventId":"jtamfztslif49fq","previousOperationId":"3qw022fn4hvkcj4"}
{"type":"log","timestamp":1701086276581,"level":"info","message":"pdf-utils is starting pdf processing","meta":{"rootId":"5v1xo6b06nxsp0l","id":"5v1xo6b06nxsp0l"},"id":"63wnfwcgewco6kk","previousOperationId":"3qw022fn4hvkcj4"}
{"type":"operationStart","subtype":"pdfUtils","name":"pdf utils","timestamp":1701086276581,"id":"idpro8mu7lwohbr","previousEventId":"xxehwk3zu1kwhqw","operationId":"646q1suyqjj6194","previousOperationId":"3qw022fn4hvkcj4"}
{"type":"log","timestamp":1701086276581,"level":"debug","message":"pdf-utils detected 1 pdf operation(s) to process","meta":{"rootId":"5v1xo6b06nxsp0l","id":"5v1xo6b06nxsp0l"},"id":"atry8e6qeun0pbg","previousOperationId":"646q1suyqjj6194"}
{"type":"log","timestamp":1701086276600,"level":"debug","message":"pdf-utils running pdf operation merge","meta":{"rootId":"5v1xo6b06nxsp0l","id":"5v1xo6b06nxsp0l"},"id":"5vbn1x3d7a3wddw","previousOperationId":"646q1suyqjj6194"}
{"type":"operationStart","subtype":"pdfUtilsMerge","name":"pdf utils merge","previousOperationId":"646q1suyqjj6194","timestamp":1701086276600,"id":"bziccsag6lfbkd3","previousEventId":"idpro8mu7lwohbr","operationId":"qqmmywb7esdz57p"}
{"type":"operationStart","subtype":"render","name":"header-footer","previousOperationId":"qqmmywb7esdz57p","timestamp":1701086276601,"id":"8nkrazohy26leqr","previousEventId":"bziccsag6lfbkd3","operationId":"teej9i1yxi4gev7"}
{"type":"log","timestamp":1701086276601,"level":"info","message":"Starting rendering (child) request","meta":{"rootId":"5v1xo6b06nxsp0l","id":"l7xv8smzk0ki2rx"},"id":"xad7q6x4o6tfnt4","previousOperationId":"teej9i1yxi4gev7"}
{"type":"log","timestamp":1701086276601,"level":"info","message":"Rendering template { name: header-footer, recipe: chrome-pdf, engine: handlebars, preview: true }","meta":{"rootId":"5v1xo6b06nxsp0l","id":"l7xv8smzk0ki2rx"},"id":"emosl5bmo37xbf4","previousOperationId":"teej9i1yxi4gev7"}
{"type":"log","timestamp":1701086276601,"level":"debug","message":"Inline data specified.","meta":{"rootId":"5v1xo6b06nxsp0l","id":"l7xv8smzk0ki2rx"},"id":"taxse1wceu84fbw","previousOperationId":"teej9i1yxi4gev7"}
{"type":"log","timestamp":1701086276602,"level":"debug","message":"Base url not specified, skipping its injection.","meta":{"rootId":"5v1xo6b06nxsp0l","id":"l7xv8smzk0ki2rx"},"id":"gqqqti456veoc2h","previousOperationId":"teej9i1yxi4gev7"}
{"type":"operationStart","subtype":"engine","name":"handlebars","timestamp":1701086276602,"id":"45ca7qpcrbv5v1w","previousEventId":"8nkrazohy26leqr","operationId":"j75hozwbbwicfo7","previousOperationId":"teej9i1yxi4gev7"}
{"type":"log","timestamp":1701086276602,"level":"debug","message":"Rendering engine handlebars","meta":{"rootId":"5v1xo6b06nxsp0l","id":"l7xv8smzk0ki2rx"},"id":"orv4eyx5ir4ljny","previousOperationId":"j75hozwbbwicfo7"}
{"type":"operationEnd","operationId":"j75hozwbbwicfo7","timestamp":1701086276606,"id":"jjr04s0ppii43du","previousEventId":"45ca7qpcrbv5v1w","previousOperationId":"j75hozwbbwicfo7"}
{"type":"operationStart","subtype":"recipe","name":"chrome-pdf","timestamp":1701086276606,"id":"3xgyn70o6wut633","previousEventId":"jjr04s0ppii43du","operationId":"4uvwyw953vrw28f","previousOperationId":"j75hozwbbwicfo7"}
{"type":"log","timestamp":1701086276606,"level":"debug","message":"Executing recipe chrome-pdf","meta":{"rootId":"5v1xo6b06nxsp0l","id":"l7xv8smzk0ki2rx"},"id":"haq9la9w8fk9b6n","previousOperationId":"4uvwyw953vrw28f"}
{"type":"log","timestamp":1701086276607,"level":"debug","message":"Converting with chrome HeadlessChrome/117.0.5938.149 using chrome-pool strategy","meta":{"rootId":"5v1xo6b06nxsp0l","id":"l7xv8smzk0ki2rx"},"id":"8lhcu5399f06hvj","previousOperationId":"4uvwyw953vrw28f"}
{"type":"log","timestamp":1701086276645,"level":"debug","message":"Page request: GET (document) file:///var/folders/dp/qk79pfcj0y1fmtkkl08m76rc0000gn/T/jsreport/autocleanup/9f28cf8f-1e84-4309-9c2f-f9a9d6431ee4-chrome-pdf.html","meta":{"rootId":"5v1xo6b06nxsp0l","id":"l7xv8smzk0ki2rx"},"id":"mhizu87h1l0fnkl","previousOperationId":"4uvwyw953vrw28f"}
{"type":"log","timestamp":1701086276649,"level":"debug","message":"Page request finished: GET (document) 200 file:///var/folders/dp/qk79pfcj0y1fmtkkl08m76rc0000gn/T/jsreport/autocleanup/9f28cf8f-1e84-4309-9c2f-f9a9d6431ee4-chrome-pdf.html","meta":{"rootId":"5v1xo6b06nxsp0l","id":"l7xv8smzk0ki2rx"},"id":"3p4qzahkz1gkr18","previousOperationId":"4uvwyw953vrw28f"}
{"type":"log","timestamp":1701086276657,"level":"debug","message":"Running chrome with params {\"timeout\":59850,\"margin\":{},\"printBackground\":true}","meta":{"rootId":"5v1xo6b06nxsp0l","id":"l7xv8smzk0ki2rx"},"id":"v6vwz75o7bbowxt","previousOperationId":"4uvwyw953vrw28f"}
{"type":"operationEnd","operationId":"4uvwyw953vrw28f","timestamp":1701086276663,"id":"5p5lrcwjuempyu4","previousEventId":"3xgyn70o6wut633","previousOperationId":"4uvwyw953vrw28f"}
{"type":"log","timestamp":1701086276663,"level":"debug","message":"Skipping storing report.","meta":{"rootId":"5v1xo6b06nxsp0l","id":"l7xv8smzk0ki2rx"},"id":"e82qrym98xrumcx","previousOperationId":"4uvwyw953vrw28f"}
{"type":"log","timestamp":1701086276663,"level":"info","message":"Rendering (child) request finished in 206 ms","meta":{"rootId":"5v1xo6b06nxsp0l","id":"l7xv8smzk0ki2rx"},"id":"k7d48bexktfql1n","previousOperationId":"4uvwyw953vrw28f"}
{"type":"operationEnd","subtype":"render","operationId":"teej9i1yxi4gev7","timestamp":1701086276663,"id":"bnjqr8gjbnogyga","previousEventId":"5p5lrcwjuempyu4","previousOperationId":"4uvwyw953vrw28f"}
{"type":"operationEnd","operationId":"qqmmywb7esdz57p","timestamp":1701086276667,"id":"trta413es0ubnyy","previousEventId":"bziccsag6lfbkd3","previousOperationId":"qqmmywb7esdz57p"}
{"type":"log","timestamp":1701086276667,"level":"debug","message":"pdf-utils postproces start","meta":{"rootId":"5v1xo6b06nxsp0l","id":"5v1xo6b06nxsp0l"},"id":"ga90sjseqdzjhsr","previousOperationId":"qqmmywb7esdz57p"}
{"type":"log","timestamp":1701086276674,"level":"debug","message":"pdf-utils postproces end","meta":{"rootId":"5v1xo6b06nxsp0l","id":"5v1xo6b06nxsp0l"},"id":"4aortl6px6raxrg","previousOperationId":"qqmmywb7esdz57p"}
{"type":"operationEnd","operationId":"646q1suyqjj6194","timestamp":1701086276674,"id":"v7yu3q5wpyanb66","previousEventId":"trta413es0ubnyy","previousOperationId":"qqmmywb7esdz57p"}
{"type":"log","timestamp":1701086276674,"level":"info","message":"pdf-utils pdf processing was finished","meta":{"rootId":"5v1xo6b06nxsp0l","id":"5v1xo6b06nxsp0l"},"id":"i6ry9vbjuwxml8x","previousOperationId":"646q1suyqjj6194"}
{"type":"log","timestamp":1701086276674,"level":"debug","message":"Skipping storing report.","meta":{"rootId":"5v1xo6b06nxsp0l","id":"5v1xo6b06nxsp0l"},"id":"4sl71jj69kyu699","previousOperationId":"646q1suyqjj6194"}
{"type":"log","timestamp":1701086276674,"level":"info","message":"Rendering request 99 finished in 217 ms","meta":{"rootId":"5v1xo6b06nxsp0l","id":"5v1xo6b06nxsp0l"},"id":"4kay4e1oszvlr51","previousOperationId":"646q1suyqjj6194"}
{"type":"operationEnd","subtype":"render","operationId":"s4yo5w7bh3j2k8y","timestamp":1701086276674,"id":"u7lgrg4a2sqvek5","previousEventId":"v7yu3q5wpyanb66","previousOperationId":"646q1suyqjj6194"}
{"type":"operationEnd","doDiffs":false,"previousEventId":"aaak6o0or8hw8hx","previousOperationId":"t4klvkpbw6pvq4v","operationId":"t4klvkpbw6pvq4v","timestamp":1701086276676,"id":"gn2daflhl8izflp"}
