{"type":"operationStart","subtype":"profile","data":{"_id":"dh0Z7SHuLa7pbkvy","timestamp":"2023-11-27T11:38:35.887Z","state":"queued","mode":"standard","creationDate":"2023-11-27T11:38:35.889Z","modificationDate":"2023-11-27T11:38:35.889Z","shortid":"_r9UdIc","$entitySet":"profiles"},"doDiffs":false,"timestamp":1701085115888,"id":"p9z9k4yj48qeig4","previousOperationId":null,"operationId":"lijhj19mla05bwm"}
{"type":"log","level":"info","message":"Render request 87 queued for execution and waiting for available worker","previousOperationId":"lijhj19mla05bwm","timestamp":1701085115888,"id":"8ixbv7xjej3of96"}
{"type":"operationStart","subtype":"render","name":"sporazum_pravno","previousOperationId":"lijhj19mla05bwm","timestamp":1701085115899,"id":"dqgfxbj0h71rhc3","previousEventId":"p9z9k4yj48qeig4","operationId":"5pbw3zzmdhqranx"}
{"type":"log","timestamp":1701085115900,"level":"info","message":"Starting rendering request 87","meta":{"rootId":"5yfcd9fdw66ds68","id":"5yfcd9fdw66ds68"},"id":"0sdkycx9iesges7","previousOperationId":"5pbw3zzmdhqranx"}
{"type":"log","timestamp":1701085115900,"level":"info","message":"Rendering template { name: sporazum_pravno, recipe: chrome-pdf, engine: handlebars, preview: true }","meta":{"rootId":"5yfcd9fdw66ds68","id":"5yfcd9fdw66ds68"},"id":"m7lcxwaoa09ofuf","previousOperationId":"5pbw3zzmdhqranx"}
{"type":"log","timestamp":1701085115900,"level":"debug","message":"Inline data specified.","meta":{"rootId":"5yfcd9fdw66ds68","id":"5yfcd9fdw66ds68"},"id":"47bz2but3finzkc","previousOperationId":"5pbw3zzmdhqranx"}
{"type":"log","timestamp":1701085115901,"level":"debug","message":"Base url not specified, skipping its injection.","meta":{"rootId":"5yfcd9fdw66ds68","id":"5yfcd9fdw66ds68"},"id":"axwktyh2sv5rzay","previousOperationId":"5pbw3zzmdhqranx"}
{"type":"operationStart","subtype":"engine","name":"handlebars","timestamp":1701085115902,"id":"tb6oz0oj91xkv1n","previousEventId":"dqgfxbj0h71rhc3","operationId":"ptw3w36klnfjozg","previousOperationId":"5pbw3zzmdhqranx"}
{"type":"log","timestamp":1701085115902,"level":"debug","message":"Rendering engine handlebars","meta":{"rootId":"5yfcd9fdw66ds68","id":"5yfcd9fdw66ds68"},"id":"hi66eb4wf30vjmp","previousOperationId":"ptw3w36klnfjozg"}
{"type":"operationEnd","operationId":"ptw3w36klnfjozg","timestamp":1701085115916,"id":"c4zxwdwpbwcfigq","previousEventId":"tb6oz0oj91xkv1n","previousOperationId":"ptw3w36klnfjozg"}
{"type":"operationStart","subtype":"recipe","name":"chrome-pdf","timestamp":1701085115917,"id":"7yiwhdra45uwink","previousEventId":"c4zxwdwpbwcfigq","operationId":"r3fotz9nuk79d55","previousOperationId":"ptw3w36klnfjozg"}
{"type":"log","timestamp":1701085115917,"level":"debug","message":"Executing recipe chrome-pdf","meta":{"rootId":"5yfcd9fdw66ds68","id":"5yfcd9fdw66ds68"},"id":"zwuvay7epssxp1x","previousOperationId":"r3fotz9nuk79d55"}
{"type":"log","timestamp":1701085115918,"level":"debug","message":"Converting with chrome HeadlessChrome/117.0.5938.149 using chrome-pool strategy","meta":{"rootId":"5yfcd9fdw66ds68","id":"5yfcd9fdw66ds68"},"id":"jaf0xp1u7fyiqev","previousOperationId":"r3fotz9nuk79d55"}
{"type":"log","timestamp":1701085115972,"level":"debug","message":"Page request: GET (document) file:///var/folders/dp/qk79pfcj0y1fmtkkl08m76rc0000gn/T/jsreport/autocleanup/2a0f7743-013f-4789-af4c-2bf154dfb916-chrome-pdf.html","meta":{"rootId":"5yfcd9fdw66ds68","id":"5yfcd9fdw66ds68"},"id":"krrgfjf4jch80x1","previousOperationId":"r3fotz9nuk79d55"}
{"type":"log","timestamp":1701085115984,"level":"debug","message":"Page request finished: GET (document) 200 file:///var/folders/dp/qk79pfcj0y1fmtkkl08m76rc0000gn/T/jsreport/autocleanup/2a0f7743-013f-4789-af4c-2bf154dfb916-chrome-pdf.html","meta":{"rootId":"5yfcd9fdw66ds68","id":"5yfcd9fdw66ds68"},"id":"7rhmds110fybdur","previousOperationId":"r3fotz9nuk79d55"}
{"type":"log","timestamp":1701085115996,"level":"debug","message":"Running chrome with params {\"printBackground\":true,\"format\":\"a4\",\"marginTop\":\"2cm\",\"marginBottom\":\"2cm\",\"timeout\":59970,\"margin\":{\"top\":\"2cm\",\"bottom\":\"2cm\"}}","meta":{"rootId":"5yfcd9fdw66ds68","id":"5yfcd9fdw66ds68"},"id":"pnwovo880c0xz62","previousOperationId":"r3fotz9nuk79d55"}
{"type":"operationEnd","operationId":"r3fotz9nuk79d55","timestamp":1701085116026,"id":"qrw8dxd08m7pxq3","previousEventId":"7yiwhdra45uwink","previousOperationId":"r3fotz9nuk79d55"}
{"type":"log","timestamp":1701085116026,"level":"info","message":"pdf-utils is starting pdf processing","meta":{"rootId":"5yfcd9fdw66ds68","id":"5yfcd9fdw66ds68"},"id":"vn6pvqis37e9nv2","previousOperationId":"r3fotz9nuk79d55"}
{"type":"operationStart","subtype":"pdfUtils","name":"pdf utils","timestamp":1701085116026,"id":"q78rutn1rzu6cyz","previousEventId":"qrw8dxd08m7pxq3","operationId":"6lqmbns8odjszax","previousOperationId":"r3fotz9nuk79d55"}
{"type":"log","timestamp":1701085116026,"level":"debug","message":"pdf-utils detected 1 pdf operation(s) to process","meta":{"rootId":"5yfcd9fdw66ds68","id":"5yfcd9fdw66ds68"},"id":"1hk58pezrmel9fd","previousOperationId":"6lqmbns8odjszax"}
{"type":"log","timestamp":1701085116050,"level":"debug","message":"pdf-utils running pdf operation merge","meta":{"rootId":"5yfcd9fdw66ds68","id":"5yfcd9fdw66ds68"},"id":"k8ip0y9tiaavr10","previousOperationId":"6lqmbns8odjszax"}
{"type":"operationStart","subtype":"pdfUtilsMerge","name":"pdf utils merge","previousOperationId":"6lqmbns8odjszax","timestamp":1701085116050,"id":"yiclf26ut6d5j13","previousEventId":"q78rutn1rzu6cyz","operationId":"iz4w1gthetlrsxk"}
{"type":"operationStart","subtype":"render","name":"header-footer","previousOperationId":"iz4w1gthetlrsxk","timestamp":1701085116051,"id":"4byr05z8noboeg3","previousEventId":"yiclf26ut6d5j13","operationId":"xrenzjt0tx8hn6u"}
{"type":"log","timestamp":1701085116051,"level":"info","message":"Starting rendering (child) request","meta":{"rootId":"5yfcd9fdw66ds68","id":"jat4qe5ic4k8q9o"},"id":"xv6jnp9rpnb0681","previousOperationId":"xrenzjt0tx8hn6u"}
{"type":"log","timestamp":1701085116051,"level":"info","message":"Rendering template { name: header-footer, recipe: chrome-pdf, engine: handlebars, preview: true }","meta":{"rootId":"5yfcd9fdw66ds68","id":"jat4qe5ic4k8q9o"},"id":"o0b5ggmvhpmohoq","previousOperationId":"xrenzjt0tx8hn6u"}
{"type":"log","timestamp":1701085116051,"level":"debug","message":"Inline data specified.","meta":{"rootId":"5yfcd9fdw66ds68","id":"jat4qe5ic4k8q9o"},"id":"i5ftwstvmv1x7r6","previousOperationId":"xrenzjt0tx8hn6u"}
{"type":"log","timestamp":1701085116051,"level":"debug","message":"Base url not specified, skipping its injection.","meta":{"rootId":"5yfcd9fdw66ds68","id":"jat4qe5ic4k8q9o"},"id":"jp06l89jjpzcn2g","previousOperationId":"xrenzjt0tx8hn6u"}
{"type":"operationStart","subtype":"engine","name":"handlebars","timestamp":1701085116051,"id":"jibe3zlteoe0d6a","previousEventId":"4byr05z8noboeg3","operationId":"i7apab9u7a1xmdy","previousOperationId":"xrenzjt0tx8hn6u"}
{"type":"log","timestamp":1701085116051,"level":"debug","message":"Rendering engine handlebars","meta":{"rootId":"5yfcd9fdw66ds68","id":"jat4qe5ic4k8q9o"},"id":"jldpojeolrng8dx","previousOperationId":"i7apab9u7a1xmdy"}
{"type":"operationEnd","operationId":"i7apab9u7a1xmdy","timestamp":1701085116054,"id":"0v855ms8i3mbaoe","previousEventId":"jibe3zlteoe0d6a","previousOperationId":"i7apab9u7a1xmdy"}
{"type":"operationStart","subtype":"recipe","name":"chrome-pdf","timestamp":1701085116054,"id":"5oshjo58pc60n7a","previousEventId":"0v855ms8i3mbaoe","operationId":"cgxn3ctey6sr6bg","previousOperationId":"i7apab9u7a1xmdy"}
{"type":"log","timestamp":1701085116054,"level":"debug","message":"Executing recipe chrome-pdf","meta":{"rootId":"5yfcd9fdw66ds68","id":"jat4qe5ic4k8q9o"},"id":"b2fti1za8yh8q15","previousOperationId":"cgxn3ctey6sr6bg"}
{"type":"log","timestamp":1701085116055,"level":"debug","message":"Converting with chrome HeadlessChrome/117.0.5938.149 using chrome-pool strategy","meta":{"rootId":"5yfcd9fdw66ds68","id":"jat4qe5ic4k8q9o"},"id":"co4bpdgxz8ldmeg","previousOperationId":"cgxn3ctey6sr6bg"}
{"type":"log","timestamp":1701085116092,"level":"debug","message":"Page request: GET (document) file:///var/folders/dp/qk79pfcj0y1fmtkkl08m76rc0000gn/T/jsreport/autocleanup/3b931ab9-b564-42da-8f2b-39417afce2da-chrome-pdf.html","meta":{"rootId":"5yfcd9fdw66ds68","id":"jat4qe5ic4k8q9o"},"id":"2lgc1cw7mup4gfx","previousOperationId":"cgxn3ctey6sr6bg"}
{"type":"log","timestamp":1701085116097,"level":"debug","message":"Page request finished: GET (document) 200 file:///var/folders/dp/qk79pfcj0y1fmtkkl08m76rc0000gn/T/jsreport/autocleanup/3b931ab9-b564-42da-8f2b-39417afce2da-chrome-pdf.html","meta":{"rootId":"5yfcd9fdw66ds68","id":"jat4qe5ic4k8q9o"},"id":"e32hx52aaa26ryq","previousOperationId":"cgxn3ctey6sr6bg"}
{"type":"log","timestamp":1701085116104,"level":"debug","message":"Running chrome with params {\"timeout\":59832,\"margin\":{},\"printBackground\":true}","meta":{"rootId":"5yfcd9fdw66ds68","id":"jat4qe5ic4k8q9o"},"id":"zzznsz9oj6pye93","previousOperationId":"cgxn3ctey6sr6bg"}
{"type":"operationEnd","operationId":"cgxn3ctey6sr6bg","timestamp":1701085116110,"id":"w969sozsg3hw1ny","previousEventId":"5oshjo58pc60n7a","previousOperationId":"cgxn3ctey6sr6bg"}
{"type":"log","timestamp":1701085116110,"level":"debug","message":"Skipping storing report.","meta":{"rootId":"5yfcd9fdw66ds68","id":"jat4qe5ic4k8q9o"},"id":"oit2ggc05d51p97","previousOperationId":"cgxn3ctey6sr6bg"}
{"type":"log","timestamp":1701085116110,"level":"info","message":"Rendering (child) request finished in 223 ms","meta":{"rootId":"5yfcd9fdw66ds68","id":"jat4qe5ic4k8q9o"},"id":"75rx9fgsj4vi6xj","previousOperationId":"cgxn3ctey6sr6bg"}
{"type":"operationEnd","subtype":"render","operationId":"xrenzjt0tx8hn6u","timestamp":1701085116110,"id":"k63qz4nws387qrj","previousEventId":"w969sozsg3hw1ny","previousOperationId":"cgxn3ctey6sr6bg"}
{"type":"operationEnd","operationId":"iz4w1gthetlrsxk","timestamp":1701085116115,"id":"r1gbvzmnphillgx","previousEventId":"yiclf26ut6d5j13","previousOperationId":"iz4w1gthetlrsxk"}
{"type":"log","timestamp":1701085116115,"level":"debug","message":"pdf-utils postproces start","meta":{"rootId":"5yfcd9fdw66ds68","id":"5yfcd9fdw66ds68"},"id":"qss9hricg53exrb","previousOperationId":"iz4w1gthetlrsxk"}
{"type":"log","timestamp":1701085116121,"level":"debug","message":"pdf-utils postproces end","meta":{"rootId":"5yfcd9fdw66ds68","id":"5yfcd9fdw66ds68"},"id":"l45iavbcng3zwun","previousOperationId":"iz4w1gthetlrsxk"}
{"type":"operationEnd","operationId":"6lqmbns8odjszax","timestamp":1701085116121,"id":"3icd4eb8umzudcu","previousEventId":"r1gbvzmnphillgx","previousOperationId":"iz4w1gthetlrsxk"}
{"type":"log","timestamp":1701085116121,"level":"info","message":"pdf-utils pdf processing was finished","meta":{"rootId":"5yfcd9fdw66ds68","id":"5yfcd9fdw66ds68"},"id":"oms6d3ov1lgx3n6","previousOperationId":"6lqmbns8odjszax"}
{"type":"log","timestamp":1701085116121,"level":"debug","message":"Skipping storing report.","meta":{"rootId":"5yfcd9fdw66ds68","id":"5yfcd9fdw66ds68"},"id":"9yz4v79drgn32zz","previousOperationId":"6lqmbns8odjszax"}
{"type":"log","timestamp":1701085116121,"level":"info","message":"Rendering request 87 finished in 234 ms","meta":{"rootId":"5yfcd9fdw66ds68","id":"5yfcd9fdw66ds68"},"id":"h3scyufwzifeyg6","previousOperationId":"6lqmbns8odjszax"}
{"type":"operationEnd","subtype":"render","operationId":"5pbw3zzmdhqranx","timestamp":1701085116121,"id":"oj03xxyesqaqp6u","previousEventId":"3icd4eb8umzudcu","previousOperationId":"6lqmbns8odjszax"}
{"type":"operationEnd","doDiffs":false,"previousEventId":"p9z9k4yj48qeig4","previousOperationId":"lijhj19mla05bwm","operationId":"lijhj19mla05bwm","timestamp":1701085116123,"id":"scc46ft86von49q"}
