{"type":"operationStart","subtype":"profile","data":{"_id":"86UhhNqZJhksbZAq","timestamp":"2023-11-27T11:49:28.093Z","state":"queued","mode":"standard","creationDate":"2023-11-27T11:49:28.096Z","modificationDate":"2023-11-27T11:49:28.096Z","shortid":"IAAIWrk","$entitySet":"profiles"},"doDiffs":false,"timestamp":1701085768094,"id":"51cf104ui1v8785","previousOperationId":null,"operationId":"6uot6tau5a9vvvg"}
{"type":"log","level":"info","message":"Render request 96 queued for execution and waiting for available worker","previousOperationId":"6uot6tau5a9vvvg","timestamp":1701085768095,"id":"gjzamundkurbm1d"}
{"type":"operationStart","subtype":"render","name":"sporazum_pravno","previousOperationId":"6uot6tau5a9vvvg","timestamp":1701085768107,"id":"ied2xqgz7043nir","previousEventId":"51cf104ui1v8785","operationId":"p2dz44p4i5v8lpx"}
{"type":"log","timestamp":1701085768107,"level":"info","message":"Starting rendering request 96","meta":{"rootId":"7h0htpswumx49ie","id":"7h0htpswumx49ie"},"id":"juq1vyfzw9qz0mm","previousOperationId":"p2dz44p4i5v8lpx"}
{"type":"log","timestamp":1701085768107,"level":"info","message":"Rendering template { name: sporazum_pravno, recipe: chrome-pdf, engine: handlebars, preview: true }","meta":{"rootId":"7h0htpswumx49ie","id":"7h0htpswumx49ie"},"id":"bbc11eqaf6gk1sx","previousOperationId":"p2dz44p4i5v8lpx"}
{"type":"log","timestamp":1701085768108,"level":"debug","message":"Inline data specified.","meta":{"rootId":"7h0htpswumx49ie","id":"7h0htpswumx49ie"},"id":"jxapq7cp6vlvsrd","previousOperationId":"p2dz44p4i5v8lpx"}
{"type":"log","timestamp":1701085768109,"level":"debug","message":"Base url not specified, skipping its injection.","meta":{"rootId":"7h0htpswumx49ie","id":"7h0htpswumx49ie"},"id":"o851ag2ul3wzexs","previousOperationId":"p2dz44p4i5v8lpx"}
{"type":"operationStart","subtype":"engine","name":"handlebars","timestamp":1701085768110,"id":"75a1ppl83z6ue6r","previousEventId":"ied2xqgz7043nir","operationId":"78y32e4ucmprokb","previousOperationId":"p2dz44p4i5v8lpx"}
{"type":"log","timestamp":1701085768110,"level":"debug","message":"Rendering engine handlebars","meta":{"rootId":"7h0htpswumx49ie","id":"7h0htpswumx49ie"},"id":"hdcd965mts5stvv","previousOperationId":"78y32e4ucmprokb"}
{"type":"operationEnd","operationId":"78y32e4ucmprokb","timestamp":1701085768123,"id":"cp4o011tvghjtyj","previousEventId":"75a1ppl83z6ue6r","previousOperationId":"78y32e4ucmprokb"}
{"type":"operationStart","subtype":"recipe","name":"chrome-pdf","timestamp":1701085768123,"id":"5i5excj9dnbtqvu","previousEventId":"cp4o011tvghjtyj","operationId":"x0focp2llj9nlan","previousOperationId":"78y32e4ucmprokb"}
{"type":"log","timestamp":1701085768123,"level":"debug","message":"Executing recipe chrome-pdf","meta":{"rootId":"7h0htpswumx49ie","id":"7h0htpswumx49ie"},"id":"gzyhxlhon2h1c79","previousOperationId":"x0focp2llj9nlan"}
{"type":"log","timestamp":1701085768127,"level":"debug","message":"Converting with chrome HeadlessChrome/117.0.5938.149 using chrome-pool strategy","meta":{"rootId":"7h0htpswumx49ie","id":"7h0htpswumx49ie"},"id":"xjwith0zqy8yo7z","previousOperationId":"x0focp2llj9nlan"}
{"type":"log","timestamp":1701085768177,"level":"debug","message":"Page request: GET (document) file:///var/folders/dp/qk79pfcj0y1fmtkkl08m76rc0000gn/T/jsreport/autocleanup/40e6d42e-c25f-400d-a0a9-9b9be66065ac-chrome-pdf.html","meta":{"rootId":"7h0htpswumx49ie","id":"7h0htpswumx49ie"},"id":"ucc1dfdlck84xpz","previousOperationId":"x0focp2llj9nlan"}
{"type":"log","timestamp":1701085768182,"level":"debug","message":"Page request finished: GET (document) 200 file:///var/folders/dp/qk79pfcj0y1fmtkkl08m76rc0000gn/T/jsreport/autocleanup/40e6d42e-c25f-400d-a0a9-9b9be66065ac-chrome-pdf.html","meta":{"rootId":"7h0htpswumx49ie","id":"7h0htpswumx49ie"},"id":"xacrqtpva6do1y8","previousOperationId":"x0focp2llj9nlan"}
{"type":"log","timestamp":1701085768191,"level":"debug","message":"Running chrome with params {\"printBackground\":true,\"format\":\"a4\",\"marginTop\":\"2cm\",\"marginBottom\":\"2cm\",\"timeout\":59967,\"margin\":{\"top\":\"2cm\",\"bottom\":\"2cm\"}}","meta":{"rootId":"7h0htpswumx49ie","id":"7h0htpswumx49ie"},"id":"d3z60ytpvtea8mf","previousOperationId":"x0focp2llj9nlan"}
{"type":"operationEnd","operationId":"x0focp2llj9nlan","timestamp":1701085768218,"id":"rjz0qqe3dztn1r4","previousEventId":"5i5excj9dnbtqvu","previousOperationId":"x0focp2llj9nlan"}
{"type":"log","timestamp":1701085768218,"level":"info","message":"pdf-utils is starting pdf processing","meta":{"rootId":"7h0htpswumx49ie","id":"7h0htpswumx49ie"},"id":"yyj7zqr9py99phu","previousOperationId":"x0focp2llj9nlan"}
{"type":"operationStart","subtype":"pdfUtils","name":"pdf utils","timestamp":1701085768218,"id":"21rz2xh749kt9xc","previousEventId":"rjz0qqe3dztn1r4","operationId":"fs950tsw8yfzkk9","previousOperationId":"x0focp2llj9nlan"}
{"type":"log","timestamp":1701085768218,"level":"debug","message":"pdf-utils detected 1 pdf operation(s) to process","meta":{"rootId":"7h0htpswumx49ie","id":"7h0htpswumx49ie"},"id":"7s1dlrvwtnw4lrg","previousOperationId":"fs950tsw8yfzkk9"}
{"type":"log","timestamp":1701085768238,"level":"debug","message":"pdf-utils running pdf operation merge","meta":{"rootId":"7h0htpswumx49ie","id":"7h0htpswumx49ie"},"id":"09eer8b9n3avn5c","previousOperationId":"fs950tsw8yfzkk9"}
{"type":"operationStart","subtype":"pdfUtilsMerge","name":"pdf utils merge","previousOperationId":"fs950tsw8yfzkk9","timestamp":1701085768238,"id":"p1lavsdny4i1sh2","previousEventId":"21rz2xh749kt9xc","operationId":"xy1vxs51hp1ag7z"}
{"type":"operationStart","subtype":"render","name":"header-footer","previousOperationId":"xy1vxs51hp1ag7z","timestamp":1701085768239,"id":"to26sltnvwe12ib","previousEventId":"p1lavsdny4i1sh2","operationId":"spj0qxckz82zz17"}
{"type":"log","timestamp":1701085768239,"level":"info","message":"Starting rendering (child) request","meta":{"rootId":"7h0htpswumx49ie","id":"cs10r510s38kcgi"},"id":"wfwh3le68b1dqjo","previousOperationId":"spj0qxckz82zz17"}
{"type":"log","timestamp":1701085768239,"level":"info","message":"Rendering template { name: header-footer, recipe: chrome-pdf, engine: handlebars, preview: true }","meta":{"rootId":"7h0htpswumx49ie","id":"cs10r510s38kcgi"},"id":"a0oq8qlofalcb9u","previousOperationId":"spj0qxckz82zz17"}
{"type":"log","timestamp":1701085768240,"level":"debug","message":"Inline data specified.","meta":{"rootId":"7h0htpswumx49ie","id":"cs10r510s38kcgi"},"id":"8aa202xzy9yrivn","previousOperationId":"spj0qxckz82zz17"}
{"type":"log","timestamp":1701085768241,"level":"debug","message":"Base url not specified, skipping its injection.","meta":{"rootId":"7h0htpswumx49ie","id":"cs10r510s38kcgi"},"id":"ji3ienp5ul9ht4o","previousOperationId":"spj0qxckz82zz17"}
{"type":"operationStart","subtype":"engine","name":"handlebars","timestamp":1701085768241,"id":"55sg19h24mnw4bt","previousEventId":"to26sltnvwe12ib","operationId":"vswognqc7dj5d18","previousOperationId":"spj0qxckz82zz17"}
{"type":"log","timestamp":1701085768241,"level":"debug","message":"Rendering engine handlebars","meta":{"rootId":"7h0htpswumx49ie","id":"cs10r510s38kcgi"},"id":"cc0xp68jf3zzfmu","previousOperationId":"vswognqc7dj5d18"}
{"type":"operationEnd","operationId":"vswognqc7dj5d18","timestamp":1701085768244,"id":"rlkqz6jnl0dac4d","previousEventId":"55sg19h24mnw4bt","previousOperationId":"vswognqc7dj5d18"}
{"type":"operationStart","subtype":"recipe","name":"chrome-pdf","timestamp":1701085768244,"id":"r56h8s3fxb88kuo","previousEventId":"rlkqz6jnl0dac4d","operationId":"x144f3vphb314ur","previousOperationId":"vswognqc7dj5d18"}
{"type":"log","timestamp":1701085768244,"level":"debug","message":"Executing recipe chrome-pdf","meta":{"rootId":"7h0htpswumx49ie","id":"cs10r510s38kcgi"},"id":"k3zxy1v99fartsv","previousOperationId":"x144f3vphb314ur"}
{"type":"log","timestamp":1701085768244,"level":"debug","message":"Converting with chrome HeadlessChrome/117.0.5938.149 using chrome-pool strategy","meta":{"rootId":"7h0htpswumx49ie","id":"cs10r510s38kcgi"},"id":"xc0mf5293zvqafx","previousOperationId":"x144f3vphb314ur"}
{"type":"log","timestamp":1701085768280,"level":"debug","message":"Page request: GET (document) file:///var/folders/dp/qk79pfcj0y1fmtkkl08m76rc0000gn/T/jsreport/autocleanup/0ab916ac-1688-404f-808f-944de90aa10d-chrome-pdf.html","meta":{"rootId":"7h0htpswumx49ie","id":"cs10r510s38kcgi"},"id":"e3d09nxt21imv8o","previousOperationId":"x144f3vphb314ur"}
{"type":"log","timestamp":1701085768285,"level":"debug","message":"Page request finished: GET (document) 200 file:///var/folders/dp/qk79pfcj0y1fmtkkl08m76rc0000gn/T/jsreport/autocleanup/0ab916ac-1688-404f-808f-944de90aa10d-chrome-pdf.html","meta":{"rootId":"7h0htpswumx49ie","id":"cs10r510s38kcgi"},"id":"xek03vwcs976rna","previousOperationId":"x144f3vphb314ur"}
{"type":"log","timestamp":1701085768292,"level":"debug","message":"Running chrome with params {\"timeout\":59849,\"margin\":{},\"printBackground\":true}","meta":{"rootId":"7h0htpswumx49ie","id":"cs10r510s38kcgi"},"id":"gx3zo0ecxx6dnv3","previousOperationId":"x144f3vphb314ur"}
{"type":"operationEnd","operationId":"x144f3vphb314ur","timestamp":1701085768298,"id":"tckvxjzzo6twzo0","previousEventId":"r56h8s3fxb88kuo","previousOperationId":"x144f3vphb314ur"}
{"type":"log","timestamp":1701085768298,"level":"debug","message":"Skipping storing report.","meta":{"rootId":"7h0htpswumx49ie","id":"cs10r510s38kcgi"},"id":"2urhgnistvp7hig","previousOperationId":"x144f3vphb314ur"}
{"type":"log","timestamp":1701085768298,"level":"info","message":"Rendering (child) request finished in 205 ms","meta":{"rootId":"7h0htpswumx49ie","id":"cs10r510s38kcgi"},"id":"c7g7j015496zvs3","previousOperationId":"x144f3vphb314ur"}
{"type":"operationEnd","subtype":"render","operationId":"spj0qxckz82zz17","timestamp":1701085768298,"id":"rp5kfbtmgwp7lk3","previousEventId":"tckvxjzzo6twzo0","previousOperationId":"x144f3vphb314ur"}
{"type":"operationEnd","operationId":"xy1vxs51hp1ag7z","timestamp":1701085768302,"id":"s5kodmoizqtlev1","previousEventId":"p1lavsdny4i1sh2","previousOperationId":"xy1vxs51hp1ag7z"}
{"type":"log","timestamp":1701085768302,"level":"debug","message":"pdf-utils postproces start","meta":{"rootId":"7h0htpswumx49ie","id":"7h0htpswumx49ie"},"id":"nonh94t3bep8f41","previousOperationId":"xy1vxs51hp1ag7z"}
{"type":"log","timestamp":1701085768310,"level":"debug","message":"pdf-utils postproces end","meta":{"rootId":"7h0htpswumx49ie","id":"7h0htpswumx49ie"},"id":"5vckmr76jghb9aj","previousOperationId":"xy1vxs51hp1ag7z"}
{"type":"operationEnd","operationId":"fs950tsw8yfzkk9","timestamp":1701085768310,"id":"kaoskubc0ypxolh","previousEventId":"s5kodmoizqtlev1","previousOperationId":"xy1vxs51hp1ag7z"}
{"type":"log","timestamp":1701085768310,"level":"info","message":"pdf-utils pdf processing was finished","meta":{"rootId":"7h0htpswumx49ie","id":"7h0htpswumx49ie"},"id":"5ih8xtx72h0qm6u","previousOperationId":"fs950tsw8yfzkk9"}
{"type":"log","timestamp":1701085768310,"level":"debug","message":"Skipping storing report.","meta":{"rootId":"7h0htpswumx49ie","id":"7h0htpswumx49ie"},"id":"dqon8w6upm7eea6","previousOperationId":"fs950tsw8yfzkk9"}
{"type":"log","timestamp":1701085768310,"level":"info","message":"Rendering request 96 finished in 217 ms","meta":{"rootId":"7h0htpswumx49ie","id":"7h0htpswumx49ie"},"id":"jgnedap9hc8sr70","previousOperationId":"fs950tsw8yfzkk9"}
{"type":"operationEnd","subtype":"render","operationId":"p2dz44p4i5v8lpx","timestamp":1701085768310,"id":"28vxpeusmnj7wrw","previousEventId":"kaoskubc0ypxolh","previousOperationId":"fs950tsw8yfzkk9"}
{"type":"operationEnd","doDiffs":false,"previousEventId":"51cf104ui1v8785","previousOperationId":"6uot6tau5a9vvvg","operationId":"6uot6tau5a9vvvg","timestamp":1701085768312,"id":"j2tzost08s83nzj"}
