{"type":"operationStart","subtype":"profile","data":{"_id":"Vu3ZiCvK1sOpKPH3","timestamp":"2023-11-27T11:58:32.059Z","state":"queued","mode":"standard","creationDate":"2023-11-27T11:58:32.061Z","modificationDate":"2023-11-27T11:58:32.061Z","shortid":"OaltuJn","$entitySet":"profiles"},"doDiffs":false,"timestamp":1701086312060,"id":"kj2mknj6tpdi6tg","previousOperationId":null,"operationId":"8sw2ah87rl1aa6w"}
{"type":"log","level":"info","message":"Render request 101 queued for execution and waiting for available worker","previousOperationId":"8sw2ah87rl1aa6w","timestamp":1701086312060,"id":"19x68mhfqby1np7"}
{"type":"operationStart","subtype":"render","name":"sporazum_pravno","previousOperationId":"8sw2ah87rl1aa6w","timestamp":1701086312070,"id":"pe00k5wodieoq87","previousEventId":"kj2mknj6tpdi6tg","operationId":"zemyw4f1aitd79a"}
{"type":"log","timestamp":1701086312070,"level":"info","message":"Starting rendering request 101","meta":{"rootId":"b51z717zxk4e2e4","id":"b51z717zxk4e2e4"},"id":"b45yjyuh94jwxtu","previousOperationId":"zemyw4f1aitd79a"}
{"type":"log","timestamp":1701086312070,"level":"info","message":"Rendering template { name: sporazum_pravno, recipe: chrome-pdf, engine: handlebars, preview: true }","meta":{"rootId":"b51z717zxk4e2e4","id":"b51z717zxk4e2e4"},"id":"iytq7qcaxvmy025","previousOperationId":"zemyw4f1aitd79a"}
{"type":"log","timestamp":1701086312071,"level":"debug","message":"Inline data specified.","meta":{"rootId":"b51z717zxk4e2e4","id":"b51z717zxk4e2e4"},"id":"vh0c79v9vx9sqwl","previousOperationId":"zemyw4f1aitd79a"}
{"type":"log","timestamp":1701086312073,"level":"debug","message":"Base url not specified, skipping its injection.","meta":{"rootId":"b51z717zxk4e2e4","id":"b51z717zxk4e2e4"},"id":"5btvytcgyvn1pwj","previousOperationId":"zemyw4f1aitd79a"}
{"type":"operationStart","subtype":"engine","name":"handlebars","timestamp":1701086312073,"id":"mncf6apoixo8801","previousEventId":"pe00k5wodieoq87","operationId":"slo3cnkg4b32i3r","previousOperationId":"zemyw4f1aitd79a"}
{"type":"log","timestamp":1701086312073,"level":"debug","message":"Rendering engine handlebars","meta":{"rootId":"b51z717zxk4e2e4","id":"b51z717zxk4e2e4"},"id":"4nadx0nah23m576","previousOperationId":"slo3cnkg4b32i3r"}
{"type":"operationEnd","operationId":"slo3cnkg4b32i3r","timestamp":1701086312094,"id":"6c49nzl0m61hgf6","previousEventId":"mncf6apoixo8801","previousOperationId":"slo3cnkg4b32i3r"}
{"type":"operationStart","subtype":"recipe","name":"chrome-pdf","timestamp":1701086312094,"id":"32g4h6s5xf27nty","previousEventId":"6c49nzl0m61hgf6","operationId":"gijxlo8ji7mqli3","previousOperationId":"slo3cnkg4b32i3r"}
{"type":"log","timestamp":1701086312094,"level":"debug","message":"Executing recipe chrome-pdf","meta":{"rootId":"b51z717zxk4e2e4","id":"b51z717zxk4e2e4"},"id":"zuutjq8mnqajrt2","previousOperationId":"gijxlo8ji7mqli3"}
{"type":"log","timestamp":1701086312096,"level":"debug","message":"Converting with chrome HeadlessChrome/117.0.5938.149 using chrome-pool strategy","meta":{"rootId":"b51z717zxk4e2e4","id":"b51z717zxk4e2e4"},"id":"c982sv14fe2t9q5","previousOperationId":"gijxlo8ji7mqli3"}
{"type":"log","timestamp":1701086312152,"level":"debug","message":"Page request: GET (document) file:///var/folders/dp/qk79pfcj0y1fmtkkl08m76rc0000gn/T/jsreport/autocleanup/cab82d30-a304-4e5b-b238-482ba7e38034-chrome-pdf.html","meta":{"rootId":"b51z717zxk4e2e4","id":"b51z717zxk4e2e4"},"id":"9upmikdhz5fbc28","previousOperationId":"gijxlo8ji7mqli3"}
{"type":"log","timestamp":1701086312156,"level":"debug","message":"Page request finished: GET (document) 200 file:///var/folders/dp/qk79pfcj0y1fmtkkl08m76rc0000gn/T/jsreport/autocleanup/cab82d30-a304-4e5b-b238-482ba7e38034-chrome-pdf.html","meta":{"rootId":"b51z717zxk4e2e4","id":"b51z717zxk4e2e4"},"id":"jxx3uwg9j0h7gwn","previousOperationId":"gijxlo8ji7mqli3"}
{"type":"log","timestamp":1701086312167,"level":"debug","message":"Running chrome with params {\"printBackground\":true,\"format\":\"a4\",\"marginTop\":\"2cm\",\"marginBottom\":\"2cm\",\"timeout\":59963,\"margin\":{\"top\":\"2cm\",\"bottom\":\"2cm\"}}","meta":{"rootId":"b51z717zxk4e2e4","id":"b51z717zxk4e2e4"},"id":"m3avz1shcz13g15","previousOperationId":"gijxlo8ji7mqli3"}
{"type":"operationEnd","operationId":"gijxlo8ji7mqli3","timestamp":1701086312187,"id":"o0rtk77tibjm6s5","previousEventId":"32g4h6s5xf27nty","previousOperationId":"gijxlo8ji7mqli3"}
{"type":"log","timestamp":1701086312187,"level":"info","message":"pdf-utils is starting pdf processing","meta":{"rootId":"b51z717zxk4e2e4","id":"b51z717zxk4e2e4"},"id":"3lfs47ers4vidls","previousOperationId":"gijxlo8ji7mqli3"}
{"type":"operationStart","subtype":"pdfUtils","name":"pdf utils","timestamp":1701086312187,"id":"b2omupmurdb8n0a","previousEventId":"o0rtk77tibjm6s5","operationId":"x263mvvu7daytmn","previousOperationId":"gijxlo8ji7mqli3"}
{"type":"log","timestamp":1701086312187,"level":"debug","message":"pdf-utils detected 1 pdf operation(s) to process","meta":{"rootId":"b51z717zxk4e2e4","id":"b51z717zxk4e2e4"},"id":"82t42x729a16vsb","previousOperationId":"x263mvvu7daytmn"}
{"type":"log","timestamp":1701086312210,"level":"debug","message":"pdf-utils running pdf operation merge","meta":{"rootId":"b51z717zxk4e2e4","id":"b51z717zxk4e2e4"},"id":"uhdlrc52tm4wxkq","previousOperationId":"x263mvvu7daytmn"}
{"type":"operationStart","subtype":"pdfUtilsMerge","name":"pdf utils merge","previousOperationId":"x263mvvu7daytmn","timestamp":1701086312210,"id":"u3s35lid04vn8dl","previousEventId":"b2omupmurdb8n0a","operationId":"32kgen78izm51uf"}
{"type":"operationStart","subtype":"render","name":"header-footer","previousOperationId":"32kgen78izm51uf","timestamp":1701086312211,"id":"vko7oiqeb49eve4","previousEventId":"u3s35lid04vn8dl","operationId":"4yr706a082nope2"}
{"type":"log","timestamp":1701086312211,"level":"info","message":"Starting rendering (child) request","meta":{"rootId":"b51z717zxk4e2e4","id":"22wk3trmbvoch8t"},"id":"1o21b9pnf7k0g2y","previousOperationId":"4yr706a082nope2"}
{"type":"log","timestamp":1701086312211,"level":"info","message":"Rendering template { name: header-footer, recipe: chrome-pdf, engine: handlebars, preview: true }","meta":{"rootId":"b51z717zxk4e2e4","id":"22wk3trmbvoch8t"},"id":"56o5li9tgqqxy8b","previousOperationId":"4yr706a082nope2"}
{"type":"log","timestamp":1701086312211,"level":"debug","message":"Inline data specified.","meta":{"rootId":"b51z717zxk4e2e4","id":"22wk3trmbvoch8t"},"id":"jiv369zdpr406nk","previousOperationId":"4yr706a082nope2"}
{"type":"log","timestamp":1701086312212,"level":"debug","message":"Base url not specified, skipping its injection.","meta":{"rootId":"b51z717zxk4e2e4","id":"22wk3trmbvoch8t"},"id":"o85kw56k18idtew","previousOperationId":"4yr706a082nope2"}
{"type":"operationStart","subtype":"engine","name":"handlebars","timestamp":1701086312212,"id":"ue12i0phn9a4wcb","previousEventId":"vko7oiqeb49eve4","operationId":"3bytnbeskj1zw5g","previousOperationId":"4yr706a082nope2"}
{"type":"log","timestamp":1701086312212,"level":"debug","message":"Rendering engine handlebars","meta":{"rootId":"b51z717zxk4e2e4","id":"22wk3trmbvoch8t"},"id":"6ynhquiqsjfbmt3","previousOperationId":"3bytnbeskj1zw5g"}
{"type":"operationEnd","operationId":"3bytnbeskj1zw5g","timestamp":1701086312215,"id":"4dwxcsf8kepnsgi","previousEventId":"ue12i0phn9a4wcb","previousOperationId":"3bytnbeskj1zw5g"}
{"type":"operationStart","subtype":"recipe","name":"chrome-pdf","timestamp":1701086312215,"id":"1u3h0gccbu3uli5","previousEventId":"4dwxcsf8kepnsgi","operationId":"1nbkjzye748fk90","previousOperationId":"3bytnbeskj1zw5g"}
{"type":"log","timestamp":1701086312215,"level":"debug","message":"Executing recipe chrome-pdf","meta":{"rootId":"b51z717zxk4e2e4","id":"22wk3trmbvoch8t"},"id":"ysln25l8g4m8wnf","previousOperationId":"1nbkjzye748fk90"}
{"type":"log","timestamp":1701086312216,"level":"debug","message":"Converting with chrome HeadlessChrome/117.0.5938.149 using chrome-pool strategy","meta":{"rootId":"b51z717zxk4e2e4","id":"22wk3trmbvoch8t"},"id":"l37goa41hiqwgya","previousOperationId":"1nbkjzye748fk90"}
{"type":"log","timestamp":1701086312253,"level":"debug","message":"Page request: GET (document) file:///var/folders/dp/qk79pfcj0y1fmtkkl08m76rc0000gn/T/jsreport/autocleanup/40c038f6-2ed6-420e-86dc-a119ee5730f5-chrome-pdf.html","meta":{"rootId":"b51z717zxk4e2e4","id":"22wk3trmbvoch8t"},"id":"neuxi9xankq3uq1","previousOperationId":"1nbkjzye748fk90"}
{"type":"log","timestamp":1701086312258,"level":"debug","message":"Page request finished: GET (document) 200 file:///var/folders/dp/qk79pfcj0y1fmtkkl08m76rc0000gn/T/jsreport/autocleanup/40c038f6-2ed6-420e-86dc-a119ee5730f5-chrome-pdf.html","meta":{"rootId":"b51z717zxk4e2e4","id":"22wk3trmbvoch8t"},"id":"fi6ipc3lxswi9pg","previousOperationId":"1nbkjzye748fk90"}
{"type":"log","timestamp":1701086312266,"level":"debug","message":"Running chrome with params {\"timeout\":59842,\"margin\":{},\"printBackground\":true}","meta":{"rootId":"b51z717zxk4e2e4","id":"22wk3trmbvoch8t"},"id":"0z94j0ui5fotq05","previousOperationId":"1nbkjzye748fk90"}
{"type":"operationEnd","operationId":"1nbkjzye748fk90","timestamp":1701086312271,"id":"xg44g14uu3hw5fm","previousEventId":"1u3h0gccbu3uli5","previousOperationId":"1nbkjzye748fk90"}
{"type":"log","timestamp":1701086312271,"level":"debug","message":"Skipping storing report.","meta":{"rootId":"b51z717zxk4e2e4","id":"22wk3trmbvoch8t"},"id":"jpr5uam4ryfxhay","previousOperationId":"1nbkjzye748fk90"}
{"type":"log","timestamp":1701086312271,"level":"info","message":"Rendering (child) request finished in 213 ms","meta":{"rootId":"b51z717zxk4e2e4","id":"22wk3trmbvoch8t"},"id":"2hehxch265eulaj","previousOperationId":"1nbkjzye748fk90"}
{"type":"operationEnd","subtype":"render","operationId":"4yr706a082nope2","timestamp":1701086312271,"id":"efpvzs4k2v8afx1","previousEventId":"xg44g14uu3hw5fm","previousOperationId":"1nbkjzye748fk90"}
{"type":"operationEnd","operationId":"32kgen78izm51uf","timestamp":1701086312275,"id":"yreeov5he8jfkwk","previousEventId":"u3s35lid04vn8dl","previousOperationId":"32kgen78izm51uf"}
{"type":"log","timestamp":1701086312275,"level":"debug","message":"pdf-utils postproces start","meta":{"rootId":"b51z717zxk4e2e4","id":"b51z717zxk4e2e4"},"id":"tu2u10fzyd2hap5","previousOperationId":"32kgen78izm51uf"}
{"type":"log","timestamp":1701086312282,"level":"debug","message":"pdf-utils postproces end","meta":{"rootId":"b51z717zxk4e2e4","id":"b51z717zxk4e2e4"},"id":"d6yb0piluk4i2uz","previousOperationId":"32kgen78izm51uf"}
{"type":"operationEnd","operationId":"x263mvvu7daytmn","timestamp":1701086312282,"id":"f945mavaeyvhc37","previousEventId":"yreeov5he8jfkwk","previousOperationId":"32kgen78izm51uf"}
{"type":"log","timestamp":1701086312282,"level":"info","message":"pdf-utils pdf processing was finished","meta":{"rootId":"b51z717zxk4e2e4","id":"b51z717zxk4e2e4"},"id":"9zeh6iw5svhalgq","previousOperationId":"x263mvvu7daytmn"}
{"type":"log","timestamp":1701086312282,"level":"debug","message":"Skipping storing report.","meta":{"rootId":"b51z717zxk4e2e4","id":"b51z717zxk4e2e4"},"id":"fi9bcb8cgtginyq","previousOperationId":"x263mvvu7daytmn"}
{"type":"log","timestamp":1701086312282,"level":"info","message":"Rendering request 101 finished in 224 ms","meta":{"rootId":"b51z717zxk4e2e4","id":"b51z717zxk4e2e4"},"id":"dj7b8fj2ehfmuhc","previousOperationId":"x263mvvu7daytmn"}
{"type":"operationEnd","subtype":"render","operationId":"zemyw4f1aitd79a","timestamp":1701086312282,"id":"pvszhisvay1vt5t","previousEventId":"f945mavaeyvhc37","previousOperationId":"x263mvvu7daytmn"}
{"type":"operationEnd","doDiffs":false,"previousEventId":"kj2mknj6tpdi6tg","previousOperationId":"8sw2ah87rl1aa6w","operationId":"8sw2ah87rl1aa6w","timestamp":1701086312284,"id":"tdqupczxr82o04q"}
