{"type":"operationStart","subtype":"profile","data":{"_id":"MD7bS4HwSgMfMIDW","timestamp":"2023-11-27T11:42:26.461Z","state":"queued","mode":"standard","creationDate":"2023-11-27T11:42:26.463Z","modificationDate":"2023-11-27T11:42:26.463Z","shortid":"LSlzmYn","$entitySet":"profiles"},"doDiffs":false,"timestamp":1701085346462,"id":"r7icrjsk51ctbgh","previousOperationId":null,"operationId":"zl6etyagz049zki"}
{"type":"log","level":"info","message":"Render request 93 queued for execution and waiting for available worker","previousOperationId":"zl6etyagz049zki","timestamp":1701085346463,"id":"0t3tjb5csak37mj"}
{"type":"operationStart","subtype":"render","name":"sporazum_pravno","previousOperationId":"zl6etyagz049zki","timestamp":1701085346476,"id":"hicm3vdm55lj807","previousEventId":"r7icrjsk51ctbgh","operationId":"6atk9vp2iuu7yo2"}
{"type":"log","timestamp":1701085346476,"level":"info","message":"Starting rendering request 93","meta":{"rootId":"dltns8ntexl4kga","id":"dltns8ntexl4kga"},"id":"ssgei80kocvaknr","previousOperationId":"6atk9vp2iuu7yo2"}
{"type":"log","timestamp":1701085346476,"level":"info","message":"Rendering template { name: sporazum_pravno, recipe: chrome-pdf, engine: handlebars, preview: true }","meta":{"rootId":"dltns8ntexl4kga","id":"dltns8ntexl4kga"},"id":"r3zcoi3fpepx58j","previousOperationId":"6atk9vp2iuu7yo2"}
{"type":"log","timestamp":1701085346478,"level":"debug","message":"Inline data specified.","meta":{"rootId":"dltns8ntexl4kga","id":"dltns8ntexl4kga"},"id":"8b3n8ch86njav61","previousOperationId":"6atk9vp2iuu7yo2"}
{"type":"log","timestamp":1701085346479,"level":"debug","message":"Base url not specified, skipping its injection.","meta":{"rootId":"dltns8ntexl4kga","id":"dltns8ntexl4kga"},"id":"5n5camtm4k5two4","previousOperationId":"6atk9vp2iuu7yo2"}
{"type":"operationStart","subtype":"engine","name":"handlebars","timestamp":1701085346479,"id":"16s2ajszcveqyob","previousEventId":"hicm3vdm55lj807","operationId":"nwtln47rt9yt93t","previousOperationId":"6atk9vp2iuu7yo2"}
{"type":"log","timestamp":1701085346479,"level":"debug","message":"Rendering engine handlebars","meta":{"rootId":"dltns8ntexl4kga","id":"dltns8ntexl4kga"},"id":"vpj6l0pagp7avbe","previousOperationId":"nwtln47rt9yt93t"}
{"type":"operationEnd","operationId":"nwtln47rt9yt93t","timestamp":1701085346489,"id":"h38jffjvtv96wej","previousEventId":"16s2ajszcveqyob","previousOperationId":"nwtln47rt9yt93t"}
{"type":"operationStart","subtype":"recipe","name":"chrome-pdf","timestamp":1701085346489,"id":"sxtqul5lxqca8u6","previousEventId":"h38jffjvtv96wej","operationId":"qsxs82n4vwp2zej","previousOperationId":"nwtln47rt9yt93t"}
{"type":"log","timestamp":1701085346489,"level":"debug","message":"Executing recipe chrome-pdf","meta":{"rootId":"dltns8ntexl4kga","id":"dltns8ntexl4kga"},"id":"hcz1byyiw77p80f","previousOperationId":"qsxs82n4vwp2zej"}
{"type":"log","timestamp":1701085346490,"level":"debug","message":"Converting with chrome HeadlessChrome/117.0.5938.149 using chrome-pool strategy","meta":{"rootId":"dltns8ntexl4kga","id":"dltns8ntexl4kga"},"id":"g93q4lp3e7xp6pl","previousOperationId":"qsxs82n4vwp2zej"}
{"type":"log","timestamp":1701085346537,"level":"debug","message":"Page request: GET (document) file:///var/folders/dp/qk79pfcj0y1fmtkkl08m76rc0000gn/T/jsreport/autocleanup/ad969550-5269-42cb-802c-712e3fdb7f28-chrome-pdf.html","meta":{"rootId":"dltns8ntexl4kga","id":"dltns8ntexl4kga"},"id":"7mnaln6mpz3k8wo","previousOperationId":"qsxs82n4vwp2zej"}
{"type":"log","timestamp":1701085346542,"level":"debug","message":"Page request finished: GET (document) 200 file:///var/folders/dp/qk79pfcj0y1fmtkkl08m76rc0000gn/T/jsreport/autocleanup/ad969550-5269-42cb-802c-712e3fdb7f28-chrome-pdf.html","meta":{"rootId":"dltns8ntexl4kga","id":"dltns8ntexl4kga"},"id":"a9gn8xpcmqey1g0","previousOperationId":"qsxs82n4vwp2zej"}
{"type":"log","timestamp":1701085346553,"level":"debug","message":"Running chrome with params {\"printBackground\":true,\"format\":\"a4\",\"marginTop\":\"2cm\",\"marginBottom\":\"2cm\",\"timeout\":59971,\"margin\":{\"top\":\"2cm\",\"bottom\":\"2cm\"}}","meta":{"rootId":"dltns8ntexl4kga","id":"dltns8ntexl4kga"},"id":"xvsgnm0pg1lx1z1","previousOperationId":"qsxs82n4vwp2zej"}
{"type":"operationEnd","operationId":"qsxs82n4vwp2zej","timestamp":1701085346575,"id":"mlutb44hr7b1oav","previousEventId":"sxtqul5lxqca8u6","previousOperationId":"qsxs82n4vwp2zej"}
{"type":"log","timestamp":1701085346575,"level":"info","message":"pdf-utils is starting pdf processing","meta":{"rootId":"dltns8ntexl4kga","id":"dltns8ntexl4kga"},"id":"nw8ohbmltt7eomm","previousOperationId":"qsxs82n4vwp2zej"}
{"type":"operationStart","subtype":"pdfUtils","name":"pdf utils","timestamp":1701085346575,"id":"s221oe5twpgotwd","previousEventId":"mlutb44hr7b1oav","operationId":"de3amxq2thrsewa","previousOperationId":"qsxs82n4vwp2zej"}
{"type":"log","timestamp":1701085346575,"level":"debug","message":"pdf-utils detected 1 pdf operation(s) to process","meta":{"rootId":"dltns8ntexl4kga","id":"dltns8ntexl4kga"},"id":"mteisk1mn3t60w0","previousOperationId":"de3amxq2thrsewa"}
{"type":"log","timestamp":1701085346593,"level":"debug","message":"pdf-utils running pdf operation merge","meta":{"rootId":"dltns8ntexl4kga","id":"dltns8ntexl4kga"},"id":"vpsifua0e6df8no","previousOperationId":"de3amxq2thrsewa"}
{"type":"operationStart","subtype":"pdfUtilsMerge","name":"pdf utils merge","previousOperationId":"de3amxq2thrsewa","timestamp":1701085346593,"id":"kc8wq9k3pj2ein7","previousEventId":"s221oe5twpgotwd","operationId":"n95zl0z25d8oy8d"}
{"type":"operationStart","subtype":"render","name":"header-footer","previousOperationId":"n95zl0z25d8oy8d","timestamp":1701085346593,"id":"0ekbkefvpa2uqqa","previousEventId":"kc8wq9k3pj2ein7","operationId":"jofh3clqhhunbar"}
{"type":"log","timestamp":1701085346593,"level":"info","message":"Starting rendering (child) request","meta":{"rootId":"dltns8ntexl4kga","id":"r684l38q0jaf5ai"},"id":"5d1e4cpzn0yu6jz","previousOperationId":"jofh3clqhhunbar"}
{"type":"log","timestamp":1701085346593,"level":"info","message":"Rendering template { name: header-footer, recipe: chrome-pdf, engine: handlebars, preview: true }","meta":{"rootId":"dltns8ntexl4kga","id":"r684l38q0jaf5ai"},"id":"h136w6a0nu86vnk","previousOperationId":"jofh3clqhhunbar"}
{"type":"log","timestamp":1701085346595,"level":"debug","message":"Inline data specified.","meta":{"rootId":"dltns8ntexl4kga","id":"r684l38q0jaf5ai"},"id":"7r42aanbbct4yf8","previousOperationId":"jofh3clqhhunbar"}
{"type":"log","timestamp":1701085346596,"level":"debug","message":"Base url not specified, skipping its injection.","meta":{"rootId":"dltns8ntexl4kga","id":"r684l38q0jaf5ai"},"id":"ltg8urgck7hi9tv","previousOperationId":"jofh3clqhhunbar"}
{"type":"operationStart","subtype":"engine","name":"handlebars","timestamp":1701085346596,"id":"gyoydv54aosjsth","previousEventId":"0ekbkefvpa2uqqa","operationId":"rbwopbudnpbpys0","previousOperationId":"jofh3clqhhunbar"}
{"type":"log","timestamp":1701085346596,"level":"debug","message":"Rendering engine handlebars","meta":{"rootId":"dltns8ntexl4kga","id":"r684l38q0jaf5ai"},"id":"p43yuz7tf08kjx0","previousOperationId":"rbwopbudnpbpys0"}
{"type":"operationEnd","operationId":"rbwopbudnpbpys0","timestamp":1701085346600,"id":"5sqzntketxw6bw1","previousEventId":"gyoydv54aosjsth","previousOperationId":"rbwopbudnpbpys0"}
{"type":"operationStart","subtype":"recipe","name":"chrome-pdf","timestamp":1701085346600,"id":"s5o8fb3w9vq1lxi","previousEventId":"5sqzntketxw6bw1","operationId":"t7q6fplnu6clfz8","previousOperationId":"rbwopbudnpbpys0"}
{"type":"log","timestamp":1701085346600,"level":"debug","message":"Executing recipe chrome-pdf","meta":{"rootId":"dltns8ntexl4kga","id":"r684l38q0jaf5ai"},"id":"kj02fw6gp6hla95","previousOperationId":"t7q6fplnu6clfz8"}
{"type":"log","timestamp":1701085346601,"level":"debug","message":"Converting with chrome HeadlessChrome/117.0.5938.149 using chrome-pool strategy","meta":{"rootId":"dltns8ntexl4kga","id":"r684l38q0jaf5ai"},"id":"4yvj745lv8n3t7t","previousOperationId":"t7q6fplnu6clfz8"}
{"type":"log","timestamp":1701085346644,"level":"debug","message":"Page request: GET (document) file:///var/folders/dp/qk79pfcj0y1fmtkkl08m76rc0000gn/T/jsreport/autocleanup/c16f7ecf-443f-4ab1-b022-7d84b68107ca-chrome-pdf.html","meta":{"rootId":"dltns8ntexl4kga","id":"r684l38q0jaf5ai"},"id":"1eygkgrh8s9jebf","previousOperationId":"t7q6fplnu6clfz8"}
{"type":"log","timestamp":1701085346648,"level":"debug","message":"Page request finished: GET (document) 200 file:///var/folders/dp/qk79pfcj0y1fmtkkl08m76rc0000gn/T/jsreport/autocleanup/c16f7ecf-443f-4ab1-b022-7d84b68107ca-chrome-pdf.html","meta":{"rootId":"dltns8ntexl4kga","id":"r684l38q0jaf5ai"},"id":"ydqtcy9mmofqnfs","previousOperationId":"t7q6fplnu6clfz8"}
{"type":"log","timestamp":1701085346655,"level":"debug","message":"Running chrome with params {\"timeout\":59860,\"margin\":{},\"printBackground\":true}","meta":{"rootId":"dltns8ntexl4kga","id":"r684l38q0jaf5ai"},"id":"30ar48qo0ysf9dk","previousOperationId":"t7q6fplnu6clfz8"}
{"type":"operationEnd","operationId":"t7q6fplnu6clfz8","timestamp":1701085346661,"id":"ct2d4w7i5idt3ao","previousEventId":"s5o8fb3w9vq1lxi","previousOperationId":"t7q6fplnu6clfz8"}
{"type":"log","timestamp":1701085346661,"level":"debug","message":"Skipping storing report.","meta":{"rootId":"dltns8ntexl4kga","id":"r684l38q0jaf5ai"},"id":"tqs17553ksli52p","previousOperationId":"t7q6fplnu6clfz8"}
{"type":"log","timestamp":1701085346661,"level":"info","message":"Rendering (child) request finished in 200 ms","meta":{"rootId":"dltns8ntexl4kga","id":"r684l38q0jaf5ai"},"id":"zroj7rqdg4sphb3","previousOperationId":"t7q6fplnu6clfz8"}
{"type":"operationEnd","subtype":"render","operationId":"jofh3clqhhunbar","timestamp":1701085346661,"id":"3lg0z0m3devm7e5","previousEventId":"ct2d4w7i5idt3ao","previousOperationId":"t7q6fplnu6clfz8"}
{"type":"operationEnd","operationId":"n95zl0z25d8oy8d","timestamp":1701085346665,"id":"d6wvg8c28vwf150","previousEventId":"kc8wq9k3pj2ein7","previousOperationId":"n95zl0z25d8oy8d"}
{"type":"log","timestamp":1701085346665,"level":"debug","message":"pdf-utils postproces start","meta":{"rootId":"dltns8ntexl4kga","id":"dltns8ntexl4kga"},"id":"b597orbo53tcpy3","previousOperationId":"n95zl0z25d8oy8d"}
{"type":"log","timestamp":1701085346672,"level":"debug","message":"pdf-utils postproces end","meta":{"rootId":"dltns8ntexl4kga","id":"dltns8ntexl4kga"},"id":"4csb7kts2zxhvpm","previousOperationId":"n95zl0z25d8oy8d"}
{"type":"operationEnd","operationId":"de3amxq2thrsewa","timestamp":1701085346672,"id":"l1xq7200a7vf92c","previousEventId":"d6wvg8c28vwf150","previousOperationId":"n95zl0z25d8oy8d"}
{"type":"log","timestamp":1701085346672,"level":"info","message":"pdf-utils pdf processing was finished","meta":{"rootId":"dltns8ntexl4kga","id":"dltns8ntexl4kga"},"id":"0c2oj2qdsi0okll","previousOperationId":"de3amxq2thrsewa"}
{"type":"log","timestamp":1701085346672,"level":"debug","message":"Skipping storing report.","meta":{"rootId":"dltns8ntexl4kga","id":"dltns8ntexl4kga"},"id":"qr354v3nk60mf7h","previousOperationId":"de3amxq2thrsewa"}
{"type":"log","timestamp":1701085346672,"level":"info","message":"Rendering request 93 finished in 211 ms","meta":{"rootId":"dltns8ntexl4kga","id":"dltns8ntexl4kga"},"id":"t6xvb77z7og6b8o","previousOperationId":"de3amxq2thrsewa"}
{"type":"operationEnd","subtype":"render","operationId":"6atk9vp2iuu7yo2","timestamp":1701085346672,"id":"d38qh8gbde61qzc","previousEventId":"l1xq7200a7vf92c","previousOperationId":"de3amxq2thrsewa"}
{"type":"operationEnd","doDiffs":false,"previousEventId":"r7icrjsk51ctbgh","previousOperationId":"zl6etyagz049zki","operationId":"zl6etyagz049zki","timestamp":1701085346674,"id":"rqk7dorszeoxo7r"}
