{"type":"operationStart","subtype":"profile","data":{"_id":"zICGlOQvcSghjERk","timestamp":"2023-11-27T11:28:50.111Z","state":"queued","mode":"standard","creationDate":"2023-11-27T11:28:50.113Z","modificationDate":"2023-11-27T11:28:50.113Z","shortid":"876fKC6","$entitySet":"profiles"},"doDiffs":false,"timestamp":1701084530112,"id":"m9r7yntm2c2ic98","previousOperationId":null,"operationId":"ywcmrmmlg83to1n"}
{"type":"log","level":"info","message":"Render request 78 queued for execution and waiting for available worker","previousOperationId":"ywcmrmmlg83to1n","timestamp":1701084530112,"id":"u5cepnuxpkmzxoh"}
{"type":"operationStart","subtype":"render","name":"sporazum_pravno","previousOperationId":"ywcmrmmlg83to1n","timestamp":1701084530123,"id":"2sbodx0jpiotcvm","previousEventId":"m9r7yntm2c2ic98","operationId":"tx9b7rqp8oklfou"}
{"type":"log","timestamp":1701084530124,"level":"info","message":"Starting rendering request 78","meta":{"rootId":"edvn74d8hvlu7ii","id":"edvn74d8hvlu7ii"},"id":"85m94ohuyiuh1iz","previousOperationId":"tx9b7rqp8oklfou"}
{"type":"log","timestamp":1701084530124,"level":"info","message":"Rendering template { name: sporazum_pravno, recipe: chrome-pdf, engine: handlebars, preview: true }","meta":{"rootId":"edvn74d8hvlu7ii","id":"edvn74d8hvlu7ii"},"id":"x367cpimni0wa9n","previousOperationId":"tx9b7rqp8oklfou"}
{"type":"log","timestamp":1701084530124,"level":"debug","message":"Inline data specified.","meta":{"rootId":"edvn74d8hvlu7ii","id":"edvn74d8hvlu7ii"},"id":"imffe18aogmzw4u","previousOperationId":"tx9b7rqp8oklfou"}
{"type":"log","timestamp":1701084530126,"level":"debug","message":"Base url not specified, skipping its injection.","meta":{"rootId":"edvn74d8hvlu7ii","id":"edvn74d8hvlu7ii"},"id":"xpmswyy1ykk5yfj","previousOperationId":"tx9b7rqp8oklfou"}
{"type":"operationStart","subtype":"engine","name":"handlebars","timestamp":1701084530126,"id":"cox60zlpt1cb23k","previousEventId":"2sbodx0jpiotcvm","operationId":"dd9cvcl4oco123b","previousOperationId":"tx9b7rqp8oklfou"}
{"type":"log","timestamp":1701084530126,"level":"debug","message":"Rendering engine handlebars","meta":{"rootId":"edvn74d8hvlu7ii","id":"edvn74d8hvlu7ii"},"id":"6al6ggklrjojdrg","previousOperationId":"dd9cvcl4oco123b"}
{"type":"operationEnd","operationId":"dd9cvcl4oco123b","timestamp":1701084530140,"id":"kfcaq9e0vgiznof","previousEventId":"cox60zlpt1cb23k","previousOperationId":"dd9cvcl4oco123b"}
{"type":"operationStart","subtype":"recipe","name":"chrome-pdf","timestamp":1701084530141,"id":"nojojcvr32kb1np","previousEventId":"kfcaq9e0vgiznof","operationId":"6eeetz13wsabubk","previousOperationId":"dd9cvcl4oco123b"}
{"type":"log","timestamp":1701084530141,"level":"debug","message":"Executing recipe chrome-pdf","meta":{"rootId":"edvn74d8hvlu7ii","id":"edvn74d8hvlu7ii"},"id":"3wtx7bfoqx17lql","previousOperationId":"6eeetz13wsabubk"}
{"type":"log","timestamp":1701084530142,"level":"debug","message":"Converting with chrome HeadlessChrome/117.0.5938.149 using chrome-pool strategy","meta":{"rootId":"edvn74d8hvlu7ii","id":"edvn74d8hvlu7ii"},"id":"w9y1ns937bxqrnt","previousOperationId":"6eeetz13wsabubk"}
{"type":"log","timestamp":1701084530189,"level":"debug","message":"Page request: GET (document) file:///var/folders/dp/qk79pfcj0y1fmtkkl08m76rc0000gn/T/jsreport/autocleanup/2c7b3017-5a29-4fa4-835a-4816106f6690-chrome-pdf.html","meta":{"rootId":"edvn74d8hvlu7ii","id":"edvn74d8hvlu7ii"},"id":"r33e7opl2cg7eb0","previousOperationId":"6eeetz13wsabubk"}
{"type":"log","timestamp":1701084530195,"level":"debug","message":"Page request finished: GET (document) 200 file:///var/folders/dp/qk79pfcj0y1fmtkkl08m76rc0000gn/T/jsreport/autocleanup/2c7b3017-5a29-4fa4-835a-4816106f6690-chrome-pdf.html","meta":{"rootId":"edvn74d8hvlu7ii","id":"edvn74d8hvlu7ii"},"id":"z3z2oektap29iv0","previousOperationId":"6eeetz13wsabubk"}
{"type":"log","timestamp":1701084530206,"level":"debug","message":"Running chrome with params {\"printBackground\":true,\"format\":\"a4\",\"marginTop\":\"2cm\",\"marginBottom\":\"2cm\",\"timeout\":59969,\"margin\":{\"top\":\"2cm\",\"bottom\":\"2cm\"}}","meta":{"rootId":"edvn74d8hvlu7ii","id":"edvn74d8hvlu7ii"},"id":"5quiliqfdta8301","previousOperationId":"6eeetz13wsabubk"}
{"type":"operationEnd","operationId":"6eeetz13wsabubk","timestamp":1701084530228,"id":"csf0kdy08uqk5d9","previousEventId":"nojojcvr32kb1np","previousOperationId":"6eeetz13wsabubk"}
{"type":"log","timestamp":1701084530228,"level":"info","message":"pdf-utils is starting pdf processing","meta":{"rootId":"edvn74d8hvlu7ii","id":"edvn74d8hvlu7ii"},"id":"t7w1q1pb5k43fk2","previousOperationId":"6eeetz13wsabubk"}
{"type":"operationStart","subtype":"pdfUtils","name":"pdf utils","timestamp":1701084530228,"id":"sl942hrmwjnxp7u","previousEventId":"csf0kdy08uqk5d9","operationId":"nwokw3ls9mxwo4p","previousOperationId":"6eeetz13wsabubk"}
{"type":"log","timestamp":1701084530228,"level":"debug","message":"pdf-utils detected 1 pdf operation(s) to process","meta":{"rootId":"edvn74d8hvlu7ii","id":"edvn74d8hvlu7ii"},"id":"ghgm7txnzg421zk","previousOperationId":"nwokw3ls9mxwo4p"}
{"type":"log","timestamp":1701084530246,"level":"debug","message":"pdf-utils running pdf operation merge","meta":{"rootId":"edvn74d8hvlu7ii","id":"edvn74d8hvlu7ii"},"id":"fethep1n3gg2965","previousOperationId":"nwokw3ls9mxwo4p"}
{"type":"operationStart","subtype":"pdfUtilsMerge","name":"pdf utils merge","previousOperationId":"nwokw3ls9mxwo4p","timestamp":1701084530246,"id":"yc8jouefzo051l7","previousEventId":"sl942hrmwjnxp7u","operationId":"csm55ec6lsovwts"}
{"type":"operationStart","subtype":"render","name":"header-footer","previousOperationId":"csm55ec6lsovwts","timestamp":1701084530247,"id":"az3gwst7oetyp75","previousEventId":"yc8jouefzo051l7","operationId":"5hsi1riju1nw9hd"}
{"type":"log","timestamp":1701084530247,"level":"info","message":"Starting rendering (child) request","meta":{"rootId":"edvn74d8hvlu7ii","id":"qghxbzf8pk7fhna"},"id":"bh8pc1z6906d2as","previousOperationId":"5hsi1riju1nw9hd"}
{"type":"log","timestamp":1701084530247,"level":"info","message":"Rendering template { name: header-footer, recipe: chrome-pdf, engine: handlebars, preview: true }","meta":{"rootId":"edvn74d8hvlu7ii","id":"qghxbzf8pk7fhna"},"id":"kzqvv65hdivwnuv","previousOperationId":"5hsi1riju1nw9hd"}
{"type":"log","timestamp":1701084530248,"level":"debug","message":"Inline data specified.","meta":{"rootId":"edvn74d8hvlu7ii","id":"qghxbzf8pk7fhna"},"id":"bstjlvfcqwbbqx0","previousOperationId":"5hsi1riju1nw9hd"}
{"type":"log","timestamp":1701084530249,"level":"debug","message":"Base url not specified, skipping its injection.","meta":{"rootId":"edvn74d8hvlu7ii","id":"qghxbzf8pk7fhna"},"id":"qwf6vb3ndxfy5ps","previousOperationId":"5hsi1riju1nw9hd"}
{"type":"operationStart","subtype":"engine","name":"handlebars","timestamp":1701084530249,"id":"jkfcmab4pymdvga","previousEventId":"az3gwst7oetyp75","operationId":"ydy2tpdbj6y9ndo","previousOperationId":"5hsi1riju1nw9hd"}
{"type":"log","timestamp":1701084530249,"level":"debug","message":"Rendering engine handlebars","meta":{"rootId":"edvn74d8hvlu7ii","id":"qghxbzf8pk7fhna"},"id":"1oyz27qv8lu4y5l","previousOperationId":"ydy2tpdbj6y9ndo"}
{"type":"operationEnd","operationId":"ydy2tpdbj6y9ndo","timestamp":1701084530252,"id":"ub9y9kkxewjyqku","previousEventId":"jkfcmab4pymdvga","previousOperationId":"ydy2tpdbj6y9ndo"}
{"type":"operationStart","subtype":"recipe","name":"chrome-pdf","timestamp":1701084530252,"id":"ndufq0aofsipna6","previousEventId":"ub9y9kkxewjyqku","operationId":"lny8o73adn2vl17","previousOperationId":"ydy2tpdbj6y9ndo"}
{"type":"log","timestamp":1701084530252,"level":"debug","message":"Executing recipe chrome-pdf","meta":{"rootId":"edvn74d8hvlu7ii","id":"qghxbzf8pk7fhna"},"id":"j50rejuk77ar4ny","previousOperationId":"lny8o73adn2vl17"}
{"type":"log","timestamp":1701084530253,"level":"debug","message":"Converting with chrome HeadlessChrome/117.0.5938.149 using chrome-pool strategy","meta":{"rootId":"edvn74d8hvlu7ii","id":"qghxbzf8pk7fhna"},"id":"wf75umubio5gind","previousOperationId":"lny8o73adn2vl17"}
{"type":"log","timestamp":1701084530289,"level":"debug","message":"Page request: GET (document) file:///var/folders/dp/qk79pfcj0y1fmtkkl08m76rc0000gn/T/jsreport/autocleanup/242a6e4f-31b7-4cd2-a207-311343f48d25-chrome-pdf.html","meta":{"rootId":"edvn74d8hvlu7ii","id":"qghxbzf8pk7fhna"},"id":"pl1ml76d3vv1fsz","previousOperationId":"lny8o73adn2vl17"}
{"type":"log","timestamp":1701084530293,"level":"debug","message":"Page request finished: GET (document) 200 file:///var/folders/dp/qk79pfcj0y1fmtkkl08m76rc0000gn/T/jsreport/autocleanup/242a6e4f-31b7-4cd2-a207-311343f48d25-chrome-pdf.html","meta":{"rootId":"edvn74d8hvlu7ii","id":"qghxbzf8pk7fhna"},"id":"d10i2x6hwvgl7nv","previousOperationId":"lny8o73adn2vl17"}
{"type":"log","timestamp":1701084530301,"level":"debug","message":"Running chrome with params {\"timeout\":59858,\"margin\":{},\"printBackground\":true}","meta":{"rootId":"edvn74d8hvlu7ii","id":"qghxbzf8pk7fhna"},"id":"b1z8tvv3u5srkxg","previousOperationId":"lny8o73adn2vl17"}
{"type":"operationEnd","operationId":"lny8o73adn2vl17","timestamp":1701084530307,"id":"5yoylwj0le86srz","previousEventId":"ndufq0aofsipna6","previousOperationId":"lny8o73adn2vl17"}
{"type":"log","timestamp":1701084530307,"level":"debug","message":"Skipping storing report.","meta":{"rootId":"edvn74d8hvlu7ii","id":"qghxbzf8pk7fhna"},"id":"t5h46izajj10q8k","previousOperationId":"lny8o73adn2vl17"}
{"type":"log","timestamp":1701084530307,"level":"info","message":"Rendering (child) request finished in 197 ms","meta":{"rootId":"edvn74d8hvlu7ii","id":"qghxbzf8pk7fhna"},"id":"ykr0jo5q6gkgo0u","previousOperationId":"lny8o73adn2vl17"}
{"type":"operationEnd","subtype":"render","operationId":"5hsi1riju1nw9hd","timestamp":1701084530307,"id":"d46epkv9b9ya0e1","previousEventId":"5yoylwj0le86srz","previousOperationId":"lny8o73adn2vl17"}
{"type":"operationEnd","operationId":"csm55ec6lsovwts","timestamp":1701084530311,"id":"l7jfwvu1aopnjo1","previousEventId":"yc8jouefzo051l7","previousOperationId":"csm55ec6lsovwts"}
{"type":"log","timestamp":1701084530311,"level":"debug","message":"pdf-utils postproces start","meta":{"rootId":"edvn74d8hvlu7ii","id":"edvn74d8hvlu7ii"},"id":"anq5vdajq4mvtgu","previousOperationId":"csm55ec6lsovwts"}
{"type":"log","timestamp":1701084530318,"level":"debug","message":"pdf-utils postproces end","meta":{"rootId":"edvn74d8hvlu7ii","id":"edvn74d8hvlu7ii"},"id":"64evda3kyinkrav","previousOperationId":"csm55ec6lsovwts"}
{"type":"operationEnd","operationId":"nwokw3ls9mxwo4p","timestamp":1701084530318,"id":"lr18uv6jkz964tf","previousEventId":"l7jfwvu1aopnjo1","previousOperationId":"csm55ec6lsovwts"}
{"type":"log","timestamp":1701084530318,"level":"info","message":"pdf-utils pdf processing was finished","meta":{"rootId":"edvn74d8hvlu7ii","id":"edvn74d8hvlu7ii"},"id":"ta2clrt9eilicnd","previousOperationId":"nwokw3ls9mxwo4p"}
{"type":"log","timestamp":1701084530318,"level":"debug","message":"Skipping storing report.","meta":{"rootId":"edvn74d8hvlu7ii","id":"edvn74d8hvlu7ii"},"id":"zo22aklvlpxt9k2","previousOperationId":"nwokw3ls9mxwo4p"}
{"type":"log","timestamp":1701084530318,"level":"info","message":"Rendering request 78 finished in 208 ms","meta":{"rootId":"edvn74d8hvlu7ii","id":"edvn74d8hvlu7ii"},"id":"t20dh1rbd6h6p49","previousOperationId":"nwokw3ls9mxwo4p"}
{"type":"operationEnd","subtype":"render","operationId":"tx9b7rqp8oklfou","timestamp":1701084530318,"id":"7l14yvp3oy0jkjb","previousEventId":"lr18uv6jkz964tf","previousOperationId":"nwokw3ls9mxwo4p"}
{"type":"operationEnd","doDiffs":false,"previousEventId":"m9r7yntm2c2ic98","previousOperationId":"ywcmrmmlg83to1n","operationId":"ywcmrmmlg83to1n","timestamp":1701084530320,"id":"qur844pddndjn9r"}
