{"type":"operationStart","subtype":"profile","data":{"_id":"EZRv3gHYkQGzY6rn","timestamp":"2023-11-27T11:58:17.647Z","state":"queued","mode":"standard","creationDate":"2023-11-27T11:58:17.648Z","modificationDate":"2023-11-27T11:58:17.648Z","shortid":"aZlH31A","$entitySet":"profiles"},"doDiffs":false,"timestamp":1701086297648,"id":"vteo4awr437nnds","previousOperationId":null,"operationId":"dhg6n60pqc8wu17"}
{"type":"log","level":"info","message":"Render request 100 queued for execution and waiting for available worker","previousOperationId":"dhg6n60pqc8wu17","timestamp":1701086297648,"id":"gtcpbh8onvgjkkv"}
{"type":"operationStart","subtype":"render","name":"sporazum_pravno","previousOperationId":"dhg6n60pqc8wu17","timestamp":1701086297652,"id":"2kkdxpyu4xj28bn","previousEventId":"vteo4awr437nnds","operationId":"0qv92rrgnwya622"}
{"type":"log","timestamp":1701086297652,"level":"info","message":"Starting rendering request 100","meta":{"rootId":"eh0aevcr177jmvl","id":"eh0aevcr177jmvl"},"id":"27cttxwzhxzpfzr","previousOperationId":"0qv92rrgnwya622"}
{"type":"log","timestamp":1701086297652,"level":"info","message":"Rendering template { name: sporazum_pravno, recipe: chrome-pdf, engine: handlebars, preview: true }","meta":{"rootId":"eh0aevcr177jmvl","id":"eh0aevcr177jmvl"},"id":"9txgko7kiizoh1b","previousOperationId":"0qv92rrgnwya622"}
{"type":"log","timestamp":1701086297652,"level":"debug","message":"Inline data specified.","meta":{"rootId":"eh0aevcr177jmvl","id":"eh0aevcr177jmvl"},"id":"y9a7jn36eb6xt6o","previousOperationId":"0qv92rrgnwya622"}
{"type":"log","timestamp":1701086297653,"level":"debug","message":"Base url not specified, skipping its injection.","meta":{"rootId":"eh0aevcr177jmvl","id":"eh0aevcr177jmvl"},"id":"78ckthtvyfp8wb1","previousOperationId":"0qv92rrgnwya622"}
{"type":"operationStart","subtype":"engine","name":"handlebars","timestamp":1701086297653,"id":"bat4lks1cy2wofr","previousEventId":"2kkdxpyu4xj28bn","operationId":"eanwacn8e8imes8","previousOperationId":"0qv92rrgnwya622"}
{"type":"log","timestamp":1701086297653,"level":"debug","message":"Rendering engine handlebars","meta":{"rootId":"eh0aevcr177jmvl","id":"eh0aevcr177jmvl"},"id":"qci93dpulkevfix","previousOperationId":"eanwacn8e8imes8"}
{"type":"operationEnd","operationId":"eanwacn8e8imes8","timestamp":1701086297664,"id":"r6ma7c4ncmw79tg","previousEventId":"bat4lks1cy2wofr","previousOperationId":"eanwacn8e8imes8"}
{"type":"operationStart","subtype":"recipe","name":"chrome-pdf","timestamp":1701086297664,"id":"ei3oae98qaxbfak","previousEventId":"r6ma7c4ncmw79tg","operationId":"k9d97wkyyqjckgt","previousOperationId":"eanwacn8e8imes8"}
{"type":"log","timestamp":1701086297664,"level":"debug","message":"Executing recipe chrome-pdf","meta":{"rootId":"eh0aevcr177jmvl","id":"eh0aevcr177jmvl"},"id":"vgafq63avvu67jk","previousOperationId":"k9d97wkyyqjckgt"}
{"type":"log","timestamp":1701086297666,"level":"debug","message":"Converting with chrome HeadlessChrome/117.0.5938.149 using chrome-pool strategy","meta":{"rootId":"eh0aevcr177jmvl","id":"eh0aevcr177jmvl"},"id":"f0es4oppdyj5rgv","previousOperationId":"k9d97wkyyqjckgt"}
{"type":"log","timestamp":1701086297720,"level":"debug","message":"Page request: GET (document) file:///var/folders/dp/qk79pfcj0y1fmtkkl08m76rc0000gn/T/jsreport/autocleanup/05f2fdd4-e432-4fd4-b873-a9864a3720d8-chrome-pdf.html","meta":{"rootId":"eh0aevcr177jmvl","id":"eh0aevcr177jmvl"},"id":"1nohnd3g0jkov4z","previousOperationId":"k9d97wkyyqjckgt"}
{"type":"log","timestamp":1701086297725,"level":"debug","message":"Page request finished: GET (document) 200 file:///var/folders/dp/qk79pfcj0y1fmtkkl08m76rc0000gn/T/jsreport/autocleanup/05f2fdd4-e432-4fd4-b873-a9864a3720d8-chrome-pdf.html","meta":{"rootId":"eh0aevcr177jmvl","id":"eh0aevcr177jmvl"},"id":"7klfbzmkvnga7fb","previousOperationId":"k9d97wkyyqjckgt"}
{"type":"log","timestamp":1701086297734,"level":"debug","message":"Running chrome with params {\"printBackground\":true,\"format\":\"a4\",\"marginTop\":\"2cm\",\"marginBottom\":\"2cm\",\"timeout\":59982,\"margin\":{\"top\":\"2cm\",\"bottom\":\"2cm\"}}","meta":{"rootId":"eh0aevcr177jmvl","id":"eh0aevcr177jmvl"},"id":"xks7l7e46lnen0c","previousOperationId":"k9d97wkyyqjckgt"}
{"type":"operationEnd","operationId":"k9d97wkyyqjckgt","timestamp":1701086297755,"id":"yk0c2fy01zfim4t","previousEventId":"ei3oae98qaxbfak","previousOperationId":"k9d97wkyyqjckgt"}
{"type":"log","timestamp":1701086297755,"level":"info","message":"pdf-utils is starting pdf processing","meta":{"rootId":"eh0aevcr177jmvl","id":"eh0aevcr177jmvl"},"id":"sbakskt99gdkz5z","previousOperationId":"k9d97wkyyqjckgt"}
{"type":"operationStart","subtype":"pdfUtils","name":"pdf utils","timestamp":1701086297755,"id":"g4w1jytvgpvxrjg","previousEventId":"yk0c2fy01zfim4t","operationId":"w5vvf553je0z942","previousOperationId":"k9d97wkyyqjckgt"}
{"type":"log","timestamp":1701086297755,"level":"debug","message":"pdf-utils detected 1 pdf operation(s) to process","meta":{"rootId":"eh0aevcr177jmvl","id":"eh0aevcr177jmvl"},"id":"ff4elukb0e9qinp","previousOperationId":"w5vvf553je0z942"}
{"type":"log","timestamp":1701086297775,"level":"debug","message":"pdf-utils running pdf operation merge","meta":{"rootId":"eh0aevcr177jmvl","id":"eh0aevcr177jmvl"},"id":"h9tz91di8hld0vm","previousOperationId":"w5vvf553je0z942"}
{"type":"operationStart","subtype":"pdfUtilsMerge","name":"pdf utils merge","previousOperationId":"w5vvf553je0z942","timestamp":1701086297775,"id":"px73zgmtcbzda2o","previousEventId":"g4w1jytvgpvxrjg","operationId":"9o2w5b112nnxx1v"}
{"type":"operationStart","subtype":"render","name":"header-footer","previousOperationId":"9o2w5b112nnxx1v","timestamp":1701086297775,"id":"qreik090agieb8o","previousEventId":"px73zgmtcbzda2o","operationId":"hpc2kue7pspy4fn"}
{"type":"log","timestamp":1701086297775,"level":"info","message":"Starting rendering (child) request","meta":{"rootId":"eh0aevcr177jmvl","id":"8twr91fatfe9m3e"},"id":"2by8mrddsa4ncrp","previousOperationId":"hpc2kue7pspy4fn"}
{"type":"log","timestamp":1701086297775,"level":"info","message":"Rendering template { name: header-footer, recipe: chrome-pdf, engine: handlebars, preview: true }","meta":{"rootId":"eh0aevcr177jmvl","id":"8twr91fatfe9m3e"},"id":"8ou3sdidy32sjxd","previousOperationId":"hpc2kue7pspy4fn"}
{"type":"log","timestamp":1701086297776,"level":"debug","message":"Inline data specified.","meta":{"rootId":"eh0aevcr177jmvl","id":"8twr91fatfe9m3e"},"id":"unzz4ssucw70ezw","previousOperationId":"hpc2kue7pspy4fn"}
{"type":"log","timestamp":1701086297777,"level":"debug","message":"Base url not specified, skipping its injection.","meta":{"rootId":"eh0aevcr177jmvl","id":"8twr91fatfe9m3e"},"id":"8w6u50ddst7zeew","previousOperationId":"hpc2kue7pspy4fn"}
{"type":"operationStart","subtype":"engine","name":"handlebars","timestamp":1701086297777,"id":"dcm9brupy16ku6w","previousEventId":"qreik090agieb8o","operationId":"0skhras6jrj9jca","previousOperationId":"hpc2kue7pspy4fn"}
{"type":"log","timestamp":1701086297777,"level":"debug","message":"Rendering engine handlebars","meta":{"rootId":"eh0aevcr177jmvl","id":"8twr91fatfe9m3e"},"id":"ygvpbor2e4lud54","previousOperationId":"0skhras6jrj9jca"}
{"type":"operationEnd","operationId":"0skhras6jrj9jca","timestamp":1701086297780,"id":"86quitxl9zjljbl","previousEventId":"dcm9brupy16ku6w","previousOperationId":"0skhras6jrj9jca"}
{"type":"operationStart","subtype":"recipe","name":"chrome-pdf","timestamp":1701086297780,"id":"0segrarwsn5pm9e","previousEventId":"86quitxl9zjljbl","operationId":"yyk8qwru5wmdaum","previousOperationId":"0skhras6jrj9jca"}
{"type":"log","timestamp":1701086297780,"level":"debug","message":"Executing recipe chrome-pdf","meta":{"rootId":"eh0aevcr177jmvl","id":"8twr91fatfe9m3e"},"id":"9wjk94z8dv2rizo","previousOperationId":"yyk8qwru5wmdaum"}
{"type":"log","timestamp":1701086297781,"level":"debug","message":"Converting with chrome HeadlessChrome/117.0.5938.149 using chrome-pool strategy","meta":{"rootId":"eh0aevcr177jmvl","id":"8twr91fatfe9m3e"},"id":"u6xs92may2dc1nc","previousOperationId":"yyk8qwru5wmdaum"}
{"type":"log","timestamp":1701086297818,"level":"debug","message":"Page request: GET (document) file:///var/folders/dp/qk79pfcj0y1fmtkkl08m76rc0000gn/T/jsreport/autocleanup/63cd18a9-2f7c-46ff-ba3a-f7ef02968427-chrome-pdf.html","meta":{"rootId":"eh0aevcr177jmvl","id":"8twr91fatfe9m3e"},"id":"v21ua7mqwkszbxv","previousOperationId":"yyk8qwru5wmdaum"}
{"type":"log","timestamp":1701086297822,"level":"debug","message":"Page request finished: GET (document) 200 file:///var/folders/dp/qk79pfcj0y1fmtkkl08m76rc0000gn/T/jsreport/autocleanup/63cd18a9-2f7c-46ff-ba3a-f7ef02968427-chrome-pdf.html","meta":{"rootId":"eh0aevcr177jmvl","id":"8twr91fatfe9m3e"},"id":"tnxxtqjksknt97l","previousOperationId":"yyk8qwru5wmdaum"}
{"type":"log","timestamp":1701086297829,"level":"debug","message":"Running chrome with params {\"timeout\":59867,\"margin\":{},\"printBackground\":true}","meta":{"rootId":"eh0aevcr177jmvl","id":"8twr91fatfe9m3e"},"id":"lvu1775def47190","previousOperationId":"yyk8qwru5wmdaum"}
{"type":"operationEnd","operationId":"yyk8qwru5wmdaum","timestamp":1701086297836,"id":"nxq6mjo2wem1gjs","previousEventId":"0segrarwsn5pm9e","previousOperationId":"yyk8qwru5wmdaum"}
{"type":"log","timestamp":1701086297836,"level":"debug","message":"Skipping storing report.","meta":{"rootId":"eh0aevcr177jmvl","id":"8twr91fatfe9m3e"},"id":"gxlidjwrkfymc0r","previousOperationId":"yyk8qwru5wmdaum"}
{"type":"log","timestamp":1701086297836,"level":"info","message":"Rendering (child) request finished in 189 ms","meta":{"rootId":"eh0aevcr177jmvl","id":"8twr91fatfe9m3e"},"id":"arxcuyg5btkeftm","previousOperationId":"yyk8qwru5wmdaum"}
{"type":"operationEnd","subtype":"render","operationId":"hpc2kue7pspy4fn","timestamp":1701086297836,"id":"1dlvdphizosrtwt","previousEventId":"nxq6mjo2wem1gjs","previousOperationId":"yyk8qwru5wmdaum"}
{"type":"operationEnd","operationId":"9o2w5b112nnxx1v","timestamp":1701086297840,"id":"udsehfgb5vd39ll","previousEventId":"px73zgmtcbzda2o","previousOperationId":"9o2w5b112nnxx1v"}
{"type":"log","timestamp":1701086297840,"level":"debug","message":"pdf-utils postproces start","meta":{"rootId":"eh0aevcr177jmvl","id":"eh0aevcr177jmvl"},"id":"8872ppqd7qw0l8v","previousOperationId":"9o2w5b112nnxx1v"}
{"type":"log","timestamp":1701086297847,"level":"debug","message":"pdf-utils postproces end","meta":{"rootId":"eh0aevcr177jmvl","id":"eh0aevcr177jmvl"},"id":"gvnmds6e4r9ftq3","previousOperationId":"9o2w5b112nnxx1v"}
{"type":"operationEnd","operationId":"w5vvf553je0z942","timestamp":1701086297847,"id":"lei7qppdzlind5a","previousEventId":"udsehfgb5vd39ll","previousOperationId":"9o2w5b112nnxx1v"}
{"type":"log","timestamp":1701086297847,"level":"info","message":"pdf-utils pdf processing was finished","meta":{"rootId":"eh0aevcr177jmvl","id":"eh0aevcr177jmvl"},"id":"wvbajbudrv0pqlw","previousOperationId":"w5vvf553je0z942"}
{"type":"log","timestamp":1701086297847,"level":"debug","message":"Skipping storing report.","meta":{"rootId":"eh0aevcr177jmvl","id":"eh0aevcr177jmvl"},"id":"6ecdfi9q6rm1aj6","previousOperationId":"w5vvf553je0z942"}
{"type":"log","timestamp":1701086297847,"level":"info","message":"Rendering request 100 finished in 200 ms","meta":{"rootId":"eh0aevcr177jmvl","id":"eh0aevcr177jmvl"},"id":"5olbhndjkzvo6d4","previousOperationId":"w5vvf553je0z942"}
{"type":"operationEnd","subtype":"render","operationId":"0qv92rrgnwya622","timestamp":1701086297847,"id":"0miq8um74ltqva4","previousEventId":"lei7qppdzlind5a","previousOperationId":"w5vvf553je0z942"}
{"type":"operationEnd","doDiffs":false,"previousEventId":"vteo4awr437nnds","previousOperationId":"dhg6n60pqc8wu17","operationId":"dhg6n60pqc8wu17","timestamp":1701086297850,"id":"efha4dll8xxdx4y"}
