{"type":"operationStart","subtype":"profile","data":{"_id":"w1P4og5T5oZXE6J6","timestamp":"2023-11-27T11:56:32.440Z","state":"queued","mode":"standard","creationDate":"2023-11-27T11:56:32.441Z","modificationDate":"2023-11-27T11:56:32.441Z","shortid":"3ATE1Q8","$entitySet":"profiles"},"doDiffs":false,"timestamp":1701086192441,"id":"atvd5zibhgs2ufw","previousOperationId":null,"operationId":"xgquwk520cdhxxm"}
{"type":"log","level":"info","message":"Render request 98 queued for execution and waiting for available worker","previousOperationId":"xgquwk520cdhxxm","timestamp":1701086192441,"id":"7b6pf44arx7p85c"}
{"type":"operationStart","subtype":"render","name":"sporazum_pravno","previousOperationId":"xgquwk520cdhxxm","timestamp":1701086192449,"id":"zkrbdjjmz4o5nu1","previousEventId":"atvd5zibhgs2ufw","operationId":"drssc8f1qpeltt0"}
{"type":"log","timestamp":1701086192450,"level":"info","message":"Starting rendering request 98","meta":{"rootId":"f5ra6dina1aiz98","id":"f5ra6dina1aiz98"},"id":"osatvdjpkjdk61q","previousOperationId":"drssc8f1qpeltt0"}
{"type":"log","timestamp":1701086192450,"level":"info","message":"Rendering template { name: sporazum_pravno, recipe: chrome-pdf, engine: handlebars, preview: true }","meta":{"rootId":"f5ra6dina1aiz98","id":"f5ra6dina1aiz98"},"id":"fwmw790euf8lpad","previousOperationId":"drssc8f1qpeltt0"}
{"type":"log","timestamp":1701086192450,"level":"debug","message":"Inline data specified.","meta":{"rootId":"f5ra6dina1aiz98","id":"f5ra6dina1aiz98"},"id":"72rlgahwvkzo0v1","previousOperationId":"drssc8f1qpeltt0"}
{"type":"log","timestamp":1701086192452,"level":"debug","message":"Base url not specified, skipping its injection.","meta":{"rootId":"f5ra6dina1aiz98","id":"f5ra6dina1aiz98"},"id":"w7gzagcp1nova9d","previousOperationId":"drssc8f1qpeltt0"}
{"type":"operationStart","subtype":"engine","name":"handlebars","timestamp":1701086192452,"id":"ehv198z1pkac8xu","previousEventId":"zkrbdjjmz4o5nu1","operationId":"s09aflj3bhbtfko","previousOperationId":"drssc8f1qpeltt0"}
{"type":"log","timestamp":1701086192452,"level":"debug","message":"Rendering engine handlebars","meta":{"rootId":"f5ra6dina1aiz98","id":"f5ra6dina1aiz98"},"id":"w1ld2i1v9fqrmdb","previousOperationId":"s09aflj3bhbtfko"}
{"type":"operationEnd","operationId":"s09aflj3bhbtfko","timestamp":1701086192469,"id":"b6k3z77jijtx55g","previousEventId":"ehv198z1pkac8xu","previousOperationId":"s09aflj3bhbtfko"}
{"type":"operationStart","subtype":"recipe","name":"chrome-pdf","timestamp":1701086192469,"id":"rjtolhd1yd4wvhf","previousEventId":"b6k3z77jijtx55g","operationId":"c581acpq723vps5","previousOperationId":"s09aflj3bhbtfko"}
{"type":"log","timestamp":1701086192469,"level":"debug","message":"Executing recipe chrome-pdf","meta":{"rootId":"f5ra6dina1aiz98","id":"f5ra6dina1aiz98"},"id":"kuo65ovr4kxn6b3","previousOperationId":"c581acpq723vps5"}
{"type":"log","timestamp":1701086192471,"level":"debug","message":"Converting with chrome HeadlessChrome/117.0.5938.149 using chrome-pool strategy","meta":{"rootId":"f5ra6dina1aiz98","id":"f5ra6dina1aiz98"},"id":"d2czppfxfdwi8dx","previousOperationId":"c581acpq723vps5"}
{"type":"log","timestamp":1701086192522,"level":"debug","message":"Page request: GET (document) file:///var/folders/dp/qk79pfcj0y1fmtkkl08m76rc0000gn/T/jsreport/autocleanup/d35642ed-ce72-479b-9066-96c65dea2950-chrome-pdf.html","meta":{"rootId":"f5ra6dina1aiz98","id":"f5ra6dina1aiz98"},"id":"sf01vbyy80q0ruh","previousOperationId":"c581acpq723vps5"}
{"type":"log","timestamp":1701086192528,"level":"debug","message":"Page request finished: GET (document) 200 file:///var/folders/dp/qk79pfcj0y1fmtkkl08m76rc0000gn/T/jsreport/autocleanup/d35642ed-ce72-479b-9066-96c65dea2950-chrome-pdf.html","meta":{"rootId":"f5ra6dina1aiz98","id":"f5ra6dina1aiz98"},"id":"tdswj1oaf2jmtz4","previousOperationId":"c581acpq723vps5"}
{"type":"log","timestamp":1701086192538,"level":"debug","message":"Running chrome with params {\"printBackground\":true,\"format\":\"a4\",\"marginTop\":\"2cm\",\"marginBottom\":\"2cm\",\"timeout\":59970,\"margin\":{\"top\":\"2cm\",\"bottom\":\"2cm\"}}","meta":{"rootId":"f5ra6dina1aiz98","id":"f5ra6dina1aiz98"},"id":"m842iv26jw5q3n2","previousOperationId":"c581acpq723vps5"}
{"type":"operationEnd","operationId":"c581acpq723vps5","timestamp":1701086192564,"id":"y2gm131u316ppqc","previousEventId":"rjtolhd1yd4wvhf","previousOperationId":"c581acpq723vps5"}
{"type":"log","timestamp":1701086192564,"level":"info","message":"pdf-utils is starting pdf processing","meta":{"rootId":"f5ra6dina1aiz98","id":"f5ra6dina1aiz98"},"id":"t6zkofhvgslb5uj","previousOperationId":"c581acpq723vps5"}
{"type":"operationStart","subtype":"pdfUtils","name":"pdf utils","timestamp":1701086192564,"id":"qeeuwlrm60fvdmd","previousEventId":"y2gm131u316ppqc","operationId":"5bksb0fgi852g7x","previousOperationId":"c581acpq723vps5"}
{"type":"log","timestamp":1701086192564,"level":"debug","message":"pdf-utils detected 1 pdf operation(s) to process","meta":{"rootId":"f5ra6dina1aiz98","id":"f5ra6dina1aiz98"},"id":"wy0loh1il6lawj1","previousOperationId":"5bksb0fgi852g7x"}
{"type":"log","timestamp":1701086192589,"level":"debug","message":"pdf-utils running pdf operation merge","meta":{"rootId":"f5ra6dina1aiz98","id":"f5ra6dina1aiz98"},"id":"3tvltbts2f7mkav","previousOperationId":"5bksb0fgi852g7x"}
{"type":"operationStart","subtype":"pdfUtilsMerge","name":"pdf utils merge","previousOperationId":"5bksb0fgi852g7x","timestamp":1701086192589,"id":"nmornnz7s0kug98","previousEventId":"qeeuwlrm60fvdmd","operationId":"t1np4c36kmtb5j7"}
{"type":"operationStart","subtype":"render","name":"header-footer","previousOperationId":"t1np4c36kmtb5j7","timestamp":1701086192589,"id":"mj3q57dx4qsfngg","previousEventId":"nmornnz7s0kug98","operationId":"8usit96aojz5f6g"}
{"type":"log","timestamp":1701086192589,"level":"info","message":"Starting rendering (child) request","meta":{"rootId":"f5ra6dina1aiz98","id":"vppmd9mg7na1piy"},"id":"z9mpdpch5ln7hpp","previousOperationId":"8usit96aojz5f6g"}
{"type":"log","timestamp":1701086192589,"level":"info","message":"Rendering template { name: header-footer, recipe: chrome-pdf, engine: handlebars, preview: true }","meta":{"rootId":"f5ra6dina1aiz98","id":"vppmd9mg7na1piy"},"id":"l5sr93ixxlje064","previousOperationId":"8usit96aojz5f6g"}
{"type":"log","timestamp":1701086192589,"level":"debug","message":"Inline data specified.","meta":{"rootId":"f5ra6dina1aiz98","id":"vppmd9mg7na1piy"},"id":"dv12cckbxlgkej1","previousOperationId":"8usit96aojz5f6g"}
{"type":"log","timestamp":1701086192591,"level":"debug","message":"Base url not specified, skipping its injection.","meta":{"rootId":"f5ra6dina1aiz98","id":"vppmd9mg7na1piy"},"id":"vojehnffojdu0du","previousOperationId":"8usit96aojz5f6g"}
{"type":"operationStart","subtype":"engine","name":"handlebars","timestamp":1701086192591,"id":"cz4df1gi4v1uunt","previousEventId":"mj3q57dx4qsfngg","operationId":"6skxlugfeowq4wt","previousOperationId":"8usit96aojz5f6g"}
{"type":"log","timestamp":1701086192591,"level":"debug","message":"Rendering engine handlebars","meta":{"rootId":"f5ra6dina1aiz98","id":"vppmd9mg7na1piy"},"id":"eolb77dx9o60iu9","previousOperationId":"6skxlugfeowq4wt"}
{"type":"operationEnd","operationId":"6skxlugfeowq4wt","timestamp":1701086192595,"id":"pctm963mk5xxqah","previousEventId":"cz4df1gi4v1uunt","previousOperationId":"6skxlugfeowq4wt"}
{"type":"operationStart","subtype":"recipe","name":"chrome-pdf","timestamp":1701086192595,"id":"0imj6zxpo1ufqkv","previousEventId":"pctm963mk5xxqah","operationId":"i2mp603pxxuusnb","previousOperationId":"6skxlugfeowq4wt"}
{"type":"log","timestamp":1701086192595,"level":"debug","message":"Executing recipe chrome-pdf","meta":{"rootId":"f5ra6dina1aiz98","id":"vppmd9mg7na1piy"},"id":"0ap56xtil53esz6","previousOperationId":"i2mp603pxxuusnb"}
{"type":"log","timestamp":1701086192596,"level":"debug","message":"Converting with chrome HeadlessChrome/117.0.5938.149 using chrome-pool strategy","meta":{"rootId":"f5ra6dina1aiz98","id":"vppmd9mg7na1piy"},"id":"p40yobtzc0h59t1","previousOperationId":"i2mp603pxxuusnb"}
{"type":"log","timestamp":1701086192634,"level":"debug","message":"Page request: GET (document) file:///var/folders/dp/qk79pfcj0y1fmtkkl08m76rc0000gn/T/jsreport/autocleanup/490fce60-ce13-4728-8b50-cebbd450a6d5-chrome-pdf.html","meta":{"rootId":"f5ra6dina1aiz98","id":"vppmd9mg7na1piy"},"id":"v0yi3azjfrrs00x","previousOperationId":"i2mp603pxxuusnb"}
{"type":"log","timestamp":1701086192638,"level":"debug","message":"Page request finished: GET (document) 200 file:///var/folders/dp/qk79pfcj0y1fmtkkl08m76rc0000gn/T/jsreport/autocleanup/490fce60-ce13-4728-8b50-cebbd450a6d5-chrome-pdf.html","meta":{"rootId":"f5ra6dina1aiz98","id":"vppmd9mg7na1piy"},"id":"d8emya2q9i9j98e","previousOperationId":"i2mp603pxxuusnb"}
{"type":"log","timestamp":1701086192646,"level":"debug","message":"Running chrome with params {\"timeout\":59844,\"margin\":{},\"printBackground\":true}","meta":{"rootId":"f5ra6dina1aiz98","id":"vppmd9mg7na1piy"},"id":"03zxwne0869qj8y","previousOperationId":"i2mp603pxxuusnb"}
{"type":"operationEnd","operationId":"i2mp603pxxuusnb","timestamp":1701086192651,"id":"6o3i79ppjndjjx4","previousEventId":"0imj6zxpo1ufqkv","previousOperationId":"i2mp603pxxuusnb"}
{"type":"log","timestamp":1701086192651,"level":"debug","message":"Skipping storing report.","meta":{"rootId":"f5ra6dina1aiz98","id":"vppmd9mg7na1piy"},"id":"301qlkmf7snyvkx","previousOperationId":"i2mp603pxxuusnb"}
{"type":"log","timestamp":1701086192652,"level":"info","message":"Rendering (child) request finished in 212 ms","meta":{"rootId":"f5ra6dina1aiz98","id":"vppmd9mg7na1piy"},"id":"oi4h716zeefkg17","previousOperationId":"i2mp603pxxuusnb"}
{"type":"operationEnd","subtype":"render","operationId":"8usit96aojz5f6g","timestamp":1701086192652,"id":"dzh8h3zplbmu6cn","previousEventId":"6o3i79ppjndjjx4","previousOperationId":"i2mp603pxxuusnb"}
{"type":"operationEnd","operationId":"t1np4c36kmtb5j7","timestamp":1701086192656,"id":"asanha6y6vwm0gt","previousEventId":"nmornnz7s0kug98","previousOperationId":"t1np4c36kmtb5j7"}
{"type":"log","timestamp":1701086192656,"level":"debug","message":"pdf-utils postproces start","meta":{"rootId":"f5ra6dina1aiz98","id":"f5ra6dina1aiz98"},"id":"ah4gs5pqirqishb","previousOperationId":"t1np4c36kmtb5j7"}
{"type":"log","timestamp":1701086192663,"level":"debug","message":"pdf-utils postproces end","meta":{"rootId":"f5ra6dina1aiz98","id":"f5ra6dina1aiz98"},"id":"xpw2o6isyhmphjm","previousOperationId":"t1np4c36kmtb5j7"}
{"type":"operationEnd","operationId":"5bksb0fgi852g7x","timestamp":1701086192663,"id":"jhorfcd0q6h6j80","previousEventId":"asanha6y6vwm0gt","previousOperationId":"t1np4c36kmtb5j7"}
{"type":"log","timestamp":1701086192663,"level":"info","message":"pdf-utils pdf processing was finished","meta":{"rootId":"f5ra6dina1aiz98","id":"f5ra6dina1aiz98"},"id":"xcp2odxwyw4c44e","previousOperationId":"5bksb0fgi852g7x"}
{"type":"log","timestamp":1701086192663,"level":"debug","message":"Skipping storing report.","meta":{"rootId":"f5ra6dina1aiz98","id":"f5ra6dina1aiz98"},"id":"tunw0omeo3cnxi8","previousOperationId":"5bksb0fgi852g7x"}
{"type":"log","timestamp":1701086192663,"level":"info","message":"Rendering request 98 finished in 223 ms","meta":{"rootId":"f5ra6dina1aiz98","id":"f5ra6dina1aiz98"},"id":"miusuf2on4z8kkk","previousOperationId":"5bksb0fgi852g7x"}
{"type":"operationEnd","subtype":"render","operationId":"drssc8f1qpeltt0","timestamp":1701086192663,"id":"kbyyk005i9pryfg","previousEventId":"jhorfcd0q6h6j80","previousOperationId":"5bksb0fgi852g7x"}
{"type":"operationEnd","doDiffs":false,"previousEventId":"atvd5zibhgs2ufw","previousOperationId":"xgquwk520cdhxxm","operationId":"xgquwk520cdhxxm","timestamp":1701086192665,"id":"tvswvo8657hixro"}
