{"type":"operationStart","subtype":"profile","data":{"_id":"3p3fpetgZi4UeAOD","timestamp":"2023-11-27T11:59:45.939Z","state":"queued","mode":"standard","creationDate":"2023-11-27T11:59:45.941Z","modificationDate":"2023-11-27T11:59:45.941Z","shortid":"bTnN4g8","$entitySet":"profiles"},"doDiffs":false,"timestamp":1701086385940,"id":"cu1fxmz9uzr32eo","previousOperationId":null,"operationId":"fa8970eoqwd99c0"}
{"type":"log","level":"info","message":"Render request 104 queued for execution and waiting for available worker","previousOperationId":"fa8970eoqwd99c0","timestamp":1701086385941,"id":"mn1hvtcvo0e9aq3"}
{"type":"operationStart","subtype":"render","name":"sporazum_pravno","previousOperationId":"fa8970eoqwd99c0","timestamp":1701086385950,"id":"nm3d07ghce3dxwl","previousEventId":"cu1fxmz9uzr32eo","operationId":"uc5zzpwo6ozg7zz"}
{"type":"log","timestamp":1701086385950,"level":"info","message":"Starting rendering request 104","meta":{"rootId":"gmce9maw9elcyse","id":"gmce9maw9elcyse"},"id":"lhtpjs0htravetf","previousOperationId":"uc5zzpwo6ozg7zz"}
{"type":"log","timestamp":1701086385950,"level":"info","message":"Rendering template { name: sporazum_pravno, recipe: chrome-pdf, engine: handlebars, preview: true }","meta":{"rootId":"gmce9maw9elcyse","id":"gmce9maw9elcyse"},"id":"xz5ovoo8ygbasxu","previousOperationId":"uc5zzpwo6ozg7zz"}
{"type":"log","timestamp":1701086385950,"level":"debug","message":"Inline data specified.","meta":{"rootId":"gmce9maw9elcyse","id":"gmce9maw9elcyse"},"id":"mo712mmzniypxtn","previousOperationId":"uc5zzpwo6ozg7zz"}
{"type":"log","timestamp":1701086385951,"level":"debug","message":"Base url not specified, skipping its injection.","meta":{"rootId":"gmce9maw9elcyse","id":"gmce9maw9elcyse"},"id":"wv841jmk57uwie2","previousOperationId":"uc5zzpwo6ozg7zz"}
{"type":"operationStart","subtype":"engine","name":"handlebars","timestamp":1701086385952,"id":"e5gd5acpt3cvbas","previousEventId":"nm3d07ghce3dxwl","operationId":"k10gnsk5y9gxal8","previousOperationId":"uc5zzpwo6ozg7zz"}
{"type":"log","timestamp":1701086385952,"level":"debug","message":"Rendering engine handlebars","meta":{"rootId":"gmce9maw9elcyse","id":"gmce9maw9elcyse"},"id":"l50nid1xiiyjq0y","previousOperationId":"k10gnsk5y9gxal8"}
{"type":"operationEnd","operationId":"k10gnsk5y9gxal8","timestamp":1701086385974,"id":"ala2htc969lrs4l","previousEventId":"e5gd5acpt3cvbas","previousOperationId":"k10gnsk5y9gxal8"}
{"type":"operationStart","subtype":"recipe","name":"chrome-pdf","timestamp":1701086385974,"id":"sj8q6ym9zyouyd7","previousEventId":"ala2htc969lrs4l","operationId":"v2s6nkj4iaxaic4","previousOperationId":"k10gnsk5y9gxal8"}
{"type":"log","timestamp":1701086385974,"level":"debug","message":"Executing recipe chrome-pdf","meta":{"rootId":"gmce9maw9elcyse","id":"gmce9maw9elcyse"},"id":"agir2v3emmk9dwu","previousOperationId":"v2s6nkj4iaxaic4"}
{"type":"log","timestamp":1701086385975,"level":"debug","message":"Converting with chrome HeadlessChrome/117.0.5938.149 using chrome-pool strategy","meta":{"rootId":"gmce9maw9elcyse","id":"gmce9maw9elcyse"},"id":"06tc7egc0rxwnon","previousOperationId":"v2s6nkj4iaxaic4"}
{"type":"log","timestamp":1701086386025,"level":"debug","message":"Page request: GET (document) file:///var/folders/dp/qk79pfcj0y1fmtkkl08m76rc0000gn/T/jsreport/autocleanup/78c638ae-5fac-4163-b832-59586304755f-chrome-pdf.html","meta":{"rootId":"gmce9maw9elcyse","id":"gmce9maw9elcyse"},"id":"c6ymy3dg1a1e7cd","previousOperationId":"v2s6nkj4iaxaic4"}
{"type":"log","timestamp":1701086386030,"level":"debug","message":"Page request finished: GET (document) 200 file:///var/folders/dp/qk79pfcj0y1fmtkkl08m76rc0000gn/T/jsreport/autocleanup/78c638ae-5fac-4163-b832-59586304755f-chrome-pdf.html","meta":{"rootId":"gmce9maw9elcyse","id":"gmce9maw9elcyse"},"id":"n9jd8uajr9mtbcx","previousOperationId":"v2s6nkj4iaxaic4"}
{"type":"log","timestamp":1701086386043,"level":"debug","message":"Running chrome with params {\"printBackground\":true,\"format\":\"a4\",\"marginTop\":\"2cm\",\"marginBottom\":\"2cm\",\"timeout\":59964,\"margin\":{\"top\":\"2cm\",\"bottom\":\"2cm\"}}","meta":{"rootId":"gmce9maw9elcyse","id":"gmce9maw9elcyse"},"id":"4k82x9x393tjlkd","previousOperationId":"v2s6nkj4iaxaic4"}
{"type":"operationEnd","operationId":"v2s6nkj4iaxaic4","timestamp":1701086386062,"id":"0mg42ngqylp0tsu","previousEventId":"sj8q6ym9zyouyd7","previousOperationId":"v2s6nkj4iaxaic4"}
{"type":"log","timestamp":1701086386062,"level":"info","message":"pdf-utils is starting pdf processing","meta":{"rootId":"gmce9maw9elcyse","id":"gmce9maw9elcyse"},"id":"ij81poe5jvsiymw","previousOperationId":"v2s6nkj4iaxaic4"}
{"type":"operationStart","subtype":"pdfUtils","name":"pdf utils","timestamp":1701086386062,"id":"9iasj73a9s3139b","previousEventId":"0mg42ngqylp0tsu","operationId":"uzgr1df48m80lt4","previousOperationId":"v2s6nkj4iaxaic4"}
{"type":"log","timestamp":1701086386062,"level":"debug","message":"pdf-utils detected 1 pdf operation(s) to process","meta":{"rootId":"gmce9maw9elcyse","id":"gmce9maw9elcyse"},"id":"dqmtgd5gfoutl1m","previousOperationId":"uzgr1df48m80lt4"}
{"type":"log","timestamp":1701086386080,"level":"debug","message":"pdf-utils running pdf operation merge","meta":{"rootId":"gmce9maw9elcyse","id":"gmce9maw9elcyse"},"id":"dqxnd5uzy0hsm64","previousOperationId":"uzgr1df48m80lt4"}
{"type":"operationStart","subtype":"pdfUtilsMerge","name":"pdf utils merge","previousOperationId":"uzgr1df48m80lt4","timestamp":1701086386080,"id":"p5dsra5nhipbf2d","previousEventId":"9iasj73a9s3139b","operationId":"xmhullofioebs81"}
{"type":"operationStart","subtype":"render","name":"header-footer","previousOperationId":"xmhullofioebs81","timestamp":1701086386081,"id":"4i9tbbwm6dou6no","previousEventId":"p5dsra5nhipbf2d","operationId":"y60c6rue99stt5u"}
{"type":"log","timestamp":1701086386081,"level":"info","message":"Starting rendering (child) request","meta":{"rootId":"gmce9maw9elcyse","id":"094gl1eywox4odt"},"id":"x3cbl1k66wq334d","previousOperationId":"y60c6rue99stt5u"}
{"type":"log","timestamp":1701086386081,"level":"info","message":"Rendering template { name: header-footer, recipe: chrome-pdf, engine: handlebars, preview: true }","meta":{"rootId":"gmce9maw9elcyse","id":"094gl1eywox4odt"},"id":"7n1n1k1x57j5axr","previousOperationId":"y60c6rue99stt5u"}
{"type":"log","timestamp":1701086386082,"level":"debug","message":"Inline data specified.","meta":{"rootId":"gmce9maw9elcyse","id":"094gl1eywox4odt"},"id":"izmb7qhcek1n033","previousOperationId":"y60c6rue99stt5u"}
{"type":"log","timestamp":1701086386082,"level":"debug","message":"Base url not specified, skipping its injection.","meta":{"rootId":"gmce9maw9elcyse","id":"094gl1eywox4odt"},"id":"jnnn6exxv9tfu43","previousOperationId":"y60c6rue99stt5u"}
{"type":"operationStart","subtype":"engine","name":"handlebars","timestamp":1701086386083,"id":"btiwl2adamjbcb6","previousEventId":"4i9tbbwm6dou6no","operationId":"428rmezluwzg2c5","previousOperationId":"y60c6rue99stt5u"}
{"type":"log","timestamp":1701086386083,"level":"debug","message":"Rendering engine handlebars","meta":{"rootId":"gmce9maw9elcyse","id":"094gl1eywox4odt"},"id":"ot24358u5hmi0tq","previousOperationId":"428rmezluwzg2c5"}
{"type":"operationEnd","operationId":"428rmezluwzg2c5","timestamp":1701086386085,"id":"n612egauruvlu3q","previousEventId":"btiwl2adamjbcb6","previousOperationId":"428rmezluwzg2c5"}
{"type":"operationStart","subtype":"recipe","name":"chrome-pdf","timestamp":1701086386085,"id":"1kqnct7i06oolwa","previousEventId":"n612egauruvlu3q","operationId":"5rse6j4kol1i7ul","previousOperationId":"428rmezluwzg2c5"}
{"type":"log","timestamp":1701086386085,"level":"debug","message":"Executing recipe chrome-pdf","meta":{"rootId":"gmce9maw9elcyse","id":"094gl1eywox4odt"},"id":"duk6cf45gku6fsz","previousOperationId":"5rse6j4kol1i7ul"}
{"type":"log","timestamp":1701086386086,"level":"debug","message":"Converting with chrome HeadlessChrome/117.0.5938.149 using chrome-pool strategy","meta":{"rootId":"gmce9maw9elcyse","id":"094gl1eywox4odt"},"id":"8ybnw9h13h9jphe","previousOperationId":"5rse6j4kol1i7ul"}
{"type":"log","timestamp":1701086386123,"level":"debug","message":"Page request: GET (document) file:///var/folders/dp/qk79pfcj0y1fmtkkl08m76rc0000gn/T/jsreport/autocleanup/ad221e4a-7bf4-4e79-9920-10962abff036-chrome-pdf.html","meta":{"rootId":"gmce9maw9elcyse","id":"094gl1eywox4odt"},"id":"qb2s1cg6ms73bp7","previousOperationId":"5rse6j4kol1i7ul"}
{"type":"log","timestamp":1701086386127,"level":"debug","message":"Page request finished: GET (document) 200 file:///var/folders/dp/qk79pfcj0y1fmtkkl08m76rc0000gn/T/jsreport/autocleanup/ad221e4a-7bf4-4e79-9920-10962abff036-chrome-pdf.html","meta":{"rootId":"gmce9maw9elcyse","id":"094gl1eywox4odt"},"id":"3gioce2yqoeo36u","previousOperationId":"5rse6j4kol1i7ul"}
{"type":"log","timestamp":1701086386134,"level":"debug","message":"Running chrome with params {\"timeout\":59853,\"margin\":{},\"printBackground\":true}","meta":{"rootId":"gmce9maw9elcyse","id":"094gl1eywox4odt"},"id":"6z7oeitdi359qop","previousOperationId":"5rse6j4kol1i7ul"}
{"type":"operationEnd","operationId":"5rse6j4kol1i7ul","timestamp":1701086386140,"id":"aqltymuzt05yamu","previousEventId":"1kqnct7i06oolwa","previousOperationId":"5rse6j4kol1i7ul"}
{"type":"log","timestamp":1701086386140,"level":"debug","message":"Skipping storing report.","meta":{"rootId":"gmce9maw9elcyse","id":"094gl1eywox4odt"},"id":"tkuqkxu2k110cmm","previousOperationId":"5rse6j4kol1i7ul"}
{"type":"log","timestamp":1701086386140,"level":"info","message":"Rendering (child) request finished in 201 ms","meta":{"rootId":"gmce9maw9elcyse","id":"094gl1eywox4odt"},"id":"tqnru5ul8zmr96m","previousOperationId":"5rse6j4kol1i7ul"}
{"type":"operationEnd","subtype":"render","operationId":"y60c6rue99stt5u","timestamp":1701086386140,"id":"cm71kosc8t9t1nd","previousEventId":"aqltymuzt05yamu","previousOperationId":"5rse6j4kol1i7ul"}
{"type":"operationEnd","operationId":"xmhullofioebs81","timestamp":1701086386144,"id":"ofd6ha4pcn48win","previousEventId":"p5dsra5nhipbf2d","previousOperationId":"xmhullofioebs81"}
{"type":"log","timestamp":1701086386144,"level":"debug","message":"pdf-utils postproces start","meta":{"rootId":"gmce9maw9elcyse","id":"gmce9maw9elcyse"},"id":"vwiat5ulx4j6uu1","previousOperationId":"xmhullofioebs81"}
{"type":"log","timestamp":1701086386151,"level":"debug","message":"pdf-utils postproces end","meta":{"rootId":"gmce9maw9elcyse","id":"gmce9maw9elcyse"},"id":"8dmn182phuu8qdw","previousOperationId":"xmhullofioebs81"}
{"type":"operationEnd","operationId":"uzgr1df48m80lt4","timestamp":1701086386151,"id":"t5yxa4y40d83rcs","previousEventId":"ofd6ha4pcn48win","previousOperationId":"xmhullofioebs81"}
{"type":"log","timestamp":1701086386151,"level":"info","message":"pdf-utils pdf processing was finished","meta":{"rootId":"gmce9maw9elcyse","id":"gmce9maw9elcyse"},"id":"6jnj4bu38vfk7zl","previousOperationId":"uzgr1df48m80lt4"}
{"type":"log","timestamp":1701086386151,"level":"debug","message":"Skipping storing report.","meta":{"rootId":"gmce9maw9elcyse","id":"gmce9maw9elcyse"},"id":"ub7002647rw8ap4","previousOperationId":"uzgr1df48m80lt4"}
{"type":"log","timestamp":1701086386151,"level":"info","message":"Rendering request 104 finished in 212 ms","meta":{"rootId":"gmce9maw9elcyse","id":"gmce9maw9elcyse"},"id":"fm8yxs1huqb85q9","previousOperationId":"uzgr1df48m80lt4"}
{"type":"operationEnd","subtype":"render","operationId":"uc5zzpwo6ozg7zz","timestamp":1701086386151,"id":"bi8k4ysisl28voq","previousEventId":"t5yxa4y40d83rcs","previousOperationId":"uzgr1df48m80lt4"}
{"type":"operationEnd","doDiffs":false,"previousEventId":"cu1fxmz9uzr32eo","previousOperationId":"fa8970eoqwd99c0","operationId":"fa8970eoqwd99c0","timestamp":1701086386153,"id":"fl18hthatl2lilo"}
