{"type":"operationStart","subtype":"profile","data":{"_id":"cpeltmuBo0sWjuEt","timestamp":"2023-11-27T11:25:34.395Z","state":"queued","mode":"standard","creationDate":"2023-11-27T11:25:34.396Z","modificationDate":"2023-11-27T11:25:34.396Z","shortid":"U9XtpTL","$entitySet":"profiles"},"doDiffs":false,"timestamp":1701084334395,"id":"2m4veya3wjua1u4","previousOperationId":null,"operationId":"nf0xawgceyv38qg"}
{"type":"log","level":"info","message":"Render request 72 queued for execution and waiting for available worker","previousOperationId":"nf0xawgceyv38qg","timestamp":1701084334395,"id":"p1eavlpnuym7g09"}
{"type":"operationStart","subtype":"render","name":"sporazum_pravno","previousOperationId":"nf0xawgceyv38qg","timestamp":1701084334400,"id":"qtn7zl3bh8egfl3","previousEventId":"2m4veya3wjua1u4","operationId":"dp2l9qy588kjq3e"}
{"type":"log","timestamp":1701084334400,"level":"info","message":"Starting rendering request 72","meta":{"rootId":"ibl9xln6ks3fbbi","id":"ibl9xln6ks3fbbi"},"id":"pcodeyqd3guwqdb","previousOperationId":"dp2l9qy588kjq3e"}
{"type":"log","timestamp":1701084334400,"level":"info","message":"Rendering template { name: sporazum_pravno, recipe: chrome-pdf, engine: handlebars, preview: true }","meta":{"rootId":"ibl9xln6ks3fbbi","id":"ibl9xln6ks3fbbi"},"id":"kqm0pxke3thmqvq","previousOperationId":"dp2l9qy588kjq3e"}
{"type":"log","timestamp":1701084334400,"level":"debug","message":"Adding sample data BBCHzcseQ","meta":{"rootId":"ibl9xln6ks3fbbi","id":"ibl9xln6ks3fbbi"},"id":"cg5udv2xy9kqk96","previousOperationId":"dp2l9qy588kjq3e"}
{"type":"log","timestamp":1701084334401,"level":"debug","message":"Base url not specified, skipping its injection.","meta":{"rootId":"ibl9xln6ks3fbbi","id":"ibl9xln6ks3fbbi"},"id":"tvuz7epr8uw3ml7","previousOperationId":"dp2l9qy588kjq3e"}
{"type":"operationStart","subtype":"engine","name":"handlebars","timestamp":1701084334401,"id":"yegrc8keyjbw4a0","previousEventId":"qtn7zl3bh8egfl3","operationId":"3dtxphsfrjwuntc","previousOperationId":"dp2l9qy588kjq3e"}
{"type":"log","timestamp":1701084334401,"level":"debug","message":"Rendering engine handlebars","meta":{"rootId":"ibl9xln6ks3fbbi","id":"ibl9xln6ks3fbbi"},"id":"ka5qqyxxymtfv21","previousOperationId":"3dtxphsfrjwuntc"}
{"type":"operationEnd","operationId":"3dtxphsfrjwuntc","timestamp":1701084334407,"id":"rar5jt7j5369r5v","previousEventId":"yegrc8keyjbw4a0","previousOperationId":"3dtxphsfrjwuntc"}
{"type":"operationStart","subtype":"recipe","name":"chrome-pdf","timestamp":1701084334407,"id":"5hx1kkit862462s","previousEventId":"rar5jt7j5369r5v","operationId":"y3tnpkejfvdfeyv","previousOperationId":"3dtxphsfrjwuntc"}
{"type":"log","timestamp":1701084334407,"level":"debug","message":"Executing recipe chrome-pdf","meta":{"rootId":"ibl9xln6ks3fbbi","id":"ibl9xln6ks3fbbi"},"id":"cnxqiub3engw5hj","previousOperationId":"y3tnpkejfvdfeyv"}
{"type":"log","timestamp":1701084334409,"level":"debug","message":"Converting with chrome HeadlessChrome/117.0.5938.149 using chrome-pool strategy","meta":{"rootId":"ibl9xln6ks3fbbi","id":"ibl9xln6ks3fbbi"},"id":"xdfuxwys6o80gnx","previousOperationId":"y3tnpkejfvdfeyv"}
{"type":"log","timestamp":1701084334455,"level":"debug","message":"Page request: GET (document) file:///var/folders/dp/qk79pfcj0y1fmtkkl08m76rc0000gn/T/jsreport/autocleanup/2229adb9-11cb-4dad-87bc-4fe45699b5ac-chrome-pdf.html","meta":{"rootId":"ibl9xln6ks3fbbi","id":"ibl9xln6ks3fbbi"},"id":"i9rn34ucmm07iz4","previousOperationId":"y3tnpkejfvdfeyv"}
{"type":"log","timestamp":1701084334459,"level":"debug","message":"Page request finished: GET (document) 200 file:///var/folders/dp/qk79pfcj0y1fmtkkl08m76rc0000gn/T/jsreport/autocleanup/2229adb9-11cb-4dad-87bc-4fe45699b5ac-chrome-pdf.html","meta":{"rootId":"ibl9xln6ks3fbbi","id":"ibl9xln6ks3fbbi"},"id":"1xnlwxylhuicy5q","previousOperationId":"y3tnpkejfvdfeyv"}
{"type":"log","timestamp":1701084334470,"level":"debug","message":"Running chrome with params {\"printBackground\":true,\"format\":\"a4\",\"marginTop\":\"2cm\",\"marginBottom\":\"2cm\",\"timeout\":59986,\"margin\":{\"top\":\"2cm\",\"bottom\":\"2cm\"}}","meta":{"rootId":"ibl9xln6ks3fbbi","id":"ibl9xln6ks3fbbi"},"id":"387haof1zfx4qwf","previousOperationId":"y3tnpkejfvdfeyv"}
{"type":"operationEnd","operationId":"y3tnpkejfvdfeyv","timestamp":1701084334489,"id":"ug2finwz6jaqesc","previousEventId":"5hx1kkit862462s","previousOperationId":"y3tnpkejfvdfeyv"}
{"type":"log","timestamp":1701084334489,"level":"info","message":"pdf-utils is starting pdf processing","meta":{"rootId":"ibl9xln6ks3fbbi","id":"ibl9xln6ks3fbbi"},"id":"njaebmzs2lcnls3","previousOperationId":"y3tnpkejfvdfeyv"}
{"type":"operationStart","subtype":"pdfUtils","name":"pdf utils","timestamp":1701084334489,"id":"12yc74734sgcyag","previousEventId":"ug2finwz6jaqesc","operationId":"6o3l65f35snn0iy","previousOperationId":"y3tnpkejfvdfeyv"}
{"type":"log","timestamp":1701084334489,"level":"debug","message":"pdf-utils detected 1 pdf operation(s) to process","meta":{"rootId":"ibl9xln6ks3fbbi","id":"ibl9xln6ks3fbbi"},"id":"dssmmbw7dir9c9k","previousOperationId":"6o3l65f35snn0iy"}
{"type":"log","timestamp":1701084334515,"level":"debug","message":"pdf-utils running pdf operation merge","meta":{"rootId":"ibl9xln6ks3fbbi","id":"ibl9xln6ks3fbbi"},"id":"7afif6pugoml941","previousOperationId":"6o3l65f35snn0iy"}
{"type":"operationStart","subtype":"pdfUtilsMerge","name":"pdf utils merge","previousOperationId":"6o3l65f35snn0iy","timestamp":1701084334516,"id":"fe2dfr9afdm8bhf","previousEventId":"12yc74734sgcyag","operationId":"ng098w5zvf52man"}
{"type":"operationStart","subtype":"render","name":"header-footer","previousOperationId":"ng098w5zvf52man","timestamp":1701084334516,"id":"93o7kqk8wtabyt2","previousEventId":"fe2dfr9afdm8bhf","operationId":"pi8wnk9pglsu04f"}
{"type":"log","timestamp":1701084334516,"level":"info","message":"Starting rendering (child) request","meta":{"rootId":"ibl9xln6ks3fbbi","id":"jrk6f23udldftcy"},"id":"1vxu9hpd0k8q9gz","previousOperationId":"pi8wnk9pglsu04f"}
{"type":"log","timestamp":1701084334516,"level":"info","message":"Rendering template { name: header-footer, recipe: chrome-pdf, engine: handlebars, preview: true }","meta":{"rootId":"ibl9xln6ks3fbbi","id":"jrk6f23udldftcy"},"id":"ohb28heugzramr1","previousOperationId":"pi8wnk9pglsu04f"}
{"type":"log","timestamp":1701084334517,"level":"debug","message":"Inline data specified.","meta":{"rootId":"ibl9xln6ks3fbbi","id":"jrk6f23udldftcy"},"id":"4nmbcozsjh4y7w3","previousOperationId":"pi8wnk9pglsu04f"}
{"type":"log","timestamp":1701084334518,"level":"debug","message":"Base url not specified, skipping its injection.","meta":{"rootId":"ibl9xln6ks3fbbi","id":"jrk6f23udldftcy"},"id":"0knhmcjtum31ben","previousOperationId":"pi8wnk9pglsu04f"}
{"type":"operationStart","subtype":"engine","name":"handlebars","timestamp":1701084334518,"id":"4gxfkctfwxj9g39","previousEventId":"93o7kqk8wtabyt2","operationId":"e1mjexazt5l60jg","previousOperationId":"pi8wnk9pglsu04f"}
{"type":"log","timestamp":1701084334518,"level":"debug","message":"Rendering engine handlebars","meta":{"rootId":"ibl9xln6ks3fbbi","id":"jrk6f23udldftcy"},"id":"gryefrkacxpqvxs","previousOperationId":"e1mjexazt5l60jg"}
{"type":"operationEnd","operationId":"e1mjexazt5l60jg","timestamp":1701084334521,"id":"ujpzi6dqw9drccw","previousEventId":"4gxfkctfwxj9g39","previousOperationId":"e1mjexazt5l60jg"}
{"type":"operationStart","subtype":"recipe","name":"chrome-pdf","timestamp":1701084334522,"id":"urnb0g9nloved7v","previousEventId":"ujpzi6dqw9drccw","operationId":"mk5vbvhmpemdx0p","previousOperationId":"e1mjexazt5l60jg"}
{"type":"log","timestamp":1701084334522,"level":"debug","message":"Executing recipe chrome-pdf","meta":{"rootId":"ibl9xln6ks3fbbi","id":"jrk6f23udldftcy"},"id":"wyppp17a3h9q85h","previousOperationId":"mk5vbvhmpemdx0p"}
{"type":"log","timestamp":1701084334522,"level":"debug","message":"Converting with chrome HeadlessChrome/117.0.5938.149 using chrome-pool strategy","meta":{"rootId":"ibl9xln6ks3fbbi","id":"jrk6f23udldftcy"},"id":"br44bni4w8k084c","previousOperationId":"mk5vbvhmpemdx0p"}
{"type":"log","timestamp":1701084334559,"level":"debug","message":"Page request: GET (document) file:///var/folders/dp/qk79pfcj0y1fmtkkl08m76rc0000gn/T/jsreport/autocleanup/fa6c5d9e-d47b-4c0f-9a8e-8ffd21dfedd7-chrome-pdf.html","meta":{"rootId":"ibl9xln6ks3fbbi","id":"jrk6f23udldftcy"},"id":"nextsayrjecx7yz","previousOperationId":"mk5vbvhmpemdx0p"}
{"type":"log","timestamp":1701084334564,"level":"debug","message":"Page request finished: GET (document) 200 file:///var/folders/dp/qk79pfcj0y1fmtkkl08m76rc0000gn/T/jsreport/autocleanup/fa6c5d9e-d47b-4c0f-9a8e-8ffd21dfedd7-chrome-pdf.html","meta":{"rootId":"ibl9xln6ks3fbbi","id":"jrk6f23udldftcy"},"id":"wake7apleph9qb6","previousOperationId":"mk5vbvhmpemdx0p"}
{"type":"log","timestamp":1701084334571,"level":"debug","message":"Running chrome with params {\"timeout\":59872,\"margin\":{},\"printBackground\":true}","meta":{"rootId":"ibl9xln6ks3fbbi","id":"jrk6f23udldftcy"},"id":"k2vd8ro7qv4olwa","previousOperationId":"mk5vbvhmpemdx0p"}
{"type":"operationEnd","operationId":"mk5vbvhmpemdx0p","timestamp":1701084334576,"id":"3fpa0htox8txmow","previousEventId":"urnb0g9nloved7v","previousOperationId":"mk5vbvhmpemdx0p"}
{"type":"log","timestamp":1701084334576,"level":"debug","message":"Skipping storing report.","meta":{"rootId":"ibl9xln6ks3fbbi","id":"jrk6f23udldftcy"},"id":"rs6cof59xxrpblg","previousOperationId":"mk5vbvhmpemdx0p"}
{"type":"log","timestamp":1701084334577,"level":"info","message":"Rendering (child) request finished in 183 ms","meta":{"rootId":"ibl9xln6ks3fbbi","id":"jrk6f23udldftcy"},"id":"04598aflr3olwqq","previousOperationId":"mk5vbvhmpemdx0p"}
{"type":"operationEnd","subtype":"render","operationId":"pi8wnk9pglsu04f","timestamp":1701084334577,"id":"x4v60roa2pl5e2t","previousEventId":"3fpa0htox8txmow","previousOperationId":"mk5vbvhmpemdx0p"}
{"type":"operationEnd","operationId":"ng098w5zvf52man","timestamp":1701084334581,"id":"tnoqke56j47gnni","previousEventId":"fe2dfr9afdm8bhf","previousOperationId":"ng098w5zvf52man"}
{"type":"log","timestamp":1701084334581,"level":"debug","message":"pdf-utils postproces start","meta":{"rootId":"ibl9xln6ks3fbbi","id":"ibl9xln6ks3fbbi"},"id":"ry0rhubu1myiecv","previousOperationId":"ng098w5zvf52man"}
{"type":"log","timestamp":1701084334588,"level":"debug","message":"pdf-utils postproces end","meta":{"rootId":"ibl9xln6ks3fbbi","id":"ibl9xln6ks3fbbi"},"id":"upzimnv3qc8c9ob","previousOperationId":"ng098w5zvf52man"}
{"type":"operationEnd","operationId":"6o3l65f35snn0iy","timestamp":1701084334588,"id":"cp1xz9guhy8v9lu","previousEventId":"tnoqke56j47gnni","previousOperationId":"ng098w5zvf52man"}
{"type":"log","timestamp":1701084334588,"level":"info","message":"pdf-utils pdf processing was finished","meta":{"rootId":"ibl9xln6ks3fbbi","id":"ibl9xln6ks3fbbi"},"id":"6ju7p02vefy1ft0","previousOperationId":"6o3l65f35snn0iy"}
{"type":"log","timestamp":1701084334588,"level":"debug","message":"Skipping storing report.","meta":{"rootId":"ibl9xln6ks3fbbi","id":"ibl9xln6ks3fbbi"},"id":"yi7497ujx1wz8gn","previousOperationId":"6o3l65f35snn0iy"}
{"type":"log","timestamp":1701084334588,"level":"info","message":"Rendering request 72 finished in 194 ms","meta":{"rootId":"ibl9xln6ks3fbbi","id":"ibl9xln6ks3fbbi"},"id":"1cory26l3vr1gli","previousOperationId":"6o3l65f35snn0iy"}
{"type":"operationEnd","subtype":"render","operationId":"dp2l9qy588kjq3e","timestamp":1701084334589,"id":"z7k5sw3sbpzbgmq","previousEventId":"cp1xz9guhy8v9lu","previousOperationId":"6o3l65f35snn0iy"}
{"type":"operationEnd","doDiffs":false,"previousEventId":"2m4veya3wjua1u4","previousOperationId":"nf0xawgceyv38qg","operationId":"nf0xawgceyv38qg","timestamp":1701084334590,"id":"awmfc3atjgrij6d"}
