{"type":"operationStart","subtype":"profile","data":{"_id":"fDCjJtf2VYJeuIGW","timestamp":"2023-11-27T11:54:30.894Z","state":"queued","mode":"standard","creationDate":"2023-11-27T11:54:30.895Z","modificationDate":"2023-11-27T11:54:30.895Z","shortid":"jtvlKHu","$entitySet":"profiles"},"doDiffs":false,"timestamp":1701086070895,"id":"g4l4cqvue90zzou","previousOperationId":null,"operationId":"wrzltr41do634y9"}
{"type":"log","level":"info","message":"Render request 97 queued for execution and waiting for available worker","previousOperationId":"wrzltr41do634y9","timestamp":1701086070895,"id":"plamlvjpzag0h31"}
{"type":"operationStart","subtype":"render","name":"sporazum_pravno","previousOperationId":"wrzltr41do634y9","timestamp":1701086070903,"id":"9sf5mfj7udjg18w","previousEventId":"g4l4cqvue90zzou","operationId":"bvddrwsb969wtf0"}
{"type":"log","timestamp":1701086070903,"level":"info","message":"Starting rendering request 97","meta":{"rootId":"omazdiaos9ge6bc","id":"omazdiaos9ge6bc"},"id":"11vas4alujnpjek","previousOperationId":"bvddrwsb969wtf0"}
{"type":"log","timestamp":1701086070904,"level":"info","message":"Rendering template { name: sporazum_pravno, recipe: chrome-pdf, engine: handlebars, preview: true }","meta":{"rootId":"omazdiaos9ge6bc","id":"omazdiaos9ge6bc"},"id":"3bzyo77bmvqdbu3","previousOperationId":"bvddrwsb969wtf0"}
{"type":"log","timestamp":1701086070906,"level":"debug","message":"Inline data specified.","meta":{"rootId":"omazdiaos9ge6bc","id":"omazdiaos9ge6bc"},"id":"98iwp7ce6cj3tav","previousOperationId":"bvddrwsb969wtf0"}
{"type":"log","timestamp":1701086070911,"level":"debug","message":"Base url not specified, skipping its injection.","meta":{"rootId":"omazdiaos9ge6bc","id":"omazdiaos9ge6bc"},"id":"4s8gbwhsc28n4ru","previousOperationId":"bvddrwsb969wtf0"}
{"type":"operationStart","subtype":"engine","name":"handlebars","timestamp":1701086070912,"id":"y68w4jbvbhach91","previousEventId":"9sf5mfj7udjg18w","operationId":"py90pqjeccam75s","previousOperationId":"bvddrwsb969wtf0"}
{"type":"log","timestamp":1701086070912,"level":"debug","message":"Rendering engine handlebars","meta":{"rootId":"omazdiaos9ge6bc","id":"omazdiaos9ge6bc"},"id":"0684yxd17tfy0hl","previousOperationId":"py90pqjeccam75s"}
{"type":"operationEnd","operationId":"py90pqjeccam75s","timestamp":1701086070929,"id":"1354wdilza345vo","previousEventId":"y68w4jbvbhach91","previousOperationId":"py90pqjeccam75s"}
{"type":"operationStart","subtype":"recipe","name":"chrome-pdf","timestamp":1701086070929,"id":"8qbe4jr9hro1s3y","previousEventId":"1354wdilza345vo","operationId":"grlrziukhujsxv5","previousOperationId":"py90pqjeccam75s"}
{"type":"log","timestamp":1701086070929,"level":"debug","message":"Executing recipe chrome-pdf","meta":{"rootId":"omazdiaos9ge6bc","id":"omazdiaos9ge6bc"},"id":"a6sfla9221r1r1q","previousOperationId":"grlrziukhujsxv5"}
{"type":"log","timestamp":1701086070931,"level":"debug","message":"Converting with chrome HeadlessChrome/117.0.5938.149 using chrome-pool strategy","meta":{"rootId":"omazdiaos9ge6bc","id":"omazdiaos9ge6bc"},"id":"77x0i7162nrudty","previousOperationId":"grlrziukhujsxv5"}
{"type":"log","timestamp":1701086070982,"level":"debug","message":"Page request: GET (document) file:///var/folders/dp/qk79pfcj0y1fmtkkl08m76rc0000gn/T/jsreport/autocleanup/94dac9e1-28ee-4e4d-aea1-b458eefa6586-chrome-pdf.html","meta":{"rootId":"omazdiaos9ge6bc","id":"omazdiaos9ge6bc"},"id":"48q3yxmsw7ss7lv","previousOperationId":"grlrziukhujsxv5"}
{"type":"log","timestamp":1701086070987,"level":"debug","message":"Page request finished: GET (document) 200 file:///var/folders/dp/qk79pfcj0y1fmtkkl08m76rc0000gn/T/jsreport/autocleanup/94dac9e1-28ee-4e4d-aea1-b458eefa6586-chrome-pdf.html","meta":{"rootId":"omazdiaos9ge6bc","id":"omazdiaos9ge6bc"},"id":"jk393gqnro31cke","previousOperationId":"grlrziukhujsxv5"}
{"type":"log","timestamp":1701086070999,"level":"debug","message":"Running chrome with params {\"printBackground\":true,\"format\":\"a4\",\"marginTop\":\"2cm\",\"marginBottom\":\"2cm\",\"timeout\":59964,\"margin\":{\"top\":\"2cm\",\"bottom\":\"2cm\"}}","meta":{"rootId":"omazdiaos9ge6bc","id":"omazdiaos9ge6bc"},"id":"e1z42khfslkg64e","previousOperationId":"grlrziukhujsxv5"}
{"type":"operationEnd","operationId":"grlrziukhujsxv5","timestamp":1701086071022,"id":"4rsffbo8kmn9q4h","previousEventId":"8qbe4jr9hro1s3y","previousOperationId":"grlrziukhujsxv5"}
{"type":"log","timestamp":1701086071022,"level":"info","message":"pdf-utils is starting pdf processing","meta":{"rootId":"omazdiaos9ge6bc","id":"omazdiaos9ge6bc"},"id":"9l1jpheol92eeo4","previousOperationId":"grlrziukhujsxv5"}
{"type":"operationStart","subtype":"pdfUtils","name":"pdf utils","timestamp":1701086071022,"id":"i0o15ogrjwnpfd9","previousEventId":"4rsffbo8kmn9q4h","operationId":"rx7nn98gscj68si","previousOperationId":"grlrziukhujsxv5"}
{"type":"log","timestamp":1701086071022,"level":"debug","message":"pdf-utils detected 1 pdf operation(s) to process","meta":{"rootId":"omazdiaos9ge6bc","id":"omazdiaos9ge6bc"},"id":"ps94fhakahxygur","previousOperationId":"rx7nn98gscj68si"}
{"type":"log","timestamp":1701086071043,"level":"debug","message":"pdf-utils running pdf operation merge","meta":{"rootId":"omazdiaos9ge6bc","id":"omazdiaos9ge6bc"},"id":"8c3pz67jnx4gkdx","previousOperationId":"rx7nn98gscj68si"}
{"type":"operationStart","subtype":"pdfUtilsMerge","name":"pdf utils merge","previousOperationId":"rx7nn98gscj68si","timestamp":1701086071043,"id":"mps0s5iuqbgqzl9","previousEventId":"i0o15ogrjwnpfd9","operationId":"losvlpfz23sn1n9"}
{"type":"operationStart","subtype":"render","name":"header-footer","previousOperationId":"losvlpfz23sn1n9","timestamp":1701086071043,"id":"nrgvwo12covct06","previousEventId":"mps0s5iuqbgqzl9","operationId":"483maxzmzjstweo"}
{"type":"log","timestamp":1701086071043,"level":"info","message":"Starting rendering (child) request","meta":{"rootId":"omazdiaos9ge6bc","id":"de9wt28vy1ilw17"},"id":"cyjun65vrv5ooia","previousOperationId":"483maxzmzjstweo"}
{"type":"log","timestamp":1701086071043,"level":"info","message":"Rendering template { name: header-footer, recipe: chrome-pdf, engine: handlebars, preview: true }","meta":{"rootId":"omazdiaos9ge6bc","id":"de9wt28vy1ilw17"},"id":"pqdn1etb60os39y","previousOperationId":"483maxzmzjstweo"}
{"type":"log","timestamp":1701086071044,"level":"debug","message":"Inline data specified.","meta":{"rootId":"omazdiaos9ge6bc","id":"de9wt28vy1ilw17"},"id":"2ckicpi5kldzts8","previousOperationId":"483maxzmzjstweo"}
{"type":"log","timestamp":1701086071044,"level":"debug","message":"Base url not specified, skipping its injection.","meta":{"rootId":"omazdiaos9ge6bc","id":"de9wt28vy1ilw17"},"id":"ifed6vabhgazymh","previousOperationId":"483maxzmzjstweo"}
{"type":"operationStart","subtype":"engine","name":"handlebars","timestamp":1701086071044,"id":"vwufo9lpy8kfccc","previousEventId":"nrgvwo12covct06","operationId":"djp28it7t0024qt","previousOperationId":"483maxzmzjstweo"}
{"type":"log","timestamp":1701086071044,"level":"debug","message":"Rendering engine handlebars","meta":{"rootId":"omazdiaos9ge6bc","id":"de9wt28vy1ilw17"},"id":"tnae10difew8joq","previousOperationId":"djp28it7t0024qt"}
{"type":"operationEnd","operationId":"djp28it7t0024qt","timestamp":1701086071048,"id":"bfiilk1xwrecz7b","previousEventId":"vwufo9lpy8kfccc","previousOperationId":"djp28it7t0024qt"}
{"type":"operationStart","subtype":"recipe","name":"chrome-pdf","timestamp":1701086071048,"id":"orkn9cglk5i2mnn","previousEventId":"bfiilk1xwrecz7b","operationId":"gb4bodsb2ea8y9s","previousOperationId":"djp28it7t0024qt"}
{"type":"log","timestamp":1701086071048,"level":"debug","message":"Executing recipe chrome-pdf","meta":{"rootId":"omazdiaos9ge6bc","id":"de9wt28vy1ilw17"},"id":"5qwpgksi18al0ra","previousOperationId":"gb4bodsb2ea8y9s"}
{"type":"log","timestamp":1701086071048,"level":"debug","message":"Converting with chrome HeadlessChrome/117.0.5938.149 using chrome-pool strategy","meta":{"rootId":"omazdiaos9ge6bc","id":"de9wt28vy1ilw17"},"id":"r85nz61vwiwg2ff","previousOperationId":"gb4bodsb2ea8y9s"}
{"type":"log","timestamp":1701086071093,"level":"debug","message":"Page request: GET (document) file:///var/folders/dp/qk79pfcj0y1fmtkkl08m76rc0000gn/T/jsreport/autocleanup/c187164d-98f2-4a36-b0ec-ced49b35b2c9-chrome-pdf.html","meta":{"rootId":"omazdiaos9ge6bc","id":"de9wt28vy1ilw17"},"id":"lzxhor3q7oow0tl","previousOperationId":"gb4bodsb2ea8y9s"}
{"type":"log","timestamp":1701086071098,"level":"debug","message":"Page request finished: GET (document) 200 file:///var/folders/dp/qk79pfcj0y1fmtkkl08m76rc0000gn/T/jsreport/autocleanup/c187164d-98f2-4a36-b0ec-ced49b35b2c9-chrome-pdf.html","meta":{"rootId":"omazdiaos9ge6bc","id":"de9wt28vy1ilw17"},"id":"rgmk80g86m2x2z7","previousOperationId":"gb4bodsb2ea8y9s"}
{"type":"log","timestamp":1701086071105,"level":"debug","message":"Running chrome with params {\"timeout\":59846,\"margin\":{},\"printBackground\":true}","meta":{"rootId":"omazdiaos9ge6bc","id":"de9wt28vy1ilw17"},"id":"uk241fcww34d1ig","previousOperationId":"gb4bodsb2ea8y9s"}
{"type":"operationEnd","operationId":"gb4bodsb2ea8y9s","timestamp":1701086071111,"id":"6mfuefiu6guf2ye","previousEventId":"orkn9cglk5i2mnn","previousOperationId":"gb4bodsb2ea8y9s"}
{"type":"log","timestamp":1701086071111,"level":"debug","message":"Skipping storing report.","meta":{"rootId":"omazdiaos9ge6bc","id":"de9wt28vy1ilw17"},"id":"ncchawpaypgvqyk","previousOperationId":"gb4bodsb2ea8y9s"}
{"type":"log","timestamp":1701086071111,"level":"info","message":"Rendering (child) request finished in 217 ms","meta":{"rootId":"omazdiaos9ge6bc","id":"de9wt28vy1ilw17"},"id":"xhjwydo5w1ht4tm","previousOperationId":"gb4bodsb2ea8y9s"}
{"type":"operationEnd","subtype":"render","operationId":"483maxzmzjstweo","timestamp":1701086071111,"id":"mglgvieqrwbsz04","previousEventId":"6mfuefiu6guf2ye","previousOperationId":"gb4bodsb2ea8y9s"}
{"type":"operationEnd","operationId":"losvlpfz23sn1n9","timestamp":1701086071115,"id":"q3ibks8sosdvl91","previousEventId":"mps0s5iuqbgqzl9","previousOperationId":"losvlpfz23sn1n9"}
{"type":"log","timestamp":1701086071115,"level":"debug","message":"pdf-utils postproces start","meta":{"rootId":"omazdiaos9ge6bc","id":"omazdiaos9ge6bc"},"id":"d4fs226ra2m4t8d","previousOperationId":"losvlpfz23sn1n9"}
{"type":"log","timestamp":1701086071121,"level":"debug","message":"pdf-utils postproces end","meta":{"rootId":"omazdiaos9ge6bc","id":"omazdiaos9ge6bc"},"id":"3kjs8ds7bemdsy6","previousOperationId":"losvlpfz23sn1n9"}
{"type":"operationEnd","operationId":"rx7nn98gscj68si","timestamp":1701086071121,"id":"cy2vu69hy34flwi","previousEventId":"q3ibks8sosdvl91","previousOperationId":"losvlpfz23sn1n9"}
{"type":"log","timestamp":1701086071121,"level":"info","message":"pdf-utils pdf processing was finished","meta":{"rootId":"omazdiaos9ge6bc","id":"omazdiaos9ge6bc"},"id":"t47av3u3hv2uih5","previousOperationId":"rx7nn98gscj68si"}
{"type":"log","timestamp":1701086071121,"level":"debug","message":"Skipping storing report.","meta":{"rootId":"omazdiaos9ge6bc","id":"omazdiaos9ge6bc"},"id":"z3rlutwmu2dp3i2","previousOperationId":"rx7nn98gscj68si"}
{"type":"log","timestamp":1701086071121,"level":"info","message":"Rendering request 97 finished in 227 ms","meta":{"rootId":"omazdiaos9ge6bc","id":"omazdiaos9ge6bc"},"id":"d0di0qqiq6r7my7","previousOperationId":"rx7nn98gscj68si"}
{"type":"operationEnd","subtype":"render","operationId":"bvddrwsb969wtf0","timestamp":1701086071121,"id":"rmdnl74pvjxh2iv","previousEventId":"cy2vu69hy34flwi","previousOperationId":"rx7nn98gscj68si"}
{"type":"operationEnd","doDiffs":false,"previousEventId":"g4l4cqvue90zzou","previousOperationId":"wrzltr41do634y9","operationId":"wrzltr41do634y9","timestamp":1701086071123,"id":"zwgqzuv89eet84y"}
