{"type":"operationStart","subtype":"profile","data":{"_id":"Qoal5WWfJyDqhFEo","timestamp":"2023-11-27T11:27:08.157Z","state":"queued","mode":"standard","creationDate":"2023-11-27T11:27:08.160Z","modificationDate":"2023-11-27T11:27:08.160Z","shortid":"Q6Ndje4","$entitySet":"profiles"},"doDiffs":false,"timestamp":1701084428158,"id":"hvo5nlj7hx4xiw8","previousOperationId":null,"operationId":"u3kk8kkqzrmkcar"}
{"type":"log","level":"info","message":"Render request 75 queued for execution and waiting for available worker","previousOperationId":"u3kk8kkqzrmkcar","timestamp":1701084428159,"id":"gp6mku82abet2tl"}
{"type":"operationStart","subtype":"render","name":"sporazum_pravno","previousOperationId":"u3kk8kkqzrmkcar","timestamp":1701084428172,"id":"v294yafxrh0uhtw","previousEventId":"hvo5nlj7hx4xiw8","operationId":"kuosj0om4ymigj2"}
{"type":"log","timestamp":1701084428173,"level":"info","message":"Starting rendering request 75","meta":{"rootId":"qyagaltdegjcost","id":"qyagaltdegjcost"},"id":"trrb1jkv5j5n30n","previousOperationId":"kuosj0om4ymigj2"}
{"type":"log","timestamp":1701084428173,"level":"info","message":"Rendering template { name: sporazum_pravno, recipe: chrome-pdf, engine: handlebars, preview: true }","meta":{"rootId":"qyagaltdegjcost","id":"qyagaltdegjcost"},"id":"0062frqpzs2rgim","previousOperationId":"kuosj0om4ymigj2"}
{"type":"log","timestamp":1701084428174,"level":"debug","message":"Inline data specified.","meta":{"rootId":"qyagaltdegjcost","id":"qyagaltdegjcost"},"id":"z3zflxu2h3rvin8","previousOperationId":"kuosj0om4ymigj2"}
{"type":"log","timestamp":1701084428175,"level":"debug","message":"Base url not specified, skipping its injection.","meta":{"rootId":"qyagaltdegjcost","id":"qyagaltdegjcost"},"id":"qzgcn5mcrg2v6h7","previousOperationId":"kuosj0om4ymigj2"}
{"type":"operationStart","subtype":"engine","name":"handlebars","timestamp":1701084428175,"id":"jn5fh0btbs0wqk9","previousEventId":"v294yafxrh0uhtw","operationId":"ayya2ibdpyt76ug","previousOperationId":"kuosj0om4ymigj2"}
{"type":"log","timestamp":1701084428175,"level":"debug","message":"Rendering engine handlebars","meta":{"rootId":"qyagaltdegjcost","id":"qyagaltdegjcost"},"id":"ewegmwtyysz2h0m","previousOperationId":"ayya2ibdpyt76ug"}
{"type":"operationEnd","operationId":"ayya2ibdpyt76ug","timestamp":1701084428183,"id":"zvp97m3t7b0vgel","previousEventId":"jn5fh0btbs0wqk9","previousOperationId":"ayya2ibdpyt76ug"}
{"type":"operationStart","subtype":"recipe","name":"chrome-pdf","timestamp":1701084428184,"id":"ajeqeyraj3jwh0f","previousEventId":"zvp97m3t7b0vgel","operationId":"xgdyl74p1rytwnf","previousOperationId":"ayya2ibdpyt76ug"}
{"type":"log","timestamp":1701084428184,"level":"debug","message":"Executing recipe chrome-pdf","meta":{"rootId":"qyagaltdegjcost","id":"qyagaltdegjcost"},"id":"9cgb8mxxgi6s9ca","previousOperationId":"xgdyl74p1rytwnf"}
{"type":"log","timestamp":1701084428185,"level":"debug","message":"Converting with chrome HeadlessChrome/117.0.5938.149 using chrome-pool strategy","meta":{"rootId":"qyagaltdegjcost","id":"qyagaltdegjcost"},"id":"41jn6rvvoq6zzrj","previousOperationId":"xgdyl74p1rytwnf"}
{"type":"log","timestamp":1701084428244,"level":"debug","message":"Page request: GET (document) file:///var/folders/dp/qk79pfcj0y1fmtkkl08m76rc0000gn/T/jsreport/autocleanup/00bb0896-90aa-4d98-9e92-5677f0a06e06-chrome-pdf.html","meta":{"rootId":"qyagaltdegjcost","id":"qyagaltdegjcost"},"id":"38wdzikq5wr50lu","previousOperationId":"xgdyl74p1rytwnf"}
{"type":"log","timestamp":1701084428248,"level":"debug","message":"Page request finished: GET (document) 200 file:///var/folders/dp/qk79pfcj0y1fmtkkl08m76rc0000gn/T/jsreport/autocleanup/00bb0896-90aa-4d98-9e92-5677f0a06e06-chrome-pdf.html","meta":{"rootId":"qyagaltdegjcost","id":"qyagaltdegjcost"},"id":"x07wbg230w6tb2v","previousOperationId":"xgdyl74p1rytwnf"}
{"type":"log","timestamp":1701084428259,"level":"debug","message":"Running chrome with params {\"printBackground\":true,\"format\":\"a4\",\"marginTop\":\"2cm\",\"marginBottom\":\"2cm\",\"timeout\":59973,\"margin\":{\"top\":\"2cm\",\"bottom\":\"2cm\"}}","meta":{"rootId":"qyagaltdegjcost","id":"qyagaltdegjcost"},"id":"l9nrix5lmi2vd8c","previousOperationId":"xgdyl74p1rytwnf"}
{"type":"operationEnd","operationId":"xgdyl74p1rytwnf","timestamp":1701084428279,"id":"htd0dslphtrl1zb","previousEventId":"ajeqeyraj3jwh0f","previousOperationId":"xgdyl74p1rytwnf"}
{"type":"log","timestamp":1701084428279,"level":"info","message":"pdf-utils is starting pdf processing","meta":{"rootId":"qyagaltdegjcost","id":"qyagaltdegjcost"},"id":"zxygx82an31gri1","previousOperationId":"xgdyl74p1rytwnf"}
{"type":"operationStart","subtype":"pdfUtils","name":"pdf utils","timestamp":1701084428279,"id":"xy4558fi6e12ay1","previousEventId":"htd0dslphtrl1zb","operationId":"mo1e90zo2od98n1","previousOperationId":"xgdyl74p1rytwnf"}
{"type":"log","timestamp":1701084428279,"level":"debug","message":"pdf-utils detected 1 pdf operation(s) to process","meta":{"rootId":"qyagaltdegjcost","id":"qyagaltdegjcost"},"id":"yxmhfk9qfrx8syd","previousOperationId":"mo1e90zo2od98n1"}
{"type":"log","timestamp":1701084428298,"level":"debug","message":"pdf-utils running pdf operation merge","meta":{"rootId":"qyagaltdegjcost","id":"qyagaltdegjcost"},"id":"o6qsb1xxo9uosln","previousOperationId":"mo1e90zo2od98n1"}
{"type":"operationStart","subtype":"pdfUtilsMerge","name":"pdf utils merge","previousOperationId":"mo1e90zo2od98n1","timestamp":1701084428298,"id":"hxaq6gcgu6yyub7","previousEventId":"xy4558fi6e12ay1","operationId":"f3d69iirefwypt4"}
{"type":"operationStart","subtype":"render","name":"header-footer","previousOperationId":"f3d69iirefwypt4","timestamp":1701084428299,"id":"7v6ei4lrqyo5exv","previousEventId":"hxaq6gcgu6yyub7","operationId":"texsj0hd2614m8u"}
{"type":"log","timestamp":1701084428299,"level":"info","message":"Starting rendering (child) request","meta":{"rootId":"qyagaltdegjcost","id":"zpgl859xk7zd54i"},"id":"p39lq7lpaqupvgu","previousOperationId":"texsj0hd2614m8u"}
{"type":"log","timestamp":1701084428299,"level":"info","message":"Rendering template { name: header-footer, recipe: chrome-pdf, engine: handlebars, preview: true }","meta":{"rootId":"qyagaltdegjcost","id":"zpgl859xk7zd54i"},"id":"tvffnp92bg61zit","previousOperationId":"texsj0hd2614m8u"}
{"type":"log","timestamp":1701084428299,"level":"debug","message":"Inline data specified.","meta":{"rootId":"qyagaltdegjcost","id":"zpgl859xk7zd54i"},"id":"li2kj398nh0wesb","previousOperationId":"texsj0hd2614m8u"}
{"type":"log","timestamp":1701084428299,"level":"debug","message":"Base url not specified, skipping its injection.","meta":{"rootId":"qyagaltdegjcost","id":"zpgl859xk7zd54i"},"id":"frs7xg7ds7vty6e","previousOperationId":"texsj0hd2614m8u"}
{"type":"operationStart","subtype":"engine","name":"handlebars","timestamp":1701084428299,"id":"1ant6ztd2ifcpfb","previousEventId":"7v6ei4lrqyo5exv","operationId":"s6wsu8isf284ruu","previousOperationId":"texsj0hd2614m8u"}
{"type":"log","timestamp":1701084428299,"level":"debug","message":"Rendering engine handlebars","meta":{"rootId":"qyagaltdegjcost","id":"zpgl859xk7zd54i"},"id":"vf23pc6m3p39ynt","previousOperationId":"s6wsu8isf284ruu"}
{"type":"operationEnd","operationId":"s6wsu8isf284ruu","timestamp":1701084428303,"id":"2r2ilh88ex7lv4b","previousEventId":"1ant6ztd2ifcpfb","previousOperationId":"s6wsu8isf284ruu"}
{"type":"operationStart","subtype":"recipe","name":"chrome-pdf","timestamp":1701084428303,"id":"kblh0qeqc86ghkj","previousEventId":"2r2ilh88ex7lv4b","operationId":"j9zs2c21z85rpyq","previousOperationId":"s6wsu8isf284ruu"}
{"type":"log","timestamp":1701084428303,"level":"debug","message":"Executing recipe chrome-pdf","meta":{"rootId":"qyagaltdegjcost","id":"zpgl859xk7zd54i"},"id":"9mzey4wqjdoddez","previousOperationId":"j9zs2c21z85rpyq"}
{"type":"log","timestamp":1701084428304,"level":"debug","message":"Converting with chrome HeadlessChrome/117.0.5938.149 using chrome-pool strategy","meta":{"rootId":"qyagaltdegjcost","id":"zpgl859xk7zd54i"},"id":"o4hmdijcth561jz","previousOperationId":"j9zs2c21z85rpyq"}
{"type":"log","timestamp":1701084428340,"level":"debug","message":"Page request: GET (document) file:///var/folders/dp/qk79pfcj0y1fmtkkl08m76rc0000gn/T/jsreport/autocleanup/1b79cda0-11af-4a5b-9329-9625aedf514a-chrome-pdf.html","meta":{"rootId":"qyagaltdegjcost","id":"zpgl859xk7zd54i"},"id":"bzogc8c6i6yrtp6","previousOperationId":"j9zs2c21z85rpyq"}
{"type":"log","timestamp":1701084428345,"level":"debug","message":"Page request finished: GET (document) 200 file:///var/folders/dp/qk79pfcj0y1fmtkkl08m76rc0000gn/T/jsreport/autocleanup/1b79cda0-11af-4a5b-9329-9625aedf514a-chrome-pdf.html","meta":{"rootId":"qyagaltdegjcost","id":"zpgl859xk7zd54i"},"id":"n20qtcccepbledk","previousOperationId":"j9zs2c21z85rpyq"}
{"type":"log","timestamp":1701084428352,"level":"debug","message":"Running chrome with params {\"timeout\":59854,\"margin\":{},\"printBackground\":true}","meta":{"rootId":"qyagaltdegjcost","id":"zpgl859xk7zd54i"},"id":"5wgnk3x8hluylnd","previousOperationId":"j9zs2c21z85rpyq"}
{"type":"operationEnd","operationId":"j9zs2c21z85rpyq","timestamp":1701084428358,"id":"75yzlzqj6xm6vyy","previousEventId":"kblh0qeqc86ghkj","previousOperationId":"j9zs2c21z85rpyq"}
{"type":"log","timestamp":1701084428358,"level":"debug","message":"Skipping storing report.","meta":{"rootId":"qyagaltdegjcost","id":"zpgl859xk7zd54i"},"id":"9qg9dmccvj2icfq","previousOperationId":"j9zs2c21z85rpyq"}
{"type":"log","timestamp":1701084428358,"level":"info","message":"Rendering (child) request finished in 201 ms","meta":{"rootId":"qyagaltdegjcost","id":"zpgl859xk7zd54i"},"id":"izvvn5brhtzdcqu","previousOperationId":"j9zs2c21z85rpyq"}
{"type":"operationEnd","subtype":"render","operationId":"texsj0hd2614m8u","timestamp":1701084428358,"id":"i77mnkgetkmarwr","previousEventId":"75yzlzqj6xm6vyy","previousOperationId":"j9zs2c21z85rpyq"}
{"type":"operationEnd","operationId":"f3d69iirefwypt4","timestamp":1701084428363,"id":"jfponk0jzn4ja4s","previousEventId":"hxaq6gcgu6yyub7","previousOperationId":"f3d69iirefwypt4"}
{"type":"log","timestamp":1701084428363,"level":"debug","message":"pdf-utils postproces start","meta":{"rootId":"qyagaltdegjcost","id":"qyagaltdegjcost"},"id":"5r2d7amgwp7dpci","previousOperationId":"f3d69iirefwypt4"}
{"type":"log","timestamp":1701084428370,"level":"debug","message":"pdf-utils postproces end","meta":{"rootId":"qyagaltdegjcost","id":"qyagaltdegjcost"},"id":"fbm41ehi6vt2zxu","previousOperationId":"f3d69iirefwypt4"}
{"type":"operationEnd","operationId":"mo1e90zo2od98n1","timestamp":1701084428370,"id":"n2vzvobp8tdvnej","previousEventId":"jfponk0jzn4ja4s","previousOperationId":"f3d69iirefwypt4"}
{"type":"log","timestamp":1701084428370,"level":"info","message":"pdf-utils pdf processing was finished","meta":{"rootId":"qyagaltdegjcost","id":"qyagaltdegjcost"},"id":"m0g5p6giad2yfy1","previousOperationId":"mo1e90zo2od98n1"}
{"type":"log","timestamp":1701084428370,"level":"debug","message":"Skipping storing report.","meta":{"rootId":"qyagaltdegjcost","id":"qyagaltdegjcost"},"id":"ixpndsogscpehy9","previousOperationId":"mo1e90zo2od98n1"}
{"type":"log","timestamp":1701084428370,"level":"info","message":"Rendering request 75 finished in 213 ms","meta":{"rootId":"qyagaltdegjcost","id":"qyagaltdegjcost"},"id":"0f7cigh87es5i1y","previousOperationId":"mo1e90zo2od98n1"}
{"type":"operationEnd","subtype":"render","operationId":"kuosj0om4ymigj2","timestamp":1701084428370,"id":"jbv6yzxgyqp03cf","previousEventId":"n2vzvobp8tdvnej","previousOperationId":"mo1e90zo2od98n1"}
{"type":"operationEnd","doDiffs":false,"previousEventId":"hvo5nlj7hx4xiw8","previousOperationId":"u3kk8kkqzrmkcar","operationId":"u3kk8kkqzrmkcar","timestamp":1701084428372,"id":"nd7lzhet64syr71"}
