{"type":"operationStart","subtype":"profile","data":{"_id":"B2xUCap8Iu0ZyQgb","timestamp":"2023-11-27T11:59:19.353Z","state":"queued","mode":"standard","creationDate":"2023-11-27T11:59:19.354Z","modificationDate":"2023-11-27T11:59:19.354Z","shortid":"ylJTlyg","$entitySet":"profiles"},"doDiffs":false,"timestamp":1701086359353,"id":"o15y2hpxdv44tib","previousOperationId":null,"operationId":"bl5836m9glhp02t"}
{"type":"log","level":"info","message":"Render request 103 queued for execution and waiting for available worker","previousOperationId":"bl5836m9glhp02t","timestamp":1701086359353,"id":"80zimchrtfvszed"}
{"type":"operationStart","subtype":"render","name":"sporazum_pravno","previousOperationId":"bl5836m9glhp02t","timestamp":1701086359363,"id":"ol1gd8ars8k8zhv","previousEventId":"o15y2hpxdv44tib","operationId":"s2xyc9g83h1yicx"}
{"type":"log","timestamp":1701086359363,"level":"info","message":"Starting rendering request 103","meta":{"rootId":"uej9cbwoprsr6mn","id":"uej9cbwoprsr6mn"},"id":"7r7b11htku97056","previousOperationId":"s2xyc9g83h1yicx"}
{"type":"log","timestamp":1701086359363,"level":"info","message":"Rendering template { name: sporazum_pravno, recipe: chrome-pdf, engine: handlebars, preview: true }","meta":{"rootId":"uej9cbwoprsr6mn","id":"uej9cbwoprsr6mn"},"id":"2jp3myjs5ijck2b","previousOperationId":"s2xyc9g83h1yicx"}
{"type":"log","timestamp":1701086359364,"level":"debug","message":"Inline data specified.","meta":{"rootId":"uej9cbwoprsr6mn","id":"uej9cbwoprsr6mn"},"id":"l8pxx6ag2dsne9u","previousOperationId":"s2xyc9g83h1yicx"}
{"type":"log","timestamp":1701086359365,"level":"debug","message":"Base url not specified, skipping its injection.","meta":{"rootId":"uej9cbwoprsr6mn","id":"uej9cbwoprsr6mn"},"id":"dsas7hfwtvqaghl","previousOperationId":"s2xyc9g83h1yicx"}
{"type":"operationStart","subtype":"engine","name":"handlebars","timestamp":1701086359365,"id":"az6vl42l5fe8h3k","previousEventId":"ol1gd8ars8k8zhv","operationId":"wmgbbcw16zctbzg","previousOperationId":"s2xyc9g83h1yicx"}
{"type":"log","timestamp":1701086359365,"level":"debug","message":"Rendering engine handlebars","meta":{"rootId":"uej9cbwoprsr6mn","id":"uej9cbwoprsr6mn"},"id":"yhdlzmamzv5vqaw","previousOperationId":"wmgbbcw16zctbzg"}
{"type":"operationEnd","operationId":"wmgbbcw16zctbzg","timestamp":1701086359383,"id":"20yn8lp3ufisu1u","previousEventId":"az6vl42l5fe8h3k","previousOperationId":"wmgbbcw16zctbzg"}
{"type":"operationStart","subtype":"recipe","name":"chrome-pdf","timestamp":1701086359383,"id":"mnv9f1c1m7satkl","previousEventId":"20yn8lp3ufisu1u","operationId":"r215h3n056srclk","previousOperationId":"wmgbbcw16zctbzg"}
{"type":"log","timestamp":1701086359383,"level":"debug","message":"Executing recipe chrome-pdf","meta":{"rootId":"uej9cbwoprsr6mn","id":"uej9cbwoprsr6mn"},"id":"h8sxi7lknnj7jgs","previousOperationId":"r215h3n056srclk"}
{"type":"log","timestamp":1701086359384,"level":"debug","message":"Converting with chrome HeadlessChrome/117.0.5938.149 using chrome-pool strategy","meta":{"rootId":"uej9cbwoprsr6mn","id":"uej9cbwoprsr6mn"},"id":"6wu2rc9yl7ziejs","previousOperationId":"r215h3n056srclk"}
{"type":"log","timestamp":1701086359437,"level":"debug","message":"Page request: GET (document) file:///var/folders/dp/qk79pfcj0y1fmtkkl08m76rc0000gn/T/jsreport/autocleanup/fec53f6b-6815-404f-baa6-621baf50045c-chrome-pdf.html","meta":{"rootId":"uej9cbwoprsr6mn","id":"uej9cbwoprsr6mn"},"id":"o295dsfr96xh3eu","previousOperationId":"r215h3n056srclk"}
{"type":"log","timestamp":1701086359442,"level":"debug","message":"Page request finished: GET (document) 200 file:///var/folders/dp/qk79pfcj0y1fmtkkl08m76rc0000gn/T/jsreport/autocleanup/fec53f6b-6815-404f-baa6-621baf50045c-chrome-pdf.html","meta":{"rootId":"uej9cbwoprsr6mn","id":"uej9cbwoprsr6mn"},"id":"d2caxdl9osad863","previousOperationId":"r215h3n056srclk"}
{"type":"log","timestamp":1701086359452,"level":"debug","message":"Running chrome with params {\"printBackground\":true,\"format\":\"a4\",\"marginTop\":\"2cm\",\"marginBottom\":\"2cm\",\"timeout\":59969,\"margin\":{\"top\":\"2cm\",\"bottom\":\"2cm\"}}","meta":{"rootId":"uej9cbwoprsr6mn","id":"uej9cbwoprsr6mn"},"id":"4sq2b8cnqrlwb7w","previousOperationId":"r215h3n056srclk"}
{"type":"operationEnd","operationId":"r215h3n056srclk","timestamp":1701086359473,"id":"ddhnrle5647ih9d","previousEventId":"mnv9f1c1m7satkl","previousOperationId":"r215h3n056srclk"}
{"type":"log","timestamp":1701086359473,"level":"info","message":"pdf-utils is starting pdf processing","meta":{"rootId":"uej9cbwoprsr6mn","id":"uej9cbwoprsr6mn"},"id":"5x65mnub40jfl2s","previousOperationId":"r215h3n056srclk"}
{"type":"operationStart","subtype":"pdfUtils","name":"pdf utils","timestamp":1701086359474,"id":"xxxplcvznu212hc","previousEventId":"ddhnrle5647ih9d","operationId":"snemh3wmoki6pjd","previousOperationId":"r215h3n056srclk"}
{"type":"log","timestamp":1701086359474,"level":"debug","message":"pdf-utils detected 1 pdf operation(s) to process","meta":{"rootId":"uej9cbwoprsr6mn","id":"uej9cbwoprsr6mn"},"id":"9laj25fw9o22cam","previousOperationId":"snemh3wmoki6pjd"}
{"type":"log","timestamp":1701086359492,"level":"debug","message":"pdf-utils running pdf operation merge","meta":{"rootId":"uej9cbwoprsr6mn","id":"uej9cbwoprsr6mn"},"id":"h508wdrwggtgvwg","previousOperationId":"snemh3wmoki6pjd"}
{"type":"operationStart","subtype":"pdfUtilsMerge","name":"pdf utils merge","previousOperationId":"snemh3wmoki6pjd","timestamp":1701086359492,"id":"7z8fdwsaidba2vp","previousEventId":"xxxplcvznu212hc","operationId":"6fv0mf6tuv4n4js"}
{"type":"operationStart","subtype":"render","name":"header-footer","previousOperationId":"6fv0mf6tuv4n4js","timestamp":1701086359492,"id":"hp3lf4cdjvnv2mm","previousEventId":"7z8fdwsaidba2vp","operationId":"aa6rg65wrqslnza"}
{"type":"log","timestamp":1701086359492,"level":"info","message":"Starting rendering (child) request","meta":{"rootId":"uej9cbwoprsr6mn","id":"mt4ss6vb420tu28"},"id":"ikyjfzr1d9x2asu","previousOperationId":"aa6rg65wrqslnza"}
{"type":"log","timestamp":1701086359492,"level":"info","message":"Rendering template { name: header-footer, recipe: chrome-pdf, engine: handlebars, preview: true }","meta":{"rootId":"uej9cbwoprsr6mn","id":"mt4ss6vb420tu28"},"id":"o4eus752b2468tw","previousOperationId":"aa6rg65wrqslnza"}
{"type":"log","timestamp":1701086359492,"level":"debug","message":"Inline data specified.","meta":{"rootId":"uej9cbwoprsr6mn","id":"mt4ss6vb420tu28"},"id":"ahu5xmkn64iicvd","previousOperationId":"aa6rg65wrqslnza"}
{"type":"log","timestamp":1701086359493,"level":"debug","message":"Base url not specified, skipping its injection.","meta":{"rootId":"uej9cbwoprsr6mn","id":"mt4ss6vb420tu28"},"id":"5k4gplbnzscnw77","previousOperationId":"aa6rg65wrqslnza"}
{"type":"operationStart","subtype":"engine","name":"handlebars","timestamp":1701086359493,"id":"p80zf2bmqjeluan","previousEventId":"hp3lf4cdjvnv2mm","operationId":"ay3qp2avij9sym7","previousOperationId":"aa6rg65wrqslnza"}
{"type":"log","timestamp":1701086359493,"level":"debug","message":"Rendering engine handlebars","meta":{"rootId":"uej9cbwoprsr6mn","id":"mt4ss6vb420tu28"},"id":"hzsk80iryifvstn","previousOperationId":"ay3qp2avij9sym7"}
{"type":"operationEnd","operationId":"ay3qp2avij9sym7","timestamp":1701086359496,"id":"khoi4ye7qtsmbj8","previousEventId":"p80zf2bmqjeluan","previousOperationId":"ay3qp2avij9sym7"}
{"type":"operationStart","subtype":"recipe","name":"chrome-pdf","timestamp":1701086359496,"id":"2izy7z25r4sxnqk","previousEventId":"khoi4ye7qtsmbj8","operationId":"x5k4jcztacwdh3q","previousOperationId":"ay3qp2avij9sym7"}
{"type":"log","timestamp":1701086359496,"level":"debug","message":"Executing recipe chrome-pdf","meta":{"rootId":"uej9cbwoprsr6mn","id":"mt4ss6vb420tu28"},"id":"kaieshdgrg8ynpf","previousOperationId":"x5k4jcztacwdh3q"}
{"type":"log","timestamp":1701086359497,"level":"debug","message":"Converting with chrome HeadlessChrome/117.0.5938.149 using chrome-pool strategy","meta":{"rootId":"uej9cbwoprsr6mn","id":"mt4ss6vb420tu28"},"id":"qnkevn5f2rcfcc7","previousOperationId":"x5k4jcztacwdh3q"}
{"type":"log","timestamp":1701086359533,"level":"debug","message":"Page request: GET (document) file:///var/folders/dp/qk79pfcj0y1fmtkkl08m76rc0000gn/T/jsreport/autocleanup/a09573c3-908b-455f-8231-ffde0192be71-chrome-pdf.html","meta":{"rootId":"uej9cbwoprsr6mn","id":"mt4ss6vb420tu28"},"id":"1d6ueixye9atmdp","previousOperationId":"x5k4jcztacwdh3q"}
{"type":"log","timestamp":1701086359537,"level":"debug","message":"Page request finished: GET (document) 200 file:///var/folders/dp/qk79pfcj0y1fmtkkl08m76rc0000gn/T/jsreport/autocleanup/a09573c3-908b-455f-8231-ffde0192be71-chrome-pdf.html","meta":{"rootId":"uej9cbwoprsr6mn","id":"mt4ss6vb420tu28"},"id":"ounf67su63dkvlq","previousOperationId":"x5k4jcztacwdh3q"}
{"type":"log","timestamp":1701086359545,"level":"debug","message":"Running chrome with params {\"timeout\":59857,\"margin\":{},\"printBackground\":true}","meta":{"rootId":"uej9cbwoprsr6mn","id":"mt4ss6vb420tu28"},"id":"a4qtnlpu4jqky3d","previousOperationId":"x5k4jcztacwdh3q"}
{"type":"operationEnd","operationId":"x5k4jcztacwdh3q","timestamp":1701086359551,"id":"13i8iuee0gmdr64","previousEventId":"2izy7z25r4sxnqk","previousOperationId":"x5k4jcztacwdh3q"}
{"type":"log","timestamp":1701086359551,"level":"debug","message":"Skipping storing report.","meta":{"rootId":"uej9cbwoprsr6mn","id":"mt4ss6vb420tu28"},"id":"zp715y4v2fdbd6m","previousOperationId":"x5k4jcztacwdh3q"}
{"type":"log","timestamp":1701086359551,"level":"info","message":"Rendering (child) request finished in 198 ms","meta":{"rootId":"uej9cbwoprsr6mn","id":"mt4ss6vb420tu28"},"id":"12a3xjufmb95ss4","previousOperationId":"x5k4jcztacwdh3q"}
{"type":"operationEnd","subtype":"render","operationId":"aa6rg65wrqslnza","timestamp":1701086359551,"id":"9c7a0qm1jr25mf7","previousEventId":"13i8iuee0gmdr64","previousOperationId":"x5k4jcztacwdh3q"}
{"type":"operationEnd","operationId":"6fv0mf6tuv4n4js","timestamp":1701086359555,"id":"0l6usice7zrgi70","previousEventId":"7z8fdwsaidba2vp","previousOperationId":"6fv0mf6tuv4n4js"}
{"type":"log","timestamp":1701086359555,"level":"debug","message":"pdf-utils postproces start","meta":{"rootId":"uej9cbwoprsr6mn","id":"uej9cbwoprsr6mn"},"id":"f8hfg7hr2izk9tl","previousOperationId":"6fv0mf6tuv4n4js"}
{"type":"log","timestamp":1701086359561,"level":"debug","message":"pdf-utils postproces end","meta":{"rootId":"uej9cbwoprsr6mn","id":"uej9cbwoprsr6mn"},"id":"tvgt717ra8h9frq","previousOperationId":"6fv0mf6tuv4n4js"}
{"type":"operationEnd","operationId":"snemh3wmoki6pjd","timestamp":1701086359561,"id":"uzat0axc9p43b8b","previousEventId":"0l6usice7zrgi70","previousOperationId":"6fv0mf6tuv4n4js"}
{"type":"log","timestamp":1701086359561,"level":"info","message":"pdf-utils pdf processing was finished","meta":{"rootId":"uej9cbwoprsr6mn","id":"uej9cbwoprsr6mn"},"id":"s5s0spptv3q6dw8","previousOperationId":"snemh3wmoki6pjd"}
{"type":"log","timestamp":1701086359561,"level":"debug","message":"Skipping storing report.","meta":{"rootId":"uej9cbwoprsr6mn","id":"uej9cbwoprsr6mn"},"id":"62z0wk6nr8uak4q","previousOperationId":"snemh3wmoki6pjd"}
{"type":"log","timestamp":1701086359561,"level":"info","message":"Rendering request 103 finished in 208 ms","meta":{"rootId":"uej9cbwoprsr6mn","id":"uej9cbwoprsr6mn"},"id":"bpeljbcc719kli6","previousOperationId":"snemh3wmoki6pjd"}
{"type":"operationEnd","subtype":"render","operationId":"s2xyc9g83h1yicx","timestamp":1701086359561,"id":"59mln15b33nanmt","previousEventId":"uzat0axc9p43b8b","previousOperationId":"snemh3wmoki6pjd"}
{"type":"operationEnd","doDiffs":false,"previousEventId":"o15y2hpxdv44tib","previousOperationId":"bl5836m9glhp02t","operationId":"bl5836m9glhp02t","timestamp":1701086359564,"id":"shltpope0e2bnir"}
