{"type":"operationStart","subtype":"profile","data":{"_id":"E3QUvoMt1UF5jNKH","timestamp":"2023-11-27T11:29:15.223Z","state":"queued","mode":"standard","creationDate":"2023-11-27T11:29:15.224Z","modificationDate":"2023-11-27T11:29:15.224Z","shortid":"G3x4y0O","$entitySet":"profiles"},"doDiffs":false,"timestamp":1701084555224,"id":"aok55rj45jtetol","previousOperationId":null,"operationId":"gdh074sbg5dwq1z"}
{"type":"log","level":"info","message":"Render request 80 queued for execution and waiting for available worker","previousOperationId":"gdh074sbg5dwq1z","timestamp":1701084555224,"id":"fzaxovjq6sewk17"}
{"type":"operationStart","subtype":"render","name":"sporazum_pravno","previousOperationId":"gdh074sbg5dwq1z","timestamp":1701084555229,"id":"ufiqnlzhh5zuu8e","previousEventId":"aok55rj45jtetol","operationId":"tj0snebe3qfqqz8"}
{"type":"log","timestamp":1701084555230,"level":"info","message":"Starting rendering request 80","meta":{"rootId":"vn6w757jlq1g5e3","id":"vn6w757jlq1g5e3"},"id":"dc0qrkvmze8vxgc","previousOperationId":"tj0snebe3qfqqz8"}
{"type":"log","timestamp":1701084555230,"level":"info","message":"Rendering template { name: sporazum_pravno, recipe: chrome-pdf, engine: handlebars, preview: true }","meta":{"rootId":"vn6w757jlq1g5e3","id":"vn6w757jlq1g5e3"},"id":"gk2ct3n1pkh9a4h","previousOperationId":"tj0snebe3qfqqz8"}
{"type":"log","timestamp":1701084555231,"level":"debug","message":"Inline data specified.","meta":{"rootId":"vn6w757jlq1g5e3","id":"vn6w757jlq1g5e3"},"id":"0ocv06tzmlrygw3","previousOperationId":"tj0snebe3qfqqz8"}
{"type":"log","timestamp":1701084555236,"level":"debug","message":"Base url not specified, skipping its injection.","meta":{"rootId":"vn6w757jlq1g5e3","id":"vn6w757jlq1g5e3"},"id":"ytze65mlmh2gw74","previousOperationId":"tj0snebe3qfqqz8"}
{"type":"operationStart","subtype":"engine","name":"handlebars","timestamp":1701084555236,"id":"rau44qp41gto7ge","previousEventId":"ufiqnlzhh5zuu8e","operationId":"uugp03j14t5vutn","previousOperationId":"tj0snebe3qfqqz8"}
{"type":"log","timestamp":1701084555236,"level":"debug","message":"Rendering engine handlebars","meta":{"rootId":"vn6w757jlq1g5e3","id":"vn6w757jlq1g5e3"},"id":"2qwdv3dl3f8b3he","previousOperationId":"uugp03j14t5vutn"}
{"type":"operationEnd","operationId":"uugp03j14t5vutn","timestamp":1701084555258,"id":"37vq29ypebv59xb","previousEventId":"rau44qp41gto7ge","previousOperationId":"uugp03j14t5vutn"}
{"type":"operationStart","subtype":"recipe","name":"chrome-pdf","timestamp":1701084555258,"id":"87xv32fbwmzvyjv","previousEventId":"37vq29ypebv59xb","operationId":"tmes16l8hd7syz3","previousOperationId":"uugp03j14t5vutn"}
{"type":"log","timestamp":1701084555258,"level":"debug","message":"Executing recipe chrome-pdf","meta":{"rootId":"vn6w757jlq1g5e3","id":"vn6w757jlq1g5e3"},"id":"fetiapp4plczldt","previousOperationId":"tmes16l8hd7syz3"}
{"type":"log","timestamp":1701084555260,"level":"debug","message":"Converting with chrome HeadlessChrome/117.0.5938.149 using chrome-pool strategy","meta":{"rootId":"vn6w757jlq1g5e3","id":"vn6w757jlq1g5e3"},"id":"xsvx5o5zfton7su","previousOperationId":"tmes16l8hd7syz3"}
{"type":"log","timestamp":1701084555311,"level":"debug","message":"Page request: GET (document) file:///var/folders/dp/qk79pfcj0y1fmtkkl08m76rc0000gn/T/jsreport/autocleanup/3bd326e3-1a27-4cc2-b48c-3aa71504b4bf-chrome-pdf.html","meta":{"rootId":"vn6w757jlq1g5e3","id":"vn6w757jlq1g5e3"},"id":"xwh90mh3dbiuehj","previousOperationId":"tmes16l8hd7syz3"}
{"type":"log","timestamp":1701084555316,"level":"debug","message":"Page request finished: GET (document) 200 file:///var/folders/dp/qk79pfcj0y1fmtkkl08m76rc0000gn/T/jsreport/autocleanup/3bd326e3-1a27-4cc2-b48c-3aa71504b4bf-chrome-pdf.html","meta":{"rootId":"vn6w757jlq1g5e3","id":"vn6w757jlq1g5e3"},"id":"tfkdi923d5ncfg0","previousOperationId":"tmes16l8hd7syz3"}
{"type":"log","timestamp":1701084555326,"level":"debug","message":"Running chrome with params {\"printBackground\":true,\"format\":\"a4\",\"marginTop\":\"2cm\",\"marginBottom\":\"2cm\",\"timeout\":59963,\"margin\":{\"top\":\"2cm\",\"bottom\":\"2cm\"}}","meta":{"rootId":"vn6w757jlq1g5e3","id":"vn6w757jlq1g5e3"},"id":"imzqrby2lf687dd","previousOperationId":"tmes16l8hd7syz3"}
{"type":"operationEnd","operationId":"tmes16l8hd7syz3","timestamp":1701084555346,"id":"78ng0hk2y1mh1ty","previousEventId":"87xv32fbwmzvyjv","previousOperationId":"tmes16l8hd7syz3"}
{"type":"log","timestamp":1701084555346,"level":"info","message":"pdf-utils is starting pdf processing","meta":{"rootId":"vn6w757jlq1g5e3","id":"vn6w757jlq1g5e3"},"id":"9a6j6govhih2cub","previousOperationId":"tmes16l8hd7syz3"}
{"type":"operationStart","subtype":"pdfUtils","name":"pdf utils","timestamp":1701084555347,"id":"7rowpjn8lwvj3ib","previousEventId":"78ng0hk2y1mh1ty","operationId":"hb61pnf2age4g7v","previousOperationId":"tmes16l8hd7syz3"}
{"type":"log","timestamp":1701084555347,"level":"debug","message":"pdf-utils detected 1 pdf operation(s) to process","meta":{"rootId":"vn6w757jlq1g5e3","id":"vn6w757jlq1g5e3"},"id":"culeezyt9bfsmye","previousOperationId":"hb61pnf2age4g7v"}
{"type":"log","timestamp":1701084555380,"level":"debug","message":"pdf-utils running pdf operation merge","meta":{"rootId":"vn6w757jlq1g5e3","id":"vn6w757jlq1g5e3"},"id":"hae6jmqul425k1i","previousOperationId":"hb61pnf2age4g7v"}
{"type":"operationStart","subtype":"pdfUtilsMerge","name":"pdf utils merge","previousOperationId":"hb61pnf2age4g7v","timestamp":1701084555380,"id":"x3309ar1romwcjy","previousEventId":"7rowpjn8lwvj3ib","operationId":"apxoglg3fqugizf"}
{"type":"operationStart","subtype":"render","name":"header-footer","previousOperationId":"apxoglg3fqugizf","timestamp":1701084555381,"id":"g0y13aa15v0yq32","previousEventId":"x3309ar1romwcjy","operationId":"itkut92uqsuw46t"}
{"type":"log","timestamp":1701084555381,"level":"info","message":"Starting rendering (child) request","meta":{"rootId":"vn6w757jlq1g5e3","id":"a4m2nha67d7hr81"},"id":"0qhnuphtwujk0l0","previousOperationId":"itkut92uqsuw46t"}
{"type":"log","timestamp":1701084555381,"level":"info","message":"Rendering template { name: header-footer, recipe: chrome-pdf, engine: handlebars, preview: true }","meta":{"rootId":"vn6w757jlq1g5e3","id":"a4m2nha67d7hr81"},"id":"wtpcq8y5khi577b","previousOperationId":"itkut92uqsuw46t"}
{"type":"log","timestamp":1701084555381,"level":"debug","message":"Inline data specified.","meta":{"rootId":"vn6w757jlq1g5e3","id":"a4m2nha67d7hr81"},"id":"s9wklu1nhkacksx","previousOperationId":"itkut92uqsuw46t"}
{"type":"log","timestamp":1701084555381,"level":"debug","message":"Base url not specified, skipping its injection.","meta":{"rootId":"vn6w757jlq1g5e3","id":"a4m2nha67d7hr81"},"id":"i2g8qyymkv7mgfo","previousOperationId":"itkut92uqsuw46t"}
{"type":"operationStart","subtype":"engine","name":"handlebars","timestamp":1701084555381,"id":"n3mjcygz52f0e7m","previousEventId":"g0y13aa15v0yq32","operationId":"dw6nbyroroxr9yx","previousOperationId":"itkut92uqsuw46t"}
{"type":"log","timestamp":1701084555381,"level":"debug","message":"Rendering engine handlebars","meta":{"rootId":"vn6w757jlq1g5e3","id":"a4m2nha67d7hr81"},"id":"cfed51c4s90ncaz","previousOperationId":"dw6nbyroroxr9yx"}
{"type":"operationEnd","operationId":"dw6nbyroroxr9yx","timestamp":1701084555385,"id":"4or5l8m81g2fsrb","previousEventId":"n3mjcygz52f0e7m","previousOperationId":"dw6nbyroroxr9yx"}
{"type":"operationStart","subtype":"recipe","name":"chrome-pdf","timestamp":1701084555385,"id":"of4xepday3g1xxy","previousEventId":"4or5l8m81g2fsrb","operationId":"npsb2g0y43fmfw9","previousOperationId":"dw6nbyroroxr9yx"}
{"type":"log","timestamp":1701084555385,"level":"debug","message":"Executing recipe chrome-pdf","meta":{"rootId":"vn6w757jlq1g5e3","id":"a4m2nha67d7hr81"},"id":"o6423rcufor0agh","previousOperationId":"npsb2g0y43fmfw9"}
{"type":"log","timestamp":1701084555386,"level":"debug","message":"Converting with chrome HeadlessChrome/117.0.5938.149 using chrome-pool strategy","meta":{"rootId":"vn6w757jlq1g5e3","id":"a4m2nha67d7hr81"},"id":"znf47q3ahhk0whx","previousOperationId":"npsb2g0y43fmfw9"}
{"type":"log","timestamp":1701084555424,"level":"debug","message":"Page request: GET (document) file:///var/folders/dp/qk79pfcj0y1fmtkkl08m76rc0000gn/T/jsreport/autocleanup/6ffb0798-9e4e-4805-b875-b74ace68e949-chrome-pdf.html","meta":{"rootId":"vn6w757jlq1g5e3","id":"a4m2nha67d7hr81"},"id":"zrrk0c8te28bbij","previousOperationId":"npsb2g0y43fmfw9"}
{"type":"log","timestamp":1701084555428,"level":"debug","message":"Page request finished: GET (document) 200 file:///var/folders/dp/qk79pfcj0y1fmtkkl08m76rc0000gn/T/jsreport/autocleanup/6ffb0798-9e4e-4805-b875-b74ace68e949-chrome-pdf.html","meta":{"rootId":"vn6w757jlq1g5e3","id":"a4m2nha67d7hr81"},"id":"tvoqrv6niqtsdyc","previousOperationId":"npsb2g0y43fmfw9"}
{"type":"log","timestamp":1701084555436,"level":"debug","message":"Running chrome with params {\"timeout\":59837,\"margin\":{},\"printBackground\":true}","meta":{"rootId":"vn6w757jlq1g5e3","id":"a4m2nha67d7hr81"},"id":"8iwyntl7kntdw6s","previousOperationId":"npsb2g0y43fmfw9"}
{"type":"operationEnd","operationId":"npsb2g0y43fmfw9","timestamp":1701084555442,"id":"tl3aqne6i1wmaza","previousEventId":"of4xepday3g1xxy","previousOperationId":"npsb2g0y43fmfw9"}
{"type":"log","timestamp":1701084555442,"level":"debug","message":"Skipping storing report.","meta":{"rootId":"vn6w757jlq1g5e3","id":"a4m2nha67d7hr81"},"id":"2cg6grjtg9r1mwo","previousOperationId":"npsb2g0y43fmfw9"}
{"type":"log","timestamp":1701084555442,"level":"info","message":"Rendering (child) request finished in 219 ms","meta":{"rootId":"vn6w757jlq1g5e3","id":"a4m2nha67d7hr81"},"id":"qq5ai5lav6czeve","previousOperationId":"npsb2g0y43fmfw9"}
{"type":"operationEnd","subtype":"render","operationId":"itkut92uqsuw46t","timestamp":1701084555442,"id":"pwcd7370wyqborw","previousEventId":"tl3aqne6i1wmaza","previousOperationId":"npsb2g0y43fmfw9"}
{"type":"operationEnd","operationId":"apxoglg3fqugizf","timestamp":1701084555448,"id":"6h5bo4ixi6er09u","previousEventId":"x3309ar1romwcjy","previousOperationId":"apxoglg3fqugizf"}
{"type":"log","timestamp":1701084555448,"level":"debug","message":"pdf-utils postproces start","meta":{"rootId":"vn6w757jlq1g5e3","id":"vn6w757jlq1g5e3"},"id":"wq1s6l8vyzf83qn","previousOperationId":"apxoglg3fqugizf"}
{"type":"log","timestamp":1701084555458,"level":"debug","message":"pdf-utils postproces end","meta":{"rootId":"vn6w757jlq1g5e3","id":"vn6w757jlq1g5e3"},"id":"5zazy6fa79rswoy","previousOperationId":"apxoglg3fqugizf"}
{"type":"operationEnd","operationId":"hb61pnf2age4g7v","timestamp":1701084555458,"id":"20d2tjfuyhskq3t","previousEventId":"6h5bo4ixi6er09u","previousOperationId":"apxoglg3fqugizf"}
{"type":"log","timestamp":1701084555458,"level":"info","message":"pdf-utils pdf processing was finished","meta":{"rootId":"vn6w757jlq1g5e3","id":"vn6w757jlq1g5e3"},"id":"mhi0yxrivofxvck","previousOperationId":"hb61pnf2age4g7v"}
{"type":"log","timestamp":1701084555458,"level":"debug","message":"Skipping storing report.","meta":{"rootId":"vn6w757jlq1g5e3","id":"vn6w757jlq1g5e3"},"id":"of23d74lvmnxcfv","previousOperationId":"hb61pnf2age4g7v"}
{"type":"log","timestamp":1701084555458,"level":"info","message":"Rendering request 80 finished in 235 ms","meta":{"rootId":"vn6w757jlq1g5e3","id":"vn6w757jlq1g5e3"},"id":"ggnry70pddwdh2x","previousOperationId":"hb61pnf2age4g7v"}
{"type":"operationEnd","subtype":"render","operationId":"tj0snebe3qfqqz8","timestamp":1701084555458,"id":"g8s8wsd3u3sq7bm","previousEventId":"20d2tjfuyhskq3t","previousOperationId":"hb61pnf2age4g7v"}
{"type":"operationEnd","doDiffs":false,"previousEventId":"aok55rj45jtetol","previousOperationId":"gdh074sbg5dwq1z","operationId":"gdh074sbg5dwq1z","timestamp":1701084555461,"id":"afxk9k0ewgcvlm1"}
