{"type":"operationStart","subtype":"profile","data":{"_id":"NS5QMpuXZLwtvcBg","timestamp":"2023-11-21T09:57:57.806Z","state":"queued","mode":"standard","creationDate":"2023-11-21T09:57:57.808Z","modificationDate":"2023-11-21T09:57:57.808Z","shortid":"2Z7iJIr","$entitySet":"profiles"},"doDiffs":false,"timestamp":1700560677806,"id":"wy0rkpasd6mm750","previousOperationId":null,"operationId":"q1uqock3ugskspt"}
{"type":"log","level":"info","message":"Render request 1 queued for execution and waiting for available worker","previousOperationId":"q1uqock3ugskspt","timestamp":1700560677807,"id":"l6mfna0x0gekpaw"}
{"type":"operationStart","subtype":"render","name":"sporazum_index","previousOperationId":"q1uqock3ugskspt","timestamp":1700560677822,"id":"jmsaffsavds4he3","previousEventId":"wy0rkpasd6mm750","operationId":"ktzs61ueby8pq0i"}
{"type":"log","timestamp":1700560677823,"level":"info","message":"Starting rendering request 1","meta":{"rootId":"5wdzj3k5lrfu6rz","id":"5wdzj3k5lrfu6rz"},"id":"m9v1g3y367nkdha","previousOperationId":"ktzs61ueby8pq0i"}
{"type":"log","timestamp":1700560677824,"level":"info","message":"Rendering template { name: sporazum_index, recipe: chrome-pdf, engine: handlebars, preview: true }","meta":{"rootId":"5wdzj3k5lrfu6rz","id":"5wdzj3k5lrfu6rz"},"id":"bcs0er1bbuds37d","previousOperationId":"ktzs61ueby8pq0i"}
{"type":"log","timestamp":1700560677825,"level":"debug","message":"Adding sample data BBCHzcseQ","meta":{"rootId":"5wdzj3k5lrfu6rz","id":"5wdzj3k5lrfu6rz"},"id":"wmq768tjgw60pwk","previousOperationId":"ktzs61ueby8pq0i"}
{"type":"log","timestamp":1700560677826,"level":"debug","message":"Base url not specified, skipping its injection.","meta":{"rootId":"5wdzj3k5lrfu6rz","id":"5wdzj3k5lrfu6rz"},"id":"crpqcjffuv4rhjn","previousOperationId":"ktzs61ueby8pq0i"}
{"type":"operationStart","subtype":"engine","name":"handlebars","timestamp":1700560677827,"id":"yvrmuhccemoteow","previousEventId":"jmsaffsavds4he3","operationId":"p00hmqv4vlacq5o","previousOperationId":"ktzs61ueby8pq0i"}
{"type":"log","timestamp":1700560677827,"level":"debug","message":"Rendering engine handlebars","meta":{"rootId":"5wdzj3k5lrfu6rz","id":"5wdzj3k5lrfu6rz"},"id":"aeopyl9rxwaj6us","previousOperationId":"p00hmqv4vlacq5o"}
{"type":"operationEnd","operationId":"p00hmqv4vlacq5o","timestamp":1700560678075,"id":"giz7x8qva8j4bnm","previousEventId":"yvrmuhccemoteow","previousOperationId":"p00hmqv4vlacq5o"}
{"type":"operationStart","subtype":"recipe","name":"chrome-pdf","timestamp":1700560678076,"id":"ny5xzjdf3vhb0ex","previousEventId":"giz7x8qva8j4bnm","operationId":"rxqsyf6zqfi65it","previousOperationId":"p00hmqv4vlacq5o"}
{"type":"log","timestamp":1700560678076,"level":"debug","message":"Executing recipe chrome-pdf","meta":{"rootId":"5wdzj3k5lrfu6rz","id":"5wdzj3k5lrfu6rz"},"id":"zbg1lqhxp8qflvb","previousOperationId":"rxqsyf6zqfi65it"}
{"type":"log","timestamp":1700560678371,"level":"debug","message":"Converting with chrome HeadlessChrome/117.0.5938.149 using chrome-pool strategy","meta":{"rootId":"5wdzj3k5lrfu6rz","id":"5wdzj3k5lrfu6rz"},"id":"0fx4o58tcbxr3nz","previousOperationId":"rxqsyf6zqfi65it"}
{"type":"log","timestamp":1700560678439,"level":"debug","message":"Page request: GET (document) file:///var/folders/dp/qk79pfcj0y1fmtkkl08m76rc0000gn/T/jsreport/autocleanup/1c46a7d5-f543-49fd-9e12-c278c65d8512-chrome-pdf.html","meta":{"rootId":"5wdzj3k5lrfu6rz","id":"5wdzj3k5lrfu6rz"},"id":"g1pmqijnn3vwfga","previousOperationId":"rxqsyf6zqfi65it"}
{"type":"log","timestamp":1700560678451,"level":"debug","message":"Page request finished: GET (document) 200 file:///var/folders/dp/qk79pfcj0y1fmtkkl08m76rc0000gn/T/jsreport/autocleanup/1c46a7d5-f543-49fd-9e12-c278c65d8512-chrome-pdf.html","meta":{"rootId":"5wdzj3k5lrfu6rz","id":"5wdzj3k5lrfu6rz"},"id":"eusivloeh6jf8wy","previousOperationId":"rxqsyf6zqfi65it"}
{"type":"log","timestamp":1700560678465,"level":"debug","message":"Running chrome with params {\"printBackground\":true,\"format\":\"a4\",\"marginTop\":\"2cm\",\"marginBottom\":\"2cm\",\"timeout\":59727,\"margin\":{\"top\":\"2cm\",\"bottom\":\"2cm\"}}","meta":{"rootId":"5wdzj3k5lrfu6rz","id":"5wdzj3k5lrfu6rz"},"id":"w0y0tnqsvj6jj9l","previousOperationId":"rxqsyf6zqfi65it"}
{"type":"operationEnd","operationId":"rxqsyf6zqfi65it","timestamp":1700560678505,"id":"wodaxfzrm9nfo28","previousEventId":"ny5xzjdf3vhb0ex","previousOperationId":"rxqsyf6zqfi65it"}
{"type":"log","timestamp":1700560678505,"level":"info","message":"pdf-utils is starting pdf processing","meta":{"rootId":"5wdzj3k5lrfu6rz","id":"5wdzj3k5lrfu6rz"},"id":"s1038y3halu7t7a","previousOperationId":"rxqsyf6zqfi65it"}
{"type":"operationStart","subtype":"pdfUtils","name":"pdf utils","timestamp":1700560678574,"id":"d6rr92jq5p2ojts","previousEventId":"wodaxfzrm9nfo28","operationId":"9i6thcx0wkz12gt","previousOperationId":"rxqsyf6zqfi65it"}
{"type":"log","timestamp":1700560678574,"level":"debug","message":"pdf-utils detected 1 pdf operation(s) to process","meta":{"rootId":"5wdzj3k5lrfu6rz","id":"5wdzj3k5lrfu6rz"},"id":"tm09z5sin1095ye","previousOperationId":"9i6thcx0wkz12gt"}
{"type":"log","timestamp":1700560678629,"level":"debug","message":"pdf-utils running pdf operation merge","meta":{"rootId":"5wdzj3k5lrfu6rz","id":"5wdzj3k5lrfu6rz"},"id":"juvdd8umk5zkbav","previousOperationId":"9i6thcx0wkz12gt"}
{"type":"operationStart","subtype":"pdfUtilsMerge","name":"pdf utils merge","previousOperationId":"9i6thcx0wkz12gt","timestamp":1700560678629,"id":"m707120719897l5","previousEventId":"d6rr92jq5p2ojts","operationId":"hhfkcgpy9kswavz"}
{"type":"operationStart","subtype":"render","name":"header-footer","previousOperationId":"hhfkcgpy9kswavz","timestamp":1700560678630,"id":"t43iuykobk9bdzm","previousEventId":"m707120719897l5","operationId":"h6a61k4grdi9igs"}
{"type":"log","timestamp":1700560678630,"level":"info","message":"Starting rendering (child) request","meta":{"rootId":"5wdzj3k5lrfu6rz","id":"010atdm8q8e06x5"},"id":"hovt278c4qy3qv6","previousOperationId":"h6a61k4grdi9igs"}
{"type":"log","timestamp":1700560678630,"level":"info","message":"Rendering template { name: header-footer, recipe: chrome-pdf, engine: handlebars, preview: true }","meta":{"rootId":"5wdzj3k5lrfu6rz","id":"010atdm8q8e06x5"},"id":"l2qmowk7fschson","previousOperationId":"h6a61k4grdi9igs"}
{"type":"log","timestamp":1700560678633,"level":"debug","message":"Inline data specified.","meta":{"rootId":"5wdzj3k5lrfu6rz","id":"010atdm8q8e06x5"},"id":"ao83zll7u6prei3","previousOperationId":"h6a61k4grdi9igs"}
{"type":"log","timestamp":1700560678634,"level":"debug","message":"Base url not specified, skipping its injection.","meta":{"rootId":"5wdzj3k5lrfu6rz","id":"010atdm8q8e06x5"},"id":"x9f10pu397pzumd","previousOperationId":"h6a61k4grdi9igs"}
{"type":"operationStart","subtype":"engine","name":"handlebars","timestamp":1700560678635,"id":"4msjxo3payiuyh9","previousEventId":"t43iuykobk9bdzm","operationId":"med7xq53f3uujxi","previousOperationId":"h6a61k4grdi9igs"}
{"type":"log","timestamp":1700560678635,"level":"debug","message":"Rendering engine handlebars","meta":{"rootId":"5wdzj3k5lrfu6rz","id":"010atdm8q8e06x5"},"id":"a0fa0aygcwhv6y9","previousOperationId":"med7xq53f3uujxi"}
{"type":"operationEnd","operationId":"med7xq53f3uujxi","timestamp":1700560678713,"id":"u19zc6ofwr4n0qb","previousEventId":"4msjxo3payiuyh9","previousOperationId":"med7xq53f3uujxi"}
{"type":"operationStart","subtype":"recipe","name":"chrome-pdf","timestamp":1700560678714,"id":"lyknt5tlpgpuqys","previousEventId":"u19zc6ofwr4n0qb","operationId":"eqfcr3yqmswn214","previousOperationId":"med7xq53f3uujxi"}
{"type":"log","timestamp":1700560678714,"level":"debug","message":"Executing recipe chrome-pdf","meta":{"rootId":"5wdzj3k5lrfu6rz","id":"010atdm8q8e06x5"},"id":"dfkawjb221mxye0","previousOperationId":"eqfcr3yqmswn214"}
{"type":"log","timestamp":1700560678715,"level":"debug","message":"Converting with chrome HeadlessChrome/117.0.5938.149 using chrome-pool strategy","meta":{"rootId":"5wdzj3k5lrfu6rz","id":"010atdm8q8e06x5"},"id":"jqkr2xsn2lxk7yj","previousOperationId":"eqfcr3yqmswn214"}
{"type":"log","timestamp":1700560678754,"level":"debug","message":"Page request: GET (document) file:///var/folders/dp/qk79pfcj0y1fmtkkl08m76rc0000gn/T/jsreport/autocleanup/faafa256-38cc-4694-b029-e26a05654bd8-chrome-pdf.html","meta":{"rootId":"5wdzj3k5lrfu6rz","id":"010atdm8q8e06x5"},"id":"3lee0meoudb91no","previousOperationId":"eqfcr3yqmswn214"}
{"type":"log","timestamp":1700560678760,"level":"debug","message":"Page request finished: GET (document) 200 file:///var/folders/dp/qk79pfcj0y1fmtkkl08m76rc0000gn/T/jsreport/autocleanup/faafa256-38cc-4694-b029-e26a05654bd8-chrome-pdf.html","meta":{"rootId":"5wdzj3k5lrfu6rz","id":"010atdm8q8e06x5"},"id":"8cabvx16a4fz0tq","previousOperationId":"eqfcr3yqmswn214"}
{"type":"log","timestamp":1700560678766,"level":"debug","message":"Running chrome with params {\"timeout\":59091,\"margin\":{},\"printBackground\":true}","meta":{"rootId":"5wdzj3k5lrfu6rz","id":"010atdm8q8e06x5"},"id":"28jzcfmldzw7tf2","previousOperationId":"eqfcr3yqmswn214"}
{"type":"operationEnd","operationId":"eqfcr3yqmswn214","timestamp":1700560678773,"id":"d19g6s7hx61ezar","previousEventId":"lyknt5tlpgpuqys","previousOperationId":"eqfcr3yqmswn214"}
{"type":"log","timestamp":1700560678774,"level":"debug","message":"Skipping storing report.","meta":{"rootId":"5wdzj3k5lrfu6rz","id":"010atdm8q8e06x5"},"id":"9hojif09ravt37a","previousOperationId":"eqfcr3yqmswn214"}
{"type":"log","timestamp":1700560678774,"level":"info","message":"Rendering (child) request finished in 969 ms","meta":{"rootId":"5wdzj3k5lrfu6rz","id":"010atdm8q8e06x5"},"id":"m1q97h8j81gez29","previousOperationId":"eqfcr3yqmswn214"}
{"type":"operationEnd","subtype":"render","operationId":"h6a61k4grdi9igs","timestamp":1700560678774,"id":"thc0t5eu6n5kgzf","previousEventId":"d19g6s7hx61ezar","previousOperationId":"eqfcr3yqmswn214"}
{"type":"operationEnd","operationId":"hhfkcgpy9kswavz","timestamp":1700560678786,"id":"u603vmcuk8tdd74","previousEventId":"m707120719897l5","previousOperationId":"hhfkcgpy9kswavz"}
{"type":"log","timestamp":1700560678786,"level":"debug","message":"pdf-utils postproces start","meta":{"rootId":"5wdzj3k5lrfu6rz","id":"5wdzj3k5lrfu6rz"},"id":"0dn2ja8di2j4gck","previousOperationId":"hhfkcgpy9kswavz"}
{"type":"log","timestamp":1700560678797,"level":"debug","message":"pdf-utils postproces end","meta":{"rootId":"5wdzj3k5lrfu6rz","id":"5wdzj3k5lrfu6rz"},"id":"qhg1eoeweuzn8gv","previousOperationId":"hhfkcgpy9kswavz"}
{"type":"operationEnd","operationId":"9i6thcx0wkz12gt","timestamp":1700560678797,"id":"iiyzyce0737fc18","previousEventId":"u603vmcuk8tdd74","previousOperationId":"hhfkcgpy9kswavz"}
{"type":"log","timestamp":1700560678797,"level":"info","message":"pdf-utils pdf processing was finished","meta":{"rootId":"5wdzj3k5lrfu6rz","id":"5wdzj3k5lrfu6rz"},"id":"1g3y2pj34vdreku","previousOperationId":"9i6thcx0wkz12gt"}
{"type":"log","timestamp":1700560678797,"level":"debug","message":"Skipping storing report.","meta":{"rootId":"5wdzj3k5lrfu6rz","id":"5wdzj3k5lrfu6rz"},"id":"dvayoremkdaq854","previousOperationId":"9i6thcx0wkz12gt"}
{"type":"log","timestamp":1700560678797,"level":"info","message":"Rendering request 1 finished in 992 ms","meta":{"rootId":"5wdzj3k5lrfu6rz","id":"5wdzj3k5lrfu6rz"},"id":"37s97kxt3usjt6o","previousOperationId":"9i6thcx0wkz12gt"}
{"type":"operationEnd","subtype":"render","operationId":"ktzs61ueby8pq0i","timestamp":1700560678797,"id":"9hq9hry4pxdbcod","previousEventId":"iiyzyce0737fc18","previousOperationId":"9i6thcx0wkz12gt"}
{"type":"operationEnd","doDiffs":false,"previousEventId":"wy0rkpasd6mm750","previousOperationId":"q1uqock3ugskspt","operationId":"q1uqock3ugskspt","timestamp":1700560678800,"id":"0tzem2a2barvwhx"}
